LOADING R
R LOADED
[1] "/home/lvanderl/Rlibs2"                         
[2] "/app/software/R/4.3.1-gfbf-2022b/lib/R/library"
[1] "/home/lvanderl/sieveSims"
[1] "gam 5 1"
[1] 0.09046119
[1] 0.09046119
[1] 0.09046119
25.367346938775512
0
[0.05110997]
1
[0.05087465]
2
[0.05563185]
3
[0.03830324]
4
[0.04152421]
5
[0.0582454]
6
[0.0469295]
7
[0.05547169]
8
[0.05273118]
9
[0.03291756]
10
[0.04391479]
11
[0.05803466]
12
[0.0659125]
13
[0.05893026]
14
[0.06052299]
15
[0.04147227]
16
[0.05410163]
17
[0.05285107]
18
[0.04826597]
19
[0.05726157]
20
[0.04565828]
21
[0.04984955]
22
[0.04947697]
23
[0.04277715]
24
[0.04819276]
25
[0.07014053]
26
[0.05518712]
27
[0.05364607]
28
[0.04982104]
29
[0.05591788]
30
[0.04663307]
31
[0.05666105]
32
[0.04870012]
33
[0.06342483]
34
[0.05054221]
35
[0.0432105]
36
[0.05792645]
37
[0.05813854]
38
[0.0576444]
39
[0.04807238]
40
[0.04015076]
41
[0.05298209]
42
[0.05684052]
43
[0.04469349]
44
[0.06509601]
45
[0.06191075]
46
[0.04839444]
47
[0.04978428]
48
[0.02499844]
49
[0.04439174]
50
[0.06667526]
51
[0.05721891]
52
[0.05923366]
53
[0.04494552]
54
[0.05621442]
55
[0.06173114]
56
[0.05953703]
57
[0.06106834]
58
[0.05483549]
59
[0.0544835]
60
[0.04764203]
61
[0.04458851]
62
[0.04400713]
63
[0.05495856]
64
[0.05471635]
65
[0.05269428]
66
[0.05917103]
67
[0.0463489]
68
[0.06471971]
69
[0.03229421]
70
[0.05287895]
71
[0.06682747]
72
[0.0583442]
73
[0.05170139]
74
[0.04399]
75
[0.06467467]
76
[0.0652366]
77
[0.0684146]
78
[0.04758876]
79
[0.04164657]
80
[0.0499536]
81
[0.04442245]
82
[0.046191]
83
[0.05614605]
84
[0.04507652]
85
[0.05936389]
86
[0.05765071]
87
[0.05662399]
88
[0.04701804]
89
[0.06459751]
90
[0.06163169]
91
[0.04725216]
92
[0.05841741]
93
[0.05431776]
94
[0.05539667]
95
[0.05652623]
96
[0.06542378]
97
[0.04989125]
98
[0.05836233]
99
[0.07478611]
100
[0.0510064]
101
[0.05436017]
102
[0.06067516]
103
[0.0579193]
104
[0.0452671]
105
[0.05230503]
106
[0.05902715]
107
[0.03439758]
108
[0.03208935]
109
[0.05862395]
110
[0.05485573]
111
[0.03660516]
112
[0.04581166]
113
[0.04837285]
114
[0.05527915]
115
[0.0483365]
116
[0.06223412]
117
[0.05401797]
118
[0.04395389]
119
[0.05196724]
120
[0.04572869]
121
[0.06171607]
122
[0.05127396]
123
[0.05717242]
124
[0.04990229]
125
[0.04776992]
126
[0.04556995]
127
[0.06999443]
128
[0.05041303]
129
[0.05262992]
130
[0.06655895]
131
[0.04619019]
132
[0.0680103]
133
[0.04224033]
134
[0.0621361]
135
[0.04785668]
136
[0.07204215]
137
[0.05995848]
138
[0.06113208]
139
[0.04844265]
140
[0.03991104]
141
[0.05770224]
142
[0.05275611]
143
[0.03755907]
144
[0.03694473]
145
[0.04051972]
146
[0.06111942]
147
[0.06832257]
148
[0.05841173]
149
[0.04918717]
150
[0.04533994]
151
[0.05024884]
152
[0.056943]
153
[0.05517083]
154
[0.05759609]
155
[0.0485278]
156
[0.05628074]
157
[0.04645174]
158
[0.06042647]
159
[0.05155995]
160
[0.04633118]
161
[0.05866145]
162
[0.05157596]
163
[0.05570519]
164
[0.05026237]
165
[0.05321539]
166
[0.07384523]
167
[0.04787654]
168
[0.04503491]
169
[0.05991165]
170
[0.05817055]
171
[0.06885736]
172
[0.065971]
173
[0.04823774]
174
[0.04465358]
175
[0.04886677]
176
[0.06263578]
177
[0.0469989]
178
[0.05303483]
179
[0.06249683]
180
[0.05722099]
181
[0.03026099]
182
[0.05041585]
183
[0.04992776]
184
[0.0458468]
185
[0.06470165]
186
[0.04791289]
187
[0.05791758]
188
[0.05259545]
189
[0.0598372]
190
[0.04557618]
191
[0.04696799]
192
[0.06358414]
193
[0.03927499]
194
[0.03810504]
195
[0.05109568]
196
[0.04485955]
197
[0.04132471]
198
[0.04393134]
199
[0.05974635]
200
[0.05704258]
201
[0.05365976]
202
[0.04618308]
203
[0.03846727]
204
[0.05414987]
205
[0.04036149]
206
[0.059388]
207
[0.05936181]
208
[0.04559937]
209
[0.0604079]
210
[0.056745]
211
[0.06176935]
212
[0.05622261]
213
[0.06535166]
214
[0.05204877]
215
[0.04505715]
216
[0.04364408]
217
[0.06651959]
218
[0.04384626]
219
[0.05939472]
220
[0.05340671]
221
[0.05041585]
222
[0.02750109]
223
[0.05516723]
224
[0.04286593]
225
[0.066247]
226
[0.06162236]
227
[0.05942102]
228
[0.05270465]
229
[0.06316719]
230
[0.06523455]
231
[0.04775065]
232
[0.04437121]
233
[0.0622911]
234
[0.02831113]
235
[0.03482145]
236
[0.04655893]
237
[0.04219248]
238
[0.04852919]
239
[0.05580517]
240
[0.04001188]
241
[0.06389835]
242
[0.05568389]
243
[0.0463762]
244
[0.05211346]
245
[0.06464205]
246
[0.05918912]
247
[0.06375963]
248
[0.05971308]
249
[0.0616013]
250
[0.04375917]
251
[0.06196038]
252
[0.05254341]
253
[0.05739238]
254
[0.05099356]
255
[0.04926583]
256
[0.06399844]
257
[0.04730232]
258
[0.05599655]
259
[0.05440269]
260
[0.05798227]
261
[0.04659551]
262
[0.05056771]
263
[0.05451236]
264
[0.0583423]
265
[0.05107543]
266
[0.06570892]
267
[0.06287448]
268
[0.06256351]
269
[0.03878765]
270
[0.05317746]
271
[0.05188097]
272
[0.05437996]
273
[0.05172025]
274
[0.049657]
275
[0.04823327]
276
[0.0684161]
277
[0.05846853]
278
[0.041436]
279
[0.06680498]
280
[0.04317509]
281
[0.06300055]
282
[0.05257477]
283
[0.05306738]
284
[0.06399162]
285
[0.05843606]
286
[0.06019755]
287
[0.05714401]
288
[0.04124417]
289
[0.0616167]
290
[0.06514138]
291
[0.043584]
292
[0.04874003]
293
[0.05752259]
294
[0.04414682]
295
[0.04857154]
296
[0.04984766]
297
[0.0642857]
298
[0.05949878]
299
[0.04706315]
300
[0.03404087]
301
[0.06620671]
302
[0.04006921]
303
[0.05950221]
304
[0.06182934]
305
[0.05736733]
306
[0.05087655]
307
[0.0564188]
308
[0.05548125]
309
[0.04941688]
310
[0.0443728]
311
[0.0575374]
312
[0.04466348]
313
[0.05317832]
314
[0.05083563]
315
[0.05437996]
316
[0.0521112]
317
[0.06087496]
318
[0.05940042]
319
[0.06290516]
320
[0.06824103]
321
[0.04830526]
322
[0.05778916]
323
[0.04105664]
324
[0.07156327]
325
[0.05381766]
326
[0.05565435]
327
[0.06628107]
328
[0.04210532]
329
[0.05575125]
330
[0.06506603]
331
[0.05855859]
332
[0.06504729]
333
[0.05522906]
334
[0.06024196]
335
[0.07166221]
336
[0.05168696]
337
[0.05448662]
338
[0.0538052]
339
[0.06562686]
340
[0.04822729]
341
[0.03771561]
342
[0.05865246]
343
[0.04965524]
344
[0.04182368]
345
[0.05530353]
346
[0.03633268]
347
[0.06007754]
348
[0.05982944]
349
[0.05158867]
350
[0.0562368]
351
[0.04839123]
352
[0.04596307]
353
[0.05140577]
354
[0.06400708]
355
[0.06254932]
356
[0.05337725]
357
[0.05527536]
358
[0.04964269]
359
[0.04932423]
360
[0.04514789]
361
[0.06663093]
362
[0.0552785]
363
[0.04490216]
364
[0.0559599]
365
[0.05934641]
366
[0.06068798]
367
[0.06099376]
368
[0.05420789]
369
[0.05664517]
370
[0.06380972]
371
[0.04991341]
372
[0.04691735]
373
[0.03970547]
374
[0.05964941]
375
[0.04411921]
376
[0.05143504]
377
[0.0621929]
378
[0.0539475]
379
[0.05983859]
380
[0.05383109]
381
[0.05206063]
382
[0.0489984]
383
[0.06204818]
384
[0.0663872]
385
[0.07103802]
386
[0.03736232]
387
[0.0735021]
388
[0.03299268]
389
[0.05562575]
390
[0.06266634]
391
[0.0691835]
392
[0.06566778]
393
[0.05893884]
394
[0.05666061]
395
[0.07181928]
396
[0.06688794]
397
[0.04513607]
398
[0.06401656]
399
[0.05070322]
400
[0.04626676]
401
[0.05331209]
402
[0.04937619]
403
[0.03166174]
404
[0.05365464]
405
[0.0610282]
406
[0.05245836]
407
[0.04879727]
408
[0.0573144]
409
[0.07216935]
410
[0.04768277]
411
[0.06634046]
412
[0.052863]
413
[0.04951692]
414
[0.04640504]
415
[0.05398549]
416
[0.05900219]
417
[0.05448216]
418
[0.03589622]
419
[0.04696871]
420
[0.04622841]
421
[0.06023127]
422
[0.03646102]
423
[0.06381684]
424
[0.03854195]
425
[0.05519453]
426
[0.0546044]
427
[0.06106717]
428
[0.05381366]
429
[0.06860196]
430
[0.04264107]
431
[0.03925876]
432
[0.05451704]
433
[0.0521057]
434
[0.05312799]
435
[0.0528383]
436
[0.05233694]
437
[0.06255174]
438
[0.06576867]
439
[0.05222595]
440
[0.06879148]
441
[0.04567672]
442
[0.04099041]
443
[0.04879708]
444
[0.04631809]
445
[0.05926726]
446
[0.06551069]
447
[0.04538071]
448
[0.04974621]
449
[0.06323136]
450
[0.05090691]
451
[0.05353887]
452
[0.05175748]
453
[0.04302875]
454
[0.05074135]
455
[0.0332105]
456
[0.0735723]
457
[0.05627964]
458
[0.04809936]
459
[0.05229984]
460
[0.05738814]
461
[0.05824449]
462
[0.06283371]
463
[0.07120767]
464
[0.05934854]
465
[0.06836027]
466
[0.06744822]
467
[0.04192133]
468
[0.0430047]
469
[0.04702283]
470
[0.05027999]
471
[0.03572187]
472
[0.05748979]
473
[0.0454493]
474
[0.0571905]
475
[0.06204668]
476
[0.06318668]
477
[0.04878563]
478
[0.05132694]
479
[0.06452133]
480
[0.05964743]
481
[0.05663599]
482
[0.06932722]
483
[0.05228336]
484
[0.05758326]
485
[0.06938526]
486
[0.04888516]
487
[0.0607586]
488
[0.06746243]
489
[0.06261661]
490
[0.05350435]
491
[0.04503133]
492
[0.05884856]
493
[0.04107811]
494
[0.07041811]
495
[0.04803844]
496
[0.04250632]
497
[0.03806325]
498
[0.05215101]
499
[1] 2500   11
[1] 2500   11
[0.07533982]
