LOADING R
R LOADED
[1] "/home/lvanderl/Rlibs2"                         
[2] "/app/software/R/4.3.1-gfbf-2022b/lib/R/library"
[1] "/home/lvanderl/sieveSims"
[1] "rf 1 3"
[1] 0.0503046
[1] 0.0503046
[1] 0.0503046
5.061224489795919
0
[0.16882282]
1
[0.16921543]
2
[0.20831292]
3
[0.1386045]
4
[0.18535452]
5
[0.20504968]
6
[0.21935614]
7
[0.2187149]
8
[0.18353208]
9
[0.13310255]
10
[0.2246892]
11
[0.07274163]
12
[0.15828131]
13
[0.08105144]
14
[0.17357679]
15
[0.11592435]
16
[0.18567394]
17
[0.06487735]
18
[0.14455866]
19
[0.14322046]
20
[0.12802867]
21
[0.07859317]
22
[0.11371915]
23
[0.21342875]
24
[0.18916332]
25
[0.19372603]
26
[0.21799443]
27
[0.13349878]
28
[0.18441648]
29
[0.18899055]
30
[0.16107877]
31
[0.2230733]
32
[0.11744971]
33
[0.23187907]
34
[0.23367787]
35
[0.18125992]
36
[0.21771074]
37
[0.06579722]
38
[0.18701352]
39
[0.11278024]
40
[0.22629453]
41
[0.20527248]
42
[0.20230781]
43
[0.18676375]
44
[0.21307254]
45
[0.109853]
46
[0.12157006]
47
[0.05896837]
48
[0.16649647]
49
[0.12002985]
50
[0.21523566]
51
[0.22612568]
52
[0.1497425]
53
[0.18040416]
54
[0.11767771]
55
[0.22601016]
56
[0.19451498]
57
[0.23010723]
58
[0.14377751]
59
[0.13762095]
60
[0.13994092]
61
[0.18594913]
62
[0.21153226]
63
[0.22976987]
64
[0.12761682]
65
[0.16611903]
66
[0.11558174]
67
[0.06589567]
68
[0.20051733]
69
[0.10358623]
70
[0.20340986]
71
[0.19554126]
72
[0.1801922]
73
[0.06767457]
74
[0.19737006]
75
[0.22746955]
76
[0.12831753]
77
[0.1941889]
78
[0.1469853]
79
[0.11931484]
80
[0.22895265]
81
[0.2349327]
82
[0.21776872]
83
[0.13619519]
84
[0.11753358]
85
[0.20535646]
86
[0.17655216]
87
[0.12124402]
88
[0.1708966]
89
[0.11229638]
90
[0.1532314]
91
[0.15161263]
92
[0.1449326]
93
[0.16853911]
94
[0.19357559]
95
[0.22776913]
96
[0.15471318]
97
[0.20300034]
98
[0.23107174]
99
[0.06839853]
100
[0.19266312]
101
[0.10775609]
102
[0.12965664]
103
[0.21829017]
104
[0.20984817]
105
[0.15702549]
106
[0.19208276]
107
[0.1823278]
108
[0.0926363]
109
[0.15523106]
110
[0.18398232]
111
[0.17743615]
112
[0.15906415]
113
[0.19169756]
114
[0.22371089]
115
[0.20138666]
116
[0.10767253]
117
[0.08025067]
118
[0.22813993]
119
[0.16847316]
120
[0.19324039]
121
[0.11169716]
122
[0.13083452]
123
[0.07342982]
124
[0.17678207]
125
[0.19072392]
126
[0.08902661]
127
[0.06322178]
128
[0.13543091]
129
[0.17057231]
130
[0.22170979]
131
[0.09213833]
132
[0.16523552]
133
[0.23262981]
134
[0.22634328]
135
[0.22694887]
136
[0.10763585]
137
[0.17504905]
138
[0.20979788]
139
[0.11188148]
140
[0.22163536]
141
[0.12407188]
142
[0.21084126]
143
[0.19008115]
144
[0.10266896]
145
[0.13031946]
146
[0.20505624]
147
[0.09126431]
148
[0.16651468]
149
[0.07400477]
150
[0.12943388]
151
[0.21207882]
152
[0.22740938]
153
[0.13540961]
154
[0.21291868]
155
[0.21703998]
156
[0.14366429]
157
[0.16761757]
158
[0.07938232]
159
[0.18700594]
160
[0.09757194]
161
[0.20969648]
162
[0.13405868]
163
[0.23204619]
164
[0.23241043]
165
[0.07221732]
166
[0.13539446]
167
[0.20109583]
168
[0.15794316]
169
[0.14256737]
170
[0.21448119]
171
[0.11494031]
172
[0.14141591]
173
[0.23057962]
174
[0.22187475]
175
[0.14686737]
176
[0.09902949]
177
[0.10313059]
178
[0.17436016]
179
[0.200177]
180
[0.20369435]
181
[0.19869991]
182
[0.17102539]
183
[0.13144941]
184
[0.18326884]
185
[0.0811667]
186
[0.10497812]
187
[0.22441037]
188
[0.11026284]
189
[0.16705396]
190
[0.08574395]
191
[0.15023361]
192
[0.05924773]
193
[0.18379697]
194
[0.12087238]
195
[0.13137899]
196
[0.20907867]
197
[0.20204065]
198
[0.07261627]
199
[0.06397203]
200
[0.1172049]
201
[0.0731696]
202
[0.23126832]
203
[0.16440458]
204
[0.17773009]
205
[0.23294421]
206
[0.23201952]
207
[0.13978388]
208
[0.17043926]
209
[0.15243525]
210
[0.22866552]
211
[0.20322812]
212
[0.07425014]
213
[0.2194831]
214
[0.07152004]
215
[0.21503431]
216
[0.15722615]
217
[0.18342709]
218
[0.15654809]
219
[0.14586128]
220
[0.11626735]
221
[0.19020181]
222
[0.21607898]
223
[0.0961834]
224
[0.08607847]
225
[0.13059834]
226
[0.05705182]
227
[0.23064084]
228
[0.16486731]
229
[0.05936049]
230
[0.22901492]
231
[0.1312638]
232
[0.17578032]
233
[0.11257172]
234
[0.18061779]
235
[0.14363269]
236
[0.08038251]
237
[0.1951412]
238
[0.0757551]
239
[0.21940283]
240
[0.08704153]
241
[0.16116621]
242
[0.1861914]
243
[0.13778801]
244
[0.23276704]
245
[0.19401303]
246
[0.19252338]
247
[0.22664539]
248
[0.19671348]
249
[0.09210611]
250
[0.10667371]
251
[0.18014568]
252
[0.23161282]
253
[0.07513715]
254
[0.20894383]
255
[0.22870205]
256
[0.2350663]
257
[0.05615943]
258
[0.23404014]
259
[0.21284101]
260
[0.22880715]
261
[0.19131622]
262
[0.23368707]
263
[0.20049001]
264
[0.08229704]
265
[0.22180622]
266
[0.18992457]
267
[0.19021871]
268
[0.18950785]
269
[0.19290724]
270
[0.21177934]
271
[0.14015942]
272
[0.16724814]
273
[0.09558814]
274
[0.15373445]
275
[0.2229311]
276
[0.17381625]
277
[0.17435291]
278
[0.11821613]
279
[0.20374363]
280
[0.1591325]
281
[0.10523303]
282
[0.18135029]
283
[0.14896245]
284
[0.17226474]
285
[0.12800677]
286
[0.15854587]
287
[0.17680225]
288
[0.1584293]
289
[0.22295746]
290
[0.20550639]
291
[0.21855202]
292
[0.1618377]
293
[0.21993091]
294
[0.14694624]
295
[0.19332845]
296
[0.07677763]
297
[0.13724662]
298
[0.23268087]
299
[0.21707694]
300
[0.12402302]
301
[0.15170715]
302
[0.21607578]
303
[0.14769504]
304
[0.21511147]
305
[0.2114732]
306
[0.1638766]
307
[0.13395755]
308
[0.17264856]
309
[0.13454222]
310
[0.07960435]
311
[0.21583045]
312
[0.2168194]
313
[0.17558933]
314
[0.08032077]
315
[0.15957289]
316
[0.1766604]
317
[0.18520889]
318
[0.21652931]
319
[0.22801937]
320
[0.08279884]
321
[0.07542089]
322
[0.15461526]
323
[0.2093731]
324
[0.13935394]
325
[0.21845707]
326
[0.17997021]
327
[0.16091514]
328
[0.07174174]
329
[0.18390002]
330
[0.22961366]
331
[0.20699741]
332
[0.07782615]
333
[0.20725151]
334
[0.07192874]
335
[0.22612011]
336
[0.22479699]
337
[0.22699997]
338
[0.21807079]
339
[0.10059506]
340
[0.18960288]
341
[0.20515182]
342
[0.15388356]
343
[0.23261824]
344
[0.21645113]
345
[0.14681351]
346
[0.18032406]
347
[0.18185587]
348
[0.16897131]
349
[0.13846392]
350
[0.20595749]
351
[0.1425749]
352
[0.11974276]
353
[0.09750627]
354
[0.21494041]
355
[0.23194469]
356
[0.06025686]
357
[0.23309367]
358
[0.12089205]
359
[0.10625787]
360
[0.23307155]
361
[0.15267906]
362
[0.12197208]
363
[0.16079397]
364
[0.18585798]
365
[0.07398934]
366
[0.07081226]
367
[0.10699565]
368
[0.09361089]
369
[0.21199374]
370
[0.23271194]
371
[0.17318204]
372
[0.11492501]
373
[0.20614547]
374
[0.19559117]
375
[0.23466254]
376
[0.22825283]
377
[0.17140834]
378
[0.13458249]
379
[0.10173984]
380
[0.12788216]
381
[0.16425544]
382
[0.20304709]
383
[0.2033182]
384
[0.19139329]
385
[0.19215263]
386
[0.20782523]
387
[0.20206965]
388
[0.2279845]
389
[0.1597086]
390
[0.0862803]
391
[0.19489893]
392
[0.11825053]
393
[0.08364658]
394
[0.08263045]
395
[0.09062542]
396
[0.15211045]
397
[0.08911369]
398
[0.11626626]
399
[0.10420662]
400
[0.16595422]
401
[0.07648154]
402
[0.22803671]
403
[0.13904288]
404
[0.15987764]
405
[0.08337949]
406
[0.15612733]
407
[0.09042132]
408
[0.21059352]
409
[0.0783864]
410
[0.11969577]
411
[0.21466504]
412
[0.22242334]
413
[0.1532441]
414
[0.16629372]
415
[0.21048726]
416
[0.06304483]
417
[0.16577077]
418
[0.07347092]
419
[0.20103739]
420
[0.11132577]
421
[0.21027103]
422
[0.2103302]
423
[0.21428702]
424
[0.06489609]
425
[0.19451175]
426
[0.06411364]
427
[0.21413947]
428
[0.211218]
429
[0.21992851]
430
[0.19919518]
431
[0.1840855]
432
[0.19408731]
433
[0.07227513]
434
[0.21249776]
435
[0.07286931]
436
[0.22763679]
437
[0.22746665]
438
[0.05895538]
439
[0.21968154]
440
[0.11654289]
441
[0.20508465]
442
[0.18073283]
443
[0.21604521]
444
[0.05794562]
445
[0.16552733]
446
[0.12383036]
447
[0.10716345]
448
[0.22999076]
449
[0.10679058]
450
[0.23475501]
451
[0.2294452]
452
[0.10397757]
453
[0.05744195]
454
[0.12082994]
455
[0.0863026]
456
[0.16260244]
457
[0.15224599]
458
[0.18673973]
459
[0.19977486]
460
[0.21947125]
461
[0.19231567]
462
[0.11864683]
463
[0.16856008]
464
[0.18135012]
465
[0.07016637]
466
[0.20446546]
467
[0.20614204]
468
[0.18898774]
469
[0.16142372]
470
[0.17731587]
471
[0.17257621]
472
[0.19500101]
473
[0.12604086]
474
[0.13820942]
475
[0.19179731]
476
[0.05863117]
477
[0.12013084]
478
[0.13208523]
479
[0.16391466]
480
[0.19182903]
481
[0.14457776]
482
[0.20444435]
483
[0.19524197]
484
[0.22578139]
485
[0.17593548]
486
[0.06498215]
487
[0.0782192]
488
[0.20053128]
489
[0.18426072]
490
[0.23095325]
491
[0.12588186]
492
[0.21482573]
493
[0.07060773]
494
[0.18691541]
495
[0.19996989]
496
[0.1666429]
497
[0.16614484]
498
[0.20833285]
499
[0.21201341]
500
[0.13619007]
501
[0.06649165]
502
[0.1293258]
503
[0.17142833]
504
[0.22130437]
505
[0.12198634]
506
[0.19406992]
507
[0.19409094]
508
[0.12534814]
509
[0.18882667]
510
[0.17690917]
511
[0.18607389]
512
[0.10442529]
513
[0.18852741]
514
[0.22795746]
515
[0.2202675]
516
[0.15498389]
517
[0.18205173]
518
[0.23094228]
519
[0.20269438]
520
[0.06095512]
521
[0.2079174]
522
[0.0841777]
523
[0.21080386]
524
[0.17133099]
525
[0.22481487]
526
[0.21317439]
527
[0.2006051]
528
[0.18470686]
529
[0.11135125]
530
[0.10886378]
531
[0.18527775]
532
[0.11623203]
533
[0.16987856]
534
[0.17536122]
535
[0.16144562]
536
[0.23049787]
537
[0.20834377]
538
[0.11918665]
539
[0.14518484]
540
[0.19941848]
541
[0.22524243]
542
[0.21386727]
543
[0.08894957]
544
[0.15850712]
545
[0.1812732]
546
[0.18460258]
547
[0.19948932]
548
[0.18002882]
549
[0.15447265]
550
[0.11954057]
551
[0.13100375]
552
[0.07995698]
553
[0.11969923]
554
[0.07324015]
555
[0.15792354]
556
[0.16846735]
557
[0.16308674]
558
[0.12329171]
559
[0.20504523]
560
[0.06746973]
561
[0.21491251]
562
[0.06165503]
563
[0.08688435]
564
[0.2275738]
565
[0.22743028]
566
[0.13139922]
567
[0.11373962]
568
[0.19466433]
569
[0.15469298]
570
[0.14936431]
571
[0.20803792]
572
[0.10929556]
573
[0.22086423]
574
[0.20234212]
575
[0.12996587]
576
[0.2165663]
577
[0.18836896]
578
[0.23197241]
579
[0.22529836]
580
[0.09228493]
581
[0.23071924]
582
[0.22486164]
583
[0.15295023]
584
[0.20838843]
585
[0.08059388]
586
[0.21276492]
587
[0.16964177]
588
[0.18822192]
589
[0.2129673]
590
[0.0918581]
591
[0.08906751]
592
[0.13302049]
593
[0.2207233]
594
[0.19458541]
595
[0.14503904]
596
[0.22446574]
597
[0.168651]
598
[0.15006734]
599
[0.14678094]
600
[0.13680427]
601
[0.18892335]
602
[0.16183173]
603
[0.16873963]
604
[0.21655028]
605
[0.1241723]
606
[0.22053831]
607
[0.19465639]
608
[0.22603979]
609
[0.22459001]
610
[0.1806997]
611
[0.15678021]
612
[0.09116774]
613
[0.22163965]
614
[0.23014876]
615
[0.15708838]
616
[0.22497793]
617
[0.22442746]
618
[0.17593292]
619
[0.11181333]
620
[0.20915316]
621
[0.20624949]
622
[0.14210291]
623
[0.18266845]
624
[0.15899432]
625
[0.18356467]
626
[0.17869588]
627
[0.07287216]
628
[0.20389369]
629
[0.20906343]
630
[0.2072608]
631
[0.16108006]
632
[0.19264328]
633
[0.18831671]
634
[0.1253173]
635
[0.18565551]
636
[0.09773286]
637
[0.09617714]
638
[0.07457508]
639
[0.1749043]
640
[0.23169645]
641
[0.16035873]
642
[0.14027198]
643
[0.19600839]
644
[0.2019634]
645
[0.13187939]
646
[0.19755463]
647
[0.20801793]
648
[0.13505371]
649
[0.06743461]
650
[0.14966252]
651
[0.06591473]
652
[0.22157182]
653
[0.18069551]
654
[0.21081198]
655
[0.1734729]
656
[0.1841584]
657
[0.15514918]
658
[0.08255503]
659
[0.13354602]
660
[0.18348008]
661
[0.18796926]
662
[0.19369902]
663
[0.07971669]
664
[0.16043071]
665
[0.20054359]
666
[0.21716381]
667
[0.20782345]
668
[0.23004006]
669
[0.20723205]
670
[0.06728838]
671
[0.21190809]
672
[0.1402495]
673
[0.22403892]
674
[0.16356891]
675
[0.19884538]
676
[0.1137579]
677
[0.22834759]
678
[0.14194279]
679
[0.06298521]
680
[0.11139175]
681
[0.18374838]
682
[0.20285158]
683
[0.20856167]
684
[0.17217109]
685
[0.19828257]
686
[0.09873966]
687
[0.21681524]
688
[0.11262125]
689
[0.1950585]
690
[0.06763038]
691
[0.14222938]
692
[0.1898961]
693
[0.16063216]
694
[0.21383189]
695
[0.15103966]
696
[0.08674751]
697
[0.19440479]
698
[0.13416856]
699
[0.21045104]
700
[0.22771575]
701
[0.10084786]
702
[0.15835728]
703
[0.09470584]
704
[0.22279509]
705
[0.13371057]
706
[0.11461011]
707
[0.23276328]
708
[0.2186781]
709
[0.11703263]
710
[0.22773379]
711
[0.11005256]
712
[0.13513036]
713
[0.23004806]
714
[0.21437057]
715
[0.21186791]
716
[0.16700136]
717
[0.22742471]
718
[0.08318141]
719
[0.0570963]
720
[0.11292248]
721
[0.1557436]
722
[0.22012047]
723
[0.16952447]
724
[0.22042263]
725
[0.1962679]
726
[0.23508924]
727
[0.1694814]
728
[0.14192211]
729
[0.22947678]
730
[0.09181278]
731
[0.18005416]
732
[0.21485296]
733
[0.19371582]
734
[0.14554127]
735
[0.19821518]
736
[0.19233812]
737
[0.11782913]
738
[0.22239174]
739
[0.11862495]
740
[0.12648541]
741
[0.21746089]
742
[0.20483607]
743
[0.17097249]
744
[0.18651374]
745
[0.06522421]
746
[0.14567139]
747
[0.20164639]
748
[0.20600155]
749
[0.16827199]
750
[0.19262512]
751
[0.17504763]
752
[0.05971164]
753
[0.23234266]
754
[0.12509734]
755
[0.13364776]
756
[0.21393409]
757
[0.1837097]
758
[0.21043551]
759
[0.17868964]
760
[0.17609785]
761
[0.06162738]
762
[0.22412382]
763
[0.09805423]
764
[0.10802145]
765
[0.19032238]
766
[0.16332661]
767
[0.12057476]
768
[0.05699561]
769
[0.06201755]
770
[0.20966218]
771
[0.16599621]
772
[0.08463691]
773
[0.18330346]
774
[0.23117548]
775
[0.20854557]
776
[0.12864798]
777
[0.0854979]
778
[0.07975487]
779
[0.06140588]
780
[0.13336172]
781
[0.06303689]
782
[0.1936928]
783
[0.19232461]
784
[0.19263957]
785
[0.08780305]
786
[0.14038083]
787
[0.13048961]
788
[0.14268975]
789
[0.22874028]
790
[0.20275877]
791
[0.13202756]
792
[0.20412659]
793
[0.22442857]
794
[0.18039211]
795
[0.19077714]
796
[0.20464364]
797
[0.13448585]
798
[0.18772344]
799
[0.17022518]
800
[0.21756746]
801
[0.22125876]
802
[0.09023539]
803
[0.17500665]
804
[0.2073983]
805
[0.18507681]
806
[0.19521926]
807
[0.0780992]
808
[0.07913884]
809
[0.21410695]
810
[0.21405666]
811
[0.19872509]
812
[0.144719]
813
[0.20453725]
814
[0.14077619]
815
[0.14302373]
816
[0.20498635]
817
[0.21926043]
818
[0.21488204]
819
[0.18559151]
820
[0.09469198]
821
[0.14055092]
822
[0.21080732]
823
[0.22842186]
824
[0.07218122]
825
[0.2247866]
826
[0.12156506]
827
[0.19653513]
828
[0.09481928]
829
[0.13464247]
830
[0.23457826]
831
[0.22069909]
832
[0.19444768]
833
[0.19267423]
834
[0.22517392]
835
[0.21895003]
836
[0.16059493]
837
[0.16509671]
838
[0.14008357]
839
[0.07720746]
840
[0.15986078]
841
[0.15132224]
842
[0.1107276]
843
[0.16444293]
844
[0.18395149]
845
[0.22873685]
846
[0.1638108]
847
[0.17106755]
848
[0.13180879]
849
[0.16934109]
850
[0.19902933]
851
[0.15321452]
852
[0.12273926]
853
[0.20377066]
854
[0.15327098]
855
[0.09662207]
856
[0.22697742]
857
[0.06703596]
858
[0.13205476]
859
[0.19822468]
860
[0.05832909]
861
[0.22990907]
862
[0.14976315]
863
[0.19490169]
864
[0.1314921]
865
[0.19053168]
866
[0.20137529]
867
[0.10953421]
868
[0.06188233]
869
[0.14086705]
870
[0.09426909]
871
[0.09053767]
872
[0.09468145]
873
[0.07259378]
874
[0.16400664]
875
[0.17794112]
876
[0.15387187]
877
[0.17354162]
878
[0.06481094]
879
[0.1469228]
880
[0.09743907]
881
[0.20916135]
882
[0.21003558]
883
[0.17863075]
884
[0.14623192]
885
[0.16019726]
886
[0.20683446]
887
[0.17436415]
888
[0.14954365]
889
[0.21681462]
890
[0.18944165]
891
[0.09054189]
892
[0.22779086]
893
[0.20599806]
894
[0.14418326]
895
[0.19194731]
896
[0.19504197]
897
[0.13148757]
898
[0.1388254]
899
[0.15406719]
900
[0.16929808]
901
[0.14795129]
902
[0.08826866]
903
[0.1046854]
904
[0.13778169]
905
[0.19946431]
906
[0.18493331]
907
[0.12947867]
908
[0.18900228]
909
[0.14355192]
910
[0.15590195]
911
[0.21757419]
912
[0.14885855]
913
[0.16401586]
914
[0.13985169]
915
[0.06136693]
916
[0.09395491]
917
[0.15138256]
918
[0.11720039]
919
[0.12651232]
920
[0.09931235]
921
[0.1018658]
922
[0.19668428]
923
[0.11449666]
924
[0.08798109]
925
[0.12547779]
926
[0.19772884]
927
[0.09261344]
928
[0.21273554]
929
[0.13942824]
930
[0.19637222]
931
[0.20525127]
932
[0.07511822]
933
[0.13507149]
934
[0.10174139]
935
[0.18844821]
936
[0.22249807]
937
[0.21778772]
938
[0.13566694]
939
[0.12054615]
940
[0.16599633]
941
[0.18848716]
942
[0.08709287]
943
[0.16620482]
944
[0.08609628]
945
[0.11828795]
946
[0.06350985]
947
[0.19491298]
948
[0.07567977]
949
[0.21083734]
950
[0.16775217]
951
[0.19078411]
952
[0.20001903]
953
[0.077604]
954
[0.18507395]
955
[0.19325818]
956
[0.17142141]
957
[0.1435381]
958
[0.19375438]
959
[0.11435582]
960
[0.18862708]
961
[0.14228705]
962
[0.21541234]
963
[0.19001684]
964
[0.22117634]
965
[0.18327721]
966
[0.2181621]
967
[0.15992699]
968
[0.13774958]
969
[0.08708321]
970
[0.12834731]
971
[0.17638021]
972
[0.16791431]
973
[0.07576058]
974
[0.17996701]
975
[0.20903101]
976
[0.0701971]
977
[0.16943457]
978
[0.20940049]
979
[0.07605204]
980
[0.11354667]
981
[0.13867135]
982
[0.12893951]
983
[0.08118277]
984
[0.16490587]
985
[0.17791681]
986
[0.19295237]
987
[0.21385886]
988
[0.09351419]
989
[0.17885995]
990
[0.20533778]
991
[0.08347634]
992
[0.06461117]
993
[0.1936174]
994
[0.10922522]
995
[0.19240357]
996
[0.21949112]
997
[0.14115052]
998
[0.21611437]
999
[0.13547842]
[1] 5000   11
[1] 5000   11
