LOADING R
R LOADED
[1] "/home/lvanderl/Rlibs2"                         
[2] "/app/software/R/4.3.1-gfbf-2022b/lib/R/library"
[1] "/home/lvanderl/sieveSims"
[1] "gam 2 3"
[1] 0.1245458
[1] 0.1245458
[1] 0.1245458
21.306122448979593
0
[0.09549618]
1
[0.08190218]
2
[0.10472327]
3
[0.09714024]
4
[0.11395601]
5
[0.07666561]
6
[0.08961868]
7
[0.11821751]
8
[0.11637715]
9
[0.12056861]
10
[0.13404864]
11
[0.10436157]
12
[0.12414695]
13
The solver didn't work
14
[0.06923781]
15
The solver didn't work
16
[0.09255928]
17
[0.13523497]
18
[0.11306005]
19
[0.1092856]
20
[0.12414172]
21
The solver didn't work
22
[0.12537356]
23
The solver didn't work
24
[0.10210997]
25
[0.11934903]
26
[0.07244448]
27
The solver didn't work
28
[0.12836405]
29
[0.09709877]
30
[0.12041209]
31
[0.10042162]
32
[0.12923909]
33
[0.08456789]
34
[0.10994141]
35
The solver didn't work
36
[0.12961141]
37
The solver didn't work
38
The solver didn't work
39
[0.13132167]
40
[0.11880488]
41
[0.12428338]
42
[0.12136666]
43
[0.12689254]
44
[0.07408523]
45
[0.09008105]
46
[0.13633637]
47
[0.10995066]
48
[0.07617016]
49
[0.10930881]
50
[0.115558]
51
[0.08688247]
52
[0.07019852]
53
[0.09056694]
54
[0.1256588]
55
[0.06988222]
56
[0.12992241]
57
[0.08990997]
58
[0.1199298]
59
[0.0804686]
60
[0.13344731]
61
[0.09723345]
62
[0.07912928]
63
[0.11642469]
64
[0.07835256]
65
[0.07564505]
66
[0.11442226]
67
[0.12101731]
68
[0.08561063]
69
[0.0748435]
70
[0.13454585]
71
[0.08869884]
72
[0.08825924]
73
[0.07728474]
74
[0.13090929]
75
[0.08532115]
76
[0.06904195]
77
[0.11476415]
78
[0.07274752]
79
[0.08081475]
80
[0.12849354]
81
[0.0889384]
82
[0.10237749]
83
[0.10186578]
84
[0.07175553]
85
[0.08642066]
86
[0.11377914]
87
[0.12183619]
88
[0.11992276]
89
[0.11525072]
90
[0.1286288]
91
[0.07906295]
92
[0.06079064]
93
[0.10540456]
94
[0.13178726]
95
[0.08069377]
96
The solver didn't work
97
[0.07341639]
98
[0.12355383]
99
[0.12866294]
100
[0.12962892]
101
[0.09332536]
102
[0.09491573]
103
[0.11738093]
104
[0.13585002]
105
[0.06790842]
106
[0.13580242]
107
[0.07076293]
108
[0.04787219]
109
[0.11793162]
110
[0.09481294]
111
[0.10251006]
112
[0.07718021]
113
[0.11219362]
114
[0.06510896]
115
[0.10006181]
116
[0.08200797]
117
[0.05713419]
118
[0.06659827]
119
[0.10011863]
120
[0.1240319]
121
[0.12324153]
122
[0.10481866]
123
[0.11903964]
124
[0.11752063]
125
[0.09216581]
126
[0.0924052]
127
[0.12479923]
128
The solver didn't work
129
[0.07248543]
130
[0.1219305]
131
[0.12069128]
132
[0.08541525]
133
[0.07604298]
134
[0.11996025]
135
[0.11772932]
136
[0.13546405]
137
[0.08121384]
138
The solver didn't work
139
[0.13210064]
140
[0.09460257]
141
[0.12888681]
142
[0.12871257]
143
[0.12644336]
144
[0.1267876]
145
[0.0910052]
146
[0.08679866]
147
[0.07241964]
148
[0.10331875]
149
[0.11347575]
150
[0.08937757]
151
[0.1276839]
152
[0.08231079]
153
The solver didn't work
154
[0.10377446]
155
The solver didn't work
156
[0.07032157]
157
[0.06927316]
158
[0.11860419]
159
[0.11178583]
160
[0.12508975]
161
[0.12438958]
162
[0.1316128]
163
[0.13172686]
164
[0.08004055]
165
[0.08838839]
166
[0.07968613]
167
[0.1163051]
168
[0.13198707]
169
The solver didn't work
170
[0.1284271]
171
[0.12406667]
172
[0.10666762]
173
[0.11637176]
174
[0.07305463]
175
[0.0758637]
176
[0.08006693]
177
[0.09178706]
178
[0.11351001]
179
[0.08411476]
180
[0.08044513]
181
[0.11626475]
182
[0.11846079]
183
[0.12748439]
184
[0.08388431]
185
[0.07059585]
186
[0.11368912]
187
[0.08757134]
188
[0.12645648]
189
The solver didn't work
190
The solver didn't work
191
[0.11953049]
192
[0.07746676]
193
[0.07683684]
194
[0.1110967]
195
The solver didn't work
196
[0.11380296]
197
[0.13567842]
198
[0.10232907]
199
[0.09796435]
200
The solver didn't work
201
[0.10024864]
202
[0.09790905]
203
The solver didn't work
204
[0.13605922]
205
[0.12261823]
206
[0.09177358]
207
[0.10318894]
208
The solver didn't work
209
The solver didn't work
210
[0.11792884]
211
[0.06541778]
212
[0.12775147]
213
[0.1301743]
214
[0.10370302]
215
The solver didn't work
216
[0.07115069]
217
[0.1023973]
218
[0.11412962]
219
[0.0718609]
220
[0.11478013]
221
[0.06961535]
222
[0.09090768]
223
[0.06081857]
224
[0.07682187]
225
[0.12307195]
226
[0.10992344]
227
[0.12634077]
228
[0.09715416]
229
The solver didn't work
230
[0.0756028]
231
[0.08598273]
232
[0.07480656]
233
[0.11629124]
234
[0.11336109]
235
[0.09188133]
236
[0.12945897]
237
[0.10218967]
238
[0.12946874]
239
[0.12118429]
240
[0.13309853]
241
[0.11307834]
242
[0.11028318]
243
[0.07699218]
244
[0.12487249]
245
[0.12857788]
246
[0.12716203]
247
[0.10342717]
248
[0.05467794]
249
[0.12232055]
250
[0.11634335]
251
[0.13559932]
252
[0.1301702]
253
[0.0800776]
254
[0.12705101]
255
[0.0880552]
256
[0.11435424]
257
[0.08845142]
258
[0.12795056]
259
[0.09483802]
260
[0.11617127]
261
[0.12882832]
262
[0.12602727]
263
The solver didn't work
264
The solver didn't work
265
[0.12893775]
266
The solver didn't work
267
[0.13179686]
268
[0.12335101]
269
[0.10254379]
270
[0.10940377]
271
[0.13394873]
272
[0.09546135]
273
[0.12630149]
274
[0.09847805]
275
The solver didn't work
276
[0.12318944]
277
[0.09482843]
278
[0.07303808]
279
[0.09764246]
280
[0.1314427]
281
[0.09119948]
282
The solver didn't work
283
[0.08151727]
284
[0.07412448]
285
The solver didn't work
286
[0.11788252]
287
[0.11431064]
288
[0.07760377]
289
[0.11591761]
290
[0.12218307]
291
[0.05897638]
292
[0.11631782]
293
[0.0760602]
294
[0.12347486]
295
[0.10518768]
296
[0.12345889]
297
[0.11600849]
298
[0.10803337]
299
[0.0673532]
300
[0.11802828]
301
[0.08708776]
302
[0.10887957]
303
[0.12379258]
304
[0.07129094]
305
[0.129827]
306
[0.07251665]
307
[0.13009469]
308
[0.11098136]
309
[0.1170967]
310
[0.08426982]
311
[0.11301567]
312
[0.11664617]
313
[0.13022612]
314
[0.12819012]
315
[0.13229289]
316
[0.11290364]
317
[0.06497559]
318
[0.12582662]
319
[0.11403166]
320
[0.1159003]
321
[0.08054879]
322
[0.07263946]
323
[0.07669072]
324
[0.12513861]
325
[0.12366419]
326
[0.12195097]
327
The solver didn't work
328
[0.11080955]
329
[0.06758325]
330
[0.12254551]
331
[0.13652903]
332
[0.07262519]
333
[0.12528897]
334
[0.09767247]
335
[0.13459557]
336
[0.09278951]
337
[0.12930172]
338
[0.123685]
339
The solver didn't work
340
[0.10946242]
341
[0.0770062]
342
[0.13520674]
343
[0.12682346]
344
[0.13327403]
345
[0.04608105]
346
[0.13072396]
347
[0.07818676]
348
[0.09550358]
349
[0.11101196]
350
[0.11007557]
351
[0.12156101]
352
The solver didn't work
353
[0.10723869]
354
[0.09863537]
355
[0.07514289]
356
[0.10317229]
357
[0.07069653]
358
[0.07299001]
359
[0.11282591]
360
[0.09961102]
361
[0.11838133]
362
[0.12015579]
363
[0.1047871]
364
[0.12038271]
365
[0.10961213]
366
[0.08646518]
367
The solver didn't work
368
[0.09015042]
369
[0.11315041]
370
[0.09777331]
371
[0.08357624]
372
[0.08056589]
373
[0.13255342]
374
[0.08600488]
375
[0.07935971]
376
[0.0737139]
377
[0.11949452]
378
[0.11369243]
379
[0.07287281]
380
[0.06510296]
381
[0.11009872]
382
[0.06820455]
383
[0.12904207]
384
The solver didn't work
385
[0.1007925]
386
The solver didn't work
387
[0.08129116]
388
[0.07451772]
389
The solver didn't work
390
[0.10674757]
391
[0.13090631]
392
[0.11104912]
393
[0.11635637]
394
[0.08168261]
395
[0.11881514]
396
[0.09157964]
397
[0.11239989]
398
The solver didn't work
399
[0.07549879]
400
[0.09709433]
401
[0.08161325]
402
[0.09469564]
403
[0.0824837]
404
[0.13099356]
405
[0.07755536]
406
[0.07536128]
407
[0.11449842]
408
[0.12301912]
409
[0.08638826]
410
[0.07413303]
411
