LOADING R
R LOADED
[1] "/home/lvanderl/Rlibs2"                         
[2] "/app/software/R/4.3.1-gfbf-2022b/lib/R/library"
[1] "/home/lvanderl/sieveSims"
[1] "gam 5 1"
[1] "histogram binning"
[1] 0.1814005
[1] 0.1814005
[1] "mondrian"
[1] "iso"
[1] 0.1814005
[1] "conditional"
[   10.            11.51395399    13.25711366    15.26417967
    17.57510625    20.23589648    23.29951811    26.82695795
    30.88843596    35.56480306    40.94915062    47.14866363
    54.28675439    62.50551925    71.9685673     82.86427729
    95.40954763   109.8541142    126.48552169   145.63484775
   167.68329368   193.06977289   222.29964825   255.95479227
   294.70517026   339.32217719   390.69399371   449.8432669
   517.94746792   596.36233166   686.648845     790.60432109
   910.29817799  1048.11313415  1206.79264064  1389.49549437
  1599.85871961  1842.06996933  2120.95088792  2442.05309455
  2811.76869797  3237.45754282  3727.59372031  4291.93426013
  4941.71336132  5689.86602902  6551.2855686   7543.12006335
  8685.11373751 10000.        ]
[0.07384096 0.07034759 0.06807825 0.06451855 0.06425746 0.07004665
 0.06443999 0.06853937 0.06875525 0.06958701 0.0688696  0.06622071
 0.07315505 0.07837046 0.08035492 0.08228004 0.09917679 0.1012586
 0.10671354 0.10597318 0.10801689 0.13373977 0.15043094 0.16869549
 0.14829616 0.19930263 0.19618891 0.22551625 0.27142877 0.26291547
 0.34159997 0.30742959 0.38424366 0.45459222 0.52107638 0.60568413
 0.56698699 0.70698679 0.81648971 0.92174545 1.08866887 1.11959191
 1.58027645 1.59585159 1.96180181 1.8309506  2.58939168 2.59752555
 2.49383502 2.88641861]
17.57510624854792
0.05689866029018296
0
[0.07646741]
1
[0.09554038]
2
[0.01649637]
3
[0.1357923]
4
[0.08081127]
5
[0.06236293]
6
[0.11611254]
7
[0.08885769]
8
[0.09018976]
9
[0.05923262]
10
[0.09361351]
11
[0.08691238]
12
[0.07785247]
13
[0.08050918]
14
[0.05523139]
15
[0.06728865]
16
[0.1565665]
17
[0.07512271]
18
[0.11746717]
19
[0.13285277]
20
[0.04960462]
21
[0.07619996]
22
[0.10903203]
23
[0.06407526]
24
[0.09145035]
25
[0.05427471]
26
[0.09190303]
27
[0.11667269]
28
[0.10360027]
29
[0.07461623]
30
[0.06627854]
31
[0.12724359]
32
[0.07891912]
33
[0.06752803]
34
[0.0980137]
35
[0.07483582]
36
[0.11236718]
37
[0.07283425]
38
[0.12718066]
39
[0.0681684]
40
[0.07620042]
41
[0.04206783]
42
[0.05273978]
43
[0.07721312]
44
[0.05343656]
45
[0.05078287]
46
[0.09269953]
47
[0.07523235]
48
[0.05522108]
49
[0.10926647]
50
[0.11560561]
51
[0.07704281]
52
[0.10352047]
53
[0.06402439]
54
[0.09572799]
55
[0.13109272]
56
[0.08683624]
57
[0.10182041]
58
[0.07251557]
59
[0.03520285]
60
[0.05508119]
61
[0.0676147]
62
[0.06948774]
63
[0.0812691]
64
[0.09366721]
65
[0.05201278]
66
[0.11668567]
67
[0.088201]
68
[0.06655341]
69
[0.09505801]
70
[0.10911106]
71
[0.09416345]
72
[0.05554746]
73
[0.0726565]
74
[0.05220706]
75
[0.02495424]
76
[0.14536179]
77
[0.12975048]
78
[0.06275232]
79
[0.08312306]
80
[0.09204246]
81
[0.10284319]
82
[0.07049198]
83
[0.12506436]
84
[0.08556069]
85
[0.14668011]
86
[0.07886273]
87
[0.07257435]
88
[0.10402171]
89
[0.07338052]
90
[0.09894639]
91
[0.06726221]
92
[0.10958196]
93
[0.07915903]
94
[0.08919181]
95
[0.0964865]
96
[0.08567926]
97
[0.07046482]
98
[0.11479368]
99
[0.05366735]
100
[0.0707141]
101
[0.0681813]
102
[0.06051696]
103
[0.06713248]
104
[0.13343368]
105
[0.05982157]
106
[0.06892205]
107
[0.06810228]
108
[0.08059915]
109
[0.09564087]
110
[0.10217126]
111
[0.10836979]
112
[0.06747838]
113
[0.05669437]
114
[0.07609271]
115
[0.06003912]
116
[0.12013203]
117
[0.19554035]
118
[0.06573529]
119
[0.04554065]
120
[0.06287575]
121
[0.10823764]
122
[0.06677264]
123
[0.0599436]
124
[0.06278908]
125
[0.08114745]
126
[0.08366286]
127
[0.09506247]
128
[0.08080287]
129
[0.08425896]
130
[0.05855973]
131
[0.07334701]
132
[0.08111734]
133
[0.06157753]
134
[0.08101934]
135
[0.08465029]
136
[0.06388246]
137
[0.07168079]
138
[0.08305957]
139
[0.06655686]
140
[0.08665352]
141
[0.12430564]
142
[0.10442071]
143
[0.10033004]
144
[0.0467926]
145
[0.07033515]
146
[0.1261121]
147
[0.108634]
148
[0.11942506]
149
[0.10264433]
150
[0.08208023]
151
[0.05967478]
152
[0.08317445]
153
[0.09099685]
154
[0.06061156]
155
[0.06977175]
156
[0.07976263]
157
[0.10812199]
158
[0.10710971]
159
[0.11877608]
160
[0.07596909]
161
[0.08240195]
162
[0.05833497]
163
[0.12869273]
164
[0.07175318]
165
[0.04609985]
166
[0.05940651]
167
[0.06719171]
168
[0.11383007]
169
[0.07698931]
170
[0.04851904]
171
[0.11125542]
172
[0.12392947]
173
[0.10201603]
174
[0.08688735]
175
[0.06019879]
176
[0.07047601]
177
[0.16690616]
178
[0.06852459]
179
[0.06920329]
180
[0.06918581]
181
[0.01935129]
182
[0.09319183]
183
[0.04881755]
184
[0.06351214]
185
[0.08412547]
186
[0.08146332]
187
[0.06935463]
188
[0.10688606]
189
[0.09412072]
190
[0.08144379]
191
[0.11014153]
192
[0.06908949]
193
[0.04818167]
194
[0.05588059]
195
[0.16113246]
196
[0.0663925]
197
[0.05854997]
198
[0.06905582]
199
[0.13211081]
200
[0.06119823]
201
[0.06481058]
202
[0.06383087]
203
[0.0857171]
204
[0.13496891]
205
[0.0828008]
206
[0.09412398]
207
[0.05666176]
208
[0.06405319]
209
[0.05931204]
210
[0.09006205]
211
[0.07526698]
212
[0.04724693]
213
[0.06209718]
214
[0.07654409]
215
[0.08248479]
216
[0.07037519]
217
[0.10459385]
218
[0.08995349]
219
[0.14811533]
220
[0.07490242]
221
[0.14886295]
222
[0.11966866]
223
[0.08364718]
224
[0.12489256]
225
[0.15221541]
226
[0.05586405]
227
[0.06937535]
228
[0.06841715]
229
[0.05433539]
230
[0.08472238]
231
[0.06388418]
232
[0.12308291]
233
[0.08817177]
234
[0.04859671]
235
[0.09759664]
236
[0.11943564]
237
[0.04628068]
238
[0.08871471]
239
[0.10655295]
240
[0.05936264]
241
[0.08895754]
242
[0.04154237]
243
[0.09228933]
244
[0.07645865]
245
[0.1396057]
246
[0.06871211]
247
[0.03675645]
248
[0.09025835]
249
[0.07027173]
250
[0.07493152]
251
[0.06185517]
252
[0.08864736]
253
[0.1080291]
254
[0.08912699]
255
[0.06999812]
256
[0.13354052]
257
[0.05179941]
258
[0.08660753]
259
[0.11315465]
260
[0.07366378]
261
[0.06449005]
262
[0.06918958]
263
[0.075908]
264
[0.04143112]
265
[0.10580719]
266
[0.08367017]
267
[0.06459402]
268
[0.06706972]
269
[0.06008258]
270
[0.06869598]
271
[0.04981065]
272
[0.04200002]
273
[0.05850947]
274
[0.19675881]
275
[0.08963341]
276
[0.11090027]
277
[0.08362961]
278
[0.09976559]
279
[0.08040906]
280
[0.08583943]
281
[0.06288194]
282
[0.07641407]
283
[0.16746426]
284
[0.10930848]
285
[0.06760878]
286
[0.16033204]
287
[0.15469219]
288
[0.07078124]
289
[0.07381323]
290
[0.10373029]
291
[0.11049406]
292
[0.06492552]
293
[0.06997689]
294
[0.20409312]
295
[0.08846569]
296
[0.08239236]
297
[0.0892646]
298
[0.14347386]
299
[0.14146685]
300
[0.05661375]
301
[0.08665063]
302
[0.07180061]
303
[0.09381356]
304
[0.06169006]
305
[0.06466945]
306
[0.0548937]
307
[0.0645572]
308
[0.08834927]
309
[0.07002791]
310
[0.08808248]
311
[0.05820156]
312
[0.06412988]
313
[0.06253983]
314
[0.12101464]
315
[0.05456445]
316
[0.0968402]
317
[0.09900977]
318
[0.05988161]
319
[0.08432564]
320
[0.07867179]
321
[0.08734841]
322
[0.15062251]
323
[0.08237006]
324
[0.12152722]
325
[0.05596372]
326
[0.07141403]
327
[0.06382304]
328
[0.15140286]
329
[0.08800184]
330
[0.0642697]
331
[0.06231987]
332
[0.08490882]
333
[0.09606566]
334
[0.0691525]
335
[0.05778691]
336
[0.0797359]
337
[0.05555525]
338
[0.05709001]
339
[0.07949449]
340
[0.08604472]
341
[0.09042041]
342
[0.06390428]
343
[0.09238771]
344
[0.0680644]
345
[0.11661494]
346
[0.07471243]
347
[0.14042785]
348
[0.07063853]
349
[0.07537254]
350
[0.17823536]
351
[0.14255601]
352
[0.09433934]
353
[0.08473787]
354
[0.1052094]
355
[0.09751626]
356
[0.04943416]
357
[0.07075815]
358
[0.06729965]
359
[0.07318367]
360
[0.09465027]
361
[0.09793398]
362
[0.07851022]
363
[0.0691811]
364
[0.07651431]
365
[0.09296452]
366
[0.11171286]
367
[0.08550681]
368
[0.07095607]
369
[0.04039976]
370
[0.14493269]
371
[0.16498358]
372
[0.10500351]
373
[0.18223563]
374
[0.08312783]
375
[0.08408383]
376
[0.105763]
377
[0.13617252]
378
[0.05752331]
379
[0.0920126]
380
[0.05741427]
381
[0.07207567]
382
[0.06359345]
383
[0.07391744]
384
[0.06322544]
385
[0.05355723]
386
[0.06994097]
387
[0.08245893]
388
[0.10031077]
389
[0.06157006]
390
[0.05658579]
391
[0.05642619]
392
[0.11324869]
393
[0.07261145]
394
[0.07477502]
395
[0.06532897]
396
[0.09881187]
397
[0.08435488]
398
[0.08649852]
399
[0.09445143]
400
[0.06997341]
401
[0.08049381]
402
[0.05804284]
403
[0.04655007]
404
[0.04798833]
405
[0.0780454]
406
[0.13484612]
407
[0.1039059]
408
[0.07094424]
409
[0.091601]
410
[0.08388537]
411
[0.07361504]
412
[0.08876304]
413
[0.17152126]
414
[0.07611171]
415
[0.11317478]
416
[0.08724721]
417
[0.08858639]
418
[0.08400717]
419
[0.08486134]
420
[0.12905142]
421
[0.1229378]
422
[0.0678483]
423
[0.08367184]
424
[0.08052811]
425
[0.0804863]
426
[0.05836166]
427
[0.05548663]
428
[0.05832411]
429
[0.04627414]
430
[0.0944577]
431
[0.0716423]
432
[0.07466484]
433
[0.07352608]
434
[0.07964575]
435
[0.11689599]
436
[0.06532849]
437
[0.11170067]
438
[0.05041416]
439
[0.08641058]
440
[0.06392517]
441
[0.07169704]
442
[0.06827972]
443
[0.11129509]
444
[0.077917]
445
[0.08597344]
446
[0.05405252]
447
[0.06142987]
448
[0.07617872]
449
[0.08580766]
450
[0.05945159]
451
[0.08362467]
452
[0.07733954]
453
[0.06811662]
454
[0.05145347]
455
[0.06971528]
456
[0.0537441]
457
[0.0647351]
458
[0.05719562]
459
[0.11345736]
460
[0.05874662]
461
[0.06089838]
462
[0.04197418]
463
[0.07908317]
464
[0.08091587]
465
[0.07861484]
466
[0.13028751]
467
[0.12089401]
468
[0.07666473]
469
[0.05634552]
470
[0.12360642]
471
[0.03665282]
472
[0.05316974]
473
[0.05117881]
474
[0.13297987]
475
[0.08609641]
476
[0.06061472]
477
[0.06911683]
478
[0.09527067]
479
[0.05807045]
480
[0.08222944]
481
[0.08656832]
482
[0.05708554]
483
[0.08039864]
484
[0.09785132]
485
[0.09878077]
486
[0.06468274]
487
[0.06965211]
488
[0.08551063]
489
[0.07970165]
490
[0.0684817]
491
[0.06207901]
492
[0.07047172]
493
[0.10758149]
494
[0.08627323]
495
[0.08732607]
496
[0.06324835]
497
[0.04759883]
498
[0.04683064]
499
[0.11126229]
500
[0.04905262]
501
[0.09059087]
502
[0.16468582]
503
[0.08302382]
504
[0.07681232]
505
[0.09314547]
506
[0.06137627]
507
[0.06844293]
508
[0.08870861]
509
[0.1196219]
510
[0.05689808]
511
[0.03732293]
512
[0.05624681]
513
[0.11457186]
514
[0.10776158]
515
[0.16936655]
516
[0.09506791]
517
[0.10094672]
518
[0.0718783]
519
[0.09069947]
520
[0.09585707]
521
[0.06383156]
522
[0.04248022]
523
[0.05855406]
524
[0.0900175]
525
[0.08911258]
526
[0.13804202]
527
[0.09175553]
528
[0.07786958]
529
[0.10836426]
530
[0.10232628]
531
[0.10962922]
532
[0.06358575]
533
[0.06622069]
534
[0.14883151]
535
[0.06841796]
536
[0.0491523]
537
[0.11068126]
538
[0.05806608]
539
[0.05468769]
540
[0.08376964]
541
[0.07492495]
542
[0.09862368]
543
[0.09470592]
544
[0.07488399]
545
[0.04551204]
546
[0.06958306]
547
[0.11099699]
548
[0.06491146]
549
[0.07153928]
550
[0.0606686]
551
[0.05514054]
552
[0.09491934]
553
[0.13079711]
554
[0.19956289]
555
[0.06578231]
556
[0.0322595]
557
[0.09622599]
558
[0.06460102]
559
[0.05638814]
560
[0.09055218]
561
[0.0721249]
562
[0.09918205]
563
[0.07040035]
564
[0.17053207]
565
[0.07749731]
566
[0.07220301]
567
[0.09248438]
568
[0.05782014]
569
[0.0676746]
570
[0.10735093]
571
[0.08435172]
572
[0.05697304]
573
[0.07174904]
574
[0.12392848]
575
[0.07921163]
576
[0.08764497]
577
[0.05812756]
578
[0.06832435]
579
[0.05814417]
580
[0.10934037]
581
[0.08728319]
582
[0.09308099]
583
[0.16073874]
584
[0.10395471]
585
[0.06719097]
586
[0.13115]
587
[0.14517538]
588
[0.07248367]
589
[0.09117664]
590
[0.07680279]
591
[0.0683468]
592
[0.09091365]
593
[0.07381461]
594
[0.07914029]
595
[0.06375862]
596
[0.05322004]
597
[0.08571731]
598
[0.10394259]
599
[0.06160126]
600
[0.07334869]
601
[0.08330967]
602
[0.06907569]
603
[0.08161027]
604
[0.11647483]
605
[0.06680731]
606
[0.06728227]
607
[0.06810785]
608
[0.05600964]
609
[0.11246996]
610
[0.07093789]
611
[0.0594681]
612
[0.05856188]
613
[0.08980336]
614
[0.07071966]
615
[0.11513076]
616
[0.06481129]
617
[0.06423716]
618
[0.05791078]
619
[0.06530412]
620
[0.09690935]
621
[0.06449697]
622
[0.09668863]
623
[0.10383812]
624
[0.0593736]
625
[0.14365284]
626
[0.08286295]
627
[0.08076795]
628
[0.06434392]
629
[0.1022183]
630
[0.06730238]
631
[0.05343102]
632
[0.04004635]
633
[0.0857331]
634
[0.16667753]
635
[0.17122268]
636
[0.08673391]
637
[0.10681035]
638
[0.05412726]
639
[0.09379379]
640
[0.08988327]
641
[0.0889402]
642
[0.0820035]
643
[0.07865463]
644
[0.09007458]
645
[0.10385865]
646
[0.0514986]
647
[0.0516714]
648
[0.0807905]
649
[0.06483494]
650
[0.06425777]
651
[0.10576688]
652
[0.05292894]
653
[0.06494349]
654
[0.07678214]
655
[0.094271]
656
[0.06556631]
657
[0.07736905]
658
[0.06971396]
659
[0.08719199]
660
[0.04583924]
661
[0.08576977]
662
[0.06895632]
663
[0.10402459]
664
[0.06343859]
665
[0.06910331]
666
[0.05585901]
667
[0.07489586]
668
[0.12651154]
669
[0.08461188]
670
[0.11166344]
671
[0.06424191]
672
[0.06525252]
673
[0.04455752]
674
[0.05804557]
675
[0.08129964]
676
[0.07795798]
677
[0.08143387]
678
[0.04317992]
679
[0.0550003]
680
[0.13918161]
681
[0.10793438]
682
[0.08963491]
683
[0.05739876]
684
[0.09643333]
685
[0.05773491]
686
[0.07988826]
687
[0.06913169]
688
[0.06597195]
689
[0.13375296]
690
[0.08139229]
691
[0.06855761]
692
[0.05864412]
693
[0.15205575]
694
[0.1154032]
695
[0.06748537]
696
[0.07973393]
697
[0.09291755]
698
[0.07464525]
699
[0.0851479]
700
[0.08353445]
701
[0.08812762]
702
[0.08627266]
703
[0.05839492]
704
[0.13681492]
705
[0.08537997]
706
[0.06307674]
707
[0.0957712]
708
[0.05419301]
709
[0.07758348]
710
[0.05936542]
711
[0.09600539]
712
[0.06560682]
713
[0.11008105]
714
[0.08259165]
715
[0.1123224]
716
[0.06871959]
717
[0.08172731]
718
[0.09946283]
719
[0.09419774]
720
[0.1194544]
721
[0.09713435]
722
[0.06157297]
723
[0.07640842]
724
[0.10016314]
725
[0.07815025]
726
[0.12322435]
727
[0.07208807]
728
[0.10297195]
729
[0.06666367]
730
[0.09223721]
731
[0.05828087]
732
[0.09186786]
733
[0.09220016]
734
[0.07861471]
735
[0.06100121]
736
[0.05610879]
737
[0.05981862]
738
[0.08510848]
739
[0.10746961]
740
[0.07620769]
741
[0.09297213]
742
[0.10157271]
743
[0.06879899]
744
[0.08565035]
745
[0.09588521]
746
[0.08825838]
747
[0.1002861]
748
[0.09279957]
749
[0.09292869]
750
[0.08973455]
751
[0.12243]
752
[0.0758797]
753
[0.06462087]
754
[0.06707077]
755
[0.11992385]
756
[0.04034805]
757
[0.11275306]
758
[0.11411999]
759
[0.07588724]
760
[0.06766989]
761
[0.06151233]
762
[0.06840244]
763
[0.0612244]
764
[0.13897049]
765
[0.08393365]
766
[0.072799]
767
[0.10771374]
768
[0.12487574]
769
[0.06846917]
770
[0.13232243]
771
[0.06708464]
772
[0.07837558]
773
[0.06791998]
774
[0.08551327]
775
[0.12503891]
776
[0.10860372]
777
[0.04250064]
778
[0.09506087]
779
[0.05926879]
780
[0.07862141]
781
[0.07243361]
782
[0.09952478]
783
[0.08314214]
784
[0.06651259]
785
[0.07999055]
786
[0.08236718]
787
[0.0499609]
788
[0.07145606]
789
[0.06619648]
790
[0.09091523]
791
[0.07099854]
792
[0.03465713]
793
[0.09491772]
794
[0.06005935]
795
[0.08169484]
796
[0.07776829]
797
[0.08347414]
798
[0.11018127]
799
[0.06538376]
800
[0.07835398]
801
[0.0673565]
802
[0.10983777]
803
[0.05688646]
804
[0.07282368]
805
[0.07674613]
806
[0.10080611]
807
[0.05935879]
808
[0.06504925]
809
[0.09870272]
810
[0.09600172]
811
[0.06492923]
812
[0.05581361]
813
[0.11040175]
814
[0.06308733]
815
[0.0996531]
816
[0.06993766]
817
[0.13659776]
818
[0.08614235]
819
[0.04942328]
820
[0.07335722]
821
[0.07962801]
822
[0.1171024]
823
[0.07436021]
824
[0.07206844]
825
[0.06491248]
826
[0.08127085]
827
[0.13431618]
828
[0.06846281]
829
[0.09942769]
830
[0.11799955]
831
[0.07940954]
832
[0.0502977]
833
[0.07681637]
834
[0.08423919]
835
[0.10865718]
836
[0.04721703]
837
[0.02876447]
838
[0.06550401]
839
[0.06138864]
840
[0.076252]
841
[0.05846352]
842
[0.11080479]
843
[0.07425718]
844
[0.04295814]
845
[0.05461439]
846
[0.06787253]
847
[0.14002617]
848
[0.05211713]
849
[0.13213315]
850
[0.15115252]
851
[0.06405684]
852
[0.06234707]
853
[0.08234353]
854
[0.06150524]
855
[0.04961036]
856
[0.0682713]
857
[0.11490015]
858
[0.06732159]
859
[0.06257759]
860
[0.07621039]
861
[0.06921177]
862
[0.13068884]
863
[0.02833943]
864
[0.12535327]
865
[0.08287511]
866
[0.14416041]
867
[0.09027276]
868
[0.08927816]
869
[0.07163057]
870
[0.12968476]
871
[0.06471069]
872
[0.09366993]
873
[0.07392008]
874
[0.07272696]
875
[0.12377305]
876
[0.07397321]
877
[0.07565919]
878
[0.10818655]
879
[0.07685073]
880
[0.09527328]
881
[0.06439395]
882
[0.0894816]
883
[0.06590395]
884
[0.07344386]
885
[0.06541786]
886
[0.10021306]
887
[0.11148704]
888
[0.13799012]
889
[0.0918253]
890
[0.07564135]
891
[0.1082996]
892
[0.04953305]
893
[0.15979842]
894
[0.06715566]
895
[0.08029833]
896
[0.04856597]
897
[0.06070907]
898
[0.0530783]
899
[0.13553481]
900
[0.06928087]
901
[0.08162038]
902
[0.0641886]
903
[0.0750055]
904
[0.05928801]
905
[0.06988665]
906
[0.07819869]
907
[0.06471785]
908
[0.06732363]
909
[0.06344107]
910
[0.08635126]
911
[0.0845313]
912
[0.06117598]
913
[0.08607464]
914
[0.05655449]
915
[0.103229]
916
[0.06474337]
917
[0.07719962]
918
[0.102617]
919
[0.14378239]
920
[0.09068054]
921
[0.1045746]
922
[0.11603169]
923
[0.10526236]
924
[0.04721134]
925
[0.06595947]
926
[0.06980473]
927
[0.07480313]
928
[0.08076189]
929
[0.10199355]
930
[0.06894559]
931
[0.04320382]
932
[0.08116523]
933
[0.07200693]
934
[0.05465198]
935
[0.05800147]
936
[0.06426305]
937
[0.06842557]
938
[0.06275406]
939
[0.09606208]
940
[0.07686578]
941
[0.08841199]
942
[0.05745116]
943
[0.0439841]
944
[0.10605099]
945
[0.09842886]
946
[0.05756045]
947
[0.07047839]
948
[0.04102819]
949
[0.05439373]
950
[0.0665388]
951
[0.05369865]
952
[0.14674175]
953
[0.10494069]
954
[0.1472951]
955
[0.11273572]
956
[0.07644105]
957
[0.11898727]
958
[0.05012259]
959
[0.06925095]
960
[0.07763109]
961
[0.10412641]
962
[0.07442892]
963
[0.05748883]
964
[0.06882379]
965
[0.08389854]
966
[0.06804594]
967
[0.09961121]
968
[0.06680665]
969
[0.09777742]
970
[0.11140422]
971
[0.10968736]
972
[0.0359617]
973
[0.06647982]
974
[0.09236575]
975
[0.05279188]
976
[0.12218666]
977
[0.12108343]
978
[0.09129067]
979
[0.06540831]
980
[0.09926838]
981
[0.08822302]
982
[0.1091176]
983
[0.07355486]
984
[0.07450907]
985
[0.11477655]
986
[0.12891683]
987
[0.05335836]
988
[0.07029325]
989
[0.07419771]
990
[0.06669329]
991
[0.09219861]
992
[0.08410486]
993
[0.07092789]
994
[0.07761967]
995
[0.08180091]
996
[0.06289858]
997
[0.11291681]
998
[0.07763206]
999
[1] 8000   11
[1] 8000   11
[0.05545917]
