LOADING R
R LOADED
[1] "/home/lvanderl/Rlibs2"                         
[2] "/app/software/R/4.3.1-gfbf-2022b/lib/R/library"
[1] "/home/lvanderl/sieveSims"
[1] "gam 1 3"
[1] 0.05563868
[1] 0.05563868
[1] 0.05563868
9.122448979591837
0
[0.12314206]
1
[0.13012322]
2
[0.11266976]
3
[0.11286102]
4
[0.1149021]
5
[0.11700635]
6
[0.14019043]
7
[0.12173299]
8
[0.12958635]
9
[0.13700367]
10
[0.13872007]
11
[0.13144272]
12
[0.11435942]
13
[0.13586594]
14
[0.1389111]
15
[0.13457573]
16
[0.120578]
17
[0.11332488]
18
[0.12085244]
19
[0.13636884]
20
[0.12617547]
21
[0.11783479]
22
[0.12493651]
23
[0.11721308]
24
[0.14003007]
25
[0.14011749]
26
[0.11991059]
27
[0.1112169]
28
[0.09890185]
29
[0.11789571]
30
[0.12458369]
31
[0.1396543]
32
[0.14003004]
33
[0.12636962]
34
[0.13145975]
35
[0.13711768]
36
[0.12435741]
37
[0.12283818]
38
[0.11158683]
39
[0.11472082]
40
[0.12298622]
41
[0.08719565]
42
[0.1135984]
43
[0.12539648]
44
[0.11837154]
45
[0.11155384]
46
[0.13999416]
47
[0.13884431]
48
[0.11884761]
49
[0.11858897]
50
[0.12788605]
51
[0.13883412]
52
[0.11686636]
53
[0.1197621]
54
[0.1329487]
55
[0.08460317]
56
[0.12670086]
57
[0.09264153]
58
[0.12390446]
59
[0.13527626]
60
[0.13110303]
61
[0.13982117]
62
[0.11023774]
63
[0.11625192]
64
[0.13756702]
65
[0.13704494]
66
[0.12215426]
67
[0.11351861]
68
[0.11192534]
69
[0.12434049]
70
[0.084293]
71
[0.13152147]
72
[0.13831202]
73
[0.13418799]
74
[0.12015002]
75
[0.13940119]
76
[0.10992551]
77
[0.13342814]
78
[0.13859459]
79
[0.12748292]
80
[0.13361508]
81
[0.12935922]
82
[0.10798993]
83
[0.13323947]
84
[0.12821943]
85
[0.13945472]
86
[0.12323654]
87
[0.13860417]
88
[0.09594887]
89
[0.12945231]
90
[0.13850565]
91
[0.12388787]
92
[0.13664166]
93
[0.12345808]
94
[0.11308466]
95
[0.10856534]
96
[0.12607616]
97
[0.13984362]
98
[0.13387353]
99
[0.08834542]
100
[0.13891607]
101
[0.12635032]
102
[0.1397348]
103
[0.13969431]
104
[0.12380946]
105
[0.12135022]
106
[0.13839614]
107
[0.11328898]
108
[0.1168077]
109
[0.11546577]
110
[0.1364063]
111
[0.11295275]
112
[0.11115388]
113
[0.12605523]
114
[0.08617301]
115
[0.12611611]
116
[0.13972226]
117
[0.12649263]
118
[0.1198323]
119
[0.0797201]
120
[0.13970675]
121
[0.08561705]
122
[0.13176206]
123
[0.12420651]
124
[0.13808287]
125
[0.09996362]
126
[0.13757456]
127
[0.12367723]
128
[0.10867367]
129
[0.13614036]
130
[0.10856145]
131
[0.13372847]
132
[0.13437954]
133
[0.0838025]
134
[0.11884526]
135
[0.12604276]
136
[0.13971787]
137
[0.10296267]
138
[0.11454386]
139
[0.13941464]
140
[0.10989492]
141
[0.13837312]
142
[0.12836541]
143
[0.11925137]
144
[0.13283718]
145
[0.1318506]
146
[0.09586606]
147
[0.09501783]
148
[0.13505522]
149
[0.12605739]
150
[0.13583008]
151
[0.08373168]
152
[0.14003133]
153
[0.10883441]
154
[0.11148024]
155
[0.14018062]
156
[0.13003324]
157
[0.13622833]
158
[0.12781034]
159
[0.13530564]
160
[0.13685247]
161
[0.13986493]
162
[0.08296802]
163
[0.13877127]
164
[0.13664679]
165
[0.11772019]
166
[0.13222212]
167
[0.13608754]
168
[0.13726467]
169
[0.10918413]
170
[0.08555803]
171
[0.12986749]
172
[0.11890808]
173
[0.12939686]
174
[0.12926208]
175
[0.13742282]
176
[0.0911161]
177
[0.13998178]
178
[0.13777926]
179
[0.1291922]
180
[0.11478608]
181
[0.12141014]
182
[0.12851614]
183
[0.08693443]
184
[0.13938626]
185
[0.10702779]
186
[0.13945736]
187
[0.14018713]
188
[0.14019306]
189
[0.08208582]
190
[0.12524486]
191
[0.13110581]
192
[0.12398122]
193
[0.13000715]
194
[0.11671068]
195
[0.13346751]
196
[0.10102986]
197
[0.1323907]
198
[0.13100173]
199
[0.13921858]
200
[0.10952318]
201
[0.14017761]
202
[0.13978926]
203
[0.1401034]
204
[0.09485958]
205
[0.13824873]
206
[0.13798646]
207
[0.10506848]
208
[0.13560831]
209
[0.09790439]
210
[0.13716584]
211
[0.10276775]
212
[0.13589599]
213
[0.12082152]
214
[0.11240691]
215
[0.09413382]
216
[0.10925506]
217
[0.09233061]
218
[0.09321454]
219
[0.13070831]
220
[0.08779298]
221
[0.09845479]
222
[0.1258292]
223
[0.08759899]
224
[0.08502665]
225
[0.13233415]
226
[0.13973407]
227
[0.13129159]
228
[0.0930157]
229
[0.13070748]
230
[0.12564975]
231
[0.13258226]
232
[0.13934238]
233
[0.11193458]
234
[0.12734406]
235
[0.12874061]
236
[0.09098235]
237
[0.10246638]
238
[0.13583256]
239
[0.08521689]
240
[0.11660943]
241
[0.13976391]
242
[0.10706511]
243
[0.11823247]
244
[0.11252386]
245
[0.09859927]
246
[0.13864303]
247
[0.09846481]
248
[0.12057537]
249
[0.11125173]
250
[0.13606526]
251
[0.13829533]
252
[0.113774]
253
[0.13543317]
254
[0.13787971]
255
[0.08086459]
256
[0.1374703]
257
[0.13909693]
258
[0.12840558]
259
[0.13838041]
260
[0.1189549]
261
[0.12268032]
262
[0.13694794]
263
[0.12347965]
264
[0.14013351]
265
[0.14019617]
266
[0.14017172]
267
[0.10735809]
268
[0.11107998]
269
[0.13353806]
270
[0.13071504]
271
[0.11912885]
272
[0.12430623]
273
[0.12453834]
274
[0.14010583]
275
[0.13868635]
276
[0.13857354]
277
[0.11574834]
278
[0.11108503]
279
[0.13844703]
280
[0.12875597]
281
[0.13699359]
282
[0.12733184]
283
[0.11407846]
284
[0.10622134]
285
[0.13620305]
286
[0.12122307]
287
[0.13778681]
288
[0.08585382]
289
[0.10893608]
290
[0.09429813]
291
[0.11997797]
292
[0.10789846]
293
[0.14018968]
294
[0.1134451]
295
[0.10022128]
296
[0.1279151]
297
[0.13971409]
298
[0.13983618]
299
[0.11152791]
300
[0.12480118]
301
[0.08926589]
302
[0.1152236]
303
[0.12562453]
304
[0.13897514]
305
[0.12438491]
306
[0.13962354]
307
[0.08366959]
308
[0.10126187]
309
[0.13363629]
310
[0.12488188]
311
[0.11600561]
312
[0.13774316]
313
[0.12496212]
314
[0.1206469]
315
[0.1075734]
316
[0.12008196]
317
[0.13867729]
318
[0.13957886]
319
[0.12193162]
320
[0.12943956]
321
[0.09750349]
322
[0.13701319]
323
[0.08487136]
324
[0.13947667]
325
[0.13974688]
326
[0.11066862]
327
[0.10224171]
328
[0.1401556]
329
[0.12389747]
330
[0.13233719]
331
[0.13394377]
332
[0.13407713]
333
[0.08086815]
334
[0.09429561]
335
[0.09676069]
336
[0.08929983]
337
[0.13769091]
338
[0.13555948]
339
[0.13767761]
340
[0.11373499]
341
[0.14007796]
342
[0.12976476]
343
[0.13215223]
344
[0.13516175]
345
[0.11442976]
346
[0.14013228]
347
[0.12682546]
348
[0.13955845]
349
[0.13754785]
350
[0.13880856]
351
[0.13905392]
352
[0.13994614]
353
[0.09044616]
354
[0.13865812]
355
[0.11826531]
356
[0.13074341]
357
[0.13203421]
358
[0.12542773]
359
[0.11756803]
360
[0.13748431]
361
[0.12949698]
362
[0.14018488]
363
[0.13156177]
364
[0.10551621]
365
[0.12840113]
366
[0.14013488]
367
[0.1401826]
368
[0.13764981]
369
[0.13661696]
370
[0.09247567]
371
[0.12645359]
372
[0.10946034]
373
[0.1237222]
374
[0.13029948]
375
[0.10655328]
376
[0.13987116]
377
[0.10703677]
378
[0.13504842]
379
[0.14014861]
380
[0.10528149]
381
[0.13500137]
382
[0.13841155]
383
[0.12688354]
384
[0.13066005]
385
[0.10024271]
386
[0.09710111]
387
[0.1346447]
388
[0.08877787]
389
[0.08081276]
390
[0.13481131]
391
[0.13996745]
392
[0.13291794]
393
[0.10245901]
394
[0.08799024]
395
[0.13471939]
396
[0.09634175]
397
[0.13546525]
398
[0.139886]
399
[0.10878112]
400
[0.13595428]
401
[0.13185055]
402
[0.1395721]
403
[0.13193282]
404
[0.13315141]
405
[0.13419095]
406
[0.13972009]
407
[0.13983945]
408
[0.12779107]
409
[0.1381524]
410
[0.12367406]
411
[0.13521301]
412
[0.11318446]
413
[0.13908095]
414
[0.13100261]
415
[0.08848917]
416
[0.11055705]
417
[0.13486425]
418
[0.08885084]
419
[0.11138015]
420
[0.13416726]
421
[0.13201591]
422
[0.12954279]
423
[0.10719247]
424
[0.10947048]
425
[0.13521347]
426
[0.12397092]
427
[0.12764651]
428
[0.09002432]
429
[0.08071449]
430
[0.13925305]
431
[0.13966943]
432
[0.0891689]
433
[0.10684964]
434
[0.09448584]
435
[0.11798095]
436
[0.08565138]
437
[0.1065327]
438
[0.12139847]
439
[0.13745372]
440
[0.11039922]
441
[0.13969095]
442
[0.1343395]
443
[0.13967527]
444
[0.10581772]
445
[0.12722881]
446
[0.11575544]
447
[0.13441215]
448
[0.13863406]
449
[0.09675494]
450
[0.13804355]
451
[0.09181531]
452
[0.12772624]
453
[0.08397783]
454
[0.09543508]
455
[0.13908745]
456
[0.12322199]
457
[0.13106665]
458
[0.0858489]
459
[0.10201827]
460
[0.08826916]
461
[0.11596945]
462
[0.12085128]
463
[0.13019684]
464
[0.09162543]
465
[0.10367351]
466
[0.11142109]
467
[0.11019099]
468
[0.12833245]
469
[0.10582326]
470
[0.10921396]
471
[0.11900064]
472
[0.12978275]
473
[0.13997526]
474
[0.11842405]
475
[0.13951125]
476
[0.10116873]
477
[0.12162264]
478
[0.0933574]
479
[0.13170591]
480
[0.10654813]
481
[0.11787655]
482
[0.10230951]
483
[0.13987395]
484
[0.12585231]
485
[0.10768141]
486
[0.13788451]
487
[0.10976377]
488
[0.08610953]
489
[0.12963453]
490
[0.10479574]
491
[0.10226006]
492
[0.08968196]
493
[0.11753921]
494
[0.11262395]
495
[0.09184211]
496
[0.13384152]
497
[0.13897944]
498
[0.13974339]
499
[0.13033985]
500
[0.08391146]
501
[0.10428916]
502
[0.14017852]
503
[0.13080057]
504
[0.11913933]
505
[0.11864696]
506
[0.09367044]
507
[0.11013081]
508
[0.14017604]
509
[0.13570175]
510
[0.09841833]
511
[0.12838477]
512
[0.11482238]
513
[0.13946706]
514
[0.11486823]
515
[0.13150851]
516
[0.11943734]
517
[0.11623378]
518
[0.13471758]
519
[0.12547527]
520
[0.11705279]
521
[0.14017524]
522
[0.10240928]
523
[0.10663195]
524
[0.13906384]
525
[0.13702248]
526
[0.14005639]
527
[0.12756764]
528
[0.14015415]
529
[0.11884464]
530
[0.11667226]
531
[0.13952545]
532
[0.08714701]
533
[0.12692028]
534
[0.10027515]
535
[0.12625069]
536
[0.10335939]
537
[0.08518026]
538
[0.13236112]
539
[0.11464842]
540
[0.13261442]
541
[0.09326316]
542
[0.08409747]
543
[0.13431213]
544
[0.11263284]
545
[0.13965923]
546
[0.13622239]
547
[0.13230123]
548
[0.10404455]
549
[0.13011197]
550
[0.13598862]
551
[0.13340639]
552
[0.09177604]
553
[0.11181782]
554
[0.12832277]
555
[0.11330924]
556
[0.13968989]
557
[0.13038453]
558
[0.13333813]
559
[0.1326101]
560
[0.0955681]
561
[0.13942284]
562
[0.1399643]
563
[0.09159176]
564
[0.11445709]
565
[0.13977682]
566
[0.12814672]
567
[0.13547094]
568
[0.10800408]
569
[0.08790538]
570
[0.13415144]
571
[0.11315471]
572
[0.13991393]
573
[0.0812299]
574
[0.14008291]
575
[0.13318115]
576
[0.08522402]
577
[0.12146079]
578
[0.13517757]
579
[0.11455558]
580
[0.10467157]
581
[0.1206273]
582
[0.11807617]
583
[0.13167055]
584
[0.13967328]
585
[0.11096569]
586
[0.12919915]
587
[0.13865875]
588
[0.10728907]
589
[0.13995873]
590
[0.14016939]
591
[0.13348474]
592
[0.11613019]
593
[0.10044481]
594
[0.13786449]
595
[0.12683914]
596
[0.13947692]
597
[0.13869492]
598
[0.13921672]
599
[0.08080297]
600
[0.11561298]
601
[0.11526228]
602
[0.14003175]
603
[0.1093622]
604
[0.11703233]
605
[0.1358487]
606
[0.11302749]
607
[0.11542183]
608
[0.11261697]
609
[0.12684341]
610
[0.08984342]
611
[0.13996378]
612
[0.13938331]
613
[0.13418909]
614
[0.13799154]
615
[0.08652549]
616
[0.13268544]
617
[0.12208511]
618
[0.08154678]
619
[0.11481124]
620
[0.12875436]
621
[0.09787805]
622
[0.13966117]
623
[0.1155475]
624
[0.13377663]
625
[0.13877765]
626
[0.1401169]
627
[0.14016327]
628
[0.14006436]
629
[0.13833258]
630
[0.1373609]
631
[0.13151443]
632
[0.0822595]
633
[0.1087944]
634
[0.14007179]
635
[0.13170762]
636
[0.10097592]
637
[0.13581849]
638
[0.08397557]
639
[0.08572006]
640
[0.10937262]
641
[0.13985793]
642
[0.10656486]
643
[0.11740322]
644
[0.12374343]
645
[0.1373636]
646
[0.1139035]
647
[0.12926192]
648
[0.12831738]
649
[0.10499189]
650
[0.11001651]
651
[0.12963469]
652
[0.14013116]
653
[0.13275188]
654
[0.11884016]
655
[0.13952703]
656
[0.13356759]
657
[0.13914562]
658
[0.11877581]
659
[0.12613405]
660
[0.12108815]
661
[0.10174204]
662
[0.12776297]
663
[0.13974217]
664
[0.10690368]
665
[0.13337719]
666
[0.12020632]
667
[0.13152359]
668
[0.08975021]
669
[0.13504121]
670
[0.11920567]
671
[0.12858439]
672
[0.11837827]
673
[0.12999959]
674
[0.1400318]
675
[0.13850049]
676
[0.09143517]
677
[0.10699647]
678
[0.1398866]
679
[0.12106979]
680
[0.09816374]
681
[0.0808907]
682
[0.14001047]
683
[0.13264183]
684
[0.13930918]
685
[0.13984388]
686
[0.13077763]
687
[0.12045506]
688
[0.11706015]
689
[0.13745224]
690
[0.08963894]
691
[0.13450313]
692
[0.13717251]
693
[0.13188017]
694
[0.13415646]
695
[0.10639458]
696
[0.13789172]
697
[0.14010718]
698
[0.12977559]
699
[0.12165357]
700
[0.09629019]
701
[0.09208873]
702
[0.13623617]
703
[0.11897749]
704
[0.1375899]
705
[0.14018856]
706
[0.13734827]
707
[0.14008979]
708
[0.08753257]
709
[0.09338526]
710
[0.1154955]
711
[0.1278816]
712
[0.13919726]
713
[0.08378665]
714
[0.13961496]
715
[0.11179647]
716
[0.13891035]
717
[0.11476223]
718
[0.14018505]
719
[0.11569621]
720
[0.13728313]
721
[0.0962503]
722
[0.13142886]
723
[0.12030242]
724
[0.08258783]
725
[0.11579939]
726
[0.13382722]
727
[0.13933578]
728
[0.13644487]
729
[0.13975337]
730
[0.13951571]
731
[0.10812305]
732
[0.11615026]
733
[0.14019893]
734
[0.13865424]
735
[0.13023863]
736
[0.1311387]
737
[0.13378866]
738
[0.1335141]
739
[0.12198176]
740
[0.13967771]
741
[0.10468266]
742
[0.14019348]
743
[0.12241602]
744
[0.13225913]
745
[0.10725053]
746
[0.12755688]
747
[0.13777892]
748
[0.0933576]
749
[0.1401911]
750
[0.12695291]
751
[0.08294453]
752
[0.11306156]
753
[0.11715528]
754
[0.09967983]
755
[0.14018464]
756
[0.13369422]
757
[0.11982452]
758
[0.11072132]
759
[0.14019704]
760
[0.0916163]
761
[0.13989901]
762
[0.13800815]
763
[0.13020983]
764
[0.13846691]
765
[0.14018873]
766
[0.12647916]
767
[0.11811919]
768
[0.12402495]
769
[0.13371185]
770
[0.08659526]
771
[0.12834236]
772
[0.12693881]
773
[0.10274097]
774
[0.09354615]
775
[0.13733375]
776
[0.11181915]
777
[0.12524518]
778
[0.12526862]
779
[0.14000465]
780
[0.11213377]
781
[0.14003232]
782
[0.14001564]
783
[0.1398989]
784
[0.1311414]
785
[0.11072937]
786
[0.13142228]
787
[0.13807774]
788
[0.13524761]
789
[0.14019766]
790
[0.12438955]
791
[0.1264453]
792
[0.08292028]
793
[0.11228381]
794
[0.1399976]
795
[0.09544929]
796
[0.08924358]
797
[0.11714725]
798
[0.13420395]
799
[0.14019568]
800
[0.11276341]
801
[0.13115174]
802
[0.13840672]
803
[0.13750431]
804
[0.13927884]
805
[0.11869243]
806
[0.14013216]
807
[0.12652582]
808
[0.12978786]
809
[0.13919445]
810
[0.13872739]
811
[0.1391941]
812
[0.08093021]
813
[0.13348373]
814
[0.10910983]
815
[0.13960482]
816
[0.09252727]
817
[0.13052765]
818
[0.13644133]
819
[0.14018923]
820
[0.13935323]
821
[0.1396716]
822
[0.14019028]
823
[0.13314733]
824
[0.11154018]
825
[0.12243578]
826
[0.10104591]
827
[0.0985661]
828
[0.10251907]
829
[0.1326576]
830
[0.13852473]
831
[0.11687266]
832
[0.13487858]
833
[0.1375794]
834
[0.13665547]
835
[0.12905285]
836
[0.13507793]
837
[0.08941879]
838
[0.1137832]
839
[0.09168289]
840
[0.13757091]
841
[0.12345436]
842
[0.1053689]
843
[0.08388279]
844
[0.12789113]
845
[0.09426371]
846
[0.13355941]
847
[0.12068421]
848
[0.13989238]
849
[0.11722984]
850
[0.10828353]
851
[0.11795719]
852
[0.11935885]
853
[0.13959958]
854
[0.1315038]
855
[0.12687601]
856
[0.11243804]
857
[0.08277094]
858
[0.12776515]
859
[0.09253507]
860
[0.11174364]
861
[0.11292534]
862
[0.11554776]
863
[0.11695943]
864
[0.11865125]
865
[0.11997462]
866
[0.13971251]
867
[0.09259219]
868
[0.10391986]
869
[0.11346959]
870
[0.10296076]
871
[0.10611091]
872
[0.13988165]
873
[0.12717884]
874
[0.11940666]
875
[0.13991462]
876
[0.08217806]
877
[0.11822935]
878
[0.08762717]
879
[0.12627815]
880
[0.11807657]
881
[0.10818761]
882
[0.08285257]
883
[0.13435948]
884
[0.12258917]
885
[0.08340106]
886
[0.13792792]
887
[0.13769002]
888
[0.13237845]
889
[0.12891165]
890
[0.11350066]
891
[0.13914976]
892
[0.12709151]
893
[0.14016652]
894
[0.11782504]
895
[0.11554173]
896
[0.14008582]
897
[0.13231333]
898
[0.12020158]
899
[0.1081215]
900
[0.13367219]
901
[0.12451373]
902
[0.09459013]
903
[0.09373697]
904
[0.13878553]
905
[0.13668315]
906
[0.09987887]
907
[0.12044445]
908
[0.13830471]
909
[0.12681366]
910
[0.08804619]
911
[0.12298619]
912
[0.08624638]
913
[0.12190459]
914
[0.13951451]
915
[0.14011579]
916
[0.1083263]
917
[0.08678008]
918
[0.1041738]
919
[0.08968056]
920
[0.13531436]
921
[0.12951776]
922
[0.11025367]
923
[0.11237028]
924
[0.13639158]
925
[0.14000894]
926
[0.13786546]
927
[0.13225178]
928
[0.13174706]
929
[0.12913901]
930
[0.13787767]
931
[0.09327265]
932
[0.13905343]
933
[0.14008122]
934
[0.13988738]
935
[0.09791263]
936
[0.13885212]
937
[0.12148035]
938
[0.08167438]
939
[0.10634376]
940
[0.1281974]
941
[0.12961601]
942
[0.08147251]
943
[0.11876519]
944
[0.08398145]
945
[0.11119181]
946
[0.10646576]
947
[0.13843627]
948
[0.12000936]
949
[0.10958715]
950
[0.13223816]
951
[0.1376375]
952
[0.09881006]
953
[0.13353359]
954
[0.14002527]
955
[0.12689655]
956
[0.10165403]
957
[0.13521229]
958
[0.12020037]
959
[0.13349018]
960
[0.13709738]
961
[0.12971824]
962
[0.12611165]
963
[0.13010911]
964
[0.10843375]
965
[0.12980274]
966
[0.11561859]
967
[0.13944312]
968
[0.09192239]
969
[0.12833267]
970
[0.13835633]
971
[0.12955281]
972
[0.11529848]
973
[0.13378401]
974
[0.13902513]
975
[0.10894374]
976
[0.10407384]
977
[0.08753473]
978
[0.1170565]
979
[0.13742083]
980
[0.1361322]
981
[0.13956542]
982
[0.11335328]
983
[0.11932664]
984
[0.12742766]
985
[0.09540794]
986
[0.1304339]
987
[0.13964875]
988
[0.13915524]
989
[0.14004259]
990
[0.09307918]
991
[0.09008415]
992
[0.09298514]
993
[0.11407395]
994
[0.12063869]
995
[0.13204793]
996
[0.13747277]
997
[0.13919702]
998
[0.14000727]
999
[1] 5000   11
[1] 5000   11
[0.11151948]
