LOADING R
R LOADED
[1] "/home/lvanderl/Rlibs2"                         
[2] "/app/software/R/4.3.1-gfbf-2022b/lib/R/library"
[1] "/home/lvanderl/sieveSims"
[1] 0.2674537
[1] 0.2674537
[1] 0.2674537
1e-05
0
[0.3610871]
1
[0.01871651]
2
[0.05517666]
3
[0.37086911]
4
[0.04539471]
5
[0.03205557]
6
[0.02494149]
7
[0.1787858]
8
[0.29617004]
9
[0.02760929]
10
[0.03561269]
11
[0.38954396]
12
[0.02760929]
13
[0.04806255]
14
[0.02849853]
15
[0.03294484]
16
[0.08185488]
17
[0.05606593]
18
[0.36197637]
19
[0.02938781]
20
[0.17256092]
21
[0.03294484]
22
[0.34241232]
23
[0.30506276]
24
[0.1378792]
25
[0.37086912]
26
[0.08363356]
27
[0.04361616]
28
[0.38954394]
29
[0.09341565]
30
[0.19746056]
31
[0.03561269]
32
[0.30061641]
33
[0.38598686]
34
[0.04094827]
35
[0.30950916]
36
[0.05250883]
37
[0.02049506]
38
[0.06140168]
39
[0.16100037]
40
[0.31751261]
41
[0.02849853]
42
[0.3806512]
43
[0.02405211]
44
[0.06495879]
45
[0.34952651]
46
[0.29705931]
47
[0.01871651]
48
[0.04005903]
49
[0.35841926]
50
[0.02316287]
51
[0.03472341]
52
[0.08452293]
53
[0.02405202]
54
[0.03383411]
55
[0.38954396]
56
[0.17078238]
57
[0.03294484]
58
[0.20546403]
59
[0.01871651]
60
[0.02405209]
61
[0.08807993]
62
[0.3886547]
63
[0.14943981]
64
[0.38776538]
65
[0.04717333]
66
[0.07651923]
67
[0.35397288]
68
[0.03383416]
69
[0.17700729]
70
[0.08719065]
71
[0.02671998]
72
[0.0267199]
73
[0.20368548]
74
[0.03561276]
75
[0.0845227]
76
[0.03294484]
77
[0.3868761]
78
[0.01871651]
79
[0.10052972]
80
[0.33974449]
81
[0.08719053]
82
[0.07829778]
83
[0.02494141]
84
[0.02405223]
85
[0.32907318]
86
[0.0249416]
87
[0.03027704]
88
[0.38154046]
89
[0.30328421]
90
[0.3868761]
91
[0.02405207]
92
[0.37620479]
93
[0.03561269]
94
[0.08274415]
95
[0.20012839]
96
[0.15121831]
97
[0.07474082]
98
[0.05250902]
99
[0.03561269]
100
[0.03285214]
101
[0.12631864]
102
[0.30595203]
103
[0.07918728]
104
[0.03294493]
105
[0.03472339]
106
[0.08807993]
107
[0.38598685]
108
[0.01960577]
109
[0.17256092]
110
[0.01960578]
111
[0.22413882]
112
[0.02405242]
113
[0.0240524]
114
[0.03561269]
115
[0.11386882]
116
[0.02316288]
117
[0.0249413]
118
[0.02405203]
119
[0.04539478]
120
[0.34152303]
121
[0.05428738]
122
[0.31217696]
123
[0.12542944]
124
[0.0347234]
125
[0.28105235]
126
[0.25970976]
127
[0.02405205]
128
[0.0960834]
129
[0.34152303]
130
[0.02405216]
131
[0.12720791]
132
[0.33885522]
133
[0.02227362]
134
[0.0222736]
135
[0.26237759]
136
[0.02938778]
137
[0.02405231]
138
[0.06940504]
139
[0.23747793]
140
[0.07740851]
141
[0.26415613]
142
[0.33085175]
143
[0.32996246]
144
[0.13610065]
145
[0.02405219]
146
[0.38954393]
147
[0.03828059]
148
[0.38865469]
149
[0.04984101]
150
[0.03205557]
151
[0.03116639]
152
[0.30684133]
153
[0.11564745]
154
[0.25348484]
155
[0.04806247]
156
[0.06406951]
157
[0.02405208]
158
[0.08096561]
159
[0.07466871]
160
[0.03116631]
161
[0.08808002]
162
[0.29617002]
163
[0.04272686]
164
[0.21969245]
165
[0.02405207]
166
[0.32996246]
167
[0.01960579]
168
[0.31573406]
169
[0.12098308]
170
[0.19746059]
171
[0.32729465]
172
[0.03027703]
173
[0.02138434]
174
[0.01871651]
175
[0.33529812]
176
[0.03472339]
177
[0.01960578]
178
[0.3184019]
179
[0.08985855]
180
[0.02849853]
181
[0.06495867]
182
[0.02405243]
183
[0.37709407]
184
[0.17256088]
185
[0.38954394]
186
[0.36997984]
187
[0.37798332]
188
[0.02849843]
189
[0.03561268]
190
[0.04272684]
191
[0.02405239]
192
[0.02760929]
193
[0.06406955]
194
[0.19923911]
195
[0.02938778]
196
[0.34685869]
197
[0.02583071]
198
[0.03294484]
199
[0.15566472]
200
[0.38954394]
201
[0.34508013]
202
[0.26415616]
203
[0.38776537]
204
[0.13965775]
205
[0.02227361]
206
[0.02494156]
207
[0.1432149]
208
[0.02405203]
209
[0.03205565]
210
[0.03205554]
211
[0.38420826]
212
[0.28727728]
213
[0.32996247]
214
[0.03294485]
215
[0.04628406]
216
[0.02849853]
217
[0.13876853]
218
[0.11297962]
219
[0.06140178]
220
[0.08985845]
221
[0.04628396]
222
[0.03561269]
223
[0.23214229]
224
[0.2517063]
225
[0.34596941]
226
[0.38065115]
227
[0.09697274]
228
[0.03116631]
229
[0.12720799]
230
[0.17433947]
231
[0.37531552]
232
[0.03730265]
233
[0.03561268]
234
[0.17256088]
235
[0.10853317]
236
[0.02494164]
237
[0.36019781]
238
[0.27838453]
239
[0.07918717]
240
[0.38954396]
241
[0.36286564]
242
[0.05250896]
243
[0.04094833]
244
[0.07474069]
245
[0.03650197]
246
[0.27838453]
247
[0.12187227]
248
[0.07385152]
249
[0.18145363]
250
[0.0196058]
251
[0.27838453]
252
[0.38154043]
253
[0.31395553]
254
[0.37798333]
255
[0.3788726]
256
[0.29261294]
257
[0.1174259]
258
[0.02849857]
259
[0.02494146]
260
[0.21257825]
261
[0.03027704]
262
[0.34063377]
263
[0.03916978]
264
[0.05962302]
265
[0.04984119]
266
[0.0880798]
267
[0.0569553]
268
[0.26949181]
269
[0.08630125]
270
[0.36375492]
271
[0.03472339]
272
[0.37531553]
273
[0.03650197]
274
[0.1040869]
275
[0.0249415]
276
[0.14499345]
277
[0.31484478]
278
[0.38954393]
279
[0.29261294]
280
[0.04005904]
281
[0.26504544]
282
[0.10853327]
283
[0.12187228]
284
[0.03027704]
285
[0.04361614]
286
[0.24281358]
287
[0.04094829]
288
[0.23836718]
289
[0.38865465]
290
[0.01871651]
291
[0.37531553]
292
[0.08896918]
293
[0.39043323]
294
[0.0347235]
295
[0.38865465]
296
[0.02672006]
297
[0.26771326]
298
[0.29172365]
299
[0.29617002]
300
[0.02938778]
301
[0.02049506]
302
[0.16188959]
303
[0.13076502]
304
[0.04094844]
305
[0.37175839]
306
[0.37442624]
307
[0.30239496]
308
[0.39043321]
309
[0.03383411]
310
[0.35841927]
311
[0.32462682]
312
[0.17967508]
313
[0.24903847]
314
[0.23303154]
315
[0.07829791]
316
[0.03027702]
317
[0.0346327]
318
[0.08452284]
319
[0.10942245]
320
[0.16811451]
321
[0.05873394]
322
[0.02049504]
323
[0.39043323]
324
[0.03561267]
325
[0.08719053]
326
[0.16722524]
327
[0.21969242]
328
[0.03650195]
329
[0.03561263]
330
[0.03383411]
331
[0.02849855]
332
[0.34241231]
333
[0.0249413]
334
[0.12187228]
335
[0.02672005]
336
[0.03730247]
337
[0.20635331]
338
[0.02672003]
339
[0.38154047]
340
[0.35041578]
341
[0.31039843]
342
[0.38687614]
343
[0.03027711]
344
[0.03561267]
345
[0.38776541]
346
[0.03739116]
347
[0.05784465]
348
[0.20190694]
349
[0.22236024]
350
[0.33618739]
351
[0.03561268]
352
[0.02583078]
353
[0.17433943]
354
[0.27038106]
355
[0.03561264]
356
[0.14943981]
357
[0.03828051]
358
[0.03828059]
359
[0.12098301]
360
[0.04361616]
361
[0.31573408]
362
[0.04450538]
363
[0.18323221]
364
[0.03561269]
365
[0.06051243]
366
[0.02849846]
367
[0.20457479]
368
[0.38598682]
369
[0.10319763]
370
[0.21524608]
371
[0.1618896]
372
[0.02671999]
373
[0.04183758]
374
[0.09519409]
375
[0.34774796]
376
[0.0854121]
377
[0.03383411]
378
[0.03650197]
379
[0.05339811]
380
[0.01871651]
381
[0.08807991]
382
[0.08452293]
383
[0.02671998]
384
[0.10141908]
385
[0.02849854]
386
[0.16455742]
387
[0.02405215]
388
[0.02938778]
389
[0.22947446]
390
[0.03561266]
391
[0.02049505]
392
[0.06851592]
393
[0.34152303]
394
[0.22058172]
395
[0.38865465]
396
[0.02227361]
397
[0.38865468]
398
[0.01960579]
399
[0.08363343]
400
[0.38420831]
401
[0.3610871]
402
[0.04094836]
403
[0.13521144]
404
[0.02671992]
405
[0.36997984]
406
[0.24814922]
407
[0.04005915]
408
[0.38865469]
409
[0.05428738]
410
[0.16544668]
411
[0.39043323]
412
[0.27571673]
413
[0.02760927]
414
[0.06318029]
415
[0.02849853]
416
[0.0276092]
417
[0.02760929]
418
[0.05161971]
419
[0.13876847]
420
[0.03383411]
421
[0.03739124]
422
[0.04984116]
423
[0.02671986]
424
[0.18590003]
425
[0.1414363]
426
[0.28905582]
427
[0.13521138]
428
[0.02405215]
429
[0.26237761]
430
[0.13165429]
431
[0.33174101]
432
[0.14588272]
433
[0.34952651]
434
[0.29172365]
435
[0.02938774]
436
[0.22858516]
437
[0.12542943]
438
[0.02405204]
439
[0.0222736]
440
[0.29350222]
441
[0.03561269]
442
[0.04895189]
443
[0.26237759]
444
[0.37976188]
445
[0.09875117]
446
[0.33440884]
447
[0.06495881]
448
[0.37976192]
449
[0.03294491]
450
[0.32551608]
451
[0.0329449]
452
[0.25259557]
453
[0.02405205]
454
[0.14054708]
455
[0.22058169]
456
[0.15210763]
457
[0.03294484]
458
[0.0258308]
459
[0.06051249]
460
[0.05073029]
461
[0.3424123]
462
[0.1903464]
463
[0.38865469]
464
[0.17078234]
465
[0.36108709]
466
[0.03561274]
467
[0.0880798]
468
[0.02938778]
469
[0.03561268]
470
[0.04094834]
471
[0.13787925]
472
[0.37798332]
473
[0.38509754]
474
[0.30506278]
475
[0.02049505]
476
[0.15210759]
477
[0.08630138]
478
[0.23658866]
479
[0.38865465]
480
[0.02405206]
481
[0.0382805]
482
[0.36375493]
483
[0.03650195]
484
[0.02672006]
485
[0.0311663]
486
[0.09430483]
487
[0.36997986]
488
[0.11475818]
489
[0.0240521]
490
[0.03383416]
491
[0.02583081]
492
[0.02760911]
493
[0.05962302]
494
[0.04806258]
495
[0.31306623]
496
[0.04539466]
497
[0.08985844]
498
[0.04717327]
499
[0.03205557]
500
[0.08096585]
501
[0.02849846]
502
[0.32373753]
503
[0.03027701]
504
[0.16366818]
505
[0.03205557]
506
[0.0311663]
507
[0.11120109]
508
[0.29972711]
509
[0.27215963]
510
[0.38154043]
511
[0.03472343]
512
[0.3610871]
513
[0.02760929]
514
[0.38509753]
515
[0.02049505]
516
[0.29261294]
517
[0.32818391]
518
[0.25882052]
519
[0.38954397]
520
[0.16722524]
521
[0.31395551]
522
[0.14943976]
523
[0.05161974]
524
[0.09697264]
525
[0.14943981]
526
[0.22324951]
527
[0.03294484]
528
[0.02672006]
529
[0.01960577]
530
[0.08270297]
531
[0.05606607]
532
[0.35308362]
533
[0.06851577]
534
[0.38865468]
535
[0.02227362]
536
[0.01960577]
537
[0.06140157]
538
[0.37442626]
539
[0.37086911]
540
[0.36197637]
541
[0.34419086]
542
[0.18323221]
543
[0.38865466]
544
[0.3255161]
545
[0.06762665]
546
[0.39043323]
547
[0.05784466]
548
[0.03561265]
549
[0.31128769]
550
[0.01871651]
551
[0.29617004]
552
[0.28016308]
553
[0.23214226]
554
[0.03828051]
555
[0.30950916]
556
[0.02494144]
557
[0.06406953]
558
[0.0311663]
559
[0.30417351]
560
[0.02849853]
561
[0.02672005]
562
[0.18767858]
563
[0.16900383]
564
[0.26059907]
565
[0.0347234]
566
[0.39043323]
567
[0.03561269]
568
[0.30773059]
569
[0.02138432]
570
[0.1200938]
571
[0.02405214]
572
[0.03739116]
573
[0.03383411]
574
[0.38954393]
575
[0.02659712]
576
[0.02583064]
577
[0.17078238]
578
[0.10230831]
579
[0.3290732]
580
[0.2872773]
581
[0.02938779]
582
[0.20724258]
583
[0.03383412]
584
[0.03561267]
585
[0.03027704]
586
[0.06318012]
587
[0.36464419]
588
[0.04094839]
589
[0.04984101]
590
[0.24903847]
591
[0.03561268]
592
[0.39043323]
593
[0.03472339]
594
[0.0258308]
595
[0.30417351]
596
[0.32018043]
597
[0.07296241]
598
[0.06851591]
599
[0.11209035]
600
[0.25615267]
601
[0.10764391]
602
[0.03472339]
603
[0.19834987]
604
[0.36019781]
605
[0.17078237]
606
[0.37887262]
607
[0.07562996]
608
[0.24014576]
609
[0.03116626]
610
[0.18412148]
611
[0.35664071]
612
[0.0408604]
613
[0.0498411]
614
[0.26237761]
615
[0.05161964]
616
[0.03383411]
617
[0.34330158]
618
[0.02849842]
619
[0.31039842]
620
[0.03561268]
621
[0.37798335]
622
[0.36909059]
623
[0.38954393]
624
[0.03472339]
625
[0.04806262]
626
[0.05517665]
627
[0.12365089]
628
[0.02405216]
629
[0.04806247]
630
[0.02760914]
631
[0.02494143]
632
[0.01960578]
633
[0.04183757]
634
[0.28283092]
635
[0.20635334]
636
[0.34952651]
637
[0.36464419]
638
[0.38598682]
639
[0.02849853]
640
[0.38954396]
641
[0.03472339]
642
[0.15388612]
643
[0.03561268]
644
[0.24281355]
645
[0.31662335]
646
[0.30061639]
647
[0.03294484]
648
[0.03383418]
649
[0.02849846]
650
[0.10853326]
651
[0.07918719]
652
[0.38598681]
653
[0.3388552]
654
[0.21702459]
655
[0.24725995]
656
[0.38776542]
657
[0.02938784]
658
[0.03116639]
659
[0.01871651]
660
[0.0240523]
661
[0.3290732]
662
[0.07474081]
663
[0.37620481]
664
[0.3610871]
665
[0.02405212]
666
[0.01960578]
667
[0.03561269]
668
[0.39043323]
669
[0.02405236]
670
[0.02849853]
671
[0.02672006]
672
[0.32462681]
673
[0.30684133]
674
[0.39043322]
675
[0.15121831]
676
[0.36286564]
677
[0.2899451]
678
[0.04361615]
679
[0.03294484]
680
[0.02672002]
681
[0.03561267]
682
[0.1396578]
683
[0.04628392]
684
[0.02938779]
685
[0.04094831]
686
[0.02938782]
687
[0.19479277]
688
[0.36731203]
689
[0.34596941]
690
[0.39043323]
691
[0.07651944]
692
[0.37976192]
693
[0.09163709]
694
[0.10319765]
695
[0.18945709]
696
[0.02938772]
697
[0.35841928]
698
[0.20813188]
699
[0.08541198]
700
[0.07118371]
701
[0.10942253]
702
[0.22947444]
703
[0.09341557]
704
[0.21257825]
705
[0.21435677]
706
[0.02494164]
707
[0.05517665]
708
[0.19657129]
709
[0.38865465]
710
[0.39043322]
711
[0.03294494]
712
[0.0222736]
713
[0.29794859]
714
[0.14054708]
715
[0.0471732]
716
[0.221471]
717
[0.27127036]
718
[0.0471732]
719
[0.38509753]
720
[0.2063533]
721
[0.0498411]
722
[0.34685869]
723
[0.39043323]
724
[0.08719073]
725
[0.04183767]
726
[0.03027704]
727
[0.02938779]
728
[0.20279621]
729
[0.33351957]
730
[0.02583084]
731
[0.02583081]
732
[0.13965774]
733
[0.21168895]
734
[0.37798333]
735
[0.02583084]
736
[0.28905583]
737
[0.02405204]
738
[0.38954393]
739
[0.04094833]
740
[0.08541207]
741
[0.03561263]
742
[0.10675464]
743
[0.03561262]
744
[0.03561268]
745
[0.03650197]
746
[0.38687614]
747
[0.05161975]
748
[0.33174101]
749
[0.07207286]
750
[0.07740851]
751
[0.16722528]
752
[0.01960577]
753
[0.04806253]
754
[0.07385141]
755
[0.1583325]
756
[0.03294484]
757
[0.38331898]
758
[0.02583065]
759
[0.02583083]
760
[0.20279621]
761
[0.01960578]
762
[0.38065115]
763
[0.2801631]
764
[0.03472339]
765
[0.29439147]
766
[0.25793124]
767
[0.27838455]
768
[0.30506278]
769
[0.01871651]
770
[0.39043323]
771
[0.02405218]
772
[0.02405211]
773
[0.02405219]
774
[0.02405221]
775
[0.06851577]
776
[0.38598681]
777
[0.26237759]
778
[0.29083437]
779
[0.01871651]
780
[0.25437414]
781
[0.06406951]
782
[0.09163703]
783
[0.34419087]
784
[0.03561269]
785
[0.03294484]
786
[0.29083439]
787
[0.23125298]
788
[0.06229085]
789
[0.02494138]
790
[0.14410417]
791
[0.34952651]
792
[0.16366815]
793
[0.02583084]
794
[0.09074771]
795
[0.10675473]
796
[0.20902116]
797
[0.11386889]
798
[0.04717331]
799
[0.03561269]
800
[0.37887264]
801
[0.02227359]
802
[0.22858516]
803
[0.1618896]
804
[0.1583325]
805
[0.08630148]
806
[0.03472339]
807
[0.3255161]
808
[0.03027704]
809
[0.37620481]
810
[0.321959]
811
[0.0347234]
812
[0.07296214]
813
[0.03294484]
814
[0.32106973]
815
[0.10497613]
816
[0.08274436]
817
[0.35664072]
818
[0.22858517]
819
[0.0347234]
820
[0.27304891]
821
[0.02760916]
822
[0.04539482]
823
[0.04806257]
824
[0.01871651]
825
[0.23392081]
826
[0.2872773]
827
[0.0694052]
828
[0.03027704]
829
[0.05161956]
830
[0.3806512]
831
[0.06495867]
832
[0.33529812]
833
[0.03561269]
834
[0.02049506]
835
[0.34596941]
836
[0.03383411]
837
[0.39043323]
838
[0.25348484]
839
[0.03205557]
840
[0.02849853]
841
[0.15566467]
842
[0.16100037]
843
[0.34419086]
844
[0.13698993]
845
[0.23303156]
846
[0.36909057]
847
[0.34952651]
848
[0.0347234]
849
[0.02849838]
850
[0.02405205]
851
[0.38598685]
852
[0.38776541]
853
[0.06229085]
854
[0.30061641]
855
[0.04005902]
856
[0.13254356]
857
[0.08007633]
858
[0.02138434]
859
[0.24725992]
860
[0.19390346]
861
[0.38598687]
862
[0.02849853]
863
[0.03561268]
864
[0.14054707]
865
[0.33885521]
866
[0.02938774]
867
[0.03294494]
868
[0.32551609]
869
[0.37086911]
870
[0.1583325]
871
[0.02671986]
872
[0.04005913]
873
[0.02405203]
874
[0.11831517]
875
[0.03205554]
876
[0.07207313]
877
[0.34508013]
878
[0.20813186]
879
[0.30150569]
880
[0.02760927]
881
[0.03650202]
882
[0.13965775]
883
[0.02405203]
884
[0.20457479]
885
[0.24281355]
886
[0.03561267]
887
[0.09341558]
888
[0.21168895]
889
[0.07029447]
890
[0.2099104]
891
[0.31662335]
892
[0.35219434]
893
[0.03472339]
894
[0.17700729]
895
[0.04628396]
896
[0.2179139]
897
[0.30595206]
898
[0.01960577]
899
[0.16011105]
900
[0.03561264]
901
[0.35930854]
902
[0.02405222]
903
[0.03561269]
904
[0.19657132]
905
[0.36375491]
906
[0.02405216]
907
[0.02671985]
908
[0.06318028]
909
[0.05695531]
910
[0.02671991]
911
[0.06584794]
912
[0.02316289]
913
[0.31039841]
914
[0.39043323]
915
[0.14943981]
916
[0.35752999]
917
[0.02938778]
918
[0.02760929]
919
[0.15655395]
920
[0.39043323]
921
[0.32373753]
922
[0.38065115]
923
[0.15566468]
924
[0.02405202]
925
[0.03383411]
926
[0.01871651]
927
[0.0347234]
928
[0.02938772]
929
[0.04094828]
930
[0.34419086]
931
[0.03205557]
932
[0.03472339]
933
[0.34596941]
934
[0.03205557]
935
[0.3788726]
936
[0.39043321]
937
[0.07651937]
938
[0.18234289]
939
[0.02405207]
940
[0.39043321]
941
[0.24637068]
942
[0.34863724]
943
[0.16722528]
944
[0.0329449]
945
[0.12898652]
946
[0.02405202]
947
[0.03294484]
948
[0.0845228]
949
[0.02405209]
950
[0.39043323]
951
[0.0311663]
952
[0.18323218]
953
[0.08096571]
954
[0.35575144]
955
[0.11742591]
956
[0.28194162]
957
[0.03561267]
958
[0.10853316]
959
[0.11920454]
960
[0.04806247]
961
[0.1939035]
962
[0.23125301]
963
[0.18501076]
964
[0.02849857]
965
[0.05339823]
966
[0.02672006]
967
[0.36375492]
968
[0.37887262]
969
[0.02671999]
970
[0.15121831]
971
[0.18767858]
972
[0.09252627]
973
[0.02138433]
974
[0.07118371]
975
[0.14143635]
976
[0.04183761]
977
[0.36642275]
978
[0.07207299]
979
[0.10230836]
980
[0.01871651]
981
[0.02494164]
982
[0.20902113]
983
[0.38242971]
984
[0.02049507]
985
[0.18590003]
986
[0.156554]
987
[0.37175839]
988
[0.01871651]
989
[0.08185488]
990
[0.05517674]
991
[0.37887264]
992
[0.23303156]
993
[0.29883786]
994
[0.31395551]
995
[0.03650196]
996
[0.25615269]
997
[0.02405209]
998
[0.22591734]
999
[1] 0.09477804
[1] 0.09477804
[1] 0.09477804
[0.04539465]
1e-05
0
[0.0455817]
1
[0.24852557]
2
[0.0388667]
3
[0.18659781]
4
[0.37014262]
5
[0.10079436]
6
[0.32015281]
7
[0.3686504]
8
[0.21047358]
9
[0.30672263]
10
[0.03588228]
11
[0.04856617]
12
[0.0433434]
13
[0.03737442]
14
[0.047074]
15
[0.29627708]
16
[0.15600702]
17
[0.0455817]
18
[0.04259723]
19
[0.05975794]
20
[0.34402854]
21
[0.3447747]
22
[0.09855602]
23
[0.31343776]
24
[0.04856617]
25
[0.09706379]
26
[0.18659782]
27
[0.11422446]
28
[0.03588219]
29
[0.04707394]
30
[0.23509541]
31
[0.04707394]
32
[0.38208044]
33
[0.0455817]
34
[0.03364389]
35
[0.03439017]
36
[0.14705361]
37
[0.36790422]
38
[0.18435947]
39
[0.03737445]
40
[0.04856617]
41
[0.37909598]
42
[0.06796522]
43
[0.06572686]
44
[0.04931229]
45
[0.05378901]
46
[0.33507517]
47
[0.03662836]
48
[0.06572687]
49
[0.27911638]
50
[0.05677347]
51
[0.22017311]
52
[0.04334335]
53
[0.34775907]
54
[0.38133435]
55
[0.31866061]
56
[0.04334336]
57
[0.15451478]
58
[0.38282656]
59
[0.31492992]
60
[0.0455817]
61
[0.05453512]
62
[0.33656731]
63
[0.09631767]
64
[0.38133433]
65
[0.04185112]
66
[0.11422446]
67
[0.15227643]
68
[0.04408946]
69
[0.04334338]
70
[0.03364395]
71
[0.0336439]
72
[0.37536543]
73
[0.04707394]
74
[0.1291468]
75
[0.04782005]
76
[0.09109484]
77
[0.04782005]
78
[0.20152014]
79
[0.07169581]
80
[0.29776932]
81
[0.03812056]
82
[0.04782005]
83
[0.03364393]
84
[0.23733381]
85
[0.04483558]
86
[0.13511575]
87
[0.14108468]
88
[0.07691863]
89
[0.04259723]
90
[0.10452494]
91
[0.38058821]
92
[0.05975792]
93
[0.03737442]
94
[0.37909599]
95
[0.04035889]
96
[0.26717844]
97
[0.37611151]
98
[0.32089886]
99
[0.37461928]
100
[0.03737446]
101
[0.03737446]
102
[0.10527108]
103
[0.14257691]
104
[0.04334338]
105
[0.08512591]
106
[0.03364409]
107
[0.03662836]
108
[0.38282656]
109
[0.03364403]
110
[0.03886665]
111
[0.10750943]
112
[0.04259723]
113
[0.30672274]
114
[0.04334338]
115
[0.04558171]
116
[0.04632782]
117
[0.18585169]
118
[0.36790429]
119
[0.04707393]
120
[0.04259723]
121
[0.11571671]
122
[0.19405897]
123
[0.04334335]
124
[0.04707393]
125
[0.1284007]
126
[0.04259723]
127
[0.04632782]
128
[0.04483561]
129
[0.19182062]
130
[0.20898134]
131
[0.1865978]
132
[0.31418387]
133
[0.04483558]
134
[0.16421431]
135
[0.09557155]
136
[0.05453512]
137
[0.37685763]
138
[0.04856617]
139
[0.0455817]
140
[0.11049388]
141
[0.04558171]
142
[0.13511574]
143
[0.04408949]
144
[0.04259724]
145
[0.05751959]
146
[0.04707393]
147
[0.20748911]
148
[0.37536539]
149
[0.04408947]
150
[0.27911631]
151
[0.04632789]
152
[0.07766473]
153
[0.32686787]
154
[0.03438998]
155
[0.33059848]
156
[0.10750942]
157
[0.37387316]
158
[0.04707393]
159
[0.04185111]
160
[0.03588219]
161
[0.04408946]
162
[0.03364401]
163
[0.33656739]
164
[0.04110501]
165
[0.06498075]
166
[0.03886665]
167
[0.04782005]
168
[0.10974777]
169
[0.34775907]
170
[0.33955178]
171
[0.36268141]
172
[0.3007537]
173
[0.20972746]
174
[0.17465995]
175
[0.04259724]
176
[0.03961277]
177
[0.37984212]
178
[0.35969699]
179
[0.19032841]
180
[0.29553095]
181
[0.04782005]
182
[0.14406915]
183
[0.04782005]
184
[0.03513621]
185
[0.20972746]
186
[0.37163487]
187
[0.03289771]
188
[0.18361335]
189
[0.05453513]
190
[0.03438995]
191
[0.16496043]
192
[0.16197596]
193
[0.20674299]
194
[0.04632782]
195
[0.04408946]
196
[0.2798625]
197
[0.27538572]
198
[0.04931232]
199
[0.08736426]
200
[0.03812056]
201
[0.35148972]
202
[0.04632782]
203
[0.10750941]
204
[0.20226629]
205
[0.04782005]
206
[0.03364393]
207
[0.05975794]
208
[0.03588219]
209
[0.03364389]
210
[0.18510559]
211
[0.03513608]
212
[0.04259723]
213
[0.25822503]
214
[0.30149982]
215
[0.09034873]
216
[0.38208045]
217
[0.03439015]
218
[0.06498074]
219
[0.03812056]
220
[0.04334335]
221
[0.13810021]
222
[0.34253625]
223
[0.04856617]
224
[0.38282656]
225
[0.26941686]
226
[0.35447412]
227
[0.0455817]
228
[0.25673285]
229
[0.3402979]
230
[0.0433434]
231
[0.03364388]
232
[0.14854585]
233
[0.19704344]
234
[0.05378901]
235
[0.04185111]
236
[0.04782005]
237
[0.11049388]
238
[0.04707394]
239
[0.30149988]
240
[0.37685766]
241
[0.37536544]
242
[0.10974777]
243
[0.18435945]
244
[0.09034872]
245
[0.05901181]
246
[0.03513608]
247
[0.23658764]
248
[0.04483559]
249
[0.04782005]
250
[0.03364383]
251
[0.36417372]
252
[0.03513621]
253
[0.15376866]
254
[0.03364402]
255
[0.04110501]
256
[0.03662836]
257
[0.04185112]
258
[0.37760376]
259
[0.04782005]
260
[0.09780991]
261
[0.04782006]
262
[0.35596644]
263
[0.04707393]
264
[0.04632782]
265
[0.15899148]
266
[0.03961277]
267
[0.04185112]
268
[0.15749925]
269
[0.34626692]
270
[0.05080455]
271
[0.03961281]
272
[0.37163481]
273
[0.31940671]
274
[0.04334336]
275
[0.353728]
276
[0.04707394]
277
[0.32462944]
278
[0.32164508]
279
[0.08811038]
280
[0.04334335]
281
[0.04259723]
282
[0.0455817]
283
[0.37685763]
284
[0.10377884]
285
[0.04259724]
286
[0.37088875]
287
[0.29403873]
288
[0.38133435]
289
[0.04856617]
290
[0.37909598]
291
[0.05453512]
292
[0.0455817]
293
[0.03364409]
294
[0.06871133]
295
[0.36715811]
296
[0.04707393]
297
[0.13959244]
298
[0.38282656]
299
[0.32388342]
300
[0.04185112]
301
[0.15451478]
302
[0.04931232]
303
[0.04782006]
304
[0.03737445]
305
[0.21196578]
306
[0.38208046]
307
[0.34850518]
308
[0.32612174]
309
[0.37536539]
310
[0.05155066]
311
[0.31343769]
312
[0.03364398]
313
[0.03737442]
314
[0.37760376]
315
[0.31269157]
316
[0.0440895]
317
[0.13810021]
318
[0.06721909]
319
[0.33805955]
320
[0.04707393]
321
[0.0455817]
322
[0.04856617]
323
[0.04707393]
324
[0.12840069]
325
[0.03513609]
326
[0.20002791]
327
[0.35671253]
328
[0.04408949]
329
[0.04782005]
330
[0.24330269]
331
[0.04259727]
332
[0.35223577]
333
[0.03364405]
334
[0.06423464]
335
[0.04185111]
336
[0.04632782]
337
[0.34999753]
338
[0.06274241]
339
[0.31716827]
340
[0.04782006]
341
[0.08661815]
342
[0.23807991]
343
[0.04707393]
344
[0.36491984]
345
[0.26941686]
346
[0.04782005]
347
[0.06871133]
348
[0.03886667]
349
[0.35671254]
350
[0.38058824]
351
[0.08288756]
352
[0.14630749]
353
[0.09034873]
354
[0.04334336]
355
[0.10303273]
356
[0.38282656]
357
[0.04856621]
358
[0.03439018]
359
[0.37909601]
360
[0.07468028]
361
[0.24479498]
362
[0.04408947]
363
[0.16272207]
364
[0.04185116]
365
[0.09482543]
366
[0.18361336]
367
[0.38208045]
368
[0.04408957]
369
[0.14705361]
370
[0.03961277]
371
[0.07915698]
372
[0.04259724]
373
[0.03513607]
374
[0.32388332]
375
[0.10825554]
376
[0.30448428]
377
[0.22464977]
378
[0.33432896]
379
[0.32313721]
380
[0.37312704]
381
[0.3679043]
382
[0.08214145]
383
[0.03886665]
384
[0.04185112]
385
[0.33656731]
386
[0.04707393]
387
[0.36715818]
388
[0.04408954]
389
[0.37909598]
390
[0.07393416]
391
[0.06945744]
392
[0.04782005]
393
[0.14108468]
394
[0.03662831]
395
[0.05080455]
396
[0.37088874]
397
[0.36865041]
398
[0.04483559]
399
[0.04259723]
400
[0.37387316]
401
[0.16122983]
402
[0.37834989]
403
[0.12616234]
404
[0.0336439]
405
[0.04558178]
406
[0.17167547]
407
[0.23136482]
408
[0.28433913]
409
[0.04408947]
410
[0.37312708]
411
[0.06498075]
412
[0.20972743]
413
[0.32089895]
414
[0.30224593]
415
[0.03812056]
416
[0.20748908]
417
[0.04707393]
418
[0.31716836]
419
[0.28060861]
420
[0.34925137]
421
[0.35969698]
422
[0.04259724]
423
[0.08139533]
424
[0.37536541]
425
[0.08437979]
426
[0.03737444]
427
[0.04782005]
428
[0.04632782]
429
[0.37312711]
430
[0.38133433]
431
[0.04632782]
432
[0.33880573]
433
[0.03439014]
434
[0.03886665]
435
[0.03662831]
436
[0.04185111]
437
[0.04110505]
438
[0.37387316]
439
[0.296277]
440
[0.04185112]
441
[0.15003808]
442
[0.37685763]
443
[0.15675314]
444
[0.20077405]
445
[0.08288755]
446
[0.25225616]
447
[0.17167547]
448
[0.0448356]
449
[0.3746193]
450
[0.19331288]
451
[0.08288755]
452
[0.14630749]
453
[0.03438998]
454
[0.04110501]
455
[0.04558176]
456
[0.28135466]
457
[0.04856617]
458
[0.04483558]
459
[0.04035889]
460
[0.07841086]
461
[0.32239117]
462
[0.30149982]
463
[0.28210077]
464
[0.29030806]
465
[0.04259727]
466
[0.2030124]
467
[0.03438998]
468
[0.04408947]
469
[0.04334335]
470
[0.08437978]
471
[0.24927168]
472
[0.28433913]
473
[0.0455817]
474
[0.04408952]
475
[0.04259723]
476
[0.06796521]
477
[0.28881583]
478
[0.04632782]
479
[0.06125016]
480
[0.0582657]
481
[0.09333319]
482
[0.04259724]
483
[0.08363367]
484
[0.22688812]
485
[0.16794489]
486
[0.3731271]
487
[0.03438998]
488
[0.0478201]
489
[0.07468026]
490
[0.37461928]
491
[0.35148965]
492
[0.09333321]
493
[0.0478201]
494
[0.0455817]
495
[0.26867067]
496
[0.04782005]
497
[0.03812054]
498
[0.31791439]
499
[0.0455817]
500
[0.03886667]
501
[0.04334335]
502
[0.08214145]
503
[0.05975792]
504
[0.20226626]
505
[0.04707399]
506
[0.15227643]
507
[0.35671256]
508
[0.3492513]
509
[0.03439017]
510
[0.34253625]
511
[0.04856617]
512
[0.17988275]
513
[0.04110501]
514
[0.04707393]
515
[0.26419397]
516
[0.12168563]
517
[0.15899148]
518
[0.04558179]
519
[0.04782006]
520
[0.21495025]
521
[0.2522561]
522
[0.16421431]
523
[0.37312704]
524
[0.03438998]
525
[0.04185112]
526
[0.04931233]
527
[0.03364411]
528
[0.14033856]
529
[0.31269166]
530
[0.35895082]
531
[0.05080452]
532
[0.3746193]
533
[0.33358294]
534
[0.09109484]
535
[0.37238095]
536
[0.09855602]
537
[0.24330269]
538
[0.04483558]
539
[0.08661815]
540
[0.33656738]
541
[0.04185111]
542
[0.04632783]
543
[0.04408947]
544
[0.03588219]
545
[0.04483559]
546
[0.04632782]
547
[0.23360321]
548
[0.36044312]
549
[0.04035889]
550
[0.37984212]
551
[0.38058821]
552
[0.05602734]
553
[0.03364411]
554
[0.38282656]
555
[0.38208046]
556
[0.0358822]
557
[0.2612095]
558
[0.09407932]
559
[0.04782005]
560
[0.34552081]
561
[0.18585171]
562
[0.0582657]
563
[0.23584157]
564
[0.35447421]
565
[0.03513621]
566
[0.27389349]
567
[0.04035889]
568
[0.04259726]
569
[0.34179013]
570
[0.31194545]
571
[0.23807987]
572
[0.04707393]
573
[0.20450464]
574
[0.38282656]
575
[0.03364411]
576
[0.11944728]
577
[0.3201528]
578
[0.19555123]
579
[0.36715815]
580
[0.04259727]
581
[0.04185112]
582
[0.04707393]
583
[0.0455817]
584
[0.26643232]
585
[0.13660798]
586
[0.04035889]
587
[0.03588219]
588
[0.03812056]
589
[0.03513621]
590
[0.08064921]
591
[0.38208045]
592
[0.04782005]
593
[0.09631765]
594
[0.08587203]
595
[0.37536543]
596
[0.04185112]
597
[0.36641199]
598
[0.35745863]
599
[0.06498074]
600
[0.04558171]
601
[0.19629732]
602
[0.04259724]
603
[0.04259724]
604
[0.35223577]
605
[0.37760374]
606
[0.3097071]
607
[0.03886667]
608
[0.38208045]
609
[0.03961277]
610
[0.0448356]
611
[0.04632782]
612
[0.38282656]
613
[0.15899148]
614
[0.15824536]
615
[0.34552072]
616
[0.20226626]
617
[0.37014257]
618
[0.03364408]
619
[0.33507508]
620
[0.20525076]
621
[0.08139533]
622
[0.04185112]
623
[0.06050405]
624
[0.36939646]
625
[0.04558171]
626
[0.20898131]
627
[0.04483558]
628
[0.26046338]
629
[0.36715811]
630
[0.07691861]
631
[0.04856617]
632
[0.28583143]
633
[0.35745859]
634
[0.03513608]
635
[0.19032839]
636
[0.04931229]
637
[0.04185111]
638
[0.33507508]
639
[0.28359301]
640
[0.33283673]
641
[0.37611154]
642
[0.03439015]
643
[0.25001775]
644
[0.03737446]
645
[0.22464981]
646
[0.04259723]
647
[0.06050404]
648
[0.04408955]
649
[0.22688816]
650
[0.05751959]
651
[0.04185111]
652
[0.17092936]
653
[0.17018324]
654
[0.03961277]
655
[0.04185112]
656
[0.05751959]
657
[0.15451478]
658
[0.03364397]
659
[0.04782005]
660
[0.04259724]
661
[0.09333319]
662
[0.3798421]
663
[0.03364389]
664
[0.11347836]
665
[0.24181051]
666
[0.16645266]
667
[0.3007537]
668
[0.24181046]
669
[0.0358822]
670
[0.04856617]
671
[0.04632782]
672
[0.03513608]
673
[0.15600702]
674
[0.353728]
675
[0.04110505]
676
[0.04185111]
677
[0.12765457]
678
[0.03289772]
679
[0.0455817]
680
[0.04707393]
681
[0.0336439]
682
[0.37611153]
683
[0.03513621]
684
[0.06647299]
685
[0.04632783]
686
[0.26792462]
687
[0.04408946]
688
[0.04334335]
689
[0.07244191]
690
[0.38133433]
691
[0.20226629]
692
[0.05751959]
693
[0.11198612]
694
[0.25822503]
695
[0.38208045]
696
[0.09482543]
697
[0.03662832]
698
[0.3007537]
699
[0.18809005]
700
[0.03439018]
701
[0.18137499]
702
[0.04259724]
703
[0.05080452]
704
[0.08736426]
705
[0.35223577]
706
[0.03438998]
707
[0.35522033]
708
[0.03662831]
709
[0.37760376]
710
[0.38208045]
711
[0.04110501]
712
[0.1201934]
713
[0.09333319]
714
[0.04259724]
715
[0.35298189]
716
[0.36268141]
717
[0.33731343]
718
[0.37834986]
719
[0.21345801]
720
[0.37909601]
721
[0.16197595]
722
[0.22315754]
723
[0.03364399]
724
[0.04185111]
725
[0.20375852]
726
[0.04483559]
727
[0.04185112]
728
[0.03662831]
729
[0.23360322]
730
[0.04782005]
731
[0.06050405]
732
[0.08512592]
733
[0.03513608]
734
[0.27389356]
735
[0.03662831]
736
[0.11870118]
737
[0.04259724]
738
[0.37685763]
739
[0.11198613]
740
[0.04707394]
741
[0.13586186]
742
[0.04782005]
743
[0.04782006]
744
[0.37387316]
745
[0.24255658]
746
[0.34402855]
747
[0.03737442]
748
[0.36939651]
749
[0.30075377]
750
[0.041105]
751
[0.04632782]
752
[0.2127119]
753
[0.38058823]
754
[0.26941679]
755
[0.04185112]
756
[0.30224601]
757
[0.03961278]
758
[0.31642224]
759
[0.04185111]
760
[0.22763424]
761
[0.36865037]
762
[0.17839053]
763
[0.15824536]
764
[0.181375]
765
[0.16272207]
766
[0.22688816]
767
[0.03812056]
768
[0.04408946]
769
[0.3582047]
770
[0.2746396]
771
[0.0843798]
772
[0.31045332]
773
[0.04856617]
774
[0.20898131]
775
[0.0321516]
776
[0.05901181]
777
[0.13436963]
778
[0.15227643]
779
[0.03364417]
780
[0.03961277]
781
[0.0455817]
782
[0.21942698]
783
[0.37014263]
784
[0.0440895]
785
[0.37834986]
786
[0.34552081]
787
[0.33432905]
788
[0.03513607]
789
[0.13213127]
790
[0.06274239]
791
[0.3141839]
792
[0.19256674]
793
[0.33880574]
794
[0.04707394]
795
[0.05677347]
796
[0.04707394]
797
[0.05229675]
798
[0.31940662]
799
[0.03662832]
800
[0.03588228]
801
[0.04110501]
802
[0.04707394]
803
[0.22688812]
804
[0.25449445]
805
[0.18809004]
806
[0.12541622]
807
[0.04408947]
808
[0.28359301]
809
[0.03737446]
810
[0.03364396]
811
[0.17839052]
812
[0.34999742]
813
[0.37387318]
814
[0.17092935]
815
[0.1597376]
816
[0.23211098]
817
[0.23360317]
818
[0.07169581]
819
[0.2373338]
820
[0.06796521]
821
[0.03364393]
822
[0.36715819]
823
[0.37685765]
824
[0.04782005]
825
[0.04856617]
826
[0.04259724]
827
[0.04558178]
828
[0.04856617]
829
[0.15899148]
830
[0.20002791]
831
[0.03513621]
832
[0.30597652]
833
[0.08587203]
834
[0.37238099]
835
[0.26344791]
836
[0.27016297]
837
[0.36641199]
838
[0.37984212]
839
[0.04035889]
840
[0.04185112]
841
[0.04707393]
842
[0.36641204]
843
[0.24479493]
844
[0.31642215]
845
[0.0455817]
846
[0.38282656]
847
[0.14332303]
848
[0.05901181]
849
[0.0433434]
850
[0.36715811]
851
[0.05378901]
852
[0.04035889]
853
[0.04334335]
854
[0.2567328]
855
[0.13884633]
856
[0.0455817]
857
[0.2701629]
858
[0.14779973]
859
[0.04259723]
860
[0.04632783]
861
[0.29478476]
862
[0.11870117]
863
[0.04408949]
864
[0.04259723]
865
[0.04110505]
866
[0.34179013]
867
[0.24628722]
868
[0.17615217]
869
[0.03439013]
870
[0.03364389]
871
[0.04782006]
872
[0.06050405]
873
[0.04856617]
874
[0.18883616]
875
[0.37163486]
876
[0.23434934]
877
[0.26941679]
878
[0.38133433]
879
[0.05229678]
880
[0.04856617]
881
[0.25449451]
882
[0.04185112]
883
[0.17689829]
884
[0.13884632]
885
[0.04334335]
886
[0.04185111]
887
[0.03439018]
888
[0.04483559]
889
[0.06945746]
890
[0.3701426]
891
[0.04483558]
892
[0.379096]
893
[0.05155066]
894
[0.04259727]
895
[0.08811038]
896
[0.26941679]
897
[0.04334338]
898
[0.37984211]
899
[0.04408949]
900
[0.04483559]
901
[0.0448356]
902
[0.04483558]
903
[0.04782005]
904
[0.35298198]
905
[0.13586186]
906
[0.25822503]
907
[0.18958229]
908
[0.03588219]
909
[0.0336439]
910
[0.04483559]
911
[0.04632782]
912
[0.03513621]
913
[0.06199627]
914
[0.31045322]
915
[0.04632782]
916
[0.03364383]
917
[0.36715818]
918
[0.0448356]
919
[0.17391382]
920
[0.04185111]
921
[0.38058821]
922
[0.15153032]
923
[0.33432907]
924
[0.05304289]
925
[0.28210077]
926
[0.04259723]
927
[0.04334335]
928
[0.09034874]
929
[0.03513621]
930
[0.04035889]
931
[0.05528122]
932
[0.09706379]
933
[0.04259723]
934
[0.25076393]
935
[0.194059]
936
[0.32089886]
937
[0.04782005]
938
[0.04782005]
939
[0.16197595]
940
[0.35596643]
941
[0.11347835]
942
[0.04185111]
943
[0.04707394]
944
[0.38058824]
945
[0.34552072]
946
[0.14929196]
947
[0.03513608]
948
[0.04259724]
949
[0.1463075]
950
[0.34552082]
951
[0.03588228]
952
[0.03364392]
953
[0.04632782]
954
[0.03364406]
955
[0.35895087]
956
[0.38208045]
957
[0.04632782]
958
[0.34701295]
959
[0.04408955]
960
[0.04185111]
961
[0.37834986]
962
[0.04707394]
963
[0.04259723]
964
[0.34925137]
965
[0.29254649]
966
[0.11347835]
967
[0.26344785]
968
[0.05378901]
969
[0.03438998]
970
[0.37461931]
971
[0.17615217]
972
[0.05453512]
973
[0.08214145]
974
[0.11273224]
975
[0.03364397]
976
[0.04483558]
977
[0.06647298]
978
[0.18062888]
979
[0.2656862]
980
[0.13213128]
981
[0.37387316]
982
[0.06945746]
983
[0.04707393]
984
[0.0455817]
985
[0.17167547]
986
[0.09855603]
987
[0.04110501]
988
[0.20599685]
989
[0.04259723]
990
[0.0455817]
991
[0.04259723]
992
[0.04483559]
993
[0.32537566]
994
[0.04259724]
995
[0.07841086]
996
[0.04259723]
997
[0.04782006]
998
[0.04408946]
999
[1] 0.1102323
[1] 0.1102323
[1] 0.1102323
[0.04259723]
1e-05
0
[0.05580047]
1
[0.26911239]
2
[0.05090841]
3
[0.14680073]
4
[0.2818328]
5
[0.07145667]
6
[0.29161773]
7
[0.11451046]
8
[0.22605868]
9
[0.28868225]
10
[0.28770376]
11
[0.13016635]
12
[0.0518869]
13
[0.16637063]
14
[0.09494052]
15
[0.28966074]
16
[0.18398348]
17
[0.28966074]
18
[0.26813389]
19
[0.10472556]
20
[0.1693061]
21
[0.21627376]
22
[0.05482238]
23
[0.16734912]
24
[0.18398348]
25
[0.26813389]
26
[0.05677937]
27
[0.25639198]
28
[0.04210199]
29
[0.21823075]
30
[0.05090841]
31
[0.05482237]
32
[0.20942432]
33
[0.25737047]
34
[0.04112341]
35
[0.09983318]
36
[0.04503747]
37
[0.04308044]
38
[0.28672526]
39
[0.04405898]
40
[0.28868224]
41
[0.05090841]
42
[0.0499299]
43
[0.05580087]
44
[0.17028457]
45
[0.06167187]
46
[0.23975759]
47
[0.25052103]
48
[0.10668251]
49
[0.08026346]
50
[0.09298361]
51
[0.04895143]
52
[0.29161773]
53
[0.25834898]
54
[0.13310183]
55
[0.28672527]
56
[0.05775771]
57
[0.06167186]
58
[0.27987581]
59
[0.11157498]
60
[0.0528654]
61
[0.10374703]
62
[0.16734909]
63
[0.11157504]
64
[0.09004814]
65
[0.24073608]
66
[0.05090841]
67
[0.04895142]
68
[0.17615555]
69
[0.24856403]
70
[0.05090841]
71
[0.17322007]
72
[0.09689767]
73
[0.09004813]
74
[0.03818802]
75
[0.23584363]
76
[0.08222032]
77
[0.0518869]
78
[0.05580086]
79
[0.18202651]
80
[0.19278993]
81
[0.22018773]
82
[0.18496199]
83
[0.08613416]
84
[0.04405896]
85
[0.08515567]
86
[0.20453185]
87
[0.20551033]
88
[0.18985444]
89
[0.05286541]
90
[0.04112343]
91
[0.28770376]
92
[0.05090841]
93
[0.09298348]
94
[0.10374704]
95
[0.07439225]
96
[0.04895122]
97
[0.06754292]
98
[0.0528654]
99
[0.03818795]
100
[0.2260587]
101
[0.05677937]
102
[0.22997267]
103
[0.05580086]
104
[0.19866089]
105
[0.04014495]
106
[0.04601591]
107
[0.28476827]
108
[0.12527388]
109
[0.04308047]
110
[0.28868226]
111
[0.13799436]
112
[0.05580088]
113
[0.08809115]
114
[0.05580107]
115
[0.11548895]
116
[0.03720947]
117
[0.28672526]
118
[0.07341394]
119
[0.29161773]
120
[0.11059666]
121
[0.0558757]
122
[0.047973]
123
[0.15854265]
124
[0.16734912]
125
[0.28476828]
126
[0.12723087]
127
[0.05384389]
128
[0.09591918]
129
[0.19963937]
130
[0.24758555]
131
[0.05677936]
132
[0.29063924]
133
[0.04895123]
134
[0.21627375]
135
[0.05677901]
136
[0.05384388]
137
[0.04405896]
138
[0.0831987]
139
[0.20159635]
140
[0.05677937]
141
[0.23975759]
142
[0.28770374]
143
[0.2818328]
144
[0.05090841]
145
[0.15560721]
146
[0.18789747]
147
[0.036231]
148
[0.25149951]
149
[0.03916645]
150
[0.05580087]
151
[0.0724453]
152
[0.04014501]
153
[0.03818794]
154
[0.13016636]
155
[0.05286547]
156
[0.08222019]
157
[0.252478]
158
[0.0518869]
159
