LOADING R
R LOADED
[1] "/home/lvanderl/Rlibs2"                         
[2] "/app/software/R/4.3.1-gfbf-2022b/lib/R/library"
[1] "/home/lvanderl/sieveSims"
[1] "rf 5 2"
[1] "histogram binning"
[1] 0.18239
[1] 0.18239
[1] "mondrian"
[1] "iso"
[1] 0.18239
[1] "conditional"
[   10.            11.51395399    13.25711366    15.26417967
    17.57510625    20.23589648    23.29951811    26.82695795
    30.88843596    35.56480306    40.94915062    47.14866363
    54.28675439    62.50551925    71.9685673     82.86427729
    95.40954763   109.8541142    126.48552169   145.63484775
   167.68329368   193.06977289   222.29964825   255.95479227
   294.70517026   339.32217719   390.69399371   449.8432669
   517.94746792   596.36233166   686.648845     790.60432109
   910.29817799  1048.11313415  1206.79264064  1389.49549437
  1599.85871961  1842.06996933  2120.95088792  2442.05309455
  2811.76869797  3237.45754282  3727.59372031  4291.93426013
  4941.71336132  5689.86602902  6551.2855686   7543.12006335
  8685.11373751 10000.        ]
[0.28483602 0.28578934 0.28690675 0.28626943 0.28979553 0.29172354
 0.29609665 0.29480364 0.29669224 0.29703923 0.30126196 0.30315066
 0.30628197 0.30420639 0.30876971 0.30630273 0.31370407 0.33017256
 0.33125116 0.35620667 0.3375058  0.36746867 0.37169785 0.38633739
 0.35907887 0.41258978 0.40734023 0.40962118 0.43317986 0.44613049
 0.52575418 0.50280559 0.58657212 0.63828581 0.66086009 0.78927709
 0.87283075 0.98854743 1.06000754 0.89932804 1.19662778 1.16325825
 1.6179826  1.8161299  2.02394287 1.91948918 2.52900153 3.11432767
 2.92961348 3.16571502]
10.0
0.1
0
[0.19336299]
1
[0.20094375]
2
[0.24500956]
3
[0.21920274]
4
[0.17232437]
5
[0.1594469]
6
[0.20681951]
7
[0.18398865]
8
[0.20922764]
9
[0.19368038]
10
[0.1924717]
11
[0.16046507]
12
[0.22680072]
13
[0.30277425]
14
[0.22059687]
15
[0.14540788]
16
[0.21585385]
17
[0.15587343]
18
[0.12691669]
19
[0.20831214]
20
[0.20345503]
21
[0.17700521]
22
[0.17521347]
23
[0.1647667]
24
[0.28011244]
25
[0.21103602]
26
[0.19225488]
27
[0.14911157]
28
[0.17452852]
29
[0.17350902]
30
[0.2070024]
31
[0.16868532]
32
[0.16537433]
33
[0.14069781]
34
[0.24202278]
35
[0.19339655]
36
[0.3545731]
37
[0.17183006]
38
[0.19276874]
39
[0.31418365]
40
[0.16823446]
41
[0.27580056]
42
[0.21706447]
43
[0.22259501]
44
[0.14602883]
45
[0.21282442]
46
[0.16741573]
47
[0.25327174]
48
[0.14822857]
49
[0.13847486]
50
[0.22957896]
51
[0.14794681]
52
[0.14885284]
53
[0.26534131]
54
[0.28204836]
55
[0.16703571]
56
[0.23694217]
57
[0.16854111]
58
[0.34397157]
59
[0.25538771]
60
[0.18118289]
61
[0.33209914]
62
[0.21495172]
63
[0.18758198]
64
[0.25923606]
65
[0.17190751]
66
[0.23448414]
67
[0.16325242]
68
[0.26804658]
69
[0.17781931]
70
[0.20208738]
71
[0.18303318]
72
[0.29435341]
73
[0.166667]
74
[0.14779399]
75
[0.21329423]
76
[0.24186994]
77
[0.33892625]
78
[0.28902265]
79
[0.22004826]
80
[0.18792015]
81
[0.19746634]
82
[0.26075508]
83
[0.22133266]
84
[0.22365803]
85
[0.11715952]
86
[0.35330588]
87
[0.2593195]
88
[0.29156021]
89
[0.12338011]
90
[0.10483134]
91
[0.24232147]
92
[0.17890028]
93
[0.2278555]
94
[0.23891197]
95
[0.14831341]
96
[0.1714702]
97
[0.15481703]
98
[0.17809173]
99
[0.15723426]
100
[0.20226101]
101
[0.13788649]
102
[0.09307098]
103
[0.2098459]
104
[0.24740251]
105
[0.2381187]
106
[0.2367493]
107
[0.17979209]
108
[0.13013897]
109
[0.13797126]
110
[0.22190189]
111
[0.13137825]
112
[0.2269356]
113
[0.19822431]
114
[0.2620829]
115
[0.28259879]
116
[0.24763343]
117
[0.27666138]
118
[0.13701787]
119
[0.14480268]
120
[0.16820208]
121
[0.31082514]
122
[0.14073611]
123
[0.12762712]
124
[0.1738305]
125
[0.19707079]
126
[0.28597699]
127
[0.16282263]
128
[0.1814084]
129
[0.1473015]
130
[0.21593469]
131
[0.26084477]
132
[0.1235694]
133
[0.27997676]
134
[0.3063309]
135
[0.14980627]
136
[0.18690191]
137
[0.20520568]
138
[0.20512424]
139
[0.15320751]
140
[0.17583035]
141
[0.12710178]
142
[0.22827282]
143
[0.19765766]
144
[0.22477573]
145
[0.2006347]
146
[0.17353827]
147
[0.25965605]
148
[0.17745028]
149
[0.15455063]
150
[0.14263747]
151
[0.22741126]
152
[0.21165387]
153
[0.18122771]
154
[0.14692003]
155
[0.20781071]
156
[0.15680089]
157
[0.20901282]
158
[0.17862826]
159
[0.18542894]
160
[0.21867704]
161
[0.16727187]
162
[0.18696563]
163
[0.33952827]
164
[0.14016104]
165
[0.21568546]
166
[0.13508946]
167
[0.21813961]
168
[0.15331014]
169
[0.27246415]
170
[0.19868166]
171
[0.10456624]
172
[0.17493298]
173
[0.29515197]
174
[0.20225966]
175
[0.16934898]
176
[0.2723355]
177
[0.19434117]
178
[0.24659516]
179
[0.14875926]
180
[0.19052887]
181
[0.27484384]
182
[0.16580565]
183
[0.17119806]
184
[0.19764005]
185
[0.19382871]
186
[0.25410641]
187
[0.17131101]
188
[0.17569613]
189
[0.24663818]
190
[0.14846627]
191
[0.16629556]
192
[0.06841043]
193
[0.23276286]
194
[0.30352275]
195
[0.21742148]
196
[0.20316865]
197
[0.23689903]
198
[0.12172102]
199
[0.16169663]
200
[0.16020087]
201
[0.12324072]
202
[0.1456146]
203
[0.12488628]
204
[0.17695083]
205
[0.13909427]
206
[0.18255336]
207
[0.22389166]
208
[0.16976295]
209
[0.17128145]
210
[0.16424543]
211
[0.15068669]
212
[0.13223566]
213
[0.22016209]
214
[0.14742778]
215
[0.28558211]
216
[0.16594594]
217
[0.13868219]
218
[0.09720713]
219
[0.13053625]
220
[0.20171916]
221
[0.26271065]
222
[0.14023158]
223
[0.14695457]
224
[0.16673675]
225
[0.21318036]
226
[0.15404929]
227
[0.14296972]
228
[0.23435513]
229
[0.26157439]
230
[0.15400977]
231
[0.14542236]
232
[0.30374105]
233
[0.22520025]
234
[0.21214082]
235
[0.34596657]
236
[0.179935]
237
[0.21528753]
238
[0.25365924]
239
[0.2810854]
240
[0.17356775]
241
[0.12573779]
242
[0.2112569]
243
[0.26653866]
244
[0.17850612]
245
[0.12820032]
246
[0.20123793]
247
[0.22114484]
248
[0.16176427]
249
[0.3235508]
250
[0.18592353]
251
[0.2251932]
252
[0.15709833]
253
[0.16836222]
254
[0.08555471]
255
[0.21612645]
256
[0.18716775]
257
[0.15788443]
258
[0.14092092]
259
[0.15189614]
260
[0.14973355]
261
[0.22776702]
262
[0.14137809]
263
[0.12404911]
264
[0.14457486]
265
[0.21544707]
266
[0.1487591]
267
[0.17303635]
268
[0.26656321]
269
[0.23697865]
270
[0.14989132]
271
[0.14691383]
272
[0.30300428]
273
[0.15177778]
274
[0.17099334]
275
[0.23040396]
276
[0.27451492]
277
[0.16984804]
278
[0.14159666]
279
[0.15711167]
280
[0.14423635]
281
[0.2014634]
282
[0.15276547]
283
[0.14509392]
284
[0.26630473]
285
[0.26437582]
286
[0.14956588]
287
[0.20620431]
288
[0.18498978]
289
[0.10418263]
290
[0.18665091]
291
[0.22861757]
292
[0.24285139]
293
[0.17370235]
294
[0.19333968]
295
[0.22811949]
296
[0.19748421]
297
[0.181985]
298
[0.16749683]
299
[0.19039566]
300
[0.12963697]
301
[0.28983303]
302
[0.13497816]
303
[0.17257459]
304
[0.21976381]
305
[0.24661892]
306
[0.21220052]
307
[0.16012326]
308
[0.350858]
309
[0.23793533]
310
[0.17640004]
311
[0.22774882]
312
[0.22892996]
313
[0.18984038]
314
[0.18020983]
315
[0.10630336]
316
[0.25873997]
317
[0.22779415]
318
[0.15562777]
319
[0.12826882]
320
[0.21231604]
321
[0.22042343]
322
[0.16590132]
323
[0.17349755]
324
[0.20508117]
325
[0.20040348]
326
[0.17677702]
327
[0.29623261]
328
[0.17297811]
329
[0.16384239]
330
[0.16853232]
331
[0.31243558]
332
[0.23193896]
333
[0.22386694]
334
[0.17022675]
335
[0.24171552]
336
[0.29690984]
337
[0.2698686]
338
[0.14554038]
339
[0.16400007]
340
[0.29466696]
341
[0.20907297]
342
[0.21465872]
343
[0.20413336]
344
[0.15145877]
345
[0.20443575]
346
[0.3352099]
347
[0.21897784]
348
[0.14908931]
349
[0.26479705]
350
[0.23090143]
351
[0.19267066]
352
[0.24171144]
353
[0.24808967]
354
[0.28749117]
355
[0.17758661]
356
[0.18673125]
357
[0.11919738]
358
[0.18497412]
359
[0.17516958]
360
[0.15158278]
361
[0.15886066]
362
[0.22319452]
363
[0.17671464]
364
[0.22482108]
365
[0.19045812]
366
[0.21252967]
367
[0.23820926]
368
[0.14858616]
369
[0.24083935]
370
[0.16111782]
371
[0.24101115]
372
[0.18576824]
373
[0.1818335]
374
[0.11785914]
375
[0.19361]
376
[0.12929548]
377
[0.19060638]
378
[0.15357654]
379
[0.20248427]
380
[0.24714217]
381
[0.18867677]
382
[0.15851814]
383
[0.23821698]
384
[0.16998785]
385
[0.24027245]
386
[0.33238157]
387
[0.1756954]
388
[0.21129649]
389
[0.17114679]
390
[0.22909843]
391
[0.19659721]
392
[0.19845395]
393
[0.32231824]
394
[0.17651662]
395
[0.21047597]
396
[0.16760523]
397
[0.27769422]
398
[0.23308525]
399
[0.19076461]
400
[0.20261952]
401
[0.16094116]
402
[0.20185556]
403
[0.17961756]
404
[0.25807263]
405
[0.23598604]
406
[0.29515932]
407
[0.15342513]
408
[0.198786]
409
[0.1857509]
410
[0.15101833]
411
[0.10997191]
412
[0.15349743]
413
[0.20613708]
414
[0.17751366]
415
[0.14059244]
416
[0.17133722]
417
[0.21664464]
418
[0.26431064]
419
[0.25322788]
420
[0.14042039]
421
[0.23622292]
422
[0.1473938]
423
[0.18028025]
424
[0.17144825]
425
[0.17818002]
426
[0.16853423]
427
[0.10521311]
428
[0.17616174]
429
[0.13536384]
430
[0.23757231]
431
[0.24288669]
432
[0.20274142]
433
[0.23548039]
434
[0.14768452]
435
[0.15630719]
436
[0.18692028]
437
[0.2168376]
438
[0.14295105]
439
[0.17296081]
440
[0.23756413]
441
[0.16481861]
442
[0.19106182]
443
[0.12569649]
444
[0.18027956]
445
[0.21953679]
446
[0.20020516]
447
[0.12960926]
448
[0.16938316]
449
[0.1540409]
450
[0.29011178]
451
[0.23133867]
452
[0.21933053]
453
[0.20480662]
454
[0.20971403]
455
[0.1654367]
456
[0.21046505]
457
[0.19600597]
458
[0.21694577]
459
[0.32362869]
460
[0.15410816]
461
[0.14906348]
462
[0.152673]
463
[0.16315667]
464
[0.24579598]
465
[0.21276073]
466
[0.16270337]
467
[0.22266858]
468
[0.15418145]
469
[0.342129]
470
[0.16673356]
471
[0.2106715]
472
[0.23277648]
473
[0.19687838]
474
[0.17434714]
475
[0.19219767]
476
[0.22313461]
477
[0.19681721]
478
[0.19892723]
479
[0.3056849]
480
[0.24020292]
481
[0.35060366]
482
[0.23394572]
483
[0.2675422]
484
[0.2522278]
485
[0.25520921]
486
[0.18263298]
487
[0.25186493]
488
[0.26020492]
489
[0.22104218]
490
[0.18947003]
491
[0.2333687]
492
[0.21426733]
493
[0.17909725]
494
[0.14024482]
495
[0.17480135]
496
[0.18456888]
497
[0.14596622]
498
[0.17170371]
499
[0.14338562]
500
[0.17029539]
501
[0.13827151]
502
[0.28318073]
503
[0.14054412]
504
[0.1676412]
505
[0.16753249]
506
[0.33014868]
507
[0.19689073]
508
[0.1380671]
509
[0.21167408]
510
[0.1678332]
511
[0.22777286]
512
[0.19279475]
513
[0.24132984]
514
[0.16381603]
515
[0.19126723]
516
[0.08409628]
517
[0.18058367]
518
[0.19718284]
519
[0.27146525]
520
[0.2196093]
521
[0.1994989]
522
[0.25005931]
523
[0.24005646]
524
[0.29647632]
525
[0.26629534]
526
[0.16131827]
527
[0.16127231]
528
[0.1399154]
529
[0.28617419]
530
[0.19886172]
531
[0.14385205]
532
[0.21042606]
533
[0.19795477]
534
[0.1258411]
535
[0.22131443]
536
[0.17668613]
537
[0.16506208]
538
[0.20890706]
539
[0.17220401]
540
[0.1760721]
541
[0.17351268]
542
[0.13090288]
543
[0.17429145]
544
[0.25000323]
545
[0.2223447]
546
[0.16963244]
547
[0.13573638]
548
[0.09471647]
549
[0.24067253]
550
[0.18237808]
551
[0.16099675]
552
[0.20392577]
553
[0.22963948]
554
[0.14530018]
555
[0.14779416]
556
[0.27463223]
557
[0.19239394]
558
[0.16677968]
559
[0.21886407]
560
[0.21806635]
561
[0.16741326]
562
[0.24409568]
563
[0.15963302]
564
[0.15152242]
565
[0.20296359]
566
[0.17366085]
567
[0.17695619]
568
[0.24098363]
569
[0.25478811]
570
[0.17806934]
571
[0.1772678]
572
[0.07287921]
573
[0.15321907]
574
[0.15775052]
575
[0.20161991]
576
[0.1671086]
577
[0.14218335]
578
[0.21573975]
579
[0.27009264]
580
[0.23971711]
581
[0.23684603]
582
[0.19417188]
583
[0.25128535]
584
[0.16212602]
585
[0.16008322]
586
[0.28664568]
587
[0.26158173]
588
[0.18385643]
589
[0.20151926]
590
[0.2103836]
591
[0.14576231]
592
[0.15727119]
593
[0.17614773]
594
[0.22506089]
595
[0.1771816]
596
[0.16144114]
597
[0.21094739]
598
[0.22315315]
599
[0.26641226]
600
[0.14053514]
601
[0.26373272]
602
[0.24228927]
603
[0.36085477]
604
[0.25411435]
605
[0.31972758]
606
[0.23879651]
607
[0.14910463]
608
[0.22402033]
609
[0.23449089]
610
[0.29838834]
611
[0.25388657]
612
[0.14481601]
613
[0.17310592]
614
[0.17795778]
615
[0.18654471]
616
[0.20945053]
617
[0.22018463]
618
[0.17365536]
619
[0.27289121]
620
[0.1995709]
621
[0.34041843]
622
[0.12249431]
623
[0.23786548]
624
[0.24001154]
625
[0.2225694]
626
[0.18822379]
627
[0.11217773]
628
[0.30476023]
629
[0.10847989]
630
[0.20238814]
631
[0.22330049]
632
[0.2515124]
633
[0.23163231]
634
[0.17344269]
635
[0.18605178]
636
[0.26011305]
637
[0.21456904]
638
[0.18704651]
639
[0.17797407]
640
[0.1138734]
641
[0.16797348]
642
[0.1149604]
643
[0.2494836]
644
[0.2546016]
645
[0.12001387]
646
[0.23150608]
647
[0.31368469]
648
[0.13720149]
649
[0.12675818]
650
[0.16912074]
651
[0.36490852]
652
[0.16477125]
653
[0.1998488]
654
[0.18951394]
655
[0.2373663]
656
[0.17422944]
657
[0.28402166]
658
[0.28220831]
659
[0.21098214]
660
[0.11686938]
661
[0.15004698]
662
[0.22343102]
663
[0.14238972]
664
[0.23791124]
665
[0.2244709]
666
[0.2976943]
667
[0.21495973]
668
[0.26271875]
669
[0.27809736]
670
[0.17148505]
671
[0.17092605]
672
[0.22656806]
673
[0.21304193]
674
[0.22668572]
675
[0.20605768]
676
[0.17432558]
677
[0.19948962]
678
[0.2011286]
679
[0.2116167]
680
[0.24523157]
681
[0.17206008]
682
[0.29931389]
683
[0.16596537]
684
[0.11346409]
685
[0.18744325]
686
[0.15132979]
687
[0.18614182]
688
[0.16298018]
689
[0.17299999]
690
[0.19434128]
691
[0.18513986]
692
[0.21202773]
693
[0.2725717]
694
[0.21058381]
695
[0.14707424]
696
[0.32418432]
697
[0.23996092]
698
[0.2692773]
699
[0.22693144]
700
[0.24964688]
701
[0.18931262]
702
[0.15918481]
703
[0.10422668]
704
[0.297525]
705
[0.19605866]
706
[0.13928636]
707
[0.18294648]
708
[0.15474901]
709
[0.15841583]
710
[0.15176631]
711
[0.19675384]
712
[0.23655577]
713
[0.22600702]
714
[0.15200557]
715
[0.21711757]
716
[0.20643543]
717
[0.1912284]
718
[0.13386983]
719
[0.1990341]
720
[0.15270929]
721
[0.1667873]
722
[0.11611699]
723
[0.12182673]
724
[0.14334112]
725
[0.12334312]
726
[0.19520234]
727
[0.22841277]
728
[0.24708474]
729
[0.20352411]
730
[0.22539877]
731
[0.15314877]
732
[0.21441631]
733
[0.30365644]
734
[0.18924478]
735
[0.20906968]
736
[0.1997092]
737
[0.23285891]
738
[0.14556696]
739
[0.28059464]
740
[0.3667116]
741
[0.16573261]
742
[0.14408416]
743
[0.14577074]
744
[0.15636117]
745
[0.19456714]
746
[0.22861679]
747
[0.24623798]
748
[0.16504099]
749
[0.15216679]
750
[0.17281437]
751
[0.14868056]
752
[0.15585534]
753
[0.23955522]
754
[0.22310533]
755
[0.19591295]
756
[0.19382426]
757
[0.21982927]
758
[0.13771105]
759
[0.30378598]
760
[0.26479634]
761
[0.29305697]
762
[0.223208]
763
[0.20609176]
764
[0.22345828]
765
[0.12451409]
766
[0.24824916]
767
[0.28486536]
768
[0.35939916]
769
[0.2668962]
770
[0.2699216]
771
[0.2384918]
772
[0.20376317]
773
[0.24059123]
774
[0.17711776]
775
[0.16926402]
776
[0.19059986]
777
[0.15742576]
778
[0.2189995]
779
[0.13557465]
780
[0.28871331]
781
[0.19801877]
782
[0.23076518]
783
[0.16274721]
784
[0.30625084]
785
[0.23540709]
786
[0.15792475]
787
[0.24362341]
788
[0.2487824]
789
[0.17844644]
790
[0.26395198]
791
[0.21275681]
792
[0.16350192]
793
[0.31613137]
794
[0.32962108]
795
[0.25361163]
796
[0.12967799]
797
[0.16227364]
798
[0.23446064]
799
[0.24646193]
800
[0.19367701]
801
[0.16809062]
802
[0.13299316]
803
[0.10689169]
804
[0.21303002]
805
[0.24664624]
806
[0.1970931]
807
[0.22469271]
808
[0.14853745]
809
[0.16799223]
810
[0.13753757]
811
[0.17673599]
812
[0.13505913]
813
[0.12029582]
814
[0.17991416]
815
[0.15801279]
816
[0.26349875]
817
[0.14745621]
818
[0.2027717]
819
[0.31636061]
820
[0.17888079]
821
[0.19488758]
822
[0.15508377]
823
[0.18774498]
824
[0.28762821]
825
[0.17482363]
826
[0.15225983]
827
[0.20686748]
828
[0.2014345]
829
[0.26485202]
830
[0.16111143]
831
[0.30392791]
832
[0.28690924]
833
[0.1689878]
834
[0.16377181]
835
[0.19150293]
836
[0.13142317]
837
[0.17514122]
838
[0.21522654]
839
[0.17363489]
840
[0.15608958]
841
[0.31783253]
842
[0.19576668]
843
[0.23711964]
844
[0.20240024]
845
[0.19673791]
846
[0.16101326]
847
[0.2600113]
848
[0.15785473]
849
[0.19258809]
850
[0.23888111]
851
[0.21417231]
852
[0.30742821]
853
[0.28496649]
854
[0.18410833]
855
[0.28479581]
856
[0.1701125]
857
[0.20709438]
858
[0.21773899]
859
[0.23347951]
860
[0.33880947]
861
[0.18932221]
862
[0.14817815]
863
[0.17905609]
864
[0.26278111]
865
[0.23750926]
866
[0.2280157]
867
[0.18261201]
868
[0.18497211]
869
[0.28541679]
870
[0.19884778]
871
[0.21440919]
872
[0.15057726]
873
[0.18055949]
874
[0.19757217]
875
[0.2154429]
876
[0.15890036]
877
[0.26716768]
878
[0.24558854]
879
[0.18823539]
880
[0.24213388]
881
[0.2211616]
882
[0.23860689]
883
[0.18616518]
884
[0.22385086]
885
[0.18546186]
886
[0.20402685]
887
[0.24666084]
888
[0.30117046]
889
[0.37017644]
890
[0.24278069]
891
[0.18591991]
892
[0.15773538]
893
[0.27137876]
894
[0.27292569]
895
[0.17414416]
896
[0.20437637]
897
[0.23365418]
898
[0.14170982]
899
[0.16391494]
900
[0.19874366]
901
[0.19340668]
902
[0.16988564]
903
[0.22681903]
904
[0.20478589]
905
[0.13614845]
906
[0.2777754]
907
[0.20589378]
908
[0.28152792]
909
[0.14274452]
910
[0.15045234]
911
[0.17415876]
912
[0.17629498]
913
[0.17042964]
914
[0.18532501]
915
[0.14358157]
916
[0.31543102]
917
[0.19000152]
918
[0.24546256]
919
[0.25253441]
920
[0.20045425]
921
[0.16917797]
922
[0.1883208]
923
[0.21336882]
924
[0.15126553]
925
[0.19450388]
926
[0.25659304]
927
[0.22016601]
928
[0.1519989]
929
[0.21471109]
930
[0.28326043]
931
[0.24372316]
932
[0.14779003]
933
[0.22956641]
934
[0.16148022]
935
[0.13069751]
936
[0.18927743]
937
[0.23045079]
938
[0.23299422]
939
[0.18232594]
940
[0.239007]
941
[0.1604887]
942
[0.14668583]
943
[0.20498551]
944
[0.15793696]
945
[0.21171715]
946
[0.1503012]
947
[0.23375966]
948
[0.20238729]
949
[0.1957893]
950
[0.20381226]
951
[0.18055663]
952
[0.18154183]
953
[0.18862422]
954
[0.22297705]
955
[0.22640699]
956
[0.13435362]
957
[0.18422457]
958
[0.28326724]
959
[0.24137323]
960
[0.25695265]
961
[0.22557474]
962
[0.29185685]
963
[0.20950922]
964
[0.19995066]
965
[0.14368423]
966
[0.29571557]
967
[0.23812475]
968
[0.17481371]
969
[0.28696639]
970
[0.21423662]
971
[0.2181475]
972
[0.25426058]
973
[0.20115255]
974
[0.15967064]
975
[0.16715561]
976
[0.19443594]
977
[0.19369726]
978
[0.16021015]
979
[0.20677126]
980
[0.25135537]
981
[0.17810079]
982
[0.17832895]
983
[0.23674049]
984
[0.14283696]
985
[0.18431323]
986
[0.15809949]
987
[0.21717832]
988
[0.22737672]
989
[0.23264492]
990
[0.18099535]
991
[0.17411346]
992
[0.19054212]
993
[0.19892418]
994
[0.20438332]
995
[0.18524407]
996
[0.16864489]
997
[0.19143345]
998
[0.1599603]
999
[0.21767805]
1000
[0.1094504]
1001
[0.21367974]
1002
[0.2480453]
1003
[0.18900872]
1004
[0.16605257]
1005
[0.25503358]
1006
[0.15373008]
1007
[0.21508026]
1008
[0.19863573]
1009
[0.24532916]
1010
[0.29122477]
1011
[0.13195366]
1012
[0.14443092]
1013
[0.17280747]
1014
[0.17116574]
1015
[0.17700396]
1016
[0.11392518]
1017
[0.24391975]
1018
[0.25585929]
1019
[0.2157085]
1020
[0.1719029]
1021
[0.19818895]
1022
[0.1978975]
1023
[0.17856271]
1024
[0.21990351]
1025
[0.1635674]
1026
[0.15705082]
1027
[0.13970089]
1028
[0.15385576]
1029
[0.18404547]
1030
[0.14832357]
1031
[0.32372994]
1032
[0.16438251]
1033
[0.21656443]
1034
[0.35137879]
1035
[0.16554962]
1036
[0.21928885]
1037
[0.18885267]
1038
[0.19933034]
1039
[0.17623654]
1040
[0.20909758]
1041
[0.10371774]
1042
[0.12335213]
1043
[0.16718396]
1044
[0.17654377]
1045
[0.18163964]
1046
[0.1837483]
1047
[0.18923394]
1048
[0.16778368]
1049
[0.28280824]
1050
[0.16835819]
1051
[0.26756738]
1052
[0.31513596]
1053
[0.15134542]
1054
[0.22207964]
1055
[0.11127828]
1056
[0.15260104]
1057
[0.29004201]
1058
[0.22336066]
1059
[0.0982957]
1060
[0.18469353]
1061
[0.18999021]
1062
[0.21659182]
1063
[0.23590368]
1064
[0.20972319]
1065
[0.19254435]
1066
[0.24661455]
1067
[0.24310847]
1068
[0.19959691]
1069
[0.17311114]
1070
[0.2230734]
1071
[0.26657148]
1072
[0.2496694]
1073
[0.23650447]
1074
[0.22655805]
1075
[0.13201783]
1076
[0.15844445]
1077
[0.18242444]
1078
[0.17679564]
1079
[0.17172457]
1080
[0.12537279]
1081
[0.09277635]
1082
[0.17644359]
1083
[0.19336492]
1084
[0.18674083]
1085
[0.23041244]
1086
[0.11784923]
1087
[0.22564095]
1088
[0.24055714]
1089
[0.23445386]
1090
[0.16573473]
1091
[0.22501828]
1092
[0.16103349]
1093
[0.26508422]
1094
[0.31647368]
1095
[0.16100852]
1096
[0.1452294]
1097
[0.17509345]
1098
[0.20767529]
1099
[0.14821301]
1100
[0.25877189]
1101
[0.16685159]
1102
[0.11870164]
1103
[0.3310008]
1104
[0.19160814]
1105
[0.24588716]
1106
[0.18072755]
1107
[0.21937625]
1108
[0.24319997]
1109
[0.17789572]
1110
[0.19751903]
1111
[0.21142766]
1112
[0.18923556]
1113
[0.1798713]
1114
[0.11584594]
1115
[0.13175127]
1116
[0.21061778]
1117
[0.23051739]
1118
[0.16234264]
1119
[0.23100123]
1120
[0.19074272]
1121
[0.21620711]
1122
[0.16659741]
1123
[0.23976405]
1124
[0.22182861]
1125
[0.24936686]
1126
[0.14408097]
1127
[0.10516071]
1128
[0.2220568]
1129
[0.2147248]
1130
[0.14152831]
1131
[0.13413181]
1132
[0.17863894]
1133
[0.16678129]
1134
[0.16630499]
1135
[0.21472442]
1136
[0.18269318]
1137
[0.25287749]
1138
[0.26466907]
1139
[0.08866704]
1140
[0.148343]
1141
[0.17285678]
1142
[0.1608311]
1143
[0.26115201]
1144
[0.22821338]
1145
[0.17272233]
1146
[0.21797512]
1147
[0.1382735]
1148
[0.21854801]
1149
[0.17507909]
1150
[0.19391368]
1151
[0.15527555]
1152
[0.122461]
1153
[0.2461816]
1154
[0.25372722]
1155
[0.2400457]
1156
[0.24287456]
1157
[0.1642755]
1158
[0.20304502]
1159
[0.19719283]
1160
[0.1837247]
1161
[0.14751824]
1162
[0.19004576]
1163
[0.17544846]
1164
[0.26928509]
1165
[0.20389033]
1166
[0.19169079]
1167
[0.17393758]
1168
[0.16946228]
1169
[0.26499172]
1170
[0.20655178]
1171
[0.24549493]
1172
[0.1204031]
1173
[0.2076249]
1174
[0.15994469]
1175
[0.21117381]
1176
[0.18620558]
1177
[0.28651354]
1178
[0.23955281]
1179
[0.2855745]
1180
[0.16543548]
1181
[0.26515935]
1182
[0.16203838]
1183
[0.24647504]
1184
[0.28243981]
1185
[0.15488439]
1186
[0.20816548]
1187
[0.11990094]
1188
[0.2150521]
1189
[0.24530352]
1190
[0.16286788]
1191
[0.1709153]
1192
[0.21027387]
1193
[0.27416875]
1194
[0.17138884]
1195
[0.14428321]
1196
[0.18395826]
1197
[0.24709528]
1198
[0.29065498]
1199
[0.1728884]
1200
[0.14460214]
1201
[0.25693952]
1202
[0.2245096]
1203
[0.23220224]
1204
[0.21975837]
1205
[0.16008833]
1206
[0.1891594]
1207
[0.15112542]
1208
[0.26824705]
1209
[0.20757796]
1210
[0.23831613]
1211
[0.1349317]
1212
[0.29619119]
1213
[0.16584893]
1214
[0.16332944]
1215
[0.168031]
1216
[0.11453896]
1217
[0.25859507]
1218
[0.26321376]
1219
[0.12704716]
1220
[0.18582929]
1221
[0.14207785]
1222
[0.25917202]
1223
[0.1352785]
1224
[0.14213121]
1225
[0.19165729]
1226
[0.15171237]
1227
[0.16156786]
1228
[0.16218677]
1229
[0.1971405]
1230
[0.1387391]
1231
[0.13667427]
1232
[0.20018566]
1233
[0.177122]
1234
[0.20409632]
1235
[0.22985628]
1236
[0.19373034]
1237
[0.14316243]
1238
[0.14073695]
1239
[0.16892166]
1240
[0.21869899]
1241
[0.23853748]
1242
[0.20258858]
1243
[0.15437061]
1244
[0.2616939]
1245
[0.24434034]
1246
[0.16458032]
1247
[0.21966779]
1248
[0.13663007]
1249
[0.12228341]
1250
[0.13696061]
1251
[0.17190615]
1252
[0.17967666]
1253
[0.13647922]
1254
[0.26121029]
1255
[0.10071777]
1256
[0.18521646]
1257
[0.23660115]
1258
[0.15644165]
1259
[0.18691372]
1260
[0.23395367]
1261
[0.24589115]
1262
[0.24502445]
1263
[0.1439731]
1264
[0.21535655]
1265
[0.21380429]
1266
[0.1825158]
1267
[0.25039378]
1268
[0.30651823]
1269
[0.26412218]
1270
[0.09342252]
1271
[0.07137224]
1272
[0.13828258]
1273
[0.1716793]
1274
[0.21984333]
1275
[0.29702237]
1276
[0.20344014]
1277
[0.15429012]
1278
[0.16709275]
1279
[0.19835171]
1280
[0.18193807]
1281
[0.20226091]
1282
[0.17921653]
1283
[0.2531997]
1284
[0.23122493]
1285
[0.11658788]
1286
[0.2720932]
1287
[0.25504697]
1288
[0.25391209]
1289
[0.20604619]
1290
[0.21437448]
1291
[0.22822713]
1292
[0.17576994]
1293
[0.20304736]
1294
[0.17297565]
1295
[0.20481322]
1296
[0.13717516]
1297
[0.10338631]
1298
[0.16935882]
1299
[0.18265591]
1300
[0.18988176]
1301
[0.24439737]
1302
[0.21302964]
1303
[0.17816066]
1304
[0.17200911]
1305
[0.17254458]
1306
[0.13133546]
1307
[0.18672693]
1308
[0.15615955]
1309
[0.22010438]
1310
[0.1396886]
1311
[0.22035875]
1312
[0.19622608]
1313
[0.15021214]
1314
[0.17873302]
1315
[0.21073721]
1316
[0.18155693]
1317
[0.17193949]
1318
[0.22894209]
1319
[0.18306793]
1320
[0.23525902]
1321
[0.14891095]
1322
[0.30652511]
1323
[0.17574322]
1324
[0.28636762]
1325
[0.19528731]
1326
[0.20778023]
1327
[0.16862649]
1328
[0.24959211]
1329
[0.12535827]
1330
[0.23032415]
1331
[0.19148567]
1332
[0.18529862]
1333
[0.14100225]
1334
[0.15235789]
1335
[0.22768389]
1336
[0.17014205]
1337
[0.20886404]
1338
[0.24560268]
1339
[0.19225829]
1340
[0.23748127]
1341
[0.23975311]
1342
[0.20387381]
1343
[0.14848632]
1344
[0.20428063]
1345
[0.18850525]
1346
[0.1837435]
1347
[0.22826276]
1348
[0.14565587]
1349
[0.16744254]
1350
[0.16671105]
1351
[0.16975298]
1352
[0.22702662]
1353
[0.1680044]
1354
[0.1697503]
1355
[0.18234354]
1356
[0.20758286]
1357
[0.29725233]
1358
[0.22608891]
1359
[0.17567981]
1360
[0.26509357]
1361
[0.09140937]
1362
[0.17449451]
1363
[0.22866978]
1364
[0.22084836]
1365
[0.1779388]
1366
[0.27900062]
1367
[0.16021945]
1368
[0.1118042]
1369
[0.13032058]
1370
[0.10761519]
1371
[0.17237981]
1372
[0.21152517]
1373
[0.24318322]
1374
[0.19943026]
1375
[0.14919141]
1376
[0.25203825]
1377
[0.27792165]
1378
[0.2006735]
1379
[0.25153747]
1380
[0.26815651]
1381
[0.23256023]
1382
[0.21288147]
1383
[0.16571348]
1384
[0.17727504]
1385
[0.13390771]
1386
[0.22461489]
1387
[0.23524804]
1388
[0.19410668]
1389
[0.31949225]
1390
[0.14626803]
1391
[0.19435423]
1392
[0.16143057]
1393
[0.13119395]
1394
[0.21466144]
1395
[0.14265252]
1396
[0.18682729]
1397
[0.30942714]
1398
[0.169098]
1399
[0.18944229]
1400
[0.17336089]
1401
[0.16086637]
1402
[0.247267]
1403
[0.17483738]
1404
[0.20657623]
1405
[0.16723151]
1406
[0.14712683]
1407
[0.08208886]
1408
[0.16922101]
1409
[0.14574637]
1410
[0.17130011]
1411
[0.16609347]
1412
[0.20465021]
1413
[0.39265056]
1414
[0.18338898]
1415
[0.21631647]
1416
[0.22031544]
1417
[0.12632741]
1418
[0.17615916]
1419
[0.22621103]
1420
[0.19300278]
1421
[0.24685251]
1422
[0.16492957]
1423
[0.22109379]
1424
[0.21507926]
1425
[0.1595093]
1426
[0.15355738]
1427
[0.13433128]
1428
[0.17115545]
1429
[0.21890317]
1430
[0.17476472]
1431
[0.21494829]
1432
[0.1971422]
1433
[0.22034503]
1434
[0.10251644]
1435
[0.18343396]
1436
[0.1498947]
1437
[0.23416269]
1438
[0.36470622]
1439
[0.2098438]
1440
[0.23492958]
1441
[0.22845739]
1442
[0.19132045]
1443
[0.1792298]
1444
[0.21993629]
1445
[0.25905296]
1446
[0.32874087]
1447
[0.16422362]
1448
[0.19351732]
1449
[0.36964913]
1450
[0.24259233]
1451
[0.25726963]
1452
[0.2554256]
1453
[0.15703902]
1454
[0.20150771]
1455
[0.20565966]
1456
[0.18199598]
1457
[0.13733729]
1458
[0.1589027]
1459
[0.15828291]
1460
[0.18989344]
1461
[0.17029934]
1462
[0.15437837]
1463
[0.14259029]
1464
[0.23501246]
1465
[0.16755791]
1466
[0.1594141]
1467
[0.18629349]
1468
[0.15260512]
1469
[0.24838886]
1470
[0.13336461]
1471
[0.27931634]
1472
[0.1940196]
1473
[0.16281693]
1474
[0.19424467]
1475
[0.18303188]
1476
[0.2437119]
1477
[0.19866349]
1478
[0.16760061]
1479
[0.20344206]
1480
[0.21621313]
1481
[0.24293745]
1482
[0.23708557]
1483
[0.14723639]
1484
[0.2197945]
1485
[0.20401612]
1486
[0.21563892]
1487
[0.16306859]
1488
[0.27531974]
1489
[0.25658139]
1490
[0.19248951]
1491
[0.2744994]
1492
[0.29285438]
1493
[0.14054505]
1494
[0.12803674]
1495
[0.16328536]
1496
[0.21120555]
1497
[0.32439078]
1498
[0.16759204]
1499
[0.27669493]
1500
[0.14419908]
1501
[0.18683953]
1502
[0.09912167]
1503
[0.20766071]
1504
[0.1528908]
1505
[0.19753777]
1506
[0.12431533]
1507
[0.14990495]
1508
[0.21518397]
1509
[0.17008721]
1510
[0.21868667]
1511
[0.20755065]
1512
[0.12884641]
1513
[0.14905723]
1514
[0.19694524]
1515
[0.18973114]
1516
[0.22412044]
1517
[0.16194332]
1518
[0.17027396]
1519
[0.23162175]
1520
[0.21919642]
1521
[0.149289]
1522
[0.16725944]
1523
[0.22789306]
1524
[0.15983581]
1525
[0.19140976]
1526
[0.26002419]
1527
[0.12354534]
1528
[0.30208762]
1529
[0.13472538]
1530
[0.26092299]
1531
[0.17760834]
1532
[0.16861496]
1533
[0.18262314]
1534
[0.12265967]
1535
[0.11683892]
1536
[0.18343045]
1537
[0.19807512]
1538
[0.11509336]
1539
[0.17988741]
1540
[0.28016978]
1541
[0.25822745]
1542
[0.26701711]
1543
[0.14135838]
1544
[0.10737245]
1545
[0.18362415]
1546
[0.19335865]
1547
[0.18799449]
1548
[0.13869768]
1549
[0.22890022]
1550
[0.29140958]
1551
[0.14458821]
1552
[0.09552133]
1553
[0.15770455]
1554
[0.16054977]
1555
[0.2782295]
1556
[0.15764081]
1557
[0.22851482]
1558
[0.16925033]
1559
[0.28795559]
1560
[0.11895654]
1561
[0.22879894]
1562
[0.20573425]
1563
[0.19833025]
1564
[0.20354989]
1565
[0.23401781]
1566
[0.13229727]
1567
[0.13417356]
1568
[0.18126012]
1569
[0.28195088]
1570
[0.19843048]
1571
[0.21249782]
1572
[0.23524837]
1573
[0.13721724]
1574
[0.23957073]
1575
[0.14120667]
1576
[0.17033995]
1577
[0.16935145]
1578
[0.13373825]
1579
[0.17988094]
1580
[0.24369361]
1581
[0.21648199]
1582
[0.21524207]
1583
[0.29582558]
1584
[0.19569442]
1585
[0.19747488]
1586
[0.22297711]
1587
[0.1998621]
1588
[0.16166889]
1589
[0.1620654]
1590
[0.13451274]
1591
[0.31790652]
1592
[0.20285014]
1593
[0.22749504]
1594
[0.23697215]
1595
[0.26230323]
1596
[0.25548413]
1597
[0.18867372]
1598
[0.24450982]
1599
[0.15285329]
1600
[0.1828132]
1601
[0.24974866]
1602
[0.16728047]
1603
[0.28960049]
1604
[0.17660348]
1605
[0.26019817]
1606
[0.1891738]
1607
[0.13593644]
1608
[0.32612564]
1609
[0.14886481]
1610
[0.19705915]
1611
[0.21446396]
1612
[0.23054743]
1613
[0.12441226]
1614
[0.25808269]
1615
[0.16176234]
1616
[0.19087263]
1617
[0.22780969]
1618
[0.16662143]
1619
[0.20250632]
1620
[0.27986972]
1621
[0.23970097]
1622
[0.25319584]
1623
[0.20923116]
1624
[0.1489848]
1625
[0.21268449]
1626
[0.23069369]
1627
[0.15211037]
1628
[0.12175285]
1629
[0.29667454]
1630
[0.19254999]
1631
[0.15578791]
1632
[0.23041269]
1633
[0.19860446]
1634
[0.21199226]
1635
[0.23814948]
1636
[0.11064585]
1637
[0.19713082]
1638
[0.23306063]
1639
[0.12062573]
1640
[0.16495061]
1641
[0.16184376]
1642
[0.16371578]
1643
[0.1589157]
1644
[0.19158187]
1645
[0.15935327]
1646
[0.26199057]
1647
[0.23312294]
1648
[0.11021023]
1649
[0.20338622]
1650
[0.12146798]
1651
[0.17943051]
1652
[0.15325174]
1653
[0.30570385]
1654
[0.18188454]
1655
[0.18357061]
1656
[0.23600624]
1657
[0.17494613]
1658
[0.14441363]
1659
[0.23092762]
1660
[0.17804183]
1661
[0.20488245]
1662
[0.11557622]
1663
[0.16134736]
1664
[0.15985353]
1665
[0.20912142]
1666
[0.25213742]
1667
[0.26508631]
1668
[0.21463786]
1669
[0.31389294]
1670
[0.16011036]
1671
[0.16230407]
1672
[0.25160032]
1673
[0.21479916]
1674
[0.23525472]
1675
[0.19713919]
1676
[0.17128719]
1677
[0.19428286]
1678
[0.28438602]
1679
[0.20043032]
1680
[0.18159374]
1681
[0.17693359]
1682
[0.22908823]
1683
[0.22771827]
1684
[0.23728643]
1685
[0.25576826]
1686
[0.1120196]
1687
[0.18061818]
1688
[0.16960185]
1689
[0.28660697]
1690
[0.26036712]
1691
[0.19225078]
1692
[0.28510726]
1693
[0.19460592]
1694
[0.17616122]
1695
[0.13351869]
1696
[0.13935326]
1697
[0.18602641]
1698
[0.24406014]
1699
[0.27917527]
1700
[0.11715154]
1701
[0.18828688]
1702
[0.17136256]
1703
[0.18320963]
1704
[0.17617453]
1705
[0.1326072]
1706
[0.19938028]
1707
[0.30621962]
1708
[0.15557487]
1709
[0.17956517]
1710
[0.17534072]
1711
[0.2153072]
1712
[0.24822698]
1713
[0.18553961]
1714
[0.17512283]
1715
[0.24157175]
1716
[0.25962424]
1717
[0.21906841]
1718
[0.16239805]
1719
[0.16129559]
1720
[0.25309288]
1721
[0.10671096]
1722
[0.23928473]
1723
[0.28324663]
1724
[0.26683816]
1725
[0.20994142]
1726
[0.22015268]
1727
[0.20978609]
1728
[0.19732551]
1729
[0.1885271]
1730
[0.21485771]
1731
[0.18819568]
1732
[0.21338157]
1733
[0.28265725]
1734
[0.13298252]
1735
[0.1217111]
1736
[0.2141792]
1737
[0.18566815]
1738
[0.2641361]
1739
[0.19790982]
1740
[0.15180129]
1741
[0.1496246]
1742
[0.20431206]
1743
[0.22919133]
1744
[0.15536166]
1745
[0.18288462]
1746
[0.26738503]
1747
[0.17786661]
1748
[0.22235918]
1749
[0.26653649]
1750
[0.14877914]
1751
[0.29841353]
1752
[0.21871215]
1753
[0.18708788]
1754
[0.31270088]
1755
[0.18050447]
1756
[0.20349498]
1757
[0.1963344]
1758
[0.25278072]
1759
[0.2219683]
1760
[0.22839614]
1761
[0.229758]
1762
[0.15146008]
1763
[0.18879545]
1764
[0.08984971]
1765
[0.19329503]
1766
[0.17129366]
1767
[0.23819491]
1768
[0.22688489]
1769
[0.28028904]
1770
[0.3161728]
1771
[0.22376453]
1772
[0.21736132]
1773
[0.16107402]
1774
[0.23007832]
1775
[0.23457277]
1776
[0.17820877]
1777
[0.21481999]
1778
[0.20805791]
1779
[0.15421233]
1780
[0.22364935]
1781
[0.2082635]
1782
[0.1971519]
1783
[0.1753733]
1784
[0.13014647]
1785
[0.22330348]
1786
[0.30744921]
1787
[0.23879604]
1788
[0.15792101]
1789
[0.21509127]
1790
[0.19278274]
1791
[0.13123203]
1792
[0.17942451]
1793
[0.20570838]
1794
[0.14480362]
1795
[0.23264205]
1796
[0.2608483]
1797
[0.21204825]
1798
[0.23396921]
1799
[0.15608849]
1800
[0.21264718]
1801
[0.34355846]
1802
[0.17500093]
1803
[0.32284479]
1804
[0.19388495]
1805
[0.20307755]
1806
[0.21735883]
1807
[0.23587748]
1808
[0.10425289]
1809
[0.19396666]
1810
[0.3178551]
1811
[0.15515041]
1812
[0.12230355]
1813
[0.16522348]
1814
[0.17055586]
1815
[0.17433133]
1816
[0.20234306]
1817
[0.18164852]
1818
[0.24657565]
1819
[0.2135787]
1820
[0.24247617]
1821
[0.24924372]
1822
[0.24648138]
1823
[0.2108172]
1824
[0.2719328]
1825
[0.22320415]
1826
[0.16823061]
1827
[0.21672487]
1828
[0.20113659]
1829
[0.16043899]
1830
[0.18747518]
1831
[0.18775524]
1832
[0.15524971]
1833
[0.16284205]
1834
[0.23633227]
1835
[0.19605754]
1836
[0.21245032]
1837
[0.17419295]
1838
[0.13812222]
1839
[0.22186177]
1840
[0.25994072]
1841
[0.19827082]
1842
[0.229805]
1843
[0.19098863]
1844
[0.14237319]
1845
[0.21176374]
1846
[0.12854875]
1847
[0.21514485]
1848
[0.16997672]
1849
[0.20111927]
1850
[0.17921239]
1851
[0.17031545]
1852
[0.17994285]
1853
[0.21719402]
1854
[0.19170722]
1855
[0.20719713]
1856
[0.11858033]
1857
[0.26134812]
1858
[0.23433025]
1859
[0.18554656]
1860
[0.2981277]
1861
[0.17835522]
1862
[0.20265904]
1863
[0.19393407]
1864
[0.14837796]
1865
[0.15937271]
1866
[0.2440956]
1867
[0.1648112]
1868
[0.15478549]
1869
[0.20070801]
1870
[0.20099498]
1871
[0.19289795]
1872
[0.26210678]
1873
[0.17457961]
1874
[0.17659466]
1875
[0.21089891]
1876
[0.21621398]
1877
[0.28971408]
1878
[0.17995777]
1879
[0.18208442]
1880
[0.17917062]
1881
[0.24146176]
1882
[0.26536624]
1883
[0.21132784]
1884
[0.1784318]
1885
[0.22827195]
1886
[0.26408735]
1887
[0.20096079]
1888
[0.16033845]
1889
[0.24844458]
1890
[0.15480537]
1891
[0.13923391]
1892
[0.23126525]
1893
[0.23302822]
1894
[0.24138943]
1895
[0.19873541]
1896
[0.12677413]
1897
[0.16948834]
1898
[0.11149093]
1899
[0.2206444]
1900
[0.20981037]
1901
[0.15641775]
1902
[0.16270661]
1903
[0.20563566]
1904
[0.16163569]
1905
[0.17000175]
1906
[0.16277402]
1907
[0.21744155]
1908
[0.14538995]
1909
[0.25560916]
1910
[0.15183179]
1911
[0.22241823]
1912
[0.2365682]
1913
[0.24490171]
1914
[0.14594311]
1915
[0.12074255]
1916
[0.22867381]
1917
[0.20657006]
1918
[0.13400846]
1919
[0.14102277]
1920
[0.16375781]
1921
[0.19418651]
1922
[0.26858705]
1923
[0.17784244]
1924
[0.14500853]
1925
[0.24211731]
1926
[0.27418508]
1927
[0.1673619]
1928
[0.18328943]
1929
[0.24091641]
1930
[0.2291228]
1931
[0.19244199]
1932
[0.22614992]
1933
[0.26235832]
1934
[0.23068912]
1935
[0.15732174]
1936
[0.13316533]
1937
[0.11214131]
1938
[0.2093964]
1939
[0.25420581]
1940
[0.19402753]
1941
[0.19456381]
1942
[0.15322282]
1943
[0.29368954]
1944
[0.27632056]
1945
[0.19452759]
1946
[0.12520536]
1947
[0.17401045]
1948
[0.17594589]
1949
[0.22117662]
1950
[0.20169697]
1951
[0.22478335]
1952
[0.2741463]
1953
[0.16776242]
1954
[0.27456976]
1955
[0.26463244]
1956
[0.18662898]
1957
[0.19831872]
1958
[0.25551645]
1959
[0.1597668]
1960
[0.26197003]
1961
[0.21502717]
1962
[0.18499232]
1963
[0.26515012]
1964
[0.18622295]
1965
[0.16765525]
1966
[0.23111524]
1967
[0.17302308]
1968
[0.22543057]
1969
[0.26620228]
1970
[0.16904935]
1971
[0.18553015]
1972
[0.19037425]
1973
[0.19941474]
1974
[0.21612475]
1975
[0.16682646]
1976
[0.15384045]
1977
[0.16700619]
1978
[0.16081219]
1979
[0.18277609]
1980
[0.25717401]
1981
[0.26479781]
1982
[0.23012091]
1983
[0.16933302]
1984
[0.18004979]
1985
[0.21919311]
1986
[0.13638621]
1987
[0.15938023]
1988
[0.16434368]
1989
[0.26471208]
1990
[0.13652146]
1991
[0.18245793]
1992
[0.17687649]
1993
[0.2871365]
1994
[0.1553295]
1995
[0.1233825]
1996
[0.21063727]
1997
[0.14030408]
1998
[0.16129093]
1999
[0.14446646]
2000
[0.16682405]
2001
[0.23004491]
2002
[0.1612116]
2003
[0.19431009]
2004
[0.19886182]
2005
[0.22496348]
2006
[0.17999539]
2007
[0.23607308]
2008
[0.23019288]
2009
[0.24101927]
2010
[0.17236639]
2011
[0.2184504]
2012
[0.18943169]
2013
[0.1595295]
2014
[0.19748333]
2015
[0.23645356]
2016
[0.15585299]
2017
[0.28170664]
2018
[0.3232862]
2019
[0.24880211]
2020
[0.22140726]
2021
[0.18395701]
2022
[0.20357664]
2023
[0.16659145]
2024
[0.17378273]
2025
[0.19252768]
2026
[0.21042424]
2027
[0.15511819]
2028
[0.18625224]
2029
[0.22114049]
2030
[0.29318797]
2031
[0.22195611]
2032
[0.16300658]
2033
[0.22166031]
2034
[0.20226221]
2035
[0.24382251]
2036
[0.13601696]
2037
[0.25014279]
2038
[0.16120303]
2039
[0.24157546]
2040
[0.16861989]
2041
[0.1177214]
2042
[0.17964079]
2043
[0.15680594]
2044
[0.31415176]
2045
[0.21051889]
2046
[0.09582445]
2047
[0.20075678]
2048
[0.22879206]
2049
[0.16815205]
2050
[0.24498231]
2051
[0.12909255]
2052
[0.30431471]
2053
[0.13283616]
2054
[0.16115348]
2055
[0.12328419]
2056
[0.23383378]
2057
[0.27012399]
2058
[0.23665222]
2059
[0.24846976]
2060
[0.21253787]
2061
[0.18624441]
2062
[0.23022287]
2063
[0.27606405]
2064
[0.22863212]
2065
[0.16264776]
2066
[0.16859524]
2067
[0.16847292]
2068
[0.21893854]
2069
[0.13797237]
2070
[0.21034823]
2071
[0.2139778]
2072
[0.22896164]
2073
[0.23988084]
2074
[0.12158856]
2075
[0.14760494]
2076
[0.23079119]
2077
[0.21620583]
2078
[0.12108415]
2079
[0.14708844]
2080
[0.20753929]
2081
[0.12244572]
2082
[0.13634482]
2083
[0.24376928]
2084
[0.18984369]
2085
[0.12049959]
2086
[0.12368669]
2087
[0.22135801]
2088
[0.11677324]
2089
[0.25976889]
2090
[0.15481385]
2091
[0.28723251]
2092
[0.22088138]
2093
[0.20233172]
2094
[0.21065051]
2095
[0.17437195]
2096
[0.27844175]
2097
[0.16292717]
2098
[0.17392455]
2099
[0.18717995]
2100
[0.1509776]
2101
[0.21292349]
2102
[0.26007507]
2103
[0.2170124]
2104
[0.24711202]
2105
[0.17307181]
2106
[0.18317009]
2107
[0.18042972]
2108
[0.15566564]
2109
[0.28540387]
2110
[0.22814695]
2111
[0.15753102]
2112
[0.18861689]
2113
[0.1765825]
2114
[0.17008916]
2115
[0.15134009]
2116
[0.17565355]
2117
[0.18619985]
2118
[0.1668134]
2119
[0.21443176]
2120
[0.19282459]
2121
[0.18999605]
2122
[0.16513123]
2123
[0.19940491]
2124
[0.21201784]
2125
[0.18201241]
2126
[0.23018104]
2127
[0.19736395]
2128
[0.35131686]
2129
[0.21951638]
2130
[0.21521524]
2131
[0.20854099]
2132
[0.27111608]
2133
[0.25503865]
2134
[0.33661705]
2135
[0.23216286]
2136
[0.19032776]
2137
[0.26063305]
2138
[0.13362953]
2139
[0.16472545]
2140
[0.18209039]
2141
[0.15431724]
2142
[0.13175592]
2143
[0.28740757]
2144
[0.14898493]
2145
[0.24238101]
2146
[0.15836788]
2147
[0.20849837]
2148
[0.20530017]
2149
[0.16683554]
2150
[0.26447929]
2151
[0.14644119]
2152
[0.17576988]
2153
[0.21015376]
2154
[0.24155351]
2155
[0.10468721]
2156
[0.18782793]
2157
[0.21520158]
2158
[0.35315987]
2159
[0.11971737]
2160
[0.21859087]
2161
[0.15556397]
2162
[0.16006603]
2163
[0.22094729]
2164
[0.21894307]
2165
[0.0628867]
2166
[0.18463746]
2167
[0.14800502]
2168
[0.17754]
2169
[0.14856234]
2170
[0.17221279]
2171
[0.26427015]
2172
[0.16992499]
2173
[0.22243723]
2174
[0.27357703]
2175
[0.16520592]
2176
[0.21539054]
2177
[0.20162711]
2178
[0.21894898]
2179
[0.24363376]
2180
[0.18032726]
2181
[0.21209065]
2182
[0.16371214]
2183
[0.16968938]
2184
[0.13772637]
2185
[0.19698769]
2186
[0.18002468]
2187
[0.1421199]
2188
[0.30188349]
2189
[0.18013102]
2190
[0.08931588]
2191
[0.07200707]
2192
[0.18946836]
2193
[0.16154674]
2194
[0.08897185]
2195
[0.27472455]
2196
[0.20369736]
2197
[0.16370798]
2198
[0.1669373]
2199
[0.19840425]
2200
[0.23662549]
2201
[0.15684522]
2202
[0.18331675]
2203
[0.18213525]
2204
[0.19450775]
2205
[0.21402579]
2206
[0.20093413]
2207
[0.23468988]
2208
[0.27969625]
2209
[0.13138849]
2210
[0.38348761]
2211
[0.23207495]
2212
[0.23688588]
2213
[0.15623953]
2214
[0.23678571]
2215
[0.13188935]
2216
[0.19660926]
2217
[0.32613674]
2218
[0.15343417]
2219
[0.2123436]
2220
[0.16735642]
2221
[0.22059775]
2222
[0.17437942]
2223
[0.213308]
2224
[0.2354217]
2225
[0.1898472]
2226
[0.22277685]
2227
[0.2052389]
2228
[0.16697043]
2229
[0.18132259]
2230
[0.21236912]
2231
[0.22487118]
2232
[0.14452898]
2233
[0.20909868]
2234
[0.25290355]
2235
[0.21049212]
2236
[0.1958886]
2237
[0.339599]
2238
[0.18440515]
2239
[0.22416835]
2240
[0.21615819]
2241
[0.15906871]
2242
[0.20543463]
2243
[0.15687712]
2244
[0.22324708]
2245
[0.19106872]
2246
[0.12283048]
2247
[0.16266801]
2248
[0.23491877]
2249
[0.1998525]
2250
[0.1670206]
2251
[0.27592323]
2252
[0.27541857]
2253
[0.17837764]
2254
[0.24406874]
2255
[0.23745362]
2256
[0.16471556]
2257
[0.16290945]
2258
[0.22213148]
2259
[0.23571918]
2260
[0.28172905]
2261
[0.19402448]
2262
[0.20854578]
2263
[0.27355957]
2264
[0.21112386]
2265
[0.32440773]
2266
[0.21304086]
2267
[0.23090016]
2268
[0.26038632]
2269
[0.1520564]
2270
[0.14715549]
2271
[0.15575382]
2272
[0.1263946]
2273
[0.28448417]
2274
[0.16824539]
2275
[0.16383127]
2276
[0.17270952]
2277
[0.13160688]
2278
[0.15963313]
2279
[0.22675443]
2280
[0.22145092]
2281
[0.20532883]
2282
[0.22209736]
2283
[0.23510427]
2284
[0.20330671]
2285
[0.15854782]
2286
[0.20581891]
2287
[0.27893103]
2288
[0.2509922]
2289
[0.24874581]
2290
[0.16406023]
2291
[0.23809639]
2292
[0.16430336]
2293
[0.16098078]
2294
[0.31254798]
2295
[0.1794776]
2296
[0.22648659]
2297
[0.21744668]
2298
[0.20317559]
2299
[0.28726004]
2300
[0.22665109]
2301
[0.18941775]
2302
[0.34437964]
2303
[0.20352946]
2304
[0.16633202]
2305
[0.17099654]
2306
[0.180171]
2307
[0.2153934]
2308
[0.24269137]
2309
[0.20646043]
2310
[0.21796181]
2311
[0.21310415]
2312
[0.24181078]
2313
[0.24872894]
2314
[0.1781127]
2315
[0.15586701]
2316
[0.18420154]
2317
[0.24187713]
2318
[0.1962175]
2319
[0.1646359]
2320
[0.19547988]
2321
[0.19210062]
2322
[0.19736325]
2323
[0.18409137]
2324
[0.30996161]
2325
[0.32188395]
2326
[0.19593556]
2327
[0.19474757]
2328
[0.15733937]
2329
[0.21298901]
2330
[0.19306736]
2331
[0.1573865]
2332
[0.24055493]
2333
[0.16277866]
2334
[0.28040126]
2335
[0.28565627]
2336
[0.26114808]
2337
[0.17625193]
2338
[0.13980912]
2339
[0.13676912]
2340
[0.23489747]
2341
[0.19334396]
2342
[0.1568265]
2343
[0.12256815]
2344
[0.17864114]
2345
[0.18749312]
2346
[0.1898818]
2347
[0.28837398]
2348
[0.20756576]
2349
[0.20545597]
2350
[0.22289195]
2351
[0.14738547]
2352
[0.15567366]
2353
[0.24622106]
2354
[0.15774949]
2355
[0.17962107]
2356
[0.20869231]
2357
[0.17270818]
2358
[0.25061672]
2359
[0.32076359]
2360
[0.19259811]
2361
[0.1801705]
2362
[0.23616489]
2363
[0.20042211]
2364
[0.16528764]
2365
[0.15114731]
2366
[0.24917956]
2367
[0.22163652]
2368
[0.11025273]
2369
[0.17824447]
2370
[0.26443476]
2371
[0.10242278]
2372
[0.14403509]
2373
[0.20306258]
2374
[0.28761624]
2375
[0.25790285]
2376
[0.29066144]
2377
[0.21512682]
2378
[0.22180766]
2379
[0.16642777]
2380
[0.23205569]
2381
[0.16621512]
2382
[0.30928464]
2383
[0.14387154]
2384
[0.21258547]
2385
[0.14256465]
2386
[0.2110015]
2387
[0.14794018]
2388
[0.1885697]
2389
[0.27178722]
2390
[0.27361019]
2391
[0.18739492]
2392
[0.22823805]
2393
[0.21101821]
2394
[0.21804123]
2395
[0.17731769]
2396
[0.35777694]
2397
[0.31014606]
2398
[0.2345618]
2399
[0.18429038]
2400
[0.20559259]
2401
[0.14389938]
2402
[0.18002405]
2403
[0.25018174]
2404
[0.23290737]
2405
[0.25849269]
2406
[0.28655468]
2407
[0.19491805]
2408
[0.1880984]
2409
[0.16915982]
2410
[0.22702624]
2411
[0.13888712]
2412
[0.15737447]
2413
[0.16860055]
2414
[0.14736329]
2415
[0.27852573]
2416
[0.24904511]
2417
[0.20172976]
2418
[0.20094906]
2419
[0.14622748]
2420
[0.15026958]
2421
[0.17490351]
2422
[0.2851169]
2423
[0.22738717]
2424
[0.1740755]
2425
[0.31970227]
2426
[0.27976168]
2427
[0.16181115]
2428
[0.13694163]
2429
[0.17527529]
2430
[0.15972668]
2431
[0.17162466]
2432
[0.12321329]
2433
[0.23812194]
2434
[0.23006022]
2435
[0.13596391]
2436
[0.12679768]
2437
[0.19019288]
2438
[0.20012536]
2439
[0.2197823]
2440
[0.18531025]
2441
[0.26986318]
2442
[0.14374338]
2443
[0.13024699]
2444
[0.15381905]
2445
[0.16527103]
2446
[0.18230113]
2447
[0.3019135]
2448
[0.18569418]
2449
[0.14583331]
2450
[0.19913307]
2451
[0.25234161]
2452
[0.27118959]
2453
[0.22137365]
2454
[0.16300364]
2455
[0.19550155]
2456
[0.14759732]
2457
[0.1698414]
2458
[0.14354389]
2459
[0.21615912]
2460
[0.20330279]
2461
[0.32239509]
2462
[0.23444093]
2463
[0.16127499]
2464
[0.19229904]
2465
[0.24760503]
2466
[0.15594898]
2467
[0.20246064]
2468
[0.12927136]
2469
[0.22993627]
2470
[0.22106777]
2471
[0.16005013]
2472
[0.26046021]
2473
[0.20243889]
2474
[0.138419]
2475
[0.18003992]
2476
[0.27181493]
2477
[0.20237935]
2478
[0.19707271]
2479
[0.17600225]
2480
[0.23677547]
2481
[0.18564042]
2482
[0.34610594]
2483
[0.18166991]
2484
[0.2233422]
2485
[0.19472905]
2486
[0.21339998]
2487
[0.18808485]
2488
[0.21915614]
2489
[0.21217021]
2490
[0.23101011]
2491
[0.20816541]
2492
[0.24569722]
2493
[0.18652413]
2494
[0.25087149]
2495
[0.29456017]
2496
[0.33654843]
2497
[0.16758239]
2498
[0.25721362]
2499
[0.13343674]
2500
[0.14070893]
2501
[0.278127]
2502
[0.25773934]
2503
[0.20988415]
2504
[0.24262]
2505
[0.13939345]
2506
[0.22084073]
2507
[0.25465213]
2508
[0.15016211]
2509
[0.25337286]
2510
[0.26741045]
2511
[0.27395198]
2512
[0.16122664]
2513
[0.2720993]
2514
[0.19752302]
2515
[0.15227514]
2516
[0.20876557]
2517
[0.17046263]
2518
[0.20608287]
2519
[0.11563249]
2520
[0.32159371]
2521
[0.15207688]
2522
[0.1687508]
2523
[0.20853506]
2524
[0.1464286]
2525
[0.15959007]
2526
[0.17106241]
2527
[0.25450548]
2528
[0.2836805]
2529
[0.14129552]
2530
[0.20560182]
2531
[0.1974529]
2532
[0.12864554]
2533
[0.24580547]
2534
[0.17612686]
2535
[0.25142835]
2536
[0.15937059]
2537
[0.23017095]
2538
[0.16572133]
2539
[0.19300983]
2540
[0.19046401]
2541
[0.18906473]
2542
[0.15438062]
2543
[0.24269423]
2544
[0.13718066]
2545
[0.27559474]
2546
[0.17656874]
2547
[0.24323165]
2548
[0.21307502]
2549
[0.1651794]
2550
[0.26048906]
2551
[0.26246621]
2552
[0.21010387]
2553
[0.2628052]
2554
[0.14198344]
2555
[0.17032811]
2556
[0.16898785]
2557
[0.17651461]
2558
[0.25047333]
2559
[0.18191892]
2560
[0.23758787]
2561
[0.19948926]
2562
[0.1406612]
2563
[0.26489141]
2564
[0.17600413]
2565
[0.24163098]
2566
[0.19756773]
2567
[0.28624834]
2568
[0.15622225]
2569
[0.21501077]
2570
[0.16814452]
2571
[0.22472883]
2572
[0.18262102]
2573
[0.18605179]
2574
[0.15695252]
2575
[0.29761882]
2576
[0.15690833]
2577
[0.15929247]
2578
[0.28468993]
2579
[0.12402958]
2580
[0.26018332]
2581
[0.25738776]
2582
[0.29924691]
2583
[0.20050156]
2584
[0.22457888]
2585
[0.26356876]
2586
[0.14029774]
2587
[0.17744527]
2588
[0.21127511]
2589
[0.19921027]
2590
[0.31848696]
2591
[0.16642418]
2592
[0.19113188]
2593
[0.21291899]
2594
[0.1747987]
2595
[0.21227459]
2596
[0.1940457]
2597
[0.16307755]
2598
[0.26740424]
2599
[0.22836015]
2600
[0.25642531]
2601
[0.31808681]
2602
[0.16915016]
2603
[0.19317902]
2604
[0.30431811]
2605
[0.21778753]
2606
[0.21024233]
2607
[0.19476823]
2608
[0.17271419]
2609
[0.15987499]
2610
[0.13662728]
2611
[0.24126037]
2612
[0.19735946]
2613
[0.16654675]
2614
[0.22179524]
2615
[0.16124528]
2616
[0.16955677]
2617
[0.26221725]
2618
[0.14580559]
2619
[0.29403675]
2620
[0.24401811]
2621
[0.21589532]
2622
[0.2650957]
2623
[0.17206744]
2624
[0.18765685]
2625
[0.27526358]
2626
[0.26680024]
2627
[0.21836251]
2628
[0.23516394]
2629
[0.17008885]
2630
[0.19833152]
2631
[0.22101868]
2632
[0.19871518]
2633
[0.23432595]
2634
[0.17353181]
2635
[0.30428335]
2636
[0.13017758]
2637
[0.24967183]
2638
[0.20579464]
2639
[0.15997424]
2640
[0.13653105]
2641
[0.26092877]
2642
[0.19823587]
2643
[0.18370942]
2644
[0.23310424]
2645
[0.19394292]
2646
[0.26098035]
2647
[0.19202027]
2648
[0.21685287]
2649
[0.16350403]
2650
[0.23639782]
2651
[0.21291905]
2652
[0.17946911]
2653
[0.22503681]
2654
[0.16385214]
2655
[0.2265824]
2656
[0.12183477]
2657
[0.20856753]
2658
[0.177143]
2659
[0.15767784]
2660
[0.23112142]
2661
[0.09019894]
2662
[0.16824576]
2663
[0.27055506]
2664
[0.22369659]
2665
[0.1583041]
2666
[0.23072421]
2667
[0.1783567]
2668
[0.14751432]
2669
[0.36451596]
2670
[0.1640864]
2671
[0.22668616]
2672
[0.10833368]
2673
[0.21736015]
2674
[0.16383431]
2675
[0.15230768]
2676
[0.24587578]
2677
[0.23061847]
2678
[0.10605397]
2679
[0.22510109]
2680
[0.14746565]
2681
[0.17902822]
2682
[0.22838225]
2683
[0.15362643]
2684
[0.16511009]
2685
[0.15872539]
2686
[0.16580072]
2687
[0.2775072]
2688
[0.19488545]
2689
[0.24440355]
2690
[0.14476603]
2691
[0.16882462]
2692
[0.19962163]
2693
[0.19993025]
2694
[0.19318407]
2695
[0.25555125]
2696
[0.11541291]
2697
[0.21082568]
2698
[0.20433162]
2699
[0.20281023]
2700
[0.17508246]
2701
[0.19356762]
2702
[0.2539685]
2703
[0.24451252]
2704
[0.1761658]
2705
[0.14730177]
2706
[0.18438821]
2707
[0.23087302]
2708
[0.16568726]
2709
[0.25478646]
2710
[0.21161087]
2711
[0.14685711]
2712
[0.18246157]
2713
[0.10770722]
2714
[0.18573848]
2715
[0.24295509]
2716
[0.20731296]
2717
[0.17060822]
2718
[0.12590848]
2719
[0.11634913]
2720
[0.16711225]
2721
[0.15349953]
2722
[0.35499635]
2723
[0.2330294]
2724
[0.16466504]
2725
[0.1743606]
2726
[0.1826078]
2727
[0.20357949]
2728
[0.16933681]
2729
[0.18510092]
2730
[0.27010304]
2731
[0.21300932]
2732
[0.23430946]
2733
[0.16425893]
2734
[0.23486952]
2735
[0.17048878]
2736
[0.25617423]
2737
[0.18144149]
2738
[0.19967476]
2739
[0.24114497]
2740
[0.2164281]
2741
[0.30167843]
2742
[0.24362091]
2743
[0.27952466]
2744
[0.28930507]
2745
[0.20807871]
2746
[0.20384817]
2747
[0.21040267]
2748
[0.2062508]
2749
[0.31484196]
2750
[0.22279363]
2751
[0.09909856]
2752
[0.19575651]
2753
[0.23996048]
2754
[0.14102597]
2755
[0.19386656]
2756
[0.20148566]
2757
[0.13987734]
2758
[0.23647974]
2759
[0.13990648]
2760
[0.18606132]
2761
[0.15523638]
2762
[0.16417719]
2763
[0.28442132]
2764
[0.34000593]
2765
[0.16770048]
2766
[0.21974692]
2767
[0.1732125]
2768
[0.22881784]
2769
[0.17157771]
2770
[0.22761131]
2771
[0.16767567]
2772
[0.2637374]
2773
[0.2014126]
2774
[0.16592686]
2775
[0.2803245]
2776
[0.26120587]
2777
[0.17726288]
2778
[0.08019818]
2779
[0.17041618]
2780
[0.21078678]
2781
[0.13030291]
2782
[0.35956638]
2783
[0.15862987]
2784
[0.2319187]
2785
[0.1995234]
2786
[0.14124884]
2787
[0.15682095]
2788
[0.08973919]
2789
[0.15694571]
2790
[0.17898787]
2791
[0.13572103]
2792
[0.21610057]
2793
[0.14181437]
2794
[0.18961604]
2795
[0.18200132]
2796
[0.1421005]
2797
[0.18219956]
2798
[0.1562377]
2799
[0.24132199]
2800
[0.15109488]
2801
[0.2420951]
2802
[0.17855001]
2803
[0.27941686]
2804
[0.31924106]
2805
[0.16774657]
2806
[0.31229334]
2807
[0.13387618]
2808
[0.23502464]
2809
[0.2429099]
2810
[0.21883436]
2811
[0.26243798]
2812
[0.31345861]
2813
[0.24271698]
2814
[0.29079614]
2815
[0.14820767]
2816
[0.21450843]
2817
[0.24742202]
2818
[0.19541331]
2819
[0.29051495]
2820
[0.29239706]
2821
[0.15495333]
2822
[0.22688484]
2823
[0.14172988]
2824
[0.19203033]
2825
[0.31493483]
2826
[0.12373748]
2827
[0.16428777]
2828
[0.18899853]
2829
[0.2341787]
2830
[0.27337693]
2831
[0.18394295]
2832
[0.17207773]
2833
[0.19136017]
2834
[0.25459112]
2835
[0.15953175]
2836
[0.19500376]
2837
[0.12677337]
2838
[0.20330087]
2839
[0.13992414]
2840
[0.23018058]
2841
[0.16871216]
2842
[0.21140721]
2843
[0.2073771]
2844
[0.22411224]
2845
[0.29206644]
2846
[0.23400991]
2847
[0.20209803]
2848
[0.22933909]
2849
[0.225299]
2850
[0.14135436]
2851
[0.21150026]
2852
[0.21791731]
2853
[0.18347616]
2854
[0.15825273]
2855
[0.1406108]
2856
[0.23004439]
2857
[0.25383625]
2858
[0.14676128]
2859
[0.24748733]
2860
[0.14326187]
2861
[0.17648854]
2862
[0.16289935]
2863
[0.15756551]
2864
[0.20578297]
2865
[0.18306373]
2866
[0.24570446]
2867
[0.20308482]
2868
[0.10094125]
2869
[0.17518651]
2870
[0.24914709]
2871
[0.25435919]
2872
[0.12925757]
2873
[0.29366406]
2874
[0.07746425]
2875
[0.26993153]
2876
[0.2374387]
2877
[0.21752365]
2878
[0.14292106]
2879
[0.19281702]
2880
[0.28001632]
2881
[0.16821304]
2882
[0.22283075]
2883
[0.14614699]
2884
[0.10286762]
2885
[0.25017193]
2886
[0.23956827]
2887
[0.16152213]
2888
[0.27631208]
2889
[0.18781658]
2890
[0.15836157]
2891
[0.19128344]
2892
[0.22326267]
2893
[0.30458027]
2894
[0.2128972]
2895
[0.16605781]
2896
[0.23910122]
2897
[0.19350739]
2898
[0.27809587]
2899
[0.18899954]
2900
[0.26417117]
2901
[0.28484279]
2902
[0.31881739]
2903
[0.18191761]
2904
[0.15028318]
2905
[0.20152234]
2906
[0.15719887]
2907
[0.16791304]
2908
[0.17881451]
2909
[0.25092515]
2910
[0.111827]
2911
[0.24035025]
2912
[0.21316672]
2913
[0.21966652]
2914
[0.16722273]
2915
[0.17319038]
2916
[0.15599445]
2917
[0.15465562]
2918
[0.21191327]
2919
[0.19860147]
2920
[0.25806422]
2921
[0.1818607]
2922
[0.2064023]
2923
[0.21865519]
2924
[0.19211599]
2925
[0.12995927]
2926
[0.22191663]
2927
[0.20874996]
2928
[0.28532532]
2929
[0.21709026]
2930
[0.1819022]
2931
[0.22500099]
2932
[0.22026895]
2933
[0.1240411]
2934
[0.22341628]
2935
[0.25081345]
2936
[0.27361818]
2937
[0.22412471]
2938
[0.2394156]
2939
[0.19228961]
2940
[0.13462405]
2941
[0.15476214]
2942
[0.15098234]
2943
[0.22145492]
2944
[0.17052576]
2945
[0.16897739]
2946
[0.26036496]
2947
[0.31690078]
2948
[0.17118185]
2949
[0.24454542]
2950
[0.20326556]
2951
[0.27649704]
2952
[0.28303914]
2953
[0.15263482]
2954
[0.20491809]
2955
[0.11440743]
2956
[0.21986748]
2957
[0.33486232]
2958
[0.17105452]
2959
[0.19350393]
2960
[0.17194841]
2961
[0.14219578]
2962
[0.2739623]
2963
[0.19575491]
2964
[0.19518201]
2965
[0.18053062]
2966
[0.19011166]
2967
[0.20602236]
2968
[0.20306033]
2969
[0.30597545]
2970
[0.14068151]
2971
[0.18472652]
2972
[0.12937494]
2973
[0.20301429]
2974
[0.16959056]
2975
[0.1493125]
2976
[0.13938872]
2977
[0.20506022]
2978
[0.17196476]
2979
[0.17465145]
2980
[0.26287227]
2981
[0.18258248]
2982
[0.16391831]
2983
[0.17962124]
2984
[0.13994874]
2985
[0.22751778]
2986
[0.17615154]
2987
[0.29956037]
2988
[0.20044589]
2989
[0.19025916]
2990
[0.28678119]
2991
[0.16962467]
2992
[0.20970076]
2993
[0.25808532]
2994
[0.20787332]
2995
[0.14568082]
2996
[0.14563779]
2997
[0.29701134]
2998
[0.15664365]
2999
[0.21449612]
3000
[0.17326451]
3001
[0.17968188]
3002
[0.27080713]
3003
[0.20235027]
3004
[0.14063359]
3005
[0.26987113]
3006
[0.18149193]
3007
[0.17813877]
3008
[0.14512186]
3009
[0.22821335]
3010
[0.2180236]
3011
[0.22314493]
3012
[0.1266079]
3013
[0.18449687]
3014
[0.12071742]
3015
[0.22160774]
3016
[0.23086817]
3017
[0.23305902]
3018
[0.19872968]
3019
[0.2290393]
3020
[0.23565399]
3021
[0.14295214]
3022
[0.1817968]
3023
[0.27486123]
3024
[0.13932615]
3025
[0.16485875]
3026
[0.14252454]
3027
[0.21330849]
3028
[0.23641069]
3029
[0.15181582]
3030
[0.20519527]
3031
[0.16927326]
3032
[0.21464191]
3033
[0.15985997]
3034
[0.20958499]
3035
[0.19956229]
3036
[0.16836532]
3037
[0.16614178]
3038
[0.18327219]
3039
[0.20435156]
3040
[0.24285073]
3041
[0.21533565]
3042
[0.25387371]
3043
[0.26744164]
3044
[0.14701558]
3045
[0.14752731]
3046
[0.16966831]
3047
[0.17674067]
3048
[0.17506584]
3049
[0.17928205]
3050
[0.21906861]
3051
[0.14210361]
3052
[0.22768622]
3053
[0.17431361]
3054
[0.1559492]
3055
[0.19092735]
3056
[0.18829332]
3057
[0.19751514]
3058
[0.16559066]
3059
[0.22986513]
3060
[0.15486481]
3061
[0.19838658]
3062
[0.28092764]
3063
[0.15350005]
3064
[0.18508165]
3065
[0.23898179]
3066
[0.23132874]
3067
[0.21423412]
3068
[0.12932782]
3069
[0.18657793]
3070
[0.19100059]
3071
[0.31224424]
3072
[0.19614961]
3073
[0.18655661]
3074
[0.20416122]
3075
[0.20590251]
3076
[0.22819062]
3077
[0.2367788]
3078
[0.1485213]
3079
[0.33461016]
3080
[0.28826655]
3081
[0.14935478]
3082
[0.22367232]
3083
[0.31653487]
3084
[0.26089648]
3085
[0.28685335]
3086
[0.21491838]
3087
[0.18083983]
3088
[0.19816997]
3089
[0.24912255]
3090
[0.29280159]
3091
[0.29468447]
3092
[0.14708661]
3093
[0.17827451]
3094
[0.14611093]
3095
[0.19465685]
3096
[0.29124121]
3097
[0.14129913]
3098
[0.20924158]
3099
[0.17214439]
3100
[0.16643438]
3101
[0.15170279]
3102
[0.16143997]
3103
[0.1859914]
3104
[0.23584398]
3105
[0.28830435]
3106
[0.27915987]
3107
[0.27761798]
3108
[0.20997527]
3109
[0.25869356]
3110
[0.18526465]
3111
[0.17318671]
3112
[0.18763534]
3113
[0.18146496]
3114
[0.19206081]
3115
[0.15771005]
3116
[0.14312204]
3117
[0.13184588]
3118
[0.21076943]
3119
[0.22820738]
3120
[0.17502337]
3121
[0.1399031]
3122
[0.18793114]
3123
[0.24831949]
3124
[0.26286923]
3125
[0.1433605]
3126
[0.27284171]
3127
[0.26082016]
3128
[0.21855736]
3129
[0.22252656]
3130
[0.21202993]
3131
[0.1907374]
3132
[0.17724259]
3133
[0.13284691]
3134
[0.25218884]
3135
[0.2990576]
3136
[0.28593426]
3137
[0.19921212]
3138
[0.13789974]
3139
[0.12367877]
3140
[0.18666645]
3141
[0.20737255]
3142
[0.22080451]
3143
[0.19872715]
3144
[0.20800886]
3145
[0.21495362]
3146
[0.1892908]
3147
[0.19254818]
3148
[0.21516734]
3149
[0.15226804]
3150
[0.25884126]
3151
[0.19161338]
3152
[0.19346639]
3153
[0.29050126]
3154
[0.31809082]
3155
[0.14791402]
3156
[0.19082311]
3157
[0.27351107]
3158
[0.22954089]
3159
[0.27413998]
3160
[0.23910377]
3161
[0.13089675]
3162
[0.13869482]
3163
[0.20634565]
3164
[0.17404544]
3165
[0.17584092]
3166
[0.16661401]
3167
[0.30696889]
3168
[0.18524309]
3169
[0.24037003]
3170
[0.16224335]
3171
[0.22495589]
3172
[0.13080112]
3173
[0.26310136]
3174
[0.21049052]
3175
[0.1705186]
3176
[0.31047234]
3177
[0.16349159]
3178
[0.27237204]
3179
[0.20170573]
3180
[0.30239512]
3181
[0.14304509]
3182
[0.21204463]
3183
[0.13805499]
3184
[0.19706614]
3185
[0.17850715]
3186
[0.2014411]
3187
[0.15234241]
3188
[0.17063166]
3189
[0.26727828]
3190
[0.1727747]
3191
[0.22593866]
3192
[0.20267827]
3193
[0.15434205]
3194
[0.16898091]
3195
[0.18485434]
3196
[0.18229028]
3197
[0.3300451]
3198
[0.1721622]
3199
[0.14295702]
3200
[0.17316396]
3201
[0.32824297]
3202
[0.251205]
3203
[0.15657478]
3204
[0.17598054]
3205
[0.15633744]
3206
[0.16667303]
3207
[0.26415121]
3208
[0.24683364]
3209
[0.25363166]
3210
[0.21958735]
3211
[0.15696942]
3212
[0.14820597]
3213
[0.14077131]
3214
[0.30546086]
3215
[0.1631275]
3216
[0.32653663]
3217
[0.15140224]
3218
[0.1228074]
3219
[0.20607099]
3220
[0.20028021]
3221
[0.18726542]
3222
[0.16467516]
3223
[0.12595574]
3224
[0.23760359]
3225
[0.15995163]
3226
[0.15938923]
3227
[0.13673014]
3228
[0.16453257]
3229
[0.17982787]
3230
[0.21793815]
3231
[0.19288229]
3232
[0.19838746]
3233
[0.22149115]
3234
[0.14041642]
3235
[0.1839531]
3236
[0.18067832]
3237
[0.15945385]
3238
[0.14179737]
3239
[0.23749299]
3240
[0.23420671]
3241
[0.32804979]
3242
[0.24686921]
3243
[0.2400184]
3244
[0.30435921]
3245
[0.3114659]
3246
[0.16924142]
3247
[0.1866079]
3248
[0.27764673]
3249
[0.22066723]
3250
[0.12958234]
3251
[0.18407438]
3252
[0.15230016]
3253
[0.19451318]
3254
[0.2014428]
3255
[0.22508127]
3256
[0.18953843]
3257
[0.22055442]
3258
[0.21513149]
3259
[0.15417923]
3260
[0.16290596]
3261
[0.26778082]
3262
[0.27157065]
3263
[0.15356571]
3264
[0.14763962]
3265
[0.21950591]
3266
[0.17098333]
3267
[0.15209886]
3268
[0.22042321]
3269
[0.22168926]
3270
[0.27674493]
3271
[0.21194514]
3272
[0.17109882]
3273
[0.20642321]
3274
[0.17171284]
3275
[0.19182334]
3276
[0.23849967]
3277
[0.10774905]
3278
[0.1822623]
3279
[0.15425563]
3280
[0.21178524]
3281
[0.1590054]
3282
[0.22518017]
3283
[0.21225126]
3284
[0.18107346]
3285
[0.21181809]
3286
[0.19415449]
3287
[0.20831308]
3288
[0.17136213]
3289
[0.16170387]
3290
[0.13350908]
3291
[0.13775547]
3292
[0.25941579]
3293
[0.14488123]
3294
[0.22719767]
3295
[0.20738399]
3296
[0.16575894]
3297
[0.14238729]
3298
[0.18174789]
3299
[0.20493626]
3300
[0.15791478]
3301
[0.14382912]
3302
[0.26338311]
3303
[0.30346502]
3304
[0.19487324]
3305
[0.1690396]
3306
[0.25220029]
3307
[0.25779763]
3308
[0.23255022]
3309
[0.26509848]
3310
[0.16951183]
3311
[0.22253507]
3312
[0.18362563]
3313
[0.16610081]
3314
[0.20535581]
3315
[0.20334554]
3316
[0.19786474]
3317
[0.25000983]
3318
[0.23574352]
3319
[0.164498]
3320
[0.24199364]
3321
[0.27450659]
3322
[0.21503314]
3323
[0.20970738]
3324
[0.27485545]
3325
[0.17111138]
3326
[0.14572025]
3327
[0.1579532]
3328
[0.18738524]
3329
[0.23143601]
3330
[0.18417109]
3331
[0.20991173]
3332
[0.2031111]
3333
[0.19002159]
3334
[0.2136765]
3335
[0.19442861]
3336
[0.16533606]
3337
[0.21386137]
3338
[0.21954612]
3339
[0.18117969]
3340
[0.20798979]
3341
[0.15127267]
3342
[0.19249442]
3343
[0.20055236]
3344
[0.2940848]
3345
[0.18457468]
3346
[0.21014604]
3347
[0.24786575]
3348
[0.17711942]
3349
[0.12929913]
3350
[0.14058165]
3351
[0.3631538]
3352
[0.17470848]
3353
[0.15294761]
3354
[0.23457295]
3355
[0.12551612]
3356
[0.1899937]
3357
[0.30473925]
3358
[0.23908289]
3359
[0.25337689]
3360
[0.1403124]
3361
[0.18066404]
3362
[0.17356743]
3363
[0.16622894]
3364
[0.15328855]
3365
[0.11839112]
3366
[0.12926244]
3367
[0.19007995]
3368
[0.23773622]
3369
[0.16572238]
3370
[0.20216203]
3371
[0.21854066]
3372
[0.12734508]
3373
[0.24239802]
3374
[0.19282879]
3375
[0.28467624]
3376
[0.14176531]
3377
[0.18161911]
3378
[0.20064091]
3379
[0.3175565]
3380
[0.12147915]
3381
[0.17096298]
3382
[0.23349314]
3383
[0.23016382]
3384
[0.14218812]
3385
[0.25745442]
3386
[0.3085979]
3387
[0.15316298]
3388
[0.19081219]
3389
[0.14975811]
3390
[0.19924271]
3391
[0.30904065]
3392
[0.3260762]
3393
[0.14672137]
3394
[0.18519947]
3395
[0.15912723]
3396
[0.17950134]
3397
[0.22426062]
3398
[0.22274589]
3399
[0.17697887]
3400
[0.17714768]
3401
[0.19528944]
3402
[0.14849936]
3403
[0.16710319]
3404
[0.20105921]
3405
[0.17499315]
3406
[0.1895442]
3407
[0.25866664]
3408
[0.19305196]
3409
[0.15927608]
3410
[0.23712087]
3411
[0.22267504]
3412
[0.17902296]
3413
[0.16734502]
3414
[0.17447413]
3415
[0.22495664]
3416
[0.19551737]
3417
[0.16632094]
3418
[0.20828212]
3419
[0.1784584]
3420
[0.26270509]
3421
[0.26901698]
3422
[0.20011708]
3423
[0.15269848]
3424
[0.15166721]
3425
[0.19552919]
3426
[0.21866133]
3427
[0.25597985]
3428
[0.1435546]
3429
[0.20642608]
3430
[0.1605645]
3431
[0.11370903]
3432
[0.26798253]
3433
[0.17052517]
3434
[0.17338032]
3435
[0.17463389]
3436
[0.20327587]
3437
[0.18718604]
3438
[0.24370568]
3439
[0.20066188]
3440
[0.18032081]
3441
[0.27507797]
3442
[0.18622584]
3443
[0.21757288]
3444
[0.17776876]
3445
[0.26489192]
3446
[0.1646454]
3447
[0.2392987]
3448
[0.22978048]
3449
[0.15819882]
3450
[0.16700029]
3451
[0.20635705]
3452
[0.17183062]
3453
[0.15373147]
3454
[0.20953837]
3455
[0.13938995]
3456
[0.12520205]
3457
[0.24956641]
3458
[0.23561814]
3459
[0.22541553]
3460
[0.31258853]
3461
[0.10953958]
3462
[0.14249236]
3463
[0.14078288]
3464
[0.1770587]
3465
[0.15874969]
3466
[0.19132701]
3467
[0.18884388]
3468
[0.25072827]
3469
[0.19144663]
3470
[0.16296092]
3471
[0.13988185]
3472
[0.14914487]
3473
[0.19161867]
3474
[0.29299357]
3475
[0.2215655]
3476
[0.15123998]
3477
[0.15375355]
3478
[0.15137689]
3479
[0.17144415]
3480
[0.14970377]
3481
[0.15927973]
3482
[0.2302687]
3483
[0.18621139]
3484
[0.20216572]
3485
[0.12598759]
3486
[0.25555208]
3487
[0.18683474]
3488
[0.24982417]
3489
[0.31719343]
3490
[0.17510412]
3491
[0.29587281]
3492
[0.15251232]
3493
[0.14651537]
3494
[0.3184063]
3495
[0.23151946]
3496
[0.26296075]
3497
[0.21320298]
3498
[0.29994902]
3499
[0.32742787]
3500
[0.15371175]
3501
[0.17565059]
3502
[0.20667491]
3503
[0.2587312]
3504
[0.18021447]
3505
[0.18752107]
3506
[0.14005632]
3507
[0.18293952]
3508
[0.1517857]
3509
[0.24958025]
3510
[0.25778241]
3511
[0.31142912]
3512
[0.17121206]
3513
[0.22661832]
3514
[0.22013032]
3515
[0.25856581]
3516
[0.23204206]
3517
[0.19089247]
3518
[0.19987833]
3519
[0.18426]
3520
[0.12265746]
3521
[0.17899853]
3522
[0.2541824]
3523
[0.20105432]
3524
[0.22741909]
3525
[0.3126513]
3526
[0.18607151]
3527
[0.19700635]
3528
[0.21948304]
3529
[0.2566075]
3530
[0.1697494]
3531
[0.12483302]
3532
[0.09399061]
3533
[0.22163059]
3534
[0.22918463]
3535
[0.10664849]
3536
[0.17859862]
3537
[0.17386952]
3538
[0.21732314]
3539
[0.20089857]
3540
[0.2076038]
3541
[0.22526006]
3542
[0.31309185]
3543
[0.21880999]
3544
[0.16027634]
3545
[0.09105306]
3546
[0.10352739]
3547
[0.22944057]
3548
[0.25958849]
3549
[0.21404537]
3550
[0.1545079]
3551
[0.1436825]
3552
[0.20639543]
3553
[0.23034851]
3554
[0.23205338]
3555
[0.23517477]
3556
[0.18029402]
3557
[0.20922048]
3558
[0.15406108]
3559
[0.17550904]
3560
[0.18699311]
3561
[0.15139741]
3562
[0.27627603]
3563
[0.29638041]
3564
[0.28592701]
3565
[0.17779868]
3566
[0.14555878]
3567
[0.14746967]
3568
[0.18167275]
3569
[0.14204509]
3570
[0.21156364]
3571
[0.18542999]
3572
[0.22334166]
3573
[0.1432776]
3574
[0.34560942]
3575
[0.25589333]
3576
[0.1844851]
3577
[0.1869743]
3578
[0.20951949]
3579
[0.15931791]
3580
[0.22367567]
3581
[0.19228152]
3582
[0.29344512]
3583
[0.15287543]
3584
[0.25361432]
3585
[0.19468602]
3586
[0.17184861]
3587
[0.14470763]
3588
[0.15613927]
3589
[0.11873332]
3590
[0.21906295]
3591
[0.24678486]
3592
[0.14869925]
3593
[0.23575894]
3594
[0.17278992]
3595
[0.15044549]
3596
[0.13490123]
3597
[0.1498046]
3598
[0.12697044]
3599
[0.24375746]
3600
[0.254361]
3601
[0.24075401]
3602
[0.18204503]
3603
[0.20010841]
3604
[0.29377503]
3605
[0.21051288]
3606
[0.20695164]
3607
[0.16958715]
3608
[0.20782659]
3609
[0.15819877]
3610
[0.15373283]
3611
[0.23773422]
3612
[0.22425559]
3613
[0.13082848]
3614
[0.14862895]
3615
[0.17835604]
3616
[0.29261727]
3617
[0.23687006]
3618
[0.28734833]
3619
[0.28747169]
3620
[0.12589213]
3621
[0.11018804]
3622
[0.22890274]
3623
[0.13785615]
3624
[0.18499437]
3625
[0.21196742]
3626
[0.16706391]
3627
[0.15437485]
3628
[0.28892056]
3629
[0.19988271]
3630
[0.21353126]
3631
[0.24727787]
3632
[0.2212868]
3633
[0.20424114]
3634
[0.14149775]
3635
[0.17584718]
3636
[0.3498548]
3637
[0.30709391]
3638
[0.18358751]
3639
[0.22319876]
3640
[0.16300221]
3641
[0.30243181]
3642
[0.14546496]
3643
[0.21149945]
3644
[0.12039945]
3645
[0.13037879]
3646
[0.20705971]
3647
[0.2061291]
3648
[0.17584585]
3649
[0.28134689]
3650
[0.19228304]
3651
[0.28403487]
3652
[0.25957426]
3653
[0.10434723]
3654
[0.2664648]
3655
[0.16358676]
3656
[0.18635751]
3657
[0.18428403]
3658
[0.21898215]
3659
[0.17686021]
3660
[0.17161758]
3661
[0.18053465]
3662
[0.19562176]
3663
[0.23604639]
3664
[0.1532993]
3665
[0.25311224]
3666
[0.20366202]
3667
[0.18467337]
3668
[0.1659152]
3669
[0.16791134]
3670
[0.17743529]
3671
[0.19942918]
3672
[0.21551856]
3673
[0.17236256]
3674
[0.29759207]
3675
[0.23448221]
3676
[0.18143023]
3677
[0.22521165]
3678
[0.23304268]
3679
[0.14948363]
3680
[0.1630199]
3681
[0.17778171]
3682
[0.20702537]
3683
[0.22266056]
3684
[0.18500105]
3685
[0.21075513]
3686
[0.19767527]
3687
[0.15856643]
3688
[0.30445534]
3689
[0.27375196]
3690
[0.22320164]
3691
[0.2131908]
3692
[0.17853112]
3693
[0.20525381]
3694
[0.20884983]
3695
[0.25917662]
3696
[0.25594507]
3697
[0.2143025]
3698
[0.24688789]
3699
[0.14697246]
3700
[0.15451418]
3701
[0.21375956]
3702
[0.15266089]
3703
[0.19156365]
3704
[0.13889716]
3705
[0.19925152]
3706
[0.1626245]
3707
[0.27246916]
3708
[0.18180389]
3709
[0.25386634]
3710
[0.20894944]
3711
[0.12783467]
3712
[0.13352309]
3713
[0.21821398]
3714
[0.19454728]
3715
[0.16998563]
3716
[0.23177937]
3717
[0.17071702]
3718
[0.25245459]
3719
[0.16202907]
3720
[0.17339235]
3721
[0.15807264]
3722
[0.2616416]
3723
[0.20478903]
3724
[0.23886346]
3725
[0.17114562]
3726
[0.14920171]
3727
[0.18597376]
3728
[0.14845681]
3729
[0.21097831]
3730
[0.20040083]
3731
[0.19142455]
3732
[0.19856205]
3733
[0.14354196]
3734
[0.16693023]
3735
[0.1850165]
3736
[0.21356958]
3737
[0.13553388]
3738
[0.17339765]
3739
[0.17879386]
3740
[0.19585598]
3741
[0.22844644]
3742
[0.13607649]
3743
[0.15767261]
3744
[0.21372621]
3745
[0.21768181]
3746
[0.25132277]
3747
[0.15178276]
3748
[0.18355954]
3749
[0.17429443]
3750
[0.154161]
3751
[0.16383609]
3752
[0.30972484]
3753
[0.16053195]
3754
[0.14348111]
3755
[0.24235423]
3756
[0.22530989]
3757
[0.19883111]
3758
[0.18248814]
3759
[0.20955956]
3760
[0.19016756]
3761
[0.28644501]
3762
[0.30886143]
3763
[0.19139313]
3764
[0.23395425]
3765
[0.25003611]
3766
[0.30239295]
3767
[0.21847652]
3768
[0.20436041]
3769
[0.29137138]
3770
[0.21470909]
3771
[0.19311658]
3772
[0.15842848]
3773
[0.15570114]
3774
[0.22762157]
3775
[0.16770851]
3776
[0.11684219]
3777
[0.18034547]
3778
[0.13548114]
3779
[0.20805882]
3780
[0.15661826]
3781
[0.16000312]
3782
[0.22579986]
3783
[0.19344377]
3784
[0.21546988]
3785
[0.17651731]
3786
[0.22665687]
3787
[0.19581615]
3788
[0.1506735]
3789
[0.14738048]
3790
[0.15998893]
3791
[0.19756328]
3792
[0.16601489]
3793
[0.17756623]
3794
[0.2483358]
3795
[0.2095822]
3796
[0.17102748]
3797
[0.14762867]
3798
[0.21730978]
3799
[0.26072313]
3800
[0.16199048]
3801
[0.20765354]
3802
[0.20993204]
3803
[0.12837303]
3804
[0.21351566]
3805
[0.24701988]
3806
[0.14840855]
3807
[0.19156579]
3808
[0.22557007]
3809
[0.10200126]
3810
[0.19062404]
3811
[0.21381587]
3812
[0.20373328]
3813
[0.1946664]
3814
[0.35290301]
3815
[0.16626964]
3816
[0.17470109]
3817
[0.15579869]
3818
[0.17885492]
3819
[0.17065933]
3820
[0.13158173]
3821
[0.20918817]
3822
[0.22642367]
3823
[0.22380859]
3824
[0.17427489]
3825
[0.17986986]
3826
[0.21900563]
3827
[0.19086453]
3828
[0.27699166]
3829
[0.18292842]
3830
[0.1422707]
3831
[0.21470849]
3832
[0.21525894]
3833
[0.16756753]
3834
[0.26902263]
3835
[0.15130864]
3836
[0.20778305]
3837
[0.20091366]
3838
[0.17526041]
3839
[0.16247819]
3840
[0.18245495]
3841
[0.148012]
3842
[0.15262018]
3843
[0.21569059]
3844
[0.15435063]
3845
[0.15967174]
3846
[0.22831705]
3847
[0.25055318]
3848
[0.30205406]
3849
[0.24430578]
3850
[0.17636963]
3851
[0.19164136]
3852
[0.27635418]
3853
[0.24272005]
3854
[0.31662291]
3855
[0.16647506]
3856
[0.21304879]
3857
[0.1501291]
3858
[0.2225265]
3859
[0.19614012]
3860
[0.2561135]
3861
[0.19068993]
3862
[0.34143596]
3863
[0.14891599]
3864
[0.26063993]
3865
[0.15138629]
3866
[0.19237543]
3867
[0.20393098]
3868
[0.24490678]
3869
[0.21210464]
3870
[0.18226909]
3871
[0.18209885]
3872
[0.14436604]
3873
[0.27285021]
3874
[0.29484379]
3875
[0.22793663]
3876
[0.26622547]
3877
[0.16357541]
3878
[0.18650589]
3879
[0.18967912]
3880
[0.18556006]
3881
[0.14950222]
3882
[0.17781275]
3883
[0.24069884]
3884
[0.1927173]
3885
[0.19113921]
3886
[0.24120428]
3887
[0.32969009]
3888
[0.18046038]
3889
[0.18704613]
3890
[0.18605694]
3891
[0.28167784]
3892
[0.15287816]
3893
[0.21739442]
3894
[0.19134635]
3895
[0.24167516]
3896
[0.15617319]
3897
[0.28628293]
3898
[0.18880628]
3899
[0.21901809]
3900
[0.17217456]
3901
[0.2517306]
3902
[0.20174589]
3903
[0.22501612]
3904
[0.15485171]
3905
[0.13653551]
3906
[0.26094926]
3907
[0.16161249]
3908
[0.14450762]
3909
[0.18613343]
3910
[0.32380854]
3911
[0.2252504]
3912
[0.26798662]
3913
[0.25081362]
3914
[0.18195304]
3915
[0.16474747]
3916
[0.14873543]
3917
[0.14554597]
3918
[0.22225173]
3919
[0.19935621]
3920
[0.16472672]
3921
[0.12067037]
3922
[0.20641628]
3923
[0.15417867]
3924
[0.22199779]
3925
[0.19718885]
3926
[0.23191196]
3927
[0.15993686]
3928
[0.20452226]
3929
[0.28509578]
3930
[0.24217292]
3931
[0.14145315]
3932
[0.1535171]
3933
[0.17261191]
3934
[0.23812157]
3935
[0.24861998]
3936
[0.18754387]
3937
[0.16113891]
3938
[0.24595171]
3939
[0.18104099]
3940
[0.25677737]
3941
[0.19017653]
3942
[0.23068296]
3943
[0.18963727]
3944
[0.30123635]
3945
[0.20479677]
3946
[0.17685979]
3947
[0.13712676]
3948
[0.20651893]
3949
[0.14792512]
3950
[0.15238254]
3951
[0.18844748]
3952
[0.29191751]
3953
[0.14271034]
3954
[0.18973071]
3955
[0.24467061]
3956
[0.20442105]
3957
[0.21414581]
3958
[0.20412454]
3959
[0.24846388]
3960
[0.28400154]
3961
[0.17947966]
3962
[0.23006381]
3963
[0.23659456]
3964
[0.2124147]
3965
[0.16404884]
3966
[0.24017585]
3967
[0.22078439]
3968
[0.21048896]
3969
[0.20996603]
3970
[0.15226013]
3971
[0.18222873]
3972
[0.22935611]
3973
[0.19926675]
3974
[0.15500484]
3975
[0.21497995]
3976
[0.13911731]
3977
[0.21875298]
3978
[0.2711689]
3979
[0.32879377]
3980
[0.16841668]
3981
[0.31540547]
3982
[0.13020491]
3983
[0.26451719]
3984
[0.17008745]
3985
[0.18093445]
3986
[0.20600958]
3987
[0.20690519]
3988
[0.18385012]
3989
[0.17520062]
3990
[0.14786001]
3991
[0.17346763]
3992
[0.19360317]
3993
[0.13177019]
3994
[0.18711218]
3995
[0.21623732]
3996
[0.181246]
3997
[0.21598893]
3998
[0.22388962]
3999
[0.0850089]
4000
[0.23151064]
4001
[0.23065147]
4002
[0.225432]
4003
[0.12330285]
4004
[0.14078402]
4005
[0.20251878]
4006
[0.16613904]
4007
[0.27136313]
4008
[0.13210434]
4009
[0.33915608]
4010
[0.13543358]
4011
[0.20675157]
4012
[0.15502744]
4013
[0.21458244]
4014
[0.27823312]
4015
[0.15358758]
4016
[0.25442358]
4017
[0.25031748]
4018
[0.15052282]
4019
[0.21433983]
4020
[0.28277253]
4021
[0.19352728]
4022
[0.1339672]
4023
[0.17732135]
4024
[0.17522718]
4025
[0.10960408]
4026
[0.23165358]
4027
[0.20676856]
4028
[0.18934608]
4029
[0.18999993]
4030
[0.15479362]
4031
[0.23567417]
4032
[0.20050728]
4033
[0.20383537]
4034
[0.14577719]
4035
[0.17989012]
4036
[0.14505212]
4037
[0.15292823]
4038
[0.16026265]
4039
[0.22984156]
4040
[0.22621336]
4041
[0.14408786]
4042
[0.18637278]
4043
[0.20810771]
4044
[0.2781298]
4045
[0.14385159]
4046
[0.10628782]
4047
[0.07858906]
4048
[0.21572998]
4049
[0.16023233]
4050
[0.28162097]
4051
[0.18819392]
4052
[0.17935814]
4053
[0.1511307]
4054
[0.16849979]
4055
[0.15671062]
4056
[0.17914028]
4057
[0.21298335]
4058
[0.19374348]
4059
[0.21933952]
4060
[0.12925562]
4061
[0.20989263]
4062
[0.22483855]
4063
[0.1057948]
4064
[0.35119736]
4065
[0.14581269]
4066
[0.22660075]
4067
[0.20259213]
4068
[0.2005727]
4069
[0.23561778]
4070
[0.13426887]
4071
[0.19975563]
4072
[0.22359656]
4073
[0.21033854]
4074
[0.15758328]
4075
[0.26016561]
4076
[0.2083078]
4077
[0.16145218]
4078
[0.17502574]
4079
[0.18017031]
4080
[0.178439]
4081
[0.30706036]
4082
[0.18708812]
4083
[0.21933322]
4084
[0.20126818]
4085
[0.19894047]
4086
[0.10916867]
4087
[0.22248826]
4088
[0.24513934]
4089
[0.27216381]
4090
[0.24431189]
4091
[0.19087438]
4092
[0.1933026]
4093
[0.16687503]
4094
[0.25665817]
4095
[0.19749438]
4096
[0.18459476]
4097
[0.16581691]
4098
[0.29970863]
4099
[0.16831216]
4100
[0.19171347]
4101
[0.17420759]
4102
[0.1983412]
4103
[0.19103004]
4104
[0.15609816]
4105
[0.19951197]
4106
[0.17616189]
4107
[0.27212448]
4108
[0.17502389]
4109
[0.15263768]
4110
[0.31295459]
4111
[0.22333613]
4112
[0.18522341]
4113
[0.18792989]
4114
[0.14147935]
4115
[0.19557343]
4116
[0.32322097]
4117
[0.14759686]
4118
[0.18159761]
4119
[0.22103385]
4120
[0.22763382]
4121
[0.14817458]
4122
[0.18873946]
4123
[0.20630261]
4124
[0.22777004]
4125
[0.2022754]
4126
[0.12488105]
4127
[0.19470784]
4128
[0.18526678]
4129
[0.27388017]
4130
[0.11798619]
4131
[0.20874123]
4132
[0.21273622]
4133
[0.19518963]
4134
[0.34065311]
4135
[0.16452931]
4136
[0.1336745]
4137
[0.17080989]
4138
[0.14705745]
4139
[0.17540528]
4140
[0.23150565]
4141
[0.25347258]
4142
[0.1721456]
4143
[0.23845949]
4144
[0.17063554]
4145
[0.20274438]
4146
[0.26888531]
4147
[0.17389165]
4148
[0.21638186]
4149
[0.28245018]
4150
[0.18696177]
4151
[0.12632037]
4152
[0.11784962]
4153
[0.17149921]
4154
[0.21613332]
4155
[0.36310101]
4156
[0.25866083]
4157
[0.19604947]
4158
[0.15983963]
4159
[0.17576355]
4160
[0.26832498]
4161
[0.25633404]
4162
[0.22566817]
4163
[0.24112115]
4164
[0.16052714]
4165
[0.19462233]
4166
[0.29206167]
4167
[0.28628901]
4168
[0.21865089]
4169
[0.16866441]
4170
[0.23459076]
4171
[0.24797013]
4172
[0.20292152]
4173
[0.22606901]
4174
[0.23663737]
4175
[0.1852459]
4176
[0.17019044]
4177
[0.23209232]
4178
[0.1490556]
4179
[0.1627751]
4180
[0.22945064]
4181
[0.16718183]
4182
[0.21757572]
4183
[0.19297792]
4184
[0.16239775]
4185
[0.17601682]
4186
[0.22085803]
4187
[0.22078753]
4188
[0.17690917]
4189
[0.26211024]
4190
[0.16098018]
4191
[0.22030349]
4192
[0.3031149]
4193
[0.20467062]
4194
[0.23513572]
4195
[0.24054805]
4196
[0.2334058]
4197
[0.24670897]
4198
[0.17029792]
4199
[0.28013173]
4200
[0.21463893]
4201
[0.21834663]
4202
[0.19575861]
4203
[0.37852667]
4204
[0.10846533]
4205
[0.18310371]
4206
[0.20910594]
4207
[0.19066659]
4208
[0.20537202]
4209
[0.15919721]
4210
[0.17676795]
4211
[0.23376569]
4212
[0.20928177]
4213
[0.12853065]
4214
[0.19708317]
4215
[0.16072526]
4216
[0.23872065]
4217
[0.1719384]
4218
[0.18926987]
4219
[0.25041381]
4220
[0.15464236]
4221
[0.19090902]
4222
[0.2289706]
4223
[0.16949238]
4224
[0.23680876]
4225
[0.24518278]
4226
[0.22559193]
4227
[0.20214693]
4228
[0.26495952]
4229
[0.15773098]
4230
[0.21629637]
4231
[0.14702986]
4232
[0.17394793]
4233
[0.29295882]
4234
[0.18295816]
4235
[0.2086718]
4236
[0.2100044]
4237
[0.18603372]
4238
[0.23796126]
4239
[0.31230004]
4240
[0.30976639]
4241
[0.20768501]
4242
[0.17659506]
4243
[0.19493076]
4244
[0.19608046]
4245
[0.14770007]
4246
[0.19183328]
4247
[0.1852866]
4248
[0.17903044]
4249
[0.29325816]
4250
[0.15043177]
4251
[0.2093724]
4252
[0.22494722]
4253
[0.16519965]
4254
[0.22978537]
4255
[0.21662105]
4256
[0.28641345]
4257
[0.15508553]
4258
[0.20587152]
4259
[0.17185719]
4260
[0.25191549]
4261
[0.16505953]
4262
[0.15752191]
4263
[0.29324941]
4264
[0.2278169]
4265
[0.16113519]
4266
[0.18272197]
4267
[0.21643881]
4268
[0.15805216]
4269
[0.22715093]
4270
[0.13786193]
4271
[0.19653734]
4272
[0.28620527]
4273
[0.24016863]
4274
[0.2150326]
4275
[0.20238989]
4276
[0.15171691]
4277
[0.18753569]
4278
[0.20178823]
4279
[0.19511079]
4280
[0.16113032]
4281
[0.24657492]
4282
[0.21559168]
4283
[0.138695]
4284
[0.28272739]
4285
[0.16602598]
4286
[0.23365631]
4287
[0.16979524]
4288
[0.16529375]
4289
[0.21905003]
4290
[0.20578736]
4291
[0.14219778]
4292
[0.14315455]
4293
[0.20865578]
4294
[0.1859632]
4295
[0.16807454]
4296
[0.19643727]
4297
[0.16229724]
4298
[0.28021593]
4299
[0.18320592]
4300
[0.12436766]
4301
[0.22803967]
4302
[0.28575347]
4303
[0.13245444]
4304
[0.35735556]
4305
[0.26637021]
4306
[0.21485593]
4307
[0.17459747]
4308
[0.15717682]
4309
[0.22029053]
4310
[0.21003904]
4311
[0.1837039]
4312
[0.22556793]
4313
[0.24176897]
4314
[0.18591499]
4315
[0.15439253]
4316
[0.13021096]
4317
[0.21685296]
4318
[0.19739747]
4319
[0.19277802]
4320
[0.32377604]
4321
[0.25051683]
4322
[0.2761253]
4323
[0.23267336]
4324
[0.17069365]
4325
[0.24327898]
4326
[0.25977094]
4327
[0.24379298]
4328
[0.1406487]
4329
[0.25650437]
4330
[0.16939613]
4331
[0.19104154]
4332
[0.1631718]
4333
[0.20280343]
4334
[0.21588135]
4335
[0.17524971]
4336
[0.17526627]
4337
[0.22843913]
4338
[0.21989875]
4339
[0.27733371]
4340
[0.24066648]
4341
[0.15143592]
4342
[0.15177538]
4343
[0.19341605]
4344
[0.23030333]
4345
[0.14590909]
4346
[0.178309]
4347
[0.21318787]
4348
[0.22687601]
4349
[0.31804016]
4350
[0.24194011]
4351
[0.20225939]
4352
[0.16891859]
4353
[0.30456634]
4354
[0.2027863]
4355
[0.24065092]
4356
[0.21192346]
4357
[0.11705622]
4358
[0.22817301]
4359
[0.21186338]
4360
[0.24580321]
4361
[0.21446547]
4362
[0.19291308]
4363
[0.18502422]
4364
[0.27453009]
4365
[0.16744203]
4366
[0.16043171]
4367
[0.17770806]
4368
[0.203404]
4369
[0.29715767]
4370
[0.24634798]
4371
[0.19307368]
4372
[0.18745612]
4373
[0.21245638]
4374
[0.20246844]
4375
[0.17891439]
4376
[0.14645536]
4377
[0.26452905]
4378
[0.18793291]
4379
[0.17233792]
4380
[0.11493669]
4381
[0.14167801]
4382
[0.14883943]
4383
[0.23537788]
4384
[0.18508259]
4385
[0.20142663]
4386
[0.25723828]
4387
[0.17843206]
4388
[0.20093543]
4389
[0.17259742]
4390
[0.1780712]
4391
[0.11847739]
4392
[0.17857087]
4393
[0.19248356]
4394
[0.20201818]
4395
[0.2878238]
4396
[0.19650771]
4397
[0.11706574]
4398
[0.22859467]
4399
[0.36791122]
4400
[0.09560518]
4401
[0.23457728]
4402
[0.27417133]
4403
[0.14092112]
4404
[0.16236699]
4405
[0.21160329]
4406
[0.26200033]
4407
[0.18915465]
4408
[0.13361573]
4409
[0.27865833]
4410
[0.26058229]
4411
[0.21825138]
4412
[0.2143649]
4413
[0.31769306]
4414
[0.16118846]
4415
[0.1903798]
4416
[0.28520106]
4417
[0.18049435]
4418
[0.23705379]
4419
[0.12011267]
4420
[0.15638867]
4421
[0.21919763]
4422
[0.20756774]
4423
[0.29678646]
4424
[0.16701338]
4425
[0.23167683]
4426
[0.22904343]
4427
[0.15733592]
4428
[0.27571657]
4429
[0.29664291]
4430
[0.16872201]
4431
[0.21057954]
4432
[0.25283056]
4433
[0.13684644]
4434
[0.24963498]
4435
[0.22026876]
4436
[0.21213304]
4437
[0.20377678]
4438
[0.22864502]
4439
[0.21485728]
4440
[0.14549728]
4441
[0.26328096]
4442
[0.21802351]
4443
[0.20142112]
4444
[0.14873558]
4445
[0.12048936]
4446
[0.16376049]
4447
[0.26835423]
4448
[0.2607178]
4449
[0.20296299]
4450
[0.2753656]
4451
[0.18834193]
4452
[0.18239178]
4453
[0.1615896]
4454
[0.23856485]
4455
[0.21477824]
4456
[0.17943255]
4457
[0.17935569]
4458
[0.19879405]
4459
[0.20456648]
4460
[0.19698713]
4461
[0.18692492]
4462
[0.26875324]
4463
[0.16453685]
4464
[0.08487126]
4465
[0.26209942]
4466
[0.16999272]
4467
[0.18482631]
4468
[0.27931821]
4469
[0.19376261]
4470
[0.20305819]
4471
[0.21570642]
4472
[0.15787189]
4473
[0.29269069]
4474
[0.21309816]
4475
[0.12066895]
4476
[0.13742593]
4477
[0.16785732]
4478
[0.24468437]
4479
[0.26939821]
4480
[0.24608636]
4481
[0.25250569]
4482
[0.26147428]
4483
[0.15500213]
4484
[0.28806043]
4485
[0.18741236]
4486
[0.28662714]
4487
[0.21439894]
4488
[0.18832191]
4489
[0.2175244]
4490
[0.16078667]
4491
[0.1812661]
4492
[0.18775144]
4493
[0.22952908]
4494
[0.15748025]
4495
[0.25418263]
4496
[0.26651101]
4497
[0.18704078]
4498
[0.10105875]
4499
[0.17911489]
4500
[0.12539029]
4501
[0.22102674]
4502
[0.20080128]
4503
[0.16492243]
4504
[0.18250454]
4505
[0.18747235]
4506
[0.17377603]
4507
[0.21353464]
4508
[0.19693531]
4509
[0.20465011]
4510
[0.16546653]
4511
[0.13472952]
4512
[0.19570379]
4513
[0.26261701]
4514
[0.22228289]
4515
[0.23849574]
4516
[0.22011045]
4517
[0.21461426]
4518
[0.20497865]
4519
[0.28448048]
4520
[0.1944851]
4521
[0.24915041]
4522
[0.27368166]
4523
[0.27212195]
4524
[0.23982552]
4525
[0.23791041]
4526
[0.2547538]
4527
[0.21488121]
4528
[0.18252858]
4529
[0.21659846]
4530
[0.22557]
4531
[0.14317259]
4532
[0.21017548]
4533
[0.27468248]
4534
[0.12814735]
4535
[0.18169917]
4536
[0.14920557]
4537
[0.19778406]
4538
[0.28129366]
4539
[0.20751884]
4540
[0.15616289]
4541
[0.18131965]
4542
[0.26304626]
4543
[0.17818768]
4544
[0.2470671]
4545
[0.23350182]
4546
[0.1671295]
4547
[0.22879161]
4548
[0.29130725]
4549
[0.21180884]
4550
[0.08571606]
4551
[0.24415795]
4552
[0.15052574]
4553
[0.25088376]
4554
[0.27632015]
4555
[0.21582448]
4556
[0.21468696]
4557
[0.27329223]
4558
[0.1564106]
4559
[0.1441555]
4560
[0.20280919]
4561
[0.2853233]
4562
[0.16641021]
4563
[0.13771441]
4564
[0.31675812]
4565
[0.27152178]
4566
[0.24264157]
4567
[0.25079229]
4568
[0.25644457]
4569
[0.17173786]
4570
[0.18619715]
4571
[0.22595285]
4572
[0.2119591]
4573
[0.19684987]
4574
[0.16893444]
4575
[0.26054163]
4576
[0.3097733]
4577
[0.32960086]
4578
[0.09685258]
4579
[0.23902612]
4580
[0.18295453]
4581
[0.20326083]
4582
[0.16794671]
4583
[0.16132772]
4584
[0.22854276]
4585
[0.27539107]
4586
[0.17565353]
4587
[0.23630164]
4588
[0.1656703]
4589
[0.23644139]
4590
[0.21050744]
4591
[0.20499937]
4592
[0.24358549]
4593
[0.18227369]
4594
[0.17800748]
4595
[0.19696903]
4596
[0.25553102]
4597
[0.12523738]
4598
[0.18064938]
4599
[0.12953394]
4600
[0.23753411]
4601
[0.28998507]
4602
[0.16045805]
4603
[0.16730113]
4604
[0.27928023]
4605
[0.18216025]
4606
[0.3085411]
4607
[0.20051215]
4608
[0.16442008]
4609
[0.31767768]
4610
[0.20588935]
4611
[0.20121961]
4612
[0.25407137]
4613
[0.25330425]
4614
[0.30948478]
4615
[0.11394035]
4616
[0.23833721]
4617
[0.15991009]
4618
[0.18153519]
4619
[0.18223044]
4620
[0.13237894]
4621
[0.22223875]
4622
[0.27022239]
4623
[0.16868188]
4624
[0.25401969]
4625
[0.21737]
4626
[0.29907192]
4627
[0.16829423]
4628
[0.28716706]
4629
[0.21178317]
4630
[0.26347816]
4631
[0.26193308]
4632
[0.15717128]
4633
[0.17881932]
4634
[0.22214798]
4635
[0.2810546]
4636
[0.15372823]
4637
[0.2301244]
4638
[0.17134829]
4639
[0.15265837]
4640
[0.1811281]
4641
[0.22988198]
4642
[0.10711909]
4643
[0.22719863]
4644
[0.19012045]
4645
[0.16295417]
4646
[0.30957115]
4647
[0.15380954]
4648
[0.24569286]
4649
[0.25120173]
4650
[0.14042474]
4651
[0.17192091]
4652
[0.12014922]
4653
[0.24379042]
4654
[0.17762223]
4655
[0.22316979]
4656
[0.19134908]
4657
[0.26377]
4658
[0.24073094]
4659
[0.18100564]
4660
[0.15522615]
4661
[0.2182956]
4662
[0.19985231]
4663
[0.15250882]
4664
[0.1875337]
4665
[0.14832308]
4666
[0.12636268]
4667
[0.17471239]
4668
[0.16381813]
4669
[0.23425439]
4670
[0.34504657]
4671
[0.17265063]
4672
[0.24366254]
4673
[0.22461857]
4674
[0.19424761]
4675
[0.18959265]
4676
[0.14624919]
4677
[0.25358961]
4678
[0.13827286]
4679
[0.15593905]
4680
[0.1400862]
4681
[0.13160533]
4682
[0.14613819]
4683
[0.17883092]
4684
[0.25447678]
4685
[0.14544628]
4686
[0.2274854]
4687
[0.22438291]
4688
[0.20427284]
4689
[0.1435521]
4690
[0.20090153]
4691
[0.29639229]
4692
[0.20718913]
4693
[0.16628892]
4694
[0.12639149]
4695
[0.13839256]
4696
[0.21392576]
4697
[0.17019393]
4698
[0.24550955]
4699
[0.19904266]
4700
[0.21660518]
4701
[0.20559353]
4702
[0.21478953]
4703
[0.15989287]
4704
[0.14104206]
4705
[0.18755411]
4706
[0.16814563]
4707
[0.23059073]
4708
[0.3001269]
4709
[0.16076919]
4710
[0.19440202]
4711
[0.18883557]
4712
[0.12658772]
4713
[0.26223015]
4714
[0.16871875]
4715
[0.11322423]
4716
[0.16363001]
4717
[0.15782033]
4718
[0.22485793]
4719
[0.14178937]
4720
[0.21967999]
4721
[0.2035931]
4722
[0.28969206]
4723
[0.23506996]
4724
[0.26662061]
4725
[0.27966376]
4726
[0.10592637]
4727
[0.21120226]
4728
[0.16309351]
4729
[0.20630518]
4730
[0.17857188]
4731
[0.31787723]
4732
[0.18548926]
4733
[0.15239511]
4734
[0.16597113]
4735
[0.25174676]
4736
[0.13443143]
4737
[0.2577387]
4738
[0.19267187]
4739
[0.21827094]
4740
[0.18665328]
4741
[0.25671244]
4742
[0.25241321]
4743
[0.29794669]
4744
[0.27860461]
4745
[0.1265221]
4746
[0.18288497]
4747
[0.20708368]
4748
[0.17594175]
4749
[0.24081517]
4750
[0.14301388]
4751
[0.18028342]
4752
[0.20050873]
4753
[0.22693824]
4754
[0.22103871]
4755
[0.17668212]
4756
[0.20650098]
4757
[0.22747478]
4758
[0.18517668]
4759
[0.16106317]
4760
[0.20927437]
4761
[0.13862649]
4762
[0.15128108]
4763
[0.16595913]
4764
[0.18141281]
4765
[0.15230167]
4766
[0.16767804]
4767
[0.17155806]
4768
[0.16827444]
4769
[0.18844288]
4770
[0.27888943]
4771
[0.19021617]
4772
[0.19535373]
4773
[0.27645843]
4774
[0.11935502]
4775
[0.24100671]
4776
[0.11767774]
4777
[0.16969464]
4778
[0.16859423]
4779
[0.18492795]
4780
[0.22941295]
4781
[0.26734025]
4782
[0.14974154]
4783
[0.21302108]
4784
[0.17265289]
4785
[0.08162059]
4786
[0.25276675]
4787
[0.1179014]
4788
[0.20793888]
4789
[0.18258595]
4790
[0.17504576]
4791
[0.25712329]
4792
[0.18512579]
4793
[0.16967727]
4794
[0.20162802]
4795
[0.15469265]
4796
[0.1657881]
4797
[0.29222948]
4798
[0.1759168]
4799
[0.18490043]
4800
[0.2872067]
4801
[0.24518729]
4802
[0.20063554]
4803
[0.1633123]
4804
[0.2102335]
4805
[0.16296112]
4806
[0.2536214]
4807
[0.18894686]
4808
[0.24352329]
4809
[0.23212523]
4810
[0.15244611]
4811
[0.17601297]
4812
[0.20441091]
4813
[0.16537759]
4814
[0.23126947]
4815
[0.20613809]
4816
[0.25289652]
4817
[0.14987581]
4818
[0.09965264]
4819
[0.24946812]
4820
[0.25159314]
4821
[0.20779741]
4822
[0.12308499]
4823
[0.24755381]
4824
[0.23081373]
4825
[0.18377908]
4826
[0.18478197]
4827
[0.18224459]
4828
[0.3002203]
4829
[0.28206182]
4830
[0.20959042]
4831
[0.21295195]
4832
[0.16531709]
4833
[0.21344263]
4834
[0.20842634]
4835
[0.24343084]
4836
[0.16375051]
4837
[0.24980513]
4838
[0.14135505]
4839
[0.20201689]
4840
[0.14851917]
4841
[0.17813968]
4842
[0.18938]
4843
[0.20378772]
4844
[0.24004]
4845
[0.22520773]
4846
[0.12104946]
4847
[0.14771562]
4848
[0.23442375]
4849
[0.13917297]
4850
[0.15993221]
4851
[0.22934561]
4852
[0.16917671]
4853
[0.26247085]
4854
[0.08792393]
4855
[0.22337047]
4856
[0.16086555]
4857
[0.15516371]
4858
[0.26926994]
4859
[0.25153061]
4860
[0.26021561]
4861
[0.19239364]
4862
[0.13874148]
4863
[0.15104855]
4864
[0.19773464]
4865
[0.16607729]
4866
[0.20571033]
4867
[0.20466813]
4868
[0.20638336]
4869
[0.28381666]
4870
[0.1999145]
4871
[0.24374905]
4872
[0.32117464]
4873
[0.21342078]
4874
[0.23339853]
4875
[0.15759426]
4876
[0.16220414]
4877
[0.11965688]
4878
[0.1667512]
4879
[0.16885778]
4880
[0.17811812]
4881
[0.20567428]
4882
[0.22235629]
4883
[0.16659616]
4884
[0.17199909]
4885
[0.16579142]
4886
[0.16598653]
4887
[0.16860901]
4888
[0.16939232]
4889
[0.19323034]
4890
[0.11326404]
4891
[0.12278065]
4892
[0.22132619]
4893
[0.15866308]
4894
[0.31628065]
4895
[0.20155632]
4896
[0.25738731]
4897
[0.1662763]
4898
[0.16056451]
4899
[0.18718345]
4900
[0.18897572]
4901
[0.22755098]
4902
[0.19714698]
4903
[0.15122961]
4904
[0.18906359]
4905
[0.12734219]
4906
[0.13016415]
4907
[0.16442789]
4908
[0.26987515]
4909
[0.21121606]
4910
[0.12602167]
4911
[0.19094656]
4912
[0.17091573]
4913
[0.34281981]
4914
[0.13641581]
4915
[0.17402377]
4916
[0.15264339]
4917
[0.19408181]
4918
[0.1691103]
4919
[0.16567763]
4920
[0.1017881]
4921
[0.18681474]
4922
[0.157364]
4923
[0.14636252]
4924
[0.20271627]
4925
[0.29121494]
4926
[0.20783099]
4927
[0.19785757]
4928
[0.14855147]
4929
[0.22555985]
4930
[0.15518436]
4931
[0.2570526]
4932
[0.12125841]
4933
[0.24183518]
4934
[0.23329962]
4935
[0.26394661]
4936
[0.14466556]
4937
[0.16252895]
4938
[0.34835915]
4939
[0.1435601]
4940
[0.23694095]
4941
[0.11091661]
4942
[0.1953764]
4943
[0.1683055]
4944
[0.21507287]
4945
[0.17179832]
4946
[0.08547363]
4947
[0.27511323]
4948
[0.23848375]
4949
[0.20479125]
4950
[0.23310966]
4951
[0.21871555]
4952
[0.20343632]
4953
[0.17775289]
4954
[0.15336073]
4955
[0.22552902]
4956
[0.11613178]
4957
[0.20651512]
4958
[0.15982759]
4959
[0.24017687]
4960
[0.14850191]
4961
[0.38979044]
4962
[0.16298262]
4963
[0.21470993]
4964
[0.21568885]
4965
[0.29154497]
4966
[0.27934816]
4967
[0.20263887]
4968
[0.13607287]
4969
[0.1749687]
4970
[0.19990326]
4971
[0.27131085]
4972
[0.17871035]
4973
[0.15620511]
4974
[0.08790136]
4975
[0.14822075]
4976
[0.19972141]
4977
[0.14041357]
4978
[0.14573405]
4979
[0.28974039]
4980
[0.1323221]
4981
[0.20682151]
4982
[0.16223112]
4983
[0.24678416]
4984
[0.22553805]
4985
[0.20946546]
4986
[0.14182171]
4987
[0.32721122]
4988
[0.24279594]
4989
[0.14140545]
4990
[0.15292174]
4991
[0.13266003]
4992
[0.22368763]
4993
[0.19466311]
4994
[0.20891244]
4995
[0.13236412]
4996
[0.20323951]
4997
[0.22787235]
4998
[0.11819668]
4999
[0.26010923]
[1] 40000    11
[1] 40000    11
