LOADING R
R LOADED
[1] "/home/lvanderl/Rlibs2"                         
[2] "/app/software/R/4.3.1-gfbf-2022b/lib/R/library"
[1] "/home/lvanderl/sieveSims"
[1] "rf 3 4"
[1] "histogram binning"
[1] 0.07322514
[1] 0.07322514
[1] "mondrian"
[1] "iso"
[1] 0.07322514
[1] "conditional"
[   10.            11.51395399    13.25711366    15.26417967
    17.57510625    20.23589648    23.29951811    26.82695795
    30.88843596    35.56480306    40.94915062    47.14866363
    54.28675439    62.50551925    71.9685673     82.86427729
    95.40954763   109.8541142    126.48552169   145.63484775
   167.68329368   193.06977289   222.29964825   255.95479227
   294.70517026   339.32217719   390.69399371   449.8432669
   517.94746792   596.36233166   686.648845     790.60432109
   910.29817799  1048.11313415  1206.79264064  1389.49549437
  1599.85871961  1842.06996933  2120.95088792  2442.05309455
  2811.76869797  3237.45754282  3727.59372031  4291.93426013
  4941.71336132  5689.86602902  6551.2855686   7543.12006335
  8685.11373751 10000.        ]
[0.41880248 0.42337709 0.42961827 0.42858243 0.42590627 0.44382195
 0.44050599 0.45036731 0.44884479 0.45971004 0.47155874 0.48157447
 0.48366349 0.48149301 0.50865777 0.51440581 0.54348712 0.49607494
 0.51047166 0.5489264  0.53063288 0.45120338 0.55629021 0.5616667
 0.57443946 0.61017427 0.73655183 0.81561073 0.75147623 0.89794038
 0.99777543 1.04433734 1.10118483 1.19714288 1.00426545 1.31932731
 1.94167731 1.57303956 2.18981033 2.23445829 2.7388395  3.28585269
 3.22403986 3.94749632 3.29642292 4.56619748 5.97401027 5.98778169
 8.16318838 8.1896993 ]
10.0
0.1
0
[0.19795961]
1
[0.23351612]
2
[0.27010115]
3
[0.18749594]
4
[0.37615612]
5
[0.45023377]
6
[0.22224699]
7
[0.31798509]
8
[0.14257512]
9
[0.2010144]
10
[0.29788591]
11
[0.14866022]
12
[0.28900448]
13
[0.24197405]
14
[0.30267105]
15
[0.34221892]
16
[0.240558]
17
[0.19033875]
18
[0.32401043]
19
[0.2444264]
20
[0.23578942]
21
[0.30044709]
22
[0.44117002]
23
[0.30253667]
24
[0.30724342]
25
[0.23575221]
26
[0.25329918]
27
[0.04420252]
28
[0.10762371]
29
[0.26931096]
30
[0.17488541]
31
[0.18593491]
32
[0.19168065]
33
[0.33242548]
34
[0.26603513]
35
[0.40919844]
36
[0.3029174]
37
[0.34119585]
38
[0.37526032]
39
[0.32973484]
40
[0.28371978]
41
[0.10975182]
42
[0.41337141]
43
[0.39588149]
44
[0.32466219]
45
[0.17692199]
46
[0.2095281]
47
[0.33534963]
48
[0.1091374]
49
[0.31227456]
50
[0.21369249]
51
[0.38181112]
52
[0.46453475]
53
[0.28530515]
54
[0.47182157]
55
[0.32717165]
56
[0.21635799]
57
[0.2364413]
58
[0.35223772]
59
[0.25334993]
60
[0.27252744]
61
[0.3634199]
62
[0.33190446]
63
[0.19848313]
64
[0.489466]
65
[0.3794757]
66
[0.33897752]
67
[0.14269286]
68
[0.21473977]
69
[0.33317159]
70
[0.27451164]
71
[0.08818246]
72
[0.37030539]
73
[0.30602591]
74
[0.22269488]
75
[0.26034723]
76
[0.30808348]
77
[0.3431845]
78
[0.30691953]
79
[0.32522275]
80
[0.37768202]
81
[0.28000322]
82
[0.04678864]
83
[0.46357609]
84
[0.21093376]
85
[0.21334887]
86
[0.13832004]
87
[0.2266899]
88
[0.11102452]
89
[0.24691911]
90
[0.49355885]
91
[0.31132406]
92
[0.20814941]
93
[0.3425927]
94
[0.20637639]
95
[0.24646818]
96
[0.24744279]
97
[0.35452762]
98
[0.05091039]
99
[0.19438828]
100
[0.44688277]
101
[0.15068343]
102
[0.18868821]
103
[0.40501559]
104
[0.27639731]
105
[0.12614161]
106
[0.50666679]
107
[0.16314831]
108
[0.23861354]
109
[0.16699706]
110
[0.24594386]
111
[0.25670999]
112
[0.20930242]
113
[0.1718042]
114
[0.14007172]
115
[0.28250975]
116
[0.23238917]
117
[0.32416394]
118
[0.38882919]
119
[0.1980179]
120
[0.18042464]
121
[0.43940775]
122
[0.33777923]
123
[0.27213041]
124
[0.16592151]
125
[0.47590574]
126
[0.0841376]
127
[0.2987659]
128
[0.29771831]
129
[0.25145716]
130
[0.17307973]
131
[0.07062056]
132
[0.41247309]
133
[0.35320939]
134
[0.22445605]
135
[0.23966841]
136
[0.15639231]
137
[0.25841221]
138
[0.36125598]
139
[0.41846829]
140
[0.37588771]
141
[0.2635022]
142
[0.18731355]
143
[0.27557404]
144
[0.21744359]
145
[0.31895372]
146
[0.17633845]
147
[0.28684482]
148
[0.13008782]
149
[0.28967529]
150
[0.31298107]
151
[0.35337504]
152
[0.23710724]
153
[0.28137823]
154
[0.37711895]
155
[0.17691559]
156
[0.21786378]
157
[0.10486592]
158
[0.42403585]
159
[0.28635659]
160
[0.25025716]
161
[0.1561204]
162
[0.26591202]
163
[0.33011723]
164
[0.20306434]
165
[0.38722068]
166
[0.25744644]
167
[0.24698031]
168
[0.2720725]
169
[0.27459507]
170
[0.26388326]
171
[0.48622617]
172
[0.26463563]
173
[0.31724432]
174
[0.20561421]
175
[0.27224568]
176
[0.2370359]
177
[0.36252831]
178
[0.33888766]
179
[0.24050838]
180
[0.20626556]
181
[0.15454404]
182
[0.12199808]
183
[0.23849194]
184
[0.21533018]
185
[0.345663]
186
[0.2848601]
187
[0.23119553]
188
[0.41576287]
189
[0.31508691]
190
[0.28083139]
191
[0.19927335]
192
[0.26718417]
193
[0.23694601]
194
[0.33958366]
195
[0.31582003]
196
[0.30947044]
197
[0.27439704]
198
[0.23516563]
199
[0.43405601]
200
[0.3376412]
201
[0.11885358]
202
[0.33164143]
203
[0.36551255]
204
[0.31548425]
205
[0.37629787]
206
[0.23760617]
207
[0.24625586]
208
[0.26941156]
209
[0.34614632]
210
[0.20951925]
211
[0.24248018]
212
[0.2110777]
213
[0.18032287]
214
[0.12936666]
215
[0.18391043]
216
[0.10596574]
217
[0.46863679]
218
[0.12642125]
219
[0.52641846]
220
[0.31601217]
221
[0.23939101]
222
[0.33877711]
223
[0.33769216]
224
[0.30277692]
225
[0.30805262]
226
[0.18659951]
227
[0.09970252]
228
[0.2605845]
229
[0.37990104]
230
[0.28341444]
231
[0.25974302]
232
[0.35051653]
233
[0.16701774]
234
[0.21735307]
235
[0.2539029]
236
[0.47395955]
237
[0.28206896]
238
[0.40225994]
239
[0.38618031]
240
[0.34641487]
241
[0.16963138]
242
[0.46921222]
243
[0.1868582]
244
[0.22997261]
245
[0.25203589]
246
[0.34545418]
247
[0.27212242]
248
[0.05645826]
249
[0.31794799]
250
[0.43545081]
251
[0.29654729]
252
[0.31995992]
253
[0.20625606]
254
[0.3452524]
255
[0.23416709]
256
[0.37866984]
257
[0.31759698]
258
[0.22596589]
259
[0.32972101]
260
[0.31411452]
261
[0.26776815]
262
[0.24844839]
263
[0.33721115]
264
[0.35572111]
265
[0.23761776]
266
[0.41726598]
267
[0.16280548]
268
[0.30856924]
269
[0.38791321]
270
[0.08046296]
271
[0.25333176]
272
[0.21565848]
273
[0.23047149]
274
[0.29153131]
275
[0.22946268]
276
[0.21440618]
277
[0.15812048]
278
[0.14583947]
279
[0.28885309]
280
[0.30603312]
281
[0.34377538]
282
[0.26951953]
283
[0.27801776]
284
[0.25319383]
285
[0.1590606]
286
[0.17768545]
287
[0.21742627]
288
[0.4576896]
289
[0.44121383]
290
[0.20907536]
291
[0.29727595]
292
[0.18049613]
293
[0.21588762]
294
[0.2586026]
295
[0.31871885]
296
[0.49136383]
297
[0.28020838]
298
[0.22762065]
299
[0.31690022]
300
[0.17620461]
301
[0.23565253]
302
[0.29599515]
303
[0.26339255]
304
[0.19028244]
305
[0.33361048]
306
[0.18424037]
307
[0.19275285]
308
[0.28599338]
309
[0.27959652]
310
[0.20124147]
311
[0.33515425]
312
[0.21654638]
313
[0.16992097]
314
[0.27633419]
315
[0.3063662]
316
[0.35669611]
317
[0.25839014]
318
[0.24052097]
319
[0.3009632]
320
[0.13212995]
321
[0.37336634]
322
[0.07373746]
323
[0.21113035]
324
[0.37137439]
325
[0.26246053]
326
[0.21178009]
327
[0.17977508]
328
[0.22152789]
329
[0.0310419]
330
[0.18991983]
331
[0.23874562]
332
[0.18748862]
333
[0.3641843]
334
[0.32965135]
335
[0.26928516]
336
[0.30887036]
337
[0.25579733]
338
[0.23270716]
339
[0.2361178]
340
[0.06882758]
341
[0.31683757]
342
[0.23278466]
343
[0.1879566]
344
[0.29342416]
345
[0.20925609]
346
[0.27912526]
347
[0.27975373]
348
[0.34712502]
349
[0.18092239]
350
[0.23131512]
351
[0.42876776]
352
[0.15970401]
353
[0.25961854]
354
[0.39806754]
355
[0.37980281]
356
[0.36270347]
357
[0.42350654]
358
[0.24717887]
359
[0.26980463]
360
[0.2455985]
361
[0.2467899]
362
[0.30747267]
363
[0.40002062]
364
[0.48712438]
365
[0.46434458]
366
[0.32421256]
367
[0.34161091]
368
[0.13975137]
369
[0.2150359]
370
[0.24011519]
371
[0.25863949]
372
[0.16519643]
373
[0.33046986]
374
[0.31289834]
375
[0.23002484]
376
[0.29749804]
377
[0.2486439]
378
[0.29914354]
379
[0.25646104]
380
[0.18001958]
381
[0.21365782]
382
[0.27453038]
383
[0.39797024]
384
[0.37997212]
385
[0.32046818]
386
[0.20593643]
387
[0.343745]
388
[0.36613288]
389
[0.33594947]
390
[0.31213227]
391
[0.40225677]
392
[0.22182567]
393
[0.3105827]
394
[0.36569523]
395
[0.44911137]
396
[0.30549739]
397
[0.15696303]
398
[0.24516109]
399
[0.32414539]
400
[0.27900691]
401
[0.24658877]
402
[0.31456756]
403
[0.11010277]
404
[0.23440324]
405
[0.25462508]
406
[0.3534059]
407
[0.18635045]
408
[0.44992435]
409
[0.1900689]
410
[0.26275551]
411
[0.21520989]
412
[0.24317396]
413
[0.31198525]
414
[0.40276797]
415
[0.38839805]
416
[0.23765599]
417
[0.19455055]
418
[0.33872094]
419
[0.30320214]
420
[0.24053628]
421
[0.13350419]
422
[0.45489139]
423
[0.34241814]
424
[0.31093891]
425
[0.1447839]
426
[0.22593807]
427
[0.4114578]
428
[0.29772177]
429
[0.13834364]
430
[0.29866703]
431
[0.18890951]
432
[0.18351041]
433
[0.2549136]
434
[0.40991407]
435
[0.23899649]
436
[0.31532402]
437
[0.38789707]
438
[0.08400687]
439
[0.20980891]
440
[0.30406942]
441
[0.24219928]
442
[0.33094067]
443
[0.1851412]
444
[0.22038398]
445
[0.35901531]
446
[0.18640643]
447
[0.38514282]
448
[0.21731375]
449
[0.24448738]
450
[0.143801]
451
[0.36171669]
452
[0.23394042]
453
[0.21749416]
454
[0.22588601]
455
[0.29139165]
456
[0.44879672]
457
[0.17008352]
458
[0.24987594]
459
[0.41402372]
460
[0.26025553]
461
[0.26980102]
462
[0.29861872]
463
[0.17689482]
464
[0.31808903]
465
[0.29769831]
466
[0.2168134]
467
[0.32671534]
468
[0.44777703]
469
[0.30157813]
470
[0.4699826]
471
[0.17258789]
472
[0.25094909]
473
[0.26476991]
474
[0.25479907]
475
[0.43020929]
476
[0.33929415]
477
[0.05258479]
478
[0.22094659]
479
[0.39692758]
480
[0.29229289]
481
[0.31725825]
482
[0.20035926]
483
[0.32097217]
484
[0.38229958]
485
[0.22638461]
486
[0.34271769]
487
[0.12889308]
488
[0.29398375]
489
[0.29727249]
490
[0.222773]
491
[0.31494213]
492
[0.10604885]
493
[0.26203604]
494
[0.3436997]
495
[0.24216561]
496
[0.34281324]
497
[0.07838278]
498
[0.27876616]
499
[0.24175169]
500
[0.13021197]
501
[0.30385928]
502
[0.2508458]
503
[0.43544403]
504
[0.18573619]
505
[0.34688111]
506
[0.19181136]
507
[0.3284241]
508
[0.28560334]
509
[0.40167915]
510
[0.3006283]
511
[0.17141108]
512
[0.23221426]
513
[0.19621569]
514
[0.24326266]
515
[0.31811609]
516
[0.30090471]
517
[0.1626413]
518
[0.23798233]
519
[0.32862791]
520
[0.37232047]
521
[0.29181797]
522
[0.21063678]
523
[0.27038207]
524
[0.13938285]
525
[0.09474367]
526
[0.1526658]
527
[0.24874786]
528
[0.23128018]
529
[0.19235125]
530
[0.23792872]
531
[0.2810961]
532
[0.25274472]
533
[0.2623862]
534
[0.24675822]
535
[0.28484481]
536
[0.21636803]
537
[0.30907429]
538
[0.31155217]
539
[0.44509875]
540
[0.42956089]
541
[0.25549497]
542
[0.26259338]
543
[0.17673872]
544
[0.37124283]
545
[0.21943803]
546
[0.29397515]
547
[0.35997001]
548
[0.09289229]
549
[0.21890797]
550
[0.28565097]
551
[0.46725345]
552
[0.3521611]
553
[0.27712037]
554
[0.26688231]
555
[0.23573826]
556
[0.29713346]
557
[0.41884521]
558
[0.34953222]
559
[0.20313132]
560
[0.33947976]
561
[0.20534621]
562
[0.2143153]
563
[0.36367852]
564
[0.16831926]
565
[0.31759577]
566
[0.14506827]
567
[0.28993816]
568
[0.36928738]
569
[0.26932615]
570
[0.32778097]
571
[0.36586565]
572
[0.26947362]
573
[0.316739]
574
[0.29050446]
575
[0.2924076]
576
[0.23988088]
577
[0.11274403]
578
[0.35912068]
579
[0.24375684]
580
[0.19519047]
581
[0.28503115]
582
[0.29692754]
583
[0.13634181]
584
[0.27645861]
585
[0.20766638]
586
[0.27685646]
587
[0.35423518]
588
[0.18603938]
589
[0.19476528]
590
[0.28046642]
591
[0.17059931]
592
[0.25264373]
593
[0.09812762]
594
[0.32278358]
595
[0.02906115]
596
[0.1571923]
597
[0.44036511]
598
[0.27065406]
599
[0.39379383]
600
[0.46618058]
601
[0.30939811]
602
[0.36945314]
603
[0.37441948]
604
[0.28942071]
605
[0.31563779]
606
[0.1664533]
607
[0.23028837]
608
[0.29730241]
609
[0.29582512]
610
[0.07105284]
611
[0.11077317]
612
[0.29293811]
613
[0.24022466]
614
[0.30396059]
615
[0.21257515]
616
[0.24780414]
617
[0.17235512]
618
[0.2044881]
619
[0.23440253]
620
[0.19985969]
621
[0.20959592]
622
[0.32831668]
623
[0.22706845]
624
[0.21546779]
625
[0.42742935]
626
[0.3055179]
627
[0.20553004]
628
[0.35748591]
629
[0.33433897]
630
[0.18209363]
631
[0.32118439]
632
[0.12283488]
633
[0.23993043]
634
[0.28858621]
635
[0.26917623]
636
[0.31883423]
637
[0.08830839]
638
[0.31865103]
639
[0.17996139]
640
[0.42471674]
641
[0.27704588]
642
[0.4030977]
643
[0.30117078]
644
[0.26477377]
645
[0.15698594]
646
[0.5324566]
647
[0.26672278]
648
[0.3158455]
649
[0.20263998]
650
[0.44725506]
651
[0.28499245]
652
[0.31688491]
653
[0.20749031]
654
[0.41254409]
655
[0.27243337]
656
[0.34596772]
657
[0.21557319]
658
[0.44894479]
659
[0.25241931]
660
[0.32496807]
661
[0.282774]
662
[0.23800653]
663
[0.25852311]
664
[0.20373721]
665
[0.23762713]
666
[0.2508755]
667
[0.27607232]
668
[0.23104085]
669
[0.24101113]
670
[0.31797492]
671
[0.34061345]
672
[0.41022753]
673
[0.23246303]
674
[0.27904781]
675
[0.23570244]
676
[0.20009798]
677
[0.31326255]
678
[0.30759544]
679
[0.22591051]
680
[0.31487045]
681
[0.25538757]
682
[0.48210837]
683
[0.22147356]
684
[0.32651309]
685
[0.36523494]
686
[0.24400449]
687
[0.39560174]
688
[0.23712426]
689
[0.24301418]
690
[0.45314129]
691
[0.30360316]
692
[0.19629782]
693
[0.18337164]
694
[0.26163435]
695
[0.23406795]
696
[0.32059464]
697
[0.28459694]
698
[0.33418746]
699
[0.3268267]
700
[0.32789865]
701
[0.04557821]
702
[0.2570982]
703
[0.33463599]
704
[0.31499795]
705
[0.25941468]
706
[0.3344978]
707
[0.24910812]
708
[0.32197335]
709
[0.37431305]
710
[0.33507767]
711
[0.19926362]
712
[0.36971199]
713
[0.23785663]
714
[0.41880761]
715
[0.26009274]
716
[0.18025211]
717
[0.39329844]
718
[0.33945842]
719
[0.174879]
720
[0.22986979]
721
[0.14451318]
722
[0.47916353]
723
[0.19130102]
724
[0.41857462]
725
[0.25163255]
726
[0.23725415]
727
[0.1597278]
728
[0.28707326]
729
[0.16921881]
730
[0.28381128]
731
[0.3091681]
732
[0.3161734]
733
[0.36772796]
734
[0.40693531]
735
[0.17876755]
736
[0.33806286]
737
[0.35429159]
738
[0.24521499]
739
[0.20173479]
740
[0.3796337]
741
[0.19886105]
742
[0.24632976]
743
[0.2076801]
744
[0.16805138]
745
[0.34126918]
746
[0.25974288]
747
[0.42164906]
748
[0.14479296]
749
[0.32892809]
750
[0.3381107]
751
[0.27203423]
752
[0.28417952]
753
[0.16987391]
754
[0.34507283]
755
[0.38462403]
756
[0.22004741]
757
[0.29076198]
758
[0.3566409]
759
[0.16755558]
760
[0.32922255]
761
[0.55935982]
762
[0.33059963]
763
[0.22655474]
764
[0.33931286]
765
[0.26640206]
766
[0.21041833]
767
[0.19686969]
768
[0.14778348]
769
[0.20771369]
770
[0.22425186]
771
[0.3139104]
772
[0.11298539]
773
[0.41314283]
774
[0.49148878]
775
[0.49526899]
776
[0.32693569]
777
[0.23009806]
778
[0.23539999]
779
[0.28620477]
780
[0.21160103]
781
[0.34145285]
782
[0.20229444]
783
[0.31116029]
784
[0.25055136]
785
[0.20117072]
786
[0.41675735]
787
[0.28268606]
788
[0.33944303]
789
[0.33054348]
790
[0.24991024]
791
[0.24978033]
792
[0.29639795]
793
[0.534379]
794
[0.25484503]
795
[0.42967933]
796
[0.25346169]
797
[0.30672287]
798
[0.27710242]
799
[0.25789467]
800
[0.2715406]
801
[0.28899278]
802
[0.32234894]
803
[0.28129396]
804
[0.35752104]
805
[0.39921826]
806
[0.29215738]
807
[0.38554599]
808
[0.38361517]
809
[0.28705392]
810
[0.24881074]
811
[0.33290456]
812
[0.35062073]
813
[0.21613626]
814
[0.22252512]
815
[0.34269336]
816
[0.21927521]
817
[0.14222795]
818
[0.36591524]
819
[0.42142369]
820
[0.38736295]
821
[0.15008945]
822
[0.32687188]
823
[0.26812018]
824
[0.29864469]
825
[0.24464747]
826
[0.13459898]
827
[0.08581527]
828
[0.1823138]
829
[0.27145438]
830
[0.17471462]
831
[0.23753127]
832
[0.2565284]
833
[0.3173471]
834
[0.31861772]
835
[0.18889113]
836
[0.31505988]
837
[0.04007186]
838
[0.20576267]
839
[0.2556143]
840
[0.25396353]
841
[0.35754494]
842
[0.30487892]
843
[0.19618051]
844
[0.1931485]
845
[0.25845891]
846
[0.23388446]
847
[0.30393877]
848
[0.27334521]
849
[0.33900762]
850
[0.20574842]
851
[0.35612751]
852
[0.26210419]
853
[0.28527089]
854
[0.37336994]
855
[0.2303765]
856
[0.1823744]
857
[0.22725748]
858
[0.28513519]
859
[0.06091961]
860
[0.26180863]
861
[0.22046244]
862
[0.21452348]
863
[0.23181784]
864
[0.23377312]
865
[0.33515481]
866
[0.14585565]
867
[0.23859951]
868
[0.17432393]
869
[0.22571764]
870
[0.19802185]
871
[0.27707681]
872
[0.24778144]
873
[0.25492798]
874
[0.34579706]
875
[0.28891052]
876
[0.2210465]
877
[0.29041141]
878
[0.23982785]
879
[0.20521742]
880
[0.25652294]
881
[0.38191055]
882
[0.47148376]
883
[0.35515614]
884
[0.27204096]
885
[0.32794399]
886
[0.1633391]
887
[0.14337415]
888
[0.28817269]
889
[0.41201394]
890
[0.39604476]
891
[0.30508573]
892
[0.54847846]
893
[0.30886971]
894
[0.2762678]
895
[0.31708736]
896
[0.26274343]
897
[0.25690705]
898
[0.29304609]
899
[0.19130556]
900
[0.28529971]
901
[0.2162646]
902
[0.31188293]
903
[0.18340047]
904
[0.26898672]
905
[0.31564709]
906
[0.16890583]
907
[0.21096656]
908
[0.19167153]
909
[0.27427924]
910
[0.13453993]
911
[0.11222795]
912
[0.27192393]
913
[0.28152985]
914
[0.40319826]
915
[0.48729213]
916
[0.26001716]
917
[0.22989072]
918
[0.2069494]
919
[0.39894705]
920
[0.22463655]
921
[0.21708086]
922
[0.2233081]
923
[0.1976363]
924
[0.28131659]
925
[0.27372421]
926
[0.1961217]
927
[0.39280286]
928
[0.4065589]
929
[0.46878537]
930
[0.14961891]
931
[0.3023009]
932
[0.26302563]
933
[0.1569709]
934
[0.27453714]
935
[0.38223869]
936
[0.31740247]
937
[0.30007828]
938
[0.27025001]
939
[0.27871111]
940
[0.31194376]
941
[0.24470555]
942
[0.19717624]
943
[0.25594678]
944
[0.2045565]
945
[0.17231021]
946
[0.22334052]
947
[0.31545985]
948
[0.343965]
949
[0.38458107]
950
[0.19321293]
951
[0.2456487]
952
[0.25756695]
953
[0.32250329]
954
[0.21190948]
955
[0.39468602]
956
[0.41799154]
957
[0.20792151]
958
[0.31265795]
959
[0.36379685]
960
[0.19902438]
961
[0.33595702]
962
[0.29251693]
963
[0.13321131]
964
[0.38930946]
965
[0.24568862]
966
[0.45405261]
967
[0.26094365]
968
[0.29966407]
969
[0.14480428]
970
[0.16651796]
971
[0.24081906]
972
[0.33484699]
973
[0.20943775]
974
[0.22483324]
975
[0.3415004]
976
[0.23287119]
977
[0.25671447]
978
[0.29721479]
979
[0.39175286]
980
[0.24223241]
981
[0.37716955]
982
[0.24393254]
983
[0.25278182]
984
[0.1737918]
985
[0.25560567]
986
[0.22006364]
987
[0.36138697]
988
[0.16400128]
989
[0.23261545]
990
[0.27708724]
991
[0.209106]
992
[0.22609709]
993
[0.39430042]
994
[0.44755434]
995
[0.10515451]
996
[0.40912207]
997
[0.19335179]
998
[0.40349723]
999
[0.21919924]
1000
[0.19203611]
1001
[0.26322001]
1002
[0.22106911]
1003
[0.27316623]
1004
[0.39712022]
1005
[0.16519154]
1006
[0.2391867]
1007
[0.21576737]
1008
[0.25745267]
1009
[0.24277733]
1010
[0.41521193]
1011
[0.4753834]
1012
[0.254713]
1013
[0.26517456]
1014
[0.23944284]
1015
[0.23332308]
1016
[0.38369668]
1017
[0.25317292]
1018
[0.24232541]
1019
[0.23563553]
1020
[0.31190104]
1021
[0.30194347]
1022
[0.21403473]
1023
[0.28255011]
1024
[0.29627767]
1025
[0.24400723]
1026
[0.27880567]
1027
[0.4560508]
1028
[0.30836481]
1029
[0.29495424]
1030
[0.44955247]
1031
[0.25539202]
1032
[0.27577276]
1033
[0.31087266]
1034
[0.16761761]
1035
[0.21369248]
1036
[0.07309138]
1037
[0.23081733]
1038
[0.10291306]
1039
[0.32790492]
1040
[0.21428516]
1041
[0.39352003]
1042
[0.26976175]
1043
[0.31580717]
1044
[0.35460314]
1045
[0.21051829]
1046
[0.26016607]
1047
[0.46187493]
1048
[0.37470119]
1049
[0.34515504]
1050
[0.25545959]
1051
[0.30412204]
1052
[0.16467504]
1053
[0.31089434]
1054
[0.33224148]
1055
[0.38610534]
1056
[0.16022466]
1057
[0.11963674]
1058
[0.15575345]
1059
[0.28218111]
1060
[0.05041586]
1061
[0.32462624]
1062
[0.25602821]
1063
[0.15719067]
1064
[0.16438872]
1065
[0.19044633]
1066
[0.19263223]
1067
[0.262326]
1068
[0.1694351]
1069
[0.27222892]
1070
[0.30010997]
1071
[0.39909461]
1072
[0.26270522]
1073
[0.44940945]
1074
[0.24704835]
1075
[0.20580291]
1076
[0.24924548]
1077
[0.20822139]
1078
[0.14328821]
1079
[0.29718453]
1080
[0.47242934]
1081
[0.4662442]
1082
[0.34936364]
1083
[0.36694732]
1084
[0.48517344]
1085
[0.21592926]
1086
[0.07083441]
1087
[0.22993094]
1088
[0.31208101]
1089
[0.28468801]
1090
[0.44563294]
1091
[0.27475476]
1092
[0.29881905]
1093
[0.19806207]
1094
[0.16638624]
1095
[0.31452647]
1096
[0.32585807]
1097
[0.29937577]
1098
[0.1740849]
1099
[0.23262931]
1100
[0.28000041]
1101
[0.24929922]
1102
[0.39166097]
1103
[0.26585487]
1104
[0.36394777]
1105
[0.46520325]
1106
[0.17023281]
1107
[0.27788189]
1108
[0.31513961]
1109
[0.2109069]
1110
[0.20247707]
1111
[0.39559701]
1112
[0.36908756]
1113
[0.29668794]
1114
[0.20770798]
1115
[0.17724785]
1116
[0.18974241]
1117
[0.12483204]
1118
[0.34266844]
1119
[0.30382221]
1120
[0.40626032]
1121
[0.33167606]
1122
[0.2337968]
1123
[0.2043494]
1124
[0.244746]
1125
[0.3285513]
1126
[0.26018792]
1127
[0.37085859]
1128
[0.3228998]
1129
[0.2351944]
1130
[0.35533803]
1131
[0.04670497]
1132
[0.33014943]
1133
[0.25744316]
1134
[0.30442275]
1135
[0.24573724]
1136
[0.1793619]
1137
[0.2141744]
1138
[0.20054673]
1139
[0.21024358]
1140
[0.20405557]
1141
[0.21107897]
1142
[0.30585981]
1143
[0.23735961]
1144
[0.21610479]
1145
[0.33145856]
1146
[0.33165661]
1147
[0.17407639]
1148
[0.16385322]
1149
[0.11717448]
1150
[0.25201646]
1151
[0.27113854]
1152
[0.29421753]
1153
[0.28121025]
1154
[0.19271558]
1155
[0.32014102]
1156
[0.40845986]
1157
[0.30756183]
1158
[0.35248997]
1159
[0.16076215]
1160
[0.35274349]
1161
[0.28157959]
1162
[0.30819251]
1163
[0.189141]
1164
[0.36311433]
1165
[0.2376765]
1166
[0.3219101]
1167
[0.37309455]
1168
[0.26411132]
1169
[0.33301652]
1170
[0.34872747]
1171
[0.28013902]
1172
[0.35181174]
1173
[0.2924019]
1174
[0.16136362]
1175
[0.2261231]
1176
[0.36039569]
1177
[0.45968758]
1178
[0.20759012]
1179
[0.37261337]
1180
[0.25765893]
1181
[0.1169295]
1182
[0.16603121]
1183
[0.27148525]
1184
[0.33408653]
1185
[0.33665211]
1186
[0.1906254]
1187
[0.12728402]
1188
[0.27744091]
1189
[0.30341656]
1190
[0.32588119]
1191
[0.26924306]
1192
[0.40314758]
1193
[0.22125821]
1194
[0.24531062]
1195
[0.30320648]
1196
[0.35733261]
1197
[0.24709723]
1198
[0.29119641]
1199
[0.34531903]
1200
[0.18557289]
1201
[0.2767556]
1202
[0.23256777]
1203
[0.28889443]
1204
[0.27846002]
1205
[0.22944317]
1206
[0.23805091]
1207
[0.36428009]
1208
[0.29847347]
1209
[0.36453316]
1210
[0.29703666]
1211
[0.24177474]
1212
[0.27233211]
1213
[0.30359397]
1214
[0.29666608]
1215
[0.13954797]
1216
[0.26421674]
1217
[0.22971419]
1218
[0.28207841]
1219
[0.36094871]
1220
[0.28359525]
1221
[0.39541996]
1222
[0.22596981]
1223
[0.31293382]
1224
[0.1853739]
1225
[0.32759042]
1226
[0.22946832]
1227
[0.35776738]
1228
[0.27457124]
1229
[0.30180426]
1230
[0.07588173]
1231
[0.23521277]
1232
[0.27379815]
1233
[0.22378843]
1234
[0.22996257]
1235
[0.24654391]
1236
[0.35952077]
1237
[0.34274304]
1238
[0.18122508]
1239
[0.28206559]
1240
[0.19939937]
1241
[0.32883518]
1242
[0.18979783]
1243
[0.29431549]
1244
[0.28448646]
1245
[0.2361683]
1246
[0.44472071]
1247
[0.3213232]
1248
[0.28667593]
1249
[0.36215496]
1250
[0.41053633]
1251
[0.2839551]
1252
[0.36694107]
1253
[0.32081252]
1254
[0.13436067]
1255
[0.236006]
1256
[0.23114733]
1257
[0.26280433]
1258
[0.36646227]
1259
[0.35677393]
1260
[0.29286753]
1261
[0.38564722]
1262
[0.31805524]
1263
[0.21911204]
1264
[0.26993679]
1265
[0.34731817]
1266
[0.25876401]
1267
[0.45079966]
1268
[0.25278991]
1269
[0.44633764]
1270
[0.35804287]
1271
[0.22751406]
1272
[0.26456886]
1273
[0.23559538]
1274
[0.44513056]
1275
[0.14390442]
1276
[0.43128509]
1277
[0.17005496]
1278
[0.23969541]
1279
[0.38645452]
1280
[0.35780673]
1281
[0.26367487]
1282
[0.30904262]
1283
[0.3025852]
1284
[0.33198865]
1285
[0.29042252]
1286
[0.32557571]
1287
[0.47645606]
1288
[0.4122359]
1289
[0.25985386]
1290
[0.23055057]
1291
[0.29917591]
1292
[0.38355154]
1293
[0.22548606]
1294
[0.22417742]
1295
[0.15532342]
1296
[0.39260107]
1297
[0.08820158]
1298
[0.31825862]
1299
[0.32839522]
1300
[0.20440999]
1301
[0.22515649]
1302
[0.29920825]
1303
[0.46791884]
1304
[0.25144678]
1305
[0.3534121]
1306
[0.27696862]
1307
[0.34913215]
1308
[0.43768989]
1309
[0.31918735]
1310
[0.32437064]
1311
[0.24975853]
1312
[0.24230444]
1313
[0.27634631]
1314
[0.25814384]
1315
[0.23884053]
1316
[0.24875033]
1317
[0.35574576]
1318
[0.35806356]
1319
[0.20358398]
1320
[0.25258109]
1321
[0.18559209]
1322
[0.18804455]
1323
[0.42240585]
1324
[0.16561604]
1325
[0.21565683]
1326
[0.2390033]
1327
[0.18537343]
1328
[0.29576485]
1329
[0.31980415]
1330
[0.3200162]
1331
[0.26272993]
1332
[0.26738113]
1333
[0.30123847]
1334
[0.10538982]
1335
[0.37123458]
1336
[0.32103815]
1337
[0.26852907]
1338
[0.50139094]
1339
[0.2148265]
1340
[0.1533971]
1341
[0.33328758]
1342
[0.31860797]
1343
[0.32375721]
1344
[0.26160618]
1345
[0.24677311]
1346
[0.3875334]
1347
[0.29684764]
1348
[0.35169759]
1349
[0.32643066]
1350
[0.3752797]
1351
[0.23519846]
1352
[0.28959894]
1353
[0.02483889]
1354
[0.39023435]
1355
[0.41486878]
1356
[0.25310512]
1357
[0.30873921]
1358
[0.15374657]
1359
[0.12042661]
1360
[0.25573008]
1361
[0.26508666]
1362
[0.39979609]
1363
[0.17894736]
1364
[0.29828887]
1365
[0.2018093]
1366
[0.44911322]
1367
[0.35854152]
1368
[0.1706244]
1369
[0.2451205]
1370
[0.40329004]
1371
[0.11117457]
1372
[0.33222807]
1373
[0.43776369]
1374
[0.32416971]
1375
[0.24968698]
1376
[0.4223682]
1377
[0.28310517]
1378
[0.20563167]
1379
[0.28494594]
1380
[0.1140396]
1381
[0.41999623]
1382
[0.18270762]
1383
[0.20514642]
1384
[0.26048948]
1385
[0.25925156]
1386
[0.21134954]
1387
[0.30498229]
1388
[0.32634558]
1389
[0.22234048]
1390
[0.4345706]
1391
[0.34372823]
1392
[0.16980678]
1393
[0.24651602]
1394
[0.34869622]
1395
[0.32010335]
1396
[0.33861413]
1397
[0.19107146]
1398
[0.25155455]
1399
[0.26489614]
1400
[0.23514027]
1401
[0.36075997]
1402
[0.29541399]
1403
[0.32534527]
1404
[0.31534148]
1405
[0.253525]
1406
[0.36361047]
1407
[0.30184574]
1408
[0.33396747]
1409
[0.21677922]
1410
[0.20123514]
1411
[0.25340706]
1412
[0.10947539]
1413
[0.40763538]
1414
[0.30042462]
1415
[0.38092895]
1416
[0.22678317]
1417
[0.16383878]
1418
[0.22580051]
1419
[0.2603023]
1420
[0.25515646]
1421
[0.31160377]
1422
[0.38307168]
1423
[0.43051424]
1424
[0.23313146]
1425
[0.1183526]
1426
[0.34575056]
1427
[0.44713347]
1428
[0.1719388]
1429
[0.239722]
1430
[0.28560281]
1431
[0.46425492]
1432
[0.30431415]
1433
[0.27050651]
1434
[0.18619287]
1435
[0.27433994]
1436
[0.30070399]
1437
[0.27469423]
1438
[0.16875254]
1439
[0.29478803]
1440
[0.18629277]
1441
[0.28291896]
1442
[0.29247808]
1443
[0.21712534]
1444
[0.23835927]
1445
[0.2189456]
1446
[0.31703805]
1447
[0.19524237]
1448
[0.22361104]
1449
[0.16207824]
1450
[0.2395219]
1451
[0.30085105]
1452
[0.30744092]
1453
[0.35506816]
1454
[0.30499329]
1455
[0.16527117]
1456
[0.18149191]
1457
[0.39161005]
1458
[0.2821157]
1459
[0.112458]
1460
[0.22964931]
1461
[0.14522638]
1462
[0.32265335]
1463
[0.43523321]
1464
[0.36498183]
1465
[0.27867455]
1466
[0.2797959]
1467
[0.25441866]
1468
[0.23615473]
1469
[0.2740341]
1470
[0.36907919]
1471
[0.24108905]
1472
[0.37868601]
1473
[0.23673622]
1474
[0.25485433]
1475
[0.24780671]
1476
[0.07181215]
1477
[0.39098188]
1478
[0.30920583]
1479
[0.40538227]
1480
[0.21014051]
1481
[0.18669839]
1482
[0.21781439]
1483
[0.32887962]
1484
[0.23339471]
1485
[0.28538389]
1486
[0.330416]
1487
[0.17053579]
1488
[0.26576706]
1489
[0.25622679]
1490
[0.29016831]
1491
[0.40073806]
1492
[0.21737356]
1493
[0.26508408]
1494
[0.17573307]
1495
[0.30657786]
1496
[0.18912208]
1497
[0.32145397]
1498
[0.22971074]
1499
[0.24542837]
1500
[0.34667924]
1501
[0.30622833]
1502
[0.24646]
1503
[0.43085163]
1504
[0.26400334]
1505
[0.20583135]
1506
[0.33069839]
1507
[0.37468291]
1508
[0.260291]
1509
[0.23004665]
1510
[0.27256079]
1511
[0.25418963]
1512
[0.15237987]
1513
[0.26626014]
1514
[0.1119246]
1515
[0.21032304]
1516
[0.21270086]
1517
[0.36871297]
1518
[0.2964225]
1519
[0.24776713]
1520
[0.17227876]
1521
[0.29379176]
1522
[0.27884541]
1523
[0.38919787]
1524
[0.42130574]
1525
[0.26237722]
1526
[0.13643593]
1527
[0.33393545]
1528
[0.34017373]
1529
[0.34109845]
1530
[0.32297915]
1531
[0.24672938]
1532
[0.29236609]
1533
[0.28424954]
1534
[0.30439105]
1535
[0.3235384]
1536
[0.2382828]
1537
[0.34538744]
1538
[0.23200541]
1539
[0.16074099]
1540
[0.26985806]
1541
[0.20174716]
1542
[0.37562197]
1543
[0.39115614]
1544
[0.17382985]
1545
[0.28852859]
1546
[0.43148048]
1547
[0.09722675]
1548
[0.23200368]
1549
[0.27487734]
1550
[0.19532507]
1551
[0.33827869]
1552
[0.32264326]
1553
[0.04028268]
1554
[0.35450526]
1555
[0.35499086]
1556
[0.11274409]
1557
[0.35600098]
1558
[0.28137393]
1559
[0.18893677]
1560
[0.46213028]
1561
[0.22515282]
1562
[0.15344044]
1563
[0.29090646]
1564
[0.3984563]
1565
[0.33791534]
1566
[0.25162957]
1567
[0.49080497]
1568
[0.27642645]
1569
[0.27319104]
1570
[0.25493888]
1571
[0.35712983]
1572
[0.39737264]
1573
[0.27464994]
1574
[0.22566029]
1575
[0.50916899]
1576
[0.36809481]
1577
[0.26881512]
1578
[0.22374874]
1579
[0.28509004]
1580
[0.26273338]
1581
[0.17663737]
1582
[0.32918276]
1583
[0.38645078]
1584
[0.32135932]
1585
[0.34522574]
1586
[0.33248014]
1587
[0.21562152]
1588
[0.30550291]
1589
[0.40074199]
1590
[0.21511036]
1591
[0.40976418]
1592
[0.26416264]
1593
[0.33581566]
1594
[0.26420116]
1595
[0.36224407]
1596
[0.22647018]
1597
[0.21825561]
1598
[0.2973604]
1599
[0.35245496]
1600
[0.18542951]
1601
[0.17051833]
1602
[0.10702554]
1603
[0.25957457]
1604
[0.33602373]
1605
[0.272362]
1606
[0.29468964]
1607
[0.24806778]
1608
[0.13835908]
1609
[0.34796151]
1610
[0.20950904]
1611
[0.26508083]
1612
[0.16828293]
1613
[0.47279461]
1614
[0.15057879]
1615
[0.1835133]
1616
[0.26840418]
1617
[0.17648297]
1618
[0.32353894]
1619
[0.29544235]
1620
[0.31579133]
1621
[0.31142477]
1622
[0.30471871]
1623
[0.26083483]
1624
[0.12075227]
1625
[0.17017826]
1626
[0.38013959]
1627
[0.29539947]
1628
[0.31296062]
1629
[0.13127403]
1630
[0.34299849]
1631
[0.43508303]
1632
[0.24617092]
1633
[0.29643285]
1634
[0.33848832]
1635
[0.22624813]
1636
[0.28141169]
1637
[0.28267348]
1638
[0.27666332]
1639
[0.28900657]
1640
[0.18403139]
1641
[0.27265052]
1642
[0.33899774]
1643
[0.39716315]
1644
[0.20553963]
1645
[0.23923429]
1646
[0.23626927]
1647
[0.27891411]
1648
[0.2430531]
1649
[0.07337968]
1650
[0.11809459]
1651
[0.42721467]
1652
[0.30453417]
1653
[0.38067132]
1654
[0.070051]
1655
[0.24480394]
1656
[0.29400289]
1657
[0.23332184]
1658
[0.29971504]
1659
[0.45361726]
1660
[0.32475225]
1661
[0.28142215]
1662
[0.25064]
1663
[0.2947162]
1664
[0.29909674]
1665
[0.23693891]
1666
[0.01932608]
1667
[0.28085907]
1668
[0.15460719]
1669
[0.2623221]
1670
[0.18378309]
1671
[0.2591965]
1672
[0.22089895]
1673
[0.17789401]
1674
[0.2597535]
1675
[0.18108242]
1676
[0.2686579]
1677
[0.35335935]
1678
[0.22268318]
1679
[0.31667418]
1680
[0.26237089]
1681
[0.16742749]
1682
[0.40596111]
1683
[0.31802133]
1684
[0.25448203]
1685
[0.37203282]
1686
[0.29487122]
1687
[0.25556506]
1688
[0.39683015]
1689
[0.21740333]
1690
[0.42434504]
1691
[0.2842144]
1692
[0.31346927]
1693
[0.26256453]
1694
[0.31476737]
1695
[0.16692627]
1696
[0.09927268]
1697
[0.30314836]
1698
[0.3027388]
1699
[0.31242466]
1700
[0.45106294]
1701
[0.31437202]
1702
[0.21180403]
1703
[0.20230788]
1704
[0.3352059]
1705
[0.21369877]
1706
[0.10193241]
1707
[0.36577397]
1708
[0.15208415]
1709
[0.08051899]
1710
[0.30960766]
1711
[0.36781336]
1712
[0.21765661]
1713
[0.26807439]
1714
[0.34059779]
1715
[0.21218453]
1716
[0.37893778]
1717
[0.19145534]
1718
[0.25012398]
1719
[0.43590764]
1720
[0.17169736]
1721
[0.23104328]
1722
[0.2248284]
1723
[0.37613582]
1724
[0.40524656]
1725
[0.42230568]
1726
[0.12561901]
1727
[0.41301087]
1728
[0.27842359]
1729
[0.41766531]
1730
[0.32201454]
1731
[0.38086538]
1732
[0.20217854]
1733
[0.2241556]
1734
[0.25139545]
1735
[0.24578815]
1736
[0.23793535]
1737
[0.24701919]
1738
[0.29908676]
1739
[0.15947477]
1740
[0.20045136]
1741
[0.27938548]
1742
[0.27870288]
1743
[0.20309453]
1744
[0.17564587]
1745
[0.40804211]
1746
[0.24415713]
1747
[0.18141088]
1748
[0.16986473]
1749
[0.58149382]
1750
[0.21096156]
1751
[0.31204712]
1752
[0.57221715]
1753
[0.13377705]
1754
[0.29619542]
1755
[0.23214261]
1756
[0.29244639]
1757
[0.27795666]
1758
[0.26690672]
1759
[0.09592096]
1760
[0.39961051]
1761
[0.28058406]
1762
[0.45468427]
1763
[0.27715032]
1764
[0.24227778]
1765
[0.31847506]
1766
[0.52914157]
1767
[0.11767388]
1768
[0.38866844]
1769
[0.2960018]
1770
[0.23502322]
1771
[0.34672562]
1772
[0.296208]
1773
[0.22823432]
1774
[0.29506868]
1775
[0.3740195]
1776
[0.41314152]
1777
[0.22074348]
1778
[0.2206046]
1779
[0.29855528]
1780
[0.2838194]
1781
[0.22349936]
1782
[0.30764098]
1783
[0.21214683]
1784
[0.27957794]
1785
[0.2190279]
1786
[0.17785788]
1787
[0.27368622]
1788
[0.19385849]
1789
[0.31859192]
1790
[0.07908955]
1791
[0.16245733]
1792
[0.34645644]
1793
[0.30888481]
1794
[0.21545782]
1795
[0.21128684]
1796
[0.21010447]
1797
[0.27567558]
1798
[0.35336184]
1799
[0.3086323]
1800
[0.1934571]
1801
[0.27654577]
1802
[0.34787141]
1803
[0.18970307]
1804
[0.3048816]
1805
[0.29123156]
1806
[0.25433826]
1807
[0.31026631]
1808
[0.38546203]
1809
[0.32611997]
1810
[0.34064995]
1811
[0.1944602]
1812
[0.18647445]
1813
[0.21004654]
1814
[0.42908052]
1815
[0.29254723]
1816
[0.25097107]
1817
[0.17062507]
1818
[0.31578407]
1819
[0.2045028]
1820
[0.4314227]
1821
[0.18128916]
1822
[0.10183022]
1823
[0.48227373]
1824
[0.43129114]
1825
[0.1972035]
1826
[0.10218002]
1827
[0.36270548]
1828
[0.1604092]
1829
[0.3317702]
1830
[0.12290281]
1831
[0.21887594]
1832
[0.28471396]
1833
[0.29072633]
1834
[0.24829874]
1835
[0.21060204]
1836
[0.2860166]
1837
[0.30270944]
1838
[0.2873898]
1839
[0.1806799]
1840
[0.34434535]
1841
[0.29935765]
1842
[0.44654712]
1843
[0.36666797]
1844
[0.20316486]
1845
[0.27300256]
1846
[0.27457527]
1847
[0.30617328]
1848
[0.33362983]
1849
[0.42859538]
1850
[0.31173644]
1851
[0.42974955]
1852
[0.21326635]
1853
[0.42231235]
1854
[0.3784589]
1855
[0.40096504]
1856
[0.23257565]
1857
[0.33771364]
1858
[0.30676852]
1859
[0.13064557]
1860
[0.20019543]
1861
[0.26149097]
1862
[0.19249298]
1863
[0.32391147]
1864
[0.30956703]
1865
[0.16688924]
1866
[0.28057944]
1867
[0.32478443]
1868
[0.37498795]
1869
[0.43847688]
1870
[0.25012116]
1871
[0.17888466]
1872
[0.3249482]
1873
[0.30876891]
1874
[0.16701116]
1875
[0.44954624]
1876
[0.23444969]
1877
[0.34821475]
1878
[0.26864849]
1879
[0.35893228]
1880
[0.09336374]
1881
[0.22855657]
1882
[0.15043203]
1883
[0.02041714]
1884
[0.3953074]
1885
[0.20799285]
1886
[0.22473178]
1887
[0.34846883]
1888
[0.21151014]
1889
[0.19791554]
1890
[0.2617972]
1891
[0.2882337]
1892
[0.28048526]
1893
[0.20943774]
1894
[0.29645079]
1895
[0.22720966]
1896
[0.40914758]
1897
[0.26815753]
1898
[0.21594468]
1899
[0.38107031]
1900
[0.36173372]
1901
[0.41534506]
1902
[0.29019644]
1903
[0.24227122]
1904
[0.32530223]
1905
[0.38738812]
1906
[0.29804501]
1907
[0.2228339]
1908
[0.21949799]
1909
[0.24016074]
1910
[0.20677946]
1911
[0.24710399]
1912
[0.33250826]
1913
[0.29435305]
1914
[0.21273913]
1915
[0.21807386]
1916
[0.318337]
1917
[0.35150665]
1918
[0.30710106]
1919
[0.07259636]
1920
[0.23497361]
1921
[0.25782539]
1922
[0.39105839]
1923
[0.33736654]
1924
[0.26393941]
1925
[0.34370686]
1926
[0.34232645]
1927
[0.15077424]
1928
[0.24252586]
1929
[0.2943208]
1930
[0.26735181]
1931
[0.37694895]
1932
[0.24515863]
1933
[0.14055802]
1934
[0.17676445]
1935
[0.28594395]
1936
[0.23405554]
1937
[0.19510608]
1938
[0.26110609]
1939
[0.27529015]
1940
[0.39835385]
1941
[0.45819846]
1942
[0.41516249]
1943
[0.26531986]
1944
[0.27045645]
1945
[0.29104287]
1946
[0.22365625]
1947
[0.28460722]
1948
[0.22144972]
1949
[0.3569606]
1950
[0.06650964]
1951
[0.21483023]
1952
[0.17492402]
1953
[0.15166627]
1954
[0.38687514]
1955
[0.25432528]
1956
[0.20480528]
1957
[0.45886776]
1958
[0.21039662]
1959
[0.15407209]
1960
[0.32067744]
1961
[0.26149335]
1962
[0.39267268]
1963
[0.349475]
1964
[0.21313687]
1965
[0.54709543]
1966
[0.23987344]
1967
[0.23352207]
1968
[0.28867253]
1969
[0.37603804]
1970
[0.2316333]
1971
[0.33862968]
1972
[0.20273772]
1973
[0.37303015]
1974
[0.29625252]
1975
[0.28370902]
1976
[0.22928555]
1977
[0.23040219]
1978
[0.08410482]
1979
[0.27703164]
1980
[0.23393265]
1981
[0.33287846]
1982
[0.43259146]
1983
[0.14921871]
1984
[0.25027173]
1985
[0.47338118]
1986
[0.2638773]
1987
[0.36987219]
1988
[0.36692288]
1989
[0.2184501]
1990
[0.27352034]
1991
[0.26077675]
1992
[0.35264688]
1993
[0.29651009]
1994
[0.38441279]
1995
[0.26916799]
1996
[0.22137201]
1997
[0.20279049]
1998
[0.11175505]
1999
[0.2827067]
2000
[0.41161822]
2001
[0.19479523]
2002
[0.24490287]
2003
[0.34190145]
2004
[0.23265639]
2005
[0.19297836]
2006
[0.28647841]
2007
[0.26392668]
2008
[0.40405873]
2009
[0.30777634]
2010
[0.23621214]
2011
[0.30056508]
2012
[0.4184629]
2013
[0.43774787]
2014
[0.25991474]
2015
[0.31621585]
2016
[0.23446531]
2017
[0.37106698]
2018
[0.15620981]
2019
[0.4551109]
2020
[0.21761739]
2021
[0.1264758]
2022
[0.31231784]
2023
[0.29832999]
2024
[0.26009235]
2025
[0.44076816]
2026
[0.19332862]
2027
[0.34030891]
2028
[0.31329159]
2029
[0.25258166]
2030
[0.26516249]
2031
[0.31403647]
2032
[0.40944049]
2033
[0.26496301]
2034
[0.38554948]
2035
[0.26060962]
2036
[0.21127975]
2037
[0.22902032]
2038
[0.28776635]
2039
[0.26665491]
2040
[0.15439571]
2041
[0.28459655]
2042
[0.23335782]
2043
[0.36422665]
2044
[0.40038925]
2045
[0.34243314]
2046
[0.25541188]
2047
[0.32297025]
2048
[0.11564445]
2049
[0.42189177]
2050
[0.24947455]
2051
[0.16231722]
2052
[0.31841224]
2053
[0.30999608]
2054
[0.10580377]
2055
[0.12782308]
2056
[0.27498543]
2057
[0.51544809]
2058
[0.18276768]
2059
[0.17176601]
2060
[0.2412647]
2061
[0.25477674]
2062
[0.23330256]
2063
[0.23584681]
2064
[0.23694853]
2065
[0.16195001]
2066
[0.39353759]
2067
[0.26147523]
2068
[0.10054333]
2069
[0.23545223]
2070
[0.29075131]
2071
[0.07142872]
2072
[0.13046833]
2073
[0.32129717]
2074
[0.17285109]
2075
[0.2537171]
2076
[0.21560889]
2077
[0.36186292]
2078
[0.12591466]
2079
[0.26505881]
2080
[0.40323246]
2081
[0.48162636]
2082
[0.20618471]
2083
[0.32985068]
2084
[0.24937117]
2085
[0.26794047]
2086
[0.26480541]
2087
[0.27621462]
2088
[0.24400173]
2089
[0.26154707]
2090
[0.21316773]
2091
[0.50079643]
2092
[0.25802474]
2093
[0.21333047]
2094
[0.26863044]
2095
[0.27410684]
2096
[0.23725454]
2097
[0.23682911]
2098
[0.28527236]
2099
[0.25414569]
2100
[0.22341195]
2101
[0.33277476]
2102
[0.25350043]
2103
[0.26237971]
2104
[0.25766351]
2105
[0.34508052]
2106
[0.27450419]
2107
[0.29083328]
2108
[0.13301059]
2109
[0.2071163]
2110
[0.0786626]
2111
[0.12215632]
2112
[0.26954632]
2113
[0.1525997]
2114
[0.22031997]
2115
[0.08223186]
2116
[0.25528051]
2117
[0.27521922]
2118
[0.36956567]
2119
[0.3633153]
2120
[0.25226852]
2121
[0.34490177]
2122
[0.26114704]
2123
[0.39458473]
2124
[0.15783328]
2125
[0.15252257]
2126
[0.20671018]
2127
[0.27923645]
2128
[0.12889422]
2129
[0.42757627]
2130
[0.12159086]
2131
[0.33578673]
2132
[0.4047627]
2133
[0.19359338]
2134
[0.26954768]
2135
[0.2484391]
2136
[0.22599382]
2137
[0.40110439]
2138
[0.19529141]
2139
[0.46226639]
2140
[0.31655752]
2141
[0.1365462]
2142
[0.16204196]
2143
[0.26832872]
2144
[0.36555398]
2145
[0.43398349]
2146
[0.41450796]
2147
[0.43667263]
2148
[0.24079486]
2149
[0.34462351]
2150
[0.28551565]
2151
[0.09276096]
2152
[0.21163746]
2153
[0.25820357]
2154
[0.44306149]
2155
[0.21247895]
2156
[0.09315417]
2157
[0.240283]
2158
[0.24113268]
2159
[0.26453523]
2160
[0.40809274]
2161
[0.30865167]
2162
[0.27636541]
2163
[0.26438723]
2164
[0.34906322]
2165
[0.27115269]
2166
[0.21478142]
2167
[0.41473295]
2168
[0.25222248]
2169
[0.24668615]
2170
[0.27373422]
2171
[0.31848123]
2172
[0.0830543]
2173
[0.2726798]
2174
[0.06959273]
2175
[0.23616178]
2176
[0.21374418]
2177
[0.26783265]
2178
[0.25571823]
2179
[0.3735905]
2180
[0.27360392]
2181
[0.43314201]
2182
[0.26072997]
2183
[0.34443882]
2184
[0.40309811]
2185
[0.1770123]
2186
[0.19168473]
2187
[0.1142324]
2188
[0.23228912]
2189
[0.34738524]
2190
[0.19272131]
2191
[0.29056873]
2192
[0.33506675]
2193
[0.29532657]
2194
[0.47492039]
2195
[0.19844054]
2196
[0.30384008]
2197
[0.28360123]
2198
[0.37131398]
2199
[0.29974751]
2200
[0.24672376]
2201
[0.33002036]
2202
[0.24866453]
2203
[0.22669427]
2204
[0.2734128]
2205
[0.40674503]
2206
[0.21326866]
2207
[0.32310606]
2208
[0.20300111]
2209
[0.30163272]
2210
[0.29203383]
2211
[0.36521296]
2212
[0.40267311]
2213
[0.24183888]
2214
[0.41765497]
2215
[0.3089617]
2216
[0.23783699]
2217
[0.17434729]
2218
[0.29525237]
2219
[0.37323339]
2220
[0.26384845]
2221
[0.41559964]
2222
[0.29872261]
2223
[0.17594373]
2224
[0.28440407]
2225
[0.24567865]
2226
[0.22620252]
2227
[0.3830967]
2228
[0.33022035]
2229
[0.20457341]
2230
[0.19988622]
2231
[0.31218584]
2232
[0.35545169]
2233
[0.1340226]
2234
[0.23942049]
2235
[0.27903068]
2236
[0.19378494]
2237
[0.34564369]
2238
[0.34023164]
2239
[0.16602906]
2240
[0.19578208]
2241
[0.28005265]
2242
[0.4246973]
2243
[0.33496009]
2244
[0.18042685]
2245
[0.36164586]
2246
[0.30802133]
2247
[0.30021257]
2248
[0.30011771]
2249
[0.2571291]
2250
[0.3472266]
2251
[0.08532989]
2252
[0.43550835]
2253
[0.3345675]
2254
[0.25212318]
2255
[0.26747144]
2256
[0.22965928]
2257
[0.3594928]
2258
[0.24195662]
2259
[0.16695072]
2260
[0.23010236]
2261
[0.16360425]
2262
[0.44719665]
2263
[0.48161156]
2264
[0.16413492]
2265
[0.4198725]
2266
[0.49741117]
2267
[0.3091336]
2268
[0.17822161]
2269
[0.32697807]
2270
[0.22990064]
2271
[0.08052834]
2272
[0.20645334]
2273
[0.3704935]
2274
[0.211113]
2275
[0.3121563]
2276
[0.2904539]
2277
[0.31210173]
2278
[0.20726661]
2279
[0.26306859]
2280
[0.28403198]
2281
[0.21330069]
2282
[0.26199774]
2283
[0.2238039]
2284
[0.23951566]
2285
[0.27189757]
2286
[0.22655978]
2287
[0.24080603]
2288
[0.2080407]
2289
[0.25830008]
2290
[0.23412306]
2291
[0.50380533]
2292
[0.30631157]
2293
[0.25438867]
2294
[0.30487448]
2295
[0.31412518]
2296
[0.23538007]
2297
[0.24711532]
2298
[0.25695032]
2299
[0.29178172]
2300
[0.24255056]
2301
[0.49628153]
2302
[0.34320782]
2303
[0.42858804]
2304
[0.34699616]
2305
[0.35607134]
2306
[0.30347285]
2307
[0.22448952]
2308
[0.28387652]
2309
[0.29078247]
2310
[0.26435704]
2311
[0.28934896]
2312
[0.37228707]
2313
[0.28110666]
2314
[0.27935209]
2315
[0.27162436]
2316
[0.26954367]
2317
[0.30315372]
2318
[0.31929723]
2319
[0.28586028]
2320
[0.21143072]
2321
[0.15895049]
2322
[0.29155257]
2323
[0.230694]
2324
[0.24107152]
2325
[0.3512444]
2326
[0.28758634]
2327
[0.32284932]
2328
[0.19782479]
2329
[0.32507249]
2330
[0.20744287]
2331
[0.18092016]
2332
[0.35004684]
2333
[0.20401822]
2334
[0.26548558]
2335
[0.28917586]
2336
[0.20412768]
2337
[0.12968729]
2338
[0.25416346]
2339
[0.25562308]
2340
[0.31216001]
2341
[0.20775961]
2342
[0.46718063]
2343
[0.22203763]
2344
[0.27718048]
2345
[0.34930532]
2346
[0.30848717]
2347
[0.10726235]
2348
[0.34053297]
2349
[0.27614289]
2350
[0.30408001]
2351
[0.31672671]
2352
[0.33012639]
2353
[0.17372701]
2354
[0.2479807]
2355
[0.32944648]
2356
[0.29981906]
2357
[0.32724025]
2358
[0.28893308]
2359
[0.2366513]
2360
[0.22266221]
2361
[0.36496524]
2362
[0.19710701]
2363
[0.29169571]
2364
[0.2063748]
2365
[0.33694103]
2366
[0.20681781]
2367
[0.22095792]
2368
[0.26119159]
2369
[0.32304454]
2370
[0.22939062]
2371
[0.23946211]
2372
[0.33171103]
2373
[0.21509273]
2374
[0.1851745]
2375
[0.24957686]
2376
[0.32655056]
2377
[0.21967773]
2378
[0.21193561]
2379
[0.38346445]
2380
[0.21619441]
2381
[0.21905092]
2382
[0.23279307]
2383
[0.34092602]
2384
[0.33201536]
2385
[0.09117335]
2386
[0.25546995]
2387
[0.2765127]
2388
[0.41224561]
2389
[0.3249001]
2390
[0.26663019]
2391
[0.19300393]
2392
[0.23048474]
2393
[0.14271449]
2394
[0.27040691]
2395
[0.271176]
2396
[0.26265239]
2397
[0.040009]
2398
[0.30458376]
2399
[0.2116375]
2400
[0.19484246]
2401
[0.28634543]
2402
[0.23673149]
2403
[0.11035747]
2404
[0.31828684]
2405
[0.20239974]
2406
[0.45854833]
2407
[0.42407809]
2408
[0.22990222]
2409
[0.21935208]
2410
[0.37136211]
2411
[0.26482747]
2412
[0.30783613]
2413
[0.17527132]
2414
[0.26300438]
2415
[0.31296435]
2416
[0.17413648]
2417
[0.17525224]
2418
[0.30016869]
2419
[0.26814304]
2420
[0.2723115]
2421
[0.31885451]
2422
[0.20997449]
2423
[0.09273427]
2424
[0.0932342]
2425
[0.23902541]
2426
[0.24630135]
2427
[0.3955394]
2428
[0.2680289]
2429
[0.46251782]
2430
[0.51017759]
2431
[0.13513058]
2432
[0.33940689]
2433
[0.26083952]
2434
[0.27077301]
2435
[0.13231168]
2436
[0.33886896]
2437
[0.20040344]
2438
[0.28738342]
2439
[0.3318439]
2440
[0.27062077]
2441
[0.35718076]
2442
[0.30035837]
2443
[0.50304968]
2444
[0.32000203]
2445
[0.23694015]
2446
[0.31538913]
2447
[0.03281394]
2448
[0.30994488]
2449
[0.3254288]
2450
[0.43387126]
2451
[0.28738441]
2452
[0.38134552]
2453
[0.47594686]
2454
[0.1106503]
2455
[0.20186593]
2456
[0.36383937]
2457
[0.2934272]
2458
[0.30882277]
2459
[0.17002667]
2460
[0.19922806]
2461
[0.24275714]
2462
[0.17663062]
2463
[0.27864931]
2464
[0.21366177]
2465
[0.26305838]
2466
[0.31463007]
2467
[0.38016153]
2468
[0.33459014]
2469
[0.31563409]
2470
[0.30483928]
2471
[0.25038564]
2472
[0.30679111]
2473
[0.25517536]
2474
[0.11213508]
2475
[0.15061066]
2476
[0.31136725]
2477
[0.29811455]
2478
[0.24199664]
2479
[0.3596038]
2480
[0.36888422]
2481
[0.21543716]
2482
[0.28493213]
2483
[0.32287317]
2484
[0.26541523]
2485
[0.18906289]
2486
[0.29462294]
2487
[0.26801119]
2488
[0.31952934]
2489
[0.24537313]
2490
[0.38158983]
2491
[0.22652672]
2492
[0.1652291]
2493
[0.51823865]
2494
[0.24894838]
2495
[0.33405803]
2496
[0.22348179]
2497
[0.15681532]
2498
[0.15489795]
2499
[0.21893012]
2500
[0.2595334]
2501
[0.38601377]
2502
[0.24072386]
2503
[0.21811388]
2504
[0.26699667]
2505
[0.08042364]
2506
[0.12084392]
2507
[0.29848103]
2508
[0.3837588]
2509
[0.2671248]
2510
[0.23089597]
2511
[0.19866875]
2512
[0.19391435]
2513
[0.33821249]
2514
[0.27423491]
2515
[0.04826892]
2516
[0.36551334]
2517
[0.11219653]
2518
[0.26948176]
2519
[0.23216946]
2520
[0.21418496]
2521
[0.36288928]
2522
[0.14806678]
2523
[0.20707638]
2524
[0.26450328]
2525
[0.34948933]
2526
[0.35333488]
2527
[0.44611935]
2528
[0.2837259]
2529
[0.32982187]
2530
[0.18054123]
2531
[0.33091067]
2532
[0.19722593]
2533
[0.31895831]
2534
[0.29211337]
2535
[0.25580022]
2536
[0.43455665]
2537
[0.14333154]
2538
[0.24852443]
2539
[0.25109458]
2540
[0.29329739]
2541
[0.41711921]
2542
[0.14106684]
2543
[0.2844561]
2544
[0.25349245]
2545
[0.20997088]
2546
[0.29721461]
2547
[0.30919729]
2548
[0.2509005]
2549
[0.39245023]
2550
[0.23031024]
2551
[0.13278262]
2552
[0.33541118]
2553
[0.2319141]
2554
[0.36431896]
2555
[0.25482999]
2556
[0.27083366]
2557
[0.43860548]
2558
[0.32224588]
2559
[0.22339317]
2560
[0.20306004]
2561
[0.29538598]
2562
[0.27509627]
2563
[0.26690553]
2564
[0.13892579]
2565
[0.2928633]
2566
[0.27706032]
2567
[0.16401213]
2568
[0.40806332]
2569
[0.19604765]
2570
[0.21531472]
2571
[0.36100548]
2572
[0.45198004]
2573
[0.18603398]
2574
[0.22652804]
2575
[0.31191801]
2576
[0.15837667]
2577
[0.29015387]
2578
[0.1252167]
2579
[0.29825078]
2580
[0.13926405]
2581
[0.25278416]
2582
[0.30796635]
2583
[0.31230149]
2584
[0.40540946]
2585
[0.3593057]
2586
[0.1992725]
2587
[0.27352638]
2588
[0.35453584]
2589
[0.28484366]
2590
[0.27772217]
2591
[0.20385964]
2592
[0.37748271]
2593
[0.24457158]
2594
[0.28362712]
2595
[0.25804494]
2596
[0.2907138]
2597
[0.28120951]
2598
[0.42943253]
2599
[0.34180633]
2600
[0.32987868]
2601
[0.16618228]
2602
[0.17012981]
2603
[0.26814851]
2604
[0.13447504]
2605
[0.24969345]
2606
[0.2276809]
2607
[0.42366089]
2608
[0.2693423]
2609
[0.27719407]
2610
[0.42273374]
2611
[0.30379569]
2612
[0.20865639]
2613
[0.30312801]
2614
[0.303675]
2615
[0.36572877]
2616
[0.30937479]
2617
[0.25702982]
2618
[0.27042131]
2619
[0.3003079]
2620
[0.22150796]
2621
[0.39162746]
2622
[0.25310429]
2623
[0.30964161]
2624
[0.46862214]
2625
[0.37212211]
2626
[0.45784917]
2627
[0.28817369]
2628
[0.24973987]
2629
[0.26896668]
2630
[0.30238809]
2631
[0.30361312]
2632
[0.33356888]
2633
[0.28748506]
2634
[0.2316714]
2635
[0.19563775]
2636
[0.30970758]
2637
[0.44483493]
2638
[0.26595927]
2639
[0.2626366]
2640
[0.40531562]
2641
[0.27362999]
2642
[0.30632404]
2643
[0.2073133]
2644
[0.27286989]
2645
[0.33762924]
2646
[0.15244799]
2647
[0.25325934]
2648
[0.25134311]
2649
[0.3774494]
2650
[0.2342231]
2651
[0.21079729]
2652
[0.21821059]
2653
[0.27213619]
2654
[0.37924733]
2655
[0.33052876]
2656
[0.29967228]
2657
[0.43008568]
2658
[0.32956049]
2659
[0.46282704]
2660
[0.26856487]
2661
[0.17153725]
2662
[0.42758991]
2663
[0.23271575]
2664
[0.18335579]
2665
[0.23012402]
2666
[0.47710906]
2667
[0.21004414]
2668
[0.22392814]
2669
[0.33874201]
2670
[0.4291233]
2671
[0.2938605]
2672
[0.26876084]
2673
[0.27632117]
2674
[0.3370115]
2675
[0.23792736]
2676
[0.33837331]
2677
[0.28086752]
2678
[0.18067974]
2679
[0.24782345]
2680
[0.26791437]
2681
[0.38834132]
2682
[0.35947461]
2683
[0.25985406]
2684
[0.2655059]
2685
[0.22012663]
2686
[0.26140941]
2687
[0.4503398]
2688
[0.28427625]
2689
[0.14997725]
2690
[0.2995693]
2691
[0.43188526]
2692
[0.27849459]
2693
[0.21419481]
2694
[0.31750921]
2695
[0.30617487]
2696
[0.2752929]
2697
[0.30879]
2698
[0.31800512]
2699
[0.17929559]
2700
[0.39967795]
2701
[0.28329926]
2702
[0.25145209]
2703
[0.38221604]
2704
[0.1602385]
2705
[0.42516936]
2706
[0.29697283]
2707
[0.26213571]
2708
[0.18974598]
2709
[0.24681479]
2710
[0.23773294]
2711
[0.29627022]
2712
[0.25954147]
2713
[0.35835101]
2714
[0.23983021]
2715
[0.26108707]
2716
[0.41771034]
2717
[0.30562367]
2718
[0.41554247]
2719
[0.24217678]
2720
[0.20429817]
2721
[0.38984263]
2722
[0.28139631]
2723
[0.14112349]
2724
[0.28698932]
2725
[0.20055711]
2726
[0.24311069]
2727
[0.23820297]
2728
[0.43058589]
2729
[0.4120153]
2730
[0.10213322]
2731
[0.25256201]
2732
[0.27564236]
2733
[0.27727556]
2734
[0.29421073]
2735
[0.21434404]
2736
[0.12594129]
2737
[0.18942163]
2738
[0.1931834]
2739
[0.34806224]
2740
[0.30849034]
2741
[0.21010792]
2742
[0.1821791]
2743
[0.25585742]
2744
[0.43001052]
2745
[0.32520982]
2746
[0.21603985]
2747
[0.23070844]
2748
[0.41366895]
2749
[0.22920819]
2750
[0.10220771]
2751
[0.18138961]
2752
[0.18475293]
2753
[0.12138841]
2754
[0.29117568]
2755
[0.26955635]
2756
[0.31058779]
2757
[0.19765771]
2758
[0.26704704]
2759
[0.35760525]
2760
[0.17772322]
2761
[0.36703275]
2762
[0.29762401]
2763
[0.25929664]
2764
[0.40898408]
2765
[0.2835213]
2766
[0.21890954]
2767
[0.45078432]
2768
[0.47659078]
2769
[0.36027067]
2770
[0.28953207]
2771
[0.18541982]
2772
[0.25604645]
2773
[0.19895145]
2774
[0.25298681]
2775
[0.22516704]
2776
[0.23980644]
2777
[0.27431511]
2778
[0.19380658]
2779
[0.195675]
2780
[0.19637687]
2781
[0.31238673]
2782
[0.24131263]
2783
[0.3679496]
2784
[0.15769001]
2785
[0.29563507]
2786
[0.18972538]
2787
[0.36858904]
2788
[0.22433543]
2789
[0.36556512]
2790
[0.17986063]
2791
[0.27553542]
2792
[0.32759127]
2793
[0.29320626]
2794
[0.28640843]
2795
[0.35919174]
2796
[0.30349987]
2797
[0.23447073]
2798
[0.23453388]
2799
[0.33463196]
2800
[0.30218504]
2801
[0.39415981]
2802
[0.27591461]
2803
[0.31681202]
2804
[0.33328347]
2805
[0.23618219]
2806
[0.32673838]
2807
[0.27789239]
2808
[0.19534815]
2809
[0.27794582]
2810
[0.4075294]
2811
[0.37803951]
2812
[0.22430127]
2813
[0.32127643]
2814
[0.46426481]
2815
[0.28806873]
2816
[0.27076948]
2817
[0.22028433]
2818
[0.34772016]
2819
[0.10858438]
2820
[0.24691795]
2821
[0.26619759]
2822
[0.30775175]
2823
[0.22496816]
2824
[0.12303928]
2825
[0.3196271]
2826
[0.10865417]
2827
[0.21280895]
2828
[0.29353471]
2829
[0.08630538]
2830
[0.2490492]
2831
[0.26652236]
2832
[0.21260566]
2833
[0.10349401]
2834
[0.20828256]
2835
[0.30060479]
2836
[0.38816845]
2837
[0.26259066]
2838
[0.09472717]
2839
[0.27550674]
2840
[0.24221191]
2841
[0.26289662]
2842
[0.16574884]
2843
[0.39868825]
2844
[0.19752634]
2845
[0.34722893]
2846
[0.14526099]
2847
[0.35136694]
2848
[0.19957847]
2849
[0.23230262]
2850
[0.23572092]
2851
[0.16523121]
2852
[0.25572784]
2853
[0.22909916]
2854
[0.25383647]
2855
[0.33435202]
2856
[0.19914211]
2857
[0.32043846]
2858
[0.10719745]
2859
[0.2930449]
2860
[0.32585009]
2861
[0.21409855]
2862
[0.26824127]
2863
[0.19449087]
2864
[0.40916285]
2865
[0.14510545]
2866
[0.28189093]
2867
[0.15040808]
2868
[0.16549093]
2869
[0.35167586]
2870
[0.25673624]
2871
[0.29953944]
2872
[0.29645394]
2873
[0.21823282]
2874
[0.19749329]
2875
[0.22572556]
2876
[0.28104569]
2877
[0.40126774]
2878
[0.22769537]
2879
[0.25076025]
2880
[0.20882525]
2881
[0.25536423]
2882
[0.28341135]
2883
[0.2935552]
2884
[0.24307433]
2885
[0.36192539]
2886
[0.34659072]
2887
[0.14109971]
2888
[0.34212095]
2889
[0.20493894]
2890
[0.50304042]
2891
[0.4469883]
2892
[0.15403958]
2893
[0.3299301]
2894
[0.39393359]
2895
[0.24554752]
2896
[0.28894311]
2897
[0.19213555]
2898
[0.34395246]
2899
[0.20831707]
2900
[0.40505087]
2901
[0.54866628]
2902
[0.20904517]
2903
[0.4149085]
2904
[0.49007721]
2905
[0.31733767]
2906
[0.40366739]
2907
[0.1308152]
2908
[0.29400142]
2909
[0.29689116]
2910
[0.40425415]
2911
[0.24043644]
2912
[0.27689442]
2913
[0.26612052]
2914
[0.32662345]
2915
[0.30371258]
2916
[0.29325459]
2917
[0.24582927]
2918
[0.30918819]
2919
[0.19588408]
2920
[0.36949686]
2921
[0.30925078]
2922
[0.25579127]
2923
[0.17467924]
2924
[0.31500709]
2925
[0.22696983]
2926
[0.27602644]
2927
[0.31390485]
2928
[0.12485579]
2929
[0.22475827]
2930
[0.38209162]
2931
[0.14044226]
2932
[0.34055008]
2933
[0.20837454]
2934
[0.23759006]
2935
[0.17844027]
2936
[0.3778598]
2937
[0.29707645]
2938
[0.27458505]
2939
[0.24593556]
2940
[0.17745302]
2941
[0.15235764]
2942
[0.35281804]
2943
[0.23986804]
2944
[0.17513165]
2945
[0.23597857]
2946
[0.30763422]
2947
[0.35280057]
2948
[0.23452551]
2949
[0.32516596]
2950
[0.29144426]
2951
[0.29572653]
2952
[0.23133834]
2953
[0.30463755]
2954
[0.34234377]
2955
[0.24562235]
2956
[0.28344172]
2957
[0.45635141]
2958
[0.28305315]
2959
[0.22324045]
2960
[0.23265177]
2961
[0.30951634]
2962
[0.23627529]
2963
[0.32494272]
2964
[0.30092603]
2965
[0.13125267]
2966
[0.19496036]
2967
[0.47037921]
2968
[0.18338423]
2969
[0.37402119]
2970
[0.35097958]
2971
[0.3955545]
2972
[0.17733695]
2973
[0.33967376]
2974
[0.22013076]
2975
[0.33889799]
2976
[0.31232948]
2977
[0.20048297]
2978
[0.30782123]
2979
[0.54076056]
2980
[0.32773678]
2981
[0.25519876]
2982
[0.24963833]
2983
[0.18495429]
2984
[0.23930415]
2985
[0.3353263]
2986
[0.34270791]
2987
[0.38774554]
2988
[0.36311912]
2989
[0.25618714]
2990
[0.2947505]
2991
[0.17745598]
2992
[0.39786844]
2993
[0.39517003]
2994
[0.34951548]
2995
[0.26410356]
2996
[0.31904215]
2997
[0.42365753]
2998
[0.45033472]
2999
[0.23890588]
3000
[0.35565908]
3001
[0.33558689]
3002
[0.30369321]
3003
[0.18053922]
3004
[0.06875882]
3005
[0.24934429]
3006
[0.27909383]
3007
[0.20630851]
3008
[0.10008443]
3009
[0.2846882]
3010
[0.23233181]
3011
[0.30112293]
3012
[0.2441963]
3013
[0.39136201]
3014
[0.40931769]
3015
[0.23558394]
3016
[0.3255196]
3017
[0.29506807]
3018
[0.23829795]
3019
[0.25730867]
3020
[0.1451593]
3021
[0.4576493]
3022
[0.13994387]
3023
[0.09239418]
3024
[0.18577051]
3025
[0.50013618]
3026
[0.19789199]
3027
[0.15981003]
3028
[0.27399114]
3029
[0.24824776]
3030
[0.25967226]
3031
[0.42339302]
3032
[0.28230866]
3033
[0.18340505]
3034
[0.4687879]
3035
[0.54648341]
3036
[0.25710158]
3037
[0.32894137]
3038
[0.29896357]
3039
[0.23350979]
3040
[0.21269887]
3041
[0.22697302]
3042
[0.37763598]
3043
[0.23748289]
3044
[0.32280543]
3045
[0.30536903]
3046
[0.43483361]
3047
[0.28804914]
3048
[0.40204425]
3049
[0.22907471]
3050
[0.28729757]
3051
[0.21466693]
3052
[0.15702993]
3053
[0.36312275]
3054
[0.17543983]
3055
[0.22030603]
3056
[0.25710569]
3057
[0.19915641]
3058
[0.18584824]
3059
[0.27152414]
3060
[0.26513891]
3061
[0.15332937]
3062
[0.27355614]
3063
[0.22306473]
3064
[0.19011536]
3065
[0.50703409]
3066
[0.268975]
3067
[0.35967646]
3068
[0.41655401]
3069
[0.13706652]
3070
[0.35364032]
3071
[0.40956364]
3072
[0.23830617]
3073
[0.1580827]
3074
[0.31084398]
3075
[0.19737167]
3076
[0.22706738]
3077
[0.21848388]
3078
[0.23074221]
3079
[0.29899012]
3080
[0.12229812]
3081
[0.23120431]
3082
[0.07313696]
3083
[0.38367529]
3084
[0.19170155]
3085
[0.30068905]
3086
[0.29920333]
3087
[0.34112862]
3088
[0.41320738]
3089
[0.21498485]
3090
[0.22098046]
3091
[0.28656978]
3092
[0.36045708]
3093
[0.21855464]
3094
[0.22594835]
3095
[0.18505902]
3096
[0.26507124]
3097
[0.33446822]
3098
[0.41226912]
3099
[0.26565595]
3100
[0.15578606]
3101
[0.28633031]
3102
[0.1635831]
3103
[0.26382805]
3104
[0.30696544]
3105
[0.20572468]
3106
[0.1550744]
3107
[0.22784063]
3108
[0.28017842]
3109
[0.40187287]
3110
[0.12707809]
3111
[0.29949998]
3112
[0.20675459]
3113
[0.16050324]
3114
[0.07447247]
3115
[0.16464776]
3116
[0.2503826]
3117
[0.34768992]
3118
[0.22680111]
3119
[0.25143386]
3120
[0.24687385]
3121
[0.23235442]
3122
[0.29310312]
3123
[0.44284069]
3124
[0.162999]
3125
[0.27090169]
3126
[0.15151487]
3127
[0.01161253]
3128
[0.19016272]
3129
[0.2469715]
3130
[0.31476984]
3131
[0.24359078]
3132
[0.46322164]
3133
[0.16105362]
3134
[0.17784388]
3135
[0.42459448]
3136
[0.20804752]
3137
[0.23417945]
3138
[0.37792873]
3139
[0.26889299]
3140
[0.3281436]
3141
[0.28230804]
3142
[0.26288906]
3143
[0.29739656]
3144
[0.24783455]
3145
[0.30096685]
3146
[0.23087193]
3147
[0.47933108]
3148
[0.34713675]
3149
[0.32600886]
3150
[0.21824653]
3151
[0.20174735]
3152
[0.2850122]
3153
[0.36213433]
3154
[0.24057089]
3155
[0.21342343]
3156
[0.27935934]
3157
[0.27390433]
3158
[0.36964244]
3159
[0.23279922]
3160
[0.22234383]
3161
[0.32320978]
3162
[0.22752827]
3163
[0.2703022]
3164
[0.34543587]
3165
[0.12211764]
3166
[0.36136449]
3167
[0.40516627]
3168
[0.24889743]
3169
[0.23763907]
3170
[0.43221501]
3171
[0.28525076]
3172
[0.11251223]
3173
[0.2652406]
3174
[0.17427027]
3175
[0.20854465]
3176
[0.38401221]
3177
[0.36340736]
3178
[0.11196564]
3179
[0.2108302]
3180
[0.26946582]
3181
[0.27931158]
3182
[0.26996298]
3183
[0.25904472]
3184
[0.29732435]
3185
[0.34685811]
3186
[0.25870391]
3187
[0.10682559]
3188
[0.27550799]
3189
[0.41526657]
3190
[0.38715248]
3191
[0.26258081]
3192
[0.42717803]
3193
[0.39037928]
3194
[0.23267572]
3195
[0.31102325]
3196
[0.36593403]
3197
[0.22238354]
3198
[0.27429211]
3199
[0.25674231]
3200
[0.28887402]
3201
[0.45288108]
3202
[0.29927975]
3203
[0.37913879]
3204
[0.28115559]
3205
[0.36522244]
3206
[0.27840858]
3207
[0.23756645]
3208
[0.29814915]
3209
[0.22042785]
3210
[0.38704948]
3211
[0.33148201]
3212
[0.19169533]
3213
[0.46311386]
3214
[0.25180402]
3215
[0.24210749]
3216
[0.25568297]
3217
[0.46037548]
3218
[0.39002724]
3219
[0.30316882]
3220
[0.33498973]
3221
[0.25041519]
3222
[0.39552072]
3223
[0.23007967]
3224
[0.30997328]
3225
[0.4259684]
3226
[0.37919948]
3227
[0.31795895]
3228
[0.21279117]
3229
[0.25380203]
3230
[0.29262018]
3231
[0.32706737]
3232
[0.32170742]
3233
[0.31728299]
3234
[0.23246175]
3235
[0.26077802]
3236
[0.28797434]
3237
[0.31344844]
3238
[0.18036599]
3239
[0.2213505]
3240
[0.39832378]
3241
[0.36679811]
3242
[0.16893003]
3243
[0.22457978]
3244
[0.29680539]
3245
[0.29445465]
3246
[0.13252453]
3247
[0.29112623]
3248
[0.24387187]
3249
[0.54158886]
3250
[0.30128725]
3251
[0.25963911]
3252
[0.17976515]
3253
[0.26068508]
3254
[0.34005282]
3255
[0.32904284]
3256
[0.43880677]
3257
[0.2525946]
3258
[0.36569772]
3259
[0.14693158]
3260
[0.2793891]
3261
[0.25184779]
3262
[0.3934275]
3263
[0.28947538]
3264
[0.29156717]
3265
[0.26435377]
3266
[0.32439762]
3267
[0.34413579]
3268
[0.27904869]
3269
[0.19069459]
3270
[0.17301105]
3271
[0.17123235]
3272
[0.44289157]
3273
[0.23983419]
3274
[0.36172605]
3275
[0.34115062]
3276
[0.33837557]
3277
[0.26101555]
3278
[0.36772616]
3279
[0.26780808]
3280
[0.32279175]
3281
[0.23682557]
3282
[0.28852107]
3283
[0.24056681]
3284
[0.16800692]
3285
[0.23925167]
3286
[0.18890876]
3287
[0.26548703]
3288
[0.28771699]
3289
[0.34745759]
3290
[0.29719739]
3291
[0.31044848]
3292
[0.34133729]
3293
[0.15325702]
3294
[0.31904906]
3295
[0.24456305]
3296
[0.34311604]
3297
[0.33597457]
3298
[0.28419398]
3299
[0.2815761]
3300
[0.31914798]
3301
[0.14675948]
3302
[0.24202099]
3303
[0.34061605]
3304
[0.37066424]
3305
[0.39439267]
3306
[0.26406427]
3307
[0.08077063]
3308
[0.15426216]
3309
[0.18648394]
3310
[0.44073175]
3311
[0.27949547]
3312
[0.31164676]
3313
[0.15995511]
3314
[0.27548887]
3315
[0.10952017]
3316
[0.36161962]
3317
[0.25809108]
3318
[0.27723535]
3319
[0.40026856]
3320
[0.27619782]
3321
[0.26016825]
3322
[0.12729089]
3323
[0.39606946]
3324
[0.25647617]
3325
[0.25412724]
3326
[0.12160004]
3327
[0.34557832]
3328
[0.38607738]
3329
[0.32921617]
3330
[0.27538378]
3331
[0.22566489]
3332
[0.29531155]
3333
[0.22776812]
3334
[0.30052799]
3335
[0.25087506]
3336
[0.45225289]
3337
[0.28718011]
3338
[0.21706228]
3339
[0.3469229]
3340
[0.37435676]
3341
[0.08603458]
3342
[0.39831076]
3343
[0.15899438]
3344
[0.16989986]
3345
[0.24642696]
3346
[0.18478269]
3347
[0.23656514]
3348
[0.1521016]
3349
[0.27168957]
3350
[0.14698859]
3351
[0.20453792]
3352
[0.26136055]
3353
[0.38692222]
3354
[0.32855209]
3355
[0.1610114]
3356
[0.23395049]
3357
[0.27649641]
3358
[0.30382456]
3359
[0.25038801]
3360
[0.39256067]
3361
[0.17695786]
3362
[0.26207161]
3363
[0.08262272]
3364
[0.21718599]
3365
[0.20632667]
3366
[0.33782151]
3367
[0.14620077]
3368
[0.294821]
3369
[0.3598224]
3370
[0.32364496]
3371
[0.21548803]
3372
[0.5341185]
3373
[0.31118359]
3374
[0.17712304]
3375
[0.29401037]
3376
[0.33178036]
3377
[0.35952414]
3378
[0.37364688]
3379
[0.28995175]
3380
[0.18394953]
3381
[0.31516944]
3382
[0.34780066]
3383
[0.27807394]
3384
[0.31055169]
3385
[0.210049]
3386
[0.32852998]
3387
[0.4000384]
3388
[0.24037231]
3389
[0.20919874]
3390
[0.14906996]
3391
[0.46971689]
3392
[0.19058208]
3393
[0.14023896]
3394
[0.27528316]
3395
[0.20383844]
3396
[0.38462108]
3397
[0.2999133]
3398
[0.17982367]
3399
[0.25198463]
3400
[0.26739551]
3401
[0.29694911]
3402
[0.33655086]
3403
[0.19896247]
3404
[0.40703586]
3405
[0.35645805]
3406
[0.36299709]
3407
[0.33635147]
3408
[0.23584767]
3409
[0.19784858]
3410
[0.35378603]
3411
[0.24009341]
3412
[0.23644864]
3413
[0.39389681]
3414
[0.31310448]
3415
[0.46886139]
3416
[0.30087813]
3417
[0.38423697]
3418
[0.22015244]
3419
[0.30758377]
3420
[0.3188733]
3421
[0.43063923]
3422
[0.42340119]
3423
[0.15917429]
3424
[0.13381155]
3425
[0.25088955]
3426
[0.08451223]
3427
[0.21084513]
3428
[0.20962614]
3429
[0.21671368]
3430
[0.22157088]
3431
[0.37374082]
3432
[0.43568908]
3433
[0.15964785]
3434
[0.38684308]
3435
[0.26595441]
3436
[0.33974913]
3437
[0.21882902]
3438
[0.30361892]
3439
[0.32195102]
3440
[0.22938909]
3441
[0.41353036]
3442
[0.43959689]
3443
[0.32097256]
3444
[0.30541284]
3445
[0.26703864]
3446
[0.54210888]
3447
[0.39285498]
3448
[0.26824649]
3449
[0.25831673]
3450
[0.35167859]
3451
[0.21496134]
3452
[0.35355664]
3453
[0.25601223]
3454
[0.28712844]
3455
[0.31548343]
3456
[0.38477559]
3457
[0.30094707]
3458
[0.21783388]
3459
[0.21710679]
3460
[0.31967129]
3461
[0.20656548]
3462
[0.31477825]
3463
[0.15397862]
3464
[0.44632877]
3465
[0.3723597]
3466
[0.13606731]
3467
[0.29884555]
3468
[0.31546026]
3469
[0.33246256]
3470
[0.31671384]
3471
[0.3022152]
3472
[0.30388101]
3473
[0.30610331]
3474
[0.17531175]
3475
[0.38892511]
3476
[0.26399292]
3477
[0.3001988]
3478
[0.38574955]
3479
[0.29860448]
3480
[0.29761394]
3481
[0.37349867]
3482
[0.17632531]
3483
[0.37213284]
3484
[0.41499866]
3485
[0.16679463]
3486
[0.22010501]
3487
[0.30249713]
3488
[0.35941748]
3489
[0.32597998]
3490
[0.45944198]
3491
[0.25885781]
3492
[0.22910156]
3493
[0.20761266]
3494
[0.33845376]
3495
[0.13243298]
3496
[0.18722495]
3497
[0.32663962]
3498
[0.29268207]
3499
[0.37051802]
3500
[0.19857609]
3501
[0.11017412]
3502
[0.47327535]
3503
[0.4499276]
3504
[0.20962795]
3505
[0.14091005]
3506
[0.19581049]
3507
[0.17772916]
3508
[0.42097007]
3509
[0.21276838]
3510
[0.40068353]
3511
[0.2899259]
3512
[0.28161887]
3513
[0.39882837]
3514
[0.24672134]
3515
[0.21840556]
3516
[0.2423466]
3517
[0.25700696]
3518
[0.31234938]
3519
[0.34166186]
3520
[0.19285855]
3521
[0.2404734]
3522
[0.24451859]
3523
[0.22543694]
3524
[0.24854571]
3525
[0.41925718]
3526
[0.21198618]
3527
[0.13641104]
3528
[0.21147405]
3529
[0.28484503]
3530
[0.22294696]
3531
[0.32212414]
3532
[0.26181208]
3533
[0.09034847]
3534
[0.3057006]
3535
[0.30801017]
3536
[0.48065301]
3537
[0.21841669]
3538
[0.28331244]
3539
[0.21450152]
3540
[0.27238305]
3541
[0.3492582]
3542
[0.44083752]
3543
[0.1276445]
3544
[0.23522656]
3545
[0.24877768]
3546
[0.20834102]
3547
[0.22180755]
3548
[0.44518506]
3549
[0.3494347]
3550
[0.33143742]
3551
[0.27967312]
3552
[0.23795086]
3553
[0.30520275]
3554
[0.17873627]
3555
[0.34585417]
3556
[0.27577765]
3557
[0.15369918]
3558
[0.32144864]
3559
[0.26679499]
3560
[0.3151276]
3561
[0.30965248]
3562
[0.25123794]
3563
[0.27094101]
3564
[0.22711837]
3565
[0.32551553]
3566
[0.45951152]
3567
[0.44982884]
3568
[0.17247528]
3569
[0.26022619]
3570
[0.21747424]
3571
[0.35011968]
3572
[0.25434359]
3573
[0.18220623]
3574
[0.24617191]
3575
[0.19757749]
3576
[0.24363992]
3577
[0.29092398]
3578
[0.20729704]
3579
[0.36448659]
3580
[0.42625441]
3581
[0.39541444]
3582
[0.44723694]
3583
[0.2925808]
3584
[0.37123658]
3585
[0.20528184]
3586
[0.11382807]
3587
[0.24776508]
3588
[0.09759375]
3589
[0.18566843]
3590
[0.26397034]
3591
[0.2513549]
3592
[0.21075333]
3593
[0.28943779]
3594
[0.33586612]
3595
[0.25000571]
3596
[0.19162955]
3597
[0.12916282]
3598
[0.22224074]
3599
[0.19302339]
3600
[0.27881553]
3601
[0.38560714]
3602
[0.30799189]
3603
[0.2141773]
3604
[0.35318823]
3605
[0.4124171]
3606
[0.26840382]
3607
[0.16897622]
3608
[0.20008573]
3609
[0.39584441]
3610
[0.29007627]
3611
[0.31115487]
3612
[0.21989844]
3613
[0.37399207]
3614
[0.12137451]
3615
[0.25616235]
3616
[0.38542351]
3617
[0.22463938]
3618
[0.28119287]
3619
[0.25105517]
3620
[0.23561341]
3621
[0.11225798]
3622
[0.32638356]
3623
[0.19588664]
3624
[0.33599336]
3625
[0.3604482]
3626
[0.11433317]
3627
[0.28610578]
3628
[0.34410906]
3629
[0.23649291]
3630
[0.19111542]
3631
[0.25481406]
3632
[0.32991303]
3633
[0.30582826]
3634
[0.32277373]
3635
[0.40504762]
3636
[0.28575305]
3637
[0.2235505]
3638
[0.23693382]
3639
[0.14125093]
3640
[0.16303638]
3641
[0.27026936]
3642
[0.35303505]
3643
[0.3436616]
3644
[0.38271329]
3645
[0.42573176]
3646
[0.29355836]
3647
[0.17460511]
3648
[0.0800097]
3649
[0.20317428]
3650
[0.26030365]
3651
[0.32049363]
3652
[0.20254318]
3653
[0.39178483]
3654
[0.26349173]
3655
[0.13430305]
3656
[0.28664463]
3657
[0.21980562]
3658
[0.25184981]
3659
[0.52171481]
3660
[0.10874575]
3661
[0.42649285]
3662
[0.16962056]
3663
[0.13291677]
3664
[0.423123]
3665
[0.2010978]
3666
[0.26059747]
3667
[0.45394005]
3668
[0.19498156]
3669
[0.24208607]
3670
[0.19052133]
3671
[0.2886124]
3672
[0.24636674]
3673
[0.26906821]
3674
[0.20043012]
3675
[0.36785262]
3676
[0.14524609]
3677
[0.2450273]
3678
[0.23025465]
3679
[0.212683]
3680
[0.08904993]
3681
[0.39773809]
3682
[0.30503229]
3683
[0.22449284]
3684
[0.24889585]
3685
[0.19455858]
3686
[0.21396675]
3687
[0.28180052]
3688
[0.28883634]
3689
[0.25219937]
3690
[0.22844517]
3691
[0.26765962]
3692
[0.20354799]
3693
[0.28103432]
3694
[0.32572832]
3695
[0.23978257]
3696
[0.11094341]
3697
[0.18337819]
3698
[0.28035752]
3699
[0.24778011]
3700
[0.30769432]
3701
[0.28612349]
3702
[0.34624561]
3703
[0.24473452]
3704
[0.23055555]
3705
[0.29211739]
3706
[0.35044547]
3707
[0.18527131]
3708
[0.20706832]
3709
[0.372811]
3710
[0.43814915]
3711
[0.10350326]
3712
[0.19418823]
3713
[0.35370184]
3714
[0.26805082]
3715
[0.18516079]
3716
[0.27025271]
3717
[0.2464031]
3718
[0.32479234]
3719
[0.18888653]
3720
[0.11478432]
3721
[0.20377708]
3722
[0.30969794]
3723
[0.22386549]
3724
[0.15248943]
3725
[0.43916458]
3726
[0.20067285]
3727
[0.2528948]
3728
[0.3759059]
3729
[0.2799428]
3730
[0.19391394]
3731
[0.30404357]
3732
[0.3145972]
3733
[0.18891128]
3734
[0.27851058]
3735
[0.30334153]
3736
[0.32219884]
3737
[0.21376161]
3738
[0.30404773]
3739
[0.14288343]
3740
[0.2248829]
3741
[0.20939517]
3742
[0.21154152]
3743
[0.30555459]
3744
[0.3641424]
3745
[0.27386286]
3746
[0.35022406]
3747
[0.27740153]
3748
[0.3622975]
3749
[0.09466781]
3750
[0.29973603]
3751
[0.26276424]
3752
[0.27509691]
3753
[0.4198478]
3754
[0.08720589]
3755
[0.37258773]
3756
[0.29753198]
3757
[0.26493096]
3758
[0.43153511]
3759
[0.21906328]
3760
[0.23233207]
3761
[0.18439323]
3762
[0.42976994]
3763
[0.55496888]
3764
[0.29641345]
3765
[0.17659391]
3766
[0.17347694]
3767
[0.29556067]
3768
[0.44381966]
3769
[0.30341653]
3770
[0.26007098]
3771
[0.42323241]
3772
[0.35817455]
3773
[0.43614793]
3774
[0.35174274]
3775
[0.22698138]
3776
[0.1102177]
3777
[0.2995269]
3778
[0.25875355]
3779
[0.28973317]
3780
[0.36150393]
3781
[0.25964547]
3782
[0.26215968]
3783
[0.44960078]
3784
[0.28424186]
3785
[0.2841523]
3786
[0.20953752]
3787
[0.30953874]
3788
[0.31328717]
3789
[0.19926199]
3790
[0.43255844]
3791
[0.21364189]
3792
[0.34406706]
3793
[0.42984436]
3794
[0.08167986]
3795
[0.43860989]
3796
[0.02421393]
3797
[0.35223649]
3798
[0.4907588]
3799
[0.17543123]
3800
[0.27188242]
3801
[0.1579587]
3802
[0.40727]
3803
[0.33602971]
3804
[0.4379047]
3805
[0.4651183]
3806
[0.27248919]
3807
[0.36778413]
3808
[0.28337068]
3809
[0.38516827]
3810
[0.38598267]
3811
[0.16643327]
3812
[0.33188079]
3813
[0.25865928]
3814
[0.2869936]
3815
[0.41883714]
3816
[0.13637158]
3817
[0.22150028]
3818
[0.24936177]
3819
[0.30146297]
3820
[0.16345337]
3821
[0.29077344]
3822
[0.1995842]
3823
[0.24850915]
3824
[0.36619718]
3825
[0.30428653]
3826
[0.20619889]
3827
[0.15591039]
3828
[0.3159166]
3829
[0.19913214]
3830
[0.25901381]
3831
[0.21458211]
3832
[0.25864667]
3833
[0.27275086]
3834
[0.13720784]
3835
[0.308995]
3836
[0.25836892]
3837
[0.2418728]
3838
[0.32274128]
3839
[0.27105724]
3840
[0.1738288]
3841
[0.52512858]
3842
[0.42447642]
3843
[0.11043454]
3844
[0.32214525]
3845
[0.31236417]
3846
[0.31054573]
3847
[0.3943348]
3848
[0.25034181]
3849
[0.22743801]
3850
[0.14880103]
3851
[0.17038839]
3852
[0.28568583]
3853
[0.23070869]
3854
[0.24883987]
3855
[0.22998689]
3856
[0.27719561]
3857
[0.18187914]
3858
[0.40407579]
3859
[0.55757966]
3860
[0.22394505]
3861
[0.40313763]
3862
[0.12790935]
3863
[0.42784995]
3864
[0.23746513]
3865
[0.47079281]
3866
[0.37035561]
3867
[0.32171319]
3868
[0.14562154]
3869
[0.09349995]
3870
[0.3937368]
3871
[0.31361801]
3872
[0.31764758]
3873
[0.24392662]
3874
[0.21410221]
3875
[0.23256172]
3876
[0.30944617]
3877
[0.38290724]
3878
[0.32892979]
3879
[0.29064511]
3880
[0.37797183]
3881
[0.39508551]
3882
[0.18176935]
3883
[0.27700705]
3884
[0.15144597]
3885
[0.24301368]
3886
[0.31546183]
3887
[0.25259673]
3888
[0.32067735]
3889
[0.32353291]
3890
[0.29403974]
3891
[0.2597954]
3892
[0.17694616]
3893
[0.247856]
3894
[0.20231295]
3895
[0.31728872]
3896
[0.19576788]
3897
[0.35097431]
3898
[0.23197256]
3899
[0.4235088]
3900
[0.17498992]
3901
[0.30183384]
3902
[0.16812434]
3903
[0.3224383]
3904
[0.23119193]
3905
[0.28106572]
3906
[0.36600769]
3907
[0.34108267]
3908
[0.39573158]
3909
[0.36528267]
3910
[0.35847808]
3911
[0.26469402]
3912
[0.33927751]
3913
[0.22310245]
3914
[0.30892322]
3915
[0.35880345]
3916
[0.29296685]
3917
[0.17239206]
3918
[0.33831885]
3919
[0.24190735]
3920
[0.18060228]
3921
[0.23848905]
3922
[0.41154984]
3923
[0.25745906]
3924
[0.26796583]
3925
[0.16077901]
3926
[0.14852852]
3927
[0.37645665]
3928
[0.27308459]
3929
[0.32189289]
3930
[0.37494439]
3931
[0.29713663]
3932
[0.35676079]
3933
[0.29320039]
3934
[0.38625064]
3935
[0.24140827]
3936
[0.34674248]
3937
[0.26702089]
3938
[0.0522696]
3939
[0.33555458]
3940
[0.38048164]
3941
[0.22557444]
3942
[0.33249093]
3943
[0.06618522]
3944
[0.17078694]
3945
[0.42689643]
3946
[0.37987131]
3947
[0.24860504]
3948
[0.37261198]
3949
[0.44320993]
3950
[0.39566518]
3951
[0.25583544]
3952
[0.31617179]
3953
[0.49730016]
3954
[0.23798874]
3955
[0.35764206]
3956
[0.22105377]
3957
[0.17714171]
3958
[0.28804015]
3959
[0.40162583]
3960
[0.31796505]
3961
[0.24723607]
3962
[0.21534351]
3963
[0.28307941]
3964
[0.40981796]
3965
[0.33288883]
3966
[0.42291759]
3967
[0.22000633]
3968
[0.28801393]
3969
[0.40336453]
3970
[0.22535866]
3971
[0.18087979]
3972
[0.23020563]
3973
[0.24061297]
3974
[0.31826672]
3975
[0.26979603]
3976
[0.28023966]
3977
[0.26969952]
3978
[0.27875501]
3979
[0.31124473]
3980
[0.28468842]
3981
[0.14447339]
3982
[0.29666616]
3983
[0.20222033]
3984
[0.23514515]
3985
[0.27062746]
3986
[0.42574613]
3987
[0.21845472]
3988
[0.28648868]
3989
[0.41437428]
3990
[0.36333751]
3991
[0.24824141]
3992
[0.24807102]
3993
[0.30696157]
3994
[0.16454022]
3995
[0.25906056]
3996
[0.13482409]
3997
[0.47111184]
3998
[0.31898071]
3999
[0.44370568]
4000
[0.15660326]
4001
[0.22519109]
4002
[0.13557235]
4003
[0.26353007]
4004
[0.18536587]
4005
[0.320412]
4006
[0.37432827]
4007
[0.21830332]
4008
[0.14115715]
4009
[0.247597]
4010
[0.19786723]
4011
[0.40784123]
4012
[0.35117726]
4013
[0.27032622]
4014
[0.34763401]
4015
[0.26045574]
4016
[0.18267276]
4017
[0.2536619]
4018
[0.39772524]
4019
[0.23699134]
4020
[0.29311083]
4021
[0.30108131]
4022
[0.28208851]
4023
[0.24398058]
4024
[0.34960561]
4025
[0.16416403]
4026
[0.30928199]
4027
[0.25943268]
4028
[0.13539493]
4029
[0.25539689]
4030
[0.33622022]
4031
[0.3271187]
4032
[0.36714716]
4033
[0.3286157]
4034
[0.32954178]
4035
[0.2958094]
4036
[0.20197733]
4037
[0.26288722]
4038
[0.31920767]
4039
[0.32984377]
4040
[0.27448783]
4041
[0.34901944]
4042
[0.11397241]
4043
[0.1980989]
4044
[0.3084263]
4045
[0.12776405]
4046
[0.22027451]
4047
[0.2840694]
4048
[0.3176424]
4049
[0.28511609]
4050
[0.43314458]
4051
[0.25583185]
4052
[0.25244179]
4053
[0.41564347]
4054
[0.44498082]
4055
[0.19685027]
4056
[0.23855021]
4057
[0.47134907]
4058
[0.27134838]
4059
[0.24230893]
4060
[0.27802157]
4061
[0.25998577]
4062
[0.30121202]
4063
[0.23533981]
4064
[0.20795483]
4065
[0.21029715]
4066
[0.22954081]
4067
[0.34200494]
4068
[0.34289046]
4069
[0.43490399]
4070
[0.30911796]
4071
[0.33319721]
4072
[0.45298679]
4073
[0.28456008]
4074
[0.1890326]
4075
[0.25804866]
4076
[0.17076486]
4077
[0.20454842]
4078
[0.4602471]
4079
[0.34025704]
4080
[0.23827907]
4081
[0.2006893]
4082
[0.06151889]
4083
[0.38980265]
4084
[0.2377289]
4085
[0.20860947]
4086
[0.36316272]
4087
[0.285433]
4088
[0.2493111]
4089
[0.23159424]
4090
[0.47590682]
4091
[0.26244388]
4092
[0.24007612]
4093
[0.30932853]
4094
[0.37003497]
4095
[0.15114037]
4096
[0.16316949]
4097
[0.43892216]
4098
[0.33881217]
4099
[0.17608301]
4100
[0.29995682]
4101
[0.47651249]
4102
[0.34353242]
4103
[0.18199024]
4104
[0.27753568]
4105
[0.31510034]
4106
[0.17178641]
4107
[0.22171922]
4108
[0.33098527]
4109
[0.29823516]
4110
[0.32721172]
4111
[0.23605786]
4112
[0.15159146]
4113
[0.21310793]
4114
[0.27131251]
4115
[0.37451394]
4116
[0.31622089]
4117
[0.24665125]
4118
[0.1649334]
4119
[0.26984871]
4120
[0.21330318]
4121
[0.18122074]
4122
[0.26921347]
4123
[0.29297481]
4124
[0.30768882]
4125
[0.25534043]
4126
[0.21410474]
4127
[0.28685113]
4128
[0.31493181]
4129
[0.42815476]
4130
[0.17366496]
4131
[0.35089698]
4132
[0.26720035]
4133
[0.28077756]
4134
[0.30970046]
4135
[0.31323735]
4136
[0.50585874]
4137
[0.42757006]
4138
[0.22489277]
4139
[0.2339206]
4140
[0.16501138]
4141
[0.39934768]
4142
[0.19989421]
4143
[0.32668537]
4144
[0.27023298]
4145
[0.35397016]
4146
[0.28251395]
4147
[0.23059657]
4148
[0.39431504]
4149
[0.32190769]
4150
[0.34976968]
4151
[0.07737693]
4152
[0.12643984]
4153
[0.38389749]
4154
[0.25592914]
4155
[0.17690911]
4156
[0.30456963]
4157
[0.2810113]
4158
[0.16114369]
4159
[0.17714069]
4160
[0.09913722]
4161
[0.17998559]
4162
[0.1297186]
4163
[0.13036438]
4164
[0.4154371]
4165
[0.15324604]
4166
[0.23053392]
4167
[0.40728007]
4168
[0.10319397]
4169
[0.18486329]
4170
[0.27536684]
4171
[0.38792246]
4172
[0.35138802]
4173
[0.21813955]
4174
[0.27253514]
4175
[0.26388995]
4176
[0.48244146]
4177
[0.42244589]
4178
[0.17924306]
4179
[0.3682207]
4180
[0.43252373]
4181
[0.19708494]
4182
[0.20984537]
4183
[0.35987215]
4184
[0.31048822]
4185
[0.26152549]
4186
[0.36928544]
4187
[0.18841767]
4188
[0.32137804]
4189
[0.39493918]
4190
[0.26560153]
4191
[0.28641087]
4192
[0.29614195]
4193
[0.2577634]
4194
[0.32322314]
4195
[0.26707911]
4196
[0.29716223]
4197
[0.37327774]
4198
[0.13663534]
4199
[0.19202006]
4200
[0.37943304]
4201
[0.16965388]
4202
[0.31308335]
4203
[0.33968856]
4204
[0.20236445]
4205
[0.20050357]
4206
[0.28231277]
4207
[0.35989686]
4208
[0.25507468]
4209
[0.38961235]
4210
[0.1334876]
4211
[0.32914882]
4212
[0.37077587]
4213
[0.23357238]
4214
[0.16298667]
4215
[0.28102555]
4216
[0.24283472]
4217
[0.3392367]
4218
[0.26891281]
4219
[0.19419425]
4220
[0.21795625]
4221
[0.34438332]
4222
[0.53894282]
4223
[0.28872497]
4224
[0.27919255]
4225
[0.2134823]
4226
[0.2585086]
4227
[0.21064926]
4228
[0.28072249]
4229
[0.2788887]
4230
[0.26194912]
4231
[0.26800871]
4232
[0.32251633]
4233
[0.29181764]
4234
[0.28361647]
4235
[0.15789442]
4236
[0.22031442]
4237
[0.21594153]
4238
[0.32969938]
4239
[0.24281269]
4240
[0.20206973]
4241
[0.22712138]
4242
[0.16699109]
4243
[0.21777643]
4244
[0.22401438]
4245
[0.16135631]
4246
[0.39196554]
4247
[0.09102228]
4248
[0.22160467]
4249
[0.31656081]
4250
[0.37250893]
4251
[0.27342121]
4252
[0.27089471]
4253
[0.21525949]
4254
[0.29098658]
4255
[0.2002938]
4256
[0.10176896]
4257
[0.19184661]
4258
[0.19046562]
4259
[0.21299583]
4260
[0.31215429]
4261
[0.24639724]
4262
[0.27829211]
4263
[0.20548325]
4264
[0.19642673]
4265
[0.21937186]
4266
[0.2818231]
4267
[0.26382719]
4268
[0.34527104]
4269
[0.30134713]
4270
[0.19977705]
4271
[0.22957782]
4272
[0.18197884]
4273
[0.11972932]
4274
[0.1636878]
4275
[0.42037212]
4276
[0.31490515]
4277
[0.30538488]
4278
[0.11162455]
4279
[0.23910826]
4280
[0.30342916]
4281
[0.25805007]
4282
[0.41147225]
4283
[0.23526561]
4284
[0.40994765]
4285
[0.27316434]
4286
[0.2754705]
4287
[0.08053392]
4288
[0.07118616]
4289
[0.24417345]
4290
[0.43877212]
4291
[0.27913452]
4292
[0.31045389]
4293
[0.16976877]
4294
[0.26143709]
4295
[0.22285166]
4296
[0.24914926]
4297
[0.49090692]
4298
[0.27595623]
4299
[0.23039813]
4300
[0.46026941]
4301
[0.36398864]
4302
[0.25725135]
4303
[0.3339455]
4304
[0.2475573]
4305
[0.19614283]
4306
[0.36273145]
4307
[0.29157664]
4308
[0.128735]
4309
[0.05226011]
4310
[0.33986562]
4311
[0.25001559]
4312
[0.33258135]
4313
[0.31441445]
4314
[0.28075633]
4315
[0.1759594]
4316
[0.21200552]
4317
[0.2329742]
4318
[0.35569083]
4319
[0.41684015]
4320
[0.37554194]
4321
[0.32919775]
4322
[0.29922264]
4323
[0.30502103]
4324
[0.27271726]
4325
[0.22663523]
4326
[0.2171214]
4327
[0.25591092]
4328
[0.23329007]
4329
[0.15293479]
4330
[0.14913412]
4331
[0.32829817]
4332
[0.25062029]
4333
[0.35604848]
4334
[0.29587662]
4335
[0.26888689]
4336
[0.08710929]
4337
[0.30772236]
4338
[0.08706575]
4339
[0.14188631]
4340
[0.09926397]
4341
[0.44907086]
4342
[0.35955355]
4343
[0.15564951]
4344
[0.10472108]
4345
[0.25957829]
4346
[0.31519121]
4347
[0.36124404]
4348
[0.20810312]
4349
[0.19387181]
4350
[0.34510786]
4351
[0.32180629]
4352
[0.42587644]
4353
[0.1960232]
4354
[0.16557057]
4355
[0.40728576]
4356
[0.27478382]
4357
[0.24151346]
4358
[0.21001305]
4359
[0.36040809]
4360
[0.49939272]
4361
[0.38997807]
4362
[0.17353933]
4363
[0.38682665]
4364
[0.33804848]
4365
[0.39548648]
4366
[0.36992826]
4367
[0.14083844]
4368
[0.22663424]
4369
[0.18029995]
4370
[0.08471192]
4371
[0.38391929]
4372
[0.27217882]
4373
[0.36755636]
4374
[0.41555318]
4375
[0.2011681]
4376
[0.18700267]
4377
[0.30733974]
4378
[0.13367406]
4379
[0.29728207]
4380
[0.28654466]
4381
[0.29420029]
4382
[0.23916639]
4383
[0.27464536]
4384
[0.04603376]
4385
[0.47498522]
4386
[0.23385056]
4387
[0.2585986]
4388
[0.25068277]
4389
[0.20216901]
4390
[0.29899644]
4391
[0.24594006]
4392
[0.1748588]
4393
[0.30846373]
4394
[0.1496421]
4395
[0.19007574]
4396
[0.14021952]
4397
[0.09304874]
4398
[0.16074309]
4399
[0.40469949]
4400
[0.24931733]
4401
[0.24726047]
4402
[0.30897172]
4403
[0.26866818]
4404
[0.33359393]
4405
[0.22538794]
4406
[0.2627621]
4407
[0.13692881]
4408
[0.16459037]
4409
[0.30538753]
4410
[0.3679356]
4411
[0.19848593]
4412
[0.32494359]
4413
[0.25088285]
4414
[0.20664924]
4415
[0.25018609]
4416
[0.33367198]
4417
[0.37295954]
4418
[0.27933371]
4419
[0.43116249]
4420
[0.17254531]
4421
[0.30636482]
4422
[0.22779978]
4423
[0.33026163]
4424
[0.49465584]
4425
[0.18649457]
4426
[0.3288976]
4427
[0.22788932]
4428
[0.32295397]
4429
[0.29725349]
4430
[0.37191785]
4431
[0.30539098]
4432
[0.39519921]
4433
[0.30442091]
4434
[0.40795054]
4435
[0.2634183]
4436
[0.37604368]
4437
[0.32519746]
4438
[0.22707846]
4439
[0.29981537]
4440
[0.26274735]
4441
[0.35390828]
4442
[0.20734074]
4443
[0.31015691]
4444
[0.31596065]
4445
[0.14148395]
4446
[0.26413013]
4447
[0.41515531]
4448
[0.24139691]
4449
[0.46217586]
4450
[0.25464239]
4451
[0.34793588]
4452
[0.26765606]
4453
[0.28727015]
4454
[0.2665677]
4455
[0.14728402]
4456
[0.13115143]
4457
[0.44697851]
4458
[0.26836909]
4459
[0.20544908]
4460
[0.41967394]
4461
[0.2569478]
4462
[0.1689632]
4463
[0.22712386]
4464
[0.26676462]
4465
[0.21622466]
4466
[0.21722775]
4467
[0.18822403]
4468
[0.35091417]
4469
[0.29647688]
4470
[0.21147269]
4471
[0.32381571]
4472
[0.37985762]
4473
[0.20869566]
4474
[0.14225125]
4475
[0.24817174]
4476
[0.44291371]
4477
[0.41529486]
4478
[0.19051404]
4479
[0.36812342]
4480
[0.33371995]
4481
[0.29769604]
4482
[0.26112755]
4483
[0.26791661]
4484
[0.4355195]
4485
[0.27327809]
4486
[0.17344233]
4487
[0.07924434]
4488
[0.24406663]
4489
[0.37154047]
4490
[0.18527005]
4491
[0.33071972]
4492
[0.25736958]
4493
[0.23337025]
4494
[0.23131847]
4495
[0.0979914]
4496
[0.41607539]
4497
[0.3038228]
4498
[0.31751581]
4499
[0.37565487]
4500
[0.38144741]
4501
[0.20102894]
4502
[0.3099639]
4503
[0.42566302]
4504
[0.29540123]
4505
[0.26159579]
4506
[0.10737125]
4507
[0.35674633]
4508
[0.21442559]
4509
[0.28473287]
4510
[0.29115312]
4511
[0.32594914]
4512
[0.39110955]
4513
[0.29846495]
4514
[0.21136996]
4515
[0.14878425]
4516
[0.27272104]
4517
[0.17452519]
4518
[0.1890508]
4519
[0.32865714]
4520
[0.32787489]
4521
[0.34138476]
4522
[0.21483254]
4523
[0.29002677]
4524
[0.19673512]
4525
[0.29534347]
4526
[0.19272395]
4527
[0.46042721]
4528
[0.42753084]
4529
[0.24888196]
4530
[0.23695823]
4531
[0.24233251]
4532
[0.23746015]
4533
[0.2364972]
4534
[0.19168803]
4535
[0.3257082]
4536
[0.14367411]
4537
[0.33504831]
4538
[0.4184775]
4539
[0.29928285]
4540
[0.27648138]
4541
[0.27239327]
4542
[0.29269949]
4543
[0.1911185]
4544
[0.30547433]
4545
[0.31637308]
4546
[0.22300031]
4547
[0.28823746]
4548
[0.38094157]
4549
[0.31189527]
4550
[0.1875864]
4551
[0.23077564]
4552
[0.15107499]
4553
[0.33883359]
4554
[0.39701765]
4555
[0.35721826]
4556
[0.44992888]
4557
[0.16042098]
4558
[0.2374512]
4559
[0.38554431]
4560
[0.28247109]
4561
[0.31260701]
4562
[0.20168299]
4563
[0.45019704]
4564
[0.26898842]
4565
[0.22709157]
4566
[0.23895163]
4567
[0.44280292]
4568
[0.28547454]
4569
[0.14970068]
4570
[0.31969754]
4571
[0.4086448]
4572
[0.30195509]
4573
[0.36481164]
4574
[0.19169099]
4575
[0.21113281]
4576
[0.29118317]
4577
[0.24738144]
4578
[0.22266064]
4579
[0.21871616]
4580
[0.20371741]
4581
[0.06703978]
4582
[0.1278351]
4583
[0.32888441]
4584
[0.20530755]
4585
[0.28258945]
4586
[0.1212951]
4587
[0.30432247]
4588
[0.23403256]
4589
[0.3672443]
4590
[0.27238955]
4591
[0.47988602]
4592
[0.35576335]
4593
[0.35149467]
4594
[0.39452186]
4595
[0.37444018]
4596
[0.43947352]
4597
[0.26617077]
4598
[0.28261147]
4599
[0.21562225]
4600
[0.22171965]
4601
[0.33487544]
4602
[0.43865529]
4603
[0.25906295]
4604
[0.29870364]
4605
[0.21287312]
4606
[0.27077051]
4607
[0.12430221]
4608
[0.35138161]
4609
[0.31053705]
4610
[0.29153605]
4611
[0.28431439]
4612
[0.09633529]
4613
[0.16843958]
4614
[0.22158396]
4615
[0.23545059]
4616
[0.21265018]
4617
[0.25768722]
4618
[0.34367678]
4619
[0.27802206]
4620
[0.26192341]
4621
[0.25749383]
4622
[0.49616765]
4623
[0.27754342]
4624
[0.30814335]
4625
[0.57949182]
4626
[0.29553184]
4627
[0.38853658]
4628
[0.17006539]
4629
[0.27282216]
4630
[0.26594028]
4631
[0.2209968]
4632
[0.18914333]
4633
[0.12732258]
4634
[0.24837768]
4635
[0.25259498]
4636
[0.40923667]
4637
[0.32502657]
4638
[0.1380602]
4639
[0.22767571]
4640
[0.37487101]
4641
[0.33705987]
4642
[0.29226495]
4643
[0.14327124]
4644
[0.15528859]
4645
[0.28427977]
4646
[0.25220078]
4647
[0.25050719]
4648
[0.42717055]
4649
[0.27985152]
4650
[0.19821089]
4651
[0.36769595]
4652
[0.31742196]
4653
[0.18993723]
4654
[0.24728149]
4655
[0.45476953]
4656
[0.27266378]
4657
[0.33055347]
4658
[0.19509477]
4659
[0.27144564]
4660
[0.41163782]
4661
[0.18758383]
4662
[0.45027479]
4663
[0.34824068]
4664
[0.45132465]
4665
[0.20295868]
4666
[0.2901276]
4667
[0.29647434]
4668
[0.21237063]
4669
[0.21494386]
4670
[0.45532707]
4671
[0.27953663]
4672
[0.25073174]
4673
[0.22509828]
4674
[0.10872679]
4675
[0.15351885]
4676
[0.21830073]
4677
[0.26468673]
4678
[0.13704192]
4679
[0.46598971]
4680
[0.33622345]
4681
[0.25349159]
4682
[0.23054802]
4683
[0.24451638]
4684
[0.3356946]
4685
[0.3739437]
4686
[0.24476694]
4687
[0.24591867]
4688
[0.20957749]
4689
[0.26422228]
4690
[0.35415901]
4691
[0.23935507]
4692
[0.28004464]
4693
[0.17682979]
4694
[0.27340064]
4695
[0.2858085]
4696
[0.35694625]
4697
[0.38761017]
4698
[0.34919022]
4699
[0.26853763]
4700
[0.32287801]
4701
[0.29864092]
4702
[0.2460805]
4703
[0.24424479]
4704
[0.23616154]
4705
[0.3002561]
4706
[0.24484061]
4707
[0.3305066]
4708
[0.31587621]
4709
[0.31070181]
4710
[0.2337581]
4711
[0.26595028]
4712
[0.29735545]
4713
[0.22134855]
4714
[0.20549629]
4715
[0.48241321]
4716
[0.24836295]
4717
[0.36358257]
4718
[0.40845073]
4719
[0.13235505]
4720
[0.27918598]
4721
[0.45905776]
4722
[0.42451596]
4723
[0.27501262]
4724
[0.47569767]
4725
[0.40542616]
4726
[0.35391668]
4727
[0.39055939]
4728
[0.37049226]
4729
[0.18682012]
4730
[0.24234234]
4731
[0.18280875]
4732
[0.26101134]
4733
[0.27326485]
4734
[0.25327348]
4735
[0.33517902]
4736
[0.27163721]
4737
[0.26182446]
4738
[0.42510392]
4739
[0.49734682]
4740
[0.17135512]
4741
[0.22699076]
4742
[0.29910071]
4743
[0.41458974]
4744
[0.18202395]
4745
[0.08899632]
4746
[0.37320331]
4747
[0.27798876]
4748
[0.37474553]
4749
[0.46041931]
4750
[0.29596426]
4751
[0.36643395]
4752
[0.21536214]
4753
[0.34676377]
4754
[0.43956448]
4755
[0.45291088]
4756
[0.19250437]
4757
[0.15006198]
4758
[0.27678841]
4759
[0.18563757]
4760
[0.1128305]
4761
[0.26006881]
4762
[0.36156976]
4763
[0.21411996]
4764
[0.51023475]
4765
[0.38871233]
4766
[0.44396147]
4767
[0.37807842]
4768
[0.20899054]
4769
[0.2222686]
4770
[0.18159477]
4771
[0.2737657]
4772
[0.09356976]
4773
[0.44696127]
4774
[0.21231346]
4775
[0.15067997]
4776
[0.37801709]
4777
[0.37363953]
4778
[0.1550077]
4779
[0.30264343]
4780
[0.22759704]
4781
[0.194287]
4782
[0.30698824]
4783
[0.25388473]
4784
[0.27597505]
4785
[0.52697829]
4786
[0.07383192]
4787
[0.17662023]
4788
[0.15331747]
4789
[0.49061317]
4790
[0.49016752]
4791
[0.38026511]
4792
[0.29459634]
4793
[0.23945832]
4794
[0.24074083]
4795
[0.28134993]
4796
[0.40091497]
4797
[0.37799329]
4798
[0.23967648]
4799
[0.09859468]
4800
[0.44407714]
4801
[0.24424955]
4802
[0.36639981]
4803
[0.213093]
4804
[0.2289647]
4805
[0.42694127]
4806
[0.2128361]
4807
[0.29088937]
4808
[0.23977778]
4809
[0.39384476]
4810
[0.23757288]
4811
[0.34818364]
4812
[0.44846173]
4813
[0.2899172]
4814
[0.23331355]
4815
[0.18321936]
4816
[0.24493964]
4817
[0.2781363]
4818
[0.17159995]
4819
[0.31897923]
4820
[0.22579642]
4821
[0.12602011]
4822
[0.04517474]
4823
[0.39036367]
4824
[0.22871273]
4825
[0.09503583]
4826
[0.45856357]
4827
[0.48280425]
4828
[0.18777266]
4829
[0.2018253]
4830
[0.20277559]
4831
[0.21543212]
4832
[0.2884932]
4833
[0.34113938]
4834
[0.1835948]
4835
[0.11770188]
4836
[0.39736931]
4837
[0.23174864]
4838
[0.30665561]
4839
[0.33301642]
4840
[0.25191662]
4841
[0.22914019]
4842
[0.45993453]
4843
[0.21736033]
4844
[0.21372341]
4845
[0.11920345]
4846
[0.33424991]
4847
[0.23714976]
4848
[0.16244426]
4849
[0.49097588]
4850
[0.41893121]
4851
[0.30464927]
4852
[0.21216307]
4853
[0.21677037]
4854
[0.081723]
4855
[0.25036207]
4856
[0.31083054]
4857
[0.34207736]
4858
[0.27307574]
4859
[0.41787122]
4860
[0.27053816]
4861
[0.12734655]
4862
[0.15966334]
4863
[0.4089615]
4864
[0.22924972]
4865
[0.27753791]
4866
[0.25531287]
4867
[0.32957966]
4868
[0.20831033]
4869
[0.19464077]
4870
[0.16298362]
4871
[0.29892986]
4872
[0.33969483]
4873
[0.3639815]
4874
[0.20593771]
4875
[0.08337109]
4876
[0.27973466]
4877
[0.34710952]
4878
[0.25002599]
4879
[0.1679945]
4880
[0.37799012]
4881
[0.15181078]
4882
[0.35685136]
4883
[0.3651224]
4884
[0.18061956]
4885
[0.36038387]
4886
[0.29284694]
4887
[0.34027403]
4888
[0.34626356]
4889
[0.27021226]
4890
[0.29392619]
4891
[0.26670328]
4892
[0.3132776]
4893
[0.37370221]
4894
[0.12283834]
4895
[0.23031575]
4896
[0.25861755]
4897
[0.29879531]
4898
[0.26736783]
4899
[0.19573722]
4900
[0.24144748]
4901
[0.28617947]
4902
[0.2090057]
4903
[0.22496809]
4904
[0.1180039]
4905
[0.33306379]
4906
[0.50170481]
4907
[0.23391224]
4908
[0.25394822]
4909
[0.18077513]
4910
[0.36067588]
4911
[0.33327973]
4912
[0.38878355]
4913
[0.28052772]
4914
[0.26416108]
4915
[0.25803702]
4916
[0.25256845]
4917
[0.17042195]
4918
[0.4949445]
4919
[0.23098822]
4920
[0.37436596]
4921
[0.16626215]
4922
[0.27952278]
4923
[0.2022729]
4924
[0.35350991]
4925
[0.23418022]
4926
[0.19556111]
4927
[0.22775788]
4928
[0.34320019]
4929
[0.19583363]
4930
[0.21174458]
4931
[0.27317936]
4932
[0.23777632]
4933
[0.26907046]
4934
[0.21129644]
4935
[0.15366375]
4936
[0.41697822]
4937
[0.20157807]
4938
[0.26917982]
4939
[0.28844166]
4940
[0.40951751]
4941
[0.32553243]
4942
[0.28994496]
4943
[0.48394921]
4944
[0.10213529]
4945
[0.35511315]
4946
[0.28673121]
4947
[0.46338111]
4948
[0.15429337]
4949
[0.21568671]
4950
[0.35842112]
4951
[0.34657009]
4952
[0.3928179]
4953
[0.28414667]
4954
[0.28892881]
4955
[0.07421442]
4956
[0.19621438]
4957
[0.3952545]
4958
[0.24543358]
4959
[0.28787351]
4960
[0.28443276]
4961
[0.38773038]
4962
[0.2839373]
4963
[0.21914421]
4964
[0.2833932]
4965
[0.46646013]
4966
[0.13049873]
4967
[0.13654106]
4968
[0.39398622]
4969
[0.22420609]
4970
[0.28728041]
4971
[0.12200155]
4972
[0.16989037]
4973
[0.2028335]
4974
[0.4674833]
4975
[0.25052382]
4976
[0.25096032]
4977
[0.22751043]
4978
[0.12411969]
4979
[0.3123136]
4980
[0.41823424]
4981
[0.36101829]
4982
[0.4014799]
4983
[0.21970504]
4984
[0.35680557]
4985
[0.26084968]
4986
[0.22071978]
4987
[0.41924131]
4988
[0.3313756]
4989
[0.27397228]
4990
[0.20467819]
4991
[0.29517985]
4992
[0.33912568]
4993
[0.33364646]
4994
[0.26003149]
4995
[0.27603111]
4996
[0.29211273]
4997
[0.27487984]
4998
[0.21792323]
4999
[0.20069455]
[1] 40000    11
[1] 40000    11
