LOADING R
R LOADED
[1] "/home/lvanderl/Rlibs2"                         
[2] "/app/software/R/4.3.1-gfbf-2022b/lib/R/library"
[1] "/home/lvanderl/sieveSims"
[1] "xg 1 1.5"
[1] "histogram binning"
[1] 0.209885
[1] 0.209885
[1] "mondrian"
[1] "iso"
[1] 0.209885
[1] "conditional"
[   10.            11.51395399    13.25711366    15.26417967
    17.57510625    20.23589648    23.29951811    26.82695795
    30.88843596    35.56480306    40.94915062    47.14866363
    54.28675439    62.50551925    71.9685673     82.86427729
    95.40954763   109.8541142    126.48552169   145.63484775
   167.68329368   193.06977289   222.29964825   255.95479227
   294.70517026   339.32217719   390.69399371   449.8432669
   517.94746792   596.36233166   686.648845     790.60432109
   910.29817799  1048.11313415  1206.79264064  1389.49549437
  1599.85871961  1842.06996933  2120.95088792  2442.05309455
  2811.76869797  3237.45754282  3727.59372031  4291.93426013
  4941.71336132  5689.86602902  6551.2855686   7543.12006335
  8685.11373751 10000.        ]
[ 0.07837024  0.08086846  0.07832089  0.08374384  0.0881026   0.085659
  0.09364573  0.0963744   0.09898224  0.09628239  0.09491777  0.1102703
  0.09492273  0.10274075  0.09607038  0.15146691  0.11139387  0.14377965
  0.14962421  0.13774316  0.18042733  0.21645854  0.27987946  0.29704716
  0.29162896  0.29646456  0.36124459  0.34684418  0.63656223  0.43933804
  0.39355135  0.91919507  0.89297944  1.19565047  0.83747367  1.32320688
  1.43437458  1.31361638  1.94274114  2.22403726  2.04636671  3.00947011
  3.52162103  3.84595654  8.60251281  5.629127    5.62900409  5.57271601
  5.69911514 11.66984281]
13.257113655901088
0.07543120063354619
0
[0.13830198]
1
[0.06921765]
2
[0.13421759]
3
[0.07820897]
4
[0.23402986]
5
[0.03512704]
6
[0.21625473]
7
[0.08861356]
8
[0.20366901]
9
[0.06857182]
10
[0.12187942]
11
[0.18218152]
12
[0.17242507]
13
[0.21331625]
14
[0.05081951]
15
[0.15240585]
16
[0.20466892]
17
[0.229723]
18
[0.12177374]
19
[0.14709975]
20
[0.07100678]
21
[0.21221016]
22
[0.16433986]
23
[0.23257881]
24
[0.13270287]
25
[0.13574512]
26
[0.21183837]
27
[0.05694142]
28
[0.23258059]
29
[0.2244533]
30
[0.16900478]
31
[0.14881612]
32
[0.18160355]
33
[0.10895377]
34
[0.22300413]
35
[0.04583441]
36
[0.07811622]
37
[0.19170359]
38
[0.22119024]
39
[0.21994335]
40
[0.20939433]
41
[0.23616329]
42
[0.23212152]
43
[0.11094739]
44
[0.04943094]
45
[0.09884388]
46
[0.22489545]
47
[0.19724491]
48
[0.13141429]
49
[0.23450564]
50
[0.23245262]
51
[0.06142794]
52
[0.15212511]
53
[0.18140731]
54
[0.23602567]
55
[0.10507187]
56
[0.13732032]
57
[0.2361744]
58
[0.09900893]
59
[0.22218877]
60
[0.17192316]
61
[0.0851427]
62
[0.11827926]
63
[0.23467489]
64
[0.19011867]
65
[0.14874428]
66
[0.22097169]
67
[0.1754384]
68
[0.04696078]
69
[0.11228685]
70
[0.15376741]
71
[0.19441139]
72
[0.03123128]
73
[0.08530676]
74
[0.10248392]
75
[0.14868749]
76
[0.11362559]
77
[0.12274035]
78
[0.17235428]
79
[0.09302497]
80
[0.219558]
81
[0.06039332]
82
[0.13208279]
83
[0.2309915]
84
[0.08007266]
85
[0.04692748]
86
[0.05141113]
87
[0.16577965]
88
[0.0621621]
89
[0.04740836]
90
[0.1667634]
91
[0.11499688]
92
[0.11977568]
93
[0.22278823]
94
[0.19262705]
95
[0.05658532]
96
[0.18654434]
97
[0.16288217]
98
[0.22619275]
99
[0.05439103]
100
[0.13181242]
101
[0.12586437]
102
[0.22289393]
103
[0.1733155]
104
[0.23610586]
105
[0.12630228]
106
[0.20211217]
107
[0.10060773]
108
[0.19457188]
109
[0.10550738]
110
[0.23622388]
111
[0.14370704]
112
[0.23152823]
113
[0.09653673]
114
[0.23475981]
115
[0.233624]
116
[0.15688804]
117
[0.04393249]
118
[0.0831651]
119
[0.18839994]
120
[0.03191816]
121
[0.21886809]
122
[0.13887219]
123
[0.20156016]
124
[0.21500037]
125
[0.23622379]
126
[0.23362628]
127
[0.22996111]
128
[0.23146088]
129
[0.07036621]
130
[0.09693631]
131
[0.12940382]
132
[0.21616654]
133
[0.22129929]
134
[0.08946296]
135
[0.22849515]
136
[0.13262112]
137
[0.23622376]
138
[0.23020854]
139
[0.0327414]
140
[0.22866308]
141
[0.13237087]
142
[0.04696164]
143
[0.05377021]
144
[0.14850419]
145
[0.12492782]
146
[0.21290189]
147
[0.2167654]
148
[0.03014071]
149
[0.23407144]
150
[0.19314685]
151
[0.05645143]
152
[0.06311136]
153
[0.09580538]
154
[0.03218608]
155
[0.13522838]
156
[0.02811112]
157
[0.20619828]
158
[0.08294052]
159
[0.03670992]
160
[0.12778243]
161
[0.18482435]
162
[0.1695698]
163
[0.23485677]
164
[0.22854243]
165
[0.20562329]
166
[0.23498106]
167
[0.12036949]
168
[0.11657152]
169
[0.13153243]
170
[0.23528184]
171
[0.18148729]
172
[0.22893291]
173
[0.17253739]
174
[0.23372519]
175
[0.09751017]
176
[0.11416819]
177
[0.11611237]
178
[0.20718156]
179
[0.09606119]
180
[0.19563151]
181
[0.21599565]
182
[0.22693564]
183
[0.13442584]
184
[0.23600444]
185
[0.08161945]
186
[0.23096927]
187
[0.13111699]
188
[0.05464139]
189
[0.17432067]
190
[0.06159277]
191
[0.1220197]
192
[0.14708069]
193
[0.13743945]
194
[0.178295]
195
[0.16747469]
196
[0.23205956]
197
[0.15336616]
198
[0.22919727]
199
[0.18420028]
200
[0.22725989]
201
[0.16438894]
202
[0.1583661]
203
[0.09719012]
204
[0.23283242]
205
[0.21737738]
206
[0.16584129]
207
[0.07079909]
208
[0.02835619]
209
[0.06949673]
210
[0.23284149]
211
[0.23361503]
212
[0.07610526]
213
[0.21302843]
214
[0.17279477]
215
[0.1090704]
216
[0.07485877]
217
[0.08068532]
218
[0.06350125]
219
[0.09476333]
220
[0.08172473]
221
[0.23631695]
222
[0.15191454]
223
[0.12588574]
224
[0.23476882]
225
[0.1964845]
226
[0.22608059]
227
[0.05742759]
228
[0.06103134]
229
[0.10553247]
230
[0.05937099]
231
[0.21323155]
232
[0.04807097]
233
[0.21085834]
234
[0.10063463]
235
[0.23461246]
236
[0.19063483]
237
[0.07684003]
238
[0.18244477]
239
[0.09947968]
240
[0.16031268]
241
[0.1269603]
242
[0.22081392]
243
[0.2101533]
244
[0.05712722]
245
[0.03745625]
246
[0.23058977]
247
[0.07280617]
248
[0.08574817]
249
[0.14217546]
250
[0.23042866]
251
[0.21154805]
252
[0.23630306]
253
[0.06486268]
254
[0.18766521]
255
[0.21083954]
256
[0.14274414]
257
[0.14238624]
258
[0.10573257]
259
[0.17353697]
260
[0.05549923]
261
[0.20765998]
262
[0.18774735]
263
[0.1351868]
264
[0.08404012]
265
[0.19494715]
266
[0.23617469]
267
[0.20824297]
268
[0.14479253]
269
[0.08205209]
270
[0.19318322]
271
[0.17197547]
272
[0.14474283]
273
[0.21699765]
274
[0.19956219]
275
[0.06784611]
276
[0.15875006]
277
[0.22973459]
278
[0.19995086]
279
[0.02853593]
280
[0.19323976]
281
[0.04460608]
282
[0.13087671]
283
[0.06428337]
284
[0.0911649]
285
[0.14271625]
286
[0.09755784]
287
[0.21744312]
288
[0.15383049]
289
[0.23540775]
290
[0.09748138]
291
[0.14694254]
292
[0.04654127]
293
[0.11357487]
294
[0.19698167]
295
[0.18127278]
296
[0.05273497]
297
[0.17164089]
298
[0.17515452]
299
[0.15908365]
300
[0.08514366]
301
[0.20229956]
302
[0.21446412]
303
[0.09744677]
304
[0.20265107]
305
[0.18403952]
306
[0.19284372]
307
[0.21552782]
308
[0.08761083]
309
[0.07221448]
310
[0.22937804]
311
[0.23502718]
312
[0.14527127]
313
[0.15847083]
314
[0.13423772]
315
[0.11385052]
316
[0.04387122]
317
[0.15937567]
318
[0.22593239]
319
[0.18713702]
320
[0.15716397]
321
[0.19746484]
322
[0.23561189]
323
[0.05197601]
324
[0.21614871]
325
[0.16131334]
326
[0.17257902]
327
[0.22629096]
328
[0.09139827]
329
[0.09860383]
330
[0.10519816]
331
[0.05988335]
332
[0.08054889]
333
[0.14875249]
334
[0.07189451]
335
[0.08135607]
336
[0.14380422]
337
[0.22917732]
338
[0.0847562]
339
[0.21613619]
340
[0.1367917]
341
[0.16892197]
342
[0.088096]
343
[0.19307906]
344
[0.23594725]
345
[0.08352534]
346
[0.07145029]
347
[0.17629568]
348
[0.10453728]
349
[0.10672977]
350
[0.18112582]
351
[0.09577248]
352
[0.03579909]
353
[0.23551215]
354
[0.23395212]
355
[0.15288281]
356
[0.14098994]
357
[0.13095433]
358
[0.04271883]
359
[0.05720482]
360
[0.11247037]
361
[0.13446651]
362
[0.22748451]
363
[0.15970566]
364
[0.22040342]
365
[0.17228798]
366
[0.23630262]
367
[0.11736937]
368
[0.15515364]
369
[0.18175386]
370
[0.11818139]
371
[0.02781175]
372
[0.1205908]
373
[0.06128783]
374
[0.11654851]
375
[0.08724697]
376
[0.04912339]
377
[0.23335294]
378
[0.1803483]
379
[0.05862752]
380
[0.07285757]
381
[0.13145402]
382
[0.20645829]
383
[0.13378556]
384
[0.08555093]
385
[0.1306349]
386
[0.16282572]
387
[0.23510756]
388
[0.04282365]
389
[0.16714009]
390
[0.12098568]
391
[0.09240936]
392
[0.16304141]
393
[0.06534532]
394
[0.2097739]
395
[0.16170448]
396
[0.1479121]
397
[0.19063352]
398
[0.04809686]
399
[0.18569303]
400
[0.13022902]
401
[0.18040527]
402
[0.20833184]
403
[0.06447013]
404
[0.06975981]
405
[0.17275153]
406
[0.23003247]
407
[0.07929149]
408
[0.14225302]
409
[0.04635965]
410
[0.19417167]
411
[0.20425414]
412
[0.04283362]
413
[0.07859831]
414
[0.05979009]
415
[0.22746162]
416
[0.14002719]
417
[0.09771033]
418
[0.03317691]
419
[0.04337801]
420
[0.11987409]
421
[0.08932764]
422
[0.05215099]
423
[0.23285028]
424
[0.07007295]
425
[0.04902266]
426
[0.08425301]
427
[0.09811659]
428
[0.16033704]
429
[0.22038852]
430
[0.05683831]
431
[0.09180161]
432
[0.23216345]
433
[0.19153901]
434
[0.06390271]
435
[0.16081639]
436
[0.08874846]
437
[0.12254175]
438
[0.15616078]
439
[0.22966427]
440
[0.04093638]
441
[0.04726746]
442
[0.04603714]
443
[0.20481517]
444
[0.07250564]
445
[0.05067445]
446
[0.06912786]
447
[0.23493172]
448
[0.04211655]
449
[0.21649766]
450
[0.22885393]
451
[0.11603305]
452
[0.0931852]
453
[0.07896633]
454
[0.13119264]
455
[0.14091154]
456
[0.21209465]
457
[0.19962613]
458
[0.21918572]
459
[0.09283218]
460
[0.13262876]
461
[0.18203177]
462
[0.15012476]
463
[0.04567294]
464
[0.12566471]
465
[0.12004823]
466
[0.04904843]
467
[0.236303]
468
[0.19922688]
469
[0.19720589]
470
[0.15432064]
471
[0.10170154]
472
[0.1356306]
473
[0.06199701]
474
[0.14600767]
475
[0.07498209]
476
[0.21874869]
477
[0.2172327]
478
[0.21631817]
479
[0.10636474]
480
[0.07282977]
481
[0.04108579]
482
[0.10432479]
483
[0.04592653]
484
[0.07399239]
485
[0.09697893]
486
[0.1188754]
487
[0.23627518]
488
[0.08087482]
489
[0.09229622]
490
[0.15742234]
491
[0.20804903]
492
[0.22460589]
493
[0.05944678]
494
[0.05240872]
495
[0.18634697]
496
[0.14832412]
497
[0.1636202]
498
[0.04988477]
499
[0.0546849]
500
[0.19294709]
501
[0.20479967]
502
[0.10798137]
503
[0.22909145]
504
[0.23445963]
505
[0.05033262]
506
[0.1266828]
507
[0.05580468]
508
[0.23466813]
509
[0.23508497]
510
[0.23527107]
511
[0.20090432]
512
[0.17229978]
513
[0.03269033]
514
[0.10462911]
515
[0.14980237]
516
[0.06313027]
517
[0.23356184]
518
[0.13285821]
519
[0.13953384]
520
[0.06579887]
521
[0.1234488]
522
[0.18217609]
523
[0.0563969]
524
[0.06119314]
525
[0.15086061]
526
[0.18210551]
527
[0.08864893]
528
[0.23520189]
529
[0.1672684]
530
[0.21513176]
531
[0.18586333]
532
[0.21065075]
533
[0.22794219]
534
[0.20650275]
535
[0.21467488]
536
[0.0502936]
537
[0.22710356]
538
[0.10263728]
539
[0.22507095]
540
[0.23281069]
541
[0.03676244]
542
[0.13278195]
543
[0.12651893]
544
[0.08456446]
545
[0.22211272]
546
[0.16675631]
547
[0.04857343]
548
[0.10659241]
549
[0.16030365]
550
[0.14209081]
551
[0.14240622]
552
[0.10299791]
553
[0.23303294]
554
[0.04714479]
555
[0.02951931]
556
[0.1237453]
557
[0.05419129]
558
[0.10465742]
559
[0.20644172]
560
[0.17542083]
561
[0.20808463]
562
[0.22696829]
563
[0.06526269]
564
[0.08424295]
565
[0.11964306]
566
[0.17347548]
567
[0.21960764]
568
[0.05714514]
569
[0.13435548]
570
[0.18194423]
571
[0.17275204]
572
[0.12342107]
573
[0.21651324]
574
[0.21476495]
575
[0.07082286]
576
[0.14747313]
577
[0.10266697]
578
[0.12882378]
579
[0.13528715]
580
[0.1311913]
581
[0.11418542]
582
[0.2309177]
583
[0.23473567]
584
[0.04674443]
585
[0.16729062]
586
[0.15290021]
587
[0.10523223]
588
[0.23180587]
589
[0.06061263]
590
[0.09804471]
591
[0.13893564]
592
[0.15400476]
593
[0.2309119]
594
[0.23575262]
595
[0.1635539]
596
[0.15023417]
597
[0.23481092]
598
[0.15708092]
599
[0.04624819]
600
[0.23443629]
601
[0.10657995]
602
[0.09342138]
603
[0.23486635]
604
[0.15541179]
605
[0.22689012]
606
[0.21446344]
607
[0.11763262]
608
[0.0634428]
609
[0.11613474]
610
[0.05054875]
611
[0.14605292]
612
[0.05819298]
613
[0.07414019]
614
[0.05944637]
615
[0.22606432]
616
[0.23588057]
617
[0.22128548]
618
[0.11052494]
619
[0.0879678]
620
[0.10800854]
621
[0.17929408]
622
[0.1524736]
623
[0.09961022]
624
[0.08360676]
625
[0.11828891]
626
[0.2060446]
627
[0.23621315]
628
[0.21824484]
629
[0.2077306]
630
[0.14747408]
631
[0.22927867]
632
[0.0622969]
633
[0.15777891]
634
[0.22953146]
635
[0.15364959]
636
[0.11472469]
637
[0.23194532]
638
[0.04858729]
639
[0.05345594]
640
[0.23497477]
641
[0.17177095]
642
[0.16917983]
643
[0.19556333]
644
[0.21275478]
645
[0.15670101]
646
[0.19207662]
647
[0.15488015]
648
[0.23399761]
649
[0.23113884]
650
[0.23624665]
651
[0.23562645]
652
[0.06633168]
653
[0.1613247]
654
[0.23540001]
655
[0.10838436]
656
[0.07340766]
657
[0.12755199]
658
[0.23604519]
659
[0.06792528]
660
[0.21543588]
661
[0.02719161]
662
[0.23614948]
663
[0.20280498]
664
[0.23619283]
665
[0.23412677]
666
[0.23339744]
667
[0.22766147]
668
[0.06168344]
669
[0.04591957]
670
[0.04788892]
671
[0.20082519]
672
[0.19948041]
673
[0.04560536]
674
[0.1041882]
675
[0.10421819]
676
[0.07178246]
677
[0.05804968]
678
[0.08931558]
679
[0.14804345]
680
[0.0572398]
681
[0.10339818]
682
[0.14447582]
683
[0.17144524]
684
[0.16864858]
685
[0.23018437]
686
[0.20431737]
687
[0.10799344]
688
[0.19668107]
689
[0.17109688]
690
[0.23086751]
691
[0.23572814]
692
[0.20504133]
693
[0.11031773]
694
[0.03373524]
695
[0.11818062]
696
[0.17257174]
697
[0.15295622]
698
[0.23259968]
699
[0.23212096]
700
[0.13452329]
701
[0.22017741]
702
[0.05631677]
703
[0.15183926]
704
[0.23632681]
705
[0.05852966]
706
[0.22413915]
707
[0.21608977]
708
[0.19404727]
709
[0.23427917]
710
[0.17924057]
711
[0.17893236]
712
[0.05867722]
713
[0.19854981]
714
[0.06407957]
715
[0.13161412]
716
[0.07316682]
717
[0.16619391]
718
[0.05126234]
719
[0.09860871]
720
[0.18542445]
721
[0.21252654]
722
[0.12621127]
723
[0.20399158]
724
[0.22909296]
725
[0.22904954]
726
[0.16371546]
727
[0.15756707]
728
[0.08504109]
729
[0.21306325]
730
[0.09444343]
731
[0.18265854]
732
[0.03193919]
733
[0.05081771]
734
[0.2011059]
735
[0.22589658]
736
[0.20137047]
737
[0.14193585]
738
[0.23537738]
739
[0.23096947]
740
[0.05946766]
741
[0.15276392]
742
[0.18823348]
743
[0.22182845]
744
[0.06556905]
745
[0.06523525]
746
[0.09930738]
747
[0.12344699]
748
[0.03349872]
749
[0.14262139]
750
[0.12879882]
751
[0.1337106]
752
[0.23472929]
753
[0.22613241]
754
[0.12456337]
755
[0.07025257]
756
[0.14302959]
757
[0.04535001]
758
[0.22290826]
759
[0.08237429]
760
[0.06561418]
761
[0.0701089]
762
[0.07538341]
763
[0.21431831]
764
[0.05094439]
765
[0.22693353]
766
[0.06350576]
767
[0.23537831]
768
[0.20882308]
769
[0.16744325]
770
[0.23364614]
771
[0.04348453]
772
[0.0541409]
773
[0.22861956]
774
[0.23181463]
775
[0.14159545]
776
[0.05776563]
777
[0.23478703]
778
[0.21618773]
779
[0.13448596]
780
[0.05439806]
781
[0.17899207]
782
[0.12300844]
783
[0.13154633]
784
[0.17700475]
785
[0.23598849]
786
[0.06261919]
787
[0.03429732]
788
[0.04038398]
789
[0.23052893]
790
[0.16421851]
791
[0.17715619]
792
[0.16172187]
793
[0.22313661]
794
[0.23250167]
795
[0.23588326]
796
[0.23007584]
797
[0.23225222]
798
[0.21445429]
799
[0.08314105]
800
[0.20091037]
801
[0.21893612]
802
[0.06303114]
803
[0.1875819]
804
[0.0790556]
805
[0.19696495]
806
[0.17764429]
807
[0.09920132]
808
[0.09489406]
809
[0.16997949]
810
[0.23618012]
811
[0.12691441]
812
[0.15185652]
813
[0.06100693]
814
[0.23592235]
815
[0.03683352]
816
[0.05223688]
817
[0.18640057]
818
[0.1892317]
819
[0.1365874]
820
[0.04932154]
821
[0.08100937]
822
[0.17805265]
823
[0.15456645]
824
[0.0554496]
825
[0.21791911]
826
[0.17959887]
827
[0.23497692]
828
[0.20245378]
829
[0.23282409]
830
[0.23262368]
831
[0.18202093]
832
[0.22960354]
833
[0.22809134]
834
[0.03358542]
835
[0.23190301]
836
[0.17000209]
837
[0.08367163]
838
[0.03345965]
839
[0.22326537]
840
[0.11386121]
841
[0.15171364]
842
[0.10391401]
843
[0.23568682]
844
[0.14574476]
845
[0.11033203]
846
[0.23622928]
847
[0.18605444]
848
[0.21805763]
849
[0.13551734]
850
[0.23542566]
851
[0.1334051]
852
[0.21422623]
853
[0.14982465]
854
[0.05358278]
855
[0.12776709]
856
[0.04527326]
857
[0.07686139]
858
[0.0709649]
859
[0.06004389]
860
[0.09640426]
861
[0.21076647]
862
[0.13997436]
863
[0.15377422]
864
[0.16189393]
865
[0.04811411]
866
[0.0542139]
867
[0.23306238]
868
[0.20616016]
869
[0.20456466]
870
[0.0992918]
871
[0.10258586]
872
[0.19443949]
873
[0.08295833]
874
[0.05165745]
875
[0.09187601]
876
[0.22157327]
877
[0.1935483]
878
[0.2044875]
879
[0.06738772]
880
[0.20283233]
881
[0.14679283]
882
[0.20714762]
883
[0.21685239]
884
[0.23533346]
885
[0.09480082]
886
[0.21570753]
887
[0.20619006]
888
[0.19271821]
889
[0.06658907]
890
[0.15455296]
891
[0.2168819]
892
[0.06042274]
893
[0.22916205]
894
[0.08996798]
895
[0.08862594]
896
[0.05935956]
897
[0.15637285]
898
[0.04897311]
899
[0.12039939]
900
[0.09307277]
901
[0.04536015]
902
[0.06429834]
903
[0.1010716]
904
[0.11847366]
905
[0.16120112]
906
[0.05261588]
907
[0.14618357]
908
[0.21041422]
909
[0.22273321]
910
[0.07180585]
911
[0.19446505]
912
[0.12849971]
913
[0.20542426]
914
[0.06584503]
915
[0.15365487]
916
[0.04520681]
917
[0.11568269]
918
[0.15372383]
919
[0.23464761]
920
[0.16417174]
921
[0.13122297]
922
[0.11753899]
923
[0.22714405]
924
[0.19420488]
925
[0.02807854]
926
[0.23564503]
927
[0.22483353]
928
[0.23562695]
929
[0.2105151]
930
[0.1393797]
931
[0.11839762]
932
[0.05578093]
933
[0.22709181]
934
[0.23618128]
935
[0.06308615]
936
[0.1565336]
937
[0.14814837]
938
[0.16274128]
939
[0.06002536]
940
[0.06070063]
941
[0.0839303]
942
[0.1249109]
943
[0.0739456]
944
[0.20855601]
945
[0.07050106]
946
[0.0403785]
947
[0.03868597]
948
[0.23518827]
949
[0.04657103]
950
[0.06209922]
951
[0.06875466]
952
[0.19956792]
953
[0.1764902]
954
[0.05794519]
955
[0.09621778]
956
[0.11227504]
957
[0.16038024]
958
[0.23019593]
959
[0.10042214]
960
[0.02965927]
961
[0.22971228]
962
[0.05056278]
963
[0.21576734]
964
[0.16954801]
965
[0.23482841]
966
[0.21815037]
967
[0.20416533]
968
[0.04381263]
969
[0.1838267]
970
[0.08952729]
971
[0.06630937]
972
[0.17029992]
973
[0.11825788]
974
[0.03113538]
975
[0.05495338]
976
[0.04037416]
977
[0.21545285]
978
[0.23520643]
979
[0.21292636]
980
[0.1324593]
981
[0.09285908]
982
[0.15724107]
983
[0.22757451]
984
[0.16131361]
985
[0.05807105]
986
[0.23606476]
987
[0.2339444]
988
[0.13168065]
989
[0.10744881]
990
[0.06826704]
991
[0.16325703]
992
[0.22891104]
993
[0.04533229]
994
[0.09205341]
995
[0.0327022]
996
[0.05079533]
997
[0.07997794]
998
[0.1806178]
999
[0.17193707]
1000
[0.13751802]
1001
[0.13866176]
1002
[0.21811748]
1003
[0.18457652]
1004
[0.23511368]
1005
[0.08840811]
1006
[0.17574455]
1007
[0.08969377]
1008
[0.23301215]
1009
[0.11551295]
1010
[0.06809612]
1011
[0.05247656]
1012
[0.1479642]
1013
[0.17960434]
1014
[0.19900594]
1015
[0.21350795]
1016
[0.05699179]
1017
[0.06305681]
1018
[0.14474902]
1019
[0.16899877]
1020
[0.19491966]
1021
[0.21850014]
1022
[0.14189491]
1023
[0.03093131]
1024
[0.15235753]
1025
[0.1222239]
1026
[0.21643107]
1027
[0.23573949]
1028
[0.06355694]
1029
[0.09015458]
1030
[0.05051758]
1031
[0.06727063]
1032
[0.06523302]
1033
[0.03206887]
1034
[0.23124164]
1035
[0.21273394]
1036
[0.22660628]
1037
[0.03220135]
1038
[0.03624702]
1039
[0.23329667]
1040
[0.17062494]
1041
[0.0556514]
1042
[0.15098742]
1043
[0.17568003]
1044
[0.04966251]
1045
[0.20142122]
1046
[0.11730248]
1047
[0.10503314]
1048
[0.06047904]
1049
[0.07574634]
1050
[0.12448981]
1051
[0.06459713]
1052
[0.09074586]
1053
[0.06698345]
1054
[0.07061752]
1055
[0.06358939]
1056
[0.18060665]
1057
[0.15757498]
1058
[0.17247208]
1059
[0.20788341]
1060
[0.0894867]
1061
[0.04594765]
1062
[0.14692456]
1063
[0.05076435]
1064
[0.06092255]
1065
[0.20570438]
1066
[0.06662068]
1067
[0.13264881]
1068
[0.05763471]
1069
[0.05995328]
1070
[0.07916577]
1071
[0.23332342]
1072
[0.23011848]
1073
[0.21654482]
1074
[0.11724172]
1075
[0.23608623]
1076
[0.06147472]
1077
[0.0475467]
1078
[0.23279437]
1079
[0.16985329]
1080
[0.2090947]
1081
[0.04831126]
1082
[0.22685064]
1083
[0.14229733]
1084
[0.12921038]
1085
[0.04058783]
1086
[0.22297099]
1087
[0.06800856]
1088
[0.21986669]
1089
[0.2051396]
1090
[0.09397509]
1091
[0.22346539]
1092
[0.0506728]
1093
[0.05468198]
1094
[0.17516379]
1095
[0.22283848]
1096
[0.07141331]
1097
[0.22580138]
1098
[0.1599063]
1099
[0.21563017]
1100
[0.04871846]
1101
[0.09138188]
1102
[0.10512861]
1103
[0.22367689]
1104
[0.07374495]
1105
[0.19532303]
1106
[0.19327171]
1107
[0.17556873]
1108
[0.22179743]
1109
[0.15421893]
1110
[0.1254459]
1111
[0.17497629]
1112
[0.2136667]
1113
[0.1543094]
1114
[0.09199324]
1115
[0.05330416]
1116
[0.14152142]
1117
[0.20373504]
1118
[0.21742277]
1119
[0.22201033]
1120
[0.0477072]
1121
[0.10154737]
1122
[0.23622995]
1123
[0.10260198]
1124
[0.22275268]
1125
[0.12902818]
1126
[0.22565642]
1127
[0.21842183]
1128
[0.17820261]
1129
[0.22847519]
1130
[0.03339061]
1131
[0.12320009]
1132
[0.05304054]
1133
[0.06047636]
1134
[0.09523293]
1135
[0.19386997]
1136
[0.07589977]
1137
[0.07023623]
1138
[0.08798382]
1139
[0.15745926]
1140
[0.1888238]
1141
[0.04627995]
1142
[0.15080482]
1143
[0.13409489]
1144
[0.05631081]
1145
[0.17476708]
1146
[0.21366788]
1147
[0.10389503]
1148
[0.14382125]
1149
[0.17755724]
1150
[0.12879593]
1151
[0.0914855]
1152
[0.11562781]
1153
[0.23411273]
1154
[0.10604004]
1155
[0.15837288]
1156
[0.07405381]
1157
[0.23347223]
1158
[0.19153606]
1159
[0.13912754]
1160
[0.23249401]
1161
[0.05852702]
1162
[0.05533948]
1163
[0.1142321]
1164
[0.06705018]
1165
[0.2205868]
1166
[0.11048692]
1167
[0.21548268]
1168
[0.21455929]
1169
[0.15167511]
1170
[0.06022856]
1171
[0.20812332]
1172
[0.21483482]
1173
[0.18855139]
1174
[0.21350784]
1175
[0.21926133]
1176
[0.11088254]
1177
[0.07532188]
1178
[0.20189009]
1179
[0.08843107]
1180
[0.23003906]
1181
[0.23544333]
1182
[0.08298057]
1183
[0.21004549]
1184
[0.0480482]
1185
[0.23294323]
1186
[0.14154013]
1187
[0.23529325]
1188
[0.20434093]
1189
[0.04928317]
1190
[0.03589346]
1191
[0.18580542]
1192
[0.21576119]
1193
[0.23621378]
1194
[0.14774566]
1195
[0.03898457]
1196
[0.06062442]
1197
[0.13999916]
1198
[0.03608522]
1199
[0.16886966]
1200
[0.23386632]
1201
[0.13779748]
1202
[0.21817381]
1203
[0.06331571]
1204
[0.10695421]
1205
[0.15993748]
1206
[0.19861692]
1207
[0.0290069]
1208
[0.07571506]
1209
[0.22487219]
1210
[0.23624548]
1211
[0.03035368]
1212
[0.19801959]
1213
[0.15384836]
1214
[0.19681198]
1215
[0.05953173]
1216
[0.14578304]
1217
[0.13192532]
1218
[0.22983066]
1219
[0.05498178]
1220
[0.20458748]
1221
[0.17130839]
1222
[0.149747]
1223
[0.10849238]
1224
[0.23053923]
1225
[0.17535791]
1226
[0.09028052]
1227
[0.10651464]
1228
[0.13827414]
1229
[0.22418141]
1230
[0.07396998]
1231
[0.21053839]
1232
[0.03198898]
1233
[0.23063489]
1234
[0.10956948]
1235
[0.17681223]
1236
[0.22351789]
1237
[0.14654772]
1238
[0.1669585]
1239
[0.02717436]
1240
[0.1548713]
1241
[0.19632971]
1242
[0.13934902]
1243
[0.14356262]
1244
[0.06820985]
1245
[0.21846218]
1246
[0.06628826]
1247
[0.2063369]
1248
[0.15032455]
1249
[0.17919205]
1250
[0.20956771]
1251
[0.23467953]
1252
[0.09361176]
1253
[0.14669585]
1254
[0.13782988]
1255
[0.0628184]
1256
[0.13780742]
1257
[0.04729366]
1258
[0.1448232]
1259
[0.23293875]
1260
[0.22579544]
1261
[0.21168479]
1262
[0.23629677]
1263
[0.22248073]
1264
[0.14154999]
1265
[0.22699715]
1266
[0.08159433]
1267
[0.10471144]
1268
[0.07244086]
1269
[0.22476052]
1270
[0.05647938]
1271
[0.08931005]
1272
[0.11945827]
1273
[0.04952526]
1274
[0.1148194]
1275
[0.05284549]
1276
[0.12729862]
1277
[0.20394031]
1278
[0.21811544]
1279
[0.14232375]
1280
[0.04608165]
1281
[0.22343048]
1282
[0.23320904]
1283
[0.03132101]
1284
[0.21972513]
1285
[0.07666126]
1286
[0.12497793]
1287
[0.10826827]
1288
[0.19376495]
1289
[0.08586553]
1290
[0.21003296]
1291
[0.18572736]
1292
[0.21339705]
1293
[0.13533598]
1294
[0.18963302]
1295
[0.06752394]
1296
[0.23599451]
1297
[0.1921624]
1298
[0.14526338]
1299
[0.06008426]
1300
[0.05629649]
1301
[0.21322771]
1302
[0.19929142]
1303
[0.14811564]
1304
[0.19995034]
1305
[0.23496195]
1306
[0.23031707]
1307
[0.05361887]
1308
[0.19698432]
1309
[0.04648434]
1310
[0.0975229]
1311
[0.12896412]
1312
[0.17890886]
1313
[0.16196009]
1314
[0.10007051]
1315
[0.23261409]
1316
[0.06995897]
1317
[0.09934727]
1318
[0.16781782]
1319
[0.1847777]
1320
[0.09340057]
1321
[0.22249322]
1322
[0.11621874]
1323
[0.17839159]
1324
[0.11921666]
1325
[0.20546787]
1326
[0.06927085]
1327
[0.09090479]
1328
[0.04712013]
1329
[0.22518759]
1330
[0.11846195]
1331
[0.2270542]
1332
[0.07214079]
1333
[0.14649254]
1334
[0.18565926]
1335
[0.17167785]
1336
[0.17459948]
1337
[0.2081251]
1338
[0.18322473]
1339
[0.19063171]
1340
[0.08234153]
1341
[0.18167967]
1342
[0.22609292]
1343
[0.16974272]
1344
[0.05937078]
1345
[0.23473541]
1346
[0.16100975]
1347
[0.21256153]
1348
[0.23592554]
1349
[0.19241923]
1350
[0.04639303]
1351
[0.11839761]
1352
[0.23442737]
1353
[0.04780994]
1354
[0.04286381]
1355
[0.23621571]
1356
[0.19453732]
1357
[0.07557833]
1358
[0.21773865]
1359
[0.22108196]
1360
[0.15673847]
1361
[0.13174578]
1362
[0.22839626]
1363
[0.03213956]
1364
[0.05188226]
1365
[0.23298708]
1366
[0.15199948]
1367
[0.15971653]
1368
[0.16232706]
1369
[0.12533093]
1370
[0.04958396]
1371
[0.19138352]
1372
[0.19111994]
1373
[0.05831094]
1374
[0.19787814]
1375
[0.11896703]
1376
[0.11198617]
1377
[0.06063511]
1378
[0.23500472]
1379
[0.23271884]
1380
[0.17509767]
1381
[0.21708975]
1382
[0.1877046]
1383
[0.14900736]
1384
[0.20803166]
1385
[0.20997127]
1386
[0.22898362]
1387
[0.17735689]
1388
[0.21281196]
1389
[0.10635856]
1390
[0.23492186]
1391
[0.12908301]
1392
[0.19555726]
1393
[0.22236243]
1394
[0.23423376]
1395
[0.23265489]
1396
[0.08446148]
1397
[0.08973221]
1398
[0.1837374]
1399
[0.20886009]
1400
[0.04846942]
1401
[0.19477104]
1402
[0.10629362]
1403
[0.08938737]
1404
[0.07999071]
1405
[0.19170831]
1406
[0.22799405]
1407
[0.21921331]
1408
[0.23421849]
1409
[0.15558793]
1410
[0.17368824]
1411
[0.20080674]
1412
[0.10690854]
1413
[0.1425318]
1414
[0.05228434]
1415
[0.14858903]
1416
[0.15547014]
1417
[0.08512608]
1418
[0.23485331]
1419
[0.23314004]
1420
[0.0561976]
1421
[0.06012632]
1422
[0.12259982]
1423
[0.04085215]
1424
[0.15137483]
1425
[0.18476597]
1426
[0.04899356]
1427
[0.14261156]
1428
[0.04653917]
1429
[0.19099285]
1430
[0.10313752]
1431
[0.15455907]
1432
[0.22438699]
1433
[0.09194281]
1434
[0.05512464]
1435
[0.23440059]
1436
[0.23182421]
1437
[0.03641514]
1438
[0.14142563]
1439
[0.21300171]
1440
[0.23488451]
1441
[0.07173864]
1442
[0.11162135]
1443
[0.23630294]
1444
[0.22731018]
1445
[0.22425752]
1446
[0.07680095]
1447
[0.03502511]
1448
[0.07597284]
1449
[0.08808171]
1450
[0.05368665]
1451
[0.20325006]
1452
[0.13988839]
1453
[0.22958664]
1454
[0.04724489]
1455
[0.23386532]
1456
[0.05985562]
1457
[0.19958385]
1458
[0.23401864]
1459
[0.18384367]
1460
[0.11163812]
1461
[0.05017526]
1462
[0.20998438]
1463
[0.04751324]
1464
[0.23497793]
1465
[0.10932286]
1466
[0.23168846]
1467
[0.10899654]
1468
[0.07836054]
1469
[0.11202787]
1470
[0.18957634]
1471
[0.04971783]
1472
[0.22627481]
1473
[0.2112264]
1474
[0.20354381]
1475
[0.09809822]
1476
[0.10673154]
1477
[0.18567133]
1478
[0.05708279]
1479
[0.04737721]
1480
[0.10266108]
1481
[0.15968125]
1482
[0.12380398]
1483
[0.12647438]
1484
[0.18855625]
1485
[0.04769415]
1486
[0.23614676]
1487
[0.16384814]
1488
[0.0543362]
1489
[0.22224205]
1490
[0.21397524]
1491
[0.23578337]
1492
[0.20426686]
1493
[0.20687963]
1494
[0.17066531]
1495
[0.18517751]
1496
[0.08469613]
1497
[0.05092377]
1498
[0.23523007]
1499
[0.19390596]
1500
[0.2295478]
1501
[0.23562567]
1502
[0.21214263]
1503
[0.09351951]
1504
[0.06598072]
1505
[0.23621824]
1506
[0.05037657]
1507
[0.17334679]
1508
[0.04616746]
1509
[0.20480585]
1510
[0.06563942]
1511
[0.19811338]
1512
[0.04985939]
1513
[0.17568768]
1514
[0.09815504]
1515
[0.05124522]
1516
[0.0942861]
1517
[0.08871199]
1518
[0.23270493]
1519
[0.23594397]
1520
[0.16416129]
1521
[0.05740634]
1522
[0.22507074]
1523
[0.23170416]
1524
[0.23292522]
1525
[0.15829962]
1526
[0.112687]
1527
[0.15094815]
1528
[0.23299693]
1529
[0.046508]
1530
[0.23585005]
1531
[0.23582278]
1532
[0.20047577]
1533
[0.22269467]
1534
[0.23616279]
1535
[0.16454563]
1536
[0.19849499]
1537
[0.23625301]
1538
[0.12028104]
1539
[0.22943025]
1540
[0.20176761]
1541
[0.22510814]
1542
[0.23337922]
1543
[0.19872366]
1544
[0.18573292]
1545
[0.14662392]
1546
[0.18133533]
1547
[0.1488117]
1548
[0.04211604]
1549
[0.23081139]
1550
[0.11805049]
1551
[0.10164694]
1552
[0.04881363]
1553
[0.12927125]
1554
[0.15692317]
1555
[0.23202002]
1556
[0.19331284]
1557
[0.20408596]
1558
[0.23181321]
1559
[0.04684508]
1560
[0.21185829]
1561
[0.17112692]
1562
[0.23102142]
1563
[0.23033757]
1564
[0.04753467]
1565
[0.20815031]
1566
[0.21078901]
1567
[0.22324917]
1568
[0.0554563]
1569
[0.2329306]
1570
[0.05558218]
1571
[0.12765463]
1572
[0.04969242]
1573
[0.21968897]
1574
[0.23630121]
1575
[0.07522262]
1576
[0.23631854]
1577
[0.05619976]
1578
[0.06151499]
1579
[0.10172486]
1580
[0.11123399]
1581
[0.18781565]
1582
[0.08229044]
1583
[0.23573242]
1584
[0.22295047]
1585
[0.04836153]
1586
[0.22872331]
1587
[0.15939531]
1588
[0.04521135]
1589
[0.06384222]
1590
[0.05764319]
1591
[0.13764178]
1592
[0.21523999]
1593
[0.05948005]
1594
[0.0452186]
1595
[0.20813989]
1596
[0.04897993]
1597
[0.15649326]
1598
[0.19311943]
1599
[0.12394663]
1600
[0.18742522]
1601
[0.21475225]
1602
[0.18381148]
1603
[0.14352835]
1604
[0.15209175]
1605
[0.05084866]
1606
[0.2301337]
1607
[0.2330289]
1608
[0.13731505]
1609
[0.05685942]
1610
[0.0985509]
1611
[0.22462106]
1612
[0.20724253]
1613
[0.13388327]
1614
[0.02999621]
1615
[0.22411418]
1616
[0.19305814]
1617
[0.20495995]
1618
[0.1493482]
1619
[0.05071571]
1620
[0.04016054]
1621
[0.19403675]
1622
[0.1834173]
1623
[0.19579357]
1624
[0.13075537]
1625
[0.23625794]
1626
[0.10380979]
1627
[0.0892786]
1628
[0.04007731]
1629
[0.23618932]
1630
[0.23612622]
1631
[0.17707819]
1632
[0.19563225]
1633
[0.23625769]
1634
[0.10019288]
1635
[0.11763046]
1636
[0.04632153]
1637
[0.04234246]
1638
[0.08804826]
1639
[0.03176317]
1640
[0.21938542]
1641
[0.22806991]
1642
[0.09169332]
1643
[0.08900001]
1644
[0.22940175]
1645
[0.17092825]
1646
[0.10410625]
1647
[0.215926]
1648
[0.08552645]
1649
[0.16876539]
1650
[0.06610106]
1651
[0.09500552]
1652
[0.23593457]
1653
[0.05253335]
1654
[0.23473381]
1655
[0.1932668]
1656
[0.22954734]
1657
[0.23630309]
1658
[0.23602753]
1659
[0.05270762]
1660
[0.23480193]
1661
[0.10228654]
1662
[0.07879611]
1663
[0.09065319]
1664
[0.14157733]
1665
[0.12801545]
1666
[0.05328433]
1667
[0.1524295]
1668
[0.22987624]
1669
[0.21013352]
1670
[0.07249566]
1671
[0.1002194]
1672
[0.05066478]
1673
[0.07359574]
1674
[0.23201423]
1675
[0.1381857]
1676
[0.03272318]
1677
[0.11286589]
1678
[0.08139529]
1679
[0.08304607]
1680
[0.23621891]
1681
[0.06149967]
1682
[0.18937609]
1683
[0.23247069]
1684
[0.15218282]
1685
[0.09939361]
1686
[0.23365025]
1687
[0.2121058]
1688
[0.09645077]
1689
[0.05048998]
1690
[0.22435313]
1691
[0.06495767]
1692
[0.22447349]
1693
[0.16341023]
1694
[0.19196385]
1695
[0.10998959]
1696
[0.22791132]
1697
[0.21731657]
1698
[0.05831756]
1699
[0.05993848]
1700
[0.0577404]
1701
[0.14464259]
1702
[0.22431746]
1703
[0.23062157]
1704
[0.19998475]
1705
[0.18100665]
1706
[0.02987913]
1707
[0.14962604]
1708
[0.17299273]
1709
[0.16661069]
1710
[0.22362639]
1711
[0.22480863]
1712
[0.21456782]
1713
[0.045142]
1714
[0.15519275]
1715
[0.20102445]
1716
[0.16642849]
1717
[0.13639054]
1718
[0.16325189]
1719
[0.0573646]
1720
[0.23584685]
1721
[0.04668881]
1722
[0.22366864]
1723
[0.06142879]
1724
[0.12467295]
1725
[0.15422004]
1726
[0.0632298]
1727
[0.1117209]
1728
[0.17608745]
1729
[0.23246042]
1730
[0.2048617]
1731
[0.16433832]
1732
[0.04559647]
1733
[0.11627869]
1734
[0.07823924]
1735
[0.07120342]
1736
[0.23574829]
1737
[0.10692119]
1738
[0.1748718]
1739
[0.12163817]
1740
[0.14897499]
1741
[0.16471126]
1742
[0.22338954]
1743
[0.21167246]
1744
[0.23205656]
1745
[0.22527237]
1746
[0.19112786]
1747
[0.1721165]
1748
[0.11814135]
1749
[0.15602429]
1750
[0.21642576]
1751
[0.07871592]
1752
[0.0915088]
1753
[0.18985288]
1754
[0.10709295]
1755
[0.05783125]
1756
[0.21530783]
1757
[0.10125064]
1758
[0.22978087]
1759
[0.057114]
1760
[0.15896814]
1761
[0.19070191]
1762
[0.04985156]
1763
[0.20197743]
1764
[0.23594094]
1765
[0.14470371]
1766
[0.0463377]
1767
[0.23294948]
1768
[0.14136197]
1769
[0.05035437]
1770
[0.06174266]
1771
[0.108643]
1772
[0.22871038]
1773
[0.22055827]
1774
[0.20050374]
1775
[0.19509853]
1776
[0.07290769]
1777
[0.19047312]
1778
[0.23591936]
1779
[0.13150452]
1780
[0.20586164]
1781
[0.18021544]
1782
[0.22643563]
1783
[0.15573789]
1784
[0.05844001]
1785
[0.16452196]
1786
[0.138995]
1787
[0.05753203]
1788
[0.1167531]
1789
[0.2015148]
1790
[0.05665842]
1791
[0.0563952]
1792
[0.04885985]
1793
[0.23235615]
1794
[0.05082078]
1795
[0.22416965]
1796
[0.13569798]
1797
[0.07083481]
1798
[0.23132792]
1799
[0.19352629]
1800
[0.21144825]
1801
[0.23231642]
1802
[0.20328971]
1803
[0.08056619]
1804
[0.19872183]
1805
[0.23539308]
1806
[0.04284559]
1807
[0.23392775]
1808
[0.2223574]
1809
[0.20947877]
1810
[0.05983999]
1811
[0.23159076]
1812
[0.21369741]
1813
[0.18934401]
1814
[0.2009825]
1815
[0.06275132]
1816
[0.22843308]
1817
[0.17647172]
1818
[0.15596525]
1819
[0.19143575]
1820
[0.09050247]
1821
[0.22643292]
1822
[0.05429567]
1823
[0.0592343]
1824
[0.20239132]
1825
[0.061265]
1826
[0.05613098]
1827
[0.0564906]
1828
[0.21682459]
1829
[0.14408892]
1830
[0.05115269]
1831
[0.07306038]
1832
[0.11445693]
1833
[0.15860938]
1834
[0.2332257]
1835
[0.08458675]
1836
[0.1670939]
1837
[0.19075352]
1838
[0.14498426]
1839
[0.05676859]
1840
[0.03143222]
1841
[0.20054251]
1842
[0.2037519]
1843
[0.09447728]
1844
[0.14001409]
1845
[0.17367723]
1846
[0.23592999]
1847
[0.16119498]
1848
[0.10090913]
1849
[0.20048028]
1850
[0.23458586]
1851
[0.04584674]
1852
[0.07718144]
1853
[0.04907682]
1854
[0.23610087]
1855
[0.15490555]
1856
[0.03004651]
1857
[0.04595944]
1858
[0.09134538]
1859
[0.07851645]
1860
[0.04200106]
1861
[0.19559871]
1862
[0.08483943]
1863
[0.04617784]
1864
[0.16503814]
1865
[0.061044]
1866
[0.23458067]
1867
[0.20223508]
1868
[0.23632241]
1869
[0.22532891]
1870
[0.0723691]
1871
[0.04899185]
1872
[0.19516595]
1873
[0.06380626]
1874
[0.22410364]
1875
[0.11268251]
1876
[0.05667346]
1877
[0.23538877]
1878
[0.22431559]
1879
[0.07783306]
1880
[0.23452205]
1881
[0.2158677]
1882
[0.23346773]
1883
[0.18570673]
1884
[0.12037539]
1885
[0.10624112]
1886
[0.23009025]
1887
[0.1121876]
1888
[0.11367901]
1889
[0.23615655]
1890
[0.1896101]
1891
[0.23596061]
1892
[0.08337618]
1893
[0.21841726]
1894
[0.15890092]
1895
[0.22617693]
1896
[0.11920948]
1897
[0.04740305]
1898
[0.05115203]
1899
[0.16511177]
1900
[0.10966345]
1901
[0.17032292]
1902
[0.12750121]
1903
[0.11953968]
1904
[0.05113638]
1905
[0.2147724]
1906
[0.0315071]
1907
[0.18657337]
1908
[0.06382953]
1909
[0.1898861]
1910
[0.16555114]
1911
[0.15971338]
1912
[0.23530689]
1913
[0.18867924]
1914
[0.16833042]
1915
[0.18078752]
1916
[0.23630329]
1917
[0.09766868]
1918
[0.15637168]
1919
[0.05090475]
1920
[0.14047823]
1921
[0.18829098]
1922
[0.04572207]
1923
[0.19439684]
1924
[0.22395406]
1925
[0.23301228]
1926
[0.16825575]
1927
[0.22950603]
1928
[0.13042409]
1929
[0.05444072]
1930
[0.21474039]
1931
[0.04968833]
1932
[0.2362965]
1933
[0.22613941]
1934
[0.12324507]
1935
[0.23544951]
1936
[0.06577048]
1937
[0.0455941]
1938
[0.20200572]
1939
[0.22480265]
1940
[0.0679324]
1941
[0.12368347]
1942
[0.08119829]
1943
[0.04902264]
1944
[0.2072897]
1945
[0.13260906]
1946
[0.23077188]
1947
[0.16838245]
1948
[0.2226224]
1949
[0.10901696]
1950
[0.20706723]
1951
[0.14551256]
1952
[0.04281984]
1953
[0.23222042]
1954
[0.12329543]
1955
[0.22526934]
1956
[0.23621776]
1957
[0.19030039]
1958
[0.19409945]
1959
[0.22782387]
1960
[0.15202965]
1961
[0.17234345]
1962
[0.18910133]
1963
[0.05360091]
1964
[0.13370443]
1965
[0.11518335]
1966
[0.06177317]
1967
[0.07067746]
1968
[0.21621976]
1969
[0.06112405]
1970
[0.12709537]
1971
[0.06371143]
1972
[0.08398007]
1973
[0.22860076]
1974
[0.1462947]
1975
[0.05188373]
1976
[0.23625505]
1977
[0.15493699]
1978
[0.06598917]
1979
[0.18670111]
1980
[0.18038781]
1981
[0.19656865]
1982
[0.22694195]
1983
[0.22743969]
1984
[0.22878133]
1985
[0.14651348]
1986
[0.19021302]
1987
[0.05127619]
1988
[0.10475184]
1989
[0.19843168]
1990
[0.18403774]
1991
[0.08418449]
1992
[0.23615861]
1993
[0.14427199]
1994
[0.09684046]
1995
[0.19854901]
1996
[0.23042469]
1997
[0.19447714]
1998
[0.2225893]
1999
[0.2123113]
2000
[0.0790066]
2001
[0.07495938]
2002
[0.07797762]
2003
[0.11749323]
2004
[0.08049897]
2005
[0.10423766]
2006
[0.2347432]
2007
[0.12210429]
2008
[0.20735249]
2009
[0.12128739]
2010
[0.23057123]
2011
[0.22979051]
2012
[0.07087406]
2013
[0.05506681]
2014
[0.06472499]
2015
[0.05407995]
2016
[0.23285482]
2017
[0.06338025]
2018
[0.05380396]
2019
[0.23147374]
2020
[0.18027224]
2021
[0.22029698]
2022
[0.23469828]
2023
[0.22613164]
2024
[0.0576244]
2025
[0.04151978]
2026
[0.12378369]
2027
[0.07191118]
2028
[0.06913323]
2029
[0.10825061]
2030
[0.09399816]
2031
[0.19817855]
2032
[0.23278954]
2033
[0.21415299]
2034
[0.20595869]
2035
[0.03979224]
2036
[0.13727962]
2037
[0.11563885]
2038
[0.1286026]
2039
[0.19766203]
2040
[0.10851064]
2041
[0.14231549]
2042
[0.11765422]
2043
[0.11384868]
2044
[0.04680012]
2045
[0.23273739]
2046
[0.06764991]
2047
[0.11838316]
2048
[0.0643536]
2049
[0.1167306]
2050
[0.10853163]
2051
[0.16700493]
2052
[0.05273612]
2053
[0.21028348]
2054
[0.21858193]
2055
[0.23460847]
2056
[0.13493972]
2057
[0.22031717]
2058
[0.15357525]
2059
[0.05479726]
2060
[0.0461425]
2061
[0.15394256]
2062
[0.23487791]
2063
[0.14014993]
2064
[0.12334894]
2065
[0.11217072]
2066
[0.05748699]
2067
[0.22769378]
2068
[0.18008294]
2069
[0.23465911]
2070
[0.04608987]
2071
[0.20215706]
2072
[0.22860735]
2073
[0.14182685]
2074
[0.12171916]
2075
[0.05974327]
2076
[0.08945155]
2077
[0.2217113]
2078
[0.22726077]
2079
[0.14034446]
2080
[0.19431196]
2081
[0.13639193]
2082
[0.08093941]
2083
[0.0546987]
2084
[0.04654486]
2085
[0.14542226]
2086
[0.22872851]
2087
[0.21632034]
2088
[0.2349326]
2089
[0.09036237]
2090
[0.06282919]
2091
[0.21639391]
2092
[0.19555652]
2093
[0.06763752]
2094
[0.08834987]
2095
[0.05436278]
2096
[0.23282471]
2097
[0.18978385]
2098
[0.15581041]
2099
[0.06942745]
2100
[0.05752725]
2101
[0.0739997]
2102
[0.11444385]
2103
[0.20891317]
2104
[0.18930544]
2105
[0.04934606]
2106
[0.19724102]
2107
[0.22351552]
2108
[0.22861008]
2109
[0.13857954]
2110
[0.14393318]
2111
[0.09257642]
2112
[0.16379041]
2113
[0.04166564]
2114
[0.13005075]
2115
[0.04109318]
2116
[0.0579468]
2117
[0.23082837]
2118
[0.23179016]
2119
[0.22903252]
2120
[0.11716978]
2121
[0.14841278]
2122
[0.14272919]
2123
[0.23631358]
2124
[0.22482969]
2125
[0.06960588]
2126
[0.23632418]
2127
[0.05515813]
2128
[0.08270994]
2129
[0.23036649]
2130
[0.22832823]
2131
[0.2122765]
2132
[0.14105375]
2133
[0.22597741]
2134
[0.17035489]
2135
[0.17942743]
2136
[0.20295418]
2137
[0.12727386]
2138
[0.22542053]
2139
[0.21697242]
2140
[0.06653206]
2141
[0.22915416]
2142
[0.03608479]
2143
[0.23623805]
2144
[0.06942635]
2145
[0.1653625]
2146
[0.20718454]
2147
[0.11526552]
2148
[0.22397553]
2149
[0.15633689]
2150
[0.22547728]
2151
[0.22344798]
2152
[0.14234469]
2153
[0.23632668]
2154
[0.07404049]
2155
[0.06495357]
2156
[0.17407546]
2157
[0.17085486]
2158
[0.23205424]
2159
[0.21542392]
2160
[0.11833542]
2161
[0.07462725]
2162
[0.2181442]
2163
[0.20717051]
2164
[0.08086658]
2165
[0.0827709]
2166
[0.12079218]
2167
[0.19777309]
2168
[0.12384765]
2169
[0.17782947]
2170
[0.23598027]
2171
[0.18962405]
2172
[0.16025211]
2173
[0.13085756]
2174
[0.07628593]
2175
[0.23607743]
2176
[0.09856584]
2177
[0.07157127]
2178
[0.18729311]
2179
[0.21785142]
2180
[0.15414892]
2181
[0.23449086]
2182
[0.17956434]
2183
[0.18720157]
2184
[0.17810222]
2185
[0.2231165]
2186
[0.06115888]
2187
[0.10745685]
2188
[0.22908162]
2189
[0.13833816]
2190
[0.04537891]
2191
[0.07004943]
2192
[0.17362553]
2193
[0.12234823]
2194
[0.11841993]
2195
[0.17279906]
2196
[0.03958796]
2197
[0.22600856]
2198
[0.23504303]
2199
[0.09271221]
2200
[0.22286341]
2201
[0.03286941]
2202
[0.23393064]
2203
[0.23585499]
2204
[0.09550556]
2205
[0.06080897]
2206
[0.09207901]
2207
[0.23613336]
2208
[0.21205027]
2209
[0.23616486]
2210
[0.20929325]
2211
[0.04403989]
2212
[0.23299545]
2213
[0.07786367]
2214
[0.06254258]
2215
[0.08389999]
2216
[0.0745445]
2217
[0.04674015]
2218
[0.12660466]
2219
[0.04794027]
2220
[0.13658073]
2221
[0.23159571]
2222
[0.20975355]
2223
[0.12189849]
2224
[0.05843544]
2225
[0.09747266]
2226
[0.23527207]
2227
[0.10984947]
2228
[0.23286303]
2229
[0.21829759]
2230
[0.20233136]
2231
[0.22797088]
2232
[0.1065688]
2233
[0.04604268]
2234
[0.1512173]
2235
[0.05686073]
2236
[0.05346682]
2237
[0.13017275]
2238
[0.07388544]
2239
[0.19160324]
2240
[0.23568283]
2241
[0.10002842]
2242
[0.14641166]
2243
[0.13689426]
2244
[0.21983903]
2245
[0.09380453]
2246
[0.21462798]
2247
[0.10222655]
2248
[0.16444003]
2249
[0.1569645]
2250
[0.22332636]
2251
[0.18001224]
2252
[0.22522965]
2253
[0.14893567]
2254
[0.13782224]
2255
[0.08440232]
2256
[0.08083996]
2257
[0.13692589]
2258
[0.15731311]
2259
[0.15257907]
2260
[0.20592122]
2261
[0.16797467]
2262
[0.19187083]
2263
[0.10338364]
2264
[0.20259149]
2265
[0.16804943]
2266
[0.16558851]
2267
[0.05105685]
2268
[0.10916062]
2269
[0.10410227]
2270
[0.14661569]
2271
[0.1727601]
2272
[0.21815212]
2273
[0.11491161]
2274
[0.23511708]
2275
[0.06135887]
2276
[0.15579217]
2277
[0.23458698]
2278
[0.07670312]
2279
[0.03972481]
2280
[0.06309667]
2281
[0.13933881]
2282
[0.2024741]
2283
[0.12897867]
2284
[0.13484659]
2285
[0.13749052]
2286
[0.20781841]
2287
[0.19274901]
2288
[0.04683141]
2289
[0.15614684]
2290
[0.11126742]
2291
[0.06362051]
2292
[0.19941436]
2293
[0.14493711]
2294
[0.13924556]
2295
[0.21205619]
2296
[0.07091273]
2297
[0.17649547]
2298
[0.08195164]
2299
[0.2129627]
2300
[0.13667407]
2301
[0.22891454]
2302
[0.03100517]
2303
[0.22357984]
2304
[0.09497939]
2305
[0.04879332]
2306
[0.0526145]
2307
[0.18519386]
2308
[0.23043234]
2309
[0.05307925]
2310
[0.04480936]
2311
[0.23018168]
2312
[0.2340311]
2313
[0.13847391]
2314
[0.09463282]
2315
[0.23558487]
2316
[0.05952947]
2317
[0.09651742]
2318
[0.22217906]
2319
[0.21099346]
2320
[0.19266245]
2321
[0.23536821]
2322
[0.2362331]
2323
[0.07974312]
2324
[0.07129477]
2325
[0.08926187]
2326
[0.11725919]
2327
[0.23357728]
2328
[0.20600918]
2329
[0.20072286]
2330
[0.17269592]
2331
[0.07449131]
2332
[0.23476042]
2333
[0.23243873]
2334
[0.23397001]
2335
[0.23622663]
2336
[0.19671042]
2337
[0.16172013]
2338
[0.20882731]
2339
[0.16206775]
2340
[0.23514684]
2341
[0.19464966]
2342
[0.04704403]
2343
[0.21295865]
2344
[0.10831947]
2345
[0.20701672]
2346
[0.17092065]
2347
[0.04715704]
2348
[0.20086215]
2349
[0.03753372]
2350
[0.139132]
2351
[0.20386095]
2352
[0.17943794]
2353
[0.23148972]
2354
[0.04954414]
2355
[0.08070856]
2356
[0.1917982]
2357
[0.05486494]
2358
[0.20205206]
2359
[0.09967407]
2360
[0.11482666]
2361
[0.2148856]
2362
[0.14014461]
2363
[0.14554778]
2364
[0.22900491]
2365
[0.22815083]
2366
[0.09162777]
2367
[0.14448495]
2368
[0.19765153]
2369
[0.06080689]
2370
[0.13446175]
2371
[0.23341484]
2372
[0.04881125]
2373
[0.21396569]
2374
[0.10562025]
2375
[0.20763696]
2376
[0.06517908]
2377
[0.06554643]
2378
[0.05934165]
2379
[0.11788815]
2380
[0.23632004]
2381
[0.19403006]
2382
[0.18740158]
2383
[0.0501517]
2384
[0.13114594]
2385
[0.16673432]
2386
[0.23432684]
2387
[0.0914892]
2388
[0.22481681]
2389
[0.02752059]
2390
[0.18123176]
2391
[0.2275997]
2392
[0.2132504]
2393
[0.08896274]
2394
[0.19797029]
2395
[0.06213304]
2396
[0.13485629]
2397
[0.17367779]
2398
[0.231343]
2399
[0.20196495]
2400
[0.11075914]
2401
[0.03361279]
2402
[0.14064257]
2403
[0.09601187]
2404
[0.15871142]
2405
[0.09043438]
2406
[0.22388049]
2407
[0.2173149]
2408
[0.15395002]
2409
[0.1603661]
2410
[0.11488867]
2411
[0.04907681]
2412
[0.1648856]
2413
[0.06213475]
2414
[0.16638708]
2415
[0.0608803]
2416
[0.06728257]
2417
[0.14802131]
2418
[0.13122072]
2419
[0.18188581]
2420
[0.12187064]
2421
[0.23577873]
2422
[0.04528198]
2423
[0.06744213]
2424
[0.09624753]
2425
[0.14968342]
2426
[0.07190007]
2427
[0.04760943]
2428
[0.22500255]
2429
[0.08798152]
2430
[0.12910763]
2431
[0.1580217]
2432
[0.21185759]
2433
[0.14391567]
2434
[0.23625175]
2435
[0.22243666]
2436
[0.03443259]
2437
[0.15885348]
2438
[0.07837999]
2439
[0.10497462]
2440
[0.08095175]
2441
[0.04184447]
2442
[0.06419237]
2443
[0.05188765]
2444
[0.16122854]
2445
[0.17915084]
2446
[0.08914899]
2447
[0.23349515]
2448
[0.19079949]
2449
[0.04669726]
2450
[0.23013349]
2451
[0.21317531]
2452
[0.05384564]
2453
[0.19832338]
2454
[0.11182068]
2455
[0.03481273]
2456
[0.04580457]
2457
[0.17668784]
2458
[0.21920963]
2459
[0.22016227]
2460
[0.07341927]
2461
[0.08822571]
2462
[0.08154031]
2463
[0.1696018]
2464
[0.19831283]
2465
[0.09879489]
2466
[0.15490663]
2467
[0.08410188]
2468
[0.05683557]
2469
[0.06936557]
2470
[0.23619557]
2471
[0.06663942]
2472
[0.20700727]
2473
[0.23609191]
2474
[0.18837639]
2475
[0.20764298]
2476
[0.09147423]
2477
[0.14263719]
2478
[0.11201916]
2479
[0.05978369]
2480
[0.08367452]
2481
[0.23593978]
2482
[0.10142117]
2483
[0.18253332]
2484
[0.06813288]
2485
[0.19522115]
2486
[0.19956086]
2487
[0.15867063]
2488
[0.05521918]
2489
[0.22777274]
2490
[0.04644857]
2491
[0.0602436]
2492
[0.19997657]
2493
[0.23604751]
2494
[0.08560271]
2495
[0.12555506]
2496
[0.22078779]
2497
[0.04659689]
2498
[0.23089867]
2499
[0.23502543]
2500
[0.10201112]
2501
[0.18322183]
2502
[0.232994]
2503
[0.06553296]
2504
[0.2308431]
2505
[0.0506987]
2506
[0.06961544]
2507
[0.2332196]
2508
[0.23517612]
2509
[0.15131702]
2510
[0.2199996]
2511
[0.11629602]
2512
[0.04921915]
2513
[0.14106973]
2514
[0.08082867]
2515
[0.23632328]
2516
[0.06815753]
2517
[0.2012411]
2518
[0.22429322]
2519
[0.18474751]
2520
[0.19435222]
2521
[0.22235499]
2522
[0.12879416]
2523
[0.10629084]
2524
[0.13079198]
2525
[0.15695628]
2526
[0.20301352]
2527
[0.23347483]
2528
[0.17042091]
2529
[0.15026153]
2530
[0.23366896]
2531
[0.2347813]
2532
[0.18945404]
2533
[0.18527899]
2534
[0.1629351]
2535
[0.20775597]
2536
[0.21275097]
2537
[0.12229056]
2538
[0.12790579]
2539
[0.17156248]
2540
[0.19704583]
2541
[0.11595857]
2542
[0.21737557]
2543
[0.18182283]
2544
[0.17248756]
2545
[0.19800995]
2546
[0.18649787]
2547
[0.22791939]
2548
[0.05284472]
2549
[0.04870858]
2550
[0.14895493]
2551
[0.20139432]
2552
[0.09558921]
2553
[0.21479727]
2554
[0.02962708]
2555
[0.0679501]
2556
[0.23562379]
2557
[0.13214315]
2558
[0.14576694]
2559
[0.08425697]
2560
[0.18750035]
2561
[0.13787094]
2562
[0.03552168]
2563
[0.06236459]
2564
[0.1849032]
2565
[0.10973919]
2566
[0.21901724]
2567
[0.23089931]
2568
[0.09666876]
2569
[0.15835363]
2570
[0.05303485]
2571
[0.15756468]
2572
[0.19689512]
2573
[0.0732959]
2574
[0.22431636]
2575
[0.23629563]
2576
[0.06189729]
2577
[0.04959316]
2578
[0.13786522]
2579
[0.04553742]
2580
[0.20904197]
2581
[0.06486313]
2582
[0.2294998]
2583
[0.0618726]
2584
[0.18526231]
2585
[0.15948407]
2586
[0.23098856]
2587
[0.18452918]
2588
[0.17189124]
2589
[0.1658336]
2590
[0.20757796]
2591
[0.05509796]
2592
[0.21654559]
2593
[0.19423219]
2594
[0.15664581]
2595
[0.22815898]
2596
[0.22667633]
2597
[0.06446459]
2598
[0.15155317]
2599
[0.16910902]
2600
[0.04898501]
2601
[0.05601507]
2602
[0.04790224]
2603
[0.23518252]
2604
[0.09745283]
2605
[0.23611147]
2606
[0.1616771]
2607
[0.23376567]
2608
[0.19136638]
2609
[0.22997176]
2610
[0.1991188]
2611
[0.08840794]
2612
[0.12702168]
2613
[0.19299869]
2614
[0.10157093]
2615
[0.05439731]
2616
[0.14368967]
2617
[0.21443152]
2618
[0.09023744]
2619
[0.2334926]
2620
[0.23457302]
2621
[0.22290415]
2622
[0.22797464]
2623
[0.21870791]
2624
[0.20409712]
2625
[0.22826467]
2626
[0.13807411]
2627
[0.22022466]
2628
[0.2362422]
2629
[0.23630221]
2630
[0.18987543]
2631
[0.09560913]
2632
[0.15453101]
2633
[0.09041405]
2634
[0.23265423]
2635
[0.08854214]
2636
[0.14971965]
2637
[0.05826105]
2638
[0.1609241]
2639
[0.226919]
2640
[0.13925561]
2641
[0.10694672]
2642
[0.19729729]
2643
[0.12670673]
2644
[0.22496826]
2645
[0.23577052]
2646
[0.2181498]
2647
[0.08238941]
2648
[0.14154977]
2649
[0.18826233]
2650
[0.04268151]
2651
[0.08116509]
2652
[0.17836947]
2653
[0.11338131]
2654
[0.06541537]
2655
[0.14192299]
2656
[0.23376264]
2657
[0.04984634]
2658
[0.14344932]
2659
[0.07799186]
2660
[0.12901781]
2661
[0.23626796]
2662
[0.22650086]
2663
[0.09204276]
2664
[0.2260945]
2665
[0.1710909]
2666
[0.11166174]
2667
[0.0458617]
2668
[0.1459126]
2669
[0.08799684]
2670
[0.23428099]
2671
[0.14722689]
2672
[0.23528222]
2673
[0.11975462]
2674
[0.12903875]
2675
[0.23124364]
2676
[0.21309435]
2677
[0.057164]
2678
[0.15987589]
2679
[0.08564696]
2680
[0.22721294]
2681
[0.11118968]
2682
[0.06697388]
2683
[0.13177984]
2684
[0.18127445]
2685
[0.04116378]
2686
[0.19831712]
2687
[0.12333113]
2688
[0.15125394]
2689
[0.18312491]
2690
[0.23255542]
2691
[0.21518768]
2692
[0.23546154]
2693
[0.06623313]
2694
[0.15093385]
2695
[0.18078187]
2696
[0.14661733]
2697
[0.1480422]
2698
[0.10641925]
2699
[0.10031584]
2700
[0.23524711]
2701
[0.17533107]
2702
[0.22340929]
2703
[0.17277235]
2704
[0.16836917]
2705
[0.08188171]
2706
[0.04388973]
2707
[0.05654569]
2708
[0.23520998]
2709
[0.14833091]
2710
[0.08659146]
2711
[0.09261718]
2712
[0.05255769]
2713
[0.16325876]
2714
[0.04900614]
2715
[0.11966661]
2716
[0.19493298]
2717
[0.03657014]
2718
[0.18054119]
2719
[0.05470934]
2720
[0.08477962]
2721
[0.19330742]
2722
[0.07001569]
2723
[0.11619752]
2724
[0.1760302]
2725
[0.08317405]
2726
[0.08870003]
2727
[0.21343895]
2728
[0.09443973]
2729
[0.21107667]
2730
[0.20405176]
2731
[0.23625143]
2732
[0.04537599]
2733
[0.22305089]
2734
[0.19069889]
2735
[0.10864811]
2736
[0.18619213]
2737
[0.09995262]
2738
[0.10856043]
2739
[0.05047118]
2740
[0.15058284]
2741
[0.23594055]
2742
[0.05650257]
2743
[0.14577294]
2744
[0.05873877]
2745
[0.05125918]
2746
[0.10191689]
2747
[0.22552501]
2748
[0.05990438]
2749
[0.06324233]
2750
[0.1640852]
2751
[0.09033308]
2752
[0.15463643]
2753
[0.10308854]
2754
[0.2202703]
2755
[0.22747487]
2756
[0.20526135]
2757
[0.22135367]
2758
[0.15140824]
2759
[0.23383992]
2760
[0.23632712]
2761
[0.19980632]
2762
[0.21294942]
2763
[0.04539204]
2764
[0.19822485]
2765
[0.23380827]
2766
[0.18292697]
2767
[0.23614272]
2768
[0.15742222]
2769
[0.10729505]
2770
[0.18164314]
2771
[0.18924399]
2772
[0.16772413]
2773
[0.15915373]
2774
[0.05921551]
2775
[0.04576424]
2776
[0.18898612]
2777
[0.07700865]
2778
[0.11518063]
2779
[0.18885882]
2780
[0.09258921]
2781
[0.14669192]
2782
[0.06655957]
2783
[0.10265641]
2784
[0.07056827]
2785
[0.18204]
2786
[0.18100865]
2787
[0.0514771]
2788
[0.21655965]
2789
[0.20389699]
2790
[0.18136641]
2791
[0.21652642]
2792
[0.20516063]
2793
[0.2125773]
2794
[0.10230504]
2795
[0.16476293]
2796
[0.15391656]
2797
[0.23034217]
2798
[0.03548096]
2799
[0.19457644]
2800
[0.21740264]
2801
[0.15756259]
2802
[0.18992119]
2803
[0.06831702]
2804
[0.09657144]
2805
[0.09469121]
2806
[0.1531352]
2807
[0.19386838]
2808
[0.04723993]
2809
[0.1702176]
2810
[0.09650463]
2811
[0.11345746]
2812
[0.09560537]
2813
[0.06662937]
2814
[0.22523877]
2815
[0.13679811]
2816
[0.20589388]
2817
[0.22638124]
2818
[0.18241927]
2819
[0.05830301]
2820
[0.18806731]
2821
[0.23504351]
2822
[0.13182063]
2823
[0.04468889]
2824
[0.21365327]
2825
[0.23616357]
2826
[0.09559621]
2827
[0.22335538]
2828
[0.19464914]
2829
[0.16973072]
2830
[0.05768203]
2831
[0.22923094]
2832
[0.11340666]
2833
[0.03628403]
2834
[0.10344892]
2835
[0.18963513]
2836
[0.11346315]
2837
[0.23004961]
2838
[0.04706977]
2839
[0.23175381]
2840
[0.22824456]
2841
[0.15167299]
2842
[0.03089267]
2843
[0.21215135]
2844
[0.05299109]
2845
[0.19783249]
2846
[0.03027941]
2847
[0.08667735]
2848
[0.19827003]
2849
[0.09405231]
2850
[0.18239297]
2851
[0.06147139]
2852
[0.12614639]
2853
[0.23605399]
2854
[0.13784701]
2855
[0.15996334]
2856
[0.21873656]
2857
[0.07066389]
2858
[0.13813844]
2859
[0.06020497]
2860
[0.04858169]
2861
[0.20988235]
2862
[0.20195845]
2863
[0.06525903]
2864
[0.06144743]
2865
[0.07065304]
2866
[0.07030082]
2867
[0.22232262]
2868
[0.23631681]
2869
[0.05042396]
2870
[0.23444159]
2871
[0.0852831]
2872
[0.07768178]
2873
[0.22116526]
2874
[0.20307392]
2875
[0.06580235]
2876
[0.09713571]
2877
[0.15863103]
2878
[0.16149483]
2879
[0.03726259]
2880
[0.23569072]
2881
[0.150013]
2882
[0.04341905]
2883
[0.2204227]
2884
[0.23281381]
2885
[0.22483184]
2886
[0.23176144]
2887
[0.21074484]
2888
[0.12189115]
2889
[0.17413916]
2890
[0.14007868]
2891
[0.2349493]
2892
[0.06961382]
2893
[0.16233544]
2894
[0.1483371]
2895
[0.11725521]
2896
[0.14388846]
2897
[0.21138469]
2898
[0.21804188]
2899
[0.13248605]
2900
[0.13764829]
2901
[0.0801699]
2902
[0.17533618]
2903
[0.04585132]
2904
[0.20261704]
2905
[0.06706011]
2906
[0.08059313]
2907
[0.09383054]
2908
[0.10383507]
2909
[0.11540922]
2910
[0.10387739]
2911
[0.05732552]
2912
[0.23517449]
2913
[0.14161495]
2914
[0.16780501]
2915
[0.04662778]
2916
[0.05602789]
2917
[0.07884882]
2918
[0.21746051]
2919
[0.13767747]
2920
[0.2149779]
2921
[0.2279834]
2922
[0.05020323]
2923
[0.22335147]
2924
[0.13978524]
2925
[0.1690181]
2926
[0.16854659]
2927
[0.10002911]
2928
[0.20501228]
2929
[0.16977301]
2930
[0.19374022]
2931
[0.09176856]
2932
[0.04206108]
2933
[0.23120646]
2934
[0.13232541]
2935
[0.2285146]
2936
[0.22831894]
2937
[0.06012119]
2938
[0.18644095]
2939
[0.10912009]
2940
[0.20651978]
2941
[0.10613731]
2942
[0.22208742]
2943
[0.06781724]
2944
[0.23628928]
2945
[0.0335462]
2946
[0.05465753]
2947
[0.07789116]
2948
[0.20901737]
2949
[0.18381147]
2950
[0.19210408]
2951
[0.22969082]
2952
[0.23398226]
2953
[0.23196969]
2954
[0.21301948]
2955
[0.1798392]
2956
[0.15236406]
2957
[0.04538875]
2958
[0.23626723]
2959
[0.06981402]
2960
[0.19079451]
2961
[0.13262393]
2962
[0.21704358]
2963
[0.11218018]
2964
[0.10514428]
2965
[0.15096746]
2966
[0.07163362]
2967
[0.23607353]
2968
[0.06712546]
2969
[0.14106849]
2970
[0.16890596]
2971
[0.20625864]
2972
[0.23623125]
2973
[0.18134378]
2974
[0.22943897]
2975
[0.10563953]
2976
[0.14002553]
2977
[0.22509706]
2978
[0.19926255]
2979
[0.21621858]
2980
[0.22316024]
2981
[0.23620802]
2982
[0.15264397]
2983
[0.11649933]
2984
[0.23565536]
2985
[0.07934387]
2986
[0.05313471]
2987
[0.04768946]
2988
[0.23090921]
2989
[0.1541963]
2990
[0.19011295]
2991
[0.082229]
2992
[0.22412392]
2993
[0.17762316]
2994
[0.17992588]
2995
[0.23629607]
2996
[0.19671252]
2997
[0.20994604]
2998
[0.07084388]
2999
[0.05829851]
3000
[0.08087989]
3001
[0.1710782]
3002
[0.2090879]
3003
[0.19826067]
3004
[0.09476848]
3005
[0.07326652]
3006
[0.14465744]
3007
[0.21850756]
3008
[0.21817891]
3009
[0.05330211]
3010
[0.08213419]
3011
[0.16269305]
3012
[0.23620419]
3013
[0.20448841]
3014
[0.21178456]
3015
[0.19950474]
3016
[0.06215974]
3017
[0.18741924]
3018
[0.04682451]
3019
[0.08274385]
3020
[0.23012136]
3021
[0.21229416]
3022
[0.09544201]
3023
[0.0494819]
3024
[0.16561534]
3025
[0.16890275]
3026
[0.17653833]
3027
[0.23400672]
3028
[0.10289539]
3029
[0.16082458]
3030
[0.11152141]
3031
[0.22915033]
3032
[0.13401818]
3033
[0.10685165]
3034
[0.09830075]
3035
[0.11939626]
3036
[0.20851511]
3037
[0.05471039]
3038
[0.06347882]
3039
[0.11366865]
3040
[0.1910328]
3041
[0.21090309]
3042
[0.15034087]
3043
[0.23496411]
3044
[0.14294538]
3045
[0.09130525]
3046
[0.1973209]
3047
[0.15503836]
3048
[0.07101504]
3049
[0.1910397]
3050
[0.17158231]
3051
[0.1684022]
3052
[0.23297804]
3053
[0.0582937]
3054
[0.05571454]
3055
[0.2361649]
3056
[0.1301088]
3057
[0.2117857]
3058
[0.13387656]
3059
[0.20381134]
3060
[0.21449527]
3061
[0.04801043]
3062
[0.11628585]
3063
[0.09856644]
3064
[0.23374734]
3065
[0.23011038]
3066
[0.09569661]
3067
[0.18981212]
3068
[0.18926622]
3069
[0.2220885]
3070
[0.20253052]
3071
[0.18452901]
3072
[0.11640707]
3073
[0.14315243]
3074
[0.050138]
3075
[0.17092614]
3076
[0.13456971]
3077
[0.12521941]
3078
[0.06679689]
3079
[0.13232541]
3080
[0.04605113]
3081
[0.2362718]
3082
[0.2311157]
3083
[0.22156091]
3084
[0.07022432]
3085
[0.2321317]
3086
[0.17277299]
3087
[0.21396655]
3088
[0.17615743]
3089
[0.17576844]
3090
[0.15504866]
3091
[0.10988084]
3092
[0.11394485]
3093
[0.05172108]
3094
[0.07709841]
3095
[0.21353302]
3096
[0.14298965]
3097
[0.15266264]
3098
[0.17473522]
3099
[0.10957708]
3100
[0.18860331]
3101
[0.22784255]
3102
[0.1594823]
3103
[0.06770197]
3104
[0.21940733]
3105
[0.05472651]
3106
[0.13646038]
3107
[0.03339424]
3108
[0.21754455]
3109
[0.19875813]
3110
[0.22241268]
3111
[0.05725347]
3112
[0.14416059]
3113
[0.0527958]
3114
[0.1796481]
3115
[0.19678177]
3116
[0.23629675]
3117
[0.08316783]
3118
[0.23579008]
3119
[0.2033271]
3120
[0.04571609]
3121
[0.07385758]
3122
[0.23621537]
3123
[0.16102244]
3124
[0.0737259]
3125
[0.15514078]
3126
[0.22077461]
3127
[0.20780398]
3128
[0.09903507]
3129
[0.17459687]
3130
[0.16285241]
3131
[0.22591272]
3132
[0.15103297]
3133
[0.21631716]
3134
[0.15478033]
3135
[0.08761619]
3136
[0.05936889]
3137
[0.21472719]
3138
[0.05209404]
3139
[0.17563908]
3140
[0.21462456]
3141
[0.09360696]
3142
[0.05407096]
3143
[0.20433818]
3144
[0.17398061]
3145
[0.22206662]
3146
[0.21434381]
3147
[0.12467529]
3148
[0.05204355]
3149
[0.18182368]
3150
[0.14001618]
3151
[0.05002523]
3152
[0.20057773]
3153
[0.12133844]
3154
[0.15485245]
3155
[0.23053175]
3156
[0.17036278]
3157
[0.21713655]
3158
[0.0452541]
3159
[0.09266222]
3160
[0.19597334]
3161
[0.06544661]
3162
[0.19930597]
3163
[0.22809799]
3164
[0.18640576]
3165
[0.23420481]
3166
[0.13706925]
3167
[0.12265004]
3168
[0.23286936]
3169
[0.22271917]
3170
[0.2217743]
3171
[0.2280006]
3172
[0.20366333]
3173
[0.23158591]
3174
[0.15314005]
3175
[0.1725795]
3176
[0.08306218]
3177
[0.22066468]
3178
[0.16900978]
3179
[0.1489816]
3180
[0.13611544]
3181
[0.23513878]
3182
[0.1986597]
3183
[0.21650719]
3184
[0.15662423]
3185
[0.19212202]
3186
[0.15471119]
3187
[0.07055954]
3188
[0.11361226]
3189
[0.17744775]
3190
[0.16678979]
3191
[0.04547432]
3192
[0.06184723]
3193
[0.04667308]
3194
[0.11653938]
3195
[0.07094587]
3196
[0.14418662]
3197
[0.12600174]
3198
[0.14971964]
3199
[0.18427859]
3200
[0.22606166]
3201
[0.06707294]
3202
[0.05965337]
3203
[0.11099708]
3204
[0.07005324]
3205
[0.04529513]
3206
[0.11733195]
3207
[0.22478902]
3208
[0.20265097]
3209
[0.23602959]
3210
[0.23437342]
3211
[0.210926]
3212
[0.23402489]
3213
[0.22988546]
3214
[0.22158219]
3215
[0.04915825]
3216
[0.08976199]
3217
[0.12192637]
3218
[0.2251796]
3219
[0.11420264]
3220
[0.03681236]
3221
[0.06614714]
3222
[0.22518549]
3223
[0.05008169]
3224
[0.08418728]
3225
[0.23275359]
3226
[0.2324181]
3227
[0.05842333]
3228
[0.21670893]
3229
[0.0735464]
3230
[0.14472141]
3231
[0.17152151]
3232
[0.19641016]
3233
[0.23590788]
3234
[0.15990248]
3235
[0.15836401]
3236
[0.11738891]
3237
[0.05852399]
3238
[0.18473924]
3239
[0.03820724]
3240
[0.13459615]
3241
[0.17833076]
3242
[0.06516705]
3243
[0.13369263]
3244
[0.228301]
3245
[0.14107937]
3246
[0.16700756]
3247
[0.07961976]
3248
[0.07531406]
3249
[0.22050533]
3250
[0.23115455]
3251
[0.05609518]
3252
[0.05013947]
3253
[0.1307383]
3254
[0.11453633]
3255
[0.20142646]
3256
[0.13857554]
3257
[0.1665202]
3258
[0.13602174]
3259
[0.14563073]
3260
[0.23165451]
3261
[0.04743896]
3262
[0.23603232]
3263
[0.23059279]
3264
[0.11049712]
3265
[0.0456035]
3266
[0.23631319]
3267
[0.06142611]
3268
[0.20428066]
3269
[0.13628523]
3270
[0.04627686]
3271
[0.07235267]
3272
[0.23576531]
3273
[0.18909523]
3274
[0.09406257]
3275
[0.23102823]
3276
[0.23539353]
3277
[0.21247599]
3278
[0.17905629]
3279
[0.21312308]
3280
[0.05205848]
3281
[0.06334356]
3282
[0.16734698]
3283
[0.10868405]
3284
[0.22093643]
3285
[0.10336534]
3286
[0.23369343]
3287
[0.21433946]
3288
[0.21072066]
3289
[0.04760284]
3290
[0.18810331]
3291
[0.05972103]
3292
[0.23061965]
3293
[0.04538516]
3294
[0.22362016]
3295
[0.15860996]
3296
[0.23111333]
3297
[0.11677994]
3298
[0.21844771]
3299
[0.21878648]
3300
[0.21436211]
3301
[0.23450198]
3302
[0.13566517]
3303
[0.05509612]
3304
[0.2063311]
3305
[0.05972264]
3306
[0.16153468]
3307
[0.21655545]
3308
[0.22280567]
3309
[0.23193684]
3310
[0.17892105]
3311
[0.05386316]
3312
[0.07817164]
3313
[0.14094415]
3314
[0.03609204]
3315
[0.208425]
3316
[0.08711112]
3317
[0.23492789]
3318
[0.13692723]
3319
[0.07778648]
3320
[0.19712779]
3321
[0.22415474]
3322
[0.14377118]
3323
[0.11214776]
3324
[0.15023276]
3325
[0.23217923]
3326
[0.21684893]
3327
[0.07981071]
3328
[0.05751256]
3329
[0.04544686]
3330
[0.07038563]
3331
[0.05613768]
3332
[0.0534038]
3333
[0.11232582]
3334
[0.23191439]
3335
[0.18507568]
3336
[0.17200984]
3337
[0.05223054]
3338
[0.04907542]
3339
[0.05093436]
3340
[0.15110911]
3341
[0.09430505]
3342
[0.03796934]
3343
[0.12188172]
3344
[0.04796472]
3345
[0.06293021]
3346
[0.17114182]
3347
[0.23279321]
3348
[0.2344989]
3349
[0.05031127]
3350
[0.19890929]
3351
[0.14489739]
3352
[0.16137124]
3353
[0.16281321]
3354
[0.16064223]
3355
[0.23459865]
3356
[0.19625675]
3357
[0.08412938]
3358
[0.04483473]
3359
[0.16521572]
3360
[0.16669043]
3361
[0.11728737]
3362
[0.12390588]
3363
[0.09331608]
3364
[0.23096344]
3365
[0.22238007]
3366
[0.23630091]
3367
[0.1998004]
3368
[0.07208606]
3369
[0.18202333]
3370
[0.22645786]
3371
[0.0661202]
3372
[0.22823392]
3373
[0.02968962]
3374
[0.13654702]
3375
[0.08664149]
3376
[0.06156928]
3377
[0.2064651]
3378
[0.18908718]
3379
[0.16179307]
3380
[0.20160215]
3381
[0.1930467]
3382
[0.16292851]
3383
[0.23369088]
3384
[0.23552005]
3385
[0.07857973]
3386
[0.14434597]
3387
[0.12819416]
3388
[0.19098657]
3389
[0.08935383]
3390
[0.16725668]
3391
[0.05543448]
3392
[0.11736873]
3393
[0.23556552]
3394
[0.16894524]
3395
[0.23380288]
3396
[0.0412513]
3397
[0.2064743]
3398
[0.22761128]
3399
[0.23570411]
3400
[0.05746063]
3401
[0.23379006]
3402
[0.08692341]
3403
[0.0867655]
3404
[0.17625904]
3405
[0.2303209]
3406
[0.1409901]
3407
[0.03086733]
3408
[0.1757523]
3409
[0.19883319]
3410
[0.20328337]
3411
[0.23267335]
3412
[0.08275785]
3413
[0.10392816]
3414
[0.0825296]
3415
[0.06777394]
3416
[0.17883211]
3417
[0.08621683]
3418
[0.03350869]
3419
[0.23479134]
3420
[0.16841367]
3421
[0.1136722]
3422
[0.21104133]
3423
[0.23367606]
3424
[0.23036764]
3425
[0.11989697]
3426
[0.18803969]
3427
[0.1234341]
3428
[0.23328356]
3429
[0.05326065]
3430
[0.04572807]
3431
[0.20031897]
3432
[0.2181412]
3433
[0.2319782]
3434
[0.23515995]
3435
[0.18339894]
3436
[0.19475993]
3437
[0.05108761]
3438
[0.08359931]
3439
[0.1730953]
3440
[0.22955617]
3441
[0.17928934]
3442
[0.21466477]
3443
[0.12811778]
3444
[0.16145907]
3445
[0.22488177]
3446
[0.07562017]
3447
[0.1935666]
3448
[0.23296]
3449
[0.21596192]
3450
[0.08311651]
3451
[0.23510017]
3452
[0.09797979]
3453
[0.23523808]
3454
[0.19249011]
3455
[0.14321157]
3456
[0.05431221]
3457
[0.0934483]
3458
[0.22193892]
3459
[0.04620852]
3460
[0.06750562]
3461
[0.08625649]
3462
[0.08716067]
3463
[0.22423135]
3464
[0.23286957]
3465
[0.18558438]
3466
[0.21694085]
3467
[0.17457522]
3468
[0.21679478]
3469
[0.0515759]
3470
[0.10961504]
3471
[0.2340808]
3472
[0.1778844]
3473
[0.21635589]
3474
[0.07692634]
3475
[0.23410383]
3476
[0.13520796]
3477
[0.23474222]
3478
[0.18526089]
3479
[0.05401302]
3480
[0.14342134]
3481
[0.17647267]
3482
[0.05794991]
3483
[0.1463615]
3484
[0.21086484]
3485
[0.19399949]
3486
[0.18655965]
3487
[0.08628625]
3488
[0.0690084]
3489
[0.15734908]
3490
[0.23625115]
3491
[0.16462416]
3492
[0.17654098]
3493
[0.20624221]
3494
[0.23575886]
3495
[0.23488755]
3496
[0.2027928]
3497
[0.23610921]
3498
[0.1906181]
3499
[0.22888628]
3500
[0.22228569]
3501
[0.04673915]
3502
[0.21662391]
3503
[0.21365644]
3504
[0.13949588]
3505
[0.12183092]
3506
[0.04494025]
3507
[0.04143965]
3508
[0.10668343]
3509
[0.23436978]
3510
[0.04441883]
3511
[0.09043488]
3512
[0.15566707]
3513
[0.08677612]
3514
[0.2341682]
3515
[0.12268502]
3516
[0.23607829]
3517
[0.04838154]
3518
[0.22072119]
3519
[0.1245409]
3520
[0.21738566]
3521
[0.07833358]
3522
[0.0746053]
3523
[0.05166829]
3524
[0.10542029]
3525
[0.23266671]
3526
[0.22965178]
3527
[0.23122218]
3528
[0.21497425]
3529
[0.17820436]
3530
[0.22623886]
3531
[0.06836141]
3532
[0.06556723]
3533
[0.09887974]
3534
[0.16682642]
3535
[0.13265714]
3536
[0.22696328]
3537
[0.14365911]
3538
[0.20844713]
3539
[0.16086376]
3540
[0.0897017]
3541
[0.23631039]
3542
[0.21867347]
3543
[0.17903844]
3544
[0.22238456]
3545
[0.23471872]
3546
[0.23051435]
3547
[0.19378929]
3548
[0.06667504]
3549
[0.19746656]
3550
[0.18236604]
3551
[0.16021184]
3552
[0.0510342]
3553
[0.21963044]
3554
[0.23605453]
3555
[0.14570965]
3556
[0.21099724]
3557
[0.11343603]
3558
[0.05931164]
3559
[0.22097984]
3560
[0.2340059]
3561
[0.05540185]
3562
[0.09844977]
3563
[0.2243271]
3564
[0.21653478]
3565
[0.07967421]
3566
[0.05430765]
3567
[0.16182787]
3568
[0.20294561]
3569
[0.13360947]
3570
[0.03372679]
3571
[0.15802202]
3572
[0.08717069]
3573
[0.04138679]
3574
[0.11966995]
3575
[0.14128955]
3576
[0.12761419]
3577
[0.15237849]
3578
[0.0592423]
3579
[0.20512413]
3580
[0.10367346]
3581
[0.19559026]
3582
[0.20874152]
3583
[0.08385587]
3584
[0.23309181]
3585
[0.20801792]
3586
[0.16943381]
3587
[0.07376544]
3588
[0.06183942]
3589
[0.05455975]
3590
[0.06941622]
3591
[0.23384072]
3592
[0.10325736]
3593
[0.21621503]
3594
[0.08693203]
3595
[0.23625077]
3596
[0.1880273]
3597
[0.21526628]
3598
[0.15123671]
3599
[0.13095021]
3600
[0.11448893]
3601
[0.05440504]
3602
[0.16955953]
3603
[0.09178062]
3604
[0.12734358]
3605
[0.19372715]
3606
[0.22703652]
3607
[0.05522886]
3608
[0.03765927]
3609
[0.05776256]
3610
[0.23501796]
3611
[0.09693643]
3612
[0.23588069]
3613
[0.05838397]
3614
[0.19721054]
3615
[0.17181528]
3616
[0.13156457]
3617
[0.08197208]
3618
[0.06661741]
3619
[0.21393656]
3620
[0.20913351]
3621
[0.16238325]
3622
[0.1457397]
3623
[0.09460403]
3624
[0.23385672]
3625
[0.18120822]
3626
[0.14808754]
3627
[0.2325092]
3628
[0.18180267]
3629
[0.17035913]
3630
[0.17632242]
3631
[0.14713813]
3632
[0.18410805]
3633
[0.11420829]
3634
[0.04821903]
3635
[0.09089527]
3636
[0.20434335]
3637
[0.05698332]
3638
[0.03186113]
3639
[0.09047462]
3640
[0.22675691]
3641
[0.22154596]
3642
[0.06449842]
3643
[0.23085901]
3644
[0.09699079]
3645
[0.21606753]
3646
[0.1596608]
3647
[0.15010129]
3648
[0.17575282]
3649
[0.22993798]
3650
[0.17577836]
3651
[0.23576931]
3652
[0.07843141]
3653
[0.22343478]
3654
[0.10226142]
3655
[0.17937945]
3656
[0.12443364]
3657
[0.16268826]
3658
[0.17765493]
3659
[0.1198354]
3660
[0.21577273]
3661
[0.2303411]
3662
[0.05096173]
3663
[0.20534581]
3664
[0.0998321]
3665
[0.23566577]
3666
[0.20804833]
3667
[0.12130881]
3668
[0.16641801]
3669
[0.23452805]
3670
[0.10977321]
3671
[0.07262211]
3672
[0.14094346]
3673
[0.23306946]
3674
[0.22854407]
3675
[0.10204857]
3676
[0.1899014]
3677
[0.09034292]
3678
[0.21168022]
3679
[0.21309819]
3680
[0.0609542]
3681
[0.19447204]
3682
[0.07323208]
3683
[0.16074492]
3684
[0.12062108]
3685
[0.23508889]
3686
[0.23168522]
3687
[0.05225075]
3688
[0.11714395]
3689
[0.08677197]
3690
[0.04536479]
3691
[0.16352452]
3692
[0.21275612]
3693
[0.23571204]
3694
[0.16336244]
3695
[0.05167858]
3696
[0.20748205]
3697
[0.14713973]
3698
[0.12331335]
3699
[0.20139887]
3700
[0.11239863]
3701
[0.19247357]
3702
[0.10415275]
3703
[0.04913342]
3704
[0.2345689]
3705
[0.21102634]
3706
[0.18623884]
3707
[0.2171057]
3708
[0.09444803]
3709
[0.11170771]
3710
[0.18254436]
3711
[0.08935568]
3712
[0.19233859]
3713
[0.23577859]
3714
[0.1734671]
3715
[0.22101995]
3716
[0.21325211]
3717
[0.04919971]
3718
[0.22276141]
3719
[0.1809886]
3720
[0.0581822]
3721
[0.09360028]
3722
[0.1206177]
3723
[0.21646442]
3724
[0.23544543]
3725
[0.23370174]
3726
[0.20593861]
3727
[0.18620551]
3728
[0.23572055]
3729
[0.16260263]
3730
[0.05735994]
3731
[0.22068853]
3732
[0.09126561]
3733
[0.17095686]
3734
[0.20705892]
3735
[0.20515945]
3736
[0.23248261]
3737
[0.06985718]
3738
[0.21812452]
3739
[0.1106851]
3740
[0.22830883]
3741
[0.19949648]
3742
[0.04215558]
3743
[0.0613815]
3744
[0.1414804]
3745
[0.23630168]
3746
[0.09381905]
3747
[0.21638684]
3748
[0.07195868]
3749
[0.21774379]
3750
[0.22930349]
3751
[0.10145198]
3752
[0.2006498]
3753
[0.23315648]
3754
[0.15780585]
3755
[0.14175402]
3756
[0.2312658]
3757
[0.0737764]
3758
[0.21973169]
3759
[0.23386353]
3760
[0.23502501]
3761
[0.09208719]
3762
[0.15308398]
3763
[0.05547036]
3764
[0.02904867]
3765
[0.09120368]
3766
[0.22153372]
3767
[0.15995929]
3768
[0.19957821]
3769
[0.21248662]
3770
[0.2345302]
3771
[0.09764883]
3772
[0.1711545]
3773
[0.02767227]
3774
[0.05898317]
3775
[0.03120573]
3776
[0.11032621]
3777
[0.21808103]
3778
[0.23305152]
3779
[0.03700443]
3780
[0.07262599]
3781
[0.22349265]
3782
[0.2218666]
3783
[0.06963466]
3784
[0.0376687]
3785
[0.22599897]
3786
[0.2116238]
3787
[0.11050848]
3788
[0.23012495]
3789
[0.15293653]
3790
[0.23126619]
3791
[0.04719215]
3792
[0.14220739]
3793
[0.21825717]
3794
[0.12475879]
3795
[0.13821096]
3796
[0.1970424]
3797
[0.0424483]
3798
[0.17079948]
3799
[0.18639419]
3800
[0.06298856]
3801
[0.04582877]
3802
[0.06868109]
3803
[0.20220651]
3804
[0.20169047]
3805
[0.12304763]
3806
[0.04908548]
3807
[0.15690834]
3808
[0.23270042]
3809
[0.1993557]
3810
[0.11536603]
3811
[0.09926344]
3812
[0.13562819]
3813
[0.23400992]
3814
[0.04575672]
3815
[0.22013997]
3816
[0.20851093]
3817
[0.21900525]
3818
[0.05085261]
3819
[0.16975867]
3820
[0.2344761]
3821
[0.2234947]
3822
[0.22279447]
3823
[0.13199585]
3824
[0.11486077]
3825
[0.05253074]
3826
[0.12278528]
3827
[0.1668318]
3828
[0.20387816]
3829
[0.07565071]
3830
[0.06838342]
3831
[0.04927153]
3832
[0.15359848]
3833
[0.05606267]
3834
[0.1196253]
3835
[0.16075484]
3836
[0.0782447]
3837
[0.09888857]
3838
[0.0783867]
3839
[0.14842611]
3840
[0.06525264]
3841
[0.2342871]
3842
[0.13603654]
3843
[0.13919955]
3844
[0.07036723]
3845
[0.05617379]
3846
[0.08537427]
3847
[0.17542331]
3848
[0.05125458]
3849
[0.16945905]
3850
[0.22815129]
3851
[0.08220264]
3852
[0.18683832]
3853
[0.11929525]
3854
[0.05865091]
3855
[0.05229204]
3856
[0.22714306]
3857
[0.2358353]
3858
[0.23623852]
3859
[0.18809962]
3860
[0.06770998]
3861
[0.20395421]
3862
[0.07396125]
3863
[0.09651008]
3864
[0.11333439]
3865
[0.11250948]
3866
[0.05679424]
3867
[0.20214069]
3868
[0.16516929]
3869
[0.06779147]
3870
[0.15968449]
3871
[0.09861751]
3872
[0.11856658]
3873
[0.21781234]
3874
[0.04166761]
3875
[0.04632983]
3876
[0.22269144]
3877
[0.07765709]
3878
[0.22677192]
3879
[0.12098565]
3880
[0.17286093]
3881
[0.05766775]
3882
[0.12650749]
3883
[0.21547668]
3884
[0.23519993]
3885
[0.2360544]
3886
[0.23537879]
3887
[0.210801]
3888
[0.11702015]
3889
[0.23193627]
3890
[0.0647257]
3891
[0.05113429]
3892
[0.19740755]
3893
[0.23391904]
3894
[0.23543196]
3895
[0.222165]
3896
[0.12954094]
3897
[0.21100649]
3898
[0.15057634]
3899
[0.13507259]
3900
[0.04566009]
3901
[0.07678649]
3902
[0.17473406]
3903
[0.12404243]
3904
[0.07320841]
3905
[0.13900294]
3906
[0.04793225]
3907
[0.20741659]
3908
[0.06570722]
3909
[0.11501292]
3910
[0.0403089]
3911
[0.04942011]
3912
[0.11848889]
3913
[0.23619931]
3914
[0.21875376]
3915
[0.04814273]
3916
[0.09614369]
3917
[0.04648995]
3918
[0.07794524]
3919
[0.23160313]
3920
[0.18786293]
3921
[0.22015036]
3922
[0.12379999]
3923
[0.14305553]
3924
[0.07354831]
3925
[0.20742069]
3926
[0.22717783]
3927
[0.08483313]
3928
[0.16600383]
3929
[0.18320885]
3930
[0.23297611]
3931
[0.23502203]
3932
[0.21647709]
3933
[0.15613566]
3934
[0.05840654]
3935
[0.082956]
3936
[0.04809684]
3937
[0.06555195]
3938
[0.16750629]
3939
[0.13557966]
3940
[0.16686199]
3941
[0.10411827]
3942
[0.0281776]
3943
[0.22819344]
3944
[0.05751706]
3945
[0.21179436]
3946
[0.04880509]
3947
[0.07905064]
3948
[0.0881749]
3949
[0.20165867]
3950
[0.20755832]
3951
[0.22879528]
3952
[0.06593623]
3953
[0.05580293]
3954
[0.07038998]
3955
[0.23569186]
3956
[0.19032448]
3957
[0.19249618]
3958
[0.2296743]
3959
[0.06591512]
3960
[0.23246776]
3961
[0.04592792]
3962
[0.10483604]
3963
[0.21846025]
3964
[0.23622334]
3965
[0.22209069]
3966
[0.12161053]
3967
[0.11284689]
3968
[0.2134244]
3969
[0.08296015]
3970
[0.2117733]
3971
[0.06747935]
3972
[0.19505007]
3973
[0.19361917]
3974
[0.16737089]
3975
[0.23551576]
3976
[0.19085457]
3977
[0.1611324]
3978
[0.2050813]
3979
[0.11389136]
3980
[0.23518147]
3981
[0.23514047]
3982
[0.14686489]
3983
[0.03917503]
3984
[0.1766576]
3985
[0.23500947]
3986
[0.17719635]
3987
[0.0497014]
3988
[0.18024511]
3989
[0.06711231]
3990
[0.21312118]
3991
[0.23627697]
3992
[0.0516973]
3993
[0.06100606]
3994
[0.07701302]
3995
[0.08199293]
3996
[0.23626814]
3997
[0.02776326]
3998
[0.1669258]
3999
[0.10774348]
4000
[0.17943426]
4001
[0.14300711]
4002
[0.17141436]
4003
[0.23569897]
4004
[0.09365595]
4005
[0.15229726]
4006
[0.15013167]
4007
[0.20928543]
4008
[0.07594882]
4009
[0.1512892]
4010
[0.22247801]
4011
[0.21038737]
4012
[0.22884105]
4013
[0.14633046]
4014
[0.05648375]
4015
[0.04769453]
4016
[0.23470232]
4017
[0.15114017]
4018
[0.16337293]
4019
[0.21527936]
4020
[0.231654]
4021
[0.05506136]
4022
[0.13457139]
4023
[0.14295006]
4024
[0.09265068]
4025
[0.08464019]
4026
[0.12218071]
4027
[0.21270155]
4028
[0.22580547]
4029
[0.19615943]
4030
[0.0593843]
4031
[0.23588231]
4032
[0.19333164]
4033
[0.21053148]
4034
[0.23132877]
4035
[0.14630557]
4036
[0.06275203]
4037
[0.05161066]
4038
[0.17668957]
4039
[0.13757967]
4040
[0.15390854]
4041
[0.11007539]
4042
[0.15352881]
4043
[0.03752314]
4044
[0.19429101]
4045
[0.21561258]
4046
[0.12509114]
4047
[0.21514676]
4048
[0.13169721]
4049
[0.10717511]
4050
[0.09109616]
4051
[0.09642764]
4052
[0.19271295]
4053
[0.08277156]
4054
[0.10113314]
4055
[0.18660864]
4056
[0.10677783]
4057
[0.23455985]
4058
[0.20096266]
4059
[0.22704378]
4060
[0.06361369]
4061
[0.04769628]
4062
[0.23542794]
4063
[0.23465817]
4064
[0.03068391]
4065
[0.04830658]
4066
[0.0568527]
4067
[0.08164066]
4068
[0.20185833]
4069
[0.15298472]
4070
[0.19978856]
4071
[0.05650157]
4072
[0.0698151]
4073
[0.10322242]
4074
[0.13766947]
4075
[0.21554076]
4076
[0.14477614]
4077
[0.12019486]
4078
[0.23460475]
4079
[0.05539365]
4080
[0.20161779]
4081
[0.21964123]
4082
[0.04899877]
4083
[0.09893817]
4084
[0.09953817]
4085
[0.08518815]
4086
[0.0649681]
4087
[0.2361652]
4088
[0.05682163]
4089
[0.23610009]
4090
[0.07223822]
4091
[0.10450354]
4092
[0.15371621]
4093
[0.19412956]
4094
[0.23438376]
4095
[0.1514944]
4096
[0.12433194]
4097
[0.18612035]
4098
[0.2359065]
4099
[0.17224162]
4100
[0.21489156]
4101
[0.23577911]
4102
[0.08171205]
4103
[0.04468022]
4104
[0.05150916]
4105
[0.07725289]
4106
[0.05241896]
4107
[0.04613193]
4108
[0.23053506]
4109
[0.16365468]
4110
[0.10991595]
4111
[0.14334742]
4112
[0.11162325]
4113
[0.10820895]
4114
[0.19057472]
4115
[0.1985665]
4116
[0.02996066]
4117
[0.22566836]
4118
[0.22986484]
4119
[0.04266748]
4120
[0.17099874]
4121
[0.22857747]
4122
[0.11006552]
4123
[0.15136755]
4124
[0.18401085]
4125
[0.04674272]
4126
[0.17669333]
4127
[0.04939433]
4128
[0.16918109]
4129
[0.23460197]
4130
[0.17528475]
4131
[0.15280679]
4132
[0.04602084]
4133
[0.2293199]
4134
[0.1104465]
4135
[0.16873128]
4136
[0.23628374]
4137
[0.0566686]
4138
[0.09718718]
4139
[0.07206365]
4140
[0.04960332]
4141
[0.23555505]
4142
[0.16607426]
4143
[0.09126462]
4144
[0.0510122]
4145
[0.11307137]
4146
[0.12849868]
4147
[0.08334188]
4148
[0.09405466]
4149
[0.19507966]
4150
[0.23106164]
4151
[0.15698305]
4152
[0.03597956]
4153
[0.12403801]
4154
[0.23490184]
4155
[0.0470175]
4156
[0.23494696]
4157
[0.19966461]
4158
[0.04379991]
4159
[0.13185417]
4160
[0.23544526]
4161
[0.14993434]
4162
[0.1625741]
4163
[0.20823092]
4164
[0.1604414]
4165
[0.11032779]
4166
[0.17747252]
4167
[0.20852116]
4168
[0.23628151]
4169
[0.06169526]
4170
[0.12761862]
4171
[0.23033111]
4172
[0.23587918]
4173
[0.20875577]
4174
[0.19135888]
4175
[0.04720449]
4176
[0.08065466]
4177
[0.10804159]
4178
[0.22480965]
4179
[0.1051301]
4180
[0.21319295]
4181
[0.15556689]
4182
[0.22731192]
4183
[0.20687543]
4184
[0.15605301]
4185
[0.23011573]
4186
[0.06850705]
4187
[0.21568743]
4188
[0.14977651]
4189
[0.11730575]
4190
[0.04900529]
4191
[0.11763764]
4192
[0.23601763]
4193
[0.09549284]
4194
[0.13329867]
4195
[0.22448206]
4196
[0.23556667]
4197
[0.1471979]
4198
[0.16965901]
4199
[0.23481498]
4200
[0.06393875]
4201
[0.08438919]
4202
[0.08924826]
4203
[0.17920849]
4204
[0.19532275]
4205
[0.12819197]
4206
[0.1904355]
4207
[0.04190486]
4208
[0.22903518]
4209
[0.10171925]
4210
[0.19670332]
4211
[0.18559875]
4212
[0.07233603]
4213
[0.210455]
4214
[0.06032255]
4215
[0.06053313]
4216
[0.19043949]
4217
[0.09732899]
4218
[0.23284986]
4219
[0.19381488]
4220
[0.06788212]
4221
[0.05585626]
4222
[0.20797087]
4223
[0.23610455]
4224
[0.1621166]
4225
[0.11978453]
4226
[0.16951716]
4227
[0.03467387]
4228
[0.11310383]
4229
[0.23517764]
4230
[0.15067511]
4231
[0.21400329]
4232
[0.09657786]
4233
[0.20638242]
4234
[0.17953601]
4235
[0.2061926]
4236
[0.21893143]
4237
[0.18832563]
4238
[0.10426402]
4239
[0.23583065]
4240
[0.04838376]
4241
[0.1723273]
4242
[0.07197559]
4243
[0.23630194]
4244
[0.23591728]
4245
[0.23575007]
4246
[0.04637597]
4247
[0.06954148]
4248
[0.06934042]
4249
[0.14263125]
4250
[0.17334098]
4251
[0.08332109]
4252
[0.22015944]
4253
[0.22874944]
4254
[0.11994631]
4255
[0.14456109]
4256
[0.21220714]
4257
[0.13434654]
4258
[0.05838564]
4259
[0.02983058]
4260
[0.23062839]
4261
[0.02842527]
4262
[0.16520934]
4263
[0.12513286]
4264
[0.22026897]
4265
[0.13292617]
4266
[0.08426871]
4267
[0.16547657]
4268
[0.23485096]
4269
[0.05055165]
4270
[0.18359795]
4271
[0.17166584]
4272
[0.23495855]
4273
[0.17224025]
4274
[0.20961064]
4275
[0.12280215]
4276
[0.21396407]
4277
[0.12427021]
4278
[0.16096028]
4279
[0.23290768]
4280
[0.17529115]
4281
[0.13074322]
4282
[0.12186366]
4283
[0.06585826]
4284
[0.22791234]
4285
[0.13486593]
4286
[0.10904406]
4287
[0.22847128]
4288
[0.17787198]
4289
[0.189989]
4290
[0.20933849]
4291
[0.20753055]
4292
[0.04586858]
4293
[0.10441959]
4294
[0.20109974]
4295
[0.23629057]
4296
[0.10239334]
4297
[0.05600554]
4298
[0.11421751]
4299
[0.22731827]
4300
[0.08293491]
4301
[0.0480693]
4302
[0.17017908]
4303
[0.03230093]
4304
[0.03162853]
4305
[0.22971157]
4306
[0.22533002]
4307
[0.14450867]
4308
[0.15864125]
4309
[0.09218934]
4310
[0.19918537]
4311
[0.17276454]
4312
[0.12756354]
4313
[0.23610321]
4314
[0.10670147]
4315
[0.06442102]
4316
[0.04737759]
4317
[0.23587698]
4318
[0.12130852]
4319
[0.06400321]
4320
[0.05402983]
4321
[0.06846567]
4322
[0.07575811]
4323
[0.17766901]
4324
[0.0560375]
4325
[0.11184416]
4326
[0.08901804]
4327
[0.04815986]
4328
[0.05086252]
4329
[0.11237369]
4330
[0.09825572]
4331
[0.23300391]
4332
[0.23140704]
4333
[0.23590431]
4334
[0.12248429]
4335
[0.13781758]
4336
[0.23544862]
4337
[0.07152409]
4338
[0.06824742]
4339
[0.18486269]
4340
[0.06779978]
4341
[0.0990579]
4342
[0.05749763]
4343
[0.05706149]
4344
[0.17250843]
4345
[0.08898802]
4346
[0.16676994]
4347
[0.06341017]
4348
[0.22904603]
4349
[0.06761987]
4350
[0.21807757]
4351
[0.23309712]
4352
[0.0585305]
4353
[0.20499317]
4354
[0.22854413]
4355
[0.07973644]
4356
[0.20695228]
4357
[0.22038351]
4358
[0.18739763]
4359
[0.15146614]
4360
[0.22761709]
4361
[0.16108125]
4362
[0.06038789]
4363
[0.20170079]
4364
[0.15224583]
4365
[0.15548337]
4366
[0.04811068]
4367
[0.02966931]
4368
[0.03554525]
4369
[0.2296858]
4370
[0.17520715]
4371
[0.06398577]
4372
[0.2151384]
4373
[0.13267979]
4374
[0.21674494]
4375
[0.14556716]
4376
[0.10165958]
4377
[0.07525806]
4378
[0.14309158]
4379
[0.05520009]
4380
[0.2327322]
4381
[0.05522629]
4382
[0.22410286]
4383
[0.17178643]
4384
[0.23514312]
4385
[0.08993273]
4386
[0.10542486]
4387
[0.18496352]
4388
[0.05176432]
4389
[0.20870044]
4390
[0.05542524]
4391
[0.20026564]
4392
[0.16535401]
4393
[0.11854649]
4394
[0.03074619]
4395
[0.13505598]
4396
[0.06849518]
4397
[0.04396875]
4398
[0.05884502]
4399
[0.23451114]
4400
[0.23629618]
4401
[0.22736148]
4402
[0.20656934]
4403
[0.2361031]
4404
[0.18499079]
4405
[0.22460191]
4406
[0.23626203]
4407
[0.08726883]
4408
[0.2361668]
4409
[0.07588317]
4410
[0.21405852]
4411
[0.06787009]
4412
[0.17776232]
4413
[0.15971144]
4414
[0.09485993]
4415
[0.21455964]
4416
