LOADING R
R LOADED
[1] "/home/lvanderl/Rlibs2"                         
[2] "/app/software/R/4.3.1-gfbf-2022b/lib/R/library"
[1] "/home/lvanderl/sieveSims"
[1] "gam 5 2"
[1] 0.2336846
[1] 0.2336846
[1] 0.2336846
21.306122448979593
0
[0.09035663]
1
[0.08336827]
2
[0.08407287]
3
[0.09347027]
4
[0.11778517]
5
[0.08142357]
6
[0.10012391]
7
[0.07910301]
8
[0.09102]
9
[0.08011093]
10
[0.08800484]
11
[0.08741536]
12
[0.11134254]
13
[0.0854854]
14
[0.0835369]
15
[0.08925934]
16
[0.08270536]
17
[0.06182012]
18
[0.12084685]
19
[0.08050805]
20
[0.08733353]
21
[0.08311652]
22
[0.08357981]
23
[0.09678767]
24
[0.07931588]
25
[0.07463215]
26
[0.08313208]
27
[0.10015894]
28
[0.09256063]
29
[0.08017824]
30
[0.09034648]
31
[0.09695231]
32
[0.09106452]
33
[0.12344052]
34
[0.06999955]
35
[0.08737349]
36
[0.07091674]
37
[0.10637654]
38
[0.08348528]
39
[0.10373477]
40
[0.08746237]
41
[0.07501956]
42
[0.09407696]
43
[0.06839708]
44
[0.08349751]
45
[0.07642489]
46
[0.04750701]
47
[0.08909492]
48
[0.09509527]
49
[0.08268356]
50
[0.08246788]
51
[0.07650997]
52
[0.08402154]
53
[0.06325997]
54
[0.1004816]
55
[0.09641806]
56
[0.08836755]
57
[0.09071222]
58
[0.10345113]
59
[0.10244188]
60
[0.07097176]
61
[0.09379211]
62
[0.09576281]
63
[0.10688166]
64
[0.10265586]
65
[0.09082658]
66
[0.10144347]
67
[0.07441573]
68
[0.10811369]
69
[0.07036925]
70
[0.09096452]
71
[0.0972659]
72
[0.09036819]
73
[0.07252213]
74
[0.10311814]
75
[0.10260915]
76
[0.08456891]
77
[0.10162759]
78
[0.08433951]
79
[0.07736118]
80
[0.08354686]
81
[0.09458025]
82
[0.06982091]
83
[0.09211776]
84
[0.09022446]
85
[0.10754777]
86
[0.09688977]
87
[0.06936248]
88
[0.08648029]
89
[0.08148198]
90
[0.0831914]
91
[0.07348684]
92
[0.06545942]
93
[0.08407264]
94
[0.09566151]
95
[0.09739429]
96
[0.07954809]
97
[0.11154898]
98
[0.11419943]
99
[0.09732599]
100
[0.09176391]
101
[0.08516382]
102
[0.08586784]
103
[0.10459278]
104
[0.06014155]
105
[0.10001103]
106
[0.07868692]
107
[0.07797342]
108
[0.06732891]
109
[0.09680477]
110
[0.08901343]
111
[0.07966132]
112
[0.07598816]
113
[0.09066078]
114
[0.09129094]
115
[0.10003124]
116
[0.08762045]
117
[0.1008093]
118
[0.10945057]
119
[0.08121834]
120
[0.08287807]
121
[0.09155067]
122
[0.09155259]
123
[0.07313041]
124
[0.10639391]
125
[0.11280183]
126
[0.09740443]
127
[0.10170944]
128
[0.0699237]
129
[0.0902277]
130
[0.08959478]
131
[0.08726988]
132
[0.09523988]
133
[0.08103884]
134
[0.08215948]
135
[0.11056962]
136
[0.09899734]
137
[0.09913741]
138
[0.11642571]
139
[0.09288202]
140
[0.07646552]
141
[0.0747011]
142
[0.05637812]
143
[0.11255512]
144
[0.07466529]
145
[0.07984399]
146
[0.0923407]
147
[0.08701896]
148
[0.0667542]
149
[0.0572409]
150
[0.10161196]
151
[0.07774837]
152
[0.09263568]
153
[0.07809184]
154
[0.08794659]
155
[0.10146166]
156
[0.10396244]
157
[0.07441638]
158
[0.10604289]
159
[0.07876947]
160
[0.10277665]
161
[0.08187497]
162
[0.10425606]
163
[0.08680247]
164
[0.09951548]
165
[0.06827019]
166
[0.07879137]
167
[0.09913616]
168
[0.09658192]
169
[0.07824805]
170
[0.0682391]
171
[0.08416998]
172
[0.06234475]
173
[0.09416955]
174
[0.07203313]
175
[0.08405622]
176
[0.09257507]
177
[0.08348592]
178
[0.08747042]
179
[0.07892654]
180
[0.09549025]
181
[0.08341008]
182
[0.08813626]
183
[0.11847243]
184
[0.08275821]
185
[0.08730902]
186
[0.08457329]
187
[0.09609332]
188
[0.07977385]
189
[0.10486707]
190
[0.09058297]
191
[0.11597896]
192
[0.08185631]
193
[0.1089722]
194
[0.08646947]
195
[0.06494918]
196
[0.07565042]
197
[0.07168928]
198
[0.07303295]
199
[0.06195578]
200
[0.08980311]
201
[0.10605265]
202
[0.08760989]
203
[0.07145591]
204
[0.08420188]
205
[0.08809975]
206
[0.10228134]
207
[0.09019753]
208
[0.10810247]
209
[0.05858626]
210
[0.10600579]
211
[0.09719425]
212
[0.08121834]
213
[0.07977308]
214
[0.10652333]
215
[0.09979987]
216
[0.11581126]
217
[0.10832245]
218
[0.10342082]
219
[0.10561746]
220
[0.08390504]
221
[0.07381048]
222
[0.10570704]
223
[0.05754594]
224
[0.10189683]
225
[0.09308174]
226
[0.08626804]
227
[0.06839501]
228
[0.09804815]
229
[0.08627595]
230
[0.08403227]
231
[0.08283787]
232
[0.06694513]
233
[0.08655237]
234
[0.08786302]
235
[0.08078713]
236
[0.09586899]
237
[0.08855728]
238
[0.08141115]
239
[0.05916178]
240
[0.07624011]
241
[0.08424426]
242
[0.0824757]
243
[0.07545183]
244
[0.08197965]
245
[0.0840644]
246
[0.11721342]
247
[0.08842184]
248
[0.10489075]
249
[0.0639008]
250
[0.09232963]
251
[0.07210709]
252
[0.0696058]
253
[0.09917946]
254
[0.10415245]
255
[0.08508561]
256
[0.07761272]
257
[0.08277182]
258
[0.07781228]
259
[0.06798298]
260
[0.07526096]
261
[0.06978638]
262
[0.06843521]
263
[0.07186681]
264
[0.09344071]
265
[0.09192262]
266
[0.09261498]
267
[0.08041657]
268
[0.12561033]
269
[0.08087719]
270
[0.0744284]
271
[0.08366421]
272
[0.1107544]
273
[0.07592506]
274
[0.08360497]
275
[0.11573425]
276
[0.08704507]
277
[0.08460408]
278
[0.08474462]
279
[0.0974932]
280
[0.10389177]
281
[0.09107135]
282
[0.10715592]
283
[0.10891033]
284
[0.09176759]
285
[0.08176516]
286
[0.08237245]
287
[0.08390762]
288
[0.06568797]
289
[0.0966796]
290
[0.08161966]
291
[0.09101382]
292
[0.08486299]
293
[0.08513133]
294
[0.08400099]
295
[0.05942005]
296
[0.07496952]
297
[0.06241574]
298
[0.09576906]
299
[0.10590985]
300
[0.08383285]
301
[0.0924314]
302
[0.09262674]
303
[0.07474418]
304
[0.08546224]
305
[0.07556032]
306
[0.09962314]
307
[0.07991837]
308
[0.11603761]
309
[0.10767421]
310
[0.09483947]
311
[0.11380437]
312
[0.07660775]
313
[0.08752174]
314
[0.06525801]
315
[0.08690653]
316
[0.07058508]
317
[0.08202814]
318
[0.089531]
319
[0.07122375]
320
[0.10129643]
321
[0.09173695]
322
[0.09978225]
323
[0.09019753]
324
[0.1039666]
325
[0.10170411]
326
[0.10455212]
327
[0.08492838]
328
[0.09638452]
329
[0.09163365]
330
[0.09855184]
331
[0.07989251]
332
[0.08561388]
333
[0.09104282]
334
[0.07101705]
335
[0.10043321]
336
[0.08645775]
337
[0.08454543]
338
[0.07828331]
339
[0.10274604]
340
[0.08893768]
341
[0.09984843]
342
[0.08683488]
343
[0.09687005]
344
[0.09705822]
345
[0.0763206]
346
[0.07637899]
347
[0.10309226]
348
[0.09952879]
349
[0.07470957]
350
[0.09788112]
351
[0.07273247]
352
[0.0916571]
353
[0.08333882]
354
[0.07900211]
355
[0.07650294]
356
[0.07205256]
357
[0.08319949]
358
[0.09070007]
359
[0.06971657]
360
[0.0839588]
361
[0.08938277]
362
[0.07978379]
363
[0.09767686]
364
[0.10978849]
365
[0.07130219]
366
[0.08669632]
367
[0.11218224]
368
[0.06687326]
369
[0.08092042]
370
[0.10281793]
371
[0.09291629]
372
[0.09978496]
373
[0.08278288]
374
[0.09182833]
375
[0.08520371]
376
[0.09176883]
377
[0.10337126]
378
[0.10403571]
379
[0.10031698]
380
[0.07485493]
381
[0.08314673]
382
[0.11011433]
383
[0.08275514]
384
[0.08676191]
385
[0.08461528]
386
[0.08354768]
387
[0.09583329]
388
[0.11209428]
389
[0.07198694]
390
[0.09564731]
391
[0.08357519]
392
[0.0872133]
393
[0.0866962]
394
[0.07636445]
395
[0.06542611]
396
[0.06878223]
397
[0.09619217]
398
[0.11258346]
399
[0.10140672]
400
[0.08016516]
401
[0.08572795]
402
[0.093826]
403
[0.07167968]
404
[0.08800753]
405
[0.09319539]
406
[0.09231213]
407
[0.08112825]
408
[0.10446021]
409
[0.10866234]
410
[0.10188418]
411
[0.09614148]
412
[0.11154357]
413
[0.08985957]
414
[0.10996083]
415
[0.08313721]
416
[0.0873087]
417
[0.10200845]
418
[0.08226431]
419
[0.0884797]
420
[0.09632939]
421
[0.07202578]
422
[0.10098084]
423
[0.0860384]
424
[0.10680907]
425
[0.0850641]
426
[0.08382474]
427
[0.09601346]
428
[0.06053549]
429
[0.11728195]
430
[0.10157109]
431
[0.11276436]
432
[0.09707544]
433
[0.07465157]
434
[0.11442282]
435
[0.08775376]
436
[0.08490301]
437
[0.11157283]
438
[0.09993099]
439
[0.09441816]
440
[0.13048331]
441
[0.08146077]
442
[0.06668849]
443
[0.09994198]
444
[0.08155259]
445
[0.08586408]
446
[0.0610831]
447
[0.11190049]
448
[0.08163738]
449
[0.07956451]
450
[0.09260213]
451
[0.09045526]
452
[0.07524079]
453
[0.08312734]
454
[0.07759002]
455
[0.09611368]
456
[0.08025397]
457
[0.08401345]
458
[0.09203374]
459
[0.09483582]
460
[0.0704223]
461
[0.08203463]
462
[0.0759187]
463
[0.08232233]
464
[0.08474729]
465
[0.07604622]
466
