LOADING R
R LOADED
[1] "/home/lvanderl/Rlibs2"                         
[2] "/app/software/R/4.3.1-gfbf-2022b/lib/R/library"
[1] "/home/lvanderl/sieveSims"
[1] "gam 10 4"
[1] 0.04084538
[1] 0.04084538
[1] 0.04084538
61.91836734693878
[0.13168827]
[0.13010128]
[0.07697003]
[0.15599883]
[0.19709361]
[0.14204133]
[0.1638579]
[0.14475802]
[0.12886012]
[0.14205063]
[0.11462905]
[0.13514659]
[0.15073339]
[0.11239748]
[0.10727758]
[0.12664496]
[0.16463605]
[0.15537373]
[0.12643135]
[0.11848841]
[0.07530734]
[0.1617495]
[0.1571193]
[0.12926448]
[0.12960781]
[0.19406924]
[0.12755211]
[0.12508072]
[0.14788474]
[0.14105603]
[0.10703126]
[0.12284285]
[0.17414109]
[0.20774183]
[0.14840776]
[0.13923675]
[0.08702121]
[0.15352481]
[0.12786892]
[0.1078951]
[0.16393121]
[0.14044429]
[0.12843767]
[0.10351568]
[0.09569765]
[0.15964842]
[0.1305695]
[0.16712364]
[0.13015093]
[0.14038556]
[0.12010825]
[0.14740653]
[0.10918898]
[0.12767261]
[0.14449958]
[0.14440126]
[0.10917814]
[0.18360428]
[0.15562478]
[0.11342228]
[0.13994481]
[0.17204522]
[0.1648474]
[0.17149643]
[0.15075388]
[0.15426474]
[0.10105858]
[0.14619653]
[0.17414759]
[0.12891177]
[0.13453881]
[0.12443729]
[0.12997623]
[0.11428463]
[0.17425355]
[0.09418097]
[0.15984325]
[0.1904911]
[0.12376312]
[0.12286757]
[0.15134861]
[0.1851727]
[0.16682455]
[0.10085258]
[0.16573272]
[0.1339229]
[0.1733817]
[0.13487557]
[0.16918445]
[0.14498985]
[0.12546925]
[0.2011716]
[0.14331534]
[0.1047158]
[0.16478998]
[0.15283694]
[0.12705303]
[0.14979457]
[0.1261074]
[0.08193012]
[0.16925083]
[0.1535596]
[0.15415519]
[0.14249701]
[0.12340723]
[0.14082608]
[0.17258198]
[0.12566098]
[0.11584842]
[0.13933561]
[0.15083595]
[0.09606816]
[0.18062085]
[0.11563236]
[0.14639551]
[0.15474448]
[0.14234865]
[0.09793278]
[0.1217259]
[0.08120413]
[0.10846608]
[0.13025241]
[0.1102099]
[0.10683276]
[0.13894227]
[0.14632137]
[0.09290544]
[0.17216757]
[0.11094396]
[0.09452015]
[0.13286198]
[0.13103922]
[0.12993298]
[0.12559973]
[0.13388867]
[0.13072999]
[0.14077029]
[0.12604847]
[0.16072671]
[0.11050043]
[0.10978442]
[0.15742451]
[0.14801387]
[0.15803202]
[0.18778137]
[0.13591662]
[0.10804705]
[0.20458]
[0.16243992]
[0.14082812]
[0.14907584]
[0.1541318]
[0.11342228]
[0.16518273]
[0.12068814]
[0.10515935]
[0.13142057]
[0.10722648]
[0.11673723]
[0.12271597]
[0.1637891]
[0.14947849]
[0.18939673]
[0.17205146]
[0.08554637]
[0.14542203]
[0.16577421]
[0.14864556]
[0.12245106]
[0.17645097]
[0.1632443]
[0.1802432]
[0.17423579]
[0.12854186]
[0.15266888]
[0.1273834]
[0.10137577]
[0.12785462]
[0.14545655]
[0.11048929]
[0.17144511]
[0.07148529]
[0.14873832]
[0.10720895]
[0.12921535]
[0.17966909]
[0.16561339]
[0.11538861]
[0.1130731]
[0.12144755]
[0.14731708]
[0.12392201]
[0.16237593]
[0.11156354]
[0.12801662]
[0.14397246]
[0.10868106]
[0.14963138]
[0.1314517]
[0.14970873]
[0.12727853]
[0.15303572]
[0.11618672]
[0.19228543]
[0.12122228]
[0.13612001]
[0.16414693]
[0.09235657]
[0.13516321]
[0.12945427]
[0.15271971]
[0.16615358]
[0.1128027]
[0.15449846]
[0.15803202]
[0.14320978]
[0.14505972]
[0.11035954]
[0.12205314]
[0.11974964]
[0.13451682]
[0.11218312]
[0.15927118]
[0.15803202]
[0.19235443]
[0.14726106]
[0.19867547]
[0.15059706]
[0.17520282]
[0.14367874]
[0.10249948]
[0.1077961]
[0.09720407]
[0.16780552]
[0.15369496]
[0.14887504]
[0.07877156]
[0.15205345]
[0.13897668]
[0.17072333]
[0.17466451]
[0.16714154]
[0.13523586]
[0.13500169]
[0.15435899]
[0.15264204]
[0.12773439]
[0.11722604]
[0.13386841]
[0.15049076]
[0.17505413]
[0.17619746]
[0.13744174]
[0.11860086]
[0.10146725]
[0.07745101]
[0.17870871]
[0.11837892]
[0.16711086]
[0.12880725]
[0.15189667]
[0.11564399]
[0.15497657]
[0.13046037]
[0.12028196]
[0.12302962]
[0.11187024]
[0.11342228]
[0.12135722]
[0.12334209]
[0.14799739]
[0.08385663]
[0.13015093]
[0.12153965]
[0.12334531]
[0.16722558]
[0.13490817]
[0.0846368]
[0.13006299]
[0.14265156]
[0.09314873]
[0.13840003]
[0.14020909]
[0.16635806]
[0.1249743]
[0.10222712]
[0.12257835]
[0.12903243]
[0.17949871]
[0.10846564]
[0.14631482]
[0.11094396]
[0.11180493]
[0.16320479]
[0.10355805]
[0.1969796]
[0.13262925]
[0.17090612]
[0.12327886]
[0.13262409]
[0.16937624]
[0.15195653]
[0.10831765]
[0.16140199]
[0.10976609]
[0.20696941]
[0.13210961]
[0.1111977]
[0.18179461]
[0.20341215]
[0.14198383]
[0.161486]
[0.1327909]
[0.19218418]
[0.14170164]
[0.1493579]
[0.13818721]
[0.16140413]
[0.13049739]
[0.11863468]
[0.18558005]
[0.15481177]
[0.10883305]
[0.11713976]
[0.17732005]
[0.12548335]
[0.14163202]
[0.15194075]
[0.13286524]
[0.13470325]
[0.16333038]
[0.17895501]
[0.10949142]
[0.11366549]
[0.18839143]
[0.11518047]
[0.16826276]
[0.17454115]
[0.10711368]
[0.16360483]
[0.12326335]
[0.17449002]
[0.1595561]
[0.15052816]
[0.14633765]
[0.09917194]
[0.17530435]
[0.14252359]
[0.1847563]
[0.11471005]
[0.11457366]
[0.18095647]
[0.1582741]
[0.1998591]
[0.10474816]
[0.11213044]
[0.13461005]
[0.15244837]
[0.10451443]
[0.11940447]
[0.0921497]
[0.15412429]
[0.15086861]
[0.15169415]
[0.12023765]
[0.14093856]
[0.10767654]
[0.12915445]
[0.14133432]
[0.08801951]
[0.15217509]
[0.13561729]
[0.13745605]
[0.15294475]
[0.12236602]
[0.17510328]
[0.12891177]
[0.15933699]
[0.15531794]
[0.16579899]
[0.1583911]
[0.1247757]
[0.13330049]
[0.18157605]
[0.12162807]
[0.17890477]
[0.13052946]
[0.1158226]
[0.11126108]
[0.1304039]
[0.18842461]
[0.1104979]
[0.09139987]
[0.15362182]
[0.1787039]
[0.13282143]
[0.13195169]
[0.11652018]
[0.11610718]
[0.11917167]
[0.13770031]
[0.11806728]
[0.12333555]
[0.1076644]
[0.10927272]
[0.15063454]
[0.10232334]
[0.17397876]
[0.14890856]
[0.15389163]
[0.12867696]
[0.13519997]
[0.12629646]
[0.11408848]
[0.12068151]
[0.1180457]
[0.11965102]
[0.17155408]
[0.16413542]
[0.13563323]
[0.11315573]
[0.09435184]
[0.16712942]
[0.17087041]
[0.13914677]
[0.17047151]
[0.10444389]
[0.13209754]
[0.09235657]
[0.17210055]
[0.15569119]
[0.13758565]
[0.10821017]
[0.11511486]
[0.1520188]
[0.19814255]
[0.12765263]
[0.14532649]
[0.15938919]
[0.14147457]
[0.12715319]
[0.10687872]
[0.08499529]
[0.10003759]
[0.12718472]
[0.14873845]
[0.15990018]
[0.10118547]
[0.13584437]
[0.12519429]
[0.15700658]
[0.16695622]
[0.13768564]
[0.17625632]
[0.15737182]
[0.11401105]
[0.1158597]
[0.12712884]
[0.14006421]
[0.15724888]
[0.17544666]
[0.13510757]
[0.11215991]
[0.15185058]
[0.17007048]
[0.12171875]
[0.1159742]
[0.12085723]
[0.17257385]
[0.13803894]
[0.12618725]
[0.10908522]
[0.10116645]
[0.12018045]
[0.13758589]
[0.09397444]
[0.09647811]
[0.13017722]
[0.12469536]
[0.12923272]
[0.11501483]
[0.16386571]
[0.12389657]
[0.16412137]
[0.10485804]
[0.17928507]
[0.14337094]
[0.13134792]
[0.12091987]
[0.13110036]
[0.16483972]
[0.15386359]
[0.15141908]
[0.16357213]
[0.12487397]
[0.12019601]
[0.17596696]
[0.13078235]
[0.16920587]
[0.12575562]
[1] 2500   11
[1] 2500   11
