LOADING R
R LOADED
[1] "/home/lvanderl/Rlibs2"                         
[2] "/app/software/R/4.3.1-gfbf-2022b/lib/R/library"
[1] "/home/lvanderl/sieveSims"
[1] "rf 10 2"
[1] 0.09331915
[1] 0.09331915
[1] 0.09331915
159.38775510204084
[0.30737223]
[0.2292343]
[0.19671594]
[0.2954389]
[0.25817994]
[0.2474322]
[0.25415118]
[0.28709718]
[0.23797608]
[0.28421687]
[0.22979249]
[0.15934552]
[0.20496131]
[0.17072199]
[0.24145979]
[0.25794004]
[0.30812485]
[0.2861952]
[0.26325844]
[0.23552637]
[0.28722122]
[0.26062664]
[0.31668153]
[0.27748144]
[0.21348695]
[0.21379227]
[0.29381118]
[0.25272828]
[0.23845266]
[0.23114208]
[0.29079074]
[0.24616558]
[0.32241852]
[0.20470743]
[0.27937233]
[0.258376]
[0.21202387]
[0.19856448]
[0.21885074]
[0.17294983]
[0.23055295]
[0.25783888]
[0.26132441]
[0.25091792]
[0.28317754]
[0.29445006]
[0.29688859]
[0.23485669]
[0.25614897]
[0.32977097]
[0.23845056]
[0.31860801]
[0.32866393]
[0.24988023]
[0.24077105]
[0.23196954]
[0.24513426]
[0.25236838]
[0.32022379]
[0.20958118]
[0.18957626]
[0.18640175]
[0.27316413]
[0.21382403]
[0.23831145]
[0.21970429]
[0.34191126]
[0.23062418]
[0.24326027]
[0.19256602]
[0.35066002]
[0.28723082]
[0.22586312]
[0.24127143]
[0.27336584]
[0.21920239]
[0.25980852]
[0.24108172]
[0.24366744]
[0.24912562]
[0.27745137]
[0.29657648]
[0.26283456]
[0.23124665]
[0.15484783]
[0.30466412]
[0.35970289]
[0.32551055]
[0.36361311]
[0.34344781]
[0.28196349]
[0.30805719]
[0.21671655]
[0.23752635]
[0.2263656]
[0.19009025]
[0.23376061]
[0.23363677]
[0.20135963]
[0.16821859]
[0.24998608]
[0.25631881]
[0.20061419]
[0.2843973]
[0.15362599]
[0.22136141]
[0.18821233]
[0.23226607]
[0.23455511]
[0.15611476]
[0.22063316]
[0.30202791]
[0.27243424]
[0.2462475]
[0.29438589]
[0.32849789]
[0.18943326]
[0.23913381]
[0.14459007]
[0.29644802]
[0.30482711]
[0.26393354]
[0.26038323]
[0.28417143]
[0.28496037]
[0.24849317]
[0.31124358]
[0.2466053]
[0.23465614]
[0.22308741]
[0.22078288]
[0.19689812]
[0.19355001]
[0.27613109]
[0.22160038]
[0.27298589]
[0.23855073]
[0.31520092]
[0.267195]
[0.30871658]
[0.17987511]
[0.13480117]
[0.19303747]
[0.20420797]
[0.23592085]
[0.27172721]
[0.26958199]
[0.32813721]
[0.24054246]
[0.22957441]
[0.24626469]
[0.23456846]
[0.22659633]
[0.28063768]
[0.30952621]
[0.30453029]
[0.18678263]
[0.30898551]
[0.27660034]
[0.25346237]
[0.29755603]
[0.32559583]
[0.26088405]
[0.30339995]
[0.23731193]
[0.23285583]
[0.27888003]
[0.20412939]
[0.24332109]
[0.24351406]
[0.32516828]
[0.17452001]
[0.27068966]
[0.19077495]
[0.28581863]
[0.31801866]
[0.20432895]
[0.28178413]
[0.17538784]
[0.25477418]
[0.25340511]
[0.22376098]
[0.16211785]
[0.28211769]
[0.24618234]
[0.27226859]
[0.29388651]
[0.22266182]
[0.30848541]
[0.23106174]
[0.27405966]
[0.22983036]
[0.26793195]
[0.20599904]
[0.25118053]
[0.26793618]
[0.32665544]
[0.17899878]
[0.24688447]
[0.23755926]
[0.22920024]
[0.26599985]
[0.2734158]
[0.21665144]
[0.25739959]
[0.36479948]
[0.25572507]
[0.20331243]
[0.22967121]
[0.24151473]
[0.28749268]
[0.25340354]
[0.27316413]
[0.30329558]
[0.25256683]
[0.26452069]
[0.18554942]
[0.29508138]
[0.28180337]
[0.21075145]
[0.26237298]
[0.27943287]
[0.24182042]
[0.21137224]
[0.2229491]
[0.27353749]
[0.30680504]
[0.2024169]
[0.24266943]
[0.28373543]
[0.21398494]
[0.23658618]
[0.20175849]
[0.31639198]
[0.24540256]
[0.28728813]
[0.24117125]
[0.31365895]
[0.32130462]
[0.32011377]
[0.23000309]
[0.20110358]
[0.30675342]
[0.25049818]
[0.21005626]
[0.3461905]
[0.18862952]
[0.2313862]
[0.24988023]
[0.33886102]
[0.3042192]
[0.29798868]
[0.27091337]
[0.21086941]
[0.24472428]
[0.22877631]
[0.24088671]
[0.20599904]
[0.17964857]
[0.27266018]
[0.22802949]
[0.26078426]
[0.21783591]
[0.24965475]
[0.30504952]
[0.22712615]
[0.21587029]
[0.30540337]
[0.14783471]
[0.28489267]
[0.29739877]
[0.30376489]
[0.31077658]
[0.21831074]
[0.28306682]
[0.32044568]
[0.2590856]
[0.27956602]
[0.25568377]
[0.21787305]
[0.21179751]
[0.28412416]
[0.20048788]
[0.30074362]
[0.26981909]
[0.250593]
[0.20434141]
[0.19053931]
[0.21065854]
[0.14510269]
[0.24095919]
[0.26599985]
[0.23634303]
[0.20756017]
[0.1893593]
[0.2326245]
[0.25077576]
[0.24126469]
[0.27404629]
[0.28145903]
[0.23283344]
[0.19506137]
[0.186231]
[0.20951544]
[0.3115835]
[0.32261367]
[0.21311866]
[0.26247374]
[0.2818078]
[0.22298045]
[0.3009257]
[0.3229644]
[0.37206034]
[0.25614776]
[0.24088656]
[0.25346237]
[0.34176079]
[0.19223716]
[0.25794004]
[0.25435693]
[0.26729412]
[0.25563147]
[0.3545449]
[0.21137224]
[0.2855386]
[0.21168779]
[0.2516713]
[0.28979557]
[0.28260587]
[0.28646541]
[0.27666577]
[0.20958118]
[0.19356449]
[0.17599194]
[0.30524888]
[0.23380048]
[0.27273213]
[0.20830747]
[0.24883328]
[0.1822638]
[0.25871158]
[0.30396151]
[0.28583244]
[0.33055086]
[0.33174888]
[0.23376061]
[0.30562749]
[0.2747462]
[0.14384883]
[0.19380442]
[0.20517584]
[0.23644721]
[0.26877907]
[0.27813686]
[0.16659552]
[0.24465487]
[0.24310551]
[0.24376734]
[0.22011677]
[0.17361445]
[0.25307403]
[0.27804011]
[0.21427898]
[0.25001887]
[0.23913381]
[0.19532661]
[0.29584544]
[0.25346237]
[0.19561017]
[0.27137306]
[0.25112376]
[0.21904481]
[0.22703619]
[0.25679674]
[0.20813315]
[0.27128503]
[0.2051035]
[0.27176459]
[0.31413509]
[0.21215752]
[0.2613114]
[0.21226778]
[0.23639152]
[0.25077576]
[0.25612602]
[0.27958332]
[0.34300311]
[0.31341518]
[0.19975602]
[0.20027722]
[0.18627488]
[0.17797793]
[0.25211705]
[0.31754398]
[0.24980925]
[0.22032759]
[0.24429321]
[0.16122231]
[0.26009401]
[0.28137003]
[0.2081511]
[0.27279785]
[0.231074]
[0.16185316]
[0.2096227]
[0.1996605]
[0.2122456]
[0.23435793]
[0.19883476]
[0.33848186]
[0.24425523]
[0.31888443]
[0.24934793]
[0.20538374]
[0.21510802]
[0.26631885]
[0.27994258]
[0.23719081]
[0.28378063]
[0.20200524]
[0.22785777]
[0.14336291]
[0.26444684]
[0.28391054]
[0.26273782]
[0.2630623]
[0.20106036]
[0.19482462]
[0.32241852]
[0.2427694]
[0.28342437]
[0.24062303]
[0.16377447]
[0.31045396]
[0.3719574]
[0.24637866]
[0.30676336]
[0.17631255]
[0.22490164]
[0.21046327]
[0.26383468]
[0.26240218]
[0.23844858]
[0.20180733]
[0.28895144]
[0.20579725]
[0.29051418]
[0.14665633]
[0.29536077]
[0.26152218]
[0.23805499]
[0.22502693]
[0.28091945]
[0.26336909]
[0.25030444]
[0.23162612]
[0.20021315]
[0.19200941]
[0.24271595]
[0.22554743]
[0.29671391]
[0.19883476]
[0.28799851]
[0.25224521]
[0.23318819]
[0.25047931]
[0.25120524]
[0.16122231]
[0.25949757]
[0.28007839]
[0.31064553]
[0.27316413]
[0.26138346]
[0.22480526]
[0.1764464]
[0.28297661]
[0.24619778]
[0.28872285]
[0.31305413]
[0.27413018]
[0.22213318]
[0.25614518]
[0.22919604]
[0.25886647]
[0.30473957]
[0.22471522]
[0.23949212]
[0.27101527]
[0.28929877]
[0.28157089]
[0.29200045]
[0.17941105]
[0.2854704]
[0.24161259]
[0.26438646]
[0.33033707]
[0.28928533]
[0.31757408]
[0.29340601]
[0.16255677]
[0.26510432]
[0.3204304]
[0.25027976]
[0.26464676]
[0.27590047]
[0.25938925]
[0.34122475]
[0.25491952]
[0.28355656]
[0.2006863]
[0.22718738]
[0.19447392]
[0.23138078]
[0.29762175]
[0.24808492]
[0.23792083]
[0.2087022]
[0.23035288]
[0.20091739]
[0.19704369]
[0.28734941]
[0.31290323]
[0.28659714]
[0.18483499]
[0.27041002]
[0.21657838]
[0.24777691]
[0.25690298]
[0.22980438]
[0.26665227]
[0.20348257]
[0.25258107]
[0.16528317]
[0.26714903]
[0.23196954]
[0.22015676]
[0.22838448]
[0.25739557]
[0.25646096]
[0.31397163]
[0.25153407]
[0.32070643]
[0.30639292]
[0.21225534]
[0.23963384]
[0.23734275]
[0.17365246]
[0.22999584]
[0.22459884]
[0.26075918]
[0.26453564]
[0.2665332]
[0.31450864]
[0.31276034]
[0.25050788]
[0.20535595]
[0.24313994]
[0.26168895]
[0.24868328]
[0.28858204]
[0.24919584]
[0.22253716]
[0.23376061]
[0.24540256]
[0.31704532]
[0.28928375]
[0.25072725]
[0.36182204]
[0.24621447]
[0.26535012]
[0.23507669]
[0.20598261]
[0.22363417]
[0.31812532]
[0.10542175]
[0.25422287]
[0.21701378]
[0.25242661]
[0.25885402]
[0.19130175]
[0.32113729]
[0.27173777]
[0.23913381]
[0.25039916]
[0.24638696]
[0.27525414]
[0.29860031]
[0.24002935]
[0.3788372]
[0.2503679]
[0.30776741]
[0.22715555]
[0.24575072]
[0.31016116]
[0.28506679]
[0.22719246]
[0.28120317]
[0.24040383]
[0.29665497]
[0.17575693]
[0.31632969]
[0.25550019]
[0.22735557]
[0.28606523]
[0.31152118]
[0.22237679]
[0.2749552]
[0.24009516]
[0.23782109]
[0.19793923]
[0.16187348]
[0.26300285]
[0.20331243]
[0.22630843]
[0.31401968]
[0.31466224]
[0.30250751]
[0.32957018]
[0.25883557]
[0.16759613]
[0.16384028]
[0.26271646]
[0.27943287]
[0.28078804]
[0.32067878]
[0.31077658]
[0.25249826]
[0.20023219]
[0.20264585]
[0.27727539]
[0.24383933]
[0.18466487]
[0.25221895]
[0.24719363]
[0.2567007]
[0.27070634]
[0.32552673]
[0.20794501]
[0.26220211]
[0.2662867]
[0.17823747]
[0.29890393]
[0.15934626]
[0.2736063]
[0.28177651]
[0.26469106]
[0.22537022]
[0.23734275]
[0.27276753]
[0.26340406]
[0.301018]
[0.28695587]
[0.23796551]
[0.25973111]
[0.26434414]
[0.21653833]
[0.19525262]
[0.25574885]
[0.23537327]
[0.26393669]
[0.16405946]
[0.1997303]
[0.21458495]
[0.21531391]
[0.29197035]
[0.27020893]
[0.22553686]
[0.22149838]
[0.16740311]
[0.21407794]
[0.28038436]
[0.17717892]
[0.26918916]
[0.32023339]
[0.15764017]
[0.18887923]
[0.33797001]
[0.28852005]
[0.19960751]
[0.19513257]
[0.1460683]
[0.19250562]
[0.29023668]
[0.19365287]
[0.27137306]
[0.21943206]
[0.28024464]
[0.26906375]
[0.25995585]
[0.23247295]
[0.22749187]
[0.24535569]
[0.270649]
[0.32087875]
[0.26177686]
[0.27057838]
[0.27876681]
[0.24629439]
[0.28047211]
[0.23358441]
[0.23582962]
[0.29701462]
[0.2829154]
[0.22725532]
[0.19685643]
[0.25793443]
[0.18652786]
[0.29925054]
[0.161602]
[0.19398655]
[0.23012766]
[0.30222678]
[0.16523419]
[0.27965145]
[0.37307276]
[0.25706803]
[0.27143095]
[0.24571603]
[0.21032574]
[0.26689538]
[0.28838821]
[0.22672902]
[0.25853801]
[0.20351427]
[0.21226778]
[0.29527427]
[0.27476842]
[0.29107482]
[0.17655774]
[0.2541856]
[0.21463126]
[0.20787245]
[0.2533169]
[0.30489288]
[0.22873262]
[0.18180849]
[0.23660452]
[0.24540333]
[0.26582598]
[0.17987061]
[0.22176798]
[0.23268575]
[0.2953647]
[0.22389063]
[0.19918329]
[0.28686475]
[0.33278102]
[0.22390973]
[0.28518587]
[0.25722498]
[0.27550893]
[0.26010694]
[0.25049635]
[0.25608992]
[0.19704258]
[0.28027276]
[0.23731862]
[0.28120487]
[0.21217635]
[0.32341889]
[0.27711813]
[0.29286589]
[0.24773479]
[0.26091636]
[0.24815312]
[0.33914174]
[0.21226778]
[0.25725783]
[0.19471455]
[0.21404579]
[0.27357878]
[0.23772577]
[0.14125533]
[0.27385898]
[0.23997035]
[0.29051899]
[0.23718805]
[0.22795605]
[0.27853733]
[0.27853733]
[0.23058872]
[0.1885146]
[0.300212]
[0.27387316]
[0.27502848]
[0.17709499]
[0.19852282]
[0.24808565]
[0.24039101]
[0.22459488]
[0.20198776]
[0.22442013]
[0.29017928]
[0.30296659]
[0.25417871]
[0.25705897]
[0.31941167]
[0.16591591]
[0.26200296]
[0.29684598]
[0.27307004]
[0.24746443]
[0.31101522]
[0.19721704]
[0.2788632]
[0.25525344]
[0.26455505]
[0.27199707]
[0.22631035]
[0.21436629]
[0.20958118]
[0.16947584]
[0.22197528]
[0.26561713]
[0.27552282]
[0.20875486]
[0.31884259]
[0.25719168]
[0.22827139]
[0.20835376]
[0.18855985]
[0.20278062]
[0.31752312]
[0.27393296]
[0.24229807]
[0.23190056]
[0.28570161]
[0.33495601]
[0.29520621]
[0.26849225]
[0.28741599]
[0.26900015]
[0.2322543]
[0.26009635]
[0.25973111]
[0.21823552]
[0.29458272]
[0.23886601]
[0.22189369]
[0.21031005]
[0.19235337]
[0.17638779]
[0.20637956]
[0.29526707]
[0.22659633]
[0.17809375]
[0.32701961]
[0.19657695]
[0.25353792]
[0.18484019]
[0.26008236]
[0.23680763]
[0.25999952]
[0.26415595]
[0.27869033]
[0.23206636]
[0.24307263]
[0.27821296]
[0.26143702]
[0.17597795]
[0.23277235]
[0.30377629]
[0.16158678]
[0.26420878]
[0.18895444]
[0.24780021]
[0.25260052]
[0.34577536]
[0.26776341]
[0.25710625]
[0.2673808]
[0.30242362]
[0.28310075]
[0.17196892]
[0.25516483]
[0.21158573]
[0.25597294]
[0.18184994]
[0.2802696]
[0.26730588]
[0.33744115]
[0.27321114]
[0.17910359]
[0.24070938]
[0.28632532]
[0.28492505]
[0.27617932]
[0.29529334]
[0.20324389]
[0.16342625]
[0.20986182]
[0.31167211]
[0.25246983]
[0.2419485]
[0.2566013]
[0.22739566]
[0.26031272]
[0.35500483]
[0.277604]
[0.28154366]
[0.3081259]
[0.27745203]
[0.2326371]
[0.20283631]
[0.21576592]
[0.25756758]
[0.33033749]
[0.23712059]
[0.28975785]
[0.23820068]
[0.24187263]
[0.26283512]
[0.27684959]
[0.2547011]
[0.22576493]
[0.207141]
[0.31458272]
[0.24867141]
[0.247502]
[0.27213622]
[0.225335]
[0.31021367]
[0.25214311]
[0.23842627]
[0.30450783]
[0.20338422]
[0.24722635]
[0.22936433]
[0.33945164]
[0.25709484]
[0.2632368]
[0.28363828]
[0.28274093]
[0.31539209]
[0.23038601]
[0.21695627]
[0.34212028]
[0.24219951]
[0.22404754]
[0.23677859]
[0.30694681]
[0.35249664]
[0.1504759]
[0.3009257]
[0.17512439]
[0.24439567]
[0.27611915]
[0.18714777]
[0.17041739]
[0.16749105]
[0.27815193]
[0.14868483]
[0.29838972]
[0.25043883]
[0.25365601]
[0.21484922]
[0.30961357]
[0.18629728]
[0.24574832]
[0.2318473]
[0.22008461]
[0.21477022]
[0.31006072]
[0.3008754]
[0.26868645]
[0.26695171]
[0.2516713]
[0.25282762]
[0.27213352]
[0.27297758]
[0.19378856]
[0.24188178]
[0.19738953]
[0.30890386]
[0.31961721]
[0.18630906]
[0.23389478]
[0.25896295]
[0.31274509]
[0.25267076]
[0.20600855]
[0.22868285]
[0.24812796]
[0.19614816]
[0.24086193]
[0.21297444]
[0.26246612]
[0.33406047]
[0.24931786]
[0.30335449]
[0.26652116]
[0.26188457]
[0.20684499]
[0.29190566]
[0.27898842]
[0.21195314]
[0.19883476]
[0.28360777]
[0.27226859]
[0.27389529]
[1] 5000   11
[1] 5000   11
