LOADING R
R LOADED
[1] "/home/lvanderl/Rlibs2"                         
[2] "/app/software/R/4.3.1-gfbf-2022b/lib/R/library"
[1] "/home/lvanderl/sieveSims"
[1] "rf 2 1"
[1] 0.07023069
[1] 0.07023069
[1] 0.07023069
57.85714285714286
0
[0.05021647]
1
[0.04577522]
2
[0.07721277]
3
[0.10761443]
4
[0.07026828]
5
[0.04746758]
6
[0.04649342]
7
[0.07396423]
8
[0.05024688]
9
[0.09483637]
10
[0.07608109]
11
[0.05258739]
12
[0.04531077]
13
[0.04485188]
14
[0.05342109]
15
[0.0916436]
16
[0.04928734]
17
[0.04530969]
18
[0.04413686]
19
[0.05670444]
20
[0.043307]
21
[0.05571427]
22
[0.05685771]
23
[0.04646355]
24
[0.06776566]
25
[0.04719566]
26
[0.07965092]
27
[0.14183604]
28
[0.05941835]
29
[0.06413525]
30
[0.06268409]
31
[0.07018269]
32
[0.04910872]
33
[0.06773835]
34
[0.05442782]
35
[0.08752588]
36
[0.04374649]
37
[0.06018481]
38
[0.06544078]
39
[0.07082601]
40
[0.06639921]
41
[0.07346772]
42
[0.07960741]
43
[0.06756354]
44
[0.05152453]
45
[0.04859416]
46
[0.04499398]
47
[0.0579658]
48
[0.0516159]
49
[0.06192334]
50
[0.05167491]
51
[0.05888487]
52
[0.09555147]
53
[0.08312567]
54
[0.04877236]
55
[0.04868508]
56
[0.07341112]
57
[0.04823242]
58
[0.04367906]
59
[0.05705159]
60
[0.05117793]
61
[0.05441965]
62
[0.04276246]
63
[0.05653508]
64
[0.05005815]
65
[0.07587924]
66
[0.07328162]
67
[0.10167019]
68
[0.04783703]
69
[0.0721181]
70
[0.05616702]
71
[0.0485296]
72
[0.06523381]
73
[0.05376567]
74
[0.10557541]
75
[0.04888663]
76
[0.06029871]
77
[0.05668848]
78
[0.12605193]
79
[0.04716439]
80
[0.04652174]
81
[0.10421753]
82
[0.05621957]
83
[0.04331044]
84
[0.05191976]
85
[0.0534958]
86
[0.09137288]
87
[0.04372926]
88
[0.05091652]
89
[0.05889442]
90
[0.06461806]
91
[0.10803808]
92
[0.05065263]
93
[0.04337377]
94
[0.08182256]
95
[0.04515697]
96
[0.05677383]
97
[0.0589668]
98
[0.0447856]
99
[0.0507831]
100
[0.06339277]
101
[0.04981397]
102
[0.06618851]
103
[0.04414377]
104
[0.05754104]
105
[0.05315088]
106
[0.08044972]
107
[0.04459767]
108
[0.09228953]
109
[0.06982629]
110
[0.07506026]
111
[0.09702939]
112
[0.0578297]
113
[0.08154524]
114
[0.06918756]
115
[0.06695412]
116
[0.04711882]
117
[0.06587425]
118
[0.06584132]
119
[0.05536191]
120
[0.07319366]
121
[0.05378468]
122
[0.05016955]
123
[0.07524243]
124
[0.04958399]
125
[0.06879199]
126
[0.07541142]
127
[0.04441765]
128
[0.06610874]
129
[0.05689923]
130
[0.05045082]
131
[0.06544157]
132
[0.06768144]
133
[0.0488366]
134
[0.0591308]
135
[0.04673846]
136
[0.06194928]
137
[0.04460932]
138
[0.0879935]
139
[0.05239408]
140
[0.0920202]
141
[0.10100179]
142
[0.04460509]
143
[0.05103368]
144
[0.05870598]
145
[0.07225538]
146
[0.05107872]
147
[0.08900312]
148
[0.07223918]
149
[0.04396156]
150
[0.08560013]
151
[0.05659305]
152
[0.05621295]
153
[0.05924551]
154
[0.05325783]
155
[0.04502539]
156
[0.0456571]
157
[0.05696598]
158
[0.07033746]
159
[0.06285653]
160
[0.06282798]
161
[0.06179775]
162
[0.04421766]
163
[0.05783169]
164
[0.07914969]
165
[0.05298568]
166
[0.06091262]
167
[0.07804749]
168
[0.04800665]
169
[0.04934573]
170
[0.08958968]
171
[0.05278554]
172
[0.04585607]
173
[0.0435779]
174
[0.05077632]
175
[0.0541149]
176
[0.06774881]
177
[0.05480326]
178
[0.04862289]
179
[0.05901173]
180
[0.05455585]
181
[0.07191898]
182
[0.0503345]
183
[0.07209835]
184
[0.05940614]
185
[0.06243324]
186
[0.05161469]
187
[0.04393754]
188
[0.04723081]
189
[0.06993594]
190
[0.04521433]
191
[0.05153754]
192
[0.09522702]
193
[0.08177068]
194
[0.09534202]
195
[0.06689368]
196
[0.08078448]
197
[0.07189023]
198
[0.07477625]
199
[0.04575987]
200
[0.04863831]
201
[0.04523772]
202
[0.06512946]
203
[0.06248761]
204
[0.06085299]
205
[0.0615413]
206
[0.0439437]
207
[0.10693519]
208
[0.05300086]
209
[0.06634035]
210
[0.07809194]
211
[0.04508091]
212
[0.07826625]
213
[0.1317237]
214
[0.0594388]
215
[0.04661462]
216
[0.05738914]
217
[0.09690761]
218
[0.05560672]
219
[0.04810845]
220
[0.09236748]
221
[0.06009956]
222
[0.06920453]
223
[0.06195818]
224
[0.0634189]
225
[0.04472471]
226
[0.06888513]
227
[0.04737556]
228
[0.04904979]
229
[0.06381353]
230
[0.07363554]
231
[0.07563977]
232
[0.05163835]
233
[0.05121644]
234
[0.0481018]
235
[0.04470782]
236
[0.04836765]
237
[0.04729077]
238
[0.04430453]
239
[0.04329111]
240
[0.04944045]
241
[0.06155882]
242
[0.06640711]
243
[0.05326865]
244
[0.056549]
245
[0.05258226]
246
[0.06203744]
247
[0.0441808]
248
[0.06514721]
249
[0.04365716]
250
[0.06824209]
251
[0.04568638]
252
[0.05217595]
253
[0.04841436]
254
[0.05980123]
255
[0.06822916]
256
[0.05152299]
257
[0.07276606]
258
[0.06311913]
259
[0.06457277]
260
[0.08240341]
261
[0.06263709]
262
[0.04524655]
263
[0.06383366]
264
[0.07085862]
265
[0.07409425]
266
[0.05349796]
267
[0.05559261]
268
[0.0517907]
269
[0.05358031]
270
[0.07366754]
271
[0.06910832]
272
[0.05950402]
273
[0.04892936]
274
[0.04428512]
275
[0.09551777]
276
[0.04424147]
277
[0.05148464]
278
[0.10244138]
279
[0.06048884]
280
[0.04604905]
281
[0.06099964]
282
[0.04974162]
283
[0.05622664]
284
[0.06009627]
285
[0.08467286]
286
[0.06253303]
287
[0.06793733]
288
[0.05587419]
289
[0.09329226]
290
[0.06718309]
291
[0.10019576]
292
[0.08240649]
293
[0.05554735]
294
[0.05404248]
295
[0.0741839]
296
[0.04764153]
297
[0.05679609]
298
[0.05551729]
299
[0.04772753]
300
[0.05700007]
301
[0.04672297]
302
[0.06356473]
303
[0.05716548]
304
[0.07093451]
305
[0.05431956]
306
[0.05111936]
307
[0.06261355]
308
[0.10447554]
309
[0.09977727]
310
[0.05100474]
311
[0.05905251]
312
[0.05643978]
313
[0.05553856]
314
[0.06427156]
315
[0.07939014]
316
[0.05521821]
317
[0.04902888]
318
[0.04564472]
319
[0.04749523]
320
[0.04833451]
321
[0.04760426]
322
[0.0520797]
323
[0.06005356]
324
[0.08073796]
325
[0.05892494]
326
[0.05115769]
327
[0.05225656]
328
[0.04397893]
329
[0.07952509]
330
[0.04976126]
331
[0.0668051]
332
[0.07365663]
333
[0.05249435]
334
[0.05390045]
335
[0.09682051]
336
[0.05416375]
337
[0.09329915]
338
[0.05215934]
339
[0.08661523]
340
[0.11108125]
341
[0.05332287]
342
[0.06869305]
343
[0.07764631]
344
[0.07506177]
345
[0.05107565]
346
[0.07836741]
347
[0.05636662]
348
[0.07657947]
349
[0.1340052]
350
[0.05071512]
351
[0.04638386]
352
[0.04612093]
353
[0.0446529]
354
[0.1105773]
355
[0.0500199]
356
[0.04656111]
357
[0.07173483]
358
[0.04346262]
359
[0.05024908]
360
[0.04814211]
361
[0.04465228]
362
[0.05086921]
363
[0.04463692]
364
[0.07556593]
365
[0.04349508]
366
[0.05188973]
367
[0.0836143]
368
[0.04491026]
369
[0.06911346]
370
[0.05076144]
371
[0.05168849]
372
[0.09738639]
373
[0.05684255]
374
[0.064892]
375
[0.08009088]
376
[0.06497417]
377
[0.04510271]
378
[0.05509197]
379
[0.07240389]
380
[0.07410867]
381
[0.07393745]
382
[0.0561613]
383
[0.05293796]
384
[0.06658777]
385
[0.0715574]
386
[0.05204726]
387
[0.06433042]
388
[0.08639632]
389
[0.06645381]
390
[0.05702855]
391
[0.0495502]
392
[0.04456507]
393
[0.07187243]
394
[0.07382408]
395
[0.04923757]
396
[0.04381057]
397
[0.04378657]
398
[0.0629745]
399
[0.0530213]
400
[0.077558]
401
[0.05111718]
402
[0.04958334]
403
[0.05092156]
404
[0.11090553]
405
[0.0468628]
406
[0.07191403]
407
[0.06810198]
408
[0.04753434]
409
[0.06611283]
410
[0.05446025]
411
[0.04676283]
412
[0.05240233]
413
[0.06413918]
414
[0.08243931]
415
[0.08986367]
416
[0.04478559]
417
[0.08322912]
418
[0.0631603]
419
[0.06449661]
420
[0.0737988]
421
[0.05434152]
422
[0.05611097]
423
[0.04832657]
424
[0.04357268]
425
[0.05400266]
426
[0.05387734]
427
[0.04799332]
428
[0.06235304]
429
[0.04904192]
430
[0.06324568]
431
[0.05526916]
432
[0.05181781]
433
[0.06537745]
434
[0.04908324]
435
[0.04532099]
436
[0.05396057]
437
[0.05171836]
438
[0.05451736]
439
[0.11029591]
440
[0.0484879]
441
[0.07481972]
442
[0.0758595]
443
[0.04351251]
444
[0.04842481]
445
[0.04757906]
446
[0.10629564]
447
[0.06534714]
448
[0.05334998]
449
[0.045448]
450
[0.06559434]
451
[0.04573397]
452
[0.0449655]
453
[0.04860224]
454
[0.10285114]
455
[0.05200961]
456
[0.05590583]
457
[0.05498046]
458
[0.07323803]
459
[0.07099097]
460
[0.11049268]
461
[0.04535284]
462
[0.0478591]
463
[0.07696168]
464
[0.0481134]
465
[0.07282142]
466
[0.04654075]
467
[0.06385535]
468
[0.06423557]
469
[0.04895297]
470
[0.06089014]
471
[0.07002543]
472
[0.11161762]
473
[0.04977319]
474
[0.05169031]
475
[0.04811489]
476
[0.06847673]
477
[0.04706802]
478
[0.05173811]
479
[0.04816835]
480
[0.13250086]
481
[0.07049428]
482
[0.04583888]
483
[0.05536054]
484
[0.04570954]
485
[0.04970312]
486
[0.05924344]
487
[0.07015039]
488
[0.05096974]
489
[0.07006459]
490
[0.07138308]
491
[0.04589556]
492
[0.07672056]
493
[0.04475352]
494
[0.05680743]
495
[0.05311944]
496
[0.07083612]
497
[0.06947286]
498
[0.062022]
499
[0.04787192]
500
[0.05326107]
501
[0.05484696]
502
[0.04734792]
503
[0.05458512]
504
[0.09307407]
505
[0.07447707]
506
[0.06268107]
507
[0.07539012]
508
[0.10003794]
509
[0.07358874]
510
[0.05341321]
511
[0.11135023]
512
[0.04771184]
513
[0.05979307]
514
[0.04894225]
515
[0.06435787]
516
[0.04880543]
517
[0.04552205]
518
[0.05172429]
519
[0.06005845]
520
[0.05174717]
521
[0.10689123]
522
[0.07362042]
523
[0.04890834]
524
[0.05900188]
525
[0.05038505]
526
[0.04875038]
527
[0.04954769]
528
[0.05629054]
529
[0.05004695]
530
[0.05445976]
531
[0.04684202]
532
[0.06874483]
533
[0.05047808]
534
[0.10353457]
535
[0.04756075]
536
[0.07562857]
537
[0.06625951]
538
[0.05973568]
539
[0.04657121]
540
[0.07447134]
541
[0.05560732]
542
[0.06251584]
543
[0.04833763]
544
[0.05641248]
545
[0.07662505]
546
[0.04963922]
547
[0.06035493]
548
[0.07747641]
549
[0.065238]
550
[0.11881649]
551
[0.04424855]
552
[0.04434837]
553
[0.06784438]
554
[0.0760438]
555
[0.0575112]
556
[0.0448925]
557
[0.07153855]
558
[0.04874187]
559
[0.0543223]
560
[0.05292602]
561
[0.04550106]
562
[0.08893631]
563
[0.06416134]
564
[0.04947493]
565
[0.06434305]
566
[0.07032512]
567
[0.05282656]
568
[0.06477005]
569
[0.05175411]
570
[0.06154285]
571
[0.04789677]
572
[0.07504427]
573
[0.06669463]
574
[0.06440849]
575
[0.07718117]
576
[0.04891465]
577
[0.05550204]
578
[0.06945211]
579
[0.04450876]
580
[0.12105828]
581
[0.0510537]
582
[0.04925818]
583
[0.06843607]
584
[0.07530062]
585
[0.04966286]
586
[0.04988696]
587
[0.0721181]
588
[0.05080549]
589
[0.05259396]
590
[0.07821756]
591
[0.06100749]
592
[0.04644174]
593
[0.06294542]
594
[0.06555444]
595
[0.06412952]
596
[0.04648616]
597
[0.04716575]
598
[0.04756719]
599
[0.06688352]
600
[0.05543374]
601
[0.05142428]
602
[0.04708117]
603
[0.05178681]
604
[0.08456946]
605
[0.07130892]
606
[0.05715709]
607
[0.07017187]
608
[0.05259028]
609
[0.06617552]
610
[0.0440529]
611
[0.05919732]
612
[0.06228498]
613
[0.0810232]
614
[0.07077531]
615
[0.05958881]
616
[0.09155841]
617
[0.06449639]
618
[0.10555677]
619
[0.04772018]
620
[0.0439705]
621
[0.05153367]
622
[0.04798756]
623
[0.08431563]
624
[0.07018722]
625
[0.05265394]
626
[0.05972439]
627
[0.04501038]
628
[0.05285278]
629
[0.0531318]
630
[0.0435807]
631
[0.0716943]
632
[0.04271677]
633
[0.04802575]
634
[0.06138765]
635
[0.05292389]
636
[0.06760525]
637
[0.04403069]
638
[0.0513614]
639
[0.04357865]
640
[0.04581632]
641
[0.05734156]
642
[0.0502475]
643
[0.04771845]
644
[0.04519764]
645
[0.05805874]
646
[0.10223352]
647
[0.07495485]
648
[0.06431008]
649
[0.05539326]
650
[0.04799483]
651
[0.05887103]
652
[0.10558231]
653
[0.08792645]
654
[0.07768924]
655
[0.07348909]
656
[0.05406591]
657
[0.05020178]
658
[0.05748606]
659
[0.07489279]
660
[0.04664257]
661
[0.05433619]
662
[0.08209401]
663
[0.049512]
664
[0.11268067]
665
[0.04553383]
666
[0.066616]
667
[0.04628487]
668
[0.08275097]
669
[0.06242326]
670
[0.05851629]
671
[0.04883008]
672
[0.0831506]
673
[0.05752716]
674
[0.05577101]
675
[0.06143263]
676
[0.07102495]
677
[0.04536724]
678
[0.0463249]
679
[0.0541355]
680
[0.04447997]
681
[0.06648807]
682
[0.06497364]
683
[0.06413344]
684
[0.05402388]
685
[0.048494]
686
[0.05136824]
687
[0.06342718]
688
[0.0533856]
689
[0.05619802]
690
[0.057316]
691
[0.04579058]
692
[0.10777277]
693
[0.04570623]
694
[0.0625634]
695
[0.06033504]
696
[0.05379745]
697
[0.12109582]
698
[0.04728884]
699
[0.064642]
700
[0.07124616]
701
[0.10534459]
702
[0.06247037]
703
[0.05595267]
704
[0.06631825]
705
[0.05318499]
706
[0.06713639]
707
[0.05767918]
708
[0.05154361]
709
[0.04870795]
710
[0.05246005]
711
[0.06971624]
712
[0.0474886]
713
[0.04499517]
714
[0.06806073]
715
[0.04753508]
716
[0.0451681]
717
[0.0545405]
718
[0.04326091]
719
[0.05409029]
720
[0.07362042]
721
[0.04603199]
722
[0.0490954]
723
[0.06671899]
724
[0.05347702]
725
[0.04472628]
726
[0.04572931]
727
[0.09351533]
728
[0.05103099]
729
[0.04481796]
730
[0.08485026]
731
[0.04570923]
732
[0.0882538]
733
[0.04400354]
734
[0.04466828]
735
[0.09151296]
736
[0.07629005]
737
[0.0713935]
738
[0.0507125]
739
[0.05143999]
740
[0.06481838]
741
[0.07693942]
742
[0.07883581]
743
[0.04549247]
744
[0.06025233]
745
[0.09598079]
746
[0.08301434]
747
[0.06535767]
748
[0.05339475]
749
[0.04451513]
750
[0.05841435]
751
[0.07252335]
752
[0.06769781]
753
[0.07922726]
754
[0.05284577]
755
[0.04902669]
756
[0.06737593]
757
[0.10949633]
758
[0.04463282]
759
[0.09072685]
760
[0.05257414]
761
[0.07920887]
762
[0.0646516]
763
[0.05090669]
764
[0.05235662]
765
[0.05339563]
766
[0.0561404]
767
[0.08448151]
768
[0.04716082]
769
[0.04669022]
770
[0.0514843]
771
[0.0758118]
772
[0.05647059]
773
[0.05059224]
774
[0.05269081]
775
[0.0482115]
776
[0.04394727]
777
[0.05383477]
778
[0.05859724]
779
[0.07164437]
780
[0.06744964]
781
[0.05700495]
782
[0.08839454]
783
[0.06445455]
784
[0.04914507]
785
[0.04368452]
786
[0.07358186]
787
[0.07117918]
788
[0.07992276]
789
[0.05535966]
790
[0.06445931]
791
[0.06487449]
792
[0.0584507]
793
[0.04919765]
794
[0.07699944]
795
[0.04777359]
796
[0.05376345]
797
[0.04328839]
798
[0.07111057]
799
[0.05728936]
800
[0.0450694]
801
[0.06371172]
802
[0.04344246]
803
[0.04470291]
804
[0.05022505]
805
[0.0429272]
806
[0.07847138]
807
[0.09921972]
808
[0.04433841]
809
[0.05951523]
810
[0.05146559]
811
[0.06054919]
812
[0.04801862]
813
[0.04445015]
814
[0.0504888]
815
[0.05503701]
816
[0.08775504]
817
[0.06533061]
818
[0.04774559]
819
[0.05359393]
820
[0.06321146]
821
[0.05302502]
822
[0.0543886]
823
[0.08782892]
824
[0.05348655]
825
[0.07177908]
826
[0.07737621]
827
[0.07539235]
828
[0.07617142]
829
[0.07710861]
830
[0.04394043]
831
[0.10331923]
832
[0.07148084]
833
[0.06508005]
834
[0.06131035]
835
[0.04802233]
836
[0.04364626]
837
[0.09738112]
838
[0.07946145]
839
[0.05290582]
840
[0.10768385]
841
[0.04723015]
842
[0.1238806]
843
[0.05213586]
844
[0.08728985]
845
[0.05487428]
846
[0.08386988]
847
[0.0479063]
848
[0.04809729]
849
[0.05498435]
850
[0.04931859]
851
[0.0482874]
852
[0.04676929]
853
[0.04812801]
854
[0.0619215]
855
[0.06478465]
856
[0.04554077]
857
[0.10168313]
858
[0.04702079]
859
[0.04532013]
860
[0.04854758]
861
[0.06065885]
862
[0.04442283]
863
[0.06297443]
864
[0.06863398]
865
[0.04916118]
866
[0.04806472]
867
[0.05210628]
868
[0.06974143]
869
[0.06196452]
870
[0.0514498]
871
[0.04513073]
872
[0.04407667]
873
[0.04950162]
874
[0.05798001]
875
[0.04610893]
876
[0.05474196]
877
[0.06766942]
878
[0.0504067]
879
[0.05868435]
880
[0.07199894]
881
[0.06388685]
882
[0.07607535]
883
[0.04465315]
884
[0.06172412]
885
[0.05162079]
886
[0.09104361]
887
[0.06399167]
888
[0.07740211]
889
[0.04389922]
890
[0.09595481]
891
[0.05290833]
892
[0.04355676]
893
[0.04657415]
894
[0.04835511]
895
[0.05940329]
896
[0.08814436]
897
[0.055934]
898
[0.07205058]
899
[0.04418447]
900
[0.04941209]
901
[0.04889642]
902
[0.04782824]
903
[0.08276258]
904
[0.05411297]
905
[0.11863861]
906
[0.07258762]
907
[0.11093589]
908
[0.0459736]
909
[0.06497085]
910
[0.05133537]
911
[0.05083102]
912
[0.0547244]
913
[0.05527536]
914
[0.04864579]
915
[0.05671348]
916
[0.07926445]
917
[0.11395897]
918
[0.04710137]
919
[0.04499128]
920
[0.07069931]
921
[0.06668213]
922
[0.08092452]
923
[0.11813302]
924
[0.05335354]
925
[0.05535878]
926
[0.08419947]
927
[0.04970401]
928
[0.04563278]
929
[0.04580517]
930
[0.07224191]
931
[0.07632401]
932
[0.05351011]
933
[0.06608044]
934
[0.05799746]
935
[0.09865969]
936
[0.06443023]
937
[0.05546315]
938
[0.07251984]
939
[0.05190927]
940
[0.0731952]
941
[0.04888213]
942
[0.0737268]
943
[0.0454327]
944
[0.05231607]
945
[0.06235641]
946
[0.05439682]
947
[0.0579769]
948
[0.04603348]
949
[0.1103932]
950
[0.04818898]
951
[0.0631042]
952
[0.04985065]
953
[0.0594782]
954
[0.06714849]
955
[0.07319153]
956
[0.04619748]
957
[0.08484291]
958
[0.04662134]
959
[0.07634448]
960
[0.07278745]
961
[0.09111519]
962
[0.04873124]
963
[0.04399104]
964
[0.06535767]
965
[0.11989791]
966
[0.04694084]
967
[0.05699065]
968
[0.10930874]
969
[0.05364826]
970
[0.06670731]
971
[0.04777694]
972
[0.04970521]
973
[0.09641863]
974
[0.05268783]
975
[0.04738063]
976
[0.05322065]
977
[0.06892773]
978
[0.07117354]
979
[0.07463283]
980
[0.05826893]
981
[0.05558985]
982
[0.04977424]
983
[0.04955502]
984
[0.04445895]
985
[0.05067469]
986
[0.04413166]
987
[0.05658637]
988
[0.04686493]
989
[0.05678891]
990
[0.05450258]
991
[0.05002747]
992
[0.05316242]
993
[0.04800072]
994
[0.05968141]
995
[0.0609513]
996
[0.05042418]
997
[0.05248714]
998
[0.04614287]
999
[0.0486322]
[1] 5000   11
[1] 5000   11
