LOADING R
R LOADED
[1] "/home/lvanderl/Rlibs2"                         
[2] "/app/software/R/4.3.1-gfbf-2022b/lib/R/library"
[1] "/home/lvanderl/sieveSims"
[1] "xg 2 1"
[1] 0.1310963
[1] 0.1310963
[1] 0.1310963
61.91836734693878
[0.08768093]
[0.14089581]
[0.11330406]
[0.10953084]
[0.13418111]
[0.12026999]
[0.12607018]
[0.14076973]
[0.1307842]
[0.10235932]
[0.12001723]
[0.07512073]
[0.14506487]
[0.12179442]
[0.14500954]
[0.13142553]
[0.13881025]
[0.1100385]
[0.1485588]
[0.1345902]
[0.11001249]
[0.12795504]
[0.14321367]
[0.11102332]
[0.1118648]
[0.12777786]
[0.13303763]
[0.09969692]
[0.1337602]
[0.0861296]
[0.09013063]
[0.14851739]
[0.1304343]
[0.1102023]
[0.12024716]
[0.11084455]
[0.14652527]
[0.11855612]
[0.14626957]
[0.10200933]
[0.0880533]
[0.10480591]
[0.13827607]
[0.13285319]
[0.13138759]
[0.11651698]
[0.12841947]
[0.13886324]
[0.08553491]
[0.14877885]
[0.09826615]
[0.10706026]
[0.13401814]
[0.14248248]
[0.13339612]
[0.12388736]
[0.13571743]
[0.11299111]
[0.14240776]
[0.10354894]
[0.12799104]
[0.13047799]
[0.14015809]
[0.11059184]
[0.1359195]
[0.12777942]
[0.11039243]
[0.14785033]
[0.08765164]
[0.1389959]
[0.12378178]
[0.10188755]
[0.12145265]
[0.14856166]
[0.13347378]
[0.09722815]
[0.14587286]
[0.08714131]
[0.14704339]
[0.13980689]
[0.14439789]
[0.1268094]
[0.14785454]
[0.08845769]
[0.09230155]
[0.12575409]
[0.11458528]
[0.1380984]
[0.11807638]
[0.1261998]
[0.141617]
[0.13509272]
[0.1230939]
[0.08406383]
[0.14623238]
[0.12037443]
[0.12563065]
[0.14369728]
[0.09351514]
[0.13434567]
[0.12891109]
[0.10063224]
[0.11529211]
[0.11094924]
[0.14019471]
[0.14791978]
[0.13931351]
[0.1007332]
[0.06808765]
[0.12241249]
[0.13989071]
[0.12308198]
[0.12678524]
[0.07885163]
[0.11236777]
[0.1351254]
[0.14706593]
[0.11807638]
[0.13461999]
[0.14073919]
[0.08215369]
[0.1287639]
[0.13194283]
[0.14873682]
[0.09746834]
[0.14002871]
[0.14844863]
[0.14029727]
[0.1366715]
[0.12863431]
[0.13116518]
[0.1287824]
[0.13933618]
[0.13562824]
[0.12613544]
[0.13349421]
[0.13514385]
[0.14554407]
[0.10691549]
[0.13777869]
[0.14252073]
[0.14297605]
[0.12525086]
[0.09773796]
[0.14155079]
[0.08631454]
[0.12503336]
[0.14638916]
[0.14255412]
[0.09320139]
[0.1200279]
[0.07018341]
[0.11052211]
[0.0974218]
[0.10924238]
[0.12628552]
[0.11691021]
[0.11458979]
[0.12453714]
[0.09367028]
[0.14464144]
[0.09424964]
[0.12969193]
[0.14742267]
[0.12061861]
[0.10967592]
[0.12705588]
[0.11972019]
[0.11779037]
[0.11298588]
[0.11633524]
[0.10704356]
[0.14306164]
[0.07628381]
[0.10638456]
[0.14539128]
[0.12485778]
[0.13246049]
[0.08249718]
[0.10407977]
[0.12687396]
[0.14507493]
[0.11052211]
[0.1371029]
[0.14037688]
[0.14526897]
[0.10914416]
[0.10196194]
[0.09847687]
[0.14057494]
[0.12846387]
[0.11345661]
[0.12587525]
[0.13492821]
[0.12721048]
[0.13282703]
[0.11676934]
[0.14276787]
[0.12535927]
[0.14673974]
[0.14754241]
[0.11128906]
[0.12661953]
[0.13764785]
[0.12963166]
[0.1180811]
[0.08600862]
[0.11575199]
[0.13216265]
[0.11444956]
[0.13704722]
[0.14879624]
[0.08204832]
[0.14512643]
[0.1389959]
[0.13089517]
[0.09027589]
[0.14160306]
[0.1361986]
[0.14182649]
[0.14157164]
[0.14596907]
[0.11981967]
[0.12272516]
[0.12165901]
[0.11224257]
[0.13667263]
[0.11599433]
[0.14635278]
[0.10993201]
[0.13034651]
[0.14877482]
[0.11993846]
[0.13648562]
[0.1122654]
[0.12574092]
[0.12458808]
[0.13580076]
[0.12856028]
[0.12068927]
[0.1316658]
[0.13175403]
[0.12710446]
[0.13043057]
[0.1372662]
[0.08072773]
[0.11443852]
[0.14839006]
[0.13609041]
[0.1008472]
[0.14003953]
[0.12091231]
[0.13782169]
[0.14667764]
[0.086859]
[0.08587853]
[0.09808081]
[0.13434711]
[0.13500298]
[0.12486056]
[0.09261364]
[0.14487432]
[0.12679482]
[0.14822614]
[0.13752637]
[0.14074119]
[0.10860529]
[0.09773796]
[0.13728978]
[0.12129819]
[0.13960448]
[0.14023562]
[0.11631047]
[0.11383013]
[0.1185676]
[0.08998147]
[0.11992422]
[0.10241683]
[0.13986852]
[0.12835178]
[0.12162511]
[0.11144547]
[0.12179406]
[0.09555983]
[0.13123639]
[0.08735918]
[0.09061292]
[0.14581593]
[0.14032031]
[0.1366715]
[0.14025931]
[0.13376602]
[0.13929276]
[0.14712338]
[0.13692668]
[0.14573711]
[0.11691418]
[0.14477003]
[0.13477691]
[0.14543777]
[0.14136433]
[0.12872913]
[0.1310359]
[0.13566884]
[0.09440872]
[0.11189382]
[0.14400494]
[0.14275646]
[0.1466267]
[0.14181435]
[0.10494428]
[0.11787228]
[0.1040163]
[0.13001271]
[0.14147332]
[0.12098187]
[0.13908008]
[0.13777541]
[0.07964436]
[0.10894465]
[0.14540415]
[0.1313699]
[0.13572676]
[0.14015809]
[0.14244324]
[0.11196926]
[0.11106266]
[0.1455561]
[0.09128364]
[0.12856674]
[0.13930761]
[0.11749043]
[0.11962654]
[0.12137134]
[0.12214406]
[0.11351074]
[0.07527275]
[0.14761146]
[0.11136293]
[0.14218088]
[0.09993803]
[0.0985564]
[0.14036988]
[0.09390609]
[0.09511923]
[0.11981967]
[0.12304753]
[0.14174049]
[0.11994314]
[0.14219407]
[0.13180537]
[0.11691418]
[0.11785394]
[0.11533082]
[0.06577759]
[0.08582307]
[0.14196359]
[0.08663394]
[0.14708665]
[0.14194433]
[0.1318289]
[0.10971751]
[0.13091013]
[0.08172478]
[0.10529223]
[0.14335046]
[0.08701111]
[0.14067914]
[0.13957646]
[0.09599467]
[0.13017974]
[0.0868141]
[0.08750441]
[0.14223055]
[0.12009821]
[0.0919959]
[0.12679284]
[0.1442948]
[0.13999235]
[0.09513941]
[0.14433452]
[0.11391752]
[0.11625869]
[0.12969833]
[0.11156263]
[0.124594]
[0.14134813]
[0.13756632]
[0.12404045]
[0.11092788]
[0.11666507]
[0.10461768]
[0.11780885]
[0.11583237]
[0.13827512]
[0.13174859]
[0.09104626]
[0.13086053]
[0.13109276]
[0.11832807]
[0.14406557]
[0.11953424]
[0.1389959]
[0.12273307]
[0.12295659]
[0.09735827]
[0.14544768]
[0.14446309]
[0.12789233]
[0.12121831]
[0.14668247]
[0.12356971]
[0.1054764]
[0.13329695]
[0.14846575]
[0.1479006]
[0.12120553]
[0.13064173]
[0.13381819]
[0.13862337]
[0.09185487]
[0.08950053]
[0.13568527]
[0.09871126]
[0.09007586]
[0.08989142]
[0.12959562]
[0.1362271]
[0.07856174]
[0.07329873]
[0.1453028]
[0.11176216]
[0.11717278]
[0.1197605]
[0.12514087]
[0.1123791]
[0.13926495]
[0.12104828]
[0.09281476]
[0.14303063]
[0.12332662]
[0.13287693]
[0.10775899]
[0.13893502]
[0.11390578]
[0.14316799]
[0.11032798]
[0.10318451]
[0.13823778]
[0.11052211]
[0.1023734]
[0.13755472]
[0.08689102]
[0.13469504]
[0.11141252]
[0.10741176]
[0.12253907]
[0.14185618]
[0.12106283]
[0.11912067]
[0.13869863]
[0.13376602]
[0.14123559]
[0.09279917]
[0.08993894]
[0.11073207]
[0.14228474]
[0.1366715]
[0.12651403]
[0.12605849]
[0.14058749]
[0.1384148]
[0.11267466]
[0.09905064]
[0.14073919]
[0.08768728]
[0.13384705]
[0.14496368]
[0.14044416]
[0.13705255]
[0.09708116]
[0.09653624]
[0.12683855]
[0.09783708]
[0.09055934]
[0.12542483]
[0.07518784]
[0.13759481]
[0.12568067]
[0.13775358]
[0.14036174]
[0.13421577]
[0.11393365]
[0.12111072]
[0.0878061]
[0.14066267]
[0.10569347]
[0.103014]
[0.12532452]
[0.14638132]
[1] 2500   11
[1] 2500   11
