LOADING R
R LOADED
[1] "/home/lvanderl/Rlibs2"                         
[2] "/app/software/R/4.3.1-gfbf-2022b/lib/R/library"
[1] "/home/lvanderl/sieveSims"
[1] "gam 5 1"
[1] "histogram binning"
[1] 0.1489423
[1] 0.1489423
[1] "mondrian"
[1] "iso"
[1] 0.1489423
[1] "conditional"
[   10.            11.51395399    13.25711366    15.26417967
    17.57510625    20.23589648    23.29951811    26.82695795
    30.88843596    35.56480306    40.94915062    47.14866363
    54.28675439    62.50551925    71.9685673     82.86427729
    95.40954763   109.8541142    126.48552169   145.63484775
   167.68329368   193.06977289   222.29964825   255.95479227
   294.70517026   339.32217719   390.69399371   449.8432669
   517.94746792   596.36233166   686.648845     790.60432109
   910.29817799  1048.11313415  1206.79264064  1389.49549437
  1599.85871961  1842.06996933  2120.95088792  2442.05309455
  2811.76869797  3237.45754282  3727.59372031  4291.93426013
  4941.71336132  5689.86602902  6551.2855686   7543.12006335
  8685.11373751 10000.        ]
[0.11291838 0.10741475 0.10385324 0.10400523 0.09750819 0.08984208
 0.08944151 0.08840939 0.08470144 0.08543713 0.0909145  0.08835119
 0.08816785 0.09218216 0.08989638 0.10315606 0.10161682 0.11687015
 0.11520412 0.12322045 0.1277638  0.14968834 0.15871649 0.15106307
 0.16427396 0.21255518 0.1976654  0.24694634 0.25549124 0.29460623
 0.32708182 0.35318934 0.43562096 0.42891495 0.55505161 0.54629916
 0.67503979 0.83113883 0.81612057 0.98384536 0.99985803 1.10168682
 1.04938826 1.39859102 1.78582118 1.72720922 2.21994172 2.17700405
 2.74929485 2.48143313]
30.888435964774818
0.032374575428176434
0
[0.09986111]
1
[0.14505569]
2
[0.13077298]
3
[0.12121271]
4
[0.11138218]
5
[0.11915172]
6
[0.13452184]
7
[0.14849944]
8
[0.12760433]
9
[0.11630892]
10
[0.09220818]
11
[0.17604767]
12
[0.10227522]
13
[0.08451804]
14
[0.15512782]
15
[0.11270006]
16
[0.0784278]
17
[0.09574902]
18
[0.09812395]
19
[0.09119258]
20
[0.08912887]
21
[0.08812262]
22
[0.09193273]
23
[0.08732358]
24
[0.13080978]
25
[0.16628911]
26
[0.08361874]
27
[0.11764565]
28
[0.09046801]
29
[0.10322003]
30
[0.08721998]
31
[0.08638301]
32
[0.14177442]
33
[0.08815875]
34
[0.21422428]
35
[0.13944244]
36
[0.07574126]
37
[0.08168803]
38
[0.09368056]
39
[0.12284428]
40
[0.11317562]
41
[0.18457671]
42
[0.15574732]
43
[0.11535887]
44
[0.07320402]
45
[0.112549]
46
[0.14884915]
47
[0.19044178]
48
[0.15360618]
49
[0.23195617]
50
[0.1016457]
51
[0.15041158]
52
[0.0947115]
53
[0.08587846]
54
[0.18824318]
55
[0.11706503]
56
[0.12045622]
57
[0.06793367]
58
[0.05230184]
59
[0.13473475]
60
[0.07064863]
61
[0.09700185]
62
[0.09104037]
63
[0.16889373]
64
[0.10499153]
65
[0.06673039]
66
[0.10609133]
67
[0.09942909]
68
[0.16226338]
69
[0.08138748]
70
[0.07433261]
71
[0.07869829]
72
[0.10571807]
73
[0.19155313]
74
[0.10668871]
75
[0.09250302]
76
[0.10096657]
77
[0.14032908]
78
[0.10209319]
79
[0.13684915]
80
[0.11280744]
81
[0.09421484]
82
[0.07703166]
83
[0.12352687]
84
[0.0907227]
85
[0.07989207]
86
[0.09435565]
87
[0.06386829]
88
[0.07970395]
89
[0.08892469]
90
[0.13833495]
91
[0.08482156]
92
[0.09824554]
93
[0.11612623]
94
[0.11246136]
95
[0.09369627]
96
[0.05009644]
97
[0.19367939]
98
[0.23503943]
99
[0.1012204]
100
[0.10574515]
101
[0.13161461]
102
[0.10110815]
103
[0.10021053]
104
[0.18228897]
105
[0.10380944]
106
[0.19017545]
107
[0.08581119]
108
[0.07025091]
109
[0.10760555]
110
[0.11909553]
111
[0.11677586]
112
[0.10688511]
113
[0.10132071]
114
[0.04633497]
115
[0.06982051]
116
[0.04972313]
117
[0.11481929]
118
[0.24896938]
119
[0.09742927]
120
[0.06660653]
121
[0.05347814]
122
[0.11588846]
123
[0.12450098]
124
[0.16008157]
125
[0.0884322]
126
[0.06723097]
127
[0.08367386]
128
[0.14311673]
129
[0.12369085]
130
[0.11247562]
131
[0.1053351]
132
[0.12104468]
133
[0.07280855]
134
[0.10513276]
135
[0.1172603]
136
[0.09371055]
137
[0.08754997]
138
[0.1302353]
139
[0.09515308]
140
[0.10045139]
141
[0.11145246]
142
[0.11780422]
143
[0.17194067]
144
[0.16370688]
145
[0.08854001]
146
[0.20566315]
147
[0.1123285]
148
[0.08679883]
149
[0.12230414]
150
[0.06946347]
151
[0.08879056]
152
[0.03958816]
153
[0.09999558]
154
[0.13809793]
155
[0.10359721]
156
[0.07327299]
157
[0.14424742]
158
[0.16396161]
159
[0.156168]
160
[0.1004251]
161
[0.11080047]
162
[0.1064267]
163
[0.12223056]
164
[0.15535748]
165
[0.10658521]
166
[0.08021693]
167
[0.1199689]
168
[0.09555812]
169
[0.09721884]
170
[0.11360184]
171
[0.08318241]
172
[0.09557037]
173
[0.14518263]
174
[0.10563025]
175
[0.11082786]
176
[0.09916973]
177
[0.08786351]
178
[0.10752802]
179
[0.107305]
180
[0.13134395]
181
[0.13346983]
182
[0.10116036]
183
[0.11467689]
184
[0.0939161]
185
[0.16786493]
186
[0.09232504]
187
[0.10554999]
188
[0.13066598]
189
[0.09357862]
190
[0.10694005]
191
[0.10215832]
192
[0.14321026]
193
[0.10011307]
194
[0.13946679]
195
[0.14446689]
196
[0.08265099]
197
[0.10181673]
198
[0.09204716]
199
[0.08389323]
200
[0.11879871]
201
[0.11685787]
202
[0.16078741]
203
[0.10161825]
204
[0.17812359]
205
[0.08986419]
206
[0.08921197]
207
[0.06166605]
208
[0.19648215]
209
[0.0970779]
210
[0.07940012]
211
[0.1042038]
212
[0.08277597]
213
[0.1050884]
214
[0.10399521]
215
[0.10797339]
216
[0.09626264]
217
[0.10509801]
218
[0.09129672]
219
[0.09014867]
220
[0.07598156]
221
[0.11133037]
222
[0.03193198]
223
[0.05889309]
224
[0.09790087]
225
[0.10537775]
226
[0.1198205]
227
[0.20536494]
228
[0.09447802]
229
[0.14199714]
230
[0.06870205]
231
[0.09135435]
232
[0.20558424]
233
[0.072905]
234
[0.18989265]
235
[0.16584984]
236
[0.12111145]
237
[0.232076]
238
[0.10961271]
239
[0.11019747]
240
[0.12677416]
241
[0.08821242]
242
[0.04491805]
243
[0.07340026]
244
[0.12781132]
245
[0.09055892]
246
[0.10271708]
247
[0.09544447]
248
[0.0759802]
249
[0.09593198]
250
[0.06099973]
251
[0.09640746]
252
[0.0636049]
253
[0.10630391]
254
[0.07398527]
255
[0.11449319]
256
[0.15909874]
257
[0.06854028]
258
[0.09452719]
259
[0.11519704]
260
[0.10166649]
261
[0.22895564]
262
[0.1077788]
263
[0.09688478]
264
[0.07878409]
265
[0.14625886]
266
[0.16600154]
267
[0.17735159]
268
[0.09464608]
269
[0.05420496]
270
[0.12494797]
271
[0.12164231]
272
[0.12917379]
273
[0.08337488]
274
[0.1071273]
275
[0.09328661]
276
[0.13373046]
277
[0.09803245]
278
[0.04165788]
279
[0.09728467]
280
[0.09678335]
281
[0.11999215]
282
[0.10369282]
283
[0.10957986]
284
[0.14596428]
285
[0.13306625]
286
[0.1089223]
287
[0.11295879]
288
[0.09079231]
289
[0.08678506]
290
[0.13270471]
291
[0.16978307]
292
[0.08662402]
293
[0.10042592]
294
[0.11703421]
295
[0.12980119]
296
[0.0763369]
297
[0.06108508]
298
[0.08076877]
299
[0.04280502]
300
[0.11265152]
301
[0.10207884]
302
[0.12171632]
303
[0.1209919]
304
[0.21712548]
305
[0.11197644]
306
[0.08773084]
307
[0.09911211]
308
[0.08345655]
309
[0.1053291]
310
[0.11807099]
311
[0.12331007]
312
[0.06969426]
313
[0.14543462]
314
[0.12768317]
315
[0.09878698]
316
[0.10828199]
317
[0.09924401]
318
[0.12004409]
319
[0.11371489]
320
[0.11678317]
321
[0.11737919]
322
[0.09111562]
323
[0.08951352]
324
[0.08443487]
325
[0.13011183]
326
[0.16918684]
327
[0.1323429]
328
[0.09195508]
329
[0.09523393]
330
[0.10193788]
331
[0.08562163]
332
[0.14390183]
333
[0.07099337]
334
[0.09370842]
335
[0.09270668]
336
[0.15510921]
337
[0.09146198]
338
[0.10853156]
339
[0.0886105]
340
[0.07663386]
341
[0.23591314]
342
[0.0633584]
343
[0.14068039]
344
[0.14018026]
345
[0.17196319]
346
[0.10710062]
347
[0.09960539]
348
[0.06773409]
349
[0.07649622]
350
[0.08909864]
351
[0.08261417]
352
[0.11348954]
353
[0.11953542]
354
[0.05940864]
355
[0.0947092]
356
[0.09992977]
357
[0.11589573]
358
[0.08710735]
359
[0.14528808]
360
[0.13100741]
361
[0.08187767]
362
[0.15714784]
363
[0.19084047]
364
[0.09907696]
365
[0.09146411]
366
[0.14173111]
367
[0.14200303]
368
[0.12153705]
369
[0.07016398]
370
[0.06241424]
371
[0.13871973]
372
[0.09020213]
373
[0.09721761]
374
[0.09729227]
375
[0.07412001]
376
[0.05704878]
377
[0.11306676]
378
[0.12971024]
379
[0.12371378]
380
[0.13802222]
381
[0.07103737]
382
[0.08992757]
383
[0.18213754]
384
[0.08387092]
385
[0.10673415]
386
[0.12739573]
387
[0.11546817]
388
[0.10891007]
389
[0.06229969]
390
[0.10957358]
391
[0.15022053]
392
[0.10153888]
393
[0.14272792]
394
[0.15004025]
395
[0.11705147]
396
[0.06806313]
397
[0.08827435]
398
[0.11511259]
399
[0.10765898]
400
[0.08266842]
401
[0.04234211]
402
[0.10730696]
403
[0.08255133]
404
[0.19185569]
405
[0.10628838]
406
[0.09045076]
407
[0.09528385]
408
[0.1059114]
409
[0.12470287]
410
[0.1476033]
411
[0.08828558]
412
[0.13361231]
413
[0.06040024]
414
[0.07822024]
415
[0.10138194]
416
[0.22461671]
417
[0.0772336]
418
[0.10378174]
419
[0.14752593]
420
[0.10468717]
421
[0.10343617]
422
[0.10260871]
423
[0.10475921]
424
[0.09312193]
425
[0.10761607]
426
[0.09035493]
427
[0.107036]
428
[0.07745925]
429
[0.08535265]
430
[0.08716244]
431
[0.11519933]
432
[0.09640292]
433
[0.11832714]
434
[0.0781348]
435
[0.17364706]
436
[0.07997784]
437
[0.22067143]
438
[0.12706286]
439
[0.07674764]
440
[0.1860213]
441
[0.17061707]
442
[0.08922978]
443
[0.12968876]
444
[0.10381592]
445
[0.12057746]
446
[0.16737565]
447
[0.08895479]
448
[0.13485479]
449
[0.13618656]
450
[0.12633941]
451
[0.09462579]
452
[0.07835101]
453
[0.09248311]
454
[0.14067781]
455
[0.2222381]
456
[0.0814159]
457
[0.10745533]
458
[0.12256551]
459
[0.15686235]
460
[0.07858113]
461
[0.07674884]
462
[0.07902164]
463
[0.03699451]
464
[0.09704945]
465
[0.10009017]
466
[0.08808949]
467
[0.09092745]
468
[0.1279722]
469
[0.15236225]
470
[0.16026459]
471
[0.25518125]
472
[0.13478301]
473
[0.09615671]
474
[0.07197115]
475
[0.13527922]
476
[0.10468177]
477
[0.16273987]
478
[0.06894152]
479
[0.1465432]
480
[0.1061012]
481
[0.09586473]
482
[0.05889513]
483
[0.12957242]
484
[0.12826172]
485
[0.09136639]
486
[0.11439644]
487
[0.05557052]
488
[0.1765303]
489
[0.13675763]
490
[0.0611242]
491
[0.09828797]
492
[0.12314263]
493
[0.05560785]
494
[0.15700219]
495
[0.13272732]
496
[0.11353274]
497
[0.11400178]
498
[0.11796906]
499
[0.11670846]
500
[0.06805476]
501
[0.10717638]
502
[0.08810353]
503
[0.10795789]
504
[0.09889932]
505
[0.10014252]
506
[0.10194333]
507
[0.14101084]
508
[0.11673344]
509
[0.10560667]
510
[0.11937341]
511
[0.08822119]
512
[0.12033543]
513
[0.22126038]
514
[0.13121174]
515
[0.17399101]
516
[0.20974303]
517
[0.1079736]
518
[0.24919774]
519
[0.09674985]
520
[0.05348428]
521
[0.18001088]
522
[0.11698207]
523
[0.08995306]
524
[0.174596]
525
[0.10311632]
526
[0.1205091]
527
[0.07501402]
528
[0.13295643]
529
[0.11602537]
530
[0.14139179]
531
[0.10543953]
532
[0.27595063]
533
[0.1263433]
534
[0.13896727]
535
[0.21490283]
536
[0.04220225]
537
[0.08797828]
538
[0.13560409]
539
[0.09849087]
540
[0.09680701]
541
[0.11136664]
542
[0.08812986]
543
[0.09514844]
544
[0.14040097]
545
[0.20850222]
546
[0.08873418]
547
[0.10609239]
548
[0.10304532]
549
[0.14812602]
550
[0.0731766]
551
[0.10833359]
552
[0.10270175]
553
[0.09506802]
554
[0.09166926]
555
[0.13313836]
556
[0.1992824]
557
[0.0802724]
558
[0.11378578]
559
[0.13958098]
560
[0.10158523]
561
[0.10969321]
562
[0.07993905]
563
[0.11356732]
564
[0.11842503]
565
[0.08230676]
566
[0.13680514]
567
[0.1063079]
568
[0.10403453]
569
[0.13723069]
570
[0.14221174]
571
[0.25428828]
572
[0.08941671]
573
[0.1483294]
574
[0.12163382]
575
[0.12853532]
576
[0.12080468]
577
[0.10517021]
578
[0.11954388]
579
[0.07993921]
580
[0.25230934]
581
[0.08109816]
582
[0.09124702]
583
[0.19886076]
584
[0.08636037]
585
[0.09479747]
586
[0.11867095]
587
[0.17304644]
588
[0.05202031]
589
[0.05781403]
590
[0.21494909]
591
[0.08873724]
592
[0.13120351]
593
[0.1886417]
594
[0.18494088]
595
[0.10295598]
596
[0.05439263]
597
[0.09359731]
598
[0.11234138]
599
[0.09661247]
600
[0.23412304]
601
[0.13434256]
602
[0.11757193]
603
[0.11314855]
604
[0.14822572]
605
[0.08897761]
606
[0.06904163]
607
[0.13461558]
608
[0.18924204]
609
[0.03557203]
610
[0.0532043]
611
[0.06759826]
612
[0.0965392]
613
[0.12572014]
614
[0.10629974]
615
[0.19038349]
616
[0.10925158]
617
[0.19893423]
618
[0.08555312]
619
[0.09277367]
620
[0.09709485]
621
[0.15203329]
622
[0.10104807]
623
[0.1052635]
624
[0.15485693]
625
[0.07825274]
626
[0.08926977]
627
[0.10385722]
628
[0.17942362]
629
[0.18513969]
630
[0.10115203]
631
[0.08364209]
632
[0.07612187]
633
[0.11876589]
634
[0.11989112]
635
[0.08682303]
636
[0.05007096]
637
[0.09387223]
638
[0.12372141]
639
[0.10884744]
640
[0.10271213]
641
[0.1236091]
642
[0.10654027]
643
[0.11470716]
644
[0.14640587]
645
[0.06958831]
646
[0.10153992]
647
[0.15098793]
648
[0.09141367]
649
[0.09620286]
650
[0.14082147]
651
[0.06530897]
652
[0.11108825]
653
[0.14547066]
654
[0.16374909]
655
[0.08599667]
656
[0.07167369]
657
[0.14829602]
658
[0.14763484]
659
[0.09112363]
660
[0.12954721]
661
[0.0832152]
662
[0.15276493]
663
[0.08754947]
664
[0.09831723]
665
[0.0801495]
666
[0.14688419]
667
[0.11278141]
668
[0.10526468]
669
[0.1703377]
670
[0.08442669]
671
[0.08859821]
672
[0.11630495]
673
[0.18039174]
674
[0.08434587]
675
[0.06982165]
676
[0.12439968]
677
[0.12975286]
678
[0.10637301]
679
[0.08850534]
680
[0.1604496]
681
[0.09781709]
682
[0.10327811]
683
[0.10596054]
684
[0.11998909]
685
[0.05013399]
686
[0.15880164]
687
[0.05638508]
688
[0.12640518]
689
[0.1221421]
690
[0.08266053]
691
[0.07042195]
692
[0.08299365]
693
[0.08775278]
694
[0.08032917]
695
[0.07396769]
696
[0.09987563]
697
[0.12041765]
698
[0.11614496]
699
[0.10055238]
700
[0.06130147]
701
[0.10414712]
702
[0.11690724]
703
[0.12066231]
704
[0.10811312]
705
[0.16569501]
706
[0.13942846]
707
[0.18811332]
708
[0.09545996]
709
[0.0864464]
710
[0.11715392]
711
[0.14496058]
712
[0.14333149]
713
[0.14068575]
714
[0.12978257]
715
[0.12524371]
716
[0.07907197]
717
[0.11812086]
718
[0.11489976]
719
[0.08026513]
720
[0.13245441]
721
[0.21260868]
722
[0.10259137]
723
[0.12342803]
724
[0.11078395]
725
[0.10954529]
726
[0.21594934]
727
[0.19288347]
728
[0.05674486]
729
[0.15702887]
730
[0.08066322]
731
[0.08342111]
732
[0.10181615]
733
[0.10273197]
734
[0.09696429]
735
[0.1332125]
736
[0.13793017]
737
[0.18923198]
738
[0.15431156]
739
[0.24609895]
740
[0.09361787]
741
[0.09335533]
742
[0.09656124]
743
[0.17462759]
744
[0.07144979]
745
[0.10227291]
746
[0.10073429]
747
[0.10832388]
748
[0.10815482]
749
[0.13037359]
750
[0.11629356]
751
[0.1137869]
752
[0.12765369]
753
[0.1090815]
754
[0.18466926]
755
[0.10433429]
756
[0.18670499]
757
[0.12974452]
758
[0.23109766]
759
[0.11656541]
760
[0.12447297]
761
[0.13244229]
762
[0.10324588]
763
[0.17031087]
764
[0.10218287]
765
[0.09405419]
766
[0.09817513]
767
[0.1044986]
768
[0.09654934]
769
[0.11599799]
770
[0.14512771]
771
[0.18517929]
772
[0.08290984]
773
[0.09269456]
774
[0.09378744]
775
[0.12811676]
776
[0.13013544]
777
[0.07123606]
778
[0.09822273]
779
[0.17003005]
780
[0.09509054]
781
[0.03415114]
782
[0.12824992]
783
[0.10642209]
784
[0.12583981]
785
[0.10592055]
786
[0.11976098]
787
[0.10372585]
788
[0.09427932]
789
[0.09249965]
790
[0.06888205]
791
[0.26971624]
792
[0.09566512]
793
[0.09530254]
794
[0.11834433]
795
[0.07523247]
796
[0.04064511]
797
[0.13557095]
798
[0.05241465]
799
[0.12083303]
800
[0.08775948]
801
[0.10560207]
802
[0.13122798]
803
[0.15889757]
804
[0.10030194]
805
[0.09524749]
806
[0.18081045]
807
[0.17608256]
808
[0.07349909]
809
[0.11872632]
810
[0.11806507]
811
[0.1639902]
812
[0.08654514]
813
[0.15823078]
814
[0.06832666]
815
[0.07956876]
816
[0.07749635]
817
[0.06613094]
818
[0.09047286]
819
[0.15994115]
820
[0.09654188]
821
[0.11014667]
822
[0.16731302]
823
[0.11747197]
824
[0.12140105]
825
[0.10219563]
826
[0.09382194]
827
[0.10832388]
828
[0.1359442]
829
[0.11338265]
830
[0.09480901]
831
[0.10231519]
832
[0.10286515]
833
[0.15603378]
834
[0.12277995]
835
[0.14870555]
836
[0.09989049]
837
[0.11399863]
838
[0.09328607]
839
[0.13317449]
840
[0.11286991]
841
[0.1098123]
842
[0.11977528]
843
[0.15590723]
844
[0.05157449]
845
[0.11218304]
846
[0.07324879]
847
[0.17676757]
848
[0.07525572]
849
[0.08105505]
850
[0.14480686]
851
[0.08716239]
852
[0.10517035]
853
[0.11595619]
854
[0.11372893]
855
[0.08027211]
856
[0.12306909]
857
[0.09552243]
858
[0.11061813]
859
[0.1129078]
860
[0.09695269]
861
[0.08763292]
862
[0.27482778]
863
[0.09976157]
864
[0.10131766]
865
[0.07856986]
866
[0.17398199]
867
[0.05389335]
868
[0.07330823]
869
[0.09088355]
870
[0.08985269]
871
[0.10306861]
872
[0.09713069]
873
[0.08290361]
874
[0.1251596]
875
[0.08586361]
876
[0.10045219]
877
[0.17364324]
878
[0.12106048]
879
[0.15696688]
880
[0.11480061]
881
[0.1747262]
882
[0.11180364]
883
[0.09974644]
884
[0.08696273]
885
[0.09712965]
886
[0.10545597]
887
[0.11437538]
888
[0.13035444]
889
[0.09247257]
890
[0.19273047]
891
[0.09299904]
892
[0.09222164]
893
[0.09124966]
894
[0.1507146]
895
[0.22805609]
896
[0.04144372]
897
[0.12409328]
898
[0.09758315]
899
[0.03971894]
900
[0.09446566]
901
[0.09358878]
902
[0.12365787]
903
[0.04594439]
904
[0.03433069]
905
[0.21543467]
906
[0.10220193]
907
[0.10297583]
908
[0.09403834]
909
[0.06020262]
910
[0.12187201]
911
[0.12847566]
912
[0.07566498]
913
[0.12243396]
914
[0.07944317]
915
[0.16958002]
916
[0.0733972]
917
[0.1470064]
918
[0.12174009]
919
[0.09001533]
920
[0.09565533]
921
[0.24100125]
922
[0.12500773]
923
[0.08980147]
924
[0.05802253]
925
[0.09381034]
926
[0.09069281]
927
[0.1346017]
928
[0.11097409]
929
[0.04452979]
930
[0.18029781]
931
[0.11441833]
932
[0.16925665]
933
[0.09105801]
934
[0.10823668]
935
[0.13043308]
936
[0.1760334]
937
[0.09150023]
938
[0.10032902]
939
[0.10755222]
940
[0.10265765]
941
[0.07844667]
942
[0.11016139]
943
[0.20372364]
944
[0.08842949]
945
[0.09893929]
946
[0.09731991]
947
[0.10526196]
948
[0.15432618]
949
[0.17526472]
950
[0.11809726]
951
[0.08587688]
952
[0.07142319]
953
[0.09069703]
954
[0.16090968]
955
[0.07956912]
956
[0.10717354]
957
[0.06759417]
958
[0.0892546]
959
[0.08481989]
960
[0.0564275]
961
[0.10128181]
962
[0.09099894]
963
[0.10973889]
964
[0.06848045]
965
[0.07515795]
966
[0.11732348]
967
[0.10473077]
968
[0.107261]
969
[0.09414995]
970
[0.08013219]
971
[0.18170247]
972
[0.12586746]
973
[0.09098164]
974
[0.14628572]
975
[0.17508506]
976
[0.16518564]
977
[0.10686158]
978
[0.09805792]
979
[0.13620478]
980
[0.0925982]
981
[0.05595935]
982
[0.10137313]
983
[0.11898804]
984
[0.10178346]
985
[0.18511061]
986
[0.12698226]
987
[0.08063876]
988
[0.13235465]
989
[0.10887681]
990
[0.20087244]
991
[0.1176333]
992
[0.07452485]
993
[0.10426893]
994
[0.17502876]
995
[0.08780326]
996
[0.21338018]
997
[0.09031304]
998
[0.16311098]
999
[0.10665669]
1000
[0.14981526]
1001
[0.08791705]
1002
[0.13238307]
1003
[0.11135479]
1004
[0.15840464]
1005
[0.08129192]
1006
[0.12643257]
1007
[0.16430473]
1008
[0.17854939]
1009
[0.11545302]
1010
[0.06658476]
1011
[0.08952005]
1012
[0.08823919]
1013
[0.09999358]
1014
[0.11889658]
1015
[0.10824129]
1016
[0.11010882]
1017
[0.16555528]
1018
[0.18792598]
1019
[0.17471599]
1020
[0.14014449]
1021
[0.11626428]
1022
[0.09027028]
1023
[0.09323719]
1024
[0.1249338]
1025
[0.06825831]
1026
[0.18887653]
1027
[0.12066973]
1028
[0.10112276]
1029
[0.1546786]
1030
[0.08614326]
1031
[0.09136846]
1032
[0.06944303]
1033
[0.08476885]
1034
[0.11227203]
1035
[0.12660579]
1036
[0.08169573]
1037
[0.1071685]
1038
[0.06142208]
1039
[0.11349986]
1040
[0.06661075]
1041
[0.11693923]
1042
[0.07705998]
1043
[0.10540132]
1044
[0.09666375]
1045
[0.11398804]
1046
[0.16159958]
1047
[0.19638857]
1048
[0.0718475]
1049
[0.0763301]
1050
[0.10201743]
1051
[0.12566621]
1052
[0.14414639]
1053
[0.21708]
1054
[0.06130642]
1055
[0.0777627]
1056
[0.20385882]
1057
[0.11536022]
1058
[0.06791928]
1059
[0.10094859]
1060
[0.07033785]
1061
[0.1604649]
1062
[0.09656756]
1063
[0.08856003]
1064
[0.0970481]
1065
[0.05092877]
1066
[0.09556001]
1067
[0.13342295]
1068
[0.10086744]
1069
[0.18206934]
1070
[0.11505798]
1071
[0.11187602]
1072
[0.10259554]
1073
[0.07832586]
1074
[0.11287649]
1075
[0.28212202]
1076
[0.11061061]
1077
[0.07699983]
1078
[0.08714741]
1079
[0.05812154]
1080
[0.08743349]
1081
[0.12442502]
1082
[0.13956541]
1083
[0.12621819]
1084
[0.0815472]
1085
[0.13251689]
1086
[0.05310307]
1087
[0.08961966]
1088
[0.09700903]
1089
[0.1151743]
1090
[0.10348698]
1091
[0.12311551]
1092
[0.20721595]
1093
[0.12908159]
1094
[0.13243999]
1095
[0.08401282]
1096
[0.20203938]
1097
[0.08508527]
1098
[0.14663923]
1099
[0.17769306]
1100
[0.11954738]
1101
[0.12932301]
1102
[0.08765266]
1103
[0.14917233]
1104
[0.08881661]
1105
[0.19258643]
1106
[0.10770452]
1107
[0.24216193]
1108
[0.12834687]
1109
[0.04180156]
1110
[0.1081174]
1111
[0.09508027]
1112
[0.08349392]
1113
[0.08071741]
1114
[0.13631648]
1115
[0.08369715]
1116
[0.12318836]
1117
[0.18497996]
1118
[0.12085313]
1119
[0.06848996]
1120
[0.14493816]
1121
[0.13370601]
1122
[0.15122089]
1123
[0.07206656]
1124
[0.09962575]
1125
[0.11191752]
1126
[0.15640938]
1127
[0.16825882]
1128
[0.06848045]
1129
[0.05466882]
1130
[0.09631122]
1131
[0.09861312]
1132
[0.13854576]
1133
[0.09301449]
1134
[0.28786107]
1135
[0.07158441]
1136
[0.09912241]
1137
[0.05894048]
1138
[0.04426148]
1139
[0.07635354]
1140
[0.1019008]
1141
[0.10728521]
1142
[0.10780397]
1143
[0.09054843]
1144
[0.11566368]
1145
[0.09360919]
1146
[0.2208755]
1147
[0.20552315]
1148
[0.06859866]
1149
[0.10362341]
1150
[0.08014827]
1151
[0.09036628]
1152
[0.06334458]
1153
[0.10502922]
1154
[0.0839758]
1155
[0.05937498]
1156
[0.10643781]
1157
[0.18238325]
1158
[0.06086485]
1159
[0.07321931]
1160
[0.1870464]
1161
[0.17157411]
1162
[0.0960522]
1163
[0.11868535]
1164
[0.08089827]
1165
[0.12825558]
1166
[0.08885368]
1167
[0.10522767]
1168
[0.12113313]
1169
[0.09033836]
1170
[0.12369911]
1171
[0.03558854]
1172
[0.0856123]
1173
[0.15931907]
1174
[0.11133788]
1175
[0.1276474]
1176
[0.12102936]
1177
[0.19407525]
1178
[0.04339505]
1179
[0.15898992]
1180
[0.16126334]
1181
[0.01510718]
1182
[0.08705189]
1183
[0.06439386]
1184
[0.08789305]
1185
[0.10535666]
1186
[0.09305385]
1187
[0.09696904]
1188
[0.18495998]
1189
[0.16448426]
1190
[0.07027444]
1191
[0.083069]
1192
[0.10777433]
1193
[0.10392003]
1194
[0.10494549]
1195
[0.11303281]
1196
[0.27672197]
1197
[0.07985709]
1198
[0.09650458]
1199
[0.12041496]
1200
[0.13960296]
1201
[0.08134238]
1202
[0.08384413]
1203
[0.06559157]
1204
[0.09487504]
1205
[0.0972772]
1206
[0.06448776]
1207
[0.16530531]
1208
[0.06814542]
1209
[0.09078581]
1210
[0.13896932]
1211
[0.09581347]
1212
[0.20573198]
1213
[0.06290525]
1214
[0.03908458]
1215
[0.10411158]
1216
[0.13633532]
1217
[0.13335851]
1218
[0.09636207]
1219
[0.09988767]
1220
[0.0249314]
1221
[0.05527702]
1222
[0.13524148]
1223
[0.10088717]
1224
[0.13974395]
1225
[0.10157496]
1226
[0.09079347]
1227
[0.07773029]
1228
[0.09704508]
1229
[0.12892764]
1230
[0.12765831]
1231
[0.20630058]
1232
[0.10274994]
1233
[0.14880661]
1234
[0.12387845]
1235
[0.09505471]
1236
[0.15183099]
1237
[0.04332608]
1238
[0.15214827]
1239
[0.08948214]
1240
[0.10806489]
1241
[0.11147322]
1242
[0.10771114]
1243
[0.11107889]
1244
[0.07530313]
1245
[0.15431208]
1246
[0.13682364]
1247
[0.17703585]
1248
[0.21814812]
1249
[0.04850533]
1250
[0.17340972]
1251
[0.08833738]
1252
[0.19867623]
1253
[0.11776008]
1254
[0.18649741]
1255
[0.05942571]
1256
[0.11164933]
1257
[0.09433403]
1258
[0.09501404]
1259
[0.1035452]
1260
[0.18664701]
1261
[0.15869643]
1262
[0.13520335]
1263
[0.09608496]
1264
[0.07223484]
1265
[0.0781048]
1266
[0.11899334]
1267
[0.07437795]
1268
[0.09653832]
1269
[0.22301007]
1270
[0.1034537]
1271
[0.06951597]
1272
[0.10258023]
1273
[0.21217962]
1274
[0.13340018]
1275
[0.16450231]
1276
[0.17622606]
1277
[0.08799033]
1278
[0.13728572]
1279
[0.13475146]
1280
[0.1273891]
1281
[0.12238954]
1282
[0.0916171]
1283
[0.06635593]
1284
[0.09943385]
1285
[0.09160901]
1286
[0.09148863]
1287
[0.10753599]
1288
[0.11069952]
1289
[0.12537117]
1290
[0.13203837]
1291
[0.17564768]
1292
[0.09190165]
1293
[0.12498317]
1294
[0.22474153]
1295
[0.08635074]
1296
[0.1090332]
1297
[0.18733788]
1298
[0.08287339]
1299
[0.08853834]
1300
[0.10365547]
1301
[0.04334409]
1302
[0.0977091]
1303
[0.12342393]
1304
[0.09781993]
1305
[0.04886072]
1306
[0.1039473]
1307
[0.18976259]
1308
[0.08980939]
1309
[0.04283298]
1310
[0.07623336]
1311
[0.10373242]
1312
[0.11226614]
1313
[0.06671772]
1314
[0.10405327]
1315
[0.15877032]
1316
[0.15144835]
1317
[0.08005519]
1318
[0.09420302]
1319
[0.08978552]
1320
[0.17877272]
1321
[0.0922119]
1322
[0.0977233]
1323
[0.09105747]
1324
[0.1010286]
1325
[0.11817808]
1326
[0.11198198]
1327
[0.08866266]
1328
[0.05592703]
1329
[0.09673835]
1330
[0.05806025]
1331
[0.13127033]
1332
[0.12374298]
1333
[0.09385327]
1334
[0.13479214]
1335
[0.11380343]
1336
[0.09437678]
1337
[0.08925373]
1338
[0.09222722]
1339
[0.0434977]
1340
[0.08835796]
1341
[0.14713441]
1342
[0.12314869]
1343
[0.10197853]
1344
[0.03177537]
1345
[0.10745649]
1346
[0.07988784]
1347
[0.10566746]
1348
[0.09362063]
1349
[0.23743192]
1350
[0.12437671]
1351
[0.08842137]
1352
[0.08660546]
1353
[0.17409789]
1354
[0.08930172]
1355
[0.09036628]
1356
[0.10433669]
1357
[0.14869671]
1358
[0.1085427]
1359
[0.23190965]
1360
[0.13000386]
1361
[0.11080917]
1362
[0.12203488]
1363
[0.14223481]
1364
[0.14250134]
1365
[0.09779107]
1366
[0.2104445]
1367
[0.13267992]
1368
[0.14695327]
1369
[0.11054243]
1370
[0.1501093]
1371
[0.08773915]
1372
[0.06725806]
1373
[0.18259534]
1374
[0.10284794]
1375
[0.12106234]
1376
[0.11307704]
1377
[0.12025886]
1378
[0.08644984]
1379
[0.06267948]
1380
[0.07689845]
1381
[0.17318039]
1382
[0.09281413]
1383
[0.14669457]
1384
[0.26155113]
1385
[0.08612493]
1386
[0.12243652]
1387
[0.08668361]
1388
[0.15693612]
1389
[0.0615392]
1390
[0.114857]
1391
[0.0447207]
1392
[0.1092203]
1393
[0.06487627]
1394
[0.11218398]
1395
[0.13776386]
1396
[0.27622466]
1397
[0.12355005]
1398
[0.08219306]
1399
[0.19888535]
1400
[0.13273594]
1401
[0.08267383]
1402
[0.07368282]
1403
[0.09863766]
1404
[0.13982679]
1405
[0.08340193]
1406
[0.13952325]
1407
[0.07117888]
1408
[0.10039804]
1409
[0.09326559]
1410
[0.09059822]
1411
[0.10128993]
1412
[0.10458015]
1413
[0.12633201]
1414
[0.0737264]
1415
[0.09109822]
1416
[0.12546588]
1417
[0.09389842]
1418
[0.18157668]
1419
[0.19459182]
1420
[0.09362632]
1421
[0.08630446]
1422
[0.14333425]
1423
[0.08422297]
1424
[0.10125723]
1425
[0.08936613]
1426
[0.11567102]
1427
[0.16740667]
1428
[0.10539158]
1429
[0.1298347]
1430
[0.14502876]
1431
[0.08181219]
1432
[0.17294492]
1433
[0.11393563]
1434
[0.11204179]
1435
[0.10412778]
1436
[0.07877557]
1437
[0.06330492]
1438
[0.0890282]
1439
[0.08599615]
1440
[0.09701131]
1441
[0.06844745]
1442
[0.1218962]
1443
[0.07819165]
1444
[0.08211174]
1445
[0.11182554]
1446
[0.09919314]
1447
[0.09073304]
1448
[0.16918384]
1449
[0.08263518]
1450
[0.12159287]
1451
[0.1145947]
1452
[0.15381731]
1453
[0.18334303]
1454
[0.09907205]
1455
[0.06902968]
1456
[0.11212393]
1457
[0.07627928]
1458
[0.20370846]
1459
[0.14368512]
1460
[0.09462103]
1461
[0.19410922]
1462
[0.09454548]
1463
[0.14693986]
1464
[0.19924717]
1465
[0.11022099]
1466
[0.10916234]
1467
[0.10132734]
1468
[0.05545411]
1469
[0.09759247]
1470
[0.04675218]
1471
[0.09738391]
1472
[0.11587022]
1473
[0.11045156]
1474
[0.09238276]
1475
[0.09534228]
1476
[0.07300644]
1477
[0.19505453]
1478
[0.08401849]
1479
[0.07819476]
1480
[0.08865066]
1481
[0.14676932]
1482
[0.0709713]
1483
[0.1233643]
1484
[0.11081245]
1485
[0.26493604]
1486
[0.06122092]
1487
[0.03873817]
1488
[0.09468973]
1489
[0.23861208]
1490
[0.07272229]
1491
[0.17188383]
1492
[0.15276967]
1493
[0.07667249]
1494
[0.09544495]
1495
[0.27861203]
1496
[0.16958275]
1497
[0.18892787]
1498
[0.1011386]
1499
[0.0791816]
1500
[0.07154015]
1501
[0.11578084]
1502
[0.1388822]
1503
[0.10948666]
1504
[0.103004]
1505
[0.06710009]
1506
[0.13650313]
1507
[0.25250896]
1508
[0.20678913]
1509
[0.09260829]
1510
[0.1602165]
1511
[0.08916531]
1512
[0.3082078]
1513
[0.08980276]
1514
[0.11464285]
1515
[0.10685654]
1516
[0.0921061]
1517
[0.11393029]
1518
[0.11612293]
1519
[0.16165009]
1520
[0.09781631]
1521
[0.09594906]
1522
[0.10372912]
1523
[0.12168552]
1524
[0.18631083]
1525
[0.07858262]
1526
[0.06038977]
1527
[0.04230448]
1528
[0.10408034]
1529
[0.04359129]
1530
[0.09639231]
1531
[0.06692192]
1532
[0.27866878]
1533
[0.12273888]
1534
[0.08761653]
1535
[0.1043884]
1536
[0.12450839]
1537
[0.14458194]
1538
[0.09491764]
1539
[0.09139124]
1540
[0.18020251]
1541
[0.14415212]
1542
[0.08532159]
1543
[0.10329283]
1544
[0.10694354]
1545
[0.17371248]
1546
[0.09246651]
1547
[0.12771224]
1548
[0.14143321]
1549
[0.1393541]
1550
[0.1655827]
1551
[0.10164126]
1552
[0.09492192]
1553
[0.04231666]
1554
[0.1000947]
1555
[0.13700856]
1556
[0.09642779]
1557
[0.06538958]
1558
[0.08269864]
1559
[0.08932522]
1560
[0.12893474]
1561
[0.13874076]
1562
[0.08169631]
1563
[0.09572162]
1564
[0.12430246]
1565
[0.16013015]
1566
[0.09637293]
1567
[0.05259983]
1568
[0.14393368]
1569
[0.05372167]
1570
[0.08172567]
1571
[0.10297638]
1572
[0.20210499]
1573
[0.10394147]
1574
[0.11348414]
1575
[0.05420925]
1576
[0.10649407]
1577
[0.16947354]
1578
[0.09630887]
1579
[0.14572766]
1580
[0.06592857]
1581
[0.11278166]
1582
[0.1226761]
1583
[0.10613931]
1584
[0.12762167]
1585
[0.1415066]
1586
[0.0943537]
1587
[0.11073117]
1588
[0.08780255]
1589
[0.12949652]
1590
[0.09244238]
1591
[0.09690158]
1592
[0.10708332]
1593
[0.12166646]
1594
[0.10233068]
1595
[0.09771981]
1596
[0.09440627]
1597
[0.09035068]
1598
[0.10027532]
1599
[0.10070963]
1600
[0.11235932]
1601
[0.07622265]
1602
[0.10544826]
1603
[0.13898178]
1604
[0.12252631]
1605
[0.08860762]
1606
[0.05710855]
1607
[0.07670699]
1608
[0.21376882]
1609
[0.21738137]
1610
[0.0969934]
1611
[0.0745553]
1612
[0.14410284]
1613
[0.09465317]
1614
[0.11617403]
1615
[0.0404217]
1616
[0.08937201]
1617
[0.10995562]
1618
[0.0877759]
1619
[0.10545655]
1620
[0.05501225]
1621
[0.11118471]
1622
[0.10605471]
1623
[0.08113969]
1624
[0.11147046]
1625
[0.09575426]
1626
[0.15957412]
1627
[0.09445777]
1628
[0.09515839]
1629
[0.15252044]
1630
[0.13495247]
1631
[0.07296985]
1632
[0.09924076]
1633
[0.13072804]
1634
[0.0947164]
1635
[0.17229783]
1636
[0.13560831]
1637
[0.10579541]
1638
[0.17344815]
1639
[0.29411183]
1640
[0.10144515]
1641
[0.12515913]
1642
[0.10508897]
1643
[0.0963494]
1644
[0.08924393]
1645
[0.09926206]
1646
[0.14480909]
1647
[0.17628382]
1648
[0.23053211]
1649
[0.09012613]
1650
[0.30844097]
1651
[0.16800529]
1652
[0.09835718]
1653
[0.12219115]
1654
[0.05308802]
1655
[0.09059454]
1656
[0.1050696]
1657
[0.08317309]
1658
[0.15275111]
1659
[0.12548005]
1660
[0.09507133]
1661
[0.23085944]
1662
[0.15114237]
1663
[0.13536264]
1664
[0.18218906]
1665
[0.05504853]
1666
[0.13025681]
1667
[0.1098564]
1668
[0.0672488]
1669
[0.10067756]
1670
[0.09405906]
1671
[0.13691388]
1672
[0.12549468]
1673
[0.08778622]
1674
[0.12375143]
1675
[0.16126137]
1676
[0.11860114]
1677
[0.13053152]
1678
[0.11773634]
1679
[0.08914824]
1680
[0.06624316]
1681
[0.0883604]
1682
[0.08092099]
1683
[0.02859028]
1684
[0.10939235]
1685
[0.10405089]
1686
[0.0942904]
1687
[0.1197007]
1688
[0.10919797]
1689
[0.1434173]
1690
[0.09629944]
1691
[0.11559771]
1692
[0.12329468]
1693
[0.20052344]
1694
[0.09176134]
1695
[0.23344563]
1696
[0.06013847]
1697
[0.12122908]
1698
[0.05325622]
1699
[0.06768077]
1700
[0.10632027]
1701
[0.10576872]
1702
[0.16302355]
1703
[0.12086872]
1704
[0.11870761]
1705
[0.09754946]
1706
[0.13235158]
1707
[0.10079615]
1708
[0.14768484]
1709
[0.12382211]
1710
[0.07202468]
1711
[0.0999476]
1712
[0.05894741]
1713
[0.07861421]
1714
[0.10848937]
1715
[0.18892889]
1716
[0.19655766]
1717
[0.04053769]
1718
[0.12265276]
1719
[0.15109235]
1720
[0.13876636]
1721
[0.09071954]
1722
[0.11871319]
1723
[0.10041366]
1724
[0.12594258]
1725
[0.16423222]
1726
[0.13875465]
1727
[0.08464555]
1728
[0.0911125]
1729
[0.07320392]
1730
[0.10993666]
1731
[0.20765186]
1732
[0.10898844]
1733
[0.14734699]
1734
[0.20434205]
1735
[0.1034116]
1736
[0.08577169]
1737
[0.09702733]
1738
[0.10823657]
1739
[0.11505798]
1740
[0.127724]
1741
[0.12910095]
1742
[0.19663932]
1743
[0.19296967]
1744
[0.0895849]
1745
[0.10445238]
1746
[0.0985367]
1747
[0.09710038]
1748
[0.09650676]
1749
[0.07279911]
1750
[0.09994333]
1751
[0.12602443]
1752
[0.10985864]
1753
[0.12680403]
1754
[0.09703635]
1755
[0.08635567]
1756
[0.09669446]
1757
[0.18497557]
1758
[0.0752135]
1759
[0.08655629]
1760
[0.09858879]
1761
[0.10028327]
1762
[0.06723105]
1763
[0.10330535]
1764
[0.10092626]
1765
[0.13966573]
1766
[0.14669275]
1767
[0.13393767]
1768
[0.152829]
1769
[0.07443748]
1770
[0.10981069]
1771
[0.09664901]
1772
[0.16746971]
1773
[0.09275158]
1774
[0.15679991]
1775
[0.08932854]
1776
[0.06801946]
1777
[0.10137753]
1778
[0.0835611]
1779
[0.12576552]
1780
[0.10553854]
1781
[0.12643442]
1782
[0.07577573]
1783
[0.10045249]
1784
[0.0977221]
1785
[0.09139914]
1786
[0.10146711]
1787
[0.1690168]
1788
[0.10399353]
1789
[0.09206193]
1790
[0.10833515]
1791
[0.21174551]
1792
[0.12841228]
1793
[0.09530706]
1794
[0.09572639]
1795
[0.07577573]
1796
[0.16043036]
1797
[0.09107769]
1798
[0.1395976]
1799
[0.09355369]
1800
[0.07028521]
1801
[0.14117835]
1802
[0.08353108]
1803
[0.12110522]
1804
[0.08303244]
1805
[0.23646568]
1806
[0.20752177]
1807
[0.12852748]
1808
[0.10216183]
1809
[0.09142565]
1810
[0.13089298]
1811
[0.23798123]
1812
[0.10761255]
1813
[0.0207062]
1814
[0.13332675]
1815
[0.0696724]
1816
[0.07459492]
1817
[0.13555311]
1818
[0.12346591]
1819
[0.12021502]
1820
[0.16064558]
1821
[0.07537025]
1822
[0.09025567]
1823
[0.09485568]
1824
[0.09846259]
1825
[0.12167248]
1826
[0.14150779]
1827
[0.18162701]
1828
[0.07862469]
1829
[0.1142032]
1830
[0.13942032]
1831
[0.05033819]
1832
[0.08234339]
1833
[0.06933332]
1834
[0.12525574]
1835
[0.20847285]
1836
[0.1088621]
1837
[0.10181905]
1838
[0.17329539]
1839
[0.09064326]
1840
[0.06128774]
1841
[0.13496348]
1842
[0.06657734]
1843
[0.077548]
1844
[0.11002527]
1845
[0.05102761]
1846
[0.18687882]
1847
[0.12730566]
1848
[0.07946695]
1849
[0.06861743]
1850
[0.12683636]
1851
[0.10307735]
1852
[0.21791229]
1853
[0.18159632]
1854
[0.09585347]
1855
[0.10529565]
1856
[0.10217906]
1857
[0.14435815]
1858
[0.08487967]
1859
[0.08806055]
1860
[0.06759453]
1861
[0.08923569]
1862
[0.08624949]
1863
[0.17637721]
1864
[0.10262796]
1865
[0.10072468]
1866
[0.09975675]
1867
[0.08520837]
1868
[0.10289618]
1869
[0.12784457]
1870
[0.06455223]
1871
[0.10623512]
1872
[0.10382972]
1873
[0.10984985]
1874
[0.07330427]
1875
[0.08782956]
1876
[0.11395225]
1877
[0.14466516]
1878
[0.22394386]
1879
[0.10245985]
1880
[0.06062308]
1881
[0.15008549]
1882
[0.2013103]
1883
[0.0903187]
1884
[0.09485448]
1885
[0.09917318]
1886
[0.07768011]
1887
[0.10054953]
1888
[0.08006078]
1889
[0.08514652]
1890
[0.0371565]
1891
[0.11257625]
1892
[0.10582646]
1893
[0.1968608]
1894
[0.10485919]
1895
[0.04755169]
1896
[0.13269239]
1897
[0.08546793]
1898
[0.17274087]
1899
[0.05278742]
1900
[0.11853875]
1901
[0.08408106]
1902
[0.08836501]
1903
[0.09494657]
1904
[0.0978276]
1905
[0.09023944]
1906
[0.09590409]
1907
[0.13894483]
1908
[0.10037572]
1909
[0.12663002]
1910
[0.11169093]
1911
[0.13777927]
1912
[0.13044172]
1913
[0.08964366]
1914
[0.17114665]
1915
[0.11993689]
1916
[0.11565138]
1917
[0.07221878]
1918
[0.10158978]
1919
[0.12580705]
1920
[0.09199452]
1921
[0.08131028]
1922
[0.14250279]
1923
[0.19786629]
1924
[0.10393036]
1925
[0.16487216]
1926
[0.12056708]
1927
[0.07153736]
1928
[0.13514804]
1929
[0.10029784]
1930
[0.20821304]
1931
[0.1820607]
1932
[0.07020987]
1933
[0.07834013]
1934
[0.22626708]
1935
[0.14233904]
1936
[0.12489989]
1937
[0.25656995]
1938
[0.11939628]
1939
[0.08562214]
1940
[0.09827893]
1941
[0.12459796]
1942
[0.07212797]
1943
[0.10434049]
1944
[0.1361949]
1945
[0.1312]
1946
[0.07322072]
1947
[0.18211931]
1948
[0.11270366]
1949
[0.09164662]
1950
[0.12160221]
1951
[0.25000589]
1952
[0.10888505]
1953
[0.09775832]
1954
[0.13856257]
1955
[0.05425176]
1956
[0.0916812]
1957
[0.18309093]
1958
[0.13520748]
1959
[0.08653055]
1960
[0.10437866]
1961
[0.14504157]
1962
[0.09036628]
1963
[0.06537897]
1964
[0.14143321]
1965
[0.17710898]
1966
[0.12290245]
1967
[0.0814178]
1968
[0.09802083]
1969
[0.16108148]
1970
[0.07576096]
1971
[0.21437604]
1972
[0.16745614]
1973
[0.15279633]
1974
[0.09308286]
1975
[0.09110351]
1976
[0.14076059]
1977
[0.07619935]
1978
[0.09908429]
1979
[0.12761111]
1980
[0.1650977]
1981
[0.0925559]
1982
[0.08636626]
1983
[0.07155292]
1984
[0.09446744]
1985
[0.08426739]
1986
[0.11014551]
1987
[0.1055496]
1988
[0.08419335]
1989
[0.07802086]
1990
[0.12564887]
1991
[0.14873643]
1992
[0.08686912]
1993
[0.10829175]
1994
[0.07119894]
1995
[0.04058015]
1996
[0.24625313]
1997
[0.09196342]
1998
[0.05280176]
1999
[0.11631498]
2000
[0.10678132]
2001
[0.12815977]
2002
[0.08773124]
2003
[0.09485033]
2004
[0.17186453]
2005
[0.10293381]
2006
[0.13443936]
2007
[0.16558439]
2008
[0.14553666]
2009
[0.10123819]
2010
[0.05757046]
2011
[0.10002765]
2012
[0.09612444]
2013
[0.10730479]
2014
[0.10392376]
2015
[0.13628648]
2016
[0.05719568]
2017
[0.13730715]
2018
[0.19619106]
2019
[0.10170989]
2020
[0.12683183]
2021
[0.2125826]
2022
[0.29312631]
2023
[0.12430664]
2024
[0.06470422]
2025
[0.13996607]
2026
[0.10212251]
2027
[0.09555256]
2028
[0.04647808]
2029
[0.07837106]
2030
[0.13329278]
2031
[0.0418072]
2032
[0.06623575]
2033
[0.13149891]
2034
[0.12119424]
2035
[0.09441975]
2036
[0.11222238]
2037
[0.04852228]
2038
[0.13355328]
2039
[0.07646795]
2040
[0.04184861]
2041
[0.10113628]
2042
[0.10206934]
2043
[0.20140668]
2044
[0.1221502]
2045
[0.02960607]
2046
[0.11902361]
2047
[0.13825222]
2048
[0.09713734]
2049
[0.08242997]
2050
[0.0759402]
2051
[0.12131217]
2052
[0.10363429]
2053
[0.21719845]
2054
[0.11921975]
2055
[0.08411479]
2056
[0.14918425]
2057
[0.07918844]
2058
[0.11357148]
2059
[0.13500273]
2060
[0.10410626]
2061
[0.17544821]
2062
[0.06620966]
2063
[0.11459047]
2064
[0.06616529]
2065
[0.13704618]
2066
[0.13990529]
2067
[0.17713205]
2068
[0.06658893]
2069
[0.30455039]
2070
[0.10542966]
2071
[0.09716181]
2072
[0.1209601]
2073
[0.09137414]
2074
[0.08978159]
2075
[0.14767915]
2076
[0.07579496]
2077
[0.17149586]
2078
[0.10149709]
2079
[0.17482805]
2080
[0.1007945]
2081
[0.12851915]
2082
[0.14982069]
2083
[0.11370202]
2084
[0.11186106]
2085
[0.12351846]
2086
[0.09599555]
2087
[0.10442785]
2088
[0.08949276]
2089
[0.05773389]
2090
[0.10431611]
2091
[0.08939977]
2092
[0.06620072]
2093
[0.11252044]
2094
[0.11121555]
2095
[0.06962979]
2096
[0.10818083]
2097
[0.13615699]
2098
[0.08170672]
2099
[0.10005092]
2100
[0.18147066]
2101
[0.13584909]
2102
[0.08977696]
2103
[0.09924041]
2104
[0.13998857]
2105
[0.26247788]
2106
[0.09648425]
2107
[0.0933909]
2108
[0.10073076]
2109
[0.10283429]
2110
[0.09270157]
2111
[0.04034769]
2112
[0.08432828]
2113
[0.14895709]
2114
[0.07913375]
2115
[0.08726271]
2116
[0.18355457]
2117
[0.10244883]
2118
[0.15319102]
2119
[0.13922124]
2120
[0.09302278]
2121
[0.09208805]
2122
[0.06486692]
2123
[0.12072529]
2124
[0.07802228]
2125
[0.16140095]
2126
[0.08312672]
2127
[0.08479225]
2128
[0.05869318]
2129
[0.16272904]
2130
[0.09089488]
2131
[0.08231963]
2132
[0.11971681]
2133
[0.17575767]
2134
[0.09772435]
2135
[0.111368]
2136
[0.17279698]
2137
[0.13585153]
2138
[0.13451416]
2139
[0.0897293]
2140
[0.07792369]
2141
[0.11341435]
2142
[0.11336471]
2143
[0.1087139]
2144
[0.15171047]
2145
[0.10582203]
2146
[0.21297894]
2147
[0.11560787]
2148
[0.11394771]
2149
[0.09559635]
2150
[0.05481105]
2151
[0.05224445]
2152
[0.11281328]
2153
[0.13648748]
2154
[0.12635118]
2155
[0.07364797]
2156
[0.09800701]
2157
[0.13192881]
2158
[0.05090966]
2159
[0.11970725]
2160
[0.09618607]
2161
[0.11897166]
2162
[0.22631141]
2163
[0.20279071]
2164
[0.12242457]
2165
[0.0751488]
2166
[0.08550514]
2167
[0.02133826]
2168
[0.20522511]
2169
[0.14920424]
2170
[0.14395613]
2171
[0.12265046]
2172
[0.11199862]
2173
[0.0571131]
2174
[0.11658048]
2175
[0.12362015]
2176
[0.11532072]
2177
[0.11251596]
2178
[0.10839621]
2179
[0.05837562]
2180
[0.12275402]
2181
[0.09655796]
2182
[0.17761448]
2183
[0.08308538]
2184
[0.0956913]
2185
[0.11020929]
2186
[0.11225715]
2187
[0.12703202]
2188
[0.12313474]
2189
[0.08308649]
2190
[0.1171105]
2191
[0.10161431]
2192
[0.08284131]
2193
[0.08455424]
2194
[0.0974621]
2195
[0.07366069]
2196
[0.09935741]
2197
[0.10725107]
2198
[0.22474846]
2199
[0.06928022]
2200
[0.08451655]
2201
[0.14061891]
2202
[0.16498608]
2203
[0.10800174]
2204
[0.08651004]
2205
[0.10429866]
2206
[0.08753764]
2207
[0.0846731]
2208
[0.08189833]
2209
[0.08947532]
2210
[0.06251225]
2211
[0.12205185]
2212
[0.10376777]
2213
[0.08898854]
2214
[0.07916325]
2215
[0.10732842]
2216
[0.08287646]
2217
[0.03902099]
2218
[0.20945736]
2219
[0.20236823]
2220
[0.11029642]
2221
[0.10215323]
2222
[0.09711609]
2223
[0.09359494]
2224
[0.1807328]
2225
[0.1041908]
2226
[0.10056475]
2227
[0.12922117]
2228
[0.1142077]
2229
[0.04331376]
2230
[0.13519481]
2231
[0.10638551]
2232
[0.11612827]
2233
[0.13959726]
2234
[0.08843483]
2235
[0.05313217]
2236
[0.15237615]
2237
[0.18636946]
2238
[0.10547365]
2239
[0.1913545]
2240
[0.14244761]
2241
[0.09645388]
2242
[0.12052145]
2243
[0.07548578]
2244
[0.0875604]
2245
[0.07887342]
2246
[0.13879859]
2247
[0.11367495]
2248
[0.16841323]
2249
[0.09771153]
2250
[0.14087343]
2251
[0.05006457]
2252
[0.09043912]
2253
[0.18521666]
2254
[0.0842856]
2255
[0.11747545]
2256
[0.11446296]
2257
[0.10326788]
2258
[0.09501151]
2259
[0.09831102]
2260
[0.16115947]
2261
[0.11219258]
2262
[0.09704596]
2263
[0.14227685]
2264
[0.135307]
2265
[0.1158793]
2266
[0.10938267]
2267
[0.0607537]
2268
[0.09883543]
2269
[0.10041603]
2270
[0.14174329]
2271
[0.09918626]
2272
[0.1643328]
2273
[0.11101533]
2274
[0.22070986]
2275
[0.13127268]
2276
[0.11324953]
2277
[0.11198262]
2278
[0.09632358]
2279
[0.24281452]
2280
[0.13357968]
2281
[0.09783459]
2282
[0.13242488]
2283
[0.07578754]
2284
[0.05935063]
2285
[0.10642355]
2286
[0.09756896]
2287
[0.14605391]
2288
[0.13901003]
2289
[0.14506997]
2290
[0.06292665]
2291
[0.14770001]
2292
[0.0932714]
2293
[0.09713146]
2294
[0.16386447]
2295
[0.1359494]
2296
[0.08394418]
2297
[0.12357022]
2298
[0.13128274]
2299
[0.09882228]
2300
[0.13033615]
2301
[0.11937403]
2302
[0.18571351]
2303
[0.21594959]
2304
[0.1858167]
2305
[0.14153633]
2306
[0.18459002]
2307
[0.19286318]
2308
[0.08490311]
2309
[0.09434027]
2310
[0.07124511]
2311
[0.12565247]
2312
[0.21107875]
2313
[0.10513072]
2314
[0.09227395]
2315
[0.10055438]
2316
[0.14741282]
2317
[0.10456731]
2318
[0.09662676]
2319
[0.04201107]
2320
[0.19229421]
2321
[0.04497599]
2322
[0.17232463]
2323
[0.10201525]
2324
[0.09279899]
2325
[0.12318642]
2326
[0.09794329]
2327
[0.1369426]
2328
[0.1487083]
2329
[0.20079693]
2330
[0.15178405]
2331
[0.07652913]
2332
[0.06908341]
2333
[0.06202128]
2334
[0.11940692]
2335
[0.08892698]
2336
[0.08024149]
2337
[0.09585123]
2338
[0.0947587]
2339
[0.07230387]
2340
[0.07583045]
2341
[0.17566488]
2342
[0.11703475]
2343
[0.06158612]
2344
[0.11063099]
2345
[0.12043118]
2346
[0.11803094]
2347
[0.10208965]
2348
[0.05343268]
2349
[0.11609336]
2350
[0.1146759]
2351
[0.11849664]
2352
[0.08020487]
2353
[0.13073549]
2354
[0.11412061]
2355
[0.11190878]
2356
[0.14700892]
2357
[0.1087789]
2358
[0.12760949]
2359
[0.13439446]
2360
[0.14204174]
2361
[0.1337946]
2362
[0.16616382]
2363
[0.09281149]
2364
[0.08307737]
2365
[0.10143339]
2366
[0.11580567]
2367
[0.15986804]
2368
[0.09757235]
2369
[0.10529841]
2370
[0.12307823]
2371
[0.08985319]
2372
[0.18491262]
2373
[0.07658571]
2374
[0.10579246]
2375
[0.11377427]
2376
[0.10353277]
2377
[0.07303807]
2378
[0.15256627]
2379
[0.09811995]
2380
[0.21665623]
2381
[0.18104875]
2382
[0.16161412]
2383
[0.06821823]
2384
[0.12882183]
2385
[0.09225672]
2386
[0.06070751]
2387
[0.04302709]
2388
[0.14375565]
2389
[0.11110887]
2390
[0.15508067]
2391
[0.06911378]
2392
[0.09656618]
2393
[0.14703161]
2394
[0.09617032]
2395
[0.16969377]
2396
[0.14707994]
2397
[0.09717091]
2398
[0.19133987]
2399
[0.09063427]
2400
[0.0995171]
2401
[0.12813553]
2402
[0.16094305]
2403
[0.07771935]
2404
[0.11737968]
2405
[0.07868353]
2406
[0.12358063]
2407
[0.0919937]
2408
[0.11495037]
2409
[0.16521697]
2410
[0.04237589]
2411
[0.09279607]
2412
[0.11830431]
2413
[0.11597273]
2414
[0.14203893]
2415
[0.12446098]
2416
[0.11890158]
2417
[0.03987334]
2418
[0.07367496]
2419
[0.08815867]
2420
[0.08289961]
2421
[0.1102571]
2422
[0.20411778]
2423
[0.0710473]
2424
[0.21095561]
2425
[0.11779733]
2426
[0.12948142]
2427
[0.07957398]
2428
[0.07347052]
2429
[0.08175896]
2430
[0.08525082]
2431
[0.09383124]
2432
[0.09582792]
2433
[0.08014823]
2434
[0.14241653]
2435
[0.1022734]
2436
[0.13271681]
2437
[0.10184122]
2438
[0.23628446]
2439
[0.11712068]
2440
[0.07927997]
2441
[0.09857072]
2442
[0.10513848]
2443
[0.09257437]
2444
[0.12845534]
2445
[0.14138627]
2446
[0.16824275]
2447
[0.1342668]
2448
[0.05917389]
2449
[0.16008669]
2450
[0.12384569]
2451
[0.17121376]
2452
[0.08620349]
2453
[0.14398705]
2454
[0.02823181]
2455
[0.08642963]
2456
[0.11663792]
2457
[0.15049804]
2458
[0.10525167]
2459
[0.10348692]
2460
[0.12624661]
2461
[0.15290452]
2462
[0.11677442]
2463
[0.06703923]
2464
[0.17300074]
2465
[0.08544711]
2466
[0.09467755]
2467
[0.09259299]
2468
[0.14993718]
2469
[0.10342036]
2470
[0.09295319]
2471
[0.08525615]
2472
[0.12668926]
2473
[0.09664122]
2474
[0.09748319]
2475
[0.06392793]
2476
[0.11115166]
2477
[0.12539967]
2478
[0.11078649]
2479
[0.09755605]
2480
[0.11479555]
2481
[0.15264832]
2482
[0.24442251]
2483
[0.09291676]
2484
[0.12197254]
2485
[0.12416545]
2486
[0.10559263]
2487
[0.09191636]
2488
[0.10750394]
2489
[0.13501939]
2490
[0.09640913]
2491
[0.08742658]
2492
[0.16591247]
2493
[0.14194971]
2494
[0.11231138]
2495
[0.13828043]
2496
[0.10976736]
2497
[0.07215286]
2498
[0.10016791]
2499
[0.06203669]
2500
[0.1450588]
2501
[0.19286203]
2502
[0.25125924]
2503
[0.10351295]
2504
[0.07349705]
2505
[0.09306018]
2506
[0.11879891]
2507
[0.22113361]
2508
[0.08834508]
2509
[0.15198927]
2510
[0.0678836]
2511
[0.07376155]
2512
[0.24988346]
2513
[0.14913013]
2514
[0.16034136]
2515
[0.15939563]
2516
[0.05991809]
2517
[0.12825758]
2518
[0.1328127]
2519
[0.09309152]
2520
[0.22458279]
2521
[0.08249688]
2522
[0.09830218]
2523
[0.11179381]
2524
[0.061771]
2525
[0.10415446]
2526
[0.05533596]
2527
[0.09660361]
2528
[0.11794488]
2529
[0.11140682]
2530
[0.05343651]
2531
[0.09388701]
2532
[0.15560239]
2533
[0.11785171]
2534
[0.08701729]
2535
[0.07992346]
2536
[0.10025208]
2537
[0.1850157]
2538
[0.1429237]
2539
[0.14404448]
2540
[0.09164373]
2541
[0.24159097]
2542
[0.10924422]
2543
[0.09028259]
2544
[0.13891116]
2545
[0.06818644]
2546
[0.06013796]
2547
[0.11997923]
2548
[0.10569221]
2549
[0.06153132]
2550
[0.0784729]
2551
[0.18473283]
2552
[0.12136046]
2553
[0.08678286]
2554
[0.05863482]
2555
[0.14492112]
2556
[0.04777752]
2557
[0.08352559]
2558
[0.06501659]
2559
[0.15543952]
2560
[0.12417236]
2561
[0.11659917]
2562
[0.06346641]
2563
[0.14177418]
2564
[0.08786101]
2565
[0.06118518]
2566
[0.12226369]
2567
[0.12905024]
2568
[0.08848586]
2569
[0.11168694]
2570
[0.11064998]
2571
[0.12398844]
2572
[0.16286635]
2573
[0.14867292]
2574
[0.09067831]
2575
[0.0245328]
2576
[0.11369705]
2577
[0.14328537]
2578
[0.09902319]
2579
[0.13815891]
2580
[0.12111112]
2581
[0.08687042]
2582
[0.0885947]
2583
[0.10895304]
2584
[0.08836219]
2585
[0.09765604]
2586
[0.11806167]
2587
[0.19428354]
2588
[0.15058531]
2589
[0.11196508]
2590
[0.132747]
2591
[0.2300451]
2592
[0.07487005]
2593
[0.05506447]
2594
[0.106839]
2595
[0.14382731]
2596
[0.10708334]
2597
[0.09536048]
2598
[0.07075446]
2599
[0.13892158]
2600
[0.08202118]
2601
[0.09788466]
2602
[0.0603337]
2603
[0.08478384]
2604
[0.23576466]
2605
[0.07741772]
2606
[0.07670891]
2607
[0.06180488]
2608
[0.10371428]
2609
[0.0949375]
2610
[0.14312365]
2611
[0.10419752]
2612
[0.12728659]
2613
[0.08172656]
2614
[0.21154652]
2615
[0.0971337]
2616
[0.14955281]
2617
[0.11774081]
2618
[0.11603952]
2619
[0.0667486]
2620
[0.09972479]
2621
[0.09671324]
2622
[0.14672077]
2623
[0.06284536]
2624
[0.09977204]
2625
[0.09271786]
2626
[0.11471136]
2627
[0.10873103]
2628
[0.15403167]
2629
[0.09909122]
2630
[0.11612069]
2631
[0.09321221]
2632
[0.0872609]
2633
[0.2979711]
2634
[0.22176258]
2635
[0.10158795]
2636
[0.1053059]
2637
[0.05133857]
2638
[0.07861167]
2639
[0.14380879]
2640
[0.11775164]
2641
[0.12169014]
2642
[0.12773547]
2643
[0.12571908]
2644
[0.14605303]
2645
[0.08009827]
2646
[0.12017626]
2647
[0.08564153]
2648
[0.12835694]
2649
[0.1331914]
2650
[0.11568818]
2651
[0.18026953]
2652
[0.11153927]
2653
[0.20171417]
2654
[0.16959438]
2655
[0.13962286]
2656
[0.12388934]
2657
[0.07230206]
2658
[0.08980509]
2659
[0.18949114]
2660
[0.11467993]
2661
[0.10712976]
2662
[0.1448108]
2663
[0.13462257]
2664
[0.11326027]
2665
[0.14227875]
2666
[0.20628764]
2667
[0.0962896]
2668
[0.12125256]
2669
[0.10787193]
2670
[0.17497427]
2671
[0.1487328]
2672
[0.13953202]
2673
[0.09261098]
2674
[0.09459882]
2675
[0.06911864]
2676
[0.05173227]
2677
[0.10683481]
2678
[0.06156515]
2679
[0.17112058]
2680
[0.07453271]
2681
[0.13150703]
2682
[0.0932659]
2683
[0.0793216]
2684
[0.05248974]
2685
[0.07689808]
2686
[0.11265677]
2687
[0.12151954]
2688
[0.09297447]
2689
[0.11191698]
2690
[0.09969466]
2691
[0.07324927]
2692
[0.09056893]
2693
[0.07578565]
2694
[0.10362489]
2695
[0.07445081]
2696
[0.11175021]
2697
[0.12806364]
2698
[0.12381872]
2699
[0.0931892]
2700
[0.07368075]
2701
[0.08912151]
2702
[0.0925222]
2703
[0.07619545]
2704
[0.08111568]
2705
[0.16005201]
2706
[0.11982146]
2707
[0.0820718]
2708
[0.0900308]
2709
[0.07573781]
2710
[0.08059588]
2711
[0.09340111]
2712
[0.11939459]
2713
[0.11389464]
2714
[0.20022471]
2715
[0.12778261]
2716
[0.11310427]
2717
[0.15138385]
2718
[0.07657917]
2719
[0.1079018]
2720
[0.14995361]
2721
[0.14399689]
2722
[0.09965429]
2723
[0.12626858]
2724
[0.12089416]
2725
[0.0834071]
2726
[0.12539257]
2727
[0.13018611]
2728
[0.09369339]
2729
[0.09546345]
2730
[0.09574262]
2731
[0.25599511]
2732
[0.14384]
2733
[0.16695249]
2734
[0.16417614]
2735
[0.09550857]
2736
[0.14070408]
2737
[0.24814664]
2738
[0.08234721]
2739
[0.1335786]
2740
[0.10390286]
2741
[0.15025082]
2742
[0.08801544]
2743
[0.19068815]
2744
[0.12380355]
2745
[0.13894262]
2746
[0.0849154]
2747
[0.11902974]
2748
[0.07658727]
2749
[0.121373]
2750
[0.13554044]
2751
[0.07875355]
2752
[0.13288695]
2753
[0.13236747]
2754
[0.08417795]
2755
[0.18103897]
2756
[0.15442923]
2757
[0.075499]
2758
[0.16461452]
2759
[0.1763031]
2760
[0.03739479]
2761
[0.07854497]
2762
[0.08766621]
2763
[0.10714609]
2764
[0.19986548]
2765
[0.12305453]
2766
[0.09490081]
2767
[0.08793071]
2768
[0.12889116]
2769
[0.07499199]
2770
[0.08007928]
2771
[0.1330854]
2772
[0.1701973]
2773
[0.10404511]
2774
[0.10309902]
2775
[0.07094222]
2776
[0.07688296]
2777
[0.07140804]
2778
[0.08087144]
2779
[0.07446879]
2780
[0.08507193]
2781
[0.19427284]
2782
[0.11795882]
2783
[0.1149013]
2784
[0.12601196]
2785
[0.05227672]
2786
[0.08181091]
2787
[0.19253429]
2788
[0.12031988]
2789
[0.10155802]
2790
[0.12411883]
2791
[0.10340222]
2792
[0.08096781]
2793
[0.17929192]
2794
[0.18113176]
2795
[0.09709056]
2796
[0.18216229]
2797
[0.18476528]
2798
[0.20862485]
2799
[0.09885265]
2800
[0.06349824]
2801
[0.08955787]
2802
[0.14697943]
2803
[0.28472417]
2804
[0.06524482]
2805
[0.0763877]
2806
[0.07235436]
2807
[0.08588076]
2808
[0.07052426]
2809
[0.0888206]
2810
[0.13192416]
2811
[0.13522001]
2812
[0.09958402]
2813
[0.24937559]
2814
[0.20707765]
2815
[0.074019]
2816
[0.10018049]
2817
[0.15554891]
2818
[0.15864323]
2819
[0.12149337]
2820
[0.12293299]
2821
[0.10158656]
2822
[0.25012435]
2823
[0.06032676]
2824
[0.12218018]
2825
[0.10269585]
2826
[0.10452785]
2827
[0.11975478]
2828
[0.09650267]
2829
[0.13582146]
2830
[0.12189845]
2831
[0.08788258]
2832
[0.22770503]
2833
[0.08188733]
2834
[0.04719871]
2835
[0.09723067]
2836
[0.22310028]
2837
[0.07399842]
2838
[0.08783833]
2839
[0.12321962]
2840
[0.10695415]
2841
[0.1469097]
2842
[0.13005472]
2843
[0.1725259]
2844
[0.1069808]
2845
[0.07997594]
2846
[0.13912405]
2847
[0.26458038]
2848
[0.12003333]
2849
[0.10489471]
2850
[0.0942985]
2851
[0.1479082]
2852
[0.07121539]
2853
[0.08161151]
2854
[0.13775961]
2855
[0.19150405]
2856
[0.09104959]
2857
[0.10684226]
2858
[0.148414]
2859
[0.1106576]
2860
[0.12514228]
2861
[0.09000512]
2862
[0.13296609]
2863
[0.05308923]
2864
[0.11372555]
2865
[0.10373474]
2866
[0.10819727]
2867
[0.12718262]
2868
[0.14517735]
2869
[0.16216207]
2870
[0.13886959]
2871
[0.08914508]
2872
[0.16748794]
2873
[0.09222259]
2874
[0.12384118]
2875
[0.09423716]
2876
[0.07465638]
2877
[0.09480697]
2878
[0.11210864]
2879
[0.10297691]
2880
[0.10571444]
2881
[0.08614451]
2882
[0.12292634]
2883
[0.26074985]
2884
[0.13370401]
2885
[0.08129008]
2886
[0.06776786]
2887
[0.08547176]
2888
[0.054156]
2889
[0.10330405]
2890
[0.11722008]
2891
[0.09910736]
2892
[0.16824026]
2893
[0.05194837]
2894
[0.18169598]
2895
[0.09687559]
2896
[0.09919112]
2897
[0.1113174]
2898
[0.11023709]
2899
[0.1115731]
2900
[0.0718475]
2901
[0.17827347]
2902
[0.12465741]
2903
[0.10457521]
2904
[0.08296721]
2905
[0.1646174]
2906
[0.07589273]
2907
[0.0940987]
2908
[0.17797332]
2909
[0.12710092]
2910
[0.0875604]
2911
[0.10881771]
2912
[0.09621346]
2913
[0.15917835]
2914
[0.07223301]
2915
[0.12637039]
2916
[0.21690884]
2917
[0.12346499]
2918
[0.08352394]
2919
[0.13158107]
2920
[0.16016688]
2921
[0.10125427]
2922
[0.08781209]
2923
[0.11812745]
2924
[0.11018691]
2925
[0.16327747]
2926
[0.19787748]
2927
[0.10465936]
2928
[0.10009606]
2929
[0.12256877]
2930
[0.10854381]
2931
[0.17820975]
2932
[0.14993498]
2933
[0.11813727]
2934
[0.07353103]
2935
[0.04938023]
2936
[0.15861842]
2937
[0.1075569]
2938
[0.13551935]
2939
[0.15701471]
2940
[0.11731918]
2941
[0.07601778]
2942
[0.0779927]
2943
[0.18029648]
2944
[0.0958943]
2945
[0.15443215]
2946
[0.09936696]
2947
[0.14281929]
2948
[0.19488571]
2949
[0.13052311]
2950
[0.19893529]
2951
[0.09622735]
2952
[0.08718171]
2953
[0.11387532]
2954
[0.10852922]
2955
[0.1198612]
2956
[0.07527275]
2957
[0.08012627]
2958
[0.09546573]
2959
[0.12105717]
2960
[0.10575144]
2961
[0.09632856]
2962
[0.09637825]
2963
[0.11112975]
2964
[0.10828724]
2965
[0.10842088]
2966
[0.1329413]
2967
[0.08909122]
2968
[0.11150142]
2969
[0.14451345]
2970
[0.09625584]
2971
[0.11091517]
2972
[0.1772948]
2973
[0.11580925]
2974
[0.10224207]
2975
[0.12143392]
2976
[0.10259461]
2977
[0.23679177]
2978
[0.10794944]
2979
[0.10424395]
2980
[0.14197974]
2981
[0.11799868]
2982
[0.10438761]
2983
[0.11417785]
2984
[0.10308397]
2985
[0.1438964]
2986
[0.10482836]
2987
[0.08363218]
2988
[0.11910139]
2989
[0.08138585]
2990
[0.073863]
2991
[0.21719184]
2992
[0.09367329]
2993
[0.09675425]
2994
[0.11273928]
2995
[0.15026436]
2996
[0.16541245]
2997
[0.13492816]
2998
[0.09758019]
2999
[0.09750797]
3000
[0.11238361]
3001
[0.09804981]
3002
[0.1441782]
3003
[0.12804395]
3004
[0.09186365]
3005
[0.15451457]
3006
[0.09746431]
3007
[0.06300968]
3008
[0.14523606]
3009
[0.08329392]
3010
[0.10333051]
3011
[0.0865602]
3012
[0.09219234]
3013
[0.12780834]
3014
[0.08552293]
3015
[0.102191]
3016
[0.08515116]
3017
[0.12223309]
3018
[0.08566858]
3019
[0.09235964]
3020
[0.10123937]
3021
[0.07865801]
3022
[0.09292807]
3023
[0.24383186]
3024
[0.14461832]
3025
[0.13031604]
3026
[0.17403356]
3027
[0.08773869]
3028
[0.14238482]
3029
[0.08733143]
3030
[0.13683928]
3031
[0.08732831]
3032
[0.09680472]
3033
[0.08658654]
3034
[0.08032478]
3035
[0.09809539]
3036
[0.04988783]
3037
[0.09343059]
3038
[0.08158791]
3039
[0.14265461]
3040
[0.1271907]
3041
[0.066019]
3042
[0.12330823]
3043
[0.10021403]
3044
[0.10335607]
3045
[0.13228426]
3046
[0.10695015]
3047
[0.09839254]
3048
[0.22194475]
3049
[0.10758566]
3050
[0.0554882]
3051
[0.1077627]
3052
[0.10734696]
3053
[0.16898287]
3054
[0.07914278]
3055
[0.13883872]
3056
[0.08975274]
3057
[0.12060947]
3058
[0.11883703]
3059
[0.12431317]
3060
[0.08891879]
3061
[0.14572176]
3062
[0.08372129]
3063
[0.14732585]
3064
[0.12268218]
3065
[0.07060089]
3066
[0.1403205]
3067
[0.08255411]
3068
[0.12517974]
3069
[0.04417542]
3070
[0.10468097]
3071
[0.04054274]
3072
[0.11374971]
3073
[0.08835006]
3074
[0.12611206]
3075
[0.16575734]
3076
[0.09651012]
3077
[0.11343757]
3078
[0.0831762]
3079
[0.15546368]
3080
[0.08906353]
3081
[0.12262402]
3082
[0.11525939]
3083
[0.1428318]
3084
[0.05518697]
3085
[0.10911135]
3086
[0.12145545]
3087
[0.08647539]
3088
[0.18405696]
3089
[0.11787327]
3090
[0.15953974]
3091
[0.10181657]
3092
[0.08432491]
3093
[0.12100636]
3094
[0.09816911]
3095
[0.09853707]
3096
[0.09881967]
3097
[0.12288155]
3098
[0.09470112]
3099
[0.08894054]
3100
[0.07275853]
3101
[0.22280359]
3102
[0.08605841]
3103
[0.08420909]
3104
[0.08461477]
3105
[0.10712384]
3106
[0.13987778]
3107
[0.21858222]
3108
[0.08200079]
3109
[0.15209478]
3110
[0.12016855]
3111
[0.14132463]
3112
[0.09176547]
3113
[0.10202345]
3114
[0.16003434]
3115
[0.06611787]
3116
[0.11939715]
3117
[0.11036459]
3118
[0.12180085]
3119
[0.06589598]
3120
[0.07949295]
3121
[0.12014977]
3122
[0.11434849]
3123
[0.0424514]
3124
[0.09273901]
3125
[0.16549978]
3126
[0.09861169]
3127
[0.16724726]
3128
[0.09711623]
3129
[0.10149058]
3130
[0.080568]
3131
[0.10530039]
3132
[0.16872606]
3133
[0.16255594]
3134
[0.13710893]
3135
[0.10932195]
3136
[0.10607918]
3137
[0.09951937]
3138
[0.10154532]
3139
[0.08844337]
3140
[0.11749722]
3141
[0.1439936]
3142
[0.08738284]
3143
[0.13996681]
3144
[0.13131412]
3145
[0.08515658]
3146
[0.15022583]
3147
[0.10230617]
3148
[0.06658808]
3149
[0.10134678]
3150
[0.13030145]
3151
[0.10093758]
3152
[0.12318787]
3153
[0.22213702]
3154
[0.19232226]
3155
[0.06342015]
3156
[0.0647023]
3157
[0.09432111]
3158
[0.10264289]
3159
[0.08536044]
3160
[0.08715902]
3161
[0.11786386]
3162
[0.09985382]
3163
[0.10276283]
3164
[0.15947735]
3165
[0.07602608]
3166
[0.08154097]
3167
[0.08772841]
3168
[0.12481526]
3169
[0.10848503]
3170
[0.10484117]
3171
[0.10250699]
3172
[0.11056858]
3173
[0.11199373]
3174
[0.09651703]
3175
[0.09188953]
3176
[0.10506806]
3177
[0.083071]
3178
[0.16127188]
3179
[0.1126075]
3180
[0.14202153]
3181
[0.18581048]
3182
[0.11379188]
3183
[0.13114426]
3184
[0.10752688]
3185
[0.08143794]
3186
[0.02521751]
3187
[0.16608523]
3188
[0.11481039]
3189
[0.1144931]
3190
[0.11473612]
3191
[0.14166463]
3192
[0.06442046]
3193
[0.12056032]
3194
[0.10669147]
3195
[0.07736876]
3196
[0.08985551]
3197
[0.11997303]
3198
[0.12201564]
3199
[0.20727875]
3200
[0.1413516]
3201
[0.08348167]
3202
[0.09856241]
3203
[0.08847227]
3204
[0.16528451]
3205
[0.13042666]
3206
[0.06818753]
3207
[0.09457356]
3208
[0.08497776]
3209
[0.1607433]
3210
[0.1031066]
3211
[0.16351314]
3212
[0.10184336]
3213
[0.15861143]
3214
[0.11500227]
3215
[0.12755168]
3216
[0.10701043]
3217
[0.14222934]
3218
[0.13736927]
3219
[0.09499496]
3220
[0.12145419]
3221
[0.13968827]
3222
[0.04503406]
3223
[0.18753031]
3224
[0.08706354]
3225
[0.1754739]
3226
[0.1541812]
3227
[0.10490561]
3228
[0.11143853]
3229
[0.06348117]
3230
[0.0779368]
3231
[0.09920496]
3232
[0.10552471]
3233
[0.153944]
3234
[0.15957372]
3235
[0.13371621]
3236
[0.10993347]
3237
[0.08616403]
3238
[0.10474408]
3239
[0.09509757]
3240
[0.08369137]
3241
[0.12407877]
3242
[0.05674232]
3243
[0.21757569]
3244
[0.06193131]
3245
[0.1666866]
3246
[0.20286915]
3247
[0.09025628]
3248
[0.06960297]
3249
[0.11162972]
3250
[0.11705311]
3251
[0.10323277]
3252
[0.14463463]
3253
[0.12291148]
3254
[0.13938153]
3255
[0.0965392]
3256
[0.10872792]
3257
[0.07589816]
3258
[0.07312498]
3259
[0.09274185]
3260
[0.12802963]
3261
[0.11542574]
3262
[0.13907558]
3263
[0.10371525]
3264
[0.07125049]
3265
[0.12982325]
3266
[0.08960481]
3267
[0.10903583]
3268
[0.10540491]
3269
[0.25073406]
3270
[0.11069472]
3271
[0.07498829]
3272
[0.1709763]
3273
[0.08263338]
3274
[0.07668265]
3275
[0.08104917]
3276
[0.09974657]
3277
[0.08219194]
3278
[0.09583448]
3279
[0.26152526]
3280
[0.12196298]
3281
[0.11679595]
3282
[0.14471369]
3283
[0.11603214]
3284
[0.09361557]
3285
[0.10192966]
3286
[0.07957168]
3287
[0.07954964]
3288
[0.0882014]
3289
[0.11141502]
3290
[0.08021762]
3291
[0.06560185]
3292
[0.13387339]
3293
[0.17386881]
3294
[0.06486196]
3295
[0.16718057]
3296
[0.09874692]
3297
[0.09626575]
3298
[0.12173393]
3299
[0.10083768]
3300
[0.17324039]
3301
[0.05953997]
3302
[0.05557343]
3303
[0.10700306]
3304
[0.09593279]
3305
[0.08644639]
3306
[0.09903627]
3307
[0.08938926]
3308
[0.11572321]
3309
[0.06917959]
3310
[0.09313427]
3311
[0.11442723]
3312
[0.1122403]
3313
[0.23372269]
3314
[0.21892442]
3315
[0.21008555]
3316
[0.04662294]
3317
[0.12986661]
3318
[0.11185654]
3319
[0.07353103]
3320
[0.02117695]
3321
[0.13277014]
3322
[0.04122894]
3323
[0.13876014]
3324
[0.06452294]
3325
[0.19657897]
3326
[0.12339169]
3327
[0.10513634]
3328
[0.13510644]
3329
[0.10548695]
3330
[0.13279758]
3331
[0.14887114]
3332
[0.0898051]
3333
[0.08438568]
3334
[0.11763006]
3335
[0.19777918]
3336
[0.10208063]
3337
[0.13524697]
3338
[0.07910734]
3339
[0.08524655]
3340
[0.11998682]
3341
[0.07259052]
3342
[0.09203423]
3343
[0.0693647]
3344
[0.12267393]
3345
[0.11251472]
3346
[0.0610958]
3347
[0.14459881]
3348
[0.08919635]
3349
[0.11547945]
3350
[0.11149737]
3351
[0.11495265]
3352
[0.1373474]
3353
[0.06107718]
3354
[0.04242637]
3355
[0.13632488]
3356
[0.10920764]
3357
[0.03710857]
3358
[0.09124409]
3359
[0.1182369]
3360
[0.15493144]
3361
[0.09346724]
3362
[0.10509262]
3363
[0.13610675]
3364
[0.20540663]
3365
[0.13210604]
3366
[0.13237741]
3367
[0.13739659]
3368
[0.09631983]
3369
[0.12000705]
3370
[0.09497838]
3371
[0.11920704]
3372
[0.11844067]
3373
[0.19812874]
3374
[0.20290657]
3375
[0.15150327]
3376
[0.09981544]
3377
[0.1462005]
3378
[0.12825551]
3379
[0.12790875]
3380
[0.13748888]
3381
[0.11545303]
3382
[0.10535309]
3383
[0.08715608]
3384
[0.04781242]
3385
[0.08392195]
3386
[0.07991263]
3387
[0.105081]
3388
[0.07738107]
3389
[0.09300474]
3390
[0.12383564]
3391
[0.10456496]
3392
[0.0995773]
3393
[0.11651539]
3394
[0.09519583]
3395
[0.18599892]
3396
[0.11315549]
3397
[0.0308459]
3398
[0.17369676]
3399
[0.11479504]
3400
[0.08258966]
3401
[0.1459642]
3402
[0.10760604]
3403
[0.24915582]
3404
[0.11874334]
3405
[0.20661414]
3406
[0.08202257]
3407
[0.07541808]
3408
[0.09789793]
3409
[0.08989531]
3410
[0.12646314]
3411
[0.11920918]
3412
[0.07924068]
3413
[0.08904744]
3414
[0.1072106]
3415
[0.14695632]
3416
[0.12595359]
3417
[0.13482858]
3418
[0.10232916]
3419
[0.09924789]
3420
[0.15196994]
3421
[0.0515433]
3422
[0.14638467]
3423
[0.07301401]
3424
[0.10920763]
3425
[0.12822792]
3426
[0.10022776]
3427
[0.08590754]
3428
[0.10259502]
3429
[0.14331605]
3430
[0.08900606]
3431
[0.09113776]
3432
[0.08758282]
3433
[0.08978037]
3434
[0.08449896]
3435
[0.15580411]
3436
[0.11900616]
3437
[0.21314392]
3438
[0.12548661]
3439
[0.12980493]
3440
[0.0949459]
3441
[0.07767957]
3442
[0.11271047]
3443
[0.08464222]
3444
[0.12182326]
3445
[0.18520486]
3446
[0.10944623]
3447
[0.07232246]
3448
[0.11933075]
3449
[0.08198567]
3450
[0.21218979]
3451
[0.19715191]
3452
[0.09815305]
3453
[0.16151186]
3454
[0.04111422]
3455
[0.12954561]
3456
[0.10025965]
3457
[0.14704496]
3458
[0.07661455]
3459
[0.09452148]
3460
[0.10589846]
3461
[0.10653082]
3462
[0.10352294]
3463
[0.08839126]
3464
[0.09612829]
3465
[0.09575557]
3466
[0.1144707]
3467
[0.17227993]
3468
[0.09080408]
3469
[0.12434515]
3470
[0.10664035]
3471
[0.08908601]
3472
[0.11825704]
3473
[0.09939779]
3474
[0.11128395]
3475
[0.09711064]
3476
[0.11397385]
3477
[0.10133392]
3478
[0.10495683]
3479
[0.11189561]
3480
[0.05890315]
3481
[0.08231733]
3482
[0.09828453]
3483
[0.08094224]
3484
[0.20405613]
3485
[0.08220465]
3486
[0.1294194]
3487
[0.10747613]
3488
[0.12722315]
3489
[0.06846332]
3490
[0.06507288]
3491
[0.13605242]
3492
[0.08285989]
3493
[0.09444103]
3494
[0.09999839]
3495
[0.09394685]
3496
[0.11852497]
3497
[0.11709962]
3498
[0.10661062]
3499
[0.0763369]
3500
[0.09959356]
3501
[0.06569899]
3502
[0.0778329]
3503
[0.09620272]
3504
[0.1654641]
3505
[0.08590992]
3506
[0.1058059]
3507
[0.09552673]
3508
[0.13751215]
3509
[0.09619992]
3510
[0.12498555]
3511
[0.12378788]
3512
[0.08997937]
3513
[0.17624943]
3514
[0.0830841]
3515
[0.05766812]
3516
[0.14457958]
3517
[0.19143939]
3518
[0.08559174]
3519
[0.10023455]
3520
[0.14786285]
3521
[0.08837157]
3522
[0.14763333]
3523
[0.13575141]
3524
[0.07501624]
3525
[0.10236593]
3526
[0.13605329]
3527
[0.10502396]
3528
[0.08880816]
3529
[0.10917317]
3530
[0.2229682]
3531
[0.10473013]
3532
[0.15017146]
3533
[0.09948944]
3534
[0.11703251]
3535
[0.12576535]
3536
[0.11049916]
3537
[0.07924227]
3538
[0.21172083]
3539
[0.05319479]
3540
[0.07162637]
3541
[0.07992063]
3542
[0.03971299]
3543
[0.09814024]
3544
[0.11207229]
3545
[0.0880454]
3546
[0.10664035]
3547
[0.14770386]
3548
[0.11161412]
3549
[0.14217676]
3550
[0.09600551]
3551
[0.15026959]
3552
[0.08095675]
3553
[0.18663359]
3554
[0.06909568]
3555
[0.10119039]
3556
[0.10223439]
3557
[0.10178002]
3558
[0.08490115]
3559
[0.09937839]
3560
[0.12200769]
3561
[0.11043283]
3562
[0.19685397]
3563
[0.040607]
3564
[0.09583772]
3565
[0.1521113]
3566
[0.06255652]
3567
[0.11080988]
3568
[0.11508019]
3569
[0.12006158]
3570
[0.13759231]
3571
[0.10533129]
3572
[0.19608531]
3573
[0.09803894]
3574
[0.08382658]
3575
[0.08124434]
3576
[0.12048415]
3577
[0.18193702]
3578
[0.0743392]
3579
[0.1351383]
3580
[0.11664886]
3581
[0.11341036]
3582
[0.07270054]
3583
[0.09844581]
3584
[0.16330467]
3585
[0.06815116]
3586
[0.10895436]
3587
[0.10699034]
3588
[0.19379212]
3589
[0.13386077]
3590
[0.0672409]
3591
[0.13996108]
3592
[0.21798817]
3593
[0.16342787]
3594
[0.08806351]
3595
[0.09538313]
3596
[0.11042795]
3597
[0.153691]
3598
[0.10739251]
3599
[0.08518667]
3600
[0.09271994]
3601
[0.0973752]
3602
[0.11382841]
3603
[0.11582989]
3604
[0.10550512]
3605
[0.10959957]
3606
[0.07672016]
3607
[0.10843895]
3608
[0.11571128]
3609
[0.12416173]
3610
[0.08906128]
3611
[0.1696141]
3612
[0.11849197]
3613
[0.11093926]
3614
[0.10451593]
3615
[0.10109936]
3616
[0.10110588]
3617
[0.09839842]
3618
[0.11539809]
3619
[0.13662892]
3620
[0.12766405]
3621
[0.07521455]
3622
[0.05257019]
3623
[0.07029097]
3624
[0.10499999]
3625
[0.15933183]
3626
[0.10547214]
3627
[0.15315838]
3628
[0.08088365]
3629
[0.1178174]
3630
[0.09452342]
3631
[0.09324022]
3632
[0.05168791]
3633
[0.17032969]
3634
[0.08144195]
3635
[0.10390326]
3636
[0.08275738]
3637
[0.09287499]
3638
[0.23069492]
3639
[0.10730428]
3640
[0.12023184]
3641
[0.07545984]
3642
[0.08870479]
3643
[0.11432711]
3644
[0.1236447]
3645
[0.08898086]
3646
[0.10672834]
3647
[0.09992126]
3648
[0.11408725]
3649
[0.12215362]
3650
[0.09069251]
3651
[0.09668279]
3652
[0.08740285]
3653
[0.08279922]
3654
[0.13169347]
3655
[0.14189676]
3656
[0.11367185]
3657
[0.08640202]
3658
[0.08803319]
3659
[0.10780463]
3660
[0.12435105]
3661
[0.07967417]
3662
[0.13836209]
3663
[0.19872947]
3664
[0.1103753]
3665
[0.1652126]
3666
[0.12290041]
3667
[0.2000175]
3668
[0.0693553]
3669
[0.16073184]
3670
[0.11914458]
3671
[0.06792268]
3672
[0.10816296]
3673
[0.08645362]
3674
[0.14533748]
3675
[0.08712388]
3676
[0.10425646]
3677
[0.09612629]
3678
[0.15893038]
3679
[0.12810156]
3680
[0.09137539]
3681
[0.10616317]
3682
[0.0698446]
3683
[0.1101551]
3684
[0.12749157]
3685
[0.10389482]
3686
[0.10498045]
3687
[0.1663105]
3688
[0.08865721]
3689
[0.13881018]
3690
[0.22063804]
3691
[0.11053864]
3692
[0.06770824]
3693
[0.19734598]
3694
[0.12088499]
3695
[0.10359457]
3696
[0.16115392]
3697
[0.06485938]
3698
[0.1046417]
3699
[0.23557692]
3700
[0.13406174]
3701
[0.10238184]
3702
[0.10613778]
3703
[0.15259495]
3704
[0.03247827]
3705
[0.15947542]
3706
[0.0951884]
3707
[0.17113431]
3708
[0.1142999]
3709
[0.11946685]
3710
[0.09162485]
3711
[0.15117137]
3712
[0.21221896]
3713
[0.15749358]
3714
[0.15232241]
3715
[0.11460648]
3716
[0.07236381]
3717
[0.09070542]
3718
[0.1459731]
3719
[0.01941637]
3720
[0.14779296]
3721
[0.08698495]
3722
[0.08207808]
3723
[0.06925135]
3724
[0.05990198]
3725
[0.11795407]
3726
[0.15099499]
3727
[0.0204522]
3728
[0.08734586]
3729
[0.06508843]
3730
[0.16250154]
3731
[0.13103395]
3732
[0.09903922]
3733
[0.10219618]
3734
[0.09962639]
3735
[0.10505255]
3736
[0.12990411]
3737
[0.10892088]
3738
[0.07253799]
3739
[0.10514606]
3740
[0.09310001]
3741
[0.11209964]
3742
[0.09627917]
3743
[0.06724689]
3744
[0.11180669]
3745
[0.10753031]
3746
[0.05767764]
3747
[0.22632034]
3748
[0.10245707]
3749
[0.07951388]
3750
[0.09637241]
3751
[0.12012201]
3752
[0.10860504]
3753
[0.07917438]
3754
[0.05023861]
3755
[0.14371663]
3756
[0.10221696]
3757
[0.12714338]
3758
[0.11117814]
3759
[0.11193999]
3760
[0.08242334]
3761
[0.1638661]
3762
[0.20522144]
3763
[0.07582695]
3764
[0.09373333]
3765
[0.11801894]
3766
[0.09331172]
3767
[0.09800663]
3768
[0.0942945]
3769
[0.14776773]
3770
[0.13806616]
3771
[0.09889571]
3772
[0.10220606]
3773
[0.07180555]
3774
[0.10219388]
3775
[0.19117412]
3776
[0.04608661]
3777
[0.1399173]
3778
[0.09184228]
3779
[0.17405129]
3780
[0.09041708]
3781
[0.18620021]
3782
[0.06167767]
3783
[0.12416265]
3784
[0.11431384]
3785
[0.11462707]
3786
[0.04420819]
3787
[0.10408509]
3788
[0.1179429]
3789
[0.15909715]
3790
[0.13657362]
3791
[0.16999718]
3792
[0.11126978]
3793
[0.16526208]
3794
[0.17497051]
3795
[0.18000144]
3796
[0.07836005]
3797
[0.07793959]
3798
[0.10239909]
3799
[0.14830603]
3800
[0.10852075]
3801
[0.116628]
3802
[0.14429447]
3803
[0.10062195]
3804
[0.13983034]
3805
[0.06735714]
3806
[0.09311481]
3807
[0.18908202]
3808
[0.09479069]
3809
[0.16683813]
3810
[0.09704707]
3811
[0.08655958]
3812
[0.10944623]
3813
[0.1356653]
3814
[0.09665561]
3815
[0.08778673]
3816
[0.05130412]
3817
[0.08768456]
3818
[0.12149905]
3819
[0.13293913]
3820
[0.07077719]
3821
[0.13158157]
3822
[0.07248362]
3823
[0.06522262]
3824
[0.13746047]
3825
[0.1181056]
3826
[0.20415295]
3827
[0.10961174]
3828
[0.06465241]
3829
[0.04583266]
3830
[0.06777427]
3831
[0.06743997]
3832
[0.07277667]
3833
[0.15119599]
3834
[0.09674147]
3835
[0.21085067]
3836
[0.07826477]
3837
[0.10777667]
3838
[0.10052732]
3839
[0.09024909]
3840
[0.23516201]
3841
[0.12339764]
3842
[0.06630633]
3843
[0.12922971]
3844
[0.12739515]
3845
[0.12368931]
3846
[0.10147056]
3847
[0.06113448]
3848
[0.13614597]
3849
[0.10688072]
3850
[0.09370411]
3851
[0.18654798]
3852
[0.25048591]
3853
[0.10324915]
3854
[0.11087707]
3855
[0.09984672]
3856
[0.11609624]
3857
[0.09349967]
3858
[0.0892949]
3859
[0.21227144]
3860
[0.06446155]
3861
[0.08677594]
3862
[0.09976512]
3863
[0.08282353]
3864
[0.1301247]
3865
[0.15781846]
3866
[0.08875022]
3867
[0.15358617]
3868
[0.13300439]
3869
[0.13283122]
3870
[0.06399105]
3871
[0.06850513]
3872
[0.11368983]
3873
[0.18575839]
3874
[0.08141546]
3875
[0.1022079]
3876
[0.2125282]
3877
[0.14022065]
3878
[0.16699298]
3879
[0.13178774]
3880
[0.07747159]
3881
[0.10419455]
3882
[0.12418837]
3883
[0.14356169]
3884
[0.08806158]
3885
[0.2017494]
3886
[0.10327058]
3887
[0.10888505]
3888
[0.15036966]
3889
[0.13557074]
3890
[0.10421475]
3891
[0.07678772]
3892
[0.16902674]
3893
[0.1044016]
3894
[0.087536]
3895
[0.03820918]
3896
[0.17813307]
3897
[0.08963142]
3898
[0.07540472]
3899
[0.14206385]
3900
[0.12573485]
3901
[0.10664237]
3902
[0.10668243]
3903
[0.12199903]
3904
[0.1477975]
3905
[0.18878635]
3906
[0.11899175]
3907
[0.12467762]
3908
[0.11523175]
3909
[0.16864149]
3910
[0.18143848]
3911
[0.07794812]
3912
[0.20946301]
3913
[0.13720884]
3914
[0.07388093]
3915
[0.08713635]
3916
[0.11274053]
3917
[0.05052285]
3918
[0.12252091]
3919
[0.11370419]
3920
[0.10920275]
3921
[0.15422805]
3922
[0.10755625]
3923
[0.10127192]
3924
[0.10838365]
3925
[0.06454094]
3926
[0.0525126]
3927
[0.14561078]
3928
[0.09358543]
3929
[0.06780747]
3930
[0.0924168]
3931
[0.19266722]
3932
[0.10392472]
3933
[0.12397662]
3934
[0.26444038]
3935
[0.18636682]
3936
[0.07357313]
3937
[0.11037152]
3938
[0.06700628]
3939
[0.11596462]
3940
[0.10842275]
3941
[0.11444185]
3942
[0.09370738]
3943
[0.12471233]
3944
[0.0631675]
3945
[0.09575853]
3946
[0.08211585]
3947
[0.09538452]
3948
[0.0521528]
3949
[0.12635635]
3950
[0.0831832]
3951
[0.08836099]
3952
[0.08984386]
3953
[0.06699584]
3954
[0.109618]
3955
[0.15768321]
3956
[0.1736636]
3957
[0.1047085]
3958
[0.12083699]
3959
[0.10531772]
3960
[0.10185534]
3961
[0.08148219]
3962
[0.11508104]
3963
[0.11149905]
3964
[0.11216813]
3965
[0.11561916]
3966
[0.08906057]
3967
[0.12757828]
3968
[0.09352484]
3969
[0.08061453]
3970
[0.15928505]
3971
[0.0895393]
3972
[0.10040573]
3973
[0.10840005]
3974
[0.11890036]
3975
[0.12277669]
3976
[0.07224806]
3977
[0.19442429]
3978
[0.14071145]
3979
[0.20522645]
3980
[0.10251512]
3981
[0.07301686]
3982
[0.06900277]
3983
[0.07419677]
3984
[0.13285433]
3985
[0.1858265]
3986
[0.11032053]
3987
[0.08192658]
3988
[0.06308217]
3989
[0.10739155]
3990
[0.0936542]
3991
[0.09592998]
3992
[0.12803538]
3993
[0.09434428]
3994
[0.11020806]
3995
[0.16224631]
3996
[0.10506235]
3997
[0.099988]
3998
[0.22742554]
3999
[0.12034597]
4000
[0.15500287]
4001
[0.15418701]
4002
[0.12170536]
4003
[0.13233813]
4004
[0.12595879]
4005
[0.14575343]
4006
[0.09486289]
4007
[0.14027339]
4008
[0.08360407]
4009
[0.17471136]
4010
[0.08878627]
4011
[0.13659138]
4012
[0.13386106]
4013
[0.13296487]
4014
[0.10215095]
4015
[0.12476677]
4016
[0.16187385]
4017
[0.11223103]
4018
[0.08861075]
4019
[0.12355759]
4020
[0.0928174]
4021
[0.12933897]
4022
[0.13415128]
4023
[0.10564843]
4024
[0.05368722]
4025
[0.09405378]
4026
[0.10462509]
4027
[0.12588987]
4028
[0.08464296]
4029
[0.11673778]
4030
[0.12661698]
4031
[0.06164963]
4032
[0.09826849]
4033
[0.08058023]
4034
[0.12612977]
4035
[0.07885471]
4036
[0.10828336]
4037
[0.12826889]
4038
[0.10460765]
4039
[0.11209105]
4040
[0.03135166]
4041
[0.11612838]
4042
[0.10280554]
4043
[0.11516381]
4044
[0.12172178]
4045
[0.09932797]
4046
[0.07112726]
4047
[0.14780632]
4048
[0.11142954]
4049
[0.10444101]
4050
[0.09532806]
4051
[0.09687927]
4052
[0.1520662]
4053
[0.15887677]
4054
[0.13372081]
4055
[0.0737531]
4056
[0.08284389]
4057
[0.09086534]
4058
[0.04807838]
4059
[0.10152483]
4060
[0.12143255]
4061
[0.20443945]
4062
[0.08080121]
4063
[0.14695092]
4064
[0.13067992]
4065
[0.08908156]
4066
[0.09839562]
4067
[0.10148186]
4068
[0.09730405]
4069
[0.09233842]
4070
[0.13357676]
4071
[0.09740219]
4072
[0.1455083]
4073
[0.04391462]
4074
[0.06562529]
4075
[0.09209299]
4076
[0.11580126]
4077
[0.13175722]
4078
[0.11611392]
4079
[0.05424716]
4080
[0.201489]
4081
[0.09329622]
4082
[0.1721948]
4083
[0.11269785]
4084
[0.22727736]
4085
[0.17656719]
4086
[0.17556324]
4087
[0.19164541]
4088
[0.11506147]
4089
[0.10212158]
4090
[0.08487673]
4091
[0.0688182]
4092
[0.12811968]
4093
[0.11544242]
4094
[0.0842875]
4095
[0.0813114]
4096
[0.07411343]
4097
[0.1239177]
4098
[0.09181759]
4099
[0.14682344]
4100
[0.11545072]
4101
[0.10235257]
4102
[0.07485807]
4103
[0.08939183]
4104
[0.04921966]
4105
[0.23283389]
4106
[0.07457428]
4107
[0.07618106]
4108
[0.10486243]
4109
[0.08148042]
4110
[0.13257199]
4111
[0.13496982]
4112
[0.10730206]
4113
[0.13421869]
4114
[0.139719]
4115
[0.10235771]
4116
[0.09766155]
4117
[0.10995695]
4118
[0.06104862]
4119
[0.08015088]
4120
[0.06120533]
4121
[0.11273866]
4122
[0.13415628]
4123
[0.05705605]
4124
[0.05179679]
4125
[0.11616885]
4126
[0.05338609]
4127
[0.11913097]
4128
[0.10855932]
4129
[0.18982004]
4130
[0.09182488]
4131
[0.10902307]
4132
[0.1507999]
4133
[0.16065668]
4134
[0.05409318]
4135
[0.07282447]
4136
[0.08908269]
4137
[0.13471555]
4138
[0.07791767]
4139
[0.09893023]
4140
[0.09038172]
4141
[0.12958991]
4142
[0.11986405]
4143
[0.1024524]
4144
[0.10397715]
4145
[0.12670552]
4146
[0.10375191]
4147
[0.09980672]
4148
[0.13091121]
4149
[0.08791945]
4150
[0.1220661]
4151
[0.10113056]
4152
[0.1278216]
4153
[0.14716194]
4154
[0.08915542]
4155
[0.06526365]
4156
[0.12134041]
4157
[0.10951063]
4158
[0.16413698]
4159
[0.16034224]
4160
[0.12928545]
4161
[0.10901995]
4162
[0.10601273]
4163
[0.10937143]
4164
[0.09747182]
4165
[0.14453777]
4166
[0.13551248]
4167
[0.14572882]
4168
[0.10158978]
4169
[0.08247796]
4170
[0.13514818]
4171
[0.10448213]
4172
[0.13983988]
4173
[0.11364709]
4174
[0.18364101]
4175
[0.0895325]
4176
[0.10043277]
4177
[0.1496217]
4178
[0.04741113]
4179
[0.12706459]
4180
[0.09976937]
4181
[0.0798822]
4182
[0.15138802]
4183
[0.12119675]
4184
[0.07814341]
4185
[0.09465716]
4186
[0.11196272]
4187
[0.11582998]
4188
[0.06710784]
4189
[0.14958641]
4190
[0.15018431]
4191
[0.1041522]
4192
[0.1048158]
4193
[0.22519065]
4194
[0.101936]
4195
[0.10405169]
4196
[0.08031277]
4197
[0.09665397]
4198
[0.0862004]
4199
[0.13915155]
4200
[0.15036194]
4201
[0.10491415]
4202
[0.05814314]
4203
[0.08637606]
4204
[0.15679822]
4205
[0.08734828]
4206
[0.05904168]
4207
[0.12036478]
4208
[0.24765068]
4209
[0.0856001]
4210
[0.1505773]
4211
[0.08586675]
4212
[0.06236092]
4213
[0.0884919]
4214
[0.17340763]
4215
[0.12991297]
4216
[0.10446372]
4217
[0.135595]
4218
[0.12082948]
4219
[0.06790548]
4220
[0.09710038]
4221
[0.14376408]
4222
[0.15071995]
4223
[0.14123112]
4224
[0.08740705]
4225
[0.18334713]
4226
[0.09555365]
4227
[0.08545835]
4228
[0.16401978]
4229
[0.11648022]
4230
[0.10602483]
4231
[0.12953635]
4232
[0.08874478]
4233
[0.13207989]
4234
[0.13919561]
4235
[0.15784589]
4236
[0.09334472]
4237
[0.08380003]
4238
[0.11738432]
4239
[0.22607007]
4240
[0.07280454]
4241
[0.14238018]
4242
[0.05574156]
4243
[0.26733662]
4244
[0.10178435]
4245
[0.13201277]
4246
[0.12196035]
4247
[0.2159294]
4248
[0.1154069]
4249
[0.26105759]
4250
[0.15269669]
4251
[0.09581226]
4252
[0.09304972]
4253
[0.11735379]
4254
[0.10057131]
4255
[0.09170823]
4256
[0.19125164]
4257
[0.11180103]
4258
[0.09142149]
4259
[0.11921316]
4260
[0.08689056]
4261
[0.07240868]
4262
[0.03877254]
4263
[0.09744636]
4264
[0.08650386]
4265
[0.12139684]
4266
[0.10885994]
4267
[0.09703395]
4268
[0.12120287]
4269
[0.11494432]
4270
[0.17402033]
4271
[0.07591906]
4272
[0.07298277]
4273
[0.19248829]
4274
[0.09478911]
4275
[0.05505142]
4276
[0.09212558]
4277
[0.11770367]
4278
[0.24971083]
4279
[0.17876053]
4280
[0.09406416]
4281
[0.08846908]
4282
[0.10411434]
4283
[0.07747088]
4284
[0.0680672]
4285
[0.08577177]
4286
[0.0879989]
4287
[0.09769553]
4288
[0.08699923]
4289
[0.04252765]
4290
[0.1119039]
4291
[0.07271413]
4292
[0.196915]
4293
[0.23026234]
4294
[0.1104125]
4295
[0.20767037]
4296
[0.12647749]
4297
[0.07875531]
4298
[0.15397468]
4299
[0.09505699]
4300
[0.08578864]
4301
[0.19612452]
4302
[0.07548671]
4303
[0.12913235]
4304
[0.11527891]
4305
[0.10186605]
4306
[0.08082252]
4307
[0.08392634]
4308
[0.12530762]
4309
[0.14639333]
4310
[0.11817576]
4311
[0.12320351]
4312
[0.10792235]
4313
[0.1005225]
4314
[0.20371054]
4315
[0.0406352]
4316
[0.05933004]
4317
[0.10697568]
4318
[0.10764437]
4319
[0.15294922]
4320
[0.12395183]
4321
[0.14985083]
4322
[0.11598713]
4323
[0.16078363]
4324
[0.094411]
4325
[0.17242973]
4326
[0.07381476]
4327
[0.22184728]
4328
[0.16442955]
4329
[0.15681262]
4330
[0.11589009]
4331
[0.12330118]
4332
[0.13009083]
4333
[0.17537353]
4334
[0.05853976]
4335
[0.17214548]
4336
[0.07508104]
4337
[0.10980909]
4338
[0.14173071]
4339
[0.10737374]
4340
[0.1144529]
4341
[0.08271006]
4342
[0.13203843]
4343
[0.16423749]
4344
[0.0799806]
4345
[0.18709986]
4346
[0.09635938]
4347
[0.13271933]
4348
[0.07457731]
4349
[0.07827899]
4350
[0.09668121]
4351
[0.07817612]
4352
[0.09401798]
4353
[0.0879975]
4354
[0.08985549]
4355
[0.13368776]
4356
[0.18216171]
4357
[0.12245469]
4358
[0.0834481]
4359
[0.11068727]
4360
[0.07707178]
4361
[0.09880319]
4362
[0.09218616]
4363
[0.05672708]
4364
[0.06307347]
4365
[0.13326825]
4366
[0.11281328]
4367
[0.2068095]
4368
[0.09802558]
4369
[0.11621071]
4370
[0.10349389]
4371
[0.09885447]
4372
[0.11465598]
4373
[0.12701731]
4374
[0.11297016]
4375
[0.11460036]
4376
[0.139716]
4377
[0.14313214]
4378
[0.22072799]
4379
[0.13001995]
4380
[0.16478777]
4381
[0.11665982]
4382
[0.08002337]
4383
[0.05276034]
4384
[0.09653161]
4385
[0.07862271]
4386
[0.09187334]
4387
[0.10495525]
4388
[0.06903589]
4389
[0.10078798]
4390
[0.07663208]
4391
[0.0660064]
4392
[0.15366963]
4393
[0.07981672]
4394
[0.0910204]
4395
[0.10789365]
4396
[0.08330233]
4397
[0.12268266]
4398
[0.14816731]
4399
[0.0942945]
4400
[0.11768938]
4401
[0.10076998]
4402
[0.19417802]
4403
[0.13165756]
4404
[0.22320316]
4405
[0.12620652]
4406
[0.13165993]
4407
[0.15550707]
4408
[0.18503789]
4409
[0.10331477]
4410
[0.10074087]
4411
[0.12904558]
4412
[0.10337448]
4413
[0.0987839]
4414
[0.08570073]
4415
[0.20912134]
4416
[0.12577058]
4417
[0.06185955]
4418
[0.213307]
4419
[0.11060231]
4420
[0.14359]
4421
[0.12231245]
4422
[0.15325991]
4423
[0.10561986]
4424
[0.1077319]
4425
[0.04264198]
4426
[0.14236656]
4427
[0.07897441]
4428
[0.12197439]
4429
[0.1156392]
4430
[0.09271877]
4431
[0.14863545]
4432
[0.10225666]
4433
[0.11788324]
4434
[0.12241803]
4435
[0.12637808]
4436
[0.08381728]
4437
[0.08567335]
4438
[0.0817835]
4439
[0.23340301]
4440
[0.10183205]
4441
[0.07111105]
4442
[0.08912279]
4443
[0.11912904]
4444
[0.11127877]
4445
[0.10860647]
4446
[0.07887134]
4447
[0.15136809]
4448
[0.11076979]
4449
[0.07748277]
4450
[0.12778991]
4451
[0.2427751]
4452
[0.09363956]
4453
[0.16060223]
4454
[0.07362134]
4455
[0.09174671]
4456
[0.12874514]
4457
[0.07159057]
4458
[0.10450492]
4459
[0.0679368]
4460
[0.09021883]
4461
[0.18067759]
4462
[0.08875986]
4463
[0.10352495]
4464
[0.08425545]
4465
[0.14928194]
4466
[0.06899926]
4467
[0.0883794]
4468
[0.08458427]
4469
[0.10426958]
4470
[0.29328737]
4471
[0.16130074]
4472
[0.13152872]
4473
[0.08724176]
4474
[0.17420837]
4475
[0.09362409]
4476
[0.11838343]
4477
[0.17608463]
4478
[0.11841177]
4479
[0.11202411]
4480
[0.07744729]
4481
[0.10142725]
4482
[0.09546664]
4483
[0.14802621]
4484
[0.06414113]
4485
[0.09953479]
4486
[0.07090923]
4487
[0.10634073]
4488
[0.07759748]
4489
[0.17155604]
4490
[0.13643272]
4491
[0.10107639]
4492
[0.08908575]
4493
[0.18793988]
4494
[0.13464201]
4495
[0.13349484]
4496
[0.15301167]
4497
[0.0979615]
4498
[0.07956672]
4499
[0.07639853]
4500
[0.17454253]
4501
[0.09280375]
4502
[0.10065928]
4503
[0.0962323]
4504
[0.10398014]
4505
[0.14552013]
4506
[0.18744839]
4507
[0.09342333]
4508
[0.08907253]
4509
[0.11207417]
4510
[0.14386382]
4511
[0.10992665]
4512
[0.09206965]
4513
[0.10201158]
4514
[0.09805876]
4515
[0.05616268]
4516
[0.09822273]
4517
[0.09686287]
4518
[0.22104938]
4519
[0.09829785]
4520
[0.15123628]
4521
[0.13679732]
4522
[0.10241922]
4523
[0.11564504]
4524
[0.10329311]
4525
[0.19118285]
4526
[0.14787181]
4527
[0.14009554]
4528
[0.16865617]
4529
[0.09209006]
4530
[0.04400088]
4531
[0.09687897]
4532
[0.08563425]
4533
[0.12243267]
4534
[0.07761565]
4535
[0.16024046]
4536
[0.22263447]
4537
[0.1498833]
4538
[0.10814424]
4539
[0.12769504]
4540
[0.25633212]
4541
[0.10107903]
4542
[0.13958422]
4543
[0.10544892]
4544
[0.05887279]
4545
[0.12403991]
4546
[0.1090225]
4547
[0.10361136]
4548
[0.09466953]
4549
[0.12794679]
4550
[0.12491556]
4551
[0.22663528]
4552
[0.1673197]
4553
[0.06436743]
4554
[0.12635548]
4555
[0.10004092]
4556
[0.19561405]
4557
[0.13882828]
4558
[0.08799186]
4559
[0.10661789]
4560
[0.05264796]
4561
[0.12777515]
4562
[0.14658428]
4563
[0.1072773]
4564
[0.11239277]
4565
[0.11890077]
4566
[0.10693919]
4567
[0.11545283]
4568
[0.10332894]
4569
[0.07164252]
4570
[0.09882036]
4571
[0.13060891]
4572
[0.11112514]
4573
[0.1015253]
4574
[0.24480553]
4575
[0.0920498]
4576
[0.10131795]
4577
[0.20055031]
4578
[0.12273925]
4579
[0.09294645]
4580
[0.06623575]
4581
[0.0917185]
4582
[0.09990625]
4583
[0.17109451]
4584
[0.15434023]
4585
[0.04441919]
4586
[0.09651358]
4587
[0.08404478]
4588
[0.20520841]
4589
[0.15462093]
4590
[0.06954645]
4591
[0.23176765]
4592
[0.09738799]
4593
[0.14651534]
4594
[0.1147207]
4595
[0.12110478]
4596
[0.09566896]
4597
[0.09635411]
4598
[0.10943934]
4599
[0.0901842]
4600
[0.20808327]
4601
[0.12648239]
4602
[0.19030735]
4603
[0.10096533]
4604
[0.03326055]
4605
[0.19553217]
4606
[0.15626785]
4607
[0.11867046]
4608
[0.13187125]
4609
[0.08621303]
4610
[0.09747963]
4611
[0.13060297]
4612
[0.06605596]
4613
[0.15166815]
4614
[0.12479541]
4615
[0.09733773]
4616
[0.09351806]
4617
[0.11858207]
4618
[0.10631222]
4619
[0.09935675]
4620
[0.11747336]
4621
[0.10490431]
4622
[0.12200283]
4623
[0.04861268]
4624
[0.21403391]
4625
[0.0455962]
4626
[0.11189097]
4627
[0.14110442]
4628
[0.24159096]
4629
[0.10175052]
4630
[0.06504186]
4631
[0.10645916]
4632
[0.12069149]
4633
[0.06902844]
4634
[0.0937919]
4635
[0.11590457]
4636
[0.11008043]
4637
[0.1439122]
4638
[0.08235701]
4639
[0.10266721]
4640
[0.05162829]
4641
[0.10772545]
4642
[0.09213112]
4643
[0.09698703]
4644
[0.1039954]
4645
[0.12267425]
4646
[0.15861892]
4647
[0.12140607]
4648
[0.12121346]
4649
[0.09545297]
4650
[0.15811711]
4651
[0.09126044]
4652
[0.10976198]
4653
[0.1635395]
4654
[0.10832388]
4655
[0.12546918]
4656
[0.11261739]
4657
[0.08681582]
4658
[0.10024041]
4659
[0.0965392]
4660
[0.17325457]
4661
[0.12684266]
4662
[0.09541685]
4663
[0.15378987]
4664
[0.15256372]
4665
[0.15140653]
4666
[0.08974794]
4667
[0.06964914]
4668
[0.0826074]
4669
[0.09723346]
4670
[0.07012743]
4671
[0.07825968]
4672
[0.14189401]
4673
[0.08697418]
4674
[0.09226994]
4675
[0.112479]
4676
[0.10984823]
4677
[0.07267174]
4678
[0.10716666]
4679
[0.08702574]
4680
[0.08564803]
4681
[0.09362969]
4682
[0.08404913]
4683
[0.10487159]
4684
[0.08568392]
4685
[0.13093572]
4686
[0.0928561]
4687
[0.11608012]
4688
[0.07731265]
4689
[0.08592315]
4690
[0.10637656]
4691
[0.12933173]
4692
[0.09340825]
4693
[0.06673534]
4694
[0.05599163]
4695
[0.0786907]
4696
[0.10292054]
4697
[0.09872282]
4698
[0.12288656]
4699
[0.20176831]
4700
[0.08481487]
4701
[0.12352357]
4702
[0.11624555]
4703
[0.14207479]
4704
[0.11115168]
4705
[0.08924393]
4706
[0.09275559]
4707
[0.17747124]
4708
[0.10062612]
4709
[0.05998153]
4710
[0.07360836]
4711
[0.14329995]
4712
[0.15668917]
4713
[0.13307645]
4714
[0.18920875]
4715
[0.08407496]
4716
[0.11332139]
4717
[0.07527364]
4718
[0.07897641]
4719
[0.07483138]
4720
[0.10229655]
4721
[0.10616237]
4722
[0.08960313]
4723
[0.16015973]
4724
[0.13404791]
4725
[0.0601906]
4726
[0.12103377]
4727
[0.12984742]
4728
[0.07064959]
4729
[0.13081088]
4730
[0.07699927]
4731
[0.15218793]
4732
[0.09697264]
4733
[0.09848462]
4734
[0.11657372]
4735
[0.08213675]
4736
[0.10773357]
4737
[0.09154077]
4738
[0.07903471]
4739
[0.0922504]
4740
[0.10453754]
4741
[0.07743747]
4742
[0.09519509]
4743
[0.08169914]
4744
[0.07738852]
4745
[0.09302134]
4746
[0.18015614]
4747
[0.09251153]
4748
[0.06780038]
4749
[0.04820268]
4750
[0.10616334]
4751
[0.12371083]
4752
[0.10247895]
4753
[0.15200495]
4754
[0.15188284]
4755
[0.0816553]
4756
[0.09233008]
4757
[0.1997702]
4758
[0.06519614]
4759
[0.11708167]
4760
[0.22042825]
4761
[0.11013509]
4762
[0.10969945]
4763
[0.15391486]
4764
[0.10510157]
4765
[0.10326997]
4766
[0.18612454]
4767
[0.0955115]
4768
[0.08002615]
4769
[0.13019659]
4770
[0.15677252]
4771
[0.11677444]
4772
[0.09934508]
4773
[0.08997804]
4774
[0.11795335]
4775
[0.09788821]
4776
[0.11321379]
4777
[0.19225003]
4778
[0.09456146]
4779
[0.19215205]
4780
[0.170453]
4781
[0.16358054]
4782
[0.06614786]
4783
[0.12713132]
4784
[0.10347837]
4785
[0.09857877]
4786
[0.11130778]
4787
[0.09810165]
4788
[0.15326903]
4789
[0.11617918]
4790
[0.09245209]
4791
[0.07269325]
4792
[0.10079847]
4793
[0.08702014]
4794
[0.13301558]
4795
[0.07963941]
4796
[0.08662576]
4797
[0.12683335]
4798
[0.04139043]
4799
[0.18095031]
4800
[0.11547877]
4801
[0.0629658]
4802
[0.14153937]
4803
[0.07853664]
4804
[0.12137739]
4805
[0.11227953]
4806
[0.10619779]
4807
[0.09030228]
4808
[0.10021677]
4809
[0.06960276]
4810
[0.09376881]
4811
[0.13525825]
4812
[0.09848159]
4813
[0.08070143]
4814
[0.24946981]
4815
[0.0715984]
4816
[0.11803519]
4817
[0.11022882]
4818
[0.14382933]
4819
[0.07758124]
4820
[0.07404281]
4821
[0.077977]
4822
[0.11505798]
4823
[0.13170899]
4824
[0.13771497]
4825
[0.07089705]
4826
[0.14949978]
4827
[0.22365909]
4828
[0.14387746]
4829
[0.09684977]
4830
[0.23009886]
4831
[0.10664035]
4832
[0.08115094]
4833
[0.15156083]
4834
[0.15567623]
4835
[0.13278264]
4836
[0.10995213]
4837
[0.09257341]
4838
[0.08670834]
4839
[0.09870485]
4840
[0.11324115]
4841
[0.13380826]
4842
[0.20356917]
4843
[0.13796282]
4844
[0.10560647]
4845
[0.08576562]
4846
[0.10076284]
4847
[0.10693697]
4848
[0.10567857]
4849
[0.12533176]
4850
[0.098385]
4851
[0.1078603]
4852
[0.0942203]
4853
[0.07251827]
4854
[0.10422042]
4855
[0.1787783]
4856
[0.16379766]
4857
[0.1026742]
4858
[0.11943326]
4859
[0.12387567]
4860
[0.14333523]
4861
[0.2711837]
4862
[0.14409916]
4863
[0.12179517]
4864
[0.10765734]
4865
[0.06009289]
4866
[0.1433433]
4867
[0.18404962]
4868
[0.06163803]
4869
[0.0837792]
4870
[0.10183792]
4871
[0.09601697]
4872
[0.11531809]
4873
[0.06855312]
4874
[0.12947552]
4875
[0.12585336]
4876
[0.09281161]
4877
[0.20836869]
4878
[0.15919855]
4879
[0.12303361]
4880
[0.1617159]
4881
[0.06876432]
4882
[0.12916956]
4883
[0.29069644]
4884
[0.22745747]
4885
[0.07240868]
4886
[0.21735259]
4887
[0.11321936]
4888
[0.07238205]
4889
[0.05410468]
4890
[0.10383448]
4891
[0.11975092]
4892
[0.06342619]
4893
[0.16588822]
4894
[0.06280089]
4895
[0.02536875]
4896
[0.09534018]
4897
[0.08536731]
4898
[0.1048285]
4899
[0.11289569]
4900
[0.10219254]
4901
[0.10630404]
4902
[0.07063588]
4903
[0.0529234]
4904
[0.10438276]
4905
[0.13465278]
4906
[0.09107235]
4907
[0.14082347]
4908
[0.17385277]
4909
[0.12543189]
4910
[0.13864128]
4911
[0.07637417]
4912
[0.13981437]
4913
[0.09803035]
4914
[0.09946047]
4915
[0.0907436]
4916
[0.08351617]
4917
[0.08191578]
4918
[0.10033527]
4919
[0.12174981]
4920
[0.1645936]
4921
[0.16061089]
4922
[0.11018855]
4923
[0.1381017]
4924
[0.14897958]
4925
[0.16771646]
4926
[0.11378104]
4927
[0.1037197]
4928
[0.16261319]
4929
[0.14331688]
4930
[0.11398032]
4931
[0.10357727]
4932
[0.08639274]
4933
[0.11094226]
4934
[0.09903261]
4935
[0.08268135]
4936
[0.09088962]
4937
[0.17863205]
4938
[0.11471242]
4939
[0.07701248]
4940
[0.16156411]
4941
[0.05173907]
4942
[0.11595895]
4943
[0.09805236]
4944
[0.15434467]
4945
[0.20714338]
4946
[0.17621649]
4947
[0.09505588]
4948
[0.10143347]
4949
[0.10792545]
4950
[0.11662885]
4951
[0.23851649]
4952
[0.09679891]
4953
[0.07974813]
4954
[0.02072219]
4955
[0.07715188]
4956
[0.06836638]
4957
[0.09667768]
4958
[0.24052844]
4959
[0.09493914]
4960
[0.11104013]
4961
[0.14503933]
4962
[0.05706818]
4963
[0.06362067]
4964
[0.11739851]
4965
[0.20966927]
4966
[0.08532833]
4967
[0.10237701]
4968
[0.13269229]
4969
[0.08821539]
4970
[0.09719337]
4971
[0.18188801]
4972
[0.09590679]
4973
[0.15178884]
4974
[0.17123105]
4975
[0.13787986]
4976
[0.15580384]
4977
[0.08447339]
4978
[0.09755706]
4979
[0.10068806]
4980
[0.15005253]
4981
[0.09092437]
4982
[0.10242505]
4983
[0.11567009]
4984
[0.11056858]
4985
[0.14981486]
4986
[0.1178496]
4987
[0.3050303]
4988
[0.08366603]
4989
[0.0828422]
4990
[0.10655868]
4991
[0.10188868]
4992
[0.18967368]
4993
[0.26116386]
4994
[0.17914789]
4995
[0.18324436]
4996
[0.11173138]
4997
[0.1135586]
4998
[0.05343166]
4999
[0.21491293]
[1] 40000    11
[1] 40000    11
