LOADING R
R LOADED
[1] "/home/lvanderl/Rlibs2"                         
[2] "/app/software/R/4.3.1-gfbf-2022b/lib/R/library"
[1] "/home/lvanderl/sieveSims"
[1] "xg 3 1"
[1] "histogram binning"
[1] 0.08953648
[1] 0.08953648
[1] "mondrian"
[1] "iso"
[1] 0.08953648
[1] "conditional"
[   10.            11.51395399    13.25711366    15.26417967
    17.57510625    20.23589648    23.29951811    26.82695795
    30.88843596    35.56480306    40.94915062    47.14866363
    54.28675439    62.50551925    71.9685673     82.86427729
    95.40954763   109.8541142    126.48552169   145.63484775
   167.68329368   193.06977289   222.29964825   255.95479227
   294.70517026   339.32217719   390.69399371   449.8432669
   517.94746792   596.36233166   686.648845     790.60432109
   910.29817799  1048.11313415  1206.79264064  1389.49549437
  1599.85871961  1842.06996933  2120.95088792  2442.05309455
  2811.76869797  3237.45754282  3727.59372031  4291.93426013
  4941.71336132  5689.86602902  6551.2855686   7543.12006335
  8685.11373751 10000.        ]
[0.10070854 0.09451629 0.09084576 0.09005336 0.09676145 0.09219629
 0.09514615 0.09246574 0.1003626  0.10172278 0.0972707  0.09901635
 0.11727178 0.10854685 0.11510351 0.12299783 0.11819815 0.12472715
 0.17567205 0.22220048 0.18132956 0.22762601 0.26757958 0.24413797
 0.26314162 0.35649768 0.45554361 0.4527959  0.48722672 0.5699149
 0.79066396 0.65205088 0.94850227 1.05367705 1.24883005 1.38847961
 2.11086062 1.99114768 2.51216457 2.25743128 2.75906338 2.86613395
 4.27568082 3.38175255 5.4203888  4.40743549 6.38412827 8.16496812
 6.93517707 9.33209054]
15.264179671752334
0.0655128556859551
0
[0.13160589]
1
[0.12681182]
2
[0.16500894]
3
[0.16590872]
4
[0.12369596]
5
[0.10488176]
6
[0.09501133]
7
[0.1274851]
8
[0.09847864]
9
[0.09455863]
10
[0.11824694]
11
[0.10279626]
12
[0.16835677]
13
[0.18726842]
14
[0.19458305]
15
[0.11668767]
16
[0.1175846]
17
[0.17853418]
18
[0.11782408]
19
[0.09860746]
20
[0.05433941]
21
[0.20294676]
22
[0.09163694]
23
[0.12902636]
24
[0.10035778]
25
[0.13931483]
26
[0.08064752]
27
[0.08995103]
28
[0.12700663]
29
[0.17811534]
30
[0.12812429]
31
[0.12875933]
32
[0.19491454]
33
[0.15043415]
34
[0.12111965]
35
[0.12429499]
36
[0.19233946]
37
[0.10958041]
38
[0.16533672]
39
[0.10102214]
40
[0.10636655]
41
[0.12653523]
42
[0.17048371]
43
[0.08442168]
44
[0.11338597]
45
[0.10601351]
46
[0.18935084]
47
[0.11396275]
48
[0.13783967]
49
[0.0851016]
50
[0.20622734]
51
[0.09702119]
52
[0.14978413]
53
[0.09269546]
54
[0.10573191]
55
[0.17644065]
56
[0.1105491]
57
[0.11477228]
58
[0.15022815]
59
[0.09332234]
60
[0.13302338]
61
[0.10436931]
62
[0.13415341]
63
[0.09676532]
64
[0.1686612]
65
[0.07677977]
66
[0.07860977]
67
[0.13108914]
68
[0.11089875]
69
[0.0812399]
70
[0.12873012]
71
[0.08960291]
72
[0.07228524]
73
[0.08440761]
74
[0.10635289]
75
[0.12006075]
76
[0.12399945]
77
[0.12055508]
78
[0.06824232]
79
[0.12512602]
80
[0.0930639]
81
[0.11792096]
82
[0.09813262]
83
[0.1383254]
84
[0.11028687]
85
[0.13608397]
86
[0.12932983]
87
[0.12743428]
88
[0.14108511]
89
[0.18278711]
90
[0.12275602]
91
[0.15105026]
92
[0.09411204]
93
[0.08669437]
94
[0.20105262]
95
[0.14707567]
96
[0.09934364]
97
[0.08646277]
98
[0.18519302]
99
[0.11768394]
100
[0.20307949]
101
[0.11386053]
102
[0.10991214]
103
[0.09809083]
104
[0.0910191]
105
[0.10634124]
106
[0.05863373]
107
[0.13979957]
108
[0.11335577]
109
[0.18534371]
110
[0.10622008]
111
[0.17515067]
112
[0.11200157]
113
[0.08518678]
114
[0.11721935]
115
[0.20723619]
116
[0.10827612]
117
[0.10735394]
118
[0.13626606]
119
[0.08059174]
120
[0.15825054]
121
[0.1276053]
122
[0.20976947]
123
[0.12279892]
124
[0.0868671]
125
[0.0973919]
126
[0.09550587]
127
[0.10840154]
128
[0.08695508]
129
[0.16493603]
130
[0.15256381]
131
[0.10122763]
132
[0.18634235]
133
[0.11589859]
134
[0.13213345]
135
[0.14011108]
136
[0.18597564]
137
[0.11843729]
138
[0.17954449]
139
[0.18012969]
140
[0.13349583]
141
[0.16433033]
142
[0.0816041]
143
[0.12686739]
144
[0.08779481]
145
[0.14220925]
146
[0.07788093]
147
[0.11654903]
148
[0.13926612]
149
[0.10495308]
150
[0.09593147]
151
[0.10576533]
152
[0.17214718]
153
[0.20744736]
154
[0.14465787]
155
[0.11786743]
156
[0.1121467]
157
[0.12201472]
158
[0.10185864]
159
[0.16461936]
160
[0.09432866]
161
[0.14323488]
162
[0.11184645]
163
[0.09307467]
164
[0.10224821]
165
[0.09897696]
166
[0.1711689]
167
[0.11886038]
168
[0.19567451]
169
[0.08690259]
170
[0.08930787]
171
[0.10088237]
172
[0.10432198]
173
[0.14912801]
174
[0.13916139]
175
[0.09087491]
176
[0.09737001]
177
[0.09919208]
178
[0.10492409]
179
[0.09848351]
180
[0.11290214]
181
[0.10658626]
182
[0.10796878]
183
[0.09590975]
184
[0.0973525]
185
[0.1588709]
186
[0.12585397]
187
[0.12076849]
188
[0.09584694]
189
[0.11505644]
190
[0.18261935]
191
[0.21198427]
192
[0.13373881]
193
[0.12443578]
194
[0.10132239]
195
[0.12656703]
196
[0.1355586]
197
[0.15202403]
198
[0.18411333]
199
[0.08216077]
200
[0.09124214]
201
[0.16810536]
202
[0.08596414]
203
[0.20602947]
204
[0.09962852]
205
[0.1099224]
206
[0.11800181]
207
[0.12419344]
208
[0.12920371]
209
[0.10242901]
210
[0.08577826]
211
[0.10833846]
212
[0.10600101]
213
[0.1882154]
214
[0.14253563]
215
[0.14250047]
216
[0.12171717]
217
[0.10419952]
218
[0.13097054]
219
[0.0832133]
220
[0.19641388]
221
[0.1351965]
222
[0.17364462]
223
[0.15820401]
224
[0.10835802]
225
[0.11983414]
226
[0.1515604]
227
[0.11217752]
228
[0.09103761]
229
[0.17407346]
230
[0.0940888]
231
[0.16937584]
232
[0.11512609]
233
[0.09851998]
234
[0.11143524]
235
[0.12446786]
236
[0.11725415]
237
[0.12402493]
238
[0.11046865]
239
[0.1279135]
240
[0.20800888]
241
[0.15163368]
242
[0.17046487]
243
[0.0937678]
244
[0.08454816]
245
[0.09410994]
246
[0.15735071]
247
[0.19362685]
248
[0.18205205]
249
[0.1111487]
250
[0.14686262]
251
[0.12293518]
252
[0.10198737]
253
[0.13606438]
254
[0.13612419]
255
[0.09286957]
256
[0.10208705]
257
[0.156075]
258
[0.09175423]
259
[0.07628793]
260
[0.11657556]
261
[0.2151804]
262
[0.08562789]
263
[0.07489668]
264
[0.12687338]
265
[0.10194472]
266
[0.1591208]
267
[0.10435387]
268
[0.13768051]
269
[0.12546295]
270
[0.1057173]
271
[0.11311579]
272
[0.08329036]
273
[0.14979537]
274
[0.08220845]
275
[0.13517881]
276
[0.19162548]
277
[0.14976467]
278
[0.18879763]
279
[0.12794015]
280
[0.10935101]
281
[0.13985791]
282
[0.16080786]
283
[0.17996649]
284
[0.08048804]
285
[0.14769048]
286
[0.09919701]
287
[0.11621307]
288
[0.13121886]
289
[0.09558104]
290
[0.1670768]
291
[0.08498009]
292
[0.14850947]
293
[0.17656935]
294
[0.12131311]
295
[0.12081306]
296
[0.08257345]
297
[0.18335883]
298
[0.14734334]
299
[0.11789414]
300
[0.13320876]
301
[0.12599182]
302
[0.14093793]
303
[0.0853352]
304
[0.08966208]
305
[0.12649817]
306
[0.06825165]
307
[0.13583519]
308
[0.13814293]
309
[0.13214946]
310
[0.14991249]
311
[0.08826329]
312
[0.21393115]
313
[0.09527]
314
[0.16227236]
315
[0.11867171]
316
[0.13399333]
317
[0.12361427]
318
[0.12551561]
319
[0.10752303]
320
[0.09358188]
321
[0.08615694]
322
[0.09390823]
323
[0.12256946]
324
[0.11661006]
325
[0.13447348]
326
[0.18728494]
327
[0.18941904]
328
[0.08711661]
329
[0.08664973]
330
[0.13075198]
331
[0.0984771]
332
[0.11507771]
333
[0.14423911]
334
[0.12290722]
335
[0.12017517]
336
[0.12808122]
337
[0.13280535]
338
[0.06500909]
339
[0.06044957]
340
[0.17565768]
341
[0.0923705]
342
[0.11235104]
343
[0.09208184]
344
[0.10588716]
345
[0.07622242]
346
[0.09495529]
347
[0.16282858]
348
[0.17126563]
349
[0.11104637]
350
[0.14276921]
351
[0.14327083]
352
[0.21248769]
353
[0.14535984]
354
[0.09215761]
355
[0.1180507]
356
[0.1867479]
357
[0.176625]
358
[0.16989366]
359
[0.08756679]
360
[0.09881828]
361
[0.16547008]
362
[0.13882697]
363
[0.07815918]
364
[0.17470845]
365
[0.11303757]
366
[0.18683759]
367
[0.15472463]
368
[0.13633199]
369
[0.08935673]
370
[0.10190737]
371
[0.10662706]
372
[0.09858125]
373
[0.17309595]
374
[0.10415198]
375
[0.11667555]
376
[0.08783854]
377
[0.20051357]
378
[0.1167163]
379
[0.1625656]
380
[0.10310134]
381
[0.10206893]
382
[0.10672733]
383
[0.1574685]
384
[0.09084572]
385
[0.11833619]
386
[0.18082388]
387
[0.12496283]
388
[0.10623301]
389
[0.11824964]
390
[0.10297968]
391
[0.13954459]
392
[0.10373691]
393
[0.10633894]
394
[0.09541586]
395
[0.13466863]
396
[0.09292238]
397
[0.08533848]
398
[0.11411083]
399
[0.1596001]
400
[0.14026659]
401
[0.12250543]
402
[0.08876238]
403
[0.11328903]
404
[0.15805808]
405
[0.09090211]
406
[0.11286351]
407
[0.10446681]
408
[0.18744906]
409
[0.14909236]
410
[0.16060676]
411
[0.11793761]
412
[0.18584277]
413
[0.16448496]
414
[0.16139792]
415
[0.18138363]
416
[0.12683953]
417
[0.10215169]
418
[0.12020563]
419
[0.11197863]
420
[0.14562796]
421
[0.10194077]
422
[0.14708859]
423
[0.15678611]
424
[0.16398236]
425
[0.11790366]
426
[0.17480445]
427
[0.09537156]
428
[0.14888022]
429
[0.17884323]
430
[0.10016023]
431
[0.12672278]
432
[0.09872803]
433
[0.17865309]
434
[0.10397565]
435
[0.09617427]
436
[0.08192302]
437
[0.11756888]
438
[0.08881493]
439
[0.12685499]
440
[0.12884752]
441
[0.10669823]
442
[0.16000748]
443
[0.10594319]
444
[0.15230924]
445
[0.14327394]
446
[0.10114241]
447
[0.16020384]
448
[0.17358023]
449
[0.09293461]
450
[0.1855977]
451
[0.20253289]
452
[0.15767285]
453
[0.09673027]
454
[0.16289667]
455
[0.12741323]
456
[0.11682814]
457
[0.14054494]
458
[0.17846425]
459
[0.16062121]
460
[0.15772727]
461
[0.08726538]
462
[0.08172026]
463
[0.18441769]
464
[0.09503112]
465
[0.11910054]
466
[0.13036807]
467
[0.10442251]
468
[0.10347589]
469
[0.0967083]
470
[0.0810938]
471
[0.08395815]
472
[0.09216575]
473
[0.09136039]
474
[0.09230557]
475
[0.11879884]
476
[0.10895525]
477
[0.11793974]
478
[0.16308778]
479
[0.10331029]
480
[0.14877826]
481
[0.10101208]
482
[0.07786893]
483
[0.0964936]
484
[0.10825239]
485
[0.16459917]
486
[0.1015434]
487
[0.0794389]
488
[0.11790231]
489
[0.1066831]
490
[0.11058645]
491
[0.10887085]
492
[0.09660137]
493
[0.19538149]
494
[0.10514681]
495
[0.10691658]
496
[0.10468364]
497
[0.12130791]
498
[0.08814962]
499
[0.1636903]
500
[0.14452887]
501
[0.17927385]
502
[0.15075392]
503
[0.0994669]
504
[0.0905632]
505
[0.17744325]
506
[0.09175029]
507
[0.11253215]
508
[0.12343395]
509
[0.12702689]
510
[0.16534957]
511
[0.13499727]
512
[0.10971063]
513
[0.10121753]
514
[0.09973049]
515
[0.09810484]
516
[0.10606487]
517
[0.15644178]
518
[0.12276223]
519
[0.10470015]
520
[0.12596999]
521
[0.12190365]
522
[0.12130082]
523
[0.14728162]
524
[0.14875627]
525
[0.09071747]
526
[0.12107662]
527
[0.18028116]
528
[0.10612236]
529
[0.09187159]
530
[0.09221608]
531
[0.13280851]
532
[0.14673505]
533
[0.14593591]
534
[0.09691049]
535
[0.10018297]
536
[0.07162165]
537
[0.10130604]
538
[0.09742664]
539
[0.13810033]
540
[0.10354962]
541
[0.0847698]
542
[0.11313993]
543
[0.09226089]
544
[0.11993154]
545
[0.13429439]
546
[0.08565793]
547
[0.15574491]
548
[0.08851753]
549
[0.10990494]
550
[0.12019622]
551
[0.15706968]
552
[0.10368709]
553
[0.10297125]
554
[0.17101506]
555
[0.08169339]
556
[0.11897089]
557
[0.15570894]
558
[0.18590104]
559
[0.10933011]
560
[0.1272662]
561
[0.1336901]
562
[0.14574886]
563
[0.10054847]
564
[0.1310853]
565
[0.09367923]
566
[0.11050569]
567
[0.13488683]
568
[0.11655869]
569
[0.12221575]
570
[0.10665867]
571
[0.14632018]
572
[0.1296975]
573
[0.07734288]
574
[0.10095968]
575
[0.18667045]
576
[0.12309364]
577
[0.12928651]
578
[0.11103418]
579
[0.12392758]
580
[0.1656575]
581
[0.20594828]
582
[0.10480214]
583
[0.09772323]
584
[0.12126669]
585
[0.10474596]
586
[0.11149352]
587
[0.10577745]
588
[0.1086654]
589
[0.14107929]
590
[0.09526894]
591
[0.09065384]
592
[0.10653885]
593
[0.09163376]
594
[0.12478132]
595
[0.20743334]
596
[0.08281685]
597
[0.11360038]
598
[0.10493826]
599
[0.12469854]
600
[0.10254849]
601
[0.08694179]
602
[0.11244613]
603
[0.05883665]
604
[0.10808568]
605
[0.12393599]
606
[0.18840889]
607
[0.10252319]
608
[0.11489424]
609
[0.09745906]
610
[0.17134094]
611
[0.13135971]
612
[0.12771653]
613
[0.11943711]
614
[0.11525352]
615
[0.09728824]
616
[0.10488318]
617
[0.20589774]
618
[0.12335564]
619
[0.11660816]
620
[0.18857485]
621
[0.09908601]
622
[0.19194596]
623
[0.14329229]
624
[0.1073834]
625
[0.17022825]
626
[0.12180831]
627
[0.13500519]
628
[0.12374392]
629
[0.13895325]
630
[0.1084707]
631
[0.06699737]
632
[0.16862812]
633
[0.06838212]
634
[0.12155245]
635
[0.132325]
636
[0.13168535]
637
[0.1373795]
638
[0.11205887]
639
[0.13850357]
640
[0.10133701]
641
[0.12476411]
642
[0.09765034]
643
[0.10127669]
644
[0.06611692]
645
[0.14462259]
646
[0.09666831]
647
[0.11018912]
648
[0.11250765]
649
[0.10523154]
650
[0.10243]
651
[0.10703015]
652
[0.15385695]
653
[0.16462553]
654
[0.08747532]
655
[0.08527495]
656
[0.12696339]
657
[0.15166668]
658
[0.11972011]
659
[0.10721086]
660
[0.1022574]
661
[0.10688596]
662
[0.17501996]
663
[0.11510905]
664
[0.11656282]
665
[0.13609324]
666
[0.13304981]
667
[0.08572447]
668
[0.13880436]
669
[0.10075975]
670
[0.13539732]
671
[0.11719945]
672
[0.10126158]
673
[0.15253227]
674
[0.09105599]
675
[0.08842097]
676
[0.08815733]
677
[0.07338295]
678
[0.15563699]
679
[0.08506272]
680
[0.11807768]
681
[0.13338472]
682
[0.08394336]
683
[0.09094145]
684
[0.07165374]
685
[0.0871797]
686
[0.13033522]
687
[0.10813598]
688
[0.17213439]
689
[0.09485901]
690
[0.10703906]
691
[0.08198862]
692
[0.1308636]
693
[0.12678449]
694
[0.10042413]
695
[0.2097312]
696
[0.19040016]
697
[0.08815062]
698
[0.11324257]
699
[0.09149093]
700
[0.09396032]
701
[0.16083598]
702
[0.09949756]
703
[0.08724513]
704
[0.09785391]
705
[0.15946564]
706
[0.13433418]
707
[0.1228862]
708
[0.14498934]
709
[0.11553132]
710
[0.12205088]
711
[0.14121767]
712
[0.0951164]
713
[0.11289228]
714
[0.07738261]
715
[0.09583256]
716
[0.15381763]
717
[0.20341915]
718
[0.10567274]
719
[0.16404543]
720
[0.0629573]
721
[0.15575056]
722
[0.16478612]
723
[0.10847107]
724
[0.1004099]
725
[0.0895685]
726
[0.08350153]
727
[0.14501781]
728
[0.1755027]
729
[0.07298131]
730
[0.12537433]
731
[0.12488418]
732
[0.12610309]
733
[0.13708777]
734
[0.09823168]
735
[0.0792157]
736
[0.10642293]
737
[0.0783568]
738
[0.14908765]
739
[0.12098905]
740
[0.09319308]
741
[0.09589669]
742
[0.06766201]
743
[0.11693088]
744
[0.10935385]
745
[0.11024644]
746
[0.11287917]
747
[0.06225022]
748
[0.18977773]
749
[0.14686849]
750
[0.12288752]
751
[0.10152153]
752
[0.1340673]
753
[0.1359575]
754
[0.11895484]
755
[0.08498112]
756
[0.11273078]
757
[0.05755591]
758
[0.19212656]
759
[0.18079223]
760
[0.10029382]
761
[0.08344881]
762
[0.06804475]
763
[0.09985266]
764
[0.11441446]
765
[0.12591441]
766
[0.08796751]
767
[0.11506668]
768
[0.15512143]
769
[0.11093489]
770
[0.05113644]
771
[0.18637718]
772
[0.10774615]
773
[0.13111734]
774
[0.14036722]
775
[0.09686509]
776
[0.14598479]
777
[0.11631863]
778
[0.11625511]
779
[0.13353939]
780
[0.09894594]
781
[0.11828092]
782
[0.10541952]
783
[0.11406023]
784
[0.13410214]
785
[0.10544796]
786
[0.16658946]
787
[0.10239563]
788
[0.1440601]
789
[0.14008959]
790
[0.2032218]
791
[0.12091969]
792
[0.15972627]
793
[0.18130705]
794
[0.17785748]
795
[0.16394238]
796
[0.10139658]
797
[0.11785458]
798
[0.10367956]
799
[0.12286733]
800
[0.09458019]
801
[0.15422186]
802
[0.17644005]
803
[0.12249588]
804
[0.15798256]
805
[0.14568528]
806
[0.11664448]
807
[0.12211031]
808
[0.11945715]
809
[0.14410029]
810
[0.12369446]
811
[0.10279596]
812
[0.10046549]
813
[0.12084157]
814
[0.16275501]
815
[0.09954825]
816
[0.10305138]
817
[0.10247204]
818
[0.06768855]
819
[0.14097233]
820
[0.1869578]
821
[0.10626392]
822
[0.18812625]
823
[0.17043439]
824
[0.14357332]
825
[0.206766]
826
[0.16250503]
827
[0.13085731]
828
[0.19578979]
829
[0.09432228]
830
[0.14287695]
831
[0.09044773]
832
[0.15339164]
833
[0.09091238]
834
[0.12453621]
835
[0.07215331]
836
[0.10866514]
837
[0.12671559]
838
[0.1822136]
839
[0.1018881]
840
[0.12637858]
841
[0.11965145]
842
[0.07692663]
843
[0.09551032]
844
[0.13043401]
845
[0.11099014]
846
[0.10054412]
847
[0.11120698]
848
[0.15315824]
849
[0.11128011]
850
[0.11427111]
851
[0.13399501]
852
[0.09172292]
853
[0.18357561]
854
[0.14622774]
855
[0.10936285]
856
[0.11487941]
857
[0.0949241]
858
[0.1508741]
859
[0.13374797]
860
[0.0964213]
861
[0.16903245]
862
[0.16070366]
863
[0.11109254]
864
[0.10875791]
865
[0.14885908]
866
[0.10071087]
867
[0.10229654]
868
[0.14021763]
869
[0.07043648]
870
[0.1297284]
871
[0.1111086]
872
[0.14365286]
873
[0.15399465]
874
[0.09178377]
875
[0.15761702]
876
[0.0986355]
877
[0.19138652]
878
[0.10525781]
879
[0.14687463]
880
[0.08770542]
881
[0.15673347]
882
[0.16772651]
883
[0.15803375]
884
[0.11416331]
885
[0.10779002]
886
[0.10044202]
887
[0.119701]
888
[0.17347658]
889
[0.09013379]
890
[0.12659552]
891
[0.13054312]
892
[0.08435444]
893
[0.18825614]
894
[0.14429096]
895
[0.14596678]
896
[0.13538066]
897
[0.11186793]
898
[0.07867629]
899
[0.11249796]
900
[0.10474777]
901
[0.17644889]
902
[0.10089762]
903
[0.14329523]
904
[0.09895301]
905
[0.14496157]
906
[0.08008609]
907
[0.1709563]
908
[0.1777622]
909
[0.13111125]
910
[0.1758808]
911
[0.11397345]
912
[0.12534477]
913
[0.12912183]
914
[0.10661297]
915
[0.11522863]
916
[0.12736557]
917
[0.11333658]
918
[0.12197156]
919
[0.10241085]
920
[0.13437637]
921
[0.10656223]
922
[0.10095752]
923
[0.10332291]
924
[0.09020451]
925
[0.08340282]
926
[0.11362817]
927
[0.08821948]
928
[0.13152359]
929
[0.10937634]
930
[0.10159248]
931
[0.09648824]
932
[0.16277901]
933
[0.10511602]
934
[0.15917977]
935
[0.12276502]
936
[0.09336143]
937
[0.10602003]
938
[0.14377146]
939
[0.06347469]
940
[0.09919633]
941
[0.1774397]
942
[0.10645981]
943
[0.11100164]
944
[0.12092034]
945
[0.13330413]
946
[0.16677904]
947
[0.10751955]
948
[0.11754179]
949
[0.09849884]
950
[0.10650487]
951
[0.09561988]
952
[0.18770284]
953
[0.0828246]
954
[0.12726312]
955
[0.1186601]
956
[0.09938626]
957
[0.11432555]
958
[0.09352924]
959
[0.09988383]
960
[0.11301823]
961
[0.10926559]
962
[0.11709371]
963
[0.08898552]
964
[0.08195345]
965
[0.10121569]
966
[0.15249601]
967
[0.10692748]
968
[0.11705462]
969
[0.09062688]
970
[0.1332465]
971
[0.0985505]
972
[0.09306972]
973
[0.09692974]
974
[0.14727102]
975
[0.10473904]
976
[0.08962051]
977
[0.10494563]
978
[0.12874592]
979
[0.13925774]
980
[0.12277744]
981
[0.13056393]
982
[0.14669696]
983
[0.17323074]
984
[0.10029319]
985
[0.09703617]
986
[0.15592625]
987
[0.11818849]
988
[0.11690885]
989
[0.06812714]
990
[0.09351721]
991
[0.08769507]
992
[0.08966576]
993
[0.11748285]
994
[0.08835049]
995
[0.09053607]
996
[0.10162928]
997
[0.18638612]
998
[0.15964528]
999
[0.11345749]
1000
[0.07849277]
1001
[0.12339569]
1002
[0.13181104]
1003
[0.11597582]
1004
[0.20371364]
1005
[0.09748209]
1006
[0.19330815]
1007
[0.15265799]
1008
[0.14845364]
1009
[0.08084386]
1010
[0.07247866]
1011
[0.10209923]
1012
[0.09320447]
1013
[0.16523241]
1014
[0.09138461]
1015
[0.1942515]
1016
[0.10380323]
1017
[0.07573912]
1018
[0.11385263]
1019
[0.11988869]
1020
[0.10642119]
1021
[0.10118134]
1022
[0.14728909]
1023
[0.16637249]
1024
[0.09684673]
1025
[0.10297753]
1026
[0.11518984]
1027
[0.17321443]
1028
[0.14413816]
1029
[0.1316514]
1030
[0.12866781]
1031
[0.14789388]
1032
[0.08787944]
1033
[0.10569645]
1034
[0.17448437]
1035
[0.143033]
1036
[0.12492983]
1037
[0.17419718]
1038
[0.11035836]
1039
[0.07753716]
1040
[0.10584543]
1041
[0.11090358]
1042
[0.16340566]
1043
[0.08325061]
1044
[0.1387303]
1045
[0.16993194]
1046
[0.14050105]
1047
[0.12274474]
1048
[0.11911848]
1049
[0.11793091]
1050
[0.18780848]
1051
[0.13469798]
1052
[0.10472277]
1053
[0.09622824]
1054
[0.09755213]
1055
[0.10899706]
1056
[0.09246593]
1057
[0.2045662]
1058
[0.10371661]
1059
[0.18043466]
1060
[0.11718886]
1061
[0.08772717]
1062
[0.13423402]
1063
[0.16956702]
1064
[0.08977938]
1065
[0.17816672]
1066
[0.10665482]
1067
[0.14878802]
1068
[0.10186553]
1069
[0.10891606]
1070
[0.1689252]
1071
[0.18720334]
1072
[0.10634358]
1073
[0.06502075]
1074
[0.13723012]
1075
[0.13383284]
1076
[0.10617745]
1077
[0.15563207]
1078
[0.07065077]
1079
[0.08615209]
1080
[0.15800314]
1081
[0.09021513]
1082
[0.14513973]
1083
[0.19643439]
1084
[0.16260609]
1085
[0.1301285]
1086
[0.16336764]
1087
[0.11962788]
1088
[0.09624922]
1089
[0.11381288]
1090
[0.08740169]
1091
[0.12699885]
1092
[0.10202761]
1093
[0.11434366]
1094
[0.10755445]
1095
[0.08224845]
1096
[0.10156543]
1097
[0.10877589]
1098
[0.14504411]
1099
[0.1240235]
1100
[0.09747357]
1101
[0.14405198]
1102
[0.11506155]
1103
[0.06954719]
1104
[0.09873764]
1105
[0.11870507]
1106
[0.10594677]
1107
[0.13654817]
1108
[0.10375504]
1109
[0.14400841]
1110
[0.10021425]
1111
[0.13586646]
1112
[0.1991541]
1113
[0.12737092]
1114
[0.16819721]
1115
[0.13423366]
1116
[0.15384646]
1117
[0.11206976]
1118
[0.09889803]
1119
[0.09178671]
1120
[0.13022732]
1121
[0.12602542]
1122
[0.14179733]
1123
[0.13024404]
1124
[0.06850956]
1125
[0.14968604]
1126
[0.08477922]
1127
[0.09096177]
1128
[0.12242945]
1129
[0.2002374]
1130
[0.08284317]
1131
[0.08989132]
1132
[0.12353785]
1133
[0.15363756]
1134
[0.10468746]
1135
[0.20287291]
1136
[0.11247182]
1137
[0.20731584]
1138
[0.11186829]
1139
[0.13588088]
1140
[0.10379279]
1141
[0.09845114]
1142
[0.08601409]
1143
[0.11512057]
1144
[0.11257896]
1145
[0.13298301]
1146
[0.08276666]
1147
[0.11144986]
1148
[0.1991425]
1149
[0.09241671]
1150
[0.14605988]
1151
[0.12061378]
1152
[0.10777132]
1153
[0.10235182]
1154
[0.14576447]
1155
[0.19494448]
1156
[0.11062519]
1157
[0.13162571]
1158
[0.09311333]
1159
[0.10778979]
1160
[0.14457972]
1161
[0.11300942]
1162
[0.10743695]
1163
[0.1748741]
1164
[0.11354851]
1165
[0.11712036]
1166
[0.09727513]
1167
[0.162442]
1168
[0.09117055]
1169
[0.12673781]
1170
[0.13925216]
1171
[0.14631306]
1172
[0.13350198]
1173
[0.09010363]
1174
[0.09057509]
1175
[0.16915328]
1176
[0.10177224]
1177
[0.0780979]
1178
[0.14478936]
1179
[0.1943334]
1180
[0.09756433]
1181
[0.0926274]
1182
[0.07819395]
1183
[0.15586456]
1184
[0.1044999]
1185
[0.09633178]
1186
[0.09336513]
1187
[0.11773166]
1188
[0.10472746]
1189
[0.11565105]
1190
[0.12215888]
1191
[0.11232438]
1192
[0.09093469]
1193
[0.12554121]
1194
[0.09304552]
1195
[0.12548232]
1196
[0.11190942]
1197
[0.16215718]
1198
[0.09633661]
1199
[0.16551092]
1200
[0.1012172]
1201
[0.13752444]
1202
[0.09421095]
1203
[0.19730976]
1204
[0.17416365]
1205
[0.17471095]
1206
[0.1616096]
1207
[0.08665149]
1208
[0.17706253]
1209
[0.16172326]
1210
[0.10648634]
1211
[0.10144795]
1212
[0.08175827]
1213
[0.08797617]
1214
[0.17258261]
1215
[0.11512687]
1216
[0.1016072]
1217
[0.11683094]
1218
[0.14437827]
1219
[0.09850085]
1220
[0.11254097]
1221
[0.12477859]
1222
[0.09170783]
1223
[0.12674548]
1224
[0.10192132]
1225
[0.09297593]
1226
[0.09852396]
1227
[0.15617241]
1228
[0.11023101]
1229
[0.09141876]
1230
[0.11879766]
1231
[0.07987708]
1232
[0.09828597]
1233
[0.07477769]
1234
[0.12547024]
1235
[0.10575657]
1236
[0.09379369]
1237
[0.11406327]
1238
[0.12987345]
1239
[0.17908403]
1240
[0.16132547]
1241
[0.09476118]
1242
[0.12214633]
1243
[0.14615143]
1244
[0.11225736]
1245
[0.1181283]
1246
[0.08450084]
1247
[0.14043042]
1248
[0.05998666]
1249
[0.09803703]
1250
[0.14594202]
1251
[0.08318133]
1252
[0.11101155]
1253
[0.09026064]
1254
[0.19469962]
1255
[0.18146733]
1256
[0.1258856]
1257
[0.08876012]
1258
[0.19133177]
1259
[0.09757938]
1260
[0.16186886]
1261
[0.12025169]
1262
[0.10109546]
1263
[0.10648579]
1264
[0.11637736]
1265
[0.18166054]
1266
[0.07894579]
1267
[0.20587548]
1268
[0.13173077]
1269
[0.1766743]
1270
[0.11158693]
1271
[0.10386635]
1272
[0.1382008]
1273
[0.11665988]
1274
[0.11756034]
1275
[0.08765719]
1276
[0.09386609]
1277
[0.11541295]
1278
[0.21228904]
1279
[0.07523442]
1280
[0.14173704]
1281
[0.11658798]
1282
[0.1297733]
1283
[0.1211846]
1284
[0.12140358]
1285
[0.18580168]
1286
[0.10378667]
1287
[0.0837462]
1288
[0.12015492]
1289
[0.10036272]
1290
[0.10634005]
1291
[0.12582669]
1292
[0.10853965]
1293
[0.1080369]
1294
[0.09549991]
1295
[0.10909114]
1296
[0.09292029]
1297
[0.09155293]
1298
[0.10703061]
1299
[0.13933243]
1300
[0.11929152]
1301
[0.08695536]
1302
[0.1422135]
1303
[0.09769507]
1304
[0.09378097]
1305
[0.1099424]
1306
[0.12079436]
1307
[0.10782409]
1308
[0.12985674]
1309
[0.13999202]
1310
[0.10999844]
1311
[0.08522052]
1312
[0.10228483]
1313
[0.10832924]
1314
[0.07644137]
1315
[0.19204572]
1316
[0.15499628]
1317
[0.10860465]
1318
[0.0561698]
1319
[0.10133162]
1320
[0.14123949]
1321
[0.10113063]
1322
[0.15572221]
1323
[0.11269748]
1324
[0.13827679]
1325
[0.09297229]
1326
[0.13574138]
1327
[0.11573835]
1328
[0.13712051]
1329
[0.12807856]
1330
[0.11179151]
1331
[0.09290244]
1332
[0.17660585]
1333
[0.09879068]
1334
[0.08970754]
1335
[0.12624901]
1336
[0.14993004]
1337
[0.14174697]
1338
[0.13717877]
1339
[0.08826903]
1340
[0.1037657]
1341
[0.1007787]
1342
[0.11962323]
1343
[0.2116195]
1344
[0.1328112]
1345
[0.09060628]
1346
[0.15136399]
1347
[0.1008501]
1348
[0.15673132]
1349
[0.12916971]
1350
[0.10278626]
1351
[0.09621632]
1352
[0.11012576]
1353
[0.09373583]
1354
[0.13171095]
1355
[0.11622115]
1356
[0.13159741]
1357
[0.10176842]
1358
[0.07958433]
1359
[0.13002551]
1360
[0.12117888]
1361
[0.10970711]
1362
[0.07735637]
1363
[0.11831346]
1364
[0.12145754]
1365
[0.18511493]
1366
[0.13125755]
1367
[0.09978507]
1368
[0.08832734]
1369
[0.14982187]
1370
[0.10885808]
1371
[0.15925068]
1372
[0.07659728]
1373
[0.05338438]
1374
[0.11698942]
1375
[0.18886935]
1376
[0.11379432]
1377
[0.1145861]
1378
[0.13218581]
1379
[0.14007672]
1380
[0.10948253]
1381
[0.13357294]
1382
[0.14916584]
1383
[0.0894728]
1384
[0.17344544]
1385
[0.10975342]
1386
[0.0841517]
1387
[0.11243764]
1388
[0.10110377]
1389
[0.11256772]
1390
[0.07652708]
1391
[0.17304904]
1392
[0.14163622]
1393
[0.13917185]
1394
[0.16882116]
1395
[0.08357896]
1396
[0.09058747]
1397
[0.12368198]
1398
[0.16047049]
1399
[0.09376099]
1400
[0.11673775]
1401
[0.10609333]
1402
[0.13282937]
1403
[0.12740079]
1404
[0.16461987]
1405
[0.13102987]
1406
[0.16342561]
1407
[0.12352343]
1408
[0.15726403]
1409
[0.19782618]
1410
[0.15690018]
1411
[0.08719889]
1412
[0.11688826]
1413
[0.10297228]
1414
[0.12260509]
1415
[0.15823288]
1416
[0.12023694]
1417
[0.19118025]
1418
[0.19007216]
1419
[0.0896053]
1420
[0.09569946]
1421
[0.10508378]
1422
[0.10860412]
1423
[0.13351818]
1424
[0.09998564]
1425
[0.10603087]
1426
[0.1391263]
1427
[0.18085351]
1428
[0.11833368]
1429
[0.08366986]
1430
[0.12092484]
1431
[0.10841024]
1432
[0.13940495]
1433
[0.10108106]
1434
[0.09112066]
1435
[0.11401052]
1436
[0.09958851]
1437
[0.11699995]
1438
[0.09397216]
1439
[0.11899671]
1440
[0.13804725]
1441
[0.19347718]
1442
[0.14390689]
1443
[0.13418047]
1444
[0.17584111]
1445
[0.13110251]
1446
[0.11596998]
1447
[0.18080919]
1448
[0.09186997]
1449
[0.18941191]
1450
[0.14015004]
1451
[0.17310775]
1452
[0.09932677]
1453
[0.04371608]
1454
[0.12375462]
1455
[0.11013666]
1456
[0.10243636]
1457
[0.10105664]
1458
[0.0948495]
1459
[0.1177379]
1460
[0.14604387]
1461
[0.13993591]
1462
[0.16140055]
1463
[0.09522333]
1464
[0.12796355]
1465
[0.17596728]
1466
[0.10938646]
1467
[0.17093351]
1468
[0.0949979]
1469
[0.09273426]
1470
[0.11761478]
1471
[0.11162991]
1472
[0.13480225]
1473
[0.09963639]
1474
[0.10039854]
1475
[0.09637424]
1476
[0.07850449]
1477
[0.15266263]
1478
[0.11271143]
1479
[0.10678557]
1480
[0.15815651]
1481
[0.06347702]
1482
[0.11892613]
1483
[0.15701387]
1484
[0.0941985]
1485
[0.16537167]
1486
[0.11314229]
1487
[0.13556258]
1488
[0.14181967]
1489
[0.13075052]
1490
[0.11842205]
1491
[0.20449713]
1492
[0.09805014]
1493
[0.07892324]
1494
[0.16300388]
1495
[0.09637763]
1496
[0.09299889]
1497
[0.11378336]
1498
[0.09006249]
1499
[0.10543572]
1500
[0.11614223]
1501
[0.1177982]
1502
[0.10033951]
1503
[0.07528399]
1504
[0.13336365]
1505
[0.12751161]
1506
[0.14302407]
1507
[0.14923058]
1508
[0.11018757]
1509
[0.06788822]
1510
[0.0848277]
1511
[0.11551581]
1512
[0.08163217]
1513
[0.07931475]
1514
[0.17257167]
1515
[0.15326928]
1516
[0.13216203]
1517
[0.11945842]
1518
[0.11630602]
1519
[0.11227096]
1520
[0.18918008]
1521
[0.15542934]
1522
[0.19166245]
1523
[0.1132816]
1524
[0.12343253]
1525
[0.10842127]
1526
[0.08993472]
1527
[0.11293784]
1528
[0.08931211]
1529
[0.10389582]
1530
[0.10699878]
1531
[0.10100355]
1532
[0.14458418]
1533
[0.1454675]
1534
[0.12733579]
1535
[0.1760312]
1536
[0.09537003]
1537
[0.0987111]
1538
[0.10302337]
1539
[0.12007466]
1540
[0.09861618]
1541
[0.10418994]
1542
[0.09305112]
1543
[0.16897326]
1544
[0.122494]
1545
[0.10572201]
1546
[0.10217388]
1547
[0.09771912]
1548
[0.1065894]
1549
[0.1746492]
1550
[0.11760692]
1551
[0.10307111]
1552
[0.15344045]
1553
[0.15630767]
1554
[0.07221678]
1555
[0.12360643]
1556
[0.09576104]
1557
[0.11325654]
1558
[0.06556104]
1559
[0.1670017]
1560
[0.08431746]
1561
[0.08798837]
1562
[0.15638453]
1563
[0.18454597]
1564
[0.10540559]
1565
[0.09454537]
1566
[0.18700896]
1567
[0.17732238]
1568
[0.08436094]
1569
[0.07329895]
1570
[0.09971478]
1571
[0.11654609]
1572
[0.12541871]
1573
[0.15377282]
1574
[0.11076343]
1575
[0.09512408]
1576
[0.14220757]
1577
[0.142489]
1578
[0.13455515]
1579
[0.08893832]
1580
[0.18383089]
1581
[0.15394605]
1582
[0.17398168]
1583
[0.14150527]
1584
[0.09935347]
1585
[0.11928888]
1586
[0.09171147]
1587
[0.11454953]
1588
[0.10608674]
1589
[0.10510192]
1590
[0.16738168]
1591
[0.09041123]
1592
[0.12275378]
1593
[0.09757132]
1594
[0.13529262]
1595
[0.09791477]
1596
[0.14985908]
1597
[0.16388928]
1598
[0.13920563]
1599
[0.10094149]
1600
[0.13098151]
1601
[0.11993491]
1602
[0.14540752]
1603
[0.10345494]
1604
[0.09345441]
1605
[0.1116544]
1606
[0.08947394]
1607
[0.13018934]
1608
[0.08489867]
1609
[0.17410631]
1610
[0.0957984]
1611
[0.09924964]
1612
[0.16115767]
1613
[0.11653826]
1614
[0.10641005]
1615
[0.10320482]
1616
[0.09948356]
1617
[0.1017547]
1618
[0.12339378]
1619
[0.09404699]
1620
[0.16872138]
1621
[0.16821407]
1622
[0.12285013]
1623
[0.10654539]
1624
[0.09190172]
1625
[0.09438113]
1626
[0.11420186]
1627
[0.1199121]
1628
[0.13025969]
1629
[0.15306869]
1630
[0.15887374]
1631
[0.11911848]
1632
[0.11504565]
1633
[0.14389109]
1634
[0.09794609]
1635
[0.12182409]
1636
[0.16234413]
1637
[0.09721581]
1638
[0.13905702]
1639
[0.09853841]
1640
[0.13392214]
1641
[0.15776491]
1642
[0.08995726]
1643
[0.07734494]
1644
[0.17002404]
1645
[0.10421841]
1646
[0.11809094]
1647
[0.13774541]
1648
[0.09148195]
1649
[0.09005318]
1650
[0.12123119]
1651
[0.15772471]
1652
[0.11562037]
1653
[0.09381998]
1654
[0.13770645]
1655
[0.19070382]
1656
[0.09623886]
1657
[0.08516605]
1658
[0.15839004]
1659
[0.1606133]
1660
[0.05603052]
1661
[0.12868274]
1662
[0.11396006]
1663
[0.12822618]
1664
[0.12199225]
1665
[0.17153589]
1666
[0.12013287]
1667
[0.1013549]
1668
[0.14121385]
1669
[0.12449023]
1670
[0.0946965]
1671
[0.11209765]
1672
[0.12657909]
1673
[0.19892042]
1674
[0.11884111]
1675
[0.10287152]
1676
[0.1384492]
1677
[0.13745675]
1678
[0.14249001]
1679
[0.09986548]
1680
[0.11852863]
1681
[0.16581953]
1682
[0.12185039]
1683
[0.17660428]
1684
[0.11558421]
1685
[0.13850205]
1686
[0.09926955]
1687
[0.09081252]
1688
[0.10596896]
1689
[0.0888537]
1690
[0.13204782]
1691
[0.1234611]
1692
[0.10398379]
1693
[0.13776781]
1694
[0.09857027]
1695
[0.09460795]
1696
[0.10378979]
1697
[0.09969625]
1698
[0.08501588]
1699
[0.13983381]
1700
[0.14614095]
1701
[0.10227949]
1702
[0.19563722]
1703
[0.10800948]
1704
[0.10849823]
1705
[0.103492]
1706
[0.11498641]
1707
[0.12679859]
1708
[0.10620192]
1709
[0.0904572]
1710
[0.09537967]
1711
[0.08974319]
1712
[0.13533122]
1713
[0.14464827]
1714
[0.11968511]
1715
[0.13117175]
1716
[0.09102875]
1717
[0.1309587]
1718
[0.16028295]
1719
[0.12150458]
1720
[0.11960056]
1721
[0.118187]
1722
[0.10423018]
1723
[0.11225678]
1724
[0.10102306]
1725
[0.1533897]
1726
[0.13787218]
1727
[0.12504558]
1728
[0.08083574]
1729
[0.1411961]
1730
[0.11899044]
1731
[0.0995833]
1732
[0.11491469]
1733
[0.09751087]
1734
[0.10464508]
1735
[0.11627177]
1736
[0.16157627]
1737
[0.1668402]
1738
[0.14851224]
1739
[0.10873488]
1740
[0.15678994]
1741
[0.11888388]
1742
[0.11801262]
1743
[0.10774876]
1744
[0.05397476]
1745
[0.08683439]
1746
[0.13948629]
1747
[0.15519332]
1748
[0.18302072]
1749
[0.07932863]
1750
[0.09909127]
1751
[0.11153324]
1752
[0.12093466]
1753
[0.13106227]
1754
[0.09931112]
1755
[0.1751672]
1756
[0.06012385]
1757
[0.11332589]
1758
[0.12672432]
1759
[0.12761876]
1760
[0.19422108]
1761
[0.13411969]
1762
[0.20834049]
1763
[0.18707593]
1764
[0.11677585]
1765
[0.10577982]
1766
[0.11037167]
1767
[0.10560615]
1768
[0.10847815]
1769
[0.1160705]
1770
[0.08623476]
1771
[0.10964615]
1772
[0.1290577]
1773
[0.14081059]
1774
[0.08443804]
1775
[0.09866027]
1776
[0.19834109]
1777
[0.10402342]
1778
[0.12395162]
1779
[0.12631002]
1780
[0.13459968]
1781
[0.09448775]
1782
[0.12075578]
1783
[0.17858682]
1784
[0.19001507]
1785
[0.11125729]
1786
[0.12126598]
1787
[0.16970813]
1788
[0.1082703]
1789
[0.09517404]
1790
[0.11871979]
1791
[0.13503187]
1792
[0.13537522]
1793
[0.13959289]
1794
[0.10991137]
1795
[0.09798277]
1796
[0.105064]
1797
[0.11012351]
1798
[0.14347554]
1799
[0.08855647]
1800
[0.16958652]
1801
[0.14572486]
1802
[0.10381739]
1803
[0.09101884]
1804
[0.18316625]
1805
[0.09558417]
1806
[0.13801667]
1807
[0.13218324]
1808
[0.08594507]
1809
[0.08627831]
1810
[0.10320111]
1811
[0.09164886]
1812
[0.08697754]
1813
[0.12691308]
1814
[0.11917623]
1815
[0.11745156]
1816
[0.18899041]
1817
[0.15284]
1818
[0.11416472]
1819
[0.09372315]
1820
[0.13103084]
1821
[0.12855726]
1822
[0.14808457]
1823
[0.14606545]
1824
[0.12274443]
1825
[0.18097819]
1826
[0.12987663]
1827
[0.10533264]
1828
[0.09381386]
1829
[0.0953766]
1830
[0.13329301]
1831
[0.09437237]
1832
[0.10231029]
1833
[0.07967203]
1834
[0.09782788]
1835
[0.20610724]
1836
[0.13409857]
1837
[0.11810024]
1838
[0.13685452]
1839
[0.09725055]
1840
[0.07124632]
1841
[0.16083453]
1842
[0.07777006]
1843
[0.11794055]
1844
[0.15113102]
1845
[0.12873861]
1846
[0.2085537]
1847
[0.1361082]
1848
[0.12408753]
1849
[0.10207214]
1850
[0.1526417]
1851
[0.14045812]
1852
[0.10949368]
1853
[0.11908277]
1854
[0.09915662]
1855
[0.09294835]
1856
[0.10457457]
1857
[0.14963466]
1858
[0.14515788]
1859
[0.1468832]
1860
[0.12356254]
1861
[0.10413898]
1862
[0.10328108]
1863
[0.1097456]
1864
[0.12643007]
1865
[0.15183026]
1866
[0.13003589]
1867
[0.08567929]
1868
[0.12337109]
1869
[0.08541577]
1870
[0.16761472]
1871
[0.08590184]
1872
[0.08324782]
1873
[0.08138007]
1874
[0.13469324]
1875
[0.11811949]
1876
[0.10691663]
1877
[0.11160618]
1878
[0.09061117]
1879
[0.20740327]
1880
[0.10001423]
1881
[0.09497447]
1882
[0.08799804]
1883
[0.08568544]
1884
[0.11123194]
1885
[0.1012262]
1886
[0.12931861]
1887
[0.09987389]
1888
[0.12130587]
1889
[0.10196037]
1890
[0.17793835]
1891
[0.14230568]
1892
[0.11836537]
1893
[0.10259555]
1894
[0.09762688]
1895
[0.12503908]
1896
[0.08859715]
1897
[0.12771935]
1898
[0.16360295]
1899
[0.15079363]
1900
[0.09203019]
1901
[0.15399542]
1902
[0.13414373]
1903
[0.13539242]
1904
[0.15824742]
1905
[0.10481537]
1906
[0.11648656]
1907
[0.16468356]
1908
[0.15777221]
1909
[0.14186067]
1910
[0.12819389]
1911
[0.10275791]
1912
[0.13007332]
1913
[0.10043629]
1914
[0.10734968]
1915
[0.13559536]
1916
[0.11688234]
1917
[0.08642972]
1918
[0.10829602]
1919
[0.11784869]
1920
[0.09280713]
1921
[0.12288853]
1922
[0.08095265]
1923
[0.16929879]
1924
[0.06509811]
1925
[0.13211726]
1926
[0.13668957]
1927
[0.09994563]
1928
[0.20358948]
1929
[0.09138128]
1930
[0.1181236]
1931
[0.1117429]
1932
[0.11256625]
1933
[0.14813191]
1934
[0.16764843]
1935
[0.16558395]
1936
[0.1481298]
1937
[0.12737848]
1938
[0.13378763]
1939
[0.10215364]
1940
[0.10589804]
1941
[0.14516117]
1942
[0.20681018]
1943
[0.15017232]
1944
[0.1452629]
1945
[0.15392232]
1946
[0.13572866]
1947
[0.10332133]
1948
[0.08143424]
1949
[0.12893988]
1950
[0.12339766]
1951
[0.09149199]
1952
[0.11911848]
1953
[0.09045752]
1954
[0.12398927]
1955
[0.11050176]
1956
[0.12060338]
1957
[0.1119223]
1958
[0.10292195]
1959
[0.13546069]
1960
[0.14723894]
1961
[0.13393038]
1962
[0.06320248]
1963
[0.10211529]
1964
[0.11190351]
1965
[0.10380295]
1966
[0.14578232]
1967
[0.09645137]
1968
[0.16866763]
1969
[0.10428409]
1970
[0.16793491]
1971
[0.09168757]
1972
[0.11468177]
1973
[0.13841119]
1974
[0.07590549]
1975
[0.19068372]
1976
[0.13437719]
1977
[0.10507563]
1978
[0.11282064]
1979
[0.12528488]
1980
[0.09898413]
1981
[0.09832445]
1982
[0.13235041]
1983
[0.10148951]
1984
[0.17329778]
1985
[0.11577667]
1986
[0.16950984]
1987
[0.10179687]
1988
[0.14751729]
1989
[0.10255633]
1990
[0.14150156]
1991
[0.09994493]
1992
[0.08635314]
1993
[0.10848152]
1994
[0.12583679]
1995
[0.1012704]
1996
[0.09509247]
1997
[0.08785367]
1998
[0.11281976]
1999
[0.08834535]
2000
[0.16176277]
2001
[0.09002639]
2002
[0.08472867]
2003
[0.18358343]
2004
[0.0885866]
2005
[0.09975431]
2006
[0.2098722]
2007
[0.07291134]
2008
[0.10152662]
2009
[0.16306299]
2010
[0.13121738]
2011
[0.10478812]
2012
[0.10386293]
2013
[0.16459277]
2014
[0.10559462]
2015
[0.19323358]
2016
[0.19630347]
2017
[0.18357044]
2018
[0.085592]
2019
[0.06542396]
2020
[0.13615313]
2021
[0.07579569]
2022
[0.1070181]
2023
[0.099382]
2024
[0.10813381]
2025
[0.08756122]
2026
[0.1187748]
2027
[0.16318566]
2028
[0.09404785]
2029
[0.11013319]
2030
[0.11527906]
2031
[0.10423632]
2032
[0.10740052]
2033
[0.09847016]
2034
[0.0905246]
2035
[0.13181798]
2036
[0.1041977]
2037
[0.16801056]
2038
[0.11843868]
2039
[0.10347288]
2040
[0.14359716]
2041
[0.11877161]
2042
[0.13304945]
2043
[0.12573669]
2044
[0.1742454]
2045
[0.11149824]
2046
[0.13588782]
2047
[0.08627961]
2048
[0.18871334]
2049
[0.08982033]
2050
[0.19339868]
2051
[0.15283745]
2052
[0.12222939]
2053
[0.10100024]
2054
[0.09837307]
2055
[0.12034473]
2056
[0.10893818]
2057
[0.14871537]
2058
[0.14997206]
2059
[0.15301987]
2060
[0.10829643]
2061
[0.08577285]
2062
[0.11394565]
2063
[0.0872526]
2064
[0.13730303]
2065
[0.12625883]
2066
[0.12064195]
2067
[0.19184789]
2068
[0.10436259]
2069
[0.14663002]
2070
[0.09058348]
2071
[0.0997617]
2072
[0.11341518]
2073
[0.10035807]
2074
[0.14424437]
2075
[0.14266877]
2076
[0.13314942]
2077
[0.12859114]
2078
[0.09132818]
2079
[0.15872217]
2080
[0.19432347]
2081
[0.08990324]
2082
[0.10384464]
2083
[0.07859759]
2084
[0.10758001]
2085
[0.1633496]
2086
[0.19201081]
2087
[0.05994033]
2088
[0.09073538]
2089
[0.21377946]
2090
[0.11591141]
2091
[0.09328755]
2092
[0.13956896]
2093
[0.13563849]
2094
[0.0962077]
2095
[0.09613312]
2096
[0.11174752]
2097
[0.0913907]
2098
[0.10567036]
2099
[0.08923273]
2100
[0.12735307]
2101
[0.10646476]
2102
[0.13820449]
2103
[0.14148604]
2104
[0.08774549]
2105
[0.09067481]
2106
[0.12738583]
2107
[0.12435331]
2108
[0.10374643]
2109
[0.08929131]
2110
[0.16954499]
2111
[0.11642915]
2112
[0.0531185]
2113
[0.15642337]
2114
[0.14268429]
2115
[0.09813431]
2116
[0.11513149]
2117
[0.1006882]
2118
[0.16263158]
2119
[0.10402094]
2120
[0.11986117]
2121
[0.12179201]
2122
[0.09175871]
2123
[0.09772566]
2124
[0.13264654]
2125
[0.11418606]
2126
[0.11149358]
2127
[0.08521989]
2128
[0.10720953]
2129
[0.13228674]
2130
[0.09376645]
2131
[0.08410279]
2132
[0.09112835]
2133
[0.19907467]
2134
[0.13527258]
2135
[0.11247444]
2136
[0.0856967]
2137
[0.0586145]
2138
[0.13885172]
2139
[0.10988526]
2140
[0.18942697]
2141
[0.11927636]
2142
[0.12787438]
2143
[0.12222722]
2144
[0.13183922]
2145
[0.11614948]
2146
[0.15466053]
2147
[0.11001069]
2148
[0.2014639]
2149
[0.1953468]
2150
[0.14925787]
2151
[0.08490569]
2152
[0.13625403]
2153
[0.10426689]
2154
[0.09529465]
2155
[0.09140706]
2156
[0.10071865]
2157
[0.07175911]
2158
[0.09320063]
2159
[0.18933889]
2160
[0.12500477]
2161
[0.15573543]
2162
[0.16413378]
2163
[0.0658232]
2164
[0.11277469]
2165
[0.12111623]
2166
[0.13105807]
2167
[0.13495927]
2168
[0.11621515]
2169
[0.1179454]
2170
[0.09462869]
2171
[0.10116452]
2172
[0.0852328]
2173
[0.09118579]
2174
[0.13752026]
2175
[0.16262095]
2176
[0.16838985]
2177
[0.16267194]
2178
[0.09737745]
2179
[0.10849216]
2180
[0.17536598]
2181
[0.16757998]
2182
[0.15113379]
2183
[0.0869527]
2184
[0.10616094]
2185
[0.11799017]
2186
[0.10263845]
2187
[0.10156619]
2188
[0.07683962]
2189
[0.1171363]
2190
[0.13390191]
2191
[0.09065306]
2192
[0.19408734]
2193
[0.14564134]
2194
[0.18908214]
2195
[0.07140189]
2196
[0.13637486]
2197
[0.16103185]
2198
[0.08729955]
2199
[0.1016258]
2200
[0.0638781]
2201
[0.11272323]
2202
[0.11679723]
2203
[0.10288276]
2204
[0.10854434]
2205
[0.19210203]
2206
[0.11791054]
2207
[0.09529614]
2208
[0.14507671]
2209
[0.08431223]
2210
[0.11642016]
2211
[0.15969983]
2212
[0.1339771]
2213
[0.14482647]
2214
[0.09888246]
2215
[0.09133089]
2216
[0.11589004]
2217
[0.11611063]
2218
[0.15019762]
2219
[0.12852276]
2220
[0.11865638]
2221
[0.17208823]
2222
[0.16161109]
2223
[0.11490924]
2224
[0.14386848]
2225
[0.13007448]
2226
[0.05230807]
2227
[0.12721537]
2228
[0.15839374]
2229
[0.12151645]
2230
[0.12230977]
2231
[0.19077283]
2232
[0.06839142]
2233
[0.15290689]
2234
[0.11839128]
2235
[0.11297807]
2236
[0.07694132]
2237
[0.12235689]
2238
[0.13178364]
2239
[0.0639912]
2240
[0.14934198]
2241
[0.15779535]
2242
[0.16886909]
2243
[0.09299557]
2244
[0.16458694]
2245
[0.0979239]
2246
[0.18655713]
2247
[0.09935414]
2248
[0.14967421]
2249
[0.16240494]
2250
[0.13021394]
2251
[0.07652909]
2252
[0.145023]
2253
[0.09722311]
2254
[0.11420982]
2255
[0.09713309]
2256
[0.14592645]
2257
[0.09022604]
2258
[0.11009441]
2259
[0.10987872]
2260
[0.1043268]
2261
[0.11038067]
2262
[0.08973893]
2263
[0.08850917]
2264
[0.11205201]
2265
[0.10918205]
2266
[0.18819603]
2267
[0.15226344]
2268
[0.10446012]
2269
[0.15644311]
2270
[0.09682117]
2271
[0.12787026]
2272
[0.1178293]
2273
[0.14597083]
2274
[0.0920642]
2275
[0.13959875]
2276
[0.12447865]
2277
[0.20630519]
2278
[0.09019059]
2279
[0.08496084]
2280
[0.13035466]
2281
[0.09974951]
2282
[0.12046422]
2283
[0.06600924]
2284
[0.11746538]
2285
[0.11153473]
2286
[0.10843961]
2287
[0.09074631]
2288
[0.09186536]
2289
[0.10691999]
2290
[0.16355466]
2291
[0.09688947]
2292
[0.13955369]
2293
[0.14408319]
2294
[0.09437257]
2295
[0.11862965]
2296
[0.10810618]
2297
[0.12273436]
2298
[0.08787048]
2299
[0.10412138]
2300
[0.12036924]
2301
[0.09853634]
2302
[0.14037982]
2303
[0.10746759]
2304
[0.09252524]
2305
[0.15685288]
2306
[0.09815238]
2307
[0.10591486]
2308
[0.09550082]
2309
[0.1692786]
2310
[0.10510444]
2311
[0.14722735]
2312
[0.07113838]
2313
[0.11157233]
2314
[0.10276774]
2315
[0.15178596]
2316
[0.10615422]
2317
[0.10447886]
2318
[0.10850238]
2319
[0.14259149]
2320
[0.12989171]
2321
[0.11178383]
2322
[0.12654368]
2323
[0.1021438]
2324
[0.1982967]
2325
[0.13400954]
2326
[0.08509149]
2327
[0.10594713]
2328
[0.10225357]
2329
[0.09248473]
2330
[0.20216191]
2331
[0.14895695]
2332
[0.10684322]
2333
[0.12549021]
2334
[0.14759185]
2335
[0.10725771]
2336
[0.10869602]
2337
[0.1817252]
2338
[0.08878764]
2339
[0.14746967]
2340
[0.111872]
2341
[0.12554827]
2342
[0.14812508]
2343
[0.08697357]
2344
[0.09480176]
2345
[0.13287187]
2346
[0.19328092]
2347
[0.16823007]
2348
[0.10843133]
2349
[0.10194111]
2350
[0.11248329]
2351
[0.10237293]
2352
[0.10368304]
2353
[0.15047197]
2354
[0.07476302]
2355
[0.09456836]
2356
[0.14860089]
2357
[0.06248507]
2358
[0.09056618]
2359
[0.18357498]
2360
[0.10341181]
2361
[0.10004401]
2362
[0.15975766]
2363
[0.08781706]
2364
[0.19929028]
2365
[0.11063792]
2366
[0.18087966]
2367
[0.12629709]
2368
[0.1243512]
2369
[0.10398627]
2370
[0.1139603]
2371
[0.09989952]
2372
[0.10358512]
2373
[0.1243048]
2374
[0.11679067]
2375
[0.18592943]
2376
[0.08304128]
2377
[0.09129175]
2378
[0.15373088]
2379
[0.10268415]
2380
[0.08188959]
2381
[0.11218153]
2382
[0.09985869]
2383
[0.10426794]
2384
[0.08243893]
2385
[0.09653737]
2386
[0.16053431]
2387
[0.12288848]
2388
[0.07252962]
2389
[0.11745539]
2390
[0.10373286]
2391
[0.18456597]
2392
[0.15523638]
2393
[0.12005135]
2394
[0.09848549]
2395
[0.12555317]
2396
[0.1196252]
2397
[0.11146398]
2398
[0.12250199]
2399
[0.09059197]
2400
[0.12873876]
2401
[0.10833857]
2402
[0.10236868]
2403
[0.09482637]
2404
[0.11118177]
2405
[0.10592167]
2406
[0.12452153]
2407
[0.20319]
2408
[0.10699136]
2409
[0.1377393]
2410
[0.09247029]
2411
[0.08575535]
2412
[0.11572083]
2413
[0.0916635]
2414
[0.17562588]
2415
[0.13765358]
2416
[0.15944669]
2417
[0.14490268]
2418
[0.12030638]
2419
[0.16362944]
2420
[0.09740446]
2421
[0.18108]
2422
[0.18306442]
2423
[0.06221887]
2424
[0.10566598]
2425
[0.11139371]
2426
[0.06856328]
2427
[0.19382273]
2428
[0.08881782]
2429
[0.08510022]
2430
[0.09155396]
2431
[0.19464351]
2432
[0.11498195]
2433
[0.16557446]
2434
[0.10169536]
2435
[0.12602541]
2436
[0.20306438]
2437
[0.15953622]
2438
[0.13948914]
2439
[0.18413688]
2440
[0.0850777]
2441
[0.09911298]
2442
[0.15339562]
2443
[0.10720137]
2444
[0.0920882]
2445
[0.10704667]
2446
[0.10454125]
2447
[0.0968123]
2448
[0.09974344]
2449
[0.12836382]
2450
[0.13596854]
2451
[0.20225966]
2452
[0.21351095]
2453
[0.16430964]
2454
[0.12195365]
2455
[0.10395108]
2456
[0.09440553]
2457
[0.09753407]
2458
[0.17982542]
2459
[0.18162531]
2460
[0.19215082]
2461
[0.12882417]
2462
[0.11923454]
2463
[0.169918]
2464
[0.12419408]
2465
[0.12799454]
2466
[0.13361941]
2467
[0.11281171]
2468
[0.14601846]
2469
[0.07587381]
2470
[0.10422313]
2471
[0.09434056]
2472
[0.0992909]
2473
[0.13398497]
2474
[0.09130199]
2475
[0.11352746]
2476
[0.09290337]
2477
[0.06185178]
2478
[0.09556032]
2479
[0.11636756]
2480
[0.18807423]
2481
[0.11852862]
2482
[0.15424571]
2483
[0.109124]
2484
[0.11046698]
2485
[0.10882202]
2486
[0.15389178]
2487
[0.10372629]
2488
[0.11165696]
2489
[0.11921035]
2490
[0.0927788]
2491
[0.12047985]
2492
[0.12343853]
2493
[0.09033698]
2494
[0.18723496]
2495
[0.13338927]
2496
[0.09107734]
2497
[0.11746086]
2498
[0.17682525]
2499
[0.10235369]
2500
[0.17424777]
2501
[0.10116959]
2502
[0.11395413]
2503
[0.17356125]
2504
[0.14635194]
2505
[0.09248721]
2506
[0.10155675]
2507
[0.13833233]
2508
[0.20089765]
2509
[0.10915808]
2510
[0.13683051]
2511
[0.10949998]
2512
[0.10179347]
2513
[0.10135448]
2514
[0.12461802]
2515
[0.08514485]
2516
[0.10382066]
2517
[0.1411302]
2518
[0.10273774]
2519
[0.14855247]
2520
[0.16329394]
2521
[0.1097848]
2522
[0.16640044]
2523
[0.11931559]
2524
[0.11422316]
2525
[0.19775942]
2526
[0.09666049]
2527
[0.14701889]
2528
[0.13063123]
2529
[0.17152893]
2530
[0.1542649]
2531
[0.14870161]
2532
[0.0995716]
2533
[0.17951975]
2534
[0.11912032]
2535
[0.10096987]
2536
[0.08994167]
2537
[0.11187836]
2538
[0.18199601]
2539
[0.13458839]
2540
[0.08370338]
2541
[0.06125102]
2542
[0.19071098]
2543
[0.10432716]
2544
[0.13608569]
2545
[0.09128863]
2546
[0.13462071]
2547
[0.08476264]
2548
[0.12977141]
2549
[0.11414514]
2550
[0.09444457]
2551
[0.10385468]
2552
[0.0997547]
2553
[0.19628346]
2554
[0.14453525]
2555
[0.05199291]
2556
[0.20356885]
2557
[0.14663682]
2558
[0.17715517]
2559
[0.1417855]
2560
[0.09585698]
2561
[0.13605679]
2562
[0.10040968]
2563
[0.10356498]
2564
[0.09033488]
2565
[0.08559588]
2566
[0.08750432]
2567
[0.08949486]
2568
[0.1045289]
2569
[0.17533144]
2570
[0.11186781]
2571
[0.11874909]
2572
[0.10309811]
2573
[0.21691293]
2574
[0.10275009]
2575
[0.11529415]
2576
[0.10935335]
2577
[0.19010275]
2578
[0.09925876]
2579
[0.10815867]
2580
[0.10720926]
2581
[0.11972007]
2582
[0.16274094]
2583
[0.16674363]
2584
[0.09971367]
2585
[0.11279699]
2586
[0.15241092]
2587
[0.13912287]
2588
[0.1635393]
2589
[0.12600605]
2590
[0.12814112]
2591
[0.11308111]
2592
[0.14099413]
2593
[0.08903432]
2594
[0.15273469]
2595
[0.11589067]
2596
[0.13003422]
2597
[0.09222609]
2598
[0.17041451]
2599
[0.18590754]
2600
[0.14924337]
2601
[0.11918212]
2602
[0.08589199]
2603
[0.09016301]
2604
[0.12408978]
2605
[0.12260757]
2606
[0.14218627]
2607
[0.0909369]
2608
[0.11871466]
2609
[0.15195175]
2610
[0.10404067]
2611
[0.11241681]
2612
[0.11345774]
2613
[0.18932282]
2614
[0.16449446]
2615
[0.15607038]
2616
[0.10704792]
2617
[0.14372299]
2618
[0.09577379]
2619
[0.10613983]
2620
[0.1055747]
2621
[0.1250382]
2622
[0.18384272]
2623
[0.10603456]
2624
[0.08618156]
2625
[0.10426826]
2626
[0.11655617]
2627
[0.09962341]
2628
[0.06664086]
2629
[0.11799242]
2630
[0.1199759]
2631
[0.09673136]
2632
[0.09482582]
2633
[0.1251503]
2634
[0.14196203]
2635
[0.09721319]
2636
[0.09730446]
2637
[0.13759789]
2638
[0.15275654]
2639
[0.09673516]
2640
[0.15249953]
2641
[0.11287444]
2642
[0.11144023]
2643
[0.11743884]
2644
[0.10434517]
2645
[0.14603612]
2646
[0.05876475]
2647
[0.09525678]
2648
[0.14838966]
2649
[0.07980403]
2650
[0.09004044]
2651
[0.11103289]
2652
[0.12552692]
2653
[0.06206698]
2654
[0.08945627]
2655
[0.11565997]
2656
[0.09387723]
2657
[0.16011728]
2658
[0.09723315]
2659
[0.12865599]
2660
[0.15856828]
2661
[0.10977136]
2662
[0.11543335]
2663
[0.07250033]
2664
[0.16467466]
2665
[0.11016305]
2666
[0.10932732]
2667
[0.10934245]
2668
[0.11065719]
2669
[0.122375]
2670
[0.10704062]
2671
[0.14892128]
2672
[0.09277715]
2673
[0.12798874]
2674
[0.14157549]
2675
[0.1014426]
2676
[0.1444006]
2677
[0.15684781]
2678
[0.19281008]
2679
[0.16061608]
2680
[0.06695727]
2681
[0.11187363]
2682
[0.11554666]
2683
[0.10914337]
2684
[0.09576059]
2685
[0.09273873]
2686
[0.10670762]
2687
[0.12328311]
2688
[0.0920285]
2689
[0.1718944]
2690
[0.13488781]
2691
[0.11344786]
2692
[0.1039963]
2693
[0.10343821]
2694
[0.18160672]
2695
[0.09595587]
2696
[0.14538434]
2697
[0.14518069]
2698
[0.15487412]
2699
[0.07170045]
2700
[0.20414683]
2701
[0.15297785]
2702
[0.10666694]
2703
[0.0904487]
2704
[0.11014098]
2705
[0.13156139]
2706
[0.17744581]
2707
[0.11396802]
2708
[0.14061097]
2709
[0.06548165]
2710
[0.08440465]
2711
[0.09500202]
2712
[0.14610365]
2713
[0.08612974]
2714
[0.11200961]
2715
[0.1867188]
2716
[0.16596946]
2717
[0.10667919]
2718
[0.1187293]
2719
[0.08947863]
2720
[0.18493666]
2721
[0.13809457]
2722
[0.09959705]
2723
[0.08828799]
2724
[0.17672094]
2725
[0.11729566]
2726
[0.104217]
2727
[0.10564152]
2728
[0.10427786]
2729
[0.08878476]
2730
[0.13703768]
2731
[0.11706815]
2732
[0.06602889]
2733
[0.11165995]
2734
[0.13705777]
2735
[0.13474305]
2736
[0.12620515]
2737
[0.12708173]
2738
[0.10315027]
2739
[0.13209719]
2740
[0.11617061]
2741
[0.18790919]
2742
[0.15103422]
2743
[0.13477804]
2744
[0.11140561]
2745
[0.15464457]
2746
[0.13680352]
2747
[0.10921165]
2748
[0.11681733]
2749
[0.114939]
2750
[0.13069992]
2751
[0.11332003]
2752
[0.08429908]
2753
[0.17168703]
2754
[0.1481908]
2755
[0.14684648]
2756
[0.10746842]
2757
[0.15101369]
2758
[0.09905303]
2759
[0.0987954]
2760
[0.13586821]
2761
[0.14465038]
2762
[0.17089482]
2763
[0.11160921]
2764
[0.09031989]
2765
[0.12341964]
2766
[0.117015]
2767
[0.15413568]
2768
[0.09028859]
2769
[0.12997855]
2770
[0.09254234]
2771
[0.17282734]
2772
[0.1383518]
2773
[0.10830227]
2774
[0.12569391]
2775
[0.19761212]
2776
[0.19340123]
2777
[0.09184918]
2778
[0.13760683]
2779
[0.1735335]
2780
[0.08620455]
2781
[0.1191034]
2782
[0.1191284]
2783
[0.14760891]
2784
[0.14339535]
2785
[0.10196088]
2786
[0.1519707]
2787
[0.11016404]
2788
[0.09124137]
2789
[0.14916274]
2790
[0.09393921]
2791
[0.08859806]
2792
[0.15777596]
2793
[0.17903414]
2794
[0.08021813]
2795
[0.14459347]
2796
[0.1354475]
2797
[0.09902735]
2798
[0.08930845]
2799
[0.18399526]
2800
[0.09833184]
2801
[0.10311855]
2802
[0.07046576]
2803
[0.08445448]
2804
[0.18832049]
2805
[0.11830292]
2806
[0.14716161]
2807
[0.13741856]
2808
[0.08889197]
2809
[0.13378443]
2810
[0.10300849]
2811
[0.12474758]
2812
[0.0735316]
2813
[0.21406267]
2814
[0.09751332]
2815
[0.07179481]
2816
[0.13059877]
2817
[0.13974362]
2818
[0.0992376]
2819
[0.10753972]
2820
[0.21109235]
2821
[0.09222369]
2822
[0.17778084]
2823
[0.10480789]
2824
[0.18468901]
2825
[0.09495107]
2826
[0.09698333]
2827
[0.10639448]
2828
[0.11242219]
2829
[0.10559041]
2830
[0.0973949]
2831
[0.11490064]
2832
[0.14938022]
2833
[0.14455284]
2834
[0.14894354]
2835
[0.13239323]
2836
[0.08428218]
2837
[0.16498908]
2838
[0.09896134]
2839
[0.0951143]
2840
[0.17896982]
2841
[0.12116497]
2842
[0.09306658]
2843
[0.172778]
2844
[0.08874492]
2845
[0.08823271]
2846
[0.11704794]
2847
[0.10780003]
2848
[0.14469112]
2849
[0.09664643]
2850
[0.12463881]
2851
[0.13935474]
2852
[0.14821434]
2853
[0.14273686]
2854
[0.17787453]
2855
[0.13779122]
2856
[0.19598723]
2857
[0.17059199]
2858
[0.13415019]
2859
[0.09896099]
2860
[0.15481968]
2861
[0.08926126]
2862
[0.10031241]
2863
[0.1040042]
2864
[0.11118353]
2865
[0.21300986]
2866
[0.10201301]
2867
[0.15896633]
2868
[0.20069138]
2869
[0.11270878]
2870
[0.09582335]
2871
[0.09119945]
2872
[0.09455436]
2873
[0.12515703]
2874
[0.11225207]
2875
[0.08657212]
2876
[0.11957122]
2877
[0.07740274]
2878
[0.16273434]
2879
[0.11845853]
2880
[0.10009721]
2881
[0.10415839]
2882
[0.19898644]
2883
[0.08518289]
2884
[0.08945228]
2885
[0.09502072]
2886
[0.10089407]
2887
[0.07175457]
2888
[0.13480404]
2889
[0.10720965]
2890
[0.10141263]
2891
[0.09586892]
2892
[0.10032074]
2893
[0.11466254]
2894
[0.12290774]
2895
[0.10132688]
2896
[0.09598655]
2897
[0.10561497]
2898
[0.08048059]
2899
[0.17196457]
2900
[0.17723638]
2901
[0.09729203]
2902
[0.05840042]
2903
[0.11059938]
2904
[0.1567571]
2905
[0.11533028]
2906
[0.11354056]
2907
[0.09797324]
2908
[0.09380836]
2909
[0.12406247]
2910
[0.08337407]
2911
[0.18940072]
2912
[0.08052684]
2913
[0.10590528]
2914
[0.21026769]
2915
[0.05918323]
2916
[0.18995561]
2917
[0.20580984]
2918
[0.09753368]
2919
[0.12758784]
2920
[0.13232657]
2921
[0.14716859]
2922
[0.0874715]
2923
[0.09611415]
2924
[0.14840146]
2925
[0.13352752]
2926
[0.09900753]
2927
[0.08554372]
2928
[0.17915644]
2929
[0.15621863]
2930
[0.13482327]
2931
[0.12349]
2932
[0.09633775]
2933
[0.15148571]
2934
[0.17683822]
2935
[0.12102824]
2936
[0.15056783]
2937
[0.09168875]
2938
[0.17922146]
2939
[0.10672279]
2940
[0.1244643]
2941
[0.15912868]
2942
[0.13085659]
2943
[0.1207561]
2944
[0.14376435]
2945
[0.10520211]
2946
[0.07459004]
2947
[0.110776]
2948
[0.13805245]
2949
[0.13582513]
2950
[0.11632568]
2951
[0.09937817]
2952
[0.12249588]
2953
[0.09759356]
2954
[0.12538479]
2955
[0.16855565]
2956
[0.10409945]
2957
[0.09323643]
2958
[0.12408906]
2959
[0.09670416]
2960
[0.09169588]
2961
[0.11830957]
2962
[0.10023656]
2963
[0.11280538]
2964
[0.14314926]
2965
[0.09954044]
2966
[0.11539059]
2967
[0.15920857]
2968
[0.10502271]
2969
[0.10724636]
2970
[0.16339324]
2971
[0.20726648]
2972
[0.17190074]
2973
[0.16102898]
2974
[0.12619894]
2975
[0.09267881]
2976
[0.16182548]
2977
[0.14235899]
2978
[0.12198253]
2979
[0.15798424]
2980
[0.10283184]
2981
[0.09403529]
2982
[0.12973042]
2983
[0.10150953]
2984
[0.14964818]
2985
[0.12462275]
2986
[0.13734047]
2987
[0.09674796]
2988
[0.10674394]
2989
[0.0947855]
2990
[0.13693231]
2991
[0.14617461]
2992
[0.11791992]
2993
[0.1251241]
2994
[0.10366748]
2995
[0.13008132]
2996
[0.12229093]
2997
[0.12135422]
2998
[0.1037045]
2999
[0.13980395]
3000
[0.12684454]
3001
[0.09613466]
3002
[0.11007346]
3003
[0.09508418]
3004
[0.1115693]
3005
[0.0995767]
3006
[0.14799938]
3007
[0.15148762]
3008
[0.18024011]
3009
[0.10216333]
3010
[0.17938241]
3011
[0.10298303]
3012
[0.18340876]
3013
[0.11061854]
3014
[0.1102303]
3015
[0.1432903]
3016
[0.12329325]
3017
[0.11086341]
3018
[0.11090272]
3019
[0.10679336]
3020
[0.14415003]
3021
[0.12501253]
3022
[0.08410629]
3023
[0.10468691]
3024
[0.10192798]
3025
[0.11391328]
3026
[0.0984101]
3027
[0.14231311]
3028
[0.06915348]
3029
[0.10302876]
3030
[0.18038259]
3031
[0.12985059]
3032
[0.06961386]
3033
[0.11805371]
3034
[0.08933965]
3035
[0.13245553]
3036
[0.1334921]
3037
[0.0965658]
3038
[0.1170738]
3039
[0.10325993]
3040
[0.09630527]
3041
[0.09254831]
3042
[0.17336044]
3043
[0.11502655]
3044
[0.11142328]
3045
[0.07500263]
3046
[0.15849065]
3047
[0.09025376]
3048
[0.1239957]
3049
[0.0918151]
3050
[0.10865005]
3051
[0.14572209]
3052
[0.10520497]
3053
[0.1015778]
3054
[0.09832563]
3055
[0.1031463]
3056
[0.13973062]
3057
[0.1850377]
3058
[0.09161941]
3059
[0.08529842]
3060
[0.11974706]
3061
[0.08624655]
3062
[0.11842929]
3063
[0.12958005]
3064
[0.18249923]
3065
[0.20587499]
3066
[0.09422136]
3067
[0.09630429]
3068
[0.08382665]
3069
[0.17442163]
3070
[0.12745427]
3071
[0.18881217]
3072
[0.12503326]
3073
[0.07789021]
3074
[0.13135213]
3075
[0.07962656]
3076
[0.11273997]
3077
[0.16366893]
3078
[0.13281343]
3079
[0.12092222]
3080
[0.0846457]
3081
[0.09440228]
3082
[0.14198088]
3083
[0.12248375]
3084
[0.14825714]
3085
[0.08027582]
3086
[0.19250995]
3087
[0.09585348]
3088
[0.19291811]
3089
[0.08758396]
3090
[0.17336025]
3091
[0.16209464]
3092
[0.14481045]
3093
[0.12856388]
3094
[0.13460053]
3095
[0.14023225]
3096
[0.13190816]
3097
[0.19436018]
3098
[0.1094135]
3099
[0.1128757]
3100
[0.1846759]
3101
[0.11100164]
3102
[0.11228588]
3103
[0.12317958]
3104
[0.14357017]
3105
[0.14738656]
3106
[0.12187412]
3107
[0.10738299]
3108
[0.10456818]
3109
[0.090481]
3110
[0.09968741]
3111
[0.16665868]
3112
[0.10805734]
3113
[0.1713257]
3114
[0.11263551]
3115
[0.11803781]
3116
[0.191111]
3117
[0.07901322]
3118
[0.11953817]
3119
[0.15651742]
3120
[0.09245242]
3121
[0.16565185]
3122
[0.12602946]
3123
[0.09543179]
3124
[0.19490362]
3125
[0.10248415]
3126
[0.08377395]
3127
[0.10468854]
3128
[0.16708701]
3129
[0.0998356]
3130
[0.09920594]
3131
[0.08978946]
3132
[0.15046817]
3133
[0.13531594]
3134
[0.12914651]
3135
[0.13199794]
3136
[0.15008074]
3137
[0.11858197]
3138
[0.11923788]
3139
[0.13165551]
3140
[0.06508322]
3141
[0.11004441]
3142
[0.15052209]
3143
[0.11244568]
3144
[0.0803785]
3145
[0.14993907]
3146
[0.20030606]
3147
[0.1487997]
3148
[0.10540995]
3149
[0.09626682]
3150
[0.13827078]
3151
[0.08930239]
3152
[0.11803779]
3153
[0.0934189]
3154
[0.10237914]
3155
[0.08459989]
3156
[0.10710905]
3157
[0.07732024]
3158
[0.10128085]
3159
[0.17877078]
3160
[0.11663004]
3161
[0.11640756]
3162
[0.15535228]
3163
[0.13137325]
3164
[0.09964737]
3165
[0.18345305]
3166
[0.11125859]
3167
[0.16496675]
3168
[0.17248077]
3169
[0.20164789]
3170
[0.11278]
3171
[0.10800701]
3172
[0.11252707]
3173
[0.15376837]
3174
[0.11108958]
3175
[0.07693397]
3176
[0.09583027]
3177
[0.12443744]
3178
[0.09020181]
3179
[0.15044954]
3180
[0.09257299]
3181
[0.1388139]
3182
[0.11996777]
3183
[0.13979446]
3184
[0.17902235]
3185
[0.16534259]
3186
[0.17298425]
3187
[0.12714973]
3188
[0.1083388]
3189
[0.11551453]
3190
[0.18649428]
3191
[0.08831387]
3192
[0.15095156]
3193
[0.15311622]
3194
[0.10769308]
3195
[0.11573299]
3196
[0.13741876]
3197
[0.13718481]
3198
[0.14511771]
3199
[0.10436175]
3200
[0.08930957]
3201
[0.1367123]
3202
[0.1521073]
3203
[0.09860245]
3204
[0.11297078]
3205
[0.12672861]
3206
[0.09249227]
3207
[0.10265511]
3208
[0.19692319]
3209
[0.09016352]
3210
[0.11074638]
3211
[0.08792078]
3212
[0.13403667]
3213
[0.18311348]
3214
[0.10714286]
3215
[0.08438336]
3216
[0.0880913]
3217
[0.08900458]
3218
[0.09963944]
3219
[0.13166868]
3220
[0.10839182]
3221
[0.10010695]
3222
[0.12525313]
3223
[0.08617229]
3224
[0.12784163]
3225
[0.16402448]
3226
[0.17737257]
3227
[0.15890406]
3228
[0.10985564]
3229
[0.10823984]
3230
[0.10010101]
3231
[0.07479625]
3232
[0.109494]
3233
[0.09005209]
3234
[0.10782954]
3235
[0.16860188]
3236
[0.11671113]
3237
[0.21269588]
3238
[0.10411905]
3239
[0.11740841]
3240
[0.11004976]
3241
[0.119369]
3242
[0.12285143]
3243
[0.10642709]
3244
[0.09139047]
3245
[0.09826021]
3246
[0.09889427]
3247
[0.12764185]
3248
[0.15630489]
3249
[0.1123061]
3250
[0.09250281]
3251
[0.11331576]
3252
[0.13847304]
3253
[0.09637191]
3254
[0.09930616]
3255
[0.14833208]
3256
[0.09780608]
3257
[0.11942382]
3258
[0.14290153]
3259
[0.09483831]
3260
[0.09001154]
3261
[0.08646216]
3262
[0.10621295]
3263
[0.10407618]
3264
[0.13073371]
3265
[0.10980767]
3266
[0.11177963]
3267
[0.19588954]
3268
[0.12037396]
3269
[0.10874232]
3270
[0.11498104]
3271
[0.15499093]
3272
[0.11687528]
3273
[0.1083885]
3274
[0.07555407]
3275
[0.12979262]
3276
[0.09386622]
3277
[0.0762755]
3278
[0.13054292]
3279
[0.10177788]
3280
[0.13389824]
3281
[0.16375007]
3282
[0.14083239]
3283
[0.13793037]
3284
[0.07529483]
3285
[0.16673594]
3286
[0.1054402]
3287
[0.15919904]
3288
[0.10845984]
3289
[0.1064045]
3290
[0.13296996]
3291
[0.07816428]
3292
[0.09740535]
3293
[0.13445225]
3294
[0.08619852]
3295
[0.13362571]
3296
[0.11044205]
3297
[0.13310438]
3298
[0.1615051]
3299
[0.16250388]
3300
[0.1028083]
3301
[0.14881252]
3302
[0.13445028]
3303
[0.10890526]
3304
[0.09116634]
3305
[0.16127896]
3306
[0.10393389]
3307
[0.10796983]
3308
[0.10245763]
3309
[0.12702427]
3310
[0.11209878]
3311
[0.11187161]
3312
[0.10051728]
3313
[0.1026806]
3314
[0.1107739]
3315
[0.0764495]
3316
[0.08382641]
3317
[0.08929349]
3318
[0.10980967]
3319
[0.12633344]
3320
[0.09710361]
3321
[0.08955552]
3322
[0.11523838]
3323
[0.1599572]
3324
[0.1246158]
3325
[0.18588153]
3326
[0.10945704]
3327
[0.10347518]
3328
[0.10332377]
3329
[0.20642532]
3330
[0.13779979]
3331
[0.11240771]
3332
[0.09976634]
3333
[0.11086248]
3334
[0.15852735]
3335
[0.15330702]
3336
[0.10455368]
3337
[0.07510033]
3338
[0.09678718]
3339
[0.16976282]
3340
[0.09995705]
3341
[0.1121704]
3342
[0.09763146]
3343
[0.10799354]
3344
[0.1424107]
3345
[0.11806385]
3346
[0.07157595]
3347
[0.16209214]
3348
[0.11057177]
3349
[0.14542642]
3350
[0.15478701]
3351
[0.11380731]
3352
[0.16015085]
3353
[0.17191468]
3354
[0.15860398]
3355
[0.10556905]
3356
[0.15801842]
3357
[0.12786525]
3358
[0.08358499]
3359
[0.1134411]
3360
[0.16940281]
3361
[0.15312128]
3362
[0.10048883]
3363
[0.17466218]
3364
[0.19382521]
3365
[0.07917463]
3366
[0.08614489]
3367
[0.09240082]
3368
[0.11717977]
3369
[0.16698212]
3370
[0.1865351]
3371
[0.08564945]
3372
[0.10826272]
3373
[0.12412212]
3374
[0.10081062]
3375
[0.09126451]
3376
[0.1687134]
3377
[0.11926986]
3378
[0.10800903]
3379
[0.13817882]
3380
[0.09723316]
3381
[0.11931225]
3382
[0.09484271]
3383
[0.12903125]
3384
[0.09022075]
3385
[0.10323604]
3386
[0.07844839]
3387
[0.16335232]
3388
[0.09071066]
3389
[0.1895977]
3390
[0.14946182]
3391
[0.1298224]
3392
[0.08076033]
3393
[0.11749236]
3394
[0.10623112]
3395
[0.11636376]
3396
[0.09100568]
3397
[0.1055716]
3398
[0.1744375]
3399
[0.09333108]
3400
[0.18382695]
3401
[0.10519088]
3402
[0.1750579]
3403
[0.10719103]
3404
[0.10027546]
3405
[0.10911969]
3406
[0.19062654]
3407
[0.11221649]
3408
[0.12522544]
3409
[0.11370562]
3410
[0.12871527]
3411
[0.12471687]
3412
[0.08721197]
3413
[0.09696206]
3414
[0.09331161]
3415
[0.10034557]
3416
[0.1257788]
3417
[0.19132829]
3418
[0.12719133]
3419
[0.12506303]
3420
[0.1058922]
3421
[0.12201341]
3422
[0.10892802]
3423
[0.09034595]
3424
[0.14788619]
3425
[0.11821111]
3426
[0.09925708]
3427
[0.09604258]
3428
[0.09083878]
3429
[0.15118138]
3430
[0.1273149]
3431
[0.09354067]
3432
[0.10722406]
3433
[0.15522549]
3434
[0.11517844]
3435
[0.11680252]
3436
[0.15952623]
3437
[0.11896489]
3438
[0.19145554]
3439
[0.09449898]
3440
[0.1337127]
3441
[0.09356332]
3442
[0.09305087]
3443
[0.1030513]
3444
[0.10199595]
3445
[0.14229086]
3446
[0.10266874]
3447
[0.1173605]
3448
[0.10365946]
3449
[0.13318551]
3450
[0.09262773]
3451
[0.10703923]
3452
[0.09389576]
3453
[0.15373392]
3454
[0.12959848]
3455
[0.08498881]
3456
[0.16364879]
3457
[0.1369633]
3458
[0.14752285]
3459
[0.1037424]
3460
[0.1575946]
3461
[0.16532316]
3462
[0.09079548]
3463
[0.12995259]
3464
[0.12411811]
3465
[0.13004614]
3466
[0.10811563]
3467
[0.12635925]
3468
[0.09520713]
3469
[0.12970518]
3470
[0.1028848]
3471
[0.14865669]
3472
[0.15333887]
3473
[0.10480556]
3474
[0.1087591]
3475
[0.09538505]
3476
[0.09150887]
3477
[0.12912793]
3478
[0.17221791]
3479
[0.14970004]
3480
[0.10076983]
3481
[0.11285205]
3482
[0.09498639]
3483
[0.11971255]
3484
[0.15835025]
3485
[0.19392768]
3486
[0.12917759]
3487
[0.12035468]
3488
[0.09472089]
3489
[0.12133881]
3490
[0.11725098]
3491
[0.08426328]
3492
[0.1215326]
3493
[0.11663637]
3494
[0.1007101]
3495
[0.10843323]
3496
[0.12678488]
3497
[0.1578622]
3498
[0.09402382]
3499
[0.12362783]
3500
[0.10371368]
3501
[0.15401265]
3502
[0.17017382]
3503
[0.1164547]
3504
[0.11278606]
3505
[0.14419789]
3506
[0.18034277]
3507
[0.13132291]
3508
[0.1115145]
3509
[0.12037264]
3510
[0.1031955]
3511
[0.16411224]
3512
[0.09080161]
3513
[0.08855219]
3514
[0.10276914]
3515
[0.12223938]
3516
[0.17693734]
3517
[0.11482846]
3518
[0.07768473]
3519
[0.14973166]
3520
[0.09239203]
3521
[0.2041306]
3522
[0.10007336]
3523
[0.09019539]
3524
[0.10708739]
3525
[0.11342735]
3526
[0.19534554]
3527
[0.09530374]
3528
[0.1275994]
3529
[0.11543822]
3530
[0.12384221]
3531
[0.09986295]
3532
[0.121552]
3533
[0.11873259]
3534
[0.13601497]
3535
[0.09158088]
3536
[0.10341967]
3537
[0.15380282]
3538
[0.13887999]
3539
[0.10083557]
3540
[0.12858848]
3541
[0.17071945]
3542
[0.18594737]
3543
[0.13504589]
3544
[0.13897133]
3545
[0.12700928]
3546
[0.12272596]
3547
[0.10371134]
3548
[0.20088232]
3549
[0.16002517]
3550
[0.10838777]
3551
[0.10298879]
3552
[0.07523712]
3553
[0.1136683]
3554
[0.09509035]
3555
[0.17794056]
3556
[0.10024366]
3557
[0.15097634]
3558
[0.115162]
3559
[0.11128791]
3560
[0.08643253]
3561
[0.08192307]
3562
[0.10511482]
3563
[0.13639232]
3564
[0.08469351]
3565
[0.12187209]
3566
[0.08775989]
3567
[0.20136781]
3568
[0.09832518]
3569
[0.11417387]
3570
[0.12813177]
3571
[0.12098225]
3572
[0.12987849]
3573
[0.11899441]
3574
[0.09264367]
3575
[0.10929375]
3576
[0.1123624]
3577
[0.09691625]
3578
[0.11192082]
3579
[0.12224838]
3580
[0.14257193]
3581
[0.10895543]
3582
[0.08964696]
3583
[0.10910043]
3584
[0.11023227]
3585
[0.1510977]
3586
[0.21677188]
3587
[0.09496584]
3588
[0.11386617]
3589
[0.12554256]
3590
[0.13623053]
3591
[0.14084128]
3592
[0.12724154]
3593
[0.10017973]
3594
[0.17470739]
3595
[0.15241657]
3596
[0.13608923]
3597
[0.16086545]
3598
[0.14884484]
3599
[0.16485555]
3600
[0.1680575]
3601
[0.13351297]
3602
[0.05918803]
3603
[0.0960505]
3604
[0.11016808]
3605
[0.08267507]
3606
[0.14009375]
3607
[0.10787733]
3608
[0.11877195]
3609
[0.10865622]
3610
[0.08846886]
3611
[0.10150724]
3612
[0.13666259]
3613
[0.1300239]
3614
[0.11751311]
3615
[0.11299228]
3616
[0.1106749]
3617
[0.08207352]
3618
[0.098694]
3619
[0.16534681]
3620
[0.14018404]
3621
[0.19848312]
3622
[0.16181524]
3623
[0.08853365]
3624
[0.10461965]
3625
[0.14167182]
3626
[0.09518092]
3627
[0.1053246]
3628
[0.1086654]
3629
[0.11992941]
3630
[0.16044855]
3631
[0.11350713]
3632
[0.12555133]
3633
[0.1148106]
3634
[0.12559154]
3635
[0.10542557]
3636
[0.15012118]
3637
[0.14629686]
3638
[0.14139641]
3639
[0.08587255]
3640
[0.11542814]
3641
[0.0842594]
3642
[0.12741424]
3643
[0.13361353]
3644
[0.10045752]
3645
[0.09125517]
3646
[0.13269237]
3647
[0.15248107]
3648
[0.12044421]
3649
[0.08571968]
3650
[0.09588668]
3651
[0.10364395]
3652
[0.12027944]
3653
[0.13209175]
3654
[0.08631875]
3655
[0.13448989]
3656
[0.09168107]
3657
[0.14390593]
3658
[0.11633674]
3659
[0.19462114]
3660
[0.1389139]
3661
[0.14063978]
3662
[0.12904293]
3663
[0.13055185]
3664
[0.15855372]
3665
[0.1854074]
3666
[0.13627323]
3667
[0.16510754]
3668
[0.15142623]
3669
[0.13211973]
3670
[0.08800147]
3671
[0.10004278]
3672
[0.16434292]
3673
[0.10136913]
3674
[0.09362192]
3675
[0.10383097]
3676
[0.12500698]
3677
[0.11359766]
3678
[0.14934851]
3679
[0.08668284]
3680
[0.10580792]
3681
[0.11140042]
3682
[0.10533131]
3683
[0.11504951]
3684
[0.09912407]
3685
[0.11774286]
3686
[0.12445578]
3687
[0.08897601]
3688
[0.13864993]
3689
[0.11540533]
3690
[0.20193607]
3691
[0.10224749]
3692
[0.08806593]
3693
[0.1578219]
3694
[0.09320998]
3695
[0.09422056]
3696
[0.07776166]
3697
[0.11254769]
3698
[0.13656153]
3699
[0.07922603]
3700
[0.10056178]
3701
[0.16281811]
3702
[0.12317249]
3703
[0.17002656]
3704
[0.10066298]
3705
[0.14032944]
3706
[0.10405218]
3707
[0.17981945]
3708
[0.10621471]
3709
[0.20851762]
3710
[0.12125777]
3711
[0.10554668]
3712
[0.12998272]
3713
[0.09599335]
3714
[0.10248215]
3715
[0.15638803]
3716
[0.10772049]
3717
[0.08466531]
3718
[0.11061071]
3719
[0.08979827]
3720
[0.12564577]
3721
[0.1217962]
3722
[0.11326499]
3723
[0.11377472]
3724
[0.12277206]
3725
[0.10006969]
3726
[0.09943525]
3727
[0.10597656]
3728
[0.09733193]
3729
[0.11297057]
3730
[0.19174748]
3731
[0.14924738]
3732
[0.15736991]
3733
[0.09249477]
3734
[0.11295889]
3735
[0.16862773]
3736
[0.12193207]
3737
[0.09179142]
3738
[0.16498153]
3739
[0.1288174]
3740
[0.17088835]
3741
[0.14213289]
3742
[0.14556024]
3743
[0.11563613]
3744
[0.17020231]
3745
[0.14085737]
3746
[0.10516212]
3747
[0.1005383]
3748
[0.1029995]
3749
[0.13083963]
3750
[0.1283947]
3751
[0.09875114]
3752
[0.14666081]
3753
[0.09352997]
3754
[0.10717286]
3755
[0.2051684]
3756
[0.11341775]
3757
[0.07550943]
3758
[0.10716636]
3759
[0.15581306]
3760
[0.0992885]
3761
[0.12689225]
3762
[0.10641143]
3763
[0.11217058]
3764
[0.12331703]
3765
[0.09439266]
3766
[0.17088291]
3767
[0.1216916]
3768
[0.11466224]
3769
[0.11385029]
3770
[0.12966925]
3771
[0.11283237]
3772
[0.08511717]
3773
[0.08864101]
3774
[0.12267663]
3775
[0.10708157]
3776
[0.08665954]
3777
[0.09084439]
3778
[0.20567925]
3779
[0.11869645]
3780
[0.10658058]
3781
[0.12726966]
3782
[0.12061489]
3783
[0.07381601]
3784
[0.09123575]
3785
[0.10680131]
3786
[0.13629677]
3787
[0.09195409]
3788
[0.09415479]
3789
[0.08156531]
3790
[0.08308472]
3791
[0.08901349]
3792
[0.13342301]
3793
[0.10361464]
3794
[0.1003326]
3795
[0.08911306]
3796
[0.14151299]
3797
[0.12616483]
3798
[0.15513708]
3799
[0.14858715]
3800
[0.19571764]
3801
[0.16336638]
3802
[0.07207195]
3803
[0.08932901]
3804
[0.12052335]
3805
[0.09556291]
3806
[0.19069549]
3807
[0.16587082]
3808
[0.15098709]
3809
[0.14693461]
3810
[0.17791949]
3811
[0.13225039]
3812
[0.14478237]
3813
[0.10417826]
3814
[0.13701189]
3815
[0.14029635]
3816
[0.16596751]
3817
[0.0969991]
3818
[0.12711924]
3819
[0.1458445]
3820
[0.11456359]
3821
[0.07871997]
3822
[0.11006935]
3823
[0.11459727]
3824
[0.09270116]
3825
[0.1143472]
3826
[0.05766836]
3827
[0.10402681]
3828
[0.11272452]
3829
[0.10058509]
3830
[0.12636492]
3831
[0.16158386]
3832
[0.10494759]
3833
[0.09560774]
3834
[0.10916463]
3835
[0.13003476]
3836
[0.1412965]
3837
[0.11733104]
3838
[0.11839776]
3839
[0.12787486]
3840
[0.13130443]
3841
[0.1454973]
3842
[0.09969985]
3843
[0.09041233]
3844
[0.13775036]
3845
[0.08746078]
3846
[0.14029555]
3847
[0.08590339]
3848
[0.08917973]
3849
[0.11279281]
3850
[0.16984777]
3851
[0.0807426]
3852
[0.20952033]
3853
[0.09386118]
3854
[0.12504664]
3855
[0.09637071]
3856
[0.10731691]
3857
[0.14245982]
3858
[0.11826108]
3859
[0.10276029]
3860
[0.1588222]
3861
[0.09177982]
3862
[0.16892685]
3863
[0.09787494]
3864
[0.08727644]
3865
[0.14578128]
3866
[0.099088]
3867
[0.11870903]
3868
[0.11195105]
3869
[0.1237299]
3870
[0.16802715]
3871
[0.09324042]
3872
[0.11483416]
3873
[0.1087343]
3874
[0.0899559]
3875
[0.09811663]
3876
[0.13185181]
3877
[0.10768911]
3878
[0.166012]
3879
[0.12056692]
3880
[0.16717674]
3881
[0.14281885]
3882
[0.11709686]
3883
[0.16723039]
3884
[0.21506234]
3885
[0.08896646]
3886
[0.09296422]
3887
[0.17598381]
3888
[0.17112345]
3889
[0.13484937]
3890
[0.12270954]
3891
[0.0781491]
3892
[0.18157251]
3893
[0.09564771]
3894
[0.11942309]
3895
[0.10590314]
3896
[0.11612109]
3897
[0.10059945]
3898
[0.11356435]
3899
[0.10062729]
3900
[0.09612349]
3901
[0.10027772]
3902
[0.10967529]
3903
[0.09329434]
3904
[0.11427259]
3905
[0.09165167]
3906
[0.10384155]
3907
[0.13424922]
3908
[0.10410006]
3909
[0.20295732]
3910
[0.11688171]
3911
[0.12714217]
3912
[0.16500888]
3913
[0.13872159]
3914
[0.12256843]
3915
[0.15774054]
3916
[0.14516253]
3917
[0.09927731]
3918
[0.11044148]
3919
[0.1199396]
3920
[0.09885592]
3921
[0.11352516]
3922
[0.11489152]
3923
[0.09930792]
3924
[0.0967265]
3925
[0.10606685]
3926
[0.10129416]
3927
[0.09632406]
3928
[0.09453171]
3929
[0.08609144]
3930
[0.15814354]
3931
[0.15525738]
3932
[0.11868153]
3933
[0.10075394]
3934
[0.14465742]
3935
[0.11488474]
3936
[0.15161922]
3937
[0.17230166]
3938
[0.10043409]
3939
[0.17824689]
3940
[0.10070877]
3941
[0.10079802]
3942
[0.12142345]
3943
[0.05492909]
3944
[0.11197894]
3945
[0.09896691]
3946
[0.1796489]
3947
[0.10090273]
3948
[0.05059196]
3949
[0.11993752]
3950
[0.13728473]
3951
[0.13792161]
3952
[0.14039558]
3953
[0.09426337]
3954
[0.12876683]
3955
[0.19076786]
3956
[0.15812574]
3957
[0.21018091]
3958
[0.13896715]
3959
[0.11989477]
3960
[0.08551912]
3961
[0.11918676]
3962
[0.08527952]
3963
[0.10284754]
3964
[0.09384879]
3965
[0.1248463]
3966
[0.09660449]
3967
[0.14675859]
3968
[0.08993028]
3969
[0.18291413]
3970
[0.11651333]
3971
[0.10098544]
3972
[0.16548448]
3973
[0.1239796]
3974
[0.10291673]
3975
[0.09618271]
3976
[0.1066229]
3977
[0.13973577]
3978
[0.11173699]
3979
[0.09548126]
3980
[0.10330083]
3981
[0.17315857]
3982
[0.19506403]
3983
[0.1129938]
3984
[0.11303672]
3985
[0.104268]
3986
[0.128004]
3987
[0.10660544]
3988
[0.13339273]
3989
[0.20039817]
3990
[0.10435617]
3991
[0.16455747]
3992
[0.11502089]
3993
[0.19441464]
3994
[0.13652125]
3995
[0.10045289]
3996
[0.09392988]
3997
[0.10884226]
3998
[0.1529203]
3999
[0.13006297]
4000
[0.1102897]
4001
[0.11577946]
4002
[0.11199347]
4003
[0.12536923]
4004
[0.09360504]
4005
[0.1337895]
4006
[0.13752708]
4007
[0.11386644]
4008
[0.13136929]
4009
[0.16573657]
4010
[0.17211344]
4011
[0.07880155]
4012
[0.11015045]
4013
[0.14450489]
4014
[0.10871978]
4015
[0.15545018]
4016
[0.11611854]
4017
[0.11037051]
4018
[0.09698748]
4019
[0.06526788]
4020
[0.08471951]
4021
[0.10878516]
4022
[0.08806716]
4023
[0.14144732]
4024
[0.13755227]
4025
[0.13559376]
4026
[0.10708819]
4027
[0.13644485]
4028
[0.08821163]
4029
[0.12897104]
4030
[0.15543996]
4031
[0.12507971]
4032
[0.1064124]
4033
[0.1093869]
4034
[0.16325549]
4035
[0.10447858]
4036
[0.1606035]
4037
[0.17508694]
4038
[0.10037562]
4039
[0.11361146]
4040
[0.09884149]
4041
[0.17030582]
4042
[0.09141933]
4043
[0.09883497]
4044
[0.17874845]
4045
[0.16693077]
4046
[0.13507518]
4047
[0.12204108]
4048
[0.13634136]
4049
[0.1046984]
4050
[0.09754054]
4051
[0.11825473]
4052
[0.1557293]
4053
[0.11709836]
4054
[0.1461727]
4055
[0.10144393]
4056
[0.09024583]
4057
[0.16083515]
4058
[0.1097003]
4059
[0.11209242]
4060
[0.11961315]
4061
[0.11738792]
4062
[0.06457087]
4063
[0.10775225]
4064
[0.08052737]
4065
[0.10849285]
4066
[0.14426094]
4067
[0.12645021]
4068
[0.1162199]
4069
[0.18981495]
4070
[0.11897332]
4071
[0.10550848]
4072
[0.10698134]
4073
[0.06389927]
4074
[0.15396355]
4075
[0.11231981]
4076
[0.07246363]
4077
[0.13220196]
4078
[0.12702684]
4079
[0.09571644]
4080
[0.12450826]
4081
[0.19974637]
4082
[0.18104577]
4083
[0.12416608]
4084
[0.09965957]
4085
[0.14372825]
4086
[0.09503343]
4087
[0.1045482]
4088
[0.21527087]
4089
[0.10438145]
4090
[0.11603754]
4091
[0.09589554]
4092
[0.11017161]
4093
[0.11760949]
4094
[0.14502869]
4095
[0.10442053]
4096
[0.14017006]
4097
[0.10952152]
4098
[0.11559708]
4099
[0.12843448]
4100
[0.06188773]
4101
[0.11975842]
4102
[0.12853452]
4103
[0.1379887]
4104
[0.11671176]
4105
[0.13693881]
4106
[0.1120913]
4107
[0.11305303]
4108
[0.17043923]
4109
[0.10980776]
4110
[0.20406269]
4111
[0.08815829]
4112
[0.0959327]
4113
[0.08794074]
4114
[0.10833038]
4115
[0.18656141]
4116
[0.10178149]
4117
[0.20781645]
4118
[0.09701901]
4119
[0.08759045]
4120
[0.10692822]
4121
[0.20446957]
4122
[0.1219607]
4123
[0.13326852]
4124
[0.16071094]
4125
[0.09833711]
4126
[0.09056111]
4127
[0.10517923]
4128
[0.16506673]
4129
[0.10127977]
4130
[0.1364177]
4131
[0.17438998]
4132
[0.14422429]
4133
[0.10364483]
4134
[0.13329361]
4135
[0.1118118]
4136
[0.13300373]
4137
[0.10498848]
4138
[0.09287886]
4139
[0.12471182]
4140
[0.21040695]
4141
[0.1179548]
4142
[0.11513579]
4143
[0.10444411]
4144
[0.11591462]
4145
[0.12080009]
4146
[0.09230325]
4147
[0.1331328]
4148
[0.08757601]
4149
[0.14994106]
4150
[0.11064243]
4151
[0.08985437]
4152
[0.09304831]
4153
[0.07098224]
4154
[0.09289846]
4155
[0.08688373]
4156
[0.12638508]
4157
[0.10311426]
4158
[0.17026126]
4159
[0.07489176]
4160
[0.13563994]
4161
[0.08784728]
4162
[0.10057159]
4163
[0.10828752]
4164
[0.0952423]
4165
[0.15264942]
4166
[0.09847825]
4167
[0.14772848]
4168
[0.14216746]
4169
[0.09572194]
4170
[0.10373003]
4171
[0.08748706]
4172
[0.14888915]
4173
[0.11198514]
4174
[0.13068548]
4175
[0.086381]
4176
[0.11434579]
4177
[0.12498401]
4178
[0.13523246]
4179
[0.09309546]
4180
[0.10385795]
4181
[0.15644144]
4182
[0.15200687]
4183
[0.14498322]
4184
[0.12132574]
4185
[0.12719359]
4186
[0.09882245]
4187
[0.11700096]
4188
[0.05847584]
4189
[0.10299133]
4190
[0.11277546]
4191
[0.1038242]
4192
[0.10010492]
4193
[0.1503193]
4194
[0.13914919]
4195
[0.11942594]
4196
[0.09903569]
4197
[0.17929139]
4198
[0.07887587]
4199
[0.11978267]
4200
[0.13186041]
4201
[0.14433163]
4202
[0.10151298]
4203
[0.13402429]
4204
[0.21293459]
4205
[0.10617536]
4206
[0.09813805]
4207
[0.15990575]
4208
[0.11875861]
4209
[0.08981668]
4210
[0.20484759]
4211
[0.09332276]
4212
[0.13008442]
4213
[0.12668892]
4214
[0.11602176]
4215
[0.09386587]
4216
[0.12364201]
4217
[0.11431268]
4218
[0.16499944]
4219
[0.09078869]
4220
[0.08571384]
4221
[0.18211229]
4222
[0.19205175]
4223
[0.10757069]
4224
[0.12513319]
4225
[0.13596806]
4226
[0.12891763]
4227
[0.11315189]
4228
[0.09772576]
4229
[0.08701414]
4230
[0.09580567]
4231
[0.12796744]
4232
[0.07247288]
4233
[0.09954644]
4234
[0.07503595]
4235
[0.09894679]
4236
[0.12053203]
4237
[0.13541523]
4238
[0.20765833]
4239
[0.16073481]
4240
[0.11756829]
4241
[0.12028712]
4242
[0.10786605]
4243
[0.1056064]
4244
[0.12437494]
4245
[0.09462171]
4246
[0.19184762]
4247
[0.08155999]
4248
[0.13346614]
4249
[0.20130052]
4250
[0.17323971]
4251
[0.1337758]
4252
[0.09479129]
4253
[0.1394003]
4254
[0.21079087]
4255
[0.11257395]
4256
[0.1427951]
4257
[0.10717715]
4258
[0.09980045]
4259
[0.10831506]
4260
[0.11364635]
4261
[0.08334797]
4262
[0.07795027]
4263
[0.07418061]
4264
[0.11902871]
4265
[0.18070421]
4266
[0.13409508]
4267
[0.13234333]
4268
[0.10854146]
4269
[0.12756061]
4270
[0.09627979]
4271
[0.08169671]
4272
[0.08635501]
4273
[0.19007891]
4274
[0.07567403]
4275
[0.11936891]
4276
[0.10985457]
4277
[0.09399094]
4278
[0.15135971]
4279
[0.09613968]
4280
[0.21037945]
4281
[0.1048222]
4282
[0.13177213]
4283
[0.12068163]
4284
[0.11513261]
4285
[0.10212648]
4286
[0.17250633]
4287
[0.12617457]
4288
[0.10530159]
4289
[0.12947658]
4290
[0.10678493]
4291
[0.08132118]
4292
[0.10198296]
4293
[0.0763079]
4294
[0.17502204]
4295
[0.17591444]
4296
[0.06813257]
4297
[0.10610086]
4298
[0.18612377]
4299
[0.11960749]
4300
[0.16526397]
4301
[0.08801464]
4302
[0.14902901]
4303
[0.14567663]
4304
[0.10557456]
4305
[0.0865275]
4306
[0.10654758]
4307
[0.11194797]
4308
[0.10912942]
4309
[0.12646701]
4310
[0.08213516]
4311
[0.06421034]
4312
[0.1420366]
4313
[0.12793176]
4314
[0.13204958]
4315
[0.11148984]
4316
[0.09062227]
4317
[0.11120704]
4318
[0.12508359]
4319
[0.13593881]
4320
[0.06243586]
4321
[0.11530743]
4322
[0.09210417]
4323
[0.10622052]
4324
[0.20579425]
4325
[0.18944028]
4326
[0.18482163]
4327
[0.10880904]
4328
[0.13671809]
4329
[0.19536565]
4330
[0.06761169]
4331
[0.12701283]
4332
[0.11017443]
4333
[0.16862446]
4334
[0.13833307]
4335
[0.15317702]
4336
[0.14123812]
4337
[0.16996963]
4338
[0.09441412]
4339
[0.10965614]
4340
[0.15179332]
4341
[0.13459948]
4342
[0.10608129]
4343
[0.0792294]
4344
[0.10972321]
4345
[0.13427566]
4346
[0.08972867]
4347
[0.09761038]
4348
[0.17118409]
4349
[0.13173926]
4350
[0.14516424]
4351
[0.19883006]
4352
[0.12422138]
4353
[0.09787989]
4354
[0.13264337]
4355
[0.10598663]
4356
[0.07284376]
4357
[0.12416288]
4358
[0.09057504]
4359
[0.09300669]
4360
[0.084545]
4361
[0.10084634]
4362
[0.13983054]
4363
[0.10300813]
4364
[0.12813312]
4365
[0.11467272]
4366
[0.12360662]
4367
[0.2048226]
4368
[0.13218592]
4369
[0.13863719]
4370
[0.13675137]
4371
[0.1086222]
4372
[0.13956884]
4373
[0.19151722]
4374
[0.08829272]
4375
[0.17129682]
4376
[0.11529934]
4377
[0.09807467]
4378
[0.12347258]
4379
[0.14516506]
4380
[0.118702]
4381
[0.12390747]
4382
[0.09037999]
4383
[0.10794419]
4384
[0.10161163]
4385
[0.11496411]
4386
[0.13869089]
4387
[0.14704273]
4388
[0.12707508]
4389
[0.11341163]
4390
[0.14939701]
4391
[0.11781802]
4392
[0.17970338]
4393
[0.15515918]
4394
[0.12343736]
4395
[0.15694591]
4396
[0.10534541]
4397
[0.0994073]
4398
[0.10165391]
4399
[0.13625403]
4400
[0.1032624]
4401
[0.12509654]
4402
[0.17094322]
4403
[0.13635652]
4404
[0.1141636]
4405
[0.16978162]
4406
[0.0626919]
4407
[0.1615731]
4408
[0.07333932]
4409
[0.16294485]
4410
[0.12562961]
4411
[0.09744767]
4412
[0.08775204]
4413
[0.16593108]
4414
[0.11722999]
4415
[0.10566182]
4416
[0.12858107]
4417
[0.12909766]
4418
[0.11447485]
4419
[0.11298114]
4420
[0.09878489]
4421
[0.11755616]
4422
[0.09379809]
4423
[0.15099677]
4424
[0.11796689]
4425
[0.10089725]
4426
[0.13735976]
4427
[0.13479488]
4428
[0.10600151]
4429
[0.13057157]
4430
[0.1511831]
4431
[0.18960538]
4432
[0.10519598]
4433
[0.09166666]
4434
[0.1514264]
4435
[0.13487775]
4436
[0.11490053]
4437
[0.09727205]
4438
[0.19633986]
4439
[0.14811468]
4440
[0.13404098]
4441
[0.18178848]
4442
[0.19264192]
4443
[0.11646031]
4444
[0.19354369]
4445
[0.10227642]
4446
[0.11655711]
4447
[0.12433584]
4448
[0.09002006]
4449
[0.19105272]
4450
[0.11810083]
4451
[0.15533819]
4452
[0.11167448]
4453
[0.12411542]
4454
[0.12319459]
4455
[0.13265076]
4456
[0.11417677]
4457
[0.09798599]
4458
[0.06664853]
4459
[0.11154311]
4460
[0.11226333]
4461
[0.19780106]
4462
[0.12815007]
4463
[0.09710019]
4464
[0.10837165]
4465
[0.15875591]
4466
[0.07936258]
4467
[0.14887622]
4468
[0.08966658]
4469
[0.11746034]
4470
[0.10417721]
4471
[0.1507748]
4472
[0.21601054]
4473
[0.08933573]
4474
[0.10038393]
4475
[0.12966139]
4476
[0.21427577]
4477
[0.10673461]
4478
[0.06464423]
4479
[0.1240374]
4480
[0.15037911]
4481
[0.12321439]
4482
[0.11142572]
4483
[0.0971881]
4484
[0.14141359]
4485
[0.10321775]
4486
[0.12254688]
4487
[0.08115641]
4488
[0.08411727]
4489
[0.09457952]
4490
[0.13402833]
4491
[0.10913382]
4492
[0.06822805]
4493
[0.09312419]
4494
[0.05940665]
4495
[0.16604709]
4496
[0.12064003]
4497
[0.1635388]
4498
[0.11554219]
4499
[0.07848501]
4500
[0.14010289]
4501
[0.13242771]
4502
[0.14860758]
4503
[0.11598158]
4504
[0.12762415]
4505
[0.09477846]
4506
[0.09447829]
4507
[0.09934759]
4508
[0.1084167]
4509
[0.16058349]
4510
[0.09714739]
4511
[0.11673748]
4512
[0.10206597]
4513
[0.12813197]
4514
[0.10993508]
4515
[0.10861057]
4516
[0.17466654]
4517
[0.09808653]
4518
[0.10779477]
4519
[0.09179715]
4520
[0.08247753]
4521
[0.13724985]
4522
[0.11214375]
4523
[0.08376833]
4524
[0.09382995]
4525
[0.11194706]
4526
[0.11483953]
4527
[0.11624226]
4528
[0.19974936]
4529
[0.13355592]
4530
[0.13169646]
4531
[0.12204751]
4532
[0.12480508]
4533
[0.11683298]
4534
[0.0585527]
4535
[0.10066946]
4536
[0.10215877]
4537
[0.10783713]
4538
[0.08323923]
4539
[0.09767958]
4540
[0.18810791]
4541
[0.12516227]
4542
[0.14037628]
4543
[0.16822811]
4544
[0.14369883]
4545
[0.14814389]
4546
[0.07990071]
4547
[0.14950398]
4548
[0.20157241]
4549
[0.17144532]
4550
[0.15582872]
4551
[0.15844462]
4552
[0.10064177]
4553
[0.08619646]
4554
[0.10027945]
4555
[0.17019769]
4556
[0.1304955]
4557
[0.10656227]
4558
[0.13851728]
4559
[0.12115883]
4560
[0.12943466]
4561
[0.08565276]
4562
[0.09979166]
4563
[0.12057019]
4564
[0.08172697]
4565
[0.11700404]
4566
[0.14524551]
4567
[0.13976976]
4568
[0.08424791]
4569
[0.08523538]
4570
[0.11765563]
4571
[0.0981065]
4572
[0.09193142]
4573
[0.07481018]
4574
[0.14206118]
4575
[0.07512899]
4576
[0.09149732]
4577
[0.11574061]
4578
[0.0946615]
4579
[0.17852695]
4580
[0.1332063]
4581
[0.12668865]
4582
[0.0965029]
4583
[0.13983708]
4584
[0.11551099]
4585
[0.11338153]
4586
[0.12196102]
4587
[0.08991838]
4588
[0.14739288]
4589
[0.11741621]
4590
[0.08823379]
4591
[0.12214614]
4592
[0.11589906]
4593
[0.11108239]
4594
[0.10243344]
4595
[0.15106334]
4596
[0.09537243]
4597
[0.11241215]
4598
[0.11336221]
4599
[0.10837714]
4600
[0.09860404]
4601
[0.13028758]
4602
[0.12093677]
4603
[0.16198273]
4604
[0.12492418]
4605
[0.13174019]
4606
[0.1673987]
4607
[0.11213695]
4608
[0.13730332]
4609
[0.08563888]
4610
[0.10051062]
4611
[0.10001229]
4612
[0.13705636]
4613
[0.10302437]
4614
[0.06232409]
4615
[0.07832337]
4616
[0.13018771]
4617
[0.06006941]
4618
[0.13844434]
4619
[0.07744144]
4620
[0.0836338]
4621
[0.15560574]
4622
[0.08925861]
4623
[0.14929362]
4624
[0.10600937]
4625
[0.11593858]
4626
[0.10324188]
4627
[0.14722291]
4628
[0.09017184]
4629
[0.06959823]
4630
[0.16573785]
4631
[0.12444683]
4632
[0.14225696]
4633
[0.13026634]
4634
[0.17407651]
4635
[0.10440489]
4636
[0.09279301]
4637
[0.17031696]
4638
[0.1105735]
4639
[0.21272794]
4640
[0.11844023]
4641
[0.0772677]
4642
[0.10730868]
4643
[0.10222496]
4644
[0.08382871]
4645
[0.13652118]
4646
[0.05483174]
4647
[0.11742061]
4648
[0.13420924]
4649
[0.10768343]
4650
[0.08634425]
4651
[0.09307236]
4652
[0.07817185]
4653
[0.19412197]
4654
[0.11058675]
4655
[0.13951251]
4656
[0.11182875]
4657
[0.09997833]
4658
[0.1258671]
4659
[0.107744]
4660
[0.10050061]
4661
[0.0965717]
4662
[0.09206235]
4663
[0.16848441]
4664
[0.14625128]
4665
[0.19160122]
4666
[0.07208808]
4667
[0.13881861]
4668
[0.12907622]
4669
[0.11678114]
4670
[0.21060814]
4671
[0.14430983]
4672
[0.11255538]
4673
[0.16538253]
4674
[0.1273515]
4675
[0.08742963]
4676
[0.12640344]
4677
[0.08250699]
4678
[0.13998973]
4679
[0.10689005]
4680
[0.12617146]
4681
[0.13830885]
4682
[0.151056]
4683
[0.11767592]
4684
[0.09798653]
4685
[0.10752739]
4686
[0.07747731]
4687
[0.13974923]
4688
[0.15955055]
4689
[0.10313554]
4690
[0.09136489]
4691
[0.10429511]
4692
[0.10900357]
4693
[0.11829921]
4694
[0.15461355]
4695
[0.13322577]
4696
[0.1245683]
4697
[0.12558629]
4698
[0.10534835]
4699
[0.12152663]
4700
[0.11976464]
4701
[0.1078906]
4702
[0.12991669]
4703
[0.11842019]
4704
[0.12579783]
4705
[0.18315132]
4706
[0.16738877]
4707
[0.14744719]
4708
[0.09812139]
4709
[0.09191094]
4710
[0.11199251]
4711
[0.11019909]
4712
[0.13605853]
4713
[0.12937758]
4714
[0.1115985]
4715
[0.21455239]
4716
[0.09830488]
4717
[0.11476762]
4718
[0.14333804]
4719
[0.12351604]
4720
[0.16068936]
4721
[0.16161891]
4722
[0.200548]
4723
[0.14322849]
4724
[0.09951527]
4725
[0.08094781]
4726
[0.17019943]
4727
[0.1114004]
4728
[0.1557843]
4729
[0.10848765]
4730
[0.13773336]
4731
[0.06409331]
4732
[0.1455478]
4733
[0.18100216]
4734
[0.10709691]
4735
[0.11650919]
4736
[0.11649495]
4737
[0.12796007]
4738
[0.14909534]
4739
[0.12480813]
4740
[0.11846339]
4741
[0.11479856]
4742
[0.1388039]
4743
[0.17973244]
4744
[0.09278232]
4745
[0.09857461]
4746
[0.10007825]
4747
[0.07692122]
4748
[0.11831952]
4749
[0.11562656]
4750
[0.11371528]
4751
[0.11313018]
4752
[0.13323358]
4753
[0.13164597]
4754
[0.09261638]
4755
[0.0776949]
4756
[0.13246042]
4757
[0.09193482]
4758
[0.10148715]
4759
[0.21208822]
4760
[0.11871583]
4761
[0.19887776]
4762
[0.12141942]
4763
[0.1054561]
4764
[0.09625048]
4765
[0.12262852]
4766
[0.14172042]
4767
[0.16316815]
4768
[0.14442972]
4769
[0.10358554]
4770
[0.19758363]
4771
[0.09979005]
4772
[0.1012059]
4773
[0.18716078]
4774
[0.1004333]
4775
[0.12110779]
4776
[0.13179055]
4777
[0.17246011]
4778
[0.09354955]
4779
[0.15752053]
4780
[0.14060847]
4781
[0.08571358]
4782
[0.1380779]
4783
[0.08912947]
4784
[0.12990605]
4785
[0.08808698]
4786
[0.2004207]
4787
[0.11490406]
4788
[0.09582491]
4789
[0.1284595]
4790
[0.08877191]
4791
[0.09533438]
4792
[0.091178]
4793
[0.18089542]
4794
[0.1493942]
4795
[0.14881976]
4796
[0.1419997]
4797
[0.13162032]
4798
[0.13422899]
4799
[0.17384304]
4800
[0.13898999]
4801
[0.05851263]
4802
[0.11323317]
4803
[0.08496438]
4804
[0.0981509]
4805
[0.15666152]
4806
[0.12251242]
4807
[0.17299737]
4808
[0.18878357]
4809
[0.14393933]
4810
[0.09738103]
4811
[0.08864577]
4812
[0.11395668]
4813
[0.1005278]
4814
[0.12033576]
4815
[0.13395682]
4816
[0.20195812]
4817
[0.1140979]
4818
[0.19421587]
4819
[0.16118292]
4820
[0.09427514]
4821
[0.08531646]
4822
[0.16460181]
4823
[0.15962959]
4824
[0.10194286]
4825
[0.13660011]
4826
[0.13817698]
4827
[0.12914787]
4828
[0.0789587]
4829
[0.09978227]
4830
[0.18856254]
4831
[0.09570392]
4832
[0.09015052]
4833
[0.15497261]
4834
[0.07158899]
4835
[0.16862982]
4836
[0.09910921]
4837
[0.16539933]
4838
[0.08879252]
4839
[0.12873322]
4840
[0.12818217]
4841
[0.11958722]
4842
[0.15816025]
4843
[0.1262523]
4844
[0.12595465]
4845
[0.14849372]
4846
[0.10532892]
4847
[0.11477779]
4848
[0.17699416]
4849
[0.12253762]
4850
[0.13861751]
4851
[0.09932875]
4852
[0.10069045]
4853
[0.09229353]
4854
[0.08162719]
4855
[0.1115031]
4856
[0.20680948]
4857
[0.14289472]
4858
[0.1195285]
4859
[0.09698249]
4860
[0.14313901]
4861
[0.13341149]
4862
[0.10639493]
4863
[0.09202123]
4864
[0.16392706]
4865
[0.09341461]
4866
[0.09182167]
4867
[0.10386688]
4868
[0.10310578]
4869
[0.10816121]
4870
[0.18178266]
4871
[0.13126473]
4872
[0.13541899]
4873
[0.15813653]
4874
[0.1032526]
4875
[0.15621365]
4876
[0.13250708]
4877
[0.13415661]
4878
[0.11690672]
4879
[0.16332264]
4880
[0.11283442]
4881
[0.12946404]
4882
[0.20585706]
4883
[0.10626643]
4884
[0.10243293]
4885
[0.11821661]
4886
[0.08829219]
4887
[0.11513065]
4888
[0.16221541]
4889
[0.08830169]
4890
[0.0965717]
4891
[0.18483869]
4892
[0.18368393]
4893
[0.14375231]
4894
[0.15259915]
4895
[0.18611162]
4896
[0.11747915]
4897
[0.06120833]
4898
[0.10206944]
4899
[0.17561319]
4900
[0.1257499]
4901
[0.10260704]
4902
[0.20024149]
4903
[0.11138803]
4904
[0.11795995]
4905
[0.13314765]
4906
[0.09365552]
4907
[0.13322976]
4908
[0.13505564]
4909
[0.10261599]
4910
[0.10515171]
4911
[0.08672834]
4912
[0.10516015]
4913
[0.08088654]
4914
[0.13276403]
4915
[0.10671981]
4916
[0.07851804]
4917
[0.09962781]
4918
[0.18129457]
4919
[0.10286164]
4920
[0.09212928]
4921
[0.10603001]
4922
[0.09388823]
4923
[0.17386027]
4924
[0.12344271]
4925
[0.09909702]
4926
[0.13238166]
4927
[0.09950908]
4928
[0.17628073]
4929
[0.12728362]
4930
[0.10050524]
4931
[0.11643963]
4932
[0.12277955]
4933
[0.05579932]
4934
[0.11348784]
4935
[0.09356728]
4936
[0.1214454]
4937
[0.12343896]
4938
[0.16322332]
4939
[0.12231719]
4940
[0.13331278]
4941
[0.10802575]
4942
[0.12856419]
4943
[0.06618407]
4944
[0.1122168]
4945
[0.09852246]
4946
[0.10375924]
4947
[0.0886401]
4948
[0.19494292]
4949
[0.11952643]
4950
[0.09652087]
4951
[0.1536106]
4952
[0.0906078]
4953
[0.10802267]
4954
[0.08700452]
4955
[0.11324153]
4956
[0.10261008]
4957
[0.11799458]
4958
[0.14111138]
4959
[0.08736539]
4960
[0.10391001]
4961
[0.14242281]
4962
[0.11342335]
4963
[0.10945842]
4964
[0.10790427]
4965
[0.10010022]
4966
[0.13556799]
4967
[0.11223686]
4968
[0.10262479]
4969
[0.15583701]
4970
[0.06899444]
4971
[0.10436369]
4972
[0.14950142]
4973
[0.17502488]
4974
[0.14054716]
4975
[0.15355495]
4976
[0.18310339]
4977
[0.19696905]
4978
[0.12862969]
4979
[0.07326552]
4980
[0.14388151]
4981
[0.13410846]
4982
[0.11683053]
4983
[0.09555431]
4984
[0.0779991]
4985
[0.11716459]
4986
[0.11016318]
4987
[0.1117713]
4988
[0.1405575]
4989
[0.1370301]
4990
[0.10479869]
4991
[0.14652809]
4992
[0.14939929]
4993
[0.19164762]
4994
[0.17144785]
4995
[0.12067391]
4996
[0.18618711]
4997
[0.13509757]
4998
[0.14329978]
4999
[1] 40000    11
[1] 40000    11
[0.08486864]
