LOADING R
R LOADED
[1] "/home/lvanderl/Rlibs2"                         
[2] "/app/software/R/4.3.1-gfbf-2022b/lib/R/library"
[1] "/home/lvanderl/sieveSims"
[1] "xg 5 1"
[1] "histogram binning"
[1] 0.1829224
[1] 0.1829224
[1] "mondrian"
[1] "iso"
[1] 0.1829224
[1] "conditional"
[   10.            11.51395399    13.25711366    15.26417967
    17.57510625    20.23589648    23.29951811    26.82695795
    30.88843596    35.56480306    40.94915062    47.14866363
    54.28675439    62.50551925    71.9685673     82.86427729
    95.40954763   109.8541142    126.48552169   145.63484775
   167.68329368   193.06977289   222.29964825   255.95479227
   294.70517026   339.32217719   390.69399371   449.8432669
   517.94746792   596.36233166   686.648845     790.60432109
   910.29817799  1048.11313415  1206.79264064  1389.49549437
  1599.85871961  1842.06996933  2120.95088792  2442.05309455
  2811.76869797  3237.45754282  3727.59372031  4291.93426013
  4941.71336132  5689.86602902  6551.2855686   7543.12006335
  8685.11373751 10000.        ]
[0.14075804 0.13770544 0.13892162 0.13998307 0.13625551 0.13603351
 0.13280141 0.13712104 0.13040289 0.12688394 0.13650287 0.1280811
 0.13127127 0.13383197 0.14405063 0.13108797 0.13634096 0.12457111
 0.13902985 0.15380898 0.15516147 0.1742423  0.17346268 0.2043812
 0.17337834 0.23589818 0.25577259 0.27559102 0.3494573  0.26416215
 0.34793791 0.34364714 0.39835617 0.45000699 0.56141278 0.50207259
 0.7231769  0.73064936 0.93892277 0.92507094 1.00997473 1.30475964
 1.45226566 1.54317187 2.17082382 1.55081615 2.35732004 2.18608934
 2.51383019 2.47493281]
109.85411419875584
0.009102981779915217
0
[0.1334045]
1
[0.10860472]
2
[0.07950114]
3
[0.15827185]
4
[0.14478922]
5
[0.1676676]
6
[0.13069747]
7
[0.15925352]
8
[0.12537762]
9
[0.13173776]
10
[0.17632227]
11
[0.09884698]
12
[0.13931606]
13
[0.12407409]
14
[0.12267417]
15
[0.12300965]
16
[0.15461167]
17
[0.13712774]
18
[0.13133034]
19
[0.12632483]
20
[0.08007065]
21
[0.11454417]
22
[0.12242988]
23
[0.13586785]
24
[0.18813963]
25
[0.15901702]
26
[0.11564048]
27
[0.11398975]
28
[0.13485807]
29
[0.17976403]
30
[0.1428519]
31
[0.11679105]
32
[0.11696288]
33
[0.13182141]
34
[0.14793614]
35
[0.11786259]
36
[0.11176185]
37
[0.12455698]
38
[0.14691178]
39
[0.14789608]
40
[0.16101175]
41
[0.12783247]
42
[0.11660549]
43
[0.16852879]
44
[0.11831626]
45
[0.13173869]
46
[0.14475351]
47
[0.1017561]
48
[0.07548462]
49
[0.12662338]
50
[0.1333301]
51
[0.11252379]
52
[0.10446554]
53
[0.14381357]
54
[0.12450721]
55
[0.12482368]
56
[0.12757994]
57
[0.10680127]
58
[0.14350119]
59
[0.10052894]
60
[0.11075245]
61
[0.14568236]
62
[0.14659207]
63
[0.19189835]
64
[0.15753618]
65
[0.12000075]
66
[0.16279675]
67
[0.0909517]
68
[0.11977032]
69
[0.11152078]
70
[0.18992446]
71
[0.13540551]
72
[0.13829777]
73
[0.1542487]
74
[0.10796509]
75
[0.14596864]
76
[0.16739856]
77
[0.08418871]
78
[0.1381035]
79
[0.11384899]
80
[0.11447404]
81
[0.14079041]
82
[0.15167183]
83
[0.18873253]
84
[0.11229184]
85
[0.14564313]
86
[0.15605269]
87
[0.13510854]
88
[0.11696288]
89
[0.13878102]
90
[0.19144508]
91
[0.18036534]
92
[0.08461639]
93
[0.12309657]
94
[0.12550132]
95
[0.14551482]
96
[0.14659207]
97
[0.13864625]
98
[0.11565158]
99
[0.13969289]
100
[0.18590596]
101
[0.16516903]
102
[0.12702652]
103
[0.10780703]
104
[0.12349094]
105
[0.14972711]
106
[0.14153751]
107
[0.12510677]
108
[0.0916869]
109
[0.1265434]
110
[0.15814946]
111
[0.07905055]
112
[0.12564707]
113
[0.10533983]
114
[0.12688179]
115
[0.11487506]
116
[0.13406899]
117
[0.05144868]
118
[0.170962]
119
[0.12808622]
120
[0.16961475]
121
[0.16150133]
122
[0.1389241]
123
[0.11347909]
124
[0.12916642]
125
[0.12999304]
126
[0.14009158]
127
[0.13363771]
128
[0.10668336]
129
[0.11510458]
130
[0.1007118]
131
[0.12827291]
132
[0.13248107]
133
[0.15756395]
134
[0.19017045]
135
[0.15504533]
136
[0.11674914]
137
[0.10658928]
138
[0.15171542]
139
[0.18320587]
140
[0.0979502]
141
[0.13849358]
142
[0.1034161]
143
[0.11696288]
144
[0.14873738]
145
[0.12883138]
146
[0.12228041]
147
[0.12683154]
148
[0.10673356]
149
[0.14251895]
150
[0.06341058]
151
[0.15239183]
152
[0.10660786]
153
[0.15217003]
154
[0.14996394]
155
[0.15429]
156
[0.13562322]
157
[0.12663772]
158
[0.10583218]
159
[0.12802729]
160
[0.11335167]
161
[0.11197712]
162
[0.10161596]
163
[0.14422776]
164
[0.15829064]
165
[0.14985762]
166
[0.16835172]
167
[0.13281439]
168
[0.160402]
169
[0.19339182]
170
[0.13019098]
171
[0.15181958]
172
[0.17799782]
173
[0.11817223]
174
[0.14491293]
175
[0.12492279]
176
[0.20142991]
177
[0.18132221]
178
[0.14599078]
179
[0.10927111]
180
[0.11748732]
181
[0.099493]
182
[0.10789271]
183
[0.18089409]
184
[0.12118157]
185
[0.10910207]
186
[0.10479923]
187
[0.11374628]
188
[0.09759983]
189
[0.14171519]
190
[0.12845175]
191
[0.13354233]
192
[0.1503427]
193
[0.10735558]
194
[0.16326259]
195
[0.11798994]
196
[0.14220084]
197
[0.09579888]
198
[0.12045342]
199
[0.1487612]
200
[0.14352163]
201
[0.14719675]
202
[0.08989746]
203
[0.09640384]
204
[0.20130368]
205
[0.14269954]
206
[0.16329904]
207
[0.09385369]
208
[0.12651743]
209
[0.1474064]
210
[0.13087046]
211
[0.14981302]
212
[0.11206342]
213
[0.09348455]
214
[0.1175208]
215
[0.12868878]
216
[0.13946422]
217
[0.14314678]
218
[0.1274267]
219
[0.12358844]
220
[0.12690359]
221
[0.07584481]
222
[0.09414782]
223
[0.11335047]
224
[0.12255451]
225
[0.13882852]
226
[0.10191857]
227
[0.11938159]
228
[0.13743849]
229
[0.10133238]
230
[0.11861401]
231
[0.13646227]
232
[0.10456764]
233
[0.13524978]
234
[0.10245062]
235
[0.15137328]
236
[0.11514884]
237
[0.14565226]
238
[0.11516458]
239
[0.12469209]
240
[0.13449852]
241
[0.13604291]
242
[0.15239381]
243
[0.16687714]
244
[0.20169647]
245
[0.11350287]
246
[0.12368982]
247
[0.14751766]
248
[0.14486577]
249
[0.17414561]
250
[0.11576047]
251
[0.15577589]
252
[0.12403789]
253
[0.09173002]
254
[0.12498348]
255
[0.16434315]
256
[0.12197742]
257
[0.12456004]
258
[0.12536011]
259
[0.10795479]
260
[0.12217271]
261
[0.08064653]
262
[0.12919875]
263
[0.12599978]
264
[0.12838021]
265
[0.1480548]
266
[0.1823884]
267
[0.0921711]
268
[0.08333455]
269
[0.15009914]
270
[0.17760395]
271
[0.15667608]
272
[0.15445288]
273
[0.11459035]
274
[0.1191325]
275
[0.10420188]
276
[0.16002156]
277
[0.10028596]
278
[0.11788206]
279
[0.18460937]
280
[0.14184448]
281
[0.17369314]
282
[0.13928861]
283
[0.15180044]
284
[0.09282324]
285
[0.1246932]
286
[0.16204497]
287
[0.18810191]
288
[0.10561168]
289
[0.12542836]
290
[0.13610852]
291
[0.09704318]
292
[0.15170612]
293
[0.1687939]
294
[0.11910021]
295
[0.14571804]
296
[0.08551965]
297
[0.15275662]
298
[0.13796914]
299
[0.11911818]
300
[0.16349509]
301
[0.13746906]
302
[0.12895787]
303
[0.1361756]
304
[0.11944355]
305
[0.12621926]
306
[0.11090431]
307
[0.12275885]
308
[0.13689088]
309
[0.12881408]
310
[0.12300965]
311
[0.13078747]
312
[0.12815491]
313
[0.13566069]
314
[0.13116996]
315
[0.08854303]
316
[0.14133355]
317
[0.12542427]
318
[0.12724239]
319
[0.10835678]
320
[0.16290717]
321
[0.15288141]
322
[0.15714373]
323
[0.15516376]
324
[0.13850504]
325
[0.14016367]
326
[0.17319788]
327
[0.10144863]
328
[0.14826285]
329
[0.14503422]
330
[0.17385295]
331
[0.13320541]
332
[0.14760112]
333
[0.09893329]
334
[0.08793836]
335
[0.12238168]
336
[0.12986586]
337
[0.15153977]
338
[0.09877846]
339
[0.11643927]
340
[0.06855743]
341
[0.11009054]
342
[0.129282]
343
[0.1432202]
344
[0.11130051]
345
[0.12908553]
346
[0.16033631]
347
[0.16817058]
348
[0.10758788]
349
[0.09664833]
350
[0.11794651]
351
[0.11998626]
352
[0.12646683]
353
[0.11276495]
354
[0.10305529]
355
[0.12883858]
356
[0.10374409]
357
[0.17517353]
358
[0.13911225]
359
[0.15312532]
360
[0.12583987]
361
[0.19645464]
362
[0.1658721]
363
[0.16480739]
364
[0.10898116]
365
[0.14583098]
366
[0.13327512]
367
[0.1592903]
368
[0.12536164]
369
[0.11817223]
370
[0.14968709]
371
[0.12257025]
372
[0.1147572]
373
[0.08796866]
374
[0.18548483]
375
[0.18719686]
376
[0.11386941]
377
[0.13462219]
378
[0.1667586]
379
[0.13982224]
380
[0.09338819]
381
[0.11756755]
382
[0.12553863]
383
[0.14659207]
384
[0.10502902]
385
[0.15130924]
386
[0.09241872]
387
[0.19713616]
388
[0.13866312]
389
[0.13841066]
390
[0.11787535]
391
[0.1146262]
392
[0.16283773]
393
[0.11847736]
394
[0.14183167]
395
[0.12421901]
396
[0.16770498]
397
[0.11592811]
398
[0.12429452]
399
[0.15282869]
400
[0.13737025]
401
[0.10894858]
402
[0.09579916]
403
[0.11574246]
404
[0.15449786]
405
[0.16239872]
406
[0.14145101]
407
[0.1675573]
408
[0.11454417]
409
[0.13071673]
410
[0.13127835]
411
[0.13531875]
412
[0.14981144]
413
[0.14285029]
414
[0.13775672]
415
[0.15981297]
416
[0.11912196]
417
[0.14016929]
418
[0.14944995]
419
[0.1315504]
420
[0.12473887]
421
[0.15931567]
422
[0.10697373]
423
[0.13389385]
424
[0.08792774]
425
[0.12891244]
426
[0.08842444]
427
[0.12684586]
428
[0.16110433]
429
[0.1296444]
430
[0.11359393]
431
[0.1344702]
432
[0.15603481]
433
[0.1665783]
434
[0.1335297]
435
[0.12433113]
436
[0.12156643]
437
[0.14198379]
438
[0.12425225]
439
[0.14844639]
440
[0.1468657]
441
[0.12421901]
442
[0.13468594]
443
[0.12070608]
444
[0.1248095]
445
[0.18835275]
446
[0.12253603]
447
[0.13852999]
448
[0.13895972]
449
[0.11877691]
450
[0.16064777]
451
[0.16397921]
452
[0.1530768]
453
[0.10620636]
454
[0.11876115]
455
[0.09506972]
456
[0.15633222]
457
[0.14967549]
458
[0.13389385]
459
[0.15072144]
460
[0.14534382]
461
[0.08357583]
462
[0.11846683]
463
[0.1328104]
464
[0.16462168]
465
[0.11179317]
466
[0.12542836]
467
[0.1218003]
468
[0.10307073]
469
[0.16778186]
470
[0.12330137]
471
[0.09488081]
472
[0.13953592]
473
[0.14719675]
474
[0.09018954]
475
[0.10956636]
476
[0.1433413]
477
[0.13984493]
478
[0.11644928]
479
[0.1479144]
480
[0.15036679]
481
[0.13822938]
482
[0.19942622]
483
[0.14145467]
484
[0.12956927]
485
[0.11729273]
486
[0.11837717]
487
[0.1652152]
488
[0.14883524]
489
[0.16143698]
490
[0.15926998]
491
[0.17949087]
492
[0.15784587]
493
[0.1536488]
494
[0.15473711]
495
[0.11663683]
496
[0.15681106]
497
[0.13905695]
498
[0.11950591]
499
[0.17234591]
500
[0.13413333]
501
[0.11141559]
502
[0.13723003]
503
[0.16471148]
504
[0.11046691]
505
[0.13638016]
506
[0.14114998]
507
[0.12418745]
508
[0.17629975]
509
[0.15356572]
510
[0.14255919]
511
[0.14530027]
512
[0.13382893]
513
[0.1233001]
514
[0.1348577]
515
[0.14277704]
516
[0.12631309]
517
[0.15752154]
518
[0.1239431]
519
[0.12603304]
520
[0.14227651]
521
[0.14530131]
522
[0.13933594]
523
[0.10606834]
524
[0.14112524]
525
[0.21376786]
526
[0.13255899]
527
[0.16020839]
528
[0.14242017]
529
[0.12794487]
530
[0.1439418]
531
[0.11272331]
532
[0.15131762]
533
[0.12562299]
534
[0.10305529]
535
[0.16335666]
536
[0.10195784]
537
[0.11047945]
538
[0.15868562]
539
[0.1797003]
540
[0.14030599]
541
[0.14915777]
542
[0.18421391]
543
[0.10906489]
544
[0.16714836]
545
[0.1647324]
546
[0.12944689]
547
[0.13458349]
548
[0.14447132]
549
[0.17115379]
550
[0.08923115]
551
[0.16597245]
552
[0.12613013]
553
[0.13114761]
554
[0.10388598]
555
[0.14975991]
556
[0.13974581]
557
[0.18172865]
558
[0.15143767]
559
[0.07990822]
560
[0.12502624]
561
[0.11709651]
562
[0.15687159]
563
[0.12361433]
564
[0.10063658]
565
[0.15442014]
566
[0.1327257]
567
[0.13147514]
568
[0.11407987]
569
[0.10607884]
570
[0.1417964]
571
[0.18045253]
572
[0.14591223]
573
[0.13193054]
574
[0.09490152]
575
[0.12329816]
576
[0.14993035]
577
[0.14378261]
578
[0.15539845]
579
[0.1612851]
580
[0.14580533]
581
[0.09138417]
582
[0.11979124]
583
[0.12225441]
584
[0.13450279]
585
[0.14241268]
586
[0.15833501]
587
[0.08068223]
588
[0.09563869]
589
[0.15176862]
590
[0.08436482]
591
[0.1066562]
592
[0.1324841]
593
[0.14938404]
594
[0.11282542]
595
[0.13750522]
596
[0.16936738]
597
[0.13560866]
598
[0.14697937]
599
[0.15798936]
600
[0.14254943]
601
[0.14253907]
602
[0.12196154]
603
[0.12552162]
604
[0.15849143]
605
[0.14824405]
606
[0.09338045]
607
[0.19255611]
608
[0.07531121]
609
[0.13752191]
610
[0.18529371]
611
[0.12104116]
612
[0.10245062]
613
[0.13382639]
614
[0.10007042]
615
[0.13444045]
616
[0.15313962]
617
[0.1758576]
618
[0.08975239]
619
[0.11307035]
620
[0.12813202]
621
[0.09408404]
622
[0.13691723]
623
[0.1156796]
624
[0.12140535]
625
[0.105474]
626
[0.13477205]
627
[0.14328124]
628
[0.14759026]
629
[0.10216749]
630
[0.13534921]
631
[0.13444728]
632
[0.10346392]
633
[0.12240497]
634
[0.15915581]
635
[0.1780635]
636
[0.11027541]
637
[0.13881694]
638
[0.14431545]
639
[0.13419571]
640
[0.10245062]
641
[0.12176688]
642
[0.1591487]
643
[0.15092758]
644
[0.18457428]
645
[0.10335991]
646
[0.13874843]
647
[0.14901078]
648
[0.13684961]
649
[0.09726458]
650
[0.16845252]
651
[0.13551351]
652
[0.16004932]
653
[0.09882255]
654
[0.09749199]
655
[0.14908798]
656
[0.12390756]
657
[0.1092904]
658
[0.15113752]
659
[0.09520243]
660
[0.13726671]
661
[0.06822936]
662
[0.16105353]
663
[0.14589961]
664
[0.11998626]
665
[0.12246994]
666
[0.15691453]
667
[0.1669252]
668
[0.11906549]
669
[0.13106238]
670
[0.14358504]
671
[0.11771744]
672
[0.12760064]
673
[0.14602755]
674
[0.13364181]
675
[0.15587423]
676
[0.1341634]
677
[0.14419302]
678
[0.12457268]
679
[0.16014758]
680
[0.15411284]
681
[0.19763985]
682
[0.11993302]
683
[0.15346072]
684
[0.14538272]
685
[0.149141]
686
[0.10864299]
687
[0.14420742]
688
[0.18082269]
689
[0.11335189]
690
[0.12300965]
691
[0.16708587]
692
[0.13711146]
693
[0.11817576]
694
[0.13494032]
695
[0.12362092]
696
[0.12415456]
697
[0.1260809]
698
[0.16539453]
699
[0.10173567]
700
[0.14122286]
701
[0.08523635]
702
[0.17559808]
703
[0.16350744]
704
[0.08302821]
705
[0.13118714]
706
[0.12096005]
707
[0.16732888]
708
[0.14125533]
709
[0.14869138]
710
[0.09322059]
711
[0.11501355]
712
[0.1257831]
713
[0.20855449]
714
[0.13536521]
715
[0.13720426]
716
[0.15633345]
717
[0.12309203]
718
[0.17397906]
719
[0.08733368]
720
[0.15022014]
721
[0.17205777]
722
[0.18070809]
723
[0.1220655]
724
[0.11938159]
725
[0.16512506]
726
[0.19642478]
727
[0.12784707]
728
[0.12371013]
729
[0.14091333]
730
[0.12193343]
731
[0.11040921]
732
[0.13341604]
733
[0.14852438]
734
[0.12215122]
735
[0.15036542]
736
[0.11466656]
737
[0.15150593]
738
[0.10486933]
739
[0.12535576]
740
[0.12712665]
741
[0.13559281]
742
[0.12878237]
743
[0.1516839]
744
[0.1255999]
745
[0.1466345]
746
[0.17940495]
747
[0.08249626]
748
[0.11818014]
749
[0.10596933]
750
[0.11487805]
751
[0.17630812]
752
[0.13090425]
753
[0.13862741]
754
[0.07644948]
755
[0.11879268]
756
[0.16336262]
757
[0.13954984]
758
[0.09204217]
759
[0.14723677]
760
[0.14286342]
761
[0.09338045]
762
[0.16689358]
763
[0.14039444]
764
[0.1470532]
765
[0.11046784]
766
[0.11031142]
767
[0.13219272]
768
[0.12059082]
769
[0.13570788]
770
[0.15008337]
771
[0.1914393]
772
[0.09907414]
773
[0.11183889]
774
[0.13477473]
775
[0.1076264]
776
[0.10379612]
777
[0.13409101]
778
[0.05468109]
779
[0.12240497]
780
[0.13588868]
781
[0.11951477]
782
[0.16341413]
783
[0.17014762]
784
[0.11774091]
785
[0.12600949]
786
[0.14914373]
787
[0.15582152]
788
[0.14586821]
789
[0.12072056]
790
[0.12522031]
791
[0.15229358]
792
[0.09173939]
793
[0.16357127]
794
[0.09290085]
795
[0.16510461]
796
[0.11012599]
797
[0.14488547]
798
[0.08845432]
799
[0.1053611]
800
[0.18065839]
801
[0.13536399]
802
[0.09519449]
803
[0.10131765]
804
[0.13892699]
805
[0.12905303]
806
[0.12311111]
807
[0.13591288]
808
[0.12143316]
809
[0.14599586]
810
[0.11877691]
811
[0.13371916]
812
[0.12752752]
813
[0.12225144]
814
[0.13027607]
815
[0.16095785]
816
[0.12645076]
817
[0.12333014]
818
[0.14896044]
819
[0.11024292]
820
[0.11073082]
821
[0.15588344]
822
[0.1745482]
823
[0.1663]
824
[0.1390713]
825
[0.13221284]
826
[0.09338045]
827
[0.14296401]
828
[0.12515309]
829
[0.1426431]
830
[0.12002985]
831
[0.14013145]
832
[0.11048451]
833
[0.09796704]
834
[0.16775579]
835
[0.16539473]
836
[0.10000416]
837
[0.14750165]
838
[0.1538482]
839
[0.14129277]
840
[0.07580278]
841
[0.08563982]
842
[0.16690474]
843
[0.12283583]
844
[0.04998071]
845
[0.12969809]
846
[0.11278241]
847
[0.15517784]
848
[0.095235]
849
[0.12870451]
850
[0.09216307]
851
[0.15468776]
852
[0.12591332]
853
[0.13845548]
854
[0.13808736]
855
[0.13187628]
856
[0.15427739]
857
[0.17581384]
858
[0.13616029]
859
[0.14145334]
860
[0.10727234]
861
[0.14932612]
862
[0.13021843]
863
[0.14417336]
864
[0.13824054]
865
[0.15508925]
866
[0.13780934]
867
[0.13120677]
868
[0.15739085]
869
[0.15210657]
870
[0.15886953]
871
[0.1272613]
872
[0.10395485]
873
[0.07074947]
874
[0.13002485]
875
[0.12500017]
876
[0.14134471]
877
[0.14663242]
878
[0.17482994]
879
[0.10559728]
880
[0.1557754]
881
[0.10795439]
882
[0.12775175]
883
[0.11822937]
884
[0.1457856]
885
[0.15712882]
886
[0.09665494]
887
[0.16542947]
888
[0.09382225]
889
[0.13347108]
890
[0.15898196]
891
[0.0927783]
892
[0.17081588]
893
[0.10570256]
894
[0.11483687]
895
[0.11097498]
896
[0.15868562]
897
[0.18890019]
898
[0.16312023]
899
[0.13815897]
900
[0.12560062]
901
[0.12817721]
902
[0.14551261]
903
[0.1955285]
904
[0.1308772]
905
[0.11404121]
906
[0.10798327]
907
[0.1163582]
908
[0.12535454]
909
[0.10540057]
910
[0.13439803]
911
[0.15343986]
912
[0.12089775]
913
[0.17236345]
914
[0.10523867]
915
[0.0977561]
916
[0.15548564]
917
[0.13438402]
918
[0.16030963]
919
[0.08899226]
920
[0.15208002]
921
[0.10576112]
922
[0.18097067]
923
[0.12314549]
924
[0.12300965]
925
[0.14107031]
926
[0.12707739]
927
[0.15020153]
928
[0.13180199]
929
[0.13631236]
930
[0.15873214]
931
[0.16219664]
932
[0.14775193]
933
[0.11720356]
934
[0.14060443]
935
[0.09244291]
936
[0.12603304]
937
[0.13369779]
938
[0.15819157]
939
[0.11619363]
940
[0.11227606]
941
[0.11625508]
942
[0.13485252]
943
[0.14235933]
944
[0.14196956]
945
[0.11823473]
946
[0.19236086]
947
[0.10814152]
948
[0.12862121]
949
[0.08891462]
950
[0.14417034]
951
[0.11877691]
952
[0.1115051]
953
[0.09996924]
954
[0.13365242]
955
[0.15249087]
956
[0.117698]
957
[0.08406219]
958
[0.15519241]
959
[0.18136358]
960
[0.14702781]
961
[0.13500633]
962
[0.1463085]
963
[0.13595152]
964
[0.15626691]
965
[0.13770036]
966
[0.12059094]
967
[0.19981632]
968
[0.12021829]
969
[0.11504267]
970
[0.11430142]
971
[0.11477945]
972
[0.14255412]
973
[0.17318917]
974
[0.17052071]
975
[0.12469395]
976
[0.14312601]
977
[0.13800481]
978
[0.1395006]
979
[0.10979832]
980
[0.13621868]
981
[0.18014183]
982
[0.10822402]
983
[0.09942723]
984
[0.13089371]
985
[0.09177158]
986
[0.12508873]
987
[0.11467734]
988
[0.11610975]
989
[0.16704304]
990
[0.12014669]
991
[0.1326841]
992
[0.11292755]
993
[0.14851636]
994
[0.10124926]
995
[0.15340778]
996
[0.1178881]
997
[0.10630394]
998
[0.11212546]
999
[0.15005113]
1000
[0.10900226]
1001
[0.12752352]
1002
[0.13896068]
1003
[0.2094103]
1004
[0.15055394]
1005
[0.1165202]
1006
[0.17579673]
1007
[0.15484502]
1008
[0.086141]
1009
[0.13599808]
1010
[0.11265306]
1011
[0.10308689]
1012
[0.15278226]
1013
[0.13933594]
1014
[0.08050929]
1015
[0.20757014]
1016
[0.16533708]
1017
[0.10849739]
1018
[0.15614038]
1019
[0.11963751]
1020
[0.13519741]
1021
[0.11154751]
1022
[0.14663896]
1023
[0.15299758]
1024
[0.15353302]
1025
[0.14189822]
1026
[0.07644948]
1027
[0.11152078]
1028
[0.18893975]
1029
[0.14772409]
1030
[0.13128413]
1031
[0.13277311]
1032
[0.12369837]
1033
[0.12579629]
1034
[0.0993378]
1035
[0.12501499]
1036
[0.17380011]
1037
[0.11480536]
1038
[0.11055408]
1039
[0.13671849]
1040
[0.07991473]
1041
[0.12059094]
1042
[0.1405453]
1043
[0.12333129]
1044
[0.1455672]
1045
[0.11486818]
1046
[0.15043998]
1047
[0.12642138]
1048
[0.10668336]
1049
[0.13598734]
1050
[0.14482752]
1051
[0.14603726]
1052
[0.15161324]
1053
[0.1105761]
1054
[0.13572585]
1055
[0.14740756]
1056
[0.15930207]
1057
[0.16873704]
1058
[0.105474]
1059
[0.13911563]
1060
[0.10029784]
1061
[0.09971881]
1062
[0.08222055]
1063
[0.09182976]
1064
[0.12420905]
1065
[0.16642028]
1066
[0.17455753]
1067
[0.11604325]
1068
[0.1147928]
1069
[0.127691]
1070
[0.09035707]
1071
[0.14500256]
1072
[0.22256655]
1073
[0.13328917]
1074
[0.15160032]
1075
[0.11909863]
1076
[0.12238955]
1077
[0.14038032]
1078
[0.12920818]
1079
[0.12695069]
1080
[0.13987682]
1081
[0.13994062]
1082
[0.14318181]
1083
[0.1698018]
1084
[0.13993471]
1085
[0.1445768]
1086
[0.19755607]
1087
[0.13971026]
1088
[0.12125027]
1089
[0.12688162]
1090
[0.17638092]
1091
[0.11218526]
1092
[0.18036098]
1093
[0.17127484]
1094
[0.13333185]
1095
[0.14477804]
1096
[0.11303655]
1097
[0.13719166]
1098
[0.1376927]
1099
[0.14625011]
1100
[0.06919335]
1101
[0.14502133]
1102
[0.1405453]
1103
[0.13873127]
1104
[0.12400994]
1105
[0.12634294]
1106
[0.12765881]
1107
[0.1526083]
1108
[0.13752191]
1109
[0.08459023]
1110
[0.10018635]
1111
[0.15714179]
1112
[0.15338975]
1113
[0.14484716]
1114
[0.13049566]
1115
[0.10774299]
1116
[0.12724239]
1117
[0.15227914]
1118
[0.14277441]
1119
[0.13654914]
1120
[0.18035993]
1121
[0.12627137]
1122
[0.17142641]
1123
[0.12391546]
1124
[0.14894206]
1125
[0.1404563]
1126
[0.15448185]
1127
[0.15974642]
1128
[0.10728804]
1129
[0.12129425]
1130
[0.10928266]
1131
[0.17360056]
1132
[0.11749133]
1133
[0.15071944]
1134
[0.18133185]
1135
[0.10233022]
1136
[0.12068868]
1137
[0.0570998]
1138
[0.09561216]
1139
[0.16704476]
1140
[0.09774837]
1141
[0.12059094]
1142
[0.15897412]
1143
[0.1114529]
1144
[0.13358623]
1145
[0.1283092]
1146
[0.1503098]
1147
[0.11642612]
1148
[0.08502651]
1149
[0.10698721]
1150
[0.10761697]
1151
[0.14477804]
1152
[0.11611726]
1153
[0.13575026]
1154
[0.13671672]
1155
[0.173197]
1156
[0.13570788]
1157
[0.12971201]
1158
[0.15198699]
1159
[0.09316311]
1160
[0.11136045]
1161
[0.12046104]
1162
[0.12282006]
1163
[0.12269341]
1164
[0.14943498]
1165
[0.1262263]
1166
[0.14483287]
1167
[0.10563142]
1168
[0.14649613]
1169
[0.16052686]
1170
[0.15210567]
1171
[0.13248939]
1172
[0.12297724]
1173
[0.1180944]
1174
[0.10280061]
1175
[0.13934816]
1176
[0.15634219]
1177
[0.12240497]
1178
[0.14145062]
1179
[0.12616666]
1180
[0.17669827]
1181
[0.12330386]
1182
[0.12200191]
1183
[0.15862144]
1184
[0.15038566]
1185
[0.079241]
1186
[0.12273696]
1187
[0.13605085]
1188
[0.1075947]
1189
[0.14754451]
1190
[0.09720399]
1191
[0.10202573]
1192
[0.15664496]
1193
[0.12594127]
1194
[0.11121562]
1195
[0.16280289]
1196
[0.12832965]
1197
[0.12421901]
1198
[0.15097943]
1199
[0.10003191]
1200
[0.13344639]
1201
[0.13833874]
1202
[0.11696175]
1203
[0.13508142]
1204
[0.08743149]
1205
[0.11299869]
1206
[0.16312909]
1207
[0.12640001]
1208
[0.134756]
1209
[0.13224583]
1210
[0.18306083]
1211
[0.12539571]
1212
[0.13668541]
1213
[0.10399354]
1214
[0.06155867]
1215
[0.15434296]
1216
[0.13596368]
1217
[0.1636139]
1218
[0.13114653]
1219
[0.09882255]
1220
[0.11894149]
1221
[0.11232153]
1222
[0.09725096]
1223
[0.14296044]
1224
[0.10636604]
1225
[0.14432002]
1226
[0.11288866]
1227
[0.1298887]
1228
[0.09415729]
1229
[0.1549604]
1230
[0.10281884]
1231
[0.10530951]
1232
[0.17962296]
1233
[0.11431823]
1234
[0.08694015]
1235
[0.12872834]
1236
[0.08795203]
1237
[0.14175465]
1238
[0.08691488]
1239
[0.08707583]
1240
[0.12852651]
1241
[0.15151183]
1242
[0.12385459]
1243
[0.1234823]
1244
[0.15636303]
1245
[0.14993523]
1246
[0.10716272]
1247
[0.1463999]
1248
[0.13504911]
1249
[0.05478682]
1250
[0.12443996]
1251
[0.1351032]
1252
[0.12091279]
1253
[0.14296401]
1254
[0.16079957]
1255
[0.1294032]
1256
[0.14402945]
1257
[0.15391747]
1258
[0.1284021]
1259
[0.10497684]
1260
[0.09311358]
1261
[0.12443108]
1262
[0.14609209]
1263
[0.11745298]
1264
[0.13546465]
1265
[0.12932335]
1266
[0.13736907]
1267
[0.12915431]
1268
[0.11351364]
1269
[0.12724239]
1270
[0.11727869]
1271
[0.12263267]
1272
[0.19764384]
1273
[0.10391007]
1274
[0.12851292]
1275
[0.10040081]
1276
[0.12663772]
1277
[0.14915531]
1278
[0.13021192]
1279
[0.15066969]
1280
[0.12202228]
1281
[0.13622561]
1282
[0.12530952]
1283
[0.12299708]
1284
[0.14436653]
1285
[0.11997136]
1286
[0.12300965]
1287
[0.08683194]
1288
[0.11411953]
1289
[0.14555655]
1290
[0.14281364]
1291
[0.12189243]
1292
[0.1528337]
1293
[0.15609105]
1294
[0.07944101]
1295
[0.11333481]
1296
[0.14719208]
1297
[0.10632555]
1298
[0.13966901]
1299
[0.15522678]
1300
[0.11100424]
1301
[0.07498634]
1302
[0.13739808]
1303
[0.12113821]
1304
[0.12542836]
1305
[0.11619274]
1306
[0.1424794]
1307
[0.15332454]
1308
[0.11700704]
1309
[0.13881172]
1310
[0.14870434]
1311
[0.09333105]
1312
[0.13762072]
1313
[0.15937614]
1314
[0.14044922]
1315
[0.13759638]
1316
[0.10457944]
1317
[0.11785793]
1318
[0.13677539]
1319
[0.13243977]
1320
[0.14161611]
1321
[0.16309184]
1322
[0.13783546]
1323
[0.16170901]
1324
[0.11152078]
1325
[0.11632748]
1326
[0.10741802]
1327
[0.130018]
1328
[0.11438155]
1329
[0.1067889]
1330
[0.11697808]
1331
[0.12160778]
1332
[0.13997942]
1333
[0.11733882]
1334
[0.11454512]
1335
[0.13747179]
1336
[0.16914088]
1337
[0.14325227]
1338
[0.14697436]
1339
[0.14531693]
1340
[0.11805024]
1341
[0.10849739]
1342
[0.14618043]
1343
[0.15363274]
1344
[0.11429913]
1345
[0.12240497]
1346
[0.16395232]
1347
[0.11310707]
1348
[0.13295104]
1349
[0.13404377]
1350
[0.16469149]
1351
[0.11610847]
1352
[0.11890967]
1353
[0.14025012]
1354
[0.12789231]
1355
[0.10063658]
1356
[0.13654031]
1357
[0.14687911]
1358
[0.1988108]
1359
[0.17148329]
1360
[0.16977505]
1361
[0.11115694]
1362
[0.12644311]
1363
[0.15566224]
1364
[0.12772426]
1365
[0.12360047]
1366
[0.12515583]
1367
[0.14674442]
1368
[0.14167733]
1369
[0.18655557]
1370
[0.14263577]
1371
[0.1223495]
1372
[0.12018027]
1373
[0.12765796]
1374
[0.15736623]
1375
[0.13324014]
1376
[0.16635956]
1377
[0.18173156]
1378
[0.10002535]
1379
[0.11033467]
1380
[0.1405453]
1381
[0.13873731]
1382
[0.1179152]
1383
[0.13485069]
1384
[0.18443537]
1385
[0.15663178]
1386
[0.1541159]
1387
[0.12640944]
1388
[0.13276728]
1389
[0.16672192]
1390
[0.16242511]
1391
[0.15117464]
1392
[0.15375347]
1393
[0.1121976]
1394
[0.11202911]
1395
[0.13584561]
1396
[0.11438277]
1397
[0.11651233]
1398
[0.17066168]
1399
[0.11499892]
1400
[0.12012049]
1401
[0.13033645]
1402
[0.11927067]
1403
[0.12420834]
1404
[0.14116005]
1405
[0.12242123]
1406
[0.12273703]
1407
[0.09139785]
1408
[0.09942723]
1409
[0.13818346]
1410
[0.14149502]
1411
[0.17313888]
1412
[0.12306394]
1413
[0.1221373]
1414
[0.12240497]
1415
[0.12204441]
1416
[0.10942078]
1417
[0.11169997]
1418
[0.16523778]
1419
[0.1887357]
1420
[0.15218416]
1421
[0.1296611]
1422
[0.14463226]
1423
[0.14458065]
1424
[0.19168182]
1425
[0.15191364]
1426
[0.19178265]
1427
[0.16127463]
1428
[0.10608245]
1429
[0.1404828]
1430
[0.19003923]
1431
[0.15458116]
1432
[0.11730363]
1433
[0.13994062]
1434
[0.10220883]
1435
[0.14089663]
1436
[0.11063395]
1437
[0.13078042]
1438
[0.11325565]
1439
[0.13285449]
1440
[0.17707371]
1441
[0.09130664]
1442
[0.09579916]
1443
[0.1405939]
1444
[0.14172171]
1445
[0.10184594]
1446
[0.09994712]
1447
[0.10009282]
1448
[0.15481208]
1449
[0.07859577]
1450
[0.12994432]
1451
[0.1538482]
1452
[0.14306505]
1453
[0.15969674]
1454
[0.14491986]
1455
[0.13805384]
1456
[0.11079827]
1457
[0.11883366]
1458
[0.10970675]
1459
[0.06979803]
1460
[0.08830338]
1461
[0.14601649]
1462
[0.13605886]
1463
[0.11333481]
1464
[0.10426465]
1465
[0.1175305]
1466
[0.18216703]
1467
[0.09731836]
1468
[0.14697896]
1469
[0.15061333]
1470
[0.15690144]
1471
[0.11222187]
1472
[0.14780143]
1473
[0.15825151]
1474
[0.15351517]
1475
[0.17405277]
1476
[0.11490834]
1477
[0.12995318]
1478
[0.07950614]
1479
[0.13360105]
1480
[0.10649038]
1481
[0.1203657]
1482
[0.08629507]
1483
[0.12547675]
1484
[0.11449455]
1485
[0.13194755]
1486
[0.17203541]
1487
[0.07826352]
1488
[0.11370494]
1489
[0.12226767]
1490
[0.1237633]
1491
[0.16725997]
1492
[0.14146574]
1493
[0.11237845]
1494
[0.1610694]
1495
[0.12897249]
1496
[0.16875767]
1497
[0.14680922]
1498
[0.17769891]
1499
[0.16178559]
1500
[0.11732835]
1501
[0.13969151]
1502
[0.11868953]
1503
[0.10763626]
1504
[0.17109645]
1505
[0.1235021]
1506
[0.13314454]
1507
[0.14005347]
1508
[0.15231154]
1509
[0.1222125]
1510
[0.1036401]
1511
[0.13926891]
1512
[0.14447477]
1513
[0.12438845]
1514
[0.15975992]
1515
[0.12728569]
1516
[0.14028385]
1517
[0.15360194]
1518
[0.1536897]
1519
[0.11799767]
1520
[0.120945]
1521
[0.14883627]
1522
[0.08249626]
1523
[0.15203417]
1524
[0.14539627]
1525
[0.11628852]
1526
[0.10329802]
1527
[0.10606519]
1528
[0.13102356]
1529
[0.13579105]
1530
[0.15215561]
1531
[0.11664539]
1532
[0.11873004]
1533
[0.13099525]
1534
[0.13096604]
1535
[0.13844786]
1536
[0.13233044]
1537
[0.18099736]
1538
[0.15687159]
1539
[0.14206761]
1540
[0.09035707]
1541
[0.14103496]
1542
[0.13133065]
1543
[0.09548134]
1544
[0.1189965]
1545
[0.09035707]
1546
[0.1141072]
1547
[0.12419604]
1548
[0.12059094]
1549
[0.14139141]
1550
[0.09149515]
1551
[0.12522796]
1552
[0.14438983]
1553
[0.11096925]
1554
[0.14147753]
1555
[0.11510592]
1556
[0.11517325]
1557
[0.11152078]
1558
[0.15855045]
1559
[0.12142965]
1560
[0.14092093]
1561
[0.12881002]
1562
[0.14955299]
1563
[0.12050445]
1564
[0.09918242]
1565
[0.13737618]
1566
[0.18729905]
1567
[0.14656451]
1568
[0.13515269]
1569
[0.12499471]
1570
[0.1834658]
1571
[0.11877327]
1572
[0.1608814]
1573
[0.13422133]
1574
[0.14586021]
1575
[0.12167388]
1576
[0.13748147]
1577
[0.13917819]
1578
[0.14113398]
1579
[0.13647726]
1580
[0.09296946]
1581
[0.15398918]
1582
[0.1111705]
1583
[0.11222673]
1584
[0.12066503]
1585
[0.12413404]
1586
[0.12339756]
1587
[0.1109161]
1588
[0.14175465]
1589
[0.16391123]
1590
[0.14186338]
1591
[0.17228701]
1592
[0.13394189]
1593
[0.13548711]
1594
[0.12783852]
1595
[0.12078363]
1596
[0.11320094]
1597
[0.11783739]
1598
[0.15833308]
1599
[0.11370704]
1600
[0.13199073]
1601
[0.1635923]
1602
[0.09326438]
1603
[0.13329139]
1604
[0.13821127]
1605
[0.09831944]
1606
[0.09827455]
1607
[0.15514291]
1608
[0.12162408]
1609
[0.15744698]
1610
[0.1190517]
1611
[0.17768476]
1612
[0.13201203]
1613
[0.18078071]
1614
[0.14523602]
1615
[0.08551965]
1616
[0.08587837]
1617
[0.17058403]
1618
[0.16801537]
1619
[0.12937044]
1620
[0.0921711]
1621
[0.10345136]
1622
[0.12351602]
1623
[0.14440029]
1624
[0.1512577]
1625
[0.10660804]
1626
[0.12507009]
1627
[0.13268449]
1628
[0.12895654]
1629
[0.19722636]
1630
[0.15085744]
1631
[0.09700852]
1632
[0.13755358]
1633
[0.13468333]
1634
[0.10607868]
1635
[0.10486933]
1636
[0.10910207]
1637
[0.13481969]
1638
[0.15363063]
1639
[0.15390998]
1640
[0.11994753]
1641
[0.11273013]
1642
[0.15695949]
1643
[0.17535061]
1644
[0.1296611]
1645
[0.12812914]
1646
[0.14259196]
1647
[0.13825444]
1648
[0.13866889]
1649
[0.11183875]
1650
[0.15854101]
1651
[0.11308258]
1652
[0.1460813]
1653
[0.12960919]
1654
[0.13407744]
1655
[0.09652259]
1656
[0.12421901]
1657
[0.14727239]
1658
[0.16780036]
1659
[0.14770513]
1660
[0.09814476]
1661
[0.13483231]
1662
[0.14773374]
1663
[0.17346071]
1664
[0.16564131]
1665
[0.12428544]
1666
[0.12226781]
1667
[0.09402201]
1668
[0.12378325]
1669
[0.16395994]
1670
[0.12744477]
1671
[0.15333606]
1672
[0.1256071]
1673
[0.14992909]
1674
[0.14983918]
1675
[0.18381599]
1676
[0.12725547]
1677
[0.14784692]
1678
[0.11029922]
1679
[0.0915352]
1680
[0.09772051]
1681
[0.11806905]
1682
[0.11756461]
1683
[0.17911513]
1684
[0.09095246]
1685
[0.12428309]
1686
[0.08537705]
1687
[0.12993651]
1688
[0.12852402]
1689
[0.12381393]
1690
[0.12409409]
1691
[0.10849739]
1692
[0.11333481]
1693
[0.12322322]
1694
[0.19905496]
1695
[0.13957597]
1696
[0.1682213]
1697
[0.17644352]
1698
[0.12160184]
1699
[0.13372847]
1700
[0.16036124]
1701
[0.13994062]
1702
[0.13988592]
1703
[0.13433787]
1704
[0.1298199]
1705
[0.13910605]
1706
[0.10569947]
1707
[0.12245418]
1708
[0.1208347]
1709
[0.12758994]
1710
[0.17671992]
1711
[0.17483797]
1712
[0.14024486]
1713
[0.09700852]
1714
[0.12058982]
1715
[0.1305053]
1716
[0.09092588]
1717
[0.10063658]
1718
[0.14574965]
1719
[0.11386319]
1720
[0.14481905]
1721
[0.18053067]
1722
[0.10667723]
1723
[0.13337006]
1724
[0.14098952]
1725
[0.12523086]
1726
[0.11573928]
1727
[0.14918603]
1728
[0.11031142]
1729
[0.12424332]
1730
[0.10435646]
1731
[0.11514884]
1732
[0.1390287]
1733
[0.13493429]
1734
[0.10244334]
1735
[0.14925092]
1736
[0.15558741]
1737
[0.15468303]
1738
[0.12700222]
1739
[0.11998626]
1740
[0.12267139]
1741
[0.13418155]
1742
[0.12348935]
1743
[0.1377207]
1744
[0.13381169]
1745
[0.12179508]
1746
[0.16140135]
1747
[0.09096174]
1748
[0.12939895]
1749
[0.14330065]
1750
[0.14013906]
1751
[0.14828346]
1752
[0.18584705]
1753
[0.12387266]
1754
[0.09145779]
1755
[0.15485577]
1756
[0.13564689]
1757
[0.10614433]
1758
[0.14398016]
1759
[0.10157454]
1760
[0.13183348]
1761
[0.11378314]
1762
[0.12242609]
1763
[0.13336987]
1764
[0.12296711]
1765
[0.14057472]
1766
[0.15204402]
1767
[0.12546318]
1768
[0.13268449]
1769
[0.11993626]
1770
[0.12895357]
1771
[0.12710224]
1772
[0.15456592]
1773
[0.1109161]
1774
[0.14581687]
1775
[0.13142728]
1776
[0.07338131]
1777
[0.12254544]
1778
[0.15196178]
1779
[0.10879436]
1780
[0.15775812]
1781
[0.13863536]
1782
[0.08733368]
1783
[0.13217658]
1784
[0.07485119]
1785
[0.12235907]
1786
[0.16037759]
1787
[0.11314757]
1788
[0.07954226]
1789
[0.18411695]
1790
[0.13613817]
1791
[0.1213653]
1792
[0.13565393]
1793
[0.15233276]
1794
[0.13022559]
1795
[0.11212546]
1796
[0.14668027]
1797
[0.164575]
1798
[0.09942723]
1799
[0.12282346]
1800
[0.09627499]
1801
[0.16738631]
1802
[0.12158111]
1803
[0.10236613]
1804
[0.10713311]
1805
[0.12808258]
1806
[0.11269864]
1807
[0.09209951]
1808
[0.09321816]
1809
[0.16213952]
1810
[0.10431255]
1811
[0.12268965]
1812
[0.14251571]
1813
[0.12258259]
1814
[0.15953375]
1815
[0.0953284]
1816
[0.15318894]
1817
[0.1437023]
1818
[0.06677118]
1819
[0.1305818]
1820
[0.16565719]
1821
[0.11570888]
1822
[0.12215715]
1823
[0.12482368]
1824
[0.18849584]
1825
[0.09600457]
1826
[0.14773801]
1827
[0.19667798]
1828
[0.1802368]
1829
[0.10676244]
1830
[0.13209822]
1831
[0.12482368]
1832
[0.10560937]
1833
[0.11685184]
1834
[0.11856633]
1835
[0.09821787]
1836
[0.15259238]
1837
[0.10179593]
1838
[0.16192484]
1839
[0.07742581]
1840
[0.14484217]
1841
[0.16766005]
1842
[0.0921711]
1843
[0.1328552]
1844
[0.15252217]
1845
[0.11681897]
1846
[0.13147514]
1847
[0.15566224]
1848
[0.1573494]
1849
[0.12740911]
1850
[0.12249359]
1851
[0.11454417]
1852
[0.14642976]
1853
[0.1441765]
1854
[0.08658313]
1855
[0.13906086]
1856
[0.10975279]
1857
[0.13030279]
1858
[0.17886529]
1859
[0.1500212]
1860
[0.12644982]
1861
[0.13506727]
1862
[0.10418286]
1863
[0.13873127]
1864
[0.12905643]
1865
[0.14282172]
1866
[0.17681893]
1867
[0.13129929]
1868
[0.14508288]
1869
[0.08717864]
1870
[0.13812659]
1871
[0.11121322]
1872
[0.09251563]
1873
[0.11638258]
1874
[0.16130428]
1875
[0.11933937]
1876
[0.13566647]
1877
[0.12240497]
1878
[0.15066256]
1879
[0.17310718]
1880
[0.11454417]
1881
[0.16214883]
1882
[0.15452448]
1883
[0.10925868]
1884
[0.11273013]
1885
[0.12007903]
1886
[0.13596902]
1887
[0.13827682]
1888
[0.116833]
1889
[0.1099781]
1890
[0.14821547]
1891
[0.11626636]
1892
[0.1201462]
1893
[0.09388907]
1894
[0.15191039]
1895
[0.12402462]
1896
[0.18525709]
1897
[0.15659895]
1898
[0.10855058]
1899
[0.13668567]
1900
[0.14166903]
1901
[0.07040271]
1902
[0.15082482]
1903
[0.1092611]
1904
[0.13871805]
1905
[0.07981622]
1906
[0.14552332]
1907
[0.10258714]
1908
[0.10669308]
1909
[0.12648481]
1910
[0.1163582]
1911
[0.13042539]
1912
[0.1170211]
1913
[0.13639336]
1914
[0.14585828]
1915
[0.10493884]
1916
[0.14200825]
1917
[0.18370918]
1918
[0.12784707]
1919
[0.13777375]
1920
[0.11942835]
1921
[0.14632224]
1922
[0.15507627]
1923
[0.13139805]
1924
[0.11484292]
1925
[0.11933522]
1926
[0.14489836]
1927
[0.16083488]
1928
[0.13517748]
1929
[0.13978688]
1930
[0.11877691]
1931
[0.1377522]
1932
[0.1693415]
1933
[0.13936439]
1934
[0.08264381]
1935
[0.12393146]
1936
[0.15700299]
1937
[0.17268043]
1938
[0.14124858]
1939
[0.12531167]
1940
[0.13812157]
1941
[0.0812869]
1942
[0.1691052]
1943
[0.15358301]
1944
[0.11380166]
1945
[0.07311901]
1946
[0.09712274]
1947
[0.14354016]
1948
[0.16522471]
1949
[0.12907958]
1950
[0.15390383]
1951
[0.10829167]
1952
[0.07524013]
1953
[0.12905986]
1954
[0.1368733]
1955
[0.1311235]
1956
[0.10169549]
1957
[0.1257586]
1958
[0.14961546]
1959
[0.13207981]
1960
[0.16777879]
1961
[0.12364807]
1962
[0.07463545]
1963
[0.15574235]
1964
[0.13873127]
1965
[0.12057643]
1966
[0.08217281]
1967
[0.14122331]
1968
[0.11575352]
1969
[0.13845569]
1970
[0.14727019]
1971
[0.14257091]
1972
[0.17543956]
1973
[0.13328917]
1974
[0.11983932]
1975
[0.12554628]
1976
[0.150223]
1977
[0.07823414]
1978
[0.1163582]
1979
[0.10651646]
1980
[0.11401056]
1981
[0.09724236]
1982
[0.16467269]
1983
[0.19221729]
1984
[0.16240802]
1985
[0.14587425]
1986
[0.12798689]
1987
[0.08581778]
1988
[0.09942723]
1989
[0.18709292]
1990
[0.11906262]
1991
[0.11659667]
1992
[0.15371361]
1993
[0.1777474]
1994
[0.1575908]
1995
[0.10539489]
1996
[0.12830542]
1997
[0.10633043]
1998
[0.0946059]
1999
[0.14221964]
2000
[0.13398052]
2001
[0.11439577]
2002
[0.12894721]
2003
[0.152764]
2004
[0.07887118]
2005
[0.1500378]
2006
[0.12542904]
2007
[0.14582241]
2008
[0.15190978]
2009
[0.15150157]
2010
[0.1020959]
2011
[0.07787434]
2012
[0.13602952]
2013
[0.11356204]
2014
[0.10305529]
2015
[0.10584649]
2016
[0.12432899]
2017
[0.10644651]
2018
[0.09035707]
2019
[0.13025909]
2020
[0.14535665]
2021
[0.17886243]
2022
[0.07295353]
2023
[0.1699469]
2024
[0.07524013]
2025
[0.14906523]
2026
[0.1090222]
2027
[0.10360809]
2028
[0.1372724]
2029
[0.0824436]
2030
[0.13112281]
2031
[0.10212907]
2032
[0.1163582]
2033
[0.14976028]
2034
[0.13535999]
2035
[0.14345736]
2036
[0.15002413]
2037
[0.14433679]
2038
[0.08771705]
2039
[0.13590135]
2040
[0.12630245]
2041
[0.15563193]
2042
[0.14659207]
2043
[0.14076792]
2044
[0.14744465]
2045
[0.1299529]
2046
[0.10931592]
2047
[0.14980895]
2048
[0.1256095]
2049
[0.11850551]
2050
[0.11537136]
2051
[0.12425152]
2052
[0.12617766]
2053
[0.13371275]
2054
[0.18252535]
2055
[0.13265147]
2056
[0.10782705]
2057
[0.13845632]
2058
[0.13572693]
2059
[0.16130565]
2060
[0.10365997]
2061
[0.15324434]
2062
[0.14659207]
2063
[0.13436791]
2064
[0.16554496]
2065
[0.15719789]
2066
[0.15203417]
2067
[0.0828497]
2068
[0.1343169]
2069
[0.15967601]
2070
[0.15370153]
2071
[0.10786149]
2072
[0.11905582]
2073
[0.14342665]
2074
[0.15434062]
2075
[0.14653078]
2076
[0.10003191]
2077
[0.15461307]
2078
[0.1834774]
2079
[0.13257253]
2080
[0.12599774]
2081
[0.12787722]
2082
[0.08006416]
2083
[0.11367019]
2084
[0.07700333]
2085
[0.11161771]
2086
[0.14660296]
2087
[0.1495517]
2088
[0.10661381]
2089
[0.16457386]
2090
[0.12949213]
2091
[0.08370561]
2092
[0.11940346]
2093
[0.12154656]
2094
[0.11273013]
2095
[0.1296611]
2096
[0.17814255]
2097
[0.10209326]
2098
[0.10780606]
2099
[0.0806973]
2100
[0.11103647]
2101
[0.1399136]
2102
[0.14135742]
2103
[0.11273013]
2104
[0.1348826]
2105
[0.14310961]
2106
[0.12277578]
2107
[0.11680695]
2108
[0.12060273]
2109
[0.11739102]
2110
[0.11982491]
2111
[0.13757299]
2112
[0.09459741]
2113
[0.13916919]
2114
[0.12566262]
2115
[0.16924384]
2116
[0.13222265]
2117
[0.14801575]
2118
[0.14175465]
2119
[0.13348755]
2120
[0.19526973]
2121
[0.10679631]
2122
[0.13697719]
2123
[0.13463839]
2124
[0.10789271]
2125
[0.16784321]
2126
[0.13147514]
2127
[0.11749546]
2128
[0.0832857]
2129
[0.15870273]
2130
[0.14913352]
2131
[0.11822223]
2132
[0.12762855]
2133
[0.20060992]
2134
[0.15463299]
2135
[0.1747159]
2136
[0.12312517]
2137
[0.21168953]
2138
[0.1220515]
2139
[0.16660314]
2140
[0.10598786]
2141
[0.08199234]
2142
[0.17378321]
2143
[0.14189856]
2144
[0.16503517]
2145
[0.06493335]
2146
[0.11905498]
2147
[0.12432659]
2148
[0.14461618]
2149
[0.06633025]
2150
[0.09585341]
2151
[0.12482368]
2152
[0.11877691]
2153
[0.11232137]
2154
[0.13704054]
2155
[0.13724609]
2156
[0.11900694]
2157
[0.13325756]
2158
[0.1488835]
2159
[0.13631256]
2160
[0.13619142]
2161
[0.1253794]
2162
[0.12281914]
2163
[0.17764229]
2164
[0.13166065]
2165
[0.09741182]
2166
[0.11118836]
2167
[0.09156642]
2168
[0.14704751]
2169
[0.12969152]
2170
[0.13148357]
2171
[0.13361826]
2172
[0.10672891]
2173
[0.11460413]
2174
[0.14565091]
2175
[0.12345393]
2176
[0.11294236]
2177
[0.14122425]
2178
[0.1129938]
2179
[0.14075767]
2180
[0.10230248]
2181
[0.17064415]
2182
[0.1426326]
2183
[0.1455742]
2184
[0.09277578]
2185
[0.1673474]
2186
[0.12872452]
2187
[0.15239087]
2188
[0.12482368]
2189
[0.15973739]
2190
[0.1574324]
2191
[0.09885001]
2192
[0.14395544]
2193
[0.12536629]
2194
[0.105474]
2195
[0.14811575]
2196
[0.14320065]
2197
[0.13812659]
2198
[0.11050146]
2199
[0.09826983]
2200
[0.09667425]
2201
[0.12065712]
2202
[0.18340563]
2203
[0.16908652]
2204
[0.14862795]
2205
[0.11887251]
2206
[0.14219126]
2207
[0.15003198]
2208
[0.13274741]
2209
[0.07016781]
2210
[0.1178715]
2211
[0.13973056]
2212
[0.10620415]
2213
[0.12059094]
2214
[0.13432334]
2215
[0.12814918]
2216
[0.12646482]
2217
[0.1182836]
2218
[0.16836046]
2219
[0.07765884]
2220
[0.20727874]
2221
[0.14238389]
2222
[0.14358659]
2223
[0.16386513]
2224
[0.09761717]
2225
[0.14011488]
2226
[0.0976132]
2227
[0.15193123]
2228
[0.10486933]
2229
[0.11832373]
2230
[0.17790889]
2231
[0.1495917]
2232
[0.13434509]
2233
[0.12968174]
2234
[0.16497843]
2235
[0.13050017]
2236
[0.10040005]
2237
[0.14683908]
2238
[0.06532842]
2239
[0.14332491]
2240
[0.12284444]
2241
[0.114709]
2242
[0.11852556]
2243
[0.14119012]
2244
[0.14175465]
2245
[0.12127053]
2246
[0.21393911]
2247
[0.12747209]
2248
[0.15497133]
2249
[0.12645146]
2250
[0.10789271]
2251
[0.10779902]
2252
[0.10004072]
2253
[0.14211375]
2254
[0.1921562]
2255
[0.16381983]
2256
[0.11031142]
2257
[0.12724624]
2258
[0.13813653]
2259
[0.12905643]
2260
[0.15056208]
2261
[0.18792283]
2262
[0.12940898]
2263
[0.10779777]
2264
[0.12398761]
2265
[0.15000011]
2266
[0.16675037]
2267
[0.15868562]
2268
[0.13340078]
2269
[0.1703449]
2270
[0.16993414]
2271
[0.10728674]
2272
[0.11992755]
2273
[0.15664785]
2274
[0.1479124]
2275
[0.19282086]
2276
[0.16602052]
2277
[0.13809435]
2278
[0.1610197]
2279
[0.11083911]
2280
[0.14557655]
2281
[0.16559246]
2282
[0.14302584]
2283
[0.15191884]
2284
[0.13511576]
2285
[0.13285095]
2286
[0.16855099]
2287
[0.15642389]
2288
[0.15855837]
2289
[0.14839932]
2290
[0.11494123]
2291
[0.13784549]
2292
[0.11656148]
2293
[0.14746236]
2294
[0.07080323]
2295
[0.14581597]
2296
[0.13985981]
2297
[0.10674715]
2298
[0.10671777]
2299
[0.13758595]
2300
[0.14168353]
2301
[0.1413843]
2302
[0.15687159]
2303
[0.09623845]
2304
[0.16788702]
2305
[0.11598757]
2306
[0.12629445]
2307
[0.09513955]
2308
[0.18516549]
2309
[0.09505437]
2310
[0.15603033]
2311
[0.15255364]
2312
[0.13992964]
2313
[0.10385027]
2314
[0.15302366]
2315
[0.14679946]
2316
[0.14366821]
2317
[0.1151658]
2318
[0.10284368]
2319
[0.1013442]
2320
[0.12087285]
2321
[0.10339913]
2322
[0.14324277]
2323
[0.10636222]
2324
[0.10597438]
2325
[0.08706953]
2326
[0.13417536]
2327
[0.10034349]
2328
[0.15407974]
2329
[0.11170656]
2330
[0.10245062]
2331
[0.11990416]
2332
[0.1563921]
2333
[0.12688988]
2334
[0.09277578]
2335
[0.14276506]
2336
[0.14716743]
2337
[0.1593626]
2338
[0.09684746]
2339
[0.12236893]
2340
[0.12628735]
2341
[0.09882255]
2342
[0.08485394]
2343
[0.12406578]
2344
[0.08068223]
2345
[0.19499061]
2346
[0.14212376]
2347
[0.20464764]
2348
[0.11518263]
2349
[0.11626711]
2350
[0.16412772]
2351
[0.19174496]
2352
[0.08723695]
2353
[0.15473128]
2354
[0.1267268]
2355
[0.13208968]
2356
[0.10321]
2357
[0.1292054]
2358
[0.13056855]
2359
[0.148155]
2360
[0.14762554]
2361
[0.15228203]
2362
[0.12100683]
2363
[0.16407903]
2364
[0.09670277]
2365
[0.12852598]
2366
[0.08134752]
2367
[0.09458981]
2368
[0.14368321]
2369
[0.13795471]
2370
[0.12725473]
2371
[0.13507565]
2372
[0.11080159]
2373
[0.11849044]
2374
[0.11212546]
2375
[0.17360634]
2376
[0.15951544]
2377
[0.1382567]
2378
[0.1660514]
2379
[0.08812468]
2380
[0.12209203]
2381
[0.09499389]
2382
[0.14132779]
2383
[0.13698903]
2384
[0.1084019]
2385
[0.10019256]
2386
[0.1195221]
2387
[0.16594369]
2388
[0.08150001]
2389
[0.16946567]
2390
[0.1406599]
2391
[0.13183898]
2392
[0.16702226]
2393
[0.12550057]
2394
[0.15141252]
2395
[0.11696288]
2396
[0.09929253]
2397
[0.12542836]
2398
[0.13591879]
2399
[0.16410663]
2400
[0.13862987]
2401
[0.10668336]
2402
[0.14147824]
2403
[0.13186993]
2404
[0.13426588]
2405
[0.15051895]
2406
[0.11814848]
2407
[0.13478159]
2408
[0.1253965]
2409
[0.13328917]
2410
[0.14497862]
2411
[0.14845944]
2412
[0.09809756]
2413
[0.17143457]
2414
[0.13412204]
2415
[0.12879568]
2416
[0.14064204]
2417
[0.13810733]
2418
[0.08491497]
2419
[0.1217759]
2420
[0.18073738]
2421
[0.14851277]
2422
[0.15131166]
2423
[0.13300427]
2424
[0.14858644]
2425
[0.18670554]
2426
[0.1342325]
2427
[0.12113401]
2428
[0.14786637]
2429
[0.12164923]
2430
[0.1151218]
2431
[0.14981916]
2432
[0.15203498]
2433
[0.1267178]
2434
[0.14015586]
2435
[0.08314128]
2436
[0.1298855]
2437
[0.13327734]
2438
[0.14147083]
2439
[0.14551077]
2440
[0.15760617]
2441
[0.14417336]
2442
[0.13113151]
2443
[0.15154846]
2444
[0.12266368]
2445
[0.17336108]
2446
[0.15375167]
2447
[0.16234362]
2448
[0.1014522]
2449
[0.16919457]
2450
[0.12672065]
2451
[0.09279489]
2452
[0.12502374]
2453
[0.18736517]
2454
[0.10434201]
2455
[0.10974896]
2456
[0.11106553]
2457
[0.12620154]
2458
[0.1496783]
2459
[0.11876488]
2460
[0.15716361]
2461
[0.13120885]
2462
[0.13119676]
2463
[0.11793404]
2464
[0.114061]
2465
[0.10728804]
2466
[0.15058528]
2467
[0.14345763]
2468
[0.17555488]
2469
[0.10194168]
2470
[0.14801928]
2471
[0.06211146]
2472
[0.15989116]
2473
[0.13401476]
2474
[0.15676534]
2475
[0.13772223]
2476
[0.15190069]
2477
[0.16209067]
2478
[0.10480662]
2479
[0.16552457]
2480
[0.14916561]
2481
[0.12905643]
2482
[0.14302084]
2483
[0.1397437]
2484
[0.11393949]
2485
[0.14074021]
2486
[0.10402535]
2487
[0.13755801]
2488
[0.1145033]
2489
[0.16585078]
2490
[0.11613837]
2491
[0.09579916]
2492
[0.11976258]
2493
[0.12476999]
2494
[0.11021527]
2495
[0.14541042]
2496
[0.13459102]
2497
[0.1626145]
2498
[0.14247948]
2499
[0.09640384]
2500
[0.11189167]
2501
[0.14296401]
2502
[0.11878896]
2503
[0.151683]
2504
[0.15127787]
2505
[0.11206822]
2506
[0.11152078]
2507
[0.11452707]
2508
[0.11996706]
2509
[0.16736993]
2510
[0.11868808]
2511
[0.10789271]
2512
[0.11200209]
2513
[0.16207173]
2514
[0.10929266]
2515
[0.15957108]
2516
[0.1126696]
2517
[0.11836889]
2518
[0.13999347]
2519
[0.15843619]
2520
[0.14958987]
2521
[0.09986966]
2522
[0.19893041]
2523
[0.13698232]
2524
[0.12903413]
2525
[0.13696695]
2526
[0.11474437]
2527
[0.10069848]
2528
[0.13390356]
2529
[0.13683049]
2530
[0.19715601]
2531
[0.14471849]
2532
[0.14198857]
2533
[0.14273809]
2534
[0.15790002]
2535
[0.14934775]
2536
[0.16689076]
2537
[0.13052718]
2538
[0.15160748]
2539
[0.14561104]
2540
[0.13449852]
2541
[0.12601511]
2542
[0.10254788]
2543
[0.13449852]
2544
[0.13580486]
2545
[0.09527032]
2546
[0.10143102]
2547
[0.144436]
2548
[0.12850379]
2549
[0.13709901]
2550
[0.11909826]
2551
[0.14575291]
2552
[0.11431122]
2553
[0.12664931]
2554
[0.12421938]
2555
[0.13687371]
2556
[0.10184594]
2557
[0.12094805]
2558
[0.16627609]
2559
[0.14967824]
2560
[0.19451771]
2561
[0.10787662]
2562
[0.14382018]
2563
[0.11540969]
2564
[0.16186602]
2565
[0.11575352]
2566
[0.10934557]
2567
[0.1114231]
2568
[0.11852309]
2569
[0.1774322]
2570
[0.12396228]
2571
[0.10532034]
2572
[0.15351901]
2573
[0.11682138]
2574
[0.15138093]
2575
[0.15301227]
2576
[0.15599363]
2577
[0.09815886]
2578
[0.11806847]
2579
[0.19205502]
2580
[0.14756412]
2581
[0.11454417]
2582
[0.12155517]
2583
[0.15119325]
2584
[0.13946631]
2585
[0.08578063]
2586
[0.13354188]
2587
[0.12752572]
2588
[0.10361943]
2589
[0.11284124]
2590
[0.12841628]
2591
[0.08580957]
2592
[0.12077814]
2593
[0.09950629]
2594
[0.11289338]
2595
[0.08036093]
2596
[0.12583373]
2597
[0.14817715]
2598
[0.16487802]
2599
[0.18177232]
2600
[0.10470912]
2601
[0.13239142]
2602
[0.09410986]
2603
[0.12975999]
2604
[0.11634613]
2605
[0.10365865]
2606
[0.13997782]
2607
[0.20248653]
2608
[0.11285143]
2609
[0.13385739]
2610
[0.15736616]
2611
[0.10196116]
2612
[0.15379206]
2613
[0.14624246]
2614
[0.1198535]
2615
[0.13461231]
2616
[0.16544228]
2617
[0.16027404]
2618
[0.12870318]
2619
[0.13522362]
2620
[0.10083221]
2621
[0.12140422]
2622
[0.13818302]
2623
[0.13501035]
2624
[0.14209658]
2625
[0.13379322]
2626
[0.13308983]
2627
[0.14114998]
2628
[0.14927914]
2629
[0.12845175]
2630
[0.14451962]
2631
[0.12097736]
2632
[0.15445288]
2633
[0.11068505]
2634
[0.15280157]
2635
[0.11420806]
2636
[0.12995418]
2637
[0.11222367]
2638
[0.15706468]
2639
[0.10756366]
2640
[0.16451454]
2641
[0.12259132]
2642
[0.15590862]
2643
[0.08548598]
2644
[0.06712591]
2645
[0.11953278]
2646
[0.11756755]
2647
[0.14154313]
2648
[0.11233423]
2649
[0.15324353]
2650
[0.10626709]
2651
[0.12724239]
2652
[0.17791469]
2653
[0.13792554]
2654
[0.15850794]
2655
[0.12701834]
2656
[0.14965461]
2657
[0.11436526]
2658
[0.14161216]
2659
[0.15213102]
2660
[0.10470214]
2661
[0.10883959]
2662
[0.08485097]
2663
[0.16005298]
2664
[0.1020328]
2665
[0.16292735]
2666
[0.12910285]
2667
[0.12000366]
2668
[0.13070696]
2669
[0.13072664]
2670
[0.13856204]
2671
[0.13268449]
2672
[0.12501801]
2673
[0.10668336]
2674
[0.14063074]
2675
[0.13373456]
2676
[0.1299325]
2677
[0.11780269]
2678
[0.13777219]
2679
[0.11031142]
2680
[0.13425329]
2681
[0.13018688]
2682
[0.13872745]
2683
[0.15224337]
2684
[0.11741663]
2685
[0.06375126]
2686
[0.11998626]
2687
[0.13207981]
2688
[0.161379]
2689
[0.1295777]
2690
[0.13026578]
2691
[0.15194576]
2692
[0.15250985]
2693
[0.07660634]
2694
[0.12305558]
2695
[0.14578197]
2696
[0.14989928]
2697
[0.10804009]
2698
[0.08976423]
2699
[0.15341758]
2700
[0.09729072]
2701
[0.12034075]
2702
[0.14737312]
2703
[0.15088617]
2704
[0.13202896]
2705
[0.15648682]
2706
[0.11543652]
2707
[0.10170392]
2708
[0.09864471]
2709
[0.1323283]
2710
[0.13994062]
2711
[0.13389385]
2712
[0.17237195]
2713
[0.12623974]
2714
[0.15470067]
2715
[0.14956972]
2716
[0.15332143]
2717
[0.13127396]
2718
[0.150959]
2719
[0.13023922]
2720
[0.1289434]
2721
[0.09589376]
2722
[0.12887471]
2723
[0.15117882]
2724
[0.14531092]
2725
[0.11053601]
2726
[0.1054663]
2727
[0.07947287]
2728
[0.10903707]
2729
[0.1591236]
2730
[0.11817223]
2731
[0.15393244]
2732
[0.11825913]
2733
[0.123504]
2734
[0.18658119]
2735
[0.12663772]
2736
[0.12445612]
2737
[0.15439735]
2738
[0.14328493]
2739
[0.13058147]
2740
[0.21708733]
2741
[0.11436884]
2742
[0.1530629]
2743
[0.14422078]
2744
[0.11538535]
2745
[0.14235933]
2746
[0.11938159]
2747
[0.11557433]
2748
[0.13177756]
2749
[0.1401945]
2750
[0.12272771]
2751
[0.11082119]
2752
[0.17531998]
2753
[0.12115873]
2754
[0.11031142]
2755
[0.10117591]
2756
[0.10324124]
2757
[0.09875488]
2758
[0.09905498]
2759
[0.10483242]
2760
[0.10680275]
2761
[0.10356664]
2762
[0.12461808]
2763
[0.11547726]
2764
[0.14096839]
2765
[0.12945925]
2766
[0.08887709]
2767
[0.09500252]
2768
[0.09467182]
2769
[0.14242717]
2770
[0.13328917]
2771
[0.16857364]
2772
[0.10694332]
2773
[0.11657344]
2774
[0.11803407]
2775
[0.12255473]
2776
[0.13918343]
2777
[0.10319715]
2778
[0.09119738]
2779
[0.17632136]
2780
[0.15402958]
2781
[0.14850915]
2782
[0.13449852]
2783
[0.13791028]
2784
[0.14540903]
2785
[0.11378835]
2786
[0.11393796]
2787
[0.13680872]
2788
[0.14765925]
2789
[0.13325973]
2790
[0.12767189]
2791
[0.14091944]
2792
[0.07670733]
2793
[0.13347605]
2794
[0.17530845]
2795
[0.11844187]
2796
[0.15304079]
2797
[0.11090792]
2798
[0.12892525]
2799
[0.13951616]
2800
[0.18804709]
2801
[0.19276778]
2802
[0.11717582]
2803
[0.16267097]
2804
[0.14236149]
2805
[0.08472294]
2806
[0.12858578]
2807
[0.14874119]
2808
[0.15763832]
2809
[0.14646261]
2810
[0.13747986]
2811
[0.13355716]
2812
[0.1473116]
2813
[0.13568086]
2814
[0.1408945]
2815
[0.12114751]
2816
[0.09096174]
2817
[0.13330889]
2818
[0.1459874]
2819
[0.14912476]
2820
[0.16005143]
2821
[0.1207068]
2822
[0.15025034]
2823
[0.15904927]
2824
[0.11689828]
2825
[0.18016799]
2826
[0.08896676]
2827
[0.1522356]
2828
[0.12772628]
2829
[0.11817223]
2830
[0.17106228]
2831
[0.09761019]
2832
[0.11649357]
2833
[0.15505756]
2834
[0.17007177]
2835
[0.10716853]
2836
[0.11557506]
2837
[0.11815265]
2838
[0.17672847]
2839
[0.20571232]
2840
[0.12904406]
2841
[0.16086053]
2842
[0.13873579]
2843
[0.13362025]
2844
[0.10798656]
2845
[0.10450183]
2846
[0.13475442]
2847
[0.12833813]
2848
[0.17720519]
2849
[0.11774153]
2850
[0.13722348]
2851
[0.15050012]
2852
[0.12038219]
2853
[0.18167677]
2854
[0.17278724]
2855
[0.12419869]
2856
[0.15638403]
2857
[0.13890479]
2858
[0.09047073]
2859
[0.15285066]
2860
[0.11531618]
2861
[0.17771029]
2862
[0.08635425]
2863
[0.13841509]
2864
[0.14654619]
2865
[0.17237346]
2866
[0.11455217]
2867
[0.15358712]
2868
[0.14045796]
2869
[0.1373134]
2870
[0.14135956]
2871
[0.14754966]
2872
[0.0781831]
2873
[0.14872576]
2874
[0.14995583]
2875
[0.09640384]
2876
[0.12919709]
2877
[0.12000163]
2878
[0.18258401]
2879
[0.16609179]
2880
[0.1383051]
2881
[0.12482368]
2882
[0.15225882]
2883
[0.14305571]
2884
[0.13341366]
2885
[0.09530267]
2886
[0.12198565]
2887
[0.10531818]
2888
[0.09587322]
2889
[0.12669198]
2890
[0.14477804]
2891
[0.14326186]
2892
[0.14775378]
2893
[0.14274962]
2894
[0.11741221]
2895
[0.08369785]
2896
[0.11193656]
2897
[0.17440724]
2898
[0.1196907]
2899
[0.18113331]
2900
[0.11877691]
2901
[0.18768334]
2902
[0.13881592]
2903
[0.14728652]
2904
[0.18113675]
2905
[0.12397129]
2906
[0.12497514]
2907
[0.12133082]
2908
[0.14261763]
2909
[0.13381313]
2910
[0.12784707]
2911
[0.13424934]
2912
[0.12465068]
2913
[0.18601192]
2914
[0.13960262]
2915
[0.15847191]
2916
[0.17259321]
2917
[0.11559162]
2918
[0.14493279]
2919
[0.1502869]
2920
[0.1138288]
2921
[0.16247457]
2922
[0.16368591]
2923
[0.12054229]
2924
[0.15812918]
2925
[0.14253726]
2926
[0.11771964]
2927
[0.09614625]
2928
[0.13832553]
2929
[0.12421901]
2930
[0.12566447]
2931
[0.15352271]
2932
[0.10223144]
2933
[0.15026051]
2934
[0.15324353]
2935
[0.10903541]
2936
[0.16155823]
2937
[0.15613684]
2938
[0.09621192]
2939
[0.14534047]
2940
[0.12299805]
2941
[0.15368425]
2942
[0.18221763]
2943
[0.13386988]
2944
[0.12158511]
2945
[0.15887993]
2946
[0.18616844]
2947
[0.12724239]
2948
[0.11058634]
2949
[0.12096098]
2950
[0.13932254]
2951
[0.14504683]
2952
[0.1514264]
2953
[0.08214598]
2954
[0.11101075]
2955
[0.13524275]
2956
[0.20826918]
2957
[0.12313224]
2958
[0.11049578]
2959
[0.10877135]
2960
[0.15551298]
2961
[0.15286762]
2962
[0.15363031]
2963
[0.08733368]
2964
[0.15294806]
2965
[0.1744706]
2966
[0.0921711]
2967
[0.14406665]
2968
[0.09164733]
2969
[0.16261278]
2970
[0.1156475]
2971
[0.11732446]
2972
[0.11818924]
2973
[0.15899003]
2974
[0.11614039]
2975
[0.12428774]
2976
[0.08877174]
2977
[0.10668336]
2978
[0.16394179]
2979
[0.15974436]
2980
[0.15022014]
2981
[0.11880592]
2982
[0.15719455]
2983
[0.13994062]
2984
[0.11273013]
2985
[0.15112735]
2986
[0.13881055]
2987
[0.10668336]
2988
[0.12394425]
2989
[0.14654658]
2990
[0.18819721]
2991
[0.1538482]
2992
[0.15185769]
2993
[0.1241905]
2994
[0.13811262]
2995
[0.15142949]
2996
[0.14252632]
2997
[0.12411992]
2998
[0.13603562]
2999
[0.13658842]
3000
[0.09640384]
3001
[0.11240288]
3002
[0.12059094]
3003
[0.14066136]
3004
[0.10910207]
3005
[0.09458611]
3006
[0.14504686]
3007
[0.13607118]
3008
[0.09942723]
3009
[0.14743837]
3010
[0.1439337]
3011
[0.16642084]
3012
[0.16460455]
3013
[0.14504196]
3014
[0.13585119]
3015
[0.09043261]
3016
[0.10382987]
3017
[0.16138826]
3018
[0.10062876]
3019
[0.17094554]
3020
[0.18231339]
3021
[0.16745909]
3022
[0.1860356]
3023
[0.14229019]
3024
[0.13848006]
3025
[0.11494404]
3026
[0.17077917]
3027
[0.10330867]
3028
[0.14416882]
3029
[0.10758328]
3030
[0.15563176]
3031
[0.11696288]
3032
[0.14284919]
3033
[0.1533607]
3034
[0.09644841]
3035
[0.12812471]
3036
[0.13470799]
3037
[0.09164365]
3038
[0.1208628]
3039
[0.13092996]
3040
[0.17198853]
3041
[0.14663877]
3042
[0.12603304]
3043
[0.15997078]
3044
[0.11637929]
3045
[0.12535233]
3046
[0.11661327]
3047
[0.13220831]
3048
[0.17236001]
3049
[0.14802883]
3050
[0.13176493]
3051
[0.10668336]
3052
[0.15252361]
3053
[0.15526793]
3054
[0.12482368]
3055
[0.1415612]
3056
[0.1439778]
3057
[0.11227363]
3058
[0.14557204]
3059
[0.07848206]
3060
[0.08932579]
3061
[0.11783078]
3062
[0.11067323]
3063
[0.1257105]
3064
[0.09861349]
3065
[0.12140314]
3066
[0.11393949]
3067
[0.15161899]
3068
[0.16736529]
3069
[0.12119562]
3070
[0.13194153]
3071
[0.08612432]
3072
[0.16308615]
3073
[0.14407889]
3074
[0.1102317]
3075
[0.12397549]
3076
[0.08881473]
3077
[0.17711663]
3078
[0.10305529]
3079
[0.11756755]
3080
[0.15158553]
3081
[0.08752354]
3082
[0.13716292]
3083
[0.12425905]
3084
[0.1526024]
3085
[0.18540846]
3086
[0.14211198]
3087
[0.17422979]
3088
[0.10063658]
3089
[0.17187702]
3090
[0.13527]
3091
[0.12678624]
3092
[0.17372761]
3093
[0.14563762]
3094
[0.18096575]
3095
[0.11740975]
3096
[0.14355562]
3097
[0.13944193]
3098
[0.15200159]
3099
[0.11114873]
3100
[0.10258479]
3101
[0.09156642]
3102
[0.12876876]
3103
[0.14665472]
3104
[0.1328586]
3105
[0.10780097]
3106
[0.11969908]
3107
[0.15221131]
3108
[0.13141121]
3109
[0.14985605]
3110
[0.14626081]
3111
[0.12784707]
3112
[0.154832]
3113
[0.1509306]
3114
[0.12492812]
3115
[0.07872691]
3116
[0.14157421]
3117
[0.15633804]
3118
[0.15980259]
3119
[0.12978329]
3120
[0.15862002]
3121
[0.12997828]
3122
[0.15989498]
3123
[0.11942539]
3124
[0.14327046]
3125
[0.1477224]
3126
[0.2238188]
3127
[0.13328917]
3128
[0.09821787]
3129
[0.13328917]
3130
[0.1209211]
3131
[0.10168554]
3132
[0.11317798]
3133
[0.1159388]
3134
[0.16066645]
3135
[0.11273183]
3136
[0.09579916]
3137
[0.16708443]
3138
[0.14292717]
3139
[0.16735991]
3140
[0.14796962]
3141
[0.1107254]
3142
[0.13449852]
3143
[0.09723453]
3144
[0.125902]
3145
[0.11589792]
3146
[0.14723811]
3147
[0.11978129]
3148
[0.16058861]
3149
[0.14292248]
3150
[0.12627072]
3151
[0.18214943]
3152
[0.09439071]
3153
[0.13389833]
3154
[0.07923862]
3155
[0.10891063]
3156
[0.08713907]
3157
[0.11305965]
3158
[0.14405024]
3159
[0.12496714]
3160
[0.10834751]
3161
[0.08551965]
3162
[0.15433469]
3163
[0.13147514]
3164
[0.17116234]
3165
[0.14449521]
3166
[0.17743717]
3167
[0.15025429]
3168
[0.12481903]
3169
[0.16972472]
3170
[0.0968954]
3171
[0.16904136]
3172
[0.15203417]
3173
[0.14659935]
3174
[0.12322203]
3175
[0.12511555]
3176
[0.13334615]
3177
[0.11031142]
3178
[0.1249386]
3179
[0.09113424]
3180
[0.13671124]
3181
[0.12480596]
3182
[0.07995617]
3183
[0.14009074]
3184
[0.15332519]
3185
[0.13051355]
3186
[0.11060353]
3187
[0.15111748]
3188
[0.12833575]
3189
[0.15213601]
3190
[0.1199871]
3191
[0.1369934]
3192
[0.0883895]
3193
[0.07705416]
3194
[0.15072658]
3195
[0.1219317]
3196
[0.1292587]
3197
[0.14538272]
3198
[0.14306538]
3199
[0.20358359]
3200
[0.15667658]
3201
[0.09916788]
3202
[0.14832602]
3203
[0.12981671]
3204
[0.12480822]
3205
[0.09308816]
3206
[0.1489703]
3207
[0.14548035]
3208
[0.1480476]
3209
[0.10541485]
3210
[0.17077917]
3211
[0.1093318]
3212
[0.12724239]
3213
[0.14290154]
3214
[0.1068265]
3215
[0.1533819]
3216
[0.12099932]
3217
[0.18456321]
3218
[0.16020584]
3219
[0.13041659]
3220
[0.10808608]
3221
[0.162091]
3222
[0.14651302]
3223
[0.12114022]
3224
[0.14778466]
3225
[0.161065]
3226
[0.11852139]
3227
[0.10435234]
3228
[0.13150182]
3229
[0.09613515]
3230
[0.17533519]
3231
[0.09683365]
3232
[0.13632373]
3233
[0.14776268]
3234
[0.10596311]
3235
[0.13030552]
3236
[0.09681222]
3237
[0.11053102]
3238
[0.15472435]
3239
[0.11353835]
3240
[0.15336052]
3241
[0.14203645]
3242
[0.09358907]
3243
[0.10584053]
3244
[0.11549251]
3245
[0.1607835]
3246
[0.14492797]
3247
[0.12103277]
3248
[0.16682868]
3249
[0.11381902]
3250
[0.14298472]
3251
[0.17868199]
3252
[0.09980096]
3253
[0.06521347]
3254
[0.12476603]
3255
[0.07644948]
3256
[0.14608511]
3257
[0.11971423]
3258
[0.10160848]
3259
[0.17808326]
3260
[0.17067662]
3261
[0.16272032]
3262
[0.17359923]
3263
[0.12726458]
3264
[0.13401021]
3265
[0.17226579]
3266
[0.13268449]
3267
[0.15989647]
3268
[0.13087046]
3269
[0.17217414]
3270
[0.10426465]
3271
[0.09682784]
3272
[0.12157945]
3273
[0.15879458]
3274
[0.12980421]
3275
[0.16312391]
3276
[0.11580169]
3277
[0.12637221]
3278
[0.09193976]
3279
[0.14827467]
3280
[0.12073552]
3281
[0.12706889]
3282
[0.09820932]
3283
[0.14076843]
3284
[0.10405406]
3285
[0.12986425]
3286
[0.14441415]
3287
[0.12377543]
3288
[0.13439357]
3289
[0.08121915]
3290
[0.13987068]
3291
[0.11522099]
3292
[0.14003146]
3293
[0.18054571]
3294
[0.09510868]
3295
[0.18309419]
3296
[0.11203091]
3297
[0.15632201]
3298
[0.13510103]
3299
[0.14623395]
3300
[0.11923119]
3301
[0.10459705]
3302
[0.09277578]
3303
[0.13218374]
3304
[0.07892045]
3305
[0.15462306]
3306
[0.15655281]
3307
[0.12657333]
3308
[0.15036592]
3309
[0.10971588]
3310
[0.18850611]
3311
[0.10678643]
3312
[0.1188009]
3313
[0.10951072]
3314
[0.1780302]
3315
[0.17491332]
3316
[0.12564392]
3317
[0.14534894]
3318
[0.12113341]
3319
[0.09035707]
3320
[0.09954414]
3321
[0.15128544]
3322
[0.10355578]
3323
[0.1190084]
3324
[0.08826284]
3325
[0.10849739]
3326
[0.1255978]
3327
[0.10671662]
3328
[0.12102926]
3329
[0.11695734]
3330
[0.14268684]
3331
[0.14379102]
3332
[0.13691723]
3333
[0.13302673]
3334
[0.20439972]
3335
[0.15246299]
3336
[0.12144437]
3337
[0.13754653]
3338
[0.122282]
3339
[0.15421984]
3340
[0.11615411]
3341
[0.13256991]
3342
[0.16469432]
3343
[0.11989181]
3344
[0.14052793]
3345
[0.14502217]
3346
[0.11248683]
3347
[0.14241706]
3348
[0.10946002]
3349
[0.10184594]
3350
[0.14840611]
3351
[0.13640291]
3352
[0.12943053]
3353
[0.10407057]
3354
[0.07974974]
3355
[0.11328768]
3356
[0.11474038]
3357
[0.14139079]
3358
[0.10745392]
3359
[0.19749449]
3360
[0.14012335]
3361
[0.11691209]
3362
[0.14517334]
3363
[0.13846117]
3364
[0.13533018]
3365
[0.10464364]
3366
[0.14621412]
3367
[0.13992645]
3368
[0.12464426]
3369
[0.13505274]
3370
[0.11538748]
3371
[0.166731]
3372
[0.11998626]
3373
[0.15644765]
3374
[0.13284734]
3375
[0.15459206]
3376
[0.12632556]
3377
[0.18430735]
3378
[0.15458314]
3379
[0.17181867]
3380
[0.09457238]
3381
[0.14978649]
3382
[0.15658102]
3383
[0.13906372]
3384
[0.14048532]
3385
[0.11454417]
3386
[0.13763246]
3387
[0.10547811]
3388
[0.15505756]
3389
[0.13789024]
3390
[0.08793575]
3391
[0.08638919]
3392
[0.13570788]
3393
[0.17128248]
3394
[0.13213268]
3395
[0.14865448]
3396
[0.13510479]
3397
[0.14901078]
3398
[0.14332244]
3399
[0.16640326]
3400
[0.14766245]
3401
[0.12220188]
3402
[0.11934766]
3403
[0.16205885]
3404
[0.13538135]
3405
[0.10086399]
3406
[0.09358097]
3407
[0.13211151]
3408
[0.15773927]
3409
[0.15868562]
3410
[0.12112798]
3411
[0.15136971]
3412
[0.12104906]
3413
[0.15079273]
3414
[0.1302806]
3415
[0.15500303]
3416
[0.13676759]
3417
[0.12905643]
3418
[0.12487933]
3419
[0.13150089]
3420
[0.15913756]
3421
[0.13524511]
3422
[0.15283998]
3423
[0.11155115]
3424
[0.11061909]
3425
[0.17508615]
3426
[0.12990253]
3427
[0.14290216]
3428
[0.1207885]
3429
[0.14714766]
3430
[0.17448263]
3431
[0.14242871]
3432
[0.13172489]
3433
[0.13008412]
3434
[0.09595125]
3435
[0.16716899]
3436
[0.10833096]
3437
[0.10513254]
3438
[0.13253306]
3439
[0.12682819]
3440
[0.15434532]
3441
[0.14388263]
3442
[0.18349959]
3443
[0.10629807]
3444
[0.12858549]
3445
[0.12421901]
3446
[0.11877691]
3447
[0.1121494]
3448
[0.12303281]
3449
[0.14685235]
3450
[0.14334682]
3451
[0.15663816]
3452
[0.13299712]
3453
[0.14953886]
3454
[0.11490783]
3455
[0.12030088]
3456
[0.07282142]
3457
[0.10849739]
3458
[0.09005867]
3459
[0.17320269]
3460
[0.13949799]
3461
[0.13038539]
3462
[0.09192519]
3463
[0.14829722]
3464
[0.10071933]
3465
[0.16857439]
3466
[0.15374235]
3467
[0.10842896]
3468
[0.12965897]
3469
[0.1214402]
3470
[0.07947287]
3471
[0.10846199]
3472
[0.09396663]
3473
[0.13092681]
3474
[0.14032709]
3475
[0.119007]
3476
[0.12415937]
3477
[0.1087452]
3478
[0.0976132]
3479
[0.11531022]
3480
[0.08679276]
3481
[0.11399498]
3482
[0.15010072]
3483
[0.12663772]
3484
[0.16067486]
3485
[0.13456704]
3486
[0.15697763]
3487
[0.12507087]
3488
[0.12919485]
3489
[0.11663121]
3490
[0.15131961]
3491
[0.10486933]
3492
[0.14132781]
3493
[0.16334465]
3494
[0.15230848]
3495
[0.14902769]
3496
[0.1040032]
3497
[0.12772219]
3498
[0.16360895]
3499
[0.08975239]
3500
[0.13034248]
3501
[0.17556148]
3502
[0.12756945]
3503
[0.15177867]
3504
[0.10305529]
3505
[0.11188273]
3506
[0.13328917]
3507
[0.15648744]
3508
[0.14570098]
3509
[0.18014038]
3510
[0.13708272]
3511
[0.11938159]
3512
[0.14505811]
3513
[0.14186322]
3514
[0.11734629]
3515
[0.14255379]
3516
[0.12951449]
3517
[0.17892918]
3518
[0.13617154]
3519
[0.13244075]
3520
[0.17197401]
3521
[0.13390769]
3522
[0.14849481]
3523
[0.15878705]
3524
[0.13377964]
3525
[0.16399439]
3526
[0.12839278]
3527
[0.14310977]
3528
[0.16109028]
3529
[0.1700078]
3530
[0.1567368]
3531
[0.13689294]
3532
[0.1206956]
3533
[0.13170906]
3534
[0.13474315]
3535
[0.14712524]
3536
[0.15128044]
3537
[0.14427036]
3538
[0.14113764]
3539
[0.11346995]
3540
[0.12309762]
3541
[0.10607868]
3542
[0.10244543]
3543
[0.17536658]
3544
[0.15830332]
3545
[0.09882255]
3546
[0.10063658]
3547
[0.12145181]
3548
[0.16166789]
3549
[0.14672194]
3550
[0.16913845]
3551
[0.15228942]
3552
[0.08983861]
3553
[0.13486008]
3554
[0.11534797]
3555
[0.135207]
3556
[0.16321355]
3557
[0.15284211]
3558
[0.12346609]
3559
[0.16578489]
3560
[0.12178511]
3561
[0.11317535]
3562
[0.11678328]
3563
[0.10581317]
3564
[0.11270434]
3565
[0.13297641]
3566
[0.15380513]
3567
[0.15736446]
3568
[0.16174829]
3569
[0.1195743]
3570
[0.13039856]
3571
[0.148026]
3572
[0.1218003]
3573
[0.15480289]
3574
[0.10724196]
3575
[0.15897776]
3576
[0.08475349]
3577
[0.18468676]
3578
[0.14484764]
3579
[0.14729477]
3580
[0.13418371]
3581
[0.10202406]
3582
[0.13835149]
3583
[0.15072363]
3584
[0.15019552]
3585
[0.09349694]
3586
[0.12183876]
3587
[0.1202205]
3588
[0.13048637]
3589
[0.14189728]
3590
[0.1512793]
3591
[0.10338336]
3592
[0.10849739]
3593
[0.15130725]
3594
[0.13827119]
3595
[0.16099048]
3596
[0.15154219]
3597
[0.16769552]
3598
[0.1832789]
3599
[0.09579916]
3600
[0.13841786]
3601
[0.14030154]
3602
[0.11344708]
3603
[0.11938159]
3604
[0.13994062]
3605
[0.15332831]
3606
[0.1449676]
3607
[0.10401176]
3608
[0.11454417]
3609
[0.14214937]
3610
[0.12542836]
3611
[0.13000694]
3612
[0.15454937]
3613
[0.17564652]
3614
[0.13545296]
3615
[0.13605977]
3616
[0.08023686]
3617
[0.13761452]
3618
[0.12098877]
3619
[0.10769975]
3620
[0.14557037]
3621
[0.06919335]
3622
[0.13578457]
3623
[0.10624555]
3624
[0.14921392]
3625
[0.15082016]
3626
[0.11994367]
3627
[0.13213504]
3628
[0.08149115]
3629
[0.1616138]
3630
[0.10019631]
3631
[0.10789271]
3632
[0.12077745]
3633
[0.1186134]
3634
[0.14287259]
3635
[0.16846428]
3636
[0.16765949]
3637
[0.11879584]
3638
[0.11817223]
3639
[0.10464419]
3640
[0.07734393]
3641
[0.10728804]
3642
[0.16198435]
3643
[0.12205343]
3644
[0.12852718]
3645
[0.09161714]
3646
[0.0972174]
3647
[0.12905643]
3648
[0.12787377]
3649
[0.10607868]
3650
[0.09381663]
3651
[0.12276793]
3652
[0.16510842]
3653
[0.16506078]
3654
[0.17240001]
3655
[0.12194489]
3656
[0.11344952]
3657
[0.17193718]
3658
[0.15031596]
3659
[0.13908639]
3660
[0.09821787]
3661
[0.1588315]
3662
[0.13841123]
3663
[0.12611713]
3664
[0.11824431]
3665
[0.07206222]
3666
[0.12654162]
3667
[0.10910207]
3668
[0.16459915]
3669
[0.12300965]
3670
[0.15317094]
3671
[0.09602472]
3672
[0.17026897]
3673
[0.09714069]
3674
[0.1296611]
3675
[0.15206312]
3676
[0.11965101]
3677
[0.12663772]
3678
[0.1001812]
3679
[0.17054658]
3680
[0.10245062]
3681
[0.13045021]
3682
[0.07826352]
3683
[0.14328837]
3684
[0.1336344]
3685
[0.11956423]
3686
[0.1517226]
3687
[0.14598008]
3688
[0.14424869]
3689
[0.09703345]
3690
[0.11659098]
3691
[0.15370534]
3692
[0.14630884]
3693
[0.17876042]
3694
[0.16349693]
3695
[0.12566177]
3696
[0.10384883]
3697
[0.09836291]
3698
[0.15570759]
3699
[0.17291588]
3700
[0.14164457]
3701
[0.14483048]
3702
[0.12310547]
3703
[0.10417881]
3704
[0.12890202]
3705
[0.10124126]
3706
[0.06304462]
3707
[0.11817632]
3708
[0.11304129]
3709
[0.15022014]
3710
[0.15232994]
3711
[0.20327759]
3712
[0.09521281]
3713
[0.13885083]
3714
[0.13691723]
3715
[0.1360043]
3716
[0.14036131]
3717
[0.09410682]
3718
[0.12942003]
3719
[0.14488665]
3720
[0.12382536]
3721
[0.11147429]
3722
[0.11376451]
3723
[0.14332054]
3724
[0.07484645]
3725
[0.12455376]
3726
[0.13217584]
3727
[0.06700818]
3728
[0.1339917]
3729
[0.1296478]
3730
[0.15172599]
3731
[0.09409187]
3732
[0.11462207]
3733
[0.15329948]
3734
[0.15142949]
3735
[0.1773384]
3736
[0.16994685]
3737
[0.14133337]
3738
[0.10999631]
3739
[0.13686396]
3740
[0.1579329]
3741
[0.15117129]
3742
[0.13018269]
3743
[0.14235933]
3744
[0.14954076]
3745
[0.14313966]
3746
[0.14675525]
3747
[0.12071287]
3748
[0.14719675]
3749
[0.11794346]
3750
[0.11632276]
3751
[0.13872575]
3752
[0.10944658]
3753
[0.10253456]
3754
[0.11861544]
3755
[0.1393341]
3756
[0.11579936]
3757
[0.15150864]
3758
[0.15222818]
3759
[0.13506476]
3760
[0.17534287]
3761
[0.15364307]
3762
[0.12918455]
3763
[0.12521195]
3764
[0.10668336]
3765
[0.12370216]
3766
[0.14909213]
3767
[0.10755514]
3768
[0.1109161]
3769
[0.14029561]
3770
[0.10426465]
3771
[0.14520141]
3772
[0.1863]
3773
[0.09949853]
3774
[0.13685205]
3775
[0.12689013]
3776
[0.13983676]
3777
[0.17241288]
3778
[0.13695802]
3779
[0.15624125]
3780
[0.09558533]
3781
[0.16001539]
3782
[0.10013158]
3783
[0.11357298]
3784
[0.1053881]
3785
[0.15538107]
3786
[0.14609889]
3787
[0.17124015]
3788
[0.14028859]
3789
[0.08258215]
3790
[0.12094984]
3791
[0.09464793]
3792
[0.12055202]
3793
[0.14739471]
3794
[0.10547675]
3795
[0.11909758]
3796
[0.1218904]
3797
[0.15511251]
3798
[0.13625562]
3799
[0.1562144]
3800
[0.13885363]
3801
[0.16509902]
3802
[0.11761044]
3803
[0.17991976]
3804
[0.12720965]
3805
[0.08854303]
3806
[0.11852018]
3807
[0.12869403]
3808
[0.16465038]
3809
[0.12011725]
3810
[0.12995642]
3811
[0.13836812]
3812
[0.14901078]
3813
[0.09006352]
3814
[0.08835323]
3815
[0.12129257]
3816
[0.15747627]
3817
[0.13675839]
3818
[0.14416786]
3819
[0.17253188]
3820
[0.15739154]
3821
[0.11350826]
3822
[0.0819703]
3823
[0.14083064]
3824
[0.10450627]
3825
[0.09822406]
3826
[0.1302703]
3827
[0.16581192]
3828
[0.1263528]
3829
[0.1266752]
3830
[0.13181627]
3831
[0.15139588]
3832
[0.14503663]
3833
[0.19120348]
3834
[0.19415535]
3835
[0.08950706]
3836
[0.14250668]
3837
[0.1285802]
3838
[0.12459326]
3839
[0.0923314]
3840
[0.11549811]
3841
[0.13819348]
3842
[0.14182825]
3843
[0.13177854]
3844
[0.10796638]
3845
[0.12636131]
3846
[0.10142217]
3847
[0.1790147]
3848
[0.09983027]
3849
[0.15361433]
3850
[0.14330221]
3851
[0.09423212]
3852
[0.13235786]
3853
[0.11532686]
3854
[0.16157513]
3855
[0.13125564]
3856
[0.13755272]
3857
[0.09751838]
3858
[0.16980231]
3859
[0.11393949]
3860
[0.11827253]
3861
[0.15362281]
3862
[0.12469564]
3863
[0.14533136]
3864
[0.14442237]
3865
[0.1396168]
3866
[0.07549386]
3867
[0.17768557]
3868
[0.16221937]
3869
[0.11205787]
3870
[0.13207981]
3871
[0.17830805]
3872
[0.1416573]
3873
[0.12138024]
3874
[0.10910207]
3875
[0.14607214]
3876
[0.10981239]
3877
[0.1196746]
3878
[0.1664523]
3879
[0.15157928]
3880
[0.1391778]
3881
[0.10074699]
3882
[0.09277578]
3883
[0.12202513]
3884
[0.11931048]
3885
[0.10285413]
3886
[0.15445288]
3887
[0.13752191]
3888
[0.15771778]
3889
[0.14469233]
3890
[0.12724239]
3891
[0.07851824]
3892
[0.12864144]
3893
[0.13609401]
3894
[0.16482199]
3895
[0.10330611]
3896
[0.10859082]
3897
[0.13249121]
3898
[0.11313376]
3899
[0.11938159]
3900
[0.13478781]
3901
[0.08491497]
3902
[0.14029808]
3903
[0.13634619]
3904
[0.18805066]
3905
[0.09803046]
3906
[0.12932355]
3907
[0.10750811]
3908
[0.086729]
3909
[0.15015613]
3910
[0.16321343]
3911
[0.11817223]
3912
[0.11079524]
3913
[0.13918502]
3914
[0.1677053]
3915
[0.11454417]
3916
[0.13641428]
3917
[0.10970675]
3918
[0.13292802]
3919
[0.18408208]
3920
[0.15875719]
3921
[0.1133227]
3922
[0.14114998]
3923
[0.14048491]
3924
[0.15452673]
3925
[0.10184594]
3926
[0.16231369]
3927
[0.0932174]
3928
[0.14332366]
3929
[0.14632123]
3930
[0.15774622]
3931
[0.06656288]
3932
[0.13758367]
3933
[0.11324197]
3934
[0.17446027]
3935
[0.14085867]
3936
[0.13592596]
3937
[0.10679708]
3938
[0.14805861]
3939
[0.16138571]
3940
[0.15624386]
3941
[0.10782537]
3942
[0.12614794]
3943
[0.13937457]
3944
[0.18081869]
3945
[0.12542836]
3946
[0.08325292]
3947
[0.11041651]
3948
[0.16732841]
3949
[0.1061432]
3950
[0.14980524]
3951
[0.13798181]
3952
[0.14815753]
3953
[0.15090213]
3954
[0.14989744]
3955
[0.09262886]
3956
[0.13271154]
3957
[0.15505527]
3958
[0.13327469]
3959
[0.10305433]
3960
[0.17435651]
3961
[0.1514853]
3962
[0.1379147]
3963
[0.14663265]
3964
[0.14541656]
3965
[0.16049966]
3966
[0.16776964]
3967
[0.13689871]
3968
[0.12358716]
3969
[0.10641961]
3970
[0.10849739]
3971
[0.15009689]
3972
[0.14512972]
3973
[0.15551959]
3974
[0.12083327]
3975
[0.13420471]
3976
[0.1217105]
3977
[0.09277263]
3978
[0.10109446]
3979
[0.12228618]
3980
[0.13669238]
3981
[0.08580228]
3982
[0.12544188]
3983
[0.08349987]
3984
[0.13578665]
3985
[0.15178548]
3986
[0.1486042]
3987
[0.16179639]
3988
[0.07114873]
3989
[0.13195115]
3990
[0.17559992]
3991
[0.09219896]
3992
[0.1026885]
3993
[0.10334603]
3994
[0.1453017]
3995
[0.15586093]
3996
[0.17205545]
3997
[0.12603616]
3998
[0.09889256]
3999
[0.13994062]
4000
[0.13856394]
4001
[0.14354726]
4002
[0.13625518]
4003
[0.1255555]
4004
[0.1234269]
4005
[0.13425939]
4006
[0.12942973]
4007
[0.13574282]
4008
[0.11855781]
4009
[0.08604018]
4010
[0.13326866]
4011
[0.09589763]
4012
[0.11454417]
4013
[0.09439997]
4014
[0.0976132]
4015
[0.13680888]
4016
[0.15176756]
4017
[0.17905086]
4018
[0.13940754]
4019
[0.13831409]
4020
[0.11293949]
4021
[0.12506226]
4022
[0.16103773]
4023
[0.14915746]
4024
[0.12208936]
4025
[0.10910207]
4026
[0.10409628]
4027
[0.1215661]
4028
[0.1128393]
4029
[0.12921742]
4030
[0.14188536]
4031
[0.17182253]
4032
[0.11669573]
4033
[0.12539383]
4034
[0.13557173]
4035
[0.11687148]
4036
[0.13248499]
4037
[0.15263978]
4038
[0.19564878]
4039
[0.12738634]
4040
[0.09614964]
4041
[0.08689777]
4042
[0.09444919]
4043
[0.11939917]
4044
[0.13741748]
4045
[0.12519872]
4046
[0.13209092]
4047
[0.13352856]
4048
[0.10930308]
4049
[0.14487299]
4050
[0.16281567]
4051
[0.13223997]
4052
[0.1325647]
4053
[0.12233444]
4054
[0.12784727]
4055
[0.11324387]
4056
[0.14332893]
4057
[0.10486933]
4058
[0.10991876]
4059
[0.12491724]
4060
[0.15144133]
4061
[0.12879896]
4062
[0.11933245]
4063
[0.13983992]
4064
[0.11297119]
4065
[0.12389043]
4066
[0.13067098]
4067
[0.14105645]
4068
[0.1326058]
4069
[0.11780113]
4070
[0.10910207]
4071
[0.17234688]
4072
[0.14098987]
4073
[0.16594175]
4074
[0.13913881]
4075
[0.12574039]
4076
[0.13163921]
4077
[0.05737882]
4078
[0.10857894]
4079
[0.07653272]
4080
[0.14096007]
4081
[0.1301527]
4082
[0.13058784]
4083
[0.11842834]
4084
[0.13511453]
4085
[0.14552615]
4086
[0.14212871]
4087
[0.08909619]
4088
[0.0921711]
4089
[0.18166814]
4090
[0.19337342]
4091
[0.1139146]
4092
[0.13032941]
4093
[0.14475808]
4094
[0.16121596]
4095
[0.14141567]
4096
[0.1109161]
4097
[0.1347379]
4098
[0.13350158]
4099
[0.11586096]
4100
[0.1245836]
4101
[0.15414769]
4102
[0.07565991]
4103
[0.13674446]
4104
[0.14175465]
4105
[0.11499658]
4106
[0.10903902]
4107
[0.12124918]
4108
[0.14286992]
4109
[0.18045009]
4110
[0.19885312]
4111
[0.17687527]
4112
[0.10823851]
4113
[0.13570788]
4114
[0.11031142]
4115
[0.14177373]
4116
[0.10970675]
4117
[0.13750315]
4118
[0.16919065]
4119
[0.13680376]
4120
[0.14432237]
4121
[0.12745934]
4122
[0.15624748]
4123
[0.13724776]
4124
[0.14154023]
4125
[0.13694703]
4126
[0.12991962]
4127
[0.1237902]
4128
[0.18307443]
4129
[0.14063833]
4130
[0.15061214]
4131
[0.13125992]
4132
[0.20968458]
4133
[0.16016331]
4134
[0.10792764]
4135
[0.14114767]
4136
[0.16383885]
4137
[0.1296611]
4138
[0.15142949]
4139
[0.14782274]
4140
[0.12683383]
4141
[0.15142714]
4142
[0.12485786]
4143
[0.15077831]
4144
[0.11747345]
4145
[0.13957877]
4146
[0.14424311]
4147
[0.14537195]
4148
[0.12300965]
4149
[0.09156642]
4150
[0.15919011]
4151
[0.07115892]
4152
[0.12785463]
4153
[0.15958274]
4154
[0.09956114]
4155
[0.11696288]
4156
[0.15412878]
4157
[0.12614118]
4158
[0.12831558]
4159
[0.12000257]
4160
[0.13959615]
4161
[0.15746359]
4162
[0.16626593]
4163
[0.12303943]
4164
[0.07956061]
4165
[0.16289283]
4166
[0.16273144]
4167
[0.14788858]
4168
[0.13933594]
4169
[0.18687081]
4170
[0.11466408]
4171
[0.151379]
4172
[0.09272175]
4173
[0.11395271]
4174
[0.10901656]
4175
[0.12364596]
4176
[0.15291227]
4177
[0.14080373]
4178
[0.16969249]
4179
[0.09967795]
4180
[0.1248139]
4181
[0.08553133]
4182
[0.15503047]
4183
[0.13752191]
4184
[0.13841843]
4185
[0.08132502]
4186
[0.12081474]
4187
[0.12479776]
4188
[0.12119562]
4189
[0.11971876]
4190
[0.105474]
4191
[0.14764528]
4192
[0.12187633]
4193
[0.11840609]
4194
[0.12115052]
4195
[0.19648625]
4196
[0.12593689]
4197
[0.1336978]
4198
[0.16053367]
4199
[0.19183842]
4200
[0.17527444]
4201
[0.16127052]
4202
[0.17167928]
4203
[0.16903852]
4204
[0.15894474]
4205
[0.15308564]
4206
[0.10166987]
4207
[0.13994062]
4208
[0.12333566]
4209
[0.15272133]
4210
[0.16589261]
4211
[0.11702875]
4212
[0.10528824]
4213
[0.10391946]
4214
[0.11732473]
4215
[0.1514215]
4216
[0.16548314]
4217
[0.11696403]
4218
[0.10668336]
4219
[0.14298423]
4220
[0.08310094]
4221
[0.13179547]
4222
[0.12109729]
4223
[0.11505242]
4224
[0.13458953]
4225
[0.14706612]
4226
[0.16581026]
4227
[0.12703757]
4228
[0.14835776]
4229
[0.10927435]
4230
[0.1668408]
4231
[0.16412772]
4232
[0.1459874]
4233
[0.14338737]
4234
[0.13114157]
4235
[0.13184714]
4236
[0.10418618]
4237
[0.15882318]
4238
[0.11575352]
4239
[0.11713785]
4240
[0.19060204]
4241
[0.17315953]
4242
[0.07772722]
4243
[0.12962803]
4244
[0.1536582]
4245
[0.11500418]
4246
[0.15099007]
4247
[0.10379656]
4248
[0.16446262]
4249
[0.12482368]
4250
[0.11333481]
4251
[0.12602439]
4252
[0.12943264]
4253
[0.08806959]
4254
[0.15060749]
4255
[0.14114998]
4256
[0.0954735]
4257
[0.14568545]
4258
[0.10623642]
4259
[0.16107216]
4260
[0.11669969]
4261
[0.1647324]
4262
[0.13199432]
4263
[0.1108689]
4264
[0.11134245]
4265
[0.09197139]
4266
[0.13958651]
4267
[0.10572506]
4268
[0.15622762]
4269
[0.16280888]
4270
[0.15762259]
4271
[0.10809762]
4272
[0.13607172]
4273
[0.07886819]
4274
[0.08022806]
4275
[0.17982085]
4276
[0.10103688]
4277
[0.12290994]
4278
[0.14741572]
4279
[0.15181569]
4280
[0.14795086]
4281
[0.12113115]
4282
[0.12753388]
4283
[0.09202494]
4284
[0.13345359]
4285
[0.09112787]
4286
[0.14558592]
4287
[0.15205937]
4288
[0.14659207]
4289
[0.06669721]
4290
[0.17348583]
4291
[0.06919335]
4292
[0.11938159]
4293
[0.11036467]
4294
[0.1261749]
4295
[0.14334989]
4296
[0.09225684]
4297
[0.10483068]
4298
[0.18240491]
4299
[0.16149669]
4300
[0.09461493]
4301
[0.15213779]
4302
[0.12302663]
4303
[0.12377742]
4304
[0.12187824]
4305
[0.08543795]
4306
[0.13606105]
4307
[0.1353102]
4308
[0.15220769]
4309
[0.12441558]
4310
[0.12180548]
4311
[0.17906727]
4312
[0.1284582]
4313
[0.11281824]
4314
[0.18804546]
4315
[0.13316259]
4316
[0.11751183]
4317
[0.15652826]
4318
[0.11012319]
4319
[0.11339088]
4320
[0.15260977]
4321
[0.12300965]
4322
[0.11152078]
4323
[0.14838225]
4324
[0.1568967]
4325
[0.17201248]
4326
[0.13396664]
4327
[0.12760023]
4328
[0.12448117]
4329
[0.08068223]
4330
[0.1163582]
4331
[0.16019744]
4332
[0.15285552]
4333
[0.1250639]
4334
[0.10864084]
4335
[0.13642926]
4336
[0.09222815]
4337
[0.16416699]
4338
[0.12452772]
4339
[0.10003191]
4340
[0.11918101]
4341
[0.15837218]
4342
[0.12361433]
4343
[0.13006849]
4344
[0.09812172]
4345
[0.11734222]
4346
[0.11922866]
4347
[0.11583628]
4348
[0.15232191]
4349
[0.14153858]
4350
[0.16962571]
4351
[0.17030189]
4352
[0.1898286]
4353
[0.1071989]
4354
[0.11692897]
4355
[0.12275093]
4356
[0.12822548]
4357
[0.12072199]
4358
[0.11620177]
4359
[0.1440701]
4360
[0.14413494]
4361
[0.11544157]
4362
[0.23048833]
4363
[0.15268232]
4364
[0.11339988]
4365
[0.16610445]
4366
[0.09338045]
4367
[0.12600697]
4368
[0.16119863]
4369
[0.1638498]
4370
[0.1431921]
4371
[0.16050446]
4372
[0.10415856]
4373
[0.09821787]
4374
[0.1336548]
4375
[0.13437151]
4376
[0.17863998]
4377
[0.12028087]
4378
[0.19318678]
4379
[0.13455353]
4380
[0.14175465]
4381
[0.14484498]
4382
[0.05830916]
4383
[0.15853219]
4384
[0.12113614]
4385
[0.12117892]
4386
[0.13331817]
4387
[0.12326263]
4388
[0.1384175]
4389
[0.15646826]
4390
[0.1565321]
4391
[0.16150492]
4392
[0.16100274]
4393
[0.11140701]
4394
[0.16114287]
4395
[0.11860722]
4396
[0.1019334]
4397
[0.1545576]
4398
[0.10728804]
4399
[0.10305529]
4400
[0.14215621]
4401
[0.1137228]
4402
[0.10402187]
4403
[0.13760864]
4404
[0.15943619]
4405
[0.13142918]
4406
[0.13640869]
4407
[0.12824098]
4408
[0.12540834]
4409
[0.1194421]
4410
[0.11612692]
4411
[0.10573652]
4412
[0.1046488]
4413
[0.09096174]
4414
[0.12709659]
4415
[0.108095]
4416
[0.10275411]
4417
[0.09997919]
4418
[0.12043048]
4419
[0.10547943]
4420
[0.10184594]
4421
[0.14442146]
4422
[0.12674149]
4423
[0.14930571]
4424
[0.08549499]
4425
[0.20112767]
4426
[0.09120557]
4427
[0.18913309]
4428
[0.14914176]
4429
[0.11647769]
4430
[0.09640384]
4431
[0.15633182]
4432
[0.11514884]
4433
[0.1240574]
4434
[0.12283784]
4435
[0.1255597]
4436
[0.11377517]
4437
[0.14605185]
4438
[0.11239385]
4439
[0.11454417]
4440
[0.16580171]
4441
[0.11768882]
4442
[0.13428847]
4443
[0.15406052]
4444
[0.10950056]
4445
[0.11273013]
4446
[0.1634141]
4447
[0.13421789]
4448
[0.1682309]
4449
[0.12042225]
4450
[0.12230272]
4451
[0.16010101]
4452
[0.12095577]
4453
[0.11152078]
4454
[0.14349883]
4455
[0.09653658]
4456
[0.13138548]
4457
[0.11869391]
4458
[0.14498892]
4459
[0.12191134]
4460
[0.19047289]
4461
[0.16184416]
4462
[0.14740449]
4463
[0.10886228]
4464
[0.12482368]
4465
[0.13926877]
4466
[0.17064739]
4467
[0.13775169]
4468
[0.13186489]
4469
[0.18296194]
4470
[0.12622225]
4471
[0.14497703]
4472
[0.14464813]
4473
[0.10954146]
4474
[0.10861623]
4475
[0.13416824]
4476
[0.12417603]
4477
[0.14015416]
4478
[0.11171915]
4479
[0.11977765]
4480
[0.15066419]
4481
[0.13124376]
4482
[0.16056031]
4483
[0.08625626]
4484
[0.13119188]
4485
[0.11648714]
4486
[0.09932892]
4487
[0.14630963]
4488
[0.14382216]
4489
[0.12425639]
4490
[0.09370107]
4491
[0.17501003]
4492
[0.12443705]
4493
[0.08467861]
4494
[0.1943616]
4495
[0.18100322]
4496
[0.1538482]
4497
[0.19160984]
4498
[0.13491721]
4499
[0.14042113]
4500
[0.14719675]
4501
[0.11722313]
4502
[0.11937971]
4503
[0.15495091]
4504
[0.15558654]
4505
[0.17627599]
4506
[0.12888715]
4507
[0.16805402]
4508
[0.15472569]
4509
[0.11150931]
4510
[0.14779421]
4511
[0.16115446]
4512
[0.14173396]
4513
[0.14941497]
4514
[0.15380526]
4515
[0.11868087]
4516
[0.12845175]
4517
[0.13371934]
4518
[0.21617865]
4519
[0.15427598]
4520
[0.13385613]
4521
[0.18656888]
4522
[0.13422433]
4523
[0.13729709]
4524
[0.14753606]
4525
[0.10488563]
4526
[0.13301852]
4527
[0.12151971]
4528
[0.08735934]
4529
[0.14114998]
4530
[0.14615114]
4531
[0.11036771]
4532
[0.18457418]
4533
[0.11355926]
4534
[0.14671628]
4535
[0.14649572]
4536
[0.15403864]
4537
[0.1168722]
4538
[0.0950794]
4539
[0.13434122]
4540
[0.16170901]
4541
[0.08717657]
4542
[0.11668392]
4543
[0.10555211]
4544
[0.1418295]
4545
[0.12883594]
4546
[0.11594162]
4547
[0.10580632]
4548
[0.10712085]
4549
[0.13847218]
4550
[0.15115924]
4551
[0.11416332]
4552
[0.17825278]
4553
[0.13355947]
4554
[0.15716029]
4555
[0.18061991]
4556
[0.13576601]
4557
[0.16106305]
4558
[0.10049165]
4559
[0.17420603]
4560
[0.16088959]
4561
[0.1265196]
4562
[0.13969687]
4563
[0.1547306]
4564
[0.13754276]
4565
[0.1458437]
4566
[0.12659717]
4567
[0.1748836]
4568
[0.16425557]
4569
[0.12486482]
4570
[0.11496462]
4571
[0.13752584]
4572
[0.1542333]
4573
[0.06688577]
4574
[0.12754042]
4575
[0.12724239]
4576
[0.132526]
4577
[0.10271313]
4578
[0.14359267]
4579
[0.10184594]
4580
[0.12482368]
4581
[0.11350389]
4582
[0.08914771]
4583
[0.11357909]
4584
[0.086729]
4585
[0.10745929]
4586
[0.12938986]
4587
[0.153181]
4588
[0.16458328]
4589
[0.10018154]
4590
[0.11130429]
4591
[0.10347433]
4592
[0.11589758]
4593
[0.08529298]
4594
[0.13699679]
4595
[0.1043563]
4596
[0.15250676]
4597
[0.11084895]
4598
[0.17297701]
4599
[0.1368051]
4600
[0.07562776]
4601
[0.13474227]
4602
[0.11696288]
4603
[0.15974141]
4604
[0.128317]
4605
[0.13963503]
4606
[0.1881521]
4607
[0.11620769]
4608
[0.18152542]
4609
[0.11614233]
4610
[0.13535643]
4611
[0.12804034]
4612
[0.1153158]
4613
[0.17206909]
4614
[0.13570788]
4615
[0.15923318]
4616
[0.19698048]
4617
[0.15295712]
4618
[0.15654317]
4619
[0.15667857]
4620
[0.11890013]
4621
[0.11214896]
4622
[0.12305762]
4623
[0.13540572]
4624
[0.14323304]
4625
[0.12711293]
4626
[0.10865006]
4627
[0.15743572]
4628
[0.12687516]
4629
[0.12644733]
4630
[0.17476368]
4631
[0.09465957]
4632
[0.10740141]
4633
[0.13450646]
4634
[0.13642118]
4635
[0.13197799]
4636
[0.13096915]
4637
[0.11643226]
4638
[0.16505661]
4639
[0.13467098]
4640
[0.13912477]
4641
[0.14895079]
4642
[0.17287348]
4643
[0.13564125]
4644
[0.11060576]
4645
[0.13710971]
4646
[0.13561202]
4647
[0.117014]
4648
[0.15308627]
4649
[0.13194283]
4650
[0.13067447]
4651
[0.12053196]
4652
[0.10731931]
4653
[0.13967106]
4654
[0.14356869]
4655
[0.12375012]
4656
[0.15894704]
4657
[0.1303225]
4658
[0.1451918]
4659
[0.06314658]
4660
[0.12992529]
4661
[0.09519449]
4662
[0.09338045]
4663
[0.14800346]
4664
[0.1237373]
4665
[0.20033122]
4666
[0.12059094]
4667
[0.12403699]
4668
[0.09664095]
4669
[0.15214391]
4670
[0.12075367]
4671
[0.12119562]
4672
[0.14100863]
4673
[0.09027744]
4674
[0.137518]
4675
[0.09080431]
4676
[0.18350258]
4677
[0.16320557]
4678
[0.13268449]
4679
[0.12932568]
4680
[0.18449922]
4681
[0.1371119]
4682
[0.09135372]
4683
[0.14118495]
4684
[0.10607868]
4685
[0.14580522]
4686
[0.13540383]
4687
[0.12911169]
4688
[0.13152316]
4689
[0.16721006]
4690
[0.11590289]
4691
[0.12263973]
4692
[0.1267148]
4693
[0.08220141]
4694
[0.13127669]
4695
[0.13028804]
4696
[0.16331133]
4697
[0.1557288]
4698
[0.14605842]
4699
[0.13449852]
4700
[0.16718127]
4701
[0.14137372]
4702
[0.12935807]
4703
[0.15268248]
4704
[0.11586244]
4705
[0.10668336]
4706
[0.10495413]
4707
[0.16307606]
4708
[0.13224374]
4709
[0.1308553]
4710
[0.11740937]
4711
[0.11385027]
4712
[0.13268449]
4713
[0.14182723]
4714
[0.15044565]
4715
[0.11613164]
4716
[0.16097362]
4717
[0.11656046]
4718
[0.11139809]
4719
[0.12853411]
4720
[0.1389573]
4721
[0.12570296]
4722
[0.15319245]
4723
[0.13246079]
4724
[0.11068745]
4725
[0.13933594]
4726
[0.12930331]
4727
[0.13584838]
4728
[0.14369903]
4729
[0.1315511]
4730
[0.09921866]
4731
[0.17301459]
4732
[0.14622356]
4733
[0.10819685]
4734
[0.13818948]
4735
[0.13691723]
4736
[0.11955717]
4737
[0.12021985]
4738
[0.13298627]
4739
[0.17380256]
4740
[0.13947348]
4741
[0.09466217]
4742
[0.16478745]
4743
[0.10446061]
4744
[0.11355946]
4745
[0.13641712]
4746
[0.11002774]
4747
[0.14173572]
4748
[0.09064247]
4749
[0.07568695]
4750
[0.13808937]
4751
[0.1218003]
4752
[0.12065504]
4753
[0.14882202]
4754
[0.16758612]
4755
[0.115881]
4756
[0.16291837]
4757
[0.1239451]
4758
[0.14853323]
4759
[0.12211606]
4760
[0.13274378]
4761
[0.11072252]
4762
[0.12845175]
4763
[0.12548828]
4764
[0.1529569]
4765
[0.13566495]
4766
[0.1092951]
4767
[0.1334756]
4768
[0.15405835]
4769
[0.10517161]
4770
[0.16112851]
4771
[0.1469333]
4772
[0.12300965]
4773
[0.124475]
4774
[0.16008031]
4775
[0.1174366]
4776
[0.14890661]
4777
[0.16523117]
4778
[0.13386275]
4779
[0.14222692]
4780
[0.12389563]
4781
[0.14666353]
4782
[0.15607187]
4783
[0.12389859]
4784
[0.14886116]
4785
[0.09414852]
4786
[0.10712281]
4787
[0.11393949]
4788
[0.09601488]
4789
[0.143237]
4790
[0.11588997]
4791
[0.11285117]
4792
[0.13773404]
4793
[0.14816431]
4794
[0.12300965]
4795
[0.14310596]
4796
[0.13911227]
4797
[0.11759598]
4798
[0.12819428]
4799
[0.15156658]
4800
[0.15983877]
4801
[0.1223276]
4802
[0.14928483]
4803
[0.13418078]
4804
[0.15653227]
4805
[0.10472162]
4806
[0.1324753]
4807
[0.12049851]
4808
[0.15121565]
4809
[0.12361433]
4810
[0.14085821]
4811
[0.12407145]
4812
[0.14085467]
4813
[0.13566253]
4814
[0.17362227]
4815
[0.14174901]
4816
[0.11942374]
4817
[0.08252568]
4818
[0.10954567]
4819
[0.16065949]
4820
[0.15608964]
4821
[0.08588301]
4822
[0.10063658]
4823
[0.10668289]
4824
[0.12810503]
4825
[0.14993857]
4826
[0.16485831]
4827
[0.16890369]
4828
[0.16291837]
4829
[0.14770774]
4830
[0.08431029]
4831
[0.12059094]
4832
[0.11636162]
4833
[0.11158904]
4834
[0.13691723]
4835
[0.12420432]
4836
[0.16298691]
4837
[0.10981893]
4838
[0.14002584]
4839
[0.12385692]
4840
[0.13574118]
4841
[0.13926077]
4842
[0.14961546]
4843
[0.10326256]
4844
[0.12584898]
4845
[0.13332384]
4846
[0.14045072]
4847
[0.11740779]
4848
[0.16477594]
4849
[0.12548803]
4850
[0.16539077]
4851
[0.13671816]
4852
[0.15676942]
4853
[0.14468741]
4854
[0.12981387]
4855
[0.12408763]
4856
[0.17802326]
4857
[0.13249208]
4858
[0.12750633]
4859
[0.12205073]
4860
[0.09268434]
4861
[0.16937809]
4862
[0.16560639]
4863
[0.12511778]
4864
[0.14232614]
4865
[0.09730086]
4866
[0.11674541]
4867
[0.1736435]
4868
[0.07931702]
4869
[0.15209166]
4870
[0.20042833]
4871
[0.086729]
4872
[0.09625779]
4873
[0.16529098]
4874
[0.12866861]
4875
[0.12238098]
4876
[0.13117962]
4877
[0.14780143]
4878
[0.15459897]
4879
[0.13552358]
4880
[0.14875277]
4881
[0.13953017]
4882
[0.12505434]
4883
[0.11795158]
4884
[0.17611021]
4885
[0.12724239]
4886
[0.1236504]
4887
[0.14240314]
4888
[0.14590209]
4889
[0.12447777]
4890
[0.09579916]
4891
[0.15431038]
4892
[0.1183047]
4893
[0.11029375]
4894
[0.13413296]
4895
[0.15554367]
4896
[0.13914406]
4897
[0.12019547]
4898
[0.14882389]
4899
[0.12126252]
4900
[0.17174863]
4901
[0.1146186]
4902
[0.14598021]
4903
[0.10116236]
4904
[0.12364928]
4905
[0.14776068]
4906
[0.12059094]
4907
[0.13325791]
4908
[0.14834286]
4909
[0.1386918]
4910
[0.11715122]
4911
[0.13280924]
4912
[0.18509714]
4913
[0.10483864]
4914
[0.15997855]
4915
[0.07221674]
4916
[0.14038058]
4917
[0.13328917]
4918
[0.12156486]
4919
[0.11958191]
4920
[0.09403885]
4921
[0.14569331]
4922
[0.11704699]
4923
[0.14822342]
4924
[0.11718226]
4925
[0.15022014]
4926
[0.1218003]
4927
[0.13545605]
4928
[0.15868562]
4929
[0.11118824]
4930
[0.14568196]
4931
[0.10975784]
4932
[0.09358284]
4933
[0.17945764]
4934
[0.11696288]
4935
[0.13585835]
4936
[0.14129813]
4937
[0.1485373]
4938
[0.12874565]
4939
[0.10802417]
4940
[0.15636492]
4941
[0.09083989]
4942
[0.12478399]
4943
[0.14233139]
4944
[0.09249821]
4945
[0.13617363]
4946
[0.12059094]
4947
[0.086729]
4948
[0.09328135]
4949
[0.1570012]
4950
[0.12345247]
4951
[0.10486933]
4952
[0.1592903]
4953
[0.16790042]
4954
[0.15438662]
4955
[0.17139008]
4956
[0.09658486]
4957
[0.14747995]
4958
[0.16505618]
4959
[0.12642423]
4960
[0.13760389]
4961
[0.1128025]
4962
[0.08987116]
4963
[0.12596726]
4964
[0.11321758]
4965
[0.14648461]
4966
[0.14914573]
4967
[0.16242947]
4968
[0.11669895]
4969
[0.12166009]
4970
[0.10682582]
4971
[0.11418193]
4972
[0.08508666]
4973
[0.11663782]
4974
[0.13542507]
4975
[0.13783845]
4976
[0.14480783]
4977
[0.12845175]
4978
[0.18535875]
4979
[0.1264794]
4980
[0.10851696]
4981
[0.11998626]
4982
[0.12218428]
4983
[0.1238452]
4984
[0.10970675]
4985
[0.12419662]
4986
[0.12199235]
4987
[0.1503752]
4988
[0.12652101]
4989
[0.15894805]
4990
[0.11516676]
4991
[0.12726593]
4992
[0.13278257]
4993
[0.12481723]
4994
[0.15732908]
4995
[0.17981185]
4996
[0.15091424]
4997
[0.1386032]
4998
[0.13752191]
4999
[1] 40000    11
[1] 40000    11
[0.12395013]
