LOADING R
R LOADED
[1] "/home/lvanderl/Rlibs2"                         
[2] "/app/software/R/4.3.1-gfbf-2022b/lib/R/library"
[1] "/home/lvanderl/sieveSims"
[1] "xg 20 3"
[1] "histogram binning"
[1] 0.04049599
[1] 0.04049599
[1] "mondrian"
[1] "iso"
[1] 0.04049599
[1] "conditional"
[   10.            11.51395399    13.25711366    15.26417967
    17.57510625    20.23589648    23.29951811    26.82695795
    30.88843596    35.56480306    40.94915062    47.14866363
    54.28675439    62.50551925    71.9685673     82.86427729
    95.40954763   109.8541142    126.48552169   145.63484775
   167.68329368   193.06977289   222.29964825   255.95479227
   294.70517026   339.32217719   390.69399371   449.8432669
   517.94746792   596.36233166   686.648845     790.60432109
   910.29817799  1048.11313415  1206.79264064  1389.49549437
  1599.85871961  1842.06996933  2120.95088792  2442.05309455
  2811.76869797  3237.45754282  3727.59372031  4291.93426013
  4941.71336132  5689.86602902  6551.2855686   7543.12006335
  8685.11373751 10000.        ]
[0.2611797  0.26072697 0.26047683 0.25904436 0.25895805 0.25742566
 0.25631412 0.2553056  0.25386051 0.25229952 0.25090081 0.24914884
 0.24656872 0.244354   0.24176026 0.23905393 0.23601874 0.23245783
 0.22936335 0.22605731 0.22266284 0.21913123 0.21555952 0.21207401
 0.20857197 0.20556806 0.20288147 0.1999724  0.19773218 0.19582391
 0.19457953 0.1933868  0.19287931 0.19243349 0.19238924 0.19260066
 0.19238745 0.19225966 0.19253004 0.19242346 0.19251361 0.19247129
 0.19241914 0.19228308 0.1925345  0.19234846 0.19261899 0.1923677
 0.19259588 0.19246886]
1842.0699693267163
0.0005428675439323859
0
[0.62984721]
1
[0.27556472]
2
[0.05309206]
3
[0.0251958]
4
[0.7142334]
5
[0.7142334]
6
[0.63263684]
7
[0.7142334]
8
[0.59427948]
9
[0.7142334]
10
[0.7142334]
11
[0.00845804]
12
[0.7142334]
13
[0.01891914]
14
[0.7142334]
15
[0.22465405]
16
[0.7142334]
17
[0.58870023]
18
[0.31531689]
19
[0.42202008]
20
[0.03356467]
21
[0.11585864]
22
[0.66750716]
23
[0.65983569]
24
[0.62775499]
25
[0.40388751]
26
[0.7142334]
27
[0.7142334]
28
[0.69191639]
29
[0.68773195]
30
[0.7142334]
31
[0.42062527]
32
[0.15003156]
33
[0.7142334]
34
[0.564291]
35
[0.30904023]
36
[0.50291923]
37
[0.7142334]
38
[0.7142334]
39
[0.36064831]
40
[0.5852132]
41
[0.33275205]
42
[0.60334577]
43
[0.31880392]
44
[0.40109789]
45
[0.7142334]
46
[0.2413918]
47
[0.65286163]
48
[0.10260792]
49
[0.7142334]
50
[0.7142334]
51
[0.19885001]
52
[0.7142334]
53
[0.0900546]
54
[0.33205465]
55
[0.16397969]
56
[0.46804891]
57
[0.7142334]
58
[0.26998547]
59
[0.05727649]
60
[0.38296532]
61
[0.15561081]
62
[0.11237161]
63
[0.60055614]
64
[0.2943947]
65
[0.69540342]
66
[0.22535146]
67
[0.7142334]
68
[0.38714976]
69
[0.1116742]
70
[0.63054462]
71
[0.7142334]
72
[0.46107485]
73
[0.7142334]
74
[0.53569734]
75
[0.45479819]
76
[0.64170312]
77
[0.7142334]
78
[0.7142334]
79
[0.47641779]
80
[0.7142334]
81
[0.51895958]
82
[0.5635936]
83
[0.7142334]
84
[0.41225639]
85
[0.7142334]
86
[0.7142334]
87
[0.7142334]
88
[0.14096527]
89
[0.7142334]
90
[0.7142334]
91
[0.7142334]
92
[0.02031395]
93
[0.7142334]
94
[0.7142334]
95
[0.7142334]
96
[0.11516123]
97
[0.7142334]
98
[0.7142334]
99
[0.7142334]
100
[0.4666541]
101
[0.24208921]
102
[0.7142334]
103
[0.7142334]
104
[0.26091919]
105
[0.58033135]
106
[0.44154746]
107
[0.7142334]
108
[0.02101136]
109
[0.7142334]
110
[0.60753021]
111
[0.06006612]
112
[0.7142334]
113
[0.01333989]
114
[0.7142334]
115
[0.55243509]
116
[0.7142334]
117
[0.07610647]
118
[0.7142334]
119
[0.08726497]
120
[0.35227943]
121
[0.42202008]
122
[0.7142334]
123
[0.57405469]
124
[0.2950921]
125
[0.27765694]
126
[0.7142334]
127
[0.25324772]
128
[0.15282118]
129
[0.29160507]
130
[0.59776652]
131
[0.57196248]
132
[0.7142334]
133
[0.52872327]
134
[0.28532841]
135
[0.41713824]
136
[0.7142334]
137
[0.61310946]
138
[0.7142334]
139
[0.37668866]
140
[0.5852132]
141
[0.61868871]
142
[0.7142334]
143
[0.16258487]
144
[0.43248118]
145
[0.7142334]
146
[0.08168572]
147
[0.7142334]
148
[0.43806043]
149
[0.7142334]
150
[0.01333989]
151
[0.36831978]
152
[0.07750128]
153
[0.6709942]
154
[0.27486732]
155
[0.7142334]
156
[0.7142334]
157
[0.1228327]
158
[0.7142334]
159
[0.06773759]
160
[0.37459644]
161
[0.43596821]
162
[0.4673515]
163
[0.7142334]
164
[0.7142334]
165
[0.3160143]
166
[0.26928806]
167
[0.7142334]
168
[0.7142334]
169
[0.52942068]
170
[0.36762238]
171
[0.7142334]
172
[0.29578951]
173
[0.19117854]
174
[0.7142334]
175
[0.7142334]
176
[0.68912676]
177
[0.7142334]
178
[0.7142334]
179
[0.7142334]
180
[0.7142334]
181
[0.24766846]
182
[0.15630821]
183
[0.6933112]
184
[0.7142334]
185
[0.19466557]
186
[0.4129538]
187
[0.7142334]
188
[0.59358208]
189
[0.53848696]
190
[0.21349555]
191
[0.51965699]
192
[0.55173769]
193
[0.14236008]
194
[0.7142334]
195
[0.58312098]
196
[0.0035762]
197
[0.7142334]
198
[0.7142334]
199
[0.59148986]
200
[0.38296532]
201
[0.19257335]
202
[0.7142334]
203
[0.17792782]
204
[0.61589908]
205
[0.62984721]
206
[0.7142334]
207
[0.07331684]
208
[0.5210518]
209
[0.7142334]
210
[0.19327076]
211
[0.38993938]
212
[0.0363543]
213
[0.7142334]
214
[0.08935719]
215
[0.40458492]
216
[0.7142334]
217
[0.44015265]
218
[0.7142334]
219
[0.7142334]
220
[0.7142334]
221
[0.1444523]
222
[0.10400273]
223
[0.09423904]
224
[0.7142334]
225
[0.63124203]
226
[0.49106332]
227
[0.1869941]
228
[0.68145529]
229
[0.35367425]
230
[0.7142334]
231
[0.47502298]
232
[0.53988178]
233
[0.7142334]
234
[0.09981829]
235
[0.61938612]
236
[0.19675779]
237
[0.7142334]
238
[0.48687889]
239
[0.7142334]
240
[0.17513819]
241
[0.7142334]
242
[0.7142334]
243
[0.49733998]
244
[0.7142334]
245
[0.61171464]
246
[0.63542646]
247
[0.7142334]
248
[0.06215834]
249
[0.7142334]
250
[0.40179529]
251
[0.34181834]
252
[0.7142334]
253
[0.7142334]
254
[0.49455036]
255
[0.42899415]
256
[0.7142334]
257
[0.12422752]
258
[0.7142334]
259
[0.7142334]
260
[0.7142334]
261
[0.31880392]
262
[0.7142334]
263
[0.21837739]
264
[0.36762238]
265
[0.44712672]
266
[0.56080397]
267
[0.14305749]
268
[0.42132268]
269
[0.00078657]
270
[0.7142334]
271
[0.7142334]
272
[0.16816412]
273
[0.7142334]
274
[0.7142334]
275
[0.7142334]
276
[0.7142334]
277
[0.44921894]
278
[0.7142334]
279
[0.7142334]
280
[0.51268292]
281
[0.7142334]
282
[0.7142334]
283
[0.47641779]
284
[0.7142334]
285
[0.7142334]
286
[0.29927654]
287
[0.7142334]
288
[0.60753021]
289
[0.11446383]
290
[0.37320163]
291
[0.06982981]
292
[0.49036592]
293
[0.42759933]
294
[0.44085006]
295
[0.6179913]
296
[0.12492492]
297
[0.7142334]
298
[0.68285011]
299
[0.7142334]
300
[0.7142334]
301
[0.57126507]
302
[0.04611799]
303
[0.71144377]
304
[0.60753021]
305
[0.7142334]
306
[0.53499993]
307
[0.7142334]
308
[0.7142334]
309
[0.40458492]
310
[0.15979525]
311
[0.39970308]
312
[0.7142334]
313
[0.44154746]
314
[0.58451579]
315
[0.13747824]
316
[0.7142334]
317
[0.28951285]
318
[0.19257335]
319
[0.7142334]
320
[0.56847544]
321
[0.49036592]
322
[0.7142334]
323
[0.10888457]
324
[0.7142334]
325
[0.348095]
326
[0.17723041]
327
[0.71353599]
328
[0.35716128]
329
[0.3167117]
330
[0.7142334]
331
[0.18350707]
332
[0.54755325]
333
[0.01612951]
334
[0.16746672]
335
[0.7142334]
336
[0.7142334]
337
[0.60125355]
338
[0.23511515]
339
[0.55940916]
340
[0.00915545]
341
[0.69889045]
342
[0.7142334]
343
[0.64797978]
344
[0.62705759]
345
[0.09214682]
346
[0.23302293]
347
[0.58242357]
348
[0.39900567]
349
[0.7142334]
350
[0.7142334]
351
[0.15142637]
352
[0.60055614]
353
[0.7142334]
354
[0.10330532]
355
[0.3271728]
356
[0.7142334]
357
[0.7142334]
358
[0.36622756]
359
[0.22953589]
360
[0.7142334]
361
[0.58381839]
362
[0.50291923]
363
[0.25882697]
364
[0.09284423]
365
[0.00078657]
366
[0.58312098]
367
[0.1869941]
368
[0.7142334]
369
[0.09702866]
370
[0.43178377]
371
[0.40319011]
372
[0.26022178]
373
[0.7142334]
374
[0.68145529]
375
[0.7142334]
376
[0.08029091]
377
[0.35716128]
378
[0.51686736]
379
[0.44642931]
380
[0.05169724]
381
[0.18978373]
382
[0.7142334]
383
[0.18490188]
384
[0.7142334]
385
[0.7142334]
386
[0.43178377]
387
[0.49106332]
388
[0.7142334]
389
[0.68494232]
390
[0.7142334]
391
[0.7142334]
392
[0.71353599]
393
[0.7142334]
394
[0.7142334]
395
[0.1981526]
396
[0.7142334]
397
[0.07540906]
398
[0.44154746]
399
[0.42550712]
400
[0.18769151]
401
[0.7142334]
402
[0.14026787]
403
[0.02310358]
404
[0.33693649]
405
[0.7142334]
406
[0.26998547]
407
[0.7142334]
408
[0.16467709]
409
[0.60753021]
410
[0.7142334]
411
[0.7142334]
412
[0.7142334]
413
[0.59288467]
414
[0.7142334]
415
[0.7142334]
416
[0.7142334]
417
[0.7142334]
418
[0.63403165]
419
[0.37668866]
420
[0.56498841]
421
[0.21419295]
422
[0.7142334]
423
[0.17025634]
424
[0.58102876]
425
[0.52523624]
426
[0.7142334]
427
[0.7142334]
428
[0.13747824]
429
[0.67587604]
430
[0.41225639]
431
[0.61589908]
432
[0.67448123]
433
[0.59497689]
434
[0.7142334]
435
[0.53988178]
436
[0.4987348]
437
[0.28742063]
438
[0.23860218]
439
[0.7142334]
440
[0.6926138]
441
[0.21000851]
442
[0.7142334]
443
[0.66611235]
444
[0.53499993]
445
[0.7142334]
446
[0.52384143]
447
[0.47293076]
448
[0.24766846]
449
[0.12771455]
450
[0.7142334]
451
[0.7142334]
452
[0.69749564]
453
[0.39830826]
454
[0.59218726]
455
[0.60613539]
456
[0.7142334]
457
[0.38645235]
458
[0.19187594]
459
[0.7142334]
460
[0.7142334]
461
[0.06076353]
462
[0.21349555]
463
[0.66192791]
464
[0.7142334]
465
[0.65634866]
466
[0.17862522]
467
[0.10888457]
468
[0.48618148]
469
[0.7142334]
470
[0.19327076]
471
[0.08726497]
472
[0.55801435]
473
[0.19466557]
474
[0.05657909]
475
[0.7142334]
476
[0.7142334]
477
[0.40388751]
478
[0.2839336]
479
[0.29090766]
480
[0.38366273]
481
[0.58381839]
482
[0.54057918]
483
[0.35855609]
484
[0.66541494]
485
[0.66750716]
486
[0.57335729]
487
[0.3920316]
488
[0.63821609]
489
[0.60264836]
490
[0.34460796]
491
[0.32368577]
492
[0.52802587]
493
[0.61659649]
494
[0.66192791]
495
[0.41086158]
496
[0.59776652]
497
[0.7142334]
498
[0.4457319]
499
[0.7142334]
500
[0.10191051]
501
[0.7142334]
502
[0.7142334]
503
[0.27207769]
504
[0.03007764]
505
[0.50222183]
506
[0.19885001]
507
[0.7142334]
508
[0.7142334]
509
[0.7142334]
510
[0.62217574]
511
[0.53499993]
512
[0.7142334]
513
[0.66959938]
514
[0.23441774]
515
[0.7142334]
516
[0.44991634]
517
[0.7142334]
518
[0.48199704]
519
[0.18490188]
520
[0.33623909]
521
[0.62914981]
522
[0.14933415]
523
[0.02380098]
524
[0.46804891]
525
[0.7142334]
526
[0.6284524]
527
[0.32996243]
528
[0.71214118]
529
[0.47153594]
530
[0.7142334]
531
[0.7142334]
532
[0.7142334]
533
[0.26998547]
534
[0.14654452]
535
[0.23441774]
536
[0.46874632]
537
[0.53569734]
538
[0.21070592]
539
[0.7142334]
540
[0.7142334]
541
[0.31880392]
542
[0.5098933]
543
[0.63054462]
544
[0.7142334]
545
[0.14793934]
546
[0.26719584]
547
[0.7142334]
548
[0.56150138]
549
[0.7142334]
550
[0.48060223]
551
[0.39412382]
552
[0.33693649]
553
[0.24836587]
554
[0.65355903]
555
[0.27765694]
556
[0.7142334]
557
[0.27905175]
558
[0.65983569]
559
[0.58800282]
560
[0.65634866]
561
[0.7142334]
562
[0.18211225]
563
[0.14933415]
564
[0.13538602]
565
[0.068435]
566
[0.56289619]
567
[0.17025634]
568
[0.7142334]
569
[0.01055026]
570
[0.38017569]
571
[0.5203544]
572
[0.19396816]
573
[0.36692497]
574
[0.22256183]
575
[0.26789325]
576
[0.7142334]
577
[0.42132268]
578
[0.41016417]
579
[0.65286163]
580
[0.66890198]
581
[0.67308641]
582
[0.10748976]
583
[0.57126507]
584
[0.7142334]
585
[0.7142334]
586
[0.58451579]
587
[0.14096527]
588
[0.08029091]
589
[0.30136876]
590
[0.7142334]
591
[0.49664258]
592
[0.7142334]
593
[0.47014113]
594
[0.7142334]
595
[0.52663105]
596
[0.70656193]
597
[0.33065983]
598
[0.7142334]
599
[0.25255031]
600
[0.02798542]
601
[0.71004896]
602
[0.69121898]
603
[0.69679824]
604
[0.68424492]
605
[0.55940916]
606
[0.14584712]
607
[0.65844088]
608
[0.00078657]
609
[0.17374338]
610
[0.44363968]
611
[0.36553016]
612
[0.17095375]
613
[0.44363968]
614
[0.63472906]
615
[0.39970308]
616
[0.71353599]
617
[0.22046961]
618
[0.14654452]
619
[0.7142334]
620
[0.7142334]
621
[0.43875784]
622
[0.12353011]
623
[0.69679824]
624
[0.7142334]
625
[0.17165116]
626
[0.7142334]
627
[0.35576647]
628
[0.7142334]
629
[0.7142334]
630
[0.29788173]
631
[0.7142334]
632
[0.03356467]
633
[0.16049265]
634
[0.26649844]
635
[0.7142334]
636
[0.52523624]
637
[0.51407774]
638
[0.25045809]
639
[0.7142334]
640
[0.10818717]
641
[0.27138028]
642
[0.7142334]
643
[0.44363968]
644
[0.7142334]
645
[0.61868871]
646
[0.7142334]
647
[0.1869941]
648
[0.33275205]
649
[0.40528233]
650
[0.53290771]
651
[0.46316706]
652
[0.7142334]
653
[0.18280966]
654
[0.7142334]
655
[0.7142334]
656
[0.07261944]
657
[0.01543211]
658
[0.32019874]
659
[0.43038896]
660
[0.7142334]
661
[0.07750128]
662
[0.7142334]
663
[0.47641779]
664
[0.12492492]
665
[0.36692497]
666
[0.39412382]
667
[0.2950921]
668
[0.31531689]
669
[0.4450345]
670
[0.7142334]
671
[0.44782412]
672
[0.7142334]
673
[0.05309206]
674
[0.08447535]
675
[0.01612951]
676
[0.68354751]
677
[0.20233704]
678
[0.58381839]
679
[0.7142334]
680
[0.33833131]
681
[0.22465405]
682
[0.7142334]
683
[0.47293076]
684
[0.14933415]
685
[0.10818717]
686
[0.7142334]
687
[0.7142334]
688
[0.7142334]
689
[0.52174921]
690
[0.13399121]
691
[0.21000851]
692
[0.48339185]
693
[0.7142334]
694
[0.64309794]
695
[0.28114397]
696
[0.7142334]
697
[0.44852153]
698
[0.7142334]
699
[0.42480971]
700
[0.7142334]
701
[0.02659061]
702
[0.7142334]
703
[0.43178377]
704
[0.50222183]
705
[0.24418143]
706
[0.7142334]
707
[0.19117854]
708
[0.59427948]
709
[0.62287315]
710
[0.7142334]
711
[0.49594517]
712
[0.7142334]
713
[0.52802587]
714
[0.7142334]
715
[0.7142334]
716
[0.7142334]
717
[0.7142334]
718
[0.7142334]
719
[0.15351859]
720
[0.11795086]
721
[0.63821609]
722
[0.24208921]
723
[0.36831978]
724
[0.19466557]
725
[0.7142334]
726
[0.7142334]
727
[0.11655605]
728
[0.5315129]
729
[0.42202008]
730
[0.7142334]
731
[0.49245814]
732
[0.7142334]
733
[0.5531325]
734
[0.7142334]
735
[0.43038896]
736
[0.7142334]
737
[0.43527081]
738
[0.19396816]
739
[0.7142334]
740
[0.29299988]
741
[0.58312098]
742
[0.65565125]
743
[0.19885001]
744
[0.04123615]
745
[0.7142334]
746
[0.7142334]
747
[0.13957046]
748
[0.7142334]
749
[0.25255031]
750
[0.22186442]
751
[0.7142334]
752
[0.7142334]
753
[0.7142334]
754
[0.13259639]
755
[0.7142334]
756
[0.46874632]
757
[0.33414687]
758
[0.70865415]
759
[0.7142334]
760
[0.31182986]
761
[0.17095375]
762
[0.7142334]
763
[0.7142334]
764
[0.33275205]
765
[0.7142334]
766
[0.09144941]
767
[0.7142334]
768
[0.7142334]
769
[0.21070592]
770
[0.30415839]
771
[0.61380686]
772
[0.40040048]
773
[0.7142334]
774
[0.59288467]
775
[0.22256183]
776
[0.62287315]
777
[0.00078657]
778
[0.13887305]
779
[0.18490188]
780
[0.348095]
781
[0.00845804]
782
[0.7142334]
783
[0.26649844]
784
[0.30834283]
785
[0.38714976]
786
[0.7142334]
787
[0.34600278]
788
[0.45200856]
789
[0.31950133]
790
[0.7142334]
791
[0.38575495]
792
[0.05239465]
793
[0.68773195]
794
[0.7142334]
795
[0.35855609]
796
[0.22744368]
797
[0.43108637]
798
[0.50501145]
799
[0.7142334]
800
[0.7142334]
801
[0.60962243]
802
[0.2197722]
803
[0.70516711]
804
[0.7142334]
805
[0.06355315]
806
[0.40876936]
807
[0.33902871]
808
[0.57544951]
809
[0.68563973]
810
[0.22744368]
811
[0.47641779]
812
[0.7142334]
813
[0.0035762]
814
[0.38854457]
815
[0.33554168]
816
[0.43387599]
817
[0.7142334]
818
[0.45410078]
819
[0.7142334]
820
[0.56708063]
821
[0.4129538]
822
[0.27416991]
823
[0.7142334]
824
[0.67378382]
825
[0.2190748]
826
[0.13817565]
827
[0.11864826]
828
[0.7142334]
829
[0.43108637]
830
[0.7142334]
831
[0.7142334]
832
[0.24766846]
833
[0.06704019]
834
[0.15909784]
835
[0.7142334]
836
[0.00078657]
837
[0.56568582]
838
[0.21349555]
839
[0.7142334]
840
[0.5210518]
841
[0.55522472]
842
[0.32438318]
843
[0.4987348]
844
[0.05239465]
845
[0.7142334]
846
[0.7142334]
847
[0.7142334]
848
[0.47502298]
849
[0.7142334]
850
[0.0258932]
851
[0.68703454]
852
[0.7142334]
853
[0.32019874]
854
[0.7142334]
855
[0.00078657]
856
[0.65634866]
857
[0.30764542]
858
[0.61241205]
859
[0.27068288]
860
[0.21070592]
861
[0.6284524]
862
[0.48548407]
863
[0.21837739]
864
[0.7142334]
865
[0.7142334]
866
[0.55173769]
867
[0.71144377]
868
[0.44154746]
869
[0.7142334]
870
[0.7142334]
871
[0.7142334]
872
[0.23162811]
873
[0.05099984]
874
[0.67657345]
875
[0.41155899]
876
[0.7142334]
877
[0.7142334]
878
[0.541974]
879
[0.36204313]
880
[0.7142334]
881
[0.6926138]
882
[0.7037723]
883
[0.7142334]
884
[0.60543799]
885
[0.51616996]
886
[0.53430253]
887
[0.7142334]
888
[0.3697146]
889
[0.7142334]
890
[0.53778956]
891
[0.08726497]
892
[0.46386447]
893
[0.28114397]
894
[0.53639475]
895
[0.7142334]
896
[0.22395664]
897
[0.4778126]
898
[0.61031983]
899
[0.7142334]
900
[0.7142334]
901
[0.54546103]
902
[0.7142334]
903
[0.33693649]
904
[0.7142334]
905
[0.7142334]
906
[0.54894806]
907
[0.1653745]
908
[0.40528233]
909
[0.29369729]
910
[0.7142334]
911
[0.70028527]
912
[0.7142334]
913
[0.30276357]
914
[0.43317859]
915
[0.5956743]
916
[0.34530537]
917
[0.46316706]
918
[0.61031983]
919
[0.05309206]
920
[0.35088462]
921
[0.00636582]
922
[0.47851001]
923
[0.6389135]
924
[0.07750128]
925
[0.24906328]
926
[0.7142334]
927
[0.7142334]
928
[0.4129538]
929
[0.7142334]
930
[0.27626213]
931
[0.69540342]
932
[0.56568582]
933
[0.45270597]
934
[0.62984721]
935
[0.01264248]
936
[0.18280966]
937
[0.28951285]
938
[0.67308641]
939
[0.69819305]
940
[0.70168008]
941
[0.7142334]
942
[0.08098831]
943
[0.10470014]
944
[0.7142334]
945
[0.38157051]
946
[0.57684432]
947
[0.53569734]
948
[0.64030831]
949
[0.04611799]
950
[0.7142334]
951
[0.09842348]
952
[0.7037723]
953
[0.44991634]
954
[0.51686736]
955
[0.650072]
956
[0.35367425]
957
[0.00287879]
958
[0.7142334]
959
[0.52314402]
960
[0.7142334]
961
[0.52732846]
962
[0.7142334]
963
[0.58870023]
964
[0.12353011]
965
[0.62775499]
966
[0.18490188]
967
[0.7142334]
968
[0.70795674]
969
[0.7142334]
970
[0.62636018]
971
[0.23650996]
972
[0.53848696]
973
[0.7142334]
974
[0.7142334]
975
[0.35716128]
976
[0.6933112]
977
[0.7142334]
978
[0.7037723]
979
[0.36413535]
980
[0.7142334]
981
[0.7142334]
982
[0.7142334]
983
[0.13887305]
984
[0.26649844]
985
[0.7142334]
986
[0.27556472]
987
[0.07331684]
988
[0.7142334]
989
[0.7142334]
990
[0.650072]
991
[0.36134572]
992
[0.58172617]
993
[0.01891914]
994
[0.56289619]
995
[0.7142334]
996
[0.1012131]
997
[0.42062527]
998
[0.16886153]
999
[0.38296532]
1000
[0.00078657]
1001
[0.7142334]
1002
[0.49315554]
1003
[0.43387599]
1004
[0.58939764]
1005
[0.7142334]
1006
[0.28463101]
1007
[0.29788173]
1008
[0.0251958]
1009
[0.26161659]
1010
[0.05867131]
1011
[0.06146093]
1012
[0.57405469]
1013
[0.20233704]
1014
[0.09912088]
1015
[0.7142334]
1016
[0.16119006]
1017
[0.12143789]
1018
[0.7142334]
1019
[0.71004896]
1020
[0.7142334]
1021
[0.55382991]
1022
[0.08796238]
1023
[0.7142334]
1024
[0.44712672]
1025
[0.38296532]
1026
[0.16676931]
1027
[0.11725345]
1028
[0.51756477]
1029
[0.58451579]
1030
[0.53290771]
1031
[0.63054462]
1032
[0.7142334]
1033
[0.51756477]
1034
[0.4024927]
1035
[0.24487884]
1036
[0.30973764]
1037
[0.54755325]
1038
[0.7142334]
1039
[0.46874632]
1040
[0.05727649]
1041
[0.21140333]
1042
[0.0795935]
1043
[0.34321315]
1044
[0.68842936]
1045
[0.61171464]
1046
[0.67308641]
1047
[0.42899415]
1048
[0.10958198]
1049
[0.28672323]
1050
[0.51338033]
1051
[0.50640627]
1052
[0.24418143]
1053
[0.7142334]
1054
[0.40876936]
1055
[0.7142334]
1056
[0.24836587]
1057
[0.7142334]
1058
[0.14724193]
1059
[0.7142334]
1060
[0.01194507]
1061
[0.24627365]
1062
[0.7142334]
1063
[0.35855609]
1064
[0.7142334]
1065
[0.7142334]
1066
[0.7142334]
1067
[0.40319011]
1068
[0.7142334]
1069
[0.46874632]
1070
[0.12074048]
1071
[0.7142334]
1072
[0.7142334]
1073
[0.11725345]
1074
[0.7142334]
1075
[0.52663105]
1076
[0.7142334]
1077
[0.29021026]
1078
[0.23929959]
1079
[0.7142334]
1080
[0.59916133]
1081
[0.15351859]
1082
[0.36413535]
1083
[0.7142334]
1084
[0.49455036]
1085
[0.35437165]
1086
[0.35646387]
1087
[0.7142334]
1088
[0.46595669]
1089
[0.7142334]
1090
[0.2943947]
1091
[0.7142334]
1092
[0.2839336]
1093
[0.7142334]
1094
[0.03147245]
1095
[0.16119006]
1096
[0.26928806]
1097
[0.7142334]
1098
[0.33623909]
1099
[0.51616996]
1100
[0.13050417]
1101
[0.57405469]
1102
[0.09493644]
1103
[0.1444523]
1104
[0.7142334]
1105
[0.23093071]
1106
[0.0788961]
1107
[0.63472906]
1108
[0.13399121]
1109
[0.05588168]
1110
[0.7142334]
1111
[0.40667714]
1112
[0.7142334]
1113
[0.7142334]
1114
[0.22116702]
1115
[0.06704019]
1116
[0.14305749]
1117
[0.51407774]
1118
[0.37389904]
1119
[0.7142334]
1120
[0.4994322]
1121
[0.58939764]
1122
[0.43248118]
1123
[0.7142334]
1124
[0.69889045]
1125
[0.7142334]
1126
[0.7142334]
1127
[0.38784717]
1128
[0.11934567]
1129
[0.7142334]
1130
[0.30834283]
1131
[0.7142334]
1132
[0.7142334]
1133
[0.7142334]
1134
[0.7142334]
1135
[0.00078657]
1136
[0.61938612]
1137
[0.12492492]
1138
[0.7142334]
1139
[0.7142334]
1140
[0.05030243]
1141
[0.1228327]
1142
[0.7142334]
1143
[0.70725933]
1144
[0.7142334]
1145
[0.7142334]
1146
[0.60404317]
1147
[0.5098933]
1148
[0.00078657]
1149
[0.7142334]
1150
[0.39970308]
1151
[0.12980677]
1152
[0.55940916]
1153
[0.41783564]
1154
[0.64030831]
1155
[0.0147347]
1156
[0.15142637]
1157
[0.5747521]
1158
[0.58381839]
1159
[0.0900546]
1160
[0.6709942]
1161
[0.7142334]
1162
[0.27556472]
1163
[0.52942068]
1164
[0.7142334]
1165
[0.7142334]
1166
[0.18211225]
1167
[0.7142334]
1168
[0.348095]
1169
[0.7142334]
1170
[0.50222183]
1171
[0.7142334]
1172
[0.7142334]
1173
[0.7142334]
1174
[0.7142334]
1175
[0.34321315]
1176
[0.7142334]
1177
[0.15700562]
1178
[0.23650996]
1179
[0.65216422]
1180
[0.7142334]
1181
[0.05309206]
1182
[0.28951285]
1183
[0.39482123]
1184
[0.7142334]
1185
[0.01822173]
1186
[0.7142334]
1187
[0.3487924]
1188
[0.66192791]
1189
[0.7142334]
1190
[0.0795935]
1191
[0.54406622]
1192
[0.24208921]
1193
[0.7142334]
1194
[0.7142334]
1195
[0.2302333]
1196
[0.7142334]
1197
[0.15770303]
1198
[0.48339185]
1199
[0.12980677]
1200
[0.33902871]
1201
[0.37459644]
1202
[0.71353599]
1203
[0.31113245]
1204
[0.54615844]
1205
[0.6389135]
1206
[0.7142334]
1207
[0.30834283]
1208
[0.04193355]
1209
[0.23162811]
1210
[0.53081549]
1211
[0.7142334]
1212
[0.66680976]
1213
[0.63472906]
1214
[0.0035762]
1215
[0.51407774]
1216
[0.34460796]
1217
[0.34530537]
1218
[0.7142334]
1219
[0.17304597]
1220
[0.11934567]
1221
[0.30206617]
1222
[0.63333425]
1223
[0.27905175]
1224
[0.69121898]
1225
[0.67378382]
1226
[0.46595669]
1227
[0.7142334]
1228
[0.31810652]
1229
[0.62566277]
1230
[0.52802587]
1231
[0.09075201]
1232
[0.37320163]
1233
[0.53569734]
1234
[0.7142334]
1235
[0.7142334]
1236
[0.48757629]
1237
[0.17862522]
1238
[0.26022178]
1239
[0.02240617]
1240
[0.60334577]
1241
[0.44712672]
1242
[0.64240053]
1243
[0.53778956]
1244
[0.44224487]
1245
[0.39551864]
1246
[0.0468154]
1247
[0.7142334]
1248
[0.07401425]
1249
[0.02380098]
1250
[0.22674627]
1251
[0.13189899]
1252
[0.7142334]
1253
[0.19536298]
1254
[0.37808347]
1255
[0.00078657]
1256
[0.7142334]
1257
[0.32856761]
1258
[0.7142334]
1259
[0.7142334]
1260
[0.7142334]
1261
[0.24557624]
1262
[0.51616996]
1263
[0.7142334]
1264
[0.7142334]
1265
[0.7142334]
1266
[0.50710367]
1267
[0.68842936]
1268
[0.39063679]
1269
[0.20094223]
1270
[0.7142334]
1271
[0.00148398]
1272
[0.7142334]
1273
[0.00218138]
1274
[0.65913829]
1275
[0.59776652]
1276
[0.13887305]
1277
[0.56987026]
1278
[0.7142334]
1279
[0.58172617]
1280
[0.68563973]
1281
[0.7142334]
1282
[0.23511515]
1283
[0.7142334]
1284
[0.33554168]
1285
[0.61659649]
1286
[0.08656757]
1287
[0.7142334]
1288
[0.66262532]
1289
[0.48687889]
1290
[0.60334577]
1291
[0.03565689]
1292
[0.23999699]
1293
[0.7142334]
1294
[0.05727649]
1295
[0.13120158]
1296
[0.5747521]
1297
[0.7142334]
1298
[0.7142334]
1299
[0.7142334]
1300
[0.7142334]
1301
[0.33414687]
1302
[0.56638322]
1303
[0.7142334]
1304
[0.13050417]
1305
[0.07331684]
1306
[0.50570886]
1307
[0.29230248]
1308
[0.00078657]
1309
[0.55871175]
1310
[0.37668866]
1311
[0.7142334]
1312
[0.33205465]
1313
[0.68075789]
1314
[0.57126507]
1315
[0.34739759]
1316
[0.45758781]
1317
[0.36134572]
1318
[0.24627365]
1319
[0.10539754]
1320
[0.08587016]
1321
[0.21698258]
1322
[0.08796238]
1323
[0.15770303]
1324
[0.13957046]
1325
[0.3808731]
1326
[0.25464253]
1327
[0.01194507]
1328
[0.05588168]
1329
[0.7142334]
1330
[0.23511515]
1331
[0.03286727]
1332
[0.66820457]
1333
[0.56289619]
1334
[0.39900567]
1335
[0.7142334]
1336
[0.7142334]
1337
[0.38924198]
1338
[0.38993938]
1339
[0.51198552]
1340
[0.24697106]
1341
[0.16467709]
1342
[0.38017569]
1343
[0.69610083]
1344
[0.04960502]
1345
[0.1549134]
1346
[0.7142334]
1347
[0.33135724]
1348
[0.61310946]
1349
[0.0691324]
1350
[0.55243509]
1351
[0.02380098]
1352
[0.22395664]
1353
[0.43108637]
1354
[0.51965699]
1355
[0.11446383]
1356
[0.45758781]
1357
[0.7142334]
1358
[0.7142334]
1359
[0.37947829]
1360
[0.50710367]
1361
[0.7142334]
1362
[0.27416991]
1363
[0.15282118]
1364
[0.7142334]
1365
[0.7142334]
1366
[0.7142334]
1367
[0.50361664]
1368
[0.02380098]
1369
[0.7142334]
1370
[0.7142334]
1371
[0.7142334]
1372
[0.06564537]
1373
[0.7142334]
1374
[0.37180682]
1375
[0.64658497]
1376
[0.7142334]
1377
[0.26370881]
1378
[0.7142334]
1379
[0.05727649]
1380
[0.13747824]
1381
[0.49176073]
1382
[0.7142334]
1383
[0.7142334]
1384
[0.7142334]
1385
[0.7142334]
1386
[0.46316706]
1387
[0.42550712]
1388
[0.63821609]
1389
[0.70028527]
1390
[0.7142334]
1391
[0.60962243]
1392
[0.7142334]
1393
[0.39272901]
1394
[0.7142334]
1395
[0.7142334]
1396
[0.10470014]
1397
[0.71004896]
1398
[0.7142334]
1399
[0.7142334]
1400
[0.7142334]
1401
[0.26928806]
1402
[0.40807195]
1403
[0.51965699]
1404
[0.7142334]
1405
[0.29578951]
1406
[0.68912676]
1407
[0.7142334]
1408
[0.15840043]
1409
[0.7142334]
1410
[0.54406622]
1411
[0.7142334]
1412
[0.7142334]
1413
[0.7142334]
1414
[0.21140333]
1415
[0.7142334]
1416
[0.7142334]
1417
[0.7142334]
1418
[0.63751868]
1419
[0.35367425]
1420
[0.60334577]
1421
[0.17444078]
1422
[0.7142334]
1423
[0.7142334]
1424
[0.3271728]
1425
[0.7142334]
1426
[0.7142334]
1427
[0.33902871]
1428
[0.7142334]
1429
[0.32159355]
1430
[0.34530537]
1431
[0.01961654]
1432
[0.70795674]
1433
[0.07680388]
1434
[0.05657909]
1435
[0.65634866]
1436
[0.7142334]
1437
[0.05588168]
1438
[0.7142334]
1439
[0.21698258]
1440
[0.7142334]
1441
[0.0147347]
1442
[0.22604886]
1443
[0.7142334]
1444
[0.58451579]
1445
[0.16746672]
1446
[0.00078657]
1447
[0.41225639]
1448
[0.44224487]
1449
[0.52384143]
1450
[0.66820457]
1451
[0.16397969]
1452
[0.31950133]
1453
[0.05309206]
1454
[0.7142334]
1455
[0.41016417]
1456
[0.69819305]
1457
[0.3167117]
1458
[0.15979525]
1459
[0.17304597]
1460
[0.0035762]
1461
[0.7142334]
1462
[0.7142334]
1463
[0.0900546]
1464
[0.18629669]
1465
[0.7142334]
1466
[0.62775499]
1467
[0.7142334]
1468
[0.370412]
1469
[0.44363968]
1470
[0.28114397]
1471
[0.7142334]
1472
[0.19327076]
1473
[0.37947829]
1474
[0.6716916]
1475
[0.7142334]
1476
[0.7142334]
1477
[0.07401425]
1478
[0.7142334]
1479
[0.7142334]
1480
[0.49385295]
1481
[0.55243509]
1482
[0.46456188]
1483
[0.05169724]
1484
[0.33972612]
1485
[0.7142334]
1486
[0.60822761]
1487
[0.11655605]
1488
[0.59079245]
1489
[0.64309794]
1490
[0.7142334]
1491
[0.6068328]
1492
[0.20163964]
1493
[0.7142334]
1494
[0.31182986]
1495
[0.7142334]
1496
[0.68145529]
1497
[0.7142334]
1498
[0.7142334]
1499
[0.39272901]
1500
[0.05099984]
1501
[0.66262532]
1502
[0.01055026]
1503
[0.06704019]
1504
[0.03426208]
1505
[0.5956743]
1506
[0.7142334]
1507
[0.08796238]
1508
[0.33135724]
1509
[0.38854457]
1510
[0.7142334]
1511
[0.65704607]
1512
[0.4024927]
1513
[0.7142334]
1514
[0.68633714]
1515
[0.69610083]
1516
[0.7142334]
1517
[0.56987026]
1518
[0.47223335]
1519
[0.7142334]
1520
[0.57893654]
1521
[0.43248118]
1522
[0.10679235]
1523
[0.18420447]
1524
[0.7142334]
1525
[0.7142334]
1526
[0.00078657]
1527
[0.07680388]
1528
[0.67727085]
1529
[0.23372033]
1530
[0.67448123]
1531
[0.24348402]
1532
[0.41644083]
1533
[0.36204313]
1534
[0.26719584]
1535
[0.7142334]
1536
[0.29578951]
1537
[0.7142334]
1538
[0.18280966]
1539
[0.7142334]
1540
[0.1653745]
1541
[0.28951285]
1542
[0.7142334]
1543
[0.05378946]
1544
[0.7142334]
1545
[0.19675779]
1546
[0.54894806]
1547
[0.7142334]
1548
[0.11446383]
1549
[0.40109789]
1550
[0.50849849]
1551
[0.66680976]
1552
[0.35297684]
1553
[0.25464253]
1554
[0.7142334]
1555
[0.02728802]
1556
[0.7142334]
1557
[0.13887305]
1558
[0.22674627]
1559
[0.7142334]
1560
[0.7142334]
1561
[0.52384143]
1562
[0.0258932]
1563
[0.21349555]
1564
[0.20442926]
1565
[0.7142334]
1566
[0.46177225]
1567
[0.7142334]
1568
[0.7142334]
1569
[0.38645235]
1570
[0.7142334]
1571
[0.69191639]
1572
[0.57893654]
1573
[0.46944372]
1574
[0.45270597]
1575
[0.36483275]
1576
[0.26649844]
1577
[0.5210518]
1578
[0.44015265]
1579
[0.25255031]
1580
[0.09772607]
1581
[0.7142334]
1582
[0.56847544]
1583
[0.34670018]
1584
[0.7142334]
1585
[0.47990482]
1586
[0.7142334]
1587
[0.15979525]
1588
[0.16328228]
1589
[0.26022178]
1590
[0.7142334]
1591
[0.7142334]
1592
[0.30973764]
1593
[0.7142334]
1594
[0.7142334]
1595
[0.42062527]
1596
[0.61868871]
1597
[0.7142334]
1598
[0.7142334]
1599
[0.20582407]
1600
[0.63403165]
1601
[0.7142334]
1602
[0.53430253]
1603
[0.45689041]
1604
[0.7142334]
1605
[0.47083854]
1606
[0.63612387]
1607
[0.01194507]
1608
[0.7142334]
1609
[0.7142334]
1610
[0.7142334]
1611
[0.7142334]
1612
[0.49385295]
1613
[0.7142334]
1614
[0.49664258]
1615
[0.1012131]
1616
[0.01822173]
1617
[0.36762238]
1618
[0.7142334]
1619
[0.49664258]
1620
[0.11446383]
1621
[0.02868283]
1622
[0.52244662]
1623
[0.25882697]
1624
[0.6284524]
1625
[0.27486732]
1626
[0.49036592]
1627
[0.12701714]
1628
[0.456193]
1629
[0.57754173]
1630
[0.56010657]
1631
[0.09284423]
1632
[0.7142334]
1633
[0.7142334]
1634
[0.14026787]
1635
[0.14096527]
1636
[0.16955894]
1637
[0.47362816]
1638
[0.23581255]
1639
[0.21489036]
1640
[0.63682128]
1641
[0.11795086]
1642
[0.22883849]
1643
[0.7142334]
1644
[0.10818717]
1645
[0.24348402]
1646
[0.7142334]
1647
[0.7142334]
1648
[0.44642931]
1649
[0.7142334]
1650
[0.32856761]
1651
[0.63403165]
1652
[0.22604886]
1653
[0.46107485]
1654
[0.24697106]
1655
[0.7142334]
1656
[0.18211225]
1657
[0.7142334]
1658
[0.7142334]
1659
[0.7142334]
1660
[0.7142334]
1661
[0.30136876]
1662
[0.08029091]
1663
[0.7142334]
1664
[0.57614691]
1665
[0.07192203]
1666
[0.7142334]
1667
[0.348095]
1668
[0.7142334]
1669
[0.7142334]
1670
[0.6172939]
1671
[0.7142334]
1672
[0.37738607]
1673
[0.28114397]
1674
[0.7142334]
1675
[0.56917285]
1676
[0.02449839]
1677
[0.35088462]
1678
[0.02310358]
1679
[0.29788173]
1680
[0.47014113]
1681
[0.37738607]
1682
[0.52453883]
1683
[0.0251958]
1684
[0.7142334]
1685
[0.20582407]
1686
[0.09702866]
1687
[0.62566277]
1688
[0.69470602]
1689
[0.34112093]
1690
[0.7142334]
1691
[0.1653745]
1692
[0.1653745]
1693
[0.7142334]
1694
[0.46874632]
1695
[0.57754173]
1696
[0.7142334]
1697
[0.44154746]
1698
[0.7142334]
1699
[0.26370881]
1700
[0.52593365]
1701
[0.16188747]
1702
[0.23650996]
1703
[0.66959938]
1704
[0.5963717]
1705
[0.38296532]
1706
[0.01264248]
1707
[0.49245814]
1708
[0.27138028]
1709
[0.7142334]
1710
[0.58939764]
1711
[0.7142334]
1712
[0.7142334]
1713
[0.0795935]
1714
[0.4666541]
1715
[0.7142334]
1716
[0.51895958]
1717
[0.14933415]
1718
[0.7142334]
1719
[0.7142334]
1720
[0.7142334]
1721
[0.68075789]
1722
[0.7142334]
1723
[0.46386447]
1724
[0.34948981]
1725
[0.7142334]
1726
[0.06634278]
1727
[0.7142334]
1728
[0.18420447]
1729
[0.34042352]
1730
[0.7142334]
1731
[0.16886153]
1732
[0.40597973]
1733
[0.66332272]
1734
[0.35995091]
1735
[0.7142334]
1736
[0.33554168]
1737
[0.60543799]
1738
[0.35576647]
1739
[0.13817565]
1740
[0.33065983]
1741
[0.7142334]
1742
[0.28044657]
1743
[0.36622756]
1744
[0.7142334]
1745
[0.7142334]
1746
[0.56917285]
1747
[0.15351859]
1748
[0.29021026]
1749
[0.7142334]
1750
[0.37320163]
1751
[0.7142334]
1752
[0.37947829]
1753
[0.7142334]
1754
[0.66959938]
1755
[0.29997395]
1756
[0.55940916]
1757
[0.7142334]
1758
[0.2413918]
1759
[0.3055532]
1760
[0.39900567]
1761
[0.35995091]
1762
[0.7142334]
1763
[0.66820457]
1764
[0.5963717]
1765
[0.7142334]
1766
[0.4136512]
1767
[0.71353599]
1768
[0.18141485]
1769
[0.7142334]
1770
[0.34391056]
1771
[0.53081549]
1772
[0.05657909]
1773
[0.17792782]
1774
[0.7142334]
1775
[0.67238901]
1776
[0.00845804]
1777
[0.7142334]
1778
[0.650072]
1779
[0.7142334]
1780
[0.7142334]
1781
[0.43038896]
1782
[0.1332938]
1783
[0.44015265]
1784
[0.45410078]
1785
[0.54127659]
1786
[0.28881545]
1787
[0.35785869]
1788
[0.07610647]
1789
[0.7142334]
1790
[0.29160507]
1791
[0.71353599]
1792
[0.28323619]
1793
[0.7142334]
1794
[0.25603734]
1795
[0.14236008]
1796
[0.7142334]
1797
[0.22186442]
1798
[0.18280966]
1799
[0.5852132]
1800
[0.07122462]
1801
[0.56498841]
1802
[0.02449839]
1803
[0.42132268]
1804
[0.4450345]
1805
[0.08238313]
1806
[0.07192203]
1807
[0.58591061]
1808
[0.03286727]
1809
[0.7142334]
1810
[0.39272901]
1811
[0.27068288]
1812
[0.7142334]
1813
[0.0042736]
1814
[0.65216422]
1815
[0.02659061]
1816
[0.38226791]
1817
[0.34112093]
1818
[0.10400273]
1819
[0.7142334]
1820
[0.57196248]
1821
[0.09354163]
1822
[0.7142334]
1823
[0.1116742]
1824
[0.51338033]
1825
[0.0468154]
1826
[0.40179529]
1827
[0.47572038]
1828
[0.7142334]
1829
[0.70237749]
1830
[0.37808347]
1831
[0.22046961]
1832
[0.03356467]
1833
[0.32996243]
1834
[0.08935719]
1835
[0.19327076]
1836
[0.64728238]
1837
[0.19327076]
1838
[0.37738607]
1839
[0.01612951]
1840
[0.7142334]
1841
[0.7142334]
1842
[0.10330532]
1843
[0.68912676]
1844
[0.51616996]
1845
[0.7142334]
1846
[0.176533]
1847
[0.16676931]
1848
[0.7142334]
1849
[0.18559929]
1850
[0.44642931]
1851
[0.19675779]
1852
[0.30904023]
1853
[0.30625061]
1854
[0.60334577]
1855
[0.54127659]
1856
[0.7142334]
1857
[0.7142334]
1858
[0.7142334]
1859
[0.2950921]
1860
[0.30276357]
1861
[0.45479819]
1862
[0.33065983]
1863
[0.20442926]
1864
[0.24418143]
1865
[0.36134572]
1866
[0.33554168]
1867
[0.7142334]
1868
[0.62008352]
1869
[0.7142334]
1870
[0.08935719]
1871
[0.0468154]
1872
[0.7142334]
1873
[0.44712672]
1874
[0.53988178]
1875
[0.26928806]
1876
[0.45200856]
1877
[0.13468861]
1878
[0.7142334]
1879
[0.62636018]
1880
[0.08168572]
1881
[0.7142334]
1882
[0.43666562]
1883
[0.63403165]
1884
[0.16188747]
1885
[0.39412382]
1886
[0.49036592]
1887
[0.51477514]
1888
[0.7142334]
1889
[0.5203544]
1890
[0.33484427]
1891
[0.2511555]
1892
[0.3264754]
1893
[0.4994322]
1894
[0.23232552]
1895
[0.03774911]
1896
[0.24627365]
1897
[0.58451579]
1898
[0.2734725]
1899
[0.34251574]
1900
[0.25394512]
1901
[0.0788961]
1902
[0.20442926]
1903
[0.262314]
1904
[0.7142334]
1905
[0.22744368]
1906
[0.7142334]
1907
[0.7142334]
1908
[0.7142334]
1909
[0.7142334]
1910
[0.09772607]
1911
[0.7142334]
1912
[0.7142334]
1913
[0.47014113]
1914
[0.46037744]
1915
[0.00845804]
1916
[0.26440622]
1917
[0.7142334]
1918
[0.10888457]
1919
[0.7142334]
1920
[0.0042736]
1921
[0.7142334]
1922
[0.29578951]
1923
[0.45898263]
1924
[0.55731694]
1925
[0.28114397]
1926
[0.18838891]
1927
[0.05727649]
1928
[0.7142334]
1929
[0.7142334]
1930
[0.11655605]
1931
[0.7142334]
1932
[0.70865415]
1933
[0.7142334]
1934
[0.40597973]
1935
[0.02938024]
1936
[0.67727085]
1937
[0.7142334]
1938
[0.67936307]
1939
[0.23999699]
1940
[0.57196248]
1941
[0.10400273]
1942
[0.7142334]
1943
[0.6821527]
1944
[0.4345734]
1945
[0.00497101]
1946
[0.06773759]
1947
[0.69610083]
1948
[0.7142334]
1949
[0.58102876]
1950
[0.22674627]
1951
[0.67587604]
1952
[0.08726497]
1953
[0.67308641]
1954
[0.58800282]
1955
[0.35506906]
1956
[0.23650996]
1957
[0.7142334]
1958
[0.18350707]
1959
[0.16886153]
1960
[0.66680976]
1961
[0.69400861]
1962
[0.11306901]
1963
[0.28184138]
1964
[0.10539754]
1965
[0.7142334]
1966
[0.01612951]
1967
[0.38157051]
1968
[0.16816412]
1969
[0.47293076]
1970
[0.7142334]
1971
[0.70168008]
1972
[0.35088462]
1973
[0.19327076]
1974
[0.7142334]
1975
[0.59846392]
1976
[0.7142334]
1977
[0.07610647]
1978
[0.1549134]
1979
[0.3167117]
1980
[0.52872327]
1981
[0.60264836]
1982
[0.54546103]
1983
[0.54615844]
1984
[0.57126507]
1985
[0.43387599]
1986
[0.27765694]
1987
[0.50710367]
1988
[0.11237161]
1989
[0.7142334]
1990
[0.7142334]
1991
[0.04890762]
1992
[0.7142334]
1993
[0.23093071]
1994
[0.35646387]
1995
[0.00218138]
1996
[0.7142334]
1997
[0.60334577]
1998
[0.08587016]
1999
[0.29578951]
2000
[0.7142334]
2001
[0.03147245]
2002
[0.7142334]
2003
[0.26301141]
2004
[0.10330532]
2005
[0.64867719]
2006
[0.7142334]
2007
[0.39063679]
2008
[0.36413535]
2009
[0.26580103]
2010
[0.31182986]
2011
[0.08587016]
2012
[0.4987348]
2013
[0.34042352]
2014
[0.17792782]
2015
[0.7142334]
2016
[0.7142334]
2017
[0.7142334]
2018
[0.1332938]
2019
[0.7142334]
2020
[0.4136512]
2021
[0.7142334]
2022
[0.06704019]
2023
[0.7142334]
2024
[0.11097679]
2025
[0.7142334]
2026
[0.7142334]
2027
[0.7142334]
2028
[0.24418143]
2029
[0.7142334]
2030
[0.50780108]
2031
[0.068435]
2032
[0.10888457]
2033
[0.30904023]
2034
[0.7142334]
2035
[0.46874632]
2036
[0.28114397]
2037
[0.54894806]
2038
[0.33972612]
2039
[0.34321315]
2040
[0.19327076]
2041
[0.35855609]
2042
[0.17234856]
2043
[0.60404317]
2044
[0.39830826]
2045
[0.1012131]
2046
[0.20233704]
2047
[0.49803739]
2048
[0.29369729]
2049
[0.7142334]
2050
[0.06285575]
2051
[0.64658497]
2052
[0.7142334]
2053
[0.7142334]
2054
[0.48618148]
2055
[0.42550712]
2056
[0.0251958]
2057
[0.46595669]
2058
[0.65704607]
2059
[0.38575495]
2060
[0.1758356]
2061
[0.50919589]
2062
[0.18559929]
2063
[0.57754173]
2064
[0.48966851]
2065
[0.7142334]
2066
[0.17792782]
2067
[0.63054462]
2068
[0.19466557]
2069
[0.42829674]
2070
[0.7142334]
2071
[0.51059071]
2072
[0.38017569]
2073
[0.7142334]
2074
[0.7142334]
2075
[0.40458492]
2076
[0.08656757]
2077
[0.35855609]
2078
[0.1758356]
2079
[0.7142334]
2080
[0.65565125]
2081
[0.52244662]
2082
[0.00078657]
2083
[0.7142334]
2084
[0.04263096]
2085
[0.57056766]
2086
[0.45061375]
2087
[0.25952437]
2088
[0.7142334]
2089
[0.36274053]
2090
[0.59079245]
2091
[0.12910936]
2092
[0.08865979]
2093
[0.7142334]
2094
[0.12841196]
2095
[0.1005157]
2096
[0.66680976]
2097
[0.24697106]
2098
[0.7142334]
2099
[0.06773759]
2100
[0.01961654]
2101
[0.39691345]
2102
[0.7142334]
2103
[0.13678083]
2104
[0.05099984]
2105
[0.51268292]
2106
[0.44852153]
2107
[0.43317859]
2108
[0.22953589]
2109
[0.71074636]
2110
[0.7142334]
2111
[0.47432557]
2112
[0.7142334]
2113
[0.7142334]
2114
[0.09912088]
2115
[0.7142334]
2116
[0.36692497]
2117
[0.64519016]
2118
[0.16746672]
2119
[0.56777804]
2120
[0.24208921]
2121
[0.69958786]
2122
[0.31043505]
2123
[0.7142334]
2124
[0.08447535]
2125
[0.56010657]
2126
[0.21489036]
2127
[0.28532841]
2128
[0.7142334]
2129
[0.49594517]
2130
[0.08377794]
2131
[0.7142334]
2132
[0.45479819]
2133
[0.07610647]
2134
[0.52593365]
2135
[0.46177225]
2136
[0.60334577]
2137
[0.43527081]
2138
[0.62636018]
2139
[0.7142334]
2140
[0.7142334]
2141
[0.58591061]
2142
[0.4673515]
2143
[0.70935155]
2144
[0.7142334]
2145
[0.0363543]
2146
[0.02659061]
2147
[0.7142334]
2148
[0.58312098]
2149
[0.06215834]
2150
[0.67936307]
2151
[0.10748976]
2152
[0.1228327]
2153
[0.38784717]
2154
[0.67657345]
2155
[0.7142334]
2156
[0.7142334]
2157
[0.39412382]
2158
[0.7142334]
2159
[0.16816412]
2160
[0.6821527]
2161
[0.27556472]
2162
[0.70656193]
2163
[0.46177225]
2164
[0.02868283]
2165
[0.02031395]
2166
[0.31113245]
2167
[0.08238313]
2168
[0.68354751]
2169
[0.51059071]
2170
[0.63821609]
2171
[0.70307489]
2172
[0.06355315]
2173
[0.42550712]
2174
[0.66820457]
2175
[0.7142334]
2176
[0.7142334]
2177
[0.37389904]
2178
[0.60264836]
2179
[0.7142334]
2180
[0.07680388]
2181
[0.7142334]
2182
[0.48687889]
2183
[0.7142334]
2184
[0.17723041]
2185
[0.7142334]
2186
[0.7142334]
2187
[0.70935155]
2188
[0.1758356]
2189
[0.41783564]
2190
[0.62147834]
2191
[0.370412]
2192
[0.7142334]
2193
[0.59218726]
2194
[0.11097679]
2195
[0.7142334]
2196
[0.30764542]
2197
[0.17862522]
2198
[0.70656193]
2199
[0.7142334]
2200
[0.29230248]
2201
[0.49315554]
2202
[0.7142334]
2203
[0.40597973]
2204
[0.3697146]
2205
[0.57893654]
2206
[0.7142334]
2207
[0.64588756]
2208
[0.03426208]
2209
[0.7142334]
2210
[0.47083854]
2211
[0.7142334]
2212
[0.59985873]
2213
[0.15212378]
2214
[0.7142334]
2215
[0.7142334]
2216
[0.70795674]
2217
[0.28044657]
2218
[0.19675779]
2219
[0.07401425]
2220
[0.5747521]
2221
[0.22256183]
2222
[0.4457319]
2223
[0.7142334]
2224
[0.60822761]
2225
[0.31740911]
2226
[0.06425056]
2227
[0.32856761]
2228
[0.22604886]
2229
[0.58381839]
2230
[0.45479819]
2231
[0.34530537]
2232
[0.40667714]
2233
[0.41992786]
2234
[0.47223335]
2235
[0.36274053]
2236
[0.7142334]
2237
[0.5426714]
2238
[0.00218138]
2239
[0.38505754]
2240
[0.22674627]
2241
[0.60613539]
2242
[0.7142334]
2243
[0.7142334]
2244
[0.09284423]
2245
[0.48548407]
2246
[0.51268292]
2247
[0.43806043]
2248
[0.37389904]
2249
[0.68424492]
2250
[0.13608343]
2251
[0.01194507]
2252
[0.66471754]
2253
[0.24766846]
2254
[0.39900567]
2255
[0.7142334]
2256
[0.15909784]
2257
[0.7142334]
2258
[0.38924198]
2259
[0.20373186]
2260
[0.7142334]
2261
[0.61589908]
2262
[0.2197722]
2263
[0.7142334]
2264
[0.36901719]
2265
[0.54127659]
2266
[0.36553016]
2267
[0.16328228]
2268
[0.7142334]
2269
[0.7142334]
2270
[0.27695954]
2271
[0.50361664]
2272
[0.00148398]
2273
[0.7142334]
2274
[0.22674627]
2275
[0.31461949]
2276
[0.7142334]
2277
[0.20163964]
2278
[0.6709942]
2279
[0.04890762]
2280
[0.56987026]
2281
[0.7142334]
2282
[0.61589908]
2283
[0.7142334]
2284
[0.58730542]
2285
[0.40458492]
2286
[0.3167117]
2287
[0.67796826]
2288
[0.70795674]
2289
[0.41783564]
2290
[0.7142334]
2291
[0.7142334]
2292
[0.62775499]
2293
[0.28323619]
2294
[0.7142334]
2295
[0.25952437]
2296
[0.52593365]
2297
[0.47641779]
2298
[0.48269445]
2299
[0.37459644]
2300
[0.7142334]
2301
[0.7142334]
2302
[0.12771455]
2303
[0.0363543]
2304
[0.46456188]
2305
[0.7142334]
2306
[0.67657345]
2307
[0.6179913]
2308
[0.46456188]
2309
[0.7142334]
2310
[0.09702866]
2311
[0.60055614]
2312
[0.7142334]
2313
[0.38505754]
2314
[0.45410078]
2315
[0.30206617]
2316
[0.46595669]
2317
[0.67517863]
2318
[0.0035762]
2319
[0.04332837]
2320
[0.53988178]
2321
[0.22325924]
2322
[0.24348402]
2323
[0.44085006]
2324
[0.57684432]
2325
[0.7142334]
2326
[0.23232552]
2327
[0.7142334]
2328
[0.7142334]
2329
[0.60822761]
2330
[0.13468861]
2331
[0.4457319]
2332
[0.10748976]
2333
[0.7142334]
2334
[0.11446383]
2335
[0.7142334]
2336
[0.53918437]
2337
[0.31392208]
2338
[0.10609495]
2339
[0.59288467]
2340
[0.40179529]
2341
[0.14584712]
2342
[0.09912088]
2343
[0.50431405]
2344
[0.10958198]
2345
[0.28951285]
2346
[0.7142334]
2347
[0.70795674]
2348
[0.7142334]
2349
[0.7142334]
2350
[0.18002003]
2351
[0.7142334]
2352
[0.07680388]
2353
[0.68773195]
2354
[0.28114397]
2355
[0.7142334]
2356
[0.7142334]
2357
[0.54685584]
2358
[0.37738607]
2359
[0.35018722]
2360
[0.7142334]
2361
[0.7142334]
2362
[0.7142334]
2363
[0.70586452]
2364
[0.03216986]
2365
[0.43666562]
2366
[0.7142334]
2367
[0.10191051]
2368
[0.3913342]
2369
[0.7142334]
2370
[0.26649844]
2371
[0.7142334]
2372
[0.27068288]
2373
[0.42480971]
2374
[0.15909784]
2375
[0.7142334]
2376
[0.7142334]
2377
[0.6605331]
2378
[0.7142334]
2379
[0.41783564]
2380
[0.7142334]
2381
[0.7142334]
2382
[0.7142334]
2383
[0.06773759]
2384
[0.7142334]
2385
[0.7142334]
2386
[0.38366273]
2387
[0.48129963]
2388
[0.07331684]
2389
[0.31252727]
2390
[0.4129538]
2391
[0.40528233]
2392
[0.7142334]
2393
[0.7142334]
2394
[0.45549559]
2395
[0.14654452]
2396
[0.7142334]
2397
[0.16886153]
2398
[0.6389135]
2399
[0.52453883]
2400
[0.44433709]
2401
[0.14793934]
2402
[0.60892502]
2403
[0.7142334]
2404
[0.27835435]
2405
[0.7142334]
2406
[0.53290771]
2407
[0.7142334]
2408
[0.51547255]
2409
[0.18002003]
2410
[0.08447535]
2411
[0.01124767]
2412
[0.00845804]
2413
[0.46037744]
2414
[0.36483275]
2415
[0.7142334]
2416
[0.37947829]
2417
[0.52244662]
2418
[0.154216]
2419
[0.7142334]
2420
[0.3055532]
2421
[0.7142334]
2422
[0.68354751]
2423
[0.65983569]
2424
[0.01333989]
2425
[0.7142334]
2426
[0.64030831]
2427
[0.63333425]
2428
[0.7142334]
2429
[0.22883849]
2430
[0.57405469]
2431
[0.7142334]
2432
[0.7142334]
2433
[0.7142334]
2434
[0.51826218]
2435
[0.09354163]
2436
[0.69191639]
2437
[0.7142334]
2438
[0.29648692]
2439
[0.4778126]
2440
[0.29230248]
2441
[0.18071744]
2442
[0.7142334]
2443
[0.69540342]
2444
[0.56010657]
2445
[0.7142334]
2446
[0.21698258]
2447
[0.67866567]
2448
[0.7142334]
2449
[0.7142334]
2450
[0.70516711]
2451
[0.7142334]
2452
[0.35785869]
2453
[0.37529385]
2454
[0.02310358]
2455
[0.7142334]
2456
[0.7142334]
2457
[0.41016417]
2458
[0.7142334]
2459
[0.7142334]
2460
[0.7142334]
2461
[0.35297684]
2462
[0.7142334]
2463
[0.63263684]
2464
[0.7142334]
2465
[0.14654452]
2466
[0.7142334]
2467
[0.44433709]
2468
[0.25812956]
2469
[0.03216986]
2470
[0.7142334]
2471
[0.04332837]
2472
[0.7142334]
2473
[0.39551864]
2474
[0.7142334]
2475
[0.32089614]
2476
[0.67378382]
2477
[0.40737455]
2478
[0.3160143]
2479
[0.67308641]
2480
[0.7142334]
2481
[0.14863674]
2482
[0.08098831]
2483
[0.24836587]
2484
[0.1437549]
2485
[0.24278662]
2486
[0.7142334]
2487
[0.7142334]
2488
[0.68424492]
2489
[0.7142334]
2490
[0.27486732]
2491
[0.10888457]
2492
[0.39691345]
2493
[0.7142334]
2494
[0.01403729]
2495
[0.7142334]
2496
[0.47572038]
2497
[0.7142334]
2498
[0.51338033]
2499
[0.11864826]
2500
[0.7142334]
2501
[0.10470014]
2502
[0.7142334]
2503
[0.51616996]
2504
[0.67727085]
2505
[0.02868283]
2506
[0.13957046]
2507
[0.7142334]
2508
[0.09912088]
2509
[0.0468154]
2510
[0.10818717]
2511
[0.16816412]
2512
[0.7142334]
2513
[0.67866567]
2514
[0.7142334]
2515
[0.7142334]
2516
[0.06355315]
2517
[0.25394512]
2518
[0.7142334]
2519
[0.55940916]
2520
[0.7142334]
2521
[0.7142334]
2522
[0.7142334]
2523
[0.7142334]
2524
[0.45758781]
2525
[0.56080397]
2526
[0.10260792]
2527
[0.08517275]
2528
[0.54057918]
2529
[0.23441774]
2530
[0.38575495]
2531
[0.26510363]
2532
[0.49594517]
2533
[0.7142334]
2534
[0.22465405]
2535
[0.07610647]
2536
[0.7142334]
2537
[0.67796826]
2538
[0.40597973]
2539
[0.55940916]
2540
[0.06564537]
2541
[0.32996243]
2542
[0.02938024]
2543
[0.13399121]
2544
[0.47711519]
2545
[0.09981829]
2546
[0.3697146]
2547
[0.61310946]
2548
[0.7142334]
2549
[0.21349555]
2550
[0.35227943]
2551
[0.30904023]
2552
[0.30485579]
2553
[0.7142334]
2554
[0.48269445]
2555
[0.7142334]
2556
[0.13817565]
2557
[0.46107485]
2558
[0.4882737]
2559
[0.62147834]
2560
[0.7142334]
2561
[0.41644083]
2562
[0.19675779]
2563
[0.7142334]
2564
[0.36204313]
2565
[0.1221353]
2566
[0.56080397]
2567
[0.21140333]
2568
[0.7142334]
2569
[0.69121898]
2570
[0.59846392]
2571
[0.01612951]
2572
[0.44363968]
2573
[0.5531325]
2574
[0.7142334]
2575
[0.36204313]
2576
[0.7142334]
2577
[0.45340337]
2578
[0.09912088]
2579
[0.40597973]
2580
[0.7142334]
2581
[0.18420447]
2582
[0.33205465]
2583
[0.7142334]
2584
[0.08726497]
2585
[0.32508058]
2586
[0.47432557]
2587
[0.50570886]
2588
[0.5635936]
2589
[0.68006048]
2590
[0.36831978]
2591
[0.03984133]
2592
[0.32298836]
2593
[0.02868283]
2594
[0.51477514]
2595
[0.7142334]
2596
[0.08517275]
2597
[0.38854457]
2598
[0.7142334]
2599
[0.7142334]
2600
[0.7142334]
2601
[0.7142334]
2602
[0.00078657]
2603
[0.47362816]
2604
[0.7142334]
2605
[0.7142334]
2606
[0.38575495]
2607
[0.56498841]
2608
[0.62566277]
2609
[0.7142334]
2610
[0.55173769]
2611
[0.7142334]
2612
[0.7142334]
2613
[0.7142334]
2614
[0.35088462]
2615
[0.52523624]
2616
[0.65076941]
2617
[0.03705171]
2618
[0.57544951]
2619
[0.50082701]
2620
[0.24766846]
2621
[0.62984721]
2622
[0.7142334]
2623
[0.66959938]
2624
[0.7142334]
2625
[0.49176073]
2626
[0.7142334]
2627
[0.19885001]
2628
[0.68773195]
2629
[0.10888457]
2630
[0.7142334]
2631
[0.7142334]
2632
[0.14166268]
2633
[0.7142334]
2634
[0.51059071]
2635
[0.7142334]
2636
[0.7142334]
2637
[0.36343794]
2638
[0.7142334]
2639
[0.7142334]
2640
[0.7142334]
2641
[0.25464253]
2642
[0.7142334]
2643
[0.4024927]
2644
[0.05239465]
2645
[0.29927654]
2646
[0.16119006]
2647
[0.7142334]
2648
[0.56568582]
2649
[0.17792782]
2650
[0.60195095]
2651
[0.17374338]
2652
[0.5956743]
2653
[0.35297684]
2654
[0.7142334]
2655
[0.48269445]
2656
[0.7142334]
2657
[0.38575495]
2658
[0.42829674]
2659
[0.2727751]
2660
[0.7142334]
2661
[0.7142334]
2662
[0.10609495]
2663
[0.62217574]
2664
[0.54546103]
2665
[0.7142334]
2666
[0.48687889]
2667
[0.62914981]
2668
[0.30276357]
2669
[0.62705759]
2670
[0.7142334]
2671
[0.10191051]
2672
[0.6926138]
2673
[0.10330532]
2674
[0.7142334]
2675
[0.52453883]
2676
[0.60195095]
2677
[0.42829674]
2678
[0.48966851]
2679
[0.1869941]
2680
[0.7142334]
2681
[0.2511555]
2682
[0.61101724]
2683
[0.69889045]
2684
[0.30973764]
2685
[0.13399121]
2686
[0.15909784]
2687
[0.14933415]
2688
[0.50849849]
2689
[0.34251574]
2690
[0.15561081]
2691
[0.7142334]
2692
[0.26022178]
2693
[0.00078657]
2694
[0.33205465]
2695
[0.27765694]
2696
[0.43038896]
2697
[0.23999699]
2698
[0.35646387]
2699
[0.57335729]
2700
[0.07261944]
2701
[0.06076353]
2702
[0.26091919]
2703
[0.44154746]
2704
[0.53499993]
2705
[0.33065983]
2706
[0.00218138]
2707
[0.7142334]
2708
[0.28951285]
2709
[0.50780108]
2710
[0.10609495]
2711
[0.11097679]
2712
[0.6933112]
2713
[0.22674627]
2714
[0.65146681]
2715
[0.53221031]
2716
[0.56847544]
2717
[0.7142334]
2718
[0.49106332]
2719
[0.7142334]
2720
[0.60892502]
2721
[0.7142334]
2722
[0.49664258]
2723
[0.62426796]
2724
[0.7142334]
2725
[0.60613539]
2726
[0.7142334]
2727
[0.19117854]
2728
[0.09981829]
2729
[0.7142334]
2730
[0.17025634]
2731
[0.3160143]
2732
[0.41853305]
2733
[0.7142334]
2734
[0.31531689]
2735
[0.154216]
2736
[0.42690193]
2737
[0.7142334]
2738
[0.06285575]
2739
[0.54685584]
2740
[0.68006048]
2741
[0.50012961]
2742
[0.7142334]
2743
[0.39551864]
2744
[0.71144377]
2745
[0.1758356]
2746
[0.14305749]
2747
[0.65844088]
2748
[0.45340337]
2749
[0.54615844]
2750
[0.61380686]
2751
[0.27068288]
2752
[0.50501145]
2753
[0.7142334]
2754
[0.11934567]
2755
[0.564291]
2756
[0.7142334]
2757
[0.03774911]
2758
[0.7142334]
2759
[0.20512667]
2760
[0.34321315]
2761
[0.00078657]
2762
[0.38993938]
2763
[0.7142334]
2764
[0.11795086]
2765
[0.7142334]
2766
[0.43875784]
2767
[0.49594517]
2768
[0.26370881]
2769
[0.7142334]
2770
[0.18002003]
2771
[0.7142334]
2772
[0.51268292]
2773
[0.35646387]
2774
[0.69400861]
2775
[0.7142334]
2776
[0.7142334]
2777
[0.04193355]
2778
[0.00078657]
2779
[0.29369729]
2780
[0.35158203]
2781
[0.28951285]
2782
[0.19327076]
2783
[0.32368577]
2784
[0.7142334]
2785
[0.36553016]
2786
[0.60892502]
2787
[0.57405469]
2788
[0.7142334]
2789
[0.6933112]
2790
[0.7142334]
2791
[0.56289619]
2792
[0.03774911]
2793
[0.36692497]
2794
[0.26998547]
2795
[0.23441774]
2796
[0.68703454]
2797
[0.7142334]
2798
[0.7142334]
2799
[0.31113245]
2800
[0.45061375]
2801
[0.32926502]
2802
[0.38366273]
2803
[0.4673515]
2804
[0.7142334]
2805
[0.06215834]
2806
[0.40667714]
2807
[0.7142334]
2808
[0.57684432]
2809
[0.37808347]
2810
[0.7142334]
2811
[0.7142334]
2812
[0.7142334]
2813
[0.7142334]
2814
[0.5747521]
2815
[0.29788173]
2816
[0.12771455]
2817
[0.7142334]
2818
[0.21419295]
2819
[0.7142334]
2820
[0.59916133]
2821
[0.45131115]
2822
[0.31182986]
2823
[0.01403729]
2824
[0.7142334]
2825
[0.57893654]
2826
[0.7142334]
2827
[0.64379534]
2828
[0.7142334]
2829
[0.09075201]
2830
[0.7142334]
2831
[0.7142334]
2832
[0.49315554]
2833
[0.18559929]
2834
[0.47014113]
2835
[0.03495949]
2836
[0.7142334]
2837
[0.7142334]
2838
[0.7142334]
2839
[0.50640627]
2840
[0.7142334]
2841
[0.32438318]
2842
[0.36483275]
2843
[0.41225639]
2844
[0.7142334]
2845
[0.35367425]
2846
[0.62008352]
2847
[0.7142334]
2848
[0.7142334]
2849
[0.71144377]
2850
[0.5531325]
2851
[0.7142334]
2852
[0.3920316]
2853
[0.52732846]
2854
[0.7142334]
2855
[0.06146093]
2856
[0.7142334]
2857
[0.7142334]
2858
[0.7142334]
2859
[0.31043505]
2860
[0.6172939]
2861
[0.7142334]
2862
[0.0251958]
2863
[0.7142334]
2864
[0.7142334]
2865
[0.66959938]
2866
[0.5956743]
2867
[0.7142334]
2868
[0.37947829]
2869
[0.37599126]
2870
[0.39342642]
2871
[0.52802587]
2872
[0.68145529]
2873
[0.47153594]
2874
[0.44852153]
2875
[0.21349555]
2876
[0.57056766]
2877
[0.23093071]
2878
[0.62078093]
2879
[0.7142334]
2880
[0.4666541]
2881
[0.14096527]
2882
[0.7142334]
2883
[0.41504602]
2884
[0.5210518]
2885
[0.7142334]
2886
[0.7142334]
2887
[0.48060223]
2888
[0.7142334]
2889
[0.27138028]
2890
[0.17234856]
2891
[0.66890198]
2892
[0.4129538]
2893
[0.53569734]
2894
[0.7142334]
2895
[0.50570886]
2896
[0.7142334]
2897
[0.17234856]
2898
[0.7142334]
2899
[0.7142334]
2900
[0.13538602]
2901
[0.57893654]
2902
[0.7142334]
2903
[0.39761086]
2904
[0.47014113]
2905
[0.7142334]
2906
[0.7142334]
2907
[0.40319011]
2908
[0.7142334]
2909
[0.7142334]
2910
[0.13399121]
2911
[0.68982417]
2912
[0.7142334]
2913
[0.7142334]
2914
[0.42202008]
2915
[0.22604886]
2916
[0.18280966]
2917
[0.7142334]
2918
[0.32926502]
2919
[0.7142334]
2920
[0.6605331]
2921
[0.20652148]
2922
[0.41504602]
2923
[0.7142334]
2924
[0.7142334]
2925
[0.33623909]
2926
[0.7142334]
2927
[0.06564537]
2928
[0.55592213]
2929
[0.11306901]
2930
[0.7142334]
2931
[0.70935155]
2932
[0.3376339]
2933
[0.7142334]
2934
[0.1228327]
2935
[0.48548407]
2936
[0.31461949]
2937
[0.7142334]
2938
[0.10818717]
2939
[0.51059071]
2940
[0.20652148]
2941
[0.7142334]
2942
[0.50710367]
2943
[0.7142334]
2944
[0.7142334]
2945
[0.7142334]
2946
[0.32926502]
2947
[0.16955894]
2948
[0.38296532]
2949
[0.0691324]
2950
[0.23093071]
2951
[0.62775499]
2952
[0.23162811]
2953
[0.04542058]
2954
[0.58242357]
2955
[0.7142334]
2956
[0.20024482]
2957
[0.7142334]
2958
[0.33833131]
2959
[0.5210518]
2960
[0.6612305]
2961
[0.56219878]
2962
[0.61380686]
2963
[0.1012131]
2964
[0.51407774]
2965
[0.7142334]
2966
[0.14305749]
2967
[0.7142334]
2968
[0.03774911]
2969
[0.7142334]
2970
[0.42620452]
2971
[0.30625061]
2972
[0.7142334]
2973
[0.7142334]
2974
[0.61241205]
2975
[0.41853305]
2976
[0.7142334]
2977
[0.16676931]
2978
[0.42132268]
2979
[0.42899415]
2980
[0.19606038]
2981
[0.40667714]
2982
[0.34530537]
2983
[0.13468861]
2984
[0.14654452]
2985
[0.7142334]
2986
[0.05657909]
2987
[0.14166268]
2988
[0.7142334]
2989
[0.7142334]
2990
[0.35088462]
2991
[0.10539754]
2992
[0.59985873]
2993
[0.4666541]
2994
[0.7142334]
2995
[0.15630821]
2996
[0.7142334]
2997
[0.03216986]
2998
[0.23232552]
2999
[0.33065983]
3000
[0.17304597]
3001
[0.7142334]
3002
[0.18769151]
3003
[0.47223335]
3004
[0.13468861]
3005
[0.7142334]
3006
[0.70935155]
3007
[0.03914393]
3008
[0.18908632]
3009
[0.62636018]
3010
[0.46316706]
3011
[0.30694801]
3012
[0.62775499]
3013
[0.7142334]
3014
[0.48478667]
3015
[0.23720737]
3016
[0.52802587]
3017
[0.62217574]
3018
[0.19048113]
3019
[0.7142334]
3020
[0.57614691]
3021
[0.6716916]
3022
[0.45270597]
3023
[0.44433709]
3024
[0.23860218]
3025
[0.7142334]
3026
[0.22814108]
3027
[0.28602582]
3028
[0.38714976]
3029
[0.7142334]
3030
[0.59358208]
3031
[0.14166268]
3032
[0.7142334]
3033
[0.29090766]
3034
[0.05030243]
3035
[0.7142334]
3036
[0.7142334]
3037
[0.7142334]
3038
[0.06982981]
3039
[0.47083854]
3040
[0.21279814]
3041
[0.28253879]
3042
[0.22395664]
3043
[0.7142334]
3044
[0.29369729]
3045
[0.7142334]
3046
[0.54127659]
3047
[0.60195095]
3048
[0.7142334]
3049
[0.67238901]
3050
[0.7142334]
3051
[0.14514971]
3052
[0.50152442]
3053
[0.54964547]
3054
[0.13887305]
3055
[0.7142334]
3056
[0.44852153]
3057
[0.64449275]
3058
[0.7142334]
3059
[0.7142334]
3060
[0.7142334]
3061
[0.3167117]
3062
[0.48478667]
3063
[0.7142334]
3064
[0.37459644]
3065
[0.48757629]
3066
[0.16119006]
3067
[0.6612305]
3068
[0.24836587]
3069
[0.18211225]
3070
[0.7142334]
3071
[0.22465405]
3072
[0.56010657]
3073
[0.26580103]
3074
[0.5203544]
3075
[0.7142334]
3076
[0.7142334]
3077
[0.7142334]
3078
[0.08308053]
3079
[0.09354163]
3080
[0.7142334]
3081
[0.4882737]
3082
[0.7142334]
3083
[0.38505754]
3084
[0.64867719]
3085
[0.28881545]
3086
[0.4024927]
3087
[0.50849849]
3088
[0.19117854]
3089
[0.39621604]
3090
[0.34948981]
3091
[0.24766846]
3092
[0.7142334]
3093
[0.59079245]
3094
[0.42829674]
3095
[0.61450427]
3096
[0.45968003]
3097
[0.35227943]
3098
[0.22953589]
3099
[0.7142334]
3100
[0.00078657]
3101
[0.12701714]
3102
[0.57126507]
3103
[0.31880392]
3104
[0.29160507]
3105
[0.7142334]
3106
[0.7142334]
3107
[0.52872327]
3108
[0.0147347]
3109
[0.59846392]
3110
[0.7142334]
3111
[0.19536298]
3112
[0.23441774]
3113
[0.2190748]
3114
[0.7142334]
3115
[0.7142334]
3116
[0.7142334]
3117
[0.38784717]
3118
[0.7142334]
3119
[0.57265988]
3120
[0.42620452]
3121
[0.44224487]
3122
[0.154216]
3123
[0.7142334]
3124
[0.7142334]
3125
[0.20652148]
3126
[0.6709942]
3127
[0.12143789]
3128
[0.08447535]
3129
[0.1437549]
3130
[0.60125355]
3131
[0.34948981]
3132
[0.7142334]
3133
[0.6284524]
3134
[0.7142334]
3135
[0.7142334]
3136
[0.14026787]
3137
[0.35088462]
3138
[0.41992786]
3139
[0.37180682]
3140
[0.25045809]
3141
[0.7142334]
3142
[0.18002003]
3143
[0.7142334]
3144
[0.39551864]
3145
[0.51616996]
3146
[0.68494232]
3147
[0.64309794]
3148
[0.21558777]
3149
[0.46246966]
3150
[0.3592535]
3151
[0.7142334]
3152
[0.64588756]
3153
[0.33344946]
3154
[0.25812956]
3155
[0.05657909]
3156
[0.09354163]
3157
[0.7142334]
3158
[0.23511515]
3159
[0.62775499]
3160
[0.7142334]
3161
[0.1437549]
3162
[0.7142334]
3163
[0.18420447]
3164
[0.7142334]
3165
[0.7142334]
3166
[0.7142334]
3167
[0.34391056]
3168
[0.2943947]
3169
[0.58870023]
3170
[0.59288467]
3171
[0.7142334]
3172
[0.12631974]
3173
[0.39482123]
3174
[0.28672323]
3175
[0.39551864]
3176
[0.31113245]
3177
[0.12492492]
3178
[0.31113245]
3179
[0.7142334]
3180
[0.7142334]
3181
[0.64309794]
3182
[0.7142334]
3183
[0.67378382]
3184
[0.46386447]
3185
[0.53709215]
3186
[0.05518428]
3187
[0.7142334]
3188
[0.37250422]
3189
[0.7142334]
3190
[0.42271749]
3191
[0.71214118]
3192
[0.46386447]
3193
[0.15909784]
3194
[0.52244662]
3195
[0.7142334]
3196
[0.26440622]
3197
[0.20931111]
3198
[0.7142334]
3199
[0.41504602]
3200
[0.54894806]
3201
[0.59497689]
3202
[0.62496537]
3203
[0.7142334]
3204
[0.41713824]
3205
[0.49245814]
3206
[0.08656757]
3207
[0.7142334]
3208
[0.7037723]
3209
[0.37808347]
3210
[0.18420447]
3211
[0.5531325]
3212
[0.18978373]
3213
[0.37529385]
3214
[0.5747521]
3215
[0.50082701]
3216
[0.58730542]
3217
[0.7142334]
3218
[0.23929959]
3219
[0.47362816]
3220
[0.04263096]
3221
[0.7142334]
3222
[0.59358208]
3223
[0.7142334]
3224
[0.69191639]
3225
[0.49455036]
3226
[0.56289619]
3227
[0.45340337]
3228
[0.32438318]
3229
[0.61380686]
3230
[0.41504602]
3231
[0.7142334]
3232
[0.7142334]
3233
[0.35646387]
3234
[0.7142334]
3235
[0.44015265]
3236
[0.2197722]
3237
[0.7142334]
3238
[0.25603734]
3239
[0.67378382]
3240
[0.7142334]
3241
[0.69610083]
3242
[0.0579739]
3243
[0.30973764]
3244
[0.68982417]
3245
[0.22325924]
3246
[0.7142334]
3247
[0.46944372]
3248
[0.57754173]
3249
[0.50431405]
3250
[0.44642931]
3251
[0.49594517]
3252
[0.7142334]
3253
[0.03914393]
3254
[0.7142334]
3255
[0.11655605]
3256
[0.44154746]
3257
[0.69540342]
3258
[0.7142334]
3259
[0.67657345]
3260
[0.49245814]
3261
[0.7142334]
3262
[0.43527081]
3263
[0.27626213]
3264
[0.7142334]
3265
[0.56638322]
3266
[0.13259639]
3267
[0.35227943]
3268
[0.10539754]
3269
[0.55522472]
3270
[0.17792782]
3271
[0.7142334]
3272
[0.52872327]
3273
[0.7142334]
3274
[0.03147245]
3275
[0.7142334]
3276
[0.19048113]
3277
[0.03077505]
3278
[0.64030831]
3279
[0.57126507]
3280
[0.3167117]
3281
[0.52174921]
3282
[0.07122462]
3283
[0.46107485]
3284
[0.57893654]
3285
[0.7142334]
3286
[0.7142334]
3287
[0.7142334]
3288
[0.7142334]
3289
[0.48478667]
3290
[0.42829674]
3291
[0.0251958]
3292
[0.46177225]
3293
[0.5098933]
3294
[0.57963395]
3295
[0.7142334]
3296
[0.0579739]
3297
[0.30764542]
3298
[0.4450345]
3299
[0.7142334]
3300
[0.66959938]
3301
[0.7142334]
3302
[0.09981829]
3303
[0.32787021]
3304
[0.0258932]
3305
[0.7142334]
3306
[0.7142334]
3307
[0.36274053]
3308
[0.52593365]
3309
[0.04123615]
3310
[0.7142334]
3311
[0.7142334]
3312
[0.24627365]
3313
[0.7142334]
3314
[0.49455036]
3315
[0.66820457]
3316
[0.58102876]
3317
[0.5852132]
3318
[0.59288467]
3319
[0.10400273]
3320
[0.14514971]
3321
[0.34600278]
3322
[0.08587016]
3323
[0.41713824]
3324
[0.10888457]
3325
[0.16258487]
3326
[0.7142334]
3327
[0.03147245]
3328
[0.58939764]
3329
[0.36901719]
3330
[0.7142334]
3331
[0.7142334]
3332
[0.10260792]
3333
[0.38784717]
3334
[0.36901719]
3335
[0.65495385]
3336
[0.33833131]
3337
[0.69470602]
3338
[0.7142334]
3339
[0.32787021]
3340
[0.59427948]
3341
[0.7142334]
3342
[0.7142334]
3343
[0.7142334]
3344
[0.7142334]
3345
[0.7142334]
3346
[0.06704019]
3347
[0.63124203]
3348
[0.01543211]
3349
[0.1012131]
3350
[0.17792782]
3351
[0.7142334]
3352
[0.67308641]
3353
[0.65146681]
3354
[0.03914393]
3355
[0.46246966]
3356
[0.7142334]
3357
[0.44224487]
3358
[0.03984133]
3359
[0.38226791]
3360
[0.05169724]
3361
[0.262314]
3362
[0.7142334]
3363
[0.7142334]
3364
[0.27695954]
3365
[0.541974]
3366
[0.37668866]
3367
[0.7142334]
3368
[0.46386447]
3369
[0.7142334]
3370
[0.7142334]
3371
[0.7142334]
3372
[0.11306901]
3373
[0.26370881]
3374
[0.7142334]
3375
[0.7142334]
3376
[0.7142334]
3377
[0.00566842]
3378
[0.37878088]
3379
[0.46944372]
3380
[0.43806043]
3381
[0.00078657]
3382
[0.26510363]
3383
[0.7142334]
3384
[0.7142334]
3385
[0.13399121]
3386
[0.07471166]
3387
[0.7142334]
3388
[0.16188747]
3389
[0.29997395]
3390
[0.7142334]
3391
[0.7142334]
3392
[0.15212378]
3393
[0.36134572]
3394
[0.4234149]
3395
[0.06634278]
3396
[0.51616996]
3397
[0.1981526]
3398
[0.7142334]
3399
[0.7142334]
3400
[0.65565125]
3401
[0.22395664]
3402
[0.5531325]
3403
[0.43038896]
3404
[0.7142334]
3405
[0.7142334]
3406
[0.53709215]
3407
[0.26789325]
3408
[0.25743215]
3409
[0.19885001]
3410
[0.45758781]
3411
[0.7142334]
3412
[0.04193355]
3413
[0.71283858]
3414
[0.31182986]
3415
[0.35576647]
3416
[0.7142334]
3417
[0.18978373]
3418
[0.7142334]
3419
[0.38784717]
3420
[0.7142334]
3421
[0.7142334]
3422
[0.18629669]
3423
[0.00078657]
3424
[0.7142334]
3425
[0.7142334]
3426
[0.2518529]
3427
[0.28114397]
3428
[0.7142334]
3429
[0.7142334]
3430
[0.44642931]
3431
[0.7142334]
3432
[0.7142334]
3433
[0.7142334]
3434
[0.44015265]
3435
[0.7142334]
3436
[0.35018722]
3437
[0.08935719]
3438
[0.00078657]
3439
[0.7142334]
3440
[0.29927654]
3441
[0.42202008]
3442
[0.7142334]
3443
[0.00497101]
3444
[0.55592213]
3445
[0.13189899]
3446
[0.1221353]
3447
[0.63472906]
3448
[0.7142334]
3449
[0.34321315]
3450
[0.2190748]
3451
[0.48408926]
3452
[0.42969155]
3453
[0.50640627]
3454
[0.7142334]
3455
[0.64100572]
3456
[0.10470014]
3457
[0.08656757]
3458
[0.04193355]
3459
[0.62705759]
3460
[0.7142334]
3461
[0.51338033]
3462
[0.41574342]
3463
[0.7142334]
3464
[0.00218138]
3465
[0.7142334]
3466
[0.69610083]
3467
[0.7142334]
3468
[0.7142334]
3469
[0.7142334]
3470
[0.08935719]
3471
[0.34181834]
3472
[0.62147834]
3473
[0.3160143]
3474
[0.59148986]
3475
[0.7142334]
3476
[0.70168008]
3477
[0.04890762]
3478
[0.11864826]
3479
[0.7142334]
3480
[0.02798542]
3481
[0.7142334]
3482
[0.7142334]
3483
[0.19117854]
3484
[0.7142334]
3485
[0.7142334]
3486
[0.7142334]
3487
[0.7142334]
3488
[0.7142334]
3489
[0.7142334]
3490
[0.7142334]
3491
[0.07750128]
3492
[0.36204313]
3493
[0.7142334]
3494
[0.7142334]
3495
[0.7142334]
3496
[0.7142334]
3497
[0.6709942]
3498
[0.53988178]
3499
[0.11655605]
3500
[0.44294228]
3501
[0.7142334]
3502
[0.05518428]
3503
[0.7142334]
3504
[0.11585864]
3505
[0.7142334]
3506
[0.12074048]
3507
[0.31322467]
3508
[0.33554168]
3509
[0.36901719]
3510
[0.7142334]
3511
[0.20512667]
3512
[0.7142334]
3513
[0.34321315]
3514
[0.09284423]
3515
[0.7142334]
3516
[0.7142334]
3517
[0.44991634]
3518
[0.69191639]
3519
[0.7142334]
3520
[0.40807195]
3521
[0.57265988]
3522
[0.42062527]
3523
[0.49245814]
3524
[0.7142334]
3525
[0.36064831]
3526
[0.41783564]
3527
[0.7142334]
3528
[0.3055532]
3529
[0.37110941]
3530
[0.4234149]
3531
[0.25952437]
3532
[0.7142334]
3533
[0.43317859]
3534
[0.36134572]
3535
[0.07819869]
3536
[0.20931111]
3537
[0.62914981]
3538
[0.0579739]
3539
[0.7142334]
3540
[0.7142334]
3541
[0.14514971]
3542
[0.07331684]
3543
[0.4136512]
3544
[0.28881545]
3545
[0.18211225]
3546
[0.1221353]
3547
[0.49245814]
3548
[0.7142334]
3549
[0.7142334]
3550
[0.3697146]
3551
[0.40876936]
3552
[0.68075789]
3553
[0.4024927]
3554
[0.7142334]
3555
[0.7142334]
3556
[0.60125355]
3557
[0.6926138]
3558
[0.7142334]
3559
[0.70098267]
3560
[0.37389904]
3561
[0.5210518]
3562
[0.33972612]
3563
[0.2727751]
3564
[0.65704607]
3565
[0.41574342]
3566
[0.7142334]
3567
[0.23929959]
3568
[0.28602582]
3569
[0.7142334]
3570
[0.39761086]
3571
[0.7142334]
3572
[0.14793934]
3573
[0.7142334]
3574
[0.55382991]
3575
[0.55104028]
3576
[0.53221031]
3577
[0.20233704]
3578
[0.7142334]
3579
[0.41016417]
3580
[0.64170312]
3581
[0.66611235]
3582
[0.7142334]
3583
[0.7142334]
3584
[0.54127659]
3585
[0.19257335]
3586
[0.5315129]
3587
[0.7142334]
3588
[0.29927654]
3589
[0.26022178]
3590
[0.7142334]
3591
[0.7142334]
3592
[0.22256183]
3593
[0.7142334]
3594
[0.7142334]
3595
[0.60474058]
3596
[0.7142334]
3597
[0.69400861]
3598
[0.70237749]
3599
[0.1332938]
3600
[0.22046961]
3601
[0.27068288]
3602
[0.38993938]
3603
[0.1653745]
3604
[0.1869941]
3605
[0.7142334]
3606
[0.26789325]
3607
[0.06564537]
3608
[0.20652148]
3609
[0.26440622]
3610
[0.1437549]
3611
[0.34948981]
3612
[0.27974916]
3613
[0.7142334]
3614
[0.4024927]
3615
[0.7142334]
3616
[0.7142334]
3617
[0.32019874]
3618
[0.27556472]
3619
[0.7142334]
3620
[0.69749564]
3621
[0.12004308]
3622
[0.7142334]
3623
[0.01612951]
3624
[0.62287315]
3625
[0.7142334]
3626
[0.06425056]
3627
[0.57126507]
3628
[0.06146093]
3629
[0.7142334]
3630
[0.7142334]
3631
[0.1758356]
3632
[0.34042352]
3633
[0.2406944]
3634
[0.49315554]
3635
[0.57405469]
3636
[0.3055532]
3637
[0.70586452]
3638
[0.17304597]
3639
[0.05309206]
3640
[0.7142334]
3641
[0.18280966]
3642
[0.7142334]
3643
[0.70098267]
3644
[0.34948981]
3645
[0.27138028]
3646
[0.46107485]
3647
[0.19048113]
3648
[0.27486732]
3649
[0.20721889]
3650
[0.05378946]
3651
[0.49733998]
3652
[0.7142334]
3653
[0.7142334]
3654
[0.28044657]
3655
[0.7142334]
3656
[0.69958786]
3657
[0.7142334]
3658
[0.4882737]
3659
[0.52384143]
3660
[0.11655605]
3661
[0.7142334]
3662
[0.65565125]
3663
[0.38575495]
3664
[0.3913342]
3665
[0.41992786]
3666
[0.40876936]
3667
[0.18420447]
3668
[0.25743215]
3669
[0.15212378]
3670
[0.7142334]
3671
[0.04332837]
3672
[0.44363968]
3673
[0.04263096]
3674
[0.14305749]
3675
[0.43945524]
3676
[0.24557624]
3677
[0.19396816]
3678
[0.44991634]
3679
[0.38366273]
3680
[0.20582407]
3681
[0.2734725]
3682
[0.15700562]
3683
[0.59218726]
3684
[0.42132268]
3685
[0.54615844]
3686
[0.55940916]
3687
[0.7142334]
3688
[0.35297684]
3689
[0.56987026]
3690
[0.32229096]
3691
[0.28951285]
3692
[0.40667714]
3693
[0.35576647]
3694
[0.67796826]
3695
[0.45898263]
3696
[0.06355315]
3697
[0.00078657]
3698
[0.42550712]
3699
[0.41992786]
3700
[0.64658497]
3701
[0.34181834]
3702
[0.7142334]
3703
[0.61310946]
3704
[0.7142334]
3705
[0.12910936]
3706
[0.26301141]
3707
[0.43945524]
3708
[0.6284524]
3709
[0.18908632]
3710
[0.7142334]
3711
[0.31950133]
3712
[0.7142334]
3713
[0.68075789]
3714
[0.08168572]
3715
[0.7142334]
3716
[0.7142334]
3717
[0.7142334]
3718
[0.38226791]
3719
[0.06564537]
3720
[0.33623909]
3721
[0.61031983]
3722
[0.51965699]
3723
[0.06285575]
3724
[0.04263096]
3725
[0.44085006]
3726
[0.7142334]
3727
[0.07122462]
3728
[0.7142334]
3729
[0.53918437]
3730
[0.7142334]
3731
[0.37110941]
3732
[0.7142334]
3733
[0.58870023]
3734
[0.12562233]
3735
[0.22325924]
3736
[0.7142334]
3737
[0.28811804]
3738
[0.03286727]
3739
[0.44712672]
3740
[0.62496537]
3741
[0.69889045]
3742
[0.04542058]
3743
[0.20163964]
3744
[0.02659061]
3745
[0.19885001]
3746
[0.65704607]
3747
[0.31043505]
3748
[0.19327076]
3749
[0.7142334]
3750
[0.53011809]
3751
[0.66262532]
3752
[0.7142334]
3753
[0.23162811]
3754
[0.05239465]
3755
[0.67657345]
3756
[0.7142334]
3757
[0.55243509]
3758
[0.7142334]
3759
[0.35297684]
3760
[0.6926138]
3761
[0.55034287]
3762
[0.34600278]
3763
[0.7142334]
3764
[0.11376642]
3765
[0.50780108]
3766
[0.7142334]
3767
[0.7142334]
3768
[0.14654452]
3769
[0.7142334]
3770
[0.15351859]
3771
[0.7142334]
3772
[0.68075789]
3773
[0.26859066]
3774
[0.60055614]
3775
[0.7142334]
3776
[0.07819869]
3777
[0.6821527]
3778
[0.66192791]
3779
[0.6396109]
3780
[0.64100572]
3781
[0.34739759]
3782
[0.04053874]
3783
[0.39830826]
3784
[0.7142334]
3785
[0.50780108]
3786
[0.25812956]
3787
[0.21349555]
3788
[0.51826218]
3789
[0.7142334]
3790
[0.05239465]
3791
[0.10330532]
3792
[0.51965699]
3793
[0.7142334]
3794
[0.70237749]
3795
[0.68075789]
3796
[0.7142334]
3797
[0.22814108]
3798
[0.55592213]
3799
[0.43596821]
3800
[0.7142334]
3801
[0.7142334]
3802
[0.7142334]
3803
[0.56289619]
3804
[0.7142334]
3805
[0.10260792]
3806
[0.60334577]
3807
[0.7142334]
3808
[0.65565125]
3809
[0.61241205]
3810
[0.50710367]
3811
[0.08517275]
3812
[0.10539754]
3813
[0.7142334]
3814
[0.27556472]
3815
[0.7142334]
3816
[0.08308053]
3817
[0.7142334]
3818
[0.45200856]
3819
[0.7142334]
3820
[0.00915545]
3821
[0.7142334]
3822
[0.40179529]
3823
[0.7142334]
3824
[0.24487884]
3825
[0.39412382]
3826
[0.69819305]
3827
[0.70935155]
3828
[0.71214118]
3829
[0.7142334]
3830
[0.7142334]
3831
[0.7142334]
3832
[0.50919589]
3833
[0.7142334]
3834
[0.7142334]
3835
[0.01822173]
3836
[0.7142334]
3837
[0.43596821]
3838
[0.70237749]
3839
[0.21140333]
3840
[0.25394512]
3841
[0.7142334]
3842
[0.7142334]
3843
[0.65913829]
3844
[0.03426208]
3845
[0.4345734]
3846
[0.29021026]
3847
[0.05518428]
3848
[0.1981526]
3849
[0.66820457]
3850
[0.30346098]
3851
[0.7142334]
3852
[0.69958786]
3853
[0.2197722]
3854
[0.7142334]
3855
[0.05936871]
3856
[0.33972612]
3857
[0.57614691]
3858
[0.57614691]
3859
[0.12074048]
3860
[0.7142334]
3861
[0.7142334]
3862
[0.7142334]
3863
[0.63124203]
3864
[0.31252727]
3865
[0.38226791]
3866
[0.03844652]
3867
[0.28114397]
3868
[0.59776652]
3869
[0.5531325]
3870
[0.1332938]
3871
[0.35437165]
3872
[0.57544951]
3873
[0.54406622]
3874
[0.1221353]
3875
[0.7142334]
3876
[0.7142334]
3877
[0.7142334]
3878
[0.63263684]
3879
[0.7142334]
3880
[0.7142334]
3881
[0.5203544]
3882
[0.16188747]
3883
[0.40388751]
3884
[0.7037723]
3885
[0.7142334]
3886
[0.10888457]
3887
[0.10818717]
3888
[0.33205465]
3889
[0.7142334]
3890
[0.14793934]
3891
[0.01333989]
3892
[0.18978373]
3893
[0.7142334]
3894
[0.7142334]
3895
[0.04611799]
3896
[0.08656757]
3897
[0.7142334]
3898
[0.46316706]
3899
[0.15561081]
3900
[0.7142334]
3901
[0.12422752]
3902
[0.49106332]
3903
[0.26580103]
3904
[0.7142334]
3905
[0.46037744]
3906
[0.7142334]
3907
[0.70168008]
3908
[0.13608343]
3909
[0.5098933]
3910
[0.7142334]
3911
[0.12910936]
3912
[0.7142334]
3913
[0.7142334]
3914
[0.26580103]
3915
[0.16886153]
3916
[0.66541494]
3917
[0.08238313]
3918
[0.7142334]
3919
[0.18908632]
3920
[0.58939764]
3921
[0.04053874]
3922
[0.16467709]
3923
[0.7142334]
3924
[0.65913829]
3925
[0.13608343]
3926
[0.1869941]
3927
[0.7142334]
3928
[0.7142334]
3929
[0.25394512]
3930
[0.7142334]
3931
[0.06564537]
3932
[0.49733998]
3933
[0.7142334]
3934
[0.57754173]
3935
[0.36274053]
3936
[0.7142334]
3937
[0.61380686]
3938
[0.52663105]
3939
[0.7142334]
3940
[0.7142334]
3941
[0.45200856]
3942
[0.7142334]
3943
[0.59706911]
3944
[0.33972612]
3945
[0.1758356]
3946
[0.55871175]
3947
[0.30973764]
3948
[0.7142334]
3949
[0.7142334]
3950
[0.69749564]
3951
[0.31880392]
3952
[0.48687889]
3953
[0.7142334]
3954
[0.44154746]
3955
[0.30067136]
3956
[0.7142334]
3957
[0.7142334]
3958
[0.61310946]
3959
[0.60822761]
3960
[0.59776652]
3961
[0.61031983]
3962
[0.7142334]
3963
[0.44294228]
3964
[0.52384143]
3965
[0.15979525]
3966
[0.50640627]
3967
[0.7142334]
3968
[0.10400273]
3969
[0.7142334]
3970
[0.1221353]
3971
[0.48060223]
3972
[0.57614691]
3973
[0.7142334]
3974
[0.7142334]
3975
[0.61868871]
3976
[0.67727085]
3977
[0.34739759]
3978
[0.7142334]
3979
[0.7142334]
3980
[0.3160143]
3981
[0.07192203]
3982
[0.21140333]
3983
[0.02938024]
3984
[0.7142334]
3985
[0.35646387]
3986
[0.7142334]
3987
[0.51268292]
3988
[0.04193355]
3989
[0.7142334]
3990
[0.21698258]
3991
[0.7142334]
3992
[0.05169724]
3993
[0.00078657]
3994
[0.38854457]
3995
[0.55522472]
3996
[0.7142334]
3997
[0.7142334]
3998
[0.05169724]
3999
[0.16049265]
4000
[0.61868871]
4001
[0.51965699]
4002
[0.50082701]
4003
[0.7142334]
4004
[0.7142334]
4005
[0.47851001]
4006
[0.22325924]
4007
[0.03705171]
4008
[0.37389904]
4009
[0.7142334]
4010
[0.06076353]
4011
[0.7142334]
4012
[0.21698258]
4013
[0.7142334]
4014
[0.12631974]
4015
[0.33275205]
4016
[0.31740911]
4017
[0.7142334]
4018
[0.36831978]
4019
[0.7142334]
4020
[0.34181834]
4021
[0.456193]
4022
[0.68912676]
4023
[0.55592213]
4024
[0.27138028]
4025
[0.15212378]
4026
[0.7142334]
4027
[0.6389135]
4028
[0.46456188]
4029
[0.45968003]
4030
[0.7142334]
4031
[0.262314]
4032
[0.25812956]
4033
[0.7142334]
4034
[0.36831978]
4035
[0.60264836]
4036
[0.24697106]
4037
[0.7142334]
4038
[0.7142334]
4039
[0.7142334]
4040
[0.0691324]
4041
[0.04053874]
4042
[0.08029091]
4043
[0.34530537]
4044
[0.34460796]
4045
[0.7142334]
4046
[0.7142334]
4047
[0.7142334]
4048
[0.46037744]
4049
[0.59706911]
4050
[0.44015265]
4051
[0.3697146]
4052
[0.08377794]
4053
[0.7142334]
4054
[0.58939764]
4055
[0.52453883]
4056
[0.54336881]
4057
[0.14236008]
4058
[0.7142334]
4059
[0.68424492]
4060
[0.46316706]
4061
[0.35088462]
4062
[0.04053874]
4063
[0.7142334]
4064
[0.61589908]
4065
[0.7142334]
4066
[0.7142334]
4067
[0.38436013]
4068
[0.41016417]
4069
[0.7142334]
4070
[0.13189899]
4071
[0.47502298]
4072
[0.67727085]
4073
[0.15700562]
4074
[0.34321315]
4075
[0.24348402]
4076
[0.7142334]
4077
[0.03774911]
4078
[0.22814108]
4079
[0.7142334]
4080
[0.2950921]
4081
[0.21419295]
4082
[0.7142334]
4083
[0.7142334]
4084
[0.42271749]
4085
[0.45898263]
4086
[0.32438318]
4087
[0.7142334]
4088
[0.13189899]
4089
[0.5098933]
4090
[0.31113245]
4091
[0.05239465]
4092
[0.7142334]
4093
[0.42271749]
4094
[0.51477514]
4095
[0.34391056]
4096
[0.18769151]
4097
[0.53499993]
4098
[0.45410078]
4099
[0.7142334]
4100
[0.7142334]
4101
[0.65983569]
4102
[0.08587016]
4103
[0.26649844]
4104
[0.18141485]
4105
[0.04960502]
4106
[0.7142334]
4107
[0.33833131]
4108
[0.57614691]
4109
[0.53709215]
4110
[0.41992786]
4111
[0.7142334]
4112
[0.54406622]
4113
[0.1332938]
4114
[0.10609495]
4115
[0.46944372]
4116
[0.11585864]
4117
[0.59358208]
4118
[0.50291923]
4119
[0.7142334]
4120
[0.65634866]
4121
[0.7142334]
4122
[0.69052158]
4123
[0.7142334]
4124
[0.58870023]
4125
[0.4994322]
4126
[0.7142334]
4127
[0.7142334]
4128
[0.55104028]
4129
[0.7142334]
4130
[0.53639475]
4131
[0.7142334]
4132
[0.31392208]
4133
[0.7142334]
4134
[0.06425056]
4135
[0.66959938]
4136
[0.7142334]
4137
[0.17932263]
4138
[0.17513819]
4139
[0.00078657]
4140
[0.42480971]
4141
[0.33554168]
4142
[0.7142334]
4143
[0.7142334]
4144
[0.68494232]
4145
[0.63612387]
4146
[0.7142334]
4147
[0.6716916]
4148
[0.16188747]
4149
[0.20652148]
4150
[0.35437165]
4151
[0.7142334]
4152
[0.7142334]
4153
[0.7142334]
4154
[0.7142334]
4155
[0.10191051]
4156
[0.650072]
4157
[0.59079245]
4158
[0.28672323]
4159
[0.7142334]
4160
[0.03007764]
4161
[0.32787021]
4162
[0.7142334]
4163
[0.33833131]
4164
[0.07540906]
4165
[0.7142334]
4166
[0.39063679]
4167
[0.28742063]
4168
[0.15003156]
4169
[0.7142334]
4170
[0.7142334]
4171
[0.7142334]
4172
[0.7142334]
4173
[0.26649844]
4174
[0.09144941]
4175
[0.7142334]
4176
[0.65774347]
4177
[0.31043505]
4178
[0.39691345]
4179
[0.50361664]
4180
[0.6389135]
4181
[0.08238313]
4182
[0.22465405]
4183
[0.10679235]
4184
[0.7142334]
4185
[0.46525928]
4186
[0.7142334]
4187
[0.71283858]
4188
[0.19396816]
4189
[0.60195095]
4190
[0.11237161]
4191
[0.2734725]
4192
[0.7142334]
4193
[0.28672323]
4194
[0.7142334]
4195
[0.25533993]
4196
[0.7142334]
4197
[0.7142334]
4198
[0.7142334]
4199
[0.7142334]
4200
[0.54894806]
4201
[0.23720737]
4202
[0.48548407]
4203
[0.01612951]
4204
[0.45758781]
4205
[0.3920316]
4206
[0.04193355]
4207
[0.09563385]
4208
[0.66959938]
4209
[0.06494797]
4210
[0.40388751]
4211
[0.34251574]
4212
[0.00078657]
4213
[0.08865979]
4214
[0.7142334]
4215
[0.7142334]
4216
[0.25324772]
4217
[0.7142334]
4218
[0.11027939]
4219
[0.7142334]
4220
[0.13120158]
4221
[0.59009504]
4222
[0.7142334]
4223
[0.7142334]
4224
[0.09423904]
4225
[0.63821609]
4226
[0.47920741]
4227
[0.06704019]
4228
[0.69400861]
4229
[0.47432557]
4230
[0.66890198]
4231
[0.14514971]
4232
[0.1981526]
4233
[0.7142334]
4234
[0.7142334]
4235
[0.35646387]
4236
[0.7142334]
4237
[0.24627365]
4238
[0.20163964]
4239
[0.7142334]
4240
[0.28463101]
4241
[0.7142334]
4242
[0.00845804]
4243
[0.61101724]
4244
[0.7142334]
4245
[0.7142334]
4246
[0.7142334]
4247
[0.23093071]
4248
[0.63542646]
4249
[0.1437549]
4250
[0.12353011]
4251
[0.7142334]
4252
[0.69540342]
4253
[0.7142334]
4254
[0.7142334]
4255
[0.20233704]
4256
[0.71283858]
4257
[0.7142334]
4258
[0.24906328]
4259
[0.51128811]
4260
[0.3376339]
4261
[0.13399121]
4262
[0.7142334]
4263
[0.7142334]
4264
[0.02240617]
4265
[0.4129538]
4266
[0.7142334]
4267
[0.7142334]
4268
[0.2413918]
4269
[0.7142334]
4270
[0.47432557]
4271
[0.06006612]
4272
[0.02728802]
4273
[0.09702866]
4274
[0.59009504]
4275
[0.7142334]
4276
[0.7142334]
4277
[0.7142334]
4278
[0.7142334]
4279
[0.7142334]
4280
[0.7142334]
4281
[0.61380686]
4282
[0.7142334]
4283
[0.7142334]
4284
[0.66332272]
4285
[0.09772607]
4286
[0.54476362]
4287
[0.7142334]
4288
[0.10260792]
4289
[0.07750128]
4290
[0.7142334]
4291
[0.10888457]
4292
[0.17234856]
4293
[0.54057918]
4294
[0.60055614]
4295
[0.7142334]
4296
[0.7142334]
4297
[0.08377794]
4298
[0.58451579]
4299
[0.69191639]
4300
[0.7142334]
4301
[0.7142334]
4302
[0.7142334]
4303
[0.37738607]
4304
[0.52593365]
4305
[0.03774911]
4306
[0.7142334]
4307
[0.61310946]
4308
[0.7142334]
4309
[0.7142334]
4310
[0.7142334]
4311
[0.21628517]
4312
[0.0788961]
4313
[0.32159355]
4314
[0.70446971]
4315
[0.03705171]
4316
[0.7142334]
4317
[0.59985873]
4318
[0.7142334]
4319
[0.33693649]
4320
[0.34530537]
4321
[0.11725345]
4322
[0.15003156]
4323
[0.32298836]
4324
[0.34530537]
4325
[0.41783564]
4326
[0.4889711]
4327
[0.7142334]
4328
[0.7142334]
4329
[0.10260792]
4330
[0.19606038]
4331
[0.55243509]
4332
[0.30904023]
4333
[0.35227943]
4334
[0.7142334]
4335
[0.7142334]
4336
[0.10609495]
4337
[0.67378382]
4338
[0.7142334]
4339
[0.21070592]
4340
[0.60055614]
4341
[0.47572038]
4342
[0.16886153]
4343
[0.7142334]
4344
[0.7142334]
4345
[0.7142334]
4346
[0.51268292]
4347
[0.26789325]
4348
[0.4024927]
4349
[0.43527081]
4350
[0.56777804]
4351
[0.66541494]
4352
[0.53290771]
4353
[0.7142334]
4354
[0.55452731]
4355
[0.7142334]
4356
[0.7142334]
4357
[0.27835435]
4358
[0.22814108]
4359
[0.60892502]
4360
[0.7142334]
4361
[0.29857914]
4362
[0.7142334]
4363
[0.43038896]
4364
[0.35018722]
4365
[0.7142334]
4366
[0.14654452]
4367
[0.7142334]
4368
[0.7142334]
4369
[0.7142334]
4370
[0.51128811]
4371
[0.7142334]
4372
[0.44224487]
4373
[0.13817565]
4374
[0.7142334]
4375
[0.57963395]
4376
[0.21070592]
4377
[0.27974916]
4378
[0.61380686]
4379
[0.32019874]
4380
[0.16258487]
4381
[0.29788173]
4382
[0.0795935]
4383
[0.69052158]
4384
[0.7142334]
4385
[0.29299988]
4386
[0.7142334]
4387
[0.7142334]
4388
[0.7142334]
4389
[0.65495385]
4390
[0.48129963]
4391
[0.07540906]
4392
[0.7142334]
4393
[0.7142334]
4394
[0.25882697]
4395
[0.7142334]
4396
[0.0900546]
4397
[0.7142334]
4398
[0.1444523]
4399
[0.1332938]
4400
[0.7142334]
4401
[0.05588168]
4402
[0.33205465]
4403
[0.25394512]
4404
[0.27905175]
4405
[0.38714976]
4406
[0.60055614]
4407
[0.50710367]
4408
[0.7142334]
4409
[0.7142334]
4410
[0.41225639]
4411
[0.64588756]
4412
[0.7142334]
4413
[0.12143789]
4414
[0.64379534]
4415
[0.7142334]
4416
[0.7142334]
4417
[0.02170876]
4418
[0.7142334]
4419
[0.00078657]
4420
[0.10470014]
4421
[0.23302293]
4422
[0.66332272]
4423
[0.50291923]
4424
[0.03984133]
4425
[0.32856761]
4426
[0.20233704]
4427
[0.7142334]
4428
[0.7142334]
4429
[0.7142334]
4430
[0.13817565]
4431
[0.33275205]
4432
[0.12631974]
4433
[0.7142334]
4434
[0.7142334]
4435
[0.7142334]
4436
[0.69679824]
4437
[0.53221031]
4438
[0.7142334]
4439
[0.09633126]
4440
[0.7142334]
4441
[0.43387599]
4442
[0.66680976]
4443
[0.68633714]
4444
[0.44015265]
4445
[0.17234856]
4446
[0.7142334]
4447
[0.49036592]
4448
[0.45131115]
4449
[0.7142334]
4450
[0.7142334]
4451
[0.21070592]
4452
[0.456193]
4453
[0.17723041]
4454
[0.59079245]
4455
[0.48408926]
4456
[0.70516711]
4457
[0.7142334]
4458
[0.46804891]
4459
[0.7142334]
4460
[0.28323619]
4461
[0.7142334]
4462
[0.63682128]
4463
[0.35018722]
4464
[0.13817565]
4465
[0.52872327]
4466
[0.7142334]
4467
[0.53569734]
4468
[0.24208921]
4469
[0.40458492]
4470
[0.7142334]
4471
[0.7142334]
4472
[0.7142334]
4473
[0.02659061]
4474
[0.02310358]
4475
[0.58242357]
4476
[0.29788173]
4477
[0.7142334]
4478
[0.70516711]
4479
[0.39621604]
4480
[0.63612387]
4481
[0.7142334]
4482
[0.59218726]
4483
[0.07610647]
4484
[0.370412]
4485
[0.45200856]
4486
[0.27416991]
4487
[0.55661953]
4488
[0.70028527]
4489
[0.62914981]
4490
[0.34181834]
4491
[0.7142334]
4492
[0.60055614]
4493
[0.50501145]
4494
[0.17932263]
4495
[0.7142334]
4496
[0.12841196]
4497
[0.33484427]
4498
[0.66471754]
4499
[0.7142334]
4500
[0.12980677]
4501
[0.7142334]
4502
[0.7142334]
4503
[0.7142334]
4504
[0.64588756]
4505
[0.54685584]
4506
[0.7142334]
4507
[0.70446971]
4508
[0.7142334]
4509
[0.7037723]
4510
[0.00078657]
4511
[0.24627365]
4512
[0.63472906]
4513
[0.7142334]
4514
[0.7142334]
4515
[0.57823913]
4516
[0.13678083]
4517
[0.5747521]
4518
[0.34042352]
4519
[0.55243509]
4520
[0.57056766]
4521
[0.7142334]
4522
[0.7142334]
4523
[0.00776063]
4524
[0.49594517]
4525
[0.66402013]
4526
[0.36413535]
4527
[0.7142334]
4528
[0.00078657]
4529
[0.21140333]
4530
[0.57196248]
4531
[0.07052722]
4532
[0.68494232]
4533
[0.7142334]
4534
[0.7142334]
4535
[0.7142334]
4536
[0.7142334]
4537
[0.7142334]
4538
[0.7037723]
4539
[0.00078657]
4540
[0.16955894]
4541
[0.70656193]
4542
[0.7142334]
4543
[0.7142334]
4544
[0.7142334]
4545
[0.2943947]
4546
[0.35437165]
4547
[0.7142334]
4548
[0.57126507]
4549
[0.26091919]
4550
[0.33902871]
4551
[0.38854457]
4552
[0.44921894]
4553
[0.7142334]
4554
[0.35855609]
4555
[0.30485579]
4556
[0.40109789]
4557
[0.7142334]
4558
[0.07540906]
4559
[0.7142334]
4560
[0.7142334]
4561
[0.30136876]
4562
[0.7142334]
4563
[0.7142334]
4564
[0.7142334]
4565
[0.7142334]
4566
[0.33275205]
4567
[0.7142334]
4568
[0.21489036]
4569
[0.63403165]
4570
[0.60474058]
4571
[0.27626213]
4572
[0.7142334]
4573
[0.06704019]
4574
[0.7142334]
4575
[0.10958198]
4576
[0.7142334]
4577
[0.08587016]
4578
[0.69679824]
4579
[0.15561081]
4580
[0.12074048]
4581
[0.35367425]
4582
[0.1012131]
4583
[0.05099984]
4584
[0.12631974]
4585
[0.08726497]
4586
[0.7142334]
4587
[0.7142334]
4588
[0.23232552]
4589
[0.64240053]
4590
[0.08447535]
4591
[0.46107485]
4592
[0.62914981]
4593
[0.7142334]
4594
[0.7142334]
4595
[0.12701714]
4596
[0.54546103]
4597
[0.7142334]
4598
[0.2511555]
4599
[0.22604886]
4600
[0.7142334]
4601
[0.7142334]
4602
[0.17304597]
4603
[0.19675779]
4604
[0.5956743]
4605
[0.7142334]
4606
[0.7142334]
4607
[0.58381839]
4608
[0.28184138]
4609
[0.27695954]
4610
[0.7142334]
4611
[0.7142334]
4612
[0.55592213]
4613
[0.50710367]
4614
[0.20094223]
4615
[0.46037744]
4616
[0.7142334]
4617
[0.21698258]
4618
[0.35995091]
4619
[0.38017569]
4620
[0.07261944]
4621
[0.65286163]
4622
[0.2190748]
4623
[0.7142334]
4624
[0.7142334]
4625
[0.03705171]
4626
[0.7142334]
4627
[0.29230248]
4628
[0.51616996]
4629
[0.7142334]
4630
[0.7142334]
4631
[0.68354751]
4632
[0.25952437]
4633
[0.03147245]
4634
[0.7142334]
4635
[0.39063679]
4636
[0.7142334]
4637
[0.67029679]
4638
[0.33693649]
4639
[0.33344946]
4640
[0.46037744]
4641
[0.64728238]
4642
[0.55801435]
4643
[0.7142334]
4644
[0.7142334]
4645
[0.32787021]
4646
[0.27486732]
4647
[0.51756477]
4648
[0.20791629]
4649
[0.5426714]
4650
[0.52942068]
4651
[0.17304597]
4652
[0.59218726]
4653
[0.64030831]
4654
[0.15630821]
4655
[0.7142334]
4656
[0.46456188]
4657
[0.40319011]
4658
[0.60125355]
4659
[0.13678083]
4660
[0.4673515]
4661
[0.08517275]
4662
[0.1012131]
4663
[0.7142334]
4664
[0.57196248]
4665
[0.7142334]
4666
[0.17165116]
4667
[0.05239465]
4668
[0.47502298]
4669
[0.31461949]
4670
[0.09075201]
4671
[0.176533]
4672
[0.60125355]
4673
[0.06425056]
4674
[0.7142334]
4675
[0.00078657]
4676
[0.37529385]
4677
[0.41783564]
4678
[0.21349555]
4679
[0.7142334]
4680
[0.7142334]
4681
[0.32787021]
4682
[0.10888457]
4683
[0.32368577]
4684
[0.12910936]
4685
[0.7142334]
4686
[0.30206617]
4687
[0.62008352]
4688
[0.25743215]
4689
[0.03007764]
4690
[0.52802587]
4691
[0.7142334]
4692
[0.7142334]
4693
[0.28044657]
4694
[0.08447535]
4695
[0.27416991]
4696
[0.49245814]
4697
[0.7142334]
4698
[0.7142334]
4699
[0.19606038]
4700
[0.54615844]
4701
[0.57335729]
4702
[0.38854457]
4703
[0.63542646]
4704
[0.7142334]
4705
[0.10470014]
4706
[0.7142334]
4707
[0.55661953]
4708
[0.7142334]
4709
[0.36762238]
4710
[0.05657909]
4711
[0.19885001]
4712
[0.21558777]
4713
[0.49036592]
4714
[0.51198552]
4715
[0.64379534]
4716
[0.55661953]
4717
[0.7142334]
4718
[0.7142334]
4719
[0.7142334]
4720
[0.64519016]
4721
[0.7142334]
4722
[0.7142334]
4723
[0.04193355]
4724
[0.53290771]
4725
[0.17792782]
4726
[0.7142334]
4727
[0.28672323]
4728
[0.7142334]
4729
[0.41016417]
4730
[0.06773759]
4731
[0.45828522]
4732
[0.66541494]
4733
[0.61938612]
4734
[0.53011809]
4735
[0.14724193]
4736
[0.7142334]
4737
[0.70795674]
4738
[0.67866567]
4739
[0.18769151]
4740
[0.7142334]
4741
[0.23302293]
4742
[0.53221031]
4743
[0.1221353]
4744
[0.64379534]
4745
[0.68006048]
4746
[0.7142334]
4747
[0.7142334]
4748
[0.7142334]
4749
[0.37180682]
4750
[0.7142334]
4751
[0.20024482]
4752
[0.03077505]
4753
[0.7142334]
4754
[0.7142334]
4755
[0.7142334]
4756
[0.21349555]
4757
[0.7142334]
4758
[0.63472906]
4759
[0.04890762]
4760
[0.7142334]
4761
[0.36413535]
4762
[0.19117854]
4763
[0.40040048]
4764
[0.7142334]
4765
[0.56289619]
4766
[0.7142334]
4767
[0.62147834]
4768
[0.7142334]
4769
[0.20163964]
4770
[0.44154746]
4771
[0.49803739]
4772
[0.13050417]
4773
[0.7142334]
4774
[0.65565125]
4775
[0.32368577]
4776
[0.50570886]
4777
[0.7142334]
4778
[0.71144377]
4779
[0.63333425]
4780
[0.38157051]
4781
[0.51616996]
4782
[0.7142334]
4783
[0.6605331]
4784
[0.7142334]
4785
[0.71074636]
4786
[0.07819869]
4787
[0.16467709]
4788
[0.07122462]
4789
[0.24278662]
4790
[0.05099984]
4791
[0.7142334]
4792
[0.7142334]
4793
[0.21698258]
4794
[0.10748976]
4795
[0.42550712]
4796
[0.50780108]
4797
[0.7142334]
4798
[0.40807195]
4799
[0.7142334]
4800
[0.7142334]
4801
[0.40109789]
4802
[0.7142334]
4803
[0.37180682]
4804
[0.7142334]
4805
[0.7142334]
4806
[0.28114397]
4807
[0.03844652]
4808
[0.30834283]
4809
[0.09772607]
4810
[0.55661953]
4811
[0.02798542]
4812
[0.68842936]
4813
[0.56708063]
4814
[0.48757629]
4815
[0.7142334]
4816
[0.7142334]
4817
[0.00985285]
4818
[0.0795935]
4819
[0.61868871]
4820
[0.7142334]
4821
[0.69819305]
4822
[0.12562233]
4823
[0.7142334]
4824
[0.7142334]
4825
[0.65425644]
4826
[0.7142334]
4827
[0.42132268]
4828
[0.2086137]
4829
[0.7142334]
4830
[0.13678083]
4831
[0.11655605]
4832
[0.7142334]
4833
[0.03565689]
4834
[0.18141485]
4835
[0.70028527]
4836
[0.52732846]
4837
[0.7142334]
4838
[0.32159355]
4839
[0.7142334]
4840
[0.69610083]
4841
[0.53848696]
4842
[0.20582407]
4843
[0.3264754]
4844
[0.21210073]
4845
[0.65634866]
4846
[0.7142334]
4847
[0.2734725]
4848
[0.7142334]
4849
[0.5963717]
4850
[0.7142334]
4851
[0.65495385]
4852
[0.29090766]
4853
[0.7142334]
4854
[0.7142334]
4855
[0.43945524]
4856
[0.7142334]
4857
[0.7142334]
4858
[0.5747521]
4859
[0.51616996]
4860
[0.37320163]
4861
[0.57405469]
4862
[0.31113245]
4863
[0.24487884]
4864
[0.59358208]
4865
[0.04193355]
4866
[0.54406622]
4867
[0.7142334]
4868
[0.04472318]
4869
[0.7142334]
4870
[0.7142334]
4871
[0.10888457]
4872
[0.06494797]
4873
[0.05657909]
4874
[0.64100572]
4875
[0.40458492]
4876
[0.64658497]
4877
[0.18141485]
4878
[0.7142334]
4879
[0.43875784]
4880
[0.7142334]
4881
[0.7142334]
4882
[0.61659649]
4883
[0.53290771]
4884
[0.44921894]
4885
[0.11306901]
4886
[0.7142334]
4887
[0.62984721]
4888
[0.24766846]
4889
[0.07401425]
4890
[0.10539754]
4891
[0.05099984]
4892
[0.7142334]
4893
[0.58660801]
4894
[0.46386447]
4895
[0.39970308]
4896
[0.7142334]
4897
[0.48478667]
4898
[0.7142334]
4899
[0.6389135]
4900
[0.22256183]
4901
[0.7142334]
4902
[0.7142334]
4903
[0.21628517]
4904
[0.6284524]
4905
[0.51547255]
4906
[0.20931111]
4907
[0.53639475]
4908
[0.7142334]
4909
[0.7142334]
4910
[0.7142334]
4911
[0.7142334]
4912
[0.7142334]
4913
[0.7142334]
4914
[0.7142334]
4915
[0.15072896]
4916
[0.46177225]
4917
[0.15282118]
4918
[0.46456188]
4919
[0.04193355]
4920
[0.03844652]
4921
[0.50640627]
4922
[0.43248118]
4923
[0.7142334]
4924
[0.21767998]
4925
[0.14305749]
4926
[0.13120158]
4927
[0.65844088]
4928
[0.18908632]
4929
[0.32229096]
4930
[0.6605331]
4931
[0.49315554]
4932
[0.26789325]
4933
[0.53499993]
4934
[0.17304597]
4935
[0.32368577]
4936
[0.7142334]
4937
[0.7142334]
4938
[0.7142334]
4939
[0.39482123]
4940
[0.3055532]
4941
[0.04472318]
4942
[0.66750716]
4943
[0.36553016]
4944
[0.01752433]
4945
[0.54894806]
4946
[0.13259639]
4947
[0.17444078]
4948
[0.00845804]
4949
[0.7142334]
4950
[0.5315129]
4951
[0.12074048]
4952
[0.15979525]
4953
[0.7142334]
4954
[0.08308053]
4955
[0.5852132]
4956
[0.01264248]
4957
[0.38993938]
4958
[0.7142334]
4959
[0.39412382]
4960
[0.41992786]
4961
[0.09633126]
4962
[0.10818717]
4963
[0.58730542]
4964
[0.7142334]
4965
[0.7142334]
4966
[0.66541494]
4967
[0.7142334]
4968
[0.43945524]
4969
[0.7142334]
4970
[0.55661953]
4971
[0.07471166]
4972
[0.46595669]
4973
[0.7142334]
4974
[0.44154746]
4975
[0.7142334]
4976
[0.38436013]
4977
[0.17095375]
4978
[0.24418143]
4979
[0.23929959]
4980
[0.58033135]
4981
[0.16258487]
4982
[0.36762238]
4983
[0.7142334]
4984
[0.14026787]
4985
[0.65425644]
4986
[0.23372033]
4987
[0.38993938]
4988
[0.0795935]
4989
[0.7142334]
4990
[0.7142334]
4991
[0.7142334]
4992
[0.3264754]
4993
[0.56219878]
4994
[0.32229096]
4995
[0.7142334]
4996
[0.44224487]
4997
[0.7142334]
4998
[0.06076353]
4999
[0.7142334]
[1] 40000    11
[1] 40000    11
