LOADING R
R LOADED
[1] "/home/lvanderl/Rlibs2"                         
[2] "/app/software/R/4.3.1-gfbf-2022b/lib/R/library"
[1] "/home/lvanderl/sieveSims"
[1] "xg 1 2"
[1] 0.2374631
[1] 0.2374631
[1] 0.2374631
[   10.            11.51395399    13.25711366    15.26417967
    17.57510625    20.23589648    23.29951811    26.82695795
    30.88843596    35.56480306    40.94915062    47.14866363
    54.28675439    62.50551925    71.9685673     82.86427729
    95.40954763   109.8541142    126.48552169   145.63484775
   167.68329368   193.06977289   222.29964825   255.95479227
   294.70517026   339.32217719   390.69399371   449.8432669
   517.94746792   596.36233166   686.648845     790.60432109
   910.29817799  1048.11313415  1206.79264064  1389.49549437
  1599.85871961  1842.06996933  2120.95088792  2442.05309455
  2811.76869797  3237.45754282  3727.59372031  4291.93426013
  4941.71336132  5689.86602902  6551.2855686   7543.12006335
  8685.11373751 10000.        ]
[ 0.08857712  0.08936632  0.0919495   0.0854104   0.09715142  0.09627567
  0.10306701  0.09258066  0.10053474  0.11466246  0.11274101  0.11331702
  0.11923737  0.11659428  0.13784256  0.13088239  0.14812613  0.15648738
  0.19998188  0.20834336  0.22656218  0.18828061  0.24112312  0.24415841
  0.39358378  0.31572489  0.41354456  0.65234465  0.54632553  0.84076818
  0.61627134  0.76621297  1.23191592  0.68759699  1.61819106  1.46207239
  1.77011711  1.93727609  1.89017884  2.60180533  3.90426702  3.66353821
  5.02444752  6.00752238  6.78991267  5.92375897  8.34452607  8.0496468
 14.36047837 11.75491572]
15.264179671752334
0.0655128556859551
0
[0.16732049]
1
[0.20232925]
2
[0.10185951]
3
[0.25705643]
4
[0.22834136]
5
[0.20536786]
6
[0.27028793]
7
[0.19044384]
8
[0.17092551]
9
[0.26856987]
10
[0.09294858]
11
[0.26110482]
12
[0.21759844]
13
[0.09697923]
14
[0.16653628]
15
[0.06382991]
16
[0.23617974]
17
[0.04782461]
18
[0.22726006]
19
[0.15590499]
20
[0.05047595]
21
[0.12828872]
22
[0.26995729]
23
[0.26716506]
24
[0.09562772]
25
[0.09272658]
26
[0.24530642]
27
[0.27073044]
28
[0.24412658]
29
[0.2509553]
30
[0.06908573]
31
[0.20498853]
32
[0.229721]
33
[0.15133132]
34
[0.04822661]
35
[0.08409435]
36
[0.23168508]
37
[0.27011649]
38
[0.16130589]
39
[0.25111433]
40
[0.05906205]
41
[0.08995427]
42
[0.08403958]
43
[0.15520577]
44
[0.24916988]
45
[0.09523107]
46
[0.26644108]
47
[0.15794974]
48
[0.05136095]
49
[0.10848236]
50
[0.26430064]
51
[0.05876068]
52
[0.08056187]
53
[0.16448491]
54
[0.24734454]
55
[0.27052056]
56
[0.17358978]
57
[0.2553279]
58
[0.04804328]
59
[0.14087187]
60
[0.20351234]
61
[0.21736371]
62
[0.16219083]
63
[0.19901296]
64
[0.27243007]
65
[0.06243876]
66
[0.1434106]
67
[0.25478474]
68
[0.11867916]
69
[0.24248735]
70
[0.18233724]
71
[0.0802748]
72
[0.04181216]
73
[0.26709247]
74
[0.25241589]
75
[0.23258724]
76
[0.20611636]
77
[0.26316546]
78
[0.04815539]
79
[0.24781922]
80
[0.25811985]
81
[0.26534643]
82
[0.24057461]
83
[0.27078152]
84
[0.2054267]
85
[0.12267452]
86
[0.07704365]
87
[0.0950611]
88
[0.14599419]
89
[0.10830294]
90
[0.05147114]
91
[0.22127498]
92
[0.10406589]
93
[0.2271729]
94
[0.13589312]
95
[0.18349784]
96
[0.04866149]
97
[0.27029272]
98
[0.04453233]
99
[0.16026045]
100
[0.03885064]
101
[0.09966905]
102
[0.05725826]
103
[0.07615396]
104
[0.09735586]
105
[0.14383879]
106
[0.03947765]
107
[0.11802924]
108
[0.18708782]
109
[0.17741728]
110
[0.08928052]
111
[0.22533264]
112
[0.27156525]
113
[0.10332841]
114
[0.18757998]
115
[0.15588419]
116
[0.05031213]
117
[0.03779759]
118
[0.25723512]
119
[0.08247912]
120
[0.10988794]
121
[0.25784051]
122
[0.11926183]
123
[0.25389599]
124
[0.27215162]
125
[0.11377503]
126
[0.17382463]
127
[0.26325396]
128
[0.27238533]
129
[0.04296586]
130
[0.10851084]
131
[0.27052333]
132
[0.07868631]
133
[0.24349147]
134
[0.25339466]
135
[0.26508806]
136
[0.15041902]
137
[0.01957855]
138
[0.22537043]
139
[0.16600696]
140
[0.14181695]
141
[0.14160275]
142
[0.26881931]
143
[0.0510829]
144
[0.23311585]
145
[0.09279683]
146
[0.18055012]
147
[0.09199085]
148
[0.15087617]
149
[0.11037639]
150
[0.036223]
151
[0.06209151]
152
[0.11384429]
153
[0.13169664]
154
[0.26318451]
155
[0.24232015]
156
[0.11842677]
157
[0.15090563]
158
[0.1855771]
159
[0.20177059]
160
[0.15021603]
161
[0.17393864]
162
[0.24351016]
163
[0.21016257]
164
[0.22504154]
165
[0.2408951]
166
[0.18516006]
167
[0.0341567]
168
[0.05904224]
169
[0.17129155]
170
[0.16887347]
171
[0.09956328]
172
[0.15529807]
173
[0.04907643]
174
[0.23771164]
175
[0.26061773]
176
[0.14180999]
177
[0.12154882]
178
[0.23517282]
179
[0.1541695]
180
[0.25912392]
181
[0.05354348]
182
[0.1556382]
183
[0.22654768]
184
[0.07860729]
185
[0.09803106]
186
[0.27178016]
187
[0.1580063]
188
[0.24755394]
189
[0.04119983]
190
[0.04552006]
191
[0.26302609]
192
[0.25186705]
193
[0.23400299]
194
[0.23917213]
195
[0.05183022]
196
[0.26534288]
197
[0.26439752]
198
[0.1821869]
199
[0.11174697]
200
[0.16033323]
201
[0.05664139]
202
[0.21613909]
203
[0.19346878]
204
[0.25007949]
205
[0.16247314]
206
[0.08451246]
207
[0.18747153]
208
[0.03868439]
209
[0.17936602]
210
[0.09208696]
211
[0.26585247]
212
[0.2680641]
213
[0.19754122]
214
[0.20648755]
215
[0.0538421]
216
[0.20250174]
217
[0.23852577]
218
[0.05956777]
219
[0.1908505]
220
[0.22569847]
221
[0.03911136]
222
[0.2559238]
223
[0.21715396]
224
[0.06924779]
225
[0.24811958]
226
[0.15427434]
227
[0.12079008]
228
[0.0877513]
229
[0.16998545]
230
[0.08810639]
231
[0.04191082]
232
[0.07628614]
233
[0.09603026]
234
[0.03239202]
235
[0.23823216]
236
[0.15596135]
237
[0.24819806]
238
[0.2669263]
239
[0.20428673]
240
[0.07979886]
241
[0.10397606]
242
[0.07892305]
243
[0.25276862]
244
[0.09446272]
245
[0.22294663]
246
[0.20668908]
247
[0.2182227]
248
[0.13596803]
249
[0.11911295]
250
[0.19200739]
251
[0.09919475]
252
[0.1129985]
253
[0.20474259]
254
[0.20756209]
255
[0.25536688]
256
[0.03973638]
257
[0.11068338]
258
[0.25924915]
259
[0.09491401]
260
[0.21425341]
261
[0.27223323]
262
[0.04165613]
263
[0.08314334]
264
[0.11917411]
265
[0.20657139]
266
[0.22062212]
267
[0.26298917]
268
[0.24826315]
269
[0.14624405]
270
[0.2718458]
271
[0.26909393]
272
[0.17716454]
273
[0.26180659]
274
[0.2721908]
275
[0.11742241]
276
[0.22920288]
277
[0.06503472]
278
[0.07338598]
279
[0.2701927]
280
[0.0656437]
281
[0.1752516]
282
[0.27031988]
283
[0.06649972]
284
[0.06030761]
285
[0.05119629]
286
[0.25594376]
287
[0.24589787]
288
[0.22000328]
289
[0.16947463]
290
[0.07834493]
291
[0.17914225]
292
[0.04526189]
293
[0.08239678]
294
[0.27229325]
295
[0.04482009]
296
[0.03746572]
297
[0.03845258]
298
[0.07331557]
299
[0.04168019]
300
[0.15834288]
301
[0.2169853]
302
[0.26728027]
303
[0.05610115]
304
[0.11197116]
305
[0.24680581]
306
[0.25328979]
307
[0.15048697]
308
[0.14639692]
309
[0.22021173]
310
[0.08814487]
311
[0.25229731]
312
[0.27066052]
313
[0.20526096]
314
[0.12055931]
315
[0.17662568]
316
[0.11922419]
317
[0.07925932]
318
[0.20228926]
319
[0.26873824]
320
[0.26363256]
321
[0.24216677]
322
[0.26244347]
323
[0.23578823]
324
[0.24237213]
325
[0.06368517]
326
[0.26319836]
327
[0.25080784]
328
[0.0654243]
329
[0.25320472]
330
[0.21947482]
331
[0.1674549]
332
[0.2512345]
333
[0.08907412]
334
[0.17489372]
335
[0.19527018]
336
[0.06445083]
337
[0.11595288]
338
[0.23210305]
339
[0.23316831]
340
[0.18839771]
341
[0.14570968]
342
[0.23639508]
343
[0.25661934]
344
[0.1688974]
345
[0.0479678]
346
[0.0779555]
347
[0.23961602]
348
[0.02510814]
349
[0.14813793]
350
[0.26170544]
351
[0.08417558]
352
[0.02250952]
353
[0.26624047]
354
[0.16336888]
355
[0.25962701]
356
[0.24577274]
357
[0.12877846]
358
[0.14417109]
359
[0.16445447]
360
[0.16279695]
361
[0.24385338]
362
[0.19653015]
363
[0.07488081]
364
[0.11501082]
365
[0.2647437]
366
[0.05310697]
367
[0.08740045]
368
[0.21109189]
369
[0.23223127]
370
[0.09090957]
371
[0.25587662]
372
[0.16731971]
373
[0.26347911]
374
[0.16269407]
375
[0.27236621]
376
[0.22779235]
377
[0.04103004]
378
[0.21751465]
379
[0.17664242]
380
[0.04218644]
381
[0.27012658]
382
[0.21137624]
383
[0.10088829]
384
[0.27094674]
385
[0.26170016]
386
[0.18704744]
387
[0.11437647]
388
[0.08257544]
389
[0.19955712]
390
[0.16308379]
391
[0.16492134]
392
[0.14910995]
393
[0.25705225]
394
[0.16181382]
395
[0.0907047]
396
[0.24989293]
397
[0.11871705]
398
[0.26716988]
399
[0.07155437]
400
[0.24718665]
401
[0.09347542]
402
[0.25680511]
403
[0.09186872]
404
[0.25329033]
405
[0.07149446]
406
[0.07849835]
407
[0.21752284]
408
[0.14401115]
409
[0.16482123]
410
[0.27238611]
411
[0.27009788]
412
[0.16350932]
413
[0.26868419]
414
[0.27019641]
415
[0.13605543]
416
[0.18137675]
417
[0.21033466]
418
[0.27238114]
419
[0.21436902]
420
[0.16740886]
421
[0.25480255]
422
[0.04784313]
423
[0.12222118]
424
[0.03981419]
425
[0.15051065]
426
[0.17826065]
427
[0.12173617]
428
[0.18681149]
429
[0.23591805]
430
[0.20844515]
431
[0.20971102]
432
[0.12746587]
433
[0.13834225]
434
[0.26656484]
435
[0.23186625]
436
[0.26772903]
437
[0.13126482]
438
[0.09291871]
439
[0.09514614]
440
[0.25407992]
441
[0.23320009]
442
[0.12563597]
443
[0.12379983]
444
[0.03821035]
445
[0.01924285]
446
[0.26865147]
447
[0.04039554]
448
[0.04498261]
449
[0.26922688]
450
[0.1020023]
451
[0.22719446]
452
[0.07448441]
453
[0.03215023]
454
[0.22222871]
455
[0.09508241]
456
[0.27235841]
457
[0.21053314]
458
[0.17034676]
459
[0.23184973]
460
[0.25029132]
461
[0.2043635]
462
[0.26996803]
463
[0.26968907]
464
[0.22223913]
465
[0.26719643]
466
[0.26003087]
467
[0.26396945]
468
[0.04118701]
469
[0.14552745]
470
[0.21277149]
471
[0.07837235]
472
[0.27009713]
473
[0.2695345]
474
[0.14044734]
475
[0.23396171]
476
[0.16702726]
477
[0.07387832]
478
[0.04010537]
479
[0.06732821]
480
[0.27237921]
481
[0.16831536]
482
[0.07532822]
483
[0.20684153]
484
[0.02521423]
485
[0.26321442]
486
[0.22622407]
487
[0.1821436]
488
[0.17405067]
489
[0.24801368]
490
[0.19768593]
491
[0.09309059]
492
[0.06222471]
493
[0.15837107]
494
[0.14868127]
495
[0.27159137]
496
[0.15216632]
497
[0.12610293]
498
[0.17150337]
499
[0.18363718]
500
[0.25769138]
501
[0.16250334]
502
[0.1663988]
503
[0.03905089]
504
[0.23364583]
505
[0.04486474]
506
[0.13369668]
507
[0.24168108]
508
[0.08186673]
509
[0.1681239]
510
[0.0685958]
511
[0.20861953]
512
[0.20421923]
513
[0.21481263]
514
[0.27240096]
515
[0.19957083]
516
[0.10312607]
517
[0.0559882]
518
[0.23532594]
519
[0.16065489]
520
[0.25740082]
521
[0.25004901]
522
[0.04661781]
523
[0.15249782]
524
[0.04149204]
525
[0.09151678]
526
[0.26082225]
527
[0.15329846]
528
[0.19619499]
529
[0.06369732]
530
[0.17718965]
531
[0.2709956]
532
[0.19763396]
533
[0.15137328]
534
[0.1876374]
535
[0.26333917]
536
[0.2647045]
537
[0.05310253]
538
[0.08432306]
539
[0.24624183]
540
[0.10384901]
541
[0.0990972]
542
[0.16051851]
543
[0.23616583]
544
[0.1387235]
545
[0.21043183]
546
[0.27107299]
547
[0.1535478]
548
[0.27007778]
549
[0.25167654]
550
[0.09155773]
551
[0.04239465]
552
[0.23465026]
553
[0.05451807]
554
[0.0802636]
555
[0.10765619]
556
[0.27206452]
557
[0.23142114]
558
[0.19444059]
559
[0.26535395]
560
[0.1271552]
561
[0.13963654]
562
[0.10088591]
563
[0.0480983]
564
[0.19920473]
565
[0.25107576]
566
[0.25407344]
567
[0.20221129]
568
[0.07588657]
569
[0.03957152]
570
[0.19271841]
571
[0.27223353]
572
[0.27236159]
573
[0.16343559]
574
[0.07655139]
575
[0.22732647]
576
[0.18089545]
577
[0.09187722]
578
[0.073225]
579
[0.25599657]
580
[0.04693116]
581
[0.0453409]
582
[0.04350141]
583
[0.04655656]
584
[0.02680942]
585
[0.23312195]
586
[0.26573027]
587
[0.1611682]
588
[0.05702168]
589
[0.26639537]
590
[0.14398456]
591
[0.25427796]
592
[0.12034916]
593
[0.27215607]
594
[0.13908591]
595
[0.26352391]
596
[0.04456644]
597
[0.25022467]
598
[0.15742612]
599
[0.14269133]
600
[0.02286365]
601
[0.22205835]
602
[0.10205806]
603
[0.09512883]
604
[0.24064202]
605
[0.19458281]
606
[0.02141989]
607
[0.08152632]
608
[0.07320087]
609
[0.02989599]
610
[0.09270317]
611
[0.08476671]
612
[0.13897708]
613
[0.2498769]
614
[0.06538148]
615
[0.07254737]
616
[0.26713557]
617
[0.0489796]
618
[0.24208549]
619
[0.02203965]
620
[0.22531842]
621
[0.11319358]
622
[0.12957431]
623
[0.08633603]
624
[0.13108993]
625
[0.20458483]
626
[0.27243397]
627
[0.12628026]
628
[0.16472559]
629
[0.0219785]
630
[0.26499543]
631
[0.07093371]
632
[0.26362059]
633
[0.24424277]
634
[0.2216709]
635
[0.26508398]
636
[0.25226341]
637
[0.26573995]
638
[0.10495394]
639
[0.03898331]
640
[0.26104515]
641
[0.02244661]
642
[0.13449565]
643
[0.04428279]
644
[0.1652648]
645
[0.11743366]
646
[0.11663586]
647
[0.04920508]
648
[0.2255322]
649
[0.26908386]
650
[0.27238202]
651
[0.06839313]
652
[0.06041998]
653
[0.16899978]
654
[0.22437068]
655
[0.21855574]
656
[0.10383525]
657
[0.23652494]
658
[0.10215097]
659
[0.09629348]
660
[0.10506091]
661
[0.04112585]
662
[0.2599467]
663
[0.25836271]
664
[0.12031693]
665
[0.27176598]
666
[0.17111279]
667
[0.09571684]
668
[0.27129467]
669
[0.10383889]
670
[0.14083713]
671
[0.0480113]
672
[0.2510926]
673
[0.038309]
674
[0.26344835]
675
[0.26518288]
676
[0.20825642]
677
[0.15707373]
678
[0.23828376]
679
[0.11633709]
680
[0.18686442]
681
[0.15541399]
682
[0.2666754]
683
[0.04974898]
684
[0.08234955]
685
[0.08499074]
686
[0.20631344]
687
[0.13267498]
688
[0.17747116]
689
[0.27212046]
690
[0.17136164]
691
[0.03681722]
692
[0.18065329]
693
[0.25868299]
694
[0.17217577]
695
[0.10132327]
696
[0.14906545]
697
[0.14876109]
698
[0.13465606]
699
[0.24509283]
700
[0.22585465]
701
[0.19288886]
702
[0.10593648]
703
[0.11221726]
704
[0.15147108]
705
[0.09135623]
706
[0.08349225]
707
[0.2518762]
708
[0.04980645]
709
[0.25065664]
710
[0.10250074]
711
[0.18999541]
712
[0.21689725]
713
[0.22427442]
714
[0.08235404]
715
[0.04920275]
716
[0.0446357]
717
[0.27207664]
718
[0.10676974]
719
[0.02223761]
720
[0.15759492]
721
[0.05639345]
722
[0.26651198]
723
[0.24877589]
724
[0.14924349]
725
[0.13759726]
726
[0.02282183]
727
[0.05585122]
728
[0.209969]
729
[0.17110558]
730
[0.21002163]
731
[0.1087678]
732
[0.18095936]
733
[0.20476724]
734
[0.26508994]
735
[0.27107115]
736
[0.0810427]
737
[0.04434155]
738
[0.03076875]
739
[0.19004612]
740
[0.18198061]
741
[0.16573478]
742
[0.14742964]
743
[0.11769553]
744
[0.03757633]
745
[0.15925093]
746
[0.21928737]
747
[0.2141884]
748
[0.21162621]
749
[0.20932682]
750
[0.02747062]
751
[0.03075157]
752
[0.27090792]
753
[0.1219346]
754
[0.11980916]
755
[0.25685609]
756
[0.26933771]
757
[0.21596606]
758
[0.2668687]
759
[0.19244638]
760
[0.05981513]
761
[0.12721866]
762
[0.06654226]
763
[0.08513584]
764
[0.25702898]
765
[0.11064363]
766
[0.16945208]
767
[0.07823383]
768
[0.2724346]
769
[0.16660404]
770
[0.13901646]
771
[0.25791648]
772
[0.18820816]
773
[0.10513342]
774
[0.04164467]
775
[0.21418584]
776
[0.1289926]
777
[0.26607307]
778
[0.26519724]
779
[0.26785262]
780
[0.09474063]
781
[0.26081242]
782
[0.18685408]
783
[0.07181087]
784
[0.24906627]
785
[0.16826464]
786
[0.21007697]
787
[0.10660636]
788
[0.02901014]
789
[0.04908356]
790
[0.18923611]
791
[0.23712029]
792
[0.2107968]
793
[0.21696077]
794
[0.22768418]
795
[0.22650473]
796
[0.27190042]
797
[0.09479997]
798
[0.27243353]
799
[0.24724479]
800
[0.25556327]
801
[0.16228268]
802
[0.05875665]
803
[0.13723119]
804
[0.14257074]
805
[0.24355505]
806
[0.10989974]
807
[0.04214583]
808
[0.06828964]
809
[0.24705085]
810
[0.22663116]
811
[0.27243465]
812
[0.232887]
813
[0.23436291]
814
[0.26138229]
815
[0.08372619]
816
[0.1674964]
817
[0.13909575]
818
[0.11737301]
819
[0.19061198]
820
[0.27243466]
821
[0.03021546]
822
[0.24364689]
823
[0.27200519]
824
[0.22708698]
825
[0.26210592]
826
[0.08071243]
827
[0.23689313]
828
[0.06263703]
829
[0.26186638]
830
[0.27222263]
831
[0.2234797]
832
[0.14262395]
833
[0.02731221]
834
[0.20670365]
835
[0.0387765]
836
[0.21741986]
837
[0.24077742]
838
[0.07954212]
839
[0.05281566]
840
[0.19576844]
841
[0.07144057]
842
[0.23741858]
843
[0.21428643]
844
[0.24444504]
845
[0.19391554]
846
[0.09482414]
847
[0.21134873]
848
[0.23814459]
849
[0.15820346]
850
[0.24879259]
851
[0.1378946]
852
[0.0598254]
853
[0.26501019]
854
[0.14575829]
855
[0.26619604]
856
[0.14585983]
857
[0.19034886]
858
[0.19601088]
859
[0.24453925]
860
[0.12750265]
861
[0.09347512]
862
[0.22806726]
863
[0.20712332]
864
[0.26986032]
865
[0.06066779]
866
[0.15252796]
867
[0.19812425]
868
[0.2528476]
869
[0.26924106]
870
[0.06333943]
871
[0.13672988]
872
[0.26635707]
873
[0.26184634]
874
[0.16089121]
875
[0.10560039]
876
[0.07296684]
877
[0.1873502]
878
[0.0616193]
879
[0.06773444]
880
[0.10151309]
881
[0.23126673]
882
[0.271898]
883
[0.05934117]
884
[0.20121342]
885
[0.27205288]
886
[0.25248564]
887
[0.22172413]
888
[0.03925921]
889
[0.26375515]
890
[0.11760641]
891
[0.05416029]
892
[0.21324333]
893
[0.16928468]
894
[0.03787427]
895
[0.19788497]
896
[0.05574612]
897
[0.2148511]
898
[0.11585418]
899
[0.14930335]
900
[0.13460506]
901
[0.25622946]
902
[0.19307568]
903
[0.12898331]
904
[0.22009302]
905
[0.26320301]
906
[0.10994379]
907
[0.09501956]
908
[0.13620212]
909
[0.01978572]
910
[0.03969601]
911
[0.07743501]
912
[0.27242001]
913
[0.12722882]
914
[0.04658258]
915
[0.07772398]
916
[0.27225574]
917
[0.27109141]
918
[0.22419961]
919
[0.06833876]
920
[0.13801635]
921
[0.08296266]
922
[0.06066615]
923
[0.04394746]
924
[0.14794273]
925
[0.2051471]
926
[0.21793615]
927
[0.14501831]
928
[0.27005742]
929
[0.27225337]
930
[0.05531919]
931
[0.05398332]
932
[0.26384418]
933
[0.04214138]
934
[0.20850736]
935
[0.13210006]
936
[0.10223517]
937
[0.04042991]
938
[0.12054798]
939
[0.08936124]
940
[0.25281835]
941
[0.26275023]
942
[0.21085134]
943
[0.22270777]
944
[0.27117487]
945
[0.05401339]
946
[0.05009454]
947
[0.07012169]
948
[0.26672902]
949
[0.2450728]
950
[0.10910662]
951
[0.09645336]
952
[0.24287228]
953
[0.198003]
954
[0.04208815]
955
[0.2404168]
956
[0.08282142]
957
[0.10289167]
958
[0.19907739]
959
[0.04402357]
960
[0.25366934]
961
[0.21064307]
962
[0.06665027]
963
[0.15345367]
964
[0.05350101]
965
[0.04158455]
966
[0.20762295]
967
[0.19073994]
968
[0.27229631]
969
[0.19116735]
970
[0.13423517]
971
[0.18442723]
972
[0.27194502]
973
[0.06228969]
974
[0.09444582]
975
[0.2610945]
976
[0.05471809]
977
[0.27224481]
978
[0.08142096]
979
[0.26895364]
980
[0.06406841]
981
[0.11951962]
982
[0.20551639]
983
[0.10403028]
984
[0.08924627]
985
[0.1037693]
986
[0.05790822]
987
[0.24171133]
988
[0.2349114]
989
[0.13005138]
990
[0.0947871]
991
[0.04145522]
992
[0.24130776]
993
[0.03728013]
994
[0.03312794]
995
[0.26624852]
996
[0.08059769]
997
[0.24666543]
998
[0.23080604]
999
[0.18817781]
[1] 5000   11
[1] 5000   11
