LOADING R
R LOADED
[1] "/home/lvanderl/Rlibs2"                         
[2] "/app/software/R/4.3.1-gfbf-2022b/lib/R/library"
[1] "/home/lvanderl/sieveSims"
[1] "gam 1 1"
[1] 0.1239123
[1] 0.1239123
[1] 0.1239123
[   10.            11.51395399    13.25711366    15.26417967
    17.57510625    20.23589648    23.29951811    26.82695795
    30.88843596    35.56480306    40.94915062    47.14866363
    54.28675439    62.50551925    71.9685673     82.86427729
    95.40954763   109.8541142    126.48552169   145.63484775
   167.68329368   193.06977289   222.29964825   255.95479227
   294.70517026   339.32217719   390.69399371   449.8432669
   517.94746792   596.36233166   686.648845     790.60432109
   910.29817799  1048.11313415  1206.79264064  1389.49549437
  1599.85871961  1842.06996933  2120.95088792  2442.05309455
  2811.76869797  3237.45754282  3727.59372031  4291.93426013
  4941.71336132  5689.86602902  6551.2855686   7543.12006335
  8685.11373751 10000.        ]
[ 0.10246437  0.1046526   0.1047345   0.10935976  0.10789818  0.11249956
  0.11989901  0.10332435  0.11654314  0.14887476  0.12738665  0.15438212
  0.16099707  0.17394201  0.15820153  0.15828812  0.21366006  0.21549742
  0.26120887  0.30182697  0.23292842  0.2943385   0.20328518  0.25751468
  0.29678014  0.40476404  0.53297939  0.58541281  0.59910961  0.4897202
  0.80929969  0.73762148  0.92003719  0.86510112  1.0277477   1.63723896
  1.52974242  2.19453316  2.3975319   2.69215647  3.31019103  3.43254695
  4.23733625  6.66711382  5.28861924  6.87036147  9.04048011  6.19923257
  6.47136898 15.45570045]
10.0
0.1
0
[0.19635047]
1
[0.11996302]
2
[0.27480494]
3
[0.18690395]
4
[0.30540088]
5
[0.30103015]
6
[0.13991205]
7
[0.13148988]
8
[0.28261975]
9
[0.05701633]
10
[0.15342417]
11
[0.17116899]
12
[0.21387306]
13
[0.18948548]
14
[0.03341779]
15
[0.29444973]
16
[0.13494006]
17
[0.3021869]
18
[0.0955304]
19
[0.27493451]
20
[0.06952294]
21
[0.30263232]
22
[0.25517743]
23
[0.1212435]
24
[0.20033759]
25
[0.30501326]
26
[0.27692898]
27
[0.28098255]
28
[0.04541951]
29
[0.2327366]
30
[0.0535039]
31
[0.25788477]
32
[0.30608151]
33
[0.12616819]
34
[0.28963308]
35
[0.21991884]
36
[0.16648785]
37
[0.27025279]
38
[0.13326343]
39
[0.30138598]
40
[0.30359702]
41
[0.09820763]
42
[0.24548821]
43
[0.26768801]
44
[0.25476803]
45
[0.10495931]
46
[0.30673355]
47
[0.04286166]
48
[0.19094949]
49
[0.16594989]
50
[0.28482608]
51
[0.29867744]
52
[0.30926644]
53
[0.07149375]
54
[0.10626013]
55
[0.2859637]
56
[0.18962579]
57
[0.30881219]
58
[0.25587381]
59
[0.09877122]
60
[0.16975379]
61
[0.29854761]
62
[0.19727291]
63
[0.15027254]
64
[0.20936021]
65
[0.14593905]
66
[0.30432542]
67
[0.24513328]
68
[0.29073379]
69
[0.18314477]
70
[0.12678041]
71
[0.0651791]
72
[0.27072248]
73
[0.06349579]
74
[0.20639578]
75
[0.06753772]
76
[0.29883977]
77
[0.30912368]
78
[0.30792825]
79
[0.29922951]
80
[0.22501651]
81
[0.0578663]
82
[0.06079828]
83
[0.10330423]
84
[0.30208558]
85
[0.24882974]
86
[0.22244206]
87
[0.15291125]
88
[0.25215577]
89
[0.3083254]
90
[0.22471772]
91
[0.13530163]
92
[0.30826652]
93
[0.1944512]
94
[0.06812886]
95
[0.05369055]
96
[0.17144488]
97
[0.12926116]
98
[0.2670759]
99
[0.30923202]
100
[0.15878837]
101
[0.07764138]
102
[0.26611254]
103
[0.11104731]
104
[0.13057639]
105
[0.07125716]
106
[0.22515502]
107
[0.27697271]
108
[0.28248549]
109
[0.28261538]
110
[0.24307048]
111
[0.2479257]
112
[0.05133191]
113
[0.18336996]
114
[0.04298907]
115
[0.11621863]
116
[0.15708642]
117
[0.12630248]
118
[0.09247704]
119
[0.07077258]
120
[0.10450585]
121
[0.30632771]
122
[0.27273066]
123
[0.0358486]
124
[0.12180919]
125
[0.0936319]
126
[0.05580733]
127
[0.30711043]
128
[0.29516485]
129
[0.27220344]
130
[0.11278701]
131
[0.17677935]
132
[0.28211592]
133
[0.08530592]
134
[0.26412835]
135
[0.06329272]
136
[0.10631823]
137
[0.06588578]
138
[0.08599793]
139
[0.1009091]
140
[0.30551466]
141
[0.30653025]
142
[0.21188728]
143
[0.14672518]
144
[0.22307889]
145
[0.09422198]
146
[0.23492755]
147
[0.11468109]
148
[0.13690639]
149
[0.24539541]
150
[0.25179158]
151
[0.20196328]
152
[0.1614955]
153
[0.2903395]
154
[0.27777379]
155
[0.25950538]
156
[0.30885275]
157
[0.22716731]
158
[0.26484799]
159
[0.29820305]
160
[0.24794241]
161
[0.28086924]
162
[0.28235684]
163
[0.18295373]
164
[0.16921251]
165
[0.09303718]
166
[0.29411181]
167
[0.29195028]
168
[0.26710801]
169
[0.16119631]
170
[0.29507409]
171
[0.22218069]
172
[0.26289941]
173
[0.0618553]
174
[0.28723178]
175
[0.08573468]
176
[0.08756958]
177
[0.15930766]
178
[0.30926916]
179
[0.08601235]
180
[0.10111169]
181
[0.18102728]
182
[0.05665895]
183
[0.08773985]
184
[0.10746749]
185
[0.28026757]
186
[0.2554006]
187
[0.30216836]
188
[0.1115201]
189
[0.30744449]
190
[0.05318628]
191
[0.08083691]
192
[0.18122004]
193
[0.24476626]
194
[0.30752249]
195
[0.28162912]
196
[0.11673825]
197
[0.16356354]
198
[0.29695426]
199
[0.0715007]
200
[0.20781302]
201
[0.1978787]
202
[0.27563522]
203
[0.12328429]
204
[0.13538116]
205
[0.29911443]
206
[0.11486744]
207
[0.30819945]
208
[0.28403879]
209
[0.20655689]
210
[0.30919353]
211
[0.30424634]
212
[0.27214478]
213
[0.24576697]
214
[0.19045782]
215
[0.27756336]
216
[0.30925796]
217
[0.06890473]
218
[0.08647397]
219
[0.22986245]
220
[0.22953568]
221
[0.05631293]
222
[0.05504322]
223
[0.22144392]
224
[0.15900641]
225
[0.18078813]
226
[0.28481254]
227
[0.10689861]
228
[0.25023795]
229
[0.12918567]
230
[0.10526179]
231
[0.18452067]
232
[0.29341281]
233
[0.05176606]
234
[0.28347456]
235
[0.14682197]
236
[0.15429315]
237
[0.24392083]
238
[0.19031735]
239
[0.29353237]
240
[0.21656763]
241
[0.19143351]
242
[0.29925698]
243
[0.12722135]
244
[0.22396342]
245
[0.2271645]
246
[0.27192553]
247
[0.25843911]
248
[0.21616077]
249
[0.07883512]
250
[0.27267126]
251
[0.29121033]
252
[0.06529244]
253
[0.1236893]
254
[0.08147634]
255
[0.24568696]
256
[0.30730411]
257
[0.10274016]
258
[0.30738173]
259
[0.11761196]
260
[0.07302393]
261
[0.26380836]
262
[0.26168903]
263
[0.29562627]
264
[0.05345956]
265
[0.22803021]
266
[0.15671389]
267
[0.20837789]
268
[0.26139343]
269
[0.28951463]
270
[0.29913311]
271
[0.30927335]
272
[0.06688056]
273
[0.21184296]
274
[0.29055473]
275
[0.0747159]
276
[0.17587728]
277
[0.21289451]
278
[0.2214402]
279
[0.26059429]
280
[0.2711044]
281
[0.30852577]
282
[0.29829553]
283
[0.12878021]
284
[0.11474064]
285
[0.28247969]
286
[0.06365337]
287
[0.21588449]
288
[0.08767772]
289
[0.08141138]
290
[0.307098]
291
[0.23066275]
292
[0.04273391]
293
[0.28974752]
294
[0.26831622]
295
[0.04875567]
296
[0.30186986]
297
[0.17428877]
298
[0.25864156]
299
[0.1433474]
300
[0.06455334]
301
[0.26530764]
302
[0.24363854]
303
[0.08858118]
304
[0.12673406]
305
[0.08036306]
306
[0.25943733]
307
[0.18649561]
308
[0.2803671]
309
[0.05502336]
310
[0.15006807]
311
[0.1858966]
312
[0.20857669]
313
[0.16748101]
314
[0.1199463]
315
[0.09494936]
316
[0.30718729]
317
[0.0731113]
318
[0.2902913]
319
[0.29797815]
320
[0.26848214]
321
[0.25590064]
322
[0.075667]
323
[0.04417943]
324
[0.18705171]
325
[0.10145097]
326
[0.21347962]
327
[0.2544536]
328
[0.14613774]
329
[0.19979484]
330
[0.27088592]
331
[0.09771471]
332
[0.0438631]
333
[0.27819871]
334
[0.04705478]
335
[0.23922876]
336
[0.30800898]
337
[0.30917844]
338
[0.13632574]
339
[0.06038553]
340
[0.04804036]
341
[0.28041351]
342
[0.06398367]
343
[0.04962969]
344
[0.04046163]
345
[0.29093749]
346
[0.06042679]
347
[0.28129986]
348
[0.1273051]
349
[0.2951881]
350
[0.08675773]
351
[0.08181267]
352
[0.08769425]
353
[0.25276284]
354
[0.14143026]
355
[0.30423786]
356
[0.30845235]
357
[0.29388275]
358
[0.06233243]
359
[0.30835572]
360
[0.26274885]
361
[0.11493842]
362
[0.05252852]
363
[0.03773568]
364
[0.10949228]
365
[0.06010083]
366
[0.03789112]
367
[0.26240594]
368
[0.08732678]
369
[0.07640869]
370
[0.25797097]
371
[0.0794178]
372
[0.1726868]
373
[0.2660806]
374
[0.05065941]
375
[0.30313287]
376
[0.28531183]
377
[0.26186388]
378
[0.15261916]
379
[0.28926015]
380
[0.05736061]
381
[0.08695689]
382
[0.29257526]
383
[0.12517069]
384
[0.09527612]
385
[0.0824875]
386
[0.06614722]
387
[0.04396508]
388
[0.16251528]
389
[0.30496737]
390
[0.21903423]
391
[0.2052698]
392
[0.29704633]
393
[0.04145686]
394
[0.10158645]
395
[0.30713376]
396
[0.26702716]
397
[0.05896564]
398
[0.26359693]
399
[0.30536804]
400
[0.30186143]
401
[0.14025548]
402
[0.12174726]
403
[0.03973801]
404
[0.26598755]
405
[0.14350734]
406
[0.19873451]
407
[0.11289061]
408
[0.06564117]
409
[0.05990109]
410
[0.22272453]
411
[0.27305859]
412
[0.18263017]
413
[0.23645873]
414
[0.22349828]
415
[0.26554618]
416
[0.04924959]
417
[0.11714351]
418
[0.17036273]
419
[0.17708701]
420
[0.09464635]
421
[0.25431942]
422
[0.07604491]
423
[0.29078194]
424
[0.12100829]
425
[0.28717817]
426
[0.30883392]
427
[0.13707416]
428
[0.27584393]
429
[0.06787527]
430
[0.1210326]
431
[0.12333664]
432
[0.2856782]
433
[0.24844462]
434
[0.24988483]
435
[0.1586277]
436
[0.20912093]
437
[0.15153733]
438
[0.30394768]
439
[0.26889222]
440
[0.07398011]
441
[0.2981497]
442
[0.06026669]
443
[0.26077402]
444
[0.13313734]
445
[0.13315697]
446
[0.24712914]
447
[0.11261573]
448
[0.04959261]
449
[0.05020212]
450
[0.29250512]
451
[0.24267851]
452
[0.20752443]
453
[0.04709385]
454
[0.29375451]
455
[0.10681453]
456
[0.29349589]
457
[0.23475343]
458
[0.30924782]
459
[0.2617148]
460
[0.17755003]
461
[0.30252101]
462
[0.1289721]
463
[0.30391902]
464
[0.11340499]
465
[0.18154284]
466
[0.06323967]
467
[0.11820772]
468
[0.08348155]
469
[0.24524933]
470
[0.30498544]
471
[0.28262192]
472
[0.27812918]
473
[0.28130846]
474
[0.12586946]
475
[0.0851407]
476
[0.07714484]
477
[0.14781395]
478
[0.30878148]
479
[0.04975845]
480
[0.30566076]
481
[0.12772157]
482
[0.06396553]
483
[0.04692501]
484
[0.27961896]
485
[0.18608435]
486
[0.24367339]
487
[0.28446624]
488
[0.05475351]
489
[0.21152261]
490
[0.28895015]
491
[0.21111496]
492
[0.3026746]
493
[0.12946442]
494
[0.08837213]
495
[0.3040663]
496
[0.227973]
497
[0.30732405]
498
[0.17335761]
499
[0.20526018]
500
[0.25003277]
501
[0.25959933]
502
[0.05449707]
503
[0.05695302]
504
[0.2313507]
505
[0.28564081]
506
[0.14936311]
507
[0.29098524]
508
[0.30838968]
509
[0.30721223]
510
[0.30410105]
511
[0.30423429]
512
[0.24476641]
513
[0.1418724]
514
[0.15302693]
515
[0.1983178]
516
[0.05308752]
517
[0.09625391]
518
[0.09014558]
519
[0.22318498]
520
[0.27484985]
521
[0.26248853]
522
[0.24773319]
523
[0.0434609]
524
[0.26899998]
525
[0.16264634]
526
[0.1806689]
527
[0.29866789]
528
[0.10236327]
529
[0.05439481]
530
[0.10144319]
531
[0.15505191]
532
[0.15520027]
533
[0.09911229]
534
[0.0859666]
535
[0.18264115]
536
[0.12506191]
537
[0.25846026]
538
[0.22029381]
539
[0.10158478]
540
[0.06883396]
541
[0.20120932]
542
[0.17560587]
543
[0.18028835]
544
[0.30419082]
545
[0.30910335]
546
[0.24274096]
547
[0.10053321]
548
[0.21081341]
549
[0.30371829]
550
[0.13091037]
551
[0.20966691]
552
[0.18062195]
553
[0.10175978]
554
[0.08788645]
555
[0.29158882]
556
[0.30132297]
557
[0.14195556]
558
[0.05233389]
559
[0.27939261]
560
[0.09350879]
561
[0.19555293]
562
[0.09311431]
563
[0.28058319]
564
[0.16132231]
565
[0.20915494]
566
[0.13326534]
567
[0.07438942]
568
[0.20843742]
569
[0.24485554]
570
[0.11959395]
571
[0.30242548]
572
[0.27606475]
573
[0.11847514]
574
[0.23890831]
575
[0.27057098]
576
[0.12091611]
577
[0.14071785]
578
[0.21359664]
579
[0.30893291]
580
[0.23289529]
581
[0.30544719]
582
[0.30103993]
583
[0.09519614]
584
[0.30135486]
585
[0.0674777]
586
[0.27250032]
587
[0.17631181]
588
[0.25053675]
589
[0.27432081]
590
[0.30105473]
591
[0.27421527]
592
[0.15550513]
593
[0.25805762]
594
[0.28036335]
595
[0.20809725]
596
[0.19788668]
597
[0.07050392]
598
[0.14994961]
599
[0.17910824]
600
[0.29852652]
601
[0.13898242]
602
[0.10914844]
603
[0.06377161]
604
[0.30211371]
605
[0.24922064]
606
[0.22397078]
607
[0.1465044]
608
[0.26134698]
609
[0.26103394]
610
[0.06085412]
611
[0.30912647]
612
[0.20300619]
613
[0.24068753]
614
[0.12735942]
615
[0.05220056]
616
[0.0583844]
617
[0.21531082]
618
[0.04752685]
619
[0.16654271]
620
[0.17341392]
621
[0.29043752]
622
[0.0844232]
623
[0.17923939]
624
[0.14457964]
625
[0.30673066]
626
[0.16108005]
627
[0.30313602]
628
[0.28732393]
629
[0.0493453]
630
[0.21683384]
631
[0.25704719]
632
[0.03995697]
633
[0.25457718]
634
[0.28948008]
635
[0.28326546]
636
[0.10813852]
637
[0.10865638]
638
[0.26110828]
639
[0.23390604]
640
[0.28908374]
641
[0.05160463]
642
[0.05434742]
643
[0.29674382]
644
[0.07069941]
645
[0.26452504]
646
[0.2363853]
647
[0.30497153]
648
[0.06810994]
649
[0.23151442]
650
[0.03699763]
651
[0.08951432]
652
[0.28090426]
653
[0.26145575]
654
[0.07588481]
655
[0.08007343]
656
[0.28345856]
657
[0.28319355]
658
[0.14254955]
659
[0.04238923]
660
[0.25222583]
661
[0.11555819]
662
[0.19284424]
663
[0.30686766]
664
[0.13136366]
665
[0.19316225]
666
[0.10662811]
667
[0.28237854]
668
[0.27718255]
669
[0.17845053]
670
[0.04180078]
671
[0.13288233]
672
[0.30582437]
673
[0.07403478]
674
[0.28005142]
675
[0.27826181]
676
[0.15303625]
677
[0.12713878]
678
[0.25107831]
679
[0.13111658]
680
[0.06948207]
681
[0.18641457]
682
[0.17039998]
683
[0.21281076]
684
[0.13299222]
685
[0.24195272]
686
[0.26040498]
687
[0.19726873]
688
[0.25675198]
689
[0.11824386]
690
[0.30405452]
691
[0.28607479]
692
[0.11084186]
693
[0.28460247]
694
[0.14977925]
695
[0.20702442]
696
[0.0708542]
697
[0.30893352]
698
[0.30388632]
699
[0.066719]
700
[0.12266209]
701
[0.27007788]
702
[0.05759531]
703
[0.26155139]
704
[0.19698945]
705
[0.30888916]
706
[0.2163696]
707
[0.30448087]
708
[0.05279254]
709
[0.20745934]
710
[0.09315928]
711
[0.29114305]
712
[0.13563587]
713
[0.11387488]
714
[0.21227492]
715
[0.07176552]
716
[0.04523223]
717
[0.06297909]
718
[0.30632522]
719
[0.21237476]
720
[0.30923408]
721
[0.03261801]
722
[0.23921292]
723
[0.17298505]
724
[0.20014135]
725
[0.14823694]
726
[0.16301974]
727
[0.29171328]
728
[0.27038258]
729
[0.08494287]
730
[0.0801234]
731
[0.24696758]
732
[0.07411491]
733
[0.21410546]
734
[0.18430996]
735
[0.22724926]
736
[0.18907499]
737
[0.21689039]
738
[0.03700244]
739
[0.2582873]
740
[0.28004909]
741
[0.12485698]
742
[0.30290063]
743
[0.17602966]
744
[0.18090008]
745
[0.30084724]
746
[0.12852001]
747
[0.07639451]
748
[0.10591873]
749
[0.22559349]
750
[0.20492489]
751
[0.30903461]
752
[0.10105383]
753
[0.26381017]
754
[0.11498777]
755
[0.22219443]
756
[0.18679187]
757
[0.30921955]
758
[0.22773333]
759
[0.09549811]
760
[0.2433497]
761
[0.27044506]
762
[0.25964605]
763
[0.07341609]
764
[0.24651904]
765
[0.04694094]
766
[0.14762505]
767
[0.19887067]
768
[0.30926312]
769
[0.12141856]
770
[0.13688798]
771
[0.16648032]
772
[0.24901061]
773
[0.10694202]
774
[0.16290035]
775
[0.25356002]
776
[0.08613921]
777
[0.14546151]
778
[0.3043264]
779
[0.20679785]
780
[0.09029552]
781
[0.06798235]
782
[0.2925546]
783
[0.30501624]
784
[0.29869572]
785
[0.30527893]
786
[0.0795164]
787
[0.10212215]
788
[0.12557756]
789
[0.29850447]
790
[0.3071699]
791
[0.29677667]
792
[0.30891838]
793
[0.18788565]
794
[0.13127576]
795
[0.21967183]
796
[0.27326151]
797
[0.28815594]
798
[0.07707817]
799
[0.30919694]
800
[0.16943237]
801
[0.07653524]
802
[0.26697134]
803
[0.10740352]
804
[0.07189215]
805
[0.10377437]
806
[0.28029888]
807
[0.30892215]
808
[0.29747966]
809
[0.08265237]
810
[0.13644633]
811
[0.27600667]
812
[0.20828227]
813
[0.09799834]
814
[0.24912404]
815
[0.1979262]
816
[0.2647057]
817
[0.19378357]
818
[0.30762123]
819
[0.08988533]
820
[0.30250835]
821
[0.28901701]
822
[0.29765]
823
[0.24120832]
824
[0.1518751]
825
[0.20265406]
826
[0.24828234]
827
[0.05418348]
828
[0.2966246]
829
[0.30696797]
830
[0.24035525]
831
[0.26441514]
832
[0.3092738]
833
[0.27352957]
834
[0.14873919]
835
[0.2861005]
836
[0.27207134]
837
[0.28019529]
838
[0.15747072]
839
[0.27269766]
840
[0.18619104]
841
[0.19174486]
842
[0.05495908]
843
[0.0844019]
844
[0.17891902]
845
[0.30401944]
846
[0.28700278]
847
[0.30251262]
848
[0.1855769]
849
[0.17071076]
850
[0.18678396]
851
[0.30921111]
852
[0.30922904]
853
[0.30590618]
854
[0.23955903]
855
[0.24700397]
856
[0.27725599]
857
[0.28009678]
858
[0.13139468]
859
[0.08869273]
860
[0.07814928]
861
[0.23740058]
862
[0.12020251]
863
[0.30774614]
864
[0.1493542]
865
[0.13331709]
866
[0.2051872]
867
[0.23082415]
868
[0.031015]
869
[0.28336912]
870
[0.09945406]
871
[0.05631379]
872
[0.0533854]
873
[0.04126157]
874
[0.14087493]
875
[0.21413342]
876
[0.30926896]
877
[0.171721]
878
[0.28719649]
879
[0.30914813]
880
[0.11505995]
881
[0.16067527]
882
[0.0715529]
883
[0.17740092]
884
[0.24670991]
885
[0.05257808]
886
[0.10827647]
887
[0.06754348]
888
[0.18310256]
889
[0.07492852]
890
[0.22387408]
891
[0.3029366]
892
[0.07440183]
893
[0.09667564]
894
[0.25906814]
895
[0.3063375]
896
[0.07583758]
897
[0.05325885]
898
[0.15638768]
899
[0.26966102]
900
[0.13850398]
901
[0.04793309]
902
[0.12972508]
903
[0.05625437]
904
[0.22616684]
905
[0.14741336]
906
[0.29780684]
907
[0.18459808]
908
[0.2004518]
909
[0.10703738]
910
[0.2145343]
911
[0.2893413]
912
[0.20346315]
913
[0.24651069]
914
[0.19549244]
915
[0.0622028]
916
[0.13752129]
917
[0.21878815]
918
[0.23421958]
919
[0.30818799]
920
[0.30664958]
921
[0.27787911]
922
[0.22798283]
923
[0.30802843]
924
[0.29687537]
925
[0.09434514]
926
[0.16751847]
927
[0.27018071]
928
[0.28311241]
929
[0.15965156]
930
[0.24471753]
931
[0.30687911]
932
[0.06047918]
933
[0.30920452]
934
[0.15639836]
935
[0.27677569]
936
[0.08097841]
937
[0.06183295]
938
[0.27389473]
939
[0.19600646]
940
[0.27701336]
941
[0.30198718]
942
[0.04791085]
943
[0.12354447]
944
[0.30264311]
945
[0.09275676]
946
[0.3087231]
947
[0.29109108]
948
[0.0436956]
949
[0.25015955]
950
[0.29816794]
951
[0.2486052]
952
[0.13627031]
953
[0.29354536]
954
[0.17287393]
955
[0.1849299]
956
[0.19714211]
957
[0.19223505]
958
[0.07644891]
959
[0.26505274]
960
[0.1025678]
961
[0.03221419]
962
[0.30926099]
963
[0.06775652]
964
[0.15162355]
965
[0.29095646]
966
[0.12521539]
967
[0.22748548]
968
[0.04774932]
969
[0.27845231]
970
[0.30908597]
971
[0.15497252]
972
[0.30695251]
973
[0.28190485]
974
[0.05375949]
975
[0.30804362]
976
[0.30557153]
977
[0.09471735]
978
[0.22207849]
979
[0.15039825]
980
[0.30056296]
981
[0.30900975]
982
[0.3045293]
983
[0.048859]
984
[0.10597998]
985
[0.3082855]
986
[0.08633411]
987
[0.18825077]
988
[0.07996926]
989
[0.24153886]
990
[0.21795395]
991
[0.09098729]
992
[0.1026258]
993
[0.24300944]
994
[0.14888375]
995
[0.12357457]
996
[0.2045196]
997
[0.27712894]
998
[0.05545819]
999
[1] 5000   11
[1] 5000   11
[0.09769716]
