LOADING R
R LOADED
[1] "/home/lvanderl/Rlibs2"                         
[2] "/app/software/R/4.3.1-gfbf-2022b/lib/R/library"
[1] "/home/lvanderl/sieveSims"
[1] "gam 5 4"
[1] 0.05737133
[1] 0.05737133
[1] 0.05737133
33.48979591836735
0
[0.08832394]
1
[0.08683469]
2
[0.10132191]
3
[0.08852607]
4
[0.07857986]
5
[0.06866469]
6
[0.06715702]
7
[0.10479966]
8
[0.10576168]
9
[0.11411131]
10
[0.09015419]
11
[0.05687512]
12
[0.06096443]
13
[0.09243303]
14
[0.09774767]
15
[0.08007468]
16
[0.1167167]
17
[0.05958176]
18
[0.05083175]
19
[0.09285432]
20
[0.08453514]
21
[0.05996739]
22
[0.11232321]
23
[0.06398484]
24
[0.07343594]
25
[0.06639508]
26
[0.0957196]
27
[0.08838547]
28
[0.10103756]
29
[0.08618395]
30
[0.10832563]
31
[0.09413119]
32
[0.05586009]
33
[0.07744738]
34
[0.08528638]
35
[0.08101888]
36
[0.08230032]
37
[0.09369506]
38
[0.08997114]
39
[0.09007042]
40
[0.07597979]
41
[0.10801053]
42
[0.12297404]
43
[0.07613766]
44
[0.09478227]
45
[0.09644996]
46
[0.08771349]
47
[0.08821382]
48
[0.07367077]
49
[0.06157571]
50
[0.06330971]
51
[0.06857249]
52
[0.102831]
53
[0.07736468]
54
[0.05245358]
55
[0.07968245]
56
[0.07401916]
57
[0.07792804]
58
[0.08246797]
59
[0.05792401]
60
[0.11467178]
61
[0.09033319]
62
[0.10255854]
63
[0.10544246]
64
[0.0841927]
65
[0.07755062]
66
[0.08495539]
67
[0.08383363]
68
[0.05592143]
69
[0.06078886]
70
[0.0980947]
71
[0.10442185]
72
[0.06165847]
73
[0.07916778]
74
[0.10322875]
75
[0.06962958]
76
[0.1078844]
77
[0.07233459]
78
[0.0667095]
79
[0.06953838]
80
[0.07498228]
81
[0.08058466]
82
[0.09339814]
83
[0.07713568]
84
[0.07974696]
85
[0.07416343]
86
[0.10114637]
87
[0.10184804]
88
[0.08378975]
89
[0.08421711]
90
[0.1130113]
91
[0.07066816]
92
[0.10823558]
93
[0.11258186]
94
[0.09034311]
95
[0.06965162]
96
[0.08625413]
97
[0.09161011]
98
[0.08398584]
99
[0.05840179]
100
[0.07242012]
101
[0.08405099]
102
[0.08056091]
103
[0.07229973]
104
[0.12037273]
105
[0.06417759]
106
[0.08605246]
107
[0.0536336]
108
[0.06657179]
109
[0.05993624]
110
[0.05921046]
111
[0.0869293]
112
[0.06148377]
113
[0.08968661]
114
[0.09629263]
115
[0.07166168]
116
[0.0705979]
117
[0.07059148]
118
[0.0751615]
119
[0.06480433]
120
[0.10330849]
121
[0.07643172]
122
[0.071175]
123
[0.09396019]
124
[0.05800008]
125
[0.11032649]
126
[0.08086038]
127
[0.08994534]
128
[0.09857604]
129
[0.08654415]
130
[0.11009225]
131
[0.08318285]
132
[0.11253973]
133
[0.07737925]
134
[0.05639545]
135
[0.09229539]
136
[0.10722324]
137
[0.05550146]
138
[0.090832]
139
[0.11186634]
140
[0.0721843]
141
[0.12072997]
142
[0.0703264]
143
[0.08050391]
144
[0.07422415]
145
[0.07718016]
146
[0.06803079]
147
[0.06922267]
148
[0.09204506]
149
[0.09054279]
150
[0.08450184]
151
[0.06496224]
152
[0.06297433]
153
[0.06480337]
154
[0.07990299]
155
[0.07558449]
156
[0.09907385]
157
[0.11254087]
158
[0.06249504]
159
[0.0831149]
160
[0.09781442]
161
[0.09243125]
162
[0.0923032]
163
[0.06606747]
164
[0.06768607]
165
[0.07908949]
166
[0.08637112]
167
[0.11172581]
168
[0.05852838]
169
[0.07380121]
170
[0.07283062]
171
[0.06642399]
172
[0.07674627]
173
[0.0836804]
174
[0.08620849]
175
[0.10571051]
176
[0.10765769]
177
[0.08258787]
178
[0.08887988]
179
[0.07108771]
180
[0.09785215]
181
[0.07554413]
182
[0.09693312]
183
[0.11618694]
184
[0.05370934]
185
[0.08174159]
186
[0.06940033]
187
[0.05798741]
188
[0.07227296]
189
[0.08346413]
190
[0.09194914]
191
[0.06743048]
192
[0.07654201]
193
[0.07684429]
194
[0.08966385]
195
[0.06465989]
196
[0.07357807]
197
[0.07830815]
198
[0.09716663]
199
[0.05598887]
200
[0.07503193]
201
[0.10417015]
202
[0.06612701]
203
[0.08839545]
204
[0.06589942]
205
[0.07935464]
206
[0.05126985]
207
[0.06035326]
208
[0.08422965]
209
[0.10917618]
210
[0.05294238]
211
[0.10925221]
212
[0.06955218]
213
[0.07328568]
214
[0.10001491]
215
[0.08015308]
216
[0.08845052]
217
[0.10028255]
218
[0.09721169]
219
[0.07754642]
220
[0.07210478]
221
[0.07639661]
222
[0.06837596]
223
[0.07478454]
224
[0.10927714]
225
[0.0679098]
226
[0.07603231]
227
[0.08751006]
228
[0.11105223]
229
[0.0422985]
230
[0.07561761]
231
[0.10366007]
232
[0.08939036]
233
[0.06492431]
234
[0.06336738]
235
[0.09076322]
236
[0.07829639]
237
[0.0905384]
238
[0.09057992]
239
[0.11039128]
240
[0.06931471]
241
[0.10961186]
242
[0.08990673]
243
[0.07464082]
244
[0.09717534]
245
[0.10980252]
246
[0.09398991]
247
[0.08455943]
248
[0.07183975]
249
[0.09945472]
250
[0.07615911]
251
[0.11273203]
252
[0.0885055]
253
[0.08842836]
254
[0.10812596]
255
[0.09182583]
256
[0.11268686]
257
[0.07321974]
258
[0.09861459]
259
[0.10462876]
260
[0.09005163]
261
[0.0878747]
262
[0.08855996]
263
[0.08229324]
264
[0.08648566]
265
[0.08865863]
266
[0.08282751]
267
[0.08789705]
268
[0.10123869]
269
[0.07377431]
270
[0.09121543]
271
[0.05652878]
272
[0.07475368]
273
[0.11141298]
274
[0.10626568]
275
[0.07119307]
276
[0.05141871]
277
[0.08067654]
278
[0.08585013]
279
[0.07547537]
280
[0.10945697]
281
[0.07033291]
282
[0.07992518]
283
[0.06104816]
284
[0.0614931]
285
[0.06466262]
286
[0.09308008]
287
[0.07858021]
288
[0.07986536]
289
[0.05586009]
290
[0.08131639]
291
[0.0852406]
292
[0.09916198]
293
[0.08815993]
294
[0.08922345]
295
[0.07142057]
296
[0.0952902]
297
[0.1140581]
298
[0.06616171]
299
[0.07793019]
300
[0.08788193]
301
[0.09050467]
302
[0.05624009]
303
[0.08190095]
304
[0.10338601]
305
[0.07458412]
306
[0.08033179]
307
[0.10148035]
308
[0.09312991]
309
[0.08226427]
310
[0.08904657]
311
[0.06861485]
312
[0.09453495]
313
[0.07439727]
314
[0.08086316]
315
[0.08625413]
316
[0.09083943]
317
[0.08587954]
318
[0.07931693]
319
[0.0589442]
320
[0.06995649]
321
[0.07149048]
322
[0.06241378]
323
[0.08151332]
324
[0.08350893]
325
[0.05927846]
326
[0.0652145]
327
[0.09151099]
328
[0.08378118]
329
[0.07711443]
330
[0.06702998]
331
[0.11082731]
332
[0.05391221]
333
[0.08126053]
334
[0.06246284]
335
[0.06432324]
336
[0.06403784]
337
[0.10469941]
338
[0.08552187]
339
[0.08234803]
340
[0.05998847]
341
[0.12284908]
342
[0.09464727]
343
[0.11021401]
344
[0.10014736]
345
[0.10325181]
346
[0.05317521]
347
[0.0824637]
348
[0.09898548]
349
[0.07167483]
350
[0.09346978]
351
[0.09773905]
352
[0.05048013]
353
[0.09746218]
354
[0.10432626]
355
[0.06848711]
356
[0.07974892]
357
[0.11332902]
358
[0.10543733]
359
[0.06117289]
360
[0.07591526]
361
[0.06393302]
362
[0.10927827]
363
[0.08175474]
364
[0.06141378]
365
[0.07069566]
366
[0.08763843]
367
[0.07798644]
368
[0.07291826]
369
[0.09611166]
370
[0.09333908]
371
[0.0949711]
372
[0.09062982]
373
[0.08398855]
374
[0.09192944]
375
[0.0857143]
376
[0.06682678]
377
[0.06379879]
378
[0.08044813]
379
[0.06259292]
380
[0.07906331]
381
[0.10746165]
382
[0.09878921]
383
[0.09659949]
384
[0.09393873]
385
[0.11831162]
386
[0.08526544]
387
[0.08852256]
388
[0.07617763]
389
[0.06612121]
390
[0.08820233]
391
[0.09344765]
392
[0.09399263]
393
[0.09126982]
394
[0.07241706]
395
[0.09595609]
396
[0.08143313]
397
[0.07562872]
398
[0.07762957]
399
[0.09614639]
400
[0.06629392]
401
[0.09773842]
402
[0.09036144]
403
[0.09861099]
404
[0.08240877]
405
[0.08439731]
406
[0.07963673]
407
[0.08829071]
408
[0.11234253]
409
[0.08974832]
410
[0.08715382]
411
[0.08256689]
412
[0.07682406]
413
[0.08886574]
414
[0.11084587]
415
[0.05961921]
416
[0.07957548]
417
[0.09092595]
418
[0.07765623]
419
[0.07361959]
420
[0.07884633]
421
[0.09813672]
422
[0.07333015]
423
[0.05738227]
424
[0.06811146]
425
[0.09507204]
426
[0.09966658]
427
[0.10081367]
428
[0.09857604]
429
[0.04658447]
430
[0.09276316]
431
[0.07109051]
432
[0.08571]
433
[0.09403106]
434
[0.08141717]
435
[0.0830652]
436
[0.06119218]
437
[0.08286706]
438
[0.06527462]
439
[0.08035603]
440
[0.06369432]
441
[0.06318797]
442
[0.08282076]
443
[0.06130417]
444
[0.07240763]
445
[0.04612614]
446
[0.08713327]
447
[0.12275826]
448
[0.07700473]
449
[0.09309919]
450
[0.09091696]
451
[0.0588446]
452
[0.1172767]
453
[0.07017673]
454
[0.05153418]
455
[0.06315346]
456
[0.07033001]
457
[0.08518297]
458
[0.11782331]
459
[0.07970715]
460
[0.0836039]
461
[0.07275856]
462
[0.11264979]
463
[0.06130311]
464
[0.06139098]
465
[0.08592254]
466
[0.07087532]
467
[0.07064638]
468
[0.08112278]
469
[0.08094959]
470
[0.07509328]
471
[0.06894501]
472
[0.09902869]
473
[0.06817417]
474
[0.08231989]
475
[0.08690858]
476
[0.09129772]
477
[0.10213355]
478
[0.06197587]
479
[0.10678658]
480
[0.09537586]
481
[0.06698969]
482
[0.07941379]
483
[0.07646115]
484
[0.07292076]
485
[0.05709129]
486
[0.09389885]
487
[0.06018619]
488
[0.09005746]
489
[0.05351709]
490
[0.1018084]
491
[0.06822191]
492
[0.09058182]
493
[0.09330628]
494
[0.08796115]
495
[0.06136075]
496
[0.07472705]
497
[0.09564682]
498
[0.10035227]
499
[1] 2500   11
[1] 2500   11
[0.08415171]
