LOADING R
R LOADED
[1] "/home/lvanderl/Rlibs2"                         
[2] "/app/software/R/4.3.1-gfbf-2022b/lib/R/library"
[1] "/home/lvanderl/sieveSims"
[1] "rf 1 4"
[1] 0.03134689
[1] 0.03134689
[1] 0.03134689
41.61224489795919
0
[0.1249942]
1
[0.00452166]
2
[0.03632213]
3
[0.44678341]
4
[0.20641195]
5
[0.03114442]
6
[0.39994234]
7
[0.33164699]
8
[0.48259307]
9
[0.13108622]
10
[0.55899654]
11
[0.28806136]
12
[0.29345414]
13
[0.1950377]
14
[0.03277576]
15
[0.2904994]
16
[0.54294848]
17
[0.43945646]
18
[0.33651581]
19
[0.37153501]
20
[0.21401613]
21
[0.02539433]
22
[0.24755332]
23
[0.06479896]
24
[0.22194086]
25
[0.43851252]
26
[0.51324701]
27
[0.5663328]
28
[0.54863645]
29
[0.1312779]
30
[0.08025186]
31
[0.19533361]
32
[0.38975024]
33
[0.45913413]
34
[0.03812317]
35
[0.33764812]
36
[0.40296758]
37
[0.32773092]
38
[0.00903891]
39
[0.30175721]
40
[0.18802275]
41
[0.42627178]
42
[0.1853411]
43
[0.08867524]
44
[0.31466537]
45
[0.17646762]
46
[0.32014435]
47
[0.16024]
48
[0.15706136]
49
[0.45473055]
50
[0.51968519]
51
[0.42440899]
52
[0.25873524]
53
[0.51389096]
54
[0.43728469]
55
[0.06309409]
56
[0.16121707]
57
[0.39626964]
58
[0.01238433]
59
[0.46211985]
60
[0.33064051]
61
[0.09214987]
62
[0.45643072]
63
[0.15483182]
64
[0.09447804]
65
[0.46305854]
66
[0.02312638]
67
[0.3697015]
68
[0.17757272]
69
[0.2294601]
70
[0.00339067]
71
[0.40152177]
72
[0.45918548]
73
[0.30528382]
74
[0.01285158]
75
[0.57810624]
76
[0.1225048]
77
[0.00356383]
78
[0.14953673]
79
[0.23185705]
80
[0.15626946]
81
[0.46558756]
82
[0.23882951]
83
[0.5232897]
84
[0.37428111]
85
[0.41613937]
86
[0.14705444]
87
[0.42239228]
88
[0.06729407]
89
[0.51641376]
90
[0.49155503]
91
[0.08310142]
92
[0.21583746]
93
[0.25029574]
94
[0.50226143]
95
[0.21024658]
96
[0.18409883]
97
[0.24442384]
98
[0.10638288]
99
[0.26158597]
100
[0.31015548]
101
[0.46639796]
102
[0.31377195]
103
[0.41680802]
104
[0.18109385]
105
[0.3760586]
106
[0.09938745]
107
[0.36902766]
108
[0.12953277]
109
[0.25183368]
110
[0.55962682]
111
[0.38481958]
112
[0.57649871]
113
[0.06138724]
114
[0.02375012]
115
[0.52557945]
116
[0.50998405]
117
[0.47349812]
118
[0.07795445]
119
[0.46382659]
120
[0.25389831]
121
[0.27207215]
122
[0.08098278]
123
[0.1974315]
124
[0.01229523]
125
[0.26465121]
126
[0.03892837]
127
[0.01816938]
128
[0.01836312]
129
[0.40585471]
130
[0.55343045]
131
[0.12240422]
132
[0.27220668]
133
[0.01562464]
134
[0.51226308]
135
[0.2927435]
136
[0.14353346]
137
[0.02344933]
138
[0.29600362]
139
[0.33342828]
140
[0.0842075]
141
[0.18655171]
142
[0.46592641]
143
[0.10888603]
144
[0.22223167]
145
[0.30837197]
146
[0.09050886]
147
[0.29521092]
148
[0.37676513]
149
[0.57831151]
150
[0.11567956]
151
[0.25180955]
152
[0.19814411]
153
[0.46823707]
154
[0.49675231]
155
[0.40347312]
156
[0.10030488]
157
[0.06823025]
158
[0.23249071]
159
[0.52242465]
160
[0.20178025]
161
[0.55216827]
162
[0.0466657]
163
[0.34733187]
164
[0.32156549]
165
[0.23357072]
166
[0.27585729]
167
[0.11776752]
168
[0.19812067]
169
[0.21453509]
170
[0.38701701]
171
[0.06648528]
172
[0.47988676]
173
[0.22960479]
174
[0.36884265]
175
[0.56422389]
176
[0.56861077]
177
[0.467993]
178
[0.0374685]
179
[0.0552768]
180
[0.2593581]
181
[0.47912222]
182
[0.11007396]
183
[0.34504677]
184
[0.5086343]
185
[0.51011848]
186
[0.54259521]
187
[0.31146141]
188
[0.08357116]
189
[0.07526198]
190
[0.26605108]
191
[0.54861836]
192
[0.05246091]
193
[0.20131229]
194
[0.33808592]
195
[0.2993721]
196
[0.45309381]
197
[0.1055783]
198
[0.07085238]
199
[0.08347779]
200
[0.33173585]
201
[0.55723564]
202
[0.28437326]
203
[0.2382437]
204
[0.28460096]
205
[0.17155111]
206
[0.08622197]
207
[0.37690481]
208
[0.43625298]
209
[0.08581246]
210
[0.33977398]
211
[0.26287503]
212
[0.17083627]
213
[0.41994087]
214
[0.53141375]
215
[0.18821534]
216
[0.57270383]
217
[0.03363308]
218
[0.0605583]
219
[0.36670079]
220
[0.1196317]
221
[0.02363242]
222
[0.14125279]
223
[0.26456733]
224
[0.15496713]
225
[0.05362797]
226
[0.19583777]
227
[0.17593055]
228
[0.41540799]
229
[0.14455994]
230
[0.45542224]
231
[0.28846255]
232
[0.12836978]
233
[0.26326398]
234
[0.06900081]
235
[0.42376542]
236
[0.01448286]
237
[0.37464186]
238
[0.29473341]
239
[0.05274032]
240
[0.3578197]
241
[0.24116077]
242
[0.48465584]
243
[0.0183833]
244
[0.01321737]
245
[0.28776242]
246
[0.17241094]
247
[0.56619097]
248
[0.38248693]
249
[0.49360316]
250
[0.15044528]
251
[0.15325487]
252
[0.38933993]
253
[0.21275691]
254
[0.45098333]
255
[0.41777905]
256
[0.02842441]
257
[0.1421778]
258
[0.1643787]
259
[0.0561935]
260
[0.50141967]
261
[0.07114145]
262
[0.50339145]
263
[0.47302288]
264
[0.30267016]
265
[0.02711567]
266
[0.44572228]
267
[0.07696559]
268
[0.5147746]
269
[0.24537808]
270
[0.56097275]
271
[0.03116936]
272
[0.42181603]
273
[0.18113536]
274
[0.39762456]
275
[0.14044161]
276
[0.55691]
277
[0.03374437]
278
[0.15946684]
279
[0.49948656]
280
[0.08021651]
281
[0.07001441]
282
[0.0767727]
283
[0.08037659]
284
[0.40524988]
285
[0.35230414]
286
[0.07937373]
287
[0.56446005]
288
[0.11255126]
289
[0.13139146]
290
[0.09103967]
291
[0.24738845]
292
[0.09559229]
293
[0.36597018]
294
[0.37021659]
295
[0.19321424]
296
[0.31150746]
297
[0.06352955]
298
[0.39353879]
299
[0.10661455]
300
[0.06775111]
301
[0.37076098]
302
[0.04690588]
303
[0.31932252]
304
[0.03022736]
305
[0.11784993]
306
[0.00889592]
307
[0.40115358]
308
[0.22601989]
309
[0.21332874]
310
[0.25138089]
311
[0.39031538]
312
[0.00976323]
313
[0.16662786]
314
[0.03552992]
315
[0.13043231]
316
[0.08387133]
317
[0.16284929]
318
[0.38274399]
319
[0.13171221]
320
[0.07894304]
321
[0.04910769]
322
[0.03751684]
323
[0.39320004]
324
[0.25505818]
325
[0.0998666]
326
[0.24006245]
327
[0.26702404]
328
[0.12384704]
329
[0.11743043]
330
[0.57324165]
331
[0.22597278]
332
[0.39099431]
333
[0.35436189]
334
[0.24115284]
335
[0.11431761]
336
[0.14830278]
337
[0.19378141]
338
[0.19724356]
339
[0.22521074]
340
[0.17538477]
341
[0.33885702]
342
[0.36808009]
343
[0.36329041]
344
[0.04005304]
345
[0.14751083]
346
[0.3109375]
347
[0.56594859]
348
[0.00589826]
349
[0.37588608]
350
[0.2681058]
351
[0.38670691]
352
[0.23046534]
353
[0.31904518]
354
[0.14430025]
355
[0.22623628]
356
[0.0925477]
357
[0.34282183]
358
[0.06951163]
359
[0.05648061]
360
[0.36628668]
361
[0.17910621]
362
[0.45781947]
363
[0.41361692]
364
[0.41319331]
365
[0.41216084]
366
[0.05826396]
367
[0.1419197]
368
[0.35446855]
369
[0.02803905]
370
[0.52518997]
371
[0.03465054]
372
[0.52451377]
373
[0.4544817]
374
[0.03537742]
375
[0.22373488]
376
[0.403435]
377
[0.28373021]
378
[0.48813329]
379
[0.2363087]
380
[0.19755267]
381
[0.18918447]
382
[0.30706214]
383
[0.20087665]
384
[0.21364121]
385
[0.54610109]
386
[0.49230008]
387
[0.36879331]
388
[0.36439004]
389
[0.40059038]
390
[0.0664274]
391
[0.19184881]
392
[0.2484131]
393
[0.07763654]
394
[0.23461937]
395
[0.08918392]
396
[0.27573148]
397
[0.09108679]
398
[0.30138584]
399
[0.03874783]
400
[0.00370998]
401
[0.32822286]
402
[0.24820716]
403
[0.5492344]
404
[0.21686244]
405
[0.500767]
406
[0.33250757]
407
[0.17836852]
408
[0.1619744]
409
[0.44705429]
410
[0.16974914]
411
[0.31632681]
412
[0.44414972]
413
[0.19097014]
414
[0.23667744]
415
[0.08867514]
416
[0.1581759]
417
[0.18979351]
418
[0.01931687]
419
[0.19609931]
420
[0.45093122]
421
[0.04762588]
422
[0.57733368]
423
[0.10849047]
424
[0.48475723]
425
[0.51783687]
426
[0.57345403]
427
[0.5019412]
428
[0.29443915]
429
[0.52397813]
430
[0.15161169]
431
[0.25972492]
432
[0.01749226]
433
[0.04574136]
434
[0.38117534]
435
[0.05166422]
436
[0.40528045]
437
[0.31617917]
438
[0.54082233]
439
[0.21886307]
440
[0.01828765]
441
[0.20327848]
442
[0.26161637]
443
[0.12376665]
444
[0.23353735]
445
[0.3008254]
446
[0.39586571]
447
[0.06662088]
448
[0.40541229]
449
[0.53335855]
450
[0.38989135]
451
[0.48917894]
452
[0.43260043]
453
[0.03894255]
454
[0.28110924]
455
[0.38635243]
456
[0.09433898]
457
[0.23208101]
458
[0.26983917]
459
[0.08479862]
460
[0.06806751]
461
[0.57817815]
462
[0.02071804]
463
[0.10266749]
464
[0.34939828]
465
[0.20088649]
466
[0.19791533]
467
[0.00685766]
468
[0.07449059]
469
[0.21738757]
470
[0.03324137]
471
[0.3092353]
472
[0.2595436]
473
[0.13122372]
474
[0.10654908]
475
[0.11129848]
476
[0.21913517]
477
[0.52402493]
478
[0.10512359]
479
[0.20448954]
480
[0.17980416]
481
[0.00754289]
482
[0.52867996]
483
[0.32129444]
484
[0.26588798]
485
[0.14957372]
486
[0.50621626]
487
[0.40472944]
488
[0.11329824]
489
[0.38166131]
490
[0.25924147]
491
[0.24862398]
492
[0.06184791]
493
[0.56543355]
494
[0.16231132]
495
[0.48124588]
496
[0.53763092]
497
[0.09448167]
498
[0.53179301]
499
[1] 2500   11
[1] 2500   11
[0.07806476]
