LOADING R
R LOADED
[1] "/home/lvanderl/Rlibs2"                         
[2] "/app/software/R/4.3.1-gfbf-2022b/lib/R/library"
[1] "/home/lvanderl/sieveSims"
[1] "xg 5 3"
[1] 0.3029605
[1] 0.3029605
[1] 0.3029605
187.81632653061226
0
[0.22280532]
1
[0.25297866]
2
[0.30875569]
3
[0.30964913]
4
[0.20011216]
5
[0.16074704]
6
[0.1479548]
7
[0.1728507]
8
[0.06114609]
9
[0.34910863]
10
[0.39434176]
11
[0.36243667]
12
[0.15533059]
13
[0.2598373]
14
[0.26694172]
15
[0.30485973]
16
[0.28532973]
17
[0.35749845]
18
[0.20916798]
19
[0.2745522]
20
[0.33805182]
21
[0.34867041]
22
[0.23365914]
23
[0.12858533]
24
[0.24755033]
25
[0.24375536]
26
[0.12887242]
27
[0.30215465]
28
[0.24756237]
29
[0.1727228]
30
[0.18401453]
31
[0.21839128]
32
[0.34636459]
33
[0.23715474]
34
[0.16333385]
35
[0.20916798]
36
[0.31847831]
37
[0.38243113]
38
[0.28687828]
39
[0.35731726]
40
[0.14773827]
41
[0.23164978]
42
[0.1602349]
43
[0.20916798]
44
[0.12573464]
45
[0.04564932]
46
[0.24836701]
47
[0.16366366]
48
[0.18899201]
49
[0.15652118]
50
[0.33602096]
51
[0.16881604]
52
[0.2940473]
53
[0.12298443]
54
[0.11635852]
55
[0.14172259]
56
[0.29762403]
57
[0.31193062]
58
[0.12500536]
59
[0.20617966]
60
[0.27603692]
61
[0.28987187]
62
[0.19821531]
63
[0.16893567]
64
[0.29563643]
65
[0.30253172]
66
[0.38268134]
67
[0.19726916]
68
[0.25067284]
69
[0.18380391]
70
[0.24737093]
71
[0.0515813]
72
[0.23700075]
73
[0.19809481]
74
[0.39753684]
75
[0.17801559]
76
[0.30175026]
77
[0.32435314]
78
[0.26826385]
79
[0.05110907]
80
[0.09195312]
81
[0.2926891]
82
[0.29131096]
83
[0.1163207]
84
[0.19129784]
85
[0.35517391]
86
[0.25159312]
87
[0.20540316]
88
[0.23222624]
89
[0.25124039]
90
[0.2157223]
91
[0.34562707]
92
[0.23324644]
93
[0.25791666]
94
[0.17937949]
95
[0.3175137]
96
[0.27257818]
97
[0.30980318]
98
[0.26570108]
99
[0.20679638]
100
[0.33719053]
101
[0.20743861]
102
[0.20614889]
103
[0.3422135]
104
[0.24144954]
105
[0.11637429]
106
[0.11034625]
107
[0.41581171]
108
[0.26004659]
109
[0.18734251]
110
[0.28331624]
111
[0.25551559]
112
[0.49487341]
113
[0.27141032]
114
[0.15478624]
115
[0.29717671]
116
[0.34372079]
117
[0.24029662]
118
[0.17725295]
119
[0.24894347]
120
[0.12673473]
121
[0.16987107]
122
[0.18536834]
123
[0.29215362]
124
[0.33080027]
125
[0.16996895]
126
[0.16701512]
127
[0.35558789]
128
[0.23337915]
129
[0.18841556]
130
[0.50317834]
131
[0.18300768]
132
[0.0793043]
133
[0.28724698]
134
[0.41957454]
135
[0.40285731]
136
[0.19194696]
137
[0.15104006]
138
[0.25085852]
139
[0.30082454]
140
[0.16445982]
141
[0.21628528]
142
[0.20307899]
143
[0.36884638]
144
[0.18956847]
145
[0.12632019]
146
[0.19044498]
147
[0.28958533]
148
[0.24490827]
149
[0.24579904]
150
[0.15003132]
151
[0.21781483]
152
[0.25470803]
153
[0.13048547]
154
[0.15555755]
155
[0.17481804]
156
[0.15738239]
157
[0.29678934]
158
[0.15166029]
159
[0.41609432]
160
[0.14401271]
161
[0.15410273]
162
[0.27175837]
163
[0.21258234]
164
[0.22281944]
165
[0.28468376]
166
[0.32215342]
167
[0.18478824]
168
[0.10772072]
169
[0.24295968]
170
[0.33080027]
171
[0.32567262]
172
[0.3065891]
173
[0.19590949]
174
[0.08737234]
175
[0.21948467]
176
[0.25032955]
177
[0.24503897]
178
[0.35789843]
179
[0.30673142]
180
[0.30565986]
181
[0.34348231]
182
[0.19475658]
183
[0.26847747]
184
[0.20873672]
185
[0.12788764]
186
[0.25874323]
187
[0.15435355]
188
[0.10349199]
189
[0.14555731]
190
[0.33887065]
191
[0.3394516]
192
[0.24049935]
193
[0.33368255]
194
[0.25197356]
195
[0.17469571]
196
[0.28224185]
197
[0.27314343]
198
[0.16871345]
199
[0.12394028]
200
[0.14056968]
201
[0.15440463]
202
[0.13736106]
203
[0.35097624]
204
[0.43047044]
205
[0.18768866]
206
[0.30692048]
207
[0.20225051]
208
[0.13004608]
209
[0.18180625]
210
[0.19822073]
211
[0.27254157]
212
[0.23453206]
213
[0.21277701]
214
[0.24202599]
215
[0.08685222]
216
[0.19325166]
217
[0.37172191]
218
[0.08912013]
219
[0.2056741]
220
[0.21733761]
221
[0.25701386]
222
[0.27546046]
223
[0.19533303]
224
[0.27490215]
225
[0.21270845]
226
[0.31391572]
227
[0.21205026]
228
[0.25065844]
229
[0.2247323]
230
[0.28457341]
231
[0.31638914]
232
[0.11194489]
233
[0.34971956]
234
[0.28007211]
235
[0.1716204]
236
[0.25297866]
237
[0.26048672]
238
[0.20593891]
239
[0.14091851]
240
[0.156134]
241
[0.39324301]
242
[0.39127567]
243
[0.19946068]
244
[0.36524682]
245
[0.227986]
246
[0.4715289]
247
[0.1561721]
248
[0.23741434]
249
[0.26639706]
250
[0.16881604]
251
[0.19302721]
252
[0.07566023]
253
[0.16727151]
254
[0.29978209]
255
[0.23856726]
256
[0.1580485]
257
[0.21377963]
258
[0.27232971]
259
[0.41543419]
260
[0.15317265]
261
[0.24087308]
262
[0.1879662]
263
[0.22300293]
264
[0.15959274]
265
[0.31864464]
266
[0.36136492]
267
[0.28122502]
268
[0.22530876]
269
[0.26689422]
270
[0.43725374]
271
[0.43604193]
272
[0.23107332]
273
[0.17391047]
274
[0.19637925]
275
[0.2112687]
276
[0.38492932]
277
[0.29275415]
278
[0.39645053]
279
[0.22170717]
280
[0.22535693]
281
[0.10075535]
282
[0.28042706]
283
[0.19743317]
284
[0.20315311]
285
[0.27690788]
286
[0.2564374]
287
[0.33121688]
288
[0.26015888]
289
[0.12500536]
290
[0.34867041]
291
[0.36308182]
292
[0.22367271]
293
[0.3926262]
294
[0.12673473]
295
[0.1392083]
296
[0.16881604]
297
[0.18521501]
298
[0.25728745]
299
[0.1667557]
300
[0.38585063]
301
[0.28951812]
302
[0.24618656]
303
[0.19830856]
304
[0.14089972]
305
[0.37202789]
306
[0.43833533]
307
[0.09834743]
308
[0.09590744]
309
[0.4345624]
310
[0.23337915]
311
[0.36423473]
312
[0.25469051]
313
[0.14882477]
314
[0.3496611]
315
[0.33137672]
316
[0.21469452]
317
[0.18438036]
318
[0.14979298]
319
[0.28336068]
320
[0.15562246]
321
[0.26758876]
322
[0.28561062]
323
[0.21320318]
324
[0.1931102]
325
[0.14402842]
326
[0.35558789]
327
[0.24566897]
328
[0.2339556]
329
[0.30633462]
330
[0.42793482]
331
[0.27257818]
332
[0.2325817]
333
[0.11422994]
334
[0.26681362]
335
[0.17091121]
336
[0.32567677]
337
[0.21660833]
338
[0.11347623]
339
[0.29986515]
340
[0.29622432]
341
[0.16848315]
342
[0.31052111]
343
[0.21179698]
344
[0.22870922]
345
[0.34463522]
346
[0.19418012]
347
[0.13264084]
348
[0.07742818]
349
[0.24437517]
350
[0.10332385]
351
[0.33137672]
352
[0.19516366]
353
[0.28923349]
354
[0.2564374]
355
[0.14229905]
356
[0.24248922]
357
[0.21428636]
358
[0.23741434]
359
[0.27430755]
360
[0.28012072]
361
[0.22746647]
362
[0.2621397]
363
[0.1653573]
364
[0.23453206]
365
[0.24967244]
366
[0.23450222]
367
[0.17515706]
368
[0.23467563]
369
[0.16189856]
370
[0.10109193]
371
[0.33771774]
372
[0.19302721]
373
[0.20462738]
374
[0.08100261]
375
[0.18107035]
376
[0.23164978]
377
[0.23453206]
378
[0.32341912]
379
[0.14518133]
380
[0.23108428]
381
[0.19245075]
382
[0.40868845]
383
[0.39421046]
384
[0.24585687]
385
[0.17211046]
386
[0.22703813]
387
[0.26479104]
388
[0.26400979]
389
[0.23453349]
390
[0.14622966]
391
[0.21281446]
392
[0.24169534]
393
[0.1602397]
394
[0.24540245]
395
[0.28295439]
396
[0.33312612]
397
[0.10540585]
398
[0.14684698]
399
[0.25816677]
400
[0.15036944]
401
[0.26929107]
402
[0.17919225]
403
[0.11188852]
404
[0.3106243]
405
[0.16038874]
406
[0.26854298]
407
[0.35820999]
408
[0.13826386]
409
[0.23708379]
410
[0.3665986]
411
[0.17144182]
412
[0.33487012]
413
[0.20544442]
414
[0.27538088]
415
[0.27788842]
416
[0.36168488]
417
[0.31306933]
418
[0.15893605]
419
[0.2247323]
420
[0.15757847]
421
[0.33310609]
422
[0.26586485]
423
[0.32042405]
424
[0.19983169]
425
[0.30250405]
426
[0.23671946]
427
[0.13256055]
428
[0.3382942]
429
[0.08233189]
430
[0.29909517]
431
[0.13457797]
432
[0.25477444]
433
[0.15021837]
434
[0.25175001]
435
[0.13853374]
436
[0.1852372]
437
[0.17054541]
438
[0.34982333]
439
[0.36453284]
440
[0.34039067]
441
[0.19763886]
442
[0.24624757]
443
[0.2515154]
444
[0.13666062]
445
[0.23858458]
446
[0.2290168]
447
[0.21548516]
448
[0.22530876]
449
[0.13653449]
450
[0.39095678]
451
[0.30040648]
452
[0.22890669]
453
[0.3751874]
454
[0.19482445]
455
[0.25964799]
456
[0.22295583]
457
[0.30774201]
458
[0.21839128]
459
[0.38085631]
460
[0.33126524]
461
[0.0866086]
462
[0.21147381]
463
[0.15883708]
464
[0.16603758]
465
[0.31502393]
466
[0.2062857]
467
[0.17342769]
468
[0.24795547]
469
[0.29397438]
470
[0.09964128]
471
[0.19821531]
472
[0.26770964]
473
[0.40343376]
474
[0.25701386]
475
[0.09822829]
476
[0.23619807]
477
[0.13579154]
478
[0.21089006]
479
[0.30197745]
480
[0.33887065]
481
[0.17071799]
482
[0.28778035]
483
[0.16996895]
484
[0.23392463]
485
[0.25389953]
486
[0.27559427]
487
[0.27776629]
488
[0.27924162]
489
[0.2902201]
490
[0.14402842]
491
[0.10021774]
492
[0.23219703]
493
[0.22730663]
494
[0.25928623]
495
[0.27718983]
496
[0.25188063]
497
[0.34670891]
498
[0.30884979]
499
[0.13527941]
[1] 2500   11
[1] 2500   11
