LOADING R
R LOADED
[1] "/home/lvanderl/Rlibs2"                         
[2] "/app/software/R/4.3.1-gfbf-2022b/lib/R/library"
[1] "/home/lvanderl/sieveSims"
[1] "rf 20 3"
[1] "histogram binning"
[1] 0.05440167
[1] 0.05440167
[1] "mondrian"
[1] "iso"
[1] 0.05440167
[1] "conditional"
[   10.            11.51395399    13.25711366    15.26417967
    17.57510625    20.23589648    23.29951811    26.82695795
    30.88843596    35.56480306    40.94915062    47.14866363
    54.28675439    62.50551925    71.9685673     82.86427729
    95.40954763   109.8541142    126.48552169   145.63484775
   167.68329368   193.06977289   222.29964825   255.95479227
   294.70517026   339.32217719   390.69399371   449.8432669
   517.94746792   596.36233166   686.648845     790.60432109
   910.29817799  1048.11313415  1206.79264064  1389.49549437
  1599.85871961  1842.06996933  2120.95088792  2442.05309455
  2811.76869797  3237.45754282  3727.59372031  4291.93426013
  4941.71336132  5689.86602902  6551.2855686   7543.12006335
  8685.11373751 10000.        ]
[0.20116905 0.2004493  0.1997667  0.19862409 0.19797025 0.19694558
 0.19594523 0.19495527 0.19294236 0.19169299 0.18951585 0.18772105
 0.18513005 0.1828387  0.17990083 0.17689476 0.17406559 0.17032318
 0.16659541 0.1630431  0.15911094 0.15531083 0.15171432 0.14807427
 0.14485565 0.14206672 0.13967671 0.13748385 0.1358576  0.13481115
 0.13428169 0.13396816 0.13400938 0.13423716 0.13415204 0.13407459
 0.13413497 0.13422994 0.13401315 0.13413    0.1340803  0.13413825
 0.13386829 0.13419988 0.13399148 0.1341111  0.13410751 0.13425372
 0.13408144 0.13397749]
3727.593720314938
0.0002682695795279727
0
[0.55909349]
1
[0.26658423]
2
[0.02591897]
3
[0.00081556]
4
[0.55909349]
5
[0.55909349]
6
[0.55909349]
7
[0.55909349]
8
[0.53399008]
9
[0.55909349]
10
[0.55909349]
11
[0.00081556]
12
[0.55909349]
13
[0.0057271]
14
[0.55909349]
15
[0.14325011]
16
[0.55909349]
17
[0.50888668]
18
[0.26712996]
19
[0.41283886]
20
[0.0160959]
21
[0.08431168]
22
[0.55909349]
23
[0.55909349]
24
[0.55909349]
25
[0.37245512]
26
[0.55909349]
27
[0.55909349]
28
[0.55909349]
29
[0.55909349]
30
[0.55909349]
31
[0.35553761]
32
[0.0952262]
33
[0.55909349]
34
[0.51216103]
35
[0.28077312]
36
[0.484329]
37
[0.55909349]
38
[0.55909349]
39
[0.33316283]
40
[0.55909349]
41
[0.29114191]
42
[0.55909349]
43
[0.294962]
44
[0.36645213]
45
[0.55909349]
46
[0.19072829]
47
[0.55909349]
48
[0.05647964]
49
[0.55909349]
50
[0.55909349]
51
[0.21856033]
52
[0.55909349]
53
[0.04229076]
54
[0.3200654]
55
[0.12196678]
56
[0.44012517]
57
[0.55909349]
58
[0.2201975]
59
[0.03574204]
60
[0.38282392]
61
[0.1743565]
62
[0.06302835]
63
[0.55909349]
64
[0.25730689]
65
[0.55909349]
66
[0.17817659]
67
[0.55909349]
68
[0.33316283]
69
[0.09195184]
70
[0.55909349]
71
[0.55909349]
72
[0.41502177]
73
[0.55909349]
74
[0.4739602]
75
[0.3948299]
76
[0.55909349]
77
[0.55909349]
78
[0.55909349]
79
[0.45977132]
80
[0.55909349]
81
[0.47668883]
82
[0.52634992]
83
[0.55909349]
84
[0.40137861]
85
[0.55909349]
86
[0.55909349]
87
[0.55909349]
88
[0.09577193]
89
[0.55909349]
90
[0.55909349]
91
[0.55909349]
92
[0.00081556]
93
[0.55909349]
94
[0.55909349]
95
[0.55909349]
96
[0.12142106]
97
[0.55909349]
98
[0.55909349]
99
[0.55909349]
100
[0.48160037]
101
[0.20109709]
102
[0.55909349]
103
[0.55909349]
104
[0.2283834]
105
[0.51652684]
106
[0.41938758]
107
[0.55909349]
108
[0.01118436]
109
[0.55909349]
110
[0.55909349]
111
[0.00081556]
112
[0.55909349]
113
[0.00081556]
114
[0.55909349]
115
[0.49906361]
116
[0.55909349]
117
[0.05102238]
118
[0.55909349]
119
[0.05702536]
120
[0.33097993]
121
[0.4177504]
122
[0.55909349]
123
[0.55909349]
124
[0.22674622]
125
[0.21419452]
126
[0.55909349]
127
[0.22947485]
128
[0.10504927]
129
[0.26822141]
130
[0.55909349]
131
[0.52362129]
132
[0.55909349]
133
[0.5530905]
134
[0.26822141]
135
[0.39537562]
136
[0.55909349]
137
[0.55909349]
138
[0.55909349]
139
[0.34844317]
140
[0.54108452]
141
[0.55909349]
142
[0.55909349]
143
[0.14325011]
144
[0.39046409]
145
[0.55909349]
146
[0.01718735]
147
[0.55909349]
148
[0.37900384]
149
[0.55909349]
150
[0.00081556]
151
[0.33316283]
152
[0.05265955]
153
[0.55909349]
154
[0.25566971]
155
[0.55909349]
156
[0.55909349]
157
[0.11214371]
158
[0.55909349]
159
[0.01718735]
160
[0.36918076]
161
[0.41829612]
162
[0.47941746]
163
[0.55909349]
164
[0.55909349]
165
[0.28404747]
166
[0.24748382]
167
[0.55909349]
168
[0.55909349]
169
[0.5072495]
170
[0.32715984]
171
[0.55909349]
172
[0.29005046]
173
[0.16071335]
174
[0.55909349]
175
[0.55909349]
176
[0.55909349]
177
[0.55909349]
178
[0.55909349]
179
[0.55909349]
180
[0.55909349]
181
[0.21146589]
182
[0.11432662]
183
[0.55909349]
184
[0.55909349]
185
[0.17381078]
186
[0.36536068]
187
[0.55909349]
188
[0.55909349]
189
[0.55909349]
190
[0.21364879]
191
[0.50506659]
192
[0.51816402]
193
[0.0619369]
194
[0.55909349]
195
[0.5530905]
196
[0.00081556]
197
[0.55909349]
198
[0.55909349]
199
[0.55909349]
200
[0.27149577]
201
[0.16016762]
202
[0.55909349]
203
[0.16671633]
204
[0.55909349]
205
[0.55909349]
206
[0.55909349]
207
[0.04392793]
208
[0.49033199]
209
[0.55909349]
210
[0.15798472]
211
[0.35553761]
212
[0.0264647]
213
[0.55909349]
214
[0.03410486]
215
[0.386644]
216
[0.55909349]
217
[0.47232302]
218
[0.55909349]
219
[0.55909349]
220
[0.55909349]
221
[0.12305824]
222
[0.03192196]
223
[0.04447366]
224
[0.55909349]
225
[0.55909349]
226
[0.48487472]
227
[0.12796977]
228
[0.55909349]
229
[0.32115686]
230
[0.55909349]
231
[0.43139355]
232
[0.51434394]
233
[0.55909349]
234
[0.06739416]
235
[0.55909349]
236
[0.18308812]
237
[0.55909349]
238
[0.44667389]
239
[0.55909349]
240
[0.14325011]
241
[0.55909349]
242
[0.55909349]
243
[0.44176235]
244
[0.55909349]
245
[0.55909349]
246
[0.55909349]
247
[0.55909349]
248
[0.04611084]
249
[0.55909349]
250
[0.36317778]
251
[0.30696797]
252
[0.55909349]
253
[0.55909349]
254
[0.46904866]
255
[0.40028716]
256
[0.55909349]
257
[0.07558006]
258
[0.55909349]
259
[0.55909349]
260
[0.55909349]
261
[0.28786756]
262
[0.55909349]
263
[0.20491717]
264
[0.35717479]
265
[0.38173247]
266
[0.52689564]
267
[0.09304329]
268
[0.35881197]
269
[0.00081556]
270
[0.55909349]
271
[0.55909349]
272
[0.1306984]
273
[0.55909349]
274
[0.55909349]
275
[0.55909349]
276
[0.55909349]
277
[0.41611322]
278
[0.55909349]
279
[0.55909349]
280
[0.48105464]
281
[0.55909349]
282
[0.55909349]
283
[0.47996319]
284
[0.55909349]
285
[0.55909349]
286
[0.27531585]
287
[0.55909349]
288
[0.55363623]
289
[0.07175997]
290
[0.37791238]
291
[0.04883947]
292
[0.47941746]
293
[0.40629015]
294
[0.41720467]
295
[0.55909349]
296
[0.0974091]
297
[0.55909349]
298
[0.55909349]
299
[0.55909349]
300
[0.55909349]
301
[0.5530905]
302
[0.01500444]
303
[0.55909349]
304
[0.55909349]
305
[0.55909349]
306
[0.5176183]
307
[0.55909349]
308
[0.55909349]
309
[0.30587652]
310
[0.16016762]
311
[0.37845811]
312
[0.55909349]
313
[0.41665895]
314
[0.55581913]
315
[0.08649458]
316
[0.55909349]
317
[0.23111203]
318
[0.17108214]
319
[0.55909349]
320
[0.55036187]
321
[0.48596618]
322
[0.55909349]
323
[0.08103732]
324
[0.55909349]
325
[0.31842823]
326
[0.13506421]
327
[0.55909349]
328
[0.32715984]
329
[0.29605345]
330
[0.55909349]
331
[0.17926804]
332
[0.48978626]
333
[0.00736428]
334
[0.15580181]
335
[0.55909349]
336
[0.55909349]
337
[0.54599606]
338
[0.18690821]
339
[0.54217598]
340
[0.00299847]
341
[0.55909349]
342
[0.55909349]
343
[0.55909349]
344
[0.55909349]
345
[0.059754]
346
[0.23329493]
347
[0.55199905]
348
[0.38282392]
349
[0.55909349]
350
[0.55909349]
351
[0.11050653]
352
[0.55909349]
353
[0.55909349]
354
[0.11432662]
355
[0.29659918]
356
[0.55909349]
357
[0.55909349]
358
[0.32170258]
359
[0.21910605]
360
[0.55909349]
361
[0.55909349]
362
[0.47286875]
363
[0.22947485]
364
[0.03028478]
365
[0.00081556]
366
[0.55909349]
367
[0.16671633]
368
[0.55909349]
369
[0.06521126]
370
[0.4073816]
371
[0.35444616]
372
[0.21146589]
373
[0.55909349]
374
[0.55909349]
375
[0.55909349]
376
[0.06357408]
377
[0.33916582]
378
[0.51106958]
379
[0.40792733]
380
[0.00900146]
381
[0.15962189]
382
[0.55909349]
383
[0.16999069]
384
[0.55909349]
385
[0.55909349]
386
[0.37791238]
387
[0.4428538]
388
[0.55909349]
389
[0.55909349]
390
[0.55909349]
391
[0.55909349]
392
[0.55909349]
393
[0.55909349]
394
[0.55909349]
395
[0.18363385]
396
[0.55909349]
397
[0.08976894]
398
[0.40574442]
399
[0.36863504]
400
[0.17544795]
401
[0.55909349]
402
[0.08431168]
403
[0.00081556]
404
[0.32333976]
405
[0.55909349]
406
[0.24857527]
407
[0.55909349]
408
[0.13560994]
409
[0.55909349]
410
[0.55909349]
411
[0.55909349]
412
[0.55909349]
413
[0.54435888]
414
[0.55909349]
415
[0.55909349]
416
[0.55909349]
417
[0.55909349]
418
[0.55909349]
419
[0.32661412]
420
[0.50452087]
421
[0.1950941]
422
[0.55909349]
423
[0.16016762]
424
[0.55909349]
425
[0.54108452]
426
[0.55909349]
427
[0.55909349]
428
[0.07558006]
429
[0.55909349]
430
[0.37518375]
431
[0.55909349]
432
[0.55909349]
433
[0.55909349]
434
[0.55909349]
435
[0.50124651]
436
[0.43521364]
437
[0.26058125]
438
[0.22128896]
439
[0.55909349]
440
[0.55909349]
441
[0.14979882]
442
[0.55909349]
443
[0.55909349]
444
[0.51161531]
445
[0.55909349]
446
[0.45922559]
447
[0.45758841]
448
[0.25566971]
449
[0.14325011]
450
[0.55909349]
451
[0.55909349]
452
[0.55909349]
453
[0.3615406]
454
[0.55691058]
455
[0.55254478]
456
[0.55909349]
457
[0.35608333]
458
[0.15361891]
459
[0.55909349]
460
[0.55909349]
461
[0.05320528]
462
[0.18308812]
463
[0.55909349]
464
[0.55909349]
465
[0.55909349]
466
[0.16016762]
467
[0.0952262]
468
[0.48924053]
469
[0.55909349]
470
[0.18417957]
471
[0.05320528]
472
[0.53180718]
473
[0.1618048]
474
[0.02482752]
475
[0.55909349]
476
[0.55909349]
477
[0.35444616]
478
[0.27586158]
479
[0.24420946]
480
[0.32497694]
481
[0.55909349]
482
[0.50452087]
483
[0.34898889]
484
[0.55909349]
485
[0.55909349]
486
[0.5405388]
487
[0.35990342]
488
[0.55909349]
489
[0.55909349]
490
[0.29223337]
491
[0.28732183]
492
[0.53999307]
493
[0.55909349]
494
[0.55909349]
495
[0.37954956]
496
[0.55636486]
497
[0.55909349]
498
[0.41611322]
499
[0.55909349]
500
[0.06029972]
501
[0.55909349]
502
[0.55909349]
503
[0.24584664]
504
[0.00081556]
505
[0.47177729]
506
[0.16726206]
507
[0.55909349]
508
[0.55909349]
509
[0.55909349]
510
[0.55909349]
511
[0.48978626]
512
[0.55909349]
513
[0.55909349]
514
[0.2305663]
515
[0.55909349]
516
[0.42539056]
517
[0.55909349]
518
[0.47177729]
519
[0.15580181]
520
[0.28350175]
521
[0.55909349]
522
[0.11159799]
523
[0.00081556]
524
[0.43193928]
525
[0.55909349]
526
[0.55909349]
527
[0.3200654]
528
[0.55909349]
529
[0.49742643]
530
[0.55909349]
531
[0.55909349]
532
[0.55909349]
533
[0.25512398]
534
[0.15034455]
535
[0.16780779]
536
[0.41611322]
537
[0.51488967]
538
[0.14816164]
539
[0.55909349]
540
[0.55909349]
541
[0.26221842]
542
[0.48596618]
543
[0.55909349]
544
[0.55909349]
545
[0.12360396]
546
[0.2616727]
547
[0.55909349]
548
[0.55909349]
549
[0.55909349]
550
[0.44012517]
551
[0.39319272]
552
[0.2742244]
553
[0.21474024]
554
[0.55909349]
555
[0.23984365]
556
[0.55909349]
557
[0.25021245]
558
[0.55909349]
559
[0.54708751]
560
[0.55909349]
561
[0.55909349]
562
[0.16125907]
563
[0.13724712]
564
[0.105595]
565
[0.06684844]
566
[0.49578925]
567
[0.13724712]
568
[0.55909349]
569
[0.00081556]
570
[0.34953462]
571
[0.45977132]
572
[0.19782273]
573
[0.32497694]
574
[0.20982871]
575
[0.24530091]
576
[0.55909349]
577
[0.41065596]
578
[0.37300085]
579
[0.55909349]
580
[0.55909349]
581
[0.55909349]
582
[0.08540313]
583
[0.54326743]
584
[0.55909349]
585
[0.55909349]
586
[0.55909349]
587
[0.11214371]
588
[0.05429673]
589
[0.31679105]
590
[0.55909349]
591
[0.44449098]
592
[0.55909349]
593
[0.42702774]
594
[0.55909349]
595
[0.48978626]
596
[0.55909349]
597
[0.29168764]
598
[0.55909349]
599
[0.25239535]
600
[0.00081556]
601
[0.55909349]
602
[0.55909349]
603
[0.55909349]
604
[0.55909349]
605
[0.55909349]
606
[0.09795483]
607
[0.55909349]
608
[0.00081556]
609
[0.16562488]
610
[0.40192434]
611
[0.36044914]
612
[0.09140612]
613
[0.39755853]
614
[0.55909349]
615
[0.35717479]
616
[0.55909349]
617
[0.18035949]
618
[0.11650952]
619
[0.55909349]
620
[0.55909349]
621
[0.41011023]
622
[0.10996081]
623
[0.55909349]
624
[0.55909349]
625
[0.15089027]
626
[0.55909349]
627
[0.32715984]
628
[0.55909349]
629
[0.55909349]
630
[0.2409351]
631
[0.55909349]
632
[0.00190702]
633
[0.16562488]
634
[0.21364879]
635
[0.55909349]
636
[0.51488967]
637
[0.44121663]
638
[0.19563982]
639
[0.55909349]
640
[0.0848574]
641
[0.22892912]
642
[0.55909349]
643
[0.4281192]
644
[0.55909349]
645
[0.55909349]
646
[0.55909349]
647
[0.15580181]
648
[0.29605345]
649
[0.37572948]
650
[0.46686576]
651
[0.43630509]
652
[0.55909349]
653
[0.1492531]
654
[0.55909349]
655
[0.55909349]
656
[0.04883947]
657
[0.00081556]
658
[0.27095004]
659
[0.35280898]
660
[0.55909349]
661
[0.04720229]
662
[0.55909349]
663
[0.46959439]
664
[0.09304329]
665
[0.35881197]
666
[0.3762752]
667
[0.23602357]
668
[0.26330988]
669
[0.39373844]
670
[0.55909349]
671
[0.4303021]
672
[0.55909349]
673
[0.00081556]
674
[0.02319034]
675
[0.02537324]
676
[0.55909349]
677
[0.20437144]
678
[0.5509076]
679
[0.55909349]
680
[0.31242524]
681
[0.2054629]
682
[0.55909349]
683
[0.46249995]
684
[0.12742405]
685
[0.0641198]
686
[0.55909349]
687
[0.55909349]
688
[0.55909349]
689
[0.50397514]
690
[0.10450355]
691
[0.18363385]
692
[0.44121663]
693
[0.55909349]
694
[0.55909349]
695
[0.23984365]
696
[0.55909349]
697
[0.39974143]
698
[0.55909349]
699
[0.40847305]
700
[0.55909349]
701
[0.00081556]
702
[0.55909349]
703
[0.36754359]
704
[0.45704269]
705
[0.17599368]
706
[0.55909349]
707
[0.19945991]
708
[0.55036187]
709
[0.55909349]
710
[0.55909349]
711
[0.46249995]
712
[0.55909349]
713
[0.49033199]
714
[0.55909349]
715
[0.55909349]
716
[0.55909349]
717
[0.55909349]
718
[0.55909349]
719
[0.09686338]
720
[0.10504927]
721
[0.55909349]
722
[0.24475518]
723
[0.3386201]
724
[0.14707019]
725
[0.55909349]
726
[0.55909349]
727
[0.11050653]
728
[0.4968807]
729
[0.38227819]
730
[0.55909349]
731
[0.45595123]
732
[0.55909349]
733
[0.55145332]
734
[0.55909349]
735
[0.37245512]
736
[0.55909349]
737
[0.39319272]
738
[0.1825424]
739
[0.55909349]
740
[0.2409351]
741
[0.55363623]
742
[0.55909349]
743
[0.16889924]
744
[0.00081556]
745
[0.55909349]
746
[0.55909349]
747
[0.09358902]
748
[0.55909349]
749
[0.23820647]
750
[0.23711502]
751
[0.55909349]
752
[0.55909349]
753
[0.55909349]
754
[0.105595]
755
[0.55909349]
756
[0.44994824]
757
[0.30041926]
758
[0.55909349]
759
[0.55909349]
760
[0.30642225]
761
[0.13178986]
762
[0.55909349]
763
[0.55909349]
764
[0.26712996]
765
[0.55909349]
766
[0.07121425]
767
[0.55909349]
768
[0.55909349]
769
[0.16780779]
770
[0.25403253]
771
[0.55909349]
772
[0.31133378]
773
[0.55909349]
774
[0.55909349]
775
[0.20000563]
776
[0.55909349]
777
[0.00081556]
778
[0.07012279]
779
[0.12305824]
780
[0.34898889]
781
[0.00081556]
782
[0.55909349]
783
[0.21364879]
784
[0.25184963]
785
[0.33370856]
786
[0.55909349]
787
[0.33589146]
788
[0.40629015]
789
[0.27586158]
790
[0.55909349]
791
[0.34626026]
792
[0.06684844]
793
[0.55909349]
794
[0.55909349]
795
[0.34789744]
796
[0.17872231]
797
[0.39264699]
798
[0.43139355]
799
[0.55909349]
800
[0.55909349]
801
[0.55909349]
802
[0.1618048]
803
[0.55909349]
804
[0.55909349]
805
[0.04174503]
806
[0.35280898]
807
[0.2867761]
808
[0.55909349]
809
[0.55909349]
810
[0.14597874]
811
[0.43412218]
812
[0.55909349]
813
[0.00081556]
814
[0.36645213]
815
[0.31897395]
816
[0.39755853]
817
[0.55909349]
818
[0.42266193]
819
[0.55909349]
820
[0.55036187]
821
[0.40465297]
822
[0.23766074]
823
[0.55909349]
824
[0.55909349]
825
[0.16235053]
826
[0.09795483]
827
[0.10886936]
828
[0.55909349]
829
[0.3762752]
830
[0.55909349]
831
[0.55909349]
832
[0.21856033]
833
[0.00190702]
834
[0.1410672]
835
[0.55909349]
836
[0.01227581]
837
[0.55909349]
838
[0.16780779]
839
[0.55909349]
840
[0.4532226]
841
[0.52962427]
842
[0.27804448]
843
[0.46632003]
844
[0.04338221]
845
[0.55909349]
846
[0.55909349]
847
[0.55909349]
848
[0.47123157]
849
[0.55909349]
850
[0.00081556]
851
[0.55909349]
852
[0.55909349]
853
[0.31897395]
854
[0.55909349]
855
[0.00081556]
856
[0.55909349]
857
[0.25730689]
858
[0.55909349]
859
[0.21746887]
860
[0.17108214]
861
[0.55909349]
862
[0.46249995]
863
[0.151436]
864
[0.55909349]
865
[0.55909349]
866
[0.52252983]
867
[0.55909349]
868
[0.43739654]
869
[0.55909349]
870
[0.55909349]
871
[0.55909349]
872
[0.21528597]
873
[0.00081556]
874
[0.55909349]
875
[0.38828118]
876
[0.55909349]
877
[0.55909349]
878
[0.52252983]
879
[0.33971155]
880
[0.55909349]
881
[0.55909349]
882
[0.55909349]
883
[0.55909349]
884
[0.55909349]
885
[0.4946978]
886
[0.49415207]
887
[0.55909349]
888
[0.35717479]
889
[0.55909349]
890
[0.48814908]
891
[0.05920827]
892
[0.41338459]
893
[0.25785261]
894
[0.49742643]
895
[0.55909349]
896
[0.14161293]
897
[0.44721961]
898
[0.55363623]
899
[0.55909349]
900
[0.55909349]
901
[0.54981614]
902
[0.55909349]
903
[0.32061113]
904
[0.55909349]
905
[0.55909349]
906
[0.54654179]
907
[0.14434156]
908
[0.3719094]
909
[0.28786756]
910
[0.55909349]
911
[0.55909349]
912
[0.55909349]
913
[0.27477013]
914
[0.40629015]
915
[0.54545033]
916
[0.35662906]
917
[0.4614085]
918
[0.55909349]
919
[0.00190702]
920
[0.31133378]
921
[0.00081556]
922
[0.46904866]
923
[0.55909349]
924
[0.0744886]
925
[0.22674622]
926
[0.55909349]
927
[0.55909349]
928
[0.39373844]
929
[0.55909349]
930
[0.2387522]
931
[0.55909349]
932
[0.53344436]
933
[0.42702774]
934
[0.55909349]
935
[0.00190702]
936
[0.14597874]
937
[0.26440133]
938
[0.55909349]
939
[0.55909349]
940
[0.55909349]
941
[0.55909349]
942
[0.05102238]
943
[0.0826745]
944
[0.55909349]
945
[0.31624532]
946
[0.55363623]
947
[0.4946978]
948
[0.55909349]
949
[0.0515681]
950
[0.55909349]
951
[0.12032961]
952
[0.55909349]
953
[0.36863504]
954
[0.47177729]
955
[0.55909349]
956
[0.34298591]
957
[0.03028478]
958
[0.55909349]
959
[0.49797215]
960
[0.55909349]
961
[0.5198012]
962
[0.55909349]
963
[0.5530905]
964
[0.10068346]
965
[0.55909349]
966
[0.15252745]
967
[0.55909349]
968
[0.55909349]
969
[0.55909349]
970
[0.55909349]
971
[0.19236547]
972
[0.52416701]
973
[0.55909349]
974
[0.55909349]
975
[0.3075137]
976
[0.55909349]
977
[0.55909349]
978
[0.55909349]
979
[0.34844317]
980
[0.55909349]
981
[0.55909349]
982
[0.55909349]
983
[0.06848561]
984
[0.26549278]
985
[0.55909349]
986
[0.26276415]
987
[0.04611084]
988
[0.55909349]
989
[0.55909349]
990
[0.55909349]
991
[0.32115686]
992
[0.53180718]
993
[0.00081556]
994
[0.55363623]
995
[0.55909349]
996
[0.06739416]
997
[0.34244018]
998
[0.14870737]
999
[0.34953462]
1000
[0.00081556]
1001
[0.55909349]
1002
[0.46741148]
1003
[0.42975637]
1004
[0.55909349]
1005
[0.55909349]
1006
[0.25184963]
1007
[0.24639236]
1008
[0.03956212]
1009
[0.24584664]
1010
[0.02264461]
1011
[0.00081556]
1012
[0.53562726]
1013
[0.15689326]
1014
[0.0641198]
1015
[0.55909349]
1016
[0.12796977]
1017
[0.05811682]
1018
[0.55909349]
1019
[0.55909349]
1020
[0.55909349]
1021
[0.54599606]
1022
[0.02919333]
1023
[0.55909349]
1024
[0.40410724]
1025
[0.38609828]
1026
[0.1306984]
1027
[0.08704031]
1028
[0.50888668]
1029
[0.55909349]
1030
[0.51707257]
1031
[0.55909349]
1032
[0.55909349]
1033
[0.47887173]
1034
[0.35881197]
1035
[0.22892912]
1036
[0.29114191]
1037
[0.5509076]
1038
[0.55909349]
1039
[0.43193928]
1040
[0.01227581]
1041
[0.16344198]
1042
[0.07940014]
1043
[0.31679105]
1044
[0.55909349]
1045
[0.55909349]
1046
[0.55909349]
1047
[0.44667389]
1048
[0.08649458]
1049
[0.30860515]
1050
[0.48869481]
1051
[0.47941746]
1052
[0.23165776]
1053
[0.55909349]
1054
[0.40792733]
1055
[0.55909349]
1056
[0.24857527]
1057
[0.55909349]
1058
[0.08922321]
1059
[0.55909349]
1060
[0.00081556]
1061
[0.22347186]
1062
[0.55909349]
1063
[0.340803]
1064
[0.55909349]
1065
[0.55909349]
1066
[0.55909349]
1067
[0.38718973]
1068
[0.55909349]
1069
[0.44449098]
1070
[0.11978388]
1071
[0.55909349]
1072
[0.55909349]
1073
[0.10832363]
1074
[0.55909349]
1075
[0.49633497]
1076
[0.55909349]
1077
[0.23274921]
1078
[0.19236547]
1079
[0.55909349]
1080
[0.55909349]
1081
[0.12414969]
1082
[0.34626026]
1083
[0.55909349]
1084
[0.45758841]
1085
[0.30642225]
1086
[0.31951968]
1087
[0.55909349]
1088
[0.4510397]
1089
[0.55909349]
1090
[0.28186457]
1091
[0.55909349]
1092
[0.26003552]
1093
[0.55909349]
1094
[0.00081556]
1095
[0.11105226]
1096
[0.24366373]
1097
[0.55909349]
1098
[0.29769063]
1099
[0.46195422]
1100
[0.08158304]
1101
[0.55909349]
1102
[0.06248263]
1103
[0.11487234]
1104
[0.55909349]
1105
[0.2201975]
1106
[0.01500444]
1107
[0.55909349]
1108
[0.12469542]
1109
[0.01227581]
1110
[0.55909349]
1111
[0.3615406]
1112
[0.55909349]
1113
[0.55909349]
1114
[0.18527103]
1115
[0.03574204]
1116
[0.151436]
1117
[0.48705763]
1118
[0.32934275]
1119
[0.55909349]
1120
[0.43466791]
1121
[0.51216103]
1122
[0.38009529]
1123
[0.55909349]
1124
[0.55909349]
1125
[0.55909349]
1126
[0.55909349]
1127
[0.39319272]
1128
[0.08431168]
1129
[0.55909349]
1130
[0.34571454]
1131
[0.55909349]
1132
[0.55909349]
1133
[0.55909349]
1134
[0.55909349]
1135
[0.00081556]
1136
[0.55909349]
1137
[0.07612578]
1138
[0.55909349]
1139
[0.55909349]
1140
[0.0182788]
1141
[0.10341209]
1142
[0.55909349]
1143
[0.55909349]
1144
[0.55909349]
1145
[0.55909349]
1146
[0.55909349]
1147
[0.53562726]
1148
[0.00081556]
1149
[0.55909349]
1150
[0.35662906]
1151
[0.08649458]
1152
[0.50070078]
1153
[0.35008035]
1154
[0.55909349]
1155
[0.00081556]
1156
[0.13124413]
1157
[0.52744137]
1158
[0.55909349]
1159
[0.04174503]
1160
[0.55909349]
1161
[0.55909349]
1162
[0.24420946]
1163
[0.50179224]
1164
[0.55909349]
1165
[0.55909349]
1166
[0.19236547]
1167
[0.55909349]
1168
[0.32061113]
1169
[0.55909349]
1170
[0.46031704]
1171
[0.55909349]
1172
[0.55909349]
1173
[0.55909349]
1174
[0.55909349]
1175
[0.29059619]
1176
[0.55909349]
1177
[0.11541807]
1178
[0.22674622]
1179
[0.55909349]
1180
[0.55909349]
1181
[0.01718735]
1182
[0.24311801]
1183
[0.35008035]
1184
[0.55909349]
1185
[0.00081556]
1186
[0.55909349]
1187
[0.30642225]
1188
[0.55909349]
1189
[0.55909349]
1190
[0.03574204]
1191
[0.52580419]
1192
[0.20491717]
1193
[0.55909349]
1194
[0.55909349]
1195
[0.23929792]
1196
[0.55909349]
1197
[0.14979882]
1198
[0.45758841]
1199
[0.09140612]
1200
[0.29114191]
1201
[0.34353163]
1202
[0.55909349]
1203
[0.29441627]
1204
[0.51598112]
1205
[0.55909349]
1206
[0.55909349]
1207
[0.27149577]
1208
[0.04556511]
1209
[0.19181974]
1210
[0.52307556]
1211
[0.55909349]
1212
[0.55909349]
1213
[0.55909349]
1214
[0.02591897]
1215
[0.51707257]
1216
[0.28950474]
1217
[0.340803]
1218
[0.55909349]
1219
[0.17053642]
1220
[0.0723057]
1221
[0.30041926]
1222
[0.55909349]
1223
[0.26985859]
1224
[0.55909349]
1225
[0.55909349]
1226
[0.43193928]
1227
[0.55909349]
1228
[0.31842823]
1229
[0.55909349]
1230
[0.50997813]
1231
[0.03574204]
1232
[0.33916582]
1233
[0.55418195]
1234
[0.55909349]
1235
[0.55909349]
1236
[0.46959439]
1237
[0.18090522]
1238
[0.25075817]
1239
[0.04229076]
1240
[0.55909349]
1241
[0.42866492]
1242
[0.55909349]
1243
[0.50452087]
1244
[0.38227819]
1245
[0.31569959]
1246
[0.03028478]
1247
[0.55909349]
1248
[0.05375101]
1249
[0.00081556]
1250
[0.20491717]
1251
[0.11050653]
1252
[0.55909349]
1253
[0.11923815]
1254
[0.32061113]
1255
[0.00081556]
1256
[0.55909349]
1257
[0.31133378]
1258
[0.55909349]
1259
[0.55909349]
1260
[0.55909349]
1261
[0.24748382]
1262
[0.49087771]
1263
[0.55909349]
1264
[0.55909349]
1265
[0.55909349]
1266
[0.52634992]
1267
[0.55909349]
1268
[0.36645213]
1269
[0.17108214]
1270
[0.55909349]
1271
[0.00081556]
1272
[0.55909349]
1273
[0.00081556]
1274
[0.55909349]
1275
[0.55909349]
1276
[0.07612578]
1277
[0.55909349]
1278
[0.55909349]
1279
[0.51434394]
1280
[0.55909349]
1281
[0.55909349]
1282
[0.1743565]
1283
[0.55909349]
1284
[0.31733677]
1285
[0.55909349]
1286
[0.09304329]
1287
[0.55909349]
1288
[0.55909349]
1289
[0.42375339]
1290
[0.55418195]
1291
[0.00299847]
1292
[0.21965178]
1293
[0.55909349]
1294
[0.05047665]
1295
[0.11760097]
1296
[0.55418195]
1297
[0.55909349]
1298
[0.55909349]
1299
[0.55909349]
1300
[0.55909349]
1301
[0.33261711]
1302
[0.55909349]
1303
[0.55909349]
1304
[0.11978388]
1305
[0.04883947]
1306
[0.42975637]
1307
[0.30205644]
1308
[0.00081556]
1309
[0.51216103]
1310
[0.36699786]
1311
[0.55909349]
1312
[0.32061113]
1313
[0.55909349]
1314
[0.55581913]
1315
[0.28077312]
1316
[0.46304567]
1317
[0.35390043]
1318
[0.21856033]
1319
[0.06466553]
1320
[0.0390164]
1321
[0.18527103]
1322
[0.07776296]
1323
[0.12360396]
1324
[0.08322022]
1325
[0.34844317]
1326
[0.22456331]
1327
[0.00081556]
1328
[0.00299847]
1329
[0.55909349]
1330
[0.21474024]
1331
[0.0182788]
1332
[0.55909349]
1333
[0.51434394]
1334
[0.33643719]
1335
[0.55909349]
1336
[0.55909349]
1337
[0.39755853]
1338
[0.34680599]
1339
[0.47341447]
1340
[0.18090522]
1341
[0.15034455]
1342
[0.36590641]
1343
[0.55909349]
1344
[0.00081556]
1345
[0.12414969]
1346
[0.55909349]
1347
[0.31187951]
1348
[0.55636486]
1349
[0.02428179]
1350
[0.52198411]
1351
[0.0160959]
1352
[0.16453343]
1353
[0.42593629]
1354
[0.51488967]
1355
[0.1077779]
1356
[0.44012517]
1357
[0.55909349]
1358
[0.55909349]
1359
[0.34516881]
1360
[0.4946978]
1361
[0.55909349]
1362
[0.22456331]
1363
[0.11432662]
1364
[0.55909349]
1365
[0.55909349]
1366
[0.55909349]
1367
[0.48050891]
1368
[0.00136129]
1369
[0.55909349]
1370
[0.55909349]
1371
[0.55909349]
1372
[0.01664162]
1373
[0.55909349]
1374
[0.32661412]
1375
[0.55909349]
1376
[0.55909349]
1377
[0.21746887]
1378
[0.55909349]
1379
[0.03137623]
1380
[0.09795483]
1381
[0.46686576]
1382
[0.55909349]
1383
[0.55909349]
1384
[0.55909349]
1385
[0.55909349]
1386
[0.41447604]
1387
[0.38555255]
1388
[0.55909349]
1389
[0.55909349]
1390
[0.55909349]
1391
[0.55909349]
1392
[0.55909349]
1393
[0.39428417]
1394
[0.55909349]
1395
[0.55909349]
1396
[0.059754]
1397
[0.55909349]
1398
[0.55909349]
1399
[0.55909349]
1400
[0.55909349]
1401
[0.2387522]
1402
[0.38828118]
1403
[0.48214609]
1404
[0.55909349]
1405
[0.25075817]
1406
[0.55909349]
1407
[0.55909349]
1408
[0.13178986]
1409
[0.55909349]
1410
[0.4946978]
1411
[0.55909349]
1412
[0.55909349]
1413
[0.55909349]
1414
[0.1388843]
1415
[0.55909349]
1416
[0.55909349]
1417
[0.55909349]
1418
[0.55909349]
1419
[0.37136367]
1420
[0.55909349]
1421
[0.12578687]
1422
[0.55909349]
1423
[0.55909349]
1424
[0.32115686]
1425
[0.55909349]
1426
[0.55909349]
1427
[0.29441627]
1428
[0.55909349]
1429
[0.31951968]
1430
[0.31679105]
1431
[0.00190702]
1432
[0.55909349]
1433
[0.08103732]
1434
[0.01009291]
1435
[0.55909349]
1436
[0.55909349]
1437
[0.02373606]
1438
[0.55909349]
1439
[0.21419452]
1440
[0.55909349]
1441
[0.00081556]
1442
[0.18854538]
1443
[0.55909349]
1444
[0.54381316]
1445
[0.09795483]
1446
[0.00081556]
1447
[0.38282392]
1448
[0.39864998]
1449
[0.52198411]
1450
[0.55909349]
1451
[0.13015268]
1452
[0.29387055]
1453
[0.03301341]
1454
[0.55909349]
1455
[0.39974143]
1456
[0.55909349]
1457
[0.28623038]
1458
[0.10996081]
1459
[0.16344198]
1460
[0.00081556]
1461
[0.55909349]
1462
[0.55909349]
1463
[0.0641198]
1464
[0.15689326]
1465
[0.55909349]
1466
[0.55909349]
1467
[0.55909349]
1468
[0.35881197]
1469
[0.40410724]
1470
[0.25184963]
1471
[0.55909349]
1472
[0.16235053]
1473
[0.3533547]
1474
[0.55909349]
1475
[0.55909349]
1476
[0.55909349]
1477
[0.08322022]
1478
[0.55909349]
1479
[0.55909349]
1480
[0.45158542]
1481
[0.55909349]
1482
[0.43412218]
1483
[0.03683349]
1484
[0.32170258]
1485
[0.55909349]
1486
[0.55909349]
1487
[0.07503433]
1488
[0.54108452]
1489
[0.55909349]
1490
[0.55909349]
1491
[0.55527341]
1492
[0.20055136]
1493
[0.55909349]
1494
[0.27149577]
1495
[0.55909349]
1496
[0.55909349]
1497
[0.55909349]
1498
[0.55909349]
1499
[0.37682093]
1500
[0.03028478]
1501
[0.55909349]
1502
[0.00081556]
1503
[0.0182788]
1504
[0.00081556]
1505
[0.55581913]
1506
[0.55909349]
1507
[0.0493852]
1508
[0.29223337]
1509
[0.3511718]
1510
[0.55909349]
1511
[0.55909349]
1512
[0.40301579]
1513
[0.55909349]
1514
[0.55909349]
1515
[0.55909349]
1516
[0.55909349]
1517
[0.52471274]
1518
[0.44394526]
1519
[0.55909349]
1520
[0.55909349]
1521
[0.39428417]
1522
[0.05484246]
1523
[0.1618048]
1524
[0.55909349]
1525
[0.55909349]
1526
[0.00081556]
1527
[0.05647964]
1528
[0.55909349]
1529
[0.21692315]
1530
[0.55909349]
1531
[0.18308812]
1532
[0.38555255]
1533
[0.31460814]
1534
[0.22565477]
1535
[0.55909349]
1536
[0.28022739]
1537
[0.55909349]
1538
[0.13233558]
1539
[0.55909349]
1540
[0.12524114]
1541
[0.27968166]
1542
[0.55909349]
1543
[0.02155316]
1544
[0.55909349]
1545
[0.11978388]
1546
[0.50561232]
1547
[0.55909349]
1548
[0.08376595]
1549
[0.37136367]
1550
[0.49851788]
1551
[0.55909349]
1552
[0.33534574]
1553
[0.22238041]
1554
[0.55909349]
1555
[0.00081556]
1556
[0.55909349]
1557
[0.12032961]
1558
[0.21037443]
1559
[0.55909349]
1560
[0.55909349]
1561
[0.48869481]
1562
[0.01227581]
1563
[0.20000563]
1564
[0.18417957]
1565
[0.55909349]
1566
[0.44940252]
1567
[0.55909349]
1568
[0.55909349]
1569
[0.36099487]
1570
[0.55909349]
1571
[0.55909349]
1572
[0.55909349]
1573
[0.42593629]
1574
[0.43084783]
1575
[0.31569959]
1576
[0.25730689]
1577
[0.48323754]
1578
[0.39264699]
1579
[0.21201161]
1580
[0.04338221]
1581
[0.55909349]
1582
[0.52634992]
1583
[0.32115686]
1584
[0.55909349]
1585
[0.47341447]
1586
[0.55909349]
1587
[0.13997575]
1588
[0.11923815]
1589
[0.20164281]
1590
[0.55909349]
1591
[0.55909349]
1592
[0.29223337]
1593
[0.55909349]
1594
[0.55909349]
1595
[0.39537562]
1596
[0.55909349]
1597
[0.55909349]
1598
[0.55909349]
1599
[0.20491717]
1600
[0.55909349]
1601
[0.55909349]
1602
[0.51161531]
1603
[0.4635914]
1604
[0.55909349]
1605
[0.44885679]
1606
[0.55909349]
1607
[0.00081556]
1608
[0.55909349]
1609
[0.55909349]
1610
[0.55909349]
1611
[0.55909349]
1612
[0.43248501]
1613
[0.55909349]
1614
[0.48050891]
1615
[0.08758603]
1616
[0.00900146]
1617
[0.34844317]
1618
[0.55909349]
1619
[0.44012517]
1620
[0.08976894]
1621
[0.00081556]
1622
[0.52252983]
1623
[0.22620049]
1624
[0.55909349]
1625
[0.26985859]
1626
[0.42211621]
1627
[0.12742405]
1628
[0.36863504]
1629
[0.53999307]
1630
[0.52198411]
1631
[0.07121425]
1632
[0.55909349]
1633
[0.55909349]
1634
[0.1388843]
1635
[0.07776296]
1636
[0.14325011]
1637
[0.37300085]
1638
[0.2305663]
1639
[0.20327999]
1640
[0.55909349]
1641
[0.09413475]
1642
[0.18799966]
1643
[0.55909349]
1644
[0.09086039]
1645
[0.18909111]
1646
[0.55909349]
1647
[0.55909349]
1648
[0.42266193]
1649
[0.55909349]
1650
[0.30260216]
1651
[0.55909349]
1652
[0.18145094]
1653
[0.46304567]
1654
[0.21310306]
1655
[0.55909349]
1656
[0.16235053]
1657
[0.55909349]
1658
[0.55909349]
1659
[0.55909349]
1660
[0.55909349]
1661
[0.28077312]
1662
[0.03574204]
1663
[0.55909349]
1664
[0.55472768]
1665
[0.01282154]
1666
[0.55909349]
1667
[0.30151071]
1668
[0.55909349]
1669
[0.55909349]
1670
[0.55909349]
1671
[0.55909349]
1672
[0.31078806]
1673
[0.26494706]
1674
[0.55909349]
1675
[0.52798709]
1676
[0.00408992]
1677
[0.32661412]
1678
[0.00081556]
1679
[0.27367867]
1680
[0.43903372]
1681
[0.32552267]
1682
[0.50779522]
1683
[0.00081556]
1684
[0.55909349]
1685
[0.19072829]
1686
[0.03628777]
1687
[0.55145332]
1688
[0.55909349]
1689
[0.30587652]
1690
[0.55909349]
1691
[0.15525608]
1692
[0.15307318]
1693
[0.55909349]
1694
[0.41065596]
1695
[0.54708751]
1696
[0.55909349]
1697
[0.44776534]
1698
[0.55909349]
1699
[0.16999069]
1700
[0.45376833]
1701
[0.14270438]
1702
[0.21146589]
1703
[0.55909349]
1704
[0.55909349]
1705
[0.36972649]
1706
[0.00081556]
1707
[0.41611322]
1708
[0.24311801]
1709
[0.55909349]
1710
[0.55909349]
1711
[0.55909349]
1712
[0.55909349]
1713
[0.06466553]
1714
[0.484329]
1715
[0.55909349]
1716
[0.51106958]
1717
[0.13342704]
1718
[0.55909349]
1719
[0.55909349]
1720
[0.55909349]
1721
[0.55909349]
1722
[0.55909349]
1723
[0.41884185]
1724
[0.33097993]
1725
[0.55909349]
1726
[0.03956212]
1727
[0.55909349]
1728
[0.14870737]
1729
[0.3075137]
1730
[0.55909349]
1731
[0.09631765]
1732
[0.35390043]
1733
[0.55909349]
1734
[0.31460814]
1735
[0.55909349]
1736
[0.27367867]
1737
[0.55909349]
1738
[0.35390043]
1739
[0.08867748]
1740
[0.24748382]
1741
[0.55909349]
1742
[0.27367867]
1743
[0.32224831]
1744
[0.55909349]
1745
[0.55909349]
1746
[0.55909349]
1747
[0.12578687]
1748
[0.25239535]
1749
[0.55909349]
1750
[0.3304342]
1751
[0.55909349]
1752
[0.35990342]
1753
[0.55909349]
1754
[0.55909349]
1755
[0.25403253]
1756
[0.55145332]
1757
[0.55909349]
1758
[0.23929792]
1759
[0.27640731]
1760
[0.41393031]
1761
[0.35171752]
1762
[0.55909349]
1763
[0.55909349]
1764
[0.55909349]
1765
[0.55909349]
1766
[0.37900384]
1767
[0.55909349]
1768
[0.14215865]
1769
[0.55909349]
1770
[0.29987353]
1771
[0.46413713]
1772
[0.00354419]
1773
[0.14325011]
1774
[0.55909349]
1775
[0.55909349]
1776
[0.00081556]
1777
[0.55909349]
1778
[0.55909349]
1779
[0.55909349]
1780
[0.55909349]
1781
[0.42593629]
1782
[0.09304329]
1783
[0.40519869]
1784
[0.36536068]
1785
[0.48924053]
1786
[0.22620049]
1787
[0.29659918]
1788
[0.0264647]
1789
[0.55909349]
1790
[0.26494706]
1791
[0.55909349]
1792
[0.24748382]
1793
[0.55909349]
1794
[0.19945991]
1795
[0.10122919]
1796
[0.55909349]
1797
[0.21255734]
1798
[0.16507916]
1799
[0.55909349]
1800
[0.03847067]
1801
[0.54108452]
1802
[0.00081556]
1803
[0.41829612]
1804
[0.40247006]
1805
[0.05647964]
1806
[0.06302835]
1807
[0.55199905]
1808
[0.00081556]
1809
[0.55909349]
1810
[0.35008035]
1811
[0.2387522]
1812
[0.55909349]
1813
[0.00081556]
1814
[0.55909349]
1815
[0.00081556]
1816
[0.37354657]
1817
[0.29223337]
1818
[0.03574204]
1819
[0.55909349]
1820
[0.55909349]
1821
[0.04174503]
1822
[0.55909349]
1823
[0.07830869]
1824
[0.47286875]
1825
[0.00081556]
1826
[0.39264699]
1827
[0.49415207]
1828
[0.55909349]
1829
[0.55909349]
1830
[0.33316283]
1831
[0.17708513]
1832
[0.03574204]
1833
[0.32934275]
1834
[0.05375101]
1835
[0.14870737]
1836
[0.55909349]
1837
[0.19673128]
1838
[0.34844317]
1839
[0.00081556]
1840
[0.55909349]
1841
[0.55909349]
1842
[0.07776296]
1843
[0.55909349]
1844
[0.44339953]
1845
[0.55909349]
1846
[0.14270438]
1847
[0.14761592]
1848
[0.55909349]
1849
[0.20491717]
1850
[0.39864998]
1851
[0.1306984]
1852
[0.31242524]
1853
[0.3200654]
1854
[0.55909349]
1855
[0.51052386]
1856
[0.55909349]
1857
[0.55909349]
1858
[0.55909349]
1859
[0.27367867]
1860
[0.29005046]
1861
[0.45431405]
1862
[0.28186457]
1863
[0.15962189]
1864
[0.15689326]
1865
[0.35608333]
1866
[0.34462308]
1867
[0.55909349]
1868
[0.55909349]
1869
[0.55909349]
1870
[0.08813176]
1871
[0.01009291]
1872
[0.55909349]
1873
[0.42757347]
1874
[0.55254478]
1875
[0.25457826]
1876
[0.40192434]
1877
[0.10504927]
1878
[0.55909349]
1879
[0.52525846]
1880
[0.09577193]
1881
[0.55909349]
1882
[0.40083288]
1883
[0.55909349]
1884
[0.1285155]
1885
[0.3762752]
1886
[0.44776534]
1887
[0.4532226]
1888
[0.55909349]
1889
[0.48050891]
1890
[0.26712996]
1891
[0.23384066]
1892
[0.28131884]
1893
[0.43739654]
1894
[0.24148083]
1895
[0.00081556]
1896
[0.16235053]
1897
[0.55527341]
1898
[0.27040432]
1899
[0.32279403]
1900
[0.2283834]
1901
[0.0952262]
1902
[0.14488729]
1903
[0.23002058]
1904
[0.55909349]
1905
[0.2076458]
1906
[0.55909349]
1907
[0.55909349]
1908
[0.55909349]
1909
[0.55909349]
1910
[0.0848574]
1911
[0.55909349]
1912
[0.55909349]
1913
[0.41120168]
1914
[0.41174741]
1915
[0.00354419]
1916
[0.20109709]
1917
[0.55909349]
1918
[0.08540313]
1919
[0.55909349]
1920
[0.00081556]
1921
[0.55909349]
1922
[0.2845932]
1923
[0.40901878]
1924
[0.53344436]
1925
[0.28895901]
1926
[0.19345692]
1927
[0.00900146]
1928
[0.55909349]
1929
[0.55909349]
1930
[0.09686338]
1931
[0.55909349]
1932
[0.55909349]
1933
[0.55909349]
1934
[0.36645213]
1935
[0.00681855]
1936
[0.55909349]
1937
[0.55909349]
1938
[0.55909349]
1939
[0.22292614]
1940
[0.50670377]
1941
[0.09850056]
1942
[0.55909349]
1943
[0.55909349]
1944
[0.42702774]
1945
[0.00299847]
1946
[0.04392793]
1947
[0.55909349]
1948
[0.55909349]
1949
[0.54981614]
1950
[0.20273427]
1951
[0.55909349]
1952
[0.06575698]
1953
[0.55909349]
1954
[0.55581913]
1955
[0.34244018]
1956
[0.20164281]
1957
[0.55909349]
1958
[0.1743565]
1959
[0.12251251]
1960
[0.55909349]
1961
[0.55909349]
1962
[0.08322022]
1963
[0.24857527]
1964
[0.08103732]
1965
[0.55909349]
1966
[0.00081556]
1967
[0.32224831]
1968
[0.13178986]
1969
[0.43903372]
1970
[0.55909349]
1971
[0.55909349]
1972
[0.33916582]
1973
[0.15252745]
1974
[0.55909349]
1975
[0.52416701]
1976
[0.55909349]
1977
[0.02810187]
1978
[0.14543301]
1979
[0.28350175]
1980
[0.44121663]
1981
[0.55909349]
1982
[0.5530905]
1983
[0.51707257]
1984
[0.54163025]
1985
[0.40683587]
1986
[0.26058125]
1987
[0.49960933]
1988
[0.1077779]
1989
[0.55909349]
1990
[0.55909349]
1991
[0.03410486]
1992
[0.55909349]
1993
[0.20273427]
1994
[0.30369362]
1995
[0.0182788]
1996
[0.55909349]
1997
[0.53944735]
1998
[0.0493852]
1999
[0.31187951]
2000
[0.55909349]
2001
[0.02591897]
2002
[0.55909349]
2003
[0.25184963]
2004
[0.0641198]
2005
[0.55909349]
2006
[0.55909349]
2007
[0.36645213]
2008
[0.31515387]
2009
[0.24311801]
2010
[0.28841328]
2011
[0.04993092]
2012
[0.51216103]
2013
[0.32388549]
2014
[0.15252745]
2015
[0.55909349]
2016
[0.55909349]
2017
[0.55909349]
2018
[0.10668645]
2019
[0.55909349]
2020
[0.38555255]
2021
[0.55909349]
2022
[0.07612578]
2023
[0.55909349]
2024
[0.0723057]
2025
[0.55909349]
2026
[0.55909349]
2027
[0.55909349]
2028
[0.22674622]
2029
[0.55909349]
2030
[0.50288369]
2031
[0.01991598]
2032
[0.0744886]
2033
[0.24202655]
2034
[0.55909349]
2035
[0.42429911]
2036
[0.25676116]
2037
[0.51816402]
2038
[0.29987353]
2039
[0.2867761]
2040
[0.16289625]
2041
[0.32333976]
2042
[0.14270438]
2043
[0.55909349]
2044
[0.35717479]
2045
[0.00681855]
2046
[0.19945991]
2047
[0.45595123]
2048
[0.26658423]
2049
[0.55909349]
2050
[0.03683349]
2051
[0.55909349]
2052
[0.55909349]
2053
[0.55909349]
2054
[0.47177729]
2055
[0.39210127]
2056
[0.00954718]
2057
[0.43466791]
2058
[0.55909349]
2059
[0.30369362]
2060
[0.13397276]
2061
[0.46304567]
2062
[0.12251251]
2063
[0.53562726]
2064
[0.44831107]
2065
[0.55909349]
2066
[0.12578687]
2067
[0.55909349]
2068
[0.18090522]
2069
[0.3762752]
2070
[0.55909349]
2071
[0.4761431]
2072
[0.3386201]
2073
[0.55909349]
2074
[0.55909349]
2075
[0.36754359]
2076
[0.0744886]
2077
[0.32279403]
2078
[0.14488729]
2079
[0.55909349]
2080
[0.55909349]
2081
[0.49142344]
2082
[0.00845573]
2083
[0.55909349]
2084
[0.00081556]
2085
[0.4968807]
2086
[0.4177504]
2087
[0.2305663]
2088
[0.55909349]
2089
[0.33752864]
2090
[0.55909349]
2091
[0.11378089]
2092
[0.00299847]
2093
[0.55909349]
2094
[0.09413475]
2095
[0.11378089]
2096
[0.55909349]
2097
[0.18308812]
2098
[0.55909349]
2099
[0.04010785]
2100
[0.00081556]
2101
[0.36918076]
2102
[0.55909349]
2103
[0.10395782]
2104
[0.00081556]
2105
[0.44558244]
2106
[0.42429911]
2107
[0.41720467]
2108
[0.20873725]
2109
[0.55909349]
2110
[0.55909349]
2111
[0.42157048]
2112
[0.55909349]
2113
[0.55909349]
2114
[0.03628777]
2115
[0.55909349]
2116
[0.36754359]
2117
[0.55909349]
2118
[0.13833857]
2119
[0.50124651]
2120
[0.1847253]
2121
[0.55909349]
2122
[0.29059619]
2123
[0.55909349]
2124
[0.0974091]
2125
[0.55909349]
2126
[0.1639877]
2127
[0.27913594]
2128
[0.55909349]
2129
[0.4946978]
2130
[0.07830869]
2131
[0.55909349]
2132
[0.44339953]
2133
[0.05211383]
2134
[0.45485978]
2135
[0.43903372]
2136
[0.54217598]
2137
[0.42484484]
2138
[0.55909349]
2139
[0.55909349]
2140
[0.55909349]
2141
[0.54763324]
2142
[0.41611322]
2143
[0.55909349]
2144
[0.55909349]
2145
[0.00081556]
2146
[0.00791]
2147
[0.55909349]
2148
[0.54708751]
2149
[0.01391299]
2150
[0.55909349]
2151
[0.07012279]
2152
[0.0723057]
2153
[0.38609828]
2154
[0.55909349]
2155
[0.55909349]
2156
[0.55909349]
2157
[0.37791238]
2158
[0.55909349]
2159
[0.09795483]
2160
[0.55909349]
2161
[0.23002058]
2162
[0.55909349]
2163
[0.44012517]
2164
[0.00081556]
2165
[0.01882453]
2166
[0.26931286]
2167
[0.08704031]
2168
[0.55909349]
2169
[0.45485978]
2170
[0.55909349]
2171
[0.55909349]
2172
[0.02428179]
2173
[0.40519869]
2174
[0.55909349]
2175
[0.55909349]
2176
[0.55909349]
2177
[0.340803]
2178
[0.54654179]
2179
[0.55909349]
2180
[0.02701042]
2181
[0.55909349]
2182
[0.43739654]
2183
[0.55909349]
2184
[0.13943002]
2185
[0.55909349]
2186
[0.55909349]
2187
[0.55909349]
2188
[0.13124413]
2189
[0.42702774]
2190
[0.55909349]
2191
[0.37518375]
2192
[0.55909349]
2193
[0.53726444]
2194
[0.04720229]
2195
[0.55909349]
2196
[0.29114191]
2197
[0.13397276]
2198
[0.55909349]
2199
[0.55909349]
2200
[0.29168764]
2201
[0.46468285]
2202
[0.55909349]
2203
[0.42157048]
2204
[0.35390043]
2205
[0.54163025]
2206
[0.55909349]
2207
[0.55909349]
2208
[0.01118436]
2209
[0.55909349]
2210
[0.43521364]
2211
[0.55909349]
2212
[0.55909349]
2213
[0.151436]
2214
[0.55909349]
2215
[0.55909349]
2216
[0.55909349]
2217
[0.23384066]
2218
[0.16071335]
2219
[0.06357408]
2220
[0.53781017]
2221
[0.17817659]
2222
[0.41502177]
2223
[0.55909349]
2224
[0.55909349]
2225
[0.29987353]
2226
[0.07503433]
2227
[0.27749876]
2228
[0.17544795]
2229
[0.51816402]
2230
[0.39428417]
2231
[0.340803]
2232
[0.35226325]
2233
[0.38991836]
2234
[0.39373844]
2235
[0.32224831]
2236
[0.55909349]
2237
[0.51652684]
2238
[0.00081556]
2239
[0.37027222]
2240
[0.20819153]
2241
[0.55909349]
2242
[0.55909349]
2243
[0.55909349]
2244
[0.10886936]
2245
[0.47559738]
2246
[0.44394526]
2247
[0.42375339]
2248
[0.36863504]
2249
[0.55909349]
2250
[0.11760097]
2251
[0.0182788]
2252
[0.55909349]
2253
[0.17653941]
2254
[0.35390043]
2255
[0.55909349]
2256
[0.10013774]
2257
[0.55909349]
2258
[0.37954956]
2259
[0.14488729]
2260
[0.55909349]
2261
[0.55909349]
2262
[0.20000563]
2263
[0.55909349]
2264
[0.33643719]
2265
[0.52143838]
2266
[0.34571454]
2267
[0.151436]
2268
[0.55909349]
2269
[0.55909349]
2270
[0.20873725]
2271
[0.51707257]
2272
[0.00081556]
2273
[0.55909349]
2274
[0.21419452]
2275
[0.28404747]
2276
[0.55909349]
2277
[0.17053642]
2278
[0.55909349]
2279
[0.03956212]
2280
[0.55909349]
2281
[0.55909349]
2282
[0.54763324]
2283
[0.55909349]
2284
[0.55909349]
2285
[0.39264699]
2286
[0.26112697]
2287
[0.55909349]
2288
[0.55909349]
2289
[0.37845811]
2290
[0.55909349]
2291
[0.55909349]
2292
[0.55909349]
2293
[0.26494706]
2294
[0.55909349]
2295
[0.2054629]
2296
[0.45376833]
2297
[0.44612816]
2298
[0.43193928]
2299
[0.33261711]
2300
[0.55909349]
2301
[0.55909349]
2302
[0.09358902]
2303
[0.01391299]
2304
[0.42429911]
2305
[0.55909349]
2306
[0.55909349]
2307
[0.55909349]
2308
[0.42047903]
2309
[0.55909349]
2310
[0.03683349]
2311
[0.55909349]
2312
[0.55909349]
2313
[0.33207138]
2314
[0.43739654]
2315
[0.30205644]
2316
[0.44394526]
2317
[0.55909349]
2318
[0.00081556]
2319
[0.01391299]
2320
[0.49633497]
2321
[0.17490223]
2322
[0.22620049]
2323
[0.40301579]
2324
[0.54763324]
2325
[0.55909349]
2326
[0.16617061]
2327
[0.55909349]
2328
[0.55909349]
2329
[0.55909349]
2330
[0.11541807]
2331
[0.40683587]
2332
[0.03410486]
2333
[0.55909349]
2334
[0.11705525]
2335
[0.55909349]
2336
[0.50615805]
2337
[0.28786756]
2338
[0.05538819]
2339
[0.54435888]
2340
[0.37245512]
2341
[0.08867748]
2342
[0.03847067]
2343
[0.45540551]
2344
[0.10614072]
2345
[0.26003552]
2346
[0.55909349]
2347
[0.55909349]
2348
[0.55909349]
2349
[0.55909349]
2350
[0.14434156]
2351
[0.55909349]
2352
[0.03465059]
2353
[0.55909349]
2354
[0.26276415]
2355
[0.55909349]
2356
[0.55909349]
2357
[0.50997813]
2358
[0.38718973]
2359
[0.33534574]
2360
[0.55909349]
2361
[0.55909349]
2362
[0.55909349]
2363
[0.55909349]
2364
[0.00081556]
2365
[0.44121663]
2366
[0.55909349]
2367
[0.07012279]
2368
[0.3282513]
2369
[0.55909349]
2370
[0.25839834]
2371
[0.55909349]
2372
[0.27149577]
2373
[0.40356152]
2374
[0.17326505]
2375
[0.55909349]
2376
[0.55909349]
2377
[0.55909349]
2378
[0.55909349]
2379
[0.35826624]
2380
[0.55909349]
2381
[0.55909349]
2382
[0.55909349]
2383
[0.03683349]
2384
[0.55909349]
2385
[0.55909349]
2386
[0.33589146]
2387
[0.44449098]
2388
[0.03792495]
2389
[0.28895901]
2390
[0.40465297]
2391
[0.36044914]
2392
[0.55909349]
2393
[0.55909349]
2394
[0.40847305]
2395
[0.16289625]
2396
[0.55909349]
2397
[0.13506421]
2398
[0.55909349]
2399
[0.48705763]
2400
[0.39210127]
2401
[0.12578687]
2402
[0.55909349]
2403
[0.55909349]
2404
[0.2283834]
2405
[0.55909349]
2406
[0.51270676]
2407
[0.55909349]
2408
[0.46577431]
2409
[0.13288131]
2410
[0.05484246]
2411
[0.00081556]
2412
[0.01937025]
2413
[0.4303021]
2414
[0.30260216]
2415
[0.55909349]
2416
[0.40574442]
2417
[0.48105464]
2418
[0.12360396]
2419
[0.55909349]
2420
[0.27804448]
2421
[0.55909349]
2422
[0.55909349]
2423
[0.55909349]
2424
[0.01991598]
2425
[0.55909349]
2426
[0.55909349]
2427
[0.55909349]
2428
[0.55909349]
2429
[0.20000563]
2430
[0.55909349]
2431
[0.55909349]
2432
[0.55909349]
2433
[0.55909349]
2434
[0.49797215]
2435
[0.03847067]
2436
[0.55909349]
2437
[0.55909349]
2438
[0.26003552]
2439
[0.43575936]
2440
[0.27531585]
2441
[0.151436]
2442
[0.55909349]
2443
[0.55909349]
2444
[0.53399008]
2445
[0.55909349]
2446
[0.21474024]
2447
[0.55909349]
2448
[0.55909349]
2449
[0.55909349]
2450
[0.55909349]
2451
[0.55909349]
2452
[0.31351669]
2453
[0.36044914]
2454
[0.00081556]
2455
[0.55909349]
2456
[0.55909349]
2457
[0.40028716]
2458
[0.55909349]
2459
[0.55909349]
2460
[0.55909349]
2461
[0.37518375]
2462
[0.55909349]
2463
[0.55909349]
2464
[0.55909349]
2465
[0.12578687]
2466
[0.55909349]
2467
[0.42648202]
2468
[0.2201975]
2469
[0.00354419]
2470
[0.55909349]
2471
[0.01882453]
2472
[0.55909349]
2473
[0.36863504]
2474
[0.55909349]
2475
[0.28623038]
2476
[0.55909349]
2477
[0.3511718]
2478
[0.30587652]
2479
[0.55909349]
2480
[0.55909349]
2481
[0.10504927]
2482
[0.07012279]
2483
[0.2054629]
2484
[0.11650952]
2485
[0.22292614]
2486
[0.55909349]
2487
[0.55909349]
2488
[0.55909349]
2489
[0.55909349]
2490
[0.2845932]
2491
[0.07121425]
2492
[0.35171752]
2493
[0.55909349]
2494
[0.00081556]
2495
[0.55909349]
2496
[0.43848799]
2497
[0.55909349]
2498
[0.51870975]
2499
[0.05757109]
2500
[0.55909349]
2501
[0.1181467]
2502
[0.55909349]
2503
[0.51052386]
2504
[0.55909349]
2505
[0.00081556]
2506
[0.10504927]
2507
[0.55909349]
2508
[0.03737922]
2509
[0.03083051]
2510
[0.06029972]
2511
[0.1492531]
2512
[0.55909349]
2513
[0.55909349]
2514
[0.55909349]
2515
[0.55909349]
2516
[0.04720229]
2517
[0.23274921]
2518
[0.55909349]
2519
[0.50506659]
2520
[0.55909349]
2521
[0.55909349]
2522
[0.55909349]
2523
[0.55909349]
2524
[0.40301579]
2525
[0.51488967]
2526
[0.04010785]
2527
[0.02209889]
2528
[0.50452087]
2529
[0.21201161]
2530
[0.33207138]
2531
[0.22892912]
2532
[0.44994824]
2533
[0.55909349]
2534
[0.22183468]
2535
[0.07066852]
2536
[0.55909349]
2537
[0.55909349]
2538
[0.35008035]
2539
[0.4761431]
2540
[0.06466553]
2541
[0.28241029]
2542
[0.00081556]
2543
[0.12687832]
2544
[0.43630509]
2545
[0.059754]
2546
[0.29332482]
2547
[0.55909349]
2548
[0.55909349]
2549
[0.18799966]
2550
[0.33589146]
2551
[0.27968166]
2552
[0.27586158]
2553
[0.55909349]
2554
[0.40683587]
2555
[0.55909349]
2556
[0.13288131]
2557
[0.4177504]
2558
[0.44230808]
2559
[0.55909349]
2560
[0.55909349]
2561
[0.37736666]
2562
[0.19072829]
2563
[0.55909349]
2564
[0.35390043]
2565
[0.10177491]
2566
[0.5094324]
2567
[0.17763086]
2568
[0.55909349]
2569
[0.55909349]
2570
[0.55363623]
2571
[0.00081556]
2572
[0.40629015]
2573
[0.51707257]
2574
[0.55909349]
2575
[0.32552267]
2576
[0.55909349]
2577
[0.4406709]
2578
[0.05866254]
2579
[0.42266193]
2580
[0.55909349]
2581
[0.15853044]
2582
[0.32224831]
2583
[0.55909349]
2584
[0.04774802]
2585
[0.32333976]
2586
[0.41011023]
2587
[0.46577431]
2588
[0.55036187]
2589
[0.55909349]
2590
[0.37136367]
2591
[0.00354419]
2592
[0.32279403]
2593
[0.00081556]
2594
[0.47068584]
2595
[0.55909349]
2596
[0.03683349]
2597
[0.386644]
2598
[0.55909349]
2599
[0.55909349]
2600
[0.55909349]
2601
[0.55909349]
2602
[0.00081556]
2603
[0.42429911]
2604
[0.55909349]
2605
[0.55909349]
2606
[0.34189445]
2607
[0.55909349]
2608
[0.55909349]
2609
[0.55909349]
2610
[0.5427217]
2611
[0.55909349]
2612
[0.55909349]
2613
[0.55909349]
2614
[0.32279403]
2615
[0.484329]
2616
[0.55909349]
2617
[0.00081556]
2618
[0.51543539]
2619
[0.46632003]
2620
[0.26058125]
2621
[0.55909349]
2622
[0.55909349]
2623
[0.55909349]
2624
[0.55909349]
2625
[0.43303073]
2626
[0.55909349]
2627
[0.15634754]
2628
[0.55909349]
2629
[0.11978388]
2630
[0.55909349]
2631
[0.55909349]
2632
[0.12196678]
2633
[0.55909349]
2634
[0.45649696]
2635
[0.55909349]
2636
[0.55909349]
2637
[0.31078806]
2638
[0.55909349]
2639
[0.55909349]
2640
[0.55909349]
2641
[0.25239535]
2642
[0.55909349]
2643
[0.37245512]
2644
[0.03956212]
2645
[0.27531585]
2646
[0.13397276]
2647
[0.55909349]
2648
[0.5405388]
2649
[0.14761592]
2650
[0.55909349]
2651
[0.12796977]
2652
[0.54381316]
2653
[0.31024233]
2654
[0.55909349]
2655
[0.45540551]
2656
[0.55909349]
2657
[0.31733677]
2658
[0.39646708]
2659
[0.25403253]
2660
[0.55909349]
2661
[0.55909349]
2662
[0.04774802]
2663
[0.55909349]
2664
[0.52580419]
2665
[0.55909349]
2666
[0.43957945]
2667
[0.55909349]
2668
[0.29441627]
2669
[0.55909349]
2670
[0.55909349]
2671
[0.08594885]
2672
[0.55909349]
2673
[0.11268944]
2674
[0.55909349]
2675
[0.48214609]
2676
[0.55909349]
2677
[0.38391537]
2678
[0.46468285]
2679
[0.12469542]
2680
[0.55909349]
2681
[0.24420946]
2682
[0.55909349]
2683
[0.55909349]
2684
[0.25839834]
2685
[0.09577193]
2686
[0.13124413]
2687
[0.12687832]
2688
[0.44176235]
2689
[0.30860515]
2690
[0.13015268]
2691
[0.55909349]
2692
[0.25566971]
2693
[0.00081556]
2694
[0.29059619]
2695
[0.24475518]
2696
[0.36044914]
2697
[0.20327999]
2698
[0.32061113]
2699
[0.51652684]
2700
[0.04010785]
2701
[0.05320528]
2702
[0.24584664]
2703
[0.4073816]
2704
[0.52252983]
2705
[0.28841328]
2706
[0.01063864]
2707
[0.55909349]
2708
[0.24475518]
2709
[0.49906361]
2710
[0.0744886]
2711
[0.11432662]
2712
[0.55909349]
2713
[0.22183468]
2714
[0.55909349]
2715
[0.50888668]
2716
[0.51598112]
2717
[0.55909349]
2718
[0.44885679]
2719
[0.55909349]
2720
[0.55909349]
2721
[0.55909349]
2722
[0.45595123]
2723
[0.55909349]
2724
[0.55909349]
2725
[0.55145332]
2726
[0.55909349]
2727
[0.18527103]
2728
[0.04665657]
2729
[0.55909349]
2730
[0.14979882]
2731
[0.30314789]
2732
[0.3844611]
2733
[0.55909349]
2734
[0.28022739]
2735
[0.11650952]
2736
[0.40028716]
2737
[0.55909349]
2738
[0.02428179]
2739
[0.52634992]
2740
[0.55909349]
2741
[0.44230808]
2742
[0.55909349]
2743
[0.38227819]
2744
[0.55909349]
2745
[0.13779285]
2746
[0.13015268]
2747
[0.55909349]
2748
[0.41502177]
2749
[0.54490461]
2750
[0.55909349]
2751
[0.27149577]
2752
[0.45758841]
2753
[0.55909349]
2754
[0.08212877]
2755
[0.55909349]
2756
[0.55909349]
2757
[0.00081556]
2758
[0.55909349]
2759
[0.17381078]
2760
[0.3053308]
2761
[0.00081556]
2762
[0.33971155]
2763
[0.55909349]
2764
[0.05920827]
2765
[0.55909349]
2766
[0.40465297]
2767
[0.47996319]
2768
[0.2867761]
2769
[0.55909349]
2770
[0.18145094]
2771
[0.55909349]
2772
[0.51652684]
2773
[0.28623038]
2774
[0.55909349]
2775
[0.55909349]
2776
[0.55909349]
2777
[0.02482752]
2778
[0.00081556]
2779
[0.24966672]
2780
[0.3075137]
2781
[0.24748382]
2782
[0.16453343]
2783
[0.24202655]
2784
[0.55909349]
2785
[0.36645213]
2786
[0.55909349]
2787
[0.55036187]
2788
[0.55909349]
2789
[0.55909349]
2790
[0.55909349]
2791
[0.52634992]
2792
[0.02100743]
2793
[0.33971155]
2794
[0.25457826]
2795
[0.17653941]
2796
[0.55909349]
2797
[0.55909349]
2798
[0.55909349]
2799
[0.29168764]
2800
[0.43521364]
2801
[0.25676116]
2802
[0.34953462]
2803
[0.45267688]
2804
[0.55909349]
2805
[0.05375101]
2806
[0.40137861]
2807
[0.55909349]
2808
[0.55472768]
2809
[0.34735171]
2810
[0.55909349]
2811
[0.55909349]
2812
[0.55909349]
2813
[0.55909349]
2814
[0.55909349]
2815
[0.28077312]
2816
[0.1181467]
2817
[0.55909349]
2818
[0.16016762]
2819
[0.55909349]
2820
[0.54708751]
2821
[0.38718973]
2822
[0.2867761]
2823
[0.00081556]
2824
[0.55909349]
2825
[0.53835589]
2826
[0.55909349]
2827
[0.55909349]
2828
[0.55909349]
2829
[0.06684844]
2830
[0.55909349]
2831
[0.55909349]
2832
[0.46795721]
2833
[0.15580181]
2834
[0.43739654]
2835
[0.00081556]
2836
[0.55909349]
2837
[0.55909349]
2838
[0.55909349]
2839
[0.45867986]
2840
[0.55909349]
2841
[0.30205644]
2842
[0.32606839]
2843
[0.3740923]
2844
[0.55909349]
2845
[0.33316283]
2846
[0.55909349]
2847
[0.55909349]
2848
[0.55909349]
2849
[0.55909349]
2850
[0.5405388]
2851
[0.55909349]
2852
[0.39319272]
2853
[0.43685082]
2854
[0.55909349]
2855
[0.03355914]
2856
[0.55909349]
2857
[0.55909349]
2858
[0.55909349]
2859
[0.27258722]
2860
[0.55909349]
2861
[0.55909349]
2862
[0.00081556]
2863
[0.55909349]
2864
[0.55909349]
2865
[0.55909349]
2866
[0.55909349]
2867
[0.55909349]
2868
[0.38828118]
2869
[0.39210127]
2870
[0.35171752]
2871
[0.4865119]
2872
[0.55909349]
2873
[0.43575936]
2874
[0.43248501]
2875
[0.18090522]
2876
[0.53999307]
2877
[0.17653941]
2878
[0.55909349]
2879
[0.55909349]
2880
[0.40792733]
2881
[0.11869243]
2882
[0.55909349]
2883
[0.3615406]
2884
[0.52471274]
2885
[0.55909349]
2886
[0.55909349]
2887
[0.44831107]
2888
[0.55909349]
2889
[0.24966672]
2890
[0.16835351]
2891
[0.55909349]
2892
[0.36536068]
2893
[0.53453581]
2894
[0.55909349]
2895
[0.44776534]
2896
[0.55909349]
2897
[0.11923815]
2898
[0.55909349]
2899
[0.55909349]
2900
[0.07612578]
2901
[0.5198012]
2902
[0.55909349]
2903
[0.40028716]
2904
[0.47123157]
2905
[0.55909349]
2906
[0.55909349]
2907
[0.35826624]
2908
[0.55909349]
2909
[0.55909349]
2910
[0.10177491]
2911
[0.55909349]
2912
[0.55909349]
2913
[0.55909349]
2914
[0.38718973]
2915
[0.20055136]
2916
[0.13615567]
2917
[0.55909349]
2918
[0.29550772]
2919
[0.55909349]
2920
[0.55909349]
2921
[0.19836846]
2922
[0.38882691]
2923
[0.55909349]
2924
[0.55909349]
2925
[0.32988848]
2926
[0.55909349]
2927
[0.03737922]
2928
[0.51816402]
2929
[0.11923815]
2930
[0.55909349]
2931
[0.55909349]
2932
[0.3200654]
2933
[0.55909349]
2934
[0.08322022]
2935
[0.44394526]
2936
[0.28568465]
2937
[0.55909349]
2938
[0.06903134]
2939
[0.51598112]
2940
[0.1847253]
2941
[0.55909349]
2942
[0.43848799]
2943
[0.55909349]
2944
[0.55909349]
2945
[0.55909349]
2946
[0.30314789]
2947
[0.12469542]
2948
[0.35881197]
2949
[0.00081556]
2950
[0.23656929]
2951
[0.55909349]
2952
[0.16999069]
2953
[0.02155316]
2954
[0.54763324]
2955
[0.55909349]
2956
[0.16289625]
2957
[0.55909349]
2958
[0.33097993]
2959
[0.51161531]
2960
[0.55909349]
2961
[0.52580419]
2962
[0.55909349]
2963
[0.08158304]
2964
[0.48160037]
2965
[0.55909349]
2966
[0.11432662]
2967
[0.55909349]
2968
[0.06139117]
2969
[0.55909349]
2970
[0.36426923]
2971
[0.27804448]
2972
[0.55909349]
2973
[0.55909349]
2974
[0.55909349]
2975
[0.36208632]
2976
[0.55909349]
2977
[0.12032961]
2978
[0.38064101]
2979
[0.40901878]
2980
[0.15416463]
2981
[0.37682093]
2982
[0.36590641]
2983
[0.12469542]
2984
[0.12687832]
2985
[0.55909349]
2986
[0.03192196]
2987
[0.11378089]
2988
[0.55909349]
2989
[0.55909349]
2990
[0.31460814]
2991
[0.08976894]
2992
[0.55909349]
2993
[0.43357646]
2994
[0.55909349]
2995
[0.11050653]
2996
[0.55909349]
2997
[0.00081556]
2998
[0.16671633]
2999
[0.30642225]
3000
[0.15798472]
3001
[0.55909349]
3002
[0.17326505]
3003
[0.4281192]
3004
[0.10395782]
3005
[0.55909349]
3006
[0.55909349]
3007
[0.03628777]
3008
[0.1639877]
3009
[0.55909349]
3010
[0.41120168]
3011
[0.29605345]
3012
[0.55909349]
3013
[0.55909349]
3014
[0.44940252]
3015
[0.20273427]
3016
[0.5072495]
3017
[0.55909349]
3018
[0.17708513]
3019
[0.55909349]
3020
[0.51161531]
3021
[0.55909349]
3022
[0.4281192]
3023
[0.42157048]
3024
[0.1721736]
3025
[0.55909349]
3026
[0.17053642]
3027
[0.22783767]
3028
[0.340803]
3029
[0.55909349]
3030
[0.53944735]
3031
[0.12687832]
3032
[0.55909349]
3033
[0.26112697]
3034
[0.00245274]
3035
[0.55909349]
3036
[0.55909349]
3037
[0.55909349]
3038
[0.02155316]
3039
[0.45540551]
3040
[0.14816164]
3041
[0.28895901]
3042
[0.18581675]
3043
[0.55909349]
3044
[0.29168764]
3045
[0.55909349]
3046
[0.49906361]
3047
[0.55909349]
3048
[0.55909349]
3049
[0.55909349]
3050
[0.55909349]
3051
[0.10177491]
3052
[0.49633497]
3053
[0.53289863]
3054
[0.05920827]
3055
[0.55909349]
3056
[0.43303073]
3057
[0.55909349]
3058
[0.55909349]
3059
[0.55909349]
3060
[0.55909349]
3061
[0.27695303]
3062
[0.43466791]
3063
[0.55909349]
3064
[0.37027222]
3065
[0.45704269]
3066
[0.12469542]
3067
[0.55909349]
3068
[0.21037443]
3069
[0.11050653]
3070
[0.55909349]
3071
[0.13943002]
3072
[0.55909349]
3073
[0.24038938]
3074
[0.45485978]
3075
[0.55909349]
3076
[0.55909349]
3077
[0.55909349]
3078
[0.07121425]
3079
[0.09686338]
3080
[0.55909349]
3081
[0.46686576]
3082
[0.55909349]
3083
[0.3511718]
3084
[0.55909349]
3085
[0.24639236]
3086
[0.38282392]
3087
[0.47668883]
3088
[0.16507916]
3089
[0.37081794]
3090
[0.34735171]
3091
[0.22347186]
3092
[0.55909349]
3093
[0.55909349]
3094
[0.42266193]
3095
[0.55254478]
3096
[0.43303073]
3097
[0.32388549]
3098
[0.19345692]
3099
[0.55909349]
3100
[0.00081556]
3101
[0.07339715]
3102
[0.55909349]
3103
[0.27149577]
3104
[0.2616727]
3105
[0.55909349]
3106
[0.55909349]
3107
[0.52416701]
3108
[0.00081556]
3109
[0.55909349]
3110
[0.55909349]
3111
[0.16344198]
3112
[0.2283834]
3113
[0.17381078]
3114
[0.55909349]
3115
[0.55909349]
3116
[0.55909349]
3117
[0.36590641]
3118
[0.55909349]
3119
[0.53126145]
3120
[0.3844611]
3121
[0.45376833]
3122
[0.11760097]
3123
[0.55909349]
3124
[0.55909349]
3125
[0.18417957]
3126
[0.55909349]
3127
[0.07175997]
3128
[0.06139117]
3129
[0.1181467]
3130
[0.5530905]
3131
[0.30478507]
3132
[0.55909349]
3133
[0.55909349]
3134
[0.55909349]
3135
[0.55909349]
3136
[0.08813176]
3137
[0.31515387]
3138
[0.36754359]
3139
[0.34680599]
3140
[0.2201975]
3141
[0.55909349]
3142
[0.15525608]
3143
[0.55909349]
3144
[0.3844611]
3145
[0.52143838]
3146
[0.55909349]
3147
[0.55909349]
3148
[0.21910605]
3149
[0.44558244]
3150
[0.31242524]
3151
[0.55909349]
3152
[0.55909349]
3153
[0.31460814]
3154
[0.22401759]
3155
[0.00081556]
3156
[0.03465059]
3157
[0.55909349]
3158
[0.20600862]
3159
[0.55909349]
3160
[0.55909349]
3161
[0.09468047]
3162
[0.55909349]
3163
[0.16071335]
3164
[0.55909349]
3165
[0.55909349]
3166
[0.55909349]
3167
[0.35008035]
3168
[0.28186457]
3169
[0.55909349]
3170
[0.55909349]
3171
[0.55909349]
3172
[0.09304329]
3173
[0.40192434]
3174
[0.19836846]
3175
[0.34298591]
3176
[0.25403253]
3177
[0.07994587]
3178
[0.28022739]
3179
[0.55909349]
3180
[0.55909349]
3181
[0.55909349]
3182
[0.55909349]
3183
[0.55909349]
3184
[0.41938758]
3185
[0.48542045]
3186
[0.00681855]
3187
[0.55909349]
3188
[0.32770557]
3189
[0.55909349]
3190
[0.40356152]
3191
[0.55909349]
3192
[0.40137861]
3193
[0.1410672]
3194
[0.50615805]
3195
[0.55909349]
3196
[0.21692315]
3197
[0.15307318]
3198
[0.55909349]
3199
[0.35553761]
3200
[0.47286875]
3201
[0.53562726]
3202
[0.55909349]
3203
[0.55909349]
3204
[0.3970128]
3205
[0.47068584]
3206
[0.0515681]
3207
[0.55909349]
3208
[0.55909349]
3209
[0.32661412]
3210
[0.15743899]
3211
[0.50997813]
3212
[0.15853044]
3213
[0.34298591]
3214
[0.55036187]
3215
[0.47505165]
3216
[0.54381316]
3217
[0.55909349]
3218
[0.19345692]
3219
[0.42102476]
3220
[0.03301341]
3221
[0.55909349]
3222
[0.55691058]
3223
[0.55909349]
3224
[0.55909349]
3225
[0.46522858]
3226
[0.53071573]
3227
[0.42921065]
3228
[0.31679105]
3229
[0.55909349]
3230
[0.39373844]
3231
[0.55909349]
3232
[0.55909349]
3233
[0.32224831]
3234
[0.55909349]
3235
[0.42157048]
3236
[0.19673128]
3237
[0.55909349]
3238
[0.22783767]
3239
[0.55909349]
3240
[0.55909349]
3241
[0.55909349]
3242
[0.07994587]
3243
[0.29441627]
3244
[0.55909349]
3245
[0.2201975]
3246
[0.55909349]
3247
[0.40792733]
3248
[0.53835589]
3249
[0.4739602]
3250
[0.39537562]
3251
[0.42375339]
3252
[0.55909349]
3253
[0.00463565]
3254
[0.55909349]
3255
[0.09358902]
3256
[0.39919571]
3257
[0.55909349]
3258
[0.55909349]
3259
[0.55909349]
3260
[0.47941746]
3261
[0.55909349]
3262
[0.41174741]
3263
[0.21310306]
3264
[0.55909349]
3265
[0.55800204]
3266
[0.10832363]
3267
[0.29550772]
3268
[0.0848574]
3269
[0.52362129]
3270
[0.11978388]
3271
[0.55909349]
3272
[0.53781017]
3273
[0.55909349]
3274
[0.00081556]
3275
[0.55909349]
3276
[0.18963684]
3277
[0.00081556]
3278
[0.55909349]
3279
[0.55909349]
3280
[0.2845932]
3281
[0.48705763]
3282
[0.01882453]
3283
[0.40683587]
3284
[0.54927042]
3285
[0.55909349]
3286
[0.55909349]
3287
[0.55909349]
3288
[0.55909349]
3289
[0.39537562]
3290
[0.43521364]
3291
[0.00081556]
3292
[0.42975637]
3293
[0.49142344]
3294
[0.53180718]
3295
[0.55909349]
3296
[0.06466553]
3297
[0.30041926]
3298
[0.41884185]
3299
[0.55909349]
3300
[0.55909349]
3301
[0.55909349]
3302
[0.0619369]
3303
[0.30587652]
3304
[0.00081556]
3305
[0.55909349]
3306
[0.55909349]
3307
[0.36317778]
3308
[0.49742643]
3309
[0.00081556]
3310
[0.55909349]
3311
[0.55909349]
3312
[0.23547784]
3313
[0.55909349]
3314
[0.48160037]
3315
[0.55909349]
3316
[0.55909349]
3317
[0.52198411]
3318
[0.55909349]
3319
[0.0744886]
3320
[0.05920827]
3321
[0.2867761]
3322
[0.05375101]
3323
[0.36481495]
3324
[0.05647964]
3325
[0.1410672]
3326
[0.55909349]
3327
[0.00081556]
3328
[0.55909349]
3329
[0.33152565]
3330
[0.55909349]
3331
[0.55909349]
3332
[0.10504927]
3333
[0.3762752]
3334
[0.31078806]
3335
[0.55909349]
3336
[0.29277909]
3337
[0.55909349]
3338
[0.55909349]
3339
[0.29987353]
3340
[0.55909349]
3341
[0.55909349]
3342
[0.55909349]
3343
[0.55909349]
3344
[0.55909349]
3345
[0.55909349]
3346
[0.0286476]
3347
[0.55909349]
3348
[0.00081556]
3349
[0.07339715]
3350
[0.12360396]
3351
[0.55909349]
3352
[0.55909349]
3353
[0.55909349]
3354
[0.04174503]
3355
[0.41447604]
3356
[0.55909349]
3357
[0.42102476]
3358
[0.00408992]
3359
[0.33261711]
3360
[0.00408992]
3361
[0.24148083]
3362
[0.55909349]
3363
[0.55909349]
3364
[0.2616727]
3365
[0.51106958]
3366
[0.41393031]
3367
[0.55909349]
3368
[0.44230808]
3369
[0.55909349]
3370
[0.55909349]
3371
[0.55909349]
3372
[0.10996081]
3373
[0.26767569]
3374
[0.55909349]
3375
[0.55909349]
3376
[0.55909349]
3377
[0.00081556]
3378
[0.3075137]
3379
[0.40629015]
3380
[0.38336965]
3381
[0.02591897]
3382
[0.21255734]
3383
[0.55909349]
3384
[0.55909349]
3385
[0.10177491]
3386
[0.02755615]
3387
[0.55909349]
3388
[0.14761592]
3389
[0.2720415]
3390
[0.55909349]
3391
[0.55909349]
3392
[0.12633259]
3393
[0.37300085]
3394
[0.37572948]
3395
[0.05811682]
3396
[0.47286875]
3397
[0.15907617]
3398
[0.55909349]
3399
[0.55909349]
3400
[0.55909349]
3401
[0.2201975]
3402
[0.51707257]
3403
[0.40629015]
3404
[0.55909349]
3405
[0.55909349]
3406
[0.53289863]
3407
[0.23329493]
3408
[0.23493211]
3409
[0.15525608]
3410
[0.43794227]
3411
[0.55909349]
3412
[0.02919333]
3413
[0.55909349]
3414
[0.28404747]
3415
[0.33752864]
3416
[0.55909349]
3417
[0.16344198]
3418
[0.55909349]
3419
[0.37300085]
3420
[0.55909349]
3421
[0.55909349]
3422
[0.17108214]
3423
[0.00081556]
3424
[0.55909349]
3425
[0.55909349]
3426
[0.23438639]
3427
[0.22565477]
3428
[0.55909349]
3429
[0.55909349]
3430
[0.42429911]
3431
[0.55909349]
3432
[0.55909349]
3433
[0.55909349]
3434
[0.41829612]
3435
[0.55909349]
3436
[0.30151071]
3437
[0.04501939]
3438
[0.00081556]
3439
[0.55909349]
3440
[0.21910605]
3441
[0.4073816]
3442
[0.55909349]
3443
[0.00081556]
3444
[0.50397514]
3445
[0.0974091]
3446
[0.10286637]
3447
[0.54545033]
3448
[0.55909349]
3449
[0.36918076]
3450
[0.21419452]
3451
[0.45922559]
3452
[0.39810425]
3453
[0.49578925]
3454
[0.55909349]
3455
[0.55909349]
3456
[0.08376595]
3457
[0.08813176]
3458
[0.00845573]
3459
[0.55909349]
3460
[0.55909349]
3461
[0.47941746]
3462
[0.36263205]
3463
[0.55909349]
3464
[0.00081556]
3465
[0.55909349]
3466
[0.55909349]
3467
[0.55909349]
3468
[0.55909349]
3469
[0.55909349]
3470
[0.08376595]
3471
[0.3075137]
3472
[0.55909349]
3473
[0.27313295]
3474
[0.55909349]
3475
[0.55909349]
3476
[0.55909349]
3477
[0.02755615]
3478
[0.1159638]
3479
[0.55909349]
3480
[0.06575698]
3481
[0.55909349]
3482
[0.55909349]
3483
[0.13451849]
3484
[0.55909349]
3485
[0.55909349]
3486
[0.55909349]
3487
[0.55909349]
3488
[0.55909349]
3489
[0.55909349]
3490
[0.55909349]
3491
[0.08212877]
3492
[0.31842823]
3493
[0.55909349]
3494
[0.55909349]
3495
[0.55909349]
3496
[0.55909349]
3497
[0.55909349]
3498
[0.50779522]
3499
[0.06466553]
3500
[0.42757347]
3501
[0.55909349]
3502
[0.01882453]
3503
[0.55909349]
3504
[0.08049159]
3505
[0.55909349]
3506
[0.09358902]
3507
[0.28350175]
3508
[0.26440133]
3509
[0.34516881]
3510
[0.55909349]
3511
[0.15198173]
3512
[0.55909349]
3513
[0.35717479]
3514
[0.03246768]
3515
[0.55909349]
3516
[0.55909349]
3517
[0.42211621]
3518
[0.55909349]
3519
[0.55909349]
3520
[0.37736666]
3521
[0.51434394]
3522
[0.37354657]
3523
[0.4428538]
3524
[0.55909349]
3525
[0.41393031]
3526
[0.386644]
3527
[0.55909349]
3528
[0.26985859]
3529
[0.3053308]
3530
[0.41174741]
3531
[0.21037443]
3532
[0.55909349]
3533
[0.38173247]
3534
[0.31624532]
3535
[0.03465059]
3536
[0.20273427]
3537
[0.55909349]
3538
[0.03083051]
3539
[0.55909349]
3540
[0.55909349]
3541
[0.09195184]
3542
[0.01664162]
3543
[0.3844611]
3544
[0.25566971]
3545
[0.14052148]
3546
[0.06084545]
3547
[0.46413713]
3548
[0.55909349]
3549
[0.55909349]
3550
[0.30423934]
3551
[0.37300085]
3552
[0.55909349]
3553
[0.35062607]
3554
[0.55909349]
3555
[0.55909349]
3556
[0.55909349]
3557
[0.55909349]
3558
[0.55909349]
3559
[0.55909349]
3560
[0.31951968]
3561
[0.51325249]
3562
[0.28186457]
3563
[0.25894407]
3564
[0.55909349]
3565
[0.41611322]
3566
[0.55909349]
3567
[0.19563982]
3568
[0.2409351]
3569
[0.55909349]
3570
[0.35062607]
3571
[0.55909349]
3572
[0.12469542]
3573
[0.55909349]
3574
[0.52307556]
3575
[0.52798709]
3576
[0.50342941]
3577
[0.15634754]
3578
[0.55909349]
3579
[0.37136367]
3580
[0.55909349]
3581
[0.55909349]
3582
[0.55909349]
3583
[0.55909349]
3584
[0.51652684]
3585
[0.18417957]
3586
[0.50452087]
3587
[0.55909349]
3588
[0.26003552]
3589
[0.20491717]
3590
[0.55909349]
3591
[0.55909349]
3592
[0.17108214]
3593
[0.55909349]
3594
[0.55909349]
3595
[0.52853282]
3596
[0.55909349]
3597
[0.55909349]
3598
[0.55909349]
3599
[0.08758603]
3600
[0.18145094]
3601
[0.22128896]
3602
[0.34571454]
3603
[0.10450355]
3604
[0.16726206]
3605
[0.55909349]
3606
[0.24584664]
3607
[0.03028478]
3608
[0.14488729]
3609
[0.22783767]
3610
[0.14543301]
3611
[0.32934275]
3612
[0.27040432]
3613
[0.55909349]
3614
[0.3844611]
3615
[0.55909349]
3616
[0.55909349]
3617
[0.31569959]
3618
[0.22947485]
3619
[0.55909349]
3620
[0.55909349]
3621
[0.07776296]
3622
[0.55909349]
3623
[0.00463565]
3624
[0.55909349]
3625
[0.55909349]
3626
[0.04501939]
3627
[0.55909349]
3628
[0.04283648]
3629
[0.55909349]
3630
[0.55909349]
3631
[0.12524114]
3632
[0.32224831]
3633
[0.25184963]
3634
[0.48323754]
3635
[0.52798709]
3636
[0.25512398]
3637
[0.55909349]
3638
[0.1410672]
3639
[0.02319034]
3640
[0.55909349]
3641
[0.11650952]
3642
[0.55909349]
3643
[0.55909349]
3644
[0.33643719]
3645
[0.23329493]
3646
[0.42648202]
3647
[0.18145094]
3648
[0.30260216]
3649
[0.16726206]
3650
[0.00081556]
3651
[0.45376833]
3652
[0.55909349]
3653
[0.55909349]
3654
[0.28022739]
3655
[0.55909349]
3656
[0.55909349]
3657
[0.55909349]
3658
[0.4510397]
3659
[0.52744137]
3660
[0.12469542]
3661
[0.55909349]
3662
[0.55909349]
3663
[0.34789744]
3664
[0.38991836]
3665
[0.40574442]
3666
[0.38064101]
3667
[0.13943002]
3668
[0.2076458]
3669
[0.13124413]
3670
[0.55909349]
3671
[0.04065358]
3672
[0.44121663]
3673
[0.01227581]
3674
[0.1181467]
3675
[0.39810425]
3676
[0.20710008]
3677
[0.15853044]
3678
[0.44121663]
3679
[0.34735171]
3680
[0.20109709]
3681
[0.25566971]
3682
[0.12032961]
3683
[0.55909349]
3684
[0.40683587]
3685
[0.50615805]
3686
[0.55854776]
3687
[0.55909349]
3688
[0.32279403]
3689
[0.53835589]
3690
[0.27695303]
3691
[0.2720415]
3692
[0.37682093]
3693
[0.35390043]
3694
[0.55909349]
3695
[0.38391537]
3696
[0.01991598]
3697
[0.00081556]
3698
[0.39046409]
3699
[0.40028716]
3700
[0.55909349]
3701
[0.31024233]
3702
[0.55909349]
3703
[0.55909349]
3704
[0.55909349]
3705
[0.11923815]
3706
[0.23165776]
3707
[0.38336965]
3708
[0.55909349]
3709
[0.16289625]
3710
[0.55909349]
3711
[0.29932781]
3712
[0.55909349]
3713
[0.55909349]
3714
[0.05757109]
3715
[0.55909349]
3716
[0.55909349]
3717
[0.55909349]
3718
[0.34025727]
3719
[0.0160959]
3720
[0.34626026]
3721
[0.55909349]
3722
[0.52307556]
3723
[0.00463565]
3724
[0.00081556]
3725
[0.42866492]
3726
[0.55909349]
3727
[0.03847067]
3728
[0.55909349]
3729
[0.51543539]
3730
[0.55909349]
3731
[0.34298591]
3732
[0.55909349]
3733
[0.52962427]
3734
[0.13997575]
3735
[0.16617061]
3736
[0.55909349]
3737
[0.27531585]
3738
[0.02810187]
3739
[0.4199333]
3740
[0.55909349]
3741
[0.55909349]
3742
[0.00081556]
3743
[0.15034455]
3744
[0.00081556]
3745
[0.20491717]
3746
[0.55909349]
3747
[0.28295602]
3748
[0.1743565]
3749
[0.55909349]
3750
[0.50615805]
3751
[0.55909349]
3752
[0.55909349]
3753
[0.2076458]
3754
[0.03574204]
3755
[0.55909349]
3756
[0.55909349]
3757
[0.51434394]
3758
[0.55909349]
3759
[0.35171752]
3760
[0.55909349]
3761
[0.5072495]
3762
[0.30696797]
3763
[0.55909349]
3764
[0.105595]
3765
[0.47177729]
3766
[0.55909349]
3767
[0.55909349]
3768
[0.07558006]
3769
[0.55909349]
3770
[0.0744886]
3771
[0.55909349]
3772
[0.55909349]
3773
[0.2180146]
3774
[0.55909349]
3775
[0.55909349]
3776
[0.02755615]
3777
[0.55909349]
3778
[0.55909349]
3779
[0.55909349]
3780
[0.55909349]
3781
[0.28241029]
3782
[0.00081556]
3783
[0.38937263]
3784
[0.55909349]
3785
[0.50233796]
3786
[0.24420946]
3787
[0.1950941]
3788
[0.52143838]
3789
[0.55909349]
3790
[0.00900146]
3791
[0.06575698]
3792
[0.45922559]
3793
[0.55909349]
3794
[0.55909349]
3795
[0.55909349]
3796
[0.55909349]
3797
[0.18745393]
3798
[0.53671871]
3799
[0.40028716]
3800
[0.55909349]
3801
[0.55909349]
3802
[0.55909349]
3803
[0.55909349]
3804
[0.55909349]
3805
[0.09577193]
3806
[0.55909349]
3807
[0.55909349]
3808
[0.55909349]
3809
[0.55909349]
3810
[0.49306062]
3811
[0.04611084]
3812
[0.09904628]
3813
[0.55909349]
3814
[0.23274921]
3815
[0.55909349]
3816
[0.05429673]
3817
[0.55909349]
3818
[0.41393031]
3819
[0.55909349]
3820
[0.00081556]
3821
[0.55909349]
3822
[0.38882691]
3823
[0.55909349]
3824
[0.2305663]
3825
[0.39428417]
3826
[0.55909349]
3827
[0.55909349]
3828
[0.55909349]
3829
[0.55909349]
3830
[0.55909349]
3831
[0.55909349]
3832
[0.48105464]
3833
[0.55909349]
3834
[0.55909349]
3835
[0.00081556]
3836
[0.55909349]
3837
[0.41229314]
3838
[0.55909349]
3839
[0.18308812]
3840
[0.2180146]
3841
[0.55909349]
3842
[0.55909349]
3843
[0.55909349]
3844
[0.03683349]
3845
[0.41011023]
3846
[0.24148083]
3847
[0.02155316]
3848
[0.16889924]
3849
[0.55909349]
3850
[0.29441627]
3851
[0.55909349]
3852
[0.55909349]
3853
[0.23384066]
3854
[0.55909349]
3855
[0.01937025]
3856
[0.3282513]
3857
[0.53617299]
3858
[0.55909349]
3859
[0.0744886]
3860
[0.55909349]
3861
[0.55909349]
3862
[0.55909349]
3863
[0.55909349]
3864
[0.24202655]
3865
[0.32552267]
3866
[0.02046171]
3867
[0.2742244]
3868
[0.55909349]
3869
[0.51434394]
3870
[0.09631765]
3871
[0.30969661]
3872
[0.53180718]
3873
[0.49578925]
3874
[0.09249757]
3875
[0.55909349]
3876
[0.55909349]
3877
[0.55909349]
3878
[0.55909349]
3879
[0.55909349]
3880
[0.55909349]
3881
[0.47723456]
3882
[0.14161293]
3883
[0.36863504]
3884
[0.55909349]
3885
[0.55909349]
3886
[0.09249757]
3887
[0.0826745]
3888
[0.30423934]
3889
[0.55909349]
3890
[0.09086039]
3891
[0.00954718]
3892
[0.18363385]
3893
[0.55909349]
3894
[0.55909349]
3895
[0.00408992]
3896
[0.05429673]
3897
[0.55909349]
3898
[0.41283886]
3899
[0.13779285]
3900
[0.55909349]
3901
[0.08540313]
3902
[0.44721961]
3903
[0.20273427]
3904
[0.55909349]
3905
[0.43139355]
3906
[0.55909349]
3907
[0.55909349]
3908
[0.10723218]
3909
[0.45431405]
3910
[0.55909349]
3911
[0.10504927]
3912
[0.55909349]
3913
[0.55909349]
3914
[0.25839834]
3915
[0.16617061]
3916
[0.55909349]
3917
[0.08322022]
3918
[0.55909349]
3919
[0.14161293]
3920
[0.55909349]
3921
[0.00245274]
3922
[0.18909111]
3923
[0.55909349]
3924
[0.55909349]
3925
[0.10723218]
3926
[0.16999069]
3927
[0.55909349]
3928
[0.55909349]
3929
[0.22620049]
3930
[0.55909349]
3931
[0.02046171]
3932
[0.46031704]
3933
[0.55909349]
3934
[0.55909349]
3935
[0.3386201]
3936
[0.55909349]
3937
[0.53562726]
3938
[0.50397514]
3939
[0.55909349]
3940
[0.55909349]
3941
[0.40683587]
3942
[0.55909349]
3943
[0.55909349]
3944
[0.31569959]
3945
[0.1639877]
3946
[0.55909349]
3947
[0.32715984]
3948
[0.55909349]
3949
[0.55909349]
3950
[0.55909349]
3951
[0.23274921]
3952
[0.49906361]
3953
[0.55909349]
3954
[0.386644]
3955
[0.27040432]
3956
[0.55909349]
3957
[0.55909349]
3958
[0.5530905]
3959
[0.55909349]
3960
[0.55636486]
3961
[0.55909349]
3962
[0.55909349]
3963
[0.41283886]
3964
[0.49742643]
3965
[0.09686338]
3966
[0.49251489]
3967
[0.55909349]
3968
[0.06684844]
3969
[0.55909349]
3970
[0.12087533]
3971
[0.43303073]
3972
[0.55363623]
3973
[0.55909349]
3974
[0.55909349]
3975
[0.55909349]
3976
[0.55909349]
3977
[0.35062607]
3978
[0.55909349]
3979
[0.55909349]
3980
[0.26112697]
3981
[0.03465059]
3982
[0.19127402]
3983
[0.03355914]
3984
[0.55909349]
3985
[0.35390043]
3986
[0.55909349]
3987
[0.50397514]
3988
[0.05429673]
3989
[0.55909349]
3990
[0.19673128]
3991
[0.55909349]
3992
[0.01063864]
3993
[0.00081556]
3994
[0.31897395]
3995
[0.53017]
3996
[0.55909349]
3997
[0.55909349]
3998
[0.04065358]
3999
[0.14979882]
4000
[0.55909349]
4001
[0.47941746]
4002
[0.44831107]
4003
[0.55909349]
4004
[0.55909349]
4005
[0.43466791]
4006
[0.17763086]
4007
[0.00081556]
4008
[0.33152565]
4009
[0.55909349]
4010
[0.05265955]
4011
[0.55909349]
4012
[0.16507916]
4013
[0.55909349]
4014
[0.09577193]
4015
[0.30423934]
4016
[0.28623038]
4017
[0.55909349]
4018
[0.32224831]
4019
[0.55909349]
4020
[0.31679105]
4021
[0.4532226]
4022
[0.55909349]
4023
[0.52089265]
4024
[0.17872231]
4025
[0.14379583]
4026
[0.55909349]
4027
[0.55909349]
4028
[0.43739654]
4029
[0.41338459]
4030
[0.55909349]
4031
[0.23220348]
4032
[0.20273427]
4033
[0.55909349]
4034
[0.3533547]
4035
[0.54490461]
4036
[0.2158317]
4037
[0.55909349]
4038
[0.55909349]
4039
[0.55909349]
4040
[0.02373606]
4041
[0.00081556]
4042
[0.0493852]
4043
[0.3200654]
4044
[0.3053308]
4045
[0.55909349]
4046
[0.55909349]
4047
[0.55909349]
4048
[0.45540551]
4049
[0.52962427]
4050
[0.43248501]
4051
[0.34844317]
4052
[0.07776296]
4053
[0.55909349]
4054
[0.55909349]
4055
[0.52143838]
4056
[0.52089265]
4057
[0.12960695]
4058
[0.55909349]
4059
[0.55909349]
4060
[0.42757347]
4061
[0.32061113]
4062
[0.02755615]
4063
[0.55909349]
4064
[0.55909349]
4065
[0.55909349]
4066
[0.55909349]
4067
[0.3282513]
4068
[0.37845811]
4069
[0.55909349]
4070
[0.09577193]
4071
[0.43357646]
4072
[0.55909349]
4073
[0.1077779]
4074
[0.30969661]
4075
[0.23438639]
4076
[0.55909349]
4077
[0.00081556]
4078
[0.17872231]
4079
[0.55909349]
4080
[0.25512398]
4081
[0.18799966]
4082
[0.55909349]
4083
[0.55909349]
4084
[0.37027222]
4085
[0.40465297]
4086
[0.29550772]
4087
[0.55909349]
4088
[0.15361891]
4089
[0.48378327]
4090
[0.30423934]
4091
[0.01063864]
4092
[0.55909349]
4093
[0.35662906]
4094
[0.52416701]
4095
[0.31406242]
4096
[0.14707019]
4097
[0.50506659]
4098
[0.46304567]
4099
[0.55909349]
4100
[0.55909349]
4101
[0.55909349]
4102
[0.05647964]
4103
[0.22947485]
4104
[0.15689326]
4105
[0.03246768]
4106
[0.55909349]
4107
[0.29605345]
4108
[0.48924053]
4109
[0.45922559]
4110
[0.42102476]
4111
[0.55909349]
4112
[0.51161531]
4113
[0.11487234]
4114
[0.06848561]
4115
[0.46741148]
4116
[0.07121425]
4117
[0.55909349]
4118
[0.4761431]
4119
[0.55909349]
4120
[0.55909349]
4121
[0.55909349]
4122
[0.55909349]
4123
[0.55909349]
4124
[0.53617299]
4125
[0.47941746]
4126
[0.55909349]
4127
[0.55909349]
4128
[0.50779522]
4129
[0.55909349]
4130
[0.50452087]
4131
[0.55909349]
4132
[0.27313295]
4133
[0.55909349]
4134
[0.01500444]
4135
[0.55909349]
4136
[0.55909349]
4137
[0.13833857]
4138
[0.15252745]
4139
[0.00081556]
4140
[0.35062607]
4141
[0.3178825]
4142
[0.55909349]
4143
[0.55909349]
4144
[0.55909349]
4145
[0.55909349]
4146
[0.55909349]
4147
[0.55909349]
4148
[0.09795483]
4149
[0.16507916]
4150
[0.3075137]
4151
[0.55909349]
4152
[0.55909349]
4153
[0.55909349]
4154
[0.55909349]
4155
[0.07066852]
4156
[0.55909349]
4157
[0.55418195]
4158
[0.24802954]
4159
[0.55909349]
4160
[0.00081556]
4161
[0.3200654]
4162
[0.55909349]
4163
[0.27913594]
4164
[0.05811682]
4165
[0.55909349]
4166
[0.40410724]
4167
[0.25730689]
4168
[0.11760097]
4169
[0.55909349]
4170
[0.55909349]
4171
[0.55909349]
4172
[0.55909349]
4173
[0.23002058]
4174
[0.03847067]
4175
[0.55909349]
4176
[0.55909349]
4177
[0.26221842]
4178
[0.33207138]
4179
[0.47341447]
4180
[0.55909349]
4181
[0.05647964]
4182
[0.21201161]
4183
[0.11760097]
4184
[0.55909349]
4185
[0.44012517]
4186
[0.55909349]
4187
[0.55909349]
4188
[0.16726206]
4189
[0.55909349]
4190
[0.11323517]
4191
[0.23329493]
4192
[0.55909349]
4193
[0.29059619]
4194
[0.55909349]
4195
[0.22783767]
4196
[0.55909349]
4197
[0.55909349]
4198
[0.55909349]
4199
[0.55909349]
4200
[0.54163025]
4201
[0.23274921]
4202
[0.45485978]
4203
[0.00081556]
4204
[0.4177504]
4205
[0.37791238]
4206
[0.03301341]
4207
[0.07994587]
4208
[0.55909349]
4209
[0.02428179]
4210
[0.38064101]
4211
[0.28950474]
4212
[0.00081556]
4213
[0.03792495]
4214
[0.55909349]
4215
[0.55909349]
4216
[0.27095004]
4217
[0.55909349]
4218
[0.11323517]
4219
[0.55909349]
4220
[0.10941508]
4221
[0.55909349]
4222
[0.55909349]
4223
[0.55909349]
4224
[0.05265955]
4225
[0.55909349]
4226
[0.45595123]
4227
[0.03083051]
4228
[0.55909349]
4229
[0.47941746]
4230
[0.55909349]
4231
[0.10450355]
4232
[0.18145094]
4233
[0.55909349]
4234
[0.55909349]
4235
[0.33589146]
4236
[0.55909349]
4237
[0.21746887]
4238
[0.15525608]
4239
[0.55909349]
4240
[0.23384066]
4241
[0.55909349]
4242
[0.03410486]
4243
[0.53617299]
4244
[0.55909349]
4245
[0.55909349]
4246
[0.55909349]
4247
[0.19072829]
4248
[0.55909349]
4249
[0.12469542]
4250
[0.13397276]
4251
[0.55909349]
4252
[0.55909349]
4253
[0.55909349]
4254
[0.55909349]
4255
[0.16453343]
4256
[0.55909349]
4257
[0.55909349]
4258
[0.21474024]
4259
[0.47286875]
4260
[0.29387055]
4261
[0.07612578]
4262
[0.55909349]
4263
[0.55909349]
4264
[0.00081556]
4265
[0.38391537]
4266
[0.55909349]
4267
[0.55909349]
4268
[0.22565477]
4269
[0.55909349]
4270
[0.45922559]
4271
[0.03301341]
4272
[0.00081556]
4273
[0.08813176]
4274
[0.55418195]
4275
[0.55909349]
4276
[0.55909349]
4277
[0.55909349]
4278
[0.55909349]
4279
[0.55909349]
4280
[0.55909349]
4281
[0.55909349]
4282
[0.55909349]
4283
[0.55909349]
4284
[0.55909349]
4285
[0.06521126]
4286
[0.50070078]
4287
[0.55909349]
4288
[0.09086039]
4289
[0.04229076]
4290
[0.55909349]
4291
[0.06575698]
4292
[0.13015268]
4293
[0.49087771]
4294
[0.54927042]
4295
[0.55909349]
4296
[0.55909349]
4297
[0.0411993]
4298
[0.55909349]
4299
[0.55909349]
4300
[0.55909349]
4301
[0.55909349]
4302
[0.55909349]
4303
[0.31187951]
4304
[0.50888668]
4305
[0.03956212]
4306
[0.55909349]
4307
[0.55909349]
4308
[0.55909349]
4309
[0.55909349]
4310
[0.55909349]
4311
[0.20273427]
4312
[0.06302835]
4313
[0.3200654]
4314
[0.55909349]
4315
[0.0160959]
4316
[0.55909349]
4317
[0.55909349]
4318
[0.55909349]
4319
[0.31569959]
4320
[0.30205644]
4321
[0.10996081]
4322
[0.14161293]
4323
[0.25239535]
4324
[0.30696797]
4325
[0.40847305]
4326
[0.43848799]
4327
[0.55909349]
4328
[0.55909349]
4329
[0.07285142]
4330
[0.15361891]
4331
[0.55909349]
4332
[0.24202655]
4333
[0.33643719]
4334
[0.55909349]
4335
[0.55909349]
4336
[0.06302835]
4337
[0.55909349]
4338
[0.55909349]
4339
[0.16835351]
4340
[0.55909349]
4341
[0.44394526]
4342
[0.13724712]
4343
[0.55909349]
4344
[0.55909349]
4345
[0.55909349]
4346
[0.48323754]
4347
[0.26767569]
4348
[0.35717479]
4349
[0.39537562]
4350
[0.5509076]
4351
[0.55909349]
4352
[0.47778028]
4353
[0.55909349]
4354
[0.55909349]
4355
[0.55909349]
4356
[0.55909349]
4357
[0.21474024]
4358
[0.21910605]
4359
[0.55909349]
4360
[0.55909349]
4361
[0.25894407]
4362
[0.55909349]
4363
[0.39319272]
4364
[0.33316283]
4365
[0.55909349]
4366
[0.08540313]
4367
[0.55909349]
4368
[0.55909349]
4369
[0.55909349]
4370
[0.45595123]
4371
[0.55909349]
4372
[0.42266193]
4373
[0.11978388]
4374
[0.55909349]
4375
[0.55909349]
4376
[0.16071335]
4377
[0.23547784]
4378
[0.55909349]
4379
[0.27804448]
4380
[0.14270438]
4381
[0.27367867]
4382
[0.04229076]
4383
[0.55909349]
4384
[0.55909349]
4385
[0.22620049]
4386
[0.55909349]
4387
[0.55909349]
4388
[0.55909349]
4389
[0.55909349]
4390
[0.42757347]
4391
[0.03683349]
4392
[0.55909349]
4393
[0.55909349]
4394
[0.22401759]
4395
[0.55909349]
4396
[0.03792495]
4397
[0.55909349]
4398
[0.08704031]
4399
[0.08813176]
4400
[0.55909349]
4401
[0.02537324]
4402
[0.30369362]
4403
[0.20109709]
4404
[0.22783767]
4405
[0.36263205]
4406
[0.55909349]
4407
[0.51379821]
4408
[0.55909349]
4409
[0.55909349]
4410
[0.4095645]
4411
[0.55909349]
4412
[0.55909349]
4413
[0.0744886]
4414
[0.55909349]
4415
[0.55909349]
4416
[0.55909349]
4417
[0.02701042]
4418
[0.55909349]
4419
[0.00081556]
4420
[0.07394288]
4421
[0.18581675]
4422
[0.55909349]
4423
[0.4946978]
4424
[0.00081556]
4425
[0.27586158]
4426
[0.19291119]
4427
[0.55909349]
4428
[0.55909349]
4429
[0.55909349]
4430
[0.13560994]
4431
[0.29332482]
4432
[0.08813176]
4433
[0.55909349]
4434
[0.55909349]
4435
[0.55909349]
4436
[0.55909349]
4437
[0.52034693]
4438
[0.55909349]
4439
[0.06575698]
4440
[0.55909349]
4441
[0.39755853]
4442
[0.55909349]
4443
[0.55909349]
4444
[0.40028716]
4445
[0.11650952]
4446
[0.55909349]
4447
[0.49524352]
4448
[0.42757347]
4449
[0.55909349]
4450
[0.55909349]
4451
[0.19891418]
4452
[0.43739654]
4453
[0.16671633]
4454
[0.55909349]
4455
[0.45922559]
4456
[0.55909349]
4457
[0.55909349]
4458
[0.41720467]
4459
[0.55909349]
4460
[0.22074323]
4461
[0.55909349]
4462
[0.55909349]
4463
[0.34462308]
4464
[0.07558006]
4465
[0.53180718]
4466
[0.55909349]
4467
[0.49960933]
4468
[0.18035949]
4469
[0.38828118]
4470
[0.55909349]
4471
[0.55909349]
4472
[0.55909349]
4473
[0.00081556]
4474
[0.01882453]
4475
[0.55909349]
4476
[0.28350175]
4477
[0.55909349]
4478
[0.55909349]
4479
[0.35990342]
4480
[0.55909349]
4481
[0.55909349]
4482
[0.5509076]
4483
[0.05211383]
4484
[0.34789744]
4485
[0.41393031]
4486
[0.26985859]
4487
[0.5427217]
4488
[0.55909349]
4489
[0.55909349]
4490
[0.30205644]
4491
[0.55909349]
4492
[0.55745631]
4493
[0.48378327]
4494
[0.14979882]
4495
[0.55909349]
4496
[0.13015268]
4497
[0.28786756]
4498
[0.55909349]
4499
[0.55909349]
4500
[0.08813176]
4501
[0.55909349]
4502
[0.55909349]
4503
[0.55909349]
4504
[0.55909349]
4505
[0.52798709]
4506
[0.55909349]
4507
[0.55909349]
4508
[0.55909349]
4509
[0.55909349]
4510
[0.00081556]
4511
[0.2158317]
4512
[0.55909349]
4513
[0.55909349]
4514
[0.55909349]
4515
[0.55636486]
4516
[0.08431168]
4517
[0.54108452]
4518
[0.3178825]
4519
[0.52307556]
4520
[0.49633497]
4521
[0.55909349]
4522
[0.55909349]
4523
[0.00081556]
4524
[0.47341447]
4525
[0.55909349]
4526
[0.36536068]
4527
[0.55909349]
4528
[0.00081556]
4529
[0.16507916]
4530
[0.53399008]
4531
[0.04883947]
4532
[0.55909349]
4533
[0.55909349]
4534
[0.55909349]
4535
[0.55909349]
4536
[0.55909349]
4537
[0.55909349]
4538
[0.55909349]
4539
[0.00081556]
4540
[0.17653941]
4541
[0.55909349]
4542
[0.55909349]
4543
[0.55909349]
4544
[0.55909349]
4545
[0.25184963]
4546
[0.34844317]
4547
[0.55909349]
4548
[0.52143838]
4549
[0.21255734]
4550
[0.3200654]
4551
[0.31515387]
4552
[0.4532226]
4553
[0.55909349]
4554
[0.36918076]
4555
[0.23656929]
4556
[0.35444616]
4557
[0.55909349]
4558
[0.05429673]
4559
[0.55909349]
4560
[0.55909349]
4561
[0.30805943]
4562
[0.55909349]
4563
[0.55909349]
4564
[0.55909349]
4565
[0.55909349]
4566
[0.28131884]
4567
[0.55909349]
4568
[0.18363385]
4569
[0.55909349]
4570
[0.55909349]
4571
[0.26440133]
4572
[0.55909349]
4573
[0.0493852]
4574
[0.55909349]
4575
[0.07558006]
4576
[0.55909349]
4577
[0.06739416]
4578
[0.55909349]
4579
[0.13178986]
4580
[0.09413475]
4581
[0.30696797]
4582
[0.06793989]
4583
[0.0160959]
4584
[0.07394288]
4585
[0.04501939]
4586
[0.55909349]
4587
[0.55909349]
4588
[0.20710008]
4589
[0.55909349]
4590
[0.05811682]
4591
[0.44503671]
4592
[0.55909349]
4593
[0.55909349]
4594
[0.55909349]
4595
[0.06903134]
4596
[0.53399008]
4597
[0.55909349]
4598
[0.23438639]
4599
[0.19782273]
4600
[0.55909349]
4601
[0.55909349]
4602
[0.14379583]
4603
[0.16944497]
4604
[0.55909349]
4605
[0.55909349]
4606
[0.55909349]
4607
[0.54817897]
4608
[0.20491717]
4609
[0.22456331]
4610
[0.55909349]
4611
[0.55909349]
4612
[0.55254478]
4613
[0.47559738]
4614
[0.19563982]
4615
[0.42975637]
4616
[0.55909349]
4617
[0.20273427]
4618
[0.32333976]
4619
[0.32770557]
4620
[0.04010785]
4621
[0.55909349]
4622
[0.21310306]
4623
[0.55909349]
4624
[0.55909349]
4625
[0.02591897]
4626
[0.55909349]
4627
[0.24038938]
4628
[0.47450593]
4629
[0.55909349]
4630
[0.55909349]
4631
[0.55909349]
4632
[0.20928298]
4633
[0.0264647]
4634
[0.55909349]
4635
[0.3762752]
4636
[0.55909349]
4637
[0.55909349]
4638
[0.30587652]
4639
[0.30314789]
4640
[0.39428417]
4641
[0.55909349]
4642
[0.51598112]
4643
[0.55909349]
4644
[0.55909349]
4645
[0.30696797]
4646
[0.26330988]
4647
[0.49087771]
4648
[0.19945991]
4649
[0.46904866]
4650
[0.52198411]
4651
[0.18199667]
4652
[0.55909349]
4653
[0.55909349]
4654
[0.06848561]
4655
[0.55909349]
4656
[0.43794227]
4657
[0.35226325]
4658
[0.55909349]
4659
[0.08976894]
4660
[0.48760335]
4661
[0.07994587]
4662
[0.07885441]
4663
[0.55909349]
4664
[0.55909349]
4665
[0.55909349]
4666
[0.1159638]
4667
[0.03192196]
4668
[0.45267688]
4669
[0.29332482]
4670
[0.07175997]
4671
[0.1306984]
4672
[0.55909349]
4673
[0.06466553]
4674
[0.55909349]
4675
[0.00081556]
4676
[0.35390043]
4677
[0.37081794]
4678
[0.19236547]
4679
[0.55909349]
4680
[0.55909349]
4681
[0.28895901]
4682
[0.06084545]
4683
[0.27913594]
4684
[0.105595]
4685
[0.55909349]
4686
[0.2742244]
4687
[0.55909349]
4688
[0.22783767]
4689
[0.02755615]
4690
[0.50561232]
4691
[0.55909349]
4692
[0.55909349]
4693
[0.27586158]
4694
[0.04720229]
4695
[0.2305663]
4696
[0.46577431]
4697
[0.55909349]
4698
[0.55909349]
4699
[0.1388843]
4700
[0.54381316]
4701
[0.55909349]
4702
[0.3719094]
4703
[0.55800204]
4704
[0.55909349]
4705
[0.07885441]
4706
[0.55909349]
4707
[0.53453581]
4708
[0.55909349]
4709
[0.35935769]
4710
[0.01445872]
4711
[0.16617061]
4712
[0.14816164]
4713
[0.47832601]
4714
[0.46413713]
4715
[0.55909349]
4716
[0.5509076]
4717
[0.55909349]
4718
[0.55909349]
4719
[0.55909349]
4720
[0.55909349]
4721
[0.55909349]
4722
[0.55909349]
4723
[0.00081556]
4724
[0.4761431]
4725
[0.15471036]
4726
[0.55909349]
4727
[0.20600862]
4728
[0.55909349]
4729
[0.35499188]
4730
[0.05429673]
4731
[0.40901878]
4732
[0.55909349]
4733
[0.55909349]
4734
[0.49633497]
4735
[0.13615567]
4736
[0.55909349]
4737
[0.55909349]
4738
[0.55909349]
4739
[0.13397276]
4740
[0.55909349]
4741
[0.20928298]
4742
[0.5094324]
4743
[0.02701042]
4744
[0.55909349]
4745
[0.55909349]
4746
[0.55909349]
4747
[0.55909349]
4748
[0.55909349]
4749
[0.31842823]
4750
[0.55909349]
4751
[0.19782273]
4752
[0.0057271]
4753
[0.55909349]
4754
[0.55909349]
4755
[0.55909349]
4756
[0.17817659]
4757
[0.55909349]
4758
[0.55909349]
4759
[0.04556511]
4760
[0.55909349]
4761
[0.32552267]
4762
[0.15089027]
4763
[0.38009529]
4764
[0.55909349]
4765
[0.55581913]
4766
[0.55909349]
4767
[0.53781017]
4768
[0.55909349]
4769
[0.21856033]
4770
[0.41011023]
4771
[0.51270676]
4772
[0.09959201]
4773
[0.55909349]
4774
[0.55909349]
4775
[0.26658423]
4776
[0.43739654]
4777
[0.55909349]
4778
[0.55909349]
4779
[0.55909349]
4780
[0.39046409]
4781
[0.49251489]
4782
[0.55909349]
4783
[0.55909349]
4784
[0.55909349]
4785
[0.55909349]
4786
[0.04065358]
4787
[0.12414969]
4788
[0.03737922]
4789
[0.19563982]
4790
[0.05920827]
4791
[0.55909349]
4792
[0.55909349]
4793
[0.2305663]
4794
[0.10395782]
4795
[0.40301579]
4796
[0.46686576]
4797
[0.55909349]
4798
[0.39100981]
4799
[0.55909349]
4800
[0.55909349]
4801
[0.36863504]
4802
[0.55909349]
4803
[0.3948299]
4804
[0.55909349]
4805
[0.55909349]
4806
[0.27695303]
4807
[0.00081556]
4808
[0.27258722]
4809
[0.09304329]
4810
[0.55909349]
4811
[0.01500444]
4812
[0.55909349]
4813
[0.55909349]
4814
[0.44667389]
4815
[0.55909349]
4816
[0.55909349]
4817
[0.00845573]
4818
[0.03737922]
4819
[0.55909349]
4820
[0.55909349]
4821
[0.55909349]
4822
[0.08212877]
4823
[0.55909349]
4824
[0.55909349]
4825
[0.55909349]
4826
[0.55909349]
4827
[0.39428417]
4828
[0.14379583]
4829
[0.55909349]
4830
[0.08103732]
4831
[0.09140612]
4832
[0.55909349]
4833
[0.00081556]
4834
[0.12796977]
4835
[0.55909349]
4836
[0.51161531]
4837
[0.55909349]
4838
[0.31624532]
4839
[0.55909349]
4840
[0.55909349]
4841
[0.53180718]
4842
[0.1388843]
4843
[0.33480001]
4844
[0.19345692]
4845
[0.55909349]
4846
[0.55909349]
4847
[0.2180146]
4848
[0.55909349]
4849
[0.55909349]
4850
[0.55909349]
4851
[0.55909349]
4852
[0.2387522]
4853
[0.55909349]
4854
[0.55909349]
4855
[0.4095645]
4856
[0.55909349]
4857
[0.55909349]
4858
[0.55909349]
4859
[0.48105464]
4860
[0.38118674]
4861
[0.5323529]
4862
[0.30151071]
4863
[0.19127402]
4864
[0.55909349]
4865
[0.01445872]
4866
[0.48487472]
4867
[0.55909349]
4868
[0.00081556]
4869
[0.55909349]
4870
[0.55909349]
4871
[0.06575698]
4872
[0.03519632]
4873
[0.00518137]
4874
[0.54435888]
4875
[0.38555255]
4876
[0.55909349]
4877
[0.17653941]
4878
[0.55909349]
4879
[0.41229314]
4880
[0.55909349]
4881
[0.55909349]
4882
[0.55636486]
4883
[0.50288369]
4884
[0.4073816]
4885
[0.06302835]
4886
[0.55909349]
4887
[0.55909349]
4888
[0.17381078]
4889
[0.01336727]
4890
[0.06357408]
4891
[0.00081556]
4892
[0.55909349]
4893
[0.55909349]
4894
[0.40247006]
4895
[0.35662906]
4896
[0.55909349]
4897
[0.43848799]
4898
[0.55909349]
4899
[0.55909349]
4900
[0.20273427]
4901
[0.55909349]
4902
[0.55909349]
4903
[0.21528597]
4904
[0.55909349]
4905
[0.50888668]
4906
[0.12414969]
4907
[0.49960933]
4908
[0.55909349]
4909
[0.55909349]
4910
[0.55909349]
4911
[0.55909349]
4912
[0.55909349]
4913
[0.55909349]
4914
[0.55909349]
4915
[0.10886936]
4916
[0.43957945]
4917
[0.11323517]
4918
[0.42429911]
4919
[0.00791]
4920
[0.00081556]
4921
[0.4739602]
4922
[0.39864998]
4923
[0.55909349]
4924
[0.18308812]
4925
[0.13615567]
4926
[0.1159638]
4927
[0.55909349]
4928
[0.18799966]
4929
[0.25566971]
4930
[0.55909349]
4931
[0.46795721]
4932
[0.26330988]
4933
[0.50179224]
4934
[0.11487234]
4935
[0.31133378]
4936
[0.55909349]
4937
[0.55909349]
4938
[0.55909349]
4939
[0.34735171]
4940
[0.26003552]
4941
[0.00081556]
4942
[0.55909349]
4943
[0.31078806]
4944
[0.01882453]
4945
[0.51925548]
4946
[0.16944497]
4947
[0.12796977]
4948
[0.03192196]
4949
[0.55909349]
4950
[0.51652684]
4951
[0.09795483]
4952
[0.14434156]
4953
[0.55909349]
4954
[0.05647964]
4955
[0.55909349]
4956
[0.01063864]
4957
[0.38391537]
4958
[0.55909349]
4959
[0.33534574]
4960
[0.42921065]
4961
[0.03246768]
4962
[0.05211383]
4963
[0.55909349]
4964
[0.55909349]
4965
[0.55909349]
4966
[0.55909349]
4967
[0.55909349]
4968
[0.41283886]
4969
[0.55909349]
4970
[0.51052386]
4971
[0.03519632]
4972
[0.4428538]
4973
[0.55909349]
4974
[0.39319272]
4975
[0.55909349]
4976
[0.36699786]
4977
[0.13124413]
4978
[0.22783767]
4979
[0.21965178]
4980
[0.55909349]
4981
[0.11650952]
4982
[0.3615406]
4983
[0.55909349]
4984
[0.08431168]
4985
[0.55909349]
4986
[0.2305663]
4987
[0.38227819]
4988
[0.06630271]
4989
[0.55909349]
4990
[0.55909349]
4991
[0.55909349]
4992
[0.28513893]
4993
[0.52798709]
4994
[0.27640731]
4995
[0.55909349]
4996
[0.41011023]
4997
[0.55909349]
4998
[0.0493852]
4999
[0.55909349]
[1] 40000    11
[1] 40000    11
