LOADING R
R LOADED
[1] "/home/lvanderl/Rlibs2"                         
[2] "/app/software/R/4.3.1-gfbf-2022b/lib/R/library"
[1] "/home/lvanderl/sieveSims"
[1] "xg 5 2"
[1] "histogram binning"
[1] 0.1798611
[1] 0.1798611
[1] "mondrian"
[1] "iso"
[1] 0.1798611
[1] "conditional"
[   10.            11.51395399    13.25711366    15.26417967
    17.57510625    20.23589648    23.29951811    26.82695795
    30.88843596    35.56480306    40.94915062    47.14866363
    54.28675439    62.50551925    71.9685673     82.86427729
    95.40954763   109.8541142    126.48552169   145.63484775
   167.68329368   193.06977289   222.29964825   255.95479227
   294.70517026   339.32217719   390.69399371   449.8432669
   517.94746792   596.36233166   686.648845     790.60432109
   910.29817799  1048.11313415  1206.79264064  1389.49549437
  1599.85871961  1842.06996933  2120.95088792  2442.05309455
  2811.76869797  3237.45754282  3727.59372031  4291.93426013
  4941.71336132  5689.86602902  6551.2855686   7543.12006335
  8685.11373751 10000.        ]
[0.24002479 0.24057376 0.24184824 0.23949854 0.23938646 0.24177407
 0.24700908 0.24135285 0.24826534 0.25286055 0.25243927 0.24708462
 0.2612913  0.2593888  0.27256727 0.26029128 0.26649166 0.26767032
 0.25647008 0.28209537 0.27253192 0.28816104 0.33520883 0.29903946
 0.28432205 0.33779496 0.37560622 0.41112673 0.41872908 0.4208036
 0.46933343 0.55679035 0.46360806 0.65711359 0.61792757 0.66319398
 0.88857795 0.8684715  0.9063025  1.15953165 1.29089264 1.50636695
 1.65467634 1.45500881 1.89078074 2.15066386 2.52597268 2.65896679
 3.74550165 3.2664447 ]
17.57510624854792
0.05689866029018296
0
[0.17654213]
1
[0.15612058]
2
[0.2027953]
3
[0.17171151]
4
[0.16187732]
5
[0.19896535]
6
[0.12363242]
7
[0.13778655]
8
[0.21704006]
9
[0.14890008]
10
[0.07781277]
11
[0.16748033]
12
[0.16608202]
13
[0.11681389]
14
[0.14403776]
15
[0.21645818]
16
[0.16025674]
17
[0.19070099]
18
[0.17228183]
19
[0.17052898]
20
[0.16326417]
21
[0.16016026]
22
[0.16595861]
23
[0.176256]
24
[0.22459099]
25
[0.14440392]
26
[0.16334378]
27
[0.19605443]
28
[0.1754065]
29
[0.26052249]
30
[0.17791388]
31
[0.15788845]
32
[0.20003631]
33
[0.14299884]
34
[0.18816285]
35
[0.09809269]
36
[0.18489496]
37
[0.17715427]
38
[0.15934082]
39
[0.13412069]
40
[0.20458515]
41
[0.16804273]
42
[0.18217459]
43
[0.16023513]
44
[0.1158558]
45
[0.1873311]
46
[0.1578135]
47
[0.15380545]
48
[0.23565098]
49
[0.14432926]
50
[0.25156044]
51
[0.27161745]
52
[0.20102799]
53
[0.19079072]
54
[0.22904549]
55
[0.16893294]
56
[0.15545393]
57
[0.18723912]
58
[0.14960851]
59
[0.27605139]
60
[0.27710031]
61
[0.10643708]
62
[0.13237039]
63
[0.16446437]
64
[0.18994496]
65
[0.20502443]
66
[0.15874173]
67
[0.20686343]
68
[0.26618701]
69
[0.15523838]
70
[0.18929905]
71
[0.1923859]
72
[0.12824583]
73
[0.23850352]
74
[0.15551896]
75
[0.18279182]
76
[0.18377855]
77
[0.18411029]
78
[0.22674888]
79
[0.24906755]
80
[0.16011112]
81
[0.19642884]
82
[0.15306716]
83
[0.14499388]
84
[0.21053115]
85
[0.23150961]
86
[0.12885223]
87
[0.20577669]
88
[0.22225546]
89
[0.18123761]
90
[0.17039059]
91
[0.13063998]
92
[0.12950335]
93
[0.14974585]
94
[0.15529902]
95
[0.14875115]
96
[0.15700349]
97
[0.20419923]
98
[0.14770429]
99
[0.17125821]
100
[0.18511009]
101
[0.12534922]
102
[0.16804321]
103
[0.27512458]
104
[0.17641476]
105
[0.15411763]
106
[0.21081399]
107
[0.17724998]
108
[0.18099485]
109
[0.12050644]
110
[0.19535499]
111
[0.12349685]
112
[0.18992245]
113
[0.14317112]
114
[0.24392483]
115
[0.19172602]
116
[0.11765567]
117
[0.12345564]
118
[0.17091502]
119
[0.20903477]
120
[0.18376203]
121
[0.18680455]
122
[0.15414066]
123
[0.203098]
124
[0.17311095]
125
[0.18357871]
126
[0.15936013]
127
[0.19749752]
128
[0.18438267]
129
[0.23618031]
130
[0.15434813]
131
[0.18178112]
132
[0.19823141]
133
[0.15553885]
134
[0.13306058]
135
[0.1583868]
136
[0.18151445]
137
[0.13477461]
138
[0.23412753]
139
[0.26364011]
140
[0.1937059]
141
[0.13846308]
142
[0.14372679]
143
[0.14148183]
144
[0.18795293]
145
[0.155923]
146
[0.13246094]
147
[0.1423831]
148
[0.270385]
149
[0.16908683]
150
[0.16024493]
151
[0.16796143]
152
[0.16634831]
153
[0.12908572]
154
[0.2122961]
155
[0.06036701]
156
[0.25494317]
157
[0.1756799]
158
[0.16346567]
159
[0.23929941]
160
[0.14958409]
161
[0.19957053]
162
[0.12320744]
163
[0.23174788]
164
[0.15642019]
165
[0.20309029]
166
[0.15920622]
167
[0.20022938]
168
[0.18438403]
169
[0.14121367]
170
[0.15286456]
171
[0.13805709]
172
[0.17068939]
173
[0.15161149]
174
[0.20570765]
175
[0.168063]
176
[0.15803852]
177
[0.140169]
178
[0.19206599]
179
[0.19478679]
180
[0.15075915]
181
[0.13803292]
182
[0.17695053]
183
[0.20964835]
184
[0.14881548]
185
[0.16704178]
186
[0.23556053]
187
[0.22616984]
188
[0.20221951]
189
[0.17933518]
190
[0.12756022]
191
[0.14042401]
192
[0.12589776]
193
[0.191236]
194
[0.14177785]
195
[0.17143995]
196
[0.10256911]
197
[0.14851251]
198
[0.20103718]
199
[0.17069709]
200
[0.15607979]
201
[0.19888641]
202
[0.14397793]
203
[0.1477261]
204
[0.19304278]
205
[0.10434037]
206
[0.12227021]
207
[0.25423144]
208
[0.28074619]
209
[0.17408318]
210
[0.16219195]
211
[0.13895249]
212
[0.16228744]
213
[0.15846043]
214
[0.11182528]
215
[0.17301489]
216
[0.18864984]
217
[0.17155093]
218
[0.16268911]
219
[0.17618347]
220
[0.17048802]
221
[0.22191614]
222
[0.10978797]
223
[0.22013618]
224
[0.09844881]
225
[0.15619953]
226
[0.1972738]
227
[0.15786653]
228
[0.15372116]
229
[0.21304931]
230
[0.14199789]
231
[0.13066386]
232
[0.14379945]
233
[0.2249602]
234
[0.16308612]
235
[0.1594032]
236
[0.2069942]
237
[0.21673693]
238
[0.18694153]
239
[0.17888138]
240
[0.14347838]
241
[0.12890921]
242
[0.17531011]
243
[0.14895385]
244
[0.21742092]
245
[0.19462644]
246
[0.09924239]
247
[0.18249229]
248
[0.10759696]
249
[0.13818682]
250
[0.17700245]
251
[0.14315409]
252
[0.13260746]
253
[0.194744]
254
[0.2266021]
255
[0.15941006]
256
[0.16615951]
257
[0.10083024]
258
[0.15883431]
259
[0.1435268]
260
[0.27678248]
261
[0.14855328]
262
[0.23629946]
263
[0.2267805]
264
[0.1578722]
265
[0.32440529]
266
[0.15627873]
267
[0.16392215]
268
[0.12911632]
269
[0.08153414]
270
[0.15347248]
271
[0.20503341]
272
[0.1378007]
273
[0.13761794]
274
[0.28380472]
275
[0.18702543]
276
[0.17082904]
277
[0.21891971]
278
[0.18538766]
279
[0.12489097]
280
[0.14590331]
281
[0.14887191]
282
[0.20575754]
283
[0.3498012]
284
[0.22234618]
285
[0.14598305]
286
[0.20404009]
287
[0.24071889]
288
[0.16907963]
289
[0.15337858]
290
[0.22275996]
291
[0.20015173]
292
[0.21071924]
293
[0.24283895]
294
[0.21073576]
295
[0.13836311]
296
[0.20155744]
297
[0.13310448]
298
[0.24008141]
299
[0.17391692]
300
[0.25636286]
301
[0.17648547]
302
[0.18950044]
303
[0.13553605]
304
[0.16201688]
305
[0.18241119]
306
[0.14569045]
307
[0.1525999]
308
[0.21953095]
309
[0.22869517]
310
[0.18035219]
311
[0.17424205]
312
[0.15355961]
313
[0.18637209]
314
[0.19281649]
315
[0.11406296]
316
[0.14216216]
317
[0.23041616]
318
[0.18983828]
319
[0.15679255]
320
[0.20887085]
321
[0.16684903]
322
[0.13330141]
323
[0.19020418]
324
[0.21484544]
325
[0.16463729]
326
[0.19855174]
327
[0.16845277]
328
[0.25640492]
329
[0.17743022]
330
[0.14894427]
331
[0.20320195]
332
[0.16113087]
333
[0.17761702]
334
[0.14127751]
335
[0.17151858]
336
[0.16241949]
337
[0.12077835]
338
[0.14842507]
339
[0.13531068]
340
[0.19464614]
341
[0.12590611]
342
[0.22670843]
343
[0.07593514]
344
[0.12724622]
345
[0.13998588]
346
[0.18214845]
347
[0.14276777]
348
[0.12484696]
349
[0.18443114]
350
[0.1666056]
351
[0.14338726]
352
[0.18714015]
353
[0.16604883]
354
[0.17239231]
355
[0.2547298]
356
[0.24330744]
357
[0.16020907]
358
[0.21097513]
359
[0.2531666]
360
[0.17174117]
361
[0.2917562]
362
[0.21034362]
363
[0.13674264]
364
[0.12749815]
365
[0.20385543]
366
[0.29359668]
367
[0.15015746]
368
[0.32469868]
369
[0.1584948]
370
[0.23884999]
371
[0.19362349]
372
[0.17260452]
373
[0.13679131]
374
[0.13722514]
375
[0.14513438]
376
[0.19733886]
377
[0.28232207]
378
[0.17962499]
379
[0.21655798]
380
[0.0856613]
381
[0.20333583]
382
[0.14304956]
383
[0.1072852]
384
[0.12114533]
385
[0.14586316]
386
[0.13336341]
387
[0.14604232]
388
[0.15464027]
389
[0.15028512]
390
[0.093229]
391
[0.11389072]
392
[0.17341086]
393
[0.21871029]
394
[0.23715493]
395
[0.17922867]
396
[0.12517774]
397
[0.19027529]
398
[0.13705434]
399
[0.15284352]
400
[0.11311283]
401
[0.15407161]
402
[0.1673664]
403
[0.15948197]
404
[0.28081418]
405
[0.18006352]
406
[0.16066869]
407
[0.21772883]
408
[0.19599823]
409
[0.13527496]
410
[0.17671133]
411
[0.09888274]
412
[0.22083971]
413
[0.16488249]
414
[0.16693638]
415
[0.14754329]
416
[0.19953047]
417
[0.11367882]
418
[0.182347]
419
[0.13467647]
420
[0.15266273]
421
[0.17687773]
422
[0.15106072]
423
[0.16366807]
424
[0.23362728]
425
[0.14722878]
426
[0.15271422]
427
[0.08399852]
428
[0.18291473]
429
[0.31252736]
430
[0.14547145]
431
[0.26193959]
432
[0.17665282]
433
[0.14990874]
434
[0.13489356]
435
[0.11308347]
436
[0.15989328]
437
[0.18932908]
438
[0.18885849]
439
[0.19052731]
440
[0.13879922]
441
[0.20894376]
442
[0.17903444]
443
[0.18157388]
444
[0.15131096]
445
[0.16478552]
446
[0.13210946]
447
[0.19028518]
448
[0.16022482]
449
[0.21716073]
450
[0.22229641]
451
[0.22113664]
452
[0.16815737]
453
[0.20142884]
454
[0.16517533]
455
[0.14977962]
456
[0.24518753]
457
[0.25919519]
458
[0.15501281]
459
[0.15241321]
460
[0.21016746]
461
[0.15964851]
462
[0.17634455]
463
[0.1424892]
464
[0.09781867]
465
[0.14227169]
466
[0.10762817]
467
[0.14254164]
468
[0.1679715]
469
[0.188647]
470
[0.21732694]
471
[0.27016061]
472
[0.22942936]
473
[0.160436]
474
[0.20233619]
475
[0.16350445]
476
[0.1642834]
477
[0.19611429]
478
[0.21437709]
479
[0.16511912]
480
[0.14599687]
481
[0.16176989]
482
[0.16410084]
483
[0.1696572]
484
[0.20470602]
485
[0.16115161]
486
[0.15210067]
487
[0.13736999]
488
[0.12197772]
489
[0.1472047]
490
[0.13699054]
491
[0.23459384]
492
[0.16842275]
493
[0.18901847]
494
[0.1774571]
495
[0.14895606]
496
[0.27137694]
497
[0.20107945]
498
[0.24168802]
499
[0.13661003]
500
[0.14187325]
501
[0.21623152]
502
[0.23929258]
503
[0.16580758]
504
[0.14350036]
505
[0.15187598]
506
[0.14269416]
507
[0.17152042]
508
[0.21731317]
509
[0.11313726]
510
[0.16589824]
511
[0.17515159]
512
[0.19866574]
513
[0.16857108]
514
[0.1984303]
515
[0.13303153]
516
[0.13473295]
517
[0.22306845]
518
[0.24234658]
519
[0.24393388]
520
[0.17144141]
521
[0.17887244]
522
[0.18860081]
523
[0.18039196]
524
[0.07418602]
525
[0.18226616]
526
[0.13676262]
527
[0.20876644]
528
[0.20314205]
529
[0.17631519]
530
[0.25651179]
531
[0.19927829]
532
[0.13864871]
533
[0.14610371]
534
[0.12099772]
535
[0.09402716]
536
[0.20374714]
537
[0.17380409]
538
[0.09371638]
539
[0.13265194]
540
[0.13706537]
541
[0.15936975]
542
[0.09038969]
543
[0.18104484]
544
[0.19739051]
545
[0.13234111]
546
[0.21197547]
547
[0.14299286]
548
[0.17447099]
549
[0.17081488]
550
[0.26398381]
551
[0.21309951]
552
[0.16404823]
553
[0.19692337]
554
[0.16378203]
555
[0.25124035]
556
[0.15215439]
557
[0.14568336]
558
[0.20006566]
559
[0.21099602]
560
[0.17238458]
561
[0.15813388]
562
[0.16983794]
563
[0.12543384]
564
[0.3052246]
565
[0.12432651]
566
[0.12578614]
567
[0.12284574]
568
[0.09490879]
569
[0.12737881]
570
[0.13693747]
571
[0.14081887]
572
[0.13974002]
573
[0.27406528]
574
[0.12188715]
575
[0.12960676]
576
[0.22759918]
577
[0.15717002]
578
[0.16685221]
579
[0.20936392]
580
[0.2082982]
581
[0.14772255]
582
[0.16149039]
583
[0.27906637]
584
[0.15161118]
585
[0.21906503]
586
[0.24142836]
587
[0.16025113]
588
[0.12751389]
589
[0.17653207]
590
[0.10931777]
591
[0.18875627]
592
[0.22395993]
593
[0.15448119]
594
[0.13831038]
595
[0.13868512]
596
[0.14060464]
597
[0.13866412]
598
[0.16300371]
599
[0.1227856]
600
[0.15196723]
601
[0.16247783]
602
[0.15839169]
603
[0.20494227]
604
[0.31314538]
605
[0.17675462]
606
[0.19702901]
607
[0.27258103]
608
[0.1686537]
609
[0.13147985]
610
[0.12664534]
611
[0.15113904]
612
[0.19261158]
613
[0.17242872]
614
[0.14260459]
615
[0.17396129]
616
[0.14188885]
617
[0.19553167]
618
[0.20813709]
619
[0.22597716]
620
[0.20036022]
621
[0.15200926]
622
[0.18830814]
623
[0.11589254]
624
[0.14843246]
625
[0.15101528]
626
[0.18226595]
627
[0.20251758]
628
[0.13334473]
629
[0.17511681]
630
[0.13712924]
631
[0.15016861]
632
[0.23065012]
633
[0.17961774]
634
[0.15465703]
635
[0.17028828]
636
[0.14846238]
637
[0.2125122]
638
[0.18509512]
639
[0.18167376]
640
[0.13644465]
641
[0.31691249]
642
[0.24362873]
643
[0.22992531]
644
[0.18459891]
645
[0.15204697]
646
[0.18554582]
647
[0.21447435]
648
[0.20022539]
649
[0.24081652]
650
[0.12475993]
651
[0.1891535]
652
[0.17010692]
653
[0.30636166]
654
[0.23728515]
655
[0.19149986]
656
[0.15002391]
657
[0.12527072]
658
[0.16586854]
659
[0.20510833]
660
[0.21435641]
661
[0.21602553]
662
[0.17543024]
663
[0.18447151]
664
[0.12179085]
665
[0.17974657]
666
[0.19492604]
667
[0.17338591]
668
[0.24480698]
669
[0.13624672]
670
[0.18587647]
671
[0.1551342]
672
[0.15852661]
673
[0.22367919]
674
[0.13748265]
675
[0.19117038]
676
[0.16748442]
677
[0.18249314]
678
[0.14873973]
679
[0.25029848]
680
[0.221544]
681
[0.14176552]
682
[0.20489807]
683
[0.1736333]
684
[0.13948911]
685
[0.15122336]
686
[0.15342868]
687
[0.16003083]
688
[0.16902661]
689
[0.11779335]
690
[0.14269151]
691
[0.21814176]
692
[0.14984368]
693
[0.22948168]
694
[0.24430209]
695
[0.13817128]
696
[0.12776905]
697
[0.17360492]
698
[0.22502016]
699
[0.10997307]
700
[0.21023106]
701
[0.16314427]
702
[0.15449996]
703
[0.19912506]
704
[0.14108153]
705
[0.18417841]
706
[0.14873586]
707
[0.24314441]
708
[0.13137233]
709
[0.2180817]
710
[0.17516293]
711
[0.09121775]
712
[0.14450312]
713
[0.23202963]
714
[0.17142015]
715
[0.29235101]
716
[0.20500159]
717
[0.14600091]
718
[0.19881681]
719
[0.13312233]
720
[0.23051255]
721
[0.21029863]
722
[0.15512159]
723
[0.16900117]
724
[0.23264085]
725
[0.13771056]
726
[0.25708583]
727
[0.2486109]
728
[0.18201847]
729
[0.20324294]
730
[0.18094579]
731
[0.21654305]
732
[0.10607697]
733
[0.07214748]
734
[0.18413649]
735
[0.12149595]
736
[0.16519218]
737
[0.20829523]
738
[0.18716948]
739
[0.16489157]
740
[0.24889455]
741
[0.172325]
742
[0.23097742]
743
[0.20609192]
744
[0.21890697]
745
[0.20599273]
746
[0.21108631]
747
[0.24220684]
748
[0.17782501]
749
[0.11885509]
750
[0.23557163]
751
[0.26163522]
752
[0.16219031]
753
[0.17277595]
754
[0.23203934]
755
[0.30119073]
756
[0.20198324]
757
[0.26429767]
758
[0.16244467]
759
[0.16034111]
760
[0.20456531]
761
[0.14998491]
762
[0.2070378]
763
[0.1259747]
764
[0.27550389]
765
[0.1071617]
766
[0.15171476]
767
[0.19171932]
768
[0.16687554]
769
[0.1638805]
770
[0.11604842]
771
[0.14535701]
772
[0.15147404]
773
[0.15043069]
774
[0.17906869]
775
[0.11229416]
776
[0.22825836]
777
[0.22925088]
778
[0.26052905]
779
[0.1494182]
780
[0.18112487]
781
[0.1369345]
782
[0.14304537]
783
[0.28171861]
784
[0.17324673]
785
[0.2159902]
786
[0.20565814]
787
[0.16326745]
788
[0.21918751]
789
[0.16238328]
790
[0.18761193]
791
[0.12401272]
792
[0.19477072]
793
[0.1573695]
794
[0.13651894]
795
[0.18472126]
796
[0.17932342]
797
[0.09740578]
798
[0.19609371]
799
[0.2451952]
800
[0.18819549]
801
[0.2565743]
802
[0.13119356]
803
[0.13592239]
804
[0.12653189]
805
[0.18476223]
806
[0.16761174]
807
[0.15362281]
808
[0.22667679]
809
[0.20334291]
810
[0.1626706]
811
[0.30399803]
812
[0.19171052]
813
[0.16892396]
814
[0.15917083]
815
[0.18624669]
816
[0.14655434]
817
[0.13461048]
818
[0.1398659]
819
[0.15520523]
820
[0.21348079]
821
[0.24422424]
822
[0.12110044]
823
[0.17543328]
824
[0.14171799]
825
[0.20014794]
826
[0.28005963]
827
[0.25862501]
828
[0.19834333]
829
[0.17320396]
830
[0.17815474]
831
[0.20788195]
832
[0.20998209]
833
[0.1348589]
834
[0.10768985]
835
[0.10574945]
836
[0.24876961]
837
[0.1392678]
838
[0.20278345]
839
[0.1892206]
840
[0.14672373]
841
[0.17547731]
842
[0.12180401]
843
[0.14747852]
844
[0.12961829]
845
[0.18892306]
846
[0.24790965]
847
[0.25272602]
848
[0.10667166]
849
[0.30677275]
850
[0.12573274]
851
[0.17637421]
852
[0.15368285]
853
[0.12751964]
854
[0.19507137]
855
[0.11533422]
856
[0.11477493]
857
[0.23397253]
858
[0.1249821]
859
[0.202202]
860
[0.11835923]
861
[0.12143176]
862
[0.2414794]
863
[0.20171258]
864
[0.20055805]
865
[0.25647137]
866
[0.16388057]
867
[0.16858583]
868
[0.25980677]
869
[0.20326775]
870
[0.16016401]
871
[0.11037995]
872
[0.19042582]
873
[0.23416916]
874
[0.22373561]
875
[0.09577198]
876
[0.18953479]
877
[0.18623152]
878
[0.11530453]
879
[0.20189145]
880
[0.14227402]
881
[0.16086202]
882
[0.16811268]
883
[0.14908578]
884
[0.15407392]
885
[0.20205113]
886
[0.11923178]
887
[0.25993588]
888
[0.16238383]
889
[0.17252532]
890
[0.19686032]
891
[0.13309721]
892
[0.18513766]
893
[0.14487155]
894
[0.16991418]
895
[0.35787666]
896
[0.19373933]
897
[0.18066634]
898
[0.09136541]
899
[0.202707]
900
[0.24272589]
901
[0.34005449]
902
[0.20247719]
903
[0.11496328]
904
[0.18529759]
905
[0.16388098]
906
[0.16189722]
907
[0.180669]
908
[0.16724792]
909
[0.15745747]
910
[0.15744417]
911
[0.16904508]
912
[0.13967739]
913
[0.2098073]
914
[0.09216629]
915
[0.24470423]
916
[0.239337]
917
[0.15310307]
918
[0.20787824]
919
[0.1750924]
920
[0.11705793]
921
[0.10224383]
922
[0.09674205]
923
[0.16222809]
924
[0.12489203]
925
[0.16317132]
926
[0.21657731]
927
[0.15321568]
928
[0.1415101]
929
[0.18548531]
930
[0.18292607]
931
[0.26530589]
932
[0.15889872]
933
[0.16565155]
934
[0.19543241]
935
[0.10814101]
936
[0.18574381]
937
[0.18527936]
938
[0.22274762]
939
[0.16165124]
940
[0.19568717]
941
[0.28912024]
942
[0.15227297]
943
[0.19757175]
944
[0.16681883]
945
[0.19231243]
946
[0.21840422]
947
[0.1346962]
948
[0.1982524]
949
[0.18420471]
950
[0.27852233]
951
[0.16976214]
952
[0.19390995]
953
[0.20386562]
954
[0.24075575]
955
[0.13913904]
956
[0.1847841]
957
[0.18795819]
958
[0.10880049]
959
[0.12775286]
960
[0.14357424]
961
[0.18602158]
962
[0.1242177]
963
[0.17877214]
964
[0.21228269]
965
[0.16120917]
966
[0.19321552]
967
[0.18032631]
968
[0.18090686]
969
[0.21882444]
970
[0.14430188]
971
[0.25295797]
972
[0.12642977]
973
[0.20234432]
974
[0.17275536]
975
[0.13862837]
976
[0.24133578]
977
[0.15815544]
978
[0.1763896]
979
[0.19082254]
980
[0.20812184]
981
[0.26251982]
982
[0.09266827]
983
[0.18345768]
984
[0.19532779]
985
[0.18049599]
986
[0.18569279]
987
[0.14227193]
988
[0.16676385]
989
[0.20917043]
990
[0.17196057]
991
[0.14647489]
992
[0.1552598]
993
[0.16781566]
994
[0.16839193]
995
[0.16307461]
996
[0.16829852]
997
[0.19140262]
998
[0.15847499]
999
[0.25835468]
[1] 8000   11
[1] 8000   11
