LOADING R
R LOADED
[1] "/home/lvanderl/Rlibs2"                         
[2] "/app/software/R/4.3.1-gfbf-2022b/lib/R/library"
[1] "/home/lvanderl/sieveSims"
[1] "gam 10 2"
[1] 0.05820163
[1] 0.05820163
[1] 0.05820163
1.0
0
[0.04360784]
1
[0.05920537]
2
[0.05344341]
3
[0.02212753]
4
[0.03946366]
5
[0.07616781]
6
[0.05082888]
7
[0.07131385]
8
[0.06915382]
9
[0.07164656]
10
[0.0669038]
11
[0.06935712]
12
[0.06703203]
13
[0.04185907]
14
[0.05769789]
15
[0.07541402]
16
[0.05026723]
17
[0.05717273]
18
[0.05322889]
19
[0.03613644]
20
[0.04268101]
21
[0.06659783]
22
[0.05110077]
23
[0.04937035]
24
[0.01907361]
25
[0.06457433]
26
[0.03259975]
27
[0.02817007]
28
[0.02421543]
29
[0.03077377]
30
[0.0550397]
31
[0.03208943]
32
[0.03495282]
33
[0.05192315]
34
[0.03776316]
35
[0.04549295]
36
[0.0536734]
37
[0.03924695]
38
[0.0356552]
39
[0.05345389]
40
[0.05239718]
41
[0.0637109]
42
[0.04289562]
43
[0.06551498]
44
[0.05567957]
45
[0.05027393]
46
[0.02794859]
47
[0.06691894]
48
[0.03045169]
49
[0.05049077]
50
[0.04355257]
51
[0.04398216]
52
[0.0411519]
53
[0.02447072]
54
[0.0363736]
55
[0.04887137]
56
[0.04510849]
57
[0.03245041]
58
[0.04554031]
59
[0.05193988]
60
[0.04630394]
61
[0.05108087]
62
[0.05011871]
63
[0.07849856]
64
[0.05761943]
65
[0.05489978]
66
[0.02300365]
67
[0.05515977]
68
[0.04416156]
69
[0.04804487]
70
[0.05279158]
71
[0.05831317]
72
[0.0595627]
73
[0.04453772]
74
[0.06524157]
75
[0.06325218]
76
[0.0563489]
77
[0.05401295]
78
[0.05817526]
79
[0.0432995]
80
[0.06070644]
81
[0.06402345]
82
[0.04826854]
83
[0.03218393]
84
[0.0494388]
85
[0.0378713]
86
[0.06216535]
87
[0.05332676]
88
[0.03726073]
89
[0.06735916]
90
[0.05482741]
91
[0.02683819]
92
[0.01639932]
93
[0.03736981]
94
[0.0337129]
95
[0.03333769]
96
[0.06105004]
97
[0.04078717]
98
[0.05223696]
99
[0.05135114]
100
[0.02977658]
101
[0.07878704]
102
[0.06120561]
103
[0.0168291]
104
[0.05414259]
105
[0.05826]
106
[0.0349911]
107
[0.02802228]
108
[0.03167827]
109
[0.03309263]
110
[0.04938498]
111
[0.05421362]
112
[0.05619014]
113
[0.05091094]
114
[0.0733862]
115
[0.0473233]
116
[0.05101787]
117
[0.06810215]
118
[0.04875508]
119
[0.06064561]
120
[0.03110783]
121
[0.04954656]
122
[0.04168504]
123
[0.04834959]
124
[0.04554385]
125
[0.06523364]
126
[0.04341155]
127
[0.04189845]
128
[0.05306199]
129
[0.04345619]
130
[0.02741722]
131
[0.04228234]
132
[0.03363566]
133
[0.04786665]
134
[0.07341288]
135
[0.0521205]
136
[0.04953633]
137
[0.06754192]
138
[0.07151716]
139
[0.02045269]
140
[0.05013866]
141
[0.03575677]
142
[0.03773571]
143
[0.07005925]
144
[0.04263496]
145
[0.03967961]
146
[0.04568794]
147
[0.03746038]
148
[0.05732424]
149
[0.05797446]
150
[0.04436828]
151
[0.03316885]
152
[0.04271759]
153
[0.05467206]
154
[0.0496604]
155
[0.03694345]
156
[0.05180962]
157
[0.04677154]
158
[0.03453996]
159
[0.06018668]
160
[0.06538028]
161
[0.06527645]
162
[0.05685794]
163
[0.0239831]
164
[0.03337196]
165
[0.05157838]
166
[0.02871342]
167
[0.02772832]
168
[0.03641547]
169
[0.03820365]
170
[0.04973671]
171
[0.02290277]
172
[0.04868376]
173
[0.04126128]
174
[0.05102726]
175
[0.04417361]
176
[0.04641151]
177
[0.06245675]
178
[0.04071242]
179
[0.05268107]
180
[0.03213247]
181
[0.04760635]
182
[0.0676428]
183
[0.05492441]
184
[0.05063989]
185
[0.0532825]
186
[0.03694878]
187
[0.04867562]
188
[0.0472087]
189
[0.06767569]
190
[0.05500889]
191
[0.03626708]
192
[0.03712129]
193
[0.05210144]
194
[0.06672223]
195
[0.02656108]
196
[0.03981104]
197
[0.0492121]
198
[0.05351027]
199
[0.0451989]
200
[0.03607718]
201
[0.04962663]
202
[0.00957924]
203
[0.04356461]
204
[0.03443464]
205
[0.04034831]
206
[0.02989238]
207
[0.03379636]
208
[0.03904851]
209
[0.04898786]
210
[0.0629466]
211
[0.03446641]
212
[0.04555952]
213
[0.04765427]
214
[0.04679012]
215
[0.03750672]
216
[0.0654841]
217
[0.06815436]
218
[0.05275329]
219
[0.0504027]
220
[0.05551949]
221
[0.03748086]
222
[0.06946432]
223
[0.02030367]
224
[0.03031205]
225
[0.03643973]
226
[0.05441047]
227
[0.01719191]
228
[0.07030822]
229
[0.05492531]
230
[0.05035013]
231
[0.04966232]
232
[0.0454803]
233
[0.03595733]
234
[0.04200945]
235
[0.04776059]
236
[0.07009643]
237
[0.06995267]
238
[0.05438443]
239
[0.01767303]
240
[0.0702164]
241
[0.05143939]
242
[0.06693769]
243
[0.06621307]
244
[0.04014242]
245
[0.04069626]
246
[0.0423523]
247
[0.02981793]
248
[0.05128559]
249
[0.02485932]
250
[0.05127253]
251
[0.02674958]
252
[0.03976555]
253
[0.04344324]
254
[0.03779226]
255
[0.0476973]
256
[0.05362336]
257
[0.06310177]
258
[0.05813119]
259
[0.05324856]
260
[0.04712236]
261
[0.03526643]
262
[0.0634219]
263
[0.07940978]
264
[0.06037826]
265
[0.03077122]
266
[0.03953412]
267
[0.04409158]
268
[0.0466235]
269
[0.04229526]
270
[0.03888009]
271
[0.06691995]
272
[0.0482931]
273
[0.06711948]
274
[0.03757343]
275
[0.04984017]
276
[0.04618241]
277
[0.04642602]
278
[0.06448026]
279
[0.0648964]
280
[0.04618644]
281
[0.0373922]
282
[0.05294291]
283
[0.03094718]
284
[0.069546]
285
[0.06382185]
286
[0.0355216]
287
[0.0452992]
288
[0.06920622]
289
[0.04643158]
290
[0.06208906]
291
[0.02895986]
292
[0.04484026]
293
[0.05743078]
294
[0.05104105]
295
[0.0719022]
296
[0.05730325]
297
[0.04927287]
298
[0.06522542]
299
[0.03779682]
300
[0.05056846]
301
[0.05195608]
302
[0.034577]
303
[0.03944267]
304
[0.04255074]
305
[0.05084657]
306
[0.05852329]
307
[0.04986167]
308
[0.03959742]
309
[0.05170302]
310
[0.07028829]
311
[0.06204451]
312
[0.03810875]
313
[0.08013238]
314
[0.04986182]
315
[0.05390065]
316
[0.06209374]
317
[0.03380523]
318
[0.03867448]
319
[0.06543164]
320
[0.05583121]
321
[0.05697229]
322
[0.0544198]
323
[0.05331663]
324
[0.03659914]
325
[0.03073224]
326
[0.04569049]
327
[0.03647627]
328
[0.05293351]
329
[0.06325545]
330
[0.07792545]
331
[0.03313499]
332
[0.05003859]
333
[0.04085277]
334
[0.05043571]
335
[0.04057026]
336
[0.06482822]
337
[0.03483089]
338
[0.05757987]
339
[0.04303572]
340
[0.04786647]
341
[0.04398798]
342
[0.06600776]
343
[0.05148346]
344
[0.03516349]
345
[0.05078345]
346
[0.0389541]
347
[0.06196725]
348
[0.02243094]
349
[0.04568419]
350
[0.03060027]
351
[0.03133412]
352
[0.03703214]
353
[0.07016285]
354
[0.06917421]
355
[0.03037067]
356
[0.03897405]
357
[0.03175986]
358
[0.06819287]
359
[0.04841901]
360
[0.05657457]
361
[0.02558313]
362
[0.05106879]
363
[0.03679213]
364
[0.05209963]
365
[0.05764525]
366
[0.06392553]
367
[0.04790053]
368
[0.05797857]
369
[0.05736789]
370
[0.04494449]
371
[0.05859842]
372
[0.03916704]
373
[0.05190671]
374
[0.03480635]
375
[0.0654302]
376
[0.04371668]
377
[0.04186915]
378
[0.04145789]
379
[0.05102035]
380
[0.06897279]
381
[0.03048468]
382
[0.0674061]
383
[0.07055869]
384
[0.06276406]
385
[0.06673799]
386
[0.06574935]
387
[0.05378297]
388
[0.05258936]
389
[0.01041841]
390
[0.03785135]
391
[0.04226065]
392
[0.02857068]
393
[0.05884505]
394
[0.03791285]
395
[0.06773984]
396
[0.05822378]
397
[0.03883551]
398
[0.02603502]
399
[0.04825998]
400
[0.06097049]
401
[0.04670012]
402
[0.02398862]
403
[0.02440715]
404
[0.03553219]
405
[0.03112672]
406
[0.0300292]
407
[0.02677612]
408
[0.05089978]
409
[0.03289186]
410
[0.04559072]
411
[0.06849943]
412
[0.04187513]
413
[0.06789991]
414
[0.05257294]
415
[0.05816092]
416
[0.04459633]
417
[0.05288546]
418
[0.04508183]
419
[0.04771505]
420
[0.03931404]
421
[0.04654555]
422
[0.04763681]
423
[0.06664372]
424
[0.02898731]
425
[0.07637699]
426
[0.04207438]
427
[0.02644227]
428
[0.04243447]
429
[0.02244278]
430
[0.04189156]
431
[0.05080727]
432
[0.04550052]
433
[0.04911833]
434
[0.0524802]
435
[0.05763413]
436
[0.04492171]
437
[0.06356852]
438
[0.07295509]
439
[0.05355668]
440
[0.02448047]
441
[0.04192447]
442
[0.03937938]
443
[0.08929611]
444
[0.03805863]
445
[0.06555045]
446
[0.04444644]
447
[0.04134711]
448
[0.04549181]
449
[0.04622001]
450
[0.02643435]
451
[0.05318072]
452
[0.06296225]
453
[0.05814131]
454
[0.04669023]
455
[0.07614912]
456
[0.05740909]
457
[0.04250489]
458
[0.04403093]
459
[0.03411074]
460
[0.03264329]
461
[0.03067909]
462
[0.03646442]
463
[0.04132884]
464
[0.07273283]
465
[0.06219256]
466
[0.05013366]
467
[0.07070707]
468
[0.0394559]
469
[0.05093517]
470
[0.02927724]
471
[0.02642818]
472
[0.0439586]
473
[0.06449375]
474
[0.04506576]
475
[0.05817299]
476
[0.05629755]
477
[0.03494418]
478
[0.03808013]
479
[0.01693062]
480
[0.04757475]
481
[0.03351324]
482
[0.05221184]
483
[0.04452959]
484
[0.05723287]
485
[0.07156911]
486
[0.04249011]
487
[0.03206717]
488
[0.06637183]
489
[0.03577596]
490
[0.03946462]
491
[0.01929853]
492
[0.04700619]
493
[0.03582309]
494
[0.04356424]
495
[0.03886857]
496
[0.0381245]
497
[0.05425397]
498
[0.06301167]
499
[0.06248052]
[1] 2500   11
[1] 2500   11
