LOADING R
R LOADED
[1] "/home/lvanderl/Rlibs2"                         
[2] "/app/software/R/4.3.1-gfbf-2022b/lib/R/library"
[1] "/home/lvanderl/sieveSims"
[1] "rf 20 4"
[1] "histogram binning"
[1] 0.06060211
[1] 0.06060211
[1] "mondrian"
[1] "iso"
[1] 0.06060211
[1] "conditional"
[   10.            11.51395399    13.25711366    15.26417967
    17.57510625    20.23589648    23.29951811    26.82695795
    30.88843596    35.56480306    40.94915062    47.14866363
    54.28675439    62.50551925    71.9685673     82.86427729
    95.40954763   109.8541142    126.48552169   145.63484775
   167.68329368   193.06977289   222.29964825   255.95479227
   294.70517026   339.32217719   390.69399371   449.8432669
   517.94746792   596.36233166   686.648845     790.60432109
   910.29817799  1048.11313415  1206.79264064  1389.49549437
  1599.85871961  1842.06996933  2120.95088792  2442.05309455
  2811.76869797  3237.45754282  3727.59372031  4291.93426013
  4941.71336132  5689.86602902  6551.2855686   7543.12006335
  8685.11373751 10000.        ]
[0.20895535 0.20835016 0.20763672 0.2070704  0.20622923 0.20483974
 0.2037683  0.20212744 0.20065673 0.19859831 0.19685778 0.19454024
 0.19132191 0.18901652 0.1854602  0.18221956 0.1782983  0.1747006
 0.17094902 0.16654487 0.16213544 0.15795613 0.15346503 0.1494832
 0.1452252  0.14178186 0.1382     0.13609829 0.13403701 0.13305662
 0.13241299 0.13211905 0.13206879 0.13230887 0.13219973 0.1322455
 0.13254801 0.13199582 0.13224308 0.13220457 0.13221026 0.13210709
 0.13213703 0.13211752 0.13225497 0.13225005 0.13237114 0.13214668
 0.13208382 0.13226593]
1842.0699693267163
0.0005428675439323859
0
[0.6112027]
1
[0.23627357]
2
[0.01700697]
3
[0.00696423]
4
[0.7936459]
5
[0.85724995]
6
[0.59530169]
7
[0.71916221]
8
[0.53420833]
9
[0.85724995]
10
[0.82461103]
11
[0.00110596]
12
[0.85306547]
13
[0.00110596]
14
[0.72920495]
15
[0.13166164]
16
[0.85724995]
17
[0.55429381]
18
[0.28732418]
19
[0.39779438]
20
[0.00445354]
21
[0.0839586]
22
[0.64384162]
23
[0.63798335]
24
[0.59948617]
25
[0.36097098]
26
[0.85724995]
27
[0.85724995]
28
[0.67815433]
29
[0.61957166]
30
[0.65890574]
31
[0.35511271]
32
[0.10906547]
33
[0.68568639]
34
[0.51663352]
35
[0.29653003]
36
[0.47813633]
37
[0.85724995]
38
[0.85724995]
39
[0.36599235]
40
[0.53086074]
41
[0.29485624]
42
[0.57019483]
43
[0.3199631]
44
[0.35929719]
45
[0.85724995]
46
[0.21618808]
47
[0.62794061]
48
[0.06052553]
49
[0.8120576]
50
[0.77690799]
51
[0.21786187]
52
[0.85724995]
53
[0.03541867]
54
[0.30155141]
55
[0.11910821]
56
[0.4304333]
57
[0.79699348]
58
[0.18857053]
59
[0.01868076]
60
[0.38775163]
61
[0.16430056]
62
[0.07307896]
63
[0.54843555]
64
[0.2839766]
65
[0.65137368]
66
[0.16597435]
67
[0.85724995]
68
[0.33670101]
69
[0.07307896]
70
[0.59697548]
71
[0.85724995]
72
[0.43461777]
73
[0.85724995]
74
[0.46893048]
75
[0.40030506]
76
[0.60283375]
77
[0.85724995]
78
[0.85724995]
79
[0.45470326]
80
[0.74175838]
81
[0.49989561]
82
[0.51747042]
83
[0.7936459]
84
[0.42039055]
85
[0.73171564]
86
[0.70577188]
87
[0.85724995]
88
[0.08981687]
89
[0.69070776]
90
[0.85724995]
91
[0.85724995]
92
[0.00361665]
93
[0.85557616]
94
[0.85724995]
95
[0.85724995]
96
[0.14086749]
97
[0.85724995]
98
[0.85724995]
99
[0.80703622]
100
[0.44047604]
101
[0.20949291]
102
[0.79197211]
103
[0.85724995]
104
[0.248827]
105
[0.52416558]
106
[0.43127019]
107
[0.85724995]
108
[0.00110596]
109
[0.69656603]
110
[0.59530169]
111
[0.0128225]
112
[0.71916221]
113
[0.00110596]
114
[0.74845355]
115
[0.51830731]
116
[0.85724995]
117
[0.04295073]
118
[0.81707897]
119
[0.05634106]
120
[0.2839766]
121
[0.41034781]
122
[0.85724995]
123
[0.53671901]
124
[0.2304153]
125
[0.21869876]
126
[0.85724995]
127
[0.21284049]
128
[0.1216189]
129
[0.26974938]
130
[0.57688999]
131
[0.55010934]
132
[0.80787312]
133
[0.54174038]
134
[0.23292598]
135
[0.39528369]
136
[0.80285175]
137
[0.60199685]
138
[0.85724995]
139
[0.35846029]
140
[0.51914421]
141
[0.55931519]
142
[0.83967514]
143
[0.11241305]
144
[0.40030506]
145
[0.85724995]
146
[0.02202834]
147
[0.82126344]
148
[0.39779438]
149
[0.80285175]
150
[0.00110596]
151
[0.35092823]
152
[0.04964589]
153
[0.63547267]
154
[0.23208909]
155
[0.6848495]
156
[0.85724995]
157
[0.10069651]
158
[0.85222857]
159
[0.04462452]
160
[0.36431856]
161
[0.40616333]
162
[0.48148392]
163
[0.85724995]
164
[0.76435456]
165
[0.30740967]
166
[0.25552216]
167
[0.84888099]
168
[0.85724995]
169
[0.50742767]
170
[0.33251654]
171
[0.85724995]
172
[0.29234556]
173
[0.15258403]
174
[0.85724995]
175
[0.79950416]
176
[0.6480261]
177
[0.85724995]
178
[0.85724995]
179
[0.74343217]
180
[0.84469652]
181
[0.25050079]
182
[0.11659752]
183
[0.65555816]
184
[0.69489224]
185
[0.12412958]
186
[0.38021957]
187
[0.85724995]
188
[0.53588212]
189
[0.56266277]
190
[0.17769089]
191
[0.50073251]
192
[0.48817908]
193
[0.05048279]
194
[0.85724995]
195
[0.54090349]
196
[0.00110596]
197
[0.76770214]
198
[0.85724995]
199
[0.57186862]
200
[0.31326794]
201
[0.16178988]
202
[0.67396986]
203
[0.18020157]
204
[0.5743793]
205
[0.58191136]
206
[0.85724995]
207
[0.05048279]
208
[0.48315771]
209
[0.74426907]
210
[0.14421507]
211
[0.38021957]
212
[0.03123419]
213
[0.70995636]
214
[0.08312171]
215
[0.35343892]
216
[0.85724995]
217
[0.45386637]
218
[0.85724995]
219
[0.74175838]
220
[0.85724995]
221
[0.09902272]
222
[0.03960315]
223
[0.03290798]
224
[0.85724995]
225
[0.63630956]
226
[0.49403735]
227
[0.120782]
228
[0.67564365]
229
[0.27895523]
230
[0.70660878]
231
[0.44047604]
232
[0.48064702]
233
[0.77607109]
234
[0.0663838]
235
[0.56517345]
236
[0.17685399]
237
[0.80871001]
238
[0.47227807]
239
[0.85724995]
240
[0.17769089]
241
[0.85724995]
242
[0.792809]
243
[0.47144117]
244
[0.79029832]
245
[0.59530169]
246
[0.64300473]
247
[0.85724995]
248
[0.05299347]
249
[0.80619933]
250
[0.35594961]
251
[0.30657278]
252
[0.85724995]
253
[0.76435456]
254
[0.45721395]
255
[0.40365264]
256
[0.85724995]
257
[0.05299347]
258
[0.69991361]
259
[0.75849629]
260
[0.77690799]
261
[0.30489899]
262
[0.79531969]
263
[0.18605984]
264
[0.3383748]
265
[0.39444679]
266
[0.53169764]
267
[0.08897998]
268
[0.38189336]
269
[0.00110596]
270
[0.73673701]
271
[0.82377413]
272
[0.11492373]
273
[0.69405535]
274
[0.83130619]
275
[0.85724995]
276
[0.83800135]
277
[0.40197885]
278
[0.85724995]
279
[0.85724995]
280
[0.48232081]
281
[0.73506322]
282
[0.85724995]
283
[0.4480081]
284
[0.83883825]
285
[0.69489224]
286
[0.26138043]
287
[0.76268077]
288
[0.55010934]
289
[0.05131968]
290
[0.37268751]
291
[0.09818583]
292
[0.45051879]
293
[0.41034781]
294
[0.40448954]
295
[0.57186862]
296
[0.07224207]
297
[0.85724995]
298
[0.67396986]
299
[0.8103838]
300
[0.85724995]
301
[0.592791]
302
[0.00110596]
303
[0.70660878]
304
[0.54006659]
305
[0.80619933]
306
[0.51077525]
307
[0.80452554]
308
[0.85724995]
309
[0.34674376]
310
[0.15927919]
311
[0.37101372]
312
[0.72920495]
313
[0.42122745]
314
[0.55262002]
315
[0.11241305]
316
[0.72753116]
317
[0.26472801]
318
[0.16346367]
319
[0.85724995]
320
[0.54843555]
321
[0.46976738]
322
[0.85724995]
323
[0.07140517]
324
[0.69991361]
325
[0.31326794]
326
[0.13751991]
327
[0.65137368]
328
[0.34506997]
329
[0.29485624]
330
[0.85724995]
331
[0.20112396]
332
[0.48650529]
333
[0.00277975]
334
[0.1391937]
335
[0.85724995]
336
[0.77941868]
337
[0.54174038]
338
[0.2111667]
339
[0.56015208]
340
[0.00110596]
341
[0.68233881]
342
[0.68652329]
343
[0.62794061]
344
[0.58693273]
345
[0.06052553]
346
[0.21618808]
347
[0.56517345]
348
[0.36766614]
349
[0.85724995]
350
[0.85724995]
351
[0.11659752]
352
[0.55094623]
353
[0.69154466]
354
[0.09985962]
355
[0.27560765]
356
[0.70577188]
357
[0.85724995]
358
[0.31326794]
359
[0.20949291]
360
[0.82544792]
361
[0.54676176]
362
[0.46474601]
363
[0.22874151]
364
[0.02370214]
365
[0.00110596]
366
[0.57354241]
367
[0.16681125]
368
[0.85724995]
369
[0.10655478]
370
[0.44382362]
371
[0.37854578]
372
[0.18103847]
373
[0.74426907]
374
[0.64467852]
375
[0.69238155]
376
[0.05968864]
377
[0.34423307]
378
[0.50659078]
379
[0.39444679]
380
[0.02704972]
381
[0.18857053]
382
[0.85724995]
383
[0.13500922]
384
[0.85724995]
385
[0.78862452]
386
[0.37938268]
387
[0.46056153]
388
[0.81624207]
389
[0.66225332]
390
[0.81958965]
391
[0.74008459]
392
[0.69656603]
393
[0.85724995]
394
[0.79950416]
395
[0.14839955]
396
[0.71414083]
397
[0.07726344]
398
[0.38189336]
399
[0.38105647]
400
[0.1576054]
401
[0.85724995]
402
[0.07558965]
403
[0.00110596]
404
[0.30908346]
405
[0.85724995]
406
[0.2479901]
407
[0.81540518]
408
[0.14421507]
409
[0.56601035]
410
[0.85724995]
411
[0.71163015]
412
[0.85724995]
413
[0.54257728]
414
[0.85724995]
415
[0.8480441]
416
[0.76686524]
417
[0.85724995]
418
[0.61455028]
419
[0.33502722]
420
[0.49320045]
421
[0.21618808]
422
[0.79113521]
423
[0.15425782]
424
[0.55847829]
425
[0.49989561]
426
[0.6656009]
427
[0.74259528]
428
[0.09400135]
429
[0.60283375]
430
[0.38440405]
431
[0.60283375]
432
[0.67396986]
433
[0.55513071]
434
[0.72753116]
435
[0.49822182]
436
[0.43796535]
437
[0.24296873]
438
[0.21284049]
439
[0.68903397]
440
[0.69321845]
441
[0.18940742]
442
[0.85724995]
443
[0.64467852]
444
[0.52918695]
445
[0.80368864]
446
[0.48650529]
447
[0.46809359]
448
[0.23459977]
449
[0.15007334]
450
[0.69154466]
451
[0.81707897]
452
[0.64969989]
453
[0.32665827]
454
[0.55429381]
455
[0.55094623]
456
[0.85724995]
457
[0.35260202]
458
[0.15927919]
459
[0.85724995]
460
[0.85724995]
461
[0.03792936]
462
[0.17099572]
463
[0.60367064]
464
[0.76937593]
465
[0.58023757]
466
[0.15425782]
467
[0.09902272]
468
[0.49738493]
469
[0.80034106]
470
[0.19945017]
471
[0.06219932]
472
[0.52751316]
473
[0.16597435]
474
[0.02872351]
475
[0.76017008]
476
[0.81624207]
477
[0.37687199]
478
[0.26723869]
479
[0.25803285]
480
[0.34506997]
481
[0.55847829]
482
[0.51161215]
483
[0.33419033]
484
[0.61371339]
485
[0.66057953]
486
[0.56601035]
487
[0.35929719]
488
[0.60869202]
489
[0.60367064]
490
[0.33419033]
491
[0.27309696]
492
[0.52583937]
493
[0.61789786]
494
[0.59111721]
495
[0.38440405]
496
[0.53002385]
497
[0.85724995]
498
[0.4111847]
499
[0.84218583]
500
[0.04127694]
501
[0.85724995]
502
[0.85724995]
503
[0.25050079]
504
[0.00110596]
505
[0.46893048]
506
[0.15174713]
507
[0.85724995]
508
[0.85724995]
509
[0.85724995]
510
[0.57856378]
511
[0.50742767]
512
[0.83632756]
513
[0.63547267]
514
[0.23543667]
515
[0.85724995]
516
[0.42373813]
517
[0.74677975]
518
[0.47729944]
519
[0.18605984]
520
[0.2839766]
521
[0.54006659]
522
[0.10488099]
523
[0.00110596]
524
[0.39444679]
525
[0.76435456]
526
[0.59864927]
527
[0.29904072]
528
[0.70995636]
529
[0.44214983]
530
[0.85724995]
531
[0.76686524]
532
[0.82461103]
533
[0.2295784]
534
[0.13751991]
535
[0.15593161]
536
[0.40281575]
537
[0.51161215]
538
[0.16178988]
539
[0.7752342]
540
[0.85557616]
541
[0.30155141]
542
[0.49905872]
543
[0.55178313]
544
[0.68233881]
545
[0.12329269]
546
[0.25635905]
547
[0.72250979]
548
[0.56852104]
549
[0.85724995]
550
[0.43963915]
551
[0.38021957]
552
[0.27142317]
553
[0.20865602]
554
[0.63882025]
555
[0.23962115]
556
[0.85473926]
557
[0.24213183]
558
[0.65639505]
559
[0.5743793]
560
[0.60450754]
561
[0.85724995]
562
[0.1567685]
563
[0.12747716]
564
[0.11492373]
565
[0.03876625]
566
[0.50826457]
567
[0.14421507]
568
[0.81456828]
569
[0.00529044]
570
[0.34925444]
571
[0.44298673]
572
[0.19526569]
573
[0.32749516]
574
[0.19108121]
575
[0.26054353]
576
[0.85724995]
577
[0.38858853]
578
[0.36348167]
579
[0.5936279]
580
[0.67648054]
581
[0.64635231]
582
[0.07140517]
583
[0.55010934]
584
[0.71497773]
585
[0.77941868]
586
[0.58944342]
587
[0.10069651]
588
[0.06219932]
589
[0.30740967]
590
[0.85724995]
591
[0.46809359]
592
[0.85724995]
593
[0.45051879]
594
[0.7384108]
595
[0.4664198]
596
[0.70995636]
597
[0.27895523]
598
[0.85724995]
599
[0.24129494]
600
[0.00110596]
601
[0.69238155]
602
[0.66476401]
603
[0.6296144]
604
[0.67731744]
605
[0.56935793]
606
[0.08144792]
607
[0.64551541]
608
[0.00110596]
609
[0.15844229]
610
[0.38775163]
611
[0.34674376]
612
[0.10822857]
613
[0.39193611]
614
[0.59111721]
615
[0.36348167]
616
[0.68652329]
617
[0.20949291]
618
[0.1400306]
619
[0.75180113]
620
[0.65555816]
621
[0.40114196]
622
[0.13166164]
623
[0.6664378]
624
[0.70911946]
625
[0.14588886]
626
[0.68568639]
627
[0.32749516]
628
[0.85724995]
629
[0.74761665]
630
[0.24464252]
631
[0.85724995]
632
[0.00110596]
633
[0.17015883]
634
[0.21869876]
635
[0.73338943]
636
[0.51077525]
637
[0.448845]
638
[0.18522295]
639
[0.7199991]
640
[0.08563239]
641
[0.23543667]
642
[0.81373139]
643
[0.43210709]
644
[0.85724995]
645
[0.60785512]
646
[0.80117796]
647
[0.14756265]
648
[0.28899798]
649
[0.34758065]
650
[0.49738493]
651
[0.4480081]
652
[0.80452554]
653
[0.14839955]
654
[0.83214308]
655
[0.85724995]
656
[0.03960315]
657
[0.00110596]
658
[0.26974938]
659
[0.38440405]
660
[0.85724995]
661
[0.05383037]
662
[0.7568225]
663
[0.45470326]
664
[0.11743442]
665
[0.31912621]
666
[0.36850304]
667
[0.22455703]
668
[0.26974938]
669
[0.39612059]
670
[0.85724995]
671
[0.43461777]
672
[0.85724995]
673
[0.00194286]
674
[0.0295604]
675
[0.00110596]
676
[0.63463577]
677
[0.20028706]
678
[0.55513071]
679
[0.78527694]
680
[0.32331069]
681
[0.23125219]
682
[0.72502047]
683
[0.44549741]
684
[0.12329269]
685
[0.05634106]
686
[0.71497773]
687
[0.85724995]
688
[0.85724995]
689
[0.49403735]
690
[0.11743442]
691
[0.19610259]
692
[0.46139843]
693
[0.85724995]
694
[0.61287649]
695
[0.25970664]
696
[0.75347492]
697
[0.43629156]
698
[0.85724995]
699
[0.39612059]
700
[0.81707897]
701
[0.00110596]
702
[0.70828257]
703
[0.38356715]
704
[0.47729944]
705
[0.18354916]
706
[0.85724995]
707
[0.1944288]
708
[0.5383928]
709
[0.56098898]
710
[0.85724995]
711
[0.45386637]
712
[0.82544792]
713
[0.50993836]
714
[0.85724995]
715
[0.70828257]
716
[0.85724995]
717
[0.85724995]
718
[0.75933319]
719
[0.10404409]
720
[0.09149066]
721
[0.59864927]
722
[0.24464252]
723
[0.35009134]
724
[0.13751991]
725
[0.7568225]
726
[0.85139168]
727
[0.11910821]
728
[0.5015694]
729
[0.36348167]
730
[0.78444005]
731
[0.4471712]
732
[0.71414083]
733
[0.56601035]
734
[0.85724995]
735
[0.39528369]
736
[0.85724995]
737
[0.3936099]
738
[0.14756265]
739
[0.80703622]
740
[0.25384837]
741
[0.54759865]
742
[0.6287775]
743
[0.1944288]
744
[0.01449629]
745
[0.85724995]
746
[0.79531969]
747
[0.08312171]
748
[0.85222857]
749
[0.22874151]
750
[0.21451429]
751
[0.76853904]
752
[0.74929044]
753
[0.84385962]
754
[0.09651203]
755
[0.73004185]
756
[0.448845]
757
[0.28816108]
758
[0.73087874]
759
[0.8287955]
760
[0.31075726]
761
[0.14672576]
762
[0.85724995]
763
[0.85724995]
764
[0.26389111]
765
[0.79866727]
766
[0.048809]
767
[0.85724995]
768
[0.75933319]
769
[0.19610259]
770
[0.26974938]
771
[0.58944342]
772
[0.3392117]
773
[0.720836]
774
[0.58776963]
775
[0.17266952]
776
[0.60785512]
777
[0.00110596]
778
[0.09651203]
779
[0.13166164]
780
[0.32916895]
781
[0.00110596]
782
[0.85724995]
783
[0.2120036]
784
[0.25719595]
785
[0.35260202]
786
[0.85724995]
787
[0.33335343]
788
[0.42290124]
789
[0.27226007]
790
[0.85724995]
791
[0.35260202]
792
[0.07307896]
793
[0.64635231]
794
[0.70744567]
795
[0.36013408]
796
[0.17852778]
797
[0.37436131]
798
[0.43127019]
799
[0.85724995]
800
[0.85724995]
801
[0.60283375]
802
[0.1944288]
803
[0.70493499]
804
[0.76435456]
805
[0.04629831]
806
[0.34255928]
807
[0.31912621]
808
[0.55596761]
809
[0.6480261]
810
[0.15342092]
811
[0.43378088]
812
[0.85724995]
813
[0.00110596]
814
[0.34590686]
815
[0.31243105]
816
[0.37687199]
817
[0.85473926]
818
[0.42206434]
819
[0.85724995]
820
[0.56935793]
821
[0.40448954]
822
[0.22204634]
823
[0.80619933]
824
[0.63128819]
825
[0.19191811]
826
[0.10488099]
827
[0.11408684]
828
[0.85724995]
829
[0.37687199]
830
[0.79448279]
831
[0.85724995]
832
[0.20698223]
833
[0.00110596]
834
[0.1391937]
835
[0.75431181]
836
[0.00110596]
837
[0.55010934]
838
[0.16848504]
839
[0.76017008]
840
[0.45805084]
841
[0.53253453]
842
[0.25970664]
843
[0.42708571]
844
[0.01868076]
845
[0.78444005]
846
[0.85724995]
847
[0.72669427]
848
[0.46474601]
849
[0.83883825]
850
[0.00110596]
851
[0.65472126]
852
[0.73757391]
853
[0.30740967]
854
[0.8480441]
855
[0.00110596]
856
[0.61455028]
857
[0.26807559]
858
[0.61538718]
859
[0.24296873]
860
[0.18438605]
861
[0.61622407]
862
[0.46390911]
863
[0.16095298]
864
[0.85724995]
865
[0.85724995]
866
[0.52416558]
867
[0.7015874]
868
[0.42290124]
869
[0.78611384]
870
[0.8287955]
871
[0.74008459]
872
[0.23292598]
873
[0.01951766]
874
[0.65221058]
875
[0.37185062]
876
[0.85724995]
877
[0.83632756]
878
[0.5199811]
879
[0.35594961]
880
[0.67982812]
881
[0.69321845]
882
[0.67062227]
883
[0.82795861]
884
[0.58358515]
885
[0.50073251]
886
[0.49989561]
887
[0.85724995]
888
[0.35343892]
889
[0.81875276]
890
[0.47562565]
891
[0.05885174]
892
[0.42122745]
893
[0.27477075]
894
[0.52667627]
895
[0.83465377]
896
[0.14839955]
897
[0.43210709]
898
[0.55010934]
899
[0.76519145]
900
[0.85724995]
901
[0.54090349]
902
[0.85724995]
903
[0.34339618]
904
[0.75347492]
905
[0.76937593]
906
[0.54508797]
907
[0.15258403]
908
[0.37854578]
909
[0.26807559]
910
[0.85724995]
911
[0.63547267]
912
[0.85724995]
913
[0.26807559]
914
[0.41704297]
915
[0.56852104]
916
[0.33586412]
917
[0.42457503]
918
[0.58944342]
919
[0.00110596]
920
[0.32331069]
921
[0.00110596]
922
[0.46139843]
923
[0.56601035]
924
[0.06889449]
925
[0.22288324]
926
[0.79448279]
927
[0.81624207]
928
[0.37436131]
929
[0.79197211]
930
[0.25133768]
931
[0.70409809]
932
[0.520818]
933
[0.42039055]
934
[0.64216783]
935
[0.00110596]
936
[0.11910821]
937
[0.27142317]
938
[0.65890574]
939
[0.67229606]
940
[0.68987087]
941
[0.72502047]
942
[0.0479721]
943
[0.08228481]
944
[0.84637031]
945
[0.3383748]
946
[0.55429381]
947
[0.49738493]
948
[0.61622407]
949
[0.03960315]
950
[0.74929044]
951
[0.08646929]
952
[0.65221058]
953
[0.3936099]
954
[0.47897323]
955
[0.62626682]
956
[0.34758065]
957
[0.00361665]
958
[0.85724995]
959
[0.50073251]
960
[0.72836806]
961
[0.52416558]
962
[0.77188662]
963
[0.54341417]
964
[0.11241305]
965
[0.62291924]
966
[0.14839955]
967
[0.81875276]
968
[0.67313296]
969
[0.85724995]
970
[0.60701822]
971
[0.20865602]
972
[0.54090349]
973
[0.75347492]
974
[0.68066502]
975
[0.3199631]
976
[0.66392711]
977
[0.85724995]
978
[0.66225332]
979
[0.35009134]
980
[0.85724995]
981
[0.82126344]
982
[0.84971789]
983
[0.07224207]
984
[0.28146592]
985
[0.77188662]
986
[0.24213183]
987
[0.07307896]
988
[0.67480675]
989
[0.77272351]
990
[0.62208234]
991
[0.3032252]
992
[0.53588212]
993
[0.00110596]
994
[0.53755591]
995
[0.84302272]
996
[0.06889449]
997
[0.35929719]
998
[0.13584612]
999
[0.35343892]
1000
[0.00110596]
1001
[0.78360315]
1002
[0.4664198]
1003
[0.40532643]
1004
[0.5752162]
1005
[0.84385962]
1006
[0.24464252]
1007
[0.26472801]
1008
[0.0119856]
1009
[0.24547941]
1010
[0.05048279]
1011
[0.01449629]
1012
[0.54341417]
1013
[0.17852778]
1014
[0.06052553]
1015
[0.85724995]
1016
[0.1391937]
1017
[0.0672207]
1018
[0.85724995]
1019
[0.66225332]
1020
[0.720836]
1021
[0.52751316]
1022
[0.05801485]
1023
[0.84469652]
1024
[0.40030506]
1025
[0.37017683]
1026
[0.11827132]
1027
[0.08646929]
1028
[0.5024063]
1029
[0.54843555]
1030
[0.51077525]
1031
[0.59111721]
1032
[0.85724995]
1033
[0.47729944]
1034
[0.36599235]
1035
[0.22539393]
1036
[0.27728144]
1037
[0.52500248]
1038
[0.78276626]
1039
[0.42708571]
1040
[0.02788661]
1041
[0.16346367]
1042
[0.05215658]
1043
[0.31577863]
1044
[0.6664378]
1045
[0.5752162]
1046
[0.6287775]
1047
[0.43712846]
1048
[0.09818583]
1049
[0.27309696]
1050
[0.47729944]
1051
[0.47311496]
1052
[0.22372013]
1053
[0.80285175]
1054
[0.42708571]
1055
[0.81456828]
1056
[0.22874151]
1057
[0.85724995]
1058
[0.08312171]
1059
[0.74929044]
1060
[0.0119856]
1061
[0.20865602]
1062
[0.85724995]
1063
[0.33000585]
1064
[0.85724995]
1065
[0.85724995]
1066
[0.78778763]
1067
[0.36850304]
1068
[0.85724995]
1069
[0.44382362]
1070
[0.08144792]
1071
[0.83549067]
1072
[0.81791586]
1073
[0.11157615]
1074
[0.85724995]
1075
[0.49152666]
1076
[0.7392477]
1077
[0.23627357]
1078
[0.18689674]
1079
[0.82712171]
1080
[0.59446479]
1081
[0.13082475]
1082
[0.35009134]
1083
[0.84302272]
1084
[0.46223532]
1085
[0.33251654]
1086
[0.32749516]
1087
[0.82042655]
1088
[0.45302947]
1089
[0.85724995]
1090
[0.28313971]
1091
[0.72836806]
1092
[0.27058628]
1093
[0.75347492]
1094
[0.00110596]
1095
[0.10990236]
1096
[0.23711046]
1097
[0.85473926]
1098
[0.29736693]
1099
[0.48064702]
1100
[0.06973138]
1101
[0.56015208]
1102
[0.09567514]
1103
[0.09734893]
1104
[0.80619933]
1105
[0.22120945]
1106
[0.0303973]
1107
[0.59111721]
1108
[0.13333543]
1109
[0.01365939]
1110
[0.79699348]
1111
[0.38775163]
1112
[0.83549067]
1113
[0.72418358]
1114
[0.17685399]
1115
[0.05885174]
1116
[0.14505197]
1117
[0.47562565]
1118
[0.34506997]
1119
[0.82042655]
1120
[0.44298673]
1121
[0.51830731]
1122
[0.37185062]
1123
[0.73422632]
1124
[0.68736018]
1125
[0.67229606]
1126
[0.73757391]
1127
[0.39612059]
1128
[0.07475275]
1129
[0.79615658]
1130
[0.30992036]
1131
[0.67564365]
1132
[0.85724995]
1133
[0.69154466]
1134
[0.85724995]
1135
[0.00110596]
1136
[0.56852104]
1137
[0.05968864]
1138
[0.84888099]
1139
[0.85724995]
1140
[0.02119145]
1141
[0.11492373]
1142
[0.82293724]
1143
[0.69070776]
1144
[0.85724995]
1145
[0.74510596]
1146
[0.57019483]
1147
[0.51663352]
1148
[0.00110596]
1149
[0.79113521]
1150
[0.3567865]
1151
[0.08897998]
1152
[0.52500248]
1153
[0.36599235]
1154
[0.60367064]
1155
[0.00780112]
1156
[0.14923644]
1157
[0.52751316]
1158
[0.60115996]
1159
[0.05299347]
1160
[0.61873476]
1161
[0.84469652]
1162
[0.26221732]
1163
[0.49152666]
1164
[0.85724995]
1165
[0.68233881]
1166
[0.192755]
1167
[0.85724995]
1168
[0.31075726]
1169
[0.82461103]
1170
[0.4471712]
1171
[0.76686524]
1172
[0.85724995]
1173
[0.85724995]
1174
[0.76853904]
1175
[0.31577863]
1176
[0.85724995]
1177
[0.15007334]
1178
[0.23208909]
1179
[0.62040855]
1180
[0.72334668]
1181
[0.02370214]
1182
[0.25050079]
1183
[0.34925444]
1184
[0.81456828]
1185
[0.00110596]
1186
[0.85473926]
1187
[0.31494173]
1188
[0.58107447]
1189
[0.85724995]
1190
[0.01533318]
1191
[0.53420833]
1192
[0.22455703]
1193
[0.69070776]
1194
[0.82461103]
1195
[0.23376288]
1196
[0.84218583]
1197
[0.1576054]
1198
[0.4471712]
1199
[0.10990236]
1200
[0.27811833]
1201
[0.34674376]
1202
[0.68903397]
1203
[0.30489899]
1204
[0.51579663]
1205
[0.64216783]
1206
[0.78444005]
1207
[0.27728144]
1208
[0.00110596]
1209
[0.2295784]
1210
[0.53169764]
1211
[0.85724995]
1212
[0.6120396]
1213
[0.60199685]
1214
[0.00780112]
1215
[0.47646254]
1216
[0.32749516]
1217
[0.32749516]
1218
[0.85724995]
1219
[0.13751991]
1220
[0.05968864]
1221
[0.29318245]
1222
[0.6304513]
1223
[0.22706772]
1224
[0.70326119]
1225
[0.66309022]
1226
[0.42206434]
1227
[0.81540518]
1228
[0.29318245]
1229
[0.6296144]
1230
[0.51412284]
1231
[0.03876625]
1232
[0.34172238]
1233
[0.5392297]
1234
[0.85724995]
1235
[0.78025557]
1236
[0.46976738]
1237
[0.18020157]
1238
[0.25635905]
1239
[0.01784387]
1240
[0.56935793]
1241
[0.40365264]
1242
[0.65555816]
1243
[0.50826457]
1244
[0.4120216]
1245
[0.32833206]
1246
[0.00194286]
1247
[0.85724995]
1248
[0.05885174]
1249
[0.00110596]
1250
[0.20781912]
1251
[0.12831406]
1252
[0.80619933]
1253
[0.1216189]
1254
[0.31410484]
1255
[0.00110596]
1256
[0.85724995]
1257
[0.29234556]
1258
[0.82544792]
1259
[0.85724995]
1260
[0.70075051]
1261
[0.24045804]
1262
[0.49571114]
1263
[0.76853904]
1264
[0.68568639]
1265
[0.79197211]
1266
[0.51495973]
1267
[0.62794061]
1268
[0.33586412]
1269
[0.16346367]
1270
[0.66811159]
1271
[0.00110596]
1272
[0.78025557]
1273
[0.00110596]
1274
[0.61036581]
1275
[0.58274826]
1276
[0.0839586]
1277
[0.54927244]
1278
[0.73673701]
1279
[0.52416558]
1280
[0.66894848]
1281
[0.69991361]
1282
[0.18940742]
1283
[0.85724995]
1284
[0.30489899]
1285
[0.57103172]
1286
[0.06805759]
1287
[0.85724995]
1288
[0.63296198]
1289
[0.42624882]
1290
[0.55010934]
1291
[0.00277975]
1292
[0.24631631]
1293
[0.85724995]
1294
[0.03290798]
1295
[0.10655478]
1296
[0.57354241]
1297
[0.75849629]
1298
[0.84385962]
1299
[0.84637031]
1300
[0.75514871]
1301
[0.31159415]
1302
[0.57270551]
1303
[0.78695073]
1304
[0.12496648]
1305
[0.05885174]
1306
[0.44549741]
1307
[0.30071451]
1308
[0.00110596]
1309
[0.5032432]
1310
[0.3392117]
1311
[0.85724995]
1312
[0.32833206]
1313
[0.63965714]
1314
[0.55429381]
1315
[0.27142317]
1316
[0.46223532]
1317
[0.35594961]
1318
[0.23627357]
1319
[0.06387311]
1320
[0.02035455]
1321
[0.20865602]
1322
[0.0663838]
1323
[0.12998785]
1324
[0.11157615]
1325
[0.33753791]
1326
[0.23208909]
1327
[0.00110596]
1328
[0.00110596]
1329
[0.85724995]
1330
[0.23878425]
1331
[0.00110596]
1332
[0.62291924]
1333
[0.53169764]
1334
[0.3760351]
1335
[0.72669427]
1336
[0.85724995]
1337
[0.40448954]
1338
[0.33753791]
1339
[0.49822182]
1340
[0.20614533]
1341
[0.14170439]
1342
[0.36766614]
1343
[0.66225332]
1344
[0.01031181]
1345
[0.08897998]
1346
[0.78611384]
1347
[0.3392117]
1348
[0.53671901]
1349
[0.01951766]
1350
[0.52751316]
1351
[0.00194286]
1352
[0.18187536]
1353
[0.42122745]
1354
[0.52751316]
1355
[0.09985962]
1356
[0.46056153]
1357
[0.76268077]
1358
[0.68568639]
1359
[0.33251654]
1360
[0.46976738]
1361
[0.77690799]
1362
[0.24129494]
1363
[0.12664027]
1364
[0.85724995]
1365
[0.85724995]
1366
[0.85724995]
1367
[0.45805084]
1368
[0.02370214]
1369
[0.71330394]
1370
[0.77858178]
1371
[0.85724995]
1372
[0.00110596]
1373
[0.80954691]
1374
[0.29987762]
1375
[0.65137368]
1376
[0.85724995]
1377
[0.24213183]
1378
[0.85724995]
1379
[0.00612733]
1380
[0.1032072]
1381
[0.46725669]
1382
[0.69238155]
1383
[0.85724995]
1384
[0.83883825]
1385
[0.85724995]
1386
[0.40448954]
1387
[0.39946817]
1388
[0.57019483]
1389
[0.66309022]
1390
[0.85724995]
1391
[0.58358515]
1392
[0.85724995]
1393
[0.42039055]
1394
[0.77021283]
1395
[0.85724995]
1396
[0.04044004]
1397
[0.71414083]
1398
[0.85724995]
1399
[0.85724995]
1400
[0.85724995]
1401
[0.25886974]
1402
[0.38607784]
1403
[0.49068976]
1404
[0.85724995]
1405
[0.22790461]
1406
[0.6656009]
1407
[0.74175838]
1408
[0.11073926]
1409
[0.85306547]
1410
[0.49152666]
1411
[0.85724995]
1412
[0.85724995]
1413
[0.85724995]
1414
[0.1567685]
1415
[0.82042655]
1416
[0.84553341]
1417
[0.85724995]
1418
[0.63714646]
1419
[0.33502722]
1420
[0.58442205]
1421
[0.14086749]
1422
[0.85724995]
1423
[0.70577188]
1424
[0.31326794]
1425
[0.85724995]
1426
[0.7015874]
1427
[0.31661552]
1428
[0.85724995]
1429
[0.30824657]
1430
[0.30406209]
1431
[0.00110596]
1432
[0.65974263]
1433
[0.10069651]
1434
[0.01449629]
1435
[0.66978538]
1436
[0.85724995]
1437
[0.02202834]
1438
[0.72502047]
1439
[0.17769089]
1440
[0.84051204]
1441
[0.00110596]
1442
[0.17685399]
1443
[0.85724995]
1444
[0.55596761]
1445
[0.11492373]
1446
[0.00110596]
1447
[0.37687199]
1448
[0.41871676]
1449
[0.52835006]
1450
[0.68652329]
1451
[0.13166164]
1452
[0.29987762]
1453
[0.00194286]
1454
[0.85724995]
1455
[0.4295964]
1456
[0.65639505]
1457
[0.27393386]
1458
[0.11827132]
1459
[0.17183262]
1460
[0.00110596]
1461
[0.65304747]
1462
[0.85724995]
1463
[0.05299347]
1464
[0.14923644]
1465
[0.79448279]
1466
[0.60367064]
1467
[0.85724995]
1468
[0.34423307]
1469
[0.39193611]
1470
[0.27058628]
1471
[0.80117796]
1472
[0.1400306]
1473
[0.37687199]
1474
[0.65639505]
1475
[0.85724995]
1476
[0.78276626]
1477
[0.07056828]
1478
[0.84385962]
1479
[0.80285175]
1480
[0.45721395]
1481
[0.53588212]
1482
[0.40114196]
1483
[0.03374488]
1484
[0.29067177]
1485
[0.85724995]
1486
[0.58609584]
1487
[0.07475275]
1488
[0.55345692]
1489
[0.58693273]
1490
[0.78527694]
1491
[0.55513071]
1492
[0.18857053]
1493
[0.85724995]
1494
[0.26723869]
1495
[0.72753116]
1496
[0.67899123]
1497
[0.85724995]
1498
[0.7559856]
1499
[0.37352441]
1500
[0.04044004]
1501
[0.61789786]
1502
[0.00110596]
1503
[0.02788661]
1504
[0.00445354]
1505
[0.54592486]
1506
[0.76435456]
1507
[0.03123419]
1508
[0.29820382]
1509
[0.36682925]
1510
[0.85724995]
1511
[0.63965714]
1512
[0.3751982]
1513
[0.85724995]
1514
[0.67982812]
1515
[0.64635231]
1516
[0.69740293]
1517
[0.52416558]
1518
[0.4480081]
1519
[0.85724995]
1520
[0.5568045]
1521
[0.37352441]
1522
[0.04964589]
1523
[0.18940742]
1524
[0.85724995]
1525
[0.85724995]
1526
[0.00110596]
1527
[0.03625557]
1528
[0.65890574]
1529
[0.21367739]
1530
[0.64969989]
1531
[0.19861327]
1532
[0.39444679]
1533
[0.31159415]
1534
[0.20865602]
1535
[0.7559856]
1536
[0.30155141]
1537
[0.85724995]
1538
[0.1751802]
1539
[0.85724995]
1540
[0.10990236]
1541
[0.26305422]
1542
[0.85724995]
1543
[0.03709246]
1544
[0.8296324]
1545
[0.14254128]
1546
[0.49571114]
1547
[0.85724995]
1548
[0.09232756]
1549
[0.3392117]
1550
[0.51579663]
1551
[0.62375613]
1552
[0.31828931]
1553
[0.22204634]
1554
[0.85724995]
1555
[0.00110596]
1556
[0.85724995]
1557
[0.11492373]
1558
[0.18857053]
1559
[0.71581463]
1560
[0.73171564]
1561
[0.49152666]
1562
[0.00110596]
1563
[0.20028706]
1564
[0.18271226]
1565
[0.85724995]
1566
[0.44298673]
1567
[0.73338943]
1568
[0.85724995]
1569
[0.37854578]
1570
[0.85724995]
1571
[0.67062227]
1572
[0.58191136]
1573
[0.41536918]
1574
[0.43796535]
1575
[0.28816108]
1576
[0.27309696]
1577
[0.46223532]
1578
[0.37185062]
1579
[0.25133768]
1580
[0.03290798]
1581
[0.85724995]
1582
[0.56015208]
1583
[0.29820382]
1584
[0.82461103]
1585
[0.45888774]
1586
[0.83381688]
1587
[0.12245579]
1588
[0.11408684]
1589
[0.22539393]
1590
[0.85724995]
1591
[0.75347492]
1592
[0.30155141]
1593
[0.85724995]
1594
[0.82795861]
1595
[0.38775163]
1596
[0.56768414]
1597
[0.85724995]
1598
[0.70577188]
1599
[0.18187536]
1600
[0.58191136]
1601
[0.85724995]
1602
[0.48064702]
1603
[0.46056153]
1604
[0.7392477]
1605
[0.4480081]
1606
[0.61287649]
1607
[0.00110596]
1608
[0.72334668]
1609
[0.85724995]
1610
[0.83046929]
1611
[0.80619933]
1612
[0.4655829]
1613
[0.72167289]
1614
[0.4848315]
1615
[0.08814308]
1616
[0.0303973]
1617
[0.34423307]
1618
[0.83130619]
1619
[0.45888774]
1620
[0.08897998]
1621
[0.01031181]
1622
[0.50659078]
1623
[0.20865602]
1624
[0.63212509]
1625
[0.2655649]
1626
[0.43294398]
1627
[0.09985962]
1628
[0.38356715]
1629
[0.5568045]
1630
[0.51077525]
1631
[0.0847955]
1632
[0.8480441]
1633
[0.67731744]
1634
[0.14086749]
1635
[0.10069651]
1636
[0.15174713]
1637
[0.39109921]
1638
[0.21284049]
1639
[0.20530844]
1640
[0.6304513]
1641
[0.07224207]
1642
[0.18271226]
1643
[0.85724995]
1644
[0.08814308]
1645
[0.21786187]
1646
[0.85724995]
1647
[0.76602835]
1648
[0.43294398]
1649
[0.85724995]
1650
[0.3032252]
1651
[0.58191136]
1652
[0.20865602]
1653
[0.43127019]
1654
[0.23459977]
1655
[0.71079325]
1656
[0.16178988]
1657
[0.85724995]
1658
[0.85724995]
1659
[0.75096423]
1660
[0.85724995]
1661
[0.26221732]
1662
[0.01031181]
1663
[0.85724995]
1664
[0.55596761]
1665
[0.00780112]
1666
[0.74929044]
1667
[0.29150866]
1668
[0.85724995]
1669
[0.85724995]
1670
[0.59446479]
1671
[0.85724995]
1672
[0.34088549]
1673
[0.22790461]
1674
[0.72669427]
1675
[0.55010934]
1676
[0.00696423]
1677
[0.34506997]
1678
[0.00863802]
1679
[0.2664018]
1680
[0.4471712]
1681
[0.33753791]
1682
[0.48650529]
1683
[0.00780112]
1684
[0.85724995]
1685
[0.19191811]
1686
[0.05717795]
1687
[0.5743793]
1688
[0.6656009]
1689
[0.27728144]
1690
[0.85724995]
1691
[0.13584612]
1692
[0.13166164]
1693
[0.83046929]
1694
[0.42373813]
1695
[0.5576414]
1696
[0.76686524]
1697
[0.46976738]
1698
[0.85724995]
1699
[0.20781912]
1700
[0.48901597]
1701
[0.16597435]
1702
[0.22706772]
1703
[0.61789786]
1704
[0.58609584]
1705
[0.35176513]
1706
[0.00110596]
1707
[0.44131294]
1708
[0.2304153]
1709
[0.85724995]
1710
[0.56182587]
1711
[0.85724995]
1712
[0.66978538]
1713
[0.04546142]
1714
[0.49403735]
1715
[0.85724995]
1716
[0.49905872]
1717
[0.10990236]
1718
[0.75431181]
1719
[0.77188662]
1720
[0.74761665]
1721
[0.65472126]
1722
[0.83465377]
1723
[0.41369539]
1724
[0.3216369]
1725
[0.85724995]
1726
[0.05717795]
1727
[0.85724995]
1728
[0.16178988]
1729
[0.29736693]
1730
[0.77941868]
1731
[0.09902272]
1732
[0.36348167]
1733
[0.64300473]
1734
[0.31912621]
1735
[0.8287955]
1736
[0.26221732]
1737
[0.55429381]
1738
[0.34004859]
1739
[0.09149066]
1740
[0.26054353]
1741
[0.80703622]
1742
[0.31912621]
1743
[0.32749516]
1744
[0.85724995]
1745
[0.85724995]
1746
[0.55178313]
1747
[0.08563239]
1748
[0.24380562]
1749
[0.75012734]
1750
[0.35594961]
1751
[0.85724995]
1752
[0.36264477]
1753
[0.85724995]
1754
[0.65053678]
1755
[0.25384837]
1756
[0.54006659]
1757
[0.80536243]
1758
[0.21953566]
1759
[0.26891249]
1760
[0.4120216]
1761
[0.34590686]
1762
[0.85724995]
1763
[0.65555816]
1764
[0.56098898]
1765
[0.85724995]
1766
[0.40700023]
1767
[0.67313296]
1768
[0.13751991]
1769
[0.81707897]
1770
[0.31159415]
1771
[0.48064702]
1772
[0.00110596]
1773
[0.15509471]
1774
[0.80117796]
1775
[0.65137368]
1776
[0.00110596]
1777
[0.75180113]
1778
[0.5936279]
1779
[0.85724995]
1780
[0.85724995]
1781
[0.38858853]
1782
[0.11492373]
1783
[0.38691474]
1784
[0.39026232]
1785
[0.50659078]
1786
[0.2120036]
1787
[0.30406209]
1788
[0.03541867]
1789
[0.76351766]
1790
[0.28648729]
1791
[0.65806884]
1792
[0.24380562]
1793
[0.82461103]
1794
[0.21535118]
1795
[0.09818583]
1796
[0.77774488]
1797
[0.22037255]
1798
[0.16681125]
1799
[0.56266277]
1800
[0.03207109]
1801
[0.55178313]
1802
[0.00110596]
1803
[0.41787987]
1804
[0.38858853]
1805
[0.06471001]
1806
[0.05550416]
1807
[0.57688999]
1808
[0.00110596]
1809
[0.73255253]
1810
[0.35176513]
1811
[0.23962115]
1812
[0.85724995]
1813
[0.00110596]
1814
[0.61706097]
1815
[0.00110596]
1816
[0.35511271]
1817
[0.27058628]
1818
[0.04127694]
1819
[0.77188662]
1820
[0.55429381]
1821
[0.0479721]
1822
[0.85724995]
1823
[0.11324994]
1824
[0.47813633]
1825
[0.01031181]
1826
[0.38273026]
1827
[0.47311496]
1828
[0.85724995]
1829
[0.65890574]
1830
[0.34758065]
1831
[0.16764814]
1832
[0.04964589]
1833
[0.29820382]
1834
[0.05466727]
1835
[0.18773363]
1836
[0.62124545]
1837
[0.15007334]
1838
[0.36431856]
1839
[0.00110596]
1840
[0.85724995]
1841
[0.83632756]
1842
[0.06387311]
1843
[0.65723195]
1844
[0.4848315]
1845
[0.82210034]
1846
[0.17015883]
1847
[0.16848504]
1848
[0.85724995]
1849
[0.17685399]
1850
[0.42039055]
1851
[0.12998785]
1852
[0.27811833]
1853
[0.3216369]
1854
[0.59111721]
1855
[0.5015694]
1856
[0.85724995]
1857
[0.78276626]
1858
[0.74426907]
1859
[0.2848135]
1860
[0.29401935]
1861
[0.43378088]
1862
[0.27644454]
1863
[0.1391937]
1864
[0.16262677]
1865
[0.37770889]
1866
[0.3208]
1867
[0.85724995]
1868
[0.59111721]
1869
[0.85724995]
1870
[0.07056828]
1871
[0.02286524]
1872
[0.83130619]
1873
[0.43127019]
1874
[0.54592486]
1875
[0.2479901]
1876
[0.42875951]
1877
[0.09818583]
1878
[0.85724995]
1879
[0.54592486]
1880
[0.08981687]
1881
[0.84385962]
1882
[0.38607784]
1883
[0.60785512]
1884
[0.13668301]
1885
[0.36682925]
1886
[0.49738493]
1887
[0.47478875]
1888
[0.80368864]
1889
[0.48566839]
1890
[0.27560765]
1891
[0.24296873]
1892
[0.26891249]
1893
[0.46809359]
1894
[0.24129494]
1895
[0.00361665]
1896
[0.15844229]
1897
[0.58442205]
1898
[0.24966389]
1899
[0.30489899]
1900
[0.23794736]
1901
[0.09232756]
1902
[0.14672576]
1903
[0.23794736]
1904
[0.82628482]
1905
[0.19108121]
1906
[0.80201485]
1907
[0.74594286]
1908
[0.85724995]
1909
[0.72753116]
1910
[0.10488099]
1911
[0.85724995]
1912
[0.84051204]
1913
[0.42624882]
1914
[0.41955366]
1915
[0.00110596]
1916
[0.19610259]
1917
[0.7015874]
1918
[0.09149066]
1919
[0.85724995]
1920
[0.00110596]
1921
[0.85724995]
1922
[0.25635905]
1923
[0.44214983]
1924
[0.51077525]
1925
[0.27309696]
1926
[0.18522295]
1927
[0.02537593]
1928
[0.80201485]
1929
[0.85724995]
1930
[0.09651203]
1931
[0.85724995]
1932
[0.71414083]
1933
[0.73255253]
1934
[0.36431856]
1935
[0.02453903]
1936
[0.68819708]
1937
[0.85724995]
1938
[0.63379888]
1939
[0.18605984]
1940
[0.51495973]
1941
[0.08814308]
1942
[0.720836]
1943
[0.65472126]
1944
[0.42122745]
1945
[0.00110596]
1946
[0.0303973]
1947
[0.65723195]
1948
[0.67564365]
1949
[0.55847829]
1950
[0.20028706]
1951
[0.6480261]
1952
[0.07642655]
1953
[0.59530169]
1954
[0.55262002]
1955
[0.34088549]
1956
[0.18438605]
1957
[0.71079325]
1958
[0.15258403]
1959
[0.1400306]
1960
[0.64216783]
1961
[0.62040855]
1962
[0.08981687]
1963
[0.23794736]
1964
[0.05466727]
1965
[0.85724995]
1966
[0.00110596]
1967
[0.34255928]
1968
[0.1383568]
1969
[0.43963915]
1970
[0.85724995]
1971
[0.65974263]
1972
[0.36180787]
1973
[0.18438605]
1974
[0.69991361]
1975
[0.51412284]
1976
[0.70326119]
1977
[0.01951766]
1978
[0.16262677]
1979
[0.29653003]
1980
[0.45554016]
1981
[0.53253453]
1982
[0.54174038]
1983
[0.49403735]
1984
[0.55178313]
1985
[0.39612059]
1986
[0.26221732]
1987
[0.51412284]
1988
[0.09818583]
1989
[0.74845355]
1990
[0.85724995]
1991
[0.03792936]
1992
[0.78695073]
1993
[0.18020157]
1994
[0.31745242]
1995
[0.01533318]
1996
[0.85724995]
1997
[0.54174038]
1998
[0.0672207]
1999
[0.29318245]
2000
[0.85724995]
2001
[0.04127694]
2002
[0.85724995]
2003
[0.24715321]
2004
[0.04629831]
2005
[0.61371339]
2006
[0.85724995]
2007
[0.34506997]
2008
[0.32916895]
2009
[0.23962115]
2010
[0.27644454]
2011
[0.03960315]
2012
[0.47311496]
2013
[0.32749516]
2014
[0.13082475]
2015
[0.7015874]
2016
[0.85724995]
2017
[0.76770214]
2018
[0.11073926]
2019
[0.85724995]
2020
[0.40114196]
2021
[0.85724995]
2022
[0.06554691]
2023
[0.85724995]
2024
[0.05634106]
2025
[0.75765939]
2026
[0.70577188]
2027
[0.75096423]
2028
[0.21618808]
2029
[0.7392477]
2030
[0.48232081]
2031
[0.00110596]
2032
[0.06973138]
2033
[0.25719595]
2034
[0.85724995]
2035
[0.42206434]
2036
[0.2295784]
2037
[0.51244904]
2038
[0.33084274]
2039
[0.26389111]
2040
[0.17852778]
2041
[0.33167964]
2042
[0.1391937]
2043
[0.55345692]
2044
[0.36097098]
2045
[0.00110596]
2046
[0.1935919]
2047
[0.46809359]
2048
[0.26472801]
2049
[0.85724995]
2050
[0.02035455]
2051
[0.64216783]
2052
[0.83883825]
2053
[0.85724995]
2054
[0.47897323]
2055
[0.37770889]
2056
[0.01031181]
2057
[0.44968189]
2058
[0.61371339]
2059
[0.33419033]
2060
[0.13417233]
2061
[0.45721395]
2062
[0.11073926]
2063
[0.53588212]
2064
[0.44968189]
2065
[0.85724995]
2066
[0.14170439]
2067
[0.62040855]
2068
[0.18438605]
2069
[0.37854578]
2070
[0.72585737]
2071
[0.4655829]
2072
[0.33670101]
2073
[0.85724995]
2074
[0.85724995]
2075
[0.35594961]
2076
[0.08228481]
2077
[0.33167964]
2078
[0.14421507]
2079
[0.72836806]
2080
[0.60032306]
2081
[0.50491699]
2082
[0.00110596]
2083
[0.85724995]
2084
[0.00110596]
2085
[0.47897323]
2086
[0.41034781]
2087
[0.21618808]
2088
[0.85724995]
2089
[0.30657278]
2090
[0.54676176]
2091
[0.08814308]
2092
[0.02788661]
2093
[0.82628482]
2094
[0.08981687]
2095
[0.08730619]
2096
[0.65137368]
2097
[0.17434331]
2098
[0.77941868]
2099
[0.05550416]
2100
[0.00696423]
2101
[0.35092823]
2102
[0.85641305]
2103
[0.11157615]
2104
[0.00110596]
2105
[0.47478875]
2106
[0.44214983]
2107
[0.41620607]
2108
[0.21451429]
2109
[0.7024243]
2110
[0.85724995]
2111
[0.42792261]
2112
[0.85724995]
2113
[0.70409809]
2114
[0.04964589]
2115
[0.85724995]
2116
[0.38691474]
2117
[0.61036581]
2118
[0.18020157]
2119
[0.51077525]
2120
[0.19526569]
2121
[0.64635231]
2122
[0.29234556]
2123
[0.85724995]
2124
[0.07558965]
2125
[0.54425107]
2126
[0.14086749]
2127
[0.26221732]
2128
[0.85724995]
2129
[0.47897323]
2130
[0.05717795]
2131
[0.72334668]
2132
[0.41787987]
2133
[0.03458178]
2134
[0.46809359]
2135
[0.42039055]
2136
[0.54341417]
2137
[0.41453228]
2138
[0.56266277]
2139
[0.70409809]
2140
[0.85724995]
2141
[0.54341417]
2142
[0.43127019]
2143
[0.69238155]
2144
[0.85724995]
2145
[0.00110596]
2146
[0.02035455]
2147
[0.85724995]
2148
[0.52332869]
2149
[0.02035455]
2150
[0.65472126]
2151
[0.0847955]
2152
[0.08312171]
2153
[0.38356715]
2154
[0.66978538]
2155
[0.78192936]
2156
[0.83381688]
2157
[0.37185062]
2158
[0.85724995]
2159
[0.10153341]
2160
[0.64551541]
2161
[0.21786187]
2162
[0.69070776]
2163
[0.43127019]
2164
[0.00110596]
2165
[0.00612733]
2166
[0.26807559]
2167
[0.06136243]
2168
[0.66894848]
2169
[0.44047604]
2170
[0.63379888]
2171
[0.66225332]
2172
[0.00529044]
2173
[0.39026232]
2174
[0.64384162]
2175
[0.85724995]
2176
[0.85724995]
2177
[0.3751982]
2178
[0.54927244]
2179
[0.85724995]
2180
[0.02872351]
2181
[0.85724995]
2182
[0.43294398]
2183
[0.85055478]
2184
[0.12831406]
2185
[0.85724995]
2186
[0.7568225]
2187
[0.65723195]
2188
[0.16011608]
2189
[0.41787987]
2190
[0.57605309]
2191
[0.36682925]
2192
[0.85724995]
2193
[0.54425107]
2194
[0.04546142]
2195
[0.85724995]
2196
[0.2848135]
2197
[0.14839955]
2198
[0.64216783]
2199
[0.80034106]
2200
[0.27560765]
2201
[0.45302947]
2202
[0.85724995]
2203
[0.43545467]
2204
[0.33251654]
2205
[0.52583937]
2206
[0.71246704]
2207
[0.6287775]
2208
[0.00110596]
2209
[0.85724995]
2210
[0.44466052]
2211
[0.68819708]
2212
[0.56935793]
2213
[0.1391937]
2214
[0.85724995]
2215
[0.76853904]
2216
[0.65890574]
2217
[0.24380562]
2218
[0.16430056]
2219
[0.02872351]
2220
[0.54174038]
2221
[0.19108121]
2222
[0.42373813]
2223
[0.76519145]
2224
[0.57019483]
2225
[0.2839766]
2226
[0.06219932]
2227
[0.28230281]
2228
[0.16597435]
2229
[0.55931519]
2230
[0.38775163]
2231
[0.34423307]
2232
[0.36599235]
2233
[0.37101372]
2234
[0.39779438]
2235
[0.3199631]
2236
[0.74175838]
2237
[0.52416558]
2238
[0.00110596]
2239
[0.39863127]
2240
[0.18940742]
2241
[0.55931519]
2242
[0.81707897]
2243
[0.71748842]
2244
[0.09651203]
2245
[0.48901597]
2246
[0.4480081]
2247
[0.40867402]
2248
[0.34758065]
2249
[0.65221058]
2250
[0.1023703]
2251
[0.03290798]
2252
[0.60199685]
2253
[0.18271226]
2254
[0.35009134]
2255
[0.85724995]
2256
[0.10822857]
2257
[0.84469652]
2258
[0.40448954]
2259
[0.17936468]
2260
[0.85724995]
2261
[0.6112027]
2262
[0.20530844]
2263
[0.73590011]
2264
[0.33251654]
2265
[0.51663352]
2266
[0.32916895]
2267
[0.14254128]
2268
[0.81540518]
2269
[0.7015874]
2270
[0.24547941]
2271
[0.49822182]
2272
[0.00110596]
2273
[0.85641305]
2274
[0.19945017]
2275
[0.29485624]
2276
[0.85724995]
2277
[0.1751802]
2278
[0.66894848]
2279
[0.0479721]
2280
[0.53002385]
2281
[0.75012734]
2282
[0.54759865]
2283
[0.85724995]
2284
[0.56433656]
2285
[0.3936099]
2286
[0.25384837]
2287
[0.60115996]
2288
[0.69991361]
2289
[0.37352441]
2290
[0.85724995]
2291
[0.68233881]
2292
[0.60450754]
2293
[0.23711046]
2294
[0.85724995]
2295
[0.18689674]
2296
[0.47478875]
2297
[0.45051879]
2298
[0.44968189]
2299
[0.36431856]
2300
[0.71246704]
2301
[0.8112207]
2302
[0.11827132]
2303
[0.00780112]
2304
[0.43629156]
2305
[0.85724995]
2306
[0.65053678]
2307
[0.592791]
2308
[0.42122745]
2309
[0.77690799]
2310
[0.03290798]
2311
[0.61789786]
2312
[0.81289449]
2313
[0.34423307]
2314
[0.45554016]
2315
[0.28230281]
2316
[0.42875951]
2317
[0.6480261]
2318
[0.00110596]
2319
[0.00110596]
2320
[0.51663352]
2321
[0.17099572]
2322
[0.19945017]
2323
[0.44214983]
2324
[0.53504522]
2325
[0.73673701]
2326
[0.17183262]
2327
[0.85724995]
2328
[0.84971789]
2329
[0.55931519]
2330
[0.10990236]
2331
[0.42457503]
2332
[0.05383037]
2333
[0.85724995]
2334
[0.1383568]
2335
[0.85641305]
2336
[0.51161215]
2337
[0.29485624]
2338
[0.05968864]
2339
[0.54843555]
2340
[0.36013408]
2341
[0.08730619]
2342
[0.07391586]
2343
[0.4304333]
2344
[0.09818583]
2345
[0.22874151]
2346
[0.85724995]
2347
[0.70326119]
2348
[0.73590011]
2349
[0.85724995]
2350
[0.15425782]
2351
[0.85724995]
2352
[0.06052553]
2353
[0.65890574]
2354
[0.25050079]
2355
[0.82210034]
2356
[0.85724995]
2357
[0.54090349]
2358
[0.36766614]
2359
[0.33000585]
2360
[0.85724995]
2361
[0.85306547]
2362
[0.84469652]
2363
[0.6664378]
2364
[0.00110596]
2365
[0.40783712]
2366
[0.85724995]
2367
[0.0479721]
2368
[0.33167964]
2369
[0.85724995]
2370
[0.25803285]
2371
[0.77858178]
2372
[0.28146592]
2373
[0.38356715]
2374
[0.14337818]
2375
[0.85724995]
2376
[0.85724995]
2377
[0.61622407]
2378
[0.85055478]
2379
[0.3576234]
2380
[0.85724995]
2381
[0.8103838]
2382
[0.7015874]
2383
[0.03876625]
2384
[0.85724995]
2385
[0.8296324]
2386
[0.31912621]
2387
[0.46139843]
2388
[0.03876625]
2389
[0.26723869]
2390
[0.39612059]
2391
[0.34758065]
2392
[0.75012734]
2393
[0.85724995]
2394
[0.39946817]
2395
[0.13166164]
2396
[0.85724995]
2397
[0.11994511]
2398
[0.61287649]
2399
[0.48985287]
2400
[0.36682925]
2401
[0.10488099]
2402
[0.59111721]
2403
[0.85724995]
2404
[0.22120945]
2405
[0.85724995]
2406
[0.50575388]
2407
[0.70493499]
2408
[0.47646254]
2409
[0.11659752]
2410
[0.07558965]
2411
[0.01031181]
2412
[0.02370214]
2413
[0.45302947]
2414
[0.32833206]
2415
[0.69740293]
2416
[0.36515546]
2417
[0.4655829]
2418
[0.12580337]
2419
[0.71665152]
2420
[0.28230281]
2421
[0.7559856]
2422
[0.67648054]
2423
[0.6304513]
2424
[0.00110596]
2425
[0.78192936]
2426
[0.6112027]
2427
[0.58023757]
2428
[0.83214308]
2429
[0.18857053]
2430
[0.5743793]
2431
[0.85724995]
2432
[0.80703622]
2433
[0.85724995]
2434
[0.51579663]
2435
[0.05550416]
2436
[0.64467852]
2437
[0.80536243]
2438
[0.2664018]
2439
[0.42457503]
2440
[0.2655649]
2441
[0.1567685]
2442
[0.83130619]
2443
[0.65221058]
2444
[0.51244904]
2445
[0.81958965]
2446
[0.22623082]
2447
[0.63798335]
2448
[0.85724995]
2449
[0.79448279]
2450
[0.67396986]
2451
[0.85473926]
2452
[0.32582137]
2453
[0.35511271]
2454
[0.00110596]
2455
[0.67731744]
2456
[0.84051204]
2457
[0.41453228]
2458
[0.85724995]
2459
[0.81456828]
2460
[0.77607109]
2461
[0.32833206]
2462
[0.78778763]
2463
[0.59195411]
2464
[0.85724995]
2465
[0.10906547]
2466
[0.74594286]
2467
[0.42708571]
2468
[0.22372013]
2469
[0.00110596]
2470
[0.85724995]
2471
[0.02704972]
2472
[0.85724995]
2473
[0.3383748]
2474
[0.85724995]
2475
[0.2839766]
2476
[0.64467852]
2477
[0.34255928]
2478
[0.32498448]
2479
[0.63798335]
2480
[0.74929044]
2481
[0.11910821]
2482
[0.06136243]
2483
[0.20698223]
2484
[0.11994511]
2485
[0.22623082]
2486
[0.85724995]
2487
[0.85724995]
2488
[0.59613858]
2489
[0.85724995]
2490
[0.26974938]
2491
[0.06387311]
2492
[0.35092823]
2493
[0.84218583]
2494
[0.0128225]
2495
[0.85724995]
2496
[0.44382362]
2497
[0.72836806]
2498
[0.51747042]
2499
[0.05131968]
2500
[0.71079325]
2501
[0.10153341]
2502
[0.85724995]
2503
[0.47478875]
2504
[0.64216783]
2505
[0.00110596]
2506
[0.12412958]
2507
[0.77690799]
2508
[0.04546142]
2509
[0.00277975]
2510
[0.07475275]
2511
[0.13751991]
2512
[0.74092149]
2513
[0.65723195]
2514
[0.78862452]
2515
[0.74259528]
2516
[0.03709246]
2517
[0.20363465]
2518
[0.85724995]
2519
[0.5015694]
2520
[0.6840126]
2521
[0.85724995]
2522
[0.85724995]
2523
[0.85724995]
2524
[0.392773]
2525
[0.53588212]
2526
[0.05801485]
2527
[0.0303973]
2528
[0.51747042]
2529
[0.19610259]
2530
[0.3023883]
2531
[0.22372013]
2532
[0.44466052]
2533
[0.85724995]
2534
[0.1935919]
2535
[0.06973138]
2536
[0.85724995]
2537
[0.63965714]
2538
[0.34841755]
2539
[0.4839946]
2540
[0.07224207]
2541
[0.29736693]
2542
[0.00361665]
2543
[0.14086749]
2544
[0.42875951]
2545
[0.06805759]
2546
[0.29987762]
2547
[0.57605309]
2548
[0.84971789]
2549
[0.22204634]
2550
[0.33419033]
2551
[0.27811833]
2552
[0.26807559]
2553
[0.85724995]
2554
[0.40030506]
2555
[0.78276626]
2556
[0.11157615]
2557
[0.42457503]
2558
[0.45470326]
2559
[0.60952891]
2560
[0.6480261]
2561
[0.38524095]
2562
[0.18857053]
2563
[0.85724995]
2564
[0.3567865]
2565
[0.10069651]
2566
[0.53002385]
2567
[0.20698223]
2568
[0.7743973]
2569
[0.66476401]
2570
[0.58274826]
2571
[0.00277975]
2572
[0.4111847]
2573
[0.54090349]
2574
[0.76519145]
2575
[0.32498448]
2576
[0.85724995]
2577
[0.43461777]
2578
[0.05801485]
2579
[0.42206434]
2580
[0.8480441]
2581
[0.14086749]
2582
[0.31912621]
2583
[0.85724995]
2584
[0.05968864]
2585
[0.32582137]
2586
[0.42708571]
2587
[0.46725669]
2588
[0.52165489]
2589
[0.64216783]
2590
[0.35343892]
2591
[0.01031181]
2592
[0.31410484]
2593
[0.00110596]
2594
[0.48566839]
2595
[0.85724995]
2596
[0.05634106]
2597
[0.38356715]
2598
[0.85724995]
2599
[0.81624207]
2600
[0.720836]
2601
[0.69991361]
2602
[0.00110596]
2603
[0.42206434]
2604
[0.85724995]
2605
[0.69740293]
2606
[0.33251654]
2607
[0.56182587]
2608
[0.61622407]
2609
[0.85641305]
2610
[0.5032432]
2611
[0.84302272]
2612
[0.720836]
2613
[0.85724995]
2614
[0.31410484]
2615
[0.49654803]
2616
[0.63714646]
2617
[0.00110596]
2618
[0.52667627]
2619
[0.45219258]
2620
[0.25133768]
2621
[0.60199685]
2622
[0.7015874]
2623
[0.65053678]
2624
[0.85724995]
2625
[0.45051879]
2626
[0.72502047]
2627
[0.14086749]
2628
[0.64133094]
2629
[0.08563239]
2630
[0.78025557]
2631
[0.77941868]
2632
[0.08897998]
2633
[0.85724995]
2634
[0.47060428]
2635
[0.85724995]
2636
[0.85724995]
2637
[0.32414758]
2638
[0.69238155]
2639
[0.85724995]
2640
[0.85724995]
2641
[0.2304153]
2642
[0.76770214]
2643
[0.34255928]
2644
[0.04462452]
2645
[0.27058628]
2646
[0.13333543]
2647
[0.69656603]
2648
[0.54425107]
2649
[0.12664027]
2650
[0.58525894]
2651
[0.13417233]
2652
[0.55513071]
2653
[0.31577863]
2654
[0.74594286]
2655
[0.47311496]
2656
[0.82126344]
2657
[0.33000585]
2658
[0.40281575]
2659
[0.23878425]
2660
[0.65472126]
2661
[0.85724995]
2662
[0.02035455]
2663
[0.56684725]
2664
[0.50659078]
2665
[0.8472072]
2666
[0.46223532]
2667
[0.592791]
2668
[0.26221732]
2669
[0.61538718]
2670
[0.80536243]
2671
[0.10571788]
2672
[0.66057953]
2673
[0.10404409]
2674
[0.74761665]
2675
[0.50575388]
2676
[0.57688999]
2677
[0.37436131]
2678
[0.45302947]
2679
[0.17183262]
2680
[0.79866727]
2681
[0.22623082]
2682
[0.57688999]
2683
[0.68233881]
2684
[0.25719595]
2685
[0.10571788]
2686
[0.1383568]
2687
[0.12329269]
2688
[0.45135568]
2689
[0.30657278]
2690
[0.13333543]
2691
[0.85724995]
2692
[0.24631631]
2693
[0.00110596]
2694
[0.30824657]
2695
[0.248827]
2696
[0.36766614]
2697
[0.21869876]
2698
[0.33000585]
2699
[0.5383928]
2700
[0.02286524]
2701
[0.04378763]
2702
[0.21451429]
2703
[0.42792261]
2704
[0.50993836]
2705
[0.27393386]
2706
[0.00194286]
2707
[0.85724995]
2708
[0.2655649]
2709
[0.47311496]
2710
[0.08228481]
2711
[0.11241305]
2712
[0.6656009]
2713
[0.22455703]
2714
[0.58944342]
2715
[0.50993836]
2716
[0.50659078]
2717
[0.85724995]
2718
[0.44382362]
2719
[0.85724995]
2720
[0.60199685]
2721
[0.72753116]
2722
[0.42708571]
2723
[0.63296198]
2724
[0.85724995]
2725
[0.57772689]
2726
[0.69154466]
2727
[0.18271226]
2728
[0.05215658]
2729
[0.85724995]
2730
[0.16262677]
2731
[0.27979213]
2732
[0.39444679]
2733
[0.76937593]
2734
[0.27058628]
2735
[0.14421507]
2736
[0.39779438]
2737
[0.80368864]
2738
[0.0303973]
2739
[0.51747042]
2740
[0.69154466]
2741
[0.4480081]
2742
[0.85724995]
2743
[0.36348167]
2744
[0.69656603]
2745
[0.12496648]
2746
[0.11324994]
2747
[0.61873476]
2748
[0.40783712]
2749
[0.51747042]
2750
[0.58944342]
2751
[0.24966389]
2752
[0.48232081]
2753
[0.84134893]
2754
[0.06973138]
2755
[0.54006659]
2756
[0.80619933]
2757
[0.00110596]
2758
[0.68066502]
2759
[0.1567685]
2760
[0.29401935]
2761
[0.00110596]
2762
[0.31243105]
2763
[0.82795861]
2764
[0.07558965]
2765
[0.85724995]
2766
[0.40700023]
2767
[0.49822182]
2768
[0.25133768]
2769
[0.85724995]
2770
[0.17936468]
2771
[0.7568225]
2772
[0.48985287]
2773
[0.3023883]
2774
[0.65890574]
2775
[0.76937593]
2776
[0.85724995]
2777
[0.02872351]
2778
[0.00110596]
2779
[0.23711046]
2780
[0.31159415]
2781
[0.25552216]
2782
[0.16178988]
2783
[0.248827]
2784
[0.69154466]
2785
[0.32749516]
2786
[0.58442205]
2787
[0.54341417]
2788
[0.78109247]
2789
[0.65388437]
2790
[0.81958965]
2791
[0.53002385]
2792
[0.03207109]
2793
[0.31159415]
2794
[0.25803285]
2795
[0.18354916]
2796
[0.63965714]
2797
[0.81289449]
2798
[0.77272351]
2799
[0.3023883]
2800
[0.43461777]
2801
[0.25886974]
2802
[0.34506997]
2803
[0.41955366]
2804
[0.85724995]
2805
[0.05634106]
2806
[0.37854578]
2807
[0.85724995]
2808
[0.56266277]
2809
[0.33000585]
2810
[0.73590011]
2811
[0.85724995]
2812
[0.71916221]
2813
[0.85724995]
2814
[0.54425107]
2815
[0.27979213]
2816
[0.11827132]
2817
[0.85724995]
2818
[0.17099572]
2819
[0.79950416]
2820
[0.60115996]
2821
[0.38607784]
2822
[0.28230281]
2823
[0.00110596]
2824
[0.85724995]
2825
[0.5392297]
2826
[0.76519145]
2827
[0.63212509]
2828
[0.85724995]
2829
[0.0672207]
2830
[0.69489224]
2831
[0.71246704]
2832
[0.46474601]
2833
[0.17685399]
2834
[0.41285849]
2835
[0.00110596]
2836
[0.71079325]
2837
[0.85724995]
2838
[0.83967514]
2839
[0.47562565]
2840
[0.71581463]
2841
[0.29401935]
2842
[0.3208]
2843
[0.3392117]
2844
[0.76770214]
2845
[0.32247379]
2846
[0.58442205]
2847
[0.79699348]
2848
[0.85724995]
2849
[0.67564365]
2850
[0.52500248]
2851
[0.79029832]
2852
[0.38440405]
2853
[0.45554016]
2854
[0.83214308]
2855
[0.03541867]
2856
[0.82210034]
2857
[0.77607109]
2858
[0.85724995]
2859
[0.27811833]
2860
[0.57940068]
2861
[0.85724995]
2862
[0.00110596]
2863
[0.83381688]
2864
[0.79448279]
2865
[0.63547267]
2866
[0.53588212]
2867
[0.85724995]
2868
[0.37101372]
2869
[0.36348167]
2870
[0.34172238]
2871
[0.48985287]
2872
[0.68819708]
2873
[0.43294398]
2874
[0.42290124]
2875
[0.18605984]
2876
[0.51747042]
2877
[0.19024432]
2878
[0.62375613]
2879
[0.85724995]
2880
[0.41285849]
2881
[0.1383568]
2882
[0.85724995]
2883
[0.37436131]
2884
[0.50742767]
2885
[0.85724995]
2886
[0.70911946]
2887
[0.46809359]
2888
[0.85557616]
2889
[0.22706772]
2890
[0.16262677]
2891
[0.63379888]
2892
[0.35009134]
2893
[0.53504522]
2894
[0.74175838]
2895
[0.45219258]
2896
[0.85724995]
2897
[0.13417233]
2898
[0.83130619]
2899
[0.77356041]
2900
[0.08563239]
2901
[0.52918695]
2902
[0.75933319]
2903
[0.39612059]
2904
[0.44214983]
2905
[0.73506322]
2906
[0.85641305]
2907
[0.36264477]
2908
[0.83632756]
2909
[0.80034106]
2910
[0.10655478]
2911
[0.66811159]
2912
[0.78862452]
2913
[0.81373139]
2914
[0.42541192]
2915
[0.20028706]
2916
[0.16095298]
2917
[0.85557616]
2918
[0.31410484]
2919
[0.78025557]
2920
[0.59864927]
2921
[0.19526569]
2922
[0.39528369]
2923
[0.78946142]
2924
[0.82712171]
2925
[0.32833206]
2926
[0.76853904]
2927
[0.03792936]
2928
[0.50910146]
2929
[0.10739167]
2930
[0.85724995]
2931
[0.68987087]
2932
[0.32331069]
2933
[0.85724995]
2934
[0.08144792]
2935
[0.42122745]
2936
[0.27058628]
2937
[0.85724995]
2938
[0.0663838]
2939
[0.5015694]
2940
[0.1935919]
2941
[0.68987087]
2942
[0.44633431]
2943
[0.85724995]
2944
[0.70577188]
2945
[0.74092149]
2946
[0.29569314]
2947
[0.12831406]
2948
[0.37770889]
2949
[0.00863802]
2950
[0.19693948]
2951
[0.61036581]
2952
[0.16932193]
2953
[0.00110596]
2954
[0.56768414]
2955
[0.76351766]
2956
[0.16346367]
2957
[0.85724995]
2958
[0.32247379]
2959
[0.51747042]
2960
[0.60785512]
2961
[0.53504522]
2962
[0.5568045]
2963
[0.07726344]
2964
[0.46976738]
2965
[0.7384108]
2966
[0.10822857]
2967
[0.85724995]
2968
[0.03625557]
2969
[0.77188662]
2970
[0.36515546]
2971
[0.25050079]
2972
[0.8287955]
2973
[0.8103838]
2974
[0.58525894]
2975
[0.35846029]
2976
[0.77104972]
2977
[0.11324994]
2978
[0.36599235]
2979
[0.39695748]
2980
[0.14505197]
2981
[0.36348167]
2982
[0.35260202]
2983
[0.12664027]
2984
[0.13751991]
2985
[0.85724995]
2986
[0.03876625]
2987
[0.12245579]
2988
[0.85724995]
2989
[0.85724995]
2990
[0.31494173]
2991
[0.05550416]
2992
[0.58776963]
2993
[0.4471712]
2994
[0.85724995]
2995
[0.11910821]
2996
[0.77356041]
2997
[0.00110596]
2998
[0.18187536]
2999
[0.28313971]
3000
[0.14839955]
3001
[0.79783037]
3002
[0.10990236]
3003
[0.45219258]
3004
[0.11910821]
3005
[0.75849629]
3006
[0.65388437]
3007
[0.01868076]
3008
[0.17015883]
3009
[0.60785512]
3010
[0.40030506]
3011
[0.28230281]
3012
[0.61287649]
3013
[0.85724995]
3014
[0.4471712]
3015
[0.18354916]
3016
[0.50575388]
3017
[0.57688999]
3018
[0.19693948]
3019
[0.71916221]
3020
[0.52835006]
3021
[0.6120396]
3022
[0.44968189]
3023
[0.40700023]
3024
[0.19108121]
3025
[0.85724995]
3026
[0.16848504]
3027
[0.22539393]
3028
[0.34506997]
3029
[0.85724995]
3030
[0.53755591]
3031
[0.11073926]
3032
[0.8287955]
3033
[0.24966389]
3034
[0.00110596]
3035
[0.69823982]
3036
[0.85724995]
3037
[0.85724995]
3038
[0.00110596]
3039
[0.46725669]
3040
[0.16513746]
3041
[0.27811833]
3042
[0.15342092]
3043
[0.76100698]
3044
[0.26891249]
3045
[0.85724995]
3046
[0.51663352]
3047
[0.55262002]
3048
[0.79113521]
3049
[0.67480675]
3050
[0.85724995]
3051
[0.10153341]
3052
[0.45470326]
3053
[0.53755591]
3054
[0.09065377]
3055
[0.72334668]
3056
[0.448845]
3057
[0.59195411]
3058
[0.84553341]
3059
[0.68903397]
3060
[0.75347492]
3061
[0.28983487]
3062
[0.43963915]
3063
[0.85724995]
3064
[0.39109921]
3065
[0.4471712]
3066
[0.10404409]
3067
[0.64886299]
3068
[0.22790461]
3069
[0.14672576]
3070
[0.85724995]
3071
[0.13082475]
3072
[0.56015208]
3073
[0.23459977]
3074
[0.45135568]
3075
[0.85724995]
3076
[0.77104972]
3077
[0.73673701]
3078
[0.0479721]
3079
[0.08897998]
3080
[0.74259528]
3081
[0.47478875]
3082
[0.82628482]
3083
[0.36097098]
3084
[0.61706097]
3085
[0.2655649]
3086
[0.38858853]
3087
[0.47813633]
3088
[0.15509471]
3089
[0.3576234]
3090
[0.34172238]
3091
[0.22204634]
3092
[0.74845355]
3093
[0.58860653]
3094
[0.4120216]
3095
[0.55010934]
3096
[0.43461777]
3097
[0.31159415]
3098
[0.19526569]
3099
[0.67396986]
3100
[0.00110596]
3101
[0.0672207]
3102
[0.54090349]
3103
[0.27142317]
3104
[0.2655649]
3105
[0.7384108]
3106
[0.85724995]
3107
[0.54174038]
3108
[0.00110596]
3109
[0.59530169]
3110
[0.7384108]
3111
[0.16346367]
3112
[0.24296873]
3113
[0.17685399]
3114
[0.79448279]
3115
[0.85724995]
3116
[0.79197211]
3117
[0.37017683]
3118
[0.77272351]
3119
[0.51328594]
3120
[0.40616333]
3121
[0.43963915]
3122
[0.11492373]
3123
[0.85724995]
3124
[0.82544792]
3125
[0.20028706]
3126
[0.64467852]
3127
[0.08228481]
3128
[0.08061102]
3129
[0.11492373]
3130
[0.54843555]
3131
[0.28899798]
3132
[0.82210034]
3133
[0.60032306]
3134
[0.85724995]
3135
[0.85724995]
3136
[0.08646929]
3137
[0.29653003]
3138
[0.36933993]
3139
[0.32833206]
3140
[0.22120945]
3141
[0.66894848]
3142
[0.13166164]
3143
[0.68233881]
3144
[0.35343892]
3145
[0.51077525]
3146
[0.62375613]
3147
[0.61036581]
3148
[0.19945017]
3149
[0.44968189]
3150
[0.31159415]
3151
[0.85724995]
3152
[0.61287649]
3153
[0.3216369]
3154
[0.22790461]
3155
[0.00110596]
3156
[0.06136243]
3157
[0.79029832]
3158
[0.2111667]
3159
[0.61957166]
3160
[0.85724995]
3161
[0.08981687]
3162
[0.85724995]
3163
[0.14756265]
3164
[0.85724995]
3165
[0.70995636]
3166
[0.80285175]
3167
[0.33502722]
3168
[0.27644454]
3169
[0.57019483]
3170
[0.61455028]
3171
[0.85724995]
3172
[0.09902272]
3173
[0.36850304]
3174
[0.20949291]
3175
[0.36766614]
3176
[0.23711046]
3177
[0.10153341]
3178
[0.2848135]
3179
[0.85724995]
3180
[0.68819708]
3181
[0.5576414]
3182
[0.792809]
3183
[0.60618133]
3184
[0.43294398]
3185
[0.50742767]
3186
[0.00110596]
3187
[0.72250979]
3188
[0.31745242]
3189
[0.84051204]
3190
[0.39946817]
3191
[0.65137368]
3192
[0.43712846]
3193
[0.14505197]
3194
[0.49571114]
3195
[0.85724995]
3196
[0.22706772]
3197
[0.17685399]
3198
[0.82377413]
3199
[0.33419033]
3200
[0.48650529]
3201
[0.56266277]
3202
[0.57019483]
3203
[0.79866727]
3204
[0.39612059]
3205
[0.51495973]
3206
[0.05550416]
3207
[0.85724995]
3208
[0.65890574]
3209
[0.29820382]
3210
[0.16764814]
3211
[0.50575388]
3212
[0.16513746]
3213
[0.33000585]
3214
[0.55094623]
3215
[0.4848315]
3216
[0.56349966]
3217
[0.85724995]
3218
[0.21367739]
3219
[0.43294398]
3220
[0.04127694]
3221
[0.79615658]
3222
[0.57186862]
3223
[0.85724995]
3224
[0.65974263]
3225
[0.45386637]
3226
[0.52416558]
3227
[0.44968189]
3228
[0.31494173]
3229
[0.57186862]
3230
[0.39444679]
3231
[0.80285175]
3232
[0.85724995]
3233
[0.30406209]
3234
[0.68066502]
3235
[0.40281575]
3236
[0.20028706]
3237
[0.85724995]
3238
[0.18773363]
3239
[0.64216783]
3240
[0.75180113]
3241
[0.67564365]
3242
[0.05634106]
3243
[0.26723869]
3244
[0.68736018]
3245
[0.2295784]
3246
[0.85724995]
3247
[0.42206434]
3248
[0.55513071]
3249
[0.47144117]
3250
[0.42541192]
3251
[0.43712846]
3252
[0.85724995]
3253
[0.00110596]
3254
[0.85724995]
3255
[0.09985962]
3256
[0.4111847]
3257
[0.68568639]
3258
[0.77858178]
3259
[0.62710371]
3260
[0.47478875]
3261
[0.85724995]
3262
[0.42792261]
3263
[0.22539393]
3264
[0.7936459]
3265
[0.56349966]
3266
[0.12831406]
3267
[0.30573588]
3268
[0.05801485]
3269
[0.51244904]
3270
[0.14588886]
3271
[0.6831757]
3272
[0.53002385]
3273
[0.85724995]
3274
[0.00110596]
3275
[0.71748842]
3276
[0.19108121]
3277
[0.00110596]
3278
[0.61371339]
3279
[0.51412284]
3280
[0.27226007]
3281
[0.48232081]
3282
[0.04044004]
3283
[0.40114196]
3284
[0.54843555]
3285
[0.85473926]
3286
[0.85724995]
3287
[0.77021283]
3288
[0.85724995]
3289
[0.38356715]
3290
[0.42708571]
3291
[0.00110596]
3292
[0.41369539]
3293
[0.49236356]
3294
[0.55847829]
3295
[0.85724995]
3296
[0.06219932]
3297
[0.28732418]
3298
[0.39946817]
3299
[0.82461103]
3300
[0.65304747]
3301
[0.78527694]
3302
[0.08312171]
3303
[0.30573588]
3304
[0.00277975]
3305
[0.85724995]
3306
[0.70828257]
3307
[0.34841755]
3308
[0.51579663]
3309
[0.00110596]
3310
[0.78360315]
3311
[0.85724995]
3312
[0.21284049]
3313
[0.67648054]
3314
[0.50826457]
3315
[0.64969989]
3316
[0.55429381]
3317
[0.49487424]
3318
[0.56433656]
3319
[0.0839586]
3320
[0.06219932]
3321
[0.31159415]
3322
[0.07307896]
3323
[0.36013408]
3324
[0.03876625]
3325
[0.14421507]
3326
[0.70911946]
3327
[0.00863802]
3328
[0.5743793]
3329
[0.34172238]
3330
[0.73171564]
3331
[0.80452554]
3332
[0.07224207]
3333
[0.39026232]
3334
[0.3392117]
3335
[0.61622407]
3336
[0.29904072]
3337
[0.62710371]
3338
[0.81791586]
3339
[0.3383748]
3340
[0.55847829]
3341
[0.79029832]
3342
[0.85724995]
3343
[0.85724995]
3344
[0.85724995]
3345
[0.85724995]
3346
[0.04127694]
3347
[0.57940068]
3348
[0.00110596]
3349
[0.07140517]
3350
[0.10906547]
3351
[0.85724995]
3352
[0.66309022]
3353
[0.63547267]
3354
[0.01533318]
3355
[0.38942542]
3356
[0.77104972]
3357
[0.43210709]
3358
[0.02202834]
3359
[0.34004859]
3360
[0.00110596]
3361
[0.26389111]
3362
[0.85724995]
3363
[0.69321845]
3364
[0.25552216]
3365
[0.53253453]
3366
[0.36599235]
3367
[0.67229606]
3368
[0.4120216]
3369
[0.85724995]
3370
[0.85724995]
3371
[0.83800135]
3372
[0.09065377]
3373
[0.26472801]
3374
[0.85724995]
3375
[0.85724995]
3376
[0.85724995]
3377
[0.00110596]
3378
[0.3392117]
3379
[0.42122745]
3380
[0.36013408]
3381
[0.00947491]
3382
[0.22037255]
3383
[0.85724995]
3384
[0.85724995]
3385
[0.09651203]
3386
[0.04211383]
3387
[0.68903397]
3388
[0.15342092]
3389
[0.31075726]
3390
[0.85724995]
3391
[0.85222857]
3392
[0.13082475]
3393
[0.35594961]
3394
[0.3936099]
3395
[0.03960315]
3396
[0.46809359]
3397
[0.18438605]
3398
[0.79197211]
3399
[0.85724995]
3400
[0.60115996]
3401
[0.18020157]
3402
[0.50073251]
3403
[0.39779438]
3404
[0.85724995]
3405
[0.85724995]
3406
[0.52165489]
3407
[0.23878425]
3408
[0.2120036]
3409
[0.19861327]
3410
[0.42875951]
3411
[0.68568639]
3412
[0.01700697]
3413
[0.71832531]
3414
[0.28899798]
3415
[0.33670101]
3416
[0.85724995]
3417
[0.15927919]
3418
[0.75431181]
3419
[0.38691474]
3420
[0.85724995]
3421
[0.79699348]
3422
[0.17936468]
3423
[0.00110596]
3424
[0.85724995]
3425
[0.85724995]
3426
[0.21869876]
3427
[0.21032981]
3428
[0.74845355]
3429
[0.77858178]
3430
[0.42875951]
3431
[0.72418358]
3432
[0.85724995]
3433
[0.792809]
3434
[0.44131294]
3435
[0.85306547]
3436
[0.30489899]
3437
[0.02621282]
3438
[0.00110596]
3439
[0.79531969]
3440
[0.23208909]
3441
[0.39026232]
3442
[0.68987087]
3443
[0.00110596]
3444
[0.48985287]
3445
[0.11073926]
3446
[0.1032072]
3447
[0.54592486]
3448
[0.69572914]
3449
[0.33084274]
3450
[0.19945017]
3451
[0.4295964]
3452
[0.41285849]
3453
[0.48148392]
3454
[0.85724995]
3455
[0.60869202]
3456
[0.07558965]
3457
[0.10906547]
3458
[0.00110596]
3459
[0.56517345]
3460
[0.76351766]
3461
[0.47311496]
3462
[0.38607784]
3463
[0.85724995]
3464
[0.00110596]
3465
[0.85724995]
3466
[0.61873476]
3467
[0.81540518]
3468
[0.75765939]
3469
[0.85724995]
3470
[0.09149066]
3471
[0.29569314]
3472
[0.57688999]
3473
[0.25803285]
3474
[0.56768414]
3475
[0.85724995]
3476
[0.66309022]
3477
[0.02704972]
3478
[0.11157615]
3479
[0.85724995]
3480
[0.04211383]
3481
[0.83716446]
3482
[0.85724995]
3483
[0.15509471]
3484
[0.6848495]
3485
[0.79448279]
3486
[0.85724995]
3487
[0.83716446]
3488
[0.73673701]
3489
[0.75933319]
3490
[0.7568225]
3491
[0.06471001]
3492
[0.3392117]
3493
[0.82795861]
3494
[0.72418358]
3495
[0.85724995]
3496
[0.83632756]
3497
[0.6304513]
3498
[0.53169764]
3499
[0.08563239]
3500
[0.40532643]
3501
[0.85724995]
3502
[0.02537593]
3503
[0.85724995]
3504
[0.05717795]
3505
[0.75096423]
3506
[0.10404409]
3507
[0.2848135]
3508
[0.25719595]
3509
[0.36682925]
3510
[0.84553341]
3511
[0.17434331]
3512
[0.8472072]
3513
[0.3576234]
3514
[0.04378763]
3515
[0.85724995]
3516
[0.74092149]
3517
[0.43545467]
3518
[0.65137368]
3519
[0.6656009]
3520
[0.3760351]
3521
[0.53002385]
3522
[0.38775163]
3523
[0.44382362]
3524
[0.66978538]
3525
[0.3936099]
3526
[0.38775163]
3527
[0.77356041]
3528
[0.25970664]
3529
[0.30573588]
3530
[0.41369539]
3531
[0.20614533]
3532
[0.85724995]
3533
[0.38691474]
3534
[0.31494173]
3535
[0.05466727]
3536
[0.17183262]
3537
[0.59195411]
3538
[0.0479721]
3539
[0.85724995]
3540
[0.85724995]
3541
[0.10404409]
3542
[0.03876625]
3543
[0.38942542]
3544
[0.25719595]
3545
[0.14421507]
3546
[0.0847955]
3547
[0.48315771]
3548
[0.85724995]
3549
[0.85724995]
3550
[0.30908346]
3551
[0.38189336]
3552
[0.62626682]
3553
[0.36264477]
3554
[0.85724995]
3555
[0.78695073]
3556
[0.56768414]
3557
[0.63630956]
3558
[0.68568639]
3559
[0.64384162]
3560
[0.32749516]
3561
[0.50742767]
3562
[0.27226007]
3563
[0.22706772]
3564
[0.65555816]
3565
[0.40365264]
3566
[0.80201485]
3567
[0.20279775]
3568
[0.2304153]
3569
[0.85055478]
3570
[0.34423307]
3571
[0.85724995]
3572
[0.1023703]
3573
[0.84385962]
3574
[0.52667627]
3575
[0.51495973]
3576
[0.51663352]
3577
[0.14839955]
3578
[0.76770214]
3579
[0.38189336]
3580
[0.62710371]
3581
[0.61538718]
3582
[0.85390237]
3583
[0.85724995]
3584
[0.52332869]
3585
[0.16178988]
3586
[0.52165489]
3587
[0.85724995]
3588
[0.27058628]
3589
[0.2304153]
3590
[0.70744567]
3591
[0.85724995]
3592
[0.14086749]
3593
[0.69489224]
3594
[0.85724995]
3595
[0.56517345]
3596
[0.85724995]
3597
[0.65974263]
3598
[0.66057953]
3599
[0.11073926]
3600
[0.20196085]
3601
[0.21786187]
3602
[0.34423307]
3603
[0.11492373]
3604
[0.16513746]
3605
[0.77941868]
3606
[0.248827]
3607
[0.0295604]
3608
[0.14923644]
3609
[0.24464252]
3610
[0.14588886]
3611
[0.31410484]
3612
[0.26054353]
3613
[0.75012734]
3614
[0.38524095]
3615
[0.73673701]
3616
[0.68987087]
3617
[0.32582137]
3618
[0.2295784]
3619
[0.85724995]
3620
[0.64049404]
3621
[0.08061102]
3622
[0.7384108]
3623
[0.00110596]
3624
[0.61789786]
3625
[0.84218583]
3626
[0.02370214]
3627
[0.52332869]
3628
[0.0295604]
3629
[0.81624207]
3630
[0.76184387]
3631
[0.12915096]
3632
[0.29904072]
3633
[0.24296873]
3634
[0.4471712]
3635
[0.52165489]
3636
[0.25803285]
3637
[0.69572914]
3638
[0.17852778]
3639
[0.02202834]
3640
[0.79531969]
3641
[0.12747716]
3642
[0.85724995]
3643
[0.65639505]
3644
[0.34255928]
3645
[0.23711046]
3646
[0.42541192]
3647
[0.17015883]
3648
[0.28816108]
3649
[0.1576054]
3650
[0.00110596]
3651
[0.46056153]
3652
[0.73004185]
3653
[0.81289449]
3654
[0.27393386]
3655
[0.82795861]
3656
[0.7024243]
3657
[0.69238155]
3658
[0.44549741]
3659
[0.51244904]
3660
[0.10069651]
3661
[0.84637031]
3662
[0.64300473]
3663
[0.34255928]
3664
[0.38691474]
3665
[0.39612059]
3666
[0.38440405]
3667
[0.15174713]
3668
[0.22372013]
3669
[0.13333543]
3670
[0.70326119]
3671
[0.02035455]
3672
[0.4111847]
3673
[0.01449629]
3674
[0.1391937]
3675
[0.392773]
3676
[0.23878425]
3677
[0.15342092]
3678
[0.43880225]
3679
[0.33251654]
3680
[0.17183262]
3681
[0.24966389]
3682
[0.11492373]
3683
[0.59530169]
3684
[0.41285849]
3685
[0.53420833]
3686
[0.54425107]
3687
[0.85724995]
3688
[0.31410484]
3689
[0.5576414]
3690
[0.26054353]
3691
[0.25133768]
3692
[0.37938268]
3693
[0.33251654]
3694
[0.6664378]
3695
[0.41285849]
3696
[0.0303973]
3697
[0.00110596]
3698
[0.40867402]
3699
[0.40197885]
3700
[0.56768414]
3701
[0.31661552]
3702
[0.85724995]
3703
[0.58442205]
3704
[0.69823982]
3705
[0.12580337]
3706
[0.22037255]
3707
[0.39444679]
3708
[0.60450754]
3709
[0.14086749]
3710
[0.76686524]
3711
[0.32414758]
3712
[0.7384108]
3713
[0.63630956]
3714
[0.07140517]
3715
[0.64384162]
3716
[0.77104972]
3717
[0.85724995]
3718
[0.31828931]
3719
[0.00110596]
3720
[0.31410484]
3721
[0.55847829]
3722
[0.52249179]
3723
[0.01449629]
3724
[0.00110596]
3725
[0.43461777]
3726
[0.83967514]
3727
[0.06387311]
3728
[0.83381688]
3729
[0.50993836]
3730
[0.84637031]
3731
[0.32916895]
3732
[0.79448279]
3733
[0.54676176]
3734
[0.12664027]
3735
[0.17936468]
3736
[0.85724995]
3737
[0.29234556]
3738
[0.01031181]
3739
[0.42457503]
3740
[0.5576414]
3741
[0.66978538]
3742
[0.00110596]
3743
[0.15927919]
3744
[0.00110596]
3745
[0.16848504]
3746
[0.63463577]
3747
[0.27058628]
3748
[0.14923644]
3749
[0.74845355]
3750
[0.52500248]
3751
[0.59864927]
3752
[0.77690799]
3753
[0.20530844]
3754
[0.0128225]
3755
[0.64049404]
3756
[0.79866727]
3757
[0.50575388]
3758
[0.81791586]
3759
[0.32833206]
3760
[0.69238155]
3761
[0.5032432]
3762
[0.32665827]
3763
[0.65137368]
3764
[0.09400135]
3765
[0.47227807]
3766
[0.67062227]
3767
[0.720836]
3768
[0.08814308]
3769
[0.72167289]
3770
[0.07224207]
3771
[0.79448279]
3772
[0.65137368]
3773
[0.23794736]
3774
[0.54257728]
3775
[0.85724995]
3776
[0.02370214]
3777
[0.71246704]
3778
[0.65137368]
3779
[0.62124545]
3780
[0.61873476]
3781
[0.29820382]
3782
[0.00612733]
3783
[0.34590686]
3784
[0.85724995]
3785
[0.51077525]
3786
[0.24631631]
3787
[0.22204634]
3788
[0.520818]
3789
[0.83549067]
3790
[0.00445354]
3791
[0.0479721]
3792
[0.45051879]
3793
[0.78778763]
3794
[0.64384162]
3795
[0.62710371]
3796
[0.79531969]
3797
[0.18187536]
3798
[0.53086074]
3799
[0.40030506]
3800
[0.80368864]
3801
[0.85724995]
3802
[0.80201485]
3803
[0.54927244]
3804
[0.85724995]
3805
[0.07056828]
3806
[0.55429381]
3807
[0.85724995]
3808
[0.63965714]
3809
[0.57019483]
3810
[0.48566839]
3811
[0.07558965]
3812
[0.1023703]
3813
[0.7384108]
3814
[0.21702497]
3815
[0.80368864]
3816
[0.048809]
3817
[0.74594286]
3818
[0.42457503]
3819
[0.80285175]
3820
[0.00110596]
3821
[0.77356041]
3822
[0.38607784]
3823
[0.85724995]
3824
[0.2111667]
3825
[0.38105647]
3826
[0.64551541]
3827
[0.69238155]
3828
[0.67899123]
3829
[0.81540518]
3830
[0.85724995]
3831
[0.70995636]
3832
[0.49403735]
3833
[0.73590011]
3834
[0.85724995]
3835
[0.00110596]
3836
[0.7559856]
3837
[0.41871676]
3838
[0.67313296]
3839
[0.17936468]
3840
[0.21451429]
3841
[0.76937593]
3842
[0.74677975]
3843
[0.65472126]
3844
[0.00361665]
3845
[0.42541192]
3846
[0.25133768]
3847
[0.04378763]
3848
[0.17350641]
3849
[0.60283375]
3850
[0.28899798]
3851
[0.85390237]
3852
[0.69907672]
3853
[0.21953566]
3854
[0.85724995]
3855
[0.03374488]
3856
[0.35009134]
3857
[0.54927244]
3858
[0.55094623]
3859
[0.0479721]
3860
[0.68819708]
3861
[0.85724995]
3862
[0.70075051]
3863
[0.56349966]
3864
[0.26807559]
3865
[0.34925444]
3866
[0.00529044]
3867
[0.23459977]
3868
[0.56182587]
3869
[0.51161215]
3870
[0.08646929]
3871
[0.33670101]
3872
[0.54006659]
3873
[0.51579663]
3874
[0.12998785]
3875
[0.80871001]
3876
[0.83967514]
3877
[0.83214308]
3878
[0.61371339]
3879
[0.75347492]
3880
[0.7743973]
3881
[0.48566839]
3882
[0.14672576]
3883
[0.37185062]
3884
[0.66309022]
3885
[0.72418358]
3886
[0.07056828]
3887
[0.08730619]
3888
[0.3208]
3889
[0.85724995]
3890
[0.10655478]
3891
[0.01617008]
3892
[0.18773363]
3893
[0.7199991]
3894
[0.85724995]
3895
[0.01365939]
3896
[0.06219932]
3897
[0.74426907]
3898
[0.42624882]
3899
[0.12831406]
3900
[0.81875276]
3901
[0.10404409]
3902
[0.44298673]
3903
[0.19526569]
3904
[0.84302272]
3905
[0.42206434]
3906
[0.85724995]
3907
[0.66978538]
3908
[0.11324994]
3909
[0.45972464]
3910
[0.81791586]
3911
[0.09651203]
3912
[0.74510596]
3913
[0.85724995]
3914
[0.25468526]
3915
[0.15007334]
3916
[0.62542992]
3917
[0.07391586]
3918
[0.78025557]
3919
[0.16178988]
3920
[0.55513071]
3921
[0.01784387]
3922
[0.17350641]
3923
[0.67564365]
3924
[0.60450754]
3925
[0.12998785]
3926
[0.12747716]
3927
[0.72836806]
3928
[0.85724995]
3929
[0.21702497]
3930
[0.77188662]
3931
[0.01951766]
3932
[0.4655829]
3933
[0.85724995]
3934
[0.58525894]
3935
[0.31828931]
3936
[0.70075051]
3937
[0.55178313]
3938
[0.52416558]
3939
[0.80285175]
3940
[0.76351766]
3941
[0.43210709]
3942
[0.67731744]
3943
[0.56349966]
3944
[0.32833206]
3945
[0.13751991]
3946
[0.50659078]
3947
[0.30824657]
3948
[0.75431181]
3949
[0.83967514]
3950
[0.64467852]
3951
[0.23376288]
3952
[0.48315771]
3953
[0.85724995]
3954
[0.42039055]
3955
[0.26974938]
3956
[0.79950416]
3957
[0.85724995]
3958
[0.56182587]
3959
[0.58609584]
3960
[0.53504522]
3961
[0.59195411]
3962
[0.76686524]
3963
[0.41955366]
3964
[0.49236356]
3965
[0.09567514]
3966
[0.49320045]
3967
[0.85557616]
3968
[0.05048279]
3969
[0.85724995]
3970
[0.08144792]
3971
[0.43461777]
3972
[0.56517345]
3973
[0.85724995]
3974
[0.66727469]
3975
[0.57354241]
3976
[0.63798335]
3977
[0.35343892]
3978
[0.85724995]
3979
[0.85724995]
3980
[0.27226007]
3981
[0.03290798]
3982
[0.19108121]
3983
[0.01365939]
3984
[0.85724995]
3985
[0.31494173]
3986
[0.85724995]
3987
[0.48734218]
3988
[0.0303973]
3989
[0.85724995]
3990
[0.18103847]
3991
[0.70744567]
3992
[0.01784387]
3993
[0.02453903]
3994
[0.32749516]
3995
[0.52332869]
3996
[0.8103838]
3997
[0.85724995]
3998
[0.00780112]
3999
[0.17015883]
4000
[0.57772689]
4001
[0.48566839]
4002
[0.45135568]
4003
[0.85724995]
4004
[0.78109247]
4005
[0.43963915]
4006
[0.21284049]
4007
[0.03960315]
4008
[0.3208]
4009
[0.7752342]
4010
[0.05968864]
4011
[0.76017008]
4012
[0.13500922]
4013
[0.85724995]
4014
[0.10822857]
4015
[0.30071451]
4016
[0.28983487]
4017
[0.85724995]
4018
[0.32498448]
4019
[0.72585737]
4020
[0.3199631]
4021
[0.42792261]
4022
[0.61622407]
4023
[0.46893048]
4024
[0.20363465]
4025
[0.14170439]
4026
[0.85724995]
4027
[0.58693273]
4028
[0.43127019]
4029
[0.41453228]
4030
[0.85724995]
4031
[0.21953566]
4032
[0.17350641]
4033
[0.69907672]
4034
[0.33586412]
4035
[0.58107447]
4036
[0.19191811]
4037
[0.85724995]
4038
[0.8103838]
4039
[0.79531969]
4040
[0.00110596]
4041
[0.00277975]
4042
[0.04629831]
4043
[0.31159415]
4044
[0.31745242]
4045
[0.85724995]
4046
[0.83800135]
4047
[0.80787312]
4048
[0.45888774]
4049
[0.53002385]
4050
[0.40867402]
4051
[0.34758065]
4052
[0.03792936]
4053
[0.79615658]
4054
[0.56601035]
4055
[0.53420833]
4056
[0.51495973]
4057
[0.14839955]
4058
[0.83883825]
4059
[0.66476401]
4060
[0.42792261]
4061
[0.33753791]
4062
[0.06219932]
4063
[0.84051204]
4064
[0.60701822]
4065
[0.75849629]
4066
[0.85724995]
4067
[0.33335343]
4068
[0.38607784]
4069
[0.85724995]
4070
[0.08228481]
4071
[0.44047604]
4072
[0.62459303]
4073
[0.10488099]
4074
[0.33335343]
4075
[0.24966389]
4076
[0.85724995]
4077
[0.00110596]
4078
[0.17099572]
4079
[0.85724995]
4080
[0.25468526]
4081
[0.17936468]
4082
[0.80034106]
4083
[0.76351766]
4084
[0.37268751]
4085
[0.42206434]
4086
[0.29401935]
4087
[0.83967514]
4088
[0.14672576]
4089
[0.49822182]
4090
[0.33586412]
4091
[0.03207109]
4092
[0.85724995]
4093
[0.32749516]
4094
[0.5199811]
4095
[0.30406209]
4096
[0.1576054]
4097
[0.50575388]
4098
[0.45805084]
4099
[0.74008459]
4100
[0.7752342]
4101
[0.62710371]
4102
[0.04462452]
4103
[0.24129494]
4104
[0.17015883]
4105
[0.03541867]
4106
[0.69489224]
4107
[0.30824657]
4108
[0.52332869]
4109
[0.49571114]
4110
[0.4111847]
4111
[0.85724995]
4112
[0.52332869]
4113
[0.13166164]
4114
[0.0839586]
4115
[0.46725669]
4116
[0.10069651]
4117
[0.56015208]
4118
[0.47060428]
4119
[0.83465377]
4120
[0.62542992]
4121
[0.85724995]
4122
[0.65388437]
4123
[0.80201485]
4124
[0.57354241]
4125
[0.46139843]
4126
[0.7752342]
4127
[0.84888099]
4128
[0.53755591]
4129
[0.85724995]
4130
[0.51914421]
4131
[0.69991361]
4132
[0.27728144]
4133
[0.80034106]
4134
[0.02704972]
4135
[0.62794061]
4136
[0.83297998]
4137
[0.14505197]
4138
[0.14086749]
4139
[0.00110596]
4140
[0.35511271]
4141
[0.29653003]
4142
[0.85724995]
4143
[0.85724995]
4144
[0.64467852]
4145
[0.61538718]
4146
[0.85724995]
4147
[0.65304747]
4148
[0.12329269]
4149
[0.16346367]
4150
[0.31159415]
4151
[0.80201485]
4152
[0.85724995]
4153
[0.7392477]
4154
[0.78025557]
4155
[0.05383037]
4156
[0.59781237]
4157
[0.57354241]
4158
[0.26891249]
4159
[0.85724995]
4160
[0.00110596]
4161
[0.31661552]
4162
[0.76937593]
4163
[0.29904072]
4164
[0.03123419]
4165
[0.65723195]
4166
[0.38691474]
4167
[0.26138043]
4168
[0.06554691]
4169
[0.85724995]
4170
[0.69321845]
4171
[0.85724995]
4172
[0.85724995]
4173
[0.26054353]
4174
[0.04629831]
4175
[0.85724995]
4176
[0.62124545]
4177
[0.2655649]
4178
[0.34925444]
4179
[0.47562565]
4180
[0.60032306]
4181
[0.04378763]
4182
[0.19861327]
4183
[0.08144792]
4184
[0.85641305]
4185
[0.448845]
4186
[0.73422632]
4187
[0.69070776]
4188
[0.16848504]
4189
[0.55847829]
4190
[0.10571788]
4191
[0.23125219]
4192
[0.73004185]
4193
[0.26891249]
4194
[0.72502047]
4195
[0.21284049]
4196
[0.80954691]
4197
[0.65388437]
4198
[0.77356041]
4199
[0.85724995]
4200
[0.53337143]
4201
[0.22706772]
4202
[0.44466052]
4203
[0.00110596]
4204
[0.4295964]
4205
[0.37687199]
4206
[0.02453903]
4207
[0.07977413]
4208
[0.6287775]
4209
[0.04211383]
4210
[0.37436131]
4211
[0.28732418]
4212
[0.00110596]
4213
[0.03960315]
4214
[0.82126344]
4215
[0.72585737]
4216
[0.24715321]
4217
[0.70660878]
4218
[0.11659752]
4219
[0.71414083]
4220
[0.09567514]
4221
[0.56935793]
4222
[0.85724995]
4223
[0.85724995]
4224
[0.04713521]
4225
[0.59195411]
4226
[0.44633431]
4227
[0.02453903]
4228
[0.68736018]
4229
[0.48901597]
4230
[0.60283375]
4231
[0.10153341]
4232
[0.15091024]
4233
[0.67396986]
4234
[0.85724995]
4235
[0.32331069]
4236
[0.85724995]
4237
[0.21869876]
4238
[0.14588886]
4239
[0.71163015]
4240
[0.23292598]
4241
[0.85724995]
4242
[0.00696423]
4243
[0.54592486]
4244
[0.76268077]
4245
[0.73255253]
4246
[0.85724995]
4247
[0.21702497]
4248
[0.62124545]
4249
[0.09232756]
4250
[0.12580337]
4251
[0.73338943]
4252
[0.68066502]
4253
[0.74092149]
4254
[0.85557616]
4255
[0.16932193]
4256
[0.71748842]
4257
[0.79197211]
4258
[0.19693948]
4259
[0.5015694]
4260
[0.27477075]
4261
[0.07642655]
4262
[0.85724995]
4263
[0.74175838]
4264
[0.00110596]
4265
[0.38105647]
4266
[0.80201485]
4267
[0.85724995]
4268
[0.20530844]
4269
[0.85724995]
4270
[0.43963915]
4271
[0.03709246]
4272
[0.00110596]
4273
[0.06889449]
4274
[0.54174038]
4275
[0.85724995]
4276
[0.79448279]
4277
[0.85724995]
4278
[0.85724995]
4279
[0.85724995]
4280
[0.79615658]
4281
[0.5936279]
4282
[0.6831757]
4283
[0.85724995]
4284
[0.63882025]
4285
[0.05299347]
4286
[0.53086074]
4287
[0.76853904]
4288
[0.08897998]
4289
[0.07056828]
4290
[0.84218583]
4291
[0.07056828]
4292
[0.11994511]
4293
[0.50491699]
4294
[0.53504522]
4295
[0.78444005]
4296
[0.70995636]
4297
[0.03374488]
4298
[0.55345692]
4299
[0.66894848]
4300
[0.85724995]
4301
[0.80368864]
4302
[0.85724995]
4303
[0.30657278]
4304
[0.49905872]
4305
[0.01449629]
4306
[0.77356041]
4307
[0.59781237]
4308
[0.68150191]
4309
[0.85724995]
4310
[0.78611384]
4311
[0.20781912]
4312
[0.05383037]
4313
[0.30489899]
4314
[0.67899123]
4315
[0.01533318]
4316
[0.79113521]
4317
[0.58023757]
4318
[0.81456828]
4319
[0.29820382]
4320
[0.3032252]
4321
[0.1032072]
4322
[0.15091024]
4323
[0.27895523]
4324
[0.31075726]
4325
[0.39863127]
4326
[0.4111847]
4327
[0.85724995]
4328
[0.85724995]
4329
[0.0663838]
4330
[0.14421507]
4331
[0.54090349]
4332
[0.23878425]
4333
[0.31410484]
4334
[0.85724995]
4335
[0.85724995]
4336
[0.0672207]
4337
[0.62626682]
4338
[0.85724995]
4339
[0.18605984]
4340
[0.57103172]
4341
[0.46390911]
4342
[0.16430056]
4343
[0.77356041]
4344
[0.85724995]
4345
[0.85557616]
4346
[0.49236356]
4347
[0.25301147]
4348
[0.37101372]
4349
[0.38356715]
4350
[0.54425107]
4351
[0.67062227]
4352
[0.48566839]
4353
[0.85724995]
4354
[0.56935793]
4355
[0.85724995]
4356
[0.85724995]
4357
[0.20447154]
4358
[0.21284049]
4359
[0.56684725]
4360
[0.72669427]
4361
[0.25552216]
4362
[0.85724995]
4363
[0.39193611]
4364
[0.34088549]
4365
[0.77941868]
4366
[0.120782]
4367
[0.85724995]
4368
[0.85724995]
4369
[0.85055478]
4370
[0.47227807]
4371
[0.85724995]
4372
[0.42039055]
4373
[0.12412958]
4374
[0.85641305]
4375
[0.55178313]
4376
[0.1576054]
4377
[0.24296873]
4378
[0.57940068]
4379
[0.27560765]
4380
[0.14254128]
4381
[0.27811833]
4382
[0.06387311]
4383
[0.64049404]
4384
[0.69823982]
4385
[0.21869876]
4386
[0.80034106]
4387
[0.85724995]
4388
[0.85724995]
4389
[0.65221058]
4390
[0.42541192]
4391
[0.02537593]
4392
[0.85724995]
4393
[0.77941868]
4394
[0.2304153]
4395
[0.79783037]
4396
[0.01784387]
4397
[0.85724995]
4398
[0.1032072]
4399
[0.08312171]
4400
[0.83297998]
4401
[0.06805759]
4402
[0.29485624]
4403
[0.18522295]
4404
[0.22120945]
4405
[0.34255928]
4406
[0.57354241]
4407
[0.50910146]
4408
[0.85724995]
4409
[0.85724995]
4410
[0.39612059]
4411
[0.62208234]
4412
[0.71497773]
4413
[0.08814308]
4414
[0.61371339]
4415
[0.71497773]
4416
[0.67564365]
4417
[0.00110596]
4418
[0.85724995]
4419
[0.00110596]
4420
[0.05801485]
4421
[0.2120036]
4422
[0.63547267]
4423
[0.46809359]
4424
[0.00110596]
4425
[0.27226007]
4426
[0.17769089]
4427
[0.67480675]
4428
[0.84971789]
4429
[0.83297998]
4430
[0.11073926]
4431
[0.29234556]
4432
[0.08981687]
4433
[0.85724995]
4434
[0.85724995]
4435
[0.7384108]
4436
[0.68819708]
4437
[0.48232081]
4438
[0.85724995]
4439
[0.04964589]
4440
[0.82042655]
4441
[0.39026232]
4442
[0.59781237]
4443
[0.67815433]
4444
[0.39779438]
4445
[0.13584612]
4446
[0.64886299]
4447
[0.50073251]
4448
[0.4471712]
4449
[0.82461103]
4450
[0.85724995]
4451
[0.18940742]
4452
[0.44298673]
4453
[0.15425782]
4454
[0.55345692]
4455
[0.44131294]
4456
[0.67899123]
4457
[0.85724995]
4458
[0.42122745]
4459
[0.85724995]
4460
[0.22455703]
4461
[0.83716446]
4462
[0.60283375]
4463
[0.33753791]
4464
[0.06387311]
4465
[0.54425107]
4466
[0.85641305]
4467
[0.49738493]
4468
[0.19945017]
4469
[0.41369539]
4470
[0.85724995]
4471
[0.7024243]
4472
[0.85724995]
4473
[0.00110596]
4474
[0.00110596]
4475
[0.54341417]
4476
[0.28816108]
4477
[0.79866727]
4478
[0.6296144]
4479
[0.38775163]
4480
[0.58860653]
4481
[0.78360315]
4482
[0.56182587]
4483
[0.01784387]
4484
[0.34758065]
4485
[0.41536918]
4486
[0.29234556]
4487
[0.51495973]
4488
[0.69572914]
4489
[0.63379888]
4490
[0.31243105]
4491
[0.79783037]
4492
[0.54090349]
4493
[0.45805084]
4494
[0.18103847]
4495
[0.85724995]
4496
[0.120782]
4497
[0.30071451]
4498
[0.64886299]
4499
[0.70409809]
4500
[0.08228481]
4501
[0.85724995]
4502
[0.85724995]
4503
[0.84469652]
4504
[0.63379888]
4505
[0.52583937]
4506
[0.85724995]
4507
[0.67564365]
4508
[0.85724995]
4509
[0.66057953]
4510
[0.00110596]
4511
[0.23208909]
4512
[0.6112027]
4513
[0.83214308]
4514
[0.69238155]
4515
[0.56182587]
4516
[0.07977413]
4517
[0.51579663]
4518
[0.3032252]
4519
[0.54425107]
4520
[0.51244904]
4521
[0.78611384]
4522
[0.85557616]
4523
[0.00110596]
4524
[0.45805084]
4525
[0.65137368]
4526
[0.33251654]
4527
[0.77690799]
4528
[0.00110596]
4529
[0.15174713]
4530
[0.52918695]
4531
[0.04295073]
4532
[0.66225332]
4533
[0.85724995]
4534
[0.78695073]
4535
[0.65053678]
4536
[0.85724995]
4537
[0.70744567]
4538
[0.67982812]
4539
[0.00110596]
4540
[0.16764814]
4541
[0.65304747]
4542
[0.78695073]
4543
[0.85724995]
4544
[0.75765939]
4545
[0.23794736]
4546
[0.33251654]
4547
[0.76686524]
4548
[0.53671901]
4549
[0.19526569]
4550
[0.31159415]
4551
[0.3383748]
4552
[0.46809359]
4553
[0.85724995]
4554
[0.36431856]
4555
[0.23543667]
4556
[0.37017683]
4557
[0.80285175]
4558
[0.04295073]
4559
[0.73004185]
4560
[0.85724995]
4561
[0.30155141]
4562
[0.85724995]
4563
[0.85724995]
4564
[0.85724995]
4565
[0.85724995]
4566
[0.30489899]
4567
[0.85724995]
4568
[0.18773363]
4569
[0.59781237]
4570
[0.60701822]
4571
[0.26807559]
4572
[0.82293724]
4573
[0.04211383]
4574
[0.85724995]
4575
[0.07475275]
4576
[0.85724995]
4577
[0.05215658]
4578
[0.72920495]
4579
[0.13500922]
4580
[0.08981687]
4581
[0.33084274]
4582
[0.10069651]
4583
[0.01700697]
4584
[0.07810034]
4585
[0.06387311]
4586
[0.85724995]
4587
[0.85724995]
4588
[0.20196085]
4589
[0.63798335]
4590
[0.04295073]
4591
[0.4480081]
4592
[0.58274826]
4593
[0.78276626]
4594
[0.85724995]
4595
[0.05885174]
4596
[0.50073251]
4597
[0.79448279]
4598
[0.21702497]
4599
[0.17434331]
4600
[0.85724995]
4601
[0.66476401]
4602
[0.12245579]
4603
[0.16932193]
4604
[0.59948617]
4605
[0.7568225]
4606
[0.85724995]
4607
[0.55931519]
4608
[0.21618808]
4609
[0.20279775]
4610
[0.85724995]
4611
[0.85724995]
4612
[0.53253453]
4613
[0.47562565]
4614
[0.16011608]
4615
[0.43378088]
4616
[0.69321845]
4617
[0.20279775]
4618
[0.32331069]
4619
[0.29820382]
4620
[0.04211383]
4621
[0.63296198]
4622
[0.18438605]
4623
[0.85724995]
4624
[0.85724995]
4625
[0.02035455]
4626
[0.79783037]
4627
[0.25970664]
4628
[0.48985287]
4629
[0.69321845]
4630
[0.68819708]
4631
[0.6480261]
4632
[0.22037255]
4633
[0.0111487]
4634
[0.8112207]
4635
[0.36348167]
4636
[0.84302272]
4637
[0.67731744]
4638
[0.31494173]
4639
[0.29820382]
4640
[0.41285849]
4641
[0.5936279]
4642
[0.53420833]
4643
[0.76937593]
4644
[0.79197211]
4645
[0.3032252]
4646
[0.27644454]
4647
[0.49738493]
4648
[0.18103847]
4649
[0.49822182]
4650
[0.52416558]
4651
[0.19024432]
4652
[0.57354241]
4653
[0.63630956]
4654
[0.10990236]
4655
[0.81624207]
4656
[0.45721395]
4657
[0.34088549]
4658
[0.54676176]
4659
[0.11073926]
4660
[0.49236356]
4661
[0.09651203]
4662
[0.08730619]
4663
[0.85724995]
4664
[0.56601035]
4665
[0.71916221]
4666
[0.14672576]
4667
[0.01365939]
4668
[0.45721395]
4669
[0.29150866]
4670
[0.0479721]
4671
[0.14756265]
4672
[0.56852104]
4673
[0.04295073]
4674
[0.85724995]
4675
[0.00110596]
4676
[0.35427582]
4677
[0.39946817]
4678
[0.19610259]
4679
[0.70660878]
4680
[0.85724995]
4681
[0.31075726]
4682
[0.04127694]
4683
[0.27058628]
4684
[0.09567514]
4685
[0.81707897]
4686
[0.26472801]
4687
[0.57605309]
4688
[0.2664018]
4689
[0.00612733]
4690
[0.49320045]
4691
[0.75012734]
4692
[0.8296324]
4693
[0.27058628]
4694
[0.05383037]
4695
[0.22539393]
4696
[0.448845]
4697
[0.85724995]
4698
[0.8103838]
4699
[0.14254128]
4700
[0.5199811]
4701
[0.53253453]
4702
[0.36180787]
4703
[0.58358515]
4704
[0.85724995]
4705
[0.08897998]
4706
[0.85724995]
4707
[0.49989561]
4708
[0.70660878]
4709
[0.3208]
4710
[0.0119856]
4711
[0.19693948]
4712
[0.1567685]
4713
[0.45888774]
4714
[0.46056153]
4715
[0.60534443]
4716
[0.52165489]
4717
[0.85724995]
4718
[0.84051204]
4719
[0.83549067]
4720
[0.63212509]
4721
[0.85724995]
4722
[0.85724995]
4723
[0.00110596]
4724
[0.48901597]
4725
[0.15844229]
4726
[0.85724995]
4727
[0.22706772]
4728
[0.81791586]
4729
[0.35846029]
4730
[0.05048279]
4731
[0.40197885]
4732
[0.65974263]
4733
[0.61706097]
4734
[0.48817908]
4735
[0.14086749]
4736
[0.85724995]
4737
[0.63965714]
4738
[0.6480261]
4739
[0.15174713]
4740
[0.85724995]
4741
[0.20614533]
4742
[0.48734218]
4743
[0.02872351]
4744
[0.58358515]
4745
[0.65472126]
4746
[0.85724995]
4747
[0.68568639]
4748
[0.83549067]
4749
[0.31159415]
4750
[0.85724995]
4751
[0.13417233]
4752
[0.00696423]
4753
[0.73590011]
4754
[0.78862452]
4755
[0.83046929]
4756
[0.16764814]
4757
[0.85724995]
4758
[0.62208234]
4759
[0.0303973]
4760
[0.85724995]
4761
[0.30740967]
4762
[0.16513746]
4763
[0.39109921]
4764
[0.74008459]
4765
[0.55010934]
4766
[0.78192936]
4767
[0.56015208]
4768
[0.83800135]
4769
[0.21618808]
4770
[0.4471712]
4771
[0.51663352]
4772
[0.09818583]
4773
[0.69907672]
4774
[0.65806884]
4775
[0.27309696]
4776
[0.45219258]
4777
[0.85724995]
4778
[0.65974263]
4779
[0.60701822]
4780
[0.36682925]
4781
[0.48817908]
4782
[0.85724995]
4783
[0.63965714]
4784
[0.792809]
4785
[0.63128819]
4786
[0.03625557]
4787
[0.14672576]
4788
[0.01700697]
4789
[0.18773363]
4790
[0.04378763]
4791
[0.79197211]
4792
[0.85724995]
4793
[0.19945017]
4794
[0.07642655]
4795
[0.42290124]
4796
[0.4655829]
4797
[0.7568225]
4798
[0.37352441]
4799
[0.82628482]
4800
[0.85724995]
4801
[0.35846029]
4802
[0.85724995]
4803
[0.38440405]
4804
[0.74845355]
4805
[0.69572914]
4806
[0.24547941]
4807
[0.00696423]
4808
[0.25133768]
4809
[0.08228481]
4810
[0.55931519]
4811
[0.00110596]
4812
[0.68819708]
4813
[0.55345692]
4814
[0.45386637]
4815
[0.85724995]
4816
[0.8112207]
4817
[0.00110596]
4818
[0.01533318]
4819
[0.58860653]
4820
[0.72167289]
4821
[0.64886299]
4822
[0.09065377]
4823
[0.7024243]
4824
[0.82461103]
4825
[0.62626682]
4826
[0.75849629]
4827
[0.38189336]
4828
[0.14839955]
4829
[0.77104972]
4830
[0.05299347]
4831
[0.10655478]
4832
[0.75933319]
4833
[0.00110596]
4834
[0.15258403]
4835
[0.65221058]
4836
[0.49654803]
4837
[0.69405535]
4838
[0.28732418]
4839
[0.83046929]
4840
[0.69238155]
4841
[0.52583937]
4842
[0.17685399]
4843
[0.33753791]
4844
[0.16764814]
4845
[0.59697548]
4846
[0.81707897]
4847
[0.22874151]
4848
[0.85724995]
4849
[0.56098898]
4850
[0.78444005]
4851
[0.64551541]
4852
[0.24715321]
4853
[0.85724995]
4854
[0.85724995]
4855
[0.39193611]
4856
[0.73338943]
4857
[0.78276626]
4858
[0.54843555]
4859
[0.46976738]
4860
[0.37770889]
4861
[0.52416558]
4862
[0.2839766]
4863
[0.21032981]
4864
[0.56266277]
4865
[0.01868076]
4866
[0.49822182]
4867
[0.82126344]
4868
[0.00110596]
4869
[0.83046929]
4870
[0.85724995]
4871
[0.07810034]
4872
[0.05383037]
4873
[0.00110596]
4874
[0.58776963]
4875
[0.3936099]
4876
[0.65053678]
4877
[0.17266952]
4878
[0.69823982]
4879
[0.39193611]
4880
[0.85724995]
4881
[0.66811159]
4882
[0.55931519]
4883
[0.5032432]
4884
[0.39444679]
4885
[0.07893723]
4886
[0.78946142]
4887
[0.6471892]
4888
[0.19693948]
4889
[0.03207109]
4890
[0.0672207]
4891
[0.00110596]
4892
[0.85724995]
4893
[0.56601035]
4894
[0.41620607]
4895
[0.37017683]
4896
[0.80452554]
4897
[0.45302947]
4898
[0.85724995]
4899
[0.6480261]
4900
[0.17350641]
4901
[0.85724995]
4902
[0.71916221]
4903
[0.1944288]
4904
[0.5936279]
4905
[0.49905872]
4906
[0.16346367]
4907
[0.49152666]
4908
[0.85724995]
4909
[0.81624207]
4910
[0.85724995]
4911
[0.85724995]
4912
[0.85724995]
4913
[0.73673701]
4914
[0.85724995]
4915
[0.09651203]
4916
[0.43127019]
4917
[0.11157615]
4918
[0.43378088]
4919
[0.03374488]
4920
[0.00110596]
4921
[0.48817908]
4922
[0.40448954]
4923
[0.76184387]
4924
[0.18354916]
4925
[0.10069651]
4926
[0.1216189]
4927
[0.65137368]
4928
[0.15007334]
4929
[0.25719595]
4930
[0.69740293]
4931
[0.47395186]
4932
[0.2479901]
4933
[0.48650529]
4934
[0.12831406]
4935
[0.30908346]
4936
[0.80871001]
4937
[0.85724995]
4938
[0.85724995]
4939
[0.31410484]
4940
[0.248827]
4941
[0.0111487]
4942
[0.60534443]
4943
[0.29485624]
4944
[0.01617008]
4945
[0.52835006]
4946
[0.1391937]
4947
[0.14505197]
4948
[0.02453903]
4949
[0.85724995]
4950
[0.53253453]
4951
[0.1216189]
4952
[0.120782]
4953
[0.85724995]
4954
[0.05550416]
4955
[0.60367064]
4956
[0.00110596]
4957
[0.35929719]
4958
[0.85724995]
4959
[0.35846029]
4960
[0.43210709]
4961
[0.04713521]
4962
[0.03458178]
4963
[0.56684725]
4964
[0.85724995]
4965
[0.85724995]
4966
[0.6471892]
4967
[0.85724995]
4968
[0.42206434]
4969
[0.85724995]
4970
[0.50575388]
4971
[0.05131968]
4972
[0.42624882]
4973
[0.85724995]
4974
[0.40951091]
4975
[0.85724995]
4976
[0.37017683]
4977
[0.1567685]
4978
[0.22539393]
4979
[0.20614533]
4980
[0.56768414]
4981
[0.14337818]
4982
[0.35092823]
4983
[0.85724995]
4984
[0.09651203]
4985
[0.65137368]
4986
[0.16681125]
4987
[0.40030506]
4988
[0.05885174]
4989
[0.75180113]
4990
[0.84553341]
4991
[0.74426907]
4992
[0.3208]
4993
[0.51579663]
4994
[0.29401935]
4995
[0.85724995]
4996
[0.40783712]
4997
[0.81707897]
4998
[0.0479721]
4999
[0.85724995]
[1] 40000    11
[1] 40000    11
