LOADING R
R LOADED
[1] "/home/lvanderl/Rlibs2"                         
[2] "/app/software/R/4.3.1-gfbf-2022b/lib/R/library"
[1] "/home/lvanderl/sieveSims"
[1] "xg 10 4"
[1] 0.1633519
[1] 0.1633519
[1] 0.1633519
179.69387755102042
0
[0.10814711]
1
[0.26925859]
2
[0.3085669]
3
[0.17437407]
4
[0.22278717]
5
[0.32264671]
6
[0.24239626]
7
[0.21289962]
8
[0.19959788]
9
[0.22766488]
10
[0.21781039]
11
[0.23135368]
12
[0.22607209]
13
[0.18501727]
14
[0.29153132]
15
[0.37186381]
16
[0.22567995]
17
[0.24915887]
18
[0.26578422]
19
[0.28139999]
20
[0.21898269]
21
[0.22886137]
22
[0.2294904]
23
[0.24904282]
24
[0.26191691]
25
[0.16382203]
26
[0.21778023]
27
[0.25384992]
28
[0.19120614]
29
[0.33227005]
30
[0.24597057]
31
[0.22104963]
32
[0.22799469]
33
[0.16512855]
34
[0.24507963]
35
[0.17489096]
36
[0.15902621]
37
[0.18625096]
38
[0.11302773]
39
[0.28449835]
40
[0.17182938]
41
[0.21725942]
42
[0.23743808]
43
[0.18789534]
44
[0.22070049]
45
[0.29050514]
46
[0.19159407]
47
[0.25025326]
48
[0.20632766]
49
[0.24113628]
50
[0.1200421]
51
[0.28519567]
52
[0.18376024]
53
[0.21687616]
54
[0.29470017]
55
[0.22886137]
56
[0.24803895]
57
[0.23961073]
58
[0.16906035]
59
[0.1624794]
60
[0.21975212]
61
[0.26092859]
62
[0.14045986]
63
[0.1857239]
64
[0.27088003]
65
[0.26534831]
66
[0.30339598]
67
[0.2611919]
68
[0.24976046]
69
[0.21586115]
70
[0.19387164]
71
[0.20498227]
72
[0.3506426]
73
[0.24738132]
74
[0.31199569]
75
[0.19436579]
76
[0.21648421]
77
[0.19400307]
78
[0.16920611]
79
[0.22261835]
80
[0.22233648]
81
[0.33916046]
82
[0.27977223]
83
[0.31132843]
84
[0.23188845]
85
[0.28769309]
86
[0.2214368]
87
[0.1991477]
88
[0.24359496]
89
[0.23561248]
90
[0.19458931]
91
[0.16744361]
92
[0.18670053]
93
[0.234118]
94
[0.24974144]
95
[0.13435893]
96
[0.29126244]
97
[0.25335353]
98
[0.24394978]
99
[0.22723456]
100
[0.23761357]
101
[0.19852752]
102
[0.30509796]
103
[0.21796291]
104
[0.21598288]
105
[0.19800976]
106
[0.28671378]
107
[0.27340925]
108
[0.19484476]
109
[0.22245247]
110
[0.27811188]
111
[0.20738392]
112
[0.31137045]
113
[0.26591283]
114
[0.18068842]
115
[0.24219402]
116
[0.22246506]
117
[0.22147321]
118
[0.24151667]
119
[0.28149862]
120
[0.19088935]
121
[0.28495797]
122
[0.17375431]
123
[0.20457161]
124
[0.24150032]
125
[0.29126244]
126
[0.22801413]
127
[0.24792837]
128
[0.28432899]
129
[0.22566637]
130
[0.22445807]
131
[0.17300598]
132
[0.24169518]
133
[0.16230025]
134
[0.21470987]
135
[0.28027611]
136
[0.17929511]
137
[0.12796355]
138
[0.08788681]
139
[0.17417396]
140
[0.26300757]
141
[0.23651269]
142
[0.26268683]
143
[0.19246075]
144
[0.20637558]
145
[0.23011004]
146
[0.19828787]
147
[0.12032768]
148
[0.18619898]
149
[0.18050607]
150
[0.25815239]
151
[0.2683146]
152
[0.25148717]
153
[0.29896078]
154
[0.25873641]
155
[0.08625439]
156
[0.21540183]
157
[0.16819367]
158
[0.17140794]
159
[0.20396058]
160
[0.21048561]
161
[0.17522755]
162
[0.2329099]
163
[0.2592045]
164
[0.39683506]
165
[0.075118]
166
[0.25157188]
167
[0.26372628]
168
[0.33321815]
169
[0.35448357]
170
[0.23252711]
171
[0.2690803]
172
[0.24015525]
173
[0.15259341]
174
[0.19622916]
175
[0.30809897]
176
[0.2057475]
177
[0.27476816]
178
[0.23603541]
179
[0.2013783]
180
[0.24562477]
181
[0.21499447]
182
[0.1993942]
183
[0.33938425]
184
[0.29098048]
185
[0.2227946]
186
[0.20538189]
187
[0.23619767]
188
[0.22156805]
189
[0.15085739]
190
[0.18466062]
191
[0.20930167]
192
[0.2784122]
193
[0.16906035]
194
[0.19812134]
195
[0.31154884]
196
[0.36411388]
197
[0.25365382]
198
[0.25127996]
199
[0.28932442]
200
[0.26507762]
201
[0.14132655]
202
[0.28030464]
203
[0.21326111]
204
[0.24539975]
205
[0.1573305]
206
[0.27253597]
207
[0.21387675]
208
[0.26427783]
209
[0.29708121]
210
[0.20632766]
211
[0.20367337]
212
[0.2581929]
213
[0.24956986]
214
[0.13785982]
215
[0.27865449]
216
[0.15481018]
217
[0.21395967]
218
[0.1413523]
219
[0.12766984]
220
[0.24817184]
221
[0.29906257]
222
[0.30073727]
223
[0.18999397]
224
[0.25273327]
225
[0.25123786]
226
[0.30951339]
227
[0.26872872]
228
[0.27542105]
229
[0.30514517]
230
[0.22350733]
231
[0.20503484]
232
[0.21821346]
233
[0.18268338]
234
[0.27306213]
235
[0.18621506]
236
[0.23839487]
237
[0.22071466]
238
[0.26781443]
239
[0.23149587]
240
[0.17426044]
241
[0.26647355]
242
[0.20151025]
243
[0.3524267]
244
[0.20546311]
245
[0.18724723]
246
[0.18442953]
247
[0.32192593]
248
[0.18567006]
249
[0.21507008]
250
[0.24602615]
251
[0.19897827]
252
[0.33276461]
253
[0.26609136]
254
[0.25048155]
255
[0.1563]
256
[0.2527018]
257
[0.24879505]
258
[0.21100689]
259
[0.28191192]
260
[0.16223721]
261
[0.32350208]
262
[0.23636003]
263
[0.26092859]
264
[0.21185119]
265
[0.2098981]
266
[0.21029736]
267
[0.20546097]
268
[0.19665945]
269
[0.18545918]
270
[0.24222633]
271
[0.14171705]
272
[0.30772939]
273
[0.34217427]
274
[0.24691134]
275
[0.29732278]
276
[0.1992771]
277
[0.17894804]
278
[0.31483171]
279
[0.20556188]
280
[0.181793]
281
[0.26023837]
282
[0.18586195]
283
[0.23145388]
284
[0.24420838]
285
[0.24787375]
286
[0.20743846]
287
[0.11923782]
288
[0.27305999]
289
[0.17252708]
290
[0.19537874]
291
[0.21574203]
292
[0.24709262]
293
[0.29901192]
294
[0.23690487]
295
[0.27376319]
296
[0.25226177]
297
[0.23841313]
298
[0.22887579]
299
[0.19704872]
300
[0.12444289]
301
[0.22563922]
302
[0.2076876]
303
[0.19221941]
304
[0.31703141]
305
[0.24246103]
306
[0.19765351]
307
[0.31954918]
308
[0.25155907]
309
[0.2093288]
310
[0.27479549]
311
[0.22967126]
312
[0.20726244]
313
[0.24766594]
314
[0.14591469]
315
[0.23752819]
316
[0.24301101]
317
[0.15446368]
318
[0.29472916]
319
[0.16898676]
320
[0.28981051]
321
[0.20901658]
322
[0.24826796]
323
[0.26179527]
324
[0.16513456]
325
[0.19447274]
326
[0.27652885]
327
[0.28208867]
328
[0.28075017]
329
[0.29076134]
330
[0.23622598]
331
[0.22192792]
332
[0.20997784]
333
[0.17056606]
334
[0.19246075]
335
[0.20456086]
336
[0.1726727]
337
[0.25006177]
338
[0.22106124]
339
[0.18796616]
340
[0.2276553]
341
[0.21663154]
342
[0.31579156]
343
[0.14492841]
344
[0.27127743]
345
[0.2758499]
346
[0.28779571]
347
[0.23563001]
348
[0.21658466]
349
[0.37145549]
350
[0.16889953]
351
[0.27652885]
352
[0.20116276]
353
[0.25392236]
354
[0.31986409]
355
[0.19324788]
356
[0.24852341]
357
[0.23887778]
358
[0.26522144]
359
[0.19210245]
360
[0.25223364]
361
[0.15839018]
362
[0.23266878]
363
[0.17365678]
364
[0.24957946]
365
[0.28964918]
366
[0.2843954]
367
[0.26266195]
368
[0.18721803]
369
[0.25226177]
370
[0.22459902]
371
[0.13348929]
372
[0.21152774]
373
[0.24028392]
374
[0.2498813]
375
[0.26740546]
376
[0.14132655]
377
[0.23207815]
378
[0.2371681]
379
[0.37334627]
380
[0.21567513]
381
[0.22712801]
382
[0.21064694]
383
[0.32332965]
384
[0.22111174]
385
[0.13273826]
386
[0.25594818]
387
[0.35109973]
388
[0.30313437]
389
[0.17628313]
390
[0.23393288]
391
[0.33895961]
392
[0.23905758]
393
[0.14336676]
394
[0.29752021]
395
[0.29992925]
396
[0.34022385]
397
[0.26352863]
398
[0.28614812]
399
[0.17498298]
400
[0.21066106]
401
[0.25554458]
402
[0.26699536]
403
[0.23381951]
404
[0.24302413]
405
[0.22620342]
406
[0.14058377]
407
[0.22076238]
408
[0.20719434]
409
[0.19329052]
410
[0.16977057]
411
[0.20756345]
412
[0.22534246]
413
[0.23183717]
414
[0.24025192]
415
[0.31217316]
416
[0.19440669]
417
[0.28126832]
418
[0.24476304]
419
[0.28738792]
420
[0.17851732]
421
[0.21932788]
422
[0.16883042]
423
[0.26526199]
424
[0.21755436]
425
[0.20865042]
426
[0.21020897]
427
[0.19790837]
428
[0.31726288]
429
[0.29537084]
430
[0.18456059]
431
[0.21422594]
432
[0.22621281]
433
[0.23284357]
434
[0.21765643]
435
[0.15328965]
436
[0.2218262]
437
[0.16839234]
438
[0.22192792]
439
[0.31433049]
440
[0.25579404]
441
[0.27306213]
442
[0.22380288]
443
[0.27540948]
444
[0.22901131]
445
[0.1924283]
446
[0.24920626]
447
[0.14182858]
448
[0.20644831]
449
[0.28779571]
450
[0.23031291]
451
[0.16802567]
452
[0.2280425]
453
[0.24917749]
454
[0.23571992]
455
[0.18862267]
456
[0.21034311]
457
[0.1936204]
458
[0.22799469]
459
[0.17563408]
460
[0.24961066]
461
[0.32162412]
462
[0.1716604]
463
[0.28344619]
464
[0.24461396]
465
[0.30589623]
466
[0.19246075]
467
[0.21239443]
468
[0.28613781]
469
[0.21502576]
470
[0.19332743]
471
[0.24295863]
472
[0.19909705]
473
[0.23319478]
474
[0.26133585]
475
[0.19751633]
476
[0.34927018]
477
[0.17041089]
478
[0.2958986]
479
[0.17991742]
480
[0.27858456]
481
[0.21734517]
482
[0.24184547]
483
[0.20340946]
484
[0.20427258]
485
[0.21582387]
486
[0.26121362]
487
[0.22011809]
488
[0.25837511]
489
[0.3124095]
490
[0.19676082]
491
[0.24336271]
492
[0.20583871]
493
[0.23157571]
494
[0.17465838]
495
[0.23260667]
496
[0.28092705]
497
[0.2515771]
498
[0.26654137]
499
[0.26337415]
500
[0.17901861]
501
[0.19697014]
502
[0.1986147]
503
[0.26879952]
504
[0.25884713]
505
[0.20579468]
506
[0.17946053]
507
[0.21691944]
508
[0.21534319]
509
[0.20107999]
510
[0.3040175]
511
[0.15962976]
512
[0.31344796]
513
[0.22932955]
514
[0.21139269]
515
[0.29475004]
516
[0.19163949]
517
[0.22473592]
518
[0.2318132]
519
[0.16992703]
520
[0.16189268]
521
[0.24973366]
522
[0.30339598]
523
[0.13288673]
524
[0.23855788]
525
[0.24912982]
526
[0.27611083]
527
[0.16485389]
528
[0.22233338]
529
[0.19328985]
530
[0.16288571]
531
[0.18949063]
532
[0.16550991]
533
[0.20329926]
534
[0.24792837]
535
[0.19764766]
536
[0.35800969]
537
[0.2250083]
538
[0.18899403]
539
[0.29870598]
540
[0.17032485]
541
[0.22594011]
542
[0.37687373]
543
[0.30716011]
544
[0.32365309]
545
[0.1993942]
546
[0.22018235]
547
[0.20404052]
548
[0.22404504]
549
[0.18402834]
550
[0.16993885]
551
[0.20938024]
552
[0.29198175]
553
[0.25052841]
554
[0.38996266]
555
[0.23088961]
556
[0.13934278]
557
[0.19689261]
558
[0.28815806]
559
[0.17909919]
560
[0.21479494]
561
[0.26000459]
562
[0.21239443]
563
[0.24446164]
564
[0.2184612]
565
[0.30863632]
566
[0.18870518]
567
[0.25486182]
568
[0.19762223]
569
[0.24270321]
570
[0.23917824]
571
[0.23602168]
572
[0.26699536]
573
[0.22619134]
574
[0.18119389]
575
[0.29431424]
576
[0.31463571]
577
[0.29983167]
578
[0.13747298]
579
[0.37391377]
580
[0.23050819]
581
[0.33935995]
582
[0.22799469]
583
[0.2343221]
584
[0.26116122]
585
[0.26710364]
586
[0.19199739]
587
[0.38053063]
588
[0.17686049]
589
[0.11996443]
590
[0.29632086]
591
[0.24935465]
592
[0.2427015]
593
[0.25728214]
594
[0.23702907]
595
[0.20758249]
596
[0.28516109]
597
[0.16421816]
598
[0.19470293]
599
[0.20681572]
600
[0.13047779]
601
[0.2013642]
602
[0.21934772]
603
[0.25094547]
604
[0.17206505]
605
[0.3130207]
606
[0.23839487]
607
[0.34319812]
608
[0.24997981]
609
[0.21499447]
610
[0.19059828]
611
[0.11526455]
612
[0.17772717]
613
[0.25104075]
614
[0.27204914]
615
[0.16758874]
616
[0.38151283]
617
[0.29732921]
618
[0.2929958]
619
[0.20157963]
620
[0.23001619]
621
[0.24843242]
622
[0.23319478]
623
[0.18194344]
624
[0.22697153]
625
[0.20199425]
626
[0.28825082]
627
[0.20545377]
628
[0.19022278]
629
[0.18760513]
630
[0.0946949]
631
[0.15132038]
632
[0.19512224]
633
[0.23839699]
634
[0.16559363]
635
[0.23618521]
636
[0.26884945]
637
[0.34161022]
638
[0.22452797]
639
[0.15734914]
640
[0.16126022]
641
[0.26428635]
642
[0.18683448]
643
[0.25500897]
644
[0.17930985]
645
[0.20794358]
646
[0.23512609]
647
[0.29732921]
648
[0.23843854]
649
[0.33348562]
650
[0.27247399]
651
[0.17893416]
652
[0.18970631]
653
[0.27306213]
654
[0.22109131]
655
[0.2276194]
656
[0.24858044]
657
[0.22445864]
658
[0.29593354]
659
[0.27144966]
660
[0.33451159]
661
[0.19816477]
662
[0.2719332]
663
[0.21660323]
664
[0.31899624]
665
[0.26244918]
666
[0.18897517]
667
[0.29906257]
668
[0.2610839]
669
[0.1878552]
670
[0.15357679]
671
[0.13340769]
672
[0.30630308]
673
[0.21168695]
674
[0.25975149]
675
[0.22558169]
676
[0.16125392]
677
[0.11335232]
678
[0.19560166]
679
[0.36542045]
680
[0.35340863]
681
[0.19766084]
682
[0.2571586]
683
[0.31445332]
684
[0.15692681]
685
[0.28172894]
686
[0.3068297]
687
[0.21726579]
688
[0.1936262]
689
[0.18668874]
690
[0.32506301]
691
[0.22019456]
692
[0.26283909]
693
[0.19227752]
694
[0.27758299]
695
[0.33297513]
696
[0.19915921]
697
[0.16164321]
698
[0.3149438]
699
[0.25865601]
700
[0.08321583]
701
[0.26427665]
702
[0.23873086]
703
[0.26106104]
704
[0.22581771]
705
[0.17686049]
706
[0.27630595]
707
[0.18206057]
708
[0.22391821]
709
[0.23832071]
710
[0.25378889]
711
[0.20757351]
712
[0.21855581]
713
[0.14854071]
714
[0.16347089]
715
[0.27454582]
716
[0.26384136]
717
[0.22867835]
718
[0.15385502]
719
[0.18206057]
720
[0.32332965]
721
[0.35713335]
722
[0.26527885]
723
[0.2528487]
724
[0.21239443]
725
[0.31282029]
726
[0.22950338]
727
[0.09712579]
728
[0.16356833]
729
[0.21338541]
730
[0.15196484]
731
[0.26597608]
732
[0.22968003]
733
[0.20489939]
734
[0.16276298]
735
[0.14055419]
736
[0.21849837]
737
[0.30667822]
738
[0.25486182]
739
[0.31120977]
740
[0.24275279]
741
[0.22988364]
742
[0.30749536]
743
[0.24706168]
744
[0.30381584]
745
[0.21696044]
746
[0.24867725]
747
[0.29386248]
748
[0.18327971]
749
[0.25213464]
750
[0.23742404]
751
[0.21289433]
752
[0.33053351]
753
[0.17372621]
754
[0.27652885]
755
[0.16747188]
756
[0.27855252]
757
[0.25203988]
758
[0.20992256]
759
[0.24140744]
760
[0.28592104]
761
[0.16039354]
762
[0.24619622]
763
[0.17046533]
764
[0.16905367]
765
[0.27310332]
766
[0.23926155]
767
[0.158311]
768
[0.23929521]
769
[0.25399514]
770
[0.27350163]
771
[0.1723913]
772
[0.28360528]
773
[0.24262966]
774
[0.21840641]
775
[0.30426266]
776
[0.1467246]
777
[0.18821877]
778
[0.22626133]
779
[0.12572628]
780
[0.24244729]
781
[0.22681437]
782
[0.25094528]
783
[0.18379394]
784
[0.272357]
785
[0.16672289]
786
[0.22774883]
787
[0.20796707]
788
[0.3258881]
789
[0.2126681]
790
[0.19594086]
791
[0.09470539]
792
[0.14479327]
793
[0.220781]
794
[0.19045267]
795
[0.34210085]
796
[0.15259341]
797
[0.19981296]
798
[0.08456655]
799
[0.2734828]
800
[0.21988096]
801
[0.31061317]
802
[0.20199425]
803
[0.25273923]
804
[0.26533256]
805
[0.18783543]
806
[0.16221363]
807
[0.23026011]
808
[0.31867316]
809
[0.24192249]
810
[0.2227946]
811
[0.17498103]
812
[0.31228767]
813
[0.21229981]
814
[0.19600321]
815
[0.2142711]
816
[0.26144319]
817
[0.23462954]
818
[0.23102796]
819
[0.21659901]
820
[0.2479272]
821
[0.19678686]
822
[0.31807694]
823
[0.16642094]
824
[0.28621288]
825
[0.22972805]
826
[0.25052841]
827
[0.2791289]
828
[0.25299812]
829
[0.19592444]
830
[0.26238404]
831
[0.25698235]
832
[0.26699536]
833
[0.12897637]
834
[0.23839487]
835
[0.29510771]
836
[0.2065446]
837
[0.17450162]
838
[0.21326111]
839
[0.16564589]
840
[0.23304288]
841
[0.14743694]
842
[0.29189131]
843
[0.20903069]
844
[0.17308875]
845
[0.18711746]
846
[0.17846946]
847
[0.22336413]
848
[0.14122751]
849
[0.27581985]
850
[0.24971817]
851
[0.31315503]
852
[0.1990712]
853
[0.16106353]
854
[0.26514561]
855
[0.24417709]
856
[0.24212709]
857
[0.29319408]
858
[0.22532848]
859
[0.24248355]
860
[0.17772717]
861
[0.16561974]
862
[0.29040483]
863
[0.20286093]
864
[0.29701004]
865
[0.28481525]
866
[0.22544]
867
[0.19062444]
868
[0.18808782]
869
[0.31920186]
870
[0.2440035]
871
[0.26956597]
872
[0.10232588]
873
[0.26356132]
874
[0.23195182]
875
[0.23202743]
876
[0.15038704]
877
[0.31989382]
878
[0.254811]
879
[0.1178943]
880
[0.24824388]
881
[0.16711499]
882
[0.29832047]
883
[0.19328173]
884
[0.20137455]
885
[0.3352972]
886
[0.26851525]
887
[0.22952533]
888
[0.26239418]
889
[0.19186289]
890
[0.24170311]
891
[0.26699536]
892
[0.24651085]
893
[0.35572701]
894
[0.12055829]
895
[0.23969728]
896
[0.1716604]
897
[0.23470272]
898
[0.30671622]
899
[0.20695075]
900
[0.26462062]
901
[0.21971996]
902
[0.18166496]
903
[0.28247176]
904
[0.17231559]
905
[0.23255238]
906
[0.27782401]
907
[0.1759938]
908
[0.25712757]
909
[0.23576176]
910
[0.1720491]
911
[0.20702519]
912
[0.14131749]
913
[0.26250142]
914
[0.18370751]
915
[0.26897141]
916
[0.30973982]
917
[0.21216157]
918
[0.27279686]
919
[0.17405763]
920
[0.13705727]
921
[0.30366702]
922
[0.36958356]
923
[0.19632252]
924
[0.26179527]
925
[0.19072739]
926
[0.23082262]
927
[0.18274901]
928
[0.28225178]
929
[0.1844601]
930
[0.16087251]
931
[0.18601511]
932
[0.20342871]
933
[0.23226981]
934
[0.16614247]
935
[0.23086979]
936
[0.28086226]
937
[0.19118366]
938
[0.22625982]
939
[0.11396305]
940
[0.13579777]
941
[0.20643282]
942
[0.23341798]
943
[0.20112757]
944
[0.24682596]
945
[0.27697583]
946
[0.25406968]
947
[0.16121817]
948
[0.19865362]
949
[0.26540771]
950
[0.17039387]
951
[0.18032721]
952
[0.21739522]
953
[0.27184116]
954
[0.2226154]
955
[0.26955522]
956
[0.25674444]
957
[0.23885062]
958
[0.2658787]
959
[0.20213169]
960
[0.26183929]
961
[0.25344407]
962
[0.20080255]
963
[0.31280572]
964
[0.1855273]
965
[0.25283654]
966
[0.27826222]
967
[0.26441285]
968
[0.21118575]
969
[0.12509861]
970
[0.26570059]
971
[0.27566217]
972
[0.24664462]
973
[0.30357855]
974
[0.25545469]
975
[0.26288735]
976
[0.34458598]
977
[0.1679281]
978
[0.26718115]
979
[0.2335666]
980
[0.31164253]
981
[0.2000502]
982
[0.22545128]
983
[0.25226177]
984
[0.26179891]
985
[0.26496618]
986
[0.24973047]
987
[0.20082843]
988
[0.21561238]
989
[0.31504585]
990
[0.19791501]
991
[0.2746083]
992
[0.2767659]
993
[0.17288641]
994
[0.13043336]
995
[0.22502839]
996
[0.23722113]
997
[0.31090108]
998
[0.30426266]
999
[0.12613971]
[1] 5000   11
[1] 5000   11
