LOADING R
R LOADED
[1] "/home/lvanderl/Rlibs2"                         
[2] "/app/software/R/4.3.1-gfbf-2022b/lib/R/library"
[1] "/home/lvanderl/sieveSims"
[1] "xg 3 1.5"
[1] "histogram binning"
[1] 0.1339516
[1] 0.1339516
[1] "mondrian"
[1] "iso"
[1] 0.1339516
[1] "conditional"
[   10.            11.51395399    13.25711366    15.26417967
    17.57510625    20.23589648    23.29951811    26.82695795
    30.88843596    35.56480306    40.94915062    47.14866363
    54.28675439    62.50551925    71.9685673     82.86427729
    95.40954763   109.8541142    126.48552169   145.63484775
   167.68329368   193.06977289   222.29964825   255.95479227
   294.70517026   339.32217719   390.69399371   449.8432669
   517.94746792   596.36233166   686.648845     790.60432109
   910.29817799  1048.11313415  1206.79264064  1389.49549437
  1599.85871961  1842.06996933  2120.95088792  2442.05309455
  2811.76869797  3237.45754282  3727.59372031  4291.93426013
  4941.71336132  5689.86602902  6551.2855686   7543.12006335
  8685.11373751 10000.        ]
[ 0.13127061  0.12751644  0.12684236  0.12426998  0.12681231  0.13489637
  0.12886843  0.13583016  0.13695861  0.1370793   0.13245619  0.13823627
  0.1520831   0.17011264  0.16421884  0.15196846  0.22954372  0.24051748
  0.2293949   0.20884762  0.26197443  0.30122955  0.26457115  0.33096038
  0.39582566  0.41660204  0.45697718  0.62664161  0.64125413  0.796451
  0.79815925  0.94419666  0.95592711  0.89933244  1.38623492  1.7768358
  1.78837947  2.34756282  2.06612825  2.43542857  2.88351932  3.4069982
  3.71151451  3.23308139  5.022817    6.61757547  5.46801678  6.50533651
  8.5730027  10.51222263]
15.264179671752334
0.0655128556859551
0
[0.14420387]
1
