LOADING R
R LOADED
[1] "/home/lvanderl/Rlibs2"                         
[2] "/app/software/R/4.3.1-gfbf-2022b/lib/R/library"
[1] "/home/lvanderl/sieveSims"
[1] "xg 5 2"
[1] "histogram binning"
[1] 0.1106652
[1] 0.1106652
[1] "mondrian"
[1] "iso"
[1] 0.1106652
[1] "conditional"
[   10.            11.51395399    13.25711366    15.26417967
    17.57510625    20.23589648    23.29951811    26.82695795
    30.88843596    35.56480306    40.94915062    47.14866363
    54.28675439    62.50551925    71.9685673     82.86427729
    95.40954763   109.8541142    126.48552169   145.63484775
   167.68329368   193.06977289   222.29964825   255.95479227
   294.70517026   339.32217719   390.69399371   449.8432669
   517.94746792   596.36233166   686.648845     790.60432109
   910.29817799  1048.11313415  1206.79264064  1389.49549437
  1599.85871961  1842.06996933  2120.95088792  2442.05309455
  2811.76869797  3237.45754282  3727.59372031  4291.93426013
  4941.71336132  5689.86602902  6551.2855686   7543.12006335
  8685.11373751 10000.        ]
[0.22049693 0.22365788 0.22180422 0.22260011 0.22445363 0.22043625
 0.22252098 0.22239987 0.21829745 0.22700452 0.22631283 0.23659104
 0.2395827  0.24322833 0.23833103 0.2537997  0.23748818 0.28337561
 0.27887203 0.2558308  0.27564707 0.26425766 0.27751106 0.33600379
 0.34534259 0.35945889 0.3024686  0.35585046 0.37562702 0.37486927
 0.46483179 0.54350613 0.52005277 0.69028381 0.63617056 0.63014068
 0.97297759 0.90298764 1.04483223 1.3046208  1.28862285 1.34171171
 1.57518185 1.59465861 1.90533729 2.34051627 2.6915984  2.81986842
 3.21349459 3.46726086]
30.888435964774818
0.032374575428176434
0
[0.14781637]
1
[0.15944162]
2
[0.09933727]
3
[0.08849528]
4
[0.12796704]
5
[0.1371807]
6
[0.1489484]
7
[0.17547121]
8
[0.15387518]
9
[0.22570377]
10
[0.1462792]
11
[0.13851834]
12
[0.21413079]
13
[0.14234086]
14
[0.16467017]
15
[0.16051169]
16
[0.23187131]
17
[0.1981502]
18
[0.18560325]
19
[0.24080852]
20
[0.20160293]
21
[0.18253045]
22
[0.16503699]
23
[0.18330421]
24
[0.15242227]
25
[0.16518211]
26
[0.15439087]
27
[0.18847229]
28
[0.16752559]
29
[0.1897798]
30
[0.21252826]
31
[0.14741598]
32
[0.15587944]
33
[0.13432662]
34
[0.16231304]
35
[0.22107473]
36
[0.1328772]
37
[0.17956836]
38
[0.14665342]
39
[0.13971662]
40
[0.15982673]
41
[0.18004276]
42
[0.16139724]
43
[0.19408086]
44
[0.15882914]
45
[0.13561122]
46
[0.21857099]
47
[0.11073469]
48
[0.22067058]
49
[0.2071523]
50
[0.15429299]
51
[0.13607632]
52
[0.16482636]
53
[0.09940938]
54
[0.11480683]
55
[0.15110331]
56
[0.17487072]
57
[0.1064991]
58
[0.15431484]
59
[0.11613249]
60
[0.16441843]
61
[0.15100517]
62
[0.0974861]
63
[0.18835751]
64
[0.28817713]
65
[0.16496928]
66
[0.15198705]
67
[0.17326491]
68
[0.17705204]
69
[0.24497454]
70
[0.14892501]
71
[0.1487544]
72
[0.16032583]
73
[0.14951558]
74
[0.19401846]
75
[0.12069502]
76
[0.16644529]
77
[0.13151246]
78
[0.15505263]
79
[0.15361093]
80
[0.12730169]
81
[0.2059121]
82
[0.17535037]
83
[0.13256191]
84
[0.1371904]
85
[0.11171737]
86
[0.14823761]
87
[0.16399506]
88
[0.19168763]
89
[0.22701053]
90
[0.14878977]
91
[0.17031051]
92
[0.14852794]
93
[0.14859544]
94
[0.17059483]
95
[0.21154657]
96
[0.13387086]
97
[0.17186415]
98
[0.11682135]
99
[0.26648565]
100
[0.14599223]
101
[0.18572065]
102
[0.14126489]
103
[0.19397701]
104
[0.11523843]
105
[0.15841077]
106
[0.18917035]
107
[0.15986052]
108
[0.17333932]
109
[0.15650209]
110
[0.12284916]
111
[0.12158845]
112
[0.21335179]
113
[0.11629536]
114
[0.16454553]
115
[0.18347098]
116
[0.17355096]
117
[0.1436189]
118
[0.18690357]
119
[0.15355611]
120
[0.17082004]
121
[0.16801012]
122
[0.17925682]
123
[0.16732052]
124
[0.18349141]
125
[0.11682987]
126
[0.18452297]
127
[0.18381826]
128
[0.16587869]
129
[0.21876653]
130
[0.16652613]
131
[0.09554189]
132
[0.19225963]
133
[0.13160889]
134
[0.15659874]
135
[0.15956422]
136
[0.19310549]
137
[0.16348944]
138
[0.30012617]
139
[0.17322236]
140
[0.22832492]
141
[0.22500332]
142
[0.17409093]
143
[0.15600461]
144
[0.20140518]
145
[0.15987867]
146
[0.15893588]
147
[0.13546057]
148
[0.1703789]
149
[0.23658235]
150
[0.12586169]
151
[0.21958696]
152
[0.16262851]
153
[0.13919234]
154
[0.10672948]
155
[0.19557144]
156
[0.13300638]
157
[0.18669339]
158
[0.19194381]
159
[0.14232675]
160
[0.16573708]
161
[0.13085735]
162
[0.21850301]
163
[0.16530612]
164
[0.22095944]
165
[0.19118273]
166
[0.10378654]
167
[0.17108574]
168
[0.16665469]
169
[0.15522376]
170
[0.18355784]
171
[0.13328891]
172
[0.14441755]
173
[0.16018086]
174
[0.12298288]
175
[0.13427564]
176
[0.16962595]
177
[0.14623927]
178
[0.20926974]
179
[0.1104566]
180
[0.15659195]
181
[0.2109427]
182
[0.13058994]
183
[0.14549962]
184
[0.1595326]
185
[0.11798256]
186
[0.14196669]
187
[0.16212902]
188
[0.23061892]
189
[0.13465053]
190
[0.14975609]
191
[0.13370853]
192
[0.16103155]
193
[0.21982727]
194
[0.17321881]
195
[0.15743332]
196
[0.09677403]
197
[0.14674493]
198
[0.13077159]
199
[0.23245176]
200
[0.14243492]
201
[0.14738975]
202
[0.15899073]
203
[0.12419902]
204
[0.26762181]
205
[0.16049887]
206
[0.15948905]
207
[0.12269007]
208
[0.17172463]
209
[0.16674201]
210
[0.15232882]
211
[0.16226463]
212
[0.1577845]
213
[0.20194473]
214
[0.16017128]
215
[0.13045873]
216
[0.16567769]
217
[0.12627028]
218
[0.17863783]
219
[0.14510304]
220
[0.21379778]
221
[0.20246125]
222
[0.1814602]
223
[0.17450404]
224
[0.25885377]
225
[0.17634653]
226
[0.1842685]
227
[0.15716056]
228
[0.15038745]
229
[0.14933718]
230
[0.20355966]
231
[0.15013925]
232
[0.13723608]
233
[0.17811964]
234
[0.16406087]
235
[0.19302236]
236
[0.14820808]
237
[0.17145618]
238
[0.19237939]
239
[0.15332619]
240
[0.15687491]
241
[0.14492882]
242
[0.26463393]
243
[0.16163653]
244
[0.16014757]
245
[0.13536957]
246
[0.15901315]
247
[0.12044741]
248
[0.18009755]
249
[0.13566213]
250
[0.12275665]
251
[0.18052114]
252
[0.16350818]
253
[0.19739338]
254
[0.18446808]
255
[0.15647334]
256
[0.18825309]
257
[0.13727756]
258
[0.15362285]
259
[0.19493547]
260
[0.16608965]
261
[0.18236678]
262
[0.22282968]
263
[0.20268737]
264
[0.1959162]
265
[0.15496069]
266
[0.24982477]
267
[0.15921798]
268
[0.18078301]
269
[0.13363426]
270
[0.24499774]
271
[0.11044283]
272
[0.15404385]
273
[0.1606742]
274
[0.21479762]
275
[0.12603427]
276
[0.16212521]
277
[0.1229586]
278
[0.12358672]
279
[0.15713949]
280
[0.18291636]
281
[0.1854456]
282
[0.16286563]
283
[0.1796163]
284
[0.17207632]
285
[0.20048669]
286
[0.22119467]
287
[0.14089991]
288
[0.16238083]
289
[0.1331341]
290
[0.12640015]
291
[0.16380073]
292
[0.1610889]
293
[0.1664372]
294
[0.16269483]
295
[0.17225664]
296
[0.23581608]
297
[0.22727217]
298
[0.12975668]
299
[0.16326156]
300
[0.14317635]
301
[0.16991387]
302
[0.14456596]
303
[0.23914894]
304
[0.1133056]
305
[0.11745921]
306
[0.1380349]
307
[0.16970314]
308
[0.18508121]
309
[0.14597887]
310
[0.14740237]
311
[0.13894306]
312
[0.18852016]
313
[0.16390203]
314
[0.1653594]
315
[0.16421478]
316
[0.17272676]
317
[0.19197746]
318
[0.15024386]
319
[0.17808355]
320
[0.19517793]
321
[0.16812838]
322
[0.0975401]
323
[0.13572696]
324
[0.150732]
325
[0.16878369]
326
[0.12113148]
327
[0.1257415]
328
[0.18831012]
329
[0.17126122]
330
[0.14647359]
331
[0.19332641]
332
[0.2307057]
333
[0.13044787]
334
[0.29128]
335
[0.1890728]
336
[0.17405185]
337
[0.1517934]
338
[0.15908676]
339
[0.15597389]
340
[0.2294135]
341
[0.19223276]
342
[0.13632553]
343
[0.15505505]
344
[0.16758949]
345
[0.12880726]
346
[0.10098161]
347
[0.16276736]
348
[0.12256315]
349
[0.20540393]
350
[0.17187981]
351
[0.20429626]
352
[0.17799883]
353
[0.19252615]
354
[0.19890968]
355
[0.16019814]
356
[0.1710008]
357
[0.16112894]
358
[0.17926329]
359
[0.15688258]
360
[0.1838166]
361
[0.18439176]
362
[0.14287563]
363
[0.15232732]
364
[0.1799497]
365
[0.12773151]
366
[0.16929152]
367
[0.16268882]
368
[0.18242277]
369
[0.12424929]
370
[0.16559904]
371
[0.21178958]
372
[0.14845912]
373
[0.14692244]
374
[0.13475599]
375
[0.2514216]
376
[0.19317209]
377
[0.13410274]
378
[0.14343426]
379
[0.17227752]
380
[0.13634033]
381
[0.10576941]
382
[0.13911436]
383
[0.14083685]
384
[0.17002266]
385
[0.16189956]
386
[0.11403736]
387
[0.22312346]
388
[0.14592863]
389
[0.18796984]
390
[0.14243518]
391
[0.15101918]
392
[0.19300134]
393
[0.19272347]
394
[0.21084789]
395
[0.14807307]
396
[0.21555921]
397
[0.15414116]
398
[0.12921607]
399
[0.12078843]
400
[0.10617124]
401
[0.17697434]
402
[0.15392641]
403
[0.14057501]
404
[0.1643146]
405
[0.13720969]
406
[0.13443281]
407
[0.18684087]
408
[0.12943661]
409
[0.1417262]
410
[0.13141226]
411
[0.19198706]
412
[0.12845476]
413
[0.15865184]
414
[0.1236766]
415
[0.15645599]
416
[0.12832705]
417
[0.14725176]
418
[0.19663855]
419
[0.1503143]
420
[0.16819931]
421
[0.14056457]
422
[0.15581374]
423
[0.13208537]
424
[0.13938107]
425
[0.16711779]
426
[0.20901351]
427
[0.16093955]
428
[0.14339881]
429
[0.21634968]
430
[0.23205857]
431
[0.1732527]
432
[0.18541725]
433
[0.12999018]
434
[0.16649316]
435
[0.09306944]
436
[0.19173968]
437
[0.18227161]
438
[0.14963618]
439
[0.11644746]
440
[0.17098754]
441
[0.17226108]
442
[0.15630518]
443
[0.15719754]
444
[0.17404043]
445
[0.15109239]
446
[0.15474308]
447
[0.14912014]
448
[0.22179732]
449
[0.18702789]
450
[0.13758089]
451
[0.17539616]
452
[0.17353141]
453
[0.14738688]
454
[0.12654035]
455
[0.15801743]
456
[0.20405976]
457
[0.15980354]
458
[0.14455488]
459
[0.16922885]
460
[0.15060366]
461
[0.23419896]
462
[0.16351967]
463
[0.19800282]
464
[0.16280471]
465
[0.15491912]
466
[0.13034643]
467
[0.14506399]
468
[0.20321325]
469
[0.18325474]
470
[0.17010274]
471
[0.13476665]
472
[0.16726196]
473
[0.10935665]
474
[0.17772679]
475
[0.14406265]
476
[0.18328711]
477
[0.18040788]
478
[0.19618208]
479
[0.17801823]
480
[0.17185884]
481
[0.1587091]
482
[0.15897191]
483
[0.1866584]
484
[0.1369272]
485
[0.19413854]
486
[0.12590786]
487
[0.20987638]
488
[0.17143162]
489
[0.16994168]
490
[0.15677212]
491
[0.19893409]
492
[0.20150584]
493
[0.13945729]
494
[0.15513917]
495
[0.2133829]
496
[0.21977061]
497
[0.18731084]
498
[0.16403097]
499
[0.2706617]
500
[0.14366402]
501
[0.12018006]
502
[0.16689271]
503
[0.14254501]
504
[0.15020458]
505
[0.25044444]
506
[0.18087636]
507
[0.17054931]
508
[0.11041174]
509
[0.15169397]
510
[0.17893359]
511
[0.17044106]
512
[0.15707383]
513
[0.13960382]
514
[0.17420097]
515
[0.15042742]
516
[0.17374538]
517
[0.08506073]
518
[0.16118972]
519
[0.14805386]
520
[0.15681981]
521
[0.15722864]
522
[0.14550892]
523
[0.1299924]
524
[0.22051147]
525
[0.2577349]
526
[0.15932559]
527
[0.1490705]
528
[0.11578947]
529
[0.16205357]
530
[0.16300258]
531
[0.18660404]
532
[0.21582716]
533
[0.1589273]
534
[0.19045347]
535
[0.15105348]
536
[0.15765673]
537
[0.16982133]
538
[0.23471785]
539
[0.16910632]
540
[0.15189706]
541
[0.19955954]
542
[0.1305751]
543
[0.16457974]
544
[0.16634715]
545
[0.1915214]
546
[0.20145514]
547
[0.1630046]
548
[0.16012283]
549
[0.15738057]
550
[0.12610436]
551
[0.13884981]
552
[0.19122231]
553
[0.18474773]
554
[0.22396266]
555
[0.19537757]
556
[0.16459569]
557
[0.15489154]
558
[0.16915471]
559
[0.15212457]
560
[0.14230457]
561
[0.1156455]
562
[0.12049488]
563
[0.1389955]
564
[0.13590552]
565
[0.14654567]
566
[0.16173734]
567
[0.17851805]
568
[0.21962849]
569
[0.17184266]
570
[0.1468136]
571
[0.14353326]
572
[0.17077608]
573
[0.19049987]
574
[0.15312122]
575
[0.18586952]
576
[0.16246005]
577
[0.15737131]
578
[0.17639897]
579
[0.15880181]
580
[0.14125664]
581
[0.18639666]
582
[0.20355431]
583
[0.14293801]
584
[0.23378554]
585
[0.16430703]
586
[0.19396205]
587
[0.13953792]
588
[0.15062272]
589
[0.13312897]
590
[0.23192296]
591
[0.16964005]
592
[0.23607325]
593
[0.16829393]
594
[0.16800927]
595
[0.17013461]
596
[0.15487259]
597
[0.11944583]
598
[0.25259173]
599
[0.20243074]
600
[0.07599677]
601
[0.20833754]
602
[0.14257385]
603
[0.1675663]
604
[0.14108285]
605
[0.19650717]
606
[0.17420457]
607
[0.1632046]
608
[0.24908323]
609
[0.1868281]
610
[0.1243816]
611
[0.18776062]
612
[0.0859486]
613
[0.16738471]
614
[0.16169881]
615
[0.18517577]
616
[0.18042412]
617
[0.19782095]
618
[0.20842224]
619
[0.09409016]
620
[0.18438276]
621
[0.18286289]
622
[0.14520633]
623
[0.13761182]
624
[0.23868456]
625
[0.15427609]
626
[0.24800202]
627
[0.14469586]
628
[0.21392301]
629
[0.16764133]
630
[0.17336901]
631
[0.19894535]
632
[0.15947536]
633
[0.18080423]
634
[0.18618334]
635
[0.15125191]
636
[0.15108828]
637
[0.17983576]
638
[0.18033404]
639
[0.16978411]
640
[0.19501927]
641
[0.13148887]
642
[0.23964685]
643
[0.18524039]
644
[0.23871043]
645
[0.13528996]
646
[0.14551852]
647
[0.14102179]
648
[0.19312703]
649
[0.17854698]
650
[0.15313689]
651
[0.18382156]
652
[0.17590604]
653
[0.16891178]
654
[0.26080972]
655
[0.11505212]
656
[0.16205437]
657
[0.13968463]
658
[0.15508199]
659
[0.17741478]
660
[0.20381972]
661
[0.12128789]
662
[0.15704097]
663
[0.16096859]
664
[0.19366039]
665
[0.17251574]
666
[0.16584884]
667
[0.19411096]
668
[0.16612741]
669
[0.21238052]
670
[0.17068635]
671
[0.16345892]
672
[0.15397435]
673
[0.24444421]
674
[0.16784318]
675
[0.19047343]
676
[0.18450387]
677
[0.22645136]
678
[0.16228769]
679
[0.12667575]
680
[0.21361357]
681
[0.14551098]
682
[0.19040266]
683
[0.10343127]
684
[0.16643929]
685
[0.17157973]
686
[0.16787263]
687
[0.14393543]
688
[0.13150364]
689
[0.15655708]
690
[0.15477493]
691
[0.16356036]
692
[0.14538877]
693
[0.14199781]
694
[0.15254485]
695
[0.15565018]
696
[0.14661876]
697
[0.12466471]
698
[0.18224615]
699
[0.16414448]
700
[0.20883463]
701
[0.1291946]
702
[0.1890942]
703
[0.18887188]
704
[0.16304747]
705
[0.16260793]
706
[0.16958672]
707
[0.13558013]
708
[0.19389302]
709
[0.14094053]
710
[0.20590032]
711
[0.16434434]
712
[0.23649875]
713
[0.18311163]
714
[0.19119027]
715
[0.20186605]
716
[0.12480695]
717
[0.16338986]
718
[0.13833864]
719
[0.17658373]
720
[0.15338987]
721
[0.13691349]
722
[0.13558699]
723
[0.16569704]
724
[0.15532095]
725
[0.22646904]
726
[0.1600788]
727
[0.16498795]
728
[0.15604944]
729
[0.19866197]
730
[0.16201252]
731
[0.13297405]
732
[0.1719921]
733
[0.16745051]
734
[0.15732626]
735
[0.08286868]
736
[0.33152698]
737
[0.13895788]
738
[0.14542644]
739
[0.15416337]
740
[0.14832482]
741
[0.17270446]
742
[0.17369707]
743
[0.1754912]
744
[0.20062426]
745
[0.16426426]
746
[0.20447855]
747
[0.17004163]
748
[0.13235786]
749
[0.16189275]
750
[0.19694128]
751
[0.16669836]
752
[0.14960906]
753
[0.19520569]
754
[0.14973113]
755
[0.2168008]
756
[0.16882127]
757
[0.15479155]
758
[0.22267823]
759
[0.17078239]
760
[0.17235236]
761
[0.26373816]
762
[0.13061417]
763
[0.14274654]
764
[0.19727719]
765
[0.16912583]
766
[0.13950359]
767
[0.15041389]
768
[0.15705349]
769
[0.17231877]
770
[0.16760741]
771
[0.14441384]
772
[0.18517857]
773
[0.26662967]
774
[0.15204217]
775
[0.14005733]
776
[0.20362239]
777
[0.14885738]
778
[0.17337198]
779
[0.16161077]
780
[0.17379614]
781
[0.1735795]
782
[0.24262431]
783
[0.13162404]
784
[0.09748857]
785
[0.14545991]
786
[0.16908513]
787
[0.12180843]
788
[0.16130924]
789
[0.14798292]
790
[0.13970095]
791
[0.20681982]
792
[0.18804521]
793
[0.15167552]
794
[0.1740841]
795
[0.16177671]
796
[0.20120165]
797
[0.18198959]
798
[0.14252141]
799
[0.121609]
800
[0.18514882]
801
[0.16720937]
802
[0.178869]
803
[0.16740719]
804
[0.20055217]
805
[0.14902546]
806
[0.10361322]
807
[0.14747599]
808
[0.20684052]
809
[0.17060349]
810
[0.20244943]
811
[0.16007215]
812
[0.1150417]
813
[0.13555988]
814
[0.14083194]
815
[0.14698196]
816
[0.16972079]
817
[0.12191246]
818
[0.16024898]
819
[0.19343469]
820
[0.16670704]
821
[0.17131416]
822
[0.13103691]
823
[0.17020726]
824
[0.12566905]
825
[0.1662631]
826
[0.19488515]
827
[0.16837645]
828
[0.20274633]
829
[0.17598715]
830
[0.24097153]
831
[0.1704395]
832
[0.10601931]
833
[0.1326206]
834
[0.20694624]
835
[0.17319322]
836
[0.14106542]
837
[0.13770496]
838
[0.19250548]
839
[0.14524165]
840
[0.13558678]
841
[0.16499456]
842
[0.14373404]
843
[0.15059839]
844
[0.1432601]
845
[0.13349313]
846
[0.16952535]
847
[0.13457748]
848
[0.1565465]
849
[0.19903814]
850
[0.13694084]
851
[0.17026539]
852
[0.16658067]
853
[0.14122779]
854
[0.16354143]
855
[0.18600243]
856
[0.15754993]
857
[0.20314267]
858
[0.16176628]
859
[0.16181485]
860
[0.17673036]
861
[0.16821765]
862
[0.18576785]
863
[0.19735283]
864
[0.16008721]
865
[0.14809929]
866
[0.17085497]
867
[0.17117325]
868
[0.17952781]
869
[0.15926319]
870
[0.18292919]
871
[0.19477044]
872
[0.19439987]
873
[0.103068]
874
[0.18786077]
875
[0.13574646]
876
[0.18646893]
877
[0.11147011]
878
[0.20661726]
879
[0.15815124]
880
[0.17387457]
881
[0.1809864]
882
[0.17354126]
883
[0.13911229]
884
[0.17631506]
885
[0.24808243]
886
[0.15905816]
887
[0.19643879]
888
[0.12448557]
889
[0.2176084]
890
[0.11096283]
891
[0.11023971]
892
[0.19837891]
893
[0.19304974]
894
[0.19401543]
895
[0.14476895]
896
[0.1613319]
897
[0.16361206]
898
[0.15289545]
899
[0.14452234]
900
[0.15381397]
901
[0.21998156]
902
[0.14755272]
903
[0.17964934]
904
[0.17138238]
905
[0.09051096]
906
[0.16384393]
907
[0.16838273]
908
[0.1633807]
909
[0.20905802]
910
[0.1809724]
911
[0.2327565]
912
[0.16436519]
913
[0.15323797]
914
[0.15918683]
915
[0.20701414]
916
[0.16773185]
917
[0.20202966]
918
[0.15009926]
919
[0.18437938]
920
[0.146173]
921
[0.15167074]
922
[0.16444947]
923
[0.14696695]
924
[0.14639575]
925
[0.151755]
926
[0.19247968]
927
[0.23032156]
928
[0.19627412]
929
[0.12104814]
930
[0.17728345]
931
[0.17058137]
932
[0.2267305]
933
[0.13579359]
934
[0.13809361]
935
[0.1554004]
936
[0.14108286]
937
[0.17675391]
938
[0.15952675]
939
[0.18478084]
940
[0.16896464]
941
[0.17258568]
942
[0.16971642]
943
[0.15005952]
944
[0.16246982]
945
[0.24000042]
946
[0.15229278]
947
[0.19105873]
948
[0.12304172]
949
[0.13927283]
950
[0.17128442]
951
[0.14256623]
952
[0.2006139]
953
[0.13161482]
954
[0.1440554]
955
[0.18441329]
956
[0.18511336]
957
[0.19989345]
958
[0.12896218]
959
[0.15268791]
960
[0.13956982]
961
[0.16216164]
962
[0.19677803]
963
[0.18882479]
964
[0.12508188]
965
[0.10898558]
966
[0.12169113]
967
[0.14530166]
968
[0.23275956]
969
[0.13126722]
970
[0.16717095]
971
[0.17179188]
972
[0.20347929]
973
[0.17882684]
974
[0.14536261]
975
[0.17375385]
976
[0.14981872]
977
[0.13023302]
978
[0.1109185]
979
[0.15032898]
980
[0.19006482]
981
[0.16678818]
982
[0.14724179]
983
[0.18502814]
984
[0.16239951]
985
[0.15340949]
986
[0.24132214]
987
[0.13080266]
988
[0.16479314]
989
[0.16069672]
990
[0.14257297]
991
[0.12046751]
992
[0.20215731]
993
[0.15019215]
994
[0.14408481]
995
[0.1426703]
996
[0.17271007]
997
[0.16368368]
998
[0.21749331]
999
[0.17238966]
1000
[0.13513954]
1001
[0.15753838]
1002
[0.11177375]
1003
[0.13384374]
1004
[0.15667964]
1005
[0.2565418]
1006
[0.20368742]
1007
[0.15461608]
1008
[0.19931555]
1009
[0.11136453]
1010
[0.21959795]
1011
[0.0870508]
1012
[0.19356979]
1013
[0.17746752]
1014
[0.1924408]
1015
[0.1810283]
1016
[0.15455326]
1017
[0.12042458]
1018
[0.15751548]
1019
[0.12115948]
1020
[0.18830127]
1021
[0.18132348]
1022
[0.17166536]
1023
[0.15447612]
1024
[0.15871967]
1025
[0.16327185]
1026
[0.11725067]
1027
[0.16754545]
1028
[0.15953139]
1029
[0.10486219]
1030
[0.16782221]
1031
[0.17866709]
1032
[0.20704255]
1033
[0.22239371]
1034
[0.14663197]
1035
[0.17809879]
1036
[0.15560261]
1037
[0.24575095]
1038
[0.16069043]
1039
[0.14072951]
1040
[0.12683366]
1041
[0.14694702]
1042
[0.0931518]
1043
[0.23059435]
1044
[0.17354937]
1045
[0.13714832]
1046
[0.19884235]
1047
[0.17962161]
1048
[0.16171575]
1049
[0.18749898]
1050
[0.17104191]
1051
[0.17956701]
1052
[0.14798558]
1053
[0.13924167]
1054
[0.15319128]
1055
[0.1446827]
1056
[0.14819402]
1057
[0.15330688]
1058
[0.14256623]
1059
[0.17712113]
1060
[0.16249009]
1061
[0.28102472]
1062
[0.16090883]
1063
[0.14351335]
1064
[0.13656231]
1065
[0.14663457]
1066
[0.14068755]
1067
[0.14341651]
1068
[0.23532671]
1069
[0.14151966]
1070
[0.18502974]
1071
[0.14077278]
1072
[0.15022479]
1073
[0.12255781]
1074
[0.11467748]
1075
[0.20117998]
1076
[0.10282724]
1077
[0.10707237]
1078
[0.11174004]
1079
[0.16001802]
1080
[0.08939655]
1081
[0.11888936]
1082
[0.24611037]
1083
[0.11640028]
1084
[0.18718127]
1085
[0.15982989]
1086
[0.15379727]
1087
[0.14067021]
1088
[0.18245986]
1089
[0.16913209]
1090
[0.232564]
1091
[0.18120412]
1092
[0.1262464]
1093
[0.25744561]
1094
[0.15546896]
1095
[0.12415761]
1096
[0.14799229]
1097
[0.17575031]
1098
[0.13201976]
1099
[0.18322336]
1100
[0.14756175]
1101
[0.1663709]
1102
[0.14614029]
1103
[0.16713425]
1104
[0.17273979]
1105
[0.15946655]
1106
[0.1101229]
1107
[0.21424383]
1108
[0.1445373]
1109
[0.1450436]
1110
[0.14597579]
1111
[0.19822486]
1112
[0.21414148]
1113
[0.15215602]
1114
[0.14151994]
1115
[0.15591874]
1116
[0.15877658]
1117
[0.16610614]
1118
[0.17843172]
1119
[0.23805133]
1120
[0.13644351]
1121
[0.1805956]
1122
[0.18768552]
1123
[0.19321121]
1124
[0.10050127]
1125
[0.17305666]
1126
[0.1393768]
1127
[0.14588316]
1128
[0.15672022]
1129
[0.16623792]
1130
[0.18642293]
1131
[0.15927948]
1132
[0.25483914]
1133
[0.13947076]
1134
[0.20209219]
1135
[0.15543043]
1136
[0.2399152]
1137
[0.14589658]
1138
[0.15412501]
1139
[0.14219766]
1140
[0.14783981]
1141
[0.18417362]
1142
[0.1514369]
1143
[0.09952248]
1144
[0.12898716]
1145
[0.20730635]
1146
[0.13261994]
1147
[0.09769351]
1148
[0.16871771]
1149
[0.15876516]
1150
[0.16014989]
1151
[0.16920904]
1152
[0.2342608]
1153
[0.16287002]
1154
[0.13238594]
1155
[0.21286592]
1156
[0.16993465]
1157
[0.16419084]
1158
[0.16567511]
1159
[0.12432036]
1160
[0.1982036]
1161
[0.1588071]
1162
[0.12648416]
1163
[0.12509022]
1164
[0.13210848]
1165
[0.13904085]
1166
[0.18259458]
1167
[0.17660264]
1168
[0.13501639]
1169
[0.14134213]
1170
[0.16170353]
1171
[0.20158868]
1172
[0.19925967]
1173
[0.11696961]
1174
[0.20072349]
1175
[0.17834138]
1176
[0.16252764]
1177
[0.15943781]
1178
[0.16694707]
1179
[0.15748634]
1180
[0.16725474]
1181
[0.17490154]
1182
[0.15316564]
1183
[0.15019451]
1184
[0.16916524]
1185
[0.27706329]
1186
[0.16134818]
1187
[0.13598008]
1188
[0.18980308]
1189
[0.2056801]
1190
[0.15648612]
1191
[0.16019267]
1192
[0.1619357]
1193
[0.18303354]
1194
[0.13862284]
1195
[0.2129405]
1196
[0.17083097]
1197
[0.16966179]
1198
[0.22256462]
1199
[0.17051221]
1200
[0.15582128]
1201
[0.19857416]
1202
[0.1760342]
1203
[0.15746291]
1204
[0.18154385]
1205
[0.1540345]
1206
[0.23213174]
1207
[0.18343532]
1208
[0.14475381]
1209
[0.15878669]
1210
[0.16351665]
1211
[0.13812297]
1212
[0.17049584]
1213
[0.15806613]
1214
[0.13180981]
1215
[0.14288502]
1216
[0.17690423]
1217
[0.2215029]
1218
[0.16342002]
1219
[0.1443163]
1220
[0.14589786]
1221
[0.14886714]
1222
[0.14757068]
1223
[0.16913918]
1224
[0.22812136]
1225
[0.18627803]
1226
[0.18067061]
1227
[0.13900265]
1228
[0.11806308]
1229
[0.18832043]
1230
[0.16763229]
1231
[0.30950493]
1232
[0.15717781]
1233
[0.16942318]
1234
[0.18786776]
1235
[0.14261026]
1236
[0.12058554]
1237
[0.13666132]
1238
[0.11461709]
1239
[0.16074244]
1240
[0.12546422]
1241
[0.15141945]
1242
[0.15568707]
1243
[0.13394799]
1244
[0.16457669]
1245
[0.18298854]
1246
[0.15275872]
1247
[0.14978126]
1248
[0.1152647]
1249
[0.19567925]
1250
[0.14107102]
1251
[0.16190058]
1252
[0.14676891]
1253
[0.16505894]
1254
[0.13990227]
1255
[0.16356501]
1256
[0.14505271]
1257
[0.1321841]
1258
[0.15101038]
1259
[0.11707038]
1260
[0.15622011]
1261
[0.18244818]
1262
[0.15692551]
1263
[0.16140957]
1264
[0.17096319]
1265
[0.16634236]
1266
[0.1614418]
1267
[0.19317888]
1268
[0.16742327]
1269
[0.15693613]
1270
[0.20258438]
1271
[0.18427504]
1272
[0.14518509]
1273
[0.10513138]
1274
[0.2220812]
1275
[0.11778875]
1276
[0.1442314]
1277
[0.17183499]
1278
[0.14750407]
1279
[0.1213587]
1280
[0.15403833]
1281
[0.17207448]
1282
[0.17114035]
1283
[0.15845098]
1284
[0.16208077]
1285
[0.14644902]
1286
[0.1583854]
1287
[0.121945]
1288
[0.12475905]
1289
[0.15805444]
1290
[0.16562975]
1291
[0.13981725]
1292
[0.17087189]
1293
[0.15133257]
1294
[0.13881825]
1295
[0.17422966]
1296
[0.07817625]
1297
[0.14692513]
1298
[0.14743345]
1299
[0.13663694]
1300
[0.16428732]
1301
[0.14178644]
1302
[0.17310639]
1303
[0.14439347]
1304
[0.12733976]
1305
[0.19528455]
1306
[0.1474103]
1307
[0.22514132]
1308
[0.12669655]
1309
[0.16839543]
1310
[0.14954178]
1311
[0.17767271]
1312
[0.15127428]
1313
[0.10154545]
1314
[0.19238684]
1315
[0.13615808]
1316
[0.14859035]
1317
[0.15020939]
1318
[0.15495931]
1319
[0.26429006]
1320
[0.1295253]
1321
[0.17295206]
1322
[0.157217]
1323
[0.20964795]
1324
[0.15172469]
1325
[0.13696759]
1326
[0.19598625]
1327
[0.17378481]
1328
[0.16472352]
1329
[0.145564]
1330
[0.14330384]
1331
[0.11515937]
1332
[0.15398916]
1333
[0.14893083]
1334
[0.21781191]
1335
[0.18480723]
1336
[0.1022058]
1337
[0.15661771]
1338
[0.12931397]
1339
[0.13917549]
1340
[0.18220892]
1341
[0.17737097]
1342
[0.12030378]
1343
[0.08638236]
1344
[0.11458378]
1345
[0.18873208]
1346
[0.11545152]
1347
[0.14163581]
1348
[0.12785482]
1349
[0.18541891]
1350
[0.15747408]
1351
[0.07631208]
1352
[0.18683214]
1353
[0.13065994]
1354
[0.14676041]
1355
[0.17503716]
1356
[0.14711609]
1357
[0.17362319]
1358
[0.12507289]
1359
[0.15745726]
1360
[0.17365347]
1361
[0.22773876]
1362
[0.21881099]
1363
[0.12992519]
1364
[0.18440114]
1365
[0.30434687]
1366
[0.16033519]
1367
[0.16895968]
1368
[0.16514393]
1369
[0.13828813]
1370
[0.1938192]
1371
[0.17122692]
1372
[0.1191453]
1373
[0.15396607]
1374
[0.24108494]
1375
[0.15943]
1376
[0.15478152]
1377
[0.20143317]
1378
[0.16837613]
1379
[0.16330725]
1380
[0.09011386]
1381
[0.16040982]
1382
[0.16523744]
1383
[0.20996536]
1384
[0.12734791]
1385
[0.16762347]
1386
[0.182196]
1387
[0.12422268]
1388
[0.18798402]
1389
[0.17057649]
1390
[0.14557923]
1391
[0.14193288]
1392
[0.17265791]
1393
[0.17369127]
1394
[0.13619838]
1395
[0.16213577]
1396
[0.13053302]
1397
[0.15357637]
1398
[0.17208321]
1399
[0.26755317]
1400
[0.18384327]
1401
[0.15798701]
1402
[0.19008931]
1403
[0.15871707]
1404
[0.14887535]
1405
[0.19418609]
1406
[0.15891497]
1407
[0.1445687]
1408
[0.22557293]
1409
[0.2021701]
1410
[0.204408]
1411
[0.16724434]
1412
[0.15163614]
1413
[0.13742354]
1414
[0.17563738]
1415
[0.17366493]
1416
[0.15417519]
1417
[0.20523826]
1418
[0.16882571]
1419
[0.17119371]
1420
[0.24049246]
1421
[0.21117549]
1422
[0.14854462]
1423
[0.15968396]
1424
[0.14591959]
1425
[0.22985928]
1426
[0.15642796]
1427
[0.13508979]
1428
[0.17634411]
1429
[0.18785769]
1430
[0.16778294]
1431
[0.17056273]
1432
[0.14048899]
1433
[0.19418668]
1434
[0.13217322]
1435
[0.17064591]
1436
[0.12905433]
1437
[0.11925538]
1438
[0.20157485]
1439
[0.1464911]
1440
[0.19242124]
1441
[0.13182152]
1442
[0.16599195]
1443
[0.17402269]
1444
[0.15573147]
1445
[0.15767355]
1446
[0.17353635]
1447
[0.15303992]
1448
[0.17495052]
1449
[0.29303427]
1450
[0.14511633]
1451
[0.09571912]
1452
[0.13144148]
1453
[0.1549359]
1454
[0.21567031]
1455
[0.14283581]
1456
[0.21627977]
1457
[0.17721915]
1458
[0.18011027]
1459
[0.17781869]
1460
[0.12610139]
1461
[0.13297232]
1462
[0.16081347]
1463
[0.13746768]
1464
[0.19331244]
1465
[0.12143092]
1466
[0.19186889]
1467
[0.14140616]
1468
[0.14685624]
1469
[0.13070513]
1470
[0.14707356]
1471
[0.1014824]
1472
[0.151678]
1473
[0.17518802]
1474
[0.12827173]
1475
[0.20082425]
1476
[0.19961298]
1477
[0.09957297]
1478
[0.17636652]
1479
[0.16707]
1480
[0.21321593]
1481
[0.16028243]
1482
[0.09550306]
1483
[0.15833261]
1484
[0.13742795]
1485
[0.13665324]
1486
[0.18475855]
1487
[0.16671128]
1488
[0.15712141]
1489
[0.1887821]
1490
[0.21926104]
1491
[0.17476512]
1492
[0.17318793]
1493
[0.19106381]
1494
[0.09430319]
1495
[0.25587596]
1496
[0.13466417]
1497
[0.15302615]
1498
[0.1700247]
1499
[0.13740318]
1500
[0.17129977]
1501
[0.13925958]
1502
[0.16849277]
1503
[0.18033713]
1504
[0.10848433]
1505
[0.16167607]
1506
[0.17133159]
1507
[0.09070677]
1508
[0.16567215]
1509
[0.15273842]
1510
[0.18157655]
1511
[0.15300906]
1512
[0.15926228]
1513
[0.16298811]
1514
[0.19259406]
1515
[0.20293906]
1516
[0.15299169]
1517
[0.16070905]
1518
[0.19176744]
1519
[0.19241122]
1520
[0.15887621]
1521
[0.13952457]
1522
[0.12972316]
1523
[0.14760769]
1524
[0.15955639]
1525
[0.14245536]
1526
[0.14924425]
1527
[0.15300819]
1528
[0.11423869]
1529
[0.25166327]
1530
[0.19474518]
1531
[0.15654536]
1532
[0.18771823]
1533
[0.17456449]
1534
[0.13376531]
1535
[0.16462721]
1536
[0.20808378]
1537
[0.19159821]
1538
[0.2279358]
1539
[0.10356232]
1540
[0.16859499]
1541
[0.21437131]
1542
[0.19159755]
1543
[0.15036015]
1544
[0.15761564]
1545
[0.14598184]
1546
[0.1514259]
1547
[0.17753947]
1548
[0.15338943]
1549
[0.13622547]
1550
[0.16276024]
1551
[0.14694655]
1552
[0.19047433]
1553
[0.15860006]
1554
[0.12700818]
1555
[0.16518217]
1556
[0.15963744]
1557
[0.17636961]
1558
[0.14016137]
1559
[0.14916165]
1560
[0.15686091]
1561
[0.17408863]
1562
[0.12821099]
1563
[0.1642701]
1564
[0.13289795]
1565
[0.17306245]
1566
[0.17413323]
1567
[0.14665158]
1568
[0.17449417]
1569
[0.14580813]
1570
[0.1389586]
1571
[0.15667022]
1572
[0.16072822]
1573
[0.21327491]
1574
[0.16755961]
1575
[0.19186818]
1576
[0.22649663]
1577
[0.19212717]
1578
[0.18412399]
1579
[0.1584155]
1580
[0.14842358]
1581
[0.16131337]
1582
[0.15896693]
1583
[0.16031488]
1584
[0.13987877]
1585
[0.16478312]
1586
[0.16394049]
1587
[0.16988118]
1588
[0.17656768]
1589
[0.2076685]
1590
[0.15114333]
1591
[0.19424335]
1592
[0.25443871]
1593
[0.12607369]
1594
[0.150367]
1595
[0.1567845]
1596
[0.17060395]
1597
[0.22194113]
1598
[0.25957472]
1599
[0.11444586]
1600
[0.12686418]
1601
[0.25067097]
1602
[0.19769823]
1603
[0.17840674]
1604
[0.19671074]
1605
[0.17029382]
1606
[0.17736578]
1607
[0.11330744]
1608
[0.17902837]
1609
[0.2406186]
1610
[0.26495685]
1611
[0.14448572]
1612
[0.1707405]
1613
[0.16380955]
1614
[0.1535098]
1615
[0.14922693]
1616
[0.0980926]
1617
[0.18081267]
1618
[0.08481559]
1619
[0.15392419]
1620
[0.14839434]
1621
[0.1238303]
1622
[0.19090381]
1623
[0.14458445]
1624
[0.15821702]
1625
[0.10679865]
1626
[0.11010419]
1627
[0.1686281]
1628
[0.13293174]
1629
[0.16532104]
1630
[0.13531576]
1631
[0.15255728]
1632
[0.17548015]
1633
[0.15563223]
1634
[0.17129832]
1635
[0.13590552]
1636
[0.16926408]
1637
[0.19926115]
1638
[0.13434871]
1639
[0.088703]
1640
[0.15060361]
1641
[0.13257517]
1642
[0.17467383]
1643
[0.17382973]
1644
[0.1858668]
1645
[0.11603259]
1646
[0.21739498]
1647
[0.15465811]
1648
[0.16057981]
1649
[0.22282159]
1650
[0.16729196]
1651
[0.13838221]
1652
[0.119713]
1653
[0.17393557]
1654
[0.16068077]
1655
[0.1797851]
1656
[0.1555135]
1657
[0.14457627]
1658
[0.16110857]
1659
[0.18724007]
1660
[0.11957781]
1661
[0.17033688]
1662
[0.11324404]
1663
[0.16132907]
1664
[0.17427443]
1665
[0.19087629]
1666
[0.19861844]
1667
[0.17883534]
1668
[0.16661466]
1669
[0.25139431]
1670
[0.19462533]
1671
[0.11394143]
1672
[0.10804754]
1673
[0.1446777]
1674
[0.2162407]
1675
[0.18527774]
1676
[0.16957358]
1677
[0.17070911]
1678
[0.1475512]
1679
[0.2468122]
1680
[0.18386062]
1681
[0.14803689]
1682
[0.1195878]
1683
[0.12973532]
1684
[0.16910386]
1685
[0.14380942]
1686
[0.11252318]
1687
[0.18953877]
1688
[0.20124264]
1689
[0.22340449]
1690
[0.15514511]
1691
[0.18902277]
1692
[0.15484051]
1693
[0.18900604]
1694
[0.18141427]
1695
[0.17130969]
1696
[0.18270662]
1697
[0.13679002]
1698
[0.12701293]
1699
[0.15276207]
1700
[0.20808431]
1701
[0.14245032]
1702
[0.18325352]
1703
[0.16882646]
1704
[0.17751423]
1705
[0.1933474]
1706
[0.13917218]
1707
[0.17206222]
1708
[0.15643177]
1709
[0.12759715]
1710
[0.18139262]
1711
[0.1567543]
1712
[0.13110618]
1713
[0.18213068]
1714
[0.2924792]
1715
[0.12061095]
1716
[0.16588565]
1717
[0.14206271]
1718
[0.16800178]
1719
[0.16285452]
1720
[0.21612415]
1721
[0.1289804]
1722
[0.18796317]
1723
[0.13560019]
1724
[0.11452233]
1725
[0.09797015]
1726
[0.19372465]
1727
[0.15705901]
1728
[0.17103818]
1729
[0.17205718]
1730
[0.24465772]
1731
[0.18253045]
1732
[0.14476242]
1733
[0.15266552]
1734
[0.14064774]
1735
[0.08232095]
1736
[0.25050467]
1737
[0.20332211]
1738
[0.1329922]
1739
[0.16754386]
1740
[0.12197952]
1741
[0.14962999]
1742
[0.19070784]
1743
[0.1776634]
1744
[0.17805901]
1745
[0.19039503]
1746
[0.18191652]
1747
[0.14173364]
1748
[0.12049562]
1749
[0.23958899]
1750
[0.19754007]
1751
[0.18274683]
1752
[0.17153368]
1753
[0.22137087]
1754
[0.15629154]
1755
[0.15266424]
1756
[0.19361378]
1757
[0.17726045]
1758
[0.15030096]
1759
[0.13521859]
1760
[0.17374605]
1761
[0.12211543]
1762
[0.18779158]
1763
[0.12423457]
1764
[0.16878069]
1765
[0.12574526]
1766
[0.16529155]
1767
[0.17605534]
1768
[0.17905555]
1769
[0.12285163]
1770
[0.15143648]
1771
[0.19202328]
1772
[0.13048188]
1773
[0.14964066]
1774
[0.2194757]
1775
[0.15115926]
1776
[0.1420834]
1777
[0.14083344]
1778
[0.16759904]
1779
[0.23445152]
1780
[0.1507482]
1781
[0.13708767]
1782
[0.14589658]
1783
[0.13000003]
1784
[0.22063588]
1785
[0.30543103]
1786
[0.21623172]
1787
[0.22585612]
1788
[0.14703435]
1789
[0.15791608]
1790
[0.16856865]
1791
[0.18321597]
1792
[0.15779488]
1793
[0.14672014]
1794
[0.19765066]
1795
[0.22998796]
1796
[0.15027275]
1797
[0.15437649]
1798
[0.24616204]
1799
[0.19368993]
1800
[0.15212823]
1801
[0.14981693]
1802
[0.21470578]
1803
[0.17803277]
1804
[0.13650297]
1805
[0.17896848]
1806
[0.12177705]
1807
[0.18994007]
1808
[0.15703604]
1809
[0.12171515]
1810
[0.15272367]
1811
[0.22536698]
1812
[0.18454565]
1813
[0.08905212]
1814
[0.17532505]
1815
[0.13126109]
1816
[0.14475783]
1817
[0.22661527]
1818
[0.12561743]
1819
[0.096343]
1820
[0.17701175]
1821
[0.15632887]
1822
[0.19586266]
1823
[0.17836649]
1824
[0.1535354]
1825
[0.16262312]
1826
[0.19665885]
1827
[0.21810534]
1828
[0.18855089]
1829
[0.15147583]
1830
[0.14440113]
1831
[0.17608725]
1832
[0.14308579]
1833
[0.25595258]
1834
[0.15911983]
1835
[0.16712479]
1836
[0.19275614]
1837
[0.1787349]
1838
[0.14173102]
1839
[0.14444395]
1840
[0.10789459]
1841
[0.20504824]
1842
[0.14933831]
1843
[0.20930875]
1844
[0.20196056]
1845
[0.15204783]
1846
[0.1570062]
1847
[0.13497819]
1848
[0.16890209]
1849
[0.13790959]
1850
[0.16872485]
1851
[0.13021046]
1852
[0.15761954]
1853
[0.17319359]
1854
[0.1852116]
1855
[0.16357993]
1856
[0.19652538]
1857
[0.1025862]
1858
[0.12915986]
1859
[0.20545152]
1860
[0.18785279]
1861
[0.19598312]
1862
[0.15617233]
1863
[0.14920068]
1864
[0.15970744]
1865
[0.13456586]
1866
[0.14792923]
1867
[0.14849465]
1868
[0.13447164]
1869
[0.15163063]
1870
[0.17253939]
1871
[0.14140082]
1872
[0.14574249]
1873
[0.17158394]
1874
[0.14497521]
1875
[0.18539851]
1876
[0.17679469]
1877
[0.23742831]
1878
[0.1669219]
1879
[0.21170958]
1880
[0.14839434]
1881
[0.11290376]
1882
[0.15592024]
1883
[0.17189651]
1884
[0.17355208]
1885
[0.21915202]
1886
[0.22505777]
1887
[0.11703485]
1888
[0.15046086]
1889
[0.12399986]
1890
[0.1490279]
1891
[0.16369599]
1892
[0.15676232]
1893
[0.11793883]
1894
[0.16828489]
1895
[0.15012357]
1896
[0.16508533]
1897
[0.1704656]
1898
[0.18044768]
1899
[0.21368749]
1900
[0.18815231]
1901
[0.13511435]
1902
[0.19645036]
1903
[0.12771948]
1904
[0.13552158]
1905
[0.16180268]
1906
[0.1695185]
1907
[0.15813906]
1908
[0.16547832]
1909
[0.24122403]
1910
[0.16421351]
1911
[0.13407519]
1912
[0.18679286]
1913
[0.1894215]
1914
[0.23253944]
1915
[0.07646864]
1916
[0.18111768]
1917
[0.17159999]
1918
[0.16671252]
1919
[0.18181934]
1920
[0.13600465]
1921
[0.16270468]
1922
[0.25592696]
1923
[0.17346441]
1924
[0.15107702]
1925
[0.16630993]
1926
[0.16238304]
1927
[0.16446507]
1928
[0.14517564]
1929
[0.17889441]
1930
[0.15255728]
1931
[0.16568147]
1932
[0.14997422]
1933
[0.1587723]
1934
[0.14935501]
1935
[0.10393894]
1936
[0.15348174]
1937
[0.16494567]
1938
[0.20665264]
1939
[0.09794682]
1940
[0.14066678]
1941
[0.15422246]
1942
[0.1977501]
1943
[0.18765913]
1944
[0.11470064]
1945
[0.16702296]
1946
[0.20863893]
1947
[0.16951323]
1948
[0.20943939]
1949
[0.23076852]
1950
[0.18052406]
1951
[0.16172676]
1952
[0.14589632]
1953
[0.16134788]
1954
[0.12925825]
1955
[0.16084781]
1956
[0.15628897]
1957
[0.16065345]
1958
[0.16322694]
1959
[0.14119338]
1960
[0.16461645]
1961
[0.13297061]
1962
[0.1508949]
1963
[0.22075029]
1964
[0.17337198]
1965
[0.19878871]
1966
[0.12867519]
1967
[0.1611737]
1968
[0.18106101]
1969
[0.11744344]
1970
[0.20524917]
1971
[0.18569572]
1972
[0.18115352]
1973
[0.1333781]
1974
[0.1518598]
1975
[0.22589096]
1976
[0.1732103]
1977
[0.13878932]
1978
[0.15063631]
1979
[0.15073304]
1980
[0.15487283]
1981
[0.13693663]
1982
[0.172907]
1983
[0.19298121]
1984
[0.15501423]
1985
[0.10174438]
1986
[0.20004715]
1987
[0.17246738]
1988
[0.1100953]
1989
[0.17673161]
1990
[0.24104304]
1991
[0.15388302]
1992
[0.17012004]
1993
[0.17564585]
1994
[0.11838835]
1995
[0.15000302]
1996
[0.24137027]
1997
[0.18723838]
1998
[0.13813665]
1999
[0.17211912]
2000
[0.159652]
2001
[0.1011898]
2002
[0.19217741]
2003
[0.10234916]
2004
[0.19476177]
2005
[0.19965242]
2006
[0.16345605]
2007
[0.14293108]
2008
[0.16185468]
2009
[0.13239738]
2010
[0.18473543]
2011
[0.14284532]
2012
[0.10945444]
2013
[0.18210059]
2014
[0.16106411]
2015
[0.1541353]
2016
[0.1611616]
2017
[0.11546506]
2018
[0.13580719]
2019
[0.10878282]
2020
[0.17236246]
2021
[0.28635897]
2022
[0.12865569]
2023
[0.13806383]
2024
[0.12660488]
2025
[0.21732348]
2026
[0.15744894]
2027
[0.16676685]
2028
[0.16171625]
2029
[0.25564073]
2030
[0.11980625]
2031
[0.16577807]
2032
[0.15755281]
2033
[0.11544596]
2034
[0.16006371]
2035
[0.17610236]
2036
[0.1581687]
2037
[0.15456561]
2038
[0.15639366]
2039
[0.20050163]
2040
[0.21607294]
2041
[0.18978138]
2042
[0.22358453]
2043
[0.15096894]
2044
[0.1747449]
2045
[0.16843206]
2046
[0.11102933]
2047
[0.13567743]
2048
[0.18383082]
2049
[0.17844617]
2050
[0.17945969]
2051
[0.15719132]
2052
[0.17843949]
2053
[0.17752494]
2054
[0.16236055]
2055
[0.12888449]
2056
[0.26404745]
2057
[0.18089334]
2058
[0.14171565]
2059
[0.18318258]
2060
[0.14379516]
2061
[0.22249561]
2062
[0.13046634]
2063
[0.12010227]
2064
[0.15959137]
2065
[0.17625756]
2066
[0.1606944]
2067
[0.17549393]
2068
[0.13689857]
2069
[0.17441537]
2070
[0.16530499]
2071
[0.19597722]
2072
[0.1692452]
2073
[0.19476173]
2074
[0.18364173]
2075
[0.14044776]
2076
[0.11435211]
2077
[0.16287026]
2078
[0.17106544]
2079
[0.15367011]
2080
[0.17703956]
2081
[0.19722834]
2082
[0.15021299]
2083
[0.26345986]
2084
[0.17611949]
2085
[0.15045674]
2086
[0.19401822]
2087
[0.1817113]
2088
[0.16780794]
2089
[0.18724236]
2090
[0.23890349]
2091
[0.17748909]
2092
[0.16038863]
2093
[0.13898509]
2094
[0.18547614]
2095
[0.17396363]
2096
[0.2313633]
2097
[0.11561536]
2098
[0.14888205]
2099
[0.13076228]
2100
[0.09208882]
2101
[0.17365638]
2102
[0.11524705]
2103
[0.18155587]
2104
[0.16440782]
2105
[0.21099884]
2106
[0.1338452]
2107
[0.1251605]
2108
[0.14790355]
2109
[0.16794416]
2110
[0.13626602]
2111
[0.18735195]
2112
[0.18090475]
2113
[0.19218883]
2114
[0.16101507]
2115
[0.14244635]
2116
[0.10696259]
2117
[0.10329412]
2118
[0.16455171]
2119
[0.17010058]
2120
[0.16307344]
2121
[0.21218312]
2122
[0.17029273]
2123
[0.12958035]
2124
[0.18502508]
2125
[0.17368074]
2126
[0.09426729]
2127
[0.18265467]
2128
[0.23471364]
2129
[0.20047443]
2130
[0.12578053]
2131
[0.16717319]
2132
[0.22612723]
2133
[0.11420648]
2134
[0.17847531]
2135
[0.14739164]
2136
[0.11813142]
2137
[0.19078239]
2138
[0.15464672]
2139
[0.17288435]
2140
[0.19653905]
2141
[0.14946865]
2142
[0.17261901]
2143
[0.19389308]
2144
[0.17067087]
2145
[0.17515481]
2146
[0.15145612]
2147
[0.14689315]
2148
[0.19071219]
2149
[0.12227601]
2150
[0.22696915]
2151
[0.11859703]
2152
[0.1583854]
2153
[0.1291844]
2154
[0.16576803]
2155
[0.17250693]
2156
[0.13939915]
2157
[0.16930761]
2158
[0.1947469]
2159
[0.17623657]
2160
[0.21690191]
2161
[0.13473892]
2162
[0.18115984]
2163
[0.10532297]
2164
[0.1442499]
2165
[0.15770025]
2166
[0.17030382]
2167
[0.12258411]
2168
[0.2526377]
2169
[0.12607859]
2170
[0.1612875]
2171
[0.18304537]
2172
[0.18298585]
2173
[0.17100923]
2174
[0.17004808]
2175
[0.19758486]
2176
[0.16375446]
2177
[0.16390663]
2178
[0.21099961]
2179
[0.17596252]
2180
[0.15822648]
2181
[0.14286946]
2182
[0.21259489]
2183
[0.15072418]
2184
[0.18673525]
2185
[0.17552186]
2186
[0.16101444]
2187
[0.1573865]
2188
[0.18398804]
2189
[0.13860049]
2190
[0.27497712]
2191
[0.18346555]
2192
[0.16562626]
2193
[0.18851561]
2194
[0.12214787]
2195
[0.12332212]
2196
[0.16714465]
2197
[0.18595679]
2198
[0.23016956]
2199
[0.16621532]
2200
[0.14452977]
2201
[0.13174122]
2202
[0.1512301]
2203
[0.16923238]
2204
[0.17478834]
2205
[0.16544837]
2206
[0.1481269]
2207
[0.22343007]
2208
[0.11780181]
2209
[0.23175335]
2210
[0.13320999]
2211
[0.17009914]
2212
[0.11583374]
2213
[0.17538008]
2214
[0.15714797]
2215
[0.12383552]
2216
[0.15085657]
2217
[0.15419796]
2218
[0.16761877]
2219
[0.13743276]
2220
[0.12923256]
2221
[0.14088823]
2222
[0.12859373]
2223
[0.16132461]
2224
[0.17488565]
2225
[0.1290334]
2226
[0.16773951]
2227
[0.153434]
2228
[0.16213971]
2229
[0.14758606]
2230
[0.17903032]
2231
[0.18605395]
2232
[0.19128992]
2233
[0.16405077]
2234
[0.15124037]
2235
[0.20876673]
2236
[0.1523991]
2237
[0.26380444]
2238
[0.15273623]
2239
[0.18402138]
2240
[0.17114725]
2241
[0.20174304]
2242
[0.161589]
2243
[0.17610112]
2244
[0.20667457]
2245
[0.19014069]
2246
[0.14988313]
2247
[0.16132927]
2248
[0.13745288]
2249
[0.1309953]
2250
[0.2066755]
2251
[0.11329307]
2252
[0.2024976]
2253
[0.22194277]
2254
[0.15252732]
2255
[0.16143979]
2256
[0.1329387]
2257
[0.15328261]
2258
[0.11910788]
2259
[0.13869861]
2260
[0.24834718]
2261
[0.16110287]
2262
[0.18701127]
2263
[0.14032236]
2264
[0.1809219]
2265
[0.22407824]
2266
[0.19089896]
2267
[0.16553583]
2268
[0.18421727]
2269
[0.14554305]
2270
[0.15223248]
2271
[0.10112072]
2272
[0.15747901]
2273
[0.16199165]
2274
[0.16446363]
2275
[0.23033135]
2276
[0.14978223]
2277
[0.2016737]
2278
[0.29424747]
2279
[0.17175426]
2280
[0.24074577]
2281
[0.23886278]
2282
[0.15768586]
2283
[0.2402157]
2284
[0.1398588]
2285
[0.16772574]
2286
[0.18629727]
2287
[0.19147293]
2288
[0.11277068]
2289
[0.1772261]
2290
[0.19522497]
2291
[0.15806226]
2292
[0.15367525]
2293
[0.23495572]
2294
[0.12782112]
2295
[0.1751085]
2296
[0.15467018]
2297
[0.14059021]
2298
[0.16157232]
2299
[0.15823431]
2300
[0.13947611]
2301
[0.14046851]
2302
[0.19301544]
2303
[0.13136065]
2304
[0.15162027]
2305
[0.15134114]
2306
[0.16541487]
2307
[0.14825758]
2308
[0.12084152]
2309
[0.13587958]
2310
[0.1343411]
2311
[0.11612128]
2312
[0.13267339]
2313
[0.20973336]
2314
[0.14243756]
2315
[0.16896227]
2316
[0.16922889]
2317
[0.24929586]
2318
[0.15928199]
2319
[0.11225235]
2320
[0.25597123]
2321
[0.15179093]
2322
[0.16469018]
2323
[0.16705439]
2324
[0.15128244]
2325
[0.22232985]
2326
[0.12540491]
2327
[0.14387902]
2328
[0.24991628]
2329
[0.17436989]
2330
[0.15399672]
2331
[0.14647072]
2332
[0.13431923]
2333
[0.12485293]
2334
[0.16876953]
2335
[0.19187054]
2336
[0.15985116]
2337
[0.18471391]
2338
[0.15659389]
2339
[0.19042415]
2340
[0.16529456]
2341
[0.15255728]
2342
[0.20748829]
2343
[0.15394448]
2344
[0.16159458]
2345
[0.26793454]
2346
[0.17626749]
2347
[0.15313089]
2348
[0.12822728]
2349
[0.16961162]
2350
[0.30647359]
2351
[0.20536422]
2352
[0.12349765]
2353
[0.1449085]
2354
[0.16451727]
2355
[0.20269496]
2356
[0.18257835]
2357
[0.1641352]
2358
[0.16923883]
2359
[0.19474793]
2360
[0.14736777]
2361
[0.18875352]
2362
[0.13220831]
2363
[0.18855349]
2364
[0.19561077]
2365
[0.14331171]
2366
[0.17896938]
2367
[0.15917327]
2368
[0.23840134]
2369
[0.16230303]
2370
[0.16733868]
2371
[0.19071569]
2372
[0.13306086]
2373
[0.26769165]
2374
[0.14596845]
2375
[0.10561721]
2376
[0.20716001]
2377
[0.18747116]
2378
[0.16820648]
2379
[0.18868157]
2380
[0.22955856]
2381
[0.17783281]
2382
[0.16716126]
2383
[0.12016615]
2384
[0.1329947]
2385
[0.15617628]
2386
[0.16317609]
2387
[0.17569435]
2388
[0.24835836]
2389
[0.15643996]
2390
[0.13782009]
2391
[0.17847806]
2392
[0.16353913]
2393
[0.19024433]
2394
[0.19359476]
2395
[0.20761439]
2396
[0.14221527]
2397
[0.1711432]
2398
[0.24225075]
2399
[0.18551854]
2400
[0.15323196]
2401
[0.16390515]
2402
[0.16811497]
2403
[0.13577932]
2404
[0.14099704]
2405
[0.22961646]
2406
[0.17512547]
2407
[0.14202426]
2408
[0.17253271]
2409
[0.19383587]
2410
[0.1014476]
2411
[0.21647924]
2412
[0.13535774]
2413
[0.14905703]
2414
[0.20058089]
2415
[0.16155164]
2416
[0.17737919]
2417
[0.17105233]
2418
[0.16320075]
2419
[0.17442212]
2420
[0.20877877]
2421
[0.15226206]
2422
[0.19723298]
2423
[0.15670196]
2424
[0.15531652]
2425
[0.13888735]
2426
[0.17345929]
2427
[0.28153968]
2428
[0.15558182]
2429
[0.19463802]
2430
[0.15916228]
2431
[0.13619199]
2432
[0.15513589]
2433
[0.20909015]
2434
[0.22171781]
2435
[0.20504523]
2436
[0.15468454]
2437
[0.16516076]
2438
[0.11837653]
2439
[0.16153012]
2440
[0.18728253]
2441
[0.17290067]
2442
[0.20389075]
2443
[0.19935196]
2444
[0.12686221]
2445
[0.16812167]
2446
[0.15902003]
2447
[0.17103044]
2448
[0.1631691]
2449
[0.19714352]
2450
[0.16000918]
2451
[0.1543433]
2452
[0.18628548]
2453
[0.28452827]
2454
[0.1267244]
2455
[0.1785338]
2456
[0.12165041]
2457
[0.16995765]
2458
[0.22928196]
2459
[0.15548698]
2460
[0.1309075]
2461
[0.18672044]
2462
[0.1681005]
2463
[0.14616236]
2464
[0.19002259]
2465
[0.12157879]
2466
[0.13483835]
2467
[0.13891333]
2468
[0.15211803]
2469
[0.17642486]
2470
[0.18014018]
2471
[0.1816903]
2472
[0.16647521]
2473
[0.18841327]
2474
[0.203122]
2475
[0.14493589]
2476
[0.12195745]
2477
[0.16653691]
2478
[0.17103137]
2479
[0.16265081]
2480
[0.1600679]
2481
[0.17706154]
2482
[0.14094088]
2483
[0.16050918]
2484
[0.14290828]
2485
[0.14651861]
2486
[0.27946748]
2487
[0.1787887]
2488
[0.17284436]
2489
[0.16347379]
2490
[0.17376822]
2491
[0.14120166]
2492
[0.15239621]
2493
[0.18907755]
2494
[0.24048687]
2495
[0.19215461]
2496
[0.18053398]
2497
[0.13082747]
2498
[0.164873]
2499
[0.10167391]
2500
[0.11500793]
2501
[0.1706747]
2502
[0.14527118]
2503
[0.15256802]
2504
[0.2150687]
2505
[0.12805295]
2506
[0.1241456]
2507
[0.22021121]
2508
[0.11570701]
2509
[0.1393598]
2510
[0.15300903]
2511
[0.26271433]
2512
[0.13286241]
2513
[0.18627935]
2514
[0.17789626]
2515
[0.14439744]
2516
[0.14526203]
2517
[0.16308169]
2518
[0.1587487]
2519
[0.15343282]
2520
[0.13092664]
2521
[0.11627447]
2522
[0.20028835]
2523
[0.17785433]
2524
[0.1673324]
2525
[0.21381317]
2526
[0.20049418]
2527
[0.19193133]
2528
[0.15458948]
2529
[0.15687787]
2530
[0.18536199]
2531
[0.12253288]
2532
[0.15931112]
2533
[0.16651446]
2534
[0.13588177]
2535
[0.12012597]
2536
[0.09239427]
2537
[0.1747126]
2538
[0.18790216]
2539
[0.16941397]
2540
[0.17582038]
2541
[0.17454013]
2542
[0.14566499]
2543
[0.22454573]
2544
[0.20685434]
2545
[0.1491119]
2546
[0.16587878]
2547
[0.16132911]
2548
[0.18577377]
2549
[0.21771863]
2550
[0.17713721]
2551
[0.16098802]
2552
[0.14880282]
2553
[0.093024]
2554
[0.19738315]
2555
[0.19133618]
2556
[0.19106544]
2557
[0.15776194]
2558
[0.17977558]
2559
[0.25160506]
2560
[0.15647539]
2561
[0.21310139]
2562
[0.1530394]
2563
[0.18826202]
2564
[0.1919586]
2565
[0.20001479]
2566
[0.15401664]
2567
[0.11523781]
2568
[0.16686733]
2569
[0.15800398]
2570
[0.11733423]
2571
[0.18614624]
2572
[0.12124461]
2573
[0.20165806]
2574
[0.14582326]
2575
[0.24190461]
2576
[0.1888902]
2577
[0.26227756]
2578
[0.1803396]
2579
[0.18147194]
2580
[0.14309896]
2581
[0.16690102]
2582
[0.15084426]
2583
[0.17140976]
2584
[0.13207322]
2585
[0.22248815]
2586
[0.15949185]
2587
[0.16203553]
2588
[0.16187218]
2589
[0.13504628]
2590
[0.16956866]
2591
[0.15034892]
2592
[0.10558294]
2593
[0.11790549]
2594
[0.15349384]
2595
[0.15411636]
2596
[0.1258356]
2597
[0.23697424]
2598
[0.13888282]
2599
[0.13272098]
2600
[0.18436715]
2601
[0.15890157]
2602
[0.10279966]
2603
[0.15937119]
2604
[0.17169643]
2605
[0.17292433]
2606
[0.19723865]
2607
[0.23196552]
2608
[0.15187866]
2609
[0.12684026]
2610
[0.17725425]
2611
[0.1454026]
2612
[0.17054207]
2613
[0.09594981]
2614
[0.16874394]
2615
[0.20197089]
2616
[0.16412777]
2617
[0.18046615]
2618
[0.17809493]
2619
[0.20056925]
2620
[0.15607015]
2621
[0.15789385]
2622
[0.22488697]
2623
[0.12777446]
2624
[0.17822067]
2625
[0.13307878]
2626
[0.13648647]
2627
[0.169044]
2628
[0.11714314]
2629
[0.12904496]
2630
[0.17391624]
2631
[0.19535358]
2632
[0.1510064]
2633
[0.20480961]
2634
[0.16144702]
2635
[0.1775129]
2636
[0.14678312]
2637
[0.20808044]
2638
[0.18448976]
2639
[0.14778661]
2640
[0.14190543]
2641
[0.14681843]
2642
[0.14124792]
2643
[0.16837158]
2644
[0.14111894]
2645
[0.15458151]
2646
[0.19943258]
2647
[0.14396812]
2648
[0.16610617]
2649
[0.1532776]
2650
[0.16899988]
2651
[0.12968832]
2652
[0.21543299]
2653
[0.17102008]
2654
[0.15995659]
2655
[0.24760104]
2656
[0.16592304]
2657
[0.17143867]
2658
[0.19206379]
2659
[0.20437621]
2660
[0.23022817]
2661
[0.14427784]
2662
[0.14471197]
2663
[0.13856261]
2664
[0.24807648]
2665
[0.15811766]
2666
[0.19959857]
2667
[0.15085511]
2668
[0.12329978]
2669
[0.16960447]
2670
[0.23090697]
2671
[0.14839434]
2672
[0.14736112]
2673
[0.16920904]
2674
[0.14257162]
2675
[0.21390443]
2676
[0.16369344]
2677
[0.14783372]
2678
[0.10033453]
2679
[0.12549488]
2680
[0.179861]
2681
[0.17480749]
2682
[0.14995471]
2683
[0.16584406]
2684
[0.16524525]
2685
[0.20750809]
2686
[0.13395408]
2687
[0.14154263]
2688
[0.14171262]
2689
[0.16753589]
2690
[0.18853543]
2691
[0.20657184]
2692
[0.16953111]
2693
[0.1410151]
2694
[0.15473326]
2695
[0.12196033]
2696
[0.13349277]
2697
[0.26790002]
2698
[0.13498533]
2699
[0.17389919]
2700
[0.15899742]
2701
[0.1791117]
2702
[0.16239763]
2703
[0.19401691]
2704
[0.1611753]
2705
[0.16995219]
2706
[0.13478183]
2707
[0.1550607]
2708
[0.20206692]
2709
[0.1694069]
2710
[0.12752305]
2711
[0.16592598]
2712
[0.1495889]
2713
[0.1607609]
2714
[0.12351669]
2715
[0.08846394]
2716
[0.16289319]
2717
[0.20009228]
2718
[0.19356569]
2719
[0.17412239]
2720
[0.15573997]
2721
[0.23571082]
2722
[0.11253756]
2723
[0.17414716]
2724
[0.22653866]
2725
[0.16324339]
2726
[0.18372516]
2727
[0.13893654]
2728
[0.10033814]
2729
[0.14263273]
2730
[0.17815211]
2731
[0.20064708]
2732
[0.19123202]
2733
[0.15349267]
2734
[0.13833177]
2735
[0.17215494]
2736
[0.18967549]
2737
[0.18509509]
2738
[0.16413022]
2739
[0.17014767]
2740
[0.17939161]
2741
[0.13625802]
2742
[0.20860638]
2743
[0.18852906]
2744
[0.21327985]
2745
[0.13471348]
2746
[0.30272483]
2747
[0.1736942]
2748
[0.14886869]
2749
[0.14162701]
2750
[0.1834047]
2751
[0.15066164]
2752
[0.18078815]
2753
[0.14989199]
2754
[0.15350466]
2755
[0.13260213]
2756
[0.18887916]
2757
[0.16473546]
2758
[0.18437393]
2759
[0.14865192]
2760
[0.21219339]
2761
[0.16545456]
2762
[0.29336021]
2763
[0.16164838]
2764
[0.22661355]
2765
[0.15480989]
2766
[0.14293861]
2767
[0.27510725]
2768
[0.21234172]
2769
[0.15174185]
2770
[0.21143088]
2771
[0.16783047]
2772
[0.14966288]
2773
[0.1763193]
2774
[0.14914692]
2775
[0.18599186]
2776
[0.14194693]
2777
[0.1487223]
2778
[0.13176673]
2779
[0.1440726]
2780
[0.1669144]
2781
[0.15408351]
2782
[0.13316459]
2783
[0.18134379]
2784
[0.23537606]
2785
[0.33353048]
2786
[0.21780585]
2787
[0.2105232]
2788
[0.17850177]
2789
[0.11103421]
2790
[0.13377288]
2791
[0.12287132]
2792
[0.15353833]
2793
[0.10954656]
2794
[0.13211181]
2795
[0.15043874]
2796
[0.19118616]
2797
[0.18914732]
2798
[0.14777595]
2799
[0.15095656]
2800
[0.136306]
2801
[0.23837742]
2802
[0.15521566]
2803
[0.21019618]
2804
[0.16503943]
2805
[0.16141178]
2806
[0.18028001]
2807
[0.15251554]
2808
[0.18349992]
2809
[0.215353]
2810
[0.14531178]
2811
[0.17527811]
2812
[0.12071936]
2813
[0.13876695]
2814
[0.17511976]
2815
[0.1728592]
2816
[0.21306444]
2817
[0.1653792]
2818
[0.18207958]
2819
[0.15838063]
2820
[0.16453314]
2821
[0.16987379]
2822
[0.16016955]
2823
[0.15726601]
2824
[0.14200359]
2825
[0.14649215]
2826
[0.16412665]
2827
[0.16670239]
2828
[0.16791574]
2829
[0.17586974]
2830
[0.16027376]
2831
[0.21215309]
2832
[0.18619437]
2833
[0.1797951]
2834
[0.15082288]
2835
[0.08082603]
2836
[0.14937922]
2837
[0.16078909]
2838
[0.13611041]
2839
[0.17127886]
2840
[0.13185567]
2841
[0.14245087]
2842
[0.19062979]
2843
[0.16586601]
2844
[0.10817292]
2845
[0.13858963]
2846
[0.17881754]
2847
[0.1507829]
2848
[0.21184107]
2849
[0.17334819]
2850
[0.18360772]
2851
[0.16354907]
2852
[0.19015372]
2853
[0.1495103]
2854
[0.07323727]
2855
[0.1444569]
2856
[0.15521251]
2857
[0.13124457]
2858
[0.17423971]
2859
[0.27686971]
2860
[0.11890274]
2861
[0.15592995]
2862
[0.1499625]
2863
[0.14680467]
2864
[0.19284738]
2865
[0.13571912]
2866
[0.15318394]
2867
[0.1732662]
2868
[0.15936428]
2869
[0.17253393]
2870
[0.15542434]
2871
[0.15132375]
2872
[0.13606699]
2873
[0.16712151]
2874
[0.15196387]
2875
[0.14369354]
2876
[0.18823266]
2877
[0.23400619]
2878
[0.16305408]
2879
[0.17228504]
2880
[0.14549438]
2881
[0.17787709]
2882
[0.19498191]
2883
[0.20388583]
2884
[0.19839821]
2885
[0.14824368]
2886
[0.18794296]
2887
[0.15525803]
2888
[0.13513532]
2889
[0.16619414]
2890
[0.18017067]
2891
[0.14172768]
2892
[0.20681152]
2893
[0.18173021]
2894
[0.29787385]
2895
[0.14271457]
2896
[0.13200223]
2897
[0.21092063]
2898
[0.1633761]
2899
[0.17492325]
2900
[0.18752597]
2901
[0.1428071]
2902
[0.17850539]
2903
[0.14755605]
2904
[0.13597763]
2905
[0.16397264]
2906
[0.13966406]
2907
[0.18028364]
2908
[0.17471337]
2909
[0.14581051]
2910
[0.15005952]
2911
[0.14330035]
2912
[0.18909842]
2913
[0.17880544]
2914
[0.18122801]
2915
[0.15309933]
2916
[0.18827706]
2917
[0.186966]
2918
[0.13494383]
2919
[0.21167932]
2920
[0.15636595]
2921
[0.14042891]
2922
[0.16697093]
2923
[0.17473592]
2924
[0.16456834]
2925
[0.11186862]
2926
[0.14161724]
2927
[0.09203253]
2928
[0.20600073]
2929
[0.11749024]
2930
[0.19694147]
2931
[0.10002938]
2932
[0.17319997]
2933
[0.14644868]
2934
[0.10759753]
2935
[0.15241152]
2936
[0.11012058]
2937
[0.16391996]
2938
[0.1434251]
2939
[0.12616558]
2940
[0.19771188]
2941
[0.15641194]
2942
[0.09047522]
2943
[0.19111194]
2944
[0.14682986]
2945
[0.15474942]
2946
[0.17543457]
2947
[0.27142747]
2948
[0.14884546]
2949
[0.14910169]
2950
[0.13968564]
2951
[0.163]
2952
[0.26853789]
2953
[0.10930296]
2954
[0.17400436]
2955
[0.14106539]
2956
[0.16092654]
2957
[0.19172994]
2958
[0.14462774]
2959
[0.11500356]
2960
[0.159999]
2961
[0.17975064]
2962
[0.18023222]
2963
[0.14922693]
2964
[0.16503932]
2965
[0.16756973]
2966
[0.26643107]
2967
[0.22909745]
2968
[0.17181745]
2969
[0.16182618]
2970
[0.18144718]
2971
[0.24866446]
2972
[0.15098024]
2973
[0.21287314]
2974
[0.15385218]
2975
[0.16225246]
2976
[0.22368856]
2977
[0.18270621]
2978
[0.14244181]
2979
[0.19093287]
2980
[0.16618471]
2981
[0.16244943]
2982
[0.16494578]
2983
[0.14438941]
2984
[0.16392916]
2985
[0.17736502]
2986
[0.12798839]
2987
[0.15089211]
2988
[0.13371996]
2989
[0.20448833]
2990
[0.15638406]
2991
[0.15921798]
2992
[0.18894589]
2993
[0.15177723]
2994
[0.17566714]
2995
[0.15122184]
2996
[0.15777389]
2997
[0.09215459]
2998
[0.19436742]
2999
[0.1643241]
3000
[0.16230784]
3001
[0.17818286]
3002
[0.14288659]
3003
[0.17257353]
3004
[0.17489427]
3005
[0.1299872]
3006
[0.15709066]
3007
[0.19508497]
3008
[0.17489897]
3009
[0.17456283]
3010
[0.14440886]
3011
[0.1391598]
3012
[0.18069852]
3013
[0.14177651]
3014
[0.16571244]
3015
[0.16216947]
3016
[0.14853481]
3017
[0.1659345]
3018
[0.14699269]
3019
[0.13682796]
3020
[0.17494992]
3021
[0.16626561]
3022
[0.13569386]
3023
[0.18264539]
3024
[0.14304392]
3025
[0.17105087]
3026
[0.12996205]
3027
[0.20067952]
3028
[0.14206551]
3029
[0.12082717]
3030
[0.17142481]
3031
[0.16055995]
3032
[0.23237035]
3033
[0.15148419]
3034
[0.14323138]
3035
[0.13068845]
3036
[0.10099615]
3037
[0.1890281]
3038
[0.2038595]
3039
[0.15193407]
3040
[0.15850832]
3041
[0.15885823]
3042
[0.13445363]
3043
[0.16107544]
3044
[0.15823906]
3045
[0.15200419]
3046
[0.11064063]
3047
[0.18217494]
3048
[0.18919624]
3049
[0.14229279]
3050
[0.15355116]
3051
[0.11592341]
3052
[0.15408915]
3053
[0.15922837]
3054
[0.15588948]
3055
[0.1580292]
3056
[0.1573043]
3057
[0.11462674]
3058
[0.15324225]
3059
[0.13270972]
3060
[0.17706211]
3061
[0.20192582]
3062
[0.1784564]
3063
[0.17074114]
3064
[0.18774176]
3065
[0.24121497]
3066
[0.18187627]
3067
[0.16932218]
3068
[0.1490127]
3069
[0.15047894]
3070
[0.17358535]
3071
[0.17086795]
3072
[0.14456705]
3073
[0.10505689]
3074
[0.11377441]
3075
[0.1623658]
3076
[0.14529629]
3077
[0.19947361]
3078
[0.13661619]
3079
[0.1375707]
3080
[0.1758961]
3081
[0.18620624]
3082
[0.1384057]
3083
[0.19623595]
3084
[0.17664549]
3085
[0.20591329]
3086
[0.14415385]
3087
[0.19572357]
3088
[0.30006449]
3089
[0.15492104]
3090
[0.17369628]
3091
[0.1760587]
3092
[0.22479767]
3093
[0.1541328]
3094
[0.12792995]
3095
[0.20634084]
3096
[0.20857756]
3097
[0.16230833]
3098
[0.15662313]
3099
[0.1740743]
3100
[0.1836519]
3101
[0.1583854]
3102
[0.14731388]
3103
[0.22258297]
3104
[0.1488211]
3105
[0.19541067]
3106
[0.19353766]
3107
[0.14635995]
3108
[0.16997404]
3109
[0.15268945]
3110
[0.21702021]
3111
[0.20674903]
3112
[0.17339154]
3113
[0.12856005]
3114
[0.16216895]
3115
[0.1625859]
3116
[0.16621624]
3117
[0.21333959]
3118
[0.19041661]
3119
[0.21983414]
3120
[0.17459659]
3121
[0.18099691]
3122
[0.14481956]
3123
[0.18107028]
3124
[0.15964752]
3125
[0.17769828]
3126
[0.14620558]
3127
[0.15255621]
3128
[0.15995865]
3129
[0.17767989]
3130
[0.17741662]
3131
[0.18661587]
3132
[0.16930423]
3133
[0.21444463]
3134
[0.16788062]
3135
[0.16294897]
3136
[0.15255728]
3137
[0.15017755]
3138
[0.1384038]
3139
[0.18577239]
3140
[0.23297459]
3141
[0.13738375]
3142
[0.15084868]
3143
[0.19028696]
3144
[0.16096483]
3145
[0.15188626]
3146
[0.22575123]
3147
[0.08265109]
3148
[0.19012928]
3149
[0.24028176]
3150
[0.22465681]
3151
[0.18258908]
3152
[0.2762029]
3153
[0.15014285]
3154
[0.24722706]
3155
[0.11700867]
3156
[0.12130962]
3157
[0.24633561]
3158
[0.18560411]
3159
[0.20153778]
3160
[0.17270684]
3161
[0.21833505]
3162
[0.21440854]
3163
[0.12628138]
3164
[0.15545742]
3165
[0.14365046]
3166
[0.21247942]
3167
[0.14672253]
3168
[0.14565859]
3169
[0.17213406]
3170
[0.15821111]
3171
[0.15148248]
3172
[0.15089211]
3173
[0.25324257]
3174
[0.17948962]
3175
[0.1450787]
3176
[0.15585985]
3177
[0.13340776]
3178
[0.15176094]
3179
[0.17424463]
3180
[0.12171584]
3181
[0.14643051]
3182
[0.1353841]
3183
[0.15169953]
3184
[0.24754811]
3185
[0.24182841]
3186
[0.16103751]
3187
[0.14998296]
3188
[0.17461138]
3189
[0.17594231]
3190
[0.158385]
3191
[0.14583389]
3192
[0.11980548]
3193
[0.24595454]
3194
[0.16342901]
3195
[0.20333295]
3196
[0.18847739]
3197
[0.11022359]
3198
[0.19984908]
3199
[0.21100889]
3200
[0.17850806]
3201
[0.11404277]
3202
[0.13978179]
3203
[0.19491005]
3204
[0.15277684]
3205
[0.15958821]
3206
[0.19103715]
3207
[0.16614557]
3208
[0.1619961]
3209
[0.23704271]
3210
[0.14727195]
3211
[0.16212353]
3212
[0.15492065]
3213
[0.19192673]
3214
[0.22700832]
3215
[0.21474171]
3216
[0.14376667]
3217
[0.21647711]
3218
[0.18416273]
3219
[0.13498211]
3220
[0.19250442]
3221
[0.17861293]
3222
[0.17299694]
3223
[0.18126651]
3224
[0.21289642]
3225
[0.18161408]
3226
[0.13816762]
3227
[0.17331674]
3228
[0.15325516]
3229
[0.21361334]
3230
[0.21548995]
3231
[0.17087051]
3232
[0.15021531]
3233
[0.15337557]
3234
[0.12710963]
3235
[0.22049276]
3236
[0.13808211]
3237
[0.20180731]
3238
[0.10699826]
3239
[0.14924821]
3240
[0.15695151]
3241
[0.1581813]
3242
[0.17927998]
3243
[0.12509132]
3244
[0.29199563]
3245
[0.11096796]
3246
[0.15568599]
3247
[0.15138516]
3248
[0.10110734]
3249
[0.15641713]
3250
[0.22995716]
3251
[0.19794723]
3252
[0.20043123]
3253
[0.14301183]
3254
[0.16517302]
3255
[0.15588763]
3256
[0.16705253]
3257
[0.1663074]
3258
[0.1474878]
3259
[0.11937419]
3260
[0.18376343]
3261
[0.1316635]
3262
[0.13820502]
3263
[0.19805134]
3264
[0.18425741]
3265
[0.16575032]
3266
[0.16141608]
3267
[0.14141104]
3268
[0.25306102]
3269
[0.14268858]
3270
[0.12932326]
3271
[0.13336355]
3272
[0.20341517]
3273
[0.13824544]
3274
[0.13560129]
3275
[0.14394476]
3276
[0.17598483]
3277
[0.14545294]
3278
[0.20926312]
3279
[0.11820664]
3280
[0.11210156]
3281
[0.12894805]
3282
[0.13326908]
3283
[0.18431755]
3284
[0.12433102]
3285
[0.17967978]
3286
[0.16036228]
3287
[0.17860534]
3288
[0.16432942]
3289
[0.17574883]
3290
[0.15295678]
3291
[0.18336297]
3292
[0.19763481]
3293
[0.15009993]
3294
[0.15054672]
3295
[0.18736851]
3296
[0.21345859]
3297
[0.12399384]
3298
[0.14214527]
3299
[0.18960092]
3300
[0.17372535]
3301
[0.12034777]
3302
[0.14006846]
3303
[0.17126242]
3304
[0.12373109]
3305
[0.1739251]
3306
[0.17198172]
3307
[0.14483771]
3308
[0.17662688]
3309
[0.16937941]
3310
[0.10052943]
3311
[0.16559131]
3312
[0.21918459]
3313
[0.10525528]
3314
[0.25224694]
3315
[0.14354874]
3316
[0.17337957]
3317
[0.2075755]
3318
[0.13105348]
3319
[0.15505504]
3320
[0.14819251]
3321
[0.16921367]
3322
[0.15572666]
3323
[0.18896313]
3324
[0.15759102]
3325
[0.12818843]
3326
[0.17001648]
3327
[0.13445868]
3328
[0.14961138]
3329
[0.19706032]
3330
[0.13934781]
3331
[0.18374856]
3332
[0.12674705]
3333
[0.16102697]
3334
[0.22704027]
3335
[0.15750856]
3336
[0.17895392]
3337
[0.21289854]
3338
[0.1121345]
3339
[0.17238817]
3340
[0.16997503]
3341
[0.09651706]
3342
[0.2189071]
3343
[0.15523068]
3344
[0.18542599]
3345
[0.18394168]
3346
[0.0812176]
3347
[0.14627153]
3348
[0.16055866]
3349
[0.13751844]
3350
[0.16752222]
3351
[0.13470721]
3352
[0.18028746]
3353
[0.15133929]
3354
[0.14217568]
3355
[0.14431739]
3356
[0.17509663]
3357
[0.19984054]
3358
[0.10225141]
3359
[0.15853406]
3360
[0.15752199]
3361
[0.1486845]
3362
[0.13733447]
3363
[0.15477762]
3364
[0.16268588]
3365
[0.16052288]
3366
[0.29078117]
3367
[0.1584831]
3368
[0.15150569]
3369
[0.1503164]
3370
[0.15767886]
3371
[0.15251152]
3372
[0.15868258]
3373
[0.14906427]
3374
[0.16504275]
3375
[0.14365879]
3376
[0.21767359]
3377
[0.15727295]
3378
[0.12390407]
3379
[0.15380813]
3380
[0.16682926]
3381
[0.16311785]
3382
[0.16027416]
3383
[0.23859763]
3384
[0.16216093]
3385
[0.14888258]
3386
[0.12410372]
3387
[0.15799102]
3388
[0.13870988]
3389
[0.19105291]
3390
[0.13760044]
3391
[0.11806123]
3392
[0.14367795]
3393
[0.19687222]
3394
[0.19789754]
3395
[0.18488324]
3396
[0.16591715]
3397
[0.12895276]
3398
[0.1712193]
3399
[0.15867471]
3400
[0.18214081]
3401
[0.25067057]
3402
[0.16915472]
3403
[0.21547598]
3404
[0.20497051]
3405
[0.12745164]
3406
[0.20445091]
3407
[0.17021733]
3408
[0.19540518]
3409
[0.21226428]
3410
[0.16383495]
3411
[0.159991]
3412
[0.08792564]
3413
[0.1385079]
3414
[0.19107516]
3415
[0.18074209]
3416
[0.15662251]
3417
[0.14908194]
3418
[0.16023291]
3419
[0.09860497]
3420
[0.15927953]
3421
[0.17138487]
3422
[0.13516351]
3423
[0.13234095]
3424
[0.13655124]
3425
[0.14520992]
3426
[0.13431895]
3427
[0.14725447]
3428
[0.16582609]
3429
[0.15221614]
3430
[0.14783941]
3431
[0.16715004]
3432
[0.1812235]
3433
[0.16302985]
3434
[0.17390635]
3435
[0.15586194]
3436
[0.19985851]
3437
[0.13199686]
3438
[0.16140756]
3439
[0.17457869]
3440
[0.10261675]
3441
[0.1945329]
3442
[0.22450612]
3443
[0.15011017]
3444
[0.17039517]
3445
[0.15671911]
3446
[0.27827806]
3447
[0.16609404]
3448
[0.13771835]
3449
[0.17342731]
3450
[0.16556544]
3451
[0.18098976]
3452
[0.16457325]
3453
[0.14953908]
3454
[0.16339462]
3455
[0.23508674]
3456
[0.11649361]
3457
[0.20917595]
3458
[0.18560184]
3459
[0.21480817]
3460
[0.19736245]
3461
[0.22426234]
3462
[0.16602434]
3463
[0.2621698]
3464
[0.11728575]
3465
[0.18019557]
3466
[0.14966778]
3467
[0.18307663]
3468
[0.17647713]
3469
[0.17361782]
3470
[0.17670231]
3471
[0.16299297]
3472
[0.23812889]
3473
[0.215918]
3474
[0.15355183]
3475
[0.15553801]
3476
[0.18010313]
3477
[0.10649203]
3478
[0.15422293]
3479
[0.21738015]
3480
[0.13143056]
3481
[0.1625283]
3482
[0.21741202]
3483
[0.15640799]
3484
[0.15789035]
3485
[0.14324804]
3486
[0.17935723]
3487
[0.15254725]
3488
[0.07908622]
3489
[0.11983462]
3490
[0.12293446]
3491
[0.15166498]
3492
[0.1766377]
3493
[0.14758448]
3494
[0.15238678]
3495
[0.1014736]
3496
[0.16061803]
3497
[0.12798862]
3498
[0.21567353]
3499
[0.18502821]
3500
[0.17825697]
3501
[0.17397305]
3502
[0.12838616]
3503
[0.14760057]
3504
[0.16993169]
3505
[0.18177779]
3506
[0.15801213]
3507
[0.17942184]
3508
[0.20546845]
3509
[0.23529403]
3510
[0.20953367]
3511
[0.16816663]
3512
[0.16148687]
3513
[0.18241753]
3514
[0.1725181]
3515
[0.19762918]
3516
[0.19089612]
3517
[0.1544626]
3518
[0.21213246]
3519
[0.17354883]
3520
[0.1456386]
3521
[0.24898203]
3522
[0.13744717]
3523
[0.16715547]
3524
[0.16170146]
3525
[0.19109955]
3526
[0.1522959]
3527
[0.2280098]
3528
[0.16539202]
3529
[0.24503249]
3530
[0.16122707]
3531
[0.14441239]
3532
[0.1372232]
3533
[0.15255614]
3534
[0.18180343]
3535
[0.15163561]
3536
[0.1943961]
3537
[0.1771832]
3538
[0.13111578]
3539
[0.14564363]
3540
[0.1842686]
3541
[0.15677444]
3542
[0.09304907]
3543
[0.27562183]
3544
[0.17181988]
3545
[0.19226642]
3546
[0.12757964]
3547
[0.11832047]
3548
[0.1686227]
3549
[0.14062903]
3550
[0.18898017]
3551
[0.17127963]
3552
[0.19070127]
3553
[0.13176588]
3554
[0.14966135]
3555
[0.17671864]
3556
[0.17551741]
3557
[0.17957225]
3558
[0.12679067]
3559
[0.14675919]
3560
[0.16728116]
3561
[0.19219082]
3562
[0.28367885]
3563
[0.20691255]
3564
[0.18473904]
3565
[0.15117865]
3566
[0.20304567]
3567
[0.12671347]
3568
[0.15312931]
3569
[0.10106666]
3570
[0.16673734]
3571
[0.15525574]
3572
[0.19727845]
3573
[0.26705006]
3574
[0.17295929]
3575
[0.14395278]
3576
[0.22623444]
3577
[0.14614859]
3578
[0.13145531]
3579
[0.12591111]
3580
[0.14530536]
3581
[0.15744148]
3582
[0.1664169]
3583
[0.19499399]
3584
[0.22118351]
3585
[0.15060702]
3586
[0.17647514]
3587
[0.15268306]
3588
[0.15766185]
3589
[0.1547083]
3590
[0.15818502]
3591
[0.15300388]
3592
[0.16948955]
3593
[0.24205243]
3594
[0.14540293]
3595
[0.13514935]
3596
[0.14344947]
3597
[0.19639226]
3598
[0.22170027]
3599
[0.10720037]
3600
[0.14735444]
3601
[0.20024914]
3602
[0.15897356]
3603
[0.15226901]
3604
[0.19263886]
3605
[0.14275249]
3606
[0.139993]
3607
[0.09223653]
3608
[0.14216945]
3609
[0.1918138]
3610
[0.16666226]
3611
[0.18004774]
3612
[0.20759691]
3613
[0.17585618]
3614
[0.23763715]
3615
[0.21784921]
3616
[0.24086631]
3617
[0.14201687]
3618
[0.1632446]
3619
[0.14800508]
3620
[0.12982915]
3621
[0.15006204]
3622
[0.13520351]
3623
[0.16119733]
3624
[0.16332276]
3625
[0.16924214]
3626
[0.17730313]
3627
[0.19187813]
3628
[0.12656722]
3629
[0.19947729]
3630
[0.13465931]
3631
[0.15710962]
3632
[0.19912434]
3633
[0.12491114]
3634
[0.13532239]
3635
[0.16551937]
3636
[0.15523871]
3637
[0.13234911]
3638
[0.16017134]
3639
[0.18509922]
3640
[0.22014317]
3641
[0.15937326]
3642
[0.13458144]
3643
[0.14442]
3644
[0.14141394]
3645
[0.14131644]
3646
[0.24987041]
3647
[0.17380062]
3648
[0.10568283]
3649
[0.30578472]
3650
[0.15905013]
3651
[0.13190669]
3652
[0.15312646]
3653
[0.17492867]
3654
[0.11132999]
3655
[0.23179019]
3656
[0.17436382]
3657
[0.15971242]
3658
[0.12297008]
3659
[0.19620502]
3660
[0.1537177]
3661
[0.11958705]
3662
[0.12168046]
3663
[0.17049486]
3664
[0.12733246]
3665
[0.18935884]
3666
[0.25020066]
3667
[0.18589929]
3668
[0.17908204]
3669
[0.16278991]
3670
[0.16928022]
3671
[0.13662555]
3672
[0.20907375]
3673
[0.14454441]
3674
[0.15537653]
3675
[0.15743907]
3676
[0.13283091]
3677
[0.1037204]
3678
[0.16324235]
3679
[0.12352415]
3680
[0.13990307]
3681
[0.13491342]
3682
[0.17562267]
3683
[0.18039511]
3684
[0.1376811]
3685
[0.14946609]
3686
[0.14142922]
3687
[0.12041797]
3688
[0.16709402]
3689
[0.17907662]
3690
[0.16724748]
3691
[0.15463893]
3692
[0.14840256]
3693
[0.15492853]
3694
[0.16153585]
3695
[0.20583267]
3696
[0.14457048]
3697
[0.14168583]
3698
[0.13839664]
3699
[0.18906852]
3700
[0.19952469]
3701
[0.16617979]
3702
[0.1501204]
3703
[0.16015434]
3704
[0.14887117]
3705
[0.16618711]
3706
[0.18986974]
3707
[0.2065228]
3708
[0.21883524]
3709
[0.14522243]
3710
[0.14528578]
3711
[0.13173932]
3712
[0.14356419]
3713
[0.17018729]
3714
[0.13387228]
3715
[0.16440358]
3716
[0.15578082]
3717
[0.18603435]
3718
[0.13940091]
3719
[0.14194975]
3720
[0.15738084]
3721
[0.13631242]
3722
[0.10742309]
3723
[0.13215245]
3724
[0.18434502]
3725
[0.15661022]
3726
[0.17213601]
3727
[0.10030016]
3728
[0.16126617]
3729
[0.15982011]
3730
[0.16016989]
3731
[0.16863637]
3732
[0.12830214]
3733
[0.17284658]
3734
[0.2894741]
3735
[0.1545743]
3736
[0.16189608]
3737
[0.22795922]
3738
[0.13511427]
3739
[0.0977534]
3740
[0.17896714]
3741
[0.16891513]
3742
[0.16405614]
3743
[0.16017751]
3744
[0.11309562]
3745
[0.1581404]
3746
[0.15611134]
3747
[0.16934603]
3748
[0.188316]
3749
[0.15806964]
3750
[0.22760515]
3751
[0.15659546]
3752
[0.1985972]
3753
[0.13083875]
3754
[0.17743535]
3755
[0.12482572]
3756
[0.17372364]
3757
[0.21611078]
3758
[0.14810802]
3759
[0.10495207]
3760
[0.15311403]
3761
[0.18887945]
3762
[0.15764726]
3763
[0.22679993]
3764
[0.14506399]
3765
[0.17870918]
3766
[0.19379026]
3767
[0.22695519]
3768
[0.11509082]
3769
[0.14485279]
3770
[0.16254767]
3771
[0.24698855]
3772
[0.17067785]
3773
[0.14449524]
3774
[0.2282973]
3775
[0.18491979]
3776
[0.13140175]
3777
[0.23081041]
3778
[0.16363018]
3779
[0.17673334]
3780
[0.14431379]
3781
[0.18139323]
3782
[0.13623846]
3783
[0.16803908]
3784
[0.15245791]
3785
[0.19392417]
3786
[0.17284442]
3787
[0.1437742]
3788
[0.23204731]
3789
[0.14377302]
3790
[0.14534171]
3791
[0.11572428]
3792
[0.18506816]
3793
[0.1391853]
3794
[0.24048991]
3795
[0.11596409]
3796
[0.18955791]
3797
[0.3229443]
3798
[0.17221]
3799
[0.18742857]
3800
[0.14532894]
3801
[0.15243619]
3802
[0.20147609]
3803
[0.12937353]
3804
[0.16846501]
3805
[0.20001479]
3806
[0.16333604]
3807
[0.12109838]
3808
[0.17798386]
3809
[0.14919333]
3810
[0.15065737]
3811
[0.13087304]
3812
[0.15672022]
3813
[0.15835475]
3814
[0.17022633]
3815
[0.15911719]
3816
[0.17972982]
3817
[0.1655756]
3818
[0.14500086]
3819
[0.14465732]
3820
[0.15288155]
3821
[0.18281467]
3822
[0.153104]
3823
[0.19196977]
3824
[0.16792819]
3825
[0.15412482]
3826
[0.10252362]
3827
[0.15390857]
3828
[0.09969723]
3829
[0.16283339]
3830
[0.12271382]
3831
[0.17954406]
3832
[0.18480492]
3833
[0.15685482]
3834
[0.26407151]
3835
[0.2730835]
3836
[0.21762266]
3837
[0.10134111]
3838
[0.14827298]
3839
[0.18589793]
3840
[0.15195338]
3841
[0.19284472]
3842
[0.17001218]
3843
[0.16325608]
3844
[0.15141522]
3845
[0.17175778]
3846
[0.19467812]
3847
[0.14745334]
3848
[0.15169104]
3849
[0.22713731]
3850
[0.20882238]
3851
[0.21506052]
3852
[0.16056083]
3853
[0.16054232]
3854
[0.18498574]
3855
[0.15882972]
3856
[0.186382]
3857
[0.15577232]
3858
[0.16949272]
3859
[0.12444532]
3860
[0.23968914]
3861
[0.15405785]
3862
[0.162679]
3863
[0.18804676]
3864
[0.14389129]
3865
[0.14760418]
3866
[0.13526797]
3867
[0.17002497]
3868
[0.15753042]
3869
[0.21043979]
3870
[0.18919115]
3871
[0.09851025]
3872
[0.16601404]
3873
[0.17114828]
3874
[0.11621676]
3875
[0.17030903]
3876
[0.15869318]
3877
[0.25699852]
3878
[0.24993004]
3879
[0.18936092]
3880
[0.19734335]
3881
[0.18457494]
3882
[0.19370598]
3883
[0.1384144]
3884
[0.22264162]
3885
[0.15641073]
3886
[0.25912854]
3887
[0.19335409]
3888
[0.15686145]
3889
[0.12722786]
3890
[0.09479304]
3891
[0.14877766]
3892
[0.2606877]
3893
[0.1087828]
3894
[0.20049691]
3895
[0.17165809]
3896
[0.14401174]
3897
[0.14399672]
3898
[0.17010382]
3899
[0.12108141]
3900
[0.20194]
3901
[0.102602]
3902
[0.21972048]
3903
[0.16332452]
3904
[0.21498323]
3905
[0.14131204]
3906
[0.13444694]
3907
[0.11938739]
3908
[0.16753579]
3909
[0.15479368]
3910
[0.22532103]
3911
[0.13912019]
3912
[0.26566492]
3913
[0.15955596]
3914
[0.21154982]
3915
[0.15499765]
3916
[0.15885893]
3917
[0.14506399]
3918
[0.14031074]
3919
[0.18693451]
3920
[0.14202361]
3921
[0.16937528]
3922
[0.18314326]
3923
[0.15157401]
3924
[0.15492713]
3925
[0.19607962]
3926
[0.15065415]
3927
[0.16802644]
3928
[0.1163834]
3929
[0.19755358]
3930
[0.12146323]
3931
[0.12948854]
3932
[0.15139513]
3933
[0.13538597]
3934
[0.15185943]
3935
[0.2287308]
3936
[0.16315947]
3937
[0.21097245]
3938
[0.18693712]
3939
[0.19324712]
3940
[0.1467175]
3941
[0.22894547]
3942
[0.14926138]
3943
[0.12886844]
3944
[0.16309802]
3945
[0.17158728]
3946
[0.21697101]
3947
[0.13989811]
3948
[0.25846906]
3949
[0.14268461]
3950
[0.16150447]
3951
[0.21135634]
3952
[0.23085137]
3953
[0.14085252]
3954
[0.11831202]
3955
[0.14120599]
3956
[0.12754947]
3957
[0.20323355]
3958
[0.14960157]
3959
[0.15511061]
3960
[0.13437021]
3961
[0.11303153]
3962
[0.06771048]
3963
[0.18327411]
3964
[0.14506492]
3965
[0.16254834]
3966
[0.11810731]
3967
[0.16570395]
3968
[0.12937642]
3969
[0.17875251]
3970
[0.15306258]
3971
[0.21521964]
3972
[0.18842645]
3973
[0.20258483]
3974
[0.17218914]
3975
[0.08149279]
3976
[0.29030843]
3977
[0.1201976]
3978
[0.16674987]
3979
[0.14425121]
3980
[0.10502696]
3981
[0.09371214]
3982
[0.17654781]
3983
[0.15755874]
3984
[0.16074428]
3985
[0.19215124]
3986
[0.1386086]
3987
[0.13776536]
3988
[0.22039346]
3989
[0.13142415]
3990
[0.15930064]
3991
[0.1875904]
3992
[0.15222911]
3993
[0.27208263]
3994
[0.1935999]
3995
[0.15511063]
3996
[0.18018483]
3997
[0.14889006]
3998
[0.18877135]
3999
[0.23151585]
4000
[0.10913469]
4001
[0.13763404]
4002
[0.18163393]
4003
[0.20944609]
4004
[0.15548503]
4005
[0.15977853]
4006
[0.13292554]
4007
[0.17129336]
4008
[0.15970616]
4009
[0.20131875]
4010
[0.14558035]
4011
[0.11418845]
4012
[0.13124286]
4013
[0.15703371]
4014
[0.15255728]
4015
[0.14644788]
4016
[0.18512978]
4017
[0.13362684]
4018
[0.11652315]
4019
[0.17289301]
4020
[0.1455794]
4021
[0.13878157]
4022
[0.15258608]
4023
[0.1062787]
4024
[0.15562746]
4025
[0.15652986]
4026
[0.18022876]
4027
[0.16100625]
4028
[0.16416882]
4029
[0.13063677]
4030
[0.18253357]
4031
[0.17500732]
4032
[0.12538259]
4033
[0.17759065]
4034
[0.17267057]
4035
[0.12442637]
4036
[0.15272719]
4037
[0.15513663]
4038
[0.16116969]
4039
[0.19470467]
4040
[0.22298626]
4041
[0.08242192]
4042
[0.11930058]
4043
[0.17512376]
4044
[0.1835159]
4045
[0.13129563]
4046
[0.30524781]
4047
[0.21405713]
4048
[0.1671906]
4049
[0.18646272]
4050
[0.20423867]
4051
[0.18978397]
4052
[0.22891191]
4053
[0.17525224]
4054
[0.12253813]
4055
[0.13860906]
4056
[0.21199989]
4057
[0.17377925]
4058
[0.15236131]
4059
[0.11232058]
4060
[0.1781484]
4061
[0.18947293]
4062
[0.16218333]
4063
[0.13199752]
4064
[0.1663613]
4065
[0.17117753]
4066
[0.17238326]
4067
[0.18316008]
4068
[0.16578977]
4069
[0.14673932]
4070
[0.15422246]
4071
[0.19987813]
4072
[0.18579557]
4073
[0.15376611]
4074
[0.16204017]
4075
[0.1793868]
4076
[0.16617305]
4077
[0.17512998]
4078
[0.12391277]
4079
[0.13000241]
4080
[0.14359503]
4081
[0.15369031]
4082
[0.14033788]
4083
[0.18575004]
4084
[0.15755415]
4085
[0.13411951]
4086
[0.18005053]
4087
[0.17069885]
4088
[0.16699714]
4089
[0.1789438]
4090
[0.18586975]
4091
[0.11472508]
4092
[0.16556631]
4093
[0.16296411]
4094
[0.17006325]
4095
[0.14898124]
4096
[0.18973104]
4097
[0.11383255]
4098
[0.14703387]
4099
[0.25796001]
4100
[0.22729051]
4101
[0.16223849]
4102
[0.12533313]
4103
[0.16723476]
4104
[0.09872049]
4105
[0.14914472]
4106
[0.10751635]
4107
[0.132881]
4108
[0.13780363]
4109
[0.1031424]
4110
[0.15645852]
4111
[0.18712401]
4112
[0.21377592]
4113
[0.25848217]
4114
[0.12955287]
4115
[0.18409004]
4116
[0.16171575]
4117
[0.20303998]
4118
[0.15542006]
4119
[0.1888591]
4120
[0.17513989]
4121
[0.15997418]
4122
[0.14445264]
4123
[0.1369386]
4124
[0.17461006]
4125
[0.15787831]
4126
[0.17088792]
4127
[0.17777652]
4128
[0.22689008]
4129
[0.12134909]
4130
[0.15262101]
4131
[0.17685173]
4132
[0.15410447]
4133
[0.13864991]
4134
[0.15466174]
4135
[0.14395769]
4136
[0.2311319]
4137
[0.15497782]
4138
[0.16975481]
4139
[0.25046811]
4140
[0.17602315]
4141
[0.16304848]
4142
[0.19038046]
4143
[0.1892763]
4144
[0.16135745]
4145
[0.22574634]
4146
[0.22036943]
4147
[0.13717746]
4148
[0.15182004]
4149
[0.17022482]
4150
[0.12205565]
4151
[0.1627863]
4152
[0.1851817]
4153
[0.14363282]
4154
[0.1207176]
4155
[0.12127396]
4156
[0.16678877]
4157
[0.15623937]
4158
[0.16521433]
4159
[0.18004152]
4160
[0.21809413]
4161
[0.16091919]
4162
[0.17958204]
4163
[0.16110682]
4164
[0.15383434]
4165
[0.12826952]
4166
[0.2197278]
4167
[0.13100226]
4168
[0.15838921]
4169
[0.21213047]
4170
[0.15067042]
4171
[0.16681446]
4172
[0.17150619]
4173
[0.1519182]
4174
[0.15855441]
4175
[0.1646652]
4176
[0.19656518]
4177
[0.16342406]
4178
[0.16249847]
4179
[0.18637661]
4180
[0.19671744]
4181
[0.13040427]
4182
[0.18396744]
4183
[0.17003118]
4184
[0.22749334]
4185
[0.09461889]
4186
[0.15990515]
4187
[0.17797233]
4188
[0.19960757]
4189
[0.17009701]
4190
[0.1318524]
4191
[0.12442698]
4192
[0.13443166]
4193
[0.12756151]
4194
[0.13934005]
4195
[0.17078968]
4196
[0.17052987]
4197
[0.157143]
4198
[0.1513199]
4199
[0.14399383]
4200
[0.1567035]
4201
[0.1686297]
4202
[0.153713]
4203
[0.14904488]
4204
[0.14827203]
4205
[0.12741965]
4206
[0.17089981]
4207
[0.14141628]
4208
[0.07762907]
4209
[0.1417647]
4210
[0.15070673]
4211
[0.15352462]
4212
[0.15269601]
4213
[0.1661917]
4214
[0.13947676]
4215
[0.26213009]
4216
[0.16827147]
4217
[0.14452836]
4218
[0.18245444]
4219
[0.12980071]
4220
[0.18003399]
4221
[0.16864676]
4222
[0.17028138]
4223
[0.1336234]
4224
[0.13130159]
4225
[0.15427003]
4226
[0.15501892]
4227
[0.13620654]
4228
[0.17591302]
4229
[0.15333832]
4230
[0.15308257]
4231
[0.19688817]
4232
[0.1509685]
4233
[0.17688153]
4234
[0.13059702]
4235
[0.15131253]
4236
[0.15087967]
4237
[0.1587402]
4238
[0.1207915]
4239
[0.12278189]
4240
[0.1511361]
4241
[0.14968444]
4242
[0.12185494]
4243
[0.18561492]
4244
[0.14270886]
4245
[0.17613939]
4246
[0.20048984]
4247
[0.1946099]
4248
[0.15921195]
4249
[0.21294128]
4250
[0.16223766]
4251
[0.17115621]
4252
[0.16681657]
4253
[0.1745417]
4254
[0.16083907]
4255
[0.17268427]
4256
[0.12028068]
4257
[0.16545742]
4258
[0.13604035]
4259
[0.11003135]
4260
[0.1503795]
4261
[0.16671036]
4262
[0.15227548]
4263
[0.14466623]
4264
[0.17723691]
4265
[0.13267023]
4266
[0.16703991]
4267
[0.17926844]
4268
[0.1671235]
4269
[0.18490855]
4270
[0.19615766]
4271
[0.15832772]
4272
[0.1349812]
4273
[0.16770864]
4274
[0.18560365]
4275
[0.20121977]
4276
[0.17150684]
4277
[0.13895991]
4278
[0.13679616]
4279
[0.16149454]
4280
[0.1735511]
4281
[0.15368434]
4282
[0.17351023]
4283
[0.16173592]
4284
[0.14043997]
4285
[0.14752176]
4286
[0.15484769]
4287
[0.15892771]
4288
[0.18752597]
4289
[0.12520024]
4290
[0.1682103]
4291
[0.14647793]
4292
[0.15103662]
4293
[0.16217343]
4294
[0.16494958]
4295
[0.15138014]
4296
[0.24599505]
4297
[0.17112687]
4298
[0.13777235]
4299
[0.11467509]
4300
[0.13601239]
4301
[0.13765492]
4302
[0.1250033]
4303
[0.21347886]
4304
[0.14629722]
4305
[0.15496242]
4306
[0.15646619]
4307
[0.17847956]
4308
[0.16605396]
4309
[0.15640105]
4310
[0.08462646]
4311
[0.17186546]
4312
[0.18330116]
4313
[0.21161911]
4314
[0.15342978]
4315
[0.12334402]
4316
[0.13985488]
4317
[0.08939114]
4318
[0.13966356]
4319
[0.16102953]
4320
[0.12818667]
4321
[0.13923587]
4322
[0.19241005]
4323
[0.19944383]
4324
[0.12520194]
4325
[0.1729556]
4326
[0.14484183]
4327
[0.17243957]
4328
[0.10863795]
4329
[0.14664061]
4330
[0.14680233]
4331
[0.18163883]
4332
[0.17506593]
4333
[0.14302144]
4334
[0.15720022]
4335
[0.22838711]
4336
[0.14726609]
4337
[0.12347441]
4338
[0.13756377]
4339
[0.19048026]
4340
[0.19087313]
4341
[0.15882526]
4342
[0.22940888]
4343
[0.08013339]
4344
[0.18831933]
4345
[0.1455422]
4346
[0.17102343]
4347
[0.16665075]
4348
[0.19383686]
4349
[0.17982486]
4350
[0.28738615]
4351
[0.11968382]
4352
[0.28355823]
4353
[0.13190191]
4354
[0.21502564]
4355
[0.15281197]
4356
[0.20352702]
4357
[0.1539334]
4358
[0.17302582]
4359
[0.14201751]
4360
[0.1592888]
4361
[0.16626633]
4362
[0.16365674]
4363
[0.13534222]
4364
[0.16057004]
4365
[0.17119344]
4366
[0.16088316]
4367
[0.17725162]
4368
[0.24350719]
4369
[0.27559715]
4370
[0.17080819]
4371
[0.16858202]
4372
[0.14136389]
4373
[0.15903952]
4374
[0.23898589]
4375
[0.14917017]
4376
[0.10578566]
4377
[0.12077862]
4378
[0.16924604]
4379
[0.18226527]
4380
[0.15285778]
4381
[0.17437978]
4382
[0.10982646]
4383
[0.15608454]
4384
[0.14776587]
4385
[0.19090958]
4386
[0.20538079]
4387
[0.14785918]
4388
[0.15908912]
4389
[0.16576172]
4390
[0.14876834]
4391
[0.19062403]
4392
[0.15027027]
4393
[0.17170228]
4394
[0.16645766]
4395
[0.17722207]
4396
[0.1484448]
4397
[0.17255854]
4398
[0.14506399]
4399
[0.08261989]
4400
[0.19172461]
4401
[0.11330665]
4402
[0.17507058]
4403
[0.17902147]
4404
[0.10828063]
4405
[0.17482991]
4406
[0.13018711]
4407
[0.19995512]
4408
[0.18884405]
4409
[0.16625147]
4410
[0.17892363]
4411
[0.16558384]
4412
[0.16797359]
4413
[0.14506354]
4414
[0.16593841]
4415
[0.13188519]
4416
[0.10683967]
4417
[0.16710441]
4418
[0.1713956]
4419
[0.20065181]
4420
[0.13279647]
4421
[0.135542]
4422
[0.12032043]
4423
[0.17076137]
4424
[0.14859782]
4425
[0.15871606]
4426
[0.16113504]
4427
[0.13435851]
4428
[0.21843702]
4429
[0.16292432]
4430
[0.15081553]
4431
[0.16854762]
4432
[0.18100618]
4433
[0.1773242]
4434
[0.15905949]
4435
[0.16362081]
4436
[0.19435663]
4437
[0.15459945]
4438
[0.14599699]
4439
[0.12362491]
4440
[0.14676944]
4441
[0.14182149]
4442
[0.10711142]
4443
[0.14233142]
4444
[0.17242639]
4445
[0.14633311]
4446
[0.18235992]
4447
[0.14515587]
4448
[0.18188138]
4449
[0.18368237]
4450
[0.15565887]
4451
[0.15867904]
4452
[0.14296569]
4453
[0.14641212]
4454
[0.16094024]
4455
[0.13443905]
4456
[0.18714245]
4457
[0.17792476]
4458
[0.14612505]
4459
[0.13984342]
4460
[0.16794098]
4461
[0.14799861]
4462
[0.22627003]
4463
[0.16236253]
4464
[0.11489461]
4465
[0.1826109]
4466
[0.13544921]
4467
[0.16388383]
4468
[0.1531004]
4469
[0.13395572]
4470
[0.18183046]
4471
[0.17238686]
4472
[0.14373035]
4473
[0.12752477]
4474
[0.13395107]
4475
[0.14062136]
4476
[0.17101175]
4477
[0.14478357]
4478
[0.2193433]
4479
[0.13998518]
4480
[0.16374172]
4481
[0.19778009]
4482
[0.1299018]
4483
[0.11930205]
4484
[0.1458712]
4485
[0.14844452]
4486
[0.19849899]
4487
[0.1633773]
4488
[0.13943141]
4489
[0.17927228]
4490
[0.07503757]
4491
[0.17599983]
4492
[0.15849716]
4493
[0.24363064]
4494
[0.18873358]
4495
[0.14496296]
4496
[0.17733141]
4497
[0.19198035]
4498
[0.1594013]
4499
[0.16506452]
4500
[0.23082055]
4501
[0.19693813]
4502
[0.15472202]
4503
[0.12953144]
4504
[0.13931771]
4505
[0.20361665]
4506
[0.15908031]
4507
[0.16839126]
4508
[0.1230207]
4509
[0.16309216]
4510
[0.11435591]
4511
[0.17550639]
4512
[0.16358594]
4513
[0.15566042]
4514
[0.22699739]
4515
[0.14771151]
4516
[0.15755281]
4517
[0.19276984]
4518
[0.15956912]
4519
[0.16852414]
4520
[0.15145786]
4521
[0.16683841]
4522
[0.19094875]
4523
[0.13977849]
4524
[0.18973678]
4525
[0.1469763]
4526
[0.20363041]
4527
[0.13383661]
4528
[0.1231036]
4529
[0.2160338]
4530
[0.16116035]
4531
[0.10485569]
4532
[0.1431155]
4533
[0.16072652]
4534
[0.23939352]
4535
[0.1063905]
4536
[0.12437964]
4537
[0.2643576]
4538
[0.18065819]
4539
[0.17576291]
4540
[0.13504494]
4541
[0.10883781]
4542
[0.1906439]
4543
[0.16669937]
4544
[0.23964142]
4545
[0.16162717]
4546
[0.13619583]
4547
[0.17601581]
4548
[0.19005777]
4549
[0.19371986]
4550
[0.20833255]
4551
[0.15694955]
4552
[0.11286452]
4553
[0.16642857]
4554
[0.14423276]
4555
[0.18850795]
4556
[0.17494014]
4557
[0.15700306]
4558
[0.1273088]
4559
[0.17315343]
4560
[0.19067249]
4561
[0.16686649]
4562
[0.13744461]
4563
[0.20189472]
4564
[0.17083257]
4565
[0.18402929]
4566
[0.17208236]
4567
[0.14142144]
4568
[0.23439048]
4569
[0.16892363]
4570
[0.17424921]
4571
[0.17594238]
4572
[0.16926269]
4573
[0.14293704]
4574
[0.10591943]
4575
[0.10010424]
4576
[0.13617311]
4577
[0.1331887]
4578
[0.12684019]
4579
[0.17751954]
4580
[0.12508188]
4581
[0.17115075]
4582
[0.15672022]
4583
[0.1628058]
4584
[0.15172469]
4585
[0.1664272]
4586
[0.23318049]
4587
[0.10749691]
4588
[0.1668931]
4589
[0.24399002]
4590
[0.1902702]
4591
[0.14631617]
4592
[0.18327841]
4593
[0.14177276]
4594
[0.11154342]
4595
[0.22886929]
4596
[0.14384953]
4597
[0.15063111]
4598
[0.26372304]
4599
[0.15848906]
4600
[0.14557974]
4601
[0.18481378]
4602
[0.15577258]
4603
[0.21369701]
4604
[0.16400477]
4605
[0.17657075]
4606
[0.0947179]
4607
[0.17833374]
4608
[0.17360256]
4609
[0.22678041]
4610
[0.32474752]
4611
[0.15791426]
4612
[0.14621907]
4613
[0.1447225]
4614
[0.16720094]
4615
[0.17757409]
4616
[0.16394956]
4617
[0.14546518]
4618
[0.18396852]
4619
[0.17113851]
4620
[0.19221128]
4621
[0.18383801]
4622
[0.20330959]
4623
[0.2264309]
4624
[0.16512501]
4625
[0.15362113]
4626
[0.15044642]
4627
[0.11270363]
4628
[0.1227722]
4629
[0.12704288]
4630
[0.16390422]
4631
[0.20898986]
4632
[0.14741417]
4633
[0.09755249]
4634
[0.21332794]
4635
[0.22823365]
4636
[0.16056445]
4637
[0.12515801]
4638
[0.16567422]
4639
[0.18839484]
4640
[0.13368819]
4641
[0.16657177]
4642
[0.17584066]
4643
[0.1368452]
4644
[0.11435933]
4645
[0.17478943]
4646
[0.17966702]
4647
[0.17187145]
4648
[0.25226418]
4649
[0.21460752]
4650
[0.19914083]
4651
[0.15670821]
4652
[0.15082094]
4653
[0.18804659]
4654
[0.19751703]
4655
[0.17000889]
4656
[0.17782782]
4657
[0.17942049]
4658
[0.25232421]
4659
[0.14589658]
4660
[0.18174505]
4661
[0.17586974]
4662
[0.15172469]
4663
[0.13887803]
4664
[0.12443753]
4665
[0.1616506]
4666
[0.18916462]
4667
[0.15861326]
4668
[0.17732077]
4669
[0.18991132]
4670
[0.14862183]
4671
[0.15975894]
4672
[0.19313401]
4673
[0.1259073]
4674
[0.18008937]
4675
[0.12658268]
4676
[0.17278353]
4677
[0.17953643]
4678
[0.21930947]
4679
[0.1571058]
4680
[0.15447136]
4681
[0.1860722]
4682
[0.13884221]
4683
[0.166573]
4684
[0.15612251]
4685
[0.16069306]
4686
[0.13812937]
4687
[0.13906886]
4688
[0.155915]
4689
[0.15661981]
4690
[0.13336197]
4691
[0.13045761]
4692
[0.1711898]
4693
[0.14443216]
4694
[0.21128689]
4695
[0.1354832]
4696
[0.19866237]
4697
[0.17151721]
4698
[0.12516909]
4699
[0.15203326]
4700
[0.13796183]
4701
[0.12030878]
4702
[0.17720115]
4703
[0.1629449]
4704
[0.14889616]
4705
[0.15255728]
4706
[0.14728118]
4707
[0.17346342]
4708
[0.1630627]
4709
[0.1550651]
4710
[0.12577578]
4711
[0.1647062]
4712
[0.19598826]
4713
[0.17231946]
4714
[0.15766848]
4715
[0.13743028]
4716
[0.16966794]
4717
[0.16622878]
4718
[0.14160857]
4719
[0.15445741]
4720
[0.18152698]
4721
[0.13497718]
4722
[0.18210318]
4723
[0.14189518]
4724
[0.23205548]
4725
[0.1687666]
4726
[0.12251479]
4727
[0.19208501]
4728
[0.15961599]
4729
[0.16130799]
4730
[0.14432314]
4731
[0.1656917]
4732
[0.15087959]
4733
[0.26828267]
4734
[0.15541264]
4735
[0.25411657]
4736
[0.2104699]
4737
[0.22517164]
4738
[0.18456529]
4739
[0.13107527]
4740
[0.20698996]
4741
[0.15840056]
4742
[0.17042396]
4743
[0.14522273]
4744
[0.15016393]
4745
[0.14044595]
4746
[0.19732721]
4747
[0.17539478]
4748
[0.17192106]
4749
[0.15003147]
4750
[0.17309897]
4751
[0.162271]
4752
[0.24102858]
4753
[0.26874607]
4754
[0.15051662]
4755
[0.17492172]
4756
[0.15473254]
4757
[0.16569211]
4758
[0.19910814]
4759
[0.14597808]
4760
[0.11155811]
4761
[0.11928344]
4762
[0.17163437]
4763
[0.21278544]
4764
[0.21012631]
4765
[0.16265537]
4766
[0.17405201]
4767
[0.16585199]
4768
[0.13540889]
4769
[0.2551438]
4770
[0.15625725]
4771
[0.15576989]
4772
[0.14756175]
4773
[0.14882317]
4774
[0.15481372]
4775
[0.15724212]
4776
[0.1525532]
4777
[0.16070435]
4778
[0.18056278]
4779
[0.14518787]
4780
[0.17695916]
4781
[0.12931807]
4782
[0.17530319]
4783
[0.1428075]
4784
[0.17771958]
4785
[0.18344263]
4786
[0.1607695]
4787
[0.17377015]
4788
[0.12493952]
4789
[0.15790064]
4790
[0.17402838]
4791
[0.1746536]
4792
[0.18957992]
4793
[0.13424799]
4794
[0.15505504]
4795
[0.14804621]
4796
[0.13158318]
4797
[0.17366224]
4798
[0.1385367]
4799
[0.18199584]
4800
[0.16472993]
4801
[0.19624304]
4802
[0.14210277]
4803
[0.15864416]
4804
[0.14991758]
4805
[0.16127442]
4806
[0.18309233]
4807
[0.16217388]
4808
[0.17071444]
4809
[0.13424035]
4810
[0.22638193]
4811
[0.14429873]
4812
[0.14835295]
4813
[0.17444989]
4814
[0.18972436]
4815
[0.15655142]
4816
[0.15260866]
4817
[0.14714171]
4818
[0.17817933]
4819
[0.20913465]
4820
[0.15308283]
4821
[0.15532653]
4822
[0.16171575]
4823
[0.14052003]
4824
[0.14204375]
4825
[0.20549215]
4826
[0.12898046]
4827
[0.17979202]
4828
[0.13905644]
4829
[0.13175545]
4830
[0.18669339]
4831
[0.14963957]
4832
[0.19930612]
4833
[0.14341984]
4834
[0.19448544]
4835
[0.17617703]
4836
[0.13775088]
4837
[0.206466]
4838
[0.18504827]
4839
[0.18943743]
4840
[0.14903909]
4841
[0.15740478]
4842
[0.20125902]
4843
[0.24026352]
4844
[0.16512436]
4845
[0.23771465]
4846
[0.13334993]
4847
[0.25393727]
4848
[0.16791924]
4849
[0.13814511]
4850
[0.16255806]
4851
[0.18506132]
4852
[0.15376888]
4853
[0.15418376]
4854
[0.18866898]
4855
[0.23380708]
4856
[0.16357778]
4857
[0.15709009]
4858
[0.14115694]
4859
[0.15040816]
4860
[0.15035858]
4861
[0.18612974]
4862
[0.14294745]
4863
[0.14321056]
4864
[0.15377735]
4865
[0.09313151]
4866
[0.13304628]
4867
[0.20032276]
4868
[0.14094899]
4869
[0.13625952]
4870
[0.19743874]
4871
[0.1445443]
4872
[0.11547489]
4873
[0.20358059]
4874
[0.213828]
4875
[0.12623194]
4876
[0.17614711]
4877
[0.13977185]
4878
[0.1661833]
4879
[0.18687622]
4880
[0.16628337]
4881
[0.13028169]
4882
[0.23313379]
4883
[0.16360013]
4884
[0.24435731]
4885
[0.13174258]
4886
[0.15574894]
4887
[0.13264244]
4888
[0.16353278]
4889
[0.1479503]
4890
[0.14006846]
4891
[0.17052193]
4892
[0.16678455]
4893
[0.1287916]
4894
[0.11247763]
4895
[0.10005335]
4896
[0.13485715]
4897
[0.17069317]
4898
[0.15515021]
4899
[0.15244195]
4900
[0.18166487]
4901
[0.16379769]
4902
[0.1627944]
4903
[0.17549084]
4904
[0.18031178]
4905
[0.17393944]
4906
[0.14728767]
4907
[0.19941726]
4908
[0.16496354]
4909
[0.15444486]
4910
[0.12627252]
4911
[0.16254854]
4912
[0.1529537]
4913
[0.13554918]
4914
[0.18331371]
4915
[0.14551309]
4916
[0.17024592]
4917
[0.16671128]
4918
[0.17685937]
4919
[0.13849934]
4920
[0.19017805]
4921
[0.19027427]
4922
[0.17892746]
4923
[0.17462531]
4924
[0.16718182]
4925
[0.12813081]
4926
[0.13623461]
4927
[0.24894577]
4928
[0.21828912]
4929
[0.1280313]
4930
[0.19346871]
4931
[0.23124077]
4932
[0.22928209]
4933
[0.12187635]
4934
[0.16857704]
4935
[0.17791605]
4936
[0.10290927]
4937
[0.16644247]
4938
[0.18102287]
4939
[0.17822732]
4940
[0.2201764]
4941
[0.09534966]
4942
[0.173251]
4943
[0.17529275]
4944
[0.13592542]
4945
[0.16628038]
4946
[0.14110968]
4947
[0.18615292]
4948
[0.15358456]
4949
[0.14294186]
4950
[0.15625916]
4951
[0.18169786]
4952
[0.18907445]
4953
[0.16584057]
4954
[0.17696958]
4955
[0.14867041]
4956
[0.16858737]
4957
[0.13995159]
4958
[0.10130393]
4959
[0.16887427]
4960
[0.14735253]
4961
[0.13389826]
4962
[0.18335484]
4963
[0.24786452]
4964
[0.12430832]
4965
[0.19073665]
4966
[0.15994852]
4967
[0.1767404]
4968
[0.17112138]
4969
[0.17357132]
4970
[0.16198577]
4971
[0.17256283]
4972
[0.15290793]
4973
[0.16590396]
4974
[0.11792528]
4975
[0.20280619]
4976
[0.16186688]
4977
[0.14243328]
4978
[0.13939971]
4979
[0.18344366]
4980
[0.19105228]
4981
[0.17795556]
4982
[0.09426311]
4983
[0.16294542]
4984
[0.1375701]
4985
[0.08680432]
4986
[0.18503513]
4987
[0.18700347]
4988
[0.13044572]
4989
[0.12665858]
4990
[0.16168043]
4991
[0.17653493]
4992
[0.17920717]
4993
[0.15740607]
4994
[0.13088863]
4995
[0.18305949]
4996
[0.16533322]
4997
[0.17076967]
4998
[0.13372374]
4999
[0.164204]
[1] 40000    11
[1] 40000    11
