LOADING R
R LOADED
[1] "/home/lvanderl/Rlibs2"                         
[2] "/app/software/R/4.3.1-gfbf-2022b/lib/R/library"
[1] "/home/lvanderl/sieveSims"
[1] "gam 1 3"
[1] 0.02291014
[1] 0.02291014
[1] 0.02291014
5.061224489795919
0
[0.03745311]
1
[0.02894452]
2
[0.02664384]
3
[0.06038885]
4
[0.11941991]
5
[0.03376875]
6
[0.01324392]
7
[0.0575459]
8
[0.0752781]
9
[0.10728224]
10
[0.02507202]
11
[0.04081688]
12
[0.07189761]
13
[0.14456988]
14
[0.10291173]
15
[0.01654422]
16
[0.03834486]
17
[0.03471062]
18
[0.12295344]
19
[0.09112919]
20
[0.05121596]
21
[0.07683661]
22
[0.01291126]
23
[0.14085536]
24
[0.06974784]
25
[0.06290315]
26
[0.04288673]
27
[0.08299637]
28
[0.13892441]
29
[0.03765695]
30
[0.049934]
31
[0.13877113]
32
[0.04402287]
33
[0.13124468]
34
[0.07110847]
35
[0.06238081]
36
[0.01353497]
37
[0.07964142]
38
[0.13549471]
39
[0.08760225]
40
[0.0180802]
41
[0.04824551]
42
[0.0323705]
43
[0.05543182]
44
[0.00937856]
45
[0.02921526]
46
[0.06282176]
47
[0.01320299]
48
[0.12466576]
49
[0.05393324]
50
[0.01147041]
51
[0.11642694]
52
[0.02585777]
53
[0.08817913]
54
[0.05332803]
55
[0.13686161]
56
[0.04656614]
57
[0.03212444]
58
[0.12193089]
59
[0.07026539]
60
[0.10153164]
61
[0.1199757]
62
[0.13878972]
63
[0.08211862]
64
[0.01986918]
65
[0.05257541]
66
[0.06695858]
67
[0.02899688]
68
[0.09181847]
69
[0.01033058]
70
[0.08651402]
71
[0.11339985]
72
[0.05359192]
73
[0.04934295]
74
[0.02727952]
75
[0.0562071]
76
[0.08903458]
77
[0.14150521]
78
[0.02818208]
79
[0.01226031]
80
[0.02149827]
81
[0.03126536]
82
[0.0455888]
83
[0.04592984]
84
[0.01658764]
85
[0.06006212]
86
[0.01573374]
87
[0.13580739]
88
[0.06168197]
89
[0.13899802]
90
[0.01975983]
91
[0.13039264]
92
[0.01995181]
93
[0.0641924]
94
[0.12386146]
95
[0.01230551]
96
[0.01329486]
97
[0.01648732]
98
[0.01418987]
99
[0.11903946]
100
[0.02329592]
101
[0.09234108]
102
[0.02156907]
103
[0.06283333]
104
[0.06948939]
105
[0.02590095]
106
[0.0413746]
107
[0.08941128]
108
[0.08125676]
109
[0.01120538]
110
[0.04742322]
111
[0.05414514]
112
[0.04859549]
113
[0.07387217]
114
[0.03685002]
115
[0.01068431]
116
[0.03799872]
117
[0.11618765]
118
[0.01968089]
119
[0.03022796]
120
[0.04776393]
121
[0.02693707]
122
[0.09709047]
123
[0.04725064]
124
[0.05670398]
125
[0.12329647]
126
[0.01467434]
127
[0.04410896]
128
[0.11799732]
129
[0.03079836]
130
[0.08075077]
131
[0.0500648]
132
[0.04292851]
133
[0.09075396]
134
[0.11222227]
135
[0.05222345]
136
[0.02612801]
137
[0.11865489]
138
[0.04229389]
139
[0.13284124]
140
[0.03744483]
141
[0.01915754]
142
[0.07427167]
143
[0.04838027]
144
[0.01480598]
145
[0.04278738]
146
[0.06523613]
147
[0.07178037]
148
[0.0840089]
149
[0.14344891]
150
[0.11282817]
151
[0.09456667]
152
[0.06046221]
153
[0.11998791]
154
[0.14809245]
155
[0.11281984]
156
[0.0414739]
157
[0.10175182]
158
[0.12892636]
159
[0.0234922]
160
[0.0965625]
161
[0.14754336]
162
[0.06244951]
163
[0.11386224]
164
[0.10533635]
165
[0.05436087]
166
[0.04661753]
167
[0.11619109]
168
[0.10910169]
169
[0.11830369]
170
[0.05274398]
171
[0.02869534]
172
[0.07541183]
173
[0.12646006]
174
[0.07329853]
175
[0.03264393]
176
[0.05282816]
177
[0.01719548]
178
[0.07130482]
179
[0.12792321]
180
[0.0588199]
181
[0.02202589]
182
[0.08370647]
183
[0.07984597]
184
[0.07996057]
185
[0.03235027]
186
[0.0128721]
187
[0.13362913]
188
[0.11970548]
189
[0.0405568]
190
[0.10032342]
191
[0.1302449]
192
[0.08049432]
193
[0.02913533]
194
[0.00946757]
195
[0.1371455]
196
[0.01814178]
197
[0.14516627]
198
[0.0162543]
199
[0.1093351]
200
[0.06203853]
201
[0.04409386]
202
[0.06877934]
203
[0.04666025]
204
[0.09212416]
205
[0.00806847]
206
[0.0329592]
207
[0.06746187]
208
[0.05767204]
209
[0.10187257]
210
[0.05918403]
211
[0.0138568]
212
[0.09628715]
213
[0.05830572]
214
[0.10521502]
215
[0.02818165]
216
[0.13826205]
217
[0.02757016]
218
[0.02957791]
219
[0.13581275]
220
[0.05913199]
221
[0.10357128]
222
[0.11997698]
223
[0.08006187]
224
[0.04919501]
225
[0.08227691]
226
[0.06478353]
227
[0.0562195]
228
[0.05501325]
229
[0.10117376]
230
[0.09094872]
231
[0.04441097]
232
[0.0169138]
233
[0.06425962]
234
[0.02970046]
235
[0.05619673]
236
[0.07463256]
237
[0.09987462]
238
[0.01898632]
239
[0.06977981]
240
[0.0267449]
241
[0.05383023]
242
[0.03644596]
243
[0.01153628]
244
[0.11128065]
245
[0.07717122]
246
[0.048642]
247
[0.13948755]
248
[0.01868388]
249
[0.03310966]
250
[0.07514143]
251
[0.09543393]
252
[0.02442178]
253
[0.08012709]
254
[0.03837512]
255
[0.01145132]
256
[0.0085136]
257
[0.04747117]
258
[0.06021649]
259
[0.12419301]
260
[0.00852355]
261
[0.08729533]
262
[0.06255446]
263
[0.05454795]
264
[0.08914235]
265
[0.06100905]
266
[0.0822606]
267
[0.10741231]
268
[0.02094939]
269
[0.12542736]
270
[0.14802531]
271
[0.05823451]
272
[0.08179586]
273
[0.14051336]
274
[0.05841735]
275
[0.10511882]
276
[0.01400052]
277
[0.1441033]
278
[0.0147851]
279
[0.14632177]
280
[0.12512732]
281
[0.09433597]
282
[0.00858969]
283
[0.02011484]
284
[0.04746751]
285
[0.09847056]
286
[0.10251153]
287
[0.11455294]
288
[0.07394867]
289
[0.05260105]
290
[0.08039611]
291
[0.03398768]
292
[0.02699506]
293
[0.00858647]
294
[0.03628251]
295
[0.124307]
296
[0.04846729]
297
[0.01164376]
298
[0.03117405]
299
[0.01787257]
300
[0.0784]
301
[0.01782135]
302
[0.0109333]
303
[0.00991091]
304
[0.1411309]
305
[0.09994624]
306
[0.12197504]
307
[0.01112521]
308
[0.04447134]
309
[0.01024388]
310
[0.04028782]
311
[0.01256375]
312
[0.03458713]
313
[0.01948963]
314
[0.05401308]
315
[0.06584017]
316
[0.05599486]
317
[0.00867915]
318
[0.01282457]
319
[0.06059204]
320
[0.04631281]
321
[0.12791665]
322
[0.11866397]
323
[0.02798759]
324
[0.07680736]
325
[0.02531038]
326
[0.06446919]
327
[0.13854743]
328
[0.01528284]
329
[0.09957892]
330
[0.05967191]
331
[0.07232747]
332
[0.05986969]
333
[0.0280055]
334
[0.11665853]
335
[0.11161434]
336
[0.0684499]
337
[0.04291231]
338
[0.04399175]
339
[0.03697436]
340
[0.05579415]
341
[0.0318008]
342
[0.03820818]
343
[0.04000666]
344
[0.08074198]
345
[0.04003545]
346
[0.10013481]
347
[0.02904281]
348
[0.11370557]
349
[0.09818088]
350
[0.10550751]
351
[0.03129552]
352
[0.03140101]
353
[0.02919465]
354
[0.0208426]
355
[0.12142647]
356
[0.14532231]
357
[0.08625847]
358
[0.11928651]
359
[0.03725905]
360
[0.09757259]
361
[0.13671903]
362
[0.09059117]
363
[0.07907846]
364
[0.0540491]
365
[0.06066884]
366
[0.04808948]
367
[0.03442366]
368
[0.01188462]
369
[0.0733227]
370
[0.01773659]
371
[0.11057436]
372
[0.03712257]
373
[0.14823042]
374
[0.14610429]
375
[0.13032587]
376
[0.03972224]
377
[0.09534907]
378
[0.0225258]
379
[0.0178338]
380
[0.02019078]
381
[0.03617468]
382
[0.01890162]
383
[0.06559613]
384
[0.09134337]
385
[0.02119564]
386
[0.0364294]
387
[0.04211338]
388
[0.04527441]
389
[0.03018272]
390
[0.07448197]
391
[0.08318073]
392
[0.04230825]
393
[0.07102674]
394
[0.12850968]
395
[0.04490462]
396
[0.00979543]
397
[0.07630019]
398
[0.02367909]
399
[0.02695096]
400
[0.11153487]
401
[0.04396184]
402
[0.13490788]
403
[0.14505973]
404
[0.01005103]
405
[0.0195939]
406
[0.02094179]
407
[0.11719895]
408
[0.07495163]
409
[0.0373018]
410
[0.06962991]
411
[0.04835914]
412
[0.03360962]
413
[0.04396965]
414
[0.13187325]
415
[0.0914896]
416
[0.05669483]
417
[0.13836981]
418
[0.01810113]
419
[0.07027239]
420
[0.11130955]
421
[0.11917052]
422
[0.12036592]
423
[0.02729067]
424
[0.10453791]
425
[0.02151842]
426
[0.05773282]
427
[0.0814205]
428
[0.04245094]
429
[0.07476553]
430
[0.0451625]
431
[0.00799263]
432
[0.00895515]
433
[0.01377114]
434
[0.08980711]
435
[0.08479544]
436
[0.02207875]
437
[0.0207015]
438
[0.00915274]
439
[0.14667303]
440
[0.0413638]
441
[0.10982256]
442
[0.05296413]
443
[0.00915874]
444
[0.0672379]
445
[0.03728131]
446
[0.05263617]
447
[0.11425377]
448
[0.10783838]
449
[0.01504694]
450
[0.03166107]
451
[0.07198275]
452
[0.11200594]
453
[0.07584398]
454
[0.02418589]
455
[0.07331379]
456
[0.02376679]
457
[0.12764014]
458
[0.14540465]
459
[0.02941884]
460
[0.11712253]
461
[0.0477072]
462
[0.04189436]
463
[0.14194995]
464
[0.0145591]
465
[0.0152803]
466
[0.01105972]
467
[0.14564045]
468
[0.04608515]
469
[0.07070934]
470
[0.01650867]
471
[0.0114516]
472
[0.09058776]
473
[0.087485]
474
[0.04365795]
475
[0.07585331]
476
[0.05690827]
477
[0.13195616]
478
[0.01911944]
479
[0.10368059]
480
[0.10863431]
481
[0.01358852]
482
[0.12699368]
483
[0.09368592]
484
[0.0378775]
485
[0.04636096]
486
[0.03144207]
487
[0.03718051]
488
[0.07483241]
489
[0.02045141]
490
[0.02021631]
491
[0.06178903]
492
[0.02517688]
493
[0.12236666]
494
[0.08190457]
495
[0.09068926]
496
[0.0262612]
497
[0.05404807]
498
[0.04547732]
499
[1] 2500   11
[1] 2500   11
[0.1342853]
