LOADING R
R LOADED
[1] "/home/lvanderl/Rlibs2"                         
[2] "/app/software/R/4.3.1-gfbf-2022b/lib/R/library"
[1] "/home/lvanderl/sieveSims"
[1] "gam 20 1"
[1] "histogram binning"
[1] 0.1088812
[1] 0.1088812
[1] "mondrian"
[1] "iso"
[1] 0.1088812
[1] "conditional"
[   10.            11.51395399    13.25711366    15.26417967
    17.57510625    20.23589648    23.29951811    26.82695795
    30.88843596    35.56480306    40.94915062    47.14866363
    54.28675439    62.50551925    71.9685673     82.86427729
    95.40954763   109.8541142    126.48552169   145.63484775
   167.68329368   193.06977289   222.29964825   255.95479227
   294.70517026   339.32217719   390.69399371   449.8432669
   517.94746792   596.36233166   686.648845     790.60432109
   910.29817799  1048.11313415  1206.79264064  1389.49549437
  1599.85871961  1842.06996933  2120.95088792  2442.05309455
  2811.76869797  3237.45754282  3727.59372031  4291.93426013
  4941.71336132  5689.86602902  6551.2855686   7543.12006335
  8685.11373751 10000.        ]
[0.09470546 0.09430186 0.09364698 0.09281135 0.09175928 0.09097387
 0.08998439 0.08896801 0.08745319 0.08614971 0.08467965 0.08285986
 0.08113975 0.07925686 0.07731356 0.0753365  0.07317198 0.07128955
 0.06947087 0.06771141 0.06613355 0.06492099 0.06375476 0.06312479
 0.06262234 0.06234076 0.06231892 0.06230071 0.0622989  0.06227536
 0.06232615 0.06228434 0.06225619 0.06231727 0.06230377 0.06236398
 0.06226498 0.06229301 0.06228132 0.06225851 0.06231394 0.06236333
 0.06225847 0.06229388 0.06224022 0.06222129 0.06230877 0.06231806
 0.06232833 0.0622985 ]
5689.8660290182925
0.0001757510624854793
0
[0.31940394]
1
[0.20775079]
2
[0.00066226]
3
[0.00066226]
4
[0.31940394]
5
[0.31940394]
6
[0.31940394]
7
[0.31940394]
8
[0.31940394]
9
[0.31940394]
10
[0.31940394]
11
[0.00066226]
12
[0.31940394]
13
[0.00066226]
14
[0.31940394]
15
[0.11169165]
16
[0.31940394]
17
[0.31940394]
18
[0.23207745]
19
[0.31940394]
20
[0.00066226]
21
[0.05617696]
22
[0.31940394]
23
[0.31940394]
24
[0.31940394]
25
[0.31940394]
26
[0.31940394]
27
[0.31940394]
28
[0.31940394]
29
[0.31940394]
30
[0.31940394]
31
[0.31940394]
32
[0.0761373]
33
[0.31940394]
34
[0.31940394]
35
[0.24330515]
36
[0.31940394]
37
[0.31940394]
38
[0.31940394]
39
[0.30692873]
40
[0.31940394]
41
[0.25578036]
42
[0.31940394]
43
[0.28135454]
44
[0.31940394]
45
[0.31940394]
46
[0.16658259]
47
[0.31940394]
48
[0.02249388]
49
[0.31940394]
50
[0.31940394]
51
[0.175939]
52
[0.31940394]
53
[0.00066226]
54
[0.27075061]
55
[0.07863234]
56
[0.31940394]
57
[0.31940394]
58
[0.16907763]
59
[0.00066226]
60
[0.31940394]
61
[0.13102823]
62
[0.02374141]
63
[0.31940394]
64
[0.23394874]
65
[0.31940394]
66
[0.12479063]
67
[0.31940394]
68
[0.30755249]
69
[0.03871166]
70
[0.31940394]
71
[0.31940394]
72
[0.31940394]
73
[0.31940394]
74
[0.31940394]
75
[0.31940394]
76
[0.31940394]
77
[0.31940394]
78
[0.31940394]
79
[0.31940394]
80
[0.31940394]
81
[0.31940394]
82
[0.31940394]
83
[0.31940394]
84
[0.31940394]
85
[0.31940394]
86
[0.31940394]
87
[0.31940394]
88
[0.06241456]
89
[0.31940394]
90
[0.31940394]
91
[0.31940394]
92
[0.00066226]
93
[0.31940394]
94
[0.31940394]
95
[0.31940394]
96
[0.09048379]
97
[0.31940394]
98
[0.31940394]
99
[0.31940394]
100
[0.31940394]
101
[0.17157267]
102
[0.31940394]
103
[0.31940394]
104
[0.20151318]
105
[0.31940394]
106
[0.31940394]
107
[0.31940394]
108
[0.00066226]
109
[0.31940394]
110
[0.31940394]
111
[0.00066226]
112
[0.31940394]
113
[0.00066226]
114
[0.31940394]
115
[0.31940394]
116
[0.31940394]
117
[0.00190978]
118
[0.31940394]
119
[0.00066226]
120
[0.28759215]
121
[0.31940394]
122
[0.31940394]
123
[0.31940394]
124
[0.1996419]
125
[0.1821766]
126
[0.31940394]
127
[0.16284003]
128
[0.058672]
129
[0.22147352]
130
[0.31940394]
131
[0.31940394]
132
[0.31940394]
133
[0.31940394]
134
[0.22771113]
135
[0.31940394]
136
[0.31940394]
137
[0.31940394]
138
[0.31940394]
139
[0.30380993]
140
[0.31940394]
141
[0.31940394]
142
[0.31940394]
143
[0.09297884]
144
[0.31940394]
145
[0.31940394]
146
[0.00066226]
147
[0.31940394]
148
[0.31940394]
149
[0.31940394]
150
[0.00066226]
151
[0.31940394]
152
[0.01937508]
153
[0.31940394]
154
[0.20899831]
155
[0.31940394]
156
[0.31940394]
157
[0.06366209]
158
[0.31940394]
159
[0.00066226]
160
[0.31940394]
161
[0.31940394]
162
[0.31940394]
163
[0.31940394]
164
[0.31940394]
165
[0.25578036]
166
[0.20525575]
167
[0.31940394]
168
[0.31940394]
169
[0.31940394]
170
[0.29008719]
171
[0.31940394]
172
[0.25578036]
173
[0.10919661]
174
[0.31940394]
175
[0.31940394]
176
[0.31940394]
177
[0.31940394]
178
[0.31940394]
179
[0.31940394]
180
[0.31940394]
181
[0.18966173]
182
[0.06927593]
183
[0.31940394]
184
[0.31940394]
185
[0.10358277]
186
[0.31940394]
187
[0.31940394]
188
[0.31940394]
189
[0.31940394]
190
[0.13165199]
191
[0.31940394]
192
[0.31940394]
193
[0.02561269]
194
[0.31940394]
195
[0.31940394]
196
[0.00066226]
197
[0.31940394]
198
[0.31940394]
199
[0.31940394]
200
[0.25702788]
201
[0.1173055]
202
[0.31940394]
203
[0.12603815]
204
[0.31940394]
205
[0.31940394]
206
[0.31940394]
207
[0.00502859]
208
[0.31940394]
209
[0.31940394]
210
[0.10171148]
211
[0.31940394]
212
[0.00440483]
213
[0.31940394]
214
[0.01313747]
215
[0.31940394]
216
[0.31940394]
217
[0.31940394]
218
[0.31940394]
219
[0.31940394]
220
[0.31940394]
221
[0.05804824]
222
[0.014385]
223
[0.00440483]
224
[0.31940394]
225
[0.31940394]
226
[0.31940394]
227
[0.10420653]
228
[0.31940394]
229
[0.25203779]
230
[0.31940394]
231
[0.31940394]
232
[0.31940394]
233
[0.31940394]
234
[0.03309782]
235
[0.31940394]
236
[0.12229558]
237
[0.31940394]
238
[0.31940394]
239
[0.31940394]
240
[0.1204243]
241
[0.31940394]
242
[0.31940394]
243
[0.31940394]
244
[0.31940394]
245
[0.31940394]
246
[0.31940394]
247
[0.31940394]
248
[0.00128602]
249
[0.31940394]
250
[0.31940394]
251
[0.27075061]
252
[0.31940394]
253
[0.31940394]
254
[0.31940394]
255
[0.31940394]
256
[0.31940394]
257
[0.02311765]
258
[0.31940394]
259
[0.31940394]
260
[0.31940394]
261
[0.26014668]
262
[0.31940394]
263
[0.1615925]
264
[0.30568121]
265
[0.31940394]
266
[0.31940394]
267
[0.04744431]
268
[0.31940394]
269
[0.00066226]
270
[0.31940394]
271
[0.31940394]
272
[0.07738482]
273
[0.31940394]
274
[0.31940394]
275
[0.31940394]
276
[0.31940394]
277
[0.31940394]
278
[0.31940394]
279
[0.31940394]
280
[0.31940394]
281
[0.31940394]
282
[0.31940394]
283
[0.31940394]
284
[0.31940394]
285
[0.31940394]
286
[0.21648344]
287
[0.31940394]
288
[0.31940394]
289
[0.03309782]
290
[0.31940394]
291
[0.00378107]
292
[0.31940394]
293
[0.31940394]
294
[0.31940394]
295
[0.31940394]
296
[0.058672]
297
[0.31940394]
298
[0.31940394]
299
[0.31940394]
300
[0.31940394]
301
[0.31940394]
302
[0.00066226]
303
[0.31940394]
304
[0.31940394]
305
[0.31940394]
306
[0.31940394]
307
[0.31940394]
308
[0.31940394]
309
[0.28572087]
310
[0.10919661]
311
[0.31940394]
312
[0.31940394]
313
[0.31940394]
314
[0.31940394]
315
[0.06241456]
316
[0.31940394]
317
[0.21960224]
318
[0.1173055]
319
[0.31940394]
320
[0.31940394]
321
[0.31940394]
322
[0.31940394]
323
[0.01313747]
324
[0.31940394]
325
[0.26077044]
326
[0.10233524]
327
[0.31940394]
328
[0.29881984]
329
[0.27137437]
330
[0.31940394]
331
[0.13289952]
332
[0.31940394]
333
[0.00066226]
334
[0.09485012]
335
[0.31940394]
336
[0.31940394]
337
[0.31940394]
338
[0.1615925]
339
[0.31940394]
340
[0.00066226]
341
[0.31940394]
342
[0.31940394]
343
[0.31940394]
344
[0.31940394]
345
[0.00814739]
346
[0.1790578]
347
[0.31940394]
348
[0.31940394]
349
[0.31940394]
350
[0.31940394]
351
[0.09734516]
352
[0.31940394]
353
[0.31940394]
354
[0.06678089]
355
[0.25952292]
356
[0.31940394]
357
[0.31940394]
358
[0.27761198]
359
[0.17843404]
360
[0.31940394]
361
[0.31940394]
362
[0.31940394]
363
[0.19777062]
364
[0.02498893]
365
[0.00066226]
366
[0.31940394]
367
[0.12978071]
368
[0.31940394]
369
[0.04058294]
370
[0.31940394]
371
[0.31940394]
372
[0.16845387]
373
[0.31940394]
374
[0.31940394]
375
[0.31940394]
376
[0.01500876]
377
[0.29694856]
378
[0.31940394]
379
[0.31940394]
380
[0.00066226]
381
[0.12666191]
382
[0.31940394]
383
[0.0936026]
384
[0.31940394]
385
[0.31940394]
386
[0.31940394]
387
[0.31940394]
388
[0.31940394]
389
[0.31940394]
390
[0.31940394]
391
[0.31940394]
392
[0.31940394]
393
[0.31940394]
394
[0.31940394]
395
[0.1173055]
396
[0.31940394]
397
[0.03559286]
398
[0.31940394]
399
[0.31940394]
400
[0.1347708]
401
[0.31940394]
402
[0.03247405]
403
[0.00066226]
404
[0.25640412]
405
[0.31940394]
406
[0.19589934]
407
[0.31940394]
408
[0.11668174]
409
[0.31940394]
410
[0.31940394]
411
[0.31940394]
412
[0.31940394]
413
[0.31940394]
414
[0.31940394]
415
[0.31940394]
416
[0.31940394]
417
[0.31940394]
418
[0.31940394]
419
[0.29819608]
420
[0.31940394]
421
[0.16533507]
422
[0.31940394]
423
[0.10607781]
424
[0.31940394]
425
[0.31940394]
426
[0.31940394]
427
[0.31940394]
428
[0.04307799]
429
[0.31940394]
430
[0.31940394]
431
[0.31940394]
432
[0.31940394]
433
[0.31940394]
434
[0.31940394]
435
[0.31940394]
436
[0.31940394]
437
[0.21585968]
438
[0.16221626]
439
[0.31940394]
440
[0.31940394]
441
[0.13539456]
442
[0.31940394]
443
[0.31940394]
444
[0.31940394]
445
[0.31940394]
446
[0.31940394]
447
[0.31940394]
448
[0.20213694]
449
[0.0936026]
450
[0.31940394]
451
[0.31940394]
452
[0.31940394]
453
[0.31129505]
454
[0.31940394]
455
[0.31940394]
456
[0.31940394]
457
[0.31940394]
458
[0.10171148]
459
[0.31940394]
460
[0.31940394]
461
[0.00066226]
462
[0.12915695]
463
[0.31940394]
464
[0.31940394]
465
[0.31940394]
466
[0.1204243]
467
[0.04993935]
468
[0.31940394]
469
[0.31940394]
470
[0.16533507]
471
[0.014385]
472
[0.31940394]
473
[0.1347708]
474
[0.0031573]
475
[0.31940394]
476
[0.31940394]
477
[0.31940394]
478
[0.22708737]
479
[0.21523592]
480
[0.31129505]
481
[0.31940394]
482
[0.31940394]
483
[0.29071095]
484
[0.31940394]
485
[0.31940394]
486
[0.31940394]
487
[0.31940394]
488
[0.31940394]
489
[0.31940394]
490
[0.28010702]
491
[0.24330515]
492
[0.31940394]
493
[0.31940394]
494
[0.31940394]
495
[0.31940394]
496
[0.31940394]
497
[0.31940394]
498
[0.31940394]
499
[0.31940394]
500
[0.00565235]
501
[0.31940394]
502
[0.31940394]
503
[0.20400823]
504
[0.00066226]
505
[0.31940394]
506
[0.10732533]
507
[0.31940394]
508
[0.31940394]
509
[0.31940394]
510
[0.31940394]
511
[0.31940394]
512
[0.31940394]
513
[0.31940394]
514
[0.18654293]
515
[0.31940394]
516
[0.31940394]
517
[0.31940394]
518
[0.31940394]
519
[0.11169165]
520
[0.22583985]
521
[0.31940394]
522
[0.07800858]
523
[0.00066226]
524
[0.31940394]
525
[0.31940394]
526
[0.31940394]
527
[0.26201796]
528
[0.31940394]
529
[0.31940394]
530
[0.31940394]
531
[0.31940394]
532
[0.31940394]
533
[0.20338447]
534
[0.09048379]
535
[0.13976088]
536
[0.31940394]
537
[0.31940394]
538
[0.13414704]
539
[0.31940394]
540
[0.31940394]
541
[0.26388925]
542
[0.31940394]
543
[0.31940394]
544
[0.31940394]
545
[0.08362243]
546
[0.21149335]
547
[0.31940394]
548
[0.31940394]
549
[0.31940394]
550
[0.31940394]
551
[0.31940394]
552
[0.23893882]
553
[0.15784994]
554
[0.31940394]
555
[0.20213694]
556
[0.31940394]
557
[0.21773096]
558
[0.31940394]
559
[0.31940394]
560
[0.31940394]
561
[0.31940394]
562
[0.10732533]
563
[0.09297884]
564
[0.04931559]
565
[0.00190978]
566
[0.31940394]
567
[0.10046396]
568
[0.31940394]
569
[0.00066226]
570
[0.3137901]
571
[0.31940394]
572
[0.14911729]
573
[0.30131488]
574
[0.16720635]
575
[0.22958241]
576
[0.31940394]
577
[0.31940394]
578
[0.31940394]
579
[0.31940394]
580
[0.31940394]
581
[0.31940394]
582
[0.02498893]
583
[0.31940394]
584
[0.31940394]
585
[0.31940394]
586
[0.31940394]
587
[0.05804824]
588
[0.01999884]
589
[0.25578036]
590
[0.31940394]
591
[0.31940394]
592
[0.31940394]
593
[0.31940394]
594
[0.31940394]
595
[0.31940394]
596
[0.31940394]
597
[0.25889916]
598
[0.31940394]
599
[0.21149335]
600
[0.00066226]
601
[0.31940394]
602
[0.31940394]
603
[0.31940394]
604
[0.31940394]
605
[0.31940394]
606
[0.04931559]
607
[0.31940394]
608
[0.00066226]
609
[0.1204243]
610
[0.31940394]
611
[0.31940394]
612
[0.05430568]
613
[0.31940394]
614
[0.31940394]
615
[0.31940394]
616
[0.31940394]
617
[0.17157267]
618
[0.08175114]
619
[0.31940394]
620
[0.31940394]
621
[0.31940394]
622
[0.07364226]
623
[0.31940394]
624
[0.31940394]
625
[0.09734516]
626
[0.31940394]
627
[0.29694856]
628
[0.31940394]
629
[0.31940394]
630
[0.20712703]
631
[0.31940394]
632
[0.00066226]
633
[0.11917678]
634
[0.18841421]
635
[0.31940394]
636
[0.31940394]
637
[0.31940394]
638
[0.15972122]
639
[0.31940394]
640
[0.04557303]
641
[0.18966173]
642
[0.31940394]
643
[0.31940394]
644
[0.31940394]
645
[0.31940394]
646
[0.31940394]
647
[0.12915695]
648
[0.26014668]
649
[0.30692873]
650
[0.31940394]
651
[0.31940394]
652
[0.31940394]
653
[0.10794909]
654
[0.31940394]
655
[0.31940394]
656
[0.01126619]
657
[0.00066226]
658
[0.22958241]
659
[0.31940394]
660
[0.31940394]
661
[0.00627611]
662
[0.31940394]
663
[0.31940394]
664
[0.06116704]
665
[0.31316634]
666
[0.31940394]
667
[0.17406772]
668
[0.2408101]
669
[0.31940394]
670
[0.31940394]
671
[0.31940394]
672
[0.31940394]
673
[0.00066226]
674
[0.00066226]
675
[0.00066226]
676
[0.31940394]
677
[0.1553549]
678
[0.31940394]
679
[0.31940394]
680
[0.26887933]
681
[0.18654293]
682
[0.31940394]
683
[0.31940394]
684
[0.08486995]
685
[0.02810773]
686
[0.31940394]
687
[0.31940394]
688
[0.31940394]
689
[0.31940394]
690
[0.09048379]
691
[0.15098857]
692
[0.31940394]
693
[0.31940394]
694
[0.31940394]
695
[0.22084976]
696
[0.31940394]
697
[0.31940394]
698
[0.31940394]
699
[0.31940394]
700
[0.31940394]
701
[0.00066226]
702
[0.31940394]
703
[0.31940394]
704
[0.31940394]
705
[0.12666191]
706
[0.31940394]
707
[0.12541439]
708
[0.31940394]
709
[0.31940394]
710
[0.31940394]
711
[0.31940394]
712
[0.31940394]
713
[0.31940394]
714
[0.31940394]
715
[0.31940394]
716
[0.31940394]
717
[0.31940394]
718
[0.31940394]
719
[0.04931559]
720
[0.06116704]
721
[0.31940394]
722
[0.20587951]
723
[0.31940394]
724
[0.11356294]
725
[0.31940394]
726
[0.31940394]
727
[0.06865217]
728
[0.31940394]
729
[0.31940394]
730
[0.31940394]
731
[0.31940394]
732
[0.31940394]
733
[0.31940394]
734
[0.31940394]
735
[0.31940394]
736
[0.31940394]
737
[0.31940394]
738
[0.12354311]
739
[0.31940394]
740
[0.20837455]
741
[0.31940394]
742
[0.31940394]
743
[0.13851336]
744
[0.00066226]
745
[0.31940394]
746
[0.31940394]
747
[0.04682055]
748
[0.31940394]
749
[0.1934043]
750
[0.1790578]
751
[0.31940394]
752
[0.31940394]
753
[0.31940394]
754
[0.0792561]
755
[0.31940394]
756
[0.31940394]
757
[0.26451301]
758
[0.31940394]
759
[0.31940394]
760
[0.25328532]
761
[0.09547388]
762
[0.31940394]
763
[0.31940394]
764
[0.22147352]
765
[0.31940394]
766
[0.0175038]
767
[0.31940394]
768
[0.31940394]
769
[0.12728567]
770
[0.24392891]
771
[0.31940394]
772
[0.29819608]
773
[0.31940394]
774
[0.31940394]
775
[0.15036481]
776
[0.31940394]
777
[0.00066226]
778
[0.03684038]
779
[0.10420653]
780
[0.28696839]
781
[0.00066226]
782
[0.31940394]
783
[0.16720635]
784
[0.22084976]
785
[0.31441386]
786
[0.31940394]
787
[0.29071095]
788
[0.31940394]
789
[0.24767147]
790
[0.31940394]
791
[0.29570104]
792
[0.02374141]
793
[0.31940394]
794
[0.31940394]
795
[0.30817625]
796
[0.14287969]
797
[0.31940394]
798
[0.31940394]
799
[0.31940394]
800
[0.31940394]
801
[0.31940394]
802
[0.13165199]
803
[0.31940394]
804
[0.31940394]
805
[0.01376124]
806
[0.31940394]
807
[0.26451301]
808
[0.31940394]
809
[0.31940394]
810
[0.12229558]
811
[0.31940394]
812
[0.31940394]
813
[0.00066226]
814
[0.30131488]
815
[0.2726219]
816
[0.31940394]
817
[0.31940394]
818
[0.31940394]
819
[0.31940394]
820
[0.31940394]
821
[0.31940394]
822
[0.20400823]
823
[0.31940394]
824
[0.31940394]
825
[0.15285986]
826
[0.06366209]
827
[0.06303833]
828
[0.31940394]
829
[0.31940394]
830
[0.31940394]
831
[0.31940394]
832
[0.16907763]
833
[0.00066226]
834
[0.11293918]
835
[0.31940394]
836
[0.00066226]
837
[0.31940394]
838
[0.12603815]
839
[0.31940394]
840
[0.31940394]
841
[0.31940394]
842
[0.23082993]
843
[0.31940394]
844
[0.00066226]
845
[0.31940394]
846
[0.31940394]
847
[0.31940394]
848
[0.31940394]
849
[0.31940394]
850
[0.00066226]
851
[0.31940394]
852
[0.31940394]
853
[0.27075061]
854
[0.31940394]
855
[0.00066226]
856
[0.31940394]
857
[0.24330515]
858
[0.31940394]
859
[0.20213694]
860
[0.15223609]
861
[0.31940394]
862
[0.31940394]
863
[0.11356294]
864
[0.31940394]
865
[0.31940394]
866
[0.31940394]
867
[0.31940394]
868
[0.31940394]
869
[0.31940394]
870
[0.31940394]
871
[0.31940394]
872
[0.18404789]
873
[0.00066226]
874
[0.31940394]
875
[0.31940394]
876
[0.31940394]
877
[0.31940394]
878
[0.31940394]
879
[0.31940394]
880
[0.31940394]
881
[0.31940394]
882
[0.31940394]
883
[0.31940394]
884
[0.31940394]
885
[0.31940394]
886
[0.31940394]
887
[0.31940394]
888
[0.29881984]
889
[0.31940394]
890
[0.31940394]
891
[0.02311765]
892
[0.31940394]
893
[0.23207745]
894
[0.31940394]
895
[0.31940394]
896
[0.11356294]
897
[0.31940394]
898
[0.31940394]
899
[0.31940394]
900
[0.31940394]
901
[0.31940394]
902
[0.31940394]
903
[0.2757407]
904
[0.31940394]
905
[0.31940394]
906
[0.31940394]
907
[0.09485012]
908
[0.31940394]
909
[0.22833489]
910
[0.31940394]
911
[0.31940394]
912
[0.31940394]
913
[0.23394874]
914
[0.31940394]
915
[0.31940394]
916
[0.30755249]
917
[0.31940394]
918
[0.31940394]
919
[0.00066226]
920
[0.28322583]
921
[0.00066226]
922
[0.31940394]
923
[0.31940394]
924
[0.04245422]
925
[0.17718652]
926
[0.31940394]
927
[0.31940394]
928
[0.31940394]
929
[0.31940394]
930
[0.21897848]
931
[0.31940394]
932
[0.31940394]
933
[0.31940394]
934
[0.31940394]
935
[0.00066226]
936
[0.10607781]
937
[0.23207745]
938
[0.31940394]
939
[0.31940394]
940
[0.31940394]
941
[0.31940394]
942
[0.00190978]
943
[0.0555532]
944
[0.31940394]
945
[0.29757232]
946
[0.31940394]
947
[0.31940394]
948
[0.31940394]
949
[0.00814739]
950
[0.31940394]
951
[0.06989969]
952
[0.31940394]
953
[0.31940394]
954
[0.31940394]
955
[0.31940394]
956
[0.31004753]
957
[0.00066226]
958
[0.31940394]
959
[0.31940394]
960
[0.31940394]
961
[0.31940394]
962
[0.31940394]
963
[0.31940394]
964
[0.06116704]
965
[0.31940394]
966
[0.10982037]
967
[0.31940394]
968
[0.31940394]
969
[0.31940394]
970
[0.31940394]
971
[0.16221626]
972
[0.31940394]
973
[0.31940394]
974
[0.31940394]
975
[0.2819783]
976
[0.31940394]
977
[0.31940394]
978
[0.31940394]
979
[0.31628514]
980
[0.31940394]
981
[0.31940394]
982
[0.31940394]
983
[0.04183046]
984
[0.22521609]
985
[0.31940394]
986
[0.20400823]
987
[0.00502859]
988
[0.31940394]
989
[0.31940394]
990
[0.31940394]
991
[0.28135454]
992
[0.31940394]
993
[0.00066226]
994
[0.31940394]
995
[0.31940394]
996
[0.00565235]
997
[0.31441386]
998
[0.09859268]
999
[0.31316634]
1000
[0.00066226]
1001
[0.31940394]
1002
[0.31940394]
1003
[0.31940394]
1004
[0.31940394]
1005
[0.31940394]
1006
[0.2345725]
1007
[0.20338447]
1008
[0.00066226]
1009
[0.20525575]
1010
[0.00253354]
1011
[0.00066226]
1012
[0.31940394]
1013
[0.11792926]
1014
[0.014385]
1015
[0.31940394]
1016
[0.08736499]
1017
[0.02374141]
1018
[0.31940394]
1019
[0.31940394]
1020
[0.31940394]
1021
[0.31940394]
1022
[0.00128602]
1023
[0.31940394]
1024
[0.31940394]
1025
[0.31940394]
1026
[0.0823749]
1027
[0.058672]
1028
[0.31940394]
1029
[0.31940394]
1030
[0.31940394]
1031
[0.31940394]
1032
[0.31940394]
1033
[0.31940394]
1034
[0.31940394]
1035
[0.1996419]
1036
[0.25640412]
1037
[0.31940394]
1038
[0.31940394]
1039
[0.31940394]
1040
[0.00066226]
1041
[0.12728567]
1042
[0.02935525]
1043
[0.27698822]
1044
[0.31940394]
1045
[0.31940394]
1046
[0.31940394]
1047
[0.31940394]
1048
[0.03559286]
1049
[0.23332498]
1050
[0.31940394]
1051
[0.31940394]
1052
[0.18030532]
1053
[0.31940394]
1054
[0.31940394]
1055
[0.31940394]
1056
[0.21648344]
1057
[0.31940394]
1058
[0.04869183]
1059
[0.31940394]
1060
[0.00066226]
1061
[0.18280037]
1062
[0.31940394]
1063
[0.29757232]
1064
[0.31940394]
1065
[0.31940394]
1066
[0.31940394]
1067
[0.31940394]
1068
[0.31940394]
1069
[0.31940394]
1070
[0.07488978]
1071
[0.31940394]
1072
[0.31940394]
1073
[0.0730185]
1074
[0.31940394]
1075
[0.31940394]
1076
[0.31940394]
1077
[0.20962207]
1078
[0.14225592]
1079
[0.31940394]
1080
[0.31940394]
1081
[0.08986003]
1082
[0.31129505]
1083
[0.31940394]
1084
[0.31940394]
1085
[0.26950309]
1086
[0.26638429]
1087
[0.31940394]
1088
[0.31940394]
1089
[0.31940394]
1090
[0.24580019]
1091
[0.31940394]
1092
[0.23020617]
1093
[0.31940394]
1094
[0.00066226]
1095
[0.05680072]
1096
[0.20962207]
1097
[0.31940394]
1098
[0.25889916]
1099
[0.31940394]
1100
[0.05118687]
1101
[0.31940394]
1102
[0.02748397]
1103
[0.07488978]
1104
[0.31940394]
1105
[0.18280037]
1106
[0.00066226]
1107
[0.31940394]
1108
[0.07738482]
1109
[0.00066226]
1110
[0.31940394]
1111
[0.31940394]
1112
[0.31940394]
1113
[0.31940394]
1114
[0.14599849]
1115
[0.01812756]
1116
[0.11543422]
1117
[0.31940394]
1118
[0.29195847]
1119
[0.31940394]
1120
[0.31940394]
1121
[0.31940394]
1122
[0.31628514]
1123
[0.31940394]
1124
[0.31940394]
1125
[0.31940394]
1126
[0.31940394]
1127
[0.31940394]
1128
[0.05181063]
1129
[0.31940394]
1130
[0.27636446]
1131
[0.31940394]
1132
[0.31940394]
1133
[0.31940394]
1134
[0.31940394]
1135
[0.00066226]
1136
[0.31940394]
1137
[0.02935525]
1138
[0.31940394]
1139
[0.31940394]
1140
[0.00066226]
1141
[0.06989969]
1142
[0.31940394]
1143
[0.31940394]
1144
[0.31940394]
1145
[0.31940394]
1146
[0.31940394]
1147
[0.31940394]
1148
[0.00066226]
1149
[0.31940394]
1150
[0.31940394]
1151
[0.0349691]
1152
[0.31940394]
1153
[0.31566138]
1154
[0.31940394]
1155
[0.00066226]
1156
[0.09796892]
1157
[0.31940394]
1158
[0.31940394]
1159
[0.01313747]
1160
[0.31940394]
1161
[0.31940394]
1162
[0.23706754]
1163
[0.31940394]
1164
[0.31940394]
1165
[0.31940394]
1166
[0.14350345]
1167
[0.31940394]
1168
[0.27823574]
1169
[0.31940394]
1170
[0.31940394]
1171
[0.31940394]
1172
[0.31940394]
1173
[0.31940394]
1174
[0.31940394]
1175
[0.26638429]
1176
[0.31940394]
1177
[0.09110755]
1178
[0.18966173]
1179
[0.31940394]
1180
[0.31940394]
1181
[0.00066226]
1182
[0.19777062]
1183
[0.30443369]
1184
[0.31940394]
1185
[0.00066226]
1186
[0.31940394]
1187
[0.26887933]
1188
[0.31940394]
1189
[0.31940394]
1190
[0.00066226]
1191
[0.31940394]
1192
[0.16221626]
1193
[0.31940394]
1194
[0.31940394]
1195
[0.19465182]
1196
[0.31940394]
1197
[0.12229558]
1198
[0.31940394]
1199
[0.06241456]
1200
[0.26576053]
1201
[0.31628514]
1202
[0.31940394]
1203
[0.25266156]
1204
[0.31940394]
1205
[0.31940394]
1206
[0.31940394]
1207
[0.24392891]
1208
[0.00066226]
1209
[0.16907763]
1210
[0.31940394]
1211
[0.31940394]
1212
[0.31940394]
1213
[0.31940394]
1214
[0.00066226]
1215
[0.31940394]
1216
[0.26264173]
1217
[0.28135454]
1218
[0.31940394]
1219
[0.10483029]
1220
[0.02436517]
1221
[0.2408101]
1222
[0.31940394]
1223
[0.19777062]
1224
[0.31940394]
1225
[0.31940394]
1226
[0.31940394]
1227
[0.31940394]
1228
[0.26014668]
1229
[0.31940394]
1230
[0.31940394]
1231
[0.00066226]
1232
[0.28260207]
1233
[0.31940394]
1234
[0.31940394]
1235
[0.31940394]
1236
[0.31940394]
1237
[0.1378896]
1238
[0.21149335]
1239
[0.00066226]
1240
[0.31940394]
1241
[0.31940394]
1242
[0.31940394]
1243
[0.31940394]
1244
[0.31940394]
1245
[0.28322583]
1246
[0.00066226]
1247
[0.31940394]
1248
[0.01001867]
1249
[0.00066226]
1250
[0.14163216]
1251
[0.06553337]
1252
[0.31940394]
1253
[0.0823749]
1254
[0.27449318]
1255
[0.00066226]
1256
[0.31940394]
1257
[0.2726219]
1258
[0.31940394]
1259
[0.31940394]
1260
[0.31940394]
1261
[0.1965231]
1262
[0.31940394]
1263
[0.31940394]
1264
[0.31940394]
1265
[0.31940394]
1266
[0.31940394]
1267
[0.31940394]
1268
[0.30006736]
1269
[0.12790943]
1270
[0.31940394]
1271
[0.00066226]
1272
[0.31940394]
1273
[0.00066226]
1274
[0.31940394]
1275
[0.31940394]
1276
[0.04744431]
1277
[0.31940394]
1278
[0.31940394]
1279
[0.31940394]
1280
[0.31940394]
1281
[0.31940394]
1282
[0.15161233]
1283
[0.31940394]
1284
[0.26264173]
1285
[0.31940394]
1286
[0.03372158]
1287
[0.31940394]
1288
[0.31940394]
1289
[0.31940394]
1290
[0.31940394]
1291
[0.00066226]
1292
[0.17157267]
1293
[0.31940394]
1294
[0.00752363]
1295
[0.08362243]
1296
[0.31940394]
1297
[0.31940394]
1298
[0.31940394]
1299
[0.31940394]
1300
[0.31940394]
1301
[0.29133471]
1302
[0.31940394]
1303
[0.31940394]
1304
[0.07426602]
1305
[0.01064243]
1306
[0.31940394]
1307
[0.25203779]
1308
[0.00066226]
1309
[0.31940394]
1310
[0.31067129]
1311
[0.31940394]
1312
[0.27698822]
1313
[0.31940394]
1314
[0.31940394]
1315
[0.23582002]
1316
[0.31940394]
1317
[0.30006736]
1318
[0.18280037]
1319
[0.02997901]
1320
[0.00066226]
1321
[0.17219643]
1322
[0.02623645]
1323
[0.09173131]
1324
[0.05804824]
1325
[0.31940394]
1326
[0.17968156]
1327
[0.00066226]
1328
[0.00066226]
1329
[0.31940394]
1330
[0.17656276]
1331
[0.00066226]
1332
[0.31940394]
1333
[0.31940394]
1334
[0.31940394]
1335
[0.31940394]
1336
[0.31940394]
1337
[0.31940394]
1338
[0.30880001]
1339
[0.31940394]
1340
[0.17968156]
1341
[0.10358277]
1342
[0.31940394]
1343
[0.31940394]
1344
[0.00066226]
1345
[0.06927593]
1346
[0.31940394]
1347
[0.2757407]
1348
[0.31940394]
1349
[0.00066226]
1350
[0.31940394]
1351
[0.00066226]
1352
[0.14475097]
1353
[0.31940394]
1354
[0.31940394]
1355
[0.04682055]
1356
[0.31940394]
1357
[0.31940394]
1358
[0.31940394]
1359
[0.29071095]
1360
[0.31940394]
1361
[0.31940394]
1362
[0.1996419]
1363
[0.08299867]
1364
[0.31940394]
1365
[0.31940394]
1366
[0.31940394]
1367
[0.31940394]
1368
[0.00066226]
1369
[0.31940394]
1370
[0.31940394]
1371
[0.31940394]
1372
[0.00066226]
1373
[0.31940394]
1374
[0.26950309]
1375
[0.31940394]
1376
[0.31940394]
1377
[0.19527558]
1378
[0.31940394]
1379
[0.00066226]
1380
[0.05804824]
1381
[0.31940394]
1382
[0.31940394]
1383
[0.31940394]
1384
[0.31940394]
1385
[0.31940394]
1386
[0.31940394]
1387
[0.31940394]
1388
[0.31940394]
1389
[0.31940394]
1390
[0.31940394]
1391
[0.31940394]
1392
[0.31940394]
1393
[0.31940394]
1394
[0.31940394]
1395
[0.31940394]
1396
[0.01812756]
1397
[0.31940394]
1398
[0.31940394]
1399
[0.31940394]
1400
[0.31940394]
1401
[0.20899831]
1402
[0.31940394]
1403
[0.31940394]
1404
[0.31940394]
1405
[0.21461216]
1406
[0.31940394]
1407
[0.31940394]
1408
[0.08986003]
1409
[0.31940394]
1410
[0.31940394]
1411
[0.31940394]
1412
[0.31940394]
1413
[0.31940394]
1414
[0.11169165]
1415
[0.31940394]
1416
[0.31940394]
1417
[0.31940394]
1418
[0.31940394]
1419
[0.30443369]
1420
[0.31940394]
1421
[0.10670157]
1422
[0.31940394]
1423
[0.31940394]
1424
[0.27137437]
1425
[0.31940394]
1426
[0.31940394]
1427
[0.28509711]
1428
[0.31940394]
1429
[0.26077044]
1430
[0.26638429]
1431
[0.00066226]
1432
[0.31940394]
1433
[0.03933542]
1434
[0.00066226]
1435
[0.31940394]
1436
[0.31940394]
1437
[0.00066226]
1438
[0.31940394]
1439
[0.15909746]
1440
[0.31940394]
1441
[0.00066226]
1442
[0.13726584]
1443
[0.31940394]
1444
[0.31940394]
1445
[0.06116704]
1446
[0.00066226]
1447
[0.31940394]
1448
[0.31940394]
1449
[0.31940394]
1450
[0.31940394]
1451
[0.08424619]
1452
[0.24580019]
1453
[0.00066226]
1454
[0.31940394]
1455
[0.31940394]
1456
[0.31940394]
1457
[0.21211711]
1458
[0.0823749]
1459
[0.13726584]
1460
[0.00066226]
1461
[0.31940394]
1462
[0.31940394]
1463
[0.02374141]
1464
[0.11169165]
1465
[0.31940394]
1466
[0.31940394]
1467
[0.31940394]
1468
[0.30755249]
1469
[0.31940394]
1470
[0.22521609]
1471
[0.31940394]
1472
[0.12416687]
1473
[0.31940394]
1474
[0.31940394]
1475
[0.31940394]
1476
[0.31940394]
1477
[0.02187012]
1478
[0.31940394]
1479
[0.31940394]
1480
[0.31940394]
1481
[0.31940394]
1482
[0.31940394]
1483
[0.00066226]
1484
[0.25640412]
1485
[0.31940394]
1486
[0.31940394]
1487
[0.03746414]
1488
[0.31940394]
1489
[0.31940394]
1490
[0.31940394]
1491
[0.31940394]
1492
[0.13352328]
1493
[0.31940394]
1494
[0.24455267]
1495
[0.31940394]
1496
[0.31940394]
1497
[0.31940394]
1498
[0.31940394]
1499
[0.31940394]
1500
[0.00066226]
1501
[0.31940394]
1502
[0.00066226]
1503
[0.00066226]
1504
[0.00066226]
1505
[0.31940394]
1506
[0.31940394]
1507
[0.0031573]
1508
[0.24580019]
1509
[0.31815642]
1510
[0.31940394]
1511
[0.31940394]
1512
[0.31940394]
1513
[0.31940394]
1514
[0.31940394]
1515
[0.31940394]
1516
[0.31940394]
1517
[0.31940394]
1518
[0.31940394]
1519
[0.31940394]
1520
[0.31940394]
1521
[0.31940394]
1522
[0.02249388]
1523
[0.12291935]
1524
[0.31940394]
1525
[0.31940394]
1526
[0.00066226]
1527
[0.00066226]
1528
[0.31940394]
1529
[0.15473114]
1530
[0.31940394]
1531
[0.14350345]
1532
[0.31940394]
1533
[0.2551566]
1534
[0.18280037]
1535
[0.31940394]
1536
[0.24455267]
1537
[0.31940394]
1538
[0.1173055]
1539
[0.31940394]
1540
[0.10171148]
1541
[0.23582002]
1542
[0.31940394]
1543
[0.00066226]
1544
[0.31940394]
1545
[0.0936026]
1546
[0.31940394]
1547
[0.31940394]
1548
[0.05181063]
1549
[0.31067129]
1550
[0.31940394]
1551
[0.31940394]
1552
[0.27449318]
1553
[0.17843404]
1554
[0.31940394]
1555
[0.00066226]
1556
[0.31940394]
1557
[0.08362243]
1558
[0.17531524]
1559
[0.31940394]
1560
[0.31940394]
1561
[0.31940394]
1562
[0.00066226]
1563
[0.16471131]
1564
[0.14974105]
1565
[0.31940394]
1566
[0.31940394]
1567
[0.31940394]
1568
[0.31940394]
1569
[0.31940394]
1570
[0.31940394]
1571
[0.31940394]
1572
[0.31940394]
1573
[0.31940394]
1574
[0.31940394]
1575
[0.27075061]
1576
[0.21274088]
1577
[0.31940394]
1578
[0.31940394]
1579
[0.19090925]
1580
[0.00814739]
1581
[0.31940394]
1582
[0.31940394]
1583
[0.27698822]
1584
[0.31940394]
1585
[0.31940394]
1586
[0.31940394]
1587
[0.10857285]
1588
[0.08549371]
1589
[0.17718652]
1590
[0.31940394]
1591
[0.31940394]
1592
[0.26326549]
1593
[0.31940394]
1594
[0.31940394]
1595
[0.31940394]
1596
[0.31940394]
1597
[0.31940394]
1598
[0.31940394]
1599
[0.14225592]
1600
[0.31940394]
1601
[0.31940394]
1602
[0.31940394]
1603
[0.31940394]
1604
[0.31940394]
1605
[0.31940394]
1606
[0.31940394]
1607
[0.00066226]
1608
[0.31940394]
1609
[0.31940394]
1610
[0.31940394]
1611
[0.31940394]
1612
[0.31940394]
1613
[0.31940394]
1614
[0.31940394]
1615
[0.04931559]
1616
[0.00066226]
1617
[0.293206]
1618
[0.31940394]
1619
[0.31940394]
1620
[0.04931559]
1621
[0.00066226]
1622
[0.31940394]
1623
[0.19028549]
1624
[0.31940394]
1625
[0.23893882]
1626
[0.31940394]
1627
[0.07738482]
1628
[0.31940394]
1629
[0.31940394]
1630
[0.31940394]
1631
[0.03559286]
1632
[0.31940394]
1633
[0.31940394]
1634
[0.09485012]
1635
[0.04370175]
1636
[0.10420653]
1637
[0.31940394]
1638
[0.175939]
1639
[0.175939]
1640
[0.31940394]
1641
[0.058672]
1642
[0.14537473]
1643
[0.31940394]
1644
[0.04619679]
1645
[0.16408755]
1646
[0.31940394]
1647
[0.31940394]
1648
[0.31940394]
1649
[0.31940394]
1650
[0.27386942]
1651
[0.31940394]
1652
[0.15161233]
1653
[0.31940394]
1654
[0.1790578]
1655
[0.31940394]
1656
[0.11605798]
1657
[0.31940394]
1658
[0.31940394]
1659
[0.31940394]
1660
[0.31940394]
1661
[0.24580019]
1662
[0.00066226]
1663
[0.31940394]
1664
[0.31940394]
1665
[0.00066226]
1666
[0.31940394]
1667
[0.2582754]
1668
[0.31940394]
1669
[0.31940394]
1670
[0.31940394]
1671
[0.31940394]
1672
[0.29881984]
1673
[0.21336464]
1674
[0.31940394]
1675
[0.31940394]
1676
[0.00066226]
1677
[0.29008719]
1678
[0.00066226]
1679
[0.25141403]
1680
[0.31940394]
1681
[0.29195847]
1682
[0.31940394]
1683
[0.00066226]
1684
[0.31940394]
1685
[0.14475097]
1686
[0.01563252]
1687
[0.31940394]
1688
[0.31940394]
1689
[0.26077044]
1690
[0.31940394]
1691
[0.08175114]
1692
[0.10670157]
1693
[0.31940394]
1694
[0.31940394]
1695
[0.31940394]
1696
[0.31940394]
1697
[0.31940394]
1698
[0.31940394]
1699
[0.15784994]
1700
[0.31940394]
1701
[0.11231541]
1702
[0.17344396]
1703
[0.31940394]
1704
[0.31940394]
1705
[0.31628514]
1706
[0.00066226]
1707
[0.31940394]
1708
[0.21461216]
1709
[0.31940394]
1710
[0.31940394]
1711
[0.31940394]
1712
[0.31940394]
1713
[0.02498893]
1714
[0.31940394]
1715
[0.31940394]
1716
[0.31940394]
1717
[0.08486995]
1718
[0.31940394]
1719
[0.31940394]
1720
[0.31940394]
1721
[0.31940394]
1722
[0.31940394]
1723
[0.31940394]
1724
[0.27698822]
1725
[0.31940394]
1726
[0.02311765]
1727
[0.31940394]
1728
[0.11980054]
1729
[0.26950309]
1730
[0.31940394]
1731
[0.05742448]
1732
[0.31441386]
1733
[0.31940394]
1734
[0.26825557]
1735
[0.31940394]
1736
[0.23956258]
1737
[0.31940394]
1738
[0.293206]
1739
[0.0380879]
1740
[0.22084976]
1741
[0.31940394]
1742
[0.25266156]
1743
[0.27636446]
1744
[0.31940394]
1745
[0.31940394]
1746
[0.31940394]
1747
[0.04557303]
1748
[0.20088942]
1749
[0.31940394]
1750
[0.31815642]
1751
[0.31940394]
1752
[0.31940394]
1753
[0.31940394]
1754
[0.31940394]
1755
[0.22396857]
1756
[0.31940394]
1757
[0.31940394]
1758
[0.19028549]
1759
[0.22958241]
1760
[0.31940394]
1761
[0.30069112]
1762
[0.31940394]
1763
[0.31940394]
1764
[0.31940394]
1765
[0.31940394]
1766
[0.31940394]
1767
[0.31940394]
1768
[0.10732533]
1769
[0.31940394]
1770
[0.27137437]
1771
[0.31940394]
1772
[0.00066226]
1773
[0.08486995]
1774
[0.31940394]
1775
[0.31940394]
1776
[0.00066226]
1777
[0.31940394]
1778
[0.31940394]
1779
[0.31940394]
1780
[0.31940394]
1781
[0.31940394]
1782
[0.04619679]
1783
[0.31940394]
1784
[0.31940394]
1785
[0.31940394]
1786
[0.18779045]
1787
[0.26201796]
1788
[0.00752363]
1789
[0.31940394]
1790
[0.21086959]
1791
[0.31940394]
1792
[0.21336464]
1793
[0.31940394]
1794
[0.17157267]
1795
[0.0555532]
1796
[0.31940394]
1797
[0.15597866]
1798
[0.11293918]
1799
[0.31940394]
1800
[0.00066226]
1801
[0.31940394]
1802
[0.00066226]
1803
[0.31940394]
1804
[0.31940394]
1805
[0.02686021]
1806
[0.01563252]
1807
[0.31940394]
1808
[0.00066226]
1809
[0.31940394]
1810
[0.30880001]
1811
[0.20276071]
1812
[0.31940394]
1813
[0.00066226]
1814
[0.31940394]
1815
[0.00066226]
1816
[0.31940394]
1817
[0.24767147]
1818
[0.02436517]
1819
[0.31940394]
1820
[0.31940394]
1821
[0.00190978]
1822
[0.31940394]
1823
[0.04619679]
1824
[0.31940394]
1825
[0.00066226]
1826
[0.31940394]
1827
[0.31940394]
1828
[0.31940394]
1829
[0.31940394]
1830
[0.28946343]
1831
[0.11356294]
1832
[0.00066226]
1833
[0.26700805]
1834
[0.00066226]
1835
[0.10545405]
1836
[0.31940394]
1837
[0.14163216]
1838
[0.31254258]
1839
[0.00066226]
1840
[0.31940394]
1841
[0.31940394]
1842
[0.02686021]
1843
[0.31940394]
1844
[0.31940394]
1845
[0.31940394]
1846
[0.12167182]
1847
[0.11855302]
1848
[0.31940394]
1849
[0.13913712]
1850
[0.31940394]
1851
[0.10919661]
1852
[0.2726219]
1853
[0.27386942]
1854
[0.31940394]
1855
[0.31940394]
1856
[0.31940394]
1857
[0.31940394]
1858
[0.31940394]
1859
[0.22833489]
1860
[0.23893882]
1861
[0.31940394]
1862
[0.23082993]
1863
[0.13165199]
1864
[0.13664208]
1865
[0.31940394]
1866
[0.28322583]
1867
[0.31940394]
1868
[0.31940394]
1869
[0.31940394]
1870
[0.03060277]
1871
[0.00066226]
1872
[0.31940394]
1873
[0.31940394]
1874
[0.31940394]
1875
[0.22272105]
1876
[0.31940394]
1877
[0.06553337]
1878
[0.31940394]
1879
[0.31940394]
1880
[0.0380879]
1881
[0.31940394]
1882
[0.31940394]
1883
[0.31940394]
1884
[0.09235507]
1885
[0.31940394]
1886
[0.31940394]
1887
[0.31940394]
1888
[0.31940394]
1889
[0.31940394]
1890
[0.23270122]
1891
[0.19901814]
1892
[0.23582002]
1893
[0.31940394]
1894
[0.20151318]
1895
[0.00066226]
1896
[0.1347708]
1897
[0.31940394]
1898
[0.20276071]
1899
[0.26201796]
1900
[0.20276071]
1901
[0.0349691]
1902
[0.12416687]
1903
[0.1996419]
1904
[0.31940394]
1905
[0.16595883]
1906
[0.31940394]
1907
[0.31940394]
1908
[0.31940394]
1909
[0.31940394]
1910
[0.03871166]
1911
[0.31940394]
1912
[0.31940394]
1913
[0.31940394]
1914
[0.31940394]
1915
[0.00066226]
1916
[0.15161233]
1917
[0.31940394]
1918
[0.04619679]
1919
[0.31940394]
1920
[0.00066226]
1921
[0.31940394]
1922
[0.22958241]
1923
[0.31940394]
1924
[0.31940394]
1925
[0.2171072]
1926
[0.1584737]
1927
[0.00066226]
1928
[0.31940394]
1929
[0.31940394]
1930
[0.05617696]
1931
[0.31940394]
1932
[0.31940394]
1933
[0.31940394]
1934
[0.31940394]
1935
[0.00066226]
1936
[0.31940394]
1937
[0.31940394]
1938
[0.31940394]
1939
[0.16471131]
1940
[0.31940394]
1941
[0.06241456]
1942
[0.31940394]
1943
[0.31940394]
1944
[0.31940394]
1945
[0.00066226]
1946
[0.00066226]
1947
[0.31940394]
1948
[0.31940394]
1949
[0.31940394]
1950
[0.16034498]
1951
[0.31940394]
1952
[0.03871166]
1953
[0.31940394]
1954
[0.31940394]
1955
[0.29071095]
1956
[0.1553549]
1957
[0.31940394]
1958
[0.11543422]
1959
[0.10295901]
1960
[0.31940394]
1961
[0.31940394]
1962
[0.03122653]
1963
[0.18966173]
1964
[0.0412067]
1965
[0.31940394]
1966
[0.00066226]
1967
[0.2963248]
1968
[0.0936026]
1969
[0.31940394]
1970
[0.31940394]
1971
[0.31940394]
1972
[0.31441386]
1973
[0.11917678]
1974
[0.31940394]
1975
[0.31940394]
1976
[0.31940394]
1977
[0.00066226]
1978
[0.09422636]
1979
[0.2613942]
1980
[0.31940394]
1981
[0.31940394]
1982
[0.31940394]
1983
[0.31940394]
1984
[0.31940394]
1985
[0.31940394]
1986
[0.2171072]
1987
[0.31940394]
1988
[0.05742448]
1989
[0.31940394]
1990
[0.31940394]
1991
[0.00066226]
1992
[0.31940394]
1993
[0.16408755]
1994
[0.27636446]
1995
[0.00066226]
1996
[0.31940394]
1997
[0.31940394]
1998
[0.01688004]
1999
[0.26264173]
2000
[0.31940394]
2001
[0.00066226]
2002
[0.31940394]
2003
[0.220226]
2004
[0.01999884]
2005
[0.31940394]
2006
[0.31940394]
2007
[0.30380993]
2008
[0.27636446]
2009
[0.19901814]
2010
[0.24767147]
2011
[0.00066226]
2012
[0.31940394]
2013
[0.2757407]
2014
[0.09485012]
2015
[0.31940394]
2016
[0.31940394]
2017
[0.31940394]
2018
[0.07177097]
2019
[0.31940394]
2020
[0.31940394]
2021
[0.31940394]
2022
[0.01688004]
2023
[0.31940394]
2024
[0.03247405]
2025
[0.31940394]
2026
[0.31940394]
2027
[0.31940394]
2028
[0.18280037]
2029
[0.31940394]
2030
[0.31940394]
2031
[0.00066226]
2032
[0.03995918]
2033
[0.21960224]
2034
[0.31940394]
2035
[0.31940394]
2036
[0.22272105]
2037
[0.31940394]
2038
[0.26825557]
2039
[0.25016651]
2040
[0.13851336]
2041
[0.27698822]
2042
[0.09734516]
2043
[0.31940394]
2044
[0.31254258]
2045
[0.00066226]
2046
[0.14724601]
2047
[0.31940394]
2048
[0.20899831]
2049
[0.31940394]
2050
[0.00066226]
2051
[0.31940394]
2052
[0.31940394]
2053
[0.31940394]
2054
[0.31940394]
2055
[0.31940394]
2056
[0.00066226]
2057
[0.31940394]
2058
[0.31940394]
2059
[0.27636446]
2060
[0.08050362]
2061
[0.31940394]
2062
[0.10420653]
2063
[0.31940394]
2064
[0.31940394]
2065
[0.31940394]
2066
[0.09609764]
2067
[0.31940394]
2068
[0.13227575]
2069
[0.31940394]
2070
[0.31940394]
2071
[0.31940394]
2072
[0.30131488]
2073
[0.31940394]
2074
[0.31940394]
2075
[0.31940394]
2076
[0.02187012]
2077
[0.27511694]
2078
[0.1173055]
2079
[0.31940394]
2080
[0.31940394]
2081
[0.31940394]
2082
[0.00066226]
2083
[0.31940394]
2084
[0.00066226]
2085
[0.31940394]
2086
[0.31940394]
2087
[0.20338447]
2088
[0.31940394]
2089
[0.29258224]
2090
[0.31940394]
2091
[0.07177097]
2092
[0.00066226]
2093
[0.31940394]
2094
[0.06927593]
2095
[0.06303833]
2096
[0.31940394]
2097
[0.15784994]
2098
[0.31940394]
2099
[0.00752363]
2100
[0.00066226]
2101
[0.31940394]
2102
[0.31940394]
2103
[0.06927593]
2104
[0.00066226]
2105
[0.31940394]
2106
[0.31940394]
2107
[0.31940394]
2108
[0.16658259]
2109
[0.31940394]
2110
[0.31940394]
2111
[0.31940394]
2112
[0.31940394]
2113
[0.31940394]
2114
[0.01937508]
2115
[0.31940394]
2116
[0.31940394]
2117
[0.31940394]
2118
[0.10857285]
2119
[0.31940394]
2120
[0.14599849]
2121
[0.31940394]
2122
[0.24642395]
2123
[0.31940394]
2124
[0.04058294]
2125
[0.31940394]
2126
[0.12915695]
2127
[0.23020617]
2128
[0.31940394]
2129
[0.31940394]
2130
[0.02436517]
2131
[0.31940394]
2132
[0.31940394]
2133
[0.01937508]
2134
[0.31940394]
2135
[0.31940394]
2136
[0.31940394]
2137
[0.31940394]
2138
[0.31940394]
2139
[0.31940394]
2140
[0.31940394]
2141
[0.31940394]
2142
[0.31940394]
2143
[0.31940394]
2144
[0.31940394]
2145
[0.00066226]
2146
[0.00066226]
2147
[0.31940394]
2148
[0.31940394]
2149
[0.00066226]
2150
[0.31940394]
2151
[0.03434534]
2152
[0.0349691]
2153
[0.31940394]
2154
[0.31940394]
2155
[0.31940394]
2156
[0.31940394]
2157
[0.31940394]
2158
[0.31940394]
2159
[0.0761373]
2160
[0.31940394]
2161
[0.15909746]
2162
[0.31940394]
2163
[0.31940394]
2164
[0.00066226]
2165
[0.00066226]
2166
[0.2345725]
2167
[0.03372158]
2168
[0.31940394]
2169
[0.31940394]
2170
[0.31940394]
2171
[0.31940394]
2172
[0.00066226]
2173
[0.31940394]
2174
[0.31940394]
2175
[0.31940394]
2176
[0.31940394]
2177
[0.31940394]
2178
[0.31940394]
2179
[0.31940394]
2180
[0.00066226]
2181
[0.31940394]
2182
[0.31940394]
2183
[0.31940394]
2184
[0.10420653]
2185
[0.31940394]
2186
[0.31940394]
2187
[0.31940394]
2188
[0.0998402]
2189
[0.31940394]
2190
[0.31940394]
2191
[0.31940394]
2192
[0.31940394]
2193
[0.31940394]
2194
[0.02311765]
2195
[0.31940394]
2196
[0.24392891]
2197
[0.11044413]
2198
[0.31940394]
2199
[0.31940394]
2200
[0.23270122]
2201
[0.31940394]
2202
[0.31940394]
2203
[0.31940394]
2204
[0.31191881]
2205
[0.31940394]
2206
[0.31940394]
2207
[0.31940394]
2208
[0.00066226]
2209
[0.31940394]
2210
[0.31940394]
2211
[0.31940394]
2212
[0.31940394]
2213
[0.10046396]
2214
[0.31940394]
2215
[0.31940394]
2216
[0.31940394]
2217
[0.20400823]
2218
[0.13352328]
2219
[0.02249388]
2220
[0.31940394]
2221
[0.13851336]
2222
[0.31940394]
2223
[0.31940394]
2224
[0.31940394]
2225
[0.26264173]
2226
[0.03247405]
2227
[0.23893882]
2228
[0.13352328]
2229
[0.31940394]
2230
[0.31940394]
2231
[0.30443369]
2232
[0.31940394]
2233
[0.31940394]
2234
[0.31940394]
2235
[0.28696839]
2236
[0.31940394]
2237
[0.31940394]
2238
[0.00066226]
2239
[0.31940394]
2240
[0.16346379]
2241
[0.31940394]
2242
[0.31940394]
2243
[0.31940394]
2244
[0.05492944]
2245
[0.31940394]
2246
[0.31940394]
2247
[0.31940394]
2248
[0.31628514]
2249
[0.31940394]
2250
[0.05742448]
2251
[0.00066226]
2252
[0.31940394]
2253
[0.12915695]
2254
[0.29757232]
2255
[0.31940394]
2256
[0.07364226]
2257
[0.31940394]
2258
[0.31940394]
2259
[0.13102823]
2260
[0.31940394]
2261
[0.31940394]
2262
[0.16221626]
2263
[0.31940394]
2264
[0.31940394]
2265
[0.31940394]
2266
[0.30131488]
2267
[0.10857285]
2268
[0.31940394]
2269
[0.31940394]
2270
[0.18841421]
2271
[0.31940394]
2272
[0.00066226]
2273
[0.31940394]
2274
[0.15909746]
2275
[0.24205762]
2276
[0.31940394]
2277
[0.13165199]
2278
[0.31940394]
2279
[0.00066226]
2280
[0.31940394]
2281
[0.31940394]
2282
[0.31940394]
2283
[0.31940394]
2284
[0.31940394]
2285
[0.31940394]
2286
[0.25266156]
2287
[0.31940394]
2288
[0.31940394]
2289
[0.31940394]
2290
[0.31940394]
2291
[0.31940394]
2292
[0.31940394]
2293
[0.22771113]
2294
[0.31940394]
2295
[0.175939]
2296
[0.31940394]
2297
[0.31940394]
2298
[0.31940394]
2299
[0.30755249]
2300
[0.31940394]
2301
[0.31940394]
2302
[0.07052345]
2303
[0.00066226]
2304
[0.31940394]
2305
[0.31940394]
2306
[0.31940394]
2307
[0.31940394]
2308
[0.31940394]
2309
[0.31940394]
2310
[0.00128602]
2311
[0.31940394]
2312
[0.31940394]
2313
[0.30318617]
2314
[0.31940394]
2315
[0.25079027]
2316
[0.31940394]
2317
[0.31940394]
2318
[0.00066226]
2319
[0.00066226]
2320
[0.31940394]
2321
[0.13040447]
2322
[0.16096874]
2323
[0.31940394]
2324
[0.31940394]
2325
[0.31940394]
2326
[0.13913712]
2327
[0.31940394]
2328
[0.31940394]
2329
[0.31940394]
2330
[0.07239473]
2331
[0.31940394]
2332
[0.00066226]
2333
[0.31940394]
2334
[0.09796892]
2335
[0.31940394]
2336
[0.31940394]
2337
[0.25578036]
2338
[0.02686021]
2339
[0.31940394]
2340
[0.31940394]
2341
[0.06428585]
2342
[0.00627611]
2343
[0.31940394]
2344
[0.0761373]
2345
[0.21149335]
2346
[0.31940394]
2347
[0.31940394]
2348
[0.31940394]
2349
[0.31940394]
2350
[0.10982037]
2351
[0.31940394]
2352
[0.01999884]
2353
[0.31940394]
2354
[0.22334481]
2355
[0.31940394]
2356
[0.31940394]
2357
[0.31940394]
2358
[0.31940394]
2359
[0.31004753]
2360
[0.31940394]
2361
[0.31940394]
2362
[0.31940394]
2363
[0.31940394]
2364
[0.00066226]
2365
[0.31940394]
2366
[0.31940394]
2367
[0.03559286]
2368
[0.30256241]
2369
[0.31940394]
2370
[0.22084976]
2371
[0.31940394]
2372
[0.23706754]
2373
[0.31940394]
2374
[0.11106789]
2375
[0.31940394]
2376
[0.31940394]
2377
[0.31940394]
2378
[0.31940394]
2379
[0.30880001]
2380
[0.31940394]
2381
[0.31940394]
2382
[0.31940394]
2383
[0.00066226]
2384
[0.31940394]
2385
[0.31940394]
2386
[0.28821591]
2387
[0.31940394]
2388
[0.01625628]
2389
[0.23893882]
2390
[0.31940394]
2391
[0.31628514]
2392
[0.31940394]
2393
[0.31940394]
2394
[0.31940394]
2395
[0.10046396]
2396
[0.31940394]
2397
[0.08175114]
2398
[0.31940394]
2399
[0.31940394]
2400
[0.31940394]
2401
[0.08798875]
2402
[0.31940394]
2403
[0.31940394]
2404
[0.17968156]
2405
[0.31940394]
2406
[0.31940394]
2407
[0.31940394]
2408
[0.31940394]
2409
[0.10483029]
2410
[0.01500876]
2411
[0.00066226]
2412
[0.00066226]
2413
[0.31940394]
2414
[0.29382976]
2415
[0.31940394]
2416
[0.31940394]
2417
[0.31940394]
2418
[0.07239473]
2419
[0.31940394]
2420
[0.24268139]
2421
[0.31940394]
2422
[0.31940394]
2423
[0.31940394]
2424
[0.00066226]
2425
[0.31940394]
2426
[0.31940394]
2427
[0.31940394]
2428
[0.31940394]
2429
[0.15597866]
2430
[0.31940394]
2431
[0.31940394]
2432
[0.31940394]
2433
[0.31940394]
2434
[0.31940394]
2435
[0.00689987]
2436
[0.31940394]
2437
[0.31940394]
2438
[0.22708737]
2439
[0.31940394]
2440
[0.21585968]
2441
[0.1173055]
2442
[0.31940394]
2443
[0.31940394]
2444
[0.31940394]
2445
[0.31940394]
2446
[0.18092908]
2447
[0.31940394]
2448
[0.31940394]
2449
[0.31940394]
2450
[0.31940394]
2451
[0.31940394]
2452
[0.27511694]
2453
[0.29694856]
2454
[0.00066226]
2455
[0.31940394]
2456
[0.31940394]
2457
[0.31940394]
2458
[0.31940394]
2459
[0.31940394]
2460
[0.31940394]
2461
[0.30318617]
2462
[0.31940394]
2463
[0.31940394]
2464
[0.31940394]
2465
[0.08050362]
2466
[0.31940394]
2467
[0.31940394]
2468
[0.1934043]
2469
[0.00066226]
2470
[0.31940394]
2471
[0.00066226]
2472
[0.31940394]
2473
[0.31815642]
2474
[0.31940394]
2475
[0.2551566]
2476
[0.31940394]
2477
[0.30630497]
2478
[0.27511694]
2479
[0.31940394]
2480
[0.31940394]
2481
[0.07676106]
2482
[0.0175038]
2483
[0.17469148]
2484
[0.07177097]
2485
[0.18467165]
2486
[0.31940394]
2487
[0.31940394]
2488
[0.31940394]
2489
[0.31940394]
2490
[0.22833489]
2491
[0.0206226]
2492
[0.30006736]
2493
[0.31940394]
2494
[0.00066226]
2495
[0.31940394]
2496
[0.31940394]
2497
[0.31940394]
2498
[0.31940394]
2499
[0.03185029]
2500
[0.31940394]
2501
[0.058672]
2502
[0.31940394]
2503
[0.31940394]
2504
[0.31940394]
2505
[0.00066226]
2506
[0.0823749]
2507
[0.31940394]
2508
[0.00066226]
2509
[0.00066226]
2510
[0.01625628]
2511
[0.11231541]
2512
[0.31940394]
2513
[0.31940394]
2514
[0.31940394]
2515
[0.31940394]
2516
[0.00066226]
2517
[0.18903797]
2518
[0.31940394]
2519
[0.31940394]
2520
[0.31940394]
2521
[0.31940394]
2522
[0.31940394]
2523
[0.31940394]
2524
[0.31940394]
2525
[0.31940394]
2526
[0.00066226]
2527
[0.00066226]
2528
[0.31940394]
2529
[0.16595883]
2530
[0.29133471]
2531
[0.19278054]
2532
[0.31940394]
2533
[0.31940394]
2534
[0.16658259]
2535
[0.01812756]
2536
[0.31940394]
2537
[0.31940394]
2538
[0.30817625]
2539
[0.31940394]
2540
[0.0349691]
2541
[0.25203779]
2542
[0.00066226]
2543
[0.08611747]
2544
[0.31940394]
2545
[0.01875132]
2546
[0.26201796]
2547
[0.31940394]
2548
[0.31940394]
2549
[0.1553549]
2550
[0.30817625]
2551
[0.21211711]
2552
[0.22646361]
2553
[0.31940394]
2554
[0.31940394]
2555
[0.31940394]
2556
[0.09485012]
2557
[0.31940394]
2558
[0.31940394]
2559
[0.31940394]
2560
[0.31940394]
2561
[0.31940394]
2562
[0.13289952]
2563
[0.31940394]
2564
[0.31254258]
2565
[0.06740465]
2566
[0.31940394]
2567
[0.14974105]
2568
[0.31940394]
2569
[0.31940394]
2570
[0.31940394]
2571
[0.00066226]
2572
[0.31940394]
2573
[0.31940394]
2574
[0.31940394]
2575
[0.28384959]
2576
[0.31940394]
2577
[0.31940394]
2578
[0.01001867]
2579
[0.31940394]
2580
[0.31940394]
2581
[0.13102823]
2582
[0.25889916]
2583
[0.31940394]
2584
[0.00066226]
2585
[0.28946343]
2586
[0.31940394]
2587
[0.31940394]
2588
[0.31940394]
2589
[0.31940394]
2590
[0.31940394]
2591
[0.00066226]
2592
[0.27511694]
2593
[0.00066226]
2594
[0.31940394]
2595
[0.31940394]
2596
[0.02249388]
2597
[0.31940394]
2598
[0.31940394]
2599
[0.31940394]
2600
[0.31940394]
2601
[0.31940394]
2602
[0.00066226]
2603
[0.31940394]
2604
[0.31940394]
2605
[0.31940394]
2606
[0.2963248]
2607
[0.31940394]
2608
[0.31940394]
2609
[0.31940394]
2610
[0.31940394]
2611
[0.31940394]
2612
[0.31940394]
2613
[0.31940394]
2614
[0.28696839]
2615
[0.31940394]
2616
[0.31940394]
2617
[0.00066226]
2618
[0.31940394]
2619
[0.31940394]
2620
[0.21835472]
2621
[0.31940394]
2622
[0.31940394]
2623
[0.31940394]
2624
[0.31940394]
2625
[0.31940394]
2626
[0.31940394]
2627
[0.10545405]
2628
[0.31940394]
2629
[0.06615713]
2630
[0.31940394]
2631
[0.31940394]
2632
[0.0730185]
2633
[0.31940394]
2634
[0.31940394]
2635
[0.31940394]
2636
[0.31940394]
2637
[0.30193864]
2638
[0.31940394]
2639
[0.31940394]
2640
[0.31940394]
2641
[0.18155284]
2642
[0.31940394]
2643
[0.31940394]
2644
[0.00253354]
2645
[0.21461216]
2646
[0.09547388]
2647
[0.31940394]
2648
[0.31940394]
2649
[0.0936026]
2650
[0.31940394]
2651
[0.10171148]
2652
[0.31940394]
2653
[0.28821591]
2654
[0.31940394]
2655
[0.31940394]
2656
[0.31940394]
2657
[0.30006736]
2658
[0.31940394]
2659
[0.21773096]
2660
[0.31940394]
2661
[0.31940394]
2662
[0.00440483]
2663
[0.31940394]
2664
[0.31940394]
2665
[0.31940394]
2666
[0.31940394]
2667
[0.31940394]
2668
[0.2408101]
2669
[0.31940394]
2670
[0.31940394]
2671
[0.0555532]
2672
[0.31940394]
2673
[0.05056311]
2674
[0.31940394]
2675
[0.31940394]
2676
[0.31940394]
2677
[0.31940394]
2678
[0.31940394]
2679
[0.1173055]
2680
[0.31940394]
2681
[0.18092908]
2682
[0.31940394]
2683
[0.31940394]
2684
[0.23020617]
2685
[0.05929576]
2686
[0.09422636]
2687
[0.07863234]
2688
[0.31940394]
2689
[0.28821591]
2690
[0.09297884]
2691
[0.31940394]
2692
[0.20088942]
2693
[0.00066226]
2694
[0.25079027]
2695
[0.19839438]
2696
[0.31940394]
2697
[0.17469148]
2698
[0.27199813]
2699
[0.31940394]
2700
[0.00689987]
2701
[0.00066226]
2702
[0.1821766]
2703
[0.31940394]
2704
[0.31940394]
2705
[0.24143386]
2706
[0.00066226]
2707
[0.31940394]
2708
[0.22771113]
2709
[0.31940394]
2710
[0.03746414]
2711
[0.0792561]
2712
[0.31940394]
2713
[0.18467165]
2714
[0.31940394]
2715
[0.31940394]
2716
[0.31940394]
2717
[0.31940394]
2718
[0.31940394]
2719
[0.31940394]
2720
[0.31940394]
2721
[0.31940394]
2722
[0.31940394]
2723
[0.31940394]
2724
[0.31940394]
2725
[0.31940394]
2726
[0.31940394]
2727
[0.13040447]
2728
[0.02436517]
2729
[0.31940394]
2730
[0.12104806]
2731
[0.25453284]
2732
[0.31940394]
2733
[0.31940394]
2734
[0.23893882]
2735
[0.08798875]
2736
[0.31940394]
2737
[0.31940394]
2738
[0.00066226]
2739
[0.31940394]
2740
[0.31940394]
2741
[0.31940394]
2742
[0.31940394]
2743
[0.31753266]
2744
[0.31940394]
2745
[0.11356294]
2746
[0.07052345]
2747
[0.31940394]
2748
[0.31940394]
2749
[0.31940394]
2750
[0.31940394]
2751
[0.22084976]
2752
[0.31940394]
2753
[0.31940394]
2754
[0.03746414]
2755
[0.31940394]
2756
[0.31940394]
2757
[0.00066226]
2758
[0.31940394]
2759
[0.13976088]
2760
[0.28010702]
2761
[0.00066226]
2762
[0.26950309]
2763
[0.31940394]
2764
[0.02374141]
2765
[0.31940394]
2766
[0.31940394]
2767
[0.31940394]
2768
[0.22583985]
2769
[0.31940394]
2770
[0.12666191]
2771
[0.31940394]
2772
[0.31940394]
2773
[0.25889916]
2774
[0.31940394]
2775
[0.31940394]
2776
[0.31940394]
2777
[0.00752363]
2778
[0.00066226]
2779
[0.20712703]
2780
[0.26825557]
2781
[0.21960224]
2782
[0.12728567]
2783
[0.2139884]
2784
[0.31940394]
2785
[0.30817625]
2786
[0.31940394]
2787
[0.31940394]
2788
[0.31940394]
2789
[0.31940394]
2790
[0.31940394]
2791
[0.31940394]
2792
[0.00066226]
2793
[0.29507728]
2794
[0.21897848]
2795
[0.14350345]
2796
[0.31940394]
2797
[0.31940394]
2798
[0.31940394]
2799
[0.25578036]
2800
[0.31940394]
2801
[0.22272105]
2802
[0.31254258]
2803
[0.31940394]
2804
[0.31940394]
2805
[0.01251371]
2806
[0.31940394]
2807
[0.31940394]
2808
[0.31940394]
2809
[0.31628514]
2810
[0.31940394]
2811
[0.31940394]
2812
[0.31940394]
2813
[0.31940394]
2814
[0.31940394]
2815
[0.23831506]
2816
[0.07987986]
2817
[0.31940394]
2818
[0.1347708]
2819
[0.31940394]
2820
[0.31940394]
2821
[0.31940394]
2822
[0.24891899]
2823
[0.00066226]
2824
[0.31940394]
2825
[0.31940394]
2826
[0.31940394]
2827
[0.31940394]
2828
[0.31940394]
2829
[0.03372158]
2830
[0.31940394]
2831
[0.31940394]
2832
[0.31940394]
2833
[0.12603815]
2834
[0.31940394]
2835
[0.00066226]
2836
[0.31940394]
2837
[0.31940394]
2838
[0.31940394]
2839
[0.31940394]
2840
[0.31940394]
2841
[0.26825557]
2842
[0.28260207]
2843
[0.31940394]
2844
[0.31940394]
2845
[0.28322583]
2846
[0.31940394]
2847
[0.31940394]
2848
[0.31940394]
2849
[0.31940394]
2850
[0.31940394]
2851
[0.31940394]
2852
[0.31940394]
2853
[0.31940394]
2854
[0.31940394]
2855
[0.00066226]
2856
[0.31940394]
2857
[0.31940394]
2858
[0.31940394]
2859
[0.22833489]
2860
[0.31940394]
2861
[0.31940394]
2862
[0.00066226]
2863
[0.31940394]
2864
[0.31940394]
2865
[0.31940394]
2866
[0.31940394]
2867
[0.31940394]
2868
[0.31940394]
2869
[0.31940394]
2870
[0.30755249]
2871
[0.31940394]
2872
[0.31940394]
2873
[0.31940394]
2874
[0.31940394]
2875
[0.12479063]
2876
[0.31940394]
2877
[0.14225592]
2878
[0.31940394]
2879
[0.31940394]
2880
[0.31940394]
2881
[0.08923627]
2882
[0.31940394]
2883
[0.31940394]
2884
[0.31940394]
2885
[0.31940394]
2886
[0.31940394]
2887
[0.31940394]
2888
[0.31940394]
2889
[0.18467165]
2890
[0.10732533]
2891
[0.31940394]
2892
[0.31940394]
2893
[0.31940394]
2894
[0.31940394]
2895
[0.31940394]
2896
[0.31940394]
2897
[0.0730185]
2898
[0.31940394]
2899
[0.31940394]
2900
[0.04744431]
2901
[0.31940394]
2902
[0.31940394]
2903
[0.31940394]
2904
[0.31940394]
2905
[0.31940394]
2906
[0.31940394]
2907
[0.31940394]
2908
[0.31940394]
2909
[0.31940394]
2910
[0.04806807]
2911
[0.31940394]
2912
[0.31940394]
2913
[0.31940394]
2914
[0.31940394]
2915
[0.1615925]
2916
[0.11106789]
2917
[0.31940394]
2918
[0.27511694]
2919
[0.31940394]
2920
[0.31940394]
2921
[0.15410738]
2922
[0.31940394]
2923
[0.31940394]
2924
[0.31940394]
2925
[0.28946343]
2926
[0.31940394]
2927
[0.00066226]
2928
[0.31940394]
2929
[0.06865217]
2930
[0.31940394]
2931
[0.31940394]
2932
[0.29694856]
2933
[0.31940394]
2934
[0.03746414]
2935
[0.31940394]
2936
[0.25266156]
2937
[0.31940394]
2938
[0.01563252]
2939
[0.31940394]
2940
[0.15722618]
2941
[0.31940394]
2942
[0.31940394]
2943
[0.31940394]
2944
[0.31940394]
2945
[0.31940394]
2946
[0.25453284]
2947
[0.08798875]
2948
[0.31940394]
2949
[0.00066226]
2950
[0.175939]
2951
[0.31940394]
2952
[0.1378896]
2953
[0.00066226]
2954
[0.31940394]
2955
[0.31940394]
2956
[0.13227575]
2957
[0.31940394]
2958
[0.2726219]
2959
[0.31940394]
2960
[0.31940394]
2961
[0.31940394]
2962
[0.31940394]
2963
[0.03372158]
2964
[0.31940394]
2965
[0.31940394]
2966
[0.0823749]
2967
[0.31940394]
2968
[0.00502859]
2969
[0.31940394]
2970
[0.31940394]
2971
[0.23706754]
2972
[0.31940394]
2973
[0.31940394]
2974
[0.31940394]
2975
[0.3169089]
2976
[0.31940394]
2977
[0.08986003]
2978
[0.31940394]
2979
[0.31940394]
2980
[0.09547388]
2981
[0.31940394]
2982
[0.31940394]
2983
[0.07987986]
2984
[0.0792561]
2985
[0.31940394]
2986
[0.00190978]
2987
[0.06366209]
2988
[0.31940394]
2989
[0.31940394]
2990
[0.28073078]
2991
[0.03995918]
2992
[0.31940394]
2993
[0.31940394]
2994
[0.31940394]
2995
[0.06428585]
2996
[0.31940394]
2997
[0.00066226]
2998
[0.14350345]
2999
[0.22958241]
3000
[0.0998402]
3001
[0.31940394]
3002
[0.12416687]
3003
[0.31940394]
3004
[0.06865217]
3005
[0.31940394]
3006
[0.31940394]
3007
[0.00066226]
3008
[0.11231541]
3009
[0.31940394]
3010
[0.31940394]
3011
[0.23582002]
3012
[0.31940394]
3013
[0.31940394]
3014
[0.31940394]
3015
[0.17219643]
3016
[0.31940394]
3017
[0.31940394]
3018
[0.15161233]
3019
[0.31940394]
3020
[0.31940394]
3021
[0.31940394]
3022
[0.31940394]
3023
[0.31940394]
3024
[0.14350345]
3025
[0.31940394]
3026
[0.1410084]
3027
[0.18404789]
3028
[0.293206]
3029
[0.31940394]
3030
[0.31940394]
3031
[0.08923627]
3032
[0.31940394]
3033
[0.23394874]
3034
[0.00066226]
3035
[0.31940394]
3036
[0.31940394]
3037
[0.31940394]
3038
[0.00066226]
3039
[0.31940394]
3040
[0.12790943]
3041
[0.23831506]
3042
[0.11917678]
3043
[0.31940394]
3044
[0.22958241]
3045
[0.31940394]
3046
[0.31940394]
3047
[0.31940394]
3048
[0.31940394]
3049
[0.31940394]
3050
[0.31940394]
3051
[0.05181063]
3052
[0.31940394]
3053
[0.31940394]
3054
[0.05243439]
3055
[0.31940394]
3056
[0.31940394]
3057
[0.31940394]
3058
[0.31940394]
3059
[0.31940394]
3060
[0.31940394]
3061
[0.22708737]
3062
[0.31940394]
3063
[0.31940394]
3064
[0.31940394]
3065
[0.31940394]
3066
[0.05991952]
3067
[0.31940394]
3068
[0.15722618]
3069
[0.09921644]
3070
[0.31940394]
3071
[0.10358277]
3072
[0.31940394]
3073
[0.19777062]
3074
[0.31940394]
3075
[0.31940394]
3076
[0.31940394]
3077
[0.31940394]
3078
[0.0412067]
3079
[0.04183046]
3080
[0.31940394]
3081
[0.31940394]
3082
[0.31940394]
3083
[0.3169089]
3084
[0.31940394]
3085
[0.19527558]
3086
[0.31940394]
3087
[0.31940394]
3088
[0.10295901]
3089
[0.31940394]
3090
[0.30443369]
3091
[0.18591917]
3092
[0.31940394]
3093
[0.31940394]
3094
[0.31940394]
3095
[0.31940394]
3096
[0.31940394]
3097
[0.26077044]
3098
[0.16658259]
3099
[0.31940394]
3100
[0.00066226]
3101
[0.04557303]
3102
[0.31940394]
3103
[0.23020617]
3104
[0.22334481]
3105
[0.31940394]
3106
[0.31940394]
3107
[0.31940394]
3108
[0.00066226]
3109
[0.31940394]
3110
[0.31940394]
3111
[0.11855302]
3112
[0.17718652]
3113
[0.1378896]
3114
[0.31940394]
3115
[0.31940394]
3116
[0.31940394]
3117
[0.31940394]
3118
[0.31940394]
3119
[0.31940394]
3120
[0.31940394]
3121
[0.31940394]
3122
[0.07488978]
3123
[0.31940394]
3124
[0.31940394]
3125
[0.14786977]
3126
[0.31940394]
3127
[0.0412067]
3128
[0.02374141]
3129
[0.08424619]
3130
[0.31940394]
3131
[0.2551566]
3132
[0.31940394]
3133
[0.31940394]
3134
[0.31940394]
3135
[0.31940394]
3136
[0.05056311]
3137
[0.26950309]
3138
[0.31940394]
3139
[0.2963248]
3140
[0.17469148]
3141
[0.31940394]
3142
[0.1204243]
3143
[0.31940394]
3144
[0.31940394]
3145
[0.31940394]
3146
[0.31940394]
3147
[0.31940394]
3148
[0.17531524]
3149
[0.31940394]
3150
[0.28821591]
3151
[0.31940394]
3152
[0.31940394]
3153
[0.26513677]
3154
[0.18841421]
3155
[0.00066226]
3156
[0.01251371]
3157
[0.31940394]
3158
[0.1790578]
3159
[0.31940394]
3160
[0.31940394]
3161
[0.0555532]
3162
[0.31940394]
3163
[0.12978071]
3164
[0.31940394]
3165
[0.31940394]
3166
[0.31940394]
3167
[0.29258224]
3168
[0.22583985]
3169
[0.31940394]
3170
[0.31940394]
3171
[0.31940394]
3172
[0.05305816]
3173
[0.31940394]
3174
[0.16346379]
3175
[0.30069112]
3176
[0.20712703]
3177
[0.05929576]
3178
[0.24392891]
3179
[0.31940394]
3180
[0.31940394]
3181
[0.31940394]
3182
[0.31940394]
3183
[0.31940394]
3184
[0.31940394]
3185
[0.31940394]
3186
[0.00066226]
3187
[0.31940394]
3188
[0.28696839]
3189
[0.31940394]
3190
[0.31940394]
3191
[0.31940394]
3192
[0.31940394]
3193
[0.08923627]
3194
[0.31940394]
3195
[0.31940394]
3196
[0.19028549]
3197
[0.12541439]
3198
[0.31940394]
3199
[0.31940394]
3200
[0.31940394]
3201
[0.31940394]
3202
[0.31940394]
3203
[0.31940394]
3204
[0.31940394]
3205
[0.31940394]
3206
[0.02561269]
3207
[0.31940394]
3208
[0.31940394]
3209
[0.27075061]
3210
[0.11044413]
3211
[0.31940394]
3212
[0.11231541]
3213
[0.30755249]
3214
[0.31940394]
3215
[0.31940394]
3216
[0.31940394]
3217
[0.31940394]
3218
[0.14849353]
3219
[0.31940394]
3220
[0.00066226]
3221
[0.31940394]
3222
[0.31940394]
3223
[0.31940394]
3224
[0.31940394]
3225
[0.31940394]
3226
[0.31940394]
3227
[0.31940394]
3228
[0.27012685]
3229
[0.31940394]
3230
[0.31940394]
3231
[0.31940394]
3232
[0.31940394]
3233
[0.27199813]
3234
[0.31940394]
3235
[0.31940394]
3236
[0.17406772]
3237
[0.31940394]
3238
[0.1790578]
3239
[0.31940394]
3240
[0.31940394]
3241
[0.31940394]
3242
[0.03247405]
3243
[0.22334481]
3244
[0.31940394]
3245
[0.20338447]
3246
[0.31940394]
3247
[0.31940394]
3248
[0.31940394]
3249
[0.31940394]
3250
[0.31940394]
3251
[0.31940394]
3252
[0.31940394]
3253
[0.00066226]
3254
[0.31940394]
3255
[0.04183046]
3256
[0.31940394]
3257
[0.31940394]
3258
[0.31940394]
3259
[0.31940394]
3260
[0.31940394]
3261
[0.31940394]
3262
[0.31940394]
3263
[0.19278054]
3264
[0.31940394]
3265
[0.31940394]
3266
[0.0730185]
3267
[0.26887933]
3268
[0.02686021]
3269
[0.31940394]
3270
[0.08486995]
3271
[0.31940394]
3272
[0.31940394]
3273
[0.31940394]
3274
[0.00066226]
3275
[0.31940394]
3276
[0.13851336]
3277
[0.00066226]
3278
[0.31940394]
3279
[0.31940394]
3280
[0.24891899]
3281
[0.31940394]
3282
[0.00066226]
3283
[0.31940394]
3284
[0.31940394]
3285
[0.31940394]
3286
[0.31940394]
3287
[0.31940394]
3288
[0.31940394]
3289
[0.31940394]
3290
[0.31940394]
3291
[0.00066226]
3292
[0.31940394]
3293
[0.31940394]
3294
[0.31940394]
3295
[0.31940394]
3296
[0.01376124]
3297
[0.23582002]
3298
[0.31940394]
3299
[0.31940394]
3300
[0.31940394]
3301
[0.31940394]
3302
[0.02810773]
3303
[0.27324566]
3304
[0.00066226]
3305
[0.31940394]
3306
[0.31940394]
3307
[0.30006736]
3308
[0.31940394]
3309
[0.00066226]
3310
[0.31940394]
3311
[0.31940394]
3312
[0.19465182]
3313
[0.31940394]
3314
[0.31940394]
3315
[0.31940394]
3316
[0.31940394]
3317
[0.31940394]
3318
[0.31940394]
3319
[0.03933542]
3320
[0.01937508]
3321
[0.24767147]
3322
[0.01937508]
3323
[0.31628514]
3324
[0.01937508]
3325
[0.08674123]
3326
[0.31940394]
3327
[0.00066226]
3328
[0.31940394]
3329
[0.28509711]
3330
[0.31940394]
3331
[0.31940394]
3332
[0.04931559]
3333
[0.31940394]
3334
[0.2963248]
3335
[0.31940394]
3336
[0.25640412]
3337
[0.31940394]
3338
[0.31940394]
3339
[0.2757407]
3340
[0.31940394]
3341
[0.31940394]
3342
[0.31940394]
3343
[0.31940394]
3344
[0.31940394]
3345
[0.31940394]
3346
[0.0031573]
3347
[0.31940394]
3348
[0.00066226]
3349
[0.02997901]
3350
[0.09921644]
3351
[0.31940394]
3352
[0.31940394]
3353
[0.31940394]
3354
[0.00066226]
3355
[0.31940394]
3356
[0.31940394]
3357
[0.31940394]
3358
[0.00066226]
3359
[0.31129505]
3360
[0.00066226]
3361
[0.21149335]
3362
[0.31940394]
3363
[0.31940394]
3364
[0.20650327]
3365
[0.31940394]
3366
[0.31940394]
3367
[0.31940394]
3368
[0.31940394]
3369
[0.31940394]
3370
[0.31940394]
3371
[0.31940394]
3372
[0.06927593]
3373
[0.21585968]
3374
[0.31940394]
3375
[0.31940394]
3376
[0.31940394]
3377
[0.00066226]
3378
[0.2788595]
3379
[0.31940394]
3380
[0.31940394]
3381
[0.00066226]
3382
[0.18155284]
3383
[0.31940394]
3384
[0.31940394]
3385
[0.05991952]
3386
[0.00066226]
3387
[0.31940394]
3388
[0.11543422]
3389
[0.23020617]
3390
[0.31940394]
3391
[0.31940394]
3392
[0.09547388]
3393
[0.31753266]
3394
[0.31940394]
3395
[0.00066226]
3396
[0.31940394]
3397
[0.13352328]
3398
[0.31940394]
3399
[0.31940394]
3400
[0.31940394]
3401
[0.16533507]
3402
[0.31940394]
3403
[0.31940394]
3404
[0.31940394]
3405
[0.31940394]
3406
[0.31940394]
3407
[0.19028549]
3408
[0.19028549]
3409
[0.13851336]
3410
[0.31940394]
3411
[0.31940394]
3412
[0.00066226]
3413
[0.31940394]
3414
[0.25578036]
3415
[0.30505745]
3416
[0.31940394]
3417
[0.11855302]
3418
[0.31940394]
3419
[0.31940394]
3420
[0.31940394]
3421
[0.31940394]
3422
[0.13102823]
3423
[0.00066226]
3424
[0.31940394]
3425
[0.31940394]
3426
[0.18529541]
3427
[0.17968156]
3428
[0.31940394]
3429
[0.31940394]
3430
[0.31940394]
3431
[0.31940394]
3432
[0.31940394]
3433
[0.31940394]
3434
[0.31940394]
3435
[0.31940394]
3436
[0.26077044]
3437
[0.01126619]
3438
[0.00066226]
3439
[0.31940394]
3440
[0.20151318]
3441
[0.31940394]
3442
[0.31940394]
3443
[0.00066226]
3444
[0.31940394]
3445
[0.05305816]
3446
[0.06553337]
3447
[0.31940394]
3448
[0.31940394]
3449
[0.28634463]
3450
[0.15161233]
3451
[0.31940394]
3452
[0.31940394]
3453
[0.31940394]
3454
[0.31940394]
3455
[0.31940394]
3456
[0.02748397]
3457
[0.06116704]
3458
[0.00066226]
3459
[0.31940394]
3460
[0.31940394]
3461
[0.31940394]
3462
[0.31940394]
3463
[0.31940394]
3464
[0.00066226]
3465
[0.31940394]
3466
[0.31940394]
3467
[0.31940394]
3468
[0.31940394]
3469
[0.31940394]
3470
[0.04744431]
3471
[0.25889916]
3472
[0.31940394]
3473
[0.23582002]
3474
[0.31940394]
3475
[0.31940394]
3476
[0.31940394]
3477
[0.00066226]
3478
[0.06241456]
3479
[0.31940394]
3480
[0.00190978]
3481
[0.31940394]
3482
[0.31940394]
3483
[0.09110755]
3484
[0.31940394]
3485
[0.31940394]
3486
[0.31940394]
3487
[0.31940394]
3488
[0.31940394]
3489
[0.31940394]
3490
[0.31940394]
3491
[0.02124636]
3492
[0.2788595]
3493
[0.31940394]
3494
[0.31940394]
3495
[0.31940394]
3496
[0.31940394]
3497
[0.31940394]
3498
[0.31940394]
3499
[0.03933542]
3500
[0.31940394]
3501
[0.31940394]
3502
[0.00066226]
3503
[0.31940394]
3504
[0.01688004]
3505
[0.31940394]
3506
[0.06116704]
3507
[0.25390908]
3508
[0.24392891]
3509
[0.30256241]
3510
[0.31940394]
3511
[0.11481046]
3512
[0.31940394]
3513
[0.30942377]
3514
[0.01376124]
3515
[0.31940394]
3516
[0.31940394]
3517
[0.31940394]
3518
[0.31940394]
3519
[0.31940394]
3520
[0.31940394]
3521
[0.31940394]
3522
[0.31940394]
3523
[0.31940394]
3524
[0.31940394]
3525
[0.31940394]
3526
[0.31940394]
3527
[0.31940394]
3528
[0.23082993]
3529
[0.29008719]
3530
[0.31940394]
3531
[0.16845387]
3532
[0.31940394]
3533
[0.31940394]
3534
[0.28634463]
3535
[0.00066226]
3536
[0.15036481]
3537
[0.31940394]
3538
[0.00066226]
3539
[0.31940394]
3540
[0.31940394]
3541
[0.07987986]
3542
[0.00066226]
3543
[0.31940394]
3544
[0.19901814]
3545
[0.10919661]
3546
[0.05243439]
3547
[0.31940394]
3548
[0.31940394]
3549
[0.31940394]
3550
[0.26887933]
3551
[0.31940394]
3552
[0.31940394]
3553
[0.31940394]
3554
[0.31940394]
3555
[0.31940394]
3556
[0.31940394]
3557
[0.31940394]
3558
[0.31940394]
3559
[0.31940394]
3560
[0.28883967]
3561
[0.31940394]
3562
[0.22833489]
3563
[0.22958241]
3564
[0.31940394]
3565
[0.31940394]
3566
[0.31940394]
3567
[0.16096874]
3568
[0.19527558]
3569
[0.31940394]
3570
[0.28821591]
3571
[0.31940394]
3572
[0.07239473]
3573
[0.31940394]
3574
[0.31940394]
3575
[0.31940394]
3576
[0.31940394]
3577
[0.1173055]
3578
[0.31940394]
3579
[0.31940394]
3580
[0.31940394]
3581
[0.31940394]
3582
[0.31940394]
3583
[0.31940394]
3584
[0.31940394]
3585
[0.14599849]
3586
[0.31940394]
3587
[0.31940394]
3588
[0.22459233]
3589
[0.17718652]
3590
[0.31940394]
3591
[0.31940394]
3592
[0.13352328]
3593
[0.31940394]
3594
[0.31940394]
3595
[0.31940394]
3596
[0.31940394]
3597
[0.31940394]
3598
[0.31940394]
3599
[0.05056311]
3600
[0.17344396]
3601
[0.16533507]
3602
[0.31940394]
3603
[0.06553337]
3604
[0.12728567]
3605
[0.31940394]
3606
[0.20463199]
3607
[0.00066226]
3608
[0.12104806]
3609
[0.18155284]
3610
[0.09485012]
3611
[0.27948326]
3612
[0.23020617]
3613
[0.31940394]
3614
[0.31940394]
3615
[0.31940394]
3616
[0.31940394]
3617
[0.27199813]
3618
[0.19527558]
3619
[0.31940394]
3620
[0.31940394]
3621
[0.03621662]
3622
[0.31940394]
3623
[0.00066226]
3624
[0.31940394]
3625
[0.31940394]
3626
[0.00066226]
3627
[0.31940394]
3628
[0.00689987]
3629
[0.31940394]
3630
[0.31940394]
3631
[0.08798875]
3632
[0.27449318]
3633
[0.20088942]
3634
[0.31940394]
3635
[0.31940394]
3636
[0.22209728]
3637
[0.31940394]
3638
[0.12666191]
3639
[0.00066226]
3640
[0.31940394]
3641
[0.09734516]
3642
[0.31940394]
3643
[0.31940394]
3644
[0.29071095]
3645
[0.19527558]
3646
[0.31940394]
3647
[0.12853319]
3648
[0.25702788]
3649
[0.1173055]
3650
[0.00066226]
3651
[0.31940394]
3652
[0.31940394]
3653
[0.31940394]
3654
[0.2345725]
3655
[0.31940394]
3656
[0.31940394]
3657
[0.31940394]
3658
[0.31940394]
3659
[0.31940394]
3660
[0.06116704]
3661
[0.31940394]
3662
[0.31940394]
3663
[0.30568121]
3664
[0.31940394]
3665
[0.31940394]
3666
[0.31940394]
3667
[0.10670157]
3668
[0.16845387]
3669
[0.10545405]
3670
[0.31940394]
3671
[0.00066226]
3672
[0.31940394]
3673
[0.00066226]
3674
[0.08299867]
3675
[0.31940394]
3676
[0.17406772]
3677
[0.12853319]
3678
[0.31940394]
3679
[0.2963248]
3680
[0.13352328]
3681
[0.21835472]
3682
[0.07177097]
3683
[0.31940394]
3684
[0.31940394]
3685
[0.31940394]
3686
[0.31940394]
3687
[0.31940394]
3688
[0.29071095]
3689
[0.31940394]
3690
[0.24642395]
3691
[0.23582002]
3692
[0.31940394]
3693
[0.28821591]
3694
[0.31940394]
3695
[0.31940394]
3696
[0.00066226]
3697
[0.00066226]
3698
[0.31940394]
3699
[0.31940394]
3700
[0.31940394]
3701
[0.28509711]
3702
[0.31940394]
3703
[0.31940394]
3704
[0.31940394]
3705
[0.0792561]
3706
[0.17469148]
3707
[0.31940394]
3708
[0.31940394]
3709
[0.1173055]
3710
[0.31940394]
3711
[0.27012685]
3712
[0.31940394]
3713
[0.31940394]
3714
[0.02187012]
3715
[0.31940394]
3716
[0.31940394]
3717
[0.31940394]
3718
[0.27324566]
3719
[0.00066226]
3720
[0.28821591]
3721
[0.31940394]
3722
[0.31940394]
3723
[0.00066226]
3724
[0.00066226]
3725
[0.31940394]
3726
[0.31940394]
3727
[0.00877115]
3728
[0.31940394]
3729
[0.31940394]
3730
[0.31940394]
3731
[0.29008719]
3732
[0.31940394]
3733
[0.31940394]
3734
[0.09110755]
3735
[0.13851336]
3736
[0.31940394]
3737
[0.24143386]
3738
[0.00066226]
3739
[0.31940394]
3740
[0.31940394]
3741
[0.31940394]
3742
[0.00066226]
3743
[0.13352328]
3744
[0.00066226]
3745
[0.15722618]
3746
[0.31940394]
3747
[0.25203779]
3748
[0.13851336]
3749
[0.31940394]
3750
[0.31940394]
3751
[0.31940394]
3752
[0.31940394]
3753
[0.17781028]
3754
[0.00066226]
3755
[0.31940394]
3756
[0.31940394]
3757
[0.31940394]
3758
[0.31940394]
3759
[0.29570104]
3760
[0.31940394]
3761
[0.31940394]
3762
[0.2613942]
3763
[0.31940394]
3764
[0.058672]
3765
[0.31940394]
3766
[0.31940394]
3767
[0.31940394]
3768
[0.05680072]
3769
[0.31940394]
3770
[0.04307799]
3771
[0.31940394]
3772
[0.31940394]
3773
[0.17219643]
3774
[0.31940394]
3775
[0.31940394]
3776
[0.00066226]
3777
[0.31940394]
3778
[0.31940394]
3779
[0.31940394]
3780
[0.31940394]
3781
[0.26700805]
3782
[0.00066226]
3783
[0.31316634]
3784
[0.31940394]
3785
[0.31940394]
3786
[0.21149335]
3787
[0.16533507]
3788
[0.31940394]
3789
[0.31940394]
3790
[0.00066226]
3791
[0.01875132]
3792
[0.31940394]
3793
[0.31940394]
3794
[0.31940394]
3795
[0.31940394]
3796
[0.31940394]
3797
[0.13664208]
3798
[0.31940394]
3799
[0.31940394]
3800
[0.31940394]
3801
[0.31940394]
3802
[0.31940394]
3803
[0.31940394]
3804
[0.31940394]
3805
[0.04245422]
3806
[0.31940394]
3807
[0.31940394]
3808
[0.31940394]
3809
[0.31940394]
3810
[0.31940394]
3811
[0.01313747]
3812
[0.0617908]
3813
[0.31940394]
3814
[0.18841421]
3815
[0.31940394]
3816
[0.03247405]
3817
[0.31940394]
3818
[0.31940394]
3819
[0.31940394]
3820
[0.00066226]
3821
[0.31940394]
3822
[0.31940394]
3823
[0.31940394]
3824
[0.1821766]
3825
[0.31940394]
3826
[0.31940394]
3827
[0.31940394]
3828
[0.31940394]
3829
[0.31940394]
3830
[0.31940394]
3831
[0.31940394]
3832
[0.31940394]
3833
[0.31940394]
3834
[0.31940394]
3835
[0.00066226]
3836
[0.31940394]
3837
[0.31940394]
3838
[0.31940394]
3839
[0.15285986]
3840
[0.16970139]
3841
[0.31940394]
3842
[0.31940394]
3843
[0.31940394]
3844
[0.00066226]
3845
[0.31940394]
3846
[0.20525575]
3847
[0.00066226]
3848
[0.13289952]
3849
[0.31940394]
3850
[0.25578036]
3851
[0.31940394]
3852
[0.31940394]
3853
[0.17344396]
3854
[0.31940394]
3855
[0.00066226]
3856
[0.2994436]
3857
[0.31940394]
3858
[0.31940394]
3859
[0.03060277]
3860
[0.31940394]
3861
[0.31940394]
3862
[0.31940394]
3863
[0.31940394]
3864
[0.22334481]
3865
[0.29258224]
3866
[0.00066226]
3867
[0.21585968]
3868
[0.31940394]
3869
[0.31940394]
3870
[0.058672]
3871
[0.28759215]
3872
[0.31940394]
3873
[0.31940394]
3874
[0.07738482]
3875
[0.31940394]
3876
[0.31940394]
3877
[0.31940394]
3878
[0.31940394]
3879
[0.31940394]
3880
[0.31940394]
3881
[0.31940394]
3882
[0.0967214]
3883
[0.31940394]
3884
[0.31940394]
3885
[0.31940394]
3886
[0.03247405]
3887
[0.03933542]
3888
[0.28260207]
3889
[0.31940394]
3890
[0.07114721]
3891
[0.00066226]
3892
[0.14475097]
3893
[0.31940394]
3894
[0.31940394]
3895
[0.00066226]
3896
[0.00627611]
3897
[0.31940394]
3898
[0.31940394]
3899
[0.08299867]
3900
[0.31940394]
3901
[0.05305816]
3902
[0.31940394]
3903
[0.16346379]
3904
[0.31940394]
3905
[0.31940394]
3906
[0.31940394]
3907
[0.31940394]
3908
[0.07738482]
3909
[0.31940394]
3910
[0.31940394]
3911
[0.07052345]
3912
[0.31940394]
3913
[0.31940394]
3914
[0.20712703]
3915
[0.1141867]
3916
[0.31940394]
3917
[0.0349691]
3918
[0.31940394]
3919
[0.11980054]
3920
[0.31940394]
3921
[0.00066226]
3922
[0.12354311]
3923
[0.31940394]
3924
[0.31940394]
3925
[0.07426602]
3926
[0.13227575]
3927
[0.31940394]
3928
[0.31940394]
3929
[0.20587951]
3930
[0.31940394]
3931
[0.00066226]
3932
[0.31940394]
3933
[0.31940394]
3934
[0.31940394]
3935
[0.28384959]
3936
[0.31940394]
3937
[0.31940394]
3938
[0.31940394]
3939
[0.31940394]
3940
[0.31940394]
3941
[0.31940394]
3942
[0.31940394]
3943
[0.31940394]
3944
[0.28696839]
3945
[0.12167182]
3946
[0.31940394]
3947
[0.25952292]
3948
[0.31940394]
3949
[0.31940394]
3950
[0.31940394]
3951
[0.21336464]
3952
[0.31940394]
3953
[0.31940394]
3954
[0.31940394]
3955
[0.22521609]
3956
[0.31940394]
3957
[0.31940394]
3958
[0.31940394]
3959
[0.31940394]
3960
[0.31940394]
3961
[0.31940394]
3962
[0.31940394]
3963
[0.31940394]
3964
[0.31940394]
3965
[0.05742448]
3966
[0.31940394]
3967
[0.31940394]
3968
[0.01188995]
3969
[0.31940394]
3970
[0.07239473]
3971
[0.31940394]
3972
[0.31940394]
3973
[0.31940394]
3974
[0.31940394]
3975
[0.31940394]
3976
[0.31940394]
3977
[0.30942377]
3978
[0.31940394]
3979
[0.31940394]
3980
[0.22833489]
3981
[0.00066226]
3982
[0.14287969]
3983
[0.00066226]
3984
[0.31940394]
3985
[0.29819608]
3986
[0.31940394]
3987
[0.31940394]
3988
[0.00066226]
3989
[0.31940394]
3990
[0.16471131]
3991
[0.31940394]
3992
[0.00066226]
3993
[0.00066226]
3994
[0.27823574]
3995
[0.31940394]
3996
[0.31940394]
3997
[0.31940394]
3998
[0.00066226]
3999
[0.12915695]
4000
[0.31940394]
4001
[0.31940394]
4002
[0.31940394]
4003
[0.31940394]
4004
[0.31940394]
4005
[0.31940394]
4006
[0.15722618]
4007
[0.00066226]
4008
[0.29258224]
4009
[0.31940394]
4010
[0.014385]
4011
[0.31940394]
4012
[0.1347708]
4013
[0.31940394]
4014
[0.06802841]
4015
[0.27075061]
4016
[0.26264173]
4017
[0.31940394]
4018
[0.30443369]
4019
[0.31940394]
4020
[0.293206]
4021
[0.31940394]
4022
[0.31940394]
4023
[0.31940394]
4024
[0.15972122]
4025
[0.09859268]
4026
[0.31940394]
4027
[0.31940394]
4028
[0.31940394]
4029
[0.31940394]
4030
[0.31940394]
4031
[0.17219643]
4032
[0.15597866]
4033
[0.31940394]
4034
[0.30568121]
4035
[0.31940394]
4036
[0.16845387]
4037
[0.31940394]
4038
[0.31940394]
4039
[0.31940394]
4040
[0.00066226]
4041
[0.00066226]
4042
[0.01875132]
4043
[0.28135454]
4044
[0.26825557]
4045
[0.31940394]
4046
[0.31940394]
4047
[0.31940394]
4048
[0.31940394]
4049
[0.31940394]
4050
[0.31940394]
4051
[0.2963248]
4052
[0.01875132]
4053
[0.31940394]
4054
[0.31940394]
4055
[0.31940394]
4056
[0.31940394]
4057
[0.09173131]
4058
[0.31940394]
4059
[0.31940394]
4060
[0.31940394]
4061
[0.29008719]
4062
[0.00939491]
4063
[0.31940394]
4064
[0.31940394]
4065
[0.31940394]
4066
[0.31940394]
4067
[0.30256241]
4068
[0.31940394]
4069
[0.31940394]
4070
[0.05492944]
4071
[0.31940394]
4072
[0.31940394]
4073
[0.07676106]
4074
[0.2788595]
4075
[0.20276071]
4076
[0.31940394]
4077
[0.00066226]
4078
[0.13601832]
4079
[0.31940394]
4080
[0.23706754]
4081
[0.14662225]
4082
[0.31940394]
4083
[0.31940394]
4084
[0.31940394]
4085
[0.31940394]
4086
[0.26388925]
4087
[0.31940394]
4088
[0.0936026]
4089
[0.31940394]
4090
[0.27761198]
4091
[0.00066226]
4092
[0.31940394]
4093
[0.30069112]
4094
[0.31940394]
4095
[0.27137437]
4096
[0.10857285]
4097
[0.31940394]
4098
[0.31940394]
4099
[0.31940394]
4100
[0.31940394]
4101
[0.31940394]
4102
[0.00440483]
4103
[0.1821766]
4104
[0.10857285]
4105
[0.00066226]
4106
[0.31940394]
4107
[0.26887933]
4108
[0.31940394]
4109
[0.31940394]
4110
[0.31940394]
4111
[0.31940394]
4112
[0.31940394]
4113
[0.07052345]
4114
[0.02436517]
4115
[0.31940394]
4116
[0.04993935]
4117
[0.31940394]
4118
[0.31940394]
4119
[0.31940394]
4120
[0.31940394]
4121
[0.31940394]
4122
[0.31940394]
4123
[0.31940394]
4124
[0.31940394]
4125
[0.31940394]
4126
[0.31940394]
4127
[0.31940394]
4128
[0.31940394]
4129
[0.31940394]
4130
[0.31940394]
4131
[0.31940394]
4132
[0.24018634]
4133
[0.31940394]
4134
[0.00253354]
4135
[0.31940394]
4136
[0.31940394]
4137
[0.11481046]
4138
[0.10794909]
4139
[0.00066226]
4140
[0.31940394]
4141
[0.26950309]
4142
[0.31940394]
4143
[0.31940394]
4144
[0.31940394]
4145
[0.31940394]
4146
[0.31940394]
4147
[0.31940394]
4148
[0.07426602]
4149
[0.11917678]
4150
[0.27386942]
4151
[0.31940394]
4152
[0.31940394]
4153
[0.31940394]
4154
[0.31940394]
4155
[0.03621662]
4156
[0.31940394]
4157
[0.31940394]
4158
[0.23519626]
4159
[0.31940394]
4160
[0.00066226]
4161
[0.26825557]
4162
[0.31940394]
4163
[0.26576053]
4164
[0.0175038]
4165
[0.31940394]
4166
[0.31940394]
4167
[0.20712703]
4168
[0.04557303]
4169
[0.31940394]
4170
[0.31940394]
4171
[0.31940394]
4172
[0.31940394]
4173
[0.20088942]
4174
[0.01500876]
4175
[0.31940394]
4176
[0.31940394]
4177
[0.22209728]
4178
[0.3137901]
4179
[0.31940394]
4180
[0.31940394]
4181
[0.00627611]
4182
[0.16720635]
4183
[0.07239473]
4184
[0.31940394]
4185
[0.31940394]
4186
[0.31940394]
4187
[0.31940394]
4188
[0.12541439]
4189
[0.31940394]
4190
[0.06927593]
4191
[0.19465182]
4192
[0.31940394]
4193
[0.24767147]
4194
[0.31940394]
4195
[0.17469148]
4196
[0.31940394]
4197
[0.31940394]
4198
[0.31940394]
4199
[0.31940394]
4200
[0.31940394]
4201
[0.20151318]
4202
[0.31940394]
4203
[0.00066226]
4204
[0.31940394]
4205
[0.31940394]
4206
[0.00066226]
4207
[0.02748397]
4208
[0.31940394]
4209
[0.00066226]
4210
[0.31940394]
4211
[0.25640412]
4212
[0.00066226]
4213
[0.0031573]
4214
[0.31940394]
4215
[0.31940394]
4216
[0.20712703]
4217
[0.31940394]
4218
[0.0792561]
4219
[0.31940394]
4220
[0.05118687]
4221
[0.31940394]
4222
[0.31940394]
4223
[0.31940394]
4224
[0.01875132]
4225
[0.31940394]
4226
[0.31940394]
4227
[0.00066226]
4228
[0.31940394]
4229
[0.31940394]
4230
[0.31940394]
4231
[0.06927593]
4232
[0.13289952]
4233
[0.31940394]
4234
[0.31940394]
4235
[0.30193864]
4236
[0.31940394]
4237
[0.1553549]
4238
[0.12167182]
4239
[0.31940394]
4240
[0.19589934]
4241
[0.31940394]
4242
[0.00066226]
4243
[0.31940394]
4244
[0.31940394]
4245
[0.31940394]
4246
[0.31940394]
4247
[0.16471131]
4248
[0.31940394]
4249
[0.05742448]
4250
[0.08362243]
4251
[0.31940394]
4252
[0.31940394]
4253
[0.31940394]
4254
[0.31940394]
4255
[0.12541439]
4256
[0.31940394]
4257
[0.31940394]
4258
[0.1965231]
4259
[0.31940394]
4260
[0.26950309]
4261
[0.03060277]
4262
[0.31940394]
4263
[0.31940394]
4264
[0.00066226]
4265
[0.31940394]
4266
[0.31940394]
4267
[0.31940394]
4268
[0.19215677]
4269
[0.31940394]
4270
[0.31940394]
4271
[0.00066226]
4272
[0.00066226]
4273
[0.03122653]
4274
[0.31940394]
4275
[0.31940394]
4276
[0.31940394]
4277
[0.31940394]
4278
[0.31940394]
4279
[0.31940394]
4280
[0.31940394]
4281
[0.31940394]
4282
[0.31940394]
4283
[0.31940394]
4284
[0.31940394]
4285
[0.03309782]
4286
[0.31940394]
4287
[0.31940394]
4288
[0.05368192]
4289
[0.01563252]
4290
[0.31940394]
4291
[0.03621662]
4292
[0.08299867]
4293
[0.31940394]
4294
[0.31940394]
4295
[0.31940394]
4296
[0.31940394]
4297
[0.01313747]
4298
[0.31940394]
4299
[0.31940394]
4300
[0.31940394]
4301
[0.31940394]
4302
[0.31940394]
4303
[0.25578036]
4304
[0.31940394]
4305
[0.00066226]
4306
[0.31940394]
4307
[0.31940394]
4308
[0.31940394]
4309
[0.31940394]
4310
[0.31940394]
4311
[0.16720635]
4312
[0.014385]
4313
[0.27761198]
4314
[0.31940394]
4315
[0.00066226]
4316
[0.31940394]
4317
[0.31940394]
4318
[0.31940394]
4319
[0.2757407]
4320
[0.26763181]
4321
[0.0617908]
4322
[0.09048379]
4323
[0.22521609]
4324
[0.26763181]
4325
[0.31940394]
4326
[0.31940394]
4327
[0.31940394]
4328
[0.31940394]
4329
[0.01625628]
4330
[0.11106789]
4331
[0.31940394]
4332
[0.22334481]
4333
[0.26950309]
4334
[0.31940394]
4335
[0.31940394]
4336
[0.01625628]
4337
[0.31940394]
4338
[0.31940394]
4339
[0.1204243]
4340
[0.31940394]
4341
[0.31940394]
4342
[0.09859268]
4343
[0.31940394]
4344
[0.31940394]
4345
[0.31940394]
4346
[0.31940394]
4347
[0.21835472]
4348
[0.31940394]
4349
[0.31940394]
4350
[0.31940394]
4351
[0.31940394]
4352
[0.31940394]
4353
[0.31940394]
4354
[0.31940394]
4355
[0.31940394]
4356
[0.31940394]
4357
[0.1728202]
4358
[0.18467165]
4359
[0.31940394]
4360
[0.31940394]
4361
[0.21648344]
4362
[0.31940394]
4363
[0.31940394]
4364
[0.30755249]
4365
[0.31940394]
4366
[0.05991952]
4367
[0.31940394]
4368
[0.31940394]
4369
[0.31940394]
4370
[0.31940394]
4371
[0.31940394]
4372
[0.31940394]
4373
[0.07364226]
4374
[0.31940394]
4375
[0.31940394]
4376
[0.1378896]
4377
[0.19839438]
4378
[0.31940394]
4379
[0.22583985]
4380
[0.12603815]
4381
[0.24829523]
4382
[0.01999884]
4383
[0.31940394]
4384
[0.31940394]
4385
[0.19839438]
4386
[0.31940394]
4387
[0.31940394]
4388
[0.31940394]
4389
[0.31940394]
4390
[0.31940394]
4391
[0.00066226]
4392
[0.31940394]
4393
[0.31940394]
4394
[0.1934043]
4395
[0.31940394]
4396
[0.00066226]
4397
[0.31940394]
4398
[0.06303833]
4399
[0.04744431]
4400
[0.31940394]
4401
[0.00440483]
4402
[0.26763181]
4403
[0.15348362]
4404
[0.18654293]
4405
[0.31815642]
4406
[0.31940394]
4407
[0.31940394]
4408
[0.31940394]
4409
[0.31940394]
4410
[0.31940394]
4411
[0.31940394]
4412
[0.31940394]
4413
[0.03309782]
4414
[0.31940394]
4415
[0.31940394]
4416
[0.31940394]
4417
[0.00066226]
4418
[0.31940394]
4419
[0.00066226]
4420
[0.02124636]
4421
[0.15223609]
4422
[0.31940394]
4423
[0.31940394]
4424
[0.00066226]
4425
[0.24891899]
4426
[0.13414704]
4427
[0.31940394]
4428
[0.31940394]
4429
[0.31940394]
4430
[0.07488978]
4431
[0.27324566]
4432
[0.06366209]
4433
[0.31940394]
4434
[0.31940394]
4435
[0.31940394]
4436
[0.31940394]
4437
[0.31940394]
4438
[0.31940394]
4439
[0.01812756]
4440
[0.31940394]
4441
[0.31940394]
4442
[0.31940394]
4443
[0.31940394]
4444
[0.31940394]
4445
[0.08923627]
4446
[0.31940394]
4447
[0.31940394]
4448
[0.31940394]
4449
[0.31940394]
4450
[0.31940394]
4451
[0.14786977]
4452
[0.31940394]
4453
[0.11605798]
4454
[0.31940394]
4455
[0.31940394]
4456
[0.31940394]
4457
[0.31940394]
4458
[0.31940394]
4459
[0.31940394]
4460
[0.18779045]
4461
[0.31940394]
4462
[0.31940394]
4463
[0.2963248]
4464
[0.02810773]
4465
[0.31940394]
4466
[0.31940394]
4467
[0.31940394]
4468
[0.1615925]
4469
[0.31940394]
4470
[0.31940394]
4471
[0.31940394]
4472
[0.31940394]
4473
[0.00066226]
4474
[0.00066226]
4475
[0.31940394]
4476
[0.23831506]
4477
[0.31940394]
4478
[0.31940394]
4479
[0.31940394]
4480
[0.31940394]
4481
[0.31940394]
4482
[0.31940394]
4483
[0.00066226]
4484
[0.30880001]
4485
[0.31940394]
4486
[0.2376913]
4487
[0.31940394]
4488
[0.31940394]
4489
[0.31940394]
4490
[0.25390908]
4491
[0.31940394]
4492
[0.31940394]
4493
[0.31940394]
4494
[0.11792926]
4495
[0.31940394]
4496
[0.07239473]
4497
[0.27199813]
4498
[0.31940394]
4499
[0.31940394]
4500
[0.05991952]
4501
[0.31940394]
4502
[0.31940394]
4503
[0.31940394]
4504
[0.31940394]
4505
[0.31940394]
4506
[0.31940394]
4507
[0.31940394]
4508
[0.31940394]
4509
[0.31940394]
4510
[0.00066226]
4511
[0.17469148]
4512
[0.31940394]
4513
[0.31940394]
4514
[0.31940394]
4515
[0.31940394]
4516
[0.04245422]
4517
[0.31940394]
4518
[0.28384959]
4519
[0.31940394]
4520
[0.31940394]
4521
[0.31940394]
4522
[0.31940394]
4523
[0.00066226]
4524
[0.31940394]
4525
[0.31940394]
4526
[0.28384959]
4527
[0.31940394]
4528
[0.00066226]
4529
[0.10295901]
4530
[0.31940394]
4531
[0.00066226]
4532
[0.31940394]
4533
[0.31940394]
4534
[0.31940394]
4535
[0.31940394]
4536
[0.31940394]
4537
[0.31940394]
4538
[0.31940394]
4539
[0.00066226]
4540
[0.12354311]
4541
[0.31940394]
4542
[0.31940394]
4543
[0.31940394]
4544
[0.31940394]
4545
[0.20213694]
4546
[0.30505745]
4547
[0.31940394]
4548
[0.31940394]
4549
[0.16907763]
4550
[0.27324566]
4551
[0.28010702]
4552
[0.31940394]
4553
[0.31940394]
4554
[0.31753266]
4555
[0.20587951]
4556
[0.31940394]
4557
[0.31940394]
4558
[0.01064243]
4559
[0.31940394]
4560
[0.31940394]
4561
[0.26950309]
4562
[0.31940394]
4563
[0.31940394]
4564
[0.31940394]
4565
[0.31940394]
4566
[0.25016651]
4567
[0.31940394]
4568
[0.15223609]
4569
[0.31940394]
4570
[0.31940394]
4571
[0.21835472]
4572
[0.31940394]
4573
[0.00378107]
4574
[0.31940394]
4575
[0.02561269]
4576
[0.31940394]
4577
[0.00066226]
4578
[0.31940394]
4579
[0.08112738]
4580
[0.0617908]
4581
[0.28572087]
4582
[0.03684038]
4583
[0.00066226]
4584
[0.04183046]
4585
[0.02997901]
4586
[0.31940394]
4587
[0.31940394]
4588
[0.16658259]
4589
[0.31940394]
4590
[0.01313747]
4591
[0.31940394]
4592
[0.31940394]
4593
[0.31940394]
4594
[0.31940394]
4595
[0.01251371]
4596
[0.31940394]
4597
[0.31940394]
4598
[0.19153301]
4599
[0.15161233]
4600
[0.31940394]
4601
[0.31940394]
4602
[0.09921644]
4603
[0.14163216]
4604
[0.31940394]
4605
[0.31940394]
4606
[0.31940394]
4607
[0.31940394]
4608
[0.18841421]
4609
[0.18716669]
4610
[0.31940394]
4611
[0.31940394]
4612
[0.31940394]
4613
[0.31940394]
4614
[0.12354311]
4615
[0.31940394]
4616
[0.31940394]
4617
[0.15784994]
4618
[0.28821591]
4619
[0.27761198]
4620
[0.00066226]
4621
[0.31940394]
4622
[0.16533507]
4623
[0.31940394]
4624
[0.31940394]
4625
[0.00066226]
4626
[0.31940394]
4627
[0.22708737]
4628
[0.31940394]
4629
[0.31940394]
4630
[0.31940394]
4631
[0.31940394]
4632
[0.17344396]
4633
[0.00066226]
4634
[0.31940394]
4635
[0.31940394]
4636
[0.31940394]
4637
[0.31940394]
4638
[0.28883967]
4639
[0.25578036]
4640
[0.31940394]
4641
[0.31940394]
4642
[0.31940394]
4643
[0.31940394]
4644
[0.31940394]
4645
[0.25453284]
4646
[0.21461216]
4647
[0.31940394]
4648
[0.15473114]
4649
[0.31940394]
4650
[0.31940394]
4651
[0.15597866]
4652
[0.31940394]
4653
[0.31940394]
4654
[0.04744431]
4655
[0.31940394]
4656
[0.31940394]
4657
[0.28883967]
4658
[0.31940394]
4659
[0.04744431]
4660
[0.31940394]
4661
[0.04494927]
4662
[0.04183046]
4663
[0.31940394]
4664
[0.31940394]
4665
[0.31940394]
4666
[0.08175114]
4667
[0.00066226]
4668
[0.31940394]
4669
[0.25889916]
4670
[0.02249388]
4671
[0.11605798]
4672
[0.31940394]
4673
[0.00378107]
4674
[0.31940394]
4675
[0.00066226]
4676
[0.30817625]
4677
[0.31940394]
4678
[0.14350345]
4679
[0.31940394]
4680
[0.31940394]
4681
[0.27012685]
4682
[0.0206226]
4683
[0.23332498]
4684
[0.06303833]
4685
[0.31940394]
4686
[0.23893882]
4687
[0.31940394]
4688
[0.19839438]
4689
[0.00066226]
4690
[0.31940394]
4691
[0.31940394]
4692
[0.31940394]
4693
[0.2376913]
4694
[0.01188995]
4695
[0.20213694]
4696
[0.31940394]
4697
[0.31940394]
4698
[0.31940394]
4699
[0.12229558]
4700
[0.31940394]
4701
[0.31940394]
4702
[0.31940394]
4703
[0.31940394]
4704
[0.31940394]
4705
[0.0412067]
4706
[0.31940394]
4707
[0.31940394]
4708
[0.31940394]
4709
[0.28135454]
4710
[0.00066226]
4711
[0.13040447]
4712
[0.12915695]
4713
[0.31940394]
4714
[0.31940394]
4715
[0.31940394]
4716
[0.31940394]
4717
[0.31940394]
4718
[0.31940394]
4719
[0.31940394]
4720
[0.31940394]
4721
[0.31940394]
4722
[0.31940394]
4723
[0.00066226]
4724
[0.31940394]
4725
[0.11044413]
4726
[0.31940394]
4727
[0.19278054]
4728
[0.31940394]
4729
[0.31940394]
4730
[0.00689987]
4731
[0.31940394]
4732
[0.31940394]
4733
[0.31940394]
4734
[0.31940394]
4735
[0.10732533]
4736
[0.31940394]
4737
[0.31940394]
4738
[0.31940394]
4739
[0.0998402]
4740
[0.31940394]
4741
[0.1615925]
4742
[0.31940394]
4743
[0.00190978]
4744
[0.31940394]
4745
[0.31940394]
4746
[0.31940394]
4747
[0.31940394]
4748
[0.31940394]
4749
[0.26451301]
4750
[0.31940394]
4751
[0.13289952]
4752
[0.00066226]
4753
[0.31940394]
4754
[0.31940394]
4755
[0.31940394]
4756
[0.12416687]
4757
[0.31940394]
4758
[0.31940394]
4759
[0.00440483]
4760
[0.31940394]
4761
[0.29694856]
4762
[0.11605798]
4763
[0.31940394]
4764
[0.31940394]
4765
[0.31940394]
4766
[0.31940394]
4767
[0.31940394]
4768
[0.31940394]
4769
[0.17531524]
4770
[0.31940394]
4771
[0.31940394]
4772
[0.04183046]
4773
[0.31940394]
4774
[0.31940394]
4775
[0.22895865]
4776
[0.31940394]
4777
[0.31940394]
4778
[0.31940394]
4779
[0.31940394]
4780
[0.31940394]
4781
[0.31940394]
4782
[0.31940394]
4783
[0.31940394]
4784
[0.31940394]
4785
[0.31940394]
4786
[0.00502859]
4787
[0.10295901]
4788
[0.00066226]
4789
[0.15285986]
4790
[0.00066226]
4791
[0.31940394]
4792
[0.31940394]
4793
[0.15909746]
4794
[0.05305816]
4795
[0.31940394]
4796
[0.31940394]
4797
[0.31940394]
4798
[0.31940394]
4799
[0.31940394]
4800
[0.31940394]
4801
[0.31940394]
4802
[0.31940394]
4803
[0.31940394]
4804
[0.31940394]
4805
[0.31940394]
4806
[0.2139884]
4807
[0.00066226]
4808
[0.23207745]
4809
[0.05368192]
4810
[0.31940394]
4811
[0.00066226]
4812
[0.31940394]
4813
[0.31940394]
4814
[0.31940394]
4815
[0.31940394]
4816
[0.31940394]
4817
[0.00066226]
4818
[0.00066226]
4819
[0.31940394]
4820
[0.31940394]
4821
[0.31940394]
4822
[0.0555532]
4823
[0.31940394]
4824
[0.31940394]
4825
[0.31940394]
4826
[0.31940394]
4827
[0.31940394]
4828
[0.10982037]
4829
[0.31940394]
4830
[0.03621662]
4831
[0.06366209]
4832
[0.31940394]
4833
[0.00066226]
4834
[0.11543422]
4835
[0.31940394]
4836
[0.31940394]
4837
[0.31940394]
4838
[0.24954275]
4839
[0.31940394]
4840
[0.31940394]
4841
[0.31940394]
4842
[0.12291935]
4843
[0.28883967]
4844
[0.13289952]
4845
[0.31940394]
4846
[0.31940394]
4847
[0.18529541]
4848
[0.31940394]
4849
[0.31940394]
4850
[0.31940394]
4851
[0.31940394]
4852
[0.20338447]
4853
[0.31940394]
4854
[0.31940394]
4855
[0.31940394]
4856
[0.31940394]
4857
[0.31940394]
4858
[0.31940394]
4859
[0.31940394]
4860
[0.31940394]
4861
[0.31940394]
4862
[0.25266156]
4863
[0.16408755]
4864
[0.31940394]
4865
[0.00066226]
4866
[0.31940394]
4867
[0.31940394]
4868
[0.00066226]
4869
[0.31940394]
4870
[0.31940394]
4871
[0.02436517]
4872
[0.00066226]
4873
[0.00066226]
4874
[0.31940394]
4875
[0.31940394]
4876
[0.31940394]
4877
[0.11293918]
4878
[0.31940394]
4879
[0.31940394]
4880
[0.31940394]
4881
[0.31940394]
4882
[0.31940394]
4883
[0.31940394]
4884
[0.31940394]
4885
[0.04993935]
4886
[0.31940394]
4887
[0.31940394]
4888
[0.13289952]
4889
[0.00066226]
4890
[0.05368192]
4891
[0.00066226]
4892
[0.31940394]
4893
[0.31940394]
4894
[0.31940394]
4895
[0.30692873]
4896
[0.31940394]
4897
[0.31940394]
4898
[0.31940394]
4899
[0.31940394]
4900
[0.15036481]
4901
[0.31940394]
4902
[0.31940394]
4903
[0.15161233]
4904
[0.31940394]
4905
[0.31940394]
4906
[0.10794909]
4907
[0.31940394]
4908
[0.31940394]
4909
[0.31940394]
4910
[0.31940394]
4911
[0.31940394]
4912
[0.31940394]
4913
[0.31940394]
4914
[0.31940394]
4915
[0.07676106]
4916
[0.31940394]
4917
[0.0617908]
4918
[0.31940394]
4919
[0.00066226]
4920
[0.00066226]
4921
[0.31940394]
4922
[0.31940394]
4923
[0.31940394]
4924
[0.13040447]
4925
[0.06428585]
4926
[0.07426602]
4927
[0.31940394]
4928
[0.11481046]
4929
[0.22646361]
4930
[0.31940394]
4931
[0.31940394]
4932
[0.20400823]
4933
[0.31940394]
4934
[0.08611747]
4935
[0.25889916]
4936
[0.31940394]
4937
[0.31940394]
4938
[0.31940394]
4939
[0.31191881]
4940
[0.20338447]
4941
[0.00066226]
4942
[0.31940394]
4943
[0.26576053]
4944
[0.00066226]
4945
[0.31940394]
4946
[0.10171148]
4947
[0.09921644]
4948
[0.00066226]
4949
[0.31940394]
4950
[0.31940394]
4951
[0.05804824]
4952
[0.08611747]
4953
[0.31940394]
4954
[0.01126619]
4955
[0.31940394]
4956
[0.00066226]
4957
[0.31503762]
4958
[0.31940394]
4959
[0.29445352]
4960
[0.31940394]
4961
[0.00066226]
4962
[0.00066226]
4963
[0.31940394]
4964
[0.31940394]
4965
[0.31940394]
4966
[0.31940394]
4967
[0.31940394]
4968
[0.31940394]
4969
[0.31940394]
4970
[0.31940394]
4971
[0.00066226]
4972
[0.31940394]
4973
[0.31940394]
4974
[0.31940394]
4975
[0.31940394]
4976
[0.31940394]
4977
[0.0936026]
4978
[0.19839438]
4979
[0.19090925]
4980
[0.31940394]
4981
[0.09173131]
4982
[0.29881984]
4983
[0.31940394]
4984
[0.05243439]
4985
[0.31940394]
4986
[0.16907763]
4987
[0.31940394]
4988
[0.00689987]
4989
[0.31940394]
4990
[0.31940394]
4991
[0.31940394]
4992
[0.26700805]
4993
[0.31940394]
4994
[0.25578036]
4995
[0.31940394]
4996
[0.31940394]
4997
[0.31940394]
4998
[0.02686021]
4999
[0.31940394]
[1] 40000    11
[1] 40000    11
