LOADING R
R LOADED
[1] "/home/lvanderl/Rlibs2"                         
[2] "/app/software/R/4.3.1-gfbf-2022b/lib/R/library"
[1] "/home/lvanderl/sieveSims"
[1] "xg 1 5"
[1] 0.03976445
[1] 0.03976445
[1] 0.03976445
[   10.            11.51395399    13.25711366    15.26417967
    17.57510625    20.23589648    23.29951811    26.82695795
    30.88843596    35.56480306    40.94915062    47.14866363
    54.28675439    62.50551925    71.9685673     82.86427729
    95.40954763   109.8541142    126.48552169   145.63484775
   167.68329368   193.06977289   222.29964825   255.95479227
   294.70517026   339.32217719   390.69399371   449.8432669
   517.94746792   596.36233166   686.648845     790.60432109
   910.29817799  1048.11313415  1206.79264064  1389.49549437
  1599.85871961  1842.06996933  2120.95088792  2442.05309455
  2811.76869797  3237.45754282  3727.59372031  4291.93426013
  4941.71336132  5689.86602902  6551.2855686   7543.12006335
  8685.11373751 10000.        ]
[0.55182792 0.55185537 0.55463907 0.55109647 0.55488171 0.55630605
 0.55126922 0.54979623 0.56092    0.56545356 0.56801509 0.56029033
 0.56634435 0.57457965 0.60188812 0.57952518 0.60727061 0.61010578
 0.61637404 0.62895965 0.63317622 0.66604967 0.73678752 0.8020342
 0.78133538 0.86548552 0.82246813 0.79856805 0.9075719  0.89921405
 1.07825313 0.96113682 1.26266955 1.18722621 1.51866182 1.41367474
 1.37457012 1.9663185  1.93655962 1.97452252 2.30043805 3.14382848
 2.21620323 2.61429553 3.52208984 2.63026737 4.14029223 3.74234652
 5.79271758 6.20473204]
26.826957952797258
0
[0.78475927]
1
[0.01868443]
2
[0.74665943]
3
[0.1257853]
4
[0.32903777]
5
[0.09664808]
6
[0.48001137]
7
[0.56126107]
8
[0.25360241]
9
[0.44644258]
10
[0.53630976]
11
[0.07294722]
12
[0.82194719]
13
[0.21077519]
14
[0.08185321]
15
[0.50388877]
16
[0.35580784]
17
[0.4626347]
18
[0.03197816]
19
[0.68298513]
20
[0.6319158]
21
[0.47806014]
22
[0.06700345]
23
[0.09151717]
24
[0.08090552]
25
[0.05603081]
26
[0.19475536]
27
[0.24254461]
28
[0.28805598]
29
[0.04388685]
30
[0.32244379]
31
[0.21305467]
32
[0.22805458]
33
[0.58565095]
34
[0.30115066]
35
[0.1293076]
36
[0.38339214]
37
[0.2665781]
38
[0.14545508]
39
[0.0865037]
40
[0.82916298]
41
[0.75498571]
42
[0.82774541]
43
[0.50972799]
44
[0.74810745]
45
[0.23900954]
46
[0.7206432]
47
[0.12567637]
48
[0.17265029]
49
[0.39724718]
50
[0.30204126]
51
[0.68105032]
52
[0.44711586]
53
[0.58154187]
54
[0.47375582]
55
[0.23243526]
56
[0.11925084]
57
[0.57240245]
58
[0.33768079]
59
[0.21973799]
60
[0.38280339]
61
[0.3863943]
62
[0.07374679]
63
[0.1530946]
64
[0.20962757]
65
[0.00798179]
66
[0.64518032]
67
[0.48855096]
68
[0.54793385]
69
[0.76978665]
70
[0.42913378]
71
[0.08934791]
72
[0.46198389]
73
[0.19573894]
74
[0.16606656]
75
[0.66043794]
76
[0.67051826]
77
[0.29091432]
78
[0.11725362]
79
[0.4155675]
80
[0.53681261]
81
[0.60567052]
82
[0.48392749]
83
[0.68679073]
84
[0.31656702]
85
[0.53168571]
86
[0.36516433]
87
[0.1782523]
88
[0.67471254]
89
[0.72437548]
90
[0.05181558]
91
[0.31549932]
92
[0.69038679]
93
[0.59807352]
94
[0.05248932]
95
[0.26353485]
96
[0.33194882]
97
[0.10421516]
98
[0.56936518]
99
[0.08868998]
100
[0.59600342]
101
[0.77179844]
102
[0.57427538]
103
[0.30197083]
104
[0.56042001]
105
[0.6904613]
106
[0.45077689]
107
[0.01625837]
108
[0.70492084]
109
[0.0162349]
110
[0.46843521]
111
[0.66140999]
112
[0.30621208]
113
[0.64949014]
114
[0.70358589]
115
[0.76338432]
116
[0.62840075]
117
[0.03742428]
118
[0.82956611]
119
[0.67704447]
120
[0.80813774]
121
[0.55882069]
122
[0.38960916]
123
[0.82196004]
124
[0.63844235]
125
[0.54243954]
126
[0.33160501]
127
[0.45488136]
128
[0.31761172]
129
[0.05441957]
130
[0.68748047]
131
[0.03809729]
132
[0.45974619]
133
[0.58512531]
134
[0.72759066]
135
[0.38385609]
136
[0.06200317]
137
[0.14920393]
138
[0.33334325]
139
[0.23986972]
140
[0.6382702]
141
[0.74423214]
142
[0.15772742]
143
[0.1487023]
144
[0.38676978]
145
[0.26598708]
146
[0.4840676]
147
[0.09410078]
148
[0.26027687]
149
[0.60753243]
150
[0.16526641]
151
[0.36144026]
152
[0.23689553]
153
[0.02036489]
154
[0.25902382]
155
[0.48494305]
156
[0.49860454]
157
[0.28013009]
158
[0.71215322]
159
[0.563032]
160
[0.72901651]
161
[0.65099589]
162
[0.0990824]
163
[0.2251843]
164
[0.14453118]
165
[0.09583552]
166
[0.01532608]
167
[0.38645291]
168
[0.59347482]
169
[0.37660564]
170
[0.23554032]
171
[0.42885071]
172
[0.22026464]
173
[0.53231339]
174
[0.83346777]
175
[0.71878836]
176
[0.6787935]
177
[0.6473313]
178
[0.16686097]
179
[0.57798565]
180
[0.20366453]
181
[0.1413584]
182
[0.81831238]
183
[0.36288117]
184
[0.62692488]
185
[0.03373727]
186
[0.67770459]
187
[0.45653782]
188
[0.55718286]
189
[0.83337154]
190
[0.06552449]
191
[0.54710296]
192
[0.06341024]
193
[0.38758207]
194
[0.50758764]
195
[0.5216724]
196
[0.58768691]
197
[0.78796749]
198
[0.75873957]
199
[0.2089528]
200
[0.18181205]
201
[0.26753192]
202
[0.54229017]
203
[0.50118617]
204
[0.50787146]
205
[0.53090529]
206
[0.54510855]
207
[0.69923475]
208
[0.42096704]
209
[0.13895123]
210
[0.73384453]
211
[0.2039411]
212
[0.28154302]
213
[0.51913186]
214
[0.72924626]
215
[0.20051312]
216
[0.58685684]
217
[0.2311493]
218
[0.10549497]
219
[0.47766229]
220
[0.217274]
221
[0.77827598]
222
[0.51947698]
223
[0.53056272]
224
[0.04359239]
225
[0.77713703]
226
[0.29447099]
227
[0.0163875]
228
[0.58250186]
229
[0.37633938]
230
[0.04077076]
231
[0.74945441]
232
[0.20192288]
233
[0.64525827]
234
[0.53516384]
235
[0.35486703]
236
[0.40617544]
237
[0.33607427]
238
[0.17907199]
239
[0.35593045]
240
[0.57617001]
241
[0.5644447]
242
[0.16652371]
243
[0.47260673]
244
[0.05814188]
245
[0.47897088]
246
[0.06436248]
247
[0.0445312]
248
[0.02367201]
249
[0.68100649]
250
[0.14137574]
251
[0.54335968]
252
[0.69518745]
253
[0.38452233]
254
[0.67060372]
255
[0.15704322]
256
[0.13253082]
257
[0.47721447]
258
[0.76995473]
259
[0.2403931]
260
[0.19372394]
261
[0.38814427]
262
[0.37363269]
263
[0.46635637]
264
[0.16584682]
265
[0.69017772]
266
[0.72154699]
267
[0.62086106]
268
[0.10358848]
269
[0.43665125]
270
[0.05963679]
271
[0.19270899]
272
[0.31347888]
273
[0.0818501]
274
[0.71092319]
275
[0.69973475]
276
[0.2367339]
277
[0.27237703]
278
[0.35523001]
279
[0.81668617]
280
[0.04147402]
281
[0.04990446]
282
[0.33755314]
283
[0.31100736]
284
[0.76289033]
285
[0.26432124]
286
[0.23004012]
287
[0.54321729]
288
[0.06325922]
289
[0.23393325]
290
[0.60710962]
291
[0.46941454]
292
[0.39482571]
293
[0.65463513]
294
[0.37984277]
295
[0.6531094]
296
[0.14136059]
297
[0.34031993]
298
[0.64369174]
299
[0.71573096]
300
[0.52951794]
301
[0.13646381]
302
[0.7710243]
303
[0.11272443]
304
[0.51312596]
305
[0.46850728]
306
[0.257281]
307
[0.29577869]
308
[0.01732455]
309
[0.19662876]
310
[0.26758769]
311
[0.29877093]
312
[0.81795154]
313
[0.672934]
314
[0.36573191]
315
[0.72726423]
316
[0.66728973]
317
[0.25771478]
318
[0.307005]
319
[0.08255394]
320
[0.10024351]
321
[0.2831527]
322
[0.376252]
323
[0.64865968]
324
[0.22017404]
325
[0.00524823]
326
[0.39778314]
327
[0.03217344]
328
[0.49138181]
329
[0.35016886]
330
[0.63898068]
331
[0.44453631]
332
[0.18128508]
333
[0.48853867]
334
[0.04898423]
335
[0.42906617]
336
[0.08904361]
337
[0.7106055]
338
[0.2838471]
339
[0.22380577]
340
[0.70469646]
341
[0.73310524]
342
[0.38561479]
343
[0.22279479]
344
[0.57199335]
345
[0.18918683]
346
[0.27091712]
347
[0.50141753]
348
[0.68095188]
349
[0.50886486]
350
[0.6477564]
351
[0.69551652]
352
[0.18937748]
353
[0.36278204]
354
[0.67002483]
355
[0.73904653]
356
[0.6470771]
357
[0.31984131]
358
[0.7218062]
359
[0.63607729]
360
[0.27953876]
361
[0.01552946]
362
[0.79537425]
363
[0.38671656]
364
[0.10334317]
365
[0.32513169]
366
[0.15572722]
367
[0.31166827]
368
[0.37307055]
369
[0.16291941]
370
[0.25256144]
371
[0.07832589]
372
[0.3871081]
373
[0.22691215]
374
[0.56952449]
375
[0.0373578]
376
[0.3548389]
377
[0.55271501]
378
[0.15839658]
379
[0.72984019]
380
[0.72483145]
381
[0.6885452]
382
[0.80069963]
383
[0.03078444]
384
[0.72218538]
385
[0.58067734]
386
[0.18362075]
387
[0.06024237]
388
[0.2226736]
389
[0.74502159]
390
[0.10234163]
391
[0.01028073]
392
[0.73481605]
393
[0.14393832]
394
[0.29780629]
395
[0.50541091]
396
[0.64878335]
397
[0.63248379]
398
[0.34662125]
399
[0.18068261]
400
[0.15500318]
401
[0.45613691]
402
[0.53352622]
403
[0.29288823]
404
[0.29904588]
405
[0.73440191]
406
[0.18301589]
407
[0.55193193]
408
[0.76580646]
409
[0.70417666]
410
[0.42467875]
411
[0.58141588]
412
[0.31165395]
413
[0.55077717]
414
[0.40095243]
415
[0.48437711]
416
[0.81636349]
417
[0.72616501]
418
[0.3330521]
419
[0.20792394]
420
[0.5167711]
421
[0.29624304]
422
[0.7173287]
423
[0.79157677]
424
[0.8225433]
425
[0.28937055]
426
[0.05190814]
427
[0.16788252]
428
[0.62941553]
429
[0.40232481]
430
[0.66003222]
431
[0.74792741]
432
[0.27554342]
433
[0.06013266]
434
[0.12058685]
435
[0.50730198]
436
[0.26262824]
437
[0.03726239]
438
[0.27220531]
439
[0.41445585]
440
[0.80509503]
441
[0.73662326]
442
[0.51905634]
443
[0.39363777]
444
[0.59006061]
445
[0.27082568]
446
[0.09462186]
447
[0.67783385]
448
[0.63763614]
449
[0.07552302]
450
[0.74275199]
451
[0.36336843]
452
[0.43606252]
453
[0.68885278]
454
[0.71638611]
455
[0.27273063]
456
[0.21143893]
457
[0.73408964]
458
[0.58512431]
459
[0.62799038]
460
[0.62180831]
461
[0.38076531]
462
[0.22896645]
463
[0.39404324]
464
[0.70465102]
465
[0.74864103]
466
[0.06502564]
467
[0.12821642]
468
[0.41364168]
469
[0.02838244]
470
[0.09770631]
471
[0.42932254]
472
[0.04687158]
473
[0.82123751]
474
[0.11003391]
475
[0.32479146]
476
[0.21561076]
477
[0.67486594]
478
[0.49642598]
479
[0.37183207]
480
[0.56053058]
481
[0.05967818]
482
[0.53170032]
483
[0.27392175]
484
[0.07519144]
485
[0.00874543]
486
[0.27452839]
487
[0.63875501]
488
[0.68781643]
489
[0.04124035]
490
[0.82383396]
491
[0.83262558]
492
[0.61344195]
493
[0.39126238]
494
[0.52395716]
495
[0.4905359]
496
[0.62321599]
497
[0.28660751]
498
[0.69273668]
499
[0.29133327]
500
[0.713845]
501
[0.67253342]
502
[0.77386188]
503
[0.20315555]
504
[0.68597745]
505
[0.11160646]
506
[0.22962188]
507
[0.00828244]
508
[0.1938197]
509
[0.81104637]
510
[0.32518304]
511
[0.25158848]
512
[0.00745216]
513
[0.42620089]
514
[0.22035574]
515
[0.606949]
516
[0.30526666]
517
[0.26425042]
518
[0.07280295]
519
[0.07379532]
520
[0.06716041]
521
[0.11039086]
522
[0.34298527]
523
[0.40003825]
524
[0.08443561]
525
[0.33277555]
526
[0.10402264]
527
[0.76424763]
528
[0.26193081]
529
[0.50933317]
530
[0.77936705]
531
[0.61905788]
532
[0.1690364]
533
[0.29133068]
534
[0.14549082]
535
[0.74138182]
536
[0.34823256]
537
[0.34444856]
538
[0.06326151]
539
[0.6393257]
540
[0.71724838]
541
[0.8142727]
542
[0.25265349]
543
[0.15676995]
544
[0.21888585]
545
[0.21429274]
546
[0.16304345]
547
[0.49731519]
548
[0.64893345]
549
[0.12598469]
550
[0.26691399]
551
[0.52644382]
552
[0.42519806]
553
[0.08763022]
554
[0.70824408]
555
[0.3808386]
556
[0.35648056]
557
[0.04148651]
558
[0.72509165]
559
[0.34066454]
560
[0.45778249]
561
[0.61559504]
562
[0.22393898]
563
[0.13622094]
564
[0.28491034]
565
[0.67407983]
566
[0.48057713]
567
[0.31921023]
568
[0.10868849]
569
[0.62531806]
570
[0.66634675]
571
[0.72549945]
572
[0.388532]
573
[0.47678607]
574
[0.39359941]
575
[0.45826746]
576
[0.61335759]
577
[0.71357449]
578
[0.57168523]
579
[0.43899749]
580
[0.47031999]
581
[0.03023256]
582
[0.7426347]
583
[0.54867274]
584
[0.2836518]
585
[0.72834032]
586
[0.37217383]
587
[0.36395005]
588
[0.41137014]
589
[0.6783515]
590
[0.05224601]
591
[0.39459517]
592
[0.63570593]
593
[0.49361365]
594
[0.1388087]
595
[0.26684381]
596
[0.35349479]
597
[0.19405755]
598
[0.5053517]
599
[0.75284968]
600
[0.51239832]
601
[0.73709272]
602
[0.34712396]
603
[0.54889247]
604
[0.82517909]
605
[0.12048237]
606
[0.69774823]
607
[0.26227599]
608
[0.14980753]
609
[0.13999124]
610
[0.59635828]
611
[0.35933877]
612
[0.41823467]
613
[0.81493268]
614
[0.12716408]
615
[0.06889485]
616
[0.69039807]
617
[0.27546609]
618
[0.10507537]
619
[0.61458635]
620
[0.2580505]
621
[0.41126964]
622
[0.13067276]
623
[0.06273174]
624
[0.44051236]
625
[0.5480538]
626
[0.74509313]
627
[0.16727981]
628
[0.29045543]
629
[0.47040878]
630
[0.79350915]
631
[0.18855442]
632
[0.28947209]
633
[0.33269506]
634
[0.08979315]
635
[0.46244976]
636
[0.60897065]
637
[0.59551299]
638
[0.30182994]
639
[0.44557175]
640
[0.63061301]
641
[0.78386159]
642
[0.52127278]
643
[0.41250412]
644
[0.76927621]
645
[0.81657699]
646
[0.07500543]
647
[0.42182386]
648
[0.45934329]
649
[0.73059799]
650
[0.63757903]
651
[0.10534838]
652
[0.63771077]
653
[0.18262605]
654
[0.75969462]
655
[0.21329241]
656
[0.25582205]
657
[0.83342529]
658
[0.7114435]
659
[0.39127995]
660
[0.02837428]
661
[0.06135084]
662
[0.19352549]
663
[0.29710291]
664
[0.29747799]
665
[0.22022374]
666
[0.21480454]
667
[0.66328263]
668
[0.35832457]
669
[0.47787784]
670
[0.70722062]
671
[0.22602288]
672
[0.41097276]
673
[0.73735722]
674
[0.31111131]
675
[0.16316155]
676
[0.0951091]
677
[0.34428564]
678
[0.34470795]
679
[0.09894612]
680
[0.73776433]
681
[0.3925316]
682
[0.3638686]
683
[0.76209412]
684
[0.66509512]
685
[0.36092443]
686
[0.43811447]
687
[0.40986346]
688
[0.71821958]
689
[0.19763158]
690
[0.83033729]
691
[0.68366101]
692
[0.03156872]
693
[0.00374808]
694
[0.42075357]
695
[0.0514443]
696
[0.05749983]
697
[0.5955268]
698
[0.70384047]
699
[0.55786415]
700
[0.69520305]
701
[0.61543239]
702
[0.10769414]
703
[0.1828964]
704
[0.42495614]
705
[0.25530894]
706
[0.43011913]
707
[0.500661]
708
[0.50679856]
709
[0.81905198]
710
[0.71631114]
711
[0.24438159]
712
[0.60381254]
713
[0.05477481]
714
[0.83312326]
715
[0.12827395]
716
[0.06477169]
717
[0.74768709]
718
[0.26902117]
719
[0.15142811]
720
[0.15630627]
721
[0.81071113]
722
[0.06515514]
723
[0.6901149]
724
[0.03784077]
725
[0.62810179]
726
[0.46155338]
727
[0.02918901]
728
[0.06444318]
729
[0.58010897]
730
[0.15207325]
731
[0.55250546]
732
[0.50717063]
733
[0.4931867]
734
[0.24392842]
735
[0.07670321]
736
[0.19868821]
737
[0.21802185]
738
[0.46418844]
739
[0.66094455]
740
[0.22052279]
741
[0.08335754]
742
[0.61981821]
743
[0.09727348]
744
[0.05500422]
745
[0.4027008]
746
[0.70345988]
747
[0.51972884]
748
[0.6211956]
749
[0.37319558]
750
[0.74580645]
751
[0.68121995]
752
[0.22351883]
753
[0.64472371]
754
[0.20060607]
755
[0.39906659]
756
[0.61024706]
757
[0.08556421]
758
[0.10022564]
759
[0.01216208]
760
[0.2378657]
761
[0.69404591]
762
[0.49979367]
763
[0.16636373]
764
[0.6291932]
765
[0.30312163]
766
[0.32184468]
767
[0.06286009]
768
[0.19029196]
769
[0.2891246]
770
[0.82313023]
771
[0.32243644]
772
[0.06880117]
773
[0.48502945]
774
[0.14778882]
775
[0.73258419]
776
[0.28427146]
777
[0.20236929]
778
[0.627242]
779
[0.33736305]
780
[0.19493413]
781
[0.82416189]
782
[0.12836219]
783
[0.22675881]
784
[0.37242081]
785
[0.35883666]
786
[0.62437874]
787
[0.37713436]
788
[0.34694114]
789
[0.01224427]
790
[0.03346912]
791
[0.0358798]
792
[0.48071932]
793
[0.19104839]
794
[0.60722259]
795
[0.4320383]
796
[0.26734352]
797
[0.14722348]
798
[0.78098953]
799
[0.18391233]
800
[0.63798154]
801
[0.1639655]
802
[0.43152885]
803
[0.76977076]
804
[0.713546]
805
[0.72454016]
806
[0.58715277]
807
[0.37518609]
808
[0.37178713]
809
[0.55221699]
810
[0.15877495]
811
[0.62899122]
812
[0.0908492]
813
[0.04610676]
814
[0.442362]
815
[0.70727102]
816
[0.32834014]
817
[0.67663466]
818
[0.16243579]
819
[0.06269786]
820
[0.80429382]
821
[0.69521346]
822
[0.55492601]
823
[0.18222601]
824
[0.50455827]
825
[0.82189818]
826
[0.39837148]
827
[0.63475862]
828
[0.27361171]
829
[0.50425435]
830
[0.17928952]
831
[0.65129823]
832
[0.79682917]
833
[0.19170761]
834
[0.09404985]
835
[0.24042027]
836
[0.2970829]
837
[0.27564324]
838
[0.04262132]
839
[0.49916551]
840
[0.39748546]
841
[0.11093101]
842
[0.22146545]
843
[0.42457847]
844
[0.00990055]
845
[0.2586308]
846
[0.75375539]
847
[0.1959116]
848
[0.35515668]
849
[0.32261521]
850
[0.46049384]
851
[0.73075836]
852
[0.23035627]
853
[0.49184141]
854
[0.39311105]
855
[0.71712717]
856
[0.34494025]
857
[0.4796499]
858
[0.40445157]
859
[0.45431482]
860
[0.64759849]
861
[0.59235988]
862
[0.04384871]
863
[0.48277502]
864
[0.52202232]
865
[0.53815668]
866
[0.31945891]
867
[0.05157074]
868
[0.08944667]
869
[0.08932127]
870
[0.14746225]
871
[0.13535571]
872
[0.42077056]
873
[0.2561594]
874
[0.75974028]
875
[0.30866516]
876
[0.2351002]
877
[0.2097436]
878
[0.72106783]
879
[0.15033331]
880
[0.04957789]
881
[0.24300388]
882
[0.23539056]
883
[0.03040192]
884
[0.16737878]
885
[0.5408925]
886
[0.5246506]
887
[0.53666195]
888
[0.1140036]
889
[0.67220771]
890
[0.48449942]
891
[0.688607]
892
[0.32797627]
893
[0.45886099]
894
[0.22134876]
895
[0.08514859]
896
[0.78015356]
897
[0.7189201]
898
[0.09324065]
899
[0.01552313]
900
[0.47703774]
901
[0.81724374]
902
[0.6407701]
903
[0.05612517]
904
[0.04907661]
905
[0.12263451]
906
[0.20237952]
907
[0.72185246]
908
[0.78455651]
909
[0.70733786]
910
[0.60003101]
911
[0.60669114]
912
[0.54720354]
913
[0.34530455]
914
[0.34282639]
915
[0.3363734]
916
[0.14613847]
917
[0.40098039]
918
[0.46095893]
919
[0.02678855]
920
[0.00720848]
921
[0.6562171]
922
[0.07861765]
923
[0.11809683]
924
[0.04183757]
925
[0.45226341]
926
[0.58438154]
927
[0.05711456]
928
[0.37494066]
929
[0.1495984]
930
[0.70794894]
931
[0.05343533]
932
[0.27336001]
933
[0.47171988]
934
[0.64832746]
935
[0.12836345]
936
[0.07496472]
937
[0.43894249]
938
[0.50474563]
939
[0.12051136]
940
[0.56848134]
941
[0.43613203]
942
[0.61927721]
943
[0.23050717]
944
[0.69445449]
945
[0.55518888]
946
[0.3259456]
947
[0.81188411]
948
[0.68884448]
949
[0.14390521]
950
[0.74839005]
951
[0.35790683]
952
[0.40655538]
953
[0.77657766]
954
[0.22666981]
955
[0.8026929]
956
[0.20575476]
957
[0.79483782]
958
[0.45668616]
959
[0.49852813]
960
[0.28315974]
961
[0.60618121]
962
[0.08511804]
963
[0.20465404]
964
[0.0144719]
965
[0.65936779]
966
[0.14960377]
967
[0.20578525]
968
[0.0361999]
969
[0.34849289]
970
[0.52291142]
971
[0.00439197]
972
[0.4332303]
973
[0.07238069]
974
[0.17157199]
975
[0.20820958]
976
[0.25446289]
977
[0.40971568]
978
[0.21184261]
979
[0.4589382]
980
[0.53976398]
981
[0.42302803]
982
[0.36685683]
983
[0.23271448]
984
[0.53042377]
985
[0.40174276]
986
[0.19422638]
987
[0.55864323]
988
[0.0600912]
989
[0.39466195]
990
[0.71711158]
991
[0.61738664]
992
[0.04119732]
993
[0.58417074]
994
[0.70365017]
995
[0.23775232]
996
[0.20913715]
997
[0.40919784]
998
[0.53804129]
999
[0.02343975]
[1] 5000   11
[1] 5000   11
