LOADING R
R LOADED
[1] "/home/lvanderl/Rlibs2"                         
[2] "/app/software/R/4.3.1-gfbf-2022b/lib/R/library"
[1] "/home/lvanderl/sieveSims"
[1] "rf 20 4"
[1] 0.06371659
[1] 0.06371659
[1] 0.06371659
[   10.            11.51395399    13.25711366    15.26417967
    17.57510625    20.23589648    23.29951811    26.82695795
    30.88843596    35.56480306    40.94915062    47.14866363
    54.28675439    62.50551925    71.9685673     82.86427729
    95.40954763   109.8541142    126.48552169   145.63484775
   167.68329368   193.06977289   222.29964825   255.95479227
   294.70517026   339.32217719   390.69399371   449.8432669
   517.94746792   596.36233166   686.648845     790.60432109
   910.29817799  1048.11313415  1206.79264064  1389.49549437
  1599.85871961  1842.06996933  2120.95088792  2442.05309455
  2811.76869797  3237.45754282  3727.59372031  4291.93426013
  4941.71336132  5689.86602902  6551.2855686   7543.12006335
  8685.11373751 10000.        ]
[0.13323721 0.12698243 0.11952465 0.11502729 0.1068491  0.10095402
 0.09607665 0.08831284 0.07660874 0.0820088  0.07770053 0.06393713
 0.06488695 0.06344625 0.06032688 0.05355155 0.05512176 0.05793449
 0.05388839 0.06916169 0.06095446 0.0752219  0.07138086 0.07813269
 0.07451921 0.12035382 0.09663148 0.13216805 0.16438491 0.15879796
 0.22118301 0.20605391 0.19458095 0.23810497 0.26890242 0.36046658
 0.42124631 0.32242274 0.61824171 0.60363964 0.46932948 0.71163151
 0.92703815 0.95040663 1.29836214 1.02386997 1.27773895 1.59495678
 1.69069239 1.77949703]
82.86427728546842
0
[0.14902351]
1
[0.18970272]
2
[0.1535866]
3
[0.1522416]
4
[0.17797608]
5
[0.16128298]
6
[0.13625062]
7
[0.1589451]
8
[0.16009846]
9
[0.1511374]
10
[0.13001035]
11
[0.16183569]
12
[0.15175427]
13
[0.15184116]
14
[0.17936227]
15
[0.17671095]
16
[0.15998106]
17
[0.14046191]
18
[0.16272127]
19
[0.1745545]
20
[0.17478075]
21
[0.17462794]
22
[0.18088711]
23
[0.15764741]
24
[0.17505702]
25
[0.16131493]
26
[0.15055533]
27
[0.14217026]
28
[0.15761546]
29
[0.1698496]
30
[0.15997372]
31
[0.16910838]
32
[0.12899634]
33
[0.1694416]
34
[0.17413585]
35
[0.19146768]
36
[0.16065392]
37
[0.14720604]
38
[0.14746841]
39
[0.14718545]
40
[0.16153491]
41
[0.14340283]
42
[0.16445814]
43
[0.14934558]
44
[0.15227478]
45
[0.13073552]
46
[0.161412]
47
[0.19010464]
48
[0.14769726]
49
[0.16050288]
50
[0.16168049]
51
[0.15979828]
52
[0.162595]
53
[0.13072761]
54
[0.16266122]
55
[0.11878031]
56
[0.15371542]
57
[0.14053437]
58
[0.13785937]
59
[0.14996746]
60
[0.16432612]
61
[0.16738875]
62
[0.1530065]
63
[0.14756185]
64
[0.15437859]
65
[0.15551139]
66
[0.16226277]
67
[0.1554636]
68
[0.14338302]
69
[0.14534198]
70
[0.14379874]
71
[0.15861591]
72
[0.16741931]
73
[0.15679185]
74
[0.158755]
75
[0.1577982]
76
[0.14885356]
77
[0.13189477]
78
[0.16209902]
79
[0.16067566]
80
[0.15478103]
81
[0.15347434]
82
[0.14007517]
83
[0.14924291]
84
[0.1502003]
85
[0.15753653]
86
[0.13645516]
87
[0.16807208]
88
[0.14602305]
89
[0.15822612]
90
[0.16634879]
91
[0.15332036]
92
[0.15708389]
93
[0.15460477]
94
[0.1346343]
95
[0.18117632]
96
[0.15623908]
97
[0.14873734]
98
[0.18317485]
99
[0.16589048]
100
[0.15428222]
101
[0.14768622]
102
[0.15346899]
103
[0.13583696]
104
[0.12756777]
105
[0.17701556]
106
[0.15118544]
107
[0.17098002]
108
[0.14636303]
109
[0.16098098]
110
[0.1403366]
111
[0.15001483]
112
[0.13157669]
113
[0.16600475]
114
[0.15184618]
115
[0.16780718]
116
[0.15331859]
117
[0.12916017]
118
[0.18166419]
119
[0.15114307]
120
[0.18797547]
121
[0.14891451]
122
[0.15218623]
123
[0.18798773]
124
[0.16876537]
125
[0.17561426]
126
[0.1536956]
127
[0.14136408]
128
[0.14738519]
129
[0.1925793]
130
[0.16602256]
131
[0.164415]
132
[0.15127401]
133
[0.1410698]
134
[0.18687121]
135
[0.16174516]
136
[0.14662556]
137
[0.1387283]
138
[0.17665008]
139
[0.1403039]
140
[0.16090782]
141
[0.16342442]
142
[0.1421327]
143
[0.14193664]
144
[0.14297826]
145
[0.12835116]
146
[0.14787833]
147
[0.16793645]
148
[0.15256313]
149
[0.15074911]
150
[0.16189019]
151
[0.14380344]
152
[0.15338236]
153
[0.17084933]
154
[0.1575961]
155
[0.141044]
156
[0.16644644]
157
[0.13785023]
158
[0.13700058]
159
[0.16541895]
160
[0.14070111]
161
[0.15494449]
162
[0.14512163]
163
[0.15627744]
164
[0.14459254]
165
[0.18547686]
166
[0.15221372]
167
[0.16721529]
168
[0.16545347]
169
[0.13797894]
170
[0.13662604]
171
[0.14350009]
172
[0.15266755]
173
[0.14319072]
174
[0.12585351]
175
[0.15093865]
176
[0.15905767]
177
[0.19985075]
178
[0.16710961]
179
[0.16418202]
180
[0.16978638]
181
[0.15913213]
182
[0.1623687]
183
[0.17552743]
184
[0.1787448]
185
[0.18280076]
186
[0.16171212]
187
[0.17500224]
188
[0.14329105]
189
[0.1341802]
190
[0.15459972]
191
[0.16622576]
192
[0.17523661]
193
[0.1137141]
194
[0.13671041]
195
[0.16759611]
196
[0.12993537]
197
[0.15493534]
198
[0.18504331]
199
[0.16921088]
200
[0.18481439]
201
[0.15627519]
202
[0.17583995]
203
[0.16060584]
204
[0.17366374]
205
[0.14878565]
206
[0.17156739]
207
[0.13643784]
208
[0.16387142]
209
[0.14569253]
210
[0.15871835]
211
[0.1580883]
212
[0.14081435]
213
[0.15808815]
214
[0.14607359]
215
[0.17546161]
216
[0.15351206]
217
[0.16514803]
218
[0.14575734]
219
[0.15734705]
220
[0.14858514]
221
[0.16578461]
222
[0.15813948]
223
[0.13483614]
224
[0.14940923]
225
[0.16682]
226
[0.12858232]
227
[0.17667114]
228
[0.15341344]
229
[0.14226547]
230
[0.16425061]
231
[0.13169066]
232
[0.13704896]
233
[0.17707691]
234
[0.15760122]
235
[0.14224072]
236
[0.17288402]
237
[0.15252653]
238
[0.1736632]
239
[0.15784741]
240
[0.15454789]
241
[0.13021999]
242
[0.14760792]
243
[0.17628461]
244
[0.1645234]
245
[0.16988276]
246
[0.15354615]
247
[0.1442496]
248
[0.16368808]
249
[0.16447528]
250
[0.15651047]
251
[0.14929175]
252
[0.15173831]
253
[0.15124924]
254
[0.16317418]
255
[0.11903533]
256
[0.15874978]
257
[0.14210404]
258
[0.16624037]
259
[0.13805418]
260
[0.15018934]
261
[0.10265308]
262
[0.15338189]
263
[0.14375327]
264
[0.14604674]
265
[0.15421515]
266
[0.13546312]
267
[0.16032549]
268
[0.15092516]
269
[0.13978344]
270
[0.15049364]
271
[0.1594886]
272
[0.16373084]
273
[0.13808924]
274
[0.16048973]
275
[0.14360672]
276
[0.15792826]
277
[0.15744725]
278
[0.14882652]
279
[0.17002051]
280
[0.15123216]
281
[0.15922939]
282
[0.1530299]
283
[0.1464718]
284
[0.16335562]
285
[0.15813211]
286
[0.17487443]
287
[0.14560195]
288
[0.1271077]
289
[0.13240168]
290
[0.15396717]
291
[0.14438285]
292
[0.17401536]
293
[0.16186557]
294
[0.13581454]
295
[0.17392665]
296
[0.13989344]
297
[0.14754241]
298
[0.1561371]
299
[0.14735126]
300
[0.1580574]
301
[0.1546976]
302
[0.13695378]
303
[0.14889883]
304
[0.1620639]
305
[0.15715336]
306
[0.17853721]
307
[0.15395282]
308
[0.12806967]
309
[0.17254673]
310
[0.15964443]
311
[0.15787732]
312
[0.15669594]
313
[0.16595699]
314
[0.15619325]
315
[0.17122259]
316
[0.145449]
317
[0.14875738]
318
[0.16023907]
319
[0.16182807]
320
[0.1267409]
321
[0.14373392]
322
[0.12567844]
323
[0.13361818]
324
[0.17791001]
325
[0.16896019]
326
[0.16804481]
327
[0.16010594]
328
[0.17859008]
329
[0.17120116]
330
[0.16957128]
331
[0.1662689]
332
[0.15315993]
333
[0.15403742]
334
[0.15746804]
335
[0.15662708]
336
[0.15316842]
337
[0.1758033]
338
[0.12861905]
339
[0.14191064]
340
[0.14798718]
341
[0.14116326]
342
[0.14533773]
343
[0.15203322]
344
[0.16179863]
345
[0.1495691]
346
[0.14355141]
347
[0.15246037]
348
[0.158806]
349
[0.14277575]
350
[0.1571343]
351
[0.16986046]
352
[0.16375181]
353
[0.14407965]
354
[0.15964443]
355
[0.17269686]
356
[0.15338285]
357
[0.16526738]
358
[0.1587596]
359
[0.15148756]
360
[0.15338598]
361
[0.14817259]
362
[0.16406941]
363
[0.16622746]
364
[0.15831886]
365
[0.15729043]
366
[0.13443019]
367
[0.15016032]
368
[0.14489813]
369
[0.15419588]
370
[0.1715872]
371
[0.13957856]
372
[0.17634871]
373
[0.15249765]
374
[0.13873591]
375
[0.17333809]
376
[0.14493354]
377
[0.14880892]
378
[0.17056218]
379
[0.16351193]
380
[0.14760762]
381
[0.17628227]
382
[0.17052665]
383
[0.16100656]
384
[0.184399]
385
[0.15514471]
386
[0.13605982]
387
[0.12475653]
388
[0.13913135]
389
[0.18212336]
390
[0.13344648]
391
[0.12024869]
392
[0.15325507]
393
[0.15564202]
394
[0.12265445]
395
[0.17261851]
396
[0.15736785]
397
[0.15945317]
398
[0.15708056]
399
[0.17295548]
400
[0.15893598]
401
[0.1516874]
402
[0.13512596]
403
[0.1712464]
404
[0.14032003]
405
[0.19294759]
406
[0.13406004]
407
[0.171035]
408
[0.18576248]
409
[0.14167983]
410
[0.1778185]
411
[0.1397304]
412
[0.13256295]
413
[0.14272011]
414
[0.17701538]
415
[0.14317047]
416
[0.13574822]
417
[0.1547309]
418
[0.1663223]
419
[0.16010495]
420
[0.16042479]
421
[0.17483642]
422
[0.15825239]
423
[0.16441191]
424
[0.14586637]
425
[0.16059728]
426
[0.17278119]
427
[0.16447374]
428
[0.17190366]
429
[0.16033676]
430
[0.14138677]
431
[0.12710212]
432
[0.16512559]
433
[0.16874888]
434
[0.1541773]
435
[0.16713669]
436
[0.14662124]
437
[0.1368227]
438
[0.1324272]
439
[0.17497948]
440
[0.17545999]
441
[0.16907627]
442
[0.16884303]
443
[0.1628466]
444
[0.13809717]
445
[0.17753794]
446
[0.17205948]
447
[0.15038127]
448
[0.11852711]
449
[0.16645673]
450
[0.13608802]
451
[0.16815949]
452
[0.15002732]
453
[0.16157698]
454
[0.19318081]
455
[0.17621163]
456
[0.17982855]
457
[0.15243857]
458
[0.16986046]
459
[0.20297841]
460
[0.14773011]
461
[0.12902835]
462
[0.1522997]
463
[0.13630027]
464
[0.16289944]
465
[0.14717049]
466
[0.15438259]
467
[0.12286672]
468
[0.16807904]
469
[0.1627298]
470
[0.15356338]
471
[0.15520423]
472
[0.17388149]
473
[0.12850494]
474
[0.15079546]
475
[0.1271637]
476
[0.14050668]
477
[0.14947059]
478
[0.1719108]
479
[0.18190134]
480
[0.16549069]
481
[0.15169966]
482
[0.14630424]
483
[0.13861111]
484
[0.16802057]
485
[0.14044269]
486
[0.16131007]
487
[0.17455562]
488
[0.13667807]
489
[0.15225727]
490
[0.1718781]
491
[0.14117735]
492
[0.15332067]
493
[0.15890181]
494
[0.15483467]
495
[0.14601552]
496
[0.16864226]
497
[0.16504041]
498
[0.14168491]
499
[0.15375175]
500
[0.13783022]
501
[0.16009214]
502
[0.17565302]
503
[0.1549566]
504
[0.14392079]
505
[0.14522582]
506
[0.14110068]
507
[0.15763274]
508
[0.16975207]
509
[0.17448425]
510
[0.13783368]
511
[0.17203751]
512
[0.15738953]
513
[0.17354527]
514
[0.14438876]
515
[0.15753778]
516
[0.15189163]
517
[0.16537446]
518
[0.146643]
519
[0.13564192]
520
[0.13873489]
521
[0.12576411]
522
[0.16168763]
523
[0.1413203]
524
[0.15951549]
525
[0.16267666]
526
[0.14725846]
527
[0.13325658]
528
[0.168483]
529
[0.17264343]
530
[0.15251922]
531
[0.15271848]
532
[0.13484246]
533
[0.14953226]
534
[0.17053914]
535
[0.16184828]
536
[0.17393449]
537
[0.13717978]
538
[0.15869474]
539
[0.16112239]
540
[0.16430391]
541
[0.17618188]
542
[0.16734107]
543
[0.15968288]
544
[0.15815672]
545
[0.13308275]
546
[0.16153115]
547
[0.1568171]
548
[0.15931327]
549
[0.14256884]
550
[0.19042801]
551
[0.15418641]
552
[0.17096263]
553
[0.14535989]
554
[0.15784012]
555
[0.17034946]
556
[0.1467915]
557
[0.14558935]
558
[0.14976382]
559
[0.16050271]
560
[0.15720804]
561
[0.1466477]
562
[0.18132008]
563
[0.17803328]
564
[0.14602305]
565
[0.15593889]
566
[0.12193188]
567
[0.1759846]
568
[0.14408054]
569
[0.18312649]
570
[0.18365635]
571
[0.14103085]
572
[0.16541888]
573
[0.1375056]
574
[0.16128665]
575
[0.15277105]
576
[0.14297613]
577
[0.15841939]
578
[0.17871654]
579
[0.14849273]
580
[0.14852356]
581
[0.13033869]
582
[0.14861246]
583
[0.17512615]
584
[0.16709698]
585
[0.15188721]
586
[0.15405156]
587
[0.15964443]
588
[0.14518783]
589
[0.14570557]
590
[0.14843863]
591
[0.13938549]
592
[0.13200897]
593
[0.15812264]
594
[0.14569727]
595
[0.1770953]
596
[0.15679028]
597
[0.15551975]
598
[0.17336681]
599
[0.13577427]
600
[0.11784457]
601
[0.17419959]
602
[0.16028291]
603
[0.18524993]
604
[0.16340578]
605
[0.17452431]
606
[0.16032549]
607
[0.15637638]
608
[0.14548613]
609
[0.1422239]
610
[0.17842733]
611
[0.17733133]
612
[0.16849832]
613
[0.16827609]
614
[0.14649742]
615
[0.1618836]
616
[0.17966737]
617
[0.13931536]
618
[0.1276342]
619
[0.1349316]
620
[0.12307687]
621
[0.17740125]
622
[0.17326394]
623
[0.15503402]
624
[0.16507452]
625
[0.15079053]
626
[0.15428619]
627
[0.15384627]
628
[0.18457295]
629
[0.15337058]
630
[0.17513035]
631
[0.1635122]
632
[0.15510689]
633
[0.12021951]
634
[0.16531191]
635
[0.17692365]
636
[0.17040996]
637
[0.1610938]
638
[0.191871]
639
[0.15747468]
640
[0.17258473]
641
[0.15508131]
642
[0.1606376]
643
[0.15910713]
644
[0.12579021]
645
[0.17094383]
646
[0.1663097]
647
[0.17201841]
648
[0.1403152]
649
[0.15428495]
650
[0.15506994]
651
[0.15915965]
652
[0.16113665]
653
[0.16509298]
654
[0.11525069]
655
[0.1587946]
656
[0.14971348]
657
[0.13718261]
658
[0.14310216]
659
[0.16844502]
660
[0.13529901]
661
[0.14681405]
662
[0.16764142]
663
[0.17579042]
664
[0.16714073]
665
[0.15455831]
666
[0.15595139]
667
[0.14828105]
668
[0.14722461]
669
[0.14265223]
670
[0.13050835]
671
[0.16317132]
672
[0.15890866]
673
[0.14206509]
674
[0.15293534]
675
[0.15553004]
676
[0.19735995]
677
[0.15990898]
678
[0.15200703]
679
[0.17356576]
680
[0.1344272]
681
[0.14164901]
682
[0.12543638]
683
[0.1539809]
684
[0.16100656]
685
[0.18012064]
686
[0.16524961]
687
[0.13954147]
688
[0.15395016]
689
[0.1649205]
690
[0.12695056]
691
[0.14984105]
692
[0.17919945]
693
[0.15966224]
694
[0.16696025]
695
[0.15358995]
696
[0.17809774]
697
[0.14447281]
698
[0.15041711]
699
[0.17422356]
700
[0.16678535]
701
[0.17524339]
702
[0.18525673]
703
[0.15431038]
704
[0.15990537]
705
[0.16224453]
706
[0.14641682]
707
[0.15159158]
708
[0.14188978]
709
[0.15363231]
710
[0.16187921]
711
[0.12779265]
712
[0.14037582]
713
[0.14416382]
714
[0.15136254]
715
[0.15292545]
716
[0.17389204]
717
[0.16559465]
718
[0.16918556]
719
[0.15487695]
720
[0.15079141]
721
[0.16826812]
722
[0.17751032]
723
[0.12455652]
724
[0.16824523]
725
[0.16878]
726
[0.16906672]
727
[0.14193664]
728
[0.1290296]
729
[0.15985359]
730
[0.15026851]
731
[0.14330633]
732
[0.1571611]
733
[0.18308927]
734
[0.12793758]
735
[0.17226421]
736
[0.13157197]
737
[0.16260737]
738
[0.16976394]
739
[0.14364821]
740
[0.1512734]
741
[0.15748314]
742
[0.16464635]
743
[0.15749998]
744
[0.11655267]
745
[0.17462561]
746
[0.15593892]
747
[0.16509298]
748
[0.15024915]
749
[0.1850104]
750
[0.15818359]
751
[0.16527548]
752
[0.1707731]
753
[0.14875277]
754
[0.1623687]
755
[0.1310467]
756
[0.16930821]
757
[0.15257907]
758
[0.14547677]
759
[0.1799496]
760
[0.1738307]
761
[0.15623908]
762
[0.1583514]
763
[0.15635171]
764
[0.17449502]
765
[0.16542111]
766
[0.14417387]
767
[0.17288174]
768
[0.14904895]
769
[0.14078317]
770
[0.14454943]
771
[0.17587963]
772
[0.13866651]
773
[0.13374121]
774
[0.15396942]
775
[0.17344659]
776
[0.16914633]
777
[0.15006904]
778
[0.1385313]
779
[0.16986445]
780
[0.1613768]
781
[0.13770633]
782
[0.15401997]
783
[0.13461759]
784
[0.14893347]
785
[0.16727408]
786
[0.15274139]
787
[0.14163676]
788
[0.18057267]
789
[0.13897925]
790
[0.15078733]
791
[0.1622348]
792
[0.12665642]
793
[0.15951623]
794
[0.1445819]
795
[0.16539548]
796
[0.18222571]
797
[0.15778272]
798
[0.13925827]
799
[0.16493547]
800
[0.1408734]
801
[0.15964505]
802
[0.18099927]
803
[0.16821591]
804
[0.17789696]
805
[0.14083511]
806
[0.1760094]
807
[0.16592743]
808
[0.17991641]
809
[0.15695205]
810
[0.18188769]
811
[0.16599424]
812
[0.16122178]
813
[0.13014535]
814
[0.16417658]
815
[0.17998028]
816
[0.14475635]
817
[0.16031497]
818
[0.17572693]
819
[0.17000042]
820
[0.13375931]
821
[0.15620142]
822
[0.15675254]
823
[0.15298442]
824
[0.12122046]
825
[0.15318105]
826
[0.13989344]
827
[0.16032549]
828
[0.152403]
829
[0.15666205]
830
[0.16770148]
831
[0.1555647]
832
[0.14764383]
833
[0.14726969]
834
[0.15276196]
835
[0.16984945]
836
[0.14013456]
837
[0.17957558]
838
[0.13078746]
839
[0.16242551]
840
[0.15495097]
841
[0.16080192]
842
[0.16009635]
843
[0.14680526]
844
[0.15485832]
845
[0.16659074]
846
[0.16443959]
847
[0.15014938]
848
[0.15949736]
849
[0.14377544]
850
[0.12821604]
851
[0.17412912]
852
[0.1636981]
853
[0.1909455]
854
[0.13635058]
855
[0.15483351]
856
[0.16211525]
857
[0.1685017]
858
[0.15174401]
859
[0.15271367]
860
[0.17310481]
861
[0.16781995]
862
[0.14083752]
863
[0.16067185]
864
[0.14597868]
865
[0.14855851]
866
[0.16241779]
867
[0.16909301]
868
[0.15137321]
869
[0.17822256]
870
[0.13682581]
871
[0.1496338]
872
[0.17187726]
873
[0.12335733]
874
[0.13858551]
875
[0.17208972]
876
[0.15810712]
877
[0.14138466]
878
[0.15051687]
879
[0.16551786]
880
[0.13334876]
881
[0.1589768]
882
[0.18599956]
883
[0.1687508]
884
[0.14547782]
885
[0.13172115]
886
[0.16928664]
887
[0.14484907]
888
[0.14617944]
889
[0.17256459]
890
[0.16356901]
891
[0.15461672]
892
[0.12983151]
893
[0.14210449]
894
[0.16481394]
895
[0.15416217]
896
[0.18210954]
897
[0.15587599]
898
[0.15680118]
899
[0.16532507]
900
[0.14907331]
901
[0.14681461]
902
[0.12630264]
903
[0.18200396]
904
[0.15583001]
905
[0.16401975]
906
[0.18441795]
907
[0.16556669]
908
[0.15050569]
909
[0.1296501]
910
[0.14346217]
911
[0.14941743]
912
[0.1749344]
913
[0.14310968]
914
[0.15162203]
915
[0.15918757]
916
[0.18260605]
917
[0.16230911]
918
[0.16875639]
919
[0.1377396]
920
[0.15252405]
921
[0.15957608]
922
[0.16934436]
923
[0.15727064]
924
[0.14466092]
925
[0.14486276]
926
[0.16443403]
927
[0.14918109]
928
[0.12931293]
929
[0.14384662]
930
[0.1496812]
931
[0.1569973]
932
[0.16450464]
933
[0.166433]
934
[0.14704918]
935
[0.1360572]
936
[0.1732658]
937
[0.17854506]
938
[0.16777019]
939
[0.15849399]
940
[0.13151665]
941
[0.15982874]
942
[0.14762871]
943
[0.13308275]
944
[0.16322415]
945
[0.15669041]
946
[0.13301418]
947
[0.14502538]
948
[0.13553037]
949
[0.12566917]
950
[0.17559823]
951
[0.12150458]
952
[0.143919]
953
[0.15590666]
954
[0.15231364]
955
[0.14220949]
956
[0.14223356]
957
[0.12528208]
958
[0.13970708]
959
[0.15945412]
960
[0.18137849]
961
[0.16720266]
962
[0.14458544]
963
[0.1715729]
964
[0.16781725]
965
[0.149448]
966
[0.15483928]
967
[0.15034339]
968
[0.15644248]
969
[0.15831518]
970
[0.16537124]
971
[0.15004825]
972
[0.17087371]
973
[0.18938185]
974
[0.15043729]
975
[0.1618589]
976
[0.13574813]
977
[0.14788021]
978
[0.17931447]
979
[0.17058657]
980
[0.13123814]
981
[0.16114065]
982
[0.17144453]
983
[0.12286672]
984
[0.17009799]
985
[0.17498304]
986
[0.14082026]
987
[0.15669605]
988
[0.13196564]
989
[0.18201737]
990
[0.17716249]
991
[0.13686958]
992
[0.15250084]
993
[0.11072159]
994
[0.13383509]
995
[0.1668585]
996
[0.1455003]
997
[0.15787865]
998
[0.14397754]
999
[0.16114701]
[1] 5000   11
[1] 5000   11
