LOADING R
R LOADED
[1] "/home/lvanderl/Rlibs2"                         
[2] "/app/software/R/4.3.1-gfbf-2022b/lib/R/library"
[1] "/home/lvanderl/sieveSims"
[1] "rf 2 2"
[1] 0.09287294
[1] 0.09287294
[1] 0.09287294
70.04081632653062
0
[0.17762661]
1
[0.27329166]
2
[0.29108204]
3
[0.21233098]
4
[0.19824772]
5
[0.41723364]
6
[0.25717282]
7
[0.28605232]
8
[0.268617]
9
[0.23554289]
10
[0.18615893]
11
[0.21358982]
12
[0.29832237]
13
[0.26764306]
14
[0.28577034]
15
[0.35352753]
16
[0.17983856]
17
[0.19640079]
18
[0.29832721]
19
[0.14058067]
20
[0.16668296]
21
[0.2570683]
22
[0.30420613]
23
[0.09724315]
24
[0.15359968]
25
[0.21755504]
26
[0.21292919]
27
[0.19433257]
28
[0.19863429]
29
[0.08088317]
30
[0.17020499]
31
[0.08565463]
32
[0.18790034]
33
[0.1441895]
34
[0.22637285]
35
[0.08709556]
36
[0.22796375]
37
[0.18665377]
38
[0.1271096]
39
[0.12562817]
40
[0.11090235]
41
[0.16739165]
42
[0.25498357]
43
[0.2840531]
44
[0.22943793]
45
[0.15163823]
46
[0.13112552]
47
[0.26561479]
48
[0.1998553]
49
[0.16826668]
50
[0.27200821]
51
[0.26418327]
52
[0.23208092]
53
[0.17509146]
54
[0.12363458]
55
[0.1964396]
56
[0.13333434]
57
[0.3442135]
58
[0.18158185]
59
[0.40992094]
60
[0.13616664]
61
[0.27680998]
62
[0.08969892]
63
[0.22433638]
64
[0.07058512]
65
[0.11324782]
66
[0.13492808]
67
[0.18539712]
68
[0.09821897]
69
[0.3586157]
70
[0.1510534]
71
[0.09073059]
72
[0.36354875]
73
[0.18037891]
74
[0.09559966]
75
[0.25732975]
76
[0.20637431]
77
[0.28409602]
78
[0.33664634]
79
[0.24572341]
80
[0.14463766]
81
[0.14398265]
82
[0.16398001]
83
[0.28628085]
84
[0.17099768]
85
[0.38021773]
86
[0.40512539]
87
[0.20266638]
88
[0.1631365]
89
[0.18383093]
90
[0.24925452]
91
[0.14700487]
92
[0.25497311]
93
[0.2513819]
94
[0.15915958]
95
[0.41478199]
96
[0.17762392]
97
[0.11628735]
98
[0.12165342]
99
[0.13386377]
100
[0.09821137]
101
[0.15566138]
102
[0.21835222]
103
[0.19373063]
104
[0.19365489]
105
[0.07222045]
106
[0.12587026]
107
[0.10790223]
108
[0.1700188]
109
[0.14268945]
110
[0.21726628]
111
[0.30288795]
112
[0.06896019]
113
[0.36045904]
114
[0.12718996]
115
[0.11195978]
116
[0.18048122]
117
[0.29634887]
118
[0.31520628]
119
[0.19043864]
120
[0.18618416]
121
[0.14732525]
122
[0.22539465]
123
[0.20229455]
124
[0.20976707]
125
[0.21801317]
126
[0.13484153]
127
[0.18282205]
128
[0.16374068]
129
[0.17647133]
130
[0.29523004]
131
[0.29509725]
132
[0.22256512]
133
[0.24834588]
134
[0.2074937]
135
[0.34951719]
136
[0.14220346]
137
[0.0747734]
138
[0.27916203]
139
[0.23259088]
140
[0.13774203]
141
[0.14033521]
142
[0.33299277]
143
[0.10817497]
144
[0.28591765]
145
[0.27701479]
146
[0.14008052]
147
[0.20946051]
148
[0.26817065]
149
[0.10110144]
150
[0.1688837]
151
[0.07185364]
152
[0.27670858]
153
[0.11873618]
154
[0.23106145]
155
[0.11112123]
156
[0.10976872]
157
[0.19216997]
158
[0.14572689]
159
[0.23657409]
160
[0.23229851]
161
[0.09506489]
162
[0.17605161]
163
[0.11820832]
164
[0.37867397]
165
[0.33211313]
166
[0.17981438]
167
[0.21652028]
168
[0.08252815]
169
[0.06661666]
170
[0.09440533]
171
[0.22238114]
172
[0.27612985]
173
[0.28007639]
174
[0.17482727]
175
[0.10121442]
176
[0.07859401]
177
[0.26378309]
178
[0.14302161]
179
[0.06694359]
180
[0.21268752]
181
[0.2782238]
182
[0.20241707]
183
[0.14634166]
184
[0.23295907]
185
[0.22705455]
186
[0.11592889]
187
[0.190078]
188
[0.17900343]
189
[0.09134957]
190
[0.13057088]
191
[0.14717128]
192
[0.31056251]
193
[0.26560755]
194
[0.087329]
195
[0.31644182]
196
[0.06496652]
197
[0.25865331]
198
[0.11737404]
199
[0.19162894]
200
[0.14928565]
201
[0.14894739]
202
[0.10141863]
203
[0.17774335]
204
[0.08792913]
205
[0.19071596]
206
[0.2438943]
207
[0.09140677]
208
[0.13521592]
209
[0.39790943]
210
[0.15093797]
211
[0.13032124]
212
[0.15801295]
213
[0.32829943]
214
[0.11958631]
215
[0.24232412]
216
[0.11606658]
217
[0.25523483]
218
[0.1227821]
219
[0.16686612]
220
[0.25459569]
221
[0.06408116]
222
[0.17850716]
223
[0.33050588]
224
[0.28794284]
225
[0.22066928]
226
[0.22015402]
227
[0.22632698]
228
[0.13254211]
229
[0.21059868]
230
[0.17642156]
231
[0.21737603]
232
[0.15858972]
233
[0.25273876]
234
[0.11275491]
235
[0.22695589]
236
[0.1833428]
237
[0.10105611]
238
[0.13032079]
239
[0.14822792]
240
[0.20023671]
241
[0.11734494]
242
[0.22811041]
243
[0.08783878]
244
[0.21204383]
245
[0.21176757]
246
[0.19283068]
247
[0.20878847]
248
[0.2101024]
249
[0.13953478]
250
[0.17320881]
251
[0.11183877]
252
[0.26318044]
253
[0.21848749]
254
[0.15158662]
255
[0.12730593]
256
[0.0870009]
257
[0.1025078]
258
[0.08625408]
259
[0.35507628]
260
[0.34821564]
261
[0.18424048]
262
[0.15552199]
263
[0.2541688]
264
[0.07945689]
265
[0.10001225]
266
[0.22189317]
267
[0.29976457]
268
[0.36656955]
269
[0.229545]
270
[0.18826839]
271
[0.15625585]
272
[0.16535715]
273
[0.1841818]
274
[0.17454161]
275
[0.23167556]
276
[0.25422565]
277
[0.20401358]
278
[0.1083821]
279
[0.31862276]
280
[0.10782704]
281
[0.22509052]
282
[0.28852473]
283
[0.10209734]
284
[0.3459659]
285
[0.13652577]
286
[0.15754463]
287
[0.16311841]
288
[0.17127765]
289
[0.14776585]
290
[0.37353936]
291
[0.11190098]
292
[0.14851342]
293
[0.3610346]
294
[0.28615755]
295
[0.33200663]
296
[0.2502369]
297
[0.07170325]
298
[0.29926317]
299
[0.11521657]
300
[0.09047212]
301
[0.32738037]
302
[0.09893177]
303
[0.23877436]
304
[0.13243318]
305
[0.1879888]
306
[0.19511753]
307
[0.10365317]
308
[0.15800275]
309
[0.08778972]
310
[0.15779247]
311
[0.12877748]
312
[0.17909166]
313
[0.10482283]
314
[0.11635874]
315
[0.06556319]
316
[0.13414383]
317
[0.29725389]
318
[0.12266129]
319
[0.26226824]
320
[0.19992092]
321
[0.21591073]
322
[0.15978216]
323
[0.26304578]
324
[0.07586131]
325
[0.06375841]
326
[0.1558705]
327
[0.15572702]
328
[0.13698073]
329
[0.19748771]
330
[0.33410956]
331
[0.16691852]
332
[0.29100473]
333
[0.31045592]
334
[0.17576969]
335
[0.21296924]
336
[0.30881697]
337
[0.08991284]
338
[0.18285862]
339
[0.12157238]
340
[0.15440537]
341
[0.14774164]
342
[0.08270331]
343
[0.33623429]
344
[0.38297563]
345
[0.22205736]
346
[0.12745667]
347
[0.18270971]
348
[0.19558896]
349
[0.14486591]
350
[0.30725559]
351
[0.32709018]
352
[0.22420703]
353
[0.24740721]
354
[0.13571024]
355
[0.2630883]
356
[0.21981842]
357
[0.31431732]
358
[0.09922952]
359
[0.10481095]
360
[0.33747864]
361
[0.10472342]
362
[0.15936006]
363
[0.12019301]
364
[0.24340549]
365
[0.15387067]
366
[0.21877024]
367
[0.11757408]
368
[0.26311482]
369
[0.0669551]
370
[0.20131777]
371
[0.34601676]
372
[0.24404752]
373
[0.10745463]
374
[0.17190271]
375
[0.133622]
376
[0.2101024]
377
[0.14646214]
378
[0.22048131]
379
[0.07652156]
380
[0.33663934]
381
[0.1783475]
382
[0.12566133]
383
[0.15912997]
384
[0.29301523]
385
[0.17036728]
386
[0.13995238]
387
[0.28336614]
388
[0.1758147]
389
[0.0525123]
390
[0.1748495]
391
[0.13533255]
392
[0.10418462]
393
[0.10654554]
394
[0.15523318]
395
[0.20397871]
396
[0.1276853]
397
[0.21778773]
398
[0.13702755]
399
[0.2380083]
400
[0.10323773]
401
[0.33216659]
402
[0.23230446]
403
[0.33908797]
404
[0.11077754]
405
[0.14879791]
406
[0.159351]
407
[0.22154247]
408
[0.07689004]
409
[0.08772171]
410
[0.12766403]
411
[0.13654192]
412
[0.13978065]
413
[0.19471685]
414
[0.16181938]
415
[0.22668024]
416
[0.12719774]
417
[0.22447627]
418
[0.27447654]
419
[0.11238173]
420
[0.16460954]
421
[0.29415654]
422
[0.15329618]
423
[0.0594565]
424
[0.23122546]
425
[0.12028678]
426
[0.13005127]
427
[0.15911564]
428
[0.37234823]
429
[0.15985706]
430
[0.25822831]
431
[0.24589373]
432
[0.16928886]
433
[0.18102247]
434
[0.12842129]
435
[0.08008711]
436
[0.18577708]
437
[0.31158523]
438
[0.07613171]
439
[0.15060641]
440
[0.19880654]
441
[0.31042885]
442
[0.23447585]
443
[0.29933927]
444
[0.1136224]
445
[0.32062548]
446
[0.24959511]
447
[0.16782199]
448
[0.41111745]
449
[0.1899075]
450
[0.3411646]
451
[0.13241812]
452
[0.19263371]
453
[0.14040648]
454
[0.24236445]
455
[0.08670961]
456
[0.16106103]
457
[0.15736479]
458
[0.12857961]
459
[0.26927469]
460
[0.17812401]
461
[0.15545118]
462
[0.18113303]
463
[0.22642544]
464
[0.23908766]
465
[0.12411525]
466
[0.16084808]
467
[0.18788667]
468
[0.15092455]
469
[0.24172138]
470
[0.06637097]
471
[0.42102197]
472
[0.32888706]
473
[0.16292846]
474
[0.33904514]
475
[0.256006]
476
[0.19840155]
477
[0.0947657]
478
[0.27890975]
479
[0.09910507]
480
[0.22773626]
481
[0.20464019]
482
[0.2202154]
483
[0.19236751]
484
[0.17652159]
485
[0.23161102]
486
[0.33665991]
487
[0.30125704]
488
[0.43022792]
489
[0.07774716]
490
[0.2539099]
491
[0.14681292]
492
[0.28495586]
493
[0.23039169]
494
[0.18901037]
495
[0.29617084]
496
[0.10537426]
497
[0.21897701]
498
[0.40049512]
499
[1] 2500   11
[1] 2500   11
[0.24577381]
