LOADING R
R LOADED
[1] "/home/lvanderl/Rlibs2"                         
[2] "/app/software/R/4.3.1-gfbf-2022b/lib/R/library"
[1] "/home/lvanderl/sieveSims"
[1] "rf 1 1"
[1] 0.1554685
[1] 0.1554685
[1] 0.1554685
17.244897959183675
0
[0.17564297]
1
[0.08212611]
2
[0.09134993]
3
[0.15583329]
4
[0.11004315]
5
[0.06442932]
6
[0.1616974]
7
[0.16977923]
8
[0.06056609]
9
[0.14881172]
10
[0.17571722]
11
[0.09270091]
12
[0.16452046]
13
[0.09759685]
14
[0.15092043]
15
[0.16315716]
16
[0.16584166]
17
[0.1709893]
18
[0.1492461]
19
[0.0901291]
20
[0.15355123]
21
[0.06047375]
22
[0.08730542]
23
[0.14412751]
24
[0.16097849]
25
[0.16068241]
26
[0.16579657]
27
[0.16250079]
28
[0.17182532]
29
[0.11510993]
30
[0.17283722]
31
[0.15895423]
32
[0.17212399]
33
[0.17532667]
34
[0.08444421]
35
[0.17583182]
36
[0.15479543]
37
[0.10732602]
38
[0.16751894]
39
[0.17582756]
40
[0.16316562]
41
[0.16036618]
42
[0.12817216]
43
[0.15023104]
44
[0.07468161]
45
[0.05844863]
46
[0.15335372]
47
[0.05439249]
48
[0.03148161]
49
[0.16260676]
50
[0.07780822]
51
[0.09471038]
52
[0.1712133]
53
[0.15356437]
54
[0.13926835]
55
[0.15211885]
56
[0.17564774]
57
[0.15606639]
58
[0.14708363]
59
[0.15940793]
60
[0.1651696]
61
[0.15665062]
62
[0.13351118]
63
[0.1170965]
64
[0.14657056]
65
[0.15842084]
66
[0.17355197]
67
[0.07932249]
68
[0.17545108]
69
[0.10365815]
70
[0.13644089]
71
[0.14034113]
72
[0.14127292]
73
[0.17555318]
74
[0.07795862]
75
[0.07569123]
76
[0.07877897]
77
[0.14697745]
78
[0.05424256]
79
[0.0811534]
80
[0.12020634]
81
[0.10739254]
82
[0.14747339]
83
[0.14296051]
84
[0.14539491]
85
[0.17458226]
86
[0.17570903]
87
[0.17289746]
88
[0.15204548]
89
[0.16392459]
90
[0.17468529]
91
[0.17302224]
92
[0.15564379]
93
[0.17341138]
94
[0.17584385]
95
[0.15532134]
96
[0.07685252]
97
[0.16686925]
98
[0.17185349]
99
[0.17327764]
100
[0.05844769]
101
[0.0643253]
102
[0.13307557]
103
[0.12541065]
104
[0.17306116]
105
[0.17574167]
106
[0.17105593]
107
[0.05747698]
108
[0.16083498]
109
[0.05434446]
110
[0.15756372]
111
[0.12769023]
112
[0.14535012]
113
[0.12165671]
114
[0.12198451]
115
[0.05709971]
116
[0.16664695]
117
[0.07860024]
118
[0.15111616]
119
[0.09681018]
120
[0.1684599]
121
[0.17270045]
122
[0.11396956]
123
[0.06349571]
124
[0.17454958]
125
[0.13922258]
126
[0.15060889]
127
[0.08024481]
128
[0.08700874]
129
[0.10562673]
130
[0.1736397]
131
[0.16886315]
132
[0.16032318]
133
[0.15612664]
134
[0.16589929]
135
[0.16641521]
136
[0.13516624]
137
[0.17579495]
138
[0.16219874]
139
[0.15741571]
140
[0.17461524]
141
[0.15017034]
142
[0.14215955]
143
[0.10931343]
144
[0.10874164]
145
[0.12236797]
146
[0.06082252]
147
[0.17300792]
148
[0.05978858]
149
[0.09178087]
150
[0.15159919]
151
[0.10102912]
152
[0.11904521]
153
[0.09714292]
154
[0.17112915]
155
[0.11661275]
156
[0.14772469]
157
[0.17510923]
158
[0.07718453]
159
[0.14427669]
160
[0.12323396]
161
[0.16639303]
162
[0.14746903]
163
[0.15026156]
164
[0.17055991]
165
[0.17430404]
166
[0.08380474]
167
[0.08211108]
168
[0.05754861]
169
[0.11261621]
170
[0.0819933]
171
[0.1650797]
172
[0.15911769]
173
[0.12224319]
174
[0.170578]
175
[0.14560474]
176
[0.17352051]
177
[0.09358244]
178
[0.16437456]
179
[0.1740551]
180
[0.14697598]
181
[0.05765735]
182
[0.06531069]
183
[0.10173938]
184
[0.14399279]
185
[0.07337191]
186
[0.16184809]
187
[0.17548736]
188
[0.17400745]
189
[0.08246965]
190
[0.10230128]
191
[0.15585629]
192
[0.16856642]
193
[0.16194349]
194
[0.15966238]
195
[0.17371318]
196
[0.16070953]
197
[0.16954261]
198
[0.09935582]
199
[0.08415327]
200
[0.17490486]
201
[0.08990233]
202
[0.16936244]
203
[0.17065084]
204
[0.06539523]
205
[0.15679243]
206
[0.17023774]
207
[0.15987701]
208
[0.13949631]
209
[0.158817]
210
[0.16684016]
211
[0.15376058]
212
[0.14249136]
213
[0.1692971]
214
[0.15354053]
215
[0.11398303]
216
[0.17061798]
217
[0.17268656]
218
[0.17405699]
219
[0.17561084]
220
[0.14680201]
221
[0.06151434]
222
[0.07615951]
223
[0.08996735]
224
[0.15301549]
225
[0.17113587]
226
[0.05122729]
227
[0.15334497]
228
[0.16768156]
229
[0.16723486]
230
[0.0653697]
231
[0.1729219]
232
[0.17581955]
233
[0.17569643]
234
[0.15207982]
235
[0.10773092]
236
[0.14344016]
237
[0.15852844]
238
[0.17107182]
239
[0.05294019]
240
[0.11735393]
241
[0.161829]
242
[0.16811178]
243
[0.16432439]
244
[0.16467479]
245
[0.17403409]
246
[0.17585409]
247
[0.13616349]
248
[0.15418069]
249
[0.17381242]
250
[0.16565728]
251
[0.15853446]
252
[0.15017761]
253
[0.07934615]
254
[0.17453344]
255
[0.16989851]
256
[0.13403093]
257
[0.0176167]
258
[0.17193719]
259
[0.1609067]
260
[0.15718464]
261
[0.17249034]
262
[0.15847038]
263
[0.05239238]
264
[0.15823887]
265
[0.15773263]
266
[0.15077212]
267
[0.1593296]
268
[0.16193488]
269
[0.12197899]
270
[0.17097341]
271
[0.08339208]
272
[0.10335282]
273
[0.09751217]
274
[0.17025413]
275
[0.12486016]
276
[0.1657706]
277
[0.16060169]
278
[0.16519563]
279
[0.15605976]
280
[0.17585422]
281
[0.15897418]
282
[0.17360379]
283
[0.16812216]
284
[0.16600799]
285
[0.07477068]
286
[0.10794383]
287
[0.17451948]
288
[0.15990485]
289
[0.14007209]
290
[0.17397742]
291
[0.08830554]
292
[0.09820225]
293
[0.15462078]
294
[0.0622469]
295
[0.16956698]
296
[0.15100489]
297
[0.12073354]
298
[0.08292708]
299
[0.17467326]
300
[0.17427707]
301
[0.14530564]
302
[0.16042894]
303
[0.16953575]
304
[0.08109688]
305
[0.17566575]
306
[0.14547374]
307
[0.17393487]
308
[0.17356]
309
[0.17255284]
310
[0.15488441]
311
[0.14987721]
312
[0.12569212]
313
[0.14135916]
314
[0.09548915]
315
[0.17233694]
316
[0.17198129]
317
[0.08993741]
318
[0.08909233]
319
[0.08301745]
320
[0.074827]
321
[0.16259061]
322
[0.17583235]
323
[0.09253437]
324
[0.071987]
325
[0.13173666]
326
[0.16760156]
327
[0.09813503]
328
[0.08454927]
329
[0.06916927]
330
[0.12473387]
331
[0.1498297]
332
[0.16693903]
333
[0.14970791]
334
[0.17551458]
335
[0.05809349]
336
[0.17585385]
337
[0.14966409]
338
[0.17454396]
339
[0.16448656]
340
[0.1053809]
341
[0.13607673]
342
[0.17223297]
343
[0.05537446]
344
[0.16963412]
345
[0.16158184]
346
[0.07922759]
347
[0.09077038]
348
[0.05853095]
349
[0.13518995]
350
[0.12993787]
351
[0.10391278]
352
[0.14944781]
353
[0.13884525]
354
[0.17435498]
355
[0.16453884]
356
[0.15386911]
357
[0.09396965]
358
[0.06078487]
359
[0.16295841]
360
[0.1542876]
361
[0.16340651]
362
[0.17224782]
363
[0.17244578]
364
[0.0557541]
365
[0.07213378]
366
[0.15734222]
367
[0.08738109]
368
[0.07468296]
369
[0.05787229]
370
[0.16200455]
371
[0.06502147]
372
[0.17370772]
373
[0.15756606]
374
[0.15616456]
375
[0.0614098]
376
[0.14063838]
377
[0.08081704]
378
[0.08173133]
379
[0.17155968]
380
[0.14949256]
381
[0.16377263]
382
[0.16692814]
383
[0.09370933]
384
[0.17232374]
385
[0.17257148]
386
[0.15616811]
387
[0.16653336]
388
[0.1094334]
389
[0.16882924]
390
[0.17462379]
391
[0.17468431]
392
[0.17138226]
393
[0.15274767]
394
[0.05891427]
395
[0.15539832]
396
[0.0496077]
397
[0.02545732]
398
[0.06175703]
399
[0.16872942]
400
[0.16590825]
401
[0.16908171]
402
[0.03583615]
403
[0.16188468]
404
[0.17576822]
405
[0.08088475]
406
[0.14549375]
407
[0.05676611]
408
[0.1642376]
409
[0.16981845]
410
[0.17566738]
411
[0.15748392]
412
[0.11703934]
413
[0.05520095]
414
[0.10127928]
415
[0.16907523]
416
[0.14910993]
417
[0.07493433]
418
[0.1757799]
419
[0.17261462]
420
[0.06644893]
421
[0.10946592]
422
[0.11963449]
423
[0.17231765]
424
[0.17553115]
425
[0.15061191]
426
[0.07096703]
427
[0.07407281]
428
[0.15724842]
429
[0.16888502]
430
[0.15342332]
431
[0.17465064]
432
[0.12150282]
433
[0.17585161]
434
[0.15778358]
435
[0.11570718]
436
[0.11566949]
437
[0.15063325]
438
[0.14711982]
439
[0.17519429]
440
[0.16832871]
441
[0.10218153]
442
[0.160255]
443
[0.11012389]
444
[0.16460006]
445
[0.09754813]
446
[0.17532001]
447
[0.16956397]
448
[0.1738662]
449
[0.14842471]
450
[0.09187249]
451
[0.17345564]
452
[0.16757761]
453
[0.15624705]
454
[0.17104967]
455
[0.06540908]
456
[0.17336535]
457
[0.1756937]
458
[0.17139236]
459
[0.1718005]
460
[0.15638558]
461
[0.16118941]
462
[0.0767457]
463
[0.10657691]
464
[0.17287259]
465
[0.12307235]
466
[0.14001422]
467
[0.14476137]
468
[0.17571419]
469
[0.16455746]
470
[0.11788926]
471
[0.15858077]
472
[0.17169821]
473
[0.16205394]
474
[0.15301277]
475
[0.1705537]
476
[0.08056056]
477
[0.13561709]
478
[0.15755897]
479
[0.16562777]
480
[0.17532853]
481
[0.16872012]
482
[0.17397769]
483
[0.1755639]
484
[0.17125156]
485
[0.15005952]
486
[0.07283125]
487
[0.07475286]
488
[0.17567118]
489
[0.16733449]
490
[0.05843722]
491
[0.16125191]
492
[0.17585231]
493
[0.16661859]
494
[0.16051245]
495
[0.15234792]
496
[0.15010714]
497
[0.17116513]
498
[0.16195258]
499
[1] 2500   11
[1] 2500   11
[0.17446703]
