LOADING R
R LOADED
[1] "/home/lvanderl/Rlibs2"                         
[2] "/app/software/R/4.3.1-gfbf-2022b/lib/R/library"
[1] "/home/lvanderl/sieveSims"
[1] "xg 1 2"
[1] 0.1514382
[1] 0.1514382
[1] 0.1514382
[   10.            11.51395399    13.25711366    15.26417967
    17.57510625    20.23589648    23.29951811    26.82695795
    30.88843596    35.56480306    40.94915062    47.14866363
    54.28675439    62.50551925    71.9685673     82.86427729
    95.40954763   109.8541142    126.48552169   145.63484775
   167.68329368   193.06977289   222.29964825   255.95479227
   294.70517026   339.32217719   390.69399371   449.8432669
   517.94746792   596.36233166   686.648845     790.60432109
   910.29817799  1048.11313415  1206.79264064  1389.49549437
  1599.85871961  1842.06996933  2120.95088792  2442.05309455
  2811.76869797  3237.45754282  3727.59372031  4291.93426013
  4941.71336132  5689.86602902  6551.2855686   7543.12006335
  8685.11373751 10000.        ]
[0.05891993 0.05530191 0.05410252 0.05301741 0.05676165 0.06249676
 0.06699174 0.07081426 0.08130147 0.09358226 0.11283984 0.11427375
 0.1369949  0.16660362 0.19292919 0.17337578 0.24625751 0.21447251
 0.25845222 0.305806   0.2628159  0.28803769 0.40977198 0.4124262
 0.52741441 0.48394806 0.55696494 0.45732435 0.60062481 0.72703341
 0.76915242 0.82332987 0.97588339 1.01286197 0.8604702  1.06428386
 1.41785134 0.91721315 1.59244045 1.15580183 2.01465902 1.57333598
 2.46941662 3.10217304 3.86528865 3.03317608 3.03758684 3.31794951
 3.51843081 3.2493019 ]
15.264179671752334
0
[0.18850525]
1
[0.19881518]
2
[0.1648977]
3
[0.19830545]
4
[0.17097399]
5
[0.17392175]
6
[0.17267738]
7
[0.13298694]
8
[0.13319391]
9
[0.17810182]
10
[0.19521361]
11
[0.19638193]
12
[0.19799156]
13
[0.18293113]
14
[0.17368628]
15
[0.19171245]
16
[0.15006426]
17
[0.14604277]
18
[0.13329093]
19
[0.1629301]
20
[0.14794023]
21
[0.14659612]
22
[0.19077173]
23
[0.16517502]
24
[0.17680236]
25
[0.15283915]
26
[0.19893341]
27
[0.19376524]
28
[0.15140355]
29
[0.19830393]
30
[0.1734324]
31
[0.19346432]
32
[0.17141105]
33
[0.19854582]
34
[0.19787153]
35
[0.19747718]
36
[0.19788051]
37
[0.15215894]
38
[0.19694485]
39
[0.1583008]
40
[0.19249415]
41
[0.18671477]
42
[0.14642571]
43
[0.14385108]
44
[0.16375222]
45
[0.17714588]
46
[0.18952772]
47
[0.16970241]
48
[0.19830769]
49
[0.15734422]
50
[0.19414371]
51
[0.16795244]
52
[0.18415365]
53
[0.18471474]
54
[0.16643909]
55
[0.19727372]
56
[0.17613353]
57
[0.19475821]
58
[0.17034551]
59
[0.19596379]
60
[0.19533046]
61
[0.19902897]
62
[0.1980422]
63
[0.18906011]
64
[0.1685251]
65
[0.19901468]
66
[0.18465101]
67
[0.14337996]
68
[0.15411634]
69
[0.19421639]
70
[0.17312314]
71
[0.15703659]
72
[0.17576136]
73
[0.19306346]
74
[0.18373268]
75
[0.19758847]
76
[0.14644519]
77
[0.18786867]
78
[0.13560557]
79
[0.15179088]
80
[0.17259918]
81
[0.19002219]
82
[0.19398954]
83
[0.19170846]
84
[0.17225078]
85
[0.16200231]
86
[0.14127168]
87
[0.18526003]
88
[0.19326782]
89
[0.17694425]
90
[0.1825097]
91
[0.14079441]
92
[0.16938997]
93
[0.15476641]
94
[0.19124184]
95
[0.14920445]
96
[0.17534746]
97
[0.15505261]
98
[0.18761059]
99
[0.15740969]
100
[0.19649671]
101
[0.17848326]
102
[0.18377787]
103
[0.16797526]
104
[0.19902574]
105
[0.18139996]
106
[0.14541961]
107
[0.18970677]
108
[0.16489631]
109
[0.19627757]
110
[0.18606656]
111
[0.1961971]
112
[0.17476424]
113
[0.16038844]
114
[0.19606289]
115
[0.1952081]
116
[0.15465198]
117
[0.16251862]
118
[0.19877248]
119
[0.15974057]
120
[0.14385907]
121
[0.19783168]
122
[0.17468205]
123
[0.15097971]
124
[0.19877467]
125
[0.17589225]
126
[0.16731135]
127
[0.18517617]
128
[0.15999811]
129
[0.18960539]
130
[0.14671598]
131
[0.14578277]
132
[0.19651906]
133
[0.19840853]
134
[0.16466386]
135
[0.18386351]
136
[0.18805068]
137
[0.19815158]
138
[0.16783825]
139
[0.16167114]
140
[0.19366275]
141
[0.19021668]
142
[0.19821128]
143
[0.17706132]
144
[0.18867499]
145
[0.16564268]
146
[0.16164213]
147
[0.19662143]
148
[0.18761772]
149
[0.19327117]
150
[0.19439105]
151
[0.18315975]
152
[0.13355436]
153
[0.15616371]
154
[0.19533393]
155
[0.1791896]
156
[0.1827445]
157
[0.1817395]
158
[0.13450646]
159
[0.18573121]
160
[0.19590219]
161
[0.18963587]
162
[0.16855352]
163
[0.18617727]
164
[0.16872825]
165
[0.19769078]
166
[0.19317962]
167
[0.19674939]
168
[0.17750794]
169
[0.16187898]
170
[0.16608495]
171
[0.14196567]
172
[0.1893528]
173
[0.1499756]
174
[0.14488895]
175
[0.16667972]
176
[0.1990205]
177
[0.15355427]
178
[0.18654572]
179
[0.16835861]
180
[0.18290278]
181
[0.16164208]
182
[0.14816611]
183
[0.15931121]
184
[0.17522958]
185
[0.19879152]
186
[0.17066919]
187
[0.15216677]
188
[0.1841636]
189
[0.19264202]
190
[0.18839986]
191
[0.19597692]
192
[0.19892654]
193
[0.17087942]
194
[0.14374943]
195
[0.19719776]
196
[0.15776622]
197
[0.19432271]
198
[0.13556524]
199
[0.18080273]
200
[0.14877927]
201
[0.17974869]
202
[0.14112269]
203
[0.16373138]
204
[0.17237806]
205
[0.1948486]
206
[0.19772772]
207
[0.1826637]
208
[0.17082709]
209
[0.19432683]
210
[0.15175421]
211
[0.19636826]
212
[0.16257448]
213
[0.15370256]
214
[0.1239667]
215
[0.19806783]
216
[0.17688241]
217
[0.13247585]
218
[0.16378946]
219
[0.18050097]
220
[0.19842564]
221
[0.15419196]
222
[0.14918466]
223
[0.18215603]
224
[0.16067876]
225
[0.1904719]
226
[0.19160618]
227
[0.17757164]
228
[0.19667768]
229
[0.1966675]
230
[0.13991602]
231
[0.18522355]
232
[0.15884433]
233
[0.17632269]
234
[0.16162698]
235
[0.19015844]
236
[0.16097174]
237
[0.14643627]
238
[0.16797226]
239
[0.14178645]
240
[0.16199247]
241
[0.16612088]
242
[0.18718608]
243
[0.19339074]
244
[0.19715888]
245
[0.19889645]
246
[0.16881701]
247
[0.16094614]
248
[0.14679377]
249
[0.17719848]
250
[0.15524154]
251
[0.15576761]
252
[0.15175832]
253
[0.15020321]
254
[0.18334164]
255
[0.16032833]
256
[0.17555449]
257
[0.19403194]
258
[0.14364081]
259
[0.13947438]
260
[0.16545302]
261
[0.18734567]
262
[0.17223186]
263
[0.18750713]
264
[0.15000451]
265
[0.16167938]
266
[0.1952735]
267
[0.15371358]
268
[0.1951325]
269
[0.1948926]
270
[0.15077806]
271
[0.18374898]
272
[0.15960596]
273
[0.19708702]
274
[0.17778983]
275
[0.17815558]
276
[0.15785003]
277
[0.16731088]
278
[0.18387919]
279
[0.18802302]
280
[0.16546323]
281
[0.14656844]
282
[0.1877721]
283
[0.18680569]
284
[0.16149353]
285
[0.1924816]
286
[0.1963816]
287
[0.17208598]
288
[0.14645979]
289
[0.18243389]
290
[0.18496693]
291
[0.15254905]
292
[0.17129543]
293
[0.17679959]
294
[0.19423485]
295
[0.191044]
296
[0.19643316]
297
[0.19689975]
298
[0.16383998]
299
[0.19814054]
300
[0.19576243]
301
[0.16325216]
302
[0.19769827]
303
[0.17761747]
304
[0.19251005]
305
[0.13187034]
306
[0.19877886]
307
[0.13910259]
308
[0.19075012]
309
[0.15016727]
310
[0.1934035]
311
[0.16962173]
312
[0.15400185]
313
[0.18973877]
314
[0.19895987]
315
[0.16886328]
316
[0.16751678]
317
[0.16667176]
318
[0.19762623]
319
[0.19897391]
320
[0.16506571]
321
[0.14638437]
322
[0.19424866]
323
[0.19702992]
324
[0.19547173]
325
[0.1652244]
326
[0.1433356]
327
[0.17930662]
328
[0.18427254]
329
[0.19527422]
330
[0.19384995]
331
[0.1800874]
332
[0.19288682]
333
[0.19690913]
334
[0.18171131]
335
[0.18369631]
336
[0.17310221]
337
[0.15967216]
338
[0.19774421]
339
[0.17432958]
340
[0.14596815]
341
[0.14889207]
342
[0.17581349]
343
[0.17314034]
344
[0.19868244]
345
[0.19127827]
346
[0.17119625]
347
[0.17058704]
348
[0.19543702]
349
[0.19828729]
350
[0.14413243]
351
[0.17719179]
352
[0.18555519]
353
[0.16460962]
354
[0.17158119]
355
[0.1837511]
356
[0.15483637]
357
[0.17094186]
358
[0.19889562]
359
[0.19616047]
360
[0.16322723]
361
[0.14572328]
362
[0.14918071]
363
[0.19767169]
364
[0.18223741]
365
[0.19798874]
366
[0.19759447]
367
[0.14561768]
368
[0.16523919]
369
[0.19006472]
370
[0.19876329]
371
[0.16251432]
372
[0.16645277]
373
[0.16130798]
374
[0.13199451]
375
[0.19331322]
376
[0.1505365]
377
[0.14867593]
378
[0.18865806]
379
[0.14726444]
380
[0.17387283]
381
[0.18356204]
382
[0.17981007]
383
[0.17296764]
384
[0.18643509]
385
[0.1483015]
386
[0.18128056]
387
[0.19895275]
388
[0.19435297]
389
[0.14921546]
390
[0.19407843]
391
[0.15038442]
392
[0.17146438]
393
[0.1926846]
394
[0.15140835]
395
[0.18247762]
396
[0.19449541]
397
[0.15804867]
398
[0.19822031]
399
[0.19876823]
400
[0.19797651]
401
[0.1729646]
402
[0.168116]
403
[0.16070438]
404
[0.14838849]
405
[0.17208718]
406
[0.19819125]
407
[0.1970019]
408
[0.1676711]
409
[0.19795442]
410
[0.1781839]
411
[0.17772506]
412
[0.16818509]
413
[0.1730892]
414
[0.17717488]
415
[0.17499939]
416
[0.15736726]
417
[0.1951476]
418
[0.19619886]
419
[0.19363025]
420
[0.18115123]
421
[0.19885829]
422
[0.18769761]
423
[0.1973143]
424
[0.14708123]
425
[0.16286972]
426
[0.18511241]
427
[0.19398111]
428
[0.15002764]
429
[0.18125059]
430
[0.18105214]
431
[0.17457294]
432
[0.17353424]
433
[0.15202042]
434
[0.19116922]
435
[0.18786157]
436
[0.14819009]
437
[0.1885999]
438
[0.18729335]
439
[0.19809164]
440
[0.14353669]
441
[0.17702994]
442
[0.19786451]
443
[0.17294491]
444
[0.1838203]
445
[0.14833985]
446
[0.19242624]
447
[0.19625584]
448
[0.17370349]
449
[0.16981286]
450
[0.16636114]
451
[0.1667749]
452
[0.19353707]
453
[0.18757557]
454
[0.19470382]
455
[0.19683311]
456
[0.15809078]
457
[0.15495776]
458
[0.19766389]
459
[0.18839001]
460
[0.19796176]
461
[0.16866945]
462
[0.18911165]
463
[0.19866272]
464
[0.19598529]
465
[0.19003251]
466
[0.14404281]
467
[0.18059719]
468
[0.1915285]
469
[0.18311235]
470
[0.1409702]
471
[0.17521778]
472
[0.1712198]
473
[0.19710233]
474
[0.1527596]
475
[0.19892692]
476
[0.15098254]
477
[0.19901561]
478
[0.19717798]
479
[0.13154184]
480
[0.19363245]
481
[0.19862441]
482
[0.19682634]
483
[0.19838444]
484
[0.18470612]
485
[0.1983878]
486
[0.1697008]
487
[0.16865518]
488
[0.17340696]
489
[0.17755277]
490
[0.16020772]
491
[0.15473523]
492
[0.17288092]
493
[0.17070188]
494
[0.17552045]
495
[0.19902232]
496
[0.18160414]
497
[0.19872955]
498
[0.18604229]
499
[0.1899172]
500
[0.19649582]
501
[0.19752625]
502
[0.1813195]
503
[0.19867246]
504
[0.19821333]
505
[0.15486757]
506
[0.17920051]
507
[0.1654849]
508
[0.19314542]
509
[0.19891545]
510
[0.15126315]
511
[0.17082356]
512
[0.19816955]
513
[0.15241508]
514
[0.17723854]
515
[0.15181362]
516
[0.17711341]
517
[0.19116288]
518
[0.1960077]
519
[0.19758326]
520
[0.16946022]
521
[0.19710791]
522
[0.19549156]
523
[0.19827698]
524
[0.16089287]
525
[0.19859405]
526
[0.16529967]
527
[0.17706086]
528
[0.16944858]
529
[0.19455829]
530
[0.19443066]
531
[0.15406331]
532
[0.18497679]
533
[0.18426483]
534
[0.17124585]
535
[0.17166914]
536
[0.15071127]
537
[0.18633285]
538
[0.1905554]
539
[0.16250756]
540
[0.19409103]
541
[0.17565258]
542
[0.18270487]
543
[0.15348645]
544
[0.18087501]
545
[0.19901308]
546
[0.18481889]
547
[0.1602901]
548
[0.13396297]
549
[0.17626359]
550
[0.13792257]
551
[0.17937174]
552
[0.1888525]
553
[0.19893649]
554
[0.19831268]
555
[0.17616682]
556
[0.16963724]
557
[0.16381824]
558
[0.1839571]
559
[0.17989424]
560
[0.17739469]
561
[0.19519888]
562
[0.19261923]
563
[0.18464489]
564
[0.16435086]
565
[0.1680558]
566
[0.18872053]
567
[0.19723649]
568
[0.19576223]
569
[0.19390034]
570
[0.17490324]
571
[0.19060723]
572
[0.19665374]
573
[0.19395938]
574
[0.19610949]
575
[0.19433533]
576
[0.15833224]
577
[0.14825025]
578
[0.15367574]
579
[0.14816103]
580
[0.13155435]
581
[0.15342536]
582
[0.13900293]
583
[0.19816631]
584
[0.17873076]
585
[0.19767588]
586
[0.1976323]
587
[0.19531729]
588
[0.16113671]
589
[0.13716401]
590
[0.18183592]
591
[0.14634504]
592
[0.15767196]
593
[0.19873659]
594
[0.15977125]
595
[0.18886289]
596
[0.15683188]
597
[0.19861379]
598
[0.17106513]
599
[0.15040178]
600
[0.18673164]
601
[0.15955238]
602
[0.17452429]
603
[0.19005685]
604
[0.16253697]
605
[0.19258944]
606
[0.19836063]
607
[0.18611562]
608
[0.19022782]
609
[0.17616677]
610
[0.19742323]
611
[0.19668407]
612
[0.19203511]
613
[0.15951018]
614
[0.19874716]
615
[0.16091474]
616
[0.17749109]
617
[0.13347855]
618
[0.18098909]
619
[0.19775523]
620
[0.15816601]
621
[0.16957916]
622
[0.19901419]
623
[0.15413483]
624
[0.197796]
625
[0.19294428]
626
[0.16764622]
627
[0.19224479]
628
[0.17959663]
629
[0.18115272]
630
[0.18267974]
631
[0.18385881]
632
[0.13358146]
633
[0.17822967]
634
[0.1864437]
635
[0.19695682]
636
[0.16264388]
637
[0.16105723]
638
[0.16680479]
639
[0.17729972]
640
[0.18206913]
641
[0.19321023]
642
[0.19644897]
643
[0.17479895]
644
[0.17016549]
645
[0.17955]
646
[0.14590619]
647
[0.18191002]
648
[0.14807513]
649
[0.16230213]
650
[0.19765522]
651
[0.16453554]
652
[0.19510352]
653
[0.14348383]
654
[0.1639811]
655
[0.19825657]
656
[0.12835786]
657
[0.19828628]
658
[0.19816371]
659
[0.14855107]
660
[0.15620761]
661
[0.19232495]
662
[0.16460192]
663
[0.14747225]
664
[0.16459764]
665
[0.13169886]
666
[0.16679889]
667
[0.19230969]
668
[0.18145032]
669
[0.19240302]
670
[0.17862437]
671
[0.15705734]
672
[0.15282884]
673
[0.17429877]
674
[0.14494591]
675
[0.1980064]
676
[0.19383809]
677
[0.1612124]
678
[0.16811545]
679
[0.17801175]
680
[0.19808991]
681
[0.17371654]
682
[0.19106796]
683
[0.18891523]
684
[0.18282325]
685
[0.17388814]
686
[0.16631087]
687
[0.19746032]
688
[0.14798128]
689
[0.18327783]
690
[0.14412429]
691
[0.19898372]
692
[0.19345222]
693
[0.19391179]
694
[0.14345354]
695
[0.14347334]
696
[0.15105291]
697
[0.17736359]
698
[0.18091204]
699
[0.14280886]
700
[0.1517589]
701
[0.12627033]
702
[0.19028735]
703
[0.1536128]
704
[0.19874629]
705
[0.14445198]
706
[0.14814547]
707
[0.16089911]
708
[0.14549719]
709
[0.15418548]
710
[0.19400221]
711
[0.14109117]
712
[0.18873746]
713
[0.19254451]
714
[0.15810594]
715
[0.15867622]
716
[0.17670323]
717
[0.16343886]
718
[0.19251578]
719
[0.19854389]
720
[0.18535651]
721
[0.19563046]
722
[0.14610205]
723
[0.16718888]
724
[0.19848257]
725
[0.17187025]
726
[0.16594939]
727
[0.16697555]
728
[0.19866786]
729
[0.1878687]
730
[0.17871413]
731
[0.15758019]
732
[0.1966937]
733
[0.16897528]
734
[0.16045909]
735
[0.17156901]
736
[0.19325962]
737
[0.14644234]
738
[0.19817599]
739
[0.15435766]
740
[0.16938123]
741
[0.19094126]
742
[0.18090339]
743
[0.19394316]
744
[0.17113634]
745
[0.15151511]
746
[0.14870679]
747
[0.1439044]
748
[0.14740228]
749
[0.17930031]
750
[0.16222793]
751
[0.17049727]
752
[0.19893973]
753
[0.15750293]
754
[0.13823882]
755
[0.1956205]
756
[0.19887431]
757
[0.19816058]
758
[0.19735855]
759
[0.14599394]
760
[0.19597842]
761
[0.19002742]
762
[0.19370687]
763
[0.1531904]
764
[0.16429008]
765
[0.18008813]
766
[0.18521723]
767
[0.19730391]
768
[0.15259003]
769
[0.19883576]
770
[0.15791948]
771
[0.14515111]
772
[0.19880946]
773
[0.17637262]
774
[0.19044086]
775
[0.18152535]
776
[0.1873041]
777
[0.17025752]
778
[0.15184228]
779
[0.19746152]
780
[0.18568661]
781
[0.14926247]
782
[0.19721142]
783
[0.18234746]
784
[0.18822034]
785
[0.15930851]
786
[0.18267987]
787
[0.19858643]
788
[0.17709457]
789
[0.17247433]
790
[0.1962028]
791
[0.15989901]
792
[0.13127827]
793
[0.19894306]
794
[0.19199546]
795
[0.16623092]
796
[0.17539138]
797
[0.18957695]
798
[0.19241078]
799
[0.1854094]
800
[0.16999283]
801
[0.17064681]
802
[0.19672887]
803
[0.14464381]
804
[0.17234388]
805
[0.19715845]
806
[0.15261946]
807
[0.1516983]
808
[0.19818196]
809
[0.19833038]
810
[0.15037206]
811
[0.16025848]
812
[0.18570615]
813
[0.16322478]
814
[0.1466515]
815
[0.18557118]
816
[0.19608617]
817
[0.19325372]
818
[0.19902464]
819
[0.19156723]
820
[0.19898752]
821
[0.19889317]
822
[0.14431283]
823
[0.19283493]
824
[0.19039948]
825
[0.17034292]
826
[0.19567027]
827
[0.19643084]
828
[0.18532133]
829
[0.15576905]
830
[0.19645527]
831
[0.17208946]
832
[0.16980101]
833
[0.14374674]
834
[0.14385617]
835
[0.15358259]
836
[0.19080353]
837
[0.17081023]
838
[0.14436041]
839
[0.19901952]
840
[0.19903384]
841
[0.18556713]
842
[0.18404778]
843
[0.1963295]
844
[0.17201427]
845
[0.19177088]
846
[0.18997804]
847
[0.17086481]
848
[0.17559197]
849
[0.17711515]
850
[0.18721907]
851
[0.19830172]
852
[0.17271268]
853
[0.14492764]
854
[0.17722896]
855
[0.13012977]
856
[0.1935134]
857
[0.19684503]
858
[0.19196551]
859
[0.1963366]
860
[0.14717355]
861
[0.19752479]
862
[0.16407894]
863
[0.18614816]
864
[0.19228186]
865
[0.14800924]
866
[0.19854888]
867
[0.13390967]
868
[0.16968458]
869
[0.16940332]
870
[0.18769594]
871
[0.19902987]
872
[0.14528144]
873
[0.19702982]
874
[0.1976425]
875
[0.16782058]
876
[0.15554259]
877
[0.15749845]
878
[0.192372]
879
[0.17133677]
880
[0.19659504]
881
[0.17297072]
882
[0.19892523]
883
[0.1937863]
884
[0.16730015]
885
[0.16211441]
886
[0.15671395]
887
[0.18170496]
888
[0.19564112]
889
[0.17149182]
890
[0.19548528]
891
[0.189284]
892
[0.15582055]
893
[0.19227012]
894
[0.198829]
895
[0.18290435]
896
[0.18603963]
897
[0.18983475]
898
[0.19892499]
899
[0.1954718]
900
[0.18946972]
901
[0.19085593]
902
[0.15002891]
903
[0.19902829]
904
[0.16231424]
905
[0.19895727]
906
[0.19610393]
907
[0.14989041]
908
[0.18094857]
909
[0.18524385]
910
[0.19213823]
911
[0.19191085]
912
[0.19884891]
913
[0.14943846]
914
[0.19902767]
915
[0.16694869]
916
[0.17489921]
917
[0.14864935]
918
[0.18860537]
919
[0.19759093]
920
[0.15909517]
921
[0.1862173]
922
[0.19679105]
923
[0.18368801]
924
[0.14551434]
925
[0.1747034]
926
[0.15443492]
927
[0.19397752]
928
[0.15633162]
929
[0.17742338]
930
[0.19871499]
931
[0.13841938]
932
[0.16904138]
933
[0.14893698]
934
[0.14569395]
935
[0.18838728]
936
[0.19901894]
937
[0.17035523]
938
[0.19302139]
939
[0.19573823]
940
[0.19899242]
941
[0.15878625]
942
[0.19219416]
943
[0.1739927]
944
[0.15683851]
945
[0.18619703]
946
[0.18666663]
947
[0.15935605]
948
[0.19254257]
949
[0.15281192]
950
[0.19833709]
951
[0.18752956]
952
[0.19179869]
953
[0.19520828]
954
[0.17954181]
955
[0.19696777]
956
[0.18451946]
957
[0.16513593]
958
[0.14526055]
959
[0.19607657]
960
[0.17345601]
961
[0.13365339]
962
[0.18126503]
963
[0.19214312]
964
[0.19872578]
965
[0.15240094]
966
[0.16001353]
967
[0.19547746]
968
[0.1790926]
969
[0.14768989]
970
[0.17181315]
971
[0.13822455]
972
[0.19901698]
973
[0.18744227]
974
[0.16597048]
975
[0.18725588]
976
[0.19167541]
977
[0.18052878]
978
[0.19896638]
979
[0.15808359]
980
[0.17712218]
981
[0.19126713]
982
[0.15549951]
983
[0.18684101]
984
[0.19838681]
985
[0.1925291]
986
[0.17171271]
987
[0.18463685]
988
[0.19682211]
989
[0.19891688]
990
[0.17748647]
991
[0.1586128]
992
[0.1675923]
993
[0.19471799]
994
[0.18609479]
995
[0.15170428]
996
[0.14918355]
997
[0.18851341]
998
[0.18662526]
999
[1] 5000   11
[1] 5000   11
[0.18290353]
