LOADING R
R LOADED
[1] "/home/lvanderl/Rlibs2"                         
[2] "/app/software/R/4.3.1-gfbf-2022b/lib/R/library"
[1] "/home/lvanderl/sieveSims"
[1] "rf 1 4"
[1] "histogram binning"
[1] 0.08355215
[1] 0.08355215
[1] "mondrian"
[1] "iso"
[1] 0.08355215
[1] "conditional"
[   10.            11.51395399    13.25711366    15.26417967
    17.57510625    20.23589648    23.29951811    26.82695795
    30.88843596    35.56480306    40.94915062    47.14866363
    54.28675439    62.50551925    71.9685673     82.86427729
    95.40954763   109.8541142    126.48552169   145.63484775
   167.68329368   193.06977289   222.29964825   255.95479227
   294.70517026   339.32217719   390.69399371   449.8432669
   517.94746792   596.36233166   686.648845     790.60432109
   910.29817799  1048.11313415  1206.79264064  1389.49549437
  1599.85871961  1842.06996933  2120.95088792  2442.05309455
  2811.76869797  3237.45754282  3727.59372031  4291.93426013
  4941.71336132  5689.86602902  6551.2855686   7543.12006335
  8685.11373751 10000.        ]
[ 0.36722459  0.37127676  0.36966694  0.37500041  0.380261    0.38175057
  0.4091756   0.39951659  0.39487969  0.39692945  0.42509688  0.42585933
  0.43880796  0.48809895  0.45534352  0.51088026  0.50429448  0.45652504
  0.50660782  0.50538358  0.51732534  0.62962382  0.51374796  0.50803695
  0.56100338  0.67069948  0.58434697  0.66660618  0.77455196  0.86754456
  0.90641791  1.03047409  1.11708329  1.39289303  1.33224502  1.86550906
  1.65615678  1.92178069  1.93724588  3.62239108  2.68309032  3.64216439
  3.23188491  2.84809065  5.61942482  4.50505153  5.25991778 10.02088268
  8.32974063 13.96685494]
10.0
0.1
0
[0.1611827]
1
[0.37762954]
2
[0.36057563]
3
[0.51964721]
4
[0.17185531]
5
[0.42033215]
6
[0.25932691]
7
[0.40383444]
8
[0.32821006]
9
[0.3404321]
10
[0.35981513]
11
[0.43426211]
12
[0.04737928]
13
[0.29207776]
14
[0.16797938]
15
[0.36299994]
16
[0.07348484]
17
[0.1545081]
18
[0.19564584]
19
[0.33744505]
20
[0.0800948]
21
[0.19504714]
22
[0.11468498]
23
[0.43371888]
24
[0.21128949]
25
[0.36330823]
26
[0.27535791]
27
[0.28065824]
28
[0.03911559]
29
[0.39996223]
30
[0.4844063]
31
[0.29416636]
32
[0.32120661]
33
[0.42374176]
34
[0.48563257]
35
[0.35318883]
36
[0.34390438]
37
[0.4462448]
38
[0.22790135]
39
[0.11373078]
40
[0.14585915]
41
[0.47538775]
42
[0.2801006]
43
[0.30915432]
44
[0.28668979]
45
[0.31189177]
46
[0.31539916]
47
[0.37667537]
48
[0.02980989]
49
[0.02659774]
50
[0.06294012]
51
[0.3415676]
52
[0.39576097]
53
[0.23575946]
54
[0.42245847]
55
[0.50364894]
56
[0.38844547]
57
[0.11019178]
58
[0.30621003]
59
[0.22786871]
60
[0.39487955]
61
[0.08421379]
62
[0.50283477]
63
[0.15074826]
64
[0.28983227]
65
[0.22323144]
66
[0.12365067]
67
[0.29427002]
68
[0.08384926]
69
[0.15596925]
70
[0.48543978]
71
[0.16440531]
72
[0.4882834]
73
[0.21308653]
74
[0.20446611]
75
[0.28812854]
76
[0.461484]
77
[0.36457036]
78
[0.39176134]
79
[0.04690962]
80
[0.12230679]
81
[0.3300308]
82
[0.15959323]
83
[0.30683136]
84
[0.19805512]
85
[0.37989767]
86
[0.49450693]
87
[0.27151789]
88
[0.09620424]
89
[0.11595961]
90
[0.32988743]
91
[0.36556219]
92
[0.29655206]
93
[0.03187398]
94
[0.44527956]
95
[0.29258811]
96
[0.44172106]
97
[0.29737215]
98
[0.32986344]
99
[0.34592358]
100
[0.35139931]
101
[0.25306163]
102
[0.19593199]
103
[0.30325757]
104
[0.31589475]
105
[0.20670793]
106
[0.295132]
107
[0.32657181]
108
[0.28679306]
109
[0.29917843]
110
[0.23396971]
111
[0.48356691]
112
[0.52170225]
113
[0.31601831]
114
[0.47005036]
115
[0.27799506]
116
[0.17908011]
117
[0.30980587]
118
[0.44857625]
119
[0.38023596]
120
[0.08727199]
121
[0.20639369]
122
[0.40057]
123
[0.43940487]
124
[0.33774861]
125
[0.38921831]
126
[0.34928999]
127
[0.30894413]
128
[0.27755862]
129
[0.05942632]
130
[0.1206021]
131
[0.29614646]
132
[0.51792407]
133
[0.51460307]
134
[0.20435455]
135
[0.48280659]
136
[0.15861306]
137
[0.2231187]
138
[0.42541357]
139
[0.13765021]
140
[0.39244277]
141
[0.02442797]
142
[0.26873516]
143
[0.19480001]
144
[0.36369519]
145
[0.16691382]
146
[0.37648164]
147
[0.33893193]
148
[0.31454329]
149
[0.02325111]
150
[0.47197479]
151
[0.40623421]
152
[0.42607756]
153
[0.19427402]
154
[0.19899148]
155
[0.33877931]
156
[0.26906489]
157
[0.39699894]
158
[0.30237568]
159
[0.33927918]
160
[0.10412798]
161
[0.38760918]
162
[0.35374381]
163
[0.50421754]
164
[0.33645022]
165
[0.47608589]
166
[0.32201201]
167
[0.13856236]
168
[0.05498356]
169
[0.46267907]
170
[0.49133389]
171
[0.47015897]
172
[0.32035128]
173
[0.08603251]
174
[0.02593892]
175
[0.28981955]
176
[0.28822288]
177
[0.32126308]
178
[0.2637837]
179
[0.23979224]
180
[0.38596297]
181
[0.36019996]
182
[0.09346609]
183
[0.2736558]
184
[0.11116702]
185
[0.25918462]
186
[0.19954]
187
[0.39248177]
188
[0.25465026]
189
[0.19392047]
190
[0.33747673]
191
[0.02751304]
192
[0.44594555]
193
[0.19357858]
194
[0.3083507]
195
[0.51078792]
196
[0.38816711]
197
[0.03322374]
198
[0.41592491]
199
[0.44166869]
200
[0.3741851]
201
[0.36236952]
202
[0.13309412]
203
[0.30825821]
204
[0.16366085]
205
[0.51596762]
206
[0.46578469]
207
[0.137477]
208
[0.41315619]
209
[0.26401446]
210
[0.01976724]
211
[0.50653324]
212
[0.17764]
213
[0.09114153]
214
[0.35593532]
215
[0.47029983]
216
[0.48626104]
217
[0.21387251]
218
[0.13875331]
219
[0.20581247]
220
[0.12028796]
221
[0.04022384]
222
[0.35652568]
223
[0.26352666]
224
[0.02036484]
225
[0.35645678]
226
[0.35021111]
227
[0.255657]
228
[0.16545082]
229
[0.27752235]
230
[0.19170979]
231
[0.19750266]
232
[0.06084156]
233
[0.4608158]
234
[0.44119378]
235
[0.11131991]
236
[0.04367867]
237
[0.22428407]
238
[0.12707621]
239
[0.50137921]
240
[0.22642887]
241
[0.4579531]
242
[0.40085847]
243
[0.3023012]
244
[0.28105767]
245
[0.29416537]
246
[0.11619507]
247
[0.45366707]
248
[0.51216769]
249
[0.33605077]
250
[0.12282746]
251
[0.33256605]
252
[0.33598326]
253
[0.51228997]
254
[0.48291869]
255
[0.34725046]
256
[0.27016201]
257
[0.28505323]
258
[0.07357314]
259
[0.16702774]
260
[0.2449743]
261
[0.22781796]
262
[0.35801931]
263
[0.23873701]
264
[0.22323316]
265
[0.36367391]
266
[0.11343242]
267
[0.42974261]
268
[0.06049155]
269
[0.10763131]
270
[0.30082571]
271
[0.16388102]
272
[0.36141132]
273
[0.50198214]
274
[0.26136953]
275
[0.45256929]
276
[0.37105559]
277
[0.15033043]
278
[0.51344804]
279
[0.4016117]
280
[0.1208285]
281
[0.13155049]
282
[0.1221493]
283
[0.14334571]
284
[0.366746]
285
[0.35365519]
286
[0.31982527]
287
[0.38720191]
288
[0.33508029]
289
[0.37791021]
290
[0.35903607]
291
[0.47256484]
292
[0.14018762]
293
[0.19644053]
294
[0.4202802]
295
[0.3230655]
296
[0.23519035]
297
[0.27563442]
298
[0.2770422]
299
[0.41349187]
300
[0.32466392]
301
[0.07523023]
302
[0.38453783]
303
[0.29003091]
304
[0.28911664]
305
[0.17503071]
306
[0.30741488]
307
[0.33158339]
308
[0.41755551]
309
[0.31531651]
310
[0.13296224]
311
[0.22107544]
312
[0.3154377]
313
[0.4410739]
314
[0.38809888]
315
[0.0784814]
316
[0.23248048]
317
[0.45248522]
318
[0.41072225]
319
[0.28835958]
320
[0.35642733]
321
[0.43999109]
322
[0.15361636]
323
[0.45231059]
324
[0.25335974]
325
[0.17195875]
326
[0.48097833]
327
[0.33893852]
328
[0.32523604]
329
[0.32499093]
330
[0.35767352]
331
[0.04048845]
332
[0.32701684]
333
[0.28181337]
334
[0.32096589]
335
[0.37862425]
336
[0.39767099]
337
[0.09979342]
338
[0.23625382]
339
[0.4745289]
340
[0.42289897]
341
[0.06534778]
342
[0.24841185]
343
[0.34683685]
344
[0.29055985]
345
[0.1541475]
346
[0.04639462]
347
[0.30063294]
348
[0.41669394]
349
[0.16132871]
350
[0.4462617]
351
[0.47516444]
352
[0.10797581]
353
[0.02548991]
354
[0.03015146]
355
[0.51133417]
356
[0.02261052]
357
[0.35042003]
358
[0.35111784]
359
[0.31173184]
360
[0.44526448]
361
[0.51145438]
362
[0.28102476]
363
[0.44684789]
364
[0.35315907]
365
[0.3236484]
366
[0.4135843]
367
[0.14576978]
368
[0.24881627]
369
[0.3182733]
370
[0.37328422]
371
[0.34938779]
372
[0.14821852]
373
[0.36734877]
374
[0.07546517]
375
[0.31029127]
376
[0.28819157]
377
[0.20624928]
378
[0.156162]
379
[0.40904769]
380
[0.36607311]
381
[0.02702267]
382
[0.24746205]
383
[0.28764117]
384
[0.05957808]
385
[0.3537611]
386
[0.24615521]
387
[0.1582126]
388
[0.28568615]
389
[0.30267306]
390
[0.1061712]
391
[0.22193251]
392
[0.20613419]
393
[0.35563121]
394
[0.49570625]
395
[0.47853946]
396
[0.43852799]
397
[0.02087485]
398
[0.50809757]
399
[0.13550217]
400
[0.20066944]
401
[0.07582925]
402
[0.09262736]
403
[0.42825291]
404
[0.14674517]
405
[0.22523469]
406
[0.13471913]
407
[0.3258297]
408
[0.42947393]
409
[0.02629804]
410
[0.21845372]
411
[0.31188261]
412
[0.26168744]
413
[0.33526585]
414
[0.46446355]
415
[0.30076054]
416
[0.25426178]
417
[0.21039882]
418
[0.36092127]
419
[0.26117553]
420
[0.47144316]
421
[0.08372339]
422
[0.46930557]
423
[0.25403105]
424
[0.28843841]
425
[0.20855268]
426
[0.2387926]
427
[0.23985351]
428
[0.52521463]
429
[0.11154289]
430
[0.0225856]
431
[0.2394614]
432
[0.15133647]
433
[0.32902821]
434
[0.21433393]
435
[0.42180158]
436
[0.27660916]
437
[0.11364386]
438
[0.12834565]
439
[0.32842266]
440
[0.48199566]
441
[0.30818299]
442
[0.4674251]
443
[0.4023619]
444
[0.4821781]
445
[0.37903287]
446
[0.06911207]
447
[0.33425982]
448
[0.26490505]
449
[0.26610414]
450
[0.48274556]
451
[0.09200269]
452
[0.04957391]
453
[0.20787304]
454
[0.3227473]
455
[0.33894629]
456
[0.06283759]
457
[0.38671477]
458
[0.31357789]
459
[0.09692222]
460
[0.42923507]
461
[0.31615331]
462
[0.14119918]
463
[0.11305226]
464
[0.31950411]
465
[0.16547942]
466
[0.47428601]
467
[0.46032528]
468
[0.26467771]
469
[0.30926323]
470
[0.17528286]
471
[0.18228001]
472
[0.3996331]
473
[0.39613567]
474
[0.28995733]
475
[0.304366]
476
[0.5052499]
477
[0.27298786]
478
[0.19999081]
479
[0.44183903]
480
[0.07627662]
481
[0.23991363]
482
[0.21620297]
483
[0.20218666]
484
[0.1090222]
485
[0.05257307]
486
[0.11686976]
487
[0.34469372]
488
[0.10659159]
489
[0.44517302]
490
[0.47382656]
491
[0.42950664]
492
[0.50715112]
493
[0.23994004]
494
[0.14349267]
495
[0.04012545]
496
[0.3049094]
497
[0.21997729]
498
[0.40656428]
499
[0.37198943]
500
[0.01595996]
501
[0.34290591]
502
[0.36703301]
503
[0.51983928]
504
[0.12721245]
505
[0.37773443]
506
[0.22232681]
507
[0.43436342]
508
[0.28191592]
509
[0.30484567]
510
[0.41309007]
511
[0.24420477]
512
[0.31067521]
513
[0.26620526]
514
[0.13495296]
515
[0.36185812]
516
[0.4677811]
517
[0.51835178]
518
[0.08147515]
519
[0.43947434]
520
[0.32306457]
521
[0.38676363]
522
[0.07686252]
523
[0.40857974]
524
[0.37341153]
525
[0.11184601]
526
[0.10587545]
527
[0.41434062]
528
[0.44550353]
529
[0.14366687]
530
[0.41396859]
531
[0.50812393]
532
[0.50598264]
533
[0.15578401]
534
[0.07938813]
535
[0.32679737]
536
[0.32923699]
537
[0.21825791]
538
[0.25241515]
539
[0.45798444]
540
[0.20867471]
541
[0.11049517]
542
[0.40325804]
543
[0.43640728]
544
[0.36570062]
545
[0.1966146]
546
[0.22138629]
547
[0.24432409]
548
[0.22768053]
549
[0.28596323]
550
[0.50528247]
551
[0.21999629]
552
[0.42224578]
553
[0.27376374]
554
[0.37069808]
555
[0.15919811]
556
[0.09970038]
557
[0.12852955]
558
[0.42935441]
559
[0.31504919]
560
[0.50641198]
561
[0.43751106]
562
[0.35539876]
563
[0.31367123]
564
[0.37400493]
565
[0.26750989]
566
[0.22794671]
567
[0.22847435]
568
[0.41963296]
569
[0.26032071]
570
[0.04091688]
571
[0.30487139]
572
[0.31681323]
573
[0.35760574]
574
[0.37807199]
575
[0.42215866]
576
[0.30095738]
577
[0.20708111]
578
[0.05092955]
579
[0.26373588]
580
[0.12146839]
581
[0.08857364]
582
[0.25266862]
583
[0.1870968]
584
[0.26973913]
585
[0.1735249]
586
[0.48994241]
587
[0.22587441]
588
[0.34962136]
589
[0.15730154]
590
[0.12193307]
591
[0.48647828]
592
[0.49485862]
593
[0.21899148]
594
[0.29143736]
595
[0.4223204]
596
[0.15544665]
597
[0.37095522]
598
[0.28662675]
599
[0.1537818]
600
[0.37716853]
601
[0.18849554]
602
[0.16843986]
603
[0.47564061]
604
[0.21577354]
605
[0.49246289]
606
[0.30393612]
607
[0.29545879]
608
[0.32540526]
609
[0.14328842]
610
[0.50597567]
611
[0.14955858]
612
[0.24003587]
613
[0.28429973]
614
[0.14947994]
615
[0.0728907]
616
[0.44680401]
617
[0.47013099]
618
[0.07261145]
619
[0.39986206]
620
[0.10660192]
621
[0.2928753]
622
[0.06474532]
623
[0.0346581]
624
[0.49893232]
625
[0.32418731]
626
[0.1632052]
627
[0.26335507]
628
[0.19016532]
629
[0.03856816]
630
[0.20015244]
631
[0.43323914]
632
[0.02591206]
633
[0.39322087]
634
[0.15537726]
635
[0.36008195]
636
[0.22968845]
637
[0.36844539]
638
[0.20829798]
639
[0.07039099]
640
[0.10433524]
641
[0.1417777]
642
[0.33343198]
643
[0.32332541]
644
[0.46352679]
645
[0.2715129]
646
[0.44416168]
647
[0.43636109]
648
[0.13633701]
649
[0.19479679]
650
[0.20940648]
651
[0.19538565]
652
[0.08228223]
653
[0.22408655]
654
[0.28500399]
655
[0.50166232]
656
[0.32067737]
657
[0.05676448]
658
[0.13112111]
659
[0.3266898]
660
[0.17422852]
661
[0.26097741]
662
[0.25139569]
663
[0.29254322]
664
[0.22086251]
665
[0.22274336]
666
[0.29630415]
667
[0.52314468]
668
[0.35778649]
669
[0.17936838]
670
[0.07857685]
671
[0.32717261]
672
[0.31624812]
673
[0.29083917]
674
[0.13254821]
675
[0.03000099]
676
[0.28543042]
677
[0.499687]
678
[0.19013141]
679
[0.4325933]
680
[0.01827222]
681
[0.05397497]
682
[0.18748347]
683
[0.41917831]
684
[0.26798972]
685
[0.38372607]
686
[0.3734187]
687
[0.25499768]
688
[0.44768959]
689
[0.31546056]
690
[0.23842108]
691
[0.09423234]
692
[0.26650559]
693
[0.29352504]
694
[0.23898375]
695
[0.08808623]
696
[0.24670523]
697
[0.3279291]
698
[0.12576164]
699
[0.29156642]
700
[0.35501766]
701
[0.25235125]
702
[0.07292244]
703
[0.32391445]
704
[0.09233864]
705
[0.25527005]
706
[0.20715041]
707
[0.20125518]
708
[0.48969853]
709
[0.29697442]
710
[0.35900517]
711
[0.45890339]
712
[0.09522134]
713
[0.16587423]
714
[0.22666576]
715
[0.45844483]
716
[0.28518328]
717
[0.17032233]
718
[0.28580449]
719
[0.2744833]
720
[0.20235682]
721
[0.32565048]
722
[0.41047112]
723
[0.27221829]
724
[0.45372572]
725
[0.08119484]
726
[0.24910971]
727
[0.31318601]
728
[0.09089775]
729
[0.14607024]
730
[0.02983411]
731
[0.30918188]
732
[0.39927432]
733
[0.30307669]
734
[0.32968543]
735
[0.41468377]
736
[0.41197387]
737
[0.50541032]
738
[0.06855924]
739
[0.45594002]
740
[0.0567326]
741
[0.48809841]
742
[0.37333082]
743
[0.2447046]
744
[0.27075843]
745
[0.19501587]
746
[0.02471252]
747
[0.31954303]
748
[0.22821462]
749
[0.30115693]
750
[0.29411278]
751
[0.20486568]
752
[0.36386249]
753
[0.4283355]
754
[0.15854724]
755
[0.48215491]
756
[0.49520195]
757
[0.28382828]
758
[0.36976266]
759
[0.43369427]
760
[0.39204639]
761
[0.256902]
762
[0.46248225]
763
[0.136635]
764
[0.50194897]
765
[0.15257401]
766
[0.38154322]
767
[0.42805392]
768
[0.19300191]
769
[0.13723071]
770
[0.39495597]
771
[0.51343272]
772
[0.39015039]
773
[0.28766905]
774
[0.04942303]
775
[0.50217338]
776
[0.13872413]
777
[0.17411427]
778
[0.44226623]
779
[0.22729186]
780
[0.39165347]
781
[0.05288542]
782
[0.47029151]
783
[0.09834157]
784
[0.33040444]
785
[0.24999843]
786
[0.24875595]
787
[0.5108249]
788
[0.36584541]
789
[0.32674891]
790
[0.19293268]
791
[0.4584358]
792
[0.27141881]
793
[0.36520281]
794
[0.48149033]
795
[0.49242685]
796
[0.19675124]
797
[0.40065447]
798
[0.25237521]
799
[0.4530664]
800
[0.36159514]
801
[0.33434051]
802
[0.26579152]
803
[0.34952111]
804
[0.38557631]
805
[0.11928403]
806
[0.02976705]
807
[0.28648291]
808
[0.45990444]
809
[0.49672397]
810
[0.02163956]
811
[0.25236276]
812
[0.27031204]
813
[0.43172964]
814
[0.06612076]
815
[0.29058302]
816
[0.2211574]
817
[0.23379448]
818
[0.14271814]
819
[0.38591104]
820
[0.38219256]
821
[0.35558833]
822
[0.26973234]
823
[0.30425561]
824
[0.08891202]
825
[0.02261003]
826
[0.1078775]
827
[0.31153568]
828
[0.2557962]
829
[0.10285729]
830
[0.29556754]
831
[0.3588158]
832
[0.22989982]
833
[0.16371915]
834
[0.24684617]
835
[0.24800172]
836
[0.39482349]
837
[0.2921128]
838
[0.27063947]
839
[0.44002219]
840
[0.41350708]
841
[0.21129746]
842
[0.33153926]
843
[0.24760209]
844
[0.39933404]
845
[0.25193126]
846
[0.1732412]
847
[0.34551414]
848
[0.47285707]
849
[0.43191806]
850
[0.43203236]
851
[0.11344748]
852
[0.30594842]
853
[0.15113426]
854
[0.20684926]
855
[0.51179078]
856
[0.10882349]
857
[0.20795788]
858
[0.33033358]
859
[0.48633466]
860
[0.22408974]
861
[0.23632038]
862
[0.31615114]
863
[0.35425099]
864
[0.16674603]
865
[0.42101194]
866
[0.29372732]
867
[0.25945867]
868
[0.32232844]
869
[0.33860247]
870
[0.28559247]
871
[0.40574853]
872
[0.22298132]
873
[0.52303976]
874
[0.2783255]
875
[0.17195354]
876
[0.34889418]
877
[0.44344423]
878
[0.28945274]
879
[0.07439825]
880
[0.07801487]
881
[0.3058395]
882
[0.02592415]
883
[0.36739926]
884
[0.17523638]
885
[0.42656512]
886
[0.39008171]
887
[0.39735178]
888
[0.52357031]
889
[0.28819074]
890
[0.22513607]
891
[0.29973474]
892
[0.45623285]
893
[0.18055339]
894
[0.2443686]
895
[0.23621588]
896
[0.26271607]
897
[0.38984825]
898
[0.45418321]
899
[0.32781782]
900
[0.32242561]
901
[0.51872919]
902
[0.40274706]
903
[0.26458722]
904
[0.40689622]
905
[0.34466721]
906
[0.33465313]
907
[0.22090661]
908
[0.29792552]
909
[0.36676343]
910
[0.35693157]
911
[0.21214396]
912
[0.24886061]
913
[0.13210655]
914
[0.02266061]
915
[0.40686353]
916
[0.4356929]
917
[0.47141299]
918
[0.24222952]
919
[0.16159792]
920
[0.45261723]
921
[0.19105794]
922
[0.40871975]
923
[0.20516816]
924
[0.13258956]
925
[0.33355702]
926
[0.25211253]
927
[0.31669453]
928
[0.23095617]
929
[0.41368291]
930
[0.38819168]
931
[0.4286731]
932
[0.44652778]
933
[0.20296285]
934
[0.23008123]
935
[0.38491795]
936
[0.22218782]
937
[0.2215016]
938
[0.31264654]
939
[0.41709791]
940
[0.22653341]
941
[0.18960947]
942
[0.05725156]
943
[0.3436333]
944
[0.14066204]
945
[0.48342283]
946
[0.32097357]
947
[0.17079541]
948
[0.41738179]
949
[0.38499239]
950
[0.31905864]
951
[0.33269503]
952
[0.38510361]
953
[0.37844671]
954
[0.26869848]
955
[0.39040194]
956
[0.35719062]
957
[0.19320244]
958
[0.37249787]
959
[0.26195466]
960
[0.08428336]
961
[0.21350625]
962
[0.28556615]
963
[0.3634882]
964
[0.35391509]
965
[0.2518285]
966
[0.35018452]
967
[0.35825093]
968
[0.01805518]
969
[0.24811046]
970
[0.13422695]
971
[0.35237066]
972
[0.21702835]
973
[0.20921702]
974
[0.370951]
975
[0.4949387]
976
[0.04870899]
977
[0.24502733]
978
[0.2656243]
979
[0.3796688]
980
[0.2155471]
981
[0.24270612]
982
[0.03042551]
983
[0.45297548]
984
[0.08475002]
985
[0.31085381]
986
[0.29718321]
987
[0.23322803]
988
[0.30755982]
989
[0.4822683]
990
[0.31440826]
991
[0.25544652]
992
[0.23166611]
993
[0.35798261]
994
[0.03523168]
995
[0.11834053]
996
[0.34895922]
997
[0.51787305]
998
[0.49711653]
999
[0.34899783]
1000
[0.21585376]
1001
[0.37471479]
1002
[0.21946441]
1003
[0.49612152]
1004
[0.25184647]
1005
[0.31583722]
1006
[0.14605594]
1007
[0.08148931]
1008
[0.32376783]
1009
[0.35334367]
1010
[0.06516341]
1011
[0.39176233]
1012
[0.15361428]
1013
[0.27776642]
1014
[0.46494498]
1015
[0.29974927]
1016
[0.43860033]
1017
[0.30561679]
1018
[0.12923824]
1019
[0.14926142]
1020
[0.20012772]
1021
[0.45540301]
1022
[0.26395968]
1023
[0.1256282]
1024
[0.29779642]
1025
[0.03416036]
1026
[0.36644832]
1027
[0.4432072]
1028
[0.28586841]
1029
[0.17278472]
1030
[0.4892362]
1031
[0.51022417]
1032
[0.26870245]
1033
[0.04170403]
1034
[0.17446456]
1035
[0.44756326]
1036
[0.09326916]
1037
[0.49329833]
1038
[0.50677721]
1039
[0.09297888]
1040
[0.14713475]
1041
[0.34970958]
1042
[0.2547056]
1043
[0.12670483]
1044
[0.48587519]
1045
[0.32654609]
1046
[0.12639537]
1047
[0.45477779]
1048
[0.16575741]
1049
[0.07454049]
1050
[0.29826279]
1051
[0.23372173]
1052
[0.29840503]
1053
[0.20303174]
1054
[0.24335975]
1055
[0.35515539]
1056
[0.28299032]
1057
[0.15768236]
1058
[0.21407436]
1059
[0.35142849]
1060
[0.12843846]
1061
[0.18133996]
1062
[0.34193545]
1063
[0.31113743]
1064
[0.10261141]
1065
[0.10028506]
1066
[0.52368355]
1067
[0.31233163]
1068
[0.49700798]
1069
[0.08065795]
1070
[0.36843165]
1071
[0.24211297]
1072
[0.43645116]
1073
[0.3162742]
1074
[0.4053561]
1075
[0.30529869]
1076
[0.23698888]
1077
[0.51505311]
1078
[0.18303451]
1079
[0.39474807]
1080
[0.33595496]
1081
[0.29110348]
1082
[0.24284535]
1083
[0.24363694]
1084
[0.40713663]
1085
[0.47217396]
1086
[0.24202956]
1087
[0.35443326]
1088
[0.08626082]
1089
[0.3587742]
1090
[0.27138541]
1091
[0.52534759]
1092
[0.36423047]
1093
[0.29639775]
1094
[0.03597156]
1095
[0.05958984]
1096
[0.06776693]
1097
[0.33234758]
1098
[0.22609199]
1099
[0.20992597]
1100
[0.4464928]
1101
[0.08056274]
1102
[0.19564312]
1103
[0.21771497]
1104
[0.13539332]
1105
[0.07289188]
1106
[0.43577822]
1107
[0.13970423]
1108
[0.38325155]
1109
[0.0857134]
1110
[0.06520407]
1111
[0.4982871]
1112
[0.06994576]
1113
[0.25182806]
1114
[0.44334265]
1115
[0.06199528]
1116
[0.41869294]
1117
[0.10286739]
1118
[0.09377588]
1119
[0.110372]
1120
[0.30148623]
1121
[0.32352757]
1122
[0.43762385]
1123
[0.35093659]
1124
[0.46763201]
1125
[0.3948734]
1126
[0.28871917]
1127
[0.22874455]
1128
[0.21459693]
1129
[0.31391273]
1130
[0.29971697]
1131
[0.38865314]
1132
[0.41253275]
1133
[0.38554247]
1134
[0.46613171]
1135
[0.13811478]
1136
[0.36110387]
1137
[0.40916398]
1138
[0.1796272]
1139
[0.31030427]
1140
[0.37048198]
1141
[0.27248405]
1142
[0.34049161]
1143
[0.28201142]
1144
[0.3279271]
1145
[0.33567416]
1146
[0.02477815]
1147
[0.46238319]
1148
[0.37413969]
1149
[0.145511]
1150
[0.21221955]
1151
[0.51347299]
1152
[0.20378037]
1153
[0.1381237]
1154
[0.03468435]
1155
[0.17006251]
1156
[0.09467828]
1157
[0.34383267]
1158
[0.5006289]
1159
[0.23712545]
1160
[0.23599542]
1161
[0.4489551]
1162
[0.35170689]
1163
[0.19054846]
1164
[0.30559026]
1165
[0.51597694]
1166
[0.50471802]
1167
[0.17471949]
1168
[0.13530661]
1169
[0.16090772]
1170
[0.48403074]
1171
[0.08528442]
1172
[0.18407183]
1173
[0.17925133]
1174
[0.32898192]
1175
[0.355832]
1176
[0.35775906]
1177
[0.26807648]
1178
[0.18771871]
1179
[0.22251825]
1180
[0.41381962]
1181
[0.18431131]
1182
[0.05676755]
1183
[0.16985037]
1184
[0.25884494]
1185
[0.43837508]
1186
[0.03388709]
1187
[0.33281878]
1188
[0.44396346]
1189
[0.29361224]
1190
[0.34077694]
1191
[0.46433461]
1192
[0.31343626]
1193
[0.11551544]
1194
[0.02537355]
1195
[0.12118928]
1196
[0.09902036]
1197
[0.25216878]
1198
[0.34075899]
1199
[0.17347526]
1200
[0.41664134]
1201
[0.12704089]
1202
[0.46361358]
1203
[0.09795666]
1204
[0.44963489]
1205
[0.38600201]
1206
[0.09503278]
1207
[0.20157509]
1208
[0.32572204]
1209
[0.32063579]
1210
[0.18456508]
1211
[0.2633563]
1212
[0.34679393]
1213
[0.33283797]
1214
[0.02763829]
1215
[0.36234868]
1216
[0.13085082]
1217
[0.30930996]
1218
[0.18434788]
1219
[0.25437658]
1220
[0.37577485]
1221
[0.31034931]
1222
[0.40646855]
1223
[0.34962248]
1224
[0.37090149]
1225
[0.30397843]
1226
[0.49367229]
1227
[0.33858058]
1228
[0.15206974]
1229
[0.14312381]
1230
[0.39179233]
1231
[0.05154442]
1232
[0.12602976]
1233
[0.21892732]
1234
[0.45408819]
1235
[0.39194496]
1236
[0.04069815]
1237
[0.41046693]
1238
[0.04586964]
1239
[0.37942042]
1240
[0.12969911]
1241
[0.29064006]
1242
[0.3607935]
1243
[0.23333367]
1244
[0.27297165]
1245
[0.17066571]
1246
[0.24695938]
1247
[0.07569532]
1248
[0.47635893]
1249
[0.46308845]
1250
[0.34795362]
1251
[0.50495849]
1252
[0.28270058]
1253
[0.27491918]
1254
[0.41791103]
1255
[0.19802037]
1256
[0.17147557]
1257
[0.36588187]
1258
[0.25281546]
1259
[0.28347838]
1260
[0.22921118]
1261
[0.51253541]
1262
[0.31322226]
1263
[0.33790579]
1264
[0.41582808]
1265
[0.11583817]
1266
[0.25819589]
1267
[0.27617465]
1268
[0.20578853]
1269
[0.09342829]
1270
[0.49518332]
1271
[0.50866964]
1272
[0.17441741]
1273
[0.31508172]
1274
[0.11281814]
1275
[0.24782109]
1276
[0.3410973]
1277
[0.27557884]
1278
[0.04467082]
1279
[0.27034141]
1280
[0.24983695]
1281
[0.20011534]
1282
[0.11928151]
1283
[0.22651584]
1284
[0.33693356]
1285
[0.21315132]
1286
[0.20605527]
1287
[0.47775234]
1288
[0.47861291]
1289
[0.34490294]
1290
[0.22407639]
1291
[0.31939133]
1292
[0.35202926]
1293
[0.07675257]
1294
[0.24948429]
1295
[0.36450256]
1296
[0.50364305]
1297
[0.42161001]
1298
[0.23954413]
1299
[0.22956488]
1300
[0.29976618]
1301
[0.18787085]
1302
[0.33847635]
1303
[0.22658647]
1304
[0.47319943]
1305
[0.3014668]
1306
[0.14183539]
1307
[0.23838663]
1308
[0.44469494]
1309
[0.46721103]
1310
[0.1248662]
1311
[0.34513739]
1312
[0.12201033]
1313
[0.27328894]
1314
[0.4758864]
1315
[0.03133138]
1316
[0.24100079]
1317
[0.20430221]
1318
[0.28727083]
1319
[0.04308378]
1320
[0.2596396]
1321
[0.4207664]
1322
[0.23409889]
1323
[0.47104154]
1324
[0.33075504]
1325
[0.32208032]
1326
[0.44306196]
1327
[0.45639711]
1328
[0.21367549]
1329
[0.13373583]
1330
[0.42289355]
1331
[0.19767709]
1332
[0.17935422]
1333
[0.46209579]
1334
[0.43992605]
1335
[0.07131025]
1336
[0.48468136]
1337
[0.33393497]
1338
[0.31862476]
1339
[0.42403707]
1340
[0.33471542]
1341
[0.35301724]
1342
[0.17802052]
1343
[0.24650572]
1344
[0.16286367]
1345
[0.03810342]
1346
[0.14653381]
1347
[0.51585632]
1348
[0.41011769]
1349
[0.44483153]
1350
[0.42205388]
1351
[0.22113168]
1352
[0.22668919]
1353
[0.19828686]
1354
[0.33414848]
1355
[0.24010338]
1356
[0.25280645]
1357
[0.15871028]
1358
[0.24941505]
1359
[0.42487333]
1360
[0.24197138]
1361
[0.20452813]
1362
[0.04352089]
1363
[0.2380779]
1364
[0.15330595]
1365
[0.42258075]
1366
[0.34495881]
1367
[0.36691498]
1368
[0.23383653]
1369
[0.37649316]
1370
[0.31554741]
1371
[0.23809514]
1372
[0.12943899]
1373
[0.13832308]
1374
[0.30196273]
1375
[0.03473228]
1376
[0.40109849]
1377
[0.29040774]
1378
[0.52152109]
1379
[0.2962583]
1380
[0.17192884]
1381
[0.42996997]
1382
[0.05891181]
1383
[0.10643982]
1384
[0.25359341]
1385
[0.41883153]
1386
[0.37045208]
1387
[0.49847699]
1388
[0.31797092]
1389
[0.36703774]
1390
[0.31288586]
1391
[0.51508623]
1392
[0.14569522]
1393
[0.33671576]
1394
[0.42762828]
1395
[0.08376848]
1396
[0.11857842]
1397
[0.22428865]
1398
[0.14347071]
1399
[0.46521896]
1400
[0.30415703]
1401
[0.38011359]
1402
[0.30993542]
1403
[0.42312218]
1404
[0.04806444]
1405
[0.09844783]
1406
[0.18954183]
1407
[0.38927364]
1408
[0.19757508]
1409
[0.36166774]
1410
[0.03134586]
1411
[0.47360982]
1412
[0.26405169]
1413
[0.44366498]
1414
[0.34260037]
1415
[0.26409899]
1416
[0.01799909]
1417
[0.41867725]
1418
[0.31112334]
1419
[0.11593389]
1420
[0.42814706]
1421
[0.45661731]
1422
[0.18496463]
1423
[0.42297158]
1424
[0.4394296]
1425
[0.31160414]
1426
[0.51033576]
1427
[0.056214]
1428
[0.51973237]
1429
[0.15087103]
1430
[0.35141552]
1431
[0.41934258]
1432
[0.23731072]
1433
[0.09692443]
1434
[0.29140539]
1435
[0.27072596]
1436
[0.47729152]
1437
[0.44902955]
1438
[0.46821055]
1439
[0.02964526]
1440
[0.32793646]
1441
[0.36657048]
1442
[0.17178207]
1443
[0.21911805]
1444
[0.23008784]
1445
[0.174941]
1446
[0.26169988]
1447
[0.21397279]
1448
[0.15475295]
1449
[0.28851074]
1450
[0.44157664]
1451
[0.50727]
1452
[0.49803252]
1453
[0.43132955]
1454
[0.09069945]
1455
[0.11848075]
1456
[0.19898691]
1457
[0.07728854]
1458
[0.30936009]
1459
[0.29832728]
1460
[0.19810152]
1461
[0.12605685]
1462
[0.30897571]
1463
[0.31788227]
1464
[0.31155856]
1465
[0.40641304]
1466
[0.42831665]
1467
[0.48900234]
1468
[0.04306665]
1469
[0.30288311]
1470
[0.31665036]
1471
[0.30551314]
1472
[0.43521905]
1473
[0.1546092]
1474
[0.3338098]
1475
[0.12844076]
1476
[0.35281416]
1477
[0.37750464]
1478
[0.15775541]
1479
[0.4826131]
1480
[0.35846623]
1481
[0.51679706]
1482
[0.38168833]
1483
[0.20424643]
1484
[0.27010383]
1485
[0.09305384]
1486
[0.37374266]
1487
[0.24298294]
1488
[0.37679774]
1489
[0.35741046]
1490
[0.27593507]
1491
[0.42716804]
1492
[0.29315344]
1493
[0.30533621]
1494
[0.39138197]
1495
[0.20013408]
1496
[0.38489249]
1497
[0.02906724]
1498
[0.19641547]
1499
[0.04891292]
1500
[0.51267139]
1501
[0.51838747]
1502
[0.30833634]
1503
[0.30508778]
1504
[0.24634441]
1505
[0.50889961]
1506
[0.49456456]
1507
[0.18279072]
1508
[0.33451819]
1509
[0.34281975]
1510
[0.50583079]
1511
[0.24618553]
1512
[0.46022538]
1513
[0.46173374]
1514
[0.08856469]
1515
[0.43298119]
1516
[0.17406348]
1517
[0.22287893]
1518
[0.43941907]
1519
[0.32957111]
1520
[0.36741953]
1521
[0.21725106]
1522
[0.32089005]
1523
[0.11882811]
1524
[0.02206754]
1525
[0.18771562]
1526
[0.50010394]
1527
[0.35698515]
1528
[0.3438005]
1529
[0.51101477]
1530
[0.12819178]
1531
[0.42157424]
1532
[0.20608165]
1533
[0.17933021]
1534
[0.34725874]
1535
[0.17643791]
1536
[0.37990349]
1537
[0.33599281]
1538
[0.14028543]
1539
[0.39333843]
1540
[0.46697445]
1541
[0.41005062]
1542
[0.03117627]
1543
[0.17374707]
1544
[0.11025067]
1545
[0.05227663]
1546
[0.46320002]
1547
[0.27614611]
1548
[0.22404453]
1549
[0.41571235]
1550
[0.51845975]
1551
[0.05450688]
1552
[0.22562854]
1553
[0.48550494]
1554
[0.06561112]
1555
[0.44467209]
1556
[0.47377708]
1557
[0.30053419]
1558
[0.41889697]
1559
[0.29301951]
1560
[0.22996262]
1561
[0.36127574]
1562
[0.05547247]
1563
[0.39044905]
1564
[0.20414888]
1565
[0.18900403]
1566
[0.0788651]
1567
[0.3199405]
1568
[0.26447824]
1569
[0.14903287]
1570
[0.11184637]
1571
[0.24970605]
1572
[0.03991791]
1573
[0.21943075]
1574
[0.29738941]
1575
[0.19772595]
1576
[0.21482489]
1577
[0.24340387]
1578
[0.25772119]
1579
[0.31567063]
1580
[0.36989318]
1581
[0.32593892]
1582
[0.45598225]
1583
[0.34973969]
1584
[0.22196124]
1585
[0.52017837]
1586
[0.11904421]
1587
[0.31956364]
1588
[0.15944277]
1589
[0.23547628]
1590
[0.16479486]
1591
[0.2958192]
1592
[0.33879204]
1593
[0.23164477]
1594
[0.34905589]
1595
[0.19019853]
1596
[0.29691012]
1597
[0.39864477]
1598
[0.1769553]
1599
[0.02025542]
1600
[0.33383234]
1601
[0.43172643]
1602
[0.28108789]
1603
[0.0922367]
1604
[0.29152937]
1605
[0.01829965]
1606
[0.22064445]
1607
[0.0924264]
1608
[0.28100097]
1609
[0.27704894]
1610
[0.22814366]
1611
[0.3527219]
1612
[0.36689822]
1613
[0.37224227]
1614
[0.20300623]
1615
[0.23586711]
1616
[0.49136689]
1617
[0.43004456]
1618
[0.20618883]
1619
[0.34100457]
1620
[0.39706579]
1621
[0.46518459]
1622
[0.32832965]
1623
[0.25682575]
1624
[0.29078956]
1625
[0.41111012]
1626
[0.43948763]
1627
[0.20860805]
1628
[0.3068529]
1629
[0.25306434]
1630
[0.30753211]
1631
[0.47601839]
1632
[0.31524767]
1633
[0.17716175]
1634
[0.32326702]
1635
[0.10365596]
1636
[0.22755915]
1637
[0.23757256]
1638
[0.29022389]
1639
[0.36566841]
1640
[0.29382381]
1641
[0.29723324]
1642
[0.45748022]
1643
[0.04112236]
1644
[0.03285129]
1645
[0.37849335]
1646
[0.31292861]
1647
[0.17590899]
1648
[0.32636495]
1649
[0.3036644]
1650
[0.51797821]
1651
[0.3819142]
1652
[0.19777539]
1653
[0.3056035]
1654
[0.41640008]
1655
[0.26323711]
1656
[0.14111375]
1657
[0.38216468]
1658
[0.33043503]
1659
[0.25872453]
1660
[0.40114427]
1661
[0.42339541]
1662
[0.15469978]
1663
[0.27409675]
1664
[0.25508229]
1665
[0.37964389]
1666
[0.33872589]
1667
[0.30435691]
1668
[0.26508986]
1669
[0.26787454]
1670
[0.05977939]
1671
[0.31951381]
1672
[0.48925953]
1673
[0.13250432]
1674
[0.36832229]
1675
[0.36228468]
1676
[0.0812678]
1677
[0.25012603]
1678
[0.26118463]
1679
[0.28096137]
1680
[0.20079169]
1681
[0.33664473]
1682
[0.50017904]
1683
[0.27932973]
1684
[0.40489383]
1685
[0.32655662]
1686
[0.32043028]
1687
[0.31555326]
1688
[0.41394989]
1689
[0.09284309]
1690
[0.02528881]
1691
[0.44122212]
1692
[0.43420405]
1693
[0.16553414]
1694
[0.46494071]
1695
[0.39252363]
1696
[0.11933978]
1697
[0.18295421]
1698
[0.45080603]
1699
[0.06025289]
1700
[0.34521952]
1701
[0.27440243]
1702
[0.05194574]
1703
[0.35833012]
1704
[0.14499986]
1705
[0.3520547]
1706
[0.3357234]
1707
[0.22634002]
1708
[0.37758353]
1709
[0.35894745]
1710
[0.21196062]
1711
[0.26732341]
1712
[0.31439283]
1713
[0.09532053]
1714
[0.3202197]
1715
[0.49280024]
1716
[0.20665936]
1717
[0.22537617]
1718
[0.05098519]
1719
[0.23462837]
1720
[0.06468511]
1721
[0.31580831]
1722
[0.18045947]
1723
[0.33260904]
1724
[0.06354396]
1725
[0.33072273]
1726
[0.50046966]
1727
[0.1468625]
1728
[0.36940716]
1729
[0.33999778]
1730
[0.18115216]
1731
[0.13460898]
1732
[0.24184996]
1733
[0.2915845]
1734
[0.23351107]
1735
[0.21233637]
1736
[0.06776755]
1737
[0.32941914]
1738
[0.4561349]
1739
[0.16516473]
1740
[0.47091028]
1741
[0.43298248]
1742
[0.22256309]
1743
[0.0745494]
1744
[0.31115699]
1745
[0.44294866]
1746
[0.28221173]
1747
[0.15090178]
1748
[0.37602516]
1749
[0.04241166]
1750
[0.05769435]
1751
[0.48430525]
1752
[0.24526781]
1753
[0.35521859]
1754
[0.28552242]
1755
[0.31705139]
1756
[0.32870107]
1757
[0.07138398]
1758
[0.09834832]
1759
[0.42848299]
1760
[0.30686406]
1761
[0.04515143]
1762
[0.32228656]
1763
[0.31653216]
1764
[0.40634979]
1765
[0.31969342]
1766
[0.09280185]
1767
[0.13374912]
1768
[0.35255454]
1769
[0.26121186]
1770
[0.13069172]
1771
[0.51769368]
1772
[0.42357817]
1773
[0.09831166]
1774
[0.33043054]
1775
[0.32965303]
1776
[0.3326336]
1777
[0.19401779]
1778
[0.10116958]
1779
[0.16034334]
1780
[0.38424383]
1781
[0.17941974]
1782
[0.37210306]
1783
[0.41619692]
1784
[0.32051533]
1785
[0.35072408]
1786
[0.44100074]
1787
[0.26320146]
1788
[0.12207434]
1789
[0.06314806]
1790
[0.21174758]
1791
[0.35746719]
1792
[0.37114162]
1793
[0.02000586]
1794
[0.35395026]
1795
[0.28657959]
1796
[0.43542442]
1797
[0.31533296]
1798
[0.35435944]
1799
[0.43121013]
1800
[0.13222428]
1801
[0.45174216]
1802
[0.15742025]
1803
[0.14863301]
1804
[0.20442938]
1805
[0.25730584]
1806
[0.12279961]
1807
[0.32749552]
1808
[0.40655043]
1809
[0.24124443]
1810
[0.21744687]
1811
[0.37736763]
1812
[0.24843691]
1813
[0.26204915]
1814
[0.19532638]
1815
[0.20682516]
1816
[0.50145659]
1817
[0.36752299]
1818
[0.33390185]
1819
[0.2220571]
1820
[0.32410111]
1821
[0.09241285]
1822
[0.12577754]
1823
[0.05002395]
1824
[0.17573443]
1825
[0.52288507]
1826
[0.31582849]
1827
[0.33116877]
1828
[0.52056496]
1829
[0.32327581]
1830
[0.06032988]
1831
[0.01855107]
1832
[0.30774396]
1833
[0.27442492]
1834
[0.30182961]
1835
[0.19385063]
1836
[0.23614897]
1837
[0.19658015]
1838
[0.05118443]
1839
[0.38199932]
1840
[0.36941089]
1841
[0.51360021]
1842
[0.2333526]
1843
[0.33105418]
1844
[0.34320427]
1845
[0.05204549]
1846
[0.15449405]
1847
[0.4004325]
1848
[0.2251526]
1849
[0.35375065]
1850
[0.3348378]
1851
[0.50107396]
1852
[0.50425768]
1853
[0.26671637]
1854
[0.32623275]
1855
[0.15148655]
1856
[0.11490531]
1857
[0.34566993]
1858
[0.17814934]
1859
[0.3364032]
1860
[0.08941382]
1861
[0.26513819]
1862
[0.14253859]
1863
[0.50514969]
1864
[0.52373511]
1865
[0.32250215]
1866
[0.41574421]
1867
[0.09136225]
1868
[0.40717545]
1869
[0.2408349]
1870
[0.28212758]
1871
[0.47832381]
1872
[0.26549999]
1873
[0.06659869]
1874
[0.51189878]
1875
[0.27092694]
1876
[0.47001215]
1877
[0.40866001]
1878
[0.4256397]
1879
[0.36890754]
1880
[0.4306833]
1881
[0.10278966]
1882
[0.39397527]
1883
[0.28145769]
1884
[0.28328171]
1885
[0.40160054]
1886
[0.43610027]
1887
[0.38816192]
1888
[0.14929053]
1889
[0.10408414]
1890
[0.35968569]
1891
[0.23908266]
1892
[0.47539592]
1893
[0.27147273]
1894
[0.43746271]
1895
[0.3322371]
1896
[0.31002282]
1897
[0.34947829]
1898
[0.09400347]
1899
[0.12913948]
1900
[0.05737]
1901
[0.4486163]
1902
[0.24487783]
1903
[0.17294068]
1904
[0.40597017]
1905
[0.29923076]
1906
[0.39682079]
1907
[0.36622287]
1908
[0.17355926]
1909
[0.06328221]
1910
[0.32073626]
1911
[0.31566086]
1912
[0.32554346]
1913
[0.09417627]
1914
[0.28976428]
1915
[0.21414934]
1916
[0.08391656]
1917
[0.13075638]
1918
[0.01769413]
1919
[0.46540704]
1920
[0.41503357]
1921
[0.0263655]
1922
[0.22667335]
1923
[0.21081262]
1924
[0.31718367]
1925
[0.32044683]
1926
[0.30177009]
1927
[0.28549614]
1928
[0.13972687]
1929
[0.03437248]
1930
[0.44765653]
1931
[0.08840994]
1932
[0.08488543]
1933
[0.08861672]
1934
[0.28389181]
1935
[0.2724494]
1936
[0.1252933]
1937
[0.4701995]
1938
[0.35512545]
1939
[0.2380471]
1940
[0.28796955]
1941
[0.44472052]
1942
[0.03060995]
1943
[0.29314328]
1944
[0.3016557]
1945
[0.16729575]
1946
[0.3730963]
1947
[0.40864925]
1948
[0.39834452]
1949
[0.38519658]
1950
[0.26062859]
1951
[0.3714209]
1952
[0.41952907]
1953
[0.45666791]
1954
[0.43696186]
1955
[0.45075946]
1956
[0.21710915]
1957
[0.17007712]
1958
[0.22203147]
1959
[0.1661212]
1960
[0.10861364]
1961
[0.0962436]
1962
[0.30622729]
1963
[0.40172983]
1964
[0.30048666]
1965
[0.40363806]
1966
[0.41555662]
1967
[0.1975564]
1968
[0.38910216]
1969
[0.29761251]
1970
[0.0982815]
1971
[0.37500557]
1972
[0.463526]
1973
[0.17983683]
1974
[0.20687708]
1975
[0.23928379]
1976
[0.22097078]
1977
[0.32661021]
1978
[0.43787188]
1979
[0.23359088]
1980
[0.18733188]
1981
[0.02955809]
1982
[0.23364659]
1983
[0.49952015]
1984
[0.48898701]
1985
[0.29702409]
1986
[0.16694597]
1987
[0.07851066]
1988
[0.47716578]
1989
[0.15992965]
1990
[0.27464927]
1991
[0.29785636]
1992
[0.44263191]
1993
[0.43354797]
1994
[0.07848831]
1995
[0.11335057]
1996
[0.28800371]
1997
[0.13953198]
1998
[0.14840591]
1999
[0.41933027]
2000
[0.08064311]
2001
[0.25381532]
2002
[0.3265983]
2003
[0.36555263]
2004
[0.26433982]
2005
[0.03008156]
2006
[0.47054179]
2007
[0.33753102]
2008
[0.51533426]
2009
[0.43974537]
2010
[0.16587816]
2011
[0.29132616]
2012
[0.43658191]
2013
[0.16559592]
2014
[0.28148497]
2015
[0.08230959]
2016
[0.20934954]
2017
[0.2343854]
2018
[0.43348285]
2019
[0.26887033]
2020
[0.20973532]
2021
[0.4166939]
2022
[0.43556259]
2023
[0.46257197]
2024
[0.471329]
2025
[0.43358213]
2026
[0.26900956]
2027
[0.04722604]
2028
[0.34891071]
2029
[0.09196903]
2030
[0.42745911]
2031
[0.28622302]
2032
[0.21439499]
2033
[0.06166515]
2034
[0.1123821]
2035
[0.40323728]
2036
[0.38904592]
2037
[0.24236118]
2038
[0.06407193]
2039
[0.20318487]
2040
[0.25580682]
2041
[0.29502529]
2042
[0.44220112]
2043
[0.3329399]
2044
[0.29694386]
2045
[0.33805678]
2046
[0.23732955]
2047
[0.46924774]
2048
[0.21700184]
2049
[0.28907498]
2050
[0.38068766]
2051
[0.26492481]
2052
[0.08205147]
2053
[0.23252499]
2054
[0.33675061]
2055
[0.47264144]
2056
[0.06447808]
2057
[0.0500784]
2058
[0.07749011]
2059
[0.47837404]
2060
[0.31137914]
2061
[0.2019935]
2062
[0.49748078]
2063
[0.3245832]
2064
[0.09283145]
2065
[0.3494891]
2066
[0.33519376]
2067
[0.34131417]
2068
[0.24007486]
2069
[0.31905027]
2070
[0.31458389]
2071
[0.47118968]
2072
[0.16422419]
2073
[0.34551192]
2074
[0.33787314]
2075
[0.5175207]
2076
[0.33850364]
2077
[0.37218761]
2078
[0.43530086]
2079
[0.34949705]
2080
[0.41058903]
2081
[0.15073792]
2082
[0.10216201]
2083
[0.32881387]
2084
[0.30328472]
2085
[0.28697675]
2086
[0.52465554]
2087
[0.16080012]
2088
[0.4474878]
2089
[0.12269738]
2090
[0.50579619]
2091
[0.22244909]
2092
[0.24039488]
2093
[0.05895001]
2094
[0.43637509]
2095
[0.36871269]
2096
[0.31966791]
2097
[0.2364122]
2098
[0.05211088]
2099
[0.30358058]
2100
[0.51919839]
2101
[0.11465323]
2102
[0.17684291]
2103
[0.32025759]
2104
[0.1914382]
2105
[0.37405962]
2106
[0.22671662]
2107
[0.21061247]
2108
[0.43402063]
2109
[0.49258185]
2110
[0.32258285]
2111
[0.1861688]
2112
[0.1078836]
2113
[0.43746998]
2114
[0.41705159]
2115
[0.35952203]
2116
[0.32128145]
2117
[0.39092333]
2118
[0.22097922]
2119
[0.21829394]
2120
[0.22553961]
2121
[0.22791009]
2122
[0.29317074]
2123
[0.24924325]
2124
[0.24962179]
2125
[0.2858557]
2126
[0.06863957]
2127
[0.16809263]
2128
[0.29793036]
2129
[0.48487822]
2130
[0.32011624]
2131
[0.45352697]
2132
[0.41696669]
2133
[0.31082003]
2134
[0.03428267]
2135
[0.17407059]
2136
[0.41746543]
2137
[0.23504596]
2138
[0.22725347]
2139
[0.3077866]
2140
[0.21051271]
2141
[0.32302123]
2142
[0.22923276]
2143
[0.25313926]
2144
[0.24915357]
2145
[0.35373755]
2146
[0.43702249]
2147
[0.36508503]
2148
[0.2002943]
2149
[0.37407639]
2150
[0.13543459]
2151
[0.2220053]
2152
[0.5022384]
2153
[0.23324792]
2154
[0.40174736]
2155
[0.27275208]
2156
[0.37741874]
2157
[0.34561261]
2158
[0.25222819]
2159
[0.52158537]
2160
[0.12212226]
2161
[0.15568373]
2162
[0.02119456]
2163
[0.25047916]
2164
[0.36280552]
2165
[0.39096669]
2166
[0.19716308]
2167
[0.43705809]
2168
[0.02049862]
2169
[0.47585306]
2170
[0.34377571]
2171
[0.40782361]
2172
[0.31699283]
2173
[0.46387225]
2174
[0.28363583]
2175
[0.18775717]
2176
[0.31342213]
2177
[0.19275898]
2178
[0.11033838]
2179
[0.21990137]
2180
[0.30721342]
2181
[0.04026675]
2182
[0.50390861]
2183
[0.43229171]
2184
[0.0888952]
2185
[0.24248433]
2186
[0.17055024]
2187
[0.27541983]
2188
[0.09062192]
2189
[0.13706459]
2190
[0.34946262]
2191
[0.34023432]
2192
[0.41970764]
2193
[0.31246038]
2194
[0.18887741]
2195
[0.31305124]
2196
[0.05646528]
2197
[0.42343177]
2198
[0.40124923]
2199
[0.33148367]
2200
[0.48393432]
2201
[0.28690433]
2202
[0.46741845]
2203
[0.45887666]
2204
[0.17541308]
2205
[0.06647584]
2206
[0.24711573]
2207
[0.0730462]
2208
[0.10526426]
2209
[0.25525744]
2210
[0.50109567]
2211
[0.29230898]
2212
[0.24082496]
2213
[0.29231272]
2214
[0.0392174]
2215
[0.35580804]
2216
[0.36404013]
2217
[0.14239188]
2218
[0.30166016]
2219
[0.32439416]
2220
[0.51116984]
2221
[0.34971755]
2222
[0.10817411]
2223
[0.48557082]
2224
[0.14172299]
2225
[0.44507597]
2226
[0.34943585]
2227
[0.16633859]
2228
[0.12893488]
2229
[0.31941459]
2230
[0.07476534]
2231
[0.19583578]
2232
[0.29035131]
2233
[0.20623793]
2234
[0.3662109]
2235
[0.18670232]
2236
[0.42600575]
2237
[0.22212135]
2238
[0.41359696]
2239
[0.38042081]
2240
[0.32024979]
2241
[0.24724581]
2242
[0.3506813]
2243
[0.22158164]
2244
[0.03780171]
2245
[0.05804986]
2246
[0.45578011]
2247
[0.36679502]
2248
[0.0218415]
2249
[0.28253596]
2250
[0.17463338]
2251
[0.10238092]
2252
[0.43672648]
2253
[0.2295088]
2254
[0.40756088]
2255
[0.45525462]
2256
[0.36770044]
2257
[0.40124749]
2258
[0.4635443]
2259
[0.19073943]
2260
[0.25385652]
2261
[0.29102131]
2262
[0.20607925]
2263
[0.477045]
2264
[0.17825492]
2265
[0.21519804]
2266
[0.31740321]
2267
[0.40819317]
2268
[0.35380345]
2269
[0.14445371]
2270
[0.46683703]
2271
[0.43285333]
2272
[0.13593993]
2273
[0.14292209]
2274
[0.15679348]
2275
[0.33580585]
2276
[0.52487258]
2277
[0.02276288]
2278
[0.01892931]
2279
[0.02289201]
2280
[0.44280535]
2281
[0.13979013]
2282
[0.23646703]
2283
[0.06472411]
2284
[0.19781674]
2285
[0.35169585]
2286
[0.38011517]
2287
[0.453339]
2288
[0.46559189]
2289
[0.29626645]
2290
[0.10962404]
2291
[0.39068582]
2292
[0.33555756]
2293
[0.05064509]
2294
[0.10272661]
2295
[0.10738104]
2296
[0.37932242]
2297
[0.28806456]
2298
[0.39744726]
2299
[0.41592079]
2300
[0.32378141]
2301
[0.33183964]
2302
[0.34045664]
2303
[0.4901282]
2304
[0.39221273]
2305
[0.43973599]
2306
[0.18558208]
2307
[0.37883825]
2308
[0.33939975]
2309
[0.32050488]
2310
[0.38322181]
2311
[0.50573792]
2312
[0.14434408]
2313
[0.02739852]
2314
[0.23792208]
2315
[0.28930237]
2316
[0.30490771]
2317
[0.14744469]
2318
[0.35368849]
2319
[0.25410995]
2320
[0.17766843]
2321
[0.40461776]
2322
[0.31574347]
2323
[0.34930735]
2324
[0.1762482]
2325
[0.33669595]
2326
[0.1641525]
2327
[0.32585939]
2328
[0.51381899]
2329
[0.19633862]
2330
[0.36068474]
2331
[0.46723812]
2332
[0.12456992]
2333
[0.3042043]
2334
[0.2532796]
2335
[0.48824663]
2336
[0.07782231]
2337
[0.44033629]
2338
[0.32814996]
2339
[0.3205316]
2340
[0.41640918]
2341
[0.3831578]
2342
[0.08985578]
2343
[0.35712864]
2344
[0.27257126]
2345
[0.07777526]
2346
[0.31318845]
2347
[0.42948571]
2348
[0.36942153]
2349
[0.35062944]
2350
[0.0304027]
2351
[0.44031436]
2352
[0.22279682]
2353
[0.41158701]
2354
[0.04047984]
2355
[0.09149122]
2356
[0.38886892]
2357
[0.08206973]
2358
[0.33374293]
2359
[0.0680662]
2360
[0.37210446]
2361
[0.12564095]
2362
[0.3360656]
2363
[0.0914834]
2364
[0.33767042]
2365
[0.32948789]
2366
[0.17271988]
2367
[0.15424616]
2368
[0.05647926]
2369
[0.29642322]
2370
[0.25616896]
2371
[0.24221035]
2372
[0.29640551]
2373
[0.47926958]
2374
[0.34685558]
2375
[0.34035185]
2376
[0.07373273]
2377
[0.3999945]
2378
[0.01761022]
2379
[0.22490758]
2380
[0.28974262]
2381
[0.5051306]
2382
[0.0730118]
2383
[0.31799127]
2384
[0.50174806]
2385
[0.16338564]
2386
[0.07158523]
2387
[0.36228892]
2388
[0.17188008]
2389
[0.52057238]
2390
[0.47861965]
2391
[0.23183462]
2392
[0.26490376]
2393
[0.30038337]
2394
[0.33301558]
2395
[0.03036159]
2396
[0.29125774]
2397
[0.20195491]
2398
[0.34265903]
2399
[0.06074926]
2400
[0.41535496]
2401
[0.19733832]
2402
[0.14939209]
2403
[0.45299563]
2404
[0.43823589]
2405
[0.45698541]
2406
[0.41476282]
2407
[0.50436661]
2408
[0.27067684]
2409
[0.39096568]
2410
[0.08557483]
2411
[0.34529009]
2412
[0.37945104]
2413
[0.24995796]
2414
[0.12024796]
2415
[0.15240664]
2416
[0.33003043]
2417
[0.22714348]
2418
[0.09787422]
2419
[0.43866504]
2420
[0.48750129]
2421
[0.40509979]
2422
[0.2175468]
2423
[0.03337582]
2424
[0.03239254]
2425
[0.14956587]
2426
[0.44323372]
2427
[0.16670007]
2428
[0.19436459]
2429
[0.37134085]
2430
[0.02529541]
2431
[0.05014963]
2432
[0.45438388]
2433
[0.29733525]
2434
[0.26176607]
2435
[0.03013965]
2436
[0.37787392]
2437
[0.1172548]
2438
[0.17941041]
2439
[0.25165533]
2440
[0.39976762]
2441
[0.09467574]
2442
[0.23062187]
2443
[0.34796248]
2444
[0.48671731]
2445
[0.18000967]
2446
[0.51767579]
2447
[0.20562365]
2448
[0.29032058]
2449
[0.25756184]
2450
[0.30581745]
2451
[0.17666988]
2452
[0.05667113]
2453
[0.42470265]
2454
[0.50213972]
2455
[0.16793208]
2456
[0.07479401]
2457
[0.25713767]
2458
[0.48813964]
2459
[0.09040179]
2460
[0.50037432]
2461
[0.33955089]
2462
[0.12443918]
2463
[0.18322223]
2464
[0.08369831]
2465
[0.35507833]
2466
[0.11359]
2467
[0.28468137]
2468
[0.20603493]
2469
[0.21597932]
2470
[0.24865646]
2471
[0.36542386]
2472
[0.17888393]
2473
[0.36847423]
2474
[0.46453447]
2475
[0.25184299]
2476
[0.33436577]
2477
[0.04471333]
2478
[0.45523873]
2479
[0.23771727]
2480
[0.08689356]
2481
[0.4882369]
2482
[0.22529605]
2483
[0.31384033]
2484
[0.3750451]
2485
[0.15976103]
2486
[0.36963081]
2487
[0.37767987]
2488
[0.23849854]
2489
[0.30700134]
2490
[0.35239077]
2491
[0.30533936]
2492
[0.19787547]
2493
[0.15201947]
2494
[0.04518954]
2495
[0.10780619]
2496
[0.49267644]
2497
[0.04646069]
2498
[0.14646046]
2499
[0.41019045]
2500
[0.30979676]
2501
[0.28725201]
2502
[0.39222938]
2503
[0.36255901]
2504
[0.15528069]
2505
[0.43547312]
2506
[0.2533526]
2507
[0.51807213]
2508
[0.05683683]
2509
[0.2930929]
2510
[0.4595988]
2511
[0.24695814]
2512
[0.08708213]
2513
[0.2431186]
2514
[0.19593527]
2515
[0.20333738]
2516
[0.07492993]
2517
[0.37133431]
2518
[0.18657898]
2519
[0.24580647]
2520
[0.43858477]
2521
[0.43207014]
2522
[0.49434208]
2523
[0.2895469]
2524
[0.24698726]
2525
[0.45276414]
2526
[0.15930463]
2527
[0.36272204]
2528
[0.09183658]
2529
[0.44402032]
2530
[0.18232264]
2531
[0.45618264]
2532
[0.13858095]
2533
[0.30066238]
2534
[0.27138531]
2535
[0.07401571]
2536
[0.37715823]
2537
[0.07456855]
2538
[0.49949752]
2539
[0.11013059]
2540
[0.40462306]
2541
[0.36928835]
2542
[0.20930556]
2543
[0.38110487]
2544
[0.34468057]
2545
[0.50703634]
2546
[0.19163595]
2547
[0.26307917]
2548
[0.27313787]
2549
[0.18615071]
2550
[0.34617601]
2551
[0.10561236]
2552
[0.10204118]
2553
[0.28871224]
2554
[0.20612413]
2555
[0.21259926]
2556
[0.17591506]
2557
[0.46223966]
2558
[0.03070338]
2559
[0.22257821]
2560
[0.11504435]
2561
[0.46510235]
2562
[0.22445268]
2563
[0.32321733]
2564
[0.19712871]
2565
[0.08952814]
2566
[0.33377497]
2567
[0.03445481]
2568
[0.26861183]
2569
[0.28254488]
2570
[0.4054835]
2571
[0.23623469]
2572
[0.36029662]
2573
[0.50863017]
2574
[0.43979347]
2575
[0.48798275]
2576
[0.0285571]
2577
[0.36469163]
2578
[0.45552049]
2579
[0.45223749]
2580
[0.05968518]
2581
[0.41670501]
2582
[0.44096405]
2583
[0.13855828]
2584
[0.16106794]
2585
[0.47492316]
2586
[0.30179977]
2587
[0.24957662]
2588
[0.45744755]
2589
[0.09658084]
2590
[0.31523785]
2591
[0.39464891]
2592
[0.15800312]
2593
[0.02254321]
2594
[0.29922556]
2595
[0.28488446]
2596
[0.37875002]
2597
[0.11903792]
2598
[0.02263105]
2599
[0.3444076]
2600
[0.09054353]
2601
[0.22404561]
2602
[0.09418964]
2603
[0.51360844]
2604
[0.15546124]
2605
[0.46349537]
2606
[0.25932814]
2607
[0.36200677]
2608
[0.50132917]
2609
[0.33995328]
2610
[0.45956619]
2611
[0.12034131]
2612
[0.10426944]
2613
[0.40982779]
2614
[0.292202]
2615
[0.3171674]
2616
[0.3120329]
2617
[0.35689857]
2618
[0.13779048]
2619
[0.38927]
2620
[0.34333326]
2621
[0.14915688]
2622
[0.38939724]
2623
[0.10726544]
2624
[0.09881508]
2625
[0.03811904]
2626
[0.42447052]
2627
[0.5040067]
2628
[0.28566741]
2629
[0.47939634]
2630
[0.37471136]
2631
[0.3274226]
2632
[0.4313157]
2633
[0.27329963]
2634
[0.13780442]
2635
[0.01975522]
2636
[0.31052271]
2637
[0.49818684]
2638
[0.34758129]
2639
[0.15700534]
2640
[0.40760694]
2641
[0.21112003]
2642
[0.27667158]
2643
[0.34355392]
2644
[0.06959651]
2645
[0.41672148]
2646
[0.28657269]
2647
[0.13445335]
2648
[0.36788462]
2649
[0.43866279]
2650
[0.42270777]
2651
[0.31706796]
2652
[0.25728731]
2653
[0.42887943]
2654
[0.46938354]
2655
[0.15253952]
2656
[0.1756382]
2657
[0.3151082]
2658
[0.34261369]
2659
[0.23458903]
2660
[0.07726824]
2661
[0.3664952]
2662
[0.24485684]
2663
[0.27663317]
2664
[0.31895759]
2665
[0.50309267]
2666
[0.28388078]
2667
[0.52183872]
2668
[0.22422775]
2669
[0.46089736]
2670
[0.34108865]
2671
[0.1504543]
2672
[0.2684766]
2673
[0.29015612]
2674
[0.38783535]
2675
[0.46044453]
2676
[0.29092035]
2677
[0.43923366]
2678
[0.41373436]
2679
[0.20213684]
2680
[0.21000967]
2681
[0.38073056]
2682
[0.4258576]
2683
[0.04201894]
2684
[0.09282202]
2685
[0.24179283]
2686
[0.3656848]
2687
[0.37496529]
2688
[0.34153434]
2689
[0.39204354]
2690
[0.10791531]
2691
[0.15157585]
2692
[0.32411203]
2693
[0.46999571]
2694
[0.48167968]
2695
[0.32746765]
2696
[0.25408622]
2697
[0.37385784]
2698
[0.14295816]
2699
[0.39443539]
2700
[0.34325014]
2701
[0.33593531]
2702
[0.31222389]
2703
[0.2547176]
2704
[0.26118991]
2705
[0.08770852]
2706
[0.27225397]
2707
[0.30105376]
2708
[0.17806102]
2709
[0.50460327]
2710
[0.27725725]
2711
[0.32899458]
2712
[0.11207551]
2713
[0.50177437]
2714
[0.35450864]
2715
[0.11888834]
2716
[0.26194207]
2717
[0.39621584]
2718
[0.03140348]
2719
[0.22697743]
2720
[0.23698122]
2721
[0.20730874]
2722
[0.11881007]
2723
[0.37507187]
2724
[0.07835127]
2725
[0.45811145]
2726
[0.34327818]
2727
[0.31037528]
2728
[0.51740469]
2729
[0.18538659]
2730
[0.4888634]
2731
[0.35273352]
2732
[0.29743399]
2733
[0.48033861]
2734
[0.40332617]
2735
[0.23453381]
2736
[0.19741904]
2737
[0.27311678]
2738
[0.31485064]
2739
[0.05386976]
2740
[0.49075438]
2741
[0.48398126]
2742
[0.46778696]
2743
[0.16168852]
2744
[0.1063491]
2745
[0.22580522]
2746
[0.5074474]
2747
[0.33976203]
2748
[0.23384407]
2749
[0.42057819]
2750
[0.08160716]
2751
[0.46284047]
2752
[0.05504937]
2753
[0.31000138]
2754
[0.14528937]
2755
[0.14096513]
2756
[0.21064353]
2757
[0.15001091]
2758
[0.1370808]
2759
[0.51930609]
2760
[0.23830034]
2761
[0.26559275]
2762
[0.31685068]
2763
[0.26740265]
2764
[0.38818013]
2765
[0.52391024]
2766
[0.27504512]
2767
[0.43741826]
2768
[0.30554118]
2769
[0.3424613]
2770
[0.41558057]
2771
[0.45692814]
2772
[0.21675506]
2773
[0.33421281]
2774
[0.46060387]
2775
[0.15484245]
2776
[0.08342003]
2777
[0.10565787]
2778
[0.34582266]
2779
[0.11506425]
2780
[0.40111777]
2781
[0.26680578]
2782
[0.31820031]
2783
[0.02933995]
2784
[0.21785687]
2785
[0.31503457]
2786
[0.40991306]
2787
[0.37362879]
2788
[0.29939568]
2789
[0.24446]
2790
[0.2049736]
2791
[0.45184501]
2792
[0.33385677]
2793
[0.46991407]
2794
[0.3634902]
2795
[0.23598794]
2796
[0.34549519]
2797
[0.4699409]
2798
[0.47429504]
2799
[0.01761965]
2800
[0.01824682]
2801
[0.46861425]
2802
[0.31762584]
2803
[0.39804214]
2804
[0.25057595]
2805
[0.28508363]
2806
[0.37871683]
2807
[0.29911535]
2808
[0.0274663]
2809
[0.26321491]
2810
[0.25869359]
2811
[0.4477104]
2812
[0.11671177]
2813
[0.3910746]
2814
[0.32662634]
2815
[0.15829499]
2816
[0.17865439]
2817
[0.33101274]
2818
[0.4892721]
2819
[0.18908254]
2820
[0.19536326]
2821
[0.25811738]
2822
[0.20526532]
2823
[0.48409632]
2824
[0.31338618]
2825
[0.10357312]
2826
[0.23585762]
2827
[0.49475149]
2828
[0.43099671]
2829
[0.30305729]
2830
[0.2545606]
2831
[0.27457191]
2832
[0.37040218]
2833
[0.32604828]
2834
[0.30042885]
2835
[0.25390324]
2836
[0.21995424]
2837
[0.31468597]
2838
[0.43106065]
2839
[0.2962063]
2840
[0.28871075]
2841
[0.29138987]
2842
[0.26808097]
2843
[0.327501]
2844
[0.09140358]
2845
[0.21638148]
2846
[0.17626816]
2847
[0.07984692]
2848
[0.28633454]
2849
[0.44017996]
2850
[0.51404455]
2851
[0.25971362]
2852
[0.28849977]
2853
[0.04759959]
2854
[0.42152811]
2855
[0.28067438]
2856
[0.21455145]
2857
[0.26155159]
2858
[0.29135131]
2859
[0.12582223]
2860
[0.07759462]
2861
[0.10282608]
2862
[0.26962639]
2863
[0.25833499]
2864
[0.05409823]
2865
[0.13543747]
2866
[0.48575809]
2867
[0.46382521]
2868
[0.40935271]
2869
[0.27918172]
2870
[0.02036437]
2871
[0.17037053]
2872
[0.08144639]
2873
[0.31400301]
2874
[0.39119576]
2875
[0.18532652]
2876
[0.35362213]
2877
[0.0540006]
2878
[0.27092193]
2879
[0.03405181]
2880
[0.47232586]
2881
[0.09499139]
2882
[0.49545178]
2883
[0.10214283]
2884
[0.24658467]
2885
[0.31700374]
2886
[0.50965523]
2887
[0.51842774]
2888
[0.40955287]
2889
[0.24096012]
2890
[0.28846441]
2891
[0.28580863]
2892
[0.14600902]
2893
[0.27981426]
2894
[0.24993906]
2895
[0.34285709]
2896
[0.02526306]
2897
[0.17160457]
2898
[0.36782887]
2899
[0.39230726]
2900
[0.14950766]
2901
[0.13008681]
2902
[0.3411019]
2903
[0.29475463]
2904
[0.32933542]
2905
[0.46738229]
2906
[0.09766856]
2907
[0.11805597]
2908
[0.33904823]
2909
[0.20133605]
2910
[0.37941248]
2911
[0.05333187]
2912
[0.39366562]
2913
[0.0399198]
2914
[0.14910985]
2915
[0.03935933]
2916
[0.33520655]
2917
[0.34577891]
2918
[0.45126761]
2919
[0.28908837]
2920
[0.05003166]
2921
[0.43486556]
2922
[0.13599529]
2923
[0.35928074]
2924
[0.04971981]
2925
[0.23662118]
2926
[0.48102903]
2927
[0.05206586]
2928
[0.22650251]
2929
[0.38425251]
2930
[0.06531561]
2931
[0.30901063]
2932
[0.08355471]
2933
[0.12791666]
2934
[0.19716291]
2935
[0.38485035]
2936
[0.41209226]
2937
[0.40912361]
2938
[0.19531096]
2939
[0.27733171]
2940
[0.41452957]
2941
[0.45941797]
2942
[0.19946595]
2943
[0.27353628]
2944
[0.47231383]
2945
[0.18074348]
2946
[0.42820438]
2947
[0.37194277]
2948
[0.06961467]
2949
[0.17815453]
2950
[0.26708743]
2951
[0.2377592]
2952
[0.26535747]
2953
[0.38536328]
2954
[0.08928796]
2955
[0.07133059]
2956
[0.35629066]
2957
[0.23805936]
2958
[0.08255884]
2959
[0.27909558]
2960
[0.4291565]
2961
[0.24916532]
2962
[0.4322332]
2963
[0.24346128]
2964
[0.28772577]
2965
[0.11694846]
2966
[0.45928971]
2967
[0.13881685]
2968
[0.22277346]
2969
[0.13689528]
2970
[0.3095054]
2971
[0.20429199]
2972
[0.3067727]
2973
[0.01970679]
2974
[0.35425599]
2975
[0.08880889]
2976
[0.17904102]
2977
[0.32163333]
2978
[0.02582926]
2979
[0.36693108]
2980
[0.45279018]
2981
[0.23518307]
2982
[0.52224092]
2983
[0.33284498]
2984
[0.3598026]
2985
[0.28102835]
2986
[0.33374094]
2987
[0.42163663]
2988
[0.37297468]
2989
[0.07627236]
2990
[0.26438093]
2991
[0.14455725]
2992
[0.47963804]
2993
[0.23917976]
2994
[0.11565183]
2995
[0.51085539]
2996
[0.37574855]
2997
[0.06333272]
2998
[0.46919975]
2999
[0.45645646]
3000
[0.35599821]
3001
[0.13604972]
3002
[0.45382329]
3003
[0.02657098]
3004
[0.25281656]
3005
[0.36400601]
3006
[0.46138417]
3007
[0.15329144]
3008
[0.26525794]
3009
[0.34810124]
3010
[0.31714834]
3011
[0.50455416]
3012
[0.3506557]
3013
[0.38152287]
3014
[0.37295738]
3015
[0.42294708]
3016
[0.04026598]
3017
[0.14889996]
3018
[0.12931347]
3019
[0.06295394]
3020
[0.38348726]
3021
[0.50335919]
3022
[0.39625933]
3023
[0.46392773]
3024
[0.34592199]
3025
[0.36252558]
3026
[0.39682106]
3027
[0.10285026]
3028
[0.51040293]
3029
[0.21022155]
3030
[0.29421706]
3031
[0.41638846]
3032
[0.36977383]
3033
[0.02024219]
3034
[0.52167399]
3035
[0.13749493]
3036
[0.40210367]
3037
[0.41279229]
3038
[0.36515839]
3039
[0.39695798]
3040
[0.19292756]
3041
[0.35680343]
3042
[0.07679307]
3043
[0.36052762]
3044
[0.0949181]
3045
[0.39168722]
3046
[0.1176381]
3047
[0.40998008]
3048
[0.12493304]
3049
[0.02096355]
3050
[0.33165326]
3051
[0.29529466]
3052
[0.12029107]
3053
[0.46935139]
3054
[0.47179805]
3055
[0.32842658]
3056
[0.44578986]
3057
[0.03015755]
3058
[0.24838162]
3059
[0.20477162]
3060
[0.10197345]
3061
[0.34952941]
3062
[0.07664227]
3063
[0.51527292]
3064
[0.43219957]
3065
[0.38685199]
3066
[0.33734614]
3067
[0.04991497]
3068
[0.17206149]
3069
[0.05310881]
3070
[0.31739674]
3071
[0.03455336]
3072
[0.33115693]
3073
[0.13544154]
3074
[0.4666721]
3075
[0.35542282]
3076
[0.3282416]
3077
[0.18978896]
3078
[0.41485381]
3079
[0.23964675]
3080
[0.4930014]
3081
[0.44310474]
3082
[0.02500145]
3083
[0.38341266]
3084
[0.36429994]
3085
[0.38978945]
3086
[0.28191674]
3087
[0.38118941]
3088
[0.22693977]
3089
[0.33234137]
3090
[0.49575995]
3091
[0.2780125]
3092
[0.31440988]
3093
[0.3693433]
3094
[0.29188306]
3095
[0.03000888]
3096
[0.5014149]
3097
[0.20684388]
3098
[0.47674306]
3099
[0.3136393]
3100
[0.22797401]
3101
[0.3461693]
3102
[0.42451028]
3103
[0.02224754]
3104
[0.39296246]
3105
[0.25973612]
3106
[0.25638952]
3107
[0.33989774]
3108
[0.10497609]
3109
[0.29118453]
3110
[0.31506132]
3111
[0.2512501]
3112
[0.12874464]
3113
[0.41516459]
3114
[0.31744476]
3115
[0.28294368]
3116
[0.35835809]
3117
[0.37110638]
3118
[0.11423716]
3119
[0.46804975]
3120
[0.23470578]
3121
[0.32474002]
3122
[0.05074597]
3123
[0.22711419]
3124
[0.45507835]
3125
[0.48501117]
3126
[0.44352198]
3127
[0.20795727]
3128
[0.30714059]
3129
[0.08692367]
3130
[0.3637746]
3131
[0.41119999]
3132
[0.16944176]
3133
[0.14643398]
3134
[0.51863813]
3135
[0.26319586]
3136
[0.03982309]
3137
[0.02167074]
3138
[0.16487217]
3139
[0.41241949]
3140
[0.37238099]
3141
[0.40533088]
3142
[0.31277144]
3143
[0.36484395]
3144
[0.30956297]
3145
[0.44602302]
3146
[0.3974567]
3147
[0.05399694]
3148
[0.39451439]
3149
[0.33510923]
3150
[0.24001863]
3151
[0.33138621]
3152
[0.35005092]
3153
[0.22101153]
3154
[0.2443874]
3155
[0.3812572]
3156
[0.47640171]
3157
[0.05172245]
3158
[0.38561483]
3159
[0.34262239]
3160
[0.32755502]
3161
[0.51435161]
3162
[0.52366282]
3163
[0.36498282]
3164
[0.33316909]
3165
[0.46832563]
3166
[0.03055409]
3167
[0.16395405]
3168
[0.42449795]
3169
[0.26809109]
3170
[0.27606214]
3171
[0.2706233]
3172
[0.47833507]
3173
[0.43420337]
3174
[0.2044819]
3175
[0.18884801]
3176
[0.51047027]
3177
[0.03415452]
3178
[0.45032024]
3179
[0.28760964]
3180
[0.42777327]
3181
[0.50210795]
3182
[0.36212822]
3183
[0.51357111]
3184
[0.19906972]
3185
[0.0718265]
3186
[0.38468589]
3187
[0.36883621]
3188
[0.12138304]
3189
[0.43187577]
3190
[0.12186227]
3191
[0.18930459]
3192
[0.35739871]
3193
[0.46424954]
3194
[0.35714252]
3195
[0.09961807]
3196
[0.28772599]
3197
[0.26187983]
3198
[0.33794172]
3199
[0.36879658]
3200
[0.33753684]
3201
[0.41222719]
3202
[0.14415964]
3203
[0.18997952]
3204
[0.47498356]
3205
[0.04016734]
3206
[0.26791226]
3207
[0.06869277]
3208
[0.08405456]
3209
[0.40086922]
3210
[0.25469391]
3211
[0.2672067]
3212
[0.28369873]
3213
[0.34624513]
3214
[0.32553675]
3215
[0.0917853]
3216
[0.41380636]
3217
[0.28534573]
3218
[0.02160043]
3219
[0.27261604]
3220
[0.24764475]
3221
[0.15075786]
3222
[0.45308465]
3223
[0.15006696]
3224
[0.09819377]
3225
[0.44455205]
3226
[0.10669373]
3227
[0.47137578]
3228
[0.30452448]
3229
[0.32999488]
3230
[0.23725695]
3231
[0.22672481]
3232
[0.25655597]
3233
[0.47275577]
3234
[0.21038974]
3235
[0.32881224]
3236
[0.12094828]
3237
[0.35160737]
3238
[0.27084975]
3239
[0.11744766]
3240
[0.38380298]
3241
[0.44812436]
3242
[0.20400047]
3243
[0.05072203]
3244
[0.38606155]
3245
[0.1001125]
3246
[0.43605231]
3247
[0.07405109]
3248
[0.38504894]
3249
[0.27200158]
3250
[0.40515032]
3251
[0.39941852]
3252
[0.29762095]
3253
[0.37210452]
3254
[0.10898989]
3255
[0.19055324]
3256
[0.50440705]
3257
[0.15985992]
3258
[0.31696244]
3259
[0.08353408]
3260
[0.26333503]
3261
[0.29063941]
3262
[0.35898279]
3263
[0.4869928]
3264
[0.27976858]
3265
[0.28529136]
3266
[0.29665188]
3267
[0.37365588]
3268
[0.04341377]
3269
[0.02118826]
3270
[0.34677228]
3271
[0.34967625]
3272
[0.49193943]
3273
[0.08727565]
3274
[0.02960258]
3275
[0.1131513]
3276
[0.33114768]
3277
[0.32732593]
3278
[0.31778969]
3279
[0.42646069]
3280
[0.20806134]
3281
[0.42911688]
3282
[0.41043552]
3283
[0.49293718]
3284
[0.44251221]
3285
[0.37108528]
3286
[0.30701507]
3287
[0.38111261]
3288
[0.23449213]
3289
[0.20015606]
3290
[0.37791253]
3291
[0.07643323]
3292
[0.1149974]
3293
[0.39252068]
3294
[0.36320777]
3295
[0.14205117]
3296
[0.33385045]
3297
[0.14498804]
3298
[0.28632338]
3299
[0.32106298]
3300
[0.4230498]
3301
[0.19487123]
3302
[0.40132732]
3303
[0.42753869]
3304
[0.15857787]
3305
[0.18582872]
3306
[0.38100643]
3307
[0.51743002]
3308
[0.27537623]
3309
[0.0533599]
3310
[0.03434429]
3311
[0.05247521]
3312
[0.28623031]
3313
[0.02955341]
3314
[0.12125569]
3315
[0.34558294]
3316
[0.26238268]
3317
[0.37587517]
3318
[0.40701546]
3319
[0.51116919]
3320
[0.35137765]
3321
[0.22798113]
3322
[0.46484296]
3323
[0.22818555]
3324
[0.4796681]
3325
[0.25264791]
3326
[0.33912775]
3327
[0.03520286]
3328
[0.16650376]
3329
[0.30440782]
3330
[0.21474877]
3331
[0.37492863]
3332
[0.15674126]
3333
[0.32140464]
3334
[0.38127255]
3335
[0.40019415]
3336
[0.29694602]
3337
[0.44030819]
3338
[0.23010178]
3339
[0.37476803]
3340
[0.46292883]
3341
[0.36656831]
3342
[0.30199001]
3343
[0.44478597]
3344
[0.39188493]
3345
[0.39624138]
3346
[0.43101879]
3347
[0.02102162]
3348
[0.40123895]
3349
[0.02812249]
3350
[0.45378772]
3351
[0.47465922]
3352
[0.10772444]
3353
[0.16118148]
3354
[0.31775051]
3355
[0.15992111]
3356
[0.36089319]
3357
[0.30155926]
3358
[0.41599037]
3359
[0.31032524]
3360
[0.30695519]
3361
[0.38613827]
3362
[0.1959085]
3363
[0.41759828]
3364
[0.37552727]
3365
[0.31426432]
3366
[0.24732072]
3367
[0.03864294]
3368
[0.28515791]
3369
[0.33774189]
3370
[0.13107024]
3371
[0.17575226]
3372
[0.46256312]
3373
[0.07328337]
3374
[0.51303646]
3375
[0.0449385]
3376
[0.21421564]
3377
[0.36350812]
3378
[0.0549765]
3379
[0.3472766]
3380
[0.505168]
3381
[0.07573783]
3382
[0.20907481]
3383
[0.13590556]
3384
[0.47133272]
3385
[0.06364628]
3386
[0.50487803]
3387
[0.10168014]
3388
[0.37146876]
3389
[0.3342216]
3390
[0.29298109]
3391
[0.0830704]
3392
[0.04521812]
3393
[0.39845358]
3394
[0.43995196]
3395
[0.39103067]
3396
[0.32097616]
3397
[0.27195741]
3398
[0.08098713]
3399
[0.11936969]
3400
[0.27960908]
3401
[0.05464477]
3402
[0.19719401]
3403
[0.29581455]
3404
[0.51304741]
3405
[0.13262829]
3406
[0.46315194]
3407
[0.27912669]
3408
[0.2023583]
3409
[0.27086429]
3410
[0.35331672]
3411
[0.29051097]
3412
[0.39476476]
3413
[0.4788657]
3414
[0.31470761]
3415
[0.04152156]
3416
[0.04041611]
3417
[0.31683137]
3418
[0.31881867]
3419
[0.01876096]
3420
[0.26960366]
3421
[0.30836883]
3422
[0.25699314]
3423
[0.05810353]
3424
[0.46609199]
3425
[0.25668063]
3426
[0.22293092]
3427
[0.21688024]
3428
[0.38276721]
3429
[0.37817531]
3430
[0.51496565]
3431
[0.27960742]
3432
[0.19672207]
3433
[0.51585349]
3434
[0.08209899]
3435
[0.34457369]
3436
[0.17242787]
3437
[0.49127237]
3438
[0.40029357]
3439
[0.39745672]
3440
[0.16793479]
3441
[0.22395264]
3442
[0.49536407]
3443
[0.13416922]
3444
[0.39091548]
3445
[0.38367319]
3446
[0.41334898]
3447
[0.36983572]
3448
[0.07826003]
3449
[0.27553048]
3450
[0.31849198]
3451
[0.48471666]
3452
[0.32042885]
3453
[0.35043893]
3454
[0.14499631]
3455
[0.08686532]
3456
[0.27210346]
3457
[0.43631139]
3458
[0.40682878]
3459
[0.23157144]
3460
[0.23472952]
3461
[0.40467859]
3462
[0.04744298]
3463
[0.09314533]
3464
[0.32257298]
3465
[0.27909385]
3466
[0.04776137]
3467
[0.27450504]
3468
[0.47760266]
3469
[0.33391119]
3470
[0.24789928]
3471
[0.40197742]
3472
[0.33596439]
3473
[0.46957717]
3474
[0.14439678]
3475
[0.03706828]
3476
[0.46111566]
3477
[0.38419229]
3478
[0.40137176]
3479
[0.26036608]
3480
[0.28495457]
3481
[0.49391469]
3482
[0.30254362]
3483
[0.05658618]
3484
[0.39179569]
3485
[0.33770465]
3486
[0.08140912]
3487
[0.43132681]
3488
[0.34814102]
3489
[0.15105834]
3490
[0.44685533]
3491
[0.17438079]
3492
[0.18637588]
3493
[0.03126661]
3494
[0.15896662]
3495
[0.24153877]
3496
[0.16432826]
3497
[0.19586625]
3498
[0.31825693]
3499
[0.27833128]
3500
[0.36491505]
3501
[0.35558963]
3502
[0.29723299]
3503
[0.51233675]
3504
[0.42811547]
3505
[0.35792648]
3506
[0.51766116]
3507
[0.37279529]
3508
[0.38307044]
3509
[0.44019968]
3510
[0.51991353]
3511
[0.45588941]
3512
[0.10771136]
3513
[0.48870853]
3514
[0.46944388]
3515
[0.33615974]
3516
[0.46062533]
3517
[0.03984719]
3518
[0.18306664]
3519
[0.34588894]
3520
[0.38455541]
3521
[0.47518103]
3522
[0.40828006]
3523
[0.03923313]
3524
[0.3494955]
3525
[0.20199629]
3526
[0.16214739]
3527
[0.33902696]
3528
[0.46700755]
3529
[0.44996154]
3530
[0.36318955]
3531
[0.44871646]
3532
[0.14652857]
3533
[0.30150286]
3534
[0.31904542]
3535
[0.15466089]
3536
[0.40568053]
3537
[0.40588586]
3538
[0.24575147]
3539
[0.35099636]
3540
[0.39676452]
3541
[0.38351279]
3542
[0.19935976]
3543
[0.307145]
3544
[0.27293189]
3545
[0.33763574]
3546
[0.39752332]
3547
[0.24536849]
3548
[0.4885409]
3549
[0.06233816]
3550
[0.3166068]
3551
[0.11574669]
3552
[0.20260847]
3553
[0.25877065]
3554
[0.09303328]
3555
[0.24785657]
3556
[0.41825048]
3557
[0.49031108]
3558
[0.46103465]
3559
[0.29898327]
3560
[0.32008807]
3561
[0.04728189]
3562
[0.26687091]
3563
[0.11434418]
3564
[0.38833053]
3565
[0.0771122]
3566
[0.40051337]
3567
[0.08729041]
3568
[0.34343606]
3569
[0.37780636]
3570
[0.23541222]
3571
[0.21432147]
3572
[0.1262069]
3573
[0.46919297]
3574
[0.24265472]
3575
[0.34838916]
3576
[0.31340177]
3577
[0.26497937]
3578
[0.39332039]
3579
[0.29404396]
3580
[0.41760084]
3581
[0.38516609]
3582
[0.20317152]
3583
[0.25163269]
3584
[0.12093669]
3585
[0.43779953]
3586
[0.37444129]
3587
[0.47860595]
3588
[0.27537576]
3589
[0.3836462]
3590
[0.38808921]
3591
[0.2017616]
3592
[0.31596947]
3593
[0.44439101]
3594
[0.49389455]
3595
[0.3275748]
3596
[0.23130568]
3597
[0.02390193]
3598
[0.32506689]
3599
[0.20386896]
3600
[0.37242576]
3601
[0.22679798]
3602
[0.27933959]
3603
[0.20076187]
3604
[0.39218704]
3605
[0.04616889]
3606
[0.17494823]
3607
[0.35154266]
3608
[0.4503203]
3609
[0.18632518]
3610
[0.34592759]
3611
[0.47330922]
3612
[0.10744467]
3613
[0.21195495]
3614
[0.43828218]
3615
[0.31201262]
3616
[0.08418167]
3617
[0.3178773]
3618
[0.08369472]
3619
[0.15023624]
3620
[0.33596179]
3621
[0.20098326]
3622
[0.31485102]
3623
[0.03118228]
3624
[0.29089199]
3625
[0.33918232]
3626
[0.32027979]
3627
[0.32004607]
3628
[0.21662147]
3629
[0.21956844]
3630
[0.3068918]
3631
[0.15610769]
3632
[0.29037613]
3633
[0.31994293]
3634
[0.16946157]
3635
[0.2624606]
3636
[0.19181701]
3637
[0.28880824]
3638
[0.14702247]
3639
[0.38216222]
3640
[0.09202443]
3641
[0.03855689]
3642
[0.36023751]
3643
[0.23993129]
3644
[0.15590388]
3645
[0.1602362]
3646
[0.16044887]
3647
[0.47220351]
3648
[0.32004686]
3649
[0.27181408]
3650
[0.01721655]
3651
[0.41313353]
3652
[0.44042075]
3653
[0.1848236]
3654
[0.39190967]
3655
[0.30314961]
3656
[0.34889694]
3657
[0.30597793]
3658
[0.36405716]
3659
[0.38595442]
3660
[0.52218082]
3661
[0.2343177]
3662
[0.45479491]
3663
[0.4937567]
3664
[0.12580815]
3665
[0.43330502]
3666
[0.37534117]
3667
[0.09442594]
3668
[0.12009439]
3669
[0.48037695]
3670
[0.10177763]
3671
[0.20725868]
3672
[0.39058055]
3673
[0.29365554]
3674
[0.30225463]
3675
[0.18685067]
3676
[0.1109164]
3677
[0.37450865]
3678
[0.41175042]
3679
[0.24821565]
3680
[0.41798598]
3681
[0.40714221]
3682
[0.05667413]
3683
[0.50629933]
3684
[0.0835653]
3685
[0.2726675]
3686
[0.39221738]
3687
[0.22867484]
3688
[0.35731942]
3689
[0.21660708]
3690
[0.15715323]
3691
[0.05211088]
3692
[0.12700475]
3693
[0.26739051]
3694
[0.28041689]
3695
[0.20526801]
3696
[0.164317]
3697
[0.25549278]
3698
[0.42089011]
3699
[0.1820372]
3700
[0.36763029]
3701
[0.46000223]
3702
[0.07386355]
3703
[0.03688468]
3704
[0.39268131]
3705
[0.52152033]
3706
[0.48175807]
3707
[0.34788553]
3708
[0.25895833]
3709
[0.47283989]
3710
[0.22680135]
3711
[0.36750789]
3712
[0.33791405]
3713
[0.47841349]
3714
[0.28781104]
3715
[0.05284331]
3716
[0.28001472]
3717
[0.32545043]
3718
[0.27665257]
3719
[0.43645067]
3720
[0.02222104]
3721
[0.46137281]
3722
[0.42024748]
3723
[0.3809629]
3724
[0.3049523]
3725
[0.2567651]
3726
[0.2527864]
3727
[0.414282]
3728
[0.42980603]
3729
[0.0697626]
3730
[0.22099541]
3731
[0.39962531]
3732
[0.1649897]
3733
[0.43149547]
3734
[0.12741433]
3735
[0.30584023]
3736
[0.35102011]
3737
[0.43821434]
3738
[0.02859767]
3739
[0.43510404]
3740
[0.32608312]
3741
[0.44587123]
3742
[0.47408031]
3743
[0.03286167]
3744
[0.42749003]
3745
[0.14722397]
3746
[0.36828206]
3747
[0.12689968]
3748
[0.31027178]
3749
[0.06136267]
3750
[0.30991956]
3751
[0.19008902]
3752
[0.31235514]
3753
[0.18930188]
3754
[0.15216488]
3755
[0.4050208]
3756
[0.28844253]
3757
[0.13619287]
3758
[0.33323862]
3759
[0.37813768]
3760
[0.2614531]
3761
[0.31158342]
3762
[0.05393114]
3763
[0.33636128]
3764
[0.32198643]
3765
[0.26770292]
3766
[0.17612582]
3767
[0.5046068]
3768
[0.15720259]
3769
[0.2361927]
3770
[0.17354556]
3771
[0.34915511]
3772
[0.38403276]
3773
[0.36999766]
3774
[0.28729639]
3775
[0.29400949]
3776
[0.38396037]
3777
[0.33106484]
3778
[0.39954934]
3779
[0.06505246]
3780
[0.19831983]
3781
[0.28919342]
3782
[0.01903757]
3783
[0.17040344]
3784
[0.11407827]
3785
[0.43530723]
3786
[0.18632101]
3787
[0.17371145]
3788
[0.20841514]
3789
[0.43804678]
3790
[0.29361066]
3791
[0.24383767]
3792
[0.19231749]
3793
[0.36748596]
3794
[0.24518342]
3795
[0.18815291]
3796
[0.12300582]
3797
[0.05941084]
3798
[0.488765]
3799
[0.29691673]
3800
[0.35458407]
3801
[0.33840014]
3802
[0.37415438]
3803
[0.32696844]
3804
[0.23910433]
3805
[0.36736716]
3806
[0.44556143]
3807
[0.16839558]
3808
[0.32522022]
3809
[0.37950386]
3810
[0.37670032]
3811
[0.1547215]
3812
[0.04664034]
3813
[0.46745447]
3814
[0.42156667]
3815
[0.11533141]
3816
[0.32105412]
3817
[0.36862394]
3818
[0.04910211]
3819
[0.26869559]
3820
[0.10195619]
3821
[0.28286548]
3822
[0.43262509]
3823
[0.26296454]
3824
[0.28678646]
3825
[0.29613999]
3826
[0.37329987]
3827
[0.29373251]
3828
[0.45457851]
3829
[0.37858226]
3830
[0.29914352]
3831
[0.48847554]
3832
[0.11715885]
3833
[0.35040603]
3834
[0.02225037]
3835
[0.05576676]
3836
[0.39511534]
3837
[0.14257829]
3838
[0.51723255]
3839
[0.08192823]
3840
[0.35098925]
3841
[0.37569156]
3842
[0.02055403]
3843
[0.33877025]
3844
[0.05472421]
3845
[0.14836149]
3846
[0.12419937]
3847
[0.30898362]
3848
[0.27151882]
3849
[0.13539188]
3850
[0.14206781]
3851
[0.1825938]
3852
[0.36251604]
3853
[0.03266311]
3854
[0.11845142]
3855
[0.381926]
3856
[0.0895771]
3857
[0.15472176]
3858
[0.31014635]
3859
[0.15558609]
3860
[0.36259394]
3861
[0.39989689]
3862
[0.36312744]
3863
[0.30236831]
3864
[0.23071202]
3865
[0.46598431]
3866
[0.30404001]
3867
[0.27825386]
3868
[0.2935481]
3869
[0.29285363]
3870
[0.18816413]
3871
[0.0753463]
3872
[0.5219362]
3873
[0.30313646]
3874
[0.11602198]
3875
[0.49278626]
3876
[0.14509334]
3877
[0.23689116]
3878
[0.38076737]
3879
[0.26674167]
3880
[0.44928079]
3881
[0.23373459]
3882
[0.19927424]
3883
[0.34709451]
3884
[0.05123732]
3885
[0.24129599]
3886
[0.37812833]
3887
[0.43895455]
3888
[0.23520783]
3889
[0.32610057]
3890
[0.24722048]
3891
[0.15119857]
3892
[0.2366316]
3893
[0.29435592]
3894
[0.25555787]
3895
[0.19248351]
3896
[0.05477348]
3897
[0.52036023]
3898
[0.40772617]
3899
[0.3651988]
3900
[0.30053925]
3901
[0.40434545]
3902
[0.44370903]
3903
[0.10390644]
3904
[0.33082729]
3905
[0.0637475]
3906
[0.43263629]
3907
[0.27628147]
3908
[0.45692159]
3909
[0.33587551]
3910
[0.47608234]
3911
[0.47774416]
3912
[0.24402691]
3913
[0.27979117]
3914
[0.15470461]
3915
[0.2779779]
3916
[0.28962826]
3917
[0.07435928]
3918
[0.30098856]
3919
[0.4696126]
3920
[0.05930922]
3921
[0.36918837]
3922
[0.4043622]
3923
[0.44704556]
3924
[0.24552]
3925
[0.09919165]
3926
[0.30524278]
3927
[0.34057637]
3928
[0.13503292]
3929
[0.14764347]
3930
[0.498273]
3931
[0.18724094]
3932
[0.35489804]
3933
[0.13441635]
3934
[0.18722399]
3935
[0.04652113]
3936
[0.49320462]
3937
[0.42272794]
3938
[0.23636993]
3939
[0.24982922]
3940
[0.3232014]
3941
[0.31736389]
3942
[0.03501486]
3943
[0.27533946]
3944
[0.39621701]
3945
[0.36644487]
3946
[0.05452654]
3947
[0.08260197]
3948
[0.39922473]
3949
[0.14225113]
3950
[0.45056534]
3951
[0.23841498]
3952
[0.30519641]
3953
[0.09635597]
3954
[0.36772164]
3955
[0.26098468]
3956
[0.13333605]
3957
[0.21590473]
3958
[0.19015013]
3959
[0.04646789]
3960
[0.36704809]
3961
[0.10636567]
3962
[0.4846887]
3963
[0.15513001]
3964
[0.41252367]
3965
[0.28109475]
3966
[0.51139305]
3967
[0.47078485]
3968
[0.52107296]
3969
[0.34006705]
3970
[0.33823719]
3971
[0.23239627]
3972
[0.31894242]
3973
[0.45147985]
3974
[0.31047367]
3975
[0.49405234]
3976
[0.13477012]
3977
[0.25165437]
3978
[0.30744495]
3979
[0.50598209]
3980
[0.32844417]
3981
[0.43526841]
3982
[0.50836822]
3983
[0.05873239]
3984
[0.03896053]
3985
[0.36228984]
3986
[0.39520762]
3987
[0.3107575]
3988
[0.03558862]
3989
[0.28654297]
3990
[0.3367245]
3991
[0.05789242]
3992
[0.16729502]
3993
[0.23307133]
3994
[0.51602461]
3995
[0.39072071]
3996
[0.23715902]
3997
[0.27162131]
3998
[0.36573616]
3999
[0.15002673]
4000
[0.4817552]
4001
[0.41319992]
4002
[0.46811034]
4003
[0.41689226]
4004
[0.25894316]
4005
[0.21107569]
4006
[0.42097294]
4007
[0.12031851]
4008
[0.3407721]
4009
[0.29772497]
4010
[0.25651719]
4011
[0.14424364]
4012
[0.13520173]
4013
[0.23130778]
4014
[0.35085688]
4015
[0.37043861]
4016
[0.36699083]
4017
[0.2368091]
4018
[0.16946564]
4019
[0.3586064]
4020
[0.31075691]
4021
[0.13684357]
4022
[0.2760352]
4023
[0.39478589]
4024
[0.34930773]
4025
[0.29430126]
4026
[0.05135415]
4027
[0.34019954]
4028
[0.2111289]
4029
[0.31866494]
4030
[0.26379913]
4031
[0.21757095]
4032
[0.07895275]
4033
[0.42975017]
4034
[0.4118211]
4035
[0.26138986]
4036
[0.26656453]
4037
[0.27372788]
4038
[0.37397686]
4039
[0.20034937]
4040
[0.3041071]
4041
[0.16984965]
4042
[0.31782486]
4043
[0.40907266]
4044
[0.26308075]
4045
[0.11586873]
4046
[0.48233194]
4047
[0.04137854]
4048
[0.16706445]
4049
[0.429194]
4050
[0.40721532]
4051
[0.50377812]
4052
[0.34340213]
4053
[0.1689437]
4054
[0.29554724]
4055
[0.22134765]
4056
[0.4368116]
4057
[0.3264967]
4058
[0.28769522]
4059
[0.10831713]
4060
[0.38448547]
4061
[0.16122395]
4062
[0.29998783]
4063
[0.04097987]
4064
[0.2931223]
4065
[0.28841272]
4066
[0.15790722]
4067
[0.09265001]
4068
[0.03251266]
4069
[0.15989322]
4070
[0.18258187]
4071
[0.50751565]
4072
[0.18908632]
4073
[0.39734797]
4074
[0.3729975]
4075
[0.43766288]
4076
[0.42947993]
4077
[0.28343598]
4078
[0.33376682]
4079
[0.04968049]
4080
[0.33381034]
4081
[0.48089702]
4082
[0.30243736]
4083
[0.03305044]
4084
[0.50736313]
4085
[0.19352367]
4086
[0.15707332]
4087
[0.38402925]
4088
[0.43449261]
4089
[0.44610778]
4090
[0.33529895]
4091
[0.09471272]
4092
[0.43246532]
4093
[0.35325926]
4094
[0.1750792]
4095
[0.35996617]
4096
[0.26955542]
4097
[0.38142526]
4098
[0.31291885]
4099
[0.29430059]
4100
[0.22701467]
4101
[0.05963438]
4102
[0.32006605]
4103
[0.20734154]
4104
[0.25585421]
4105
[0.51372654]
4106
[0.25743823]
4107
[0.35024609]
4108
[0.28910666]
4109
[0.17199407]
4110
[0.52338102]
4111
[0.3761899]
4112
[0.02953008]
4113
[0.43684622]
4114
[0.34241934]
4115
[0.47844602]
4116
[0.04821774]
4117
[0.47384495]
4118
[0.32672427]
4119
[0.3501013]
4120
[0.30416123]
4121
[0.15931467]
4122
[0.36697987]
4123
[0.44538084]
4124
[0.10733038]
4125
[0.51775999]
4126
[0.21804937]
4127
[0.18481844]
4128
[0.49780956]
4129
[0.45229132]
4130
[0.3717319]
4131
[0.49728675]
4132
[0.26980504]
4133
[0.36835556]
4134
[0.43285929]
4135
[0.02156262]
4136
[0.48220583]
4137
[0.26497163]
4138
[0.33659839]
4139
[0.36438291]
4140
[0.06974966]
4141
[0.33138467]
4142
[0.34010845]
4143
[0.18670941]
4144
[0.20828036]
4145
[0.37204742]
4146
[0.06341564]
4147
[0.34839577]
4148
[0.29130974]
4149
[0.51582617]
4150
[0.30519196]
4151
[0.06812038]
4152
[0.24802916]
4153
[0.51820916]
4154
[0.49403115]
4155
[0.29594959]
4156
[0.20856142]
4157
[0.48589143]
4158
[0.30683951]
4159
[0.47661122]
4160
[0.06676808]
4161
[0.17554219]
4162
[0.39024116]
4163
[0.29459085]
4164
[0.52054478]
4165
[0.26455997]
4166
[0.2332498]
4167
[0.48569414]
4168
[0.11244677]
4169
[0.22830599]
4170
[0.38350286]
4171
[0.34922346]
4172
[0.33291055]
4173
[0.20775998]
4174
[0.23593817]
4175
[0.49413777]
4176
[0.04773226]
4177
[0.29212352]
4178
[0.30059277]
4179
[0.27322826]
4180
[0.34991012]
4181
[0.04104683]
4182
[0.46922188]
4183
[0.13096683]
4184
[0.16807404]
4185
[0.3211416]
4186
[0.25681776]
4187
[0.47608306]
4188
[0.12610682]
4189
[0.09302682]
4190
[0.36383499]
4191
[0.3897708]
4192
[0.15849066]
4193
[0.18999697]
4194
[0.25474425]
4195
[0.34052688]
4196
[0.07849506]
4197
[0.21918771]
4198
[0.28082812]
4199
[0.13353978]
4200
[0.37163427]
4201
[0.5025396]
4202
[0.29116191]
4203
[0.19522204]
4204
[0.404632]
4205
[0.2988317]
4206
[0.28403735]
4207
[0.1422171]
4208
[0.21308373]
4209
[0.48452816]
4210
[0.27374269]
4211
[0.48002202]
4212
[0.52076851]
4213
[0.49968787]
4214
[0.25828263]
4215
[0.25357205]
4216
[0.24876581]
4217
[0.32933654]
4218
[0.29226691]
4219
[0.33925087]
4220
[0.42140534]
4221
[0.36455057]
4222
[0.50324014]
4223
[0.13718448]
4224
[0.49825198]
4225
[0.10537212]
4226
[0.26366962]
4227
[0.39138197]
4228
[0.38217391]
4229
[0.32181416]
4230
[0.40225732]
4231
[0.49981171]
4232
[0.4260877]
4233
[0.25234269]
4234
[0.11304567]
4235
[0.28631566]
4236
[0.35405355]
4237
[0.23890423]
4238
[0.3405022]
4239
[0.26078766]
4240
[0.26323366]
4241
[0.32897962]
4242
[0.37984218]
4243
[0.47358595]
4244
[0.10067632]
4245
[0.08070745]
4246
[0.43627874]
4247
[0.03714274]
4248
[0.17626711]
4249
[0.02993709]
4250
[0.3671773]
4251
[0.27089866]
4252
[0.50732599]
4253
[0.41498172]
4254
[0.34382333]
4255
[0.48048526]
4256
[0.26256916]
4257
[0.02425582]
4258
[0.43137699]
4259
[0.35143228]
4260
[0.17849292]
4261
[0.35974683]
4262
[0.0603436]
4263
[0.11222837]
4264
[0.37670254]
4265
[0.2296253]
4266
[0.34522228]
4267
[0.38541038]
4268
[0.21226041]
4269
[0.04063001]
4270
[0.21186001]
4271
[0.233213]
4272
[0.39115127]
4273
[0.20128739]
4274
[0.05346821]
4275
[0.36887128]
4276
[0.07731189]
4277
[0.28709984]
4278
[0.38843628]
4279
[0.07927597]
4280
[0.06412321]
4281
[0.02857737]
4282
[0.51757708]
4283
[0.3403041]
4284
[0.22822212]
4285
[0.30187466]
4286
[0.50874107]
4287
[0.38473034]
4288
[0.40802387]
4289
[0.29892572]
4290
[0.120362]
4291
[0.42084769]
4292
[0.32516208]
4293
[0.03464965]
4294
[0.04520345]
4295
[0.49938125]
4296
[0.46927971]
4297
[0.2127487]
4298
[0.31884599]
4299
[0.29915967]
4300
[0.10493557]
4301
[0.41470283]
4302
[0.31354212]
4303
[0.29115796]
4304
[0.21001524]
4305
[0.46162169]
4306
[0.18006148]
4307
[0.25354882]
4308
[0.12648525]
4309
[0.08594409]
4310
[0.51091365]
4311
[0.16920827]
4312
[0.40957693]
4313
[0.33762076]
4314
[0.1711971]
4315
[0.29036177]
4316
[0.40466043]
4317
[0.359352]
4318
[0.47622527]
4319
[0.05403489]
4320
[0.20033347]
4321
[0.04997682]
4322
[0.20638048]
4323
[0.24292071]
4324
[0.4066412]
4325
[0.24860392]
4326
[0.17013611]
4327
[0.09102841]
4328
[0.29224833]
4329
[0.07817225]
4330
[0.32235059]
4331
[0.22010615]
4332
[0.29512458]
4333
[0.39951022]
4334
[0.40017928]
4335
[0.48155417]
4336
[0.30056764]
4337
[0.42474982]
4338
[0.05406668]
4339
[0.24538091]
4340
[0.45623486]
4341
[0.26885458]
4342
[0.12839949]
4343
[0.28418546]
4344
[0.34833416]
4345
[0.22602948]
4346
[0.20636259]
4347
[0.21388397]
4348
[0.22347966]
4349
[0.35057837]
4350
[0.23988909]
4351
[0.25491355]
4352
[0.3272677]
4353
[0.10785832]
4354
[0.06145663]
4355
[0.42599561]
4356
[0.37205991]
4357
[0.28797657]
4358
[0.45953875]
4359
[0.10235965]
4360
[0.52089842]
4361
[0.28316639]
4362
[0.46050651]
4363
[0.05348196]
4364
[0.33278504]
4365
[0.3193462]
4366
[0.3006856]
4367
[0.39734703]
4368
[0.48430858]
4369
[0.28616349]
4370
[0.3455814]
4371
[0.31197424]
4372
[0.47541703]
4373
[0.3520758]
4374
[0.16092975]
4375
[0.0965866]
4376
[0.05425297]
4377
[0.21045823]
4378
[0.23847686]
4379
[0.2267918]
4380
[0.43455417]
4381
[0.4311824]
4382
[0.1338527]
4383
[0.29577755]
4384
[0.02005316]
4385
[0.06543541]
4386
[0.37053519]
4387
[0.04380533]
4388
[0.48989388]
4389
[0.28530898]
4390
[0.52113006]
4391
[0.30015778]
4392
[0.43671852]
4393
[0.21641321]
4394
[0.2627563]
4395
[0.45283915]
4396
[0.24013367]
4397
[0.05174156]
4398
[0.15231999]
4399
[0.50647993]
4400
[0.20251402]
4401
[0.41588574]
4402
[0.2800072]
4403
[0.47517995]
4404
[0.25793182]
4405
[0.22536311]
4406
[0.22855237]
4407
[0.09028318]
4408
[0.26418447]
4409
[0.33551627]
4410
[0.27362588]
4411
[0.1647914]
4412
[0.15012693]
4413
[0.04185604]
4414
[0.10367586]
4415
[0.27155871]
4416
[0.38052062]
4417
[0.3117854]
4418
[0.33741215]
4419
[0.30706796]
4420
[0.23710039]
4421
[0.35663682]
4422
[0.32402388]
4423
[0.37468179]
4424
[0.34309855]
4425
[0.24823968]
4426
[0.06331368]
4427
[0.3803986]
4428
[0.34710871]
4429
[0.25142122]
4430
[0.04061646]
4431
[0.25902507]
4432
[0.2410655]
4433
[0.26498637]
4434
[0.10410594]
4435
[0.10298363]
4436
[0.06405069]
4437
[0.34094402]
4438
[0.26594384]
4439
[0.48817879]
4440
[0.05472757]
4441
[0.50242121]
4442
[0.22027941]
4443
[0.40489809]
4444
[0.32424957]
4445
[0.33208143]
4446
[0.11387668]
4447
[0.51369445]
4448
[0.50313155]
4449
[0.52269478]
4450
[0.15904855]
4451
[0.47391014]
4452
[0.24229204]
4453
[0.33539578]
4454
[0.44251852]
4455
[0.38887228]
4456
[0.04442797]
4457
[0.21674749]
4458
[0.10065463]
4459
[0.28510821]
4460
[0.03986775]
4461
[0.35399386]
4462
[0.34138303]
4463
[0.05648502]
4464
[0.39930846]
4465
[0.10743359]
4466
[0.51945456]
4467
[0.21366508]
4468
[0.15461045]
4469
[0.22234408]
4470
[0.22821869]
4471
[0.5114952]
4472
[0.50767466]
4473
[0.20383401]
4474
[0.30792111]
4475
[0.27870107]
4476
[0.28385839]
4477
[0.13425875]
4478
[0.36303231]
4479
[0.30347308]
4480
[0.30417478]
4481
[0.03414296]
4482
[0.34249217]
4483
[0.29311627]
4484
[0.10639544]
4485
[0.26877147]
4486
[0.31306131]
4487
[0.16906344]
4488
[0.37587301]
4489
[0.15889231]
4490
[0.34058211]
4491
[0.07090655]
4492
[0.04483654]
4493
[0.20314665]
4494
[0.20491524]
4495
[0.40376239]
4496
[0.06146214]
4497
[0.28154597]
4498
[0.30593355]
4499
[0.28190096]
4500
[0.51266063]
4501
[0.51069175]
4502
[0.36301338]
4503
[0.39241556]
4504
[0.4081711]
4505
[0.07821363]
4506
[0.40220186]
4507
[0.03629595]
4508
[0.42278801]
4509
[0.42448824]
4510
[0.12962162]
4511
[0.05099836]
4512
[0.07545822]
4513
[0.48713817]
4514
[0.37875218]
4515
[0.08413417]
4516
[0.39376251]
4517
[0.44389432]
4518
[0.31643118]
4519
[0.44508622]
4520
[0.38024543]
4521
[0.31689264]
4522
[0.16293869]
4523
[0.08033994]
4524
[0.08641678]
4525
[0.3449845]
4526
[0.10703375]
4527
[0.15554466]
4528
[0.27639864]
4529
[0.37454587]
4530
[0.16288673]
4531
[0.28636106]
4532
[0.38715974]
4533
[0.42924948]
4534
[0.02610393]
4535
[0.37864633]
4536
[0.23034821]
4537
[0.329718]
4538
[0.33037406]
4539
[0.26245222]
4540
[0.05598282]
4541
[0.29674331]
4542
[0.40124758]
4543
[0.0662983]
4544
[0.48998224]
4545
[0.42162473]
4546
[0.36508684]
4547
[0.45822605]
4548
[0.39874537]
4549
[0.48769599]
4550
[0.30411471]
4551
[0.25759589]
4552
[0.32280891]
4553
[0.40481899]
4554
[0.29093883]
4555
[0.21876001]
4556
[0.20008149]
4557
[0.47127397]
4558
[0.27092867]
4559
[0.13777626]
4560
[0.0521638]
4561
[0.2934671]
4562
[0.38137744]
4563
[0.41349848]
4564
[0.3949257]
4565
[0.26412282]
4566
[0.14999974]
4567
[0.30454188]
4568
[0.22291007]
4569
[0.44201769]
4570
[0.3654718]
4571
[0.18829887]
4572
[0.19860653]
4573
[0.41906317]
4574
[0.32963019]
4575
[0.36221412]
4576
[0.17006951]
4577
[0.20279588]
4578
[0.15164495]
4579
[0.31591441]
4580
[0.36497879]
4581
[0.47711158]
4582
[0.04823285]
4583
[0.19613864]
4584
[0.37660131]
4585
[0.02852964]
4586
[0.20227998]
4587
[0.14610713]
4588
[0.35274375]
4589
[0.27978582]
4590
[0.24645706]
4591
[0.34550248]
4592
[0.06612018]
4593
[0.30882358]
4594
[0.36848562]
4595
[0.04811542]
4596
[0.40785789]
4597
[0.34684985]
4598
[0.37660347]
4599
[0.28655768]
4600
[0.21927209]
4601
[0.41166467]
4602
[0.38769247]
4603
[0.49835089]
4604
[0.44287051]
4605
[0.46154925]
4606
[0.0722348]
4607
[0.32896698]
4608
[0.27146171]
4609
[0.17745781]
4610
[0.1793177]
4611
[0.50912067]
4612
[0.20498948]
4613
[0.36523645]
4614
[0.1704229]
4615
[0.30973373]
4616
[0.42724012]
4617
[0.02795336]
4618
[0.29115292]
4619
[0.23047837]
4620
[0.15454184]
4621
[0.47724076]
4622
[0.46521296]
4623
[0.27869208]
4624
[0.36321428]
4625
[0.17102835]
4626
[0.13883665]
4627
[0.23991973]
4628
[0.09276212]
4629
[0.02094091]
4630
[0.32346045]
4631
[0.48929291]
4632
[0.04395468]
4633
[0.3287769]
4634
[0.10517109]
4635
[0.50404287]
4636
[0.35158086]
4637
[0.19738278]
4638
[0.35583754]
4639
[0.18126007]
4640
[0.12577032]
4641
[0.42720121]
4642
[0.34268081]
4643
[0.15044455]
4644
[0.28426795]
4645
[0.35271224]
4646
[0.02160914]
4647
[0.3495118]
4648
[0.33754222]
4649
[0.41219446]
4650
[0.23561385]
4651
[0.03553984]
4652
[0.09426663]
4653
[0.30365608]
4654
[0.2339355]
4655
[0.5205651]
4656
[0.51253547]
4657
[0.44230056]
4658
[0.50712644]
4659
[0.51709707]
4660
[0.3165095]
4661
[0.30939729]
4662
[0.26184728]
4663
[0.49521642]
4664
[0.35390131]
4665
[0.33792225]
4666
[0.27150147]
4667
[0.35343119]
4668
[0.34506442]
4669
[0.43053474]
4670
[0.44048746]
4671
[0.44991036]
4672
[0.24694278]
4673
[0.29917769]
4674
[0.30090486]
4675
[0.27094526]
4676
[0.11891033]
4677
[0.35614817]
4678
[0.38643239]
4679
[0.39119295]
4680
[0.09656666]
4681
[0.32888749]
4682
[0.33596887]
4683
[0.3465604]
4684
[0.3518821]
4685
[0.23407469]
4686
[0.05988985]
4687
[0.32792967]
4688
[0.27046414]
4689
[0.25994051]
4690
[0.33697173]
4691
[0.27363281]
4692
[0.12721342]
4693
[0.15978024]
4694
[0.4372357]
4695
[0.45838716]
4696
[0.47060682]
4697
[0.26921779]
4698
[0.46754572]
4699
[0.48425204]
4700
[0.32884582]
4701
[0.47551793]
4702
[0.36453868]
4703
[0.12492886]
4704
[0.16099125]
4705
[0.51168337]
4706
[0.2433902]
4707
[0.27985008]
4708
[0.28545305]
4709
[0.16368016]
4710
[0.21212741]
4711
[0.44254494]
4712
[0.34073281]
4713
[0.35256798]
4714
[0.24122603]
4715
[0.19942341]
4716
[0.39466251]
4717
[0.22529035]
4718
[0.47427986]
4719
[0.46646541]
4720
[0.24879717]
4721
[0.42061183]
4722
[0.17409072]
4723
[0.41702915]
4724
[0.162217]
4725
[0.06513978]
4726
[0.32576252]
4727
[0.30879524]
4728
[0.4859511]
4729
[0.37445532]
4730
[0.16810345]
4731
[0.23509596]
4732
[0.49011548]
4733
[0.08033587]
4734
[0.52481742]
4735
[0.31245326]
4736
[0.31808434]
4737
[0.51129518]
4738
[0.34996129]
4739
[0.25012503]
4740
[0.25828407]
4741
[0.34951646]
4742
[0.21239818]
4743
[0.29669695]
4744
[0.39029403]
4745
[0.4876517]
4746
[0.2853795]
4747
[0.42780458]
4748
[0.30908695]
4749
[0.26704853]
4750
[0.45843409]
4751
[0.3891686]
4752
[0.20163183]
4753
[0.18610527]
4754
[0.16522438]
4755
[0.36401754]
4756
[0.3374217]
4757
[0.45983011]
4758
[0.24375543]
4759
[0.30558238]
4760
[0.24412563]
4761
[0.18735221]
4762
[0.29454641]
4763
[0.33269462]
4764
[0.10025036]
4765
[0.27044824]
4766
[0.0283835]
4767
[0.12906812]
4768
[0.21895947]
4769
[0.26032461]
4770
[0.32936257]
4771
[0.2734266]
4772
[0.17635474]
4773
[0.15790691]
4774
[0.51393496]
4775
[0.37384793]
4776
[0.5167068]
4777
[0.11704618]
4778
[0.1746832]
4779
[0.22727802]
4780
[0.32746071]
4781
[0.27500705]
4782
[0.20503015]
4783
[0.26734672]
4784
[0.39857872]
4785
[0.14893793]
4786
[0.07932129]
4787
[0.45514764]
4788
[0.19153842]
4789
[0.44009646]
4790
[0.25070507]
4791
[0.2699364]
4792
[0.31464282]
4793
[0.35353349]
4794
[0.38226098]
4795
[0.17194627]
4796
[0.31656229]
4797
[0.45807676]
4798
[0.14010309]
4799
[0.10193317]
4800
[0.36338367]
4801
[0.49596865]
4802
[0.46909787]
4803
[0.49949955]
4804
[0.13274885]
4805
[0.21439295]
4806
[0.05124036]
4807
[0.48163362]
4808
[0.11405036]
4809
[0.31842957]
4810
[0.270124]
4811
[0.15336934]
4812
[0.32847118]
4813
[0.08772481]
4814
[0.29873111]
4815
[0.12615464]
4816
[0.3319175]
4817
[0.47252823]
4818
[0.31775282]
4819
[0.41101103]
4820
[0.40655087]
4821
[0.42539991]
4822
[0.03240381]
4823
[0.15305176]
4824
[0.31786345]
4825
[0.31032529]
4826
[0.36980087]
4827
[0.4436805]
4828
[0.04778744]
4829
[0.11505941]
4830
[0.16991726]
4831
[0.34428816]
4832
[0.361823]
4833
[0.33718649]
4834
[0.4013188]
4835
[0.04647527]
4836
[0.15011662]
4837
[0.34607811]
4838
[0.11681358]
4839
[0.41488996]
4840
[0.28217354]
4841
[0.3671684]
4842
[0.49044605]
4843
[0.27289919]
4844
[0.38550633]
4845
[0.41782359]
4846
[0.14006631]
4847
[0.26920214]
4848
[0.0671322]
4849
[0.28176672]
4850
[0.38333749]
4851
[0.29006529]
4852
[0.22770191]
4853
[0.21894994]
4854
[0.37511419]
4855
[0.51888155]
4856
[0.0239284]
4857
[0.23552169]
4858
[0.43953304]
4859
[0.02831463]
4860
[0.35171983]
4861
[0.42553781]
4862
[0.41898031]
4863
[0.20221287]
4864
[0.51332679]
4865
[0.05451477]
4866
[0.44198275]
4867
[0.3844769]
4868
[0.18931342]
4869
[0.22356826]
4870
[0.31336714]
4871
[0.48762819]
4872
[0.36571327]
4873
[0.12918759]
4874
[0.08703781]
4875
[0.13153498]
4876
[0.17126993]
4877
[0.42537308]
4878
[0.27165017]
4879
[0.35363536]
4880
[0.14214559]
4881
[0.30149902]
4882
[0.45628011]
4883
[0.50255112]
4884
[0.40923214]
4885
[0.40147177]
4886
[0.14871797]
4887
[0.38002789]
4888
[0.23799309]
4889
[0.02053227]
4890
[0.30939729]
4891
[0.230168]
4892
[0.28366068]
4893
[0.21256539]
4894
[0.32729762]
4895
[0.35405096]
4896
[0.07375606]
4897
[0.14432361]
4898
[0.35602335]
4899
[0.02089789]
4900
[0.27154237]
4901
[0.42264669]
4902
[0.38711431]
4903
[0.28152076]
4904
[0.1051363]
4905
[0.20075288]
4906
[0.46224265]
4907
[0.37130391]
4908
[0.32705229]
4909
[0.33224108]
4910
[0.35837599]
4911
[0.21576846]
4912
[0.19569005]
4913
[0.17223008]
4914
[0.18926881]
4915
[0.09845716]
4916
[0.51441363]
4917
[0.12714533]
4918
[0.36023583]
4919
[0.0455499]
4920
[0.20852624]
4921
[0.39119632]
4922
[0.45113173]
4923
[0.28138179]
4924
[0.24710235]
4925
[0.02288394]
4926
[0.31199211]
4927
[0.34000041]
4928
[0.40486539]
4929
[0.45918554]
4930
[0.33146156]
4931
[0.08295762]
4932
[0.28433058]
4933
[0.30366154]
4934
[0.18942723]
4935
[0.43210773]
4936
[0.18525556]
4937
[0.33706142]
4938
[0.32512511]
4939
[0.25915173]
4940
[0.18377045]
4941
[0.31307325]
4942
[0.04921907]
4943
[0.1597875]
4944
[0.36315116]
4945
[0.29231205]
4946
[0.4748102]
4947
[0.36969927]
4948
[0.27025909]
4949
[0.04137869]
4950
[0.4130855]
4951
[0.11457479]
4952
[0.37618329]
4953
[0.32093334]
4954
[0.03748807]
4955
[0.1868229]
4956
[0.3456997]
4957
[0.39252193]
4958
[0.17070041]
4959
[0.07589945]
4960
[0.15120657]
4961
[0.33847944]
4962
[0.4223273]
4963
[0.13695355]
4964
[0.24081356]
4965
[0.51628363]
4966
[0.30675802]
4967
[0.29813317]
4968
[0.48715009]
4969
[0.13868637]
4970
[0.40109564]
4971
[0.21878889]
4972
[0.19808555]
4973
[0.24961352]
4974
[0.03657269]
4975
[0.24865633]
4976
[0.38774197]
4977
[0.45965975]
4978
[0.35853654]
4979
[0.16637685]
4980
[0.33885151]
4981
[0.039898]
4982
[0.29355503]
4983
[0.1959963]
4984
[0.07646804]
4985
[0.42512608]
4986
[0.4066093]
4987
[0.04817885]
4988
[0.23596272]
4989
[0.35941021]
4990
[0.3519712]
4991
[0.38444034]
4992
[0.37446764]
4993
[0.43184474]
4994
[0.31121868]
4995
[0.29238408]
4996
[0.20674182]
4997
[0.34856828]
4998
[0.23990273]
4999
[0.2863143]
[1] 40000    11
[1] 40000    11
