LOADING R
R LOADED
[1] "/home/lvanderl/Rlibs2"                         
[2] "/app/software/R/4.3.1-gfbf-2022b/lib/R/library"
[1] "/home/lvanderl/sieveSims"
[1] "gam 5 3"
[1] 0.191342
[1] 0.191342
[1] 0.191342
33.48979591836735
0
[0.06644134]
1
[0.07796121]
2
[0.04003739]
3
[0.06993406]
4
[0.06556307]
5
[0.06128532]
6
[0.07128222]
7
[0.05409366]
8
[0.0705568]
9
[0.07583365]
10
[0.07288846]
11
[0.0663476]
12
[0.08505433]
13
[0.06264223]
14
[0.0591364]
15
[0.0993039]
16
[0.08113488]
17
[0.06566555]
18
[0.06670528]
19
[0.07751682]
20
[0.07158104]
21
[0.06662534]
22
[0.05803188]
23
[0.08312955]
24
[0.10298046]
25
[0.08741819]
26
[0.06072665]
27
[0.07627444]
28
[0.06523121]
29
[0.06844998]
30
[0.06004099]
31
[0.07047656]
32
[0.05862564]
33
[0.0642943]
34
[0.10071376]
35
[0.08005723]
36
[0.0717973]
37
[0.05498392]
38
[0.05266181]
39
[0.06948436]
40
[0.08814487]
41
[0.06866419]
42
[0.06184452]
43
[0.09765869]
44
[0.05661269]
45
[0.08590459]
46
[0.06832224]
47
[0.05701443]
48
[0.06279296]
49
[0.05504993]
50
[0.05147703]
51
[0.07122306]
52
[0.0662378]
53
[0.05991043]
54
[0.06466825]
55
[0.09693571]
56
[0.05960478]
57
[0.06662168]
58
[0.10415556]
59
[0.0505422]
60
[0.06457508]
61
[0.07797003]
62
[0.06279296]
63
[0.06930497]
64
[0.06127513]
65
[0.1014089]
66
[0.09798337]
67
[0.06951203]
68
[0.08564339]
69
[0.06783739]
70
[0.06796201]
71
[0.08215103]
72
[0.09220147]
73
[0.08597954]
74
[0.09662067]
75
[0.05622104]
76
[0.05855934]
77
[0.06364958]
78
[0.090516]
79
[0.06672547]
80
[0.06909542]
81
[0.05908261]
82
[0.07699736]
83
[0.08787141]
84
[0.08308949]
85
[0.06223896]
86
[0.06631154]
87
[0.09467047]
88
[0.06423164]
89
[0.0706768]
90
[0.07247306]
91
[0.09258247]
92
[0.05582415]
93
[0.08117967]
94
[0.0629092]
95
[0.07701462]
96
[0.06320629]
97
[0.07918125]
98
[0.06590007]
99
[0.05135145]
100
[0.10056579]
101
[0.06926223]
102
[0.09214464]
103
[0.07163103]
104
[0.07747219]
105
[0.08143605]
106
[0.06697082]
107
[0.05657861]
108
[0.05411851]
109
[0.09987034]
110
[0.07880863]
111
[0.05879138]
112
[0.05649234]
113
[0.04738247]
114
[0.09505661]
115
[0.05457808]
116
[0.09744363]
117
[0.05918979]
118
[0.06238713]
119
[0.06999928]
120
[0.08613764]
121
[0.06682026]
122
[0.06720972]
123
[0.05920073]
124
[0.06072575]
125
[0.06903471]
126
[0.07158838]
127
[0.06499739]
128
[0.08125843]
129
[0.05925278]
130
[0.06790034]
131
[0.0761587]
132
[0.09993204]
133
[0.06725389]
134
[0.06788217]
135
[0.05876926]
136
[0.0589281]
137
[0.1013323]
138
[0.06357465]
139
[0.07774789]
140
[0.05628108]
141
[0.09448168]
142
[0.07277169]
143
[0.06997288]
144
[0.07434411]
145
[0.06421992]
146
[0.04818256]
147
[0.06002429]
148
[0.09964538]
149
[0.08521787]
150
[0.06044588]
151
[0.08893006]
152
[0.05126283]
153
[0.08048137]
154
[0.08051219]
155
[0.06020311]
156
[0.0752544]
157
[0.09583592]
158
[0.05540833]
159
[0.06928002]
160
[0.06191831]
161
[0.0938855]
162
[0.06382923]
163
[0.05283466]
164
[0.06951867]
165
[0.09982291]
166
[0.07139388]
167
[0.06923571]
168
[0.06153852]
169
[0.08088566]
170
[0.0868836]
171
[0.09291469]
172
[0.06363787]
173
[0.06244971]
174
[0.09138263]
175
[0.09340893]
176
[0.08540933]
177
[0.08119245]
178
[0.09420781]
179
[0.07926233]
180
[0.05424487]
181
[0.05853847]
182
[0.09514498]
183
[0.06812091]
184
[0.08716734]
185
[0.05978586]
186
[0.06708628]
187
[0.10242152]
188
[0.05857664]
189
[0.06203315]
190
[0.06483947]
191
[0.05260929]
192
[0.07727505]
193
[0.09738333]
194
[0.06843237]
195
[0.06639461]
196
[0.05999743]
197
[0.09913171]
198
[0.08499658]
199
[0.09581513]
200
[0.09383115]
201
[0.07537386]
202
[0.06308055]
203
[0.08909658]
204
[0.09039968]
205
[0.06587114]
206
[0.09017812]
207
[0.05774853]
208
[0.07118893]
209
[0.06881766]
210
[0.06909922]
211
[0.0613528]
212
[0.06783739]
213
[0.07057231]
214
[0.07037309]
215
[0.07500169]
216
[0.09719163]
217
[0.08485897]
218
[0.07815922]
219
[0.09111035]
220
[0.0769156]
221
[0.07247411]
222
[0.07071992]
223
[0.07576435]
224
[0.07420465]
225
[0.08198157]
226
[0.07184778]
227
[0.09862278]
228
[0.05660715]
229
[0.05967801]
230
[0.0549805]
231
[0.05842727]
232
[0.06844748]
233
[0.06429725]
234
[0.06927865]
235
[0.06622419]
236
[0.07912371]
237
[0.07935713]
238
[0.09848168]
239
[0.09517437]
240
[0.06107471]
241
[0.08762702]
242
[0.07498374]
243
[0.06431969]
244
[0.08765689]
245
[0.09302964]
246
[0.06943474]
247
[0.0642425]
248
[0.06639612]
249
[0.06675161]
250
[0.06162524]
251
[0.07997347]
252
[0.07122557]
253
[0.05613288]
254
[0.05327546]
255
[0.08585984]
256
[0.06440186]
257
[0.05774853]
258
[0.09564916]
259
[0.07927488]
260
[0.09683962]
261
[0.05418924]
262
[0.05855823]
263
[0.08809757]
264
[0.05300896]
265
[0.05238485]
266
[0.05459815]
267
[0.07018049]
268
[0.05708135]
269
[0.06787396]
270
[0.06136888]
271
[0.08369931]
272
[0.10093003]
273
[0.0979052]
274
[0.06420108]
275
[0.08280355]
276
[0.09079546]
277
[0.10123358]
278
[0.09541088]
279
[0.07132163]
280
[0.10823431]
281
[0.08039661]
282
[0.08473648]
283
[0.09638532]
284
[0.098856]
285
[0.07060265]
286
[0.09071355]
287
[0.0649274]
288
[0.09292359]
289
[0.08873573]
290
[0.06395516]
291
[0.07360245]
292
[0.08956875]
293
[0.07392214]
294
[0.064864]
295
[0.07208034]
296
[0.06712813]
297
[0.06316732]
298
[0.09579942]
299
[0.07839475]
300
[0.05990842]
301
[0.06480068]
302
[0.05728573]
303
[0.06149236]
304
[0.07498424]
305
[0.09340361]
306
[0.05255022]
307
[0.06194537]
308
[0.09958277]
309
[0.05806435]
310
[0.06110283]
311
[0.05345174]
312
[0.05581314]
313
[0.10299504]
314
[0.06166858]
315
[0.08978558]
316
[0.06603093]
317
[0.06116267]
318
[0.08894387]
319
[0.06776146]
320
[0.09285394]
321
[0.09383978]
322
[0.05629291]
323
[0.04910094]
324
[0.06845494]
325
[0.0792305]
326
[0.1001573]
327
[0.07074166]
328
[0.09389791]
329
[0.05672381]
330
[0.06466954]
331
[0.08838751]
332
[0.09693553]
333
[0.04992079]
334
[0.08078828]
335
[0.09506268]
336
[0.09188668]
337
[0.06816429]
338
[0.08607355]
339
[0.05873184]
340
[0.05609897]
341
[0.0748357]
342
[0.0771146]
343
[0.07766281]
344
[0.07039282]
345
[0.06351359]
346
[0.0681782]
347
[0.08050579]
348
[0.05818091]
349
[0.06963632]
350
[0.08366418]
351
[0.08597468]
352
[0.07044159]
353
[0.05989818]
354
[0.07005046]
355
[0.06515018]
356
[0.09975775]
357
[0.09018399]
358
[0.08533024]
359
[0.09990408]
360
[0.05367122]
361
[0.0917627]
362
[0.0610981]
363
[0.0544432]
364
[0.05630726]
365
[0.06659407]
366
[0.09629818]
367
[0.07198555]
368
[0.07678163]
369
[0.06351359]
370
[0.07291382]
371
[0.05371665]
372
[0.08448551]
373
[0.06840199]
374
[0.10661771]
375
[0.07839694]
376
[0.06639612]
377
[0.0693294]
378
[0.08269261]
379
[0.06259293]
380
[0.05204399]
381
[0.06530212]
382
[0.09110892]
383
[0.09229096]
384
[0.06681868]
385
[0.05856621]
386
[0.07671639]
387
[0.05891975]
388
[0.06271311]
389
[0.05966871]
390
[0.06696892]
391
[0.10255693]
392
[0.08910696]
393
[0.09752053]
394
[0.05864672]
395
[0.06425796]
396
[0.05743425]
397
[0.06055027]
398
[0.06034858]
399
[0.07435019]
400
[0.09340688]
401
[0.067463]
402
[0.05846916]
403
[0.06074595]
404
[0.07378877]
405
[0.06778873]
406
[0.06595326]
407
[0.09465474]
408
[0.06246275]
409
[0.06411167]
410
[0.06501874]
411
[0.06554824]
412
[0.07488495]
413
[0.09212112]
414
[0.08602458]
415
[0.0609322]
416
[0.06573184]
417
[0.05742546]
418
[0.09472143]
419
[0.08887373]
420
[0.05812382]
421
[0.06740534]
422
[0.08375291]
423
[0.0828784]
424
[0.07332237]
425
[0.07562752]
426
[0.09493848]
427
[0.06714203]
428
[0.06097825]
429
[0.05694787]
430
[0.09138949]
431
[0.07414441]
432
[0.05392212]
433
[0.07894914]
434
[0.07710372]
435
[0.08447503]
436
[0.0763678]
437
[0.05795319]
438
[0.06763839]
439
[0.06981792]
440
[0.05575092]
441
[0.0894108]
442
[0.05126056]
443
[0.08336307]
444
[0.09460373]
445
[0.05731999]
446
[0.0618797]
447
[0.06197387]
448
[0.06586149]
449
[0.05352105]
450
[0.05707339]
451
[0.10113863]
452
[0.09970968]
453
[0.0659302]
454
[0.07077256]
455
[0.09329398]
456
[0.06212352]
457
[0.05142157]
458
[0.06618436]
459
[0.1056058]
460
[0.05477359]
461
[0.06423422]
462
[0.05719051]
463
[0.06673007]
464
[0.05886877]
465
[0.0611619]
466
[0.05796564]
467
[0.05746407]
468
[0.06348895]
469
[0.081988]
470
[0.0743687]
471
[0.06351359]
472
[0.07453591]
473
[0.07279306]
474
[0.0505422]
475
[0.06664244]
476
[0.06316661]
477
[0.0578966]
478
[0.07067288]
479
[0.08933299]
480
[0.06307149]
481
[0.093955]
482
[0.06356331]
483
[0.05964165]
484
[0.05276051]
485
[0.06200762]
486
[0.07569704]
487
[0.06495469]
488
[0.07864841]
489
[0.07744228]
490
[0.06214603]
491
[0.08944426]
492
[0.05798726]
493
[0.07857958]
494
[0.05587516]
495
[0.06646794]
496
[0.08303001]
497
[0.06174487]
498
[0.06228767]
499
[1] 2500   11
[1] 2500   11
[0.0611757]
