LOADING R
R LOADED
[1] "/home/lvanderl/Rlibs2"                         
[2] "/app/software/R/4.3.1-gfbf-2022b/lib/R/library"
[1] "/home/lvanderl/sieveSims"
[1] "xg 5 3"
[1] 0.1691078
[1] 0.1691078
[1] 0.1691078
163.44897959183675
[0.27858342]
[0.17739511]
[0.34567387]
[0.26632908]
[0.2295818]
[0.14373812]
[0.23839174]
[0.11802632]
[0.21059274]
[0.13322537]
[0.19685457]
[0.23324197]
[0.28518468]
[0.21326959]
[0.17605225]
[0.36974562]
[0.20668972]
[0.22873613]
[0.41712926]
[0.07174553]
[0.12358503]
[0.23704272]
[0.1016953]
[0.07179368]
[0.12553979]
[0.21917572]
[0.28457704]
[0.32494084]
[0.14263885]
[0.08516803]
[0.15568549]
[0.22836258]
[0.28570034]
[0.28085362]
[0.27515768]
[0.16468983]
[0.24443426]
[0.34956337]
[0.32877112]
[0.19936321]
[0.2508697]
[0.21379126]
[0.15758683]
[0.30780864]
[0.24499295]
[0.30701282]
[0.23345913]
[0.30080728]
[0.23784038]
[0.27471886]
[0.26791836]
[0.18819347]
[0.22115084]
[0.1812061]
[0.28544665]
[0.20274308]
[0.10520118]
[0.2250145]
[0.17814628]
[0.16126446]
[0.1737602]
[0.26410878]
[0.12297649]
[0.23502209]
[0.3046335]
[0.29171374]
[0.25897372]
[0.20476238]
[0.16853226]
[0.20752908]
[0.13052493]
[0.28273251]
[0.19690997]
[0.26727935]
[0.19462249]
[0.11747937]
[0.12113335]
[0.11818545]
[0.26113972]
[0.18666733]
[0.08169559]
[0.233106]
[0.18689388]
[0.20486199]
[0.06998505]
[0.25243869]
[0.13953179]
[0.3085041]
[0.17721777]
[0.27365342]
[0.26497698]
[0.38562248]
[0.18851751]
[0.1727035]
[0.30346304]
[0.26757972]
[0.26416336]
[0.17998677]
[0.12559409]
[0.29722781]
[0.09999519]
[0.27156792]
[0.16049518]
[0.18915831]
[0.24666873]
[0.33074643]
[0.25763582]
[0.24385592]
[0.28854617]
[0.14552412]
[0.16869704]
[0.2618643]
[0.16390505]
[0.26340174]
[0.13300552]
[0.16341896]
[0.1446622]
[0.17163411]
[0.24124214]
[0.31999997]
[0.18155539]
[0.23455906]
[0.1351631]
[0.18050518]
[0.28448234]
[0.22520051]
[0.26480295]
[0.14259556]
[0.34313228]
[0.20914436]
[0.42520529]
[0.28106186]
[0.3164304]
[0.14726259]
[0.39740775]
[0.26062059]
[0.12832429]
[0.2901803]
[0.29580574]
[0.20662374]
[0.19420403]
[0.32466741]
[0.17499297]
[0.3239883]
[0.15062479]
[0.13016879]
[0.1134045]
[0.28646386]
[0.11319482]
[0.1990285]
[0.23176798]
[0.36057728]
[0.3590856]
[0.37249493]
[0.2447756]
[0.17129452]
[0.19599301]
[0.1134045]
[0.24803753]
[0.10861851]
[0.22777074]
[0.19113667]
[0.25726523]
[0.24133919]
[0.15304071]
[0.08950368]
[0.15449557]
[0.21072688]
[0.13436201]
[0.2056709]
[0.35609947]
[0.18432007]
[0.22790728]
[0.24182871]
[0.39331157]
[0.19420568]
[0.28566858]
[0.29542638]
[0.20421291]
[0.2714439]
[0.25747445]
[0.18938113]
[0.37583658]
[0.24889291]
[0.09524352]
[0.22188706]
[0.18223008]
[0.4259018]
[0.17666391]
[0.27481875]
[0.24661471]
[0.24837921]
[0.152229]
[0.11021384]
[0.12499147]
[0.20593072]
[0.26999897]
[0.199034]
[0.20407105]
[0.26474017]
[0.2010495]
[0.20253741]
[0.31107642]
[0.23819274]
[0.27050171]
[0.38945107]
[0.07961655]
[0.23863805]
[0.24555073]
[0.30253958]
[0.26575869]
[0.18463361]
[0.23624197]
[0.16152601]
[0.19715942]
[0.2308612]
[0.22477918]
[0.15995503]
[0.08901851]
[0.28890873]
[0.26428135]
[0.17402711]
[0.29208166]
[0.1453052]
[0.15510161]
[0.23702704]
[0.23598251]
[0.12776249]
[0.16471824]
[0.14953269]
[0.26242046]
[0.20936271]
[0.28221415]
[0.3937983]
[0.10702317]
[0.26306438]
[0.13065343]
[0.10140971]
[0.19944608]
[0.13497408]
[0.1530763]
[0.17210851]
[0.17190532]
[0.30447089]
[0.26874271]
[0.23433259]
[0.28301561]
[0.26957326]
[0.14371581]
[0.29635535]
[0.2076534]
[0.34838621]
[0.31590882]
[0.26619478]
[0.23243949]
[0.29694314]
[0.16192802]
[0.12138116]
[0.14879315]
[0.32129462]
[0.1603653]
[0.23774579]
[0.21253217]
[0.22210813]
[0.34360823]
[0.27619452]
[0.12262368]
[0.18280143]
[0.18676051]
[0.23418877]
[0.15710911]
[0.16852505]
[0.21231507]
[0.19550311]
[0.19350583]
[0.41460316]
[0.32346761]
[0.18451674]
[0.21303415]
[0.12323289]
[0.16590007]
[0.24808399]
[0.24359913]
[0.2515342]
[0.32878154]
[0.30275665]
[0.1488931]
[0.05099075]
[0.22208371]
[0.18439677]
[0.22811763]
[0.22906606]
[0.26383516]
[0.24116604]
[0.25633304]
[0.18456743]
[0.24661471]
[0.13922855]
[0.13950029]
[0.23454801]
[0.29453657]
[0.26710482]
[0.15066027]
[0.19285963]
[0.21468568]
[0.17720186]
[0.1609166]
[0.34822616]
[0.16407582]
[0.1390155]
[0.23784038]
[0.20993043]
[0.36166867]
[0.24975449]
[0.2703279]
[0.21231507]
[0.16870646]
[0.11996021]
[0.15005392]
[0.25046164]
[0.13648011]
[0.1797851]
[0.24276781]
[0.11659516]
[0.06097945]
[0.17478677]
[0.13573915]
[0.26219876]
[0.34889239]
[0.30719144]
[0.15999132]
[0.2101967]
[0.16668486]
[0.28655862]
[0.22826839]
[0.19046658]
[0.40648616]
[0.30210744]
[0.2146244]
[0.23948918]
[0.32634579]
[0.22697346]
[0.30074028]
[0.38800453]
[0.3470004]
[0.23784038]
[0.17290492]
[0.15793949]
[0.2220391]
[0.11862866]
[0.3060886]
[0.21789873]
[0.16657902]
[0.28722789]
[0.22747072]
[0.14653552]
[0.21882201]
[0.40726457]
[0.24932185]
[0.33093103]
[0.29356772]
[0.34779266]
[0.33211076]
[0.08047986]
[0.26416336]
[0.36831979]
[0.17450798]
[0.16441389]
[0.2628601]
[0.07990253]
[0.16628148]
[0.35533814]
[0.21220599]
[0.18972486]
[0.2029623]
[0.13903477]
[0.2139104]
[0.13281102]
[0.2488425]
[0.27214306]
[0.05644573]
[0.31104618]
[0.22757685]
[0.33515562]
[0.16969608]
[0.34864144]
[0.16566613]
[0.31954883]
[0.37429269]
[0.13187684]
[0.15534696]
[0.37038018]
[0.0921772]
[0.15696105]
[0.21577308]
[0.31680931]
[0.17621737]
[0.24422171]
[0.34796704]
[0.30572883]
[0.18011648]
[0.14444325]
[0.18280143]
[0.29920765]
[0.29912387]
[0.32778274]
[0.24414175]
[0.2242606]
[0.13175082]
[0.14889255]
[0.19603415]
[0.1708079]
[0.18175095]
[0.11634074]
[0.28070432]
[0.20172336]
[0.20048182]
[0.14648216]
[0.28126603]
[0.25798405]
[0.19538548]
[0.35047501]
[0.24290243]
[0.25374947]
[0.23962495]
[0.20941935]
[0.12819493]
[0.34461579]
[0.19077809]
[0.27836774]
[0.15255259]
[0.19266345]
[0.27021097]
[0.12240127]
[0.14887201]
[0.29145765]
[0.09501552]
[0.13904752]
[0.18742967]
[0.18666124]
[0.23024821]
[0.18194157]
[0.25888807]
[0.19503385]
[0.26840646]
[0.15684183]
[0.23556586]
[0.23087543]
[0.2850659]
[0.31601164]
[0.12473947]
[0.27910972]
[0.12903265]
[0.23295193]
[0.23640198]
[0.19391535]
[0.0917821]
[0.19879675]
[0.09186752]
[0.2080135]
[0.22804325]
[0.2514007]
[0.18127655]
[0.34995556]
[0.20027115]
[0.27557261]
[0.1360944]
[0.11739462]
[0.21622647]
[0.31170338]
[0.19546542]
[0.24422171]
[0.114917]
[0.21451618]
[0.22428006]
[0.28560742]
[0.23258947]
[0.151611]
[0.30136666]
[0.15286246]
[0.26108759]
[0.20324585]
[0.14131038]
[0.25119327]
[0.32863574]
[0.22515445]
[0.30039735]
[0.16505379]
[0.23468593]
[0.25474916]
[0.21861991]
[0.21525347]
[0.26402955]
[0.25408176]
[0.11984584]
[0.20567865]
[0.32652864]
[0.22244268]
[0.23100602]
[0.17536084]
[0.26256802]
[0.34377355]
[0.2587072]
[0.19837153]
[0.2729098]
[0.18394963]
[0.28729567]
[0.1691108]
[0.07930591]
[0.21592876]
[0.39599635]
[0.19343334]
[0.13338274]
[0.16717666]
[0.14981109]
[0.24618431]
[0.28209295]
[0.2432266]
[0.17876371]
[0.19351284]
[0.26678329]
[0.28252319]
[0.19635407]
[0.11955576]
[0.39311583]
[0.17197807]
[0.24836172]
[0.2961732]
[0.1438966]
[0.1216885]
[0.19596166]
[0.31937853]
[0.19367459]
[0.3646578]
[0.19476642]
[0.24421958]
[0.14720952]
[0.21590503]
[0.18678976]
[0.14270985]
[0.19257722]
[0.16948219]
[0.14553218]
[0.23067534]
[0.21978353]
[0.23145905]
[0.33929451]
[0.15408818]
[0.15277599]
[0.24329894]
[0.26177135]
[0.24965997]
[0.32973863]
[0.21214036]
[0.3660375]
[0.2615371]
[0.38064734]
[0.3454834]
[0.29723827]
[0.1919944]
[0.19165977]
[0.16966655]
[0.288891]
[0.28171201]
[0.13175082]
[0.25538903]
[0.19220857]
[0.10941617]
[0.32254235]
[0.30930055]
[0.11177647]
[0.21184935]
[0.3403605]
[0.30026643]
[0.27656474]
[0.13743328]
[0.29009583]
[0.24312764]
[0.20698978]
[0.15764604]
[0.21309935]
[0.19340497]
[0.12058349]
[0.44801619]
[0.30189695]
[0.34135495]
[0.17362308]
[0.19875475]
[0.19157576]
[0.29270908]
[0.23343394]
[0.35652478]
[0.14620315]
[0.28268351]
[0.29183723]
[0.22990906]
[0.09522614]
[0.37868128]
[0.15805364]
[0.13041102]
[0.1177213]
[0.25729845]
[0.27423075]
[0.10053057]
[0.26887223]
[0.27579727]
[0.30005832]
[0.15354389]
[0.30140755]
[0.16924111]
[0.16556295]
[0.21430997]
[0.26815169]
[0.07139546]
[0.41935134]
[0.12110594]
[0.24078868]
[0.32905337]
[0.15249013]
[0.34497935]
[0.1653288]
[0.16694008]
[0.20114775]
[0.21539331]
[0.26337]
[0.14770413]
[0.15008383]
[0.32662789]
[0.23779381]
[0.14809834]
[0.11505279]
[0.26577472]
[0.22640002]
[0.30723731]
[0.20218076]
[0.2112511]
[0.2163692]
[0.23282189]
[0.33866498]
[0.22418583]
[0.29606999]
[0.18394708]
[0.18914549]
[0.23499404]
[0.18121109]
[0.13550532]
[0.22604717]
[0.18918276]
[0.16002404]
[0.23506945]
[0.24736677]
[0.20618419]
[0.18132428]
[0.29991476]
[0.29106066]
[0.25128492]
[0.20673141]
[0.21101795]
[0.20457031]
[0.12406213]
[0.25980065]
[0.15568079]
[0.27819424]
[0.23190348]
[0.06394922]
[0.19033028]
[0.2682063]
[0.27529631]
[0.265504]
[0.18875216]
[0.26102583]
[0.323033]
[0.17878556]
[0.14067329]
[0.22667306]
[0.22020331]
[0.15642699]
[0.29447577]
[0.22605758]
[0.10901828]
[0.18077654]
[0.13719266]
[0.0956364]
[0.28187361]
[0.23704272]
[0.15169246]
[0.30790409]
[0.21749344]
[0.26008524]
[0.23127474]
[0.23544738]
[0.27004377]
[0.18696176]
[0.21157012]
[0.14170187]
[0.23444278]
[0.16068721]
[0.1241114]
[0.12571173]
[0.29699662]
[0.26322428]
[0.19652008]
[0.19218873]
[0.16219206]
[0.0811256]
[0.20242129]
[0.21641244]
[0.15843909]
[0.24855366]
[0.17817531]
[0.3062695]
[0.1946952]
[0.34165283]
[0.27223893]
[0.17771445]
[0.15337178]
[0.36754804]
[0.18770592]
[0.2801153]
[0.07990253]
[0.08628386]
[0.20089328]
[0.23489202]
[0.21151678]
[0.12935782]
[0.18940676]
[0.17663518]
[0.25060304]
[0.19536792]
[0.29836772]
[0.15995286]
[0.29653011]
[0.11167762]
[0.28728013]
[0.18414456]
[0.24263457]
[0.26456025]
[0.29967338]
[0.18260944]
[0.15552204]
[0.11053803]
[0.22404447]
[0.21140486]
[0.17642011]
[0.19412918]
[0.28167174]
[0.0993592]
[0.10383251]
[0.1817762]
[0.17672483]
[0.19542949]
[0.23909268]
[0.13167267]
[0.16122135]
[0.18229931]
[0.24701633]
[0.26865951]
[0.13960115]
[0.1677992]
[0.15287766]
[0.23847133]
[0.17642011]
[0.2048412]
[0.21011054]
[0.28932286]
[0.20670856]
[0.2186964]
[0.20155092]
[0.13872133]
[0.19834361]
[0.2207368]
[0.23293617]
[0.2229175]
[0.19301936]
[0.30811951]
[0.17726028]
[0.13919883]
[0.11965854]
[0.26894935]
[0.23225672]
[0.21276179]
[0.25501786]
[0.22217448]
[0.14623919]
[0.25350296]
[0.24124436]
[0.20915704]
[0.3373645]
[0.28673478]
[0.13224623]
[0.2697792]
[0.16009933]
[0.12457182]
[0.33496868]
[0.2302706]
[0.14929576]
[0.12899408]
[0.14626437]
[0.21132421]
[0.1299903]
[0.22907885]
[0.1620256]
[0.25857969]
[0.33481541]
[0.22922049]
[0.20433841]
[0.21576188]
[0.22756156]
[0.14617658]
[0.21001526]
[0.26575869]
[0.19511379]
[0.1871828]
[0.16718314]
[0.2340821]
[0.19129888]
[0.32382892]
[0.17451976]
[0.27172163]
[0.17178278]
[0.26535833]
[0.20474793]
[0.31439108]
[0.28913133]
[0.30519841]
[0.27163433]
[0.2139104]
[0.23225672]
[0.38715614]
[0.18138436]
[0.22468591]
[0.21707617]
[0.26242777]
[0.1551974]
[0.12616716]
[0.20492265]
[0.15738749]
[0.29188563]
[0.1788131]
[0.19295399]
[0.23024218]
[0.2276605]
[0.3178496]
[0.32727771]
[0.19795709]
[0.1398959]
[0.30241654]
[0.18304269]
[0.18630358]
[0.14715448]
[0.15350034]
[0.10570177]
[0.09171566]
[0.16302455]
[0.10975977]
[0.10443261]
[0.13295042]
[0.22687319]
[0.24666594]
[0.24136656]
[0.28977596]
[0.20192354]
[0.2276824]
[0.18519443]
[0.0572685]
[0.1616534]
[0.18473357]
[0.33084037]
[0.26180303]
[0.26413472]
[0.20616635]
[0.10318697]
[0.27233096]
[0.2473285]
[0.16433145]
[0.20483547]
[0.16020173]
[0.17376825]
[0.28729229]
[0.21875148]
[0.39466858]
[0.09493958]
[0.31716132]
[0.29986198]
[0.26235187]
[0.09600466]
[0.20537899]
[0.17853106]
[0.24357735]
[0.19895388]
[0.2154139]
[0.17482478]
[0.24845418]
[0.31280574]
[0.2714257]
[0.16052167]
[0.14132281]
[0.26918124]
[0.1765003]
[0.13403016]
[0.20560205]
[0.17356681]
[0.17545429]
[0.21158529]
[0.23048608]
[0.17674372]
[0.27563028]
[0.22747072]
[0.35701168]
[0.26922028]
[0.17117726]
[0.14179295]
[0.21856445]
[0.3316693]
[0.1505369]
[0.28696986]
[0.18592794]
[0.29491417]
[0.36900447]
[0.10488524]
[0.17963935]
[0.3433203]
[0.25897991]
[0.18960208]
[0.20673141]
[0.26446461]
[0.18058507]
[0.22887067]
[0.38870152]
[0.3695303]
[0.338267]
[0.08709407]
[0.26337908]
[0.21387468]
[0.28705416]
[0.27492697]
[0.21231507]
[0.11919684]
[0.20675873]
[0.18341122]
[0.3832692]
[0.14655423]
[0.17163411]
[0.29846299]
[0.11999741]
[0.14160238]
[0.14939753]
[0.32469631]
[0.2862321]
[0.34706972]
[0.11754268]
[0.16126446]
[0.21767775]
[0.33479182]
[0.16271845]
[0.32430586]
[0.15321614]
[0.33356029]
[0.1607077]
[0.21750252]
[0.24149799]
[0.12076847]
[0.30897075]
[0.24387628]
[0.0807002]
[0.24262989]
[0.17402711]
[0.28162566]
[0.16233003]
[0.22431773]
[0.21284445]
[0.1804443]
[0.19389681]
[0.21625895]
[0.20302448]
[0.21352449]
[0.17349705]
[0.23528538]
[0.22831101]
[0.15349249]
[0.24154575]
[0.17687273]
[0.24238465]
[0.12297649]
[0.19080253]
[0.14227666]
[0.21603694]
[0.22906606]
[0.23300941]
[0.27646703]
[0.10164636]
[0.40629975]
[0.16479934]
[0.26486492]
[0.13953795]
[0.25338919]
[0.26336569]
[0.37396131]
[0.23385205]
[0.25158062]
[1] 5000   11
[1] 5000   11
