LOADING R
R LOADED
[1] "/home/lvanderl/Rlibs2"                         
[2] "/app/software/R/4.3.1-gfbf-2022b/lib/R/library"
[1] "/home/lvanderl/sieveSims"
[1] "rf 2 4"
[1] 0.06904734
[1] 0.06904734
[1] 0.06904734
106.59183673469389
0
[0.10672591]
1
[0.05949621]
2
[0.22793937]
3
[0.13239468]
4
[0.16590088]
5
[0.11727812]
6
[0.32178725]
7
[0.1241897]
8
[0.32005974]
9
[0.35573159]
10
[0.21821834]
11
[0.29105545]
12
[0.0794601]
13
[0.33051276]
14
[0.15840884]
15
[0.41541661]
16
[0.09728212]
17
[0.26029043]
18
[0.12237582]
19
[0.32365744]
20
[0.59726826]
21
[0.08711476]
22
[0.27781944]
23
[0.42784186]
24
[0.35022361]
25
[0.36913719]
26
[0.39541676]
27
[0.2977211]
28
[0.24966545]
29
[0.57863143]
30
[0.23625513]
31
[0.33491377]
32
[0.0774577]
33
[0.25513644]
34
[0.06288433]
35
[0.22292783]
36
[0.30412104]
37
[0.13991643]
38
[0.098616]
39
[0.15816801]
40
[0.33130683]
41
[0.61049667]
42
[0.22151236]
43
[0.23404911]
44
[0.374249]
45
[0.10555106]
46
[0.21981911]
47
[0.26753275]
48
[0.05584534]
49
[0.54901565]
50
[0.23710758]
51
[0.49298664]
52
[0.1890743]
53
[0.21572883]
54
[0.10777098]
55
[0.10494319]
56
[0.47406581]
57
[0.16103831]
58
[0.29819007]
59
[0.35529452]
60
[0.32829208]
61
[0.40417451]
62
[0.12278608]
63
[0.42242446]
64
[0.5274241]
65
[0.4683887]
66
[0.22310026]
67
[0.37103204]
68
[0.34951882]
69
[0.23791354]
70
[0.1660026]
71
[0.09092063]
72
[0.25284429]
73
[0.1908874]
74
[0.18255302]
75
[0.09423909]
76
[0.09732493]
77
[0.18366401]
78
[0.07800902]
79
[0.21838582]
80
[0.43607405]
81
[0.26705294]
82
[0.28819105]
83
[0.00196698]
84
[-0.00368909]
85
[0.39885827]
86
[0.24776371]
87
[0.54105488]
88
[0.36494108]
89
[0.05228221]
90
[0.50753501]
91
[0.18289391]
92
[0.26602516]
93
[0.2013292]
94
[0.11529108]
95
[0.35868456]
96
[0.34636371]
97
[0.06968171]
98
[0.20776783]
99
[0.24947376]
100
[0.3199724]
101
[0.16293793]
102
[0.30199143]
103
[0.22266677]
104
[0.16301855]
105
[0.21197718]
106
[0.03392692]
107
[0.11931813]
108
[0.14003583]
109
[0.36104097]
110
[0.18988664]
111
[0.2092005]
112
[0.2068497]
113
[0.17089569]
114
[0.23209065]
115
[0.11830045]
116
[0.38765227]
117
[0.21046362]
118
[0.2568992]
119
[0.25132404]
120
[0.59809644]
121
[0.25265214]
122
[0.51045944]
123
[0.40136968]
124
[0.16272906]
125
[0.32056384]
126
[0.1023487]
127
[0.03943461]
128
[0.24162779]
129
[0.40329654]
130
[0.26776006]
131
[0.01864073]
132
[0.07940532]
133
[0.25907032]
134
[0.33971652]
135
[0.42594872]
136
[0.26588031]
137
[0.04244196]
138
[0.09870041]
139
[0.10886147]
140
[0.50721922]
141
[0.1959807]
142
[0.26230139]
143
[0.03511519]
144
[0.09342739]
145
[0.12306154]
146
[0.42979427]
147
[0.47636404]
148
[0.35798861]
149
[0.11839814]
150
[0.16589439]
151
[0.08277797]
152
[0.44513529]
153
[0.40212343]
154
[0.33090098]
155
[0.16765028]
156
[0.07626386]
157
[0.06260068]
158
[0.5598614]
159
[0.03105129]
160
[0.25312626]
161
[0.32378442]
162
[0.49124455]
163
[0.30870524]
164
[0.15659177]
165
[0.37288089]
166
[0.2293712]
167
[0.20766503]
168
[0.33422221]
169
[0.46057141]
170
[0.30675906]
171
[0.2734914]
172
[0.24347799]
173
[0.30254158]
174
[0.29634694]
175
[0.13805468]
176
[0.13699722]
177
[0.26094633]
178
[0.38572082]
179
[0.44991946]
180
[0.39825797]
181
[0.40535589]
182
[0.54173964]
183
[0.3402714]
184
[0.23004769]
185
[0.31665575]
186
[0.17648292]
187
[0.48530122]
188
[0.13280101]
189
[0.31946281]
190
[0.09120053]
191
[0.4138461]
192
[0.38829105]
193
[0.29481738]
194
[0.08089787]
195
[0.31993703]
196
[0.19451091]
197
[0.43533664]
198
[0.1893423]
199
[0.05693917]
200
[0.36865946]
201
[0.19624469]
202
[0.63791196]
203
[0.43563749]
204
[0.14211129]
205
[0.19516635]
206
[0.15992941]
207
[0.19968798]
208
[0.32136015]
209
[0.37390598]
210
[0.26762758]
211
[0.11817852]
212
[0.01820384]
213
[0.09248429]
214
[0.07821843]
215
[0.35533715]
216
[0.40846034]
217
[0.37989229]
218
[0.6054208]
219
[0.33401771]
220
[0.03493553]
221
[0.26094192]
222
[0.4521207]
223
[0.41262217]
224
[0.06211096]
225
[0.23933772]
226
[0.24800192]
227
[0.16045094]
228
[0.1082249]
229
[0.07661148]
230
[0.27998234]
231
[0.22190752]
232
[0.33620411]
233
[0.20083728]
234
[0.08711476]
235
[0.25567275]
236
[0.199143]
237
[0.18469606]
238
[0.29136704]
239
[0.2203487]
240
[0.43544378]
241
[0.40842329]
242
[0.24013709]
243
[0.31104699]
244
[0.05656941]
245
[0.23979298]
246
[0.3381891]
247
[0.10431797]
248
[0.25156174]
249
[0.19460968]
250
[0.20135941]
251
[0.32077401]
252
[0.38959194]
253
[0.25904324]
254
[0.14787622]
255
[0.21312746]
256
[0.06651969]
257
[0.34634084]
258
[0.55682862]
259
[0.35708319]
260
[0.1180291]
261
[0.34859193]
262
[0.16866405]
263
[0.47640362]
264
[0.54033553]
265
[0.37671596]
266
[0.65477271]
267
[0.31795376]
268
[0.38252309]
269
[0.2087233]
270
[0.07647234]
271
[0.22747187]
272
[0.11980021]
273
[0.24525711]
274
[0.0548467]
275
[0.11975981]
276
[0.0755481]
277
[0.1240028]
278
[0.06430739]
279
[0.16606453]
280
[0.28154451]
281
[0.36020952]
282
[0.07033162]
283
[0.19124817]
284
[0.31972368]
285
[0.30047674]
286
[0.17173181]
287
[0.21421516]
288
[0.08626196]
289
[0.35454116]
290
[0.25687465]
291
[0.24581662]
292
[0.29315996]
293
[0.10795508]
294
[0.30569694]
295
[0.52153598]
296
[0.25574196]
297
[0.09261835]
298
[0.16497374]
299
[0.14216828]
300
[0.1190379]
301
[0.25165384]
302
[0.29720646]
303
[0.10905042]
304
[0.24462472]
305
[0.16545298]
306
[0.21452407]
307
[0.06616429]
308
[0.18103341]
309
[0.57193436]
310
[0.13317153]
311
[0.49891583]
312
[0.05135814]
313
[0.29525054]
314
[0.09318971]
315
[0.15842847]
316
[0.22596569]
317
[0.39733023]
318
[0.19182956]
319
[0.19199587]
320
[0.39346558]
321
[0.34795655]
322
[0.12988202]
323
[0.31860976]
324
[0.07941837]
325
[0.13032697]
326
[0.33627714]
327
[0.56434008]
328
[0.14464579]
329
[0.00692328]
330
[0.23337892]
331
[0.08370138]
332
[0.46062952]
333
[0.43860664]
334
[0.54099679]
335
[0.21295339]
336
[0.30021518]
337
[0.15493096]
338
[0.53370772]
339
[0.09490377]
340
[0.10761355]
341
[0.21100866]
342
[0.222772]
343
[0.3299002]
344
[0.25981525]
345
[0.3157795]
346
[0.09905023]
347
[0.54907814]
348
[0.17329645]
349
[0.03673968]
350
[0.09673628]
351
[0.09008617]
352
[0.127116]
353
[0.20998929]
354
[0.03064178]
355
[0.17823241]
356
[0.10045137]
357
[0.47180167]
358
[0.0931318]
359
[0.33858576]
360
[0.15909424]
361
[0.21631298]
362
[0.31853469]
363
[0.20588799]
364
[0.18665902]
365
[0.06417554]
366
[0.11795975]
367
[0.38533631]
368
[0.22618714]
369
[0.25648481]
370
[0.04154321]
371
[0.18210293]
372
[0.14981457]
373
[0.35881768]
374
[0.11425243]
375
[0.40151259]
376
[0.23854713]
377
[0.17319483]
378
[0.2650349]
379
[0.26475593]
380
[0.36578]
381
[0.22910242]
382
[0.35363404]
383
[0.32685966]
384
[0.26703308]
385
[0.01893498]
386
[0.2577562]
387
[0.09196919]
388
[0.37812637]
389
[0.34732719]
390
[0.14346632]
391
[0.10833656]
392
[0.30523269]
393
[0.33130812]
394
[0.22114288]
395
[0.2809989]
396
[0.42774534]
397
[0.36096625]
398
[0.19627117]
399
[0.3214465]
400
[0.29339704]
401
[0.4983751]
402
[0.0789434]
403
[0.42047525]
404
[0.15883715]
405
[0.43152105]
406
[0.10937088]
407
[0.21416793]
408
[0.53951108]
409
[0.24852277]
410
[0.32837122]
411
[0.16639175]
412
[0.32812838]
413
[0.29922741]
414
[0.3519275]
415
[0.45606251]
416
[0.24138007]
417
[0.07966992]
418
[0.01272189]
419
[0.13177367]
420
[0.08723817]
421
[0.15271961]
422
[0.3046559]
423
[0.02322957]
424
[0.08980176]
425
[0.17674268]
426
[0.32113313]
427
[0.07140368]
428
[0.07151489]
429
[0.47707116]
430
[0.1004515]
431
[0.15951808]
432
[0.19993916]
433
[0.30060742]
434
[0.41215683]
435
[0.29874093]
436
[0.24126024]
437
[0.59855626]
438
[0.13831279]
439
[0.01624759]
440
[0.27183947]
441
[0.05614964]
442
[0.1851396]
443
[0.47677007]
444
[0.29372722]
445
[0.39829847]
446
[0.2523945]
447
[0.35790937]
448
[0.10850274]
449
[0.33225563]
450
[0.15047641]
451
[0.23100999]
452
[0.28997607]
453
[0.08231634]
454
[0.09367818]
455
[0.51222405]
456
[0.39940922]
457
[0.33154873]
458
[0.53653968]
459
[0.10524956]
460
[0.39412914]
461
[0.07697574]
462
[0.28511148]
463
[0.36903437]
464
[0.11636787]
465
[0.12081941]
466
[0.65362814]
467
[0.3076785]
468
[0.29105348]
469
[0.15621776]
470
[0.22484407]
471
[0.29905641]
472
[0.08313557]
473
[0.50214558]
474
[0.12790368]
475
[0.49955407]
476
[0.4526417]
477
[0.58749197]
478
[0.32070818]
479
[0.08378923]
480
[0.06378778]
481
[0.21254551]
482
[0.34567624]
483
[0.16773477]
484
[0.1361147]
485
[0.13121842]
486
[0.48150587]
487
[0.29874545]
488
[0.16077554]
489
[0.27944321]
490
[0.2889271]
491
[0.15744165]
492
[0.04124384]
493
[0.2561074]
494
[0.05436523]
495
[0.10385132]
496
[0.10534514]
497
[0.13161375]
498
[0.28613957]
499
[0.39236579]
500
[0.06316835]
501
[0.27601759]
502
[0.04751987]
503
[0.31995044]
504
[0.24004532]
505
[0.21218353]
506
[0.07392141]
507
[0.08527347]
508
[0.12639147]
509
[0.40046172]
510
[0.15356369]
511
[0.18652982]
512
[0.34185027]
513
[0.10154269]
514
[0.32420795]
515
[0.29979846]
516
[0.30249133]
517
[0.11654557]
518
[0.19489623]
519
[0.23340325]
520
[0.11008205]
521
[0.32425071]
522
[0.22646402]
523
[0.06134332]
524
[0.20425023]
525
[0.28807328]
526
[0.36554619]
527
[0.06277515]
528
[0.28656022]
529
[0.06815395]
530
[0.26374006]
531
[0.48827086]
532
[0.08713634]
533
[0.37663016]
534
[0.33606114]
535
[0.18320386]
536
[0.24673144]
537
[0.11538456]
538
[0.09711709]
539
[0.1900737]
540
[0.05070529]
541
[0.22941348]
542
[0.21432057]
543
[0.01625578]
544
[0.07326875]
545
[0.35355825]
546
[0.59154416]
547
[0.18811811]
548
[0.24793205]
549
[0.05677518]
550
[0.11543751]
551
[0.31235737]
552
[0.16093817]
553
[0.16101089]
554
[0.21501424]
555
[0.29852319]
556
[0.01997418]
557
[0.04798166]
558
[0.14581971]
559
[0.04463136]
560
[0.28001631]
561
[0.14131859]
562
[0.24162779]
563
[0.15545707]
564
[0.04549584]
565
[0.1414569]
566
[0.22455909]
567
[0.38730262]
568
[0.20631422]
569
[0.22169977]
570
[0.19216046]
571
[0.03770528]
572
[0.14846418]
573
[0.15777897]
574
[0.35774169]
575
[0.13285831]
576
[0.12820643]
577
[0.38553515]
578
[0.23608321]
579
[0.52989093]
580
[0.08545508]
581
[0.07751536]
582
[0.50311799]
583
[0.11475299]
584
[0.31145938]
585
[0.47241133]
586
[0.17597279]
587
[0.32334141]
588
[0.29479768]
589
[0.3306267]
590
[0.15910908]
591
[0.22469631]
592
[0.12819902]
593
[0.1848605]
594
[0.07120277]
595
[0.29502609]
596
[0.13059995]
597
[0.008152]
598
[0.37060446]
599
[0.43094078]
600
[0.39194537]
601
[0.44276456]
602
[0.26632089]
603
[0.34538926]
604
[0.03920967]
605
[0.19299231]
606
[0.37534099]
607
[0.24016064]
608
[0.34078125]
609
[0.21711371]
610
[0.18206184]
611
[0.22743379]
612
[0.38640915]
613
[0.1349875]
614
[0.37556674]
615
[0.12929712]
616
[0.29997494]
617
[0.26393324]
618
[0.09454328]
619
[0.0302008]
620
[0.1135307]
621
[0.11969309]
622
[0.16214273]
623
[0.36589584]
624
[0.15024417]
625
[0.30784686]
626
[0.17226083]
627
[0.10439363]
628
[0.28238572]
629
[0.25882589]
630
[0.28949082]
631
[0.4292796]
632
[0.20728719]
633
[0.35711525]
634
[0.60554227]
635
[0.14288304]
636
[0.41231666]
637
[0.08290729]
638
[0.12938953]
639
[0.06267343]
640
[0.11162885]
641
[0.15729683]
642
[0.03270605]
643
[0.15195149]
644
[0.43420026]
645
[0.12546195]
646
[0.34821265]
647
[0.1443143]
648
[0.17814556]
649
[0.10390368]
650
[0.30047003]
651
[0.42729195]
652
[0.03673139]
653
[0.07002919]
654
[0.30983067]
655
[0.47174297]
656
[0.22870706]
657
[0.20714694]
658
[0.27568409]
659
[0.13677879]
660
[0.16839946]
661
[0.15358748]
662
[0.19826322]
663
[0.11034896]
664
[0.44294044]
665
[0.454324]
666
[0.15990506]
667
[0.17136888]
668
[0.07178799]
669
[0.13060245]
670
[0.62338338]
671
[0.21677084]
672
[0.42021036]
673
[0.02869275]
674
[0.14370953]
675
[0.31660317]
676
[0.22290967]
677
[0.01609898]
678
[0.28030947]
679
[0.12703818]
680
[0.11112437]
681
[0.05131607]
682
[0.44694231]
683
[0.09114513]
684
[0.10568604]
685
[0.07802423]
686
[0.05253132]
687
[0.08714037]
688
[0.35069886]
689
[0.05034738]
690
[0.3783124]
691
[0.04190396]
692
[0.40833749]
693
[0.38407518]
694
[0.30941757]
695
[0.32122436]
696
[0.27902357]
697
[0.10052203]
698
[0.17657873]
699
[0.17731893]
700
[0.03122546]
701
[0.46164854]
702
[0.21889946]
703
[0.24347067]
704
[0.12682007]
705
[0.18351866]
706
[0.26024267]
707
[0.15563267]
708
[0.10405629]
709
[0.0899028]
710
[0.09407533]
711
[0.29139652]
712
[0.31766319]
713
[0.29529382]
714
[0.12421904]
715
[0.1169177]
716
[0.16796771]
717
[0.24612167]
718
[0.13070378]
719
[0.37525776]
720
[0.22157081]
721
[0.27056742]
722
[0.41431827]
723
[0.18152287]
724
[0.20522809]
725
[0.36627176]
726
[0.29861134]
727
[0.11757166]
728
[0.16345362]
729
[0.0357004]
730
[0.12712835]
731
[0.09536484]
732
[0.45343538]
733
[0.21868987]
734
[0.50519701]
735
[0.052423]
736
[0.51094315]
737
[0.26450836]
738
[0.31183103]
739
[0.26041893]
740
[0.60270659]
741
[0.24233499]
742
[0.05109491]
743
[0.07696159]
744
[0.19512661]
745
[0.44678059]
746
[0.17241611]
747
[0.26614188]
748
[0.15196805]
749
[0.42395079]
750
[0.38822427]
751
[0.23534044]
752
[0.37106458]
753
[0.18453523]
754
[0.12277162]
755
[0.07781919]
756
[0.31806028]
757
[0.2500336]
758
[0.15386957]
759
[0.22590791]
760
[0.37925908]
761
[0.28530535]
762
[0.11502295]
763
[0.09691565]
764
[0.37803333]
765
[0.34608475]
766
[0.37088388]
767
[0.12229279]
768
[0.10258029]
769
[0.22996801]
770
[0.28371839]
771
[0.30646713]
772
[0.06577681]
773
[0.29210516]
774
[0.32783968]
775
[0.23349348]
776
[0.15402495]
777
[0.30922876]
778
[0.40030304]
779
[0.20894234]
780
[0.02668583]
781
[0.4961033]
782
[0.21178748]
783
[0.48461186]
784
[0.17535984]
785
[0.42388008]
786
[0.23756176]
787
[0.51067973]
788
[0.37353828]
789
[0.33736393]
790
[0.44075588]
791
[0.12230597]
792
[0.22341059]
793
[0.14575806]
794
[0.18734531]
795
[0.14869638]
796
[0.14832262]
797
[0.08485729]
798
[0.14794383]
799
[0.07843822]
800
[0.17153993]
801
[0.18847018]
802
[0.15420422]
803
[0.2684816]
804
[0.25871655]
805
[0.16938357]
806
[0.2579322]
807
[0.29557334]
808
[0.15846007]
809
[0.18811505]
810
[0.0204821]
811
[0.30158628]
812
[0.28243607]
813
[0.00211195]
814
[0.10092005]
815
[0.48728601]
816
[0.28276046]
817
[0.33423104]
818
[-0.00157099]
819
[0.30653244]
820
[0.26260771]
821
[0.44036274]
822
[0.23617004]
823
[0.29557688]
824
[0.35018396]
825
[0.15412517]
826
[0.20819949]
827
[0.26242762]
828
[0.56745535]
829
[0.09933992]
830
[0.26102833]
831
[0.32806245]
832
[0.19141379]
833
[0.29137107]
834
[0.20545712]
835
[0.28639949]
836
[0.136297]
837
[0.105097]
838
[0.32540677]
839
[0.15448944]
840
[0.15564958]
841
[0.24244545]
842
[0.18830307]
843
[0.02869527]
844
[0.12529161]
845
[0.13396693]
846
[0.24546235]
847
[0.08240974]
848
[0.29707893]
849
[0.05783598]
850
[0.25809677]
851
[0.23291095]
852
[0.03223657]
853
[0.11942516]
854
[0.17521345]
855
[0.2853397]
856
[0.48089665]
857
[0.32092754]
858
[0.17313669]
859
[0.30117426]
860
[0.08684555]
861
[0.34316192]
862
[0.22796009]
863
[0.27799607]
864
[0.15636481]
865
[0.55450755]
866
[0.22042657]
867
[0.34692627]
868
[0.32329548]
869
[0.29973034]
870
[0.22481605]
871
[0.2783094]
872
[0.09267073]
873
[0.15865985]
874
[0.4225902]
875
[0.18452341]
876
[0.36265588]
877
[0.01535659]
878
[0.32010941]
879
[0.1520415]
880
[0.31428821]
881
[0.02758061]
882
[0.43275272]
883
[0.20243269]
884
[0.27524978]
885
[0.36498626]
886
[0.20444751]
887
[0.02701805]
888
[0.20921412]
889
[0.27970362]
890
[0.06963589]
891
[0.07541321]
892
[0.17372173]
893
[0.32303673]
894
[0.35019968]
895
[0.48461897]
896
[0.4466547]
897
[0.31563895]
898
[0.2796477]
899
[0.16430595]
900
[0.10729842]
901
[0.45055457]
902
[0.34354376]
903
[0.13442328]
904
[0.31495935]
905
[0.08043878]
906
[0.51132974]
907
[0.16351268]
908
[0.1113241]
909
[0.25202391]
910
[0.40690179]
911
[0.4639879]
912
[0.15530943]
913
[0.14605944]
914
[0.2177119]
915
[0.24864038]
916
[0.10626064]
917
[0.02002994]
918
[0.34937709]
919
[0.00884611]
920
[0.41831497]
921
[0.09636335]
922
[0.08212826]
923
[0.4101791]
924
[0.24534205]
925
[0.03003752]
926
[0.19397039]
927
[0.2245953]
928
[0.25781898]
929
[0.44352398]
930
[0.28610614]
931
[0.10822129]
932
[0.01245687]
933
[0.21447938]
934
[0.27906081]
935
[0.38022728]
936
[0.33671273]
937
[0.48480742]
938
[0.27501558]
939
[0.31472535]
940
[0.25493709]
941
[0.14293145]
942
[0.08438842]
943
[0.04180085]
944
[0.27345374]
945
[0.20452031]
946
[0.16097605]
947
[0.42162324]
948
[0.38736934]
949
[0.2320073]
950
[0.30780309]
951
[0.32185571]
952
[0.09830185]
953
[0.15914658]
954
[0.55042676]
955
[0.3052451]
956
[0.13621818]
957
[0.43710201]
958
[0.17449664]
959
[0.54165634]
960
[0.15064944]
961
[0.15898707]
962
[0.39697947]
963
[0.32892602]
964
[0.19854243]
965
[0.36319347]
966
[0.23939924]
967
[0.52050306]
968
[0.285787]
969
[0.15088575]
970
[0.23145542]
971
[0.402375]
972
[0.20773035]
973
[0.01933942]
974
[0.34115066]
975
[0.51988528]
976
[0.25208999]
977
[0.46238877]
978
[0.0386357]
979
[0.2810002]
980
[0.17889602]
981
[0.37376101]
982
[0.34252437]
983
[0.23048503]
984
[0.15643223]
985
[0.44937869]
986
[0.36476358]
987
[0.25208814]
988
[0.28489052]
989
[0.06966388]
990
[0.12491263]
991
[0.20401542]
992
[0.35800333]
993
[0.24615318]
994
[0.15513933]
995
[0.26626614]
996
[0.3558536]
997
[0.26061855]
998
[0.24385635]
999
[1] 5000   11
[1] 5000   11
[0.05630047]
