LOADING R
R LOADED
[1] "/home/lvanderl/Rlibs2"                         
[2] "/app/software/R/4.3.1-gfbf-2022b/lib/R/library"
[1] "/home/lvanderl/sieveSims"
[1] "xg 1 5"
[1] 0.1353855
[1] 0.1353855
[1] 0.1353855
[   10.            11.51395399    13.25711366    15.26417967
    17.57510625    20.23589648    23.29951811    26.82695795
    30.88843596    35.56480306    40.94915062    47.14866363
    54.28675439    62.50551925    71.9685673     82.86427729
    95.40954763   109.8541142    126.48552169   145.63484775
   167.68329368   193.06977289   222.29964825   255.95479227
   294.70517026   339.32217719   390.69399371   449.8432669
   517.94746792   596.36233166   686.648845     790.60432109
   910.29817799  1048.11313415  1206.79264064  1389.49549437
  1599.85871961  1842.06996933  2120.95088792  2442.05309455
  2811.76869797  3237.45754282  3727.59372031  4291.93426013
  4941.71336132  5689.86602902  6551.2855686   7543.12006335
  8685.11373751 10000.        ]
[ 0.39202586  0.39802676  0.40195301  0.40511381  0.41707396  0.41210282
  0.42299907  0.42526936  0.43520388  0.4444731   0.44350533  0.46944731
  0.47919078  0.46787055  0.49233017  0.46900783  0.48538794  0.47652667
  0.52083723  0.58038443  0.6354385   0.58765719  0.65635999  0.74235236
  0.7760625   0.53017168  0.68661331  0.88532315  1.11535831  1.17536569
  1.15328145  1.34938221  1.4114327   1.66836479  1.40696461  1.67244885
  1.60084235  2.43017588  2.79382507  3.07310278  3.65706699  2.63517476
  4.91562271  5.52250956  5.85424271  7.02371252  5.91853178  8.7254663
 11.3867585  10.64386571]
10.0
0.1
0
[0.4231001]
1
[0.34035671]
2
[0.04735303]
3
[0.22449593]
4
[0.27701638]
5
[0.0718608]
6
[0.42180297]
7
[0.13758285]
8
[0.06809919]
9
[0.26551386]
10
[0.52272257]
11
[0.02613257]
12
[0.41454461]
13
[0.43801583]
14
[0.4440658]
15
[0.4654861]
16
[0.33251572]
17
[0.11814482]
18
[0.38442807]
19
[0.42300134]
20
[0.11007056]
21
[0.41434204]
22
[0.1851819]
23
[0.21199992]
24
[0.28719207]
25
[0.02531689]
26
[0.14206439]
27
[0.48411039]
28
[0.27658327]
29
[0.36373533]
30
[0.45420796]
31
[0.16258799]
32
[0.32924382]
33
[0.35779947]
34
[0.37184152]
35
[0.3458238]
36
[0.08825851]
37
[0.20803032]
38
[0.5411635]
39
[0.0848505]
40
[0.06509416]
41
[0.33621118]
42
[0.21580857]
43
[0.4134004]
44
[0.22449489]
45
[0.38073584]
46
[0.26610586]
47
[0.39963123]
48
[0.38500562]
49
[0.26058644]
50
[0.36323155]
51
[0.4710593]
52
[0.50167398]
53
[0.52156832]
54
[0.49910843]
55
[0.54686848]
56
[0.15731068]
57
[0.36294788]
58
[0.45804158]
59
[0.53443545]
60
[0.45330712]
61
[0.34870731]
62
[0.45635224]
63
[0.41298748]
64
[0.54345359]
65
[0.02190054]
66
[0.2768702]
67
[0.15550646]
68
[0.16531717]
69
[0.473002]
70
[0.44955007]
71
[0.51941682]
72
[0.47311854]
73
[0.33798386]
74
[0.04900241]
75
[0.01579974]
76
[0.41623905]
77
[0.53973819]
78
[0.39047219]
79
[0.47841841]
80
[0.13081573]
81
[0.07427355]
82
[0.37089597]
83
[0.40904105]
84
[0.34747864]
85
[0.34842261]
86
[0.46077985]
87
[0.4063279]
88
[0.15154677]
89
[0.350445]
90
[0.28543106]
91
[0.35594633]
92
[0.43648132]
93
[0.3366446]
94
[0.50881887]
95
[0.12781382]
96
[0.38849342]
97
[0.40575137]
98
[0.286452]
99
[0.24679441]
100
[0.47149981]
101
[0.37890672]
102
[0.22562151]
103
[0.14357557]
104
[0.11324739]
105
[0.05993802]
106
[0.52356737]
107
[0.3606144]
108
[0.27288741]
109
[0.40359915]
110
[0.46454425]
111
[0.1200007]
112
[0.31718751]
113
[0.39931328]
114
[0.17778527]
115
[0.38621237]
116
[0.15611455]
117
[0.24532657]
118
[0.30778559]
119
[0.31943746]
120
[0.45055269]
121
[0.33182794]
122
[0.35934785]
123
[0.51903217]
124
[0.27786717]
125
[0.39445612]
126
[0.47145062]
127
[0.39558938]
128
[0.52206812]
129
[0.06852416]
130
[0.40062665]
131
[0.41146408]
132
[0.48527497]
133
[0.44220447]
134
[0.40510521]
135
[0.32640567]
136
[0.46042407]
137
[0.29906993]
138
[0.52719143]
139
[0.39072604]
140
[0.38941244]
141
[0.17119563]
142
[0.30195602]
143
[0.21983268]
144
[0.38034474]
145
[0.45868656]
146
[0.50960673]
147
[0.23424104]
148
[0.44070887]
149
[0.35562635]
150
[0.33670223]
151
[0.25262942]
152
[0.22706623]
153
[0.32369981]
154
[0.04145245]
155
[0.28892424]
156
[0.34228826]
157
[0.02014692]
158
[0.1200275]
159
[0.35505725]
160
[0.42253565]
161
[0.31977784]
162
[0.24296084]
163
[0.32856334]
164
[0.28838406]
165
[0.01428535]
166
[0.43899263]
167
[0.53004344]
168
[0.54226892]
169
[0.25374365]
170
[0.02656235]
171
[0.32821247]
172
[0.19338192]
173
[0.38188049]
174
[0.2900379]
175
[0.30936209]
176
[0.02282842]
177
[0.4248523]
178
[0.35163072]
179
[0.20488782]
180
[0.21778986]
181
[0.37848592]
182
[0.27132814]
183
[0.36998546]
184
[0.45837929]
185
[0.1172938]
186
[0.53673895]
187
[0.23352944]
188
[0.52579051]
189
[0.52406018]
190
[0.30063447]
191
[0.41216769]
192
[0.28335611]
193
[0.24051609]
194
[0.51406285]
195
[0.02458671]
196
[0.06370071]
197
[0.4116711]
198
[0.1831482]
199
[0.32402663]
200
[0.06682904]
201
[0.54566411]
202
[0.45316569]
203
[0.20138557]
204
[0.14849167]
205
[0.42581591]
206
[0.32221966]
207
[0.45612993]
208
[0.20262064]
209
[0.18903612]
210
[0.34137423]
211
[0.29966091]
212
[0.40316145]
213
[0.11486605]
214
[0.25844313]
215
[0.43367678]
216
[0.37747003]
217
[0.25576984]
218
[0.17545811]
219
[0.52408793]
220
[0.33521091]
221
[0.50424111]
222
[0.54178245]
223
[0.22953373]
224
[0.46930289]
225
[0.46527001]
226
[0.44505187]
227
[0.01806022]
228
[0.11071263]
229
[0.17562708]
230
[0.42805521]
231
[0.3576005]
232
[0.35126452]
233
[0.07081258]
234
[0.40217057]
235
[0.089926]
236
[0.53807295]
237
[0.23358228]
238
[0.1188686]
239
[0.45954285]
240
[0.04317964]
241
[0.51313373]
242
[0.06884732]
243
[0.3506643]
244
[0.48801072]
245
[0.32590119]
246
[0.13900248]
247
[0.35523733]
248
[0.44388651]
249
[0.11834225]
250
[0.16632247]
251
[0.35169081]
252
[0.18234522]
253
[0.26940347]
254
[0.4619384]
255
[0.44857499]
256
[0.20955708]
257
[0.20374532]
258
[0.05447359]
259
[0.47559402]
260
[0.33970891]
261
[0.48347135]
262
[0.42410293]
263
[0.42211394]
264
[0.37160422]
265
[0.19699488]
266
[0.12743037]
267
[0.3674865]
268
[0.36029705]
269
[0.26774929]
270
[0.21227558]
271
[0.18050743]
272
[0.36759334]
273
[0.20467901]
274
[0.27392726]
275
[0.38283981]
276
[0.07151213]
277
[0.12586735]
278
[0.03015727]
279
[0.09423089]
280
[0.05361028]
281
[0.42033488]
282
[0.47923718]
283
[0.26189117]
284
[0.10704231]
285
[0.1338261]
286
[0.53544594]
287
[0.0438754]
288
[0.40919061]
289
[0.18499292]
290
[0.48645049]
291
[0.50853537]
292
[0.08009673]
293
[0.26809489]
294
[0.2438851]
295
[0.38729088]
296
[0.34258552]
297
[0.21337239]
298
[0.13137466]
299
[0.26149648]
300
[0.46197653]
301
[0.29818643]
302
[0.06983899]
303
[0.4252925]
304
[0.05251745]
305
[0.37665725]
306
[0.34226467]
307
[0.03147278]
308
[0.48580986]
309
[0.39567125]
310
[0.08484144]
311
[0.40176003]
312
[0.45282095]
313
[0.37248552]
314
[0.09423568]
315
[0.10619538]
316
[0.10824927]
317
[0.36406683]
318
[0.27790874]
319
[0.23261358]
320
[0.35683998]
321
[0.09542789]
322
[0.3193444]
323
[0.36370075]
324
[0.35558751]
325
[0.04264765]
326
[0.32395869]
327
[0.09457507]
328
[0.39708225]
329
[0.18314757]
330
[0.051849]
331
[0.33544461]
332
[0.20099457]
333
[0.07815247]
334
[0.34407479]
335
[0.25475952]
336
[0.32862215]
337
[0.32834091]
338
[0.40354431]
339
[0.46697221]
340
[0.350019]
341
[0.19159563]
342
[0.35542301]
343
[0.02158592]
344
[0.48991516]
345
[0.05450401]
346
[0.44028596]
347
[0.49041171]
348
[0.15709987]
349
[0.34268444]
350
[0.54985294]
351
[0.36676154]
352
[0.19857491]
353
[0.05495542]
354
[0.2622689]
355
[0.31267108]
356
[0.13498923]
357
[0.4882369]
358
[0.31630602]
359
[0.38920866]
360
[0.27285862]
361
[0.30227137]
362
[0.44408933]
363
[0.30933589]
364
[0.09031371]
365
[0.31447402]
366
[0.281392]
367
[0.43483091]
368
[0.17855487]
369
[0.37472875]
370
[0.28979544]
371
[0.34863083]
372
[0.54113389]
373
[0.20081982]
374
[0.28361191]
375
[0.40197889]
376
[0.25621423]
377
[0.32302157]
378
[0.50177537]
379
[0.22952014]
380
[0.15684711]
381
[0.1677992]
382
[0.02647667]
383
[0.47821063]
384
[0.43176188]
385
[0.19137941]
386
[0.27289825]
387
[0.44936217]
388
[0.54445593]
389
[0.30681072]
390
[0.33085512]
391
[0.24892515]
392
[0.52006854]
393
[0.38547882]
394
[0.38137071]
395
[0.09478123]
396
[0.09262479]
397
[0.38860337]
398
[0.42530741]
399
[0.38198849]
400
[0.25678523]
401
[0.16628642]
402
[0.31909801]
403
[0.38379986]
404
[0.42621051]
405
[0.3364062]
406
[0.52807856]
407
[0.38370926]
408
[0.30637879]
409
[0.4100568]
410
[0.02941429]
411
[0.21962532]
412
[0.04830332]
413
[0.273147]
414
[0.4053168]
415
[0.327983]
416
[0.41602147]
417
[0.46590428]
418
[0.45664084]
419
[0.1867252]
420
[0.3415001]
421
[0.27897959]
422
[0.41328069]
423
[0.22872031]
424
[0.22694209]
425
[0.19441611]
426
[0.3682061]
427
[0.04381646]
428
[0.36386752]
429
[0.36638784]
430
[0.19295227]
431
[0.35884129]
432
[0.34200125]
433
[0.3144921]
434
[0.42462342]
435
[0.37939366]
436
[0.03482731]
437
[0.33716633]
438
[0.30386885]
439
[0.09740552]
440
[0.4393587]
441
[0.30227126]
442
[0.04580024]
443
[0.33459309]
444
[0.19228353]
445
[0.51789358]
446
[0.54753374]
447
[0.18937138]
448
[0.51861405]
449
[0.16301567]
450
[0.07222114]
451
[0.26976442]
452
[0.42722079]
453
[0.14035383]
454
[0.16596382]
455
[0.17502242]
456
[0.36147477]
457
[0.456161]
458
[0.29388521]
459
[0.21467006]
460
[0.5246094]
461
[0.34947012]
462
[0.28309833]
463
[0.18988283]
464
[0.41123505]
465
[0.26771246]
466
[0.14953574]
467
[0.31461013]
468
[0.36511786]
469
[0.41933087]
470
[0.06988362]
471
[0.45972862]
472
[0.28759528]
473
[0.36433248]
474
[0.01493845]
475
[0.2134827]
476
[0.1391283]
477
[0.3295873]
478
[0.15491201]
479
[0.31396634]
480
[0.31990112]
481
[0.18196421]
482
[0.27198561]
483
[0.35906792]
484
[0.07952599]
485
[0.40341089]
486
[0.48294462]
487
[0.40586117]
488
[0.30839788]
489
[0.50403488]
490
[0.14594317]
491
[0.22780228]
492
[0.48931108]
493
[0.43038711]
494
[0.52953862]
495
[0.0722406]
496
[0.51068296]
497
[0.24907159]
498
[0.34293084]
499
[0.13801097]
500
[0.27326304]
501
[0.19182602]
502
[0.52312747]
503
[0.06426006]
504
[0.10226409]
505
[0.4961356]
506
[0.38663148]
507
[0.35420968]
508
[0.2209982]
509
[0.46028015]
510
[0.51651856]
511
[0.26059341]
512
[0.45439352]
513
[0.32786782]
514
[0.32984483]
515
[0.31242533]
516
[0.02301324]
517
[0.31840903]
518
[0.42485789]
519
[0.33612198]
520
[0.21464439]
521
[0.39104771]
522
[0.24456209]
523
[0.25878522]
524
[0.35666094]
525
[0.27411994]
526
[0.5004017]
527
[0.30195632]
528
[0.2302069]
529
[0.18184932]
530
[0.41711773]
531
[0.24197486]
532
[0.32459449]
533
[0.46401646]
534
[0.13334668]
535
[0.45630639]
536
[0.1161968]
537
[0.5263084]
538
[0.30863636]
539
[0.21345299]
540
[0.4665536]
541
[0.33410152]
542
[0.31501134]
543
[0.23698791]
544
[0.13727973]
545
[0.29131729]
546
[0.22754155]
547
[0.25741597]
548
[0.54126232]
549
[0.32395644]
550
[0.33195823]
551
[0.41370068]
552
[0.44905072]
553
[0.33056202]
554
[0.51024281]
555
[0.42390463]
556
[0.33414662]
557
[0.38381203]
558
[0.34087651]
559
[0.30386319]
560
[0.39513289]
561
[0.37330841]
562
[0.27538308]
563
[0.38940028]
564
[0.46905115]
565
[0.11617207]
566
[0.22513087]
567
[0.2233023]
568
[0.29619025]
569
[0.48035017]
570
[0.15949293]
571
[0.43333216]
572
[0.10632139]
573
[0.47131308]
574
[0.27543445]
575
[0.31360419]
576
[0.31330661]
577
[0.36068501]
578
[0.19985909]
579
[0.42117128]
580
[0.26576979]
581
[0.38445325]
582
[0.34468077]
583
[0.29162016]
584
[0.23417113]
585
[0.24069844]
586
[0.14024932]
587
[0.40352112]
588
[0.33608069]
589
[0.45297374]
590
[0.4140925]
591
[0.12209227]
592
[0.06093762]
593
[0.44110305]
594
[0.49682292]
595
[0.41976101]
596
[0.44303184]
597
[0.38810122]
598
[0.28309827]
599
[0.03684598]
600
[0.30254311]
601
[0.47842702]
602
[0.13314568]
603
[0.03081353]
604
[0.3027225]
605
[0.4283561]
606
[0.28193735]
607
[0.3165826]
608
[0.36991065]
609
[0.46466984]
610
[0.14467209]
611
[0.36920426]
612
[0.27609032]
613
[0.02117474]
614
[0.33292587]
615
[0.135849]
616
[0.37582517]
617
[0.4374643]
618
[0.16774396]
619
[0.24777887]
620
[0.14767894]
621
[0.2503131]
622
[0.17087739]
623
[0.18171433]
624
[0.37866267]
625
[0.38875863]
626
[0.34863258]
627
[0.46995739]
628
[0.08985739]
629
[0.0284159]
630
[0.20983639]
631
[0.45730193]
632
[0.43958184]
633
[0.01557341]
634
[0.26972067]
635
[0.42624358]
636
[0.53148089]
637
[0.46031028]
638
[0.40965146]
639
[0.3532505]
640
[0.45784822]
641
[0.16113732]
642
[0.37678278]
643
[0.40933369]
644
[0.29987794]
645
[0.51252445]
646
[0.43112402]
647
[0.38128462]
648
[0.38983911]
649
[0.54526206]
650
[0.38326578]
651
[0.1804002]
652
[0.13705605]
653
[0.43304559]
654
[0.07717224]
655
[0.17200857]
656
[0.11579306]
657
[0.05013314]
658
[0.01556031]
659
[0.336195]
660
[0.32439126]
661
[0.44981858]
662
[0.27153318]
663
[0.30058272]
664
[0.14880146]
665
[0.37360186]
666
[0.3986599]
667
[0.14897972]
668
[0.38425848]
669
[0.40791343]
670
[0.27138321]
671
[0.15195234]
672
[0.35715148]
673
[0.13059576]
674
[0.20860656]
675
[0.20177761]
676
[0.3570741]
677
[0.09633892]
678
[0.32719743]
679
[0.54697953]
680
[0.26850621]
681
[0.03194084]
682
[0.45416131]
683
[0.42752595]
684
[0.10416286]
685
[0.33187408]
686
[0.2350075]
687
[0.38041928]
688
[0.39149764]
689
[0.09483555]
690
[0.42522767]
691
[0.30580001]
692
[0.0443729]
693
[0.32826408]
694
[0.45402156]
695
[0.06447173]
696
[0.35195584]
697
[0.28996433]
698
[0.4153119]
699
[0.19350449]
700
[0.5509622]
701
[0.36444033]
702
[0.32737413]
703
[0.46728245]
704
[0.46334015]
705
[0.46169492]
706
[0.12214719]
707
[0.38261066]
708
[0.36350275]
709
[0.31211826]
710
[0.54017729]
711
[0.33970063]
712
[0.25350366]
713
[0.04244577]
714
[0.50628823]
715
[0.3816414]
716
[0.32171256]
717
[0.35394303]
718
[0.49690426]
719
[0.3513226]
720
[0.35325584]
721
[0.27209448]
722
[0.18091239]
723
[0.34748041]
724
[0.34639045]
725
[0.26400439]
726
[0.24871753]
727
[0.4724396]
728
[0.22457122]
729
[0.49787416]
730
[0.30641643]
731
[0.4085984]
732
[0.40248538]
733
[0.19603397]
734
[0.40779761]
735
[0.38387464]
736
[0.05388082]
737
[0.05228505]
738
[0.45579481]
739
[0.26145784]
740
[0.2706344]
741
[0.06757041]
742
[0.4964813]
743
[0.1558695]
744
[0.33974278]
745
[0.30781677]
746
[0.30234303]
747
[0.02090023]
748
[0.35771385]
749
[0.2650201]
750
[0.1203499]
751
[0.51385905]
752
[0.36795838]
753
[0.32006932]
754
[0.13523966]
755
[0.07500318]
756
[0.37485521]
757
[0.4071254]
758
[0.43828377]
759
[0.22381116]
760
[0.40201601]
761
[0.24573703]
762
[0.35522843]
763
[0.53172179]
764
[0.2115285]
765
[0.33963847]
766
[0.21335222]
767
[0.20338843]
768
[0.34470517]
769
[0.05837261]
770
[0.08431726]
771
[0.375437]
772
[0.18016609]
773
[0.46251307]
774
[0.43121093]
775
[0.50621636]
776
[0.27083946]
777
[0.04157118]
778
[0.20610647]
779
[0.03408684]
780
[0.25515636]
781
[0.39761378]
782
[0.32357633]
783
[0.30026248]
784
[0.37318966]
785
[0.50198847]
786
[0.35714129]
787
[0.4623505]
788
[0.37837702]
789
[0.11020714]
790
[0.11727098]
791
[0.25499725]
792
[0.25228778]
793
[0.14229209]
794
[0.1339356]
795
[0.48816203]
796
[0.5309318]
797
[0.43743854]
798
[0.40797832]
799
[0.52654738]
800
[0.50296567]
801
[0.39147658]
802
[0.30135122]
803
[0.49765312]
804
[0.54521813]
805
[0.54023514]
806
[0.43335128]
807
[0.37031238]
808
[0.0471408]
809
[0.40657509]
810
[0.35452632]
811
[0.07600823]
812
[0.15911574]
813
[0.37996372]
814
[0.22907982]
815
[0.17751424]
816
[0.46425398]
817
[0.37268973]
818
[0.45210417]
819
[0.15557224]
820
[0.06110275]
821
[0.06163933]
822
[0.35584499]
823
[0.1410947]
824
[0.08877255]
825
[0.27663847]
826
[0.01851862]
827
[0.3840087]
828
[0.51481733]
829
[0.38741497]
830
[0.50307661]
831
[0.15273732]
832
[0.41343131]
833
[0.40736338]
834
[0.34865841]
835
[0.46848802]
836
[0.50822467]
837
[0.37785799]
838
[0.4131422]
839
[0.37431927]
840
[0.35165368]
841
[0.46452618]
842
[0.17914534]
843
[0.40846633]
844
[0.02122173]
845
[0.3203574]
846
[0.34356237]
847
[0.05627142]
848
[0.36251582]
849
[0.51360812]
850
[0.29776147]
851
[0.17571415]
852
[0.33976536]
853
[0.4310528]
854
[0.1329305]
855
[0.09460644]
856
[0.5307255]
857
[0.37777414]
858
[0.35540896]
859
[0.36368839]
860
[0.2229632]
861
[0.37422004]
862
[0.01635518]
863
[0.32348592]
864
[0.37220289]
865
[0.27921237]
866
[0.35865177]
867
[0.27239057]
868
[0.0606007]
869
[0.38534761]
870
[0.51833885]
871
[0.38101037]
872
[0.20164503]
873
[0.40888316]
874
[0.3044756]
875
[0.39063239]
876
[0.29556741]
877
[0.47906646]
878
[0.54805136]
879
[0.10233499]
880
[0.53563381]
881
[0.3553072]
882
[0.39822074]
883
[0.5236115]
884
[0.31967558]
885
[0.36701388]
886
[0.26275645]
887
[0.41523939]
888
[0.07632648]
889
[0.43190863]
890
[0.05154985]
891
[0.14321948]
892
[0.24251271]
893
[0.43611323]
894
[0.07140592]
895
[0.27718909]
896
[0.31810309]
897
[0.42825883]
898
[0.51679798]
899
[0.51855584]
900
[0.40632482]
901
[0.47024089]
902
[0.26498966]
903
[0.43970819]
904
[0.3819308]
905
[0.38407295]
906
[0.46592293]
907
[0.12106812]
908
[0.49246258]
909
[0.38699451]
910
[0.34701718]
911
[0.17358088]
912
[0.3789919]
913
[0.42790182]
914
[0.24608175]
915
[0.38858745]
916
[0.48507022]
917
[0.22830909]
918
[0.23427509]
919
[0.52531833]
920
[0.18146526]
921
[0.01959581]
922
[0.21178528]
923
[0.19305106]
924
[0.24864962]
925
[0.11042532]
926
[0.40049942]
927
[0.36386467]
928
[0.05069338]
929
[0.48523313]
930
[0.23419619]
931
[0.21801904]
932
[0.46773168]
933
[0.23427025]
934
[0.46440277]
935
[0.43382143]
936
[0.25703305]
937
[0.40731735]
938
[0.16308302]
939
[0.34568699]
940
[0.01923775]
941
[0.26571945]
942
[0.18969931]
943
[0.16086968]
944
[0.31168273]
945
[0.32003408]
946
[0.04825533]
947
[0.45311584]
948
[0.1668933]
949
[0.27772024]
950
[0.29829145]
951
[0.2757819]
952
[0.51422921]
953
[0.19162554]
954
[0.21084076]
955
[0.24566682]
956
[0.54781005]
957
[0.3376172]
958
[0.07339956]
959
[0.46770033]
960
[0.41239612]
961
[0.3623484]
962
[0.43471324]
963
[0.37029238]
964
[0.39281531]
965
[0.1177396]
966
[0.23809923]
967
[0.20209761]
968
[0.5433315]
969
[0.20493959]
970
[0.0687863]
971
[0.02200838]
972
[0.26503495]
973
[0.42083187]
974
[0.52134319]
975
[0.32999412]
976
[0.2400785]
977
[0.38412404]
978
[0.53629764]
979
[0.44437869]
980
[0.39597867]
981
[0.26433231]
982
[0.52627862]
983
[0.24878845]
984
[0.1337442]
985
[0.32608816]
986
[0.42536472]
987
[0.36360892]
988
[0.4249873]
989
[0.0562437]
990
[0.42687692]
991
[0.17610356]
992
[0.21844758]
993
[0.30057397]
994
[0.47555688]
995
[0.50425724]
996
[0.36625048]
997
[0.40290138]
998
[0.24308921]
999
[0.41062027]
[1] 5000   11
[1] 5000   11
