LOADING R
R LOADED
[1] "/home/lvanderl/Rlibs2"                         
[2] "/app/software/R/4.3.1-gfbf-2022b/lib/R/library"
[1] "/home/lvanderl/sieveSims"
[1] "gam 1 4"
[1] 0.04545515
[1] 0.04545515
[1] 0.04545515
37.55102040816327
0
[0.0945626]
1
[0.13059688]
2
[0.18561195]
3
[0.17573006]
4
[0.06567595]
5
[0.17760893]
6
[0.11487191]
7
[0.06812396]
8
[0.18615361]
9
[0.18600735]
10
[0.18314607]
11
[0.03615859]
12
[0.115929]
13
[0.14695901]
14
[0.18527791]
15
[0.1489623]
16
[0.18315651]
17
[0.18502353]
18
[0.09552608]
19
[0.16513432]
20
[0.12942071]
21
[0.182326]
22
[0.12293402]
23
[0.1887862]
24
[0.14510932]
25
[0.08856479]
26
[0.08004773]
27
[0.18886596]
28
[0.10093808]
29
[0.17218404]
30
[0.18803415]
31
[0.09425221]
32
[0.18395357]
33
[0.18559893]
34
[0.09503438]
35
[0.18900917]
36
[0.12578718]
37
[0.18549777]
38
[0.16617826]
39
[0.17797453]
40
[0.18565809]
41
[0.17694135]
42
[0.07721099]
43
[0.15106485]
44
[0.18403064]
45
[0.18688542]
46
[0.18711349]
47
[0.18528498]
48
[0.1828712]
49
[0.17945796]
50
[0.187549]
51
[0.17751935]
52
[0.15860729]
53
[0.14936252]
54
[0.16195396]
55
[0.18105796]
56
[0.16080029]
57
[0.18722373]
58
[0.09338]
59
[0.15773969]
60
[0.16583008]
61
[0.12167989]
62
[0.18203348]
63
[0.17472971]
64
[0.16631215]
65
[0.18668087]
66
[0.18752777]
67
[0.17250522]
68
[0.08099737]
69
[0.1605473]
70
[0.10273044]
71
[0.17527624]
72
[0.1856753]
73
[0.17919153]
74
[0.17568442]
75
[0.17897767]
76
[0.10501288]
77
[0.18709088]
78
[0.18820572]
79
[0.17221381]
80
[0.17771164]
81
[0.18166945]
82
[0.08666096]
83
[0.1801456]
84
[0.17822313]
85
[0.18518644]
86
[0.17330933]
87
[0.18422957]
88
[0.18824172]
89
[0.18880914]
90
[0.17379941]
91
[0.11785856]
92
[0.0933417]
93
[0.18681754]
94
[0.15207818]
95
[0.08634943]
96
[0.18858776]
97
[0.06995694]
98
[0.17935396]
99
[0.18654514]
100
[0.11085332]
101
[0.17945198]
102
[0.18857518]
103
[0.08649851]
104
[0.17925347]
105
[0.18903901]
106
[0.07765394]
107
[0.10196524]
108
[0.03621298]
109
[0.1802429]
110
[0.18097111]
111
[0.12945822]
112
[0.09619249]
113
[0.18343678]
114
[0.17128501]
115
[0.185898]
116
[0.1873866]
117
[0.16527915]
118
[0.08844789]
119
[0.10245037]
120
[0.06776039]
121
[0.11563081]
122
[0.16439368]
123
[0.10281315]
124
[0.11246094]
125
[0.16667913]
126
[0.08454464]
127
[0.18589211]
128
[0.1545876]
129
[0.08546853]
130
[0.12000434]
131
[0.06524419]
132
[0.17522439]
133
[0.16857445]
134
[0.16120042]
135
[0.12739746]
136
[0.16934145]
137
[0.13572565]
138
[0.18678768]
139
[0.18896446]
140
[0.11888117]
141
[0.1716965]
142
[0.16968519]
143
[0.13477781]
144
[0.15944019]
145
[0.18334184]
146
[0.07650132]
147
[0.18485185]
148
[0.18771607]
149
[0.18180441]
150
[0.17074196]
151
[0.18767754]
152
[0.18399227]
153
[0.10413545]
154
[0.09904804]
155
[0.15946754]
156
[0.18005736]
157
[0.17925746]
158
[0.17739892]
159
[0.08318288]
160
[0.17975163]
161
[0.18176322]
162
[0.18522385]
163
[0.15509215]
164
[0.12826638]
165
[0.13724469]
166
[0.08679879]
167
[0.08404643]
168
[0.0794744]
169
[0.12650107]
170
[0.17650527]
171
[0.10099613]
172
[0.14822936]
173
[0.1734145]
174
[0.13660661]
175
[0.15701398]
176
[0.18836641]
177
[0.16122991]
178
[0.16179829]
179
[0.1198866]
180
[0.18749491]
181
[0.18298644]
182
[0.16743829]
183
[0.1326487]
184
[0.17229612]
185
[0.08673997]
186
[0.18381536]
187
[0.181191]
188
[0.15664617]
189
[0.17664373]
190
[0.15664012]
191
[0.16964565]
192
[0.18721561]
193
[0.18705979]
194
[0.11017315]
195
[0.18499323]
196
[0.17420076]
197
[0.18587042]
198
[0.18730696]
199
[0.16379764]
200
[0.15563832]
201
[0.06577619]
202
[0.18091709]
203
[0.17007904]
204
[0.17630232]
205
[0.17343898]
206
[0.1230678]
207
[0.14658391]
208
[0.18562284]
209
[0.13551492]
210
[0.16831515]
211
[0.10410546]
212
[0.06726626]
213
[0.17657039]
214
[0.18622207]
215
[0.18807744]
216
[0.13291896]
217
[0.14285091]
218
[0.14340688]
219
[0.18001099]
220
[0.11537716]
221
[0.17468135]
222
[0.16611686]
223
[0.1878975]
224
[0.18474154]
225
[0.07318864]
226
[0.17721914]
227
[0.18902998]
228
[0.15851603]
229
[0.188312]
230
[0.13963275]
231
[0.08741371]
232
[0.07833067]
233
[0.1861641]
234
[0.06475311]
235
[0.1879024]
236
[0.16462172]
237
[0.17736587]
238
[0.15677678]
239
[0.18889482]
240
[0.18180444]
241
[0.17467908]
242
[0.16696402]
243
[0.18161505]
244
[0.15409763]
245
[0.07490629]
246
[0.11222965]
247
[0.18157104]
248
[0.17616947]
249
[0.16314097]
250
[0.18552489]
251
[0.17967808]
252
[0.18718174]
253
[0.18756451]
254
[0.1862414]
255
[0.18884526]
256
[0.14985557]
257
[0.13565232]
258
[0.17812156]
259
[0.13833261]
260
[0.18903235]
261
[0.0874605]
262
[0.13696462]
263
[0.11278064]
264
[0.156128]
265
[0.18063744]
266
[0.18530054]
267
[0.16444143]
268
[0.13543183]
269
[0.18747228]
270
[0.17761977]
271
[0.17516208]
272
[0.15275091]
273
[0.18824997]
274
[0.09571516]
275
[0.14133473]
276
[0.17693092]
277
[0.18871113]
278
[0.12453278]
279
[0.17846509]
280
[0.17085927]
281
[0.18630534]
282
[0.18892037]
283
[0.16954168]
284
[0.1696393]
285
[0.18728666]
286
[0.15724111]
287
[0.12367542]
288
[0.07846674]
289
[0.16025284]
290
[0.08380369]
291
[0.17700718]
292
[0.1883095]
293
[0.16247462]
294
[0.08388367]
295
[0.06745909]
296
[0.10904066]
297
[0.08445985]
298
[0.13387009]
299
[0.14082719]
300
[0.18330389]
301
[0.17305924]
302
[0.06725775]
303
[0.17036208]
304
[0.11730307]
305
[0.18425191]
306
[0.11172779]
307
[0.10250629]
308
[0.17319996]
309
[0.17909832]
310
[0.17574161]
311
[0.081488]
312
[0.16480238]
313
[0.17051416]
314
[0.09254999]
315
[0.16351586]
316
[0.18641803]
317
[0.08902681]
318
[0.16907779]
319
[0.18854426]
320
[0.17696478]
321
[0.0724578]
322
[0.15540323]
323
[0.1878975]
324
[0.1551936]
325
[0.18891673]
326
[0.09534809]
327
[0.14611171]
328
[0.17526374]
329
[0.18550032]
330
[0.15694167]
331
[0.18903072]
332
[0.18558006]
333
[0.13900233]
334
[0.06639]
335
[0.15541963]
336
[0.18413839]
337
[0.08669285]
338
[0.1883139]
339
[0.08678707]
340
[0.14304996]
341
[0.06755317]
342
[0.1626081]
343
[0.15759946]
344
[0.12044696]
345
[0.10915211]
346
[0.06973682]
347
[0.17991142]
348
[0.17897629]
349
[0.17770941]
350
[0.18156936]
351
[0.154851]
352
[0.11496799]
353
[0.18280448]
354
[0.18823337]
355
[0.11831616]
356
[0.10941385]
357
[0.18247169]
358
[0.18698109]
359
[0.14798701]
360
[0.13147299]
361
[0.17373147]
362
[0.10627307]
363
[0.18696219]
364
[0.11082754]
365
[0.12603889]
366
[0.18870802]
367
[0.14369841]
368
[0.07687463]
369
[0.18644062]
370
[0.16441676]
371
[0.18782402]
372
[0.1855147]
373
[0.17475673]
374
[0.07144074]
375
[0.14342747]
376
The solver didn't work
377
[0.16343475]
378
[0.18816079]
379
[0.18329377]
380
[0.12635631]
381
[0.16262706]
382
[0.06667185]
383
[0.16487954]
384
[0.18298042]
385
[0.15610277]
386
[0.18065759]
387
[0.18898848]
388
[0.18446074]
389
[0.17706875]
390
[0.18725313]
391
[0.17266456]
392
[0.14283032]
393
[0.18631274]
394
[0.16372544]
395
[0.18605441]
396
[0.18609477]
397
[0.15941513]
398
[0.16297777]
399
[0.10518674]
400
[0.10005074]
401
[0.17440622]
402
[0.18731583]
403
[0.15428687]
404
[0.08523797]
405
[0.15884858]
406
[0.11804577]
407
[0.07186079]
408
[0.0849276]
409
[0.18642708]
410
[0.18802358]
411
[0.18653269]
412
[0.10828771]
413
[0.10811024]
414
[0.17823531]
415
[0.1830168]
416
[0.1723694]
417
[0.16439382]
418
[0.16757461]
419
[0.16327196]
420
[0.15615711]
421
[0.0707185]
422
[0.1605947]
423
[0.11263301]
424
[0.18274517]
425
[0.07054584]
426
[0.1822632]
427
[0.08674918]
428
The solver didn't work
429
[0.17124559]
430
[0.07507903]
431
[0.18675192]
432
[0.08497505]
433
[0.18896008]
434
[0.18342267]
435
[0.08561129]
436
[0.1814809]
437
[0.17456239]
438
[0.18705379]
439
[0.14506331]
440
[0.08423291]
441
[0.1792543]
442
[0.13837547]
443
[0.07375854]
444
[0.13187125]
445
[0.18074297]
446
[0.17276478]
447
[0.17538591]
448
[0.18423033]
449
[0.1883394]
450
[0.16577381]
451
[0.18009923]
452
[0.18681493]
453
[0.15521678]
454
[0.18899471]
455
[0.1611588]
456
[0.18206693]
457
[0.14913102]
458
[0.07788688]
459
[0.18683209]
460
[0.17097342]
461
[0.18009289]
462
[0.09084541]
463
[0.17268508]
464
[0.18812711]
465
[0.07116734]
466
[0.15841577]
467
[0.16850548]
468
[0.18852865]
469
[0.1125941]
470
[0.16693264]
471
[0.18619948]
472
[0.18904066]
473
[0.15522315]
474
[0.18203348]
475
[0.17405688]
476
[0.18365739]
477
[0.08418323]
478
[0.10507146]
479
[0.1662663]
480
[0.18872388]
481
[0.18665783]
482
[0.11454411]
483
[0.09760791]
484
[0.10136718]
485
[0.18419019]
486
[0.1644614]
487
[0.18178564]
488
[0.16299642]
489
[0.17616595]
490
[0.17967079]
491
[0.18528147]
492
[0.16924594]
493
[0.18257355]
494
[0.11385351]
495
[0.11946102]
496
[0.17824476]
497
[0.1774933]
498
[0.18290291]
499
[1] 2500   11
[1] 2498   11
[0.105317]
