LOADING R
R LOADED
[1] "/home/lvanderl/Rlibs2"                         
[2] "/app/software/R/4.3.1-gfbf-2022b/lib/R/library"
[1] "/home/lvanderl/sieveSims"
[1] "rf 5 1"
[1] "histogram binning"
[1] 0.135455
[1] 0.135455
[1] "mondrian"
[1] "iso"
[1] 0.135455
[1] "conditional"
[   10.            11.51395399    13.25711366    15.26417967
    17.57510625    20.23589648    23.29951811    26.82695795
    30.88843596    35.56480306    40.94915062    47.14866363
    54.28675439    62.50551925    71.9685673     82.86427729
    95.40954763   109.8541142    126.48552169   145.63484775
   167.68329368   193.06977289   222.29964825   255.95479227
   294.70517026   339.32217719   390.69399371   449.8432669
   517.94746792   596.36233166   686.648845     790.60432109
   910.29817799  1048.11313415  1206.79264064  1389.49549437
  1599.85871961  1842.06996933  2120.95088792  2442.05309455
  2811.76869797  3237.45754282  3727.59372031  4291.93426013
  4941.71336132  5689.86602902  6551.2855686   7543.12006335
  8685.11373751 10000.        ]
[0.17725657 0.17431105 0.17490624 0.17187561 0.17001579 0.16905103
 0.16541399 0.16321119 0.15633117 0.15583045 0.16005799 0.15490122
 0.15946106 0.16299306 0.1603124  0.17036062 0.17479986 0.1826156
 0.16085424 0.16215141 0.20136741 0.18657016 0.20927122 0.22849891
 0.222349   0.2120102  0.25301801 0.26605961 0.28164122 0.34985237
 0.35648812 0.32391881 0.36812994 0.40715166 0.55583818 0.40680424
 0.60874889 0.73856075 0.70538035 0.91743907 1.04543116 1.19266412
 1.21109297 1.30943533 1.5533584  1.73327153 2.1473962  2.27200407
 2.06731142 2.12300079]
47.14866363457395
0.0212095088792019
0
[0.17819611]
1
[0.15732975]
2
[0.09997066]
3
[0.12053737]
4
[0.17912556]
5
[0.16256389]
6
[0.11386156]
7
[0.15068586]
8
[0.15383505]
9
[0.14569099]
10
[0.18775875]
11
[0.12113637]
12
[0.12788084]
13
[0.12026944]
14
[0.18518452]
15
[0.2157364]
16
[0.18015916]
17
[0.16269822]
18
[0.19746765]
19
[0.12743563]
20
[0.11544675]
21
[0.16652939]
22
[0.16379163]
23
[0.14740737]
24
[0.16474144]
25
[0.16466339]
26
[0.12949933]
27
[0.17186264]
28
[0.13572549]
29
[0.1638822]
30
[0.19559839]
31
[0.14067087]
32
[0.14912456]
33
[0.20757452]
34
[0.15762768]
35
[0.15998245]
36
[0.13942598]
37
[0.14140899]
38
[0.1959575]
39
[0.15299237]
40
[0.15431133]
41
[0.21235332]
42
[0.18627768]
43
[0.19374224]
44
[0.18261526]
45
[0.21030782]
46
[0.13126767]
47
[0.13782686]
48
[0.12116485]
49
[0.18985364]
50
[0.14451673]
51
[0.2098985]
52
[0.18776199]
53
[0.11992111]
54
[0.16700205]
55
[0.12045489]
56
[0.12544016]
57
[0.14213804]
58
[0.1289584]
59
[0.14040788]
60
[0.16240724]
61
[0.1722813]
62
[0.13983253]
63
[0.18593656]
64
[0.1984975]
65
[0.18771257]
66
[0.08209319]
67
[0.14653423]
68
[0.15317444]
69
[0.17523181]
70
[0.17849276]
71
[0.16162088]
72
[0.17151759]
73
[0.2022195]
74
[0.12825281]
75
[0.1930676]
76
[0.12426561]
77
[0.14149182]
78
[0.16346773]
79
[0.18899145]
80
[0.1469841]
81
[0.13048841]
82
[0.16536507]
83
[0.15090252]
84
[0.15995478]
85
[0.16447189]
86
[0.11874315]
87
[0.15048877]
88
[0.19147632]
89
[0.16401698]
90
[0.18912361]
91
[0.16044122]
92
[0.08953571]
93
[0.15519008]
94
[0.23709012]
95
[0.14957239]
96
[0.18595636]
97
[0.19670926]
98
[0.14154043]
99
[0.14981678]
100
[0.18275489]
101
[0.16727915]
102
[0.12567167]
103
[0.16001725]
104
[0.16070172]
105
[0.18845826]
106
[0.14964881]
107
[0.1249233]
108
[0.21073851]
109
[0.14480538]
110
[0.16887326]
111
[0.12181509]
112
[0.20409853]
113
[0.1389768]
114
[0.1610379]
115
[0.14997079]
116
[0.12959977]
117
[0.16357786]
118
[0.16472537]
119
[0.10400748]
120
[0.12063001]
121
[0.20271838]
122
[0.16480242]
123
[0.15564676]
124
[0.16591361]
125
[0.14234604]
126
[0.13475035]
127
[0.18244751]
128
[0.13462054]
129
[0.16628535]
130
[0.19100082]
131
[0.18122244]
132
[0.13336732]
133
[0.15346554]
134
[0.14822809]
135
[0.23338675]
136
[0.1714407]
137
[0.16898312]
138
[0.16709478]
139
[0.16129688]
140
[0.14509641]
141
[0.17147546]
142
[0.15968098]
143
[0.12973267]
144
[0.13039934]
145
[0.18156254]
146
[0.16562679]
147
[0.12723657]
148
[0.18648713]
149
[0.1697471]
150
[0.10455651]
151
[0.15856156]
152
[0.134433]
153
[0.12556891]
154
[0.17838839]
155
[0.16293192]
156
[0.15860768]
157
[0.12417764]
158
[0.20396052]
159
[0.14231811]
160
[0.14995074]
161
[0.1272359]
162
[0.15221589]
163
[0.19676839]
164
[0.08670974]
165
[0.21345346]
166
[0.15566883]
167
[0.16078633]
168
[0.13907806]
169
[0.22686086]
170
[0.166055]
171
[0.1669911]
172
[0.17169025]
173
[0.19155716]
174
[0.17869556]
175
[0.15101625]
176
[0.18335938]
177
[0.17195178]
178
[0.14479575]
179
[0.21326353]
180
[0.12000436]
181
[0.15479452]
182
[0.1827739]
183
[0.13424635]
184
[0.18985927]
185
[0.18512308]
186
[0.16383383]
187
[0.14856942]
188
[0.10898101]
189
[0.15613669]
190
[0.16975406]
191
[0.1735249]
192
[0.16269608]
193
[0.1455654]
194
[0.12350277]
195
[0.16523987]
196
[0.13585516]
197
[0.21954949]
198
[0.20030396]
199
[0.14525758]
200
[0.15141319]
201
[0.15159636]
202
[0.19729433]
203
[0.12137122]
204
[0.18374582]
205
[0.12170639]
206
[0.18403982]
207
[0.13559901]
208
[0.15575687]
209
[0.1841354]
210
[0.15778091]
211
[0.17909855]
212
[0.11470559]
213
[0.17502997]
214
[0.14089363]
215
[0.18764955]
216
[0.1408111]
217
[0.18199695]
218
[0.14810421]
219
[0.17503615]
220
[0.13101403]
221
[0.16188811]
222
[0.11454416]
223
[0.15420487]
224
[0.1895112]
225
[0.14966993]
226
[0.12235308]
227
[0.12293651]
228
[0.16436054]
229
[0.17570844]
230
[0.14880296]
231
[0.1735763]
232
[0.19649614]
233
[0.12704059]
234
[0.1088141]
235
[0.18536474]
236
[0.13692169]
237
[0.24353999]
238
[0.14279331]
239
[0.15776035]
240
[0.18201897]
241
[0.14031215]
242
[0.22399994]
243
[0.18330658]
244
[0.17375118]
245
[0.16605052]
246
[0.19661219]
247
[0.12929195]
248
[0.17417994]
249
[0.18188521]
250
[0.16720952]
251
[0.15798985]
252
[0.15937213]
253
[0.14587851]
254
[0.1781499]
255
[0.20100407]
256
[0.13821768]
257
[0.12381857]
258
[0.20420987]
259
[0.14274936]
260
[0.13324387]
261
[0.15958528]
262
[0.1107407]
263
[0.16869984]
264
[0.13353681]
265
[0.16017218]
266
[0.15173017]
267
[0.1276586]
268
[0.19235943]
269
[0.12185685]
270
[0.13458351]
271
[0.17318093]
272
[0.17117068]
273
[0.23801398]
274
[0.14195546]
275
[0.13482896]
276
[0.1680801]
277
[0.13830334]
278
[0.16967843]
279
[0.14255751]
280
[0.12804811]
281
[0.15379783]
282
[0.20826365]
283
[0.15115249]
284
[0.16814647]
285
[0.17472176]
286
[0.15111404]
287
[0.1800617]
288
[0.13449353]
289
[0.14278288]
290
[0.14545029]
291
[0.12086123]
292
[0.10896664]
293
[0.17338417]
294
[0.12143651]
295
[0.1649403]
296
[0.17117068]
297
[0.15837895]
298
[0.22386582]
299
[0.14196028]
300
[0.1738327]
301
[0.14472026]
302
[0.14840135]
303
[0.18724821]
304
[0.17968006]
305
[0.11902503]
306
[0.17230699]
307
[0.18078096]
308
[0.1782487]
309
[0.13650874]
310
[0.19797242]
311
[0.13728856]
312
[0.1731676]
313
[0.16688715]
314
[0.16665257]
315
[0.16188811]
316
[0.14034514]
317
[0.16204393]
318
[0.14391066]
319
[0.14870303]
320
[0.13575124]
321
[0.14068938]
322
[0.17527761]
323
[0.13936427]
324
[0.17835379]
325
[0.19431173]
326
[0.16388305]
327
[0.18173587]
328
[0.18774018]
329
[0.14317728]
330
[0.22318833]
331
[0.139211]
332
[0.13098757]
333
[0.16626604]
334
[0.15445955]
335
[0.14790665]
336
[0.15146022]
337
[0.17797559]
338
[0.17912174]
339
[0.18129307]
340
[0.17093115]
341
[0.18402715]
342
[0.14214212]
343
[0.17859579]
344
[0.14098626]
345
[0.13552012]
346
[0.15833018]
347
[0.14188417]
348
[0.17400763]
349
[0.19458916]
350
[0.17030445]
351
[0.16623724]
352
[0.15076605]
353
[0.13399537]
354
[0.16420875]
355
[0.1749973]
356
[0.18868903]
357
[0.15910621]
358
[0.23854717]
359
[0.13461791]
360
[0.15320431]
361
[0.15726369]
362
[0.16588942]
363
[0.21467557]
364
[0.16405272]
365
[0.16274615]
366
[0.14762881]
367
[0.14127512]
368
[0.14281731]
369
[0.16536907]
370
[0.20962339]
371
[0.18137684]
372
[0.14733205]
373
[0.17605925]
374
[0.11716933]
375
[0.15288943]
376
[0.16490832]
377
[0.22121049]
378
[0.1906648]
379
[0.15922038]
380
[0.14271349]
381
[0.17444966]
382
[0.19270501]
383
[0.16298538]
384
[0.14857865]
385
[0.13313205]
386
[0.16624448]
387
[0.18223045]
388
[0.17254202]
389
[0.14468481]
390
[0.15917495]
391
[0.17408878]
392
[0.15032639]
393
[0.1993114]
394
[0.17046496]
395
[0.2299032]
396
[0.17922913]
397
[0.13857796]
398
[0.19609835]
399
[0.14439411]
400
[0.18827961]
401
[0.16420472]
402
[0.15386488]
403
[0.1152064]
404
[0.18083107]
405
[0.13724767]
406
[0.14771698]
407
[0.14461784]
408
[0.16104703]
409
[0.18287533]
410
[0.18089315]
411
[0.13134232]
412
[0.14491647]
413
[0.16405176]
414
[0.16898995]
415
[0.1907301]
416
[0.16254201]
417
[0.14808842]
418
[0.12931147]
419
[0.13245439]
420
[0.16896673]
421
[0.18147614]
422
[0.15289286]
423
[0.17404859]
424
[0.17446741]
425
[0.15739038]
426
[0.16284113]
427
[0.16312972]
428
[0.08472669]
429
[0.14418424]
430
[0.15989525]
431
[0.16382427]
432
[0.1377062]
433
[0.15247553]
434
[0.25163863]
435
[0.18385044]
436
[0.16093505]
437
[0.18919553]
438
[0.15741371]
439
[0.16932186]
440
[0.17293302]
441
[0.17472443]
442
[0.18169558]
443
[0.16805183]
444
[0.15956743]
445
[0.173964]
446
[0.1969958]
447
[0.1620368]
448
[0.1822101]
449
[0.15516614]
450
[0.20406151]
451
[0.13301938]
452
[0.17523943]
453
[0.14460343]
454
[0.17446321]
455
[0.12684348]
456
[0.1289739]
457
[0.18084741]
458
[0.16027591]
459
[0.19403291]
460
[0.14988618]
461
[0.11498699]
462
[0.18831202]
463
[0.1664415]
464
[0.12383263]
465
[0.13060705]
466
[0.14850657]
467
[0.19089616]
468
[0.14848119]
469
[0.17080225]
470
[0.13700539]
471
[0.14380011]
472
[0.18003798]
473
[0.16142035]
474
[0.16197266]
475
[0.22364997]
476
[0.18957071]
477
[0.21791944]
478
[0.17228164]
479
[0.13871977]
480
[0.1678021]
481
[0.16638115]
482
[0.18952388]
483
[0.14643187]
484
[0.16120249]
485
[0.18541369]
486
[0.14301805]
487
[0.16209476]
488
[0.15780714]
489
[0.155138]
490
[0.18985442]
491
[0.2057536]
492
[0.13130864]
493
[0.20177614]
494
[0.14632536]
495
[0.20396744]
496
[0.16206822]
497
[0.17147578]
498
[0.16779031]
499
[0.19335031]
500
[0.12604502]
501
[0.16966076]
502
[0.16374073]
503
[0.17263029]
504
[0.11477661]
505
[0.13740121]
506
[0.14312822]
507
[0.14010264]
508
[0.14482264]
509
[0.12885839]
510
[0.14540934]
511
[0.12710841]
512
[0.1682552]
513
[0.14622987]
514
[0.13146473]
515
[0.15848331]
516
[0.1444814]
517
[0.17043461]
518
[0.16545799]
519
[0.14023812]
520
[0.15548878]
521
[0.20803002]
522
[0.19733896]
523
[0.1259031]
524
[0.14972715]
525
[0.13975405]
526
[0.16322666]
527
[0.18977798]
528
[0.16727258]
529
[0.16602795]
530
[0.09077459]
531
[0.1232551]
532
[0.17763748]
533
[0.16711794]
534
[0.16946532]
535
[0.21659177]
536
[0.1745022]
537
[0.18603061]
538
[0.17334787]
539
[0.19314514]
540
[0.1477425]
541
[0.1403142]
542
[0.12298786]
543
[0.16893497]
544
[0.15028703]
545
[0.19457658]
546
[0.17025153]
547
[0.16122395]
548
[0.12372555]
549
[0.19369803]
550
[0.16377713]
551
[0.15681322]
552
[0.15971317]
553
[0.20899133]
554
[0.16859806]
555
[0.1607438]
556
[0.15302302]
557
[0.14315385]
558
[0.10831032]
559
[0.17116178]
560
[0.17091296]
561
[0.16792624]
562
[0.14000567]
563
[0.17195019]
564
[0.14680392]
565
[0.14496876]
566
[0.1491841]
567
[0.17655298]
568
[0.16066]
569
[0.11755883]
570
[0.17076106]
571
[0.2164516]
572
[0.18442156]
573
[0.18057545]
574
[0.17185851]
575
[0.13182837]
576
[0.18540535]
577
[0.1495771]
578
[0.17176142]
579
[0.15981449]
580
[0.20285386]
581
[0.11883118]
582
[0.13060701]
583
[0.16112814]
584
[0.17245143]
585
[0.17015998]
586
[0.16036661]
587
[0.11605538]
588
[0.13834506]
589
[0.14125514]
590
[0.16899055]
591
[0.17925275]
592
[0.16479558]
593
[0.19821473]
594
[0.1884228]
595
[0.13915528]
596
[0.18226848]
597
[0.15997101]
598
[0.13511689]
599
[0.09719435]
600
[0.12605748]
601
[0.15289307]
602
[0.14509135]
603
[0.16376706]
604
[0.14360157]
605
[0.15824985]
606
[0.15144521]
607
[0.17388254]
608
[0.11513179]
609
[0.19319139]
610
[0.16922879]
611
[0.25565939]
612
[0.17349133]
613
[0.19454379]
614
[0.14742225]
615
[0.15326369]
616
[0.16689534]
617
[0.1714476]
618
[0.17146238]
619
[0.16290366]
620
[0.11819044]
621
[0.15476212]
622
[0.16072778]
623
[0.14385459]
624
[0.16145291]
625
[0.16370894]
626
[0.13591848]
627
[0.15914219]
628
[0.19265431]
629
[0.15733982]
630
[0.19877294]
631
[0.20892002]
632
[0.12838282]
633
[0.18530158]
634
[0.17227876]
635
[0.18521514]
636
[0.17152205]
637
[0.15452103]
638
[0.1703287]
639
[0.1442228]
640
[0.1798731]
641
[0.17982103]
642
[0.12374362]
643
[0.12584441]
644
[0.19864581]
645
[0.16220732]
646
[0.2062463]
647
[0.1771814]
648
[0.1489189]
649
[0.19427729]
650
[0.1327015]
651
[0.18540274]
652
[0.16394143]
653
[0.16987921]
654
[0.15291843]
655
[0.16572263]
656
[0.10708034]
657
[0.11604156]
658
[0.14315734]
659
[0.15580735]
660
[0.24858547]
661
[0.21209034]
662
[0.16673562]
663
[0.15580938]
664
[0.16478891]
665
[0.1620305]
666
[0.16080009]
667
[0.15282168]
668
[0.17949702]
669
[0.13779419]
670
[0.13787783]
671
[0.13056269]
672
[0.16472407]
673
[0.13536871]
674
[0.23226092]
675
[0.13739528]
676
[0.17051759]
677
[0.16541876]
678
[0.16376836]
679
[0.15950094]
680
[0.19075523]
681
[0.14507913]
682
[0.1955805]
683
[0.16742274]
684
[0.18577962]
685
[0.15698876]
686
[0.19338153]
687
[0.16657497]
688
[0.14952691]
689
[0.16183717]
690
[0.21062053]
691
[0.14826022]
692
[0.13850476]
693
[0.17212477]
694
[0.13408797]
695
[0.1492613]
696
[0.19264952]
697
[0.17996004]
698
[0.12331181]
699
[0.13526053]
700
[0.15507489]
701
[0.12935377]
702
[0.23645181]
703
[0.18469919]
704
[0.17365388]
705
[0.15974072]
706
[0.14752292]
707
[0.13989107]
708
[0.13602124]
709
[0.20159188]
710
[0.200509]
711
[0.17229121]
712
[0.14128599]
713
[0.16886115]
714
[0.15850128]
715
[0.12522006]
716
[0.1768107]
717
[0.16582288]
718
[0.17638132]
719
[0.13113957]
720
[0.14390311]
721
[0.22724029]
722
[0.12475037]
723
[0.12979762]
724
[0.17195405]
725
[0.19369498]
726
[0.16834929]
727
[0.14216263]
728
[0.17005853]
729
[0.15466574]
730
[0.13528667]
731
[0.1946175]
732
[0.1861892]
733
[0.17724635]
734
[0.12371944]
735
[0.13733599]
736
[0.15508412]
737
[0.14962511]
738
[0.20295754]
739
[0.17684552]
740
[0.16923729]
741
[0.15463681]
742
[0.14873786]
743
[0.15259482]
744
[0.19701984]
745
[0.16237368]
746
[0.15038796]
747
[0.17117095]
748
[0.19295125]
749
[0.19076951]
750
[0.18528775]
751
[0.16016051]
752
[0.17278932]
753
[0.15819168]
754
[0.21758357]
755
[0.16727489]
756
[0.15579024]
757
[0.15490925]
758
[0.15914275]
759
[0.17191918]
760
[0.16544353]
761
[0.25880264]
762
[0.16837895]
763
[0.15731144]
764
[0.18618618]
765
[0.14011731]
766
[0.19261228]
767
[0.16700124]
768
[0.13316007]
769
[0.13867068]
770
[0.16912483]
771
[0.14781233]
772
[0.17009037]
773
[0.14709936]
774
[0.18677251]
775
[0.15166305]
776
[0.13673061]
777
[0.16189676]
778
[0.14506343]
779
[0.17333825]
780
[0.1860053]
781
[0.16601636]
782
[0.20031918]
783
[0.15457512]
784
[0.17036868]
785
[0.15868204]
786
[0.16359529]
787
[0.19129248]
788
[0.13669837]
789
[0.159109]
790
[0.13652577]
791
[0.15234821]
792
[0.11662756]
793
[0.15570641]
794
[0.15088717]
795
[0.14165867]
796
[0.15304927]
797
[0.135265]
798
[0.19546775]
799
[0.13416473]
800
[0.14456847]
801
[0.18118128]
802
[0.172761]
803
[0.12617345]
804
[0.19014094]
805
[0.13141918]
806
[0.20565641]
807
[0.18743079]
808
[0.15997907]
809
[0.15620703]
810
[0.17455981]
811
[0.19801089]
812
[0.18006041]
813
[0.15666888]
814
[0.15223888]
815
[0.17757748]
816
[0.13057637]
817
[0.1992763]
818
[0.19784501]
819
[0.14980027]
820
[0.12613279]
821
[0.15376237]
822
[0.16774977]
823
[0.1902866]
824
[0.17428628]
825
[0.16699723]
826
[0.18915567]
827
[0.13694304]
828
[0.1750688]
829
[0.21595367]
830
[0.15624874]
831
[0.16804127]
832
[0.17845639]
833
[0.12325689]
834
[0.15598803]
835
[0.15671384]
836
[0.13896762]
837
[0.18737987]
838
[0.13611915]
839
[0.15989721]
840
[0.15126525]
841
[0.16517218]
842
[0.1965418]
843
[0.16862967]
844
[0.15544558]
845
[0.12503369]
846
[0.15382552]
847
[0.13829218]
848
[0.18656139]
849
[0.17205238]
850
[0.10976931]
851
[0.18660794]
852
[0.12205447]
853
[0.18582851]
854
[0.18047576]
855
[0.15846892]
856
[0.14968675]
857
[0.16140175]
858
[0.17264459]
859
[0.17787652]
860
[0.1651622]
861
[0.13548285]
862
[0.15225825]
863
[0.17430771]
864
[0.17148918]
865
[0.20888744]
866
[0.12449704]
867
[0.16628531]
868
[0.14240974]
869
[0.16844532]
870
[0.19829484]
871
[0.11276443]
872
[0.14949035]
873
[0.1415962]
874
[0.16437316]
875
[0.17797763]
876
[0.19041856]
877
[0.16259168]
878
[0.1380835]
879
[0.13282462]
880
[0.16952769]
881
[0.15175449]
882
[0.18119182]
883
[0.20285585]
884
[0.15934159]
885
[0.15813564]
886
[0.15669071]
887
[0.13564562]
888
[0.15445181]
889
[0.10010413]
890
[0.15273642]
891
[0.20392534]
892
[0.17078172]
893
[0.14012706]
894
[0.15010865]
895
[0.14334349]
896
[0.13042498]
897
[0.15312102]
898
[0.14474861]
899
[0.20066022]
900
[0.15009098]
901
[0.15013852]
902
[0.14559819]
903
[0.18199445]
904
[0.18578777]
905
[0.1623011]
906
[0.14484948]
907
[0.14129817]
908
[0.17502027]
909
[0.16922713]
910
[0.17153812]
911
[0.13502951]
912
[0.20963796]
913
[0.14381789]
914
[0.18326655]
915
[0.17994927]
916
[0.15452607]
917
[0.14271222]
918
[0.2175035]
919
[0.12775173]
920
[0.15791651]
921
[0.17146982]
922
[0.17022393]
923
[0.16605412]
924
[0.05859527]
925
[0.19801985]
926
[0.19616213]
927
[0.1612214]
928
[0.18702598]
929
[0.14132115]
930
[0.17399576]
931
[0.17740401]
932
[0.14142296]
933
[0.14533895]
934
[0.14863397]
935
[0.14355517]
936
[0.14847264]
937
[0.15945511]
938
[0.15676483]
939
[0.1711548]
940
[0.17823662]
941
[0.17841062]
942
[0.19825717]
943
[0.12185699]
944
[0.14069035]
945
[0.16367289]
946
[0.19114095]
947
[0.18345068]
948
[0.18350901]
949
[0.12756523]
950
[0.15715633]
951
[0.15434601]
952
[0.21111069]
953
[0.17881383]
954
[0.1761895]
955
[0.14710837]
956
[0.16024781]
957
[0.11052236]
958
[0.14391843]
959
[0.20788965]
960
[0.14664861]
961
[0.1224684]
962
[0.14923406]
963
[0.13837853]
964
[0.11837309]
965
[0.13181277]
966
[0.15646479]
967
[0.16374873]
968
[0.16040221]
969
[0.1228964]
970
[0.21409493]
971
[0.13064366]
972
[0.16826517]
973
[0.18226088]
974
[0.20937177]
975
[0.17685889]
976
[0.16208943]
977
[0.17585023]
978
[0.15999368]
979
[0.15726]
980
[0.15538092]
981
[0.13608075]
982
[0.16069907]
983
[0.1352007]
984
[0.12138248]
985
[0.17162059]
986
[0.25263658]
987
[0.13050628]
988
[0.18122403]
989
[0.14358806]
990
[0.14015036]
991
[0.17433375]
992
[0.19021061]
993
[0.13814894]
994
[0.1444047]
995
[0.17654751]
996
[0.14822305]
997
[0.14171803]
998
[0.15217133]
999
[0.18509539]
[1] 8000   11
[1] 8000   11
