LOADING R
R LOADED
[1] "/home/lvanderl/Rlibs2"                         
[2] "/app/software/R/4.3.1-gfbf-2022b/lib/R/library"
[1] "/home/lvanderl/sieveSims"
[1] "xg 20 3"
[1] "histogram binning"
[1] 0.06818765
[1] 0.06818765
[1] "mondrian"
[1] "iso"
[1] 0.06818765
[1] "conditional"
[   10.            11.51395399    13.25711366    15.26417967
    17.57510625    20.23589648    23.29951811    26.82695795
    30.88843596    35.56480306    40.94915062    47.14866363
    54.28675439    62.50551925    71.9685673     82.86427729
    95.40954763   109.8541142    126.48552169   145.63484775
   167.68329368   193.06977289   222.29964825   255.95479227
   294.70517026   339.32217719   390.69399371   449.8432669
   517.94746792   596.36233166   686.648845     790.60432109
   910.29817799  1048.11313415  1206.79264064  1389.49549437
  1599.85871961  1842.06996933  2120.95088792  2442.05309455
  2811.76869797  3237.45754282  3727.59372031  4291.93426013
  4941.71336132  5689.86602902  6551.2855686   7543.12006335
  8685.11373751 10000.        ]
[0.24727987 0.24670217 0.24614698 0.24543172 0.24405797 0.24351204
 0.24186531 0.24096134 0.23968963 0.23813926 0.23629841 0.23461227
 0.2322781  0.22981054 0.22713022 0.22383196 0.22060831 0.21752759
 0.21383356 0.2103332  0.20618977 0.20223613 0.19832893 0.19453925
 0.19066883 0.1871952  0.18404645 0.18090889 0.17826206 0.17594149
 0.17447534 0.17327703 0.17286511 0.17289052 0.17283141 0.17293263
 0.17305425 0.17276121 0.17259509 0.17281602 0.17259397 0.17273805
 0.17275069 0.17269602 0.1727445  0.17283834 0.17278717 0.17271036
 0.17292399 0.17274726]
2811.7686979742307
0.00035564803062231287
0
[0.66933591]
1
[0.27064421]
2
[0.00071032]
3
[0.00528547]
4
[0.66933591]
5
[0.66933591]
6
[0.6235844]
7
[0.66933591]
8
[0.55103558]
9
[0.66933591]
10
[0.66933591]
11
[0.00071032]
12
[0.66933591]
13
[0.05169057]
14
[0.66933591]
15
[0.17260527]
16
[0.66933591]
17
[0.55691792]
18
[0.29809511]
19
[0.43469604]
20
[0.02554685]
21
[0.13404328]
22
[0.65887842]
23
[0.6235844]
24
[0.63534907]
25
[0.38633016]
26
[0.66933591]
27
[0.66933591]
28
[0.66933591]
29
[0.66933591]
30
[0.66933591]
31
[0.39286609]
32
[0.14450077]
33
[0.66933591]
34
[0.52750624]
35
[0.2994023]
36
[0.50985923]
37
[0.66933591]
38
[0.66933591]
39
[0.33534991]
40
[0.60397661]
41
[0.34253943]
42
[0.62031644]
43
[0.32293165]
44
[0.38371579]
45
[0.66933591]
46
[0.23861816]
47
[0.59744068]
48
[0.0765271]
49
[0.66933591]
50
[0.66933591]
51
[0.23600378]
52
[0.66933591]
53
[0.04123309]
54
[0.35365051]
55
[0.12620017]
56
[0.45887898]
57
[0.66933591]
58
[0.2621475]
59
[0.03404356]
60
[0.437964]
61
[0.21508881]
62
[0.07783429]
63
[0.59155835]
64
[0.3177029]
65
[0.66933591]
66
[0.19352024]
67
[0.66933591]
68
[0.35430411]
69
[0.10724597]
70
[0.61966284]
71
[0.66933591]
72
[0.42097059]
73
[0.66933591]
74
[0.52685264]
75
[0.41835622]
76
[0.63338829]
77
[0.66933591]
78
[0.66933591]
79
[0.46868287]
80
[0.66933591]
81
[0.49744096]
82
[0.53731013]
83
[0.66933591]
84
[0.44515353]
85
[0.66933591]
86
[0.66933591]
87
[0.66933591]
88
[0.11835705]
89
[0.66933591]
90
[0.66933591]
91
[0.66933591]
92
[0.00071032]
93
[0.66933591]
94
[0.66933591]
95
[0.66933591]
96
[0.13861843]
97
[0.66933591]
98
[0.66933591]
99
[0.66933591]
100
[0.45887898]
101
[0.22946785]
102
[0.66933591]
103
[0.66933591]
104
[0.23142863]
105
[0.55038199]
106
[0.43469604]
107
[0.66933591]
108
[0.00920703]
109
[0.66933591]
110
[0.63730985]
111
[0.04515464]
112
[0.66933591]
113
[0.02750763]
114
[0.66933591]
115
[0.52946702]
116
[0.66933591]
117
[0.05626572]
118
[0.66933591]
119
[0.08437022]
120
[0.35822566]
121
[0.45299664]
122
[0.66933591]
123
[0.56672181]
124
[0.24319331]
125
[0.23665738]
126
[0.66933591]
127
[0.25626516]
128
[0.12816095]
129
[0.30267026]
130
[0.58894397]
131
[0.54188528]
132
[0.66933591]
133
[0.57064337]
134
[0.2811017]
135
[0.4386176]
136
[0.66933591]
137
[0.60397661]
138
[0.66933591]
139
[0.40659154]
140
[0.55757151]
141
[0.58829038]
142
[0.66933591]
143
[0.11966424]
144
[0.39940202]
145
[0.66933591]
146
[0.03404356]
147
[0.66933591]
148
[0.42619933]
149
[0.66933591]
150
[0.00528547]
151
[0.38110142]
152
[0.0490762]
153
[0.66933591]
154
[0.27718014]
155
[0.66933591]
156
[0.66933591]
157
[0.11574268]
158
[0.66933591]
159
[0.06541602]
160
[0.36933674]
161
[0.44123197]
162
[0.51378079]
163
[0.66933591]
164
[0.66933591]
165
[0.32162446]
166
[0.27718014]
167
[0.66933591]
168
[0.66933591]
169
[0.50724486]
170
[0.32162446]
171
[0.66933591]
172
[0.28633044]
173
[0.20136336]
174
[0.66933591]
175
[0.66933591]
176
[0.66933591]
177
[0.66933591]
178
[0.66933591]
179
[0.66933591]
180
[0.66933591]
181
[0.2255463]
182
[0.16476215]
183
[0.66933591]
184
[0.66933591]
185
[0.20005617]
186
[0.40266998]
187
[0.66933591]
188
[0.57260415]
189
[0.5497284]
190
[0.18567713]
191
[0.5588787]
192
[0.50528408]
193
[0.09155974]
194
[0.66933591]
195
[0.60136224]
196
[0.00071032]
197
[0.66933591]
198
[0.66933591]
199
[0.58763679]
200
[0.32946757]
201
[0.19090587]
202
[0.66933591]
203
[0.18306275]
204
[0.55364995]
205
[0.6144341]
206
[0.66933591]
207
[0.05234417]
208
[0.52031671]
209
[0.66933591]
210
[0.17456605]
211
[0.38894453]
212
[0.07195195]
213
[0.66933591]
214
[0.0771807]
215
[0.3830622]
216
[0.66933591]
217
[0.4843691]
218
[0.66933591]
219
[0.66933591]
220
[0.66933591]
221
[0.12816095]
222
[0.07587351]
223
[0.05103698]
224
[0.66933591]
225
[0.66933591]
226
[0.49155863]
227
[0.16345497]
228
[0.66933591]
229
[0.32619961]
230
[0.66933591]
231
[0.44188556]
232
[0.51639516]
233
[0.66933591]
234
[0.08110226]
235
[0.56672181]
236
[0.18633072]
237
[0.66933591]
238
[0.49155863]
239
[0.66933591]
240
[0.16541575]
241
[0.66933591]
242
[0.66933591]
243
[0.48240832]
244
[0.66933591]
245
[0.62489159]
246
[0.66933591]
247
[0.66933591]
248
[0.07391273]
249
[0.66933591]
250
[0.3824086]
251
[0.32554602]
252
[0.66933591]
253
[0.66933591]
254
[0.47195084]
255
[0.44123197]
256
[0.66933591]
257
[0.06933758]
258
[0.66933591]
259
[0.66933591]
260
[0.66933591]
261
[0.31116697]
262
[0.66933591]
263
[0.21378162]
264
[0.34384662]
265
[0.4013628]
266
[0.56018588]
267
[0.10005645]
268
[0.39613405]
269
[0.00071032]
270
[0.66933591]
271
[0.66933591]
272
[0.11116753]
273
[0.66933591]
274
[0.66933591]
275
[0.66933591]
276
[0.66933591]
277
[0.40789873]
278
[0.66933591]
279
[0.66933591]
280
[0.53142779]
281
[0.66933591]
282
[0.66933591]
283
[0.51182001]
284
[0.66933591]
285
[0.66933591]
286
[0.2895984]
287
[0.66933591]
288
[0.57456493]
289
[0.07783429]
290
[0.37914064]
291
[0.06933758]
292
[0.48567629]
293
[0.45495742]
294
[0.44123197]
295
[0.57783289]
296
[0.1235858]
297
[0.66933591]
298
[0.66933591]
299
[0.66933591]
300
[0.66933591]
301
[0.57848649]
302
[0.03535075]
303
[0.66933591]
304
[0.59221194]
305
[0.66933591]
306
[0.53927091]
307
[0.66933591]
308
[0.66933591]
309
[0.37717986]
310
[0.17521964]
311
[0.40463076]
312
[0.66933591]
313
[0.45757179]
314
[0.58894397]
315
[0.12881454]
316
[0.66933591]
317
[0.29744152]
318
[0.19025228]
319
[0.66933591]
320
[0.58110086]
321
[0.47325802]
322
[0.66933591]
323
[0.09874926]
324
[0.66933591]
325
[0.31835649]
326
[0.18959868]
327
[0.66933591]
328
[0.35953285]
329
[0.3366571]
330
[0.66933591]
331
[0.20724569]
332
[0.50985923]
333
[0.0216253]
334
[0.15561185]
335
[0.66933591]
336
[0.66933591]
337
[0.58959757]
338
[0.25626516]
339
[0.56476103]
340
[0.00071032]
341
[0.66933591]
342
[0.66933591]
343
[0.65953201]
344
[0.61966284]
345
[0.02423967]
346
[0.23992534]
347
[0.57521852]
348
[0.39090531]
349
[0.66933591]
350
[0.66933591]
351
[0.16214778]
352
[0.60593739]
353
[0.66933591]
354
[0.14123281]
355
[0.30136308]
356
[0.66933591]
357
[0.66933591]
358
[0.31901009]
359
[0.24057893]
360
[0.66933591]
361
[0.61704847]
362
[0.49940174]
363
[0.26737624]
364
[0.08175585]
365
[0.01966452]
366
[0.57195056]
367
[0.2065921]
368
[0.66933591]
369
[0.08763818]
370
[0.41704903]
371
[0.42227777]
372
[0.21704959]
373
[0.66933591]
374
[0.64123141]
375
[0.66933591]
376
[0.09286693]
377
[0.35299692]
378
[0.53338857]
379
[0.43469604]
380
[0.03861871]
381
[0.21378162]
382
[0.66933591]
383
[0.13338969]
384
[0.66933591]
385
[0.66933591]
386
[0.42554574]
387
[0.46345413]
388
[0.66933591]
389
[0.66737513]
390
[0.66933591]
391
[0.66933591]
392
[0.66933591]
393
[0.66933591]
394
[0.66933591]
395
[0.22358552]
396
[0.66933591]
397
[0.07456633]
398
[0.44580712]
399
[0.40201639]
400
[0.18110198]
401
[0.66933591]
402
[0.10593879]
403
[0.01574296]
404
[0.30136308]
405
[0.66933591]
406
[0.27783373]
407
[0.66933591]
408
[0.14842233]
409
[0.58306164]
410
[0.66933591]
411
[0.66933591]
412
[0.66933591]
413
[0.57783289]
414
[0.66933591]
415
[0.66933591]
416
[0.66933591]
417
[0.66933591]
418
[0.63142752]
419
[0.34188584]
420
[0.56083948]
421
[0.20920647]
422
[0.66933591]
423
[0.1510367]
424
[0.56737541]
425
[0.53338857]
426
[0.66933591]
427
[0.66933591]
428
[0.11574268]
429
[0.65626405]
430
[0.43077448]
431
[0.64907452]
432
[0.66933591]
433
[0.57914008]
434
[0.66933591]
435
[0.52358468]
436
[0.48763707]
437
[0.2719514]
438
[0.22031755]
439
[0.66933591]
440
[0.66933591]
441
[0.19613461]
442
[0.66933591]
443
[0.66933591]
444
[0.55103558]
445
[0.66933591]
446
[0.50593767]
447
[0.4752188]
448
[0.25757235]
449
[0.15365107]
450
[0.66933591]
451
[0.66933591]
452
[0.66933591]
453
[0.37587267]
454
[0.58436882]
455
[0.57064337]
456
[0.66933591]
457
[0.38894453]
458
[0.160187]
459
[0.66933591]
460
[0.66933591]
461
[0.07064477]
462
[0.19874899]
463
[0.65691764]
464
[0.66933591]
465
[0.61639488]
466
[0.16280137]
467
[0.12227861]
468
[0.55103558]
469
[0.66933591]
470
[0.22881426]
471
[0.03927231]
472
[0.53861732]
473
[0.1693373]
474
[0.0771807]
475
[0.66933591]
476
[0.66933591]
477
[0.40005561]
478
[0.2994023]
479
[0.2438469]
480
[0.34450021]
481
[0.60920536]
482
[0.53927091]
483
[0.32816039]
484
[0.66802872]
485
[0.66933591]
486
[0.568029]
487
[0.36345441]
488
[0.63142752]
489
[0.58894397]
490
[0.33273554]
491
[0.33338913]
492
[0.55430355]
493
[0.6052838]
494
[0.62097003]
495
[0.38763735]
496
[0.568029]
497
[0.66933591]
498
[0.46018616]
499
[0.66933591]
500
[0.07260555]
501
[0.66933591]
502
[0.66933591]
503
[0.25691876]
504
[0.03535075]
505
[0.46149335]
506
[0.17979479]
507
[0.66933591]
508
[0.66933591]
509
[0.66933591]
510
[0.60397661]
511
[0.53861732]
512
[0.66933591]
513
[0.65495686]
514
[0.23861816]
515
[0.66933591]
516
[0.45495742]
517
[0.66933591]
518
[0.49613378]
519
[0.17718042]
520
[0.28567685]
521
[0.57914008]
522
[0.12097142]
523
[0.01378218]
524
[0.44384634]
525
[0.66933591]
526
[0.64057782]
527
[0.32554602]
528
[0.66933591]
529
[0.45822538]
530
[0.66933591]
531
[0.66933591]
532
[0.66933591]
533
[0.25430439]
534
[0.16672293]
535
[0.18175557]
536
[0.46410772]
537
[0.4843691]
538
[0.18306275]
539
[0.66933591]
540
[0.66933591]
541
[0.32946757]
542
[0.51508797]
543
[0.61508769]
544
[0.66933591]
545
[0.15561185]
546
[0.24842205]
547
[0.66933591]
548
[0.57521852]
549
[0.66933591]
550
[0.46149335]
551
[0.40332358]
552
[0.30267026]
553
[0.2248927]
554
[0.65234249]
555
[0.25495798]
556
[0.66933591]
557
[0.26672265]
558
[0.66933591]
559
[0.5961335]
560
[0.64515297]
561
[0.66933591]
562
[0.17456605]
563
[0.15561185]
564
[0.1229322]
565
[0.07848788]
566
[0.53469576]
567
[0.14972951]
568
[0.66933591]
569
[0.02423967]
570
[0.35365051]
571
[0.47325802]
572
[0.21508881]
573
[0.33992506]
574
[0.20463132]
575
[0.2719514]
576
[0.66933591]
577
[0.40005561]
578
[0.38633016]
579
[0.65887842]
580
[0.66933591]
581
[0.63338829]
582
[0.06868399]
583
[0.59221194]
584
[0.66933591]
585
[0.66933591]
586
[0.58371523]
587
[0.13535047]
588
[0.08437022]
589
[0.34907536]
590
[0.66933591]
591
[0.44907508]
592
[0.66933591]
593
[0.49025144]
594
[0.66933591]
595
[0.46541491]
596
[0.66933591]
597
[0.30920619]
598
[0.66933591]
599
[0.26084032]
600
[0.00071032]
601
[0.66933591]
602
[0.66933591]
603
[0.62423799]
604
[0.66933591]
605
[0.60136224]
606
[0.10397801]
607
[0.66933591]
608
[0.00071032]
609
[0.17064449]
610
[0.42162418]
611
[0.36868315]
612
[0.09613489]
613
[0.42358496]
614
[0.60332302]
615
[0.39548046]
616
[0.66933591]
617
[0.20136336]
618
[0.15626544]
619
[0.66933591]
620
[0.66933591]
621
[0.43338885]
622
[0.13012173]
623
[0.66933591]
624
[0.66933591]
625
[0.16803012]
626
[0.66933591]
627
[0.33273554]
628
[0.66933591]
629
[0.66933591]
630
[0.22619989]
631
[0.66933591]
632
[0.01508937]
633
[0.19940258]
634
[0.24580768]
635
[0.66933591]
636
[0.50855204]
637
[0.47129724]
638
[0.20005617]
639
[0.66933591]
640
[0.08894537]
641
[0.23992534]
642
[0.66933591]
643
[0.45495742]
644
[0.66933591]
645
[0.58371523]
646
[0.66933591]
647
[0.17195167]
648
[0.3177029]
649
[0.37260471]
650
[0.48567629]
651
[0.46083976]
652
[0.66933591]
653
[0.16084059]
654
[0.66933591]
655
[0.66933591]
656
[0.08306303]
657
[0.01639655]
658
[0.28698403]
659
[0.4196634]
660
[0.66933591]
661
[0.07914148]
662
[0.66933591]
663
[0.49548018]
664
[0.11182112]
665
[0.38633016]
666
[0.3549577]
667
[0.25430439]
668
[0.28829122]
669
[0.4294673]
670
[0.66933591]
671
[0.48110114]
672
[0.66933591]
673
[0.01901093]
674
[0.07260555]
675
[0.05234417]
676
[0.65822483]
677
[0.18567713]
678
[0.60266943]
679
[0.66933591]
680
[0.27914092]
681
[0.22358552]
682
[0.66933591]
683
[0.494173]
684
[0.15365107]
685
[0.11574268]
686
[0.66933591]
687
[0.66933591]
688
[0.66933591]
689
[0.50593767]
690
[0.1418864]
691
[0.20789929]
692
[0.43992478]
693
[0.66933591]
694
[0.63992422]
695
[0.24646127]
696
[0.66933591]
697
[0.45561101]
698
[0.66933591]
699
[0.4386176]
700
[0.66933591]
701
[0.01116781]
702
[0.66933591]
703
[0.37848705]
704
[0.54384606]
705
[0.17260527]
706
[0.66933591]
707
[0.21639599]
708
[0.56998978]
709
[0.58763679]
710
[0.66933591]
711
[0.48829066]
712
[0.66933591]
713
[0.53534935]
714
[0.66933591]
715
[0.66933591]
716
[0.66933591]
717
[0.66933591]
718
[0.66933591]
719
[0.10789957]
720
[0.10332442]
721
[0.61835566]
722
[0.27260499]
723
[0.42097059]
724
[0.19548102]
725
[0.66933591]
726
[0.66933591]
727
[0.13992562]
728
[0.53142779]
729
[0.40332358]
730
[0.66933591]
731
[0.48698347]
732
[0.66933591]
733
[0.56476103]
734
[0.66933591]
735
[0.43077448]
736
[0.66933591]
737
[0.42227777]
738
[0.17260527]
739
[0.66933591]
740
[0.29482715]
741
[0.55038199]
742
[0.65953201]
743
[0.1693373]
744
[0.00071032]
745
[0.66933591]
746
[0.66933591]
747
[0.0954813]
748
[0.66933591]
749
[0.27848732]
750
[0.23273582]
751
[0.66933591]
752
[0.66933591]
753
[0.66933591]
754
[0.11116753]
755
[0.66933591]
756
[0.46868287]
757
[0.33731069]
758
[0.66933591]
759
[0.66933591]
760
[0.31508853]
761
[0.12554658]
762
[0.66933591]
763
[0.66933591]
764
[0.25495798]
765
[0.66933591]
766
[0.10136364]
767
[0.66933591]
768
[0.66933591]
769
[0.18763791]
770
[0.27325858]
771
[0.62162362]
772
[0.35561129]
773
[0.66933591]
774
[0.58436882]
775
[0.19874899]
776
[0.64057782]
777
[0.00593907]
778
[0.11247472]
779
[0.12881454]
780
[0.3275068]
781
[0.0216253]
782
[0.66933591]
783
[0.25953313]
784
[0.27979451]
785
[0.36933674]
786
[0.66933591]
787
[0.3360035]
788
[0.4569182]
789
[0.28436966]
790
[0.66933591]
791
[0.35103614]
792
[0.11182112]
793
[0.65430327]
794
[0.66933591]
795
[0.37260471]
796
[0.21966396]
797
[0.38829094]
798
[0.45299664]
799
[0.66933591]
800
[0.66933591]
801
[0.64711375]
802
[0.18633072]
803
[0.66933591]
804
[0.66933591]
805
[0.0680304]
806
[0.37848705]
807
[0.31835649]
808
[0.58371523]
809
[0.6510353]
810
[0.21116725]
811
[0.44972868]
812
[0.66933591]
813
[0.01378218]
814
[0.38371579]
815
[0.35430411]
816
[0.40789873]
817
[0.66933591]
818
[0.45168946]
819
[0.66933591]
820
[0.58044727]
821
[0.39809483]
822
[0.25169001]
823
[0.66933591]
824
[0.63861704]
825
[0.20920647]
826
[0.15038311]
827
[0.14319358]
828
[0.66933591]
829
[0.41508825]
830
[0.66933591]
831
[0.66933591]
832
[0.21182084]
833
[0.03600434]
834
[0.17652683]
835
[0.66933591]
836
[0.00724625]
837
[0.56933619]
838
[0.19482743]
839
[0.66933591]
840
[0.47848677]
841
[0.54580684]
842
[0.27521936]
843
[0.45365023]
844
[0.05169057]
845
[0.66933591]
846
[0.66933591]
847
[0.66933591]
848
[0.47652599]
849
[0.66933591]
850
[0.01770374]
851
[0.65887842]
852
[0.66933591]
853
[0.34057865]
854
[0.66933591]
855
[0.00071032]
856
[0.63992422]
857
[0.30789901]
858
[0.62815955]
859
[0.26606906]
860
[0.21508881]
861
[0.6052838]
862
[0.48110114]
863
[0.21639599]
864
[0.66933591]
865
[0.66933591]
866
[0.53861732]
867
[0.66933591]
868
[0.46280054]
869
[0.66933591]
870
[0.66933591]
871
[0.66933591]
872
[0.21704959]
873
[0.00071032]
874
[0.6425386]
875
[0.41312747]
876
[0.66933591]
877
[0.66933591]
878
[0.53796372]
879
[0.37914064]
880
[0.66933591]
881
[0.66933591]
882
[0.66933591]
883
[0.66933591]
884
[0.58959757]
885
[0.51182001]
886
[0.49548018]
887
[0.66933591]
888
[0.33796428]
889
[0.66933591]
890
[0.50789845]
891
[0.06672321]
892
[0.4288137]
893
[0.28698403]
894
[0.56410744]
895
[0.66933591]
896
[0.16868371]
897
[0.4477679]
898
[0.57064337]
899
[0.66933591]
900
[0.66933591]
901
[0.54319247]
902
[0.66933591]
903
[0.32881398]
904
[0.66933591]
905
[0.66933591]
906
[0.55430355]
907
[0.14450077]
908
[0.41182029]
909
[0.26084032]
910
[0.66933591]
911
[0.61704847]
912
[0.66933591]
913
[0.30201667]
914
[0.44319275]
915
[0.58502242]
916
[0.33927147]
917
[0.47325802]
918
[0.60397661]
919
[0.01835733]
920
[0.34253943]
921
[0.00071032]
922
[0.50789845]
923
[0.60005505]
924
[0.08110226]
925
[0.21378162]
926
[0.66933591]
927
[0.66933591]
928
[0.39548046]
929
[0.66933591]
930
[0.26933702]
931
[0.66933591]
932
[0.56214666]
933
[0.43600322]
934
[0.64057782]
935
[0.01116781]
936
[0.16084059]
937
[0.28371607]
938
[0.66933591]
939
[0.66933591]
940
[0.66933591]
941
[0.66933591]
942
[0.09613489]
943
[0.08240944]
944
[0.66933591]
945
[0.36672237]
946
[0.53927091]
947
[0.47325802]
948
[0.62097003]
949
[0.06018728]
950
[0.66933591]
951
[0.09940286]
952
[0.66933591]
953
[0.38763735]
954
[0.49155863]
955
[0.65757123]
956
[0.32816039]
957
[0.04123309]
958
[0.66933591]
959
[0.52619905]
960
[0.66933591]
961
[0.53404217]
962
[0.66933591]
963
[0.57587212]
964
[0.10855316]
965
[0.64842093]
966
[0.15626544]
967
[0.66933591]
968
[0.66933591]
969
[0.66933591]
970
[0.63534907]
971
[0.20267054]
972
[0.52685264]
973
[0.66933591]
974
[0.66933591]
975
[0.31247416]
976
[0.66214638]
977
[0.66933591]
978
[0.66933591]
979
[0.34319303]
980
[0.66933591]
981
[0.66933591]
982
[0.66933591]
983
[0.07587351]
984
[0.29678793]
985
[0.66933591]
986
[0.28567685]
987
[0.08502381]
988
[0.66933591]
989
[0.66933591]
990
[0.63469548]
991
[0.32227805]
992
[0.53861732]
993
[0.0026711]
994
[0.5588787]
995
[0.66933591]
996
[0.07260555]
997
[0.39678765]
998
[0.15953341]
999
[0.37914064]
1000
[0.00071032]
1001
[0.66933591]
1002
[0.49548018]
1003
[0.41900981]
1004
[0.60201583]
1005
[0.66933591]
1006
[0.28240888]
1007
[0.27260499]
1008
[0.02750763]
1009
[0.23142863]
1010
[0.06672321]
1011
[0.05691932]
1012
[0.53665654]
1013
[0.18371635]
1014
[0.08437022]
1015
[0.66933591]
1016
[0.15561185]
1017
[0.09417411]
1018
[0.66933591]
1019
[0.66933591]
1020
[0.66933591]
1021
[0.57325774]
1022
[0.08763818]
1023
[0.66933591]
1024
[0.39482687]
1025
[0.40985951]
1026
[0.11508909]
1027
[0.11312831]
1028
[0.5405781]
1029
[0.60201583]
1030
[0.5124736]
1031
[0.62423799]
1032
[0.66933591]
1033
[0.51116641]
1034
[0.39025172]
1035
[0.23665738]
1036
[0.31443494]
1037
[0.56933619]
1038
[0.66933591]
1039
[0.46802928]
1040
[0.01443577]
1041
[0.1882915]
1042
[0.08763818]
1043
[0.31835649]
1044
[0.66933591]
1045
[0.59286553]
1046
[0.66933591]
1047
[0.46802928]
1048
[0.09940286]
1049
[0.27456577]
1050
[0.52685264]
1051
[0.50201611]
1052
[0.22423911]
1053
[0.66933591]
1054
[0.47914036]
1055
[0.66933591]
1056
[0.28306248]
1057
[0.66933591]
1058
[0.13338969]
1059
[0.66933591]
1060
[0.02031811]
1061
[0.23338941]
1062
[0.66933591]
1063
[0.35168973]
1064
[0.66933591]
1065
[0.66933591]
1066
[0.66933591]
1067
[0.3830622]
1068
[0.66933591]
1069
[0.44515353]
1070
[0.11247472]
1071
[0.66933591]
1072
[0.66933591]
1073
[0.13077532]
1074
[0.66933591]
1075
[0.54515325]
1076
[0.66933591]
1077
[0.25169001]
1078
[0.22619989]
1079
[0.66933591]
1080
[0.59351912]
1081
[0.16606934]
1082
[0.36541519]
1083
[0.66933591]
1084
[0.45757179]
1085
[0.37064393]
1086
[0.31116697]
1087
[0.66933591]
1088
[0.45822538]
1089
[0.66933591]
1090
[0.27914092]
1091
[0.66933591]
1092
[0.28633044]
1093
[0.66933591]
1094
[0.04123309]
1095
[0.11247472]
1096
[0.25169001]
1097
[0.66933591]
1098
[0.30397745]
1099
[0.50789845]
1100
[0.10659238]
1101
[0.59025116]
1102
[0.10071004]
1103
[0.12816095]
1104
[0.66933591]
1105
[0.22031755]
1106
[0.07260555]
1107
[0.60855176]
1108
[0.16149419]
1109
[0.04580824]
1110
[0.66933591]
1111
[0.40266998]
1112
[0.66933591]
1113
[0.66933591]
1114
[0.20070976]
1115
[0.07848788]
1116
[0.16345497]
1117
[0.49155863]
1118
[0.35234333]
1119
[0.66933591]
1120
[0.49221222]
1121
[0.58044727]
1122
[0.40201639]
1123
[0.66933591]
1124
[0.66802872]
1125
[0.66933591]
1126
[0.66933591]
1127
[0.40985951]
1128
[0.10201723]
1129
[0.66933591]
1130
[0.31051338]
1131
[0.66933591]
1132
[0.66933591]
1133
[0.66933591]
1134
[0.66933591]
1135
[0.02685404]
1136
[0.63992422]
1137
[0.1137819]
1138
[0.66933591]
1139
[0.66933591]
1140
[0.0118214]
1141
[0.14907592]
1142
[0.66933591]
1143
[0.66933591]
1144
[0.66933591]
1145
[0.66933591]
1146
[0.61574128]
1147
[0.55168918]
1148
[0.00071032]
1149
[0.66933591]
1150
[0.38959813]
1151
[0.07848788]
1152
[0.57260415]
1153
[0.36933674]
1154
[0.63012033]
1155
[0.01705015]
1156
[0.15234389]
1157
[0.53404217]
1158
[0.6052838]
1159
[0.06541602]
1160
[0.64057782]
1161
[0.66933591]
1162
[0.30005589]
1163
[0.51574156]
1164
[0.66933591]
1165
[0.66933591]
1166
[0.19025228]
1167
[0.66933591]
1168
[0.31704931]
1169
[0.66933591]
1170
[0.43469604]
1171
[0.66933591]
1172
[0.66933591]
1173
[0.66933591]
1174
[0.66933591]
1175
[0.32162446]
1176
[0.66933591]
1177
[0.15430467]
1178
[0.2719514]
1179
[0.63077392]
1180
[0.66933591]
1181
[0.0399259]
1182
[0.25626516]
1183
[0.34711458]
1184
[0.66933591]
1185
[0.00071032]
1186
[0.66933591]
1187
[0.34842177]
1188
[0.62097003]
1189
[0.66933591]
1190
[0.0490762]
1191
[0.55691792]
1192
[0.21639599]
1193
[0.66933591]
1194
[0.66933591]
1195
[0.27914092]
1196
[0.66933591]
1197
[0.18567713]
1198
[0.45887898]
1199
[0.14711514]
1200
[0.30789901]
1201
[0.35038255]
1202
[0.66933591]
1203
[0.28829122]
1204
[0.53796372]
1205
[0.65495686]
1206
[0.66933591]
1207
[0.30136308]
1208
[0.02620045]
1209
[0.24188612]
1210
[0.57064337]
1211
[0.66933591]
1212
[0.66933591]
1213
[0.61900925]
1214
[0.05103698]
1215
[0.51116641]
1216
[0.34842177]
1217
[0.36149363]
1218
[0.66933591]
1219
[0.14580796]
1220
[0.11182112]
1221
[0.27979451]
1222
[0.66149279]
1223
[0.3085526]
1224
[0.66933591]
1225
[0.66933591]
1226
[0.45234305]
1227
[0.66933591]
1228
[0.31704931]
1229
[0.62750596]
1230
[0.54842121]
1231
[0.05495854]
1232
[0.36214722]
1233
[0.57521852]
1234
[0.66933591]
1235
[0.66933591]
1236
[0.5033233]
1237
[0.19221306]
1238
[0.23665738]
1239
[0.03142919]
1240
[0.60070865]
1241
[0.43012089]
1242
[0.66933591]
1243
[0.52815983]
1244
[0.43273526]
1245
[0.36280081]
1246
[0.03861871]
1247
[0.66933591]
1248
[0.0771807]
1249
[0.00659266]
1250
[0.2157424]
1251
[0.09417411]
1252
[0.66933591]
1253
[0.13012173]
1254
[0.31966368]
1255
[0.01051422]
1256
[0.66933591]
1257
[0.3458074]
1258
[0.66933591]
1259
[0.66933591]
1260
[0.66933591]
1261
[0.26606906]
1262
[0.46672209]
1263
[0.66933591]
1264
[0.66933591]
1265
[0.66933591]
1266
[0.56868259]
1267
[0.65495686]
1268
[0.32097087]
1269
[0.19221306]
1270
[0.66933591]
1271
[0.012475]
1272
[0.66933591]
1273
[0.01378218]
1274
[0.6516889]
1275
[0.63992422]
1276
[0.09221334]
1277
[0.60005505]
1278
[0.66933591]
1279
[0.55299636]
1280
[0.66018561]
1281
[0.66933591]
1282
[0.22293192]
1283
[0.66933591]
1284
[0.33404273]
1285
[0.60070865]
1286
[0.12489298]
1287
[0.66933591]
1288
[0.65561045]
1289
[0.48829066]
1290
[0.57456493]
1291
[0.03731153]
1292
[0.2255463]
1293
[0.66933591]
1294
[0.09613489]
1295
[0.13861843]
1296
[0.58959757]
1297
[0.66933591]
1298
[0.66933591]
1299
[0.66933591]
1300
[0.66933591]
1301
[0.33534991]
1302
[0.59351912]
1303
[0.66933591]
1304
[0.14776874]
1305
[0.06868399]
1306
[0.46018616]
1307
[0.28763763]
1308
[0.00071032]
1309
[0.56214666]
1310
[0.40985951]
1311
[0.66933591]
1312
[0.32097087]
1313
[0.66214638]
1314
[0.58306164]
1315
[0.29351996]
1316
[0.50789845]
1317
[0.38763735]
1318
[0.24776846]
1319
[0.08959896]
1320
[0.06672321]
1321
[0.2248927]
1322
[0.08763818]
1323
[0.15169029]
1324
[0.10332442]
1325
[0.37521908]
1326
[0.26476187]
1327
[0.00659266]
1328
[0.03208278]
1329
[0.66933591]
1330
[0.24972924]
1331
[0.01705015]
1332
[0.62815955]
1333
[0.5490748]
1334
[0.39874843]
1335
[0.66933591]
1336
[0.66933591]
1337
[0.41508825]
1338
[0.36933674]
1339
[0.48306192]
1340
[0.23142863]
1341
[0.16084059]
1342
[0.3824086]
1343
[0.64449937]
1344
[0.00071032]
1345
[0.15626544]
1346
[0.66933591]
1347
[0.3275068]
1348
[0.54711403]
1349
[0.04188668]
1350
[0.55691792]
1351
[0.01639655]
1352
[0.18698431]
1353
[0.45953257]
1354
[0.5490748]
1355
[0.12227861]
1356
[0.47979395]
1357
[0.66933591]
1358
[0.66933591]
1359
[0.35430411]
1360
[0.48698347]
1361
[0.66933591]
1362
[0.26868343]
1363
[0.12097142]
1364
[0.66933591]
1365
[0.66933591]
1366
[0.66933591]
1367
[0.47979395]
1368
[0.0216253]
1369
[0.66933591]
1370
[0.66933591]
1371
[0.66933591]
1372
[0.01966452]
1373
[0.66933591]
1374
[0.33338913]
1375
[0.65364968]
1376
[0.66933591]
1377
[0.28502325]
1378
[0.66933591]
1379
[0.04384746]
1380
[0.10071004]
1381
[0.49090503]
1382
[0.66933591]
1383
[0.66933591]
1384
[0.66933591]
1385
[0.66933591]
1386
[0.45299664]
1387
[0.40724514]
1388
[0.58829038]
1389
[0.66933591]
1390
[0.66933591]
1391
[0.58436882]
1392
[0.66933591]
1393
[0.4105131]
1394
[0.66933591]
1395
[0.66933591]
1396
[0.10267082]
1397
[0.66933591]
1398
[0.66933591]
1399
[0.66933591]
1400
[0.66933591]
1401
[0.30201667]
1402
[0.43142807]
1403
[0.51508797]
1404
[0.66933591]
1405
[0.27783373]
1406
[0.64711375]
1407
[0.66933591]
1408
[0.14057921]
1409
[0.66933591]
1410
[0.53469576]
1411
[0.66933591]
1412
[0.66933591]
1413
[0.66933591]
1414
[0.20267054]
1415
[0.66933591]
1416
[0.66933591]
1417
[0.66933591]
1418
[0.64776734]
1419
[0.37064393]
1420
[0.59025116]
1421
[0.15299748]
1422
[0.66933591]
1423
[0.66933591]
1424
[0.33927147]
1425
[0.66933591]
1426
[0.66933591]
1427
[0.3177029]
1428
[0.66933591]
1429
[0.32489242]
1430
[0.31966368]
1431
[0.01574296]
1432
[0.66933591]
1433
[0.10201723]
1434
[0.08044866]
1435
[0.66933591]
1436
[0.66933591]
1437
[0.07848788]
1438
[0.66933591]
1439
[0.23338941]
1440
[0.66933591]
1441
[0.00071032]
1442
[0.19025228]
1443
[0.66933591]
1444
[0.55168918]
1445
[0.11639627]
1446
[0.00920703]
1447
[0.41574184]
1448
[0.43665682]
1449
[0.56345385]
1450
[0.66933591]
1451
[0.16803012]
1452
[0.29744152]
1453
[0.05430494]
1454
[0.66933591]
1455
[0.44123197]
1456
[0.66933591]
1457
[0.27848732]
1458
[0.11116753]
1459
[0.15234389]
1460
[0.02423967]
1461
[0.66933591]
1462
[0.66933591]
1463
[0.09221334]
1464
[0.15234389]
1465
[0.66933591]
1466
[0.65364968]
1467
[0.66933591]
1468
[0.38110142]
1469
[0.4386176]
1470
[0.26084032]
1471
[0.66933591]
1472
[0.19613461]
1473
[0.37587267]
1474
[0.66345357]
1475
[0.66933591]
1476
[0.66933591]
1477
[0.08175585]
1478
[0.66933591]
1479
[0.66933591]
1480
[0.45038227]
1481
[0.56541463]
1482
[0.42358496]
1483
[0.04776901]
1484
[0.32162446]
1485
[0.66933591]
1486
[0.60005505]
1487
[0.13469688]
1488
[0.56606822]
1489
[0.64319219]
1490
[0.66933591]
1491
[0.59351912]
1492
[0.16803012]
1493
[0.66933591]
1494
[0.2811017]
1495
[0.66933591]
1496
[0.66933591]
1497
[0.66933591]
1498
[0.66933591]
1499
[0.39678765]
1500
[0.02293248]
1501
[0.66933591]
1502
[0.00071032]
1503
[0.06280165]
1504
[0.012475]
1505
[0.57652571]
1506
[0.66933591]
1507
[0.06868399]
1508
[0.33338913]
1509
[0.38894453]
1510
[0.66933591]
1511
[0.63208111]
1512
[0.40855232]
1513
[0.66933591]
1514
[0.66933591]
1515
[0.66933591]
1516
[0.66933591]
1517
[0.52227749]
1518
[0.48044754]
1519
[0.66933591]
1520
[0.55757151]
1521
[0.40724514]
1522
[0.09874926]
1523
[0.19221306]
1524
[0.66933591]
1525
[0.66933591]
1526
[0.00332469]
1527
[0.07783429]
1528
[0.66933591]
1529
[0.23142863]
1530
[0.65364968]
1531
[0.18763791]
1532
[0.39744124]
1533
[0.33142835]
1534
[0.2621475]
1535
[0.66933591]
1536
[0.31378134]
1537
[0.66933591]
1538
[0.20070976]
1539
[0.66933591]
1540
[0.16803012]
1541
[0.28763763]
1542
[0.66933591]
1543
[0.03927231]
1544
[0.66933591]
1545
[0.14057921]
1546
[0.52293109]
1547
[0.66933591]
1548
[0.12946813]
1549
[0.38959813]
1550
[0.49286581]
1551
[0.6608392]
1552
[0.32619961]
1553
[0.23012145]
1554
[0.66933591]
1555
[0.01901093]
1556
[0.66933591]
1557
[0.11574268]
1558
[0.20463132]
1559
[0.66933591]
1560
[0.66933591]
1561
[0.53273498]
1562
[0.00071032]
1563
[0.20332414]
1564
[0.19548102]
1565
[0.66933591]
1566
[0.48371551]
1567
[0.66933591]
1568
[0.66933591]
1569
[0.41312747]
1570
[0.66933591]
1571
[0.66933591]
1572
[0.62750596]
1573
[0.41639544]
1574
[0.47783317]
1575
[0.35038255]
1576
[0.29809511]
1577
[0.48306192]
1578
[0.40070921]
1579
[0.21639599]
1580
[0.05430494]
1581
[0.66933591]
1582
[0.6046302]
1583
[0.32619961]
1584
[0.66933591]
1585
[0.49678737]
1586
[0.66933591]
1587
[0.1791412]
1588
[0.14842233]
1589
[0.24711486]
1590
[0.66933591]
1591
[0.66933591]
1592
[0.28763763]
1593
[0.66933591]
1594
[0.66933591]
1595
[0.364108]
1596
[0.57848649]
1597
[0.66933591]
1598
[0.66933591]
1599
[0.19613461]
1600
[0.63208111]
1601
[0.66933591]
1602
[0.55103558]
1603
[0.4660685]
1604
[0.66933591]
1605
[0.48371551]
1606
[0.62750596]
1607
[0.01116781]
1608
[0.66933591]
1609
[0.66933591]
1610
[0.66933591]
1611
[0.66933591]
1612
[0.50005533]
1613
[0.66933591]
1614
[0.47587239]
1615
[0.10005645]
1616
[0.0209717]
1617
[0.34515381]
1618
[0.66933591]
1619
[0.46476131]
1620
[0.11770346]
1621
[0.04711542]
1622
[0.50005533]
1623
[0.25757235]
1624
[0.63534907]
1625
[0.26149391]
1626
[0.47260443]
1627
[0.14319358]
1628
[0.40789873]
1629
[0.56868259]
1630
[0.54123169]
1631
[0.10201723]
1632
[0.66933591]
1633
[0.66933591]
1634
[0.15038311]
1635
[0.1144355]
1636
[0.17129808]
1637
[0.40528436]
1638
[0.25495798]
1639
[0.21508881]
1640
[0.62946674]
1641
[0.11574268]
1642
[0.22097115]
1643
[0.66933591]
1644
[0.12554658]
1645
[0.19286665]
1646
[0.66933591]
1647
[0.66933591]
1648
[0.4752188]
1649
[0.66933591]
1650
[0.32031727]
1651
[0.61051254]
1652
[0.1693373]
1653
[0.48240832]
1654
[0.24907564]
1655
[0.66933591]
1656
[0.1784876]
1657
[0.66933591]
1658
[0.66933591]
1659
[0.66933591]
1660
[0.66933591]
1661
[0.31574212]
1662
[0.04580824]
1663
[0.66933591]
1664
[0.56345385]
1665
[0.06345525]
1666
[0.66933591]
1667
[0.31901009]
1668
[0.66933591]
1669
[0.66933591]
1670
[0.61900925]
1671
[0.66933591]
1672
[0.33534991]
1673
[0.26606906]
1674
[0.66933591]
1675
[0.56933619]
1676
[0.00071032]
1677
[0.34842177]
1678
[0.00528547]
1679
[0.32227805]
1680
[0.48306192]
1681
[0.34253943]
1682
[0.56672181]
1683
[0.04123309]
1684
[0.66933591]
1685
[0.20267054]
1686
[0.04646183]
1687
[0.59286553]
1688
[0.66933591]
1689
[0.32423883]
1690
[0.66933591]
1691
[0.14384718]
1692
[0.17129808]
1693
[0.66933591]
1694
[0.46476131]
1695
[0.55757151]
1696
[0.66933591]
1697
[0.49940174]
1698
[0.66933591]
1699
[0.21901037]
1700
[0.50659126]
1701
[0.17325886]
1702
[0.22227833]
1703
[0.6425386]
1704
[0.61247332]
1705
[0.38829094]
1706
[0.01705015]
1707
[0.43208167]
1708
[0.26999062]
1709
[0.66933591]
1710
[0.62097003]
1711
[0.66933591]
1712
[0.66933591]
1713
[0.09613489]
1714
[0.47195084]
1715
[0.66933591]
1716
[0.55822511]
1717
[0.16803012]
1718
[0.66933591]
1719
[0.66933591]
1720
[0.66933591]
1721
[0.66933591]
1722
[0.66933591]
1723
[0.41378106]
1724
[0.34450021]
1725
[0.66933591]
1726
[0.09025256]
1727
[0.66933591]
1728
[0.18306275]
1729
[0.35822566]
1730
[0.66933591]
1731
[0.13404328]
1732
[0.37260471]
1733
[0.6608392]
1734
[0.32816039]
1735
[0.66933591]
1736
[0.26672265]
1737
[0.56737541]
1738
[0.32031727]
1739
[0.09874926]
1740
[0.2811017]
1741
[0.66933591]
1742
[0.31443494]
1743
[0.34384662]
1744
[0.66933591]
1745
[0.66933591]
1746
[0.53796372]
1747
[0.08959896]
1748
[0.25103642]
1749
[0.66933591]
1750
[0.35757207]
1751
[0.66933591]
1752
[0.39809483]
1753
[0.66933591]
1754
[0.66476076]
1755
[0.29155918]
1756
[0.56737541]
1757
[0.66933591]
1758
[0.24711486]
1759
[0.28698403]
1760
[0.42685292]
1761
[0.37587267]
1762
[0.66933591]
1763
[0.64515297]
1764
[0.63469548]
1765
[0.66933591]
1766
[0.40659154]
1767
[0.66933591]
1768
[0.16476215]
1769
[0.66933591]
1770
[0.3275068]
1771
[0.46149335]
1772
[0.01901093]
1773
[0.17064449]
1774
[0.66933591]
1775
[0.66933591]
1776
[0.00463188]
1777
[0.66933591]
1778
[0.62815955]
1779
[0.66933591]
1780
[0.66933591]
1781
[0.42031699]
1782
[0.09744208]
1783
[0.40855232]
1784
[0.41770262]
1785
[0.51770234]
1786
[0.26280109]
1787
[0.35561129]
1788
[0.03861871]
1789
[0.66933591]
1790
[0.26345469]
1791
[0.66933591]
1792
[0.28306248]
1793
[0.66933591]
1794
[0.2438469]
1795
[0.13338969]
1796
[0.66933591]
1797
[0.21378162]
1798
[0.17129808]
1799
[0.58371523]
1800
[0.08502381]
1801
[0.56410744]
1802
[0.00071032]
1803
[0.41182029]
1804
[0.42031699]
1805
[0.07587351]
1806
[0.04188668]
1807
[0.56998978]
1808
[0.03208278]
1809
[0.66933591]
1810
[0.36933674]
1811
[0.27391217]
1812
[0.66933591]
1813
[0.00789985]
1814
[0.65234249]
1815
[0.02946841]
1816
[0.40201639]
1817
[0.32489242]
1818
[0.06476243]
1819
[0.66933591]
1820
[0.57456493]
1821
[0.07848788]
1822
[0.66933591]
1823
[0.10659238]
1824
[0.48763707]
1825
[0.01705015]
1826
[0.39351968]
1827
[0.494173]
1828
[0.66933591]
1829
[0.66933591]
1830
[0.34711458]
1831
[0.17195167]
1832
[0.05103698]
1833
[0.31312775]
1834
[0.05169057]
1835
[0.16149419]
1836
[0.64319219]
1837
[0.19025228]
1838
[0.41574184]
1839
[0.02750763]
1840
[0.66933591]
1841
[0.66933591]
1842
[0.13077532]
1843
[0.66933591]
1844
[0.46476131]
1845
[0.66933591]
1846
[0.19874899]
1847
[0.17391245]
1848
[0.66933591]
1849
[0.21312803]
1850
[0.43273526]
1851
[0.18044838]
1852
[0.30528464]
1853
[0.35822566]
1854
[0.60855176]
1855
[0.57521852]
1856
[0.66933591]
1857
[0.66933591]
1858
[0.66933591]
1859
[0.26868343]
1860
[0.30789901]
1861
[0.4471143]
1862
[0.31574212]
1863
[0.19286665]
1864
[0.18894509]
1865
[0.38110142]
1866
[0.33534991]
1867
[0.66933591]
1868
[0.59809428]
1869
[0.66933591]
1870
[0.10005645]
1871
[0.05757291]
1872
[0.66933591]
1873
[0.45038227]
1874
[0.5399245]
1875
[0.2811017]
1876
[0.45299664]
1877
[0.12554658]
1878
[0.66933591]
1879
[0.55822511]
1880
[0.11051394]
1881
[0.66933591]
1882
[0.43992478]
1883
[0.66933591]
1884
[0.1510367]
1885
[0.39351968]
1886
[0.49482659]
1887
[0.49940174]
1888
[0.66933591]
1889
[0.50855204]
1890
[0.29744152]
1891
[0.27391217]
1892
[0.30201667]
1893
[0.46345413]
1894
[0.25626516]
1895
[0.03338997]
1896
[0.20267054]
1897
[0.54776762]
1898
[0.26606906]
1899
[0.33077476]
1900
[0.27652655]
1901
[0.08110226]
1902
[0.17783401]
1903
[0.26737624]
1904
[0.66933591]
1905
[0.22685348]
1906
[0.66933591]
1907
[0.66933591]
1908
[0.66933591]
1909
[0.66933591]
1910
[0.07129836]
1911
[0.66933591]
1912
[0.66933591]
1913
[0.41574184]
1914
[0.42554574]
1915
[0.02293248]
1916
[0.22946785]
1917
[0.66933591]
1918
[0.06214806]
1919
[0.66933591]
1920
[0.02293248]
1921
[0.66933591]
1922
[0.27979451]
1923
[0.48044754]
1924
[0.55561073]
1925
[0.30201667]
1926
[0.234043]
1927
[0.05169057]
1928
[0.66933591]
1929
[0.66933591]
1930
[0.10986034]
1931
[0.66933591]
1932
[0.66933591]
1933
[0.66933591]
1934
[0.37848705]
1935
[0.0307756]
1936
[0.66933591]
1937
[0.66933591]
1938
[0.66933591]
1939
[0.24842205]
1940
[0.5490748]
1941
[0.12097142]
1942
[0.66933591]
1943
[0.66933591]
1944
[0.44057838]
1945
[0.00986062]
1946
[0.05888009]
1947
[0.66541435]
1948
[0.66933591]
1949
[0.57979367]
1950
[0.22685348]
1951
[0.66933591]
1952
[0.11966424]
1953
[0.62293081]
1954
[0.57521852]
1955
[0.37129752]
1956
[0.21443522]
1957
[0.66933591]
1958
[0.20201695]
1959
[0.14907592]
1960
[0.641885]
1961
[0.66933591]
1962
[0.07391273]
1963
[0.24907564]
1964
[0.10986034]
1965
[0.66933591]
1966
[0.01378218]
1967
[0.37652627]
1968
[0.18567713]
1969
[0.4850227]
1970
[0.66933591]
1971
[0.66933591]
1972
[0.34842177]
1973
[0.16672293]
1974
[0.66933591]
1975
[0.55691792]
1976
[0.66933591]
1977
[0.02946841]
1978
[0.16803012]
1979
[0.29548074]
1980
[0.47260443]
1981
[0.56672181]
1982
[0.58502242]
1983
[0.56737541]
1984
[0.56672181]
1985
[0.45626461]
1986
[0.28567685]
1987
[0.5216239]
1988
[0.09613489]
1989
[0.66933591]
1990
[0.66933591]
1991
[0.05234417]
1992
[0.66933591]
1993
[0.23338941]
1994
[0.33534991]
1995
[0.02423967]
1996
[0.66933591]
1997
[0.58306164]
1998
[0.08502381]
1999
[0.29221278]
2000
[0.66933591]
2001
[0.06149447]
2002
[0.66933591]
2003
[0.30201667]
2004
[0.07325914]
2005
[0.61704847]
2006
[0.66933591]
2007
[0.35822566]
2008
[0.35626489]
2009
[0.25365079]
2010
[0.2895984]
2011
[0.04254027]
2012
[0.51312719]
2013
[0.34842177]
2014
[0.16672293]
2015
[0.66933591]
2016
[0.66933591]
2017
[0.66933591]
2018
[0.11508909]
2019
[0.66933591]
2020
[0.41116669]
2021
[0.66933591]
2022
[0.06868399]
2023
[0.66933591]
2024
[0.11116753]
2025
[0.66933591]
2026
[0.66933591]
2027
[0.66933591]
2028
[0.23796456]
2029
[0.66933591]
2030
[0.51835594]
2031
[0.05691932]
2032
[0.10136364]
2033
[0.26149391]
2034
[0.66933591]
2035
[0.42554574]
2036
[0.24711486]
2037
[0.5216239]
2038
[0.31639572]
2039
[0.29744152]
2040
[0.20332414]
2041
[0.35365051]
2042
[0.16149419]
2043
[0.55691792]
2044
[0.36868315]
2045
[0.00593907]
2046
[0.2255463]
2047
[0.47260443]
2048
[0.27652655]
2049
[0.66933591]
2050
[0.06084087]
2051
[0.6327347]
2052
[0.66933591]
2053
[0.66933591]
2054
[0.46149335]
2055
[0.40789873]
2056
[0.00659266]
2057
[0.48632988]
2058
[0.6608392]
2059
[0.34711458]
2060
[0.18436994]
2061
[0.46868287]
2062
[0.1784876]
2063
[0.58044727]
2064
[0.46149335]
2065
[0.66933591]
2066
[0.13600406]
2067
[0.64711375]
2068
[0.1791412]
2069
[0.41378106]
2070
[0.66933591]
2071
[0.50985923]
2072
[0.34515381]
2073
[0.66933591]
2074
[0.66933591]
2075
[0.39809483]
2076
[0.10789957]
2077
[0.36149363]
2078
[0.15365107]
2079
[0.66933591]
2080
[0.63404189]
2081
[0.50397689]
2082
[0.02554685]
2083
[0.66933591]
2084
[0.012475]
2085
[0.49940174]
2086
[0.45299664]
2087
[0.26541547]
2088
[0.66933591]
2089
[0.35757207]
2090
[0.57325774]
2091
[0.1235858]
2092
[0.05495854]
2093
[0.66933591]
2094
[0.11051394]
2095
[0.12750735]
2096
[0.66541435]
2097
[0.21443522]
2098
[0.66933591]
2099
[0.07195195]
2100
[0.03469716]
2101
[0.35430411]
2102
[0.66933591]
2103
[0.12620017]
2104
[0.00201751]
2105
[0.49809455]
2106
[0.45299664]
2107
[0.44972868]
2108
[0.22097115]
2109
[0.66933591]
2110
[0.66933591]
2111
[0.46083976]
2112
[0.66933591]
2113
[0.66933591]
2114
[0.09613489]
2115
[0.66933591]
2116
[0.38110142]
2117
[0.62293081]
2118
[0.15169029]
2119
[0.50397689]
2120
[0.22881426]
2121
[0.66933591]
2122
[0.32293165]
2123
[0.66933591]
2124
[0.09417411]
2125
[0.55822511]
2126
[0.14253999]
2127
[0.28829122]
2128
[0.66933591]
2129
[0.52946702]
2130
[0.08437022]
2131
[0.66933591]
2132
[0.4386176]
2133
[0.07129836]
2134
[0.4660685]
2135
[0.47260443]
2136
[0.59025116]
2137
[0.43142807]
2138
[0.59090475]
2139
[0.66933591]
2140
[0.66933591]
2141
[0.58959757]
2142
[0.45234305]
2143
[0.66933591]
2144
[0.66933591]
2145
[0.00071032]
2146
[0.00071032]
2147
[0.66933591]
2148
[0.54449965]
2149
[0.04384746]
2150
[0.66410716]
2151
[0.08371663]
2152
[0.10332442]
2153
[0.3824086]
2154
[0.65757123]
2155
[0.66933591]
2156
[0.66933591]
2157
[0.37195112]
2158
[0.66933591]
2159
[0.13861843]
2160
[0.66933591]
2161
[0.24907564]
2162
[0.66933591]
2163
[0.46476131]
2164
[0.00071032]
2165
[0.03796512]
2166
[0.30789901]
2167
[0.11639627]
2168
[0.66933591]
2169
[0.48371551]
2170
[0.65691764]
2171
[0.65561045]
2172
[0.04188668]
2173
[0.39548046]
2174
[0.65430327]
2175
[0.66933591]
2176
[0.66933591]
2177
[0.36149363]
2178
[0.57783289]
2179
[0.66933591]
2180
[0.0307756]
2181
[0.66933591]
2182
[0.45887898]
2183
[0.66933591]
2184
[0.14646155]
2185
[0.66933591]
2186
[0.66933591]
2187
[0.66737513]
2188
[0.18044838]
2189
[0.44253915]
2190
[0.568029]
2191
[0.41574184]
2192
[0.66933591]
2193
[0.57129696]
2194
[0.08698459]
2195
[0.66933591]
2196
[0.33861788]
2197
[0.16149419]
2198
[0.63600267]
2199
[0.66933591]
2200
[0.28829122]
2201
[0.47129724]
2202
[0.66933591]
2203
[0.43534963]
2204
[0.36999034]
2205
[0.56410744]
2206
[0.66933591]
2207
[0.66018561]
2208
[0.01835733]
2209
[0.66933591]
2210
[0.44449993]
2211
[0.66933591]
2212
[0.6052838]
2213
[0.17064449]
2214
[0.66933591]
2215
[0.66933591]
2216
[0.65822483]
2217
[0.27718014]
2218
[0.21051366]
2219
[0.07456633]
2220
[0.57195056]
2221
[0.19613461]
2222
[0.437964]
2223
[0.66933591]
2224
[0.62619877]
2225
[0.30528464]
2226
[0.04842261]
2227
[0.31639572]
2228
[0.19417383]
2229
[0.56737541]
2230
[0.42227777]
2231
[0.36345441]
2232
[0.364108]
2233
[0.37717986]
2234
[0.44384634]
2235
[0.28567685]
2236
[0.66933591]
2237
[0.54449965]
2238
[0.00397829]
2239
[0.42423855]
2240
[0.21312803]
2241
[0.61835566]
2242
[0.66933591]
2243
[0.66933591]
2244
[0.09809567]
2245
[0.51966312]
2246
[0.44188556]
2247
[0.41639544]
2248
[0.37521908]
2249
[0.66933591]
2250
[0.12685376]
2251
[0.06149447]
2252
[0.66933591]
2253
[0.18959868]
2254
[0.35365051]
2255
[0.66933591]
2256
[0.14253999]
2257
[0.66933591]
2258
[0.38959813]
2259
[0.16737652]
2260
[0.66933591]
2261
[0.62031644]
2262
[0.22423911]
2263
[0.66933591]
2264
[0.36280081]
2265
[0.52097031]
2266
[0.36476159]
2267
[0.15822622]
2268
[0.66933591]
2269
[0.66933591]
2270
[0.27064421]
2271
[0.52423827]
2272
[0.02620045]
2273
[0.66933591]
2274
[0.22031755]
2275
[0.30920619]
2276
[0.66933591]
2277
[0.1882915]
2278
[0.66933591]
2279
[0.04711542]
2280
[0.56018588]
2281
[0.66933591]
2282
[0.56280026]
2283
[0.66933591]
2284
[0.60593739]
2285
[0.46083976]
2286
[0.3085526]
2287
[0.65757123]
2288
[0.66933591]
2289
[0.40724514]
2290
[0.66933591]
2291
[0.66933591]
2292
[0.62685236]
2293
[0.31508853]
2294
[0.66933591]
2295
[0.234043]
2296
[0.53600295]
2297
[0.42816011]
2298
[0.47914036]
2299
[0.34253943]
2300
[0.66933591]
2301
[0.66933591]
2302
[0.11704987]
2303
[0.03338997]
2304
[0.44384634]
2305
[0.66933591]
2306
[0.66933591]
2307
[0.64449937]
2308
[0.43077448]
2309
[0.66933591]
2310
[0.06410884]
2311
[0.6046302]
2312
[0.66933591]
2313
[0.35626489]
2314
[0.46737569]
2315
[0.28306248]
2316
[0.47848677]
2317
[0.66476076]
2318
[0.00071032]
2319
[0.02554685]
2320
[0.53796372]
2321
[0.18567713]
2322
[0.20201695]
2323
[0.43012089]
2324
[0.57587212]
2325
[0.66933591]
2326
[0.19286665]
2327
[0.66933591]
2328
[0.66933591]
2329
[0.57391134]
2330
[0.1235858]
2331
[0.4288137]
2332
[0.06933758]
2333
[0.66933591]
2334
[0.14057921]
2335
[0.66933591]
2336
[0.53404217]
2337
[0.32423883]
2338
[0.07129836]
2339
[0.59286553]
2340
[0.36868315]
2341
[0.10332442]
2342
[0.086331]
2343
[0.48763707]
2344
[0.14972951]
2345
[0.26933702]
2346
[0.66933591]
2347
[0.66933591]
2348
[0.66933591]
2349
[0.66933591]
2350
[0.19613461]
2351
[0.66933591]
2352
[0.08959896]
2353
[0.66933591]
2354
[0.26868343]
2355
[0.66933591]
2356
[0.66933591]
2357
[0.53861732]
2358
[0.36018644]
2359
[0.3549577]
2360
[0.66933591]
2361
[0.66933591]
2362
[0.66933591]
2363
[0.66933591]
2364
[0.00071032]
2365
[0.45822538]
2366
[0.66933591]
2367
[0.07783429]
2368
[0.37979423]
2369
[0.66933591]
2370
[0.28567685]
2371
[0.66933591]
2372
[0.30985979]
2373
[0.40593795]
2374
[0.16672293]
2375
[0.66933591]
2376
[0.66933591]
2377
[0.65299608]
2378
[0.66933591]
2379
[0.3915589]
2380
[0.66933591]
2381
[0.66933591]
2382
[0.66933591]
2383
[0.08763818]
2384
[0.66933591]
2385
[0.66933591]
2386
[0.3268532]
2387
[0.47848677]
2388
[0.06606962]
2389
[0.31574212]
2390
[0.37848705]
2391
[0.37391189]
2392
[0.66933591]
2393
[0.66933591]
2394
[0.39417328]
2395
[0.17587323]
2396
[0.66933591]
2397
[0.15299748]
2398
[0.6046302]
2399
[0.51574156]
2400
[0.41574184]
2401
[0.13600406]
2402
[0.63077392]
2403
[0.66933591]
2404
[0.21901037]
2405
[0.66933591]
2406
[0.4935194]
2407
[0.66933591]
2408
[0.53796372]
2409
[0.13142891]
2410
[0.0765271]
2411
[0.00397829]
2412
[0.02685404]
2413
[0.43338885]
2414
[0.32816039]
2415
[0.66933591]
2416
[0.36737597]
2417
[0.50005533]
2418
[0.11182112]
2419
[0.66933591]
2420
[0.30985979]
2421
[0.66933591]
2422
[0.66933591]
2423
[0.65430327]
2424
[0.02293248]
2425
[0.66933591]
2426
[0.63077392]
2427
[0.60855176]
2428
[0.66933591]
2429
[0.22227833]
2430
[0.62750596]
2431
[0.66933591]
2432
[0.66933591]
2433
[0.66933591]
2434
[0.52031671]
2435
[0.09482771]
2436
[0.66933591]
2437
[0.66933591]
2438
[0.25103642]
2439
[0.44057838]
2440
[0.28240888]
2441
[0.18110198]
2442
[0.66933591]
2443
[0.66933591]
2444
[0.53600295]
2445
[0.66933591]
2446
[0.28829122]
2447
[0.66933591]
2448
[0.66933591]
2449
[0.66933591]
2450
[0.66933591]
2451
[0.66933591]
2452
[0.35822566]
2453
[0.36933674]
2454
[0.00397829]
2455
[0.66933591]
2456
[0.66933591]
2457
[0.4013628]
2458
[0.66933591]
2459
[0.66933591]
2460
[0.66933591]
2461
[0.37587267]
2462
[0.66933591]
2463
[0.61181973]
2464
[0.66933591]
2465
[0.11966424]
2466
[0.66933591]
2467
[0.45038227]
2468
[0.25495798]
2469
[0.03012201]
2470
[0.66933591]
2471
[0.04515464]
2472
[0.66933591]
2473
[0.41312747]
2474
[0.66933591]
2475
[0.29874871]
2476
[0.66933591]
2477
[0.36802956]
2478
[0.34515381]
2479
[0.6516889]
2480
[0.66933591]
2481
[0.10724597]
2482
[0.07979507]
2483
[0.24188612]
2484
[0.1327361]
2485
[0.22619989]
2486
[0.66933591]
2487
[0.66933591]
2488
[0.62423799]
2489
[0.66933591]
2490
[0.2895984]
2491
[0.0771807]
2492
[0.35887926]
2493
[0.66933591]
2494
[0.01901093]
2495
[0.66933591]
2496
[0.5033233]
2497
[0.66933591]
2498
[0.51116641]
2499
[0.08959896]
2500
[0.66933591]
2501
[0.12162502]
2502
[0.66933591]
2503
[0.50397689]
2504
[0.66933591]
2505
[0.00071032]
2506
[0.15234389]
2507
[0.66933591]
2508
[0.05757291]
2509
[0.03208278]
2510
[0.09678849]
2511
[0.18763791]
2512
[0.66933591]
2513
[0.64907452]
2514
[0.66933591]
2515
[0.66933591]
2516
[0.06672321]
2517
[0.2248927]
2518
[0.66933591]
2519
[0.53404217]
2520
[0.66933591]
2521
[0.66933591]
2522
[0.66933591]
2523
[0.66933591]
2524
[0.437964]
2525
[0.53796372]
2526
[0.05234417]
2527
[0.05561213]
2528
[0.53404217]
2529
[0.20986007]
2530
[0.33927147]
2531
[0.25365079]
2532
[0.47456521]
2533
[0.66933591]
2534
[0.23273582]
2535
[0.09155974]
2536
[0.66933591]
2537
[0.66149279]
2538
[0.39678765]
2539
[0.5124736]
2540
[0.1235858]
2541
[0.31704931]
2542
[0.03600434]
2543
[0.15822622]
2544
[0.4935194]
2545
[0.0680304]
2546
[0.34384662]
2547
[0.59678709]
2548
[0.66933591]
2549
[0.18959868]
2550
[0.36933674]
2551
[0.2804481]
2552
[0.25691876]
2553
[0.66933591]
2554
[0.42489214]
2555
[0.66933591]
2556
[0.15887982]
2557
[0.4843691]
2558
[0.45495742]
2559
[0.61181973]
2560
[0.66933591]
2561
[0.36737597]
2562
[0.2157424]
2563
[0.66933591]
2564
[0.37129752]
2565
[0.10855316]
2566
[0.56933619]
2567
[0.19940258]
2568
[0.66933591]
2569
[0.66933591]
2570
[0.60593739]
2571
[0.02227889]
2572
[0.43992478]
2573
[0.56868259]
2574
[0.66933591]
2575
[0.33142835]
2576
[0.66933591]
2577
[0.47979395]
2578
[0.08959896]
2579
[0.42293137]
2580
[0.66933591]
2581
[0.17979479]
2582
[0.34188584]
2583
[0.66933591]
2584
[0.05495854]
2585
[0.29548074]
2586
[0.45234305]
2587
[0.51182001]
2588
[0.57914008]
2589
[0.66933591]
2590
[0.41247388]
2591
[0.03665793]
2592
[0.33012117]
2593
[0.04776901]
2594
[0.50985923]
2595
[0.66933591]
2596
[0.07325914]
2597
[0.38829094]
2598
[0.66933591]
2599
[0.66933591]
2600
[0.66933591]
2601
[0.66933591]
2602
[0.00659266]
2603
[0.45168946]
2604
[0.66933591]
2605
[0.66933591]
2606
[0.32162446]
2607
[0.53534935]
2608
[0.61247332]
2609
[0.66933591]
2610
[0.58044727]
2611
[0.66933591]
2612
[0.66933591]
2613
[0.66933591]
2614
[0.33208195]
2615
[0.52881342]
2616
[0.66933591]
2617
[0.01770374]
2618
[0.52097031]
2619
[0.46933646]
2620
[0.26410828]
2621
[0.62293081]
2622
[0.66933591]
2623
[0.66933591]
2624
[0.66933591]
2625
[0.45757179]
2626
[0.66933591]
2627
[0.20789929]
2628
[0.66149279]
2629
[0.09874926]
2630
[0.66933591]
2631
[0.66933591]
2632
[0.13077532]
2633
[0.66933591]
2634
[0.49482659]
2635
[0.66933591]
2636
[0.66933591]
2637
[0.35234333]
2638
[0.66933591]
2639
[0.66933591]
2640
[0.66933591]
2641
[0.26999062]
2642
[0.66933591]
2643
[0.364108]
2644
[0.06018728]
2645
[0.26149391]
2646
[0.16606934]
2647
[0.66933591]
2648
[0.54449965]
2649
[0.16214778]
2650
[0.5961335]
2651
[0.15561185]
2652
[0.58306164]
2653
[0.30789901]
2654
[0.66933591]
2655
[0.48763707]
2656
[0.66933591]
2657
[0.33992506]
2658
[0.38894453]
2659
[0.26018672]
2660
[0.66933591]
2661
[0.66933591]
2662
[0.06476243]
2663
[0.58894397]
2664
[0.54188528]
2665
[0.66933591]
2666
[0.48763707]
2667
[0.66410716]
2668
[0.30985979]
2669
[0.62946674]
2670
[0.66933591]
2671
[0.10136364]
2672
[0.66802872]
2673
[0.10332442]
2674
[0.66933591]
2675
[0.494173]
2676
[0.62293081]
2677
[0.40855232]
2678
[0.50266971]
2679
[0.17652683]
2680
[0.66933591]
2681
[0.24450049]
2682
[0.65038171]
2683
[0.66933591]
2684
[0.3275068]
2685
[0.09090615]
2686
[0.160187]
2687
[0.15038311]
2688
[0.48959785]
2689
[0.35103614]
2690
[0.13796484]
2691
[0.66933591]
2692
[0.27391217]
2693
[0.00920703]
2694
[0.29090559]
2695
[0.26606906]
2696
[0.364108]
2697
[0.23731097]
2698
[0.32293165]
2699
[0.56868259]
2700
[0.05038339]
2701
[0.04972979]
2702
[0.23665738]
2703
[0.45561101]
2704
[0.51770234]
2705
[0.34123225]
2706
[0.03665793]
2707
[0.66933591]
2708
[0.24450049]
2709
[0.49482659]
2710
[0.08829178]
2711
[0.14319358]
2712
[0.66933591]
2713
[0.24319331]
2714
[0.64842093]
2715
[0.53338857]
2716
[0.49482659]
2717
[0.66933591]
2718
[0.50659126]
2719
[0.66933591]
2720
[0.60201583]
2721
[0.66933591]
2722
[0.48632988]
2723
[0.64057782]
2724
[0.66933591]
2725
[0.57848649]
2726
[0.66933591]
2727
[0.1784876]
2728
[0.05626572]
2729
[0.66933591]
2730
[0.20136336]
2731
[0.31966368]
2732
[0.41574184]
2733
[0.66933591]
2734
[0.2804481]
2735
[0.1510367]
2736
[0.43012089]
2737
[0.66933591]
2738
[0.01443577]
2739
[0.56018588]
2740
[0.66933591]
2741
[0.44972868]
2742
[0.66933591]
2743
[0.36018644]
2744
[0.66933591]
2745
[0.15691904]
2746
[0.1229322]
2747
[0.62946674]
2748
[0.43208167]
2749
[0.54449965]
2750
[0.6516889]
2751
[0.30397745]
2752
[0.50463048]
2753
[0.66933591]
2754
[0.07783429]
2755
[0.55364995]
2756
[0.66933591]
2757
[0.03927231]
2758
[0.66933591]
2759
[0.17979479]
2760
[0.3268532]
2761
[0.00071032]
2762
[0.34384662]
2763
[0.66933591]
2764
[0.09417411]
2765
[0.66933591]
2766
[0.43534963]
2767
[0.51378079]
2768
[0.2994023]
2769
[0.66933591]
2770
[0.17979479]
2771
[0.66933591]
2772
[0.48763707]
2773
[0.32227805]
2774
[0.65822483]
2775
[0.66933591]
2776
[0.66933591]
2777
[0.04450105]
2778
[0.01116781]
2779
[0.26672265]
2780
[0.33861788]
2781
[0.25234361]
2782
[0.18698431]
2783
[0.26345469]
2784
[0.66933591]
2785
[0.38371579]
2786
[0.60070865]
2787
[0.54776762]
2788
[0.66933591]
2789
[0.66933591]
2790
[0.66933591]
2791
[0.5863296]
2792
[0.0582265]
2793
[0.3549577]
2794
[0.2529972]
2795
[0.22097115]
2796
[0.63404189]
2797
[0.66933591]
2798
[0.66933591]
2799
[0.29548074]
2800
[0.41900981]
2801
[0.31378134]
2802
[0.36672237]
2803
[0.45038227]
2804
[0.66933591]
2805
[0.05495854]
2806
[0.39744124]
2807
[0.66933591]
2808
[0.58044727]
2809
[0.37129752]
2810
[0.66933591]
2811
[0.66933591]
2812
[0.66933591]
2813
[0.66933591]
2814
[0.53927091]
2815
[0.2994023]
2816
[0.17325886]
2817
[0.66933591]
2818
[0.17195167]
2819
[0.66933591]
2820
[0.60855176]
2821
[0.42750652]
2822
[0.27587295]
2823
[0.0026711]
2824
[0.66933591]
2825
[0.568029]
2826
[0.66933591]
2827
[0.66933591]
2828
[0.66933591]
2829
[0.1137819]
2830
[0.66933591]
2831
[0.66933591]
2832
[0.4752188]
2833
[0.19548102]
2834
[0.42816011]
2835
[0.03535075]
2836
[0.66933591]
2837
[0.66933591]
2838
[0.66933591]
2839
[0.47717958]
2840
[0.66933591]
2841
[0.33927147]
2842
[0.34450021]
2843
[0.40005561]
2844
[0.66933591]
2845
[0.3830622]
2846
[0.5961335]
2847
[0.66933591]
2848
[0.66933591]
2849
[0.66933591]
2850
[0.5307742]
2851
[0.66933591]
2852
[0.37979423]
2853
[0.46018616]
2854
[0.66933591]
2855
[0.02227889]
2856
[0.66933591]
2857
[0.66933591]
2858
[0.66933591]
2859
[0.29286637]
2860
[0.58436882]
2861
[0.66933591]
2862
[0.00071032]
2863
[0.66933591]
2864
[0.66933591]
2865
[0.65561045]
2866
[0.56933619]
2867
[0.66933591]
2868
[0.41704903]
2869
[0.38371579]
2870
[0.34711458]
2871
[0.51574156]
2872
[0.66933591]
2873
[0.43731041]
2874
[0.437964]
2875
[0.19548102]
2876
[0.58110086]
2877
[0.22946785]
2878
[0.62097003]
2879
[0.66933591]
2880
[0.44384634]
2881
[0.13535047]
2882
[0.66933591]
2883
[0.38567657]
2884
[0.48959785]
2885
[0.66933591]
2886
[0.66933591]
2887
[0.44646071]
2888
[0.66933591]
2889
[0.2255463]
2890
[0.14842233]
2891
[0.66018561]
2892
[0.38959813]
2893
[0.56998978]
2894
[0.66933591]
2895
[0.49090503]
2896
[0.66933591]
2897
[0.15430467]
2898
[0.66933591]
2899
[0.66933591]
2900
[0.10005645]
2901
[0.52685264]
2902
[0.66933591]
2903
[0.4294673]
2904
[0.46999006]
2905
[0.66933591]
2906
[0.66933591]
2907
[0.40201639]
2908
[0.66933591]
2909
[0.66933591]
2910
[0.10789957]
2911
[0.66933591]
2912
[0.66933591]
2913
[0.66933591]
2914
[0.41574184]
2915
[0.20397773]
2916
[0.15038311]
2917
[0.66933591]
2918
[0.33861788]
2919
[0.66933591]
2920
[0.61574128]
2921
[0.23600378]
2922
[0.41182029]
2923
[0.66933591]
2924
[0.66933591]
2925
[0.38044782]
2926
[0.66933591]
2927
[0.06018728]
2928
[0.53338857]
2929
[0.15887982]
2930
[0.66933591]
2931
[0.66933591]
2932
[0.34842177]
2933
[0.66933591]
2934
[0.09352052]
2935
[0.4569182]
2936
[0.34253943]
2937
[0.66933591]
2938
[0.06410884]
2939
[0.5490748]
2940
[0.21639599]
2941
[0.66933591]
2942
[0.47717958]
2943
[0.66933591]
2944
[0.66933591]
2945
[0.66933591]
2946
[0.28175529]
2947
[0.19155946]
2948
[0.3830622]
2949
[0.01966452]
2950
[0.23208223]
2951
[0.62685236]
2952
[0.17587323]
2953
[0.07195195]
2954
[0.58567601]
2955
[0.66933591]
2956
[0.15822622]
2957
[0.66933591]
2958
[0.33273554]
2959
[0.50985923]
2960
[0.62423799]
2961
[0.55757151]
2962
[0.60920536]
2963
[0.10201723]
2964
[0.50397689]
2965
[0.66933591]
2966
[0.14057921]
2967
[0.66933591]
2968
[0.0307756]
2969
[0.66933591]
2970
[0.38175501]
2971
[0.29351996]
2972
[0.66933591]
2973
[0.66933591]
2974
[0.59809428]
2975
[0.37064393]
2976
[0.66933591]
2977
[0.15234389]
2978
[0.4105131]
2979
[0.42358496]
2980
[0.15822622]
2981
[0.40920591]
2982
[0.32293165]
2983
[0.11116753]
2984
[0.14842233]
2985
[0.66933591]
2986
[0.05169057]
2987
[0.11770346]
2988
[0.66933591]
2989
[0.66933591]
2990
[0.3268532]
2991
[0.1229322]
2992
[0.59678709]
2993
[0.44646071]
2994
[0.66933591]
2995
[0.14776874]
2996
[0.66933591]
2997
[0.00071032]
2998
[0.20789929]
2999
[0.28436966]
3000
[0.14972951]
3001
[0.66933591]
3002
[0.16541575]
3003
[0.48240832]
3004
[0.14057921]
3005
[0.66933591]
3006
[0.66933591]
3007
[0.04842261]
3008
[0.18306275]
3009
[0.63927063]
3010
[0.43077448]
3011
[0.32293165]
3012
[0.63796344]
3013
[0.66933591]
3014
[0.48763707]
3015
[0.20724569]
3016
[0.52293109]
3017
[0.6046302]
3018
[0.20724569]
3019
[0.66933591]
3020
[0.5399245]
3021
[0.65887842]
3022
[0.46345413]
3023
[0.43600322]
3024
[0.22881426]
3025
[0.66933591]
3026
[0.21508881]
3027
[0.2438469]
3028
[0.36280081]
3029
[0.66933591]
3030
[0.54646043]
3031
[0.13535047]
3032
[0.66933591]
3033
[0.2994023]
3034
[0.03338997]
3035
[0.66933591]
3036
[0.66933591]
3037
[0.66933591]
3038
[0.01312859]
3039
[0.48306192]
3040
[0.20920647]
3041
[0.32619961]
3042
[0.18698431]
3043
[0.66933591]
3044
[0.28175529]
3045
[0.66933591]
3046
[0.50266971]
3047
[0.5497284]
3048
[0.66933591]
3049
[0.66933591]
3050
[0.66933591]
3051
[0.12946813]
3052
[0.48632988]
3053
[0.5490748]
3054
[0.12750735]
3055
[0.66933591]
3056
[0.437964]
3057
[0.63600267]
3058
[0.66933591]
3059
[0.66933591]
3060
[0.66933591]
3061
[0.26868343]
3062
[0.4660685]
3063
[0.66933591]
3064
[0.36868315]
3065
[0.46868287]
3066
[0.10789957]
3067
[0.66933591]
3068
[0.21704959]
3069
[0.19940258]
3070
[0.66933591]
3071
[0.17587323]
3072
[0.6235844]
3073
[0.25103642]
3074
[0.4843691]
3075
[0.66933591]
3076
[0.66933591]
3077
[0.66933591]
3078
[0.04450105]
3079
[0.10920675]
3080
[0.66933591]
3081
[0.47979395]
3082
[0.66933591]
3083
[0.3922125]
3084
[0.63730985]
3085
[0.24580768]
3086
[0.40332358]
3087
[0.53338857]
3088
[0.11966424]
3089
[0.41247388]
3090
[0.34711458]
3091
[0.23208223]
3092
[0.66933591]
3093
[0.58436882]
3094
[0.44319275]
3095
[0.5961335]
3096
[0.44384634]
3097
[0.31508853]
3098
[0.19874899]
3099
[0.66933591]
3100
[0.00071032]
3101
[0.08437022]
3102
[0.56998978]
3103
[0.27260499]
3104
[0.28567685]
3105
[0.66933591]
3106
[0.66933591]
3107
[0.52554546]
3108
[0.00136392]
3109
[0.61835566]
3110
[0.66933591]
3111
[0.15365107]
3112
[0.24319331]
3113
[0.18502353]
3114
[0.66933591]
3115
[0.66933591]
3116
[0.66933591]
3117
[0.38959813]
3118
[0.66933591]
3119
[0.54580684]
3120
[0.39090531]
3121
[0.47717958]
3122
[0.13404328]
3123
[0.66933591]
3124
[0.66933591]
3125
[0.23012145]
3126
[0.66933591]
3127
[0.06999118]
3128
[0.08959896]
3129
[0.12685376]
3130
[0.60136224]
3131
[0.2994023]
3132
[0.66933591]
3133
[0.62097003]
3134
[0.66933591]
3135
[0.66933591]
3136
[0.10267082]
3137
[0.31704931]
3138
[0.42816011]
3139
[0.34776818]
3140
[0.25887954]
3141
[0.66933591]
3142
[0.18175557]
3143
[0.66933591]
3144
[0.38371579]
3145
[0.54711403]
3146
[0.66933591]
3147
[0.65691764]
3148
[0.24711486]
3149
[0.47129724]
3150
[0.33404273]
3151
[0.66933591]
3152
[0.62031644]
3153
[0.34057865]
3154
[0.24711486]
3155
[0.00071032]
3156
[0.07325914]
3157
[0.66933591]
3158
[0.24057893]
3159
[0.63600267]
3160
[0.66933591]
3161
[0.10855316]
3162
[0.66933591]
3163
[0.18175557]
3164
[0.66933591]
3165
[0.66933591]
3166
[0.66933591]
3167
[0.36737597]
3168
[0.26672265]
3169
[0.58894397]
3170
[0.62097003]
3171
[0.66933591]
3172
[0.11704987]
3173
[0.40855232]
3174
[0.21443522]
3175
[0.35822566]
3176
[0.27456577]
3177
[0.11574268]
3178
[0.28436966]
3179
[0.66933591]
3180
[0.66933591]
3181
[0.58240804]
3182
[0.66933591]
3183
[0.66933591]
3184
[0.45822538]
3185
[0.51116641]
3186
[0.03469716]
3187
[0.66933591]
3188
[0.35038255]
3189
[0.66933591]
3190
[0.41704903]
3191
[0.66149279]
3192
[0.45365023]
3193
[0.12750735]
3194
[0.53404217]
3195
[0.66933591]
3196
[0.24972924]
3197
[0.17325886]
3198
[0.66933591]
3199
[0.35887926]
3200
[0.50201611]
3201
[0.56737541]
3202
[0.58110086]
3203
[0.66933591]
3204
[0.4288137]
3205
[0.50005533]
3206
[0.08437022]
3207
[0.66933591]
3208
[0.66933591]
3209
[0.33534991]
3210
[0.17391245]
3211
[0.54515325]
3212
[0.18371635]
3213
[0.37456549]
3214
[0.55822511]
3215
[0.50659126]
3216
[0.5399245]
3217
[0.66933591]
3218
[0.23927175]
3219
[0.46214694]
3220
[0.07325914]
3221
[0.66933591]
3222
[0.5588787]
3223
[0.66933591]
3224
[0.65822483]
3225
[0.47456521]
3226
[0.55430355]
3227
[0.45953257]
3228
[0.32554602]
3229
[0.58175445]
3230
[0.4288137]
3231
[0.66933591]
3232
[0.66933591]
3233
[0.34515381]
3234
[0.66933591]
3235
[0.43338885]
3236
[0.27391217]
3237
[0.66933591]
3238
[0.21312803]
3239
[0.66933591]
3240
[0.66933591]
3241
[0.66933591]
3242
[0.0765271]
3243
[0.30267026]
3244
[0.66933591]
3245
[0.26476187]
3246
[0.66933591]
3247
[0.44646071]
3248
[0.55168918]
3249
[0.51900953]
3250
[0.44057838]
3251
[0.4660685]
3252
[0.66933591]
3253
[0.01312859]
3254
[0.66933591]
3255
[0.11704987]
3256
[0.43600322]
3257
[0.66933591]
3258
[0.66933591]
3259
[0.66149279]
3260
[0.50789845]
3261
[0.66933591]
3262
[0.41508825]
3263
[0.24450049]
3264
[0.66933591]
3265
[0.52881342]
3266
[0.11901065]
3267
[0.30789901]
3268
[0.09417411]
3269
[0.55691792]
3270
[0.13012173]
3271
[0.66933591]
3272
[0.56868259]
3273
[0.66933591]
3274
[0.00593907]
3275
[0.66933591]
3276
[0.2065921]
3277
[0.02946841]
3278
[0.61508769]
3279
[0.58175445]
3280
[0.31051338]
3281
[0.52423827]
3282
[0.04123309]
3283
[0.41508825]
3284
[0.56606822]
3285
[0.66933591]
3286
[0.66933591]
3287
[0.66933591]
3288
[0.66933591]
3289
[0.42750652]
3290
[0.45038227]
3291
[0.00071032]
3292
[0.47195084]
3293
[0.49090503]
3294
[0.54776762]
3295
[0.66933591]
3296
[0.04580824]
3297
[0.29874871]
3298
[0.42489214]
3299
[0.66933591]
3300
[0.65430327]
3301
[0.66933591]
3302
[0.08894537]
3303
[0.33469632]
3304
[0.00071032]
3305
[0.66933591]
3306
[0.66933591]
3307
[0.36084004]
3308
[0.50789845]
3309
[0.00071032]
3310
[0.66933591]
3311
[0.66933591]
3312
[0.25234361]
3313
[0.66933591]
3314
[0.50659126]
3315
[0.66933591]
3316
[0.5863296]
3317
[0.52619905]
3318
[0.59874787]
3319
[0.08437022]
3320
[0.07979507]
3321
[0.31704931]
3322
[0.09940286]
3323
[0.34646099]
3324
[0.10528519]
3325
[0.14842233]
3326
[0.66933591]
3327
[0.01116781]
3328
[0.6144341]
3329
[0.35822566]
3330
[0.66933591]
3331
[0.66933591]
3332
[0.15691904]
3333
[0.40528436]
3334
[0.34972896]
3335
[0.59940146]
3336
[0.31182056]
3337
[0.63469548]
3338
[0.66933591]
3339
[0.35953285]
3340
[0.59090475]
3341
[0.66933591]
3342
[0.66933591]
3343
[0.66933591]
3344
[0.66933591]
3345
[0.66933591]
3346
[0.05888009]
3347
[0.5869832]
3348
[0.00071032]
3349
[0.08110226]
3350
[0.14711514]
3351
[0.66933591]
3352
[0.66933591]
3353
[0.64646015]
3354
[0.06280165]
3355
[0.42097059]
3356
[0.66933591]
3357
[0.44580712]
3358
[0.00789985]
3359
[0.33796428]
3360
[0.00855344]
3361
[0.25691876]
3362
[0.66933591]
3363
[0.66933591]
3364
[0.28371607]
3365
[0.55691792]
3366
[0.4196634]
3367
[0.66933591]
3368
[0.45495742]
3369
[0.66933591]
3370
[0.66933591]
3371
[0.66933591]
3372
[0.12881454]
3373
[0.3268532]
3374
[0.66933591]
3375
[0.66933591]
3376
[0.66933591]
3377
[0.00397829]
3378
[0.34646099]
3379
[0.45430383]
3380
[0.38959813]
3381
[0.00724625]
3382
[0.234043]
3383
[0.66933591]
3384
[0.66933591]
3385
[0.13469688]
3386
[0.03469716]
3387
[0.66933591]
3388
[0.18306275]
3389
[0.29678793]
3390
[0.66933591]
3391
[0.66933591]
3392
[0.14123281]
3393
[0.39809483]
3394
[0.37717986]
3395
[0.0582265]
3396
[0.5216239]
3397
[0.15691904]
3398
[0.66933591]
3399
[0.66933591]
3400
[0.62750596]
3401
[0.18240916]
3402
[0.5399245]
3403
[0.41116669]
3404
[0.66933591]
3405
[0.66933591]
3406
[0.53861732]
3407
[0.25169001]
3408
[0.23535019]
3409
[0.22358552]
3410
[0.43077448]
3411
[0.66933591]
3412
[0.02620045]
3413
[0.66933591]
3414
[0.30332386]
3415
[0.35299692]
3416
[0.66933591]
3417
[0.18044838]
3418
[0.66933591]
3419
[0.42162418]
3420
[0.66933591]
3421
[0.66933591]
3422
[0.17195167]
3423
[0.01835733]
3424
[0.66933591]
3425
[0.66933591]
3426
[0.23208223]
3427
[0.26476187]
3428
[0.66933591]
3429
[0.66933591]
3430
[0.44319275]
3431
[0.66933591]
3432
[0.66933591]
3433
[0.66933591]
3434
[0.46345413]
3435
[0.66933591]
3436
[0.34972896]
3437
[0.05169057]
3438
[0.00071032]
3439
[0.66933591]
3440
[0.25626516]
3441
[0.42031699]
3442
[0.66933591]
3443
[0.02946841]
3444
[0.5033233]
3445
[0.13469688]
3446
[0.12554658]
3447
[0.57456493]
3448
[0.66933591]
3449
[0.34057865]
3450
[0.20528491]
3451
[0.50070893]
3452
[0.42227777]
3453
[0.51704875]
3454
[0.66933591]
3455
[0.64907452]
3456
[0.08175585]
3457
[0.13077532]
3458
[0.04580824]
3459
[0.61378051]
3460
[0.66933591]
3461
[0.49286581]
3462
[0.44123197]
3463
[0.66933591]
3464
[0.05626572]
3465
[0.66933591]
3466
[0.65495686]
3467
[0.66933591]
3468
[0.66933591]
3469
[0.66933591]
3470
[0.07848788]
3471
[0.32554602]
3472
[0.59286553]
3473
[0.27391217]
3474
[0.63012033]
3475
[0.66933591]
3476
[0.66737513]
3477
[0.06149447]
3478
[0.08829178]
3479
[0.66933591]
3480
[0.04646183]
3481
[0.66933591]
3482
[0.66933591]
3483
[0.17129808]
3484
[0.66933591]
3485
[0.66933591]
3486
[0.66933591]
3487
[0.66933591]
3488
[0.66933591]
3489
[0.66933591]
3490
[0.66933591]
3491
[0.08044866]
3492
[0.32227805]
3493
[0.66933591]
3494
[0.66933591]
3495
[0.66933591]
3496
[0.66933591]
3497
[0.63404189]
3498
[0.52619905]
3499
[0.09286693]
3500
[0.43273526]
3501
[0.66933591]
3502
[0.02816123]
3503
[0.66933591]
3504
[0.10332442]
3505
[0.66933591]
3506
[0.12946813]
3507
[0.32031727]
3508
[0.27260499]
3509
[0.33469632]
3510
[0.66933591]
3511
[0.20070976]
3512
[0.66933591]
3513
[0.39286609]
3514
[0.03404356]
3515
[0.66933591]
3516
[0.66933591]
3517
[0.4386176]
3518
[0.66933591]
3519
[0.6608392]
3520
[0.41770262]
3521
[0.56083948]
3522
[0.41312747]
3523
[0.44842149]
3524
[0.66933591]
3525
[0.41443466]
3526
[0.41574184]
3527
[0.66933591]
3528
[0.27718014]
3529
[0.37521908]
3530
[0.43338885]
3531
[0.2065921]
3532
[0.66933591]
3533
[0.37652627]
3534
[0.30789901]
3535
[0.04711542]
3536
[0.21770318]
3537
[0.62423799]
3538
[0.03273638]
3539
[0.66933591]
3540
[0.66933591]
3541
[0.17195167]
3542
[0.04384746]
3543
[0.4288137]
3544
[0.26999062]
3545
[0.15953341]
3546
[0.11770346]
3547
[0.49678737]
3548
[0.66933591]
3549
[0.66933591]
3550
[0.3275068]
3551
[0.37587267]
3552
[0.66279998]
3553
[0.3830622]
3554
[0.66933591]
3555
[0.66933591]
3556
[0.58110086]
3557
[0.64319219]
3558
[0.66933591]
3559
[0.65495686]
3560
[0.36541519]
3561
[0.49025144]
3562
[0.30201667]
3563
[0.31704931]
3564
[0.66933591]
3565
[0.41900981]
3566
[0.66933591]
3567
[0.20267054]
3568
[0.2712978]
3569
[0.66933591]
3570
[0.36476159]
3571
[0.66933591]
3572
[0.11116753]
3573
[0.66933591]
3574
[0.55299636]
3575
[0.52619905]
3576
[0.52489187]
3577
[0.16345497]
3578
[0.66933591]
3579
[0.42685292]
3580
[0.65364968]
3581
[0.63469548]
3582
[0.66933591]
3583
[0.66933591]
3584
[0.52946702]
3585
[0.20986007]
3586
[0.50789845]
3587
[0.66933591]
3588
[0.29678793]
3589
[0.21966396]
3590
[0.66933591]
3591
[0.66933591]
3592
[0.16149419]
3593
[0.66933591]
3594
[0.66933591]
3595
[0.57391134]
3596
[0.66933591]
3597
[0.66933591]
3598
[0.66933591]
3599
[0.13535047]
3600
[0.22227833]
3601
[0.23208223]
3602
[0.36737597]
3603
[0.1229322]
3604
[0.17587323]
3605
[0.66933591]
3606
[0.27914092]
3607
[0.0490762]
3608
[0.14515436]
3609
[0.23012145]
3610
[0.13600406]
3611
[0.35365051]
3612
[0.33077476]
3613
[0.66933591]
3614
[0.40005561]
3615
[0.66933591]
3616
[0.66933591]
3617
[0.33731069]
3618
[0.2438469]
3619
[0.66933591]
3620
[0.64972812]
3621
[0.08437022]
3622
[0.66933591]
3623
[0.02227889]
3624
[0.60201583]
3625
[0.66933591]
3626
[0.06672321]
3627
[0.60659098]
3628
[0.09286693]
3629
[0.66933591]
3630
[0.66933591]
3631
[0.15691904]
3632
[0.30985979]
3633
[0.27979451]
3634
[0.48044754]
3635
[0.53534935]
3636
[0.30397745]
3637
[0.66933591]
3638
[0.17195167]
3639
[0.05365135]
3640
[0.66933591]
3641
[0.15430467]
3642
[0.66933591]
3643
[0.66933591]
3644
[0.34907536]
3645
[0.23731097]
3646
[0.39417328]
3647
[0.19678821]
3648
[0.32946757]
3649
[0.15757263]
3650
[0.00071032]
3651
[0.47914036]
3652
[0.66933591]
3653
[0.66933591]
3654
[0.26999062]
3655
[0.66933591]
3656
[0.66933591]
3657
[0.66933591]
3658
[0.45103586]
3659
[0.53012061]
3660
[0.10332442]
3661
[0.66933591]
3662
[0.64449937]
3663
[0.35561129]
3664
[0.40593795]
3665
[0.44972868]
3666
[0.41900981]
3667
[0.17325886]
3668
[0.22097115]
3669
[0.18175557]
3670
[0.66933591]
3671
[0.0307756]
3672
[0.41508825]
3673
[0.05757291]
3674
[0.15365107]
3675
[0.40985951]
3676
[0.23600378]
3677
[0.16672293]
3678
[0.47129724]
3679
[0.37783345]
3680
[0.160187]
3681
[0.27652655]
3682
[0.13861843]
3683
[0.61966284]
3684
[0.42423855]
3685
[0.56933619]
3686
[0.57521852]
3687
[0.66933591]
3688
[0.36280081]
3689
[0.57391134]
3690
[0.30593823]
3691
[0.27391217]
3692
[0.43338885]
3693
[0.34776818]
3694
[0.66933591]
3695
[0.43012089]
3696
[0.01574296]
3697
[0.00463188]
3698
[0.41574184]
3699
[0.39874843]
3700
[0.60332302]
3701
[0.33731069]
3702
[0.66933591]
3703
[0.64319219]
3704
[0.66933591]
3705
[0.12620017]
3706
[0.24515408]
3707
[0.42227777]
3708
[0.6046302]
3709
[0.19417383]
3710
[0.66933591]
3711
[0.30593823]
3712
[0.66933591]
3713
[0.66933591]
3714
[0.08894537]
3715
[0.66933591]
3716
[0.66933591]
3717
[0.66933591]
3718
[0.33927147]
3719
[0.05430494]
3720
[0.37129752]
3721
[0.61181973]
3722
[0.5863296]
3723
[0.04842261]
3724
[0.05626572]
3725
[0.45887898]
3726
[0.66933591]
3727
[0.07195195]
3728
[0.66933591]
3729
[0.54580684]
3730
[0.66933591]
3731
[0.33796428]
3732
[0.66933591]
3733
[0.57456493]
3734
[0.17325886]
3735
[0.17979479]
3736
[0.66933591]
3737
[0.30920619]
3738
[0.03338997]
3739
[0.44907508]
3740
[0.61704847]
3741
[0.66933591]
3742
[0.00071032]
3743
[0.2065921]
3744
[0.00071032]
3745
[0.21966396]
3746
[0.64776734]
3747
[0.30005589]
3748
[0.21378162]
3749
[0.66933591]
3750
[0.53338857]
3751
[0.66933591]
3752
[0.66933591]
3753
[0.21378162]
3754
[0.03338997]
3755
[0.65822483]
3756
[0.66933591]
3757
[0.51770234]
3758
[0.66933591]
3759
[0.34384662]
3760
[0.66933591]
3761
[0.55168918]
3762
[0.34646099]
3763
[0.66933591]
3764
[0.10855316]
3765
[0.51443438]
3766
[0.66933591]
3767
[0.66933591]
3768
[0.10593879]
3769
[0.66933591]
3770
[0.08763818]
3771
[0.66933591]
3772
[0.65691764]
3773
[0.23208223]
3774
[0.59221194]
3775
[0.66933591]
3776
[0.04972979]
3777
[0.66933591]
3778
[0.66933591]
3779
[0.61639488]
3780
[0.63208111]
3781
[0.31901009]
3782
[0.01705015]
3783
[0.37783345]
3784
[0.66933591]
3785
[0.52031671]
3786
[0.29417356]
3787
[0.25234361]
3788
[0.52881342]
3789
[0.66933591]
3790
[0.03208278]
3791
[0.06868399]
3792
[0.46737569]
3793
[0.66933591]
3794
[0.66933591]
3795
[0.61900925]
3796
[0.66933591]
3797
[0.21378162]
3798
[0.53665654]
3799
[0.4294673]
3800
[0.66933591]
3801
[0.66933591]
3802
[0.66933591]
3803
[0.5399245]
3804
[0.66933591]
3805
[0.12031783]
3806
[0.57325774]
3807
[0.66933591]
3808
[0.66606794]
3809
[0.60920536]
3810
[0.49744096]
3811
[0.11312831]
3812
[0.13404328]
3813
[0.66933591]
3814
[0.24972924]
3815
[0.66933591]
3816
[0.08959896]
3817
[0.66933591]
3818
[0.4288137]
3819
[0.66933591]
3820
[0.02358608]
3821
[0.66933591]
3822
[0.43731041]
3823
[0.66933591]
3824
[0.25038283]
3825
[0.39613405]
3826
[0.66933591]
3827
[0.66933591]
3828
[0.65887842]
3829
[0.66933591]
3830
[0.66933591]
3831
[0.66933591]
3832
[0.51312719]
3833
[0.66933591]
3834
[0.66933591]
3835
[0.01639655]
3836
[0.66933591]
3837
[0.44384634]
3838
[0.66933591]
3839
[0.21966396]
3840
[0.22619989]
3841
[0.66933591]
3842
[0.66933591]
3843
[0.66933591]
3844
[0.02685404]
3845
[0.4569182]
3846
[0.27260499]
3847
[0.06149447]
3848
[0.20986007]
3849
[0.61508769]
3850
[0.34188584]
3851
[0.66933591]
3852
[0.66933591]
3853
[0.23208223]
3854
[0.66933591]
3855
[0.04972979]
3856
[0.36606878]
3857
[0.58502242]
3858
[0.57129696]
3859
[0.08567741]
3860
[0.66933591]
3861
[0.66933591]
3862
[0.66933591]
3863
[0.59482631]
3864
[0.27718014]
3865
[0.35561129]
3866
[0.02946841]
3867
[0.26280109]
3868
[0.56868259]
3869
[0.52227749]
3870
[0.1320825]
3871
[0.3366571]
3872
[0.51966312]
3873
[0.52554546]
3874
[0.14776874]
3875
[0.66933591]
3876
[0.66933591]
3877
[0.66933591]
3878
[0.66345357]
3879
[0.66933591]
3880
[0.66933591]
3881
[0.49678737]
3882
[0.15561185]
3883
[0.40332358]
3884
[0.66933591]
3885
[0.66933591]
3886
[0.08044866]
3887
[0.09874926]
3888
[0.36606878]
3889
[0.66933591]
3890
[0.1510367]
3891
[0.03338997]
3892
[0.16345497]
3893
[0.66933591]
3894
[0.66933591]
3895
[0.05691932]
3896
[0.05365135]
3897
[0.66933591]
3898
[0.43208167]
3899
[0.15169029]
3900
[0.66933591]
3901
[0.10789957]
3902
[0.45299664]
3903
[0.20789929]
3904
[0.66933591]
3905
[0.45299664]
3906
[0.66933591]
3907
[0.66933591]
3908
[0.11182112]
3909
[0.46149335]
3910
[0.66933591]
3911
[0.14253999]
3912
[0.66933591]
3913
[0.66933591]
3914
[0.28567685]
3915
[0.18306275]
3916
[0.65299608]
3917
[0.10005645]
3918
[0.66933591]
3919
[0.17718042]
3920
[0.57979367]
3921
[0.02750763]
3922
[0.18436994]
3923
[0.66933591]
3924
[0.58894397]
3925
[0.13796484]
3926
[0.19482743]
3927
[0.66933591]
3928
[0.66933591]
3929
[0.26018672]
3930
[0.66933591]
3931
[0.03665793]
3932
[0.50201611]
3933
[0.66933591]
3934
[0.61900925]
3935
[0.33796428]
3936
[0.66933591]
3937
[0.57391134]
3938
[0.50985923]
3939
[0.66933591]
3940
[0.66933591]
3941
[0.46018616]
3942
[0.66933591]
3943
[0.58894397]
3944
[0.31312775]
3945
[0.18502353]
3946
[0.57129696]
3947
[0.33142835]
3948
[0.66933591]
3949
[0.66933591]
3950
[0.66933591]
3951
[0.25626516]
3952
[0.4660685]
3953
[0.66933591]
3954
[0.44580712]
3955
[0.29090559]
3956
[0.66933591]
3957
[0.66933591]
3958
[0.56541463]
3959
[0.61508769]
3960
[0.59351912]
3961
[0.62293081]
3962
[0.66933591]
3963
[0.42031699]
3964
[0.49155863]
3965
[0.12816095]
3966
[0.494173]
3967
[0.66933591]
3968
[0.08829178]
3969
[0.66933591]
3970
[0.12881454]
3971
[0.42031699]
3972
[0.56868259]
3973
[0.66933591]
3974
[0.66933591]
3975
[0.5869832]
3976
[0.6510353]
3977
[0.34057865]
3978
[0.66933591]
3979
[0.66933591]
3980
[0.28306248]
3981
[0.02946841]
3982
[0.22227833]
3983
[0.04972979]
3984
[0.66933591]
3985
[0.35365051]
3986
[0.66933591]
3987
[0.50136252]
3988
[0.0673768]
3989
[0.66933591]
3990
[0.22097115]
3991
[0.66933591]
3992
[0.04188668]
3993
[0.0026711]
3994
[0.30136308]
3995
[0.54646043]
3996
[0.66933591]
3997
[0.66933591]
3998
[0.02423967]
3999
[0.1418864]
4000
[0.63927063]
4001
[0.52293109]
4002
[0.45953257]
4003
[0.66933591]
4004
[0.66933591]
4005
[0.45103586]
4006
[0.22946785]
4007
[0.01835733]
4008
[0.31835649]
4009
[0.66933591]
4010
[0.08044866]
4011
[0.66933591]
4012
[0.2157424]
4013
[0.66933591]
4014
[0.14123281]
4015
[0.29678793]
4016
[0.31116697]
4017
[0.66933591]
4018
[0.37783345]
4019
[0.66933591]
4020
[0.29874871]
4021
[0.45430383]
4022
[0.63730985]
4023
[0.52358468]
4024
[0.19678821]
4025
[0.16541575]
4026
[0.66933591]
4027
[0.59940146]
4028
[0.44449993]
4029
[0.43469604]
4030
[0.66933591]
4031
[0.2438469]
4032
[0.20397773]
4033
[0.66933591]
4034
[0.33142835]
4035
[0.58371523]
4036
[0.23796456]
4037
[0.66933591]
4038
[0.66933591]
4039
[0.66933591]
4040
[0.04515464]
4041
[0.01051422]
4042
[0.06541602]
4043
[0.36084004]
4044
[0.32619961]
4045
[0.66933591]
4046
[0.66933591]
4047
[0.66933591]
4048
[0.44580712]
4049
[0.54319247]
4050
[0.43992478]
4051
[0.35561129]
4052
[0.07129836]
4053
[0.66933591]
4054
[0.58306164]
4055
[0.56606822]
4056
[0.53469576]
4057
[0.1693373]
4058
[0.66933591]
4059
[0.66933591]
4060
[0.46149335]
4061
[0.33273554]
4062
[0.06672321]
4063
[0.66933591]
4064
[0.63469548]
4065
[0.66933591]
4066
[0.66933591]
4067
[0.34711458]
4068
[0.43012089]
4069
[0.66933591]
4070
[0.08175585]
4071
[0.47391162]
4072
[0.63665626]
4073
[0.1418864]
4074
[0.3268532]
4075
[0.25038283]
4076
[0.66933591]
4077
[0.00071032]
4078
[0.22293192]
4079
[0.66933591]
4080
[0.25757235]
4081
[0.21116725]
4082
[0.66933591]
4083
[0.66933591]
4084
[0.36802956]
4085
[0.4569182]
4086
[0.32619961]
4087
[0.66933591]
4088
[0.16084059]
4089
[0.51704875]
4090
[0.34972896]
4091
[0.03731153]
4092
[0.66933591]
4093
[0.32816039]
4094
[0.54188528]
4095
[0.35234333]
4096
[0.17783401]
4097
[0.52554546]
4098
[0.45168946]
4099
[0.66933591]
4100
[0.66933591]
4101
[0.66933591]
4102
[0.09155974]
4103
[0.25169001]
4104
[0.16672293]
4105
[0.0582265]
4106
[0.66933591]
4107
[0.31639572]
4108
[0.53927091]
4109
[0.494173]
4110
[0.43600322]
4111
[0.66933591]
4112
[0.53731013]
4113
[0.12620017]
4114
[0.09940286]
4115
[0.50136252]
4116
[0.1320825]
4117
[0.61116613]
4118
[0.50070893]
4119
[0.66933591]
4120
[0.65038171]
4121
[0.66933591]
4122
[0.66868231]
4123
[0.66933591]
4124
[0.54319247]
4125
[0.48044754]
4126
[0.66933591]
4127
[0.66933591]
4128
[0.52423827]
4129
[0.66933591]
4130
[0.52358468]
4131
[0.66933591]
4132
[0.3085526]
4133
[0.66933591]
4134
[0.0399259]
4135
[0.66802872]
4136
[0.66933591]
4137
[0.1699909]
4138
[0.15561185]
4139
[0.01116781]
4140
[0.3915589]
4141
[0.3366571]
4142
[0.66933591]
4143
[0.66933591]
4144
[0.66933591]
4145
[0.61312691]
4146
[0.66933591]
4147
[0.66933591]
4148
[0.1418864]
4149
[0.19155946]
4150
[0.33273554]
4151
[0.66933591]
4152
[0.66933591]
4153
[0.66933591]
4154
[0.66933591]
4155
[0.08959896]
4156
[0.61966284]
4157
[0.59940146]
4158
[0.28567685]
4159
[0.66933591]
4160
[0.02554685]
4161
[0.2994023]
4162
[0.66933591]
4163
[0.32031727]
4164
[0.06476243]
4165
[0.66933591]
4166
[0.43338885]
4167
[0.27652655]
4168
[0.11835705]
4169
[0.66933591]
4170
[0.66933591]
4171
[0.66933591]
4172
[0.66933591]
4173
[0.24972924]
4174
[0.06868399]
4175
[0.66933591]
4176
[0.63600267]
4177
[0.2712978]
4178
[0.38698375]
4179
[0.49221222]
4180
[0.65234249]
4181
[0.06410884]
4182
[0.19809539]
4183
[0.15169029]
4184
[0.66933591]
4185
[0.45365023]
4186
[0.66933591]
4187
[0.66933591]
4188
[0.16280137]
4189
[0.57783289]
4190
[0.11835705]
4191
[0.24253971]
4192
[0.66933591]
4193
[0.29221278]
4194
[0.66933591]
4195
[0.24057893]
4196
[0.66933591]
4197
[0.66933591]
4198
[0.66933591]
4199
[0.66933591]
4200
[0.53534935]
4201
[0.25822594]
4202
[0.47325802]
4203
[0.00071032]
4204
[0.43731041]
4205
[0.38502297]
4206
[0.07064477]
4207
[0.10986034]
4208
[0.66410716]
4209
[0.0307756]
4210
[0.38829094]
4211
[0.2804481]
4212
[0.00071032]
4213
[0.02816123]
4214
[0.66933591]
4215
[0.66933591]
4216
[0.27848732]
4217
[0.66933591]
4218
[0.1327361]
4219
[0.66933591]
4220
[0.12097142]
4221
[0.63077392]
4222
[0.66933591]
4223
[0.66933591]
4224
[0.08371663]
4225
[0.61966284]
4226
[0.48240832]
4227
[0.03338997]
4228
[0.66933591]
4229
[0.48894425]
4230
[0.63534907]
4231
[0.12162502]
4232
[0.19613461]
4233
[0.66933591]
4234
[0.66933591]
4235
[0.34711458]
4236
[0.66933591]
4237
[0.24123253]
4238
[0.17979479]
4239
[0.66933591]
4240
[0.27064421]
4241
[0.66933591]
4242
[0.02554685]
4243
[0.56606822]
4244
[0.66933591]
4245
[0.66933591]
4246
[0.66933591]
4247
[0.24580768]
4248
[0.62227721]
4249
[0.11835705]
4250
[0.14253999]
4251
[0.66933591]
4252
[0.66933591]
4253
[0.66933591]
4254
[0.66933591]
4255
[0.18044838]
4256
[0.66933591]
4257
[0.66933591]
4258
[0.21182084]
4259
[0.47260443]
4260
[0.31182056]
4261
[0.06672321]
4262
[0.66933591]
4263
[0.66933591]
4264
[0.00071032]
4265
[0.43927119]
4266
[0.66933591]
4267
[0.66933591]
4268
[0.21966396]
4269
[0.66933591]
4270
[0.48959785]
4271
[0.06345525]
4272
[0.02816123]
4273
[0.08240944]
4274
[0.56737541]
4275
[0.66933591]
4276
[0.66933591]
4277
[0.66933591]
4278
[0.66933591]
4279
[0.66933591]
4280
[0.66933591]
4281
[0.5954799]
4282
[0.66933591]
4283
[0.66933591]
4284
[0.64580656]
4285
[0.08437022]
4286
[0.54319247]
4287
[0.66933591]
4288
[0.1144355]
4289
[0.05038339]
4290
[0.66933591]
4291
[0.08240944]
4292
[0.13142891]
4293
[0.53273498]
4294
[0.56737541]
4295
[0.66933591]
4296
[0.66933591]
4297
[0.10332442]
4298
[0.58371523]
4299
[0.66933591]
4300
[0.66933591]
4301
[0.66933591]
4302
[0.66933591]
4303
[0.31443494]
4304
[0.48894425]
4305
[0.03404356]
4306
[0.66933591]
4307
[0.6052838]
4308
[0.66933591]
4309
[0.66933591]
4310
[0.66933591]
4311
[0.22097115]
4312
[0.08240944]
4313
[0.3458074]
4314
[0.6608392]
4315
[0.02946841]
4316
[0.66933591]
4317
[0.59678709]
4318
[0.66933591]
4319
[0.30789901]
4320
[0.34450021]
4321
[0.08175585]
4322
[0.18306275]
4323
[0.30593823]
4324
[0.36149363]
4325
[0.40201639]
4326
[0.48306192]
4327
[0.66933591]
4328
[0.66933591]
4329
[0.08502381]
4330
[0.15561185]
4331
[0.57391134]
4332
[0.25169001]
4333
[0.34188584]
4334
[0.66933591]
4335
[0.66933591]
4336
[0.08110226]
4337
[0.66933591]
4338
[0.66933591]
4339
[0.1791412]
4340
[0.568029]
4341
[0.48632988]
4342
[0.18763791]
4343
[0.66933591]
4344
[0.66933591]
4345
[0.66933591]
4346
[0.48306192]
4347
[0.28567685]
4348
[0.39809483]
4349
[0.45103586]
4350
[0.53600295]
4351
[0.66933591]
4352
[0.52031671]
4353
[0.66933591]
4354
[0.57195056]
4355
[0.66933591]
4356
[0.66933591]
4357
[0.21443522]
4358
[0.25822594]
4359
[0.57195056]
4360
[0.66933591]
4361
[0.27325858]
4362
[0.66933591]
4363
[0.41378106]
4364
[0.34253943]
4365
[0.66933591]
4366
[0.15169029]
4367
[0.66933591]
4368
[0.66933591]
4369
[0.66933591]
4370
[0.52097031]
4371
[0.66933591]
4372
[0.46149335]
4373
[0.13927203]
4374
[0.66933591]
4375
[0.58436882]
4376
[0.18110198]
4377
[0.26737624]
4378
[0.62619877]
4379
[0.33796428]
4380
[0.18633072]
4381
[0.29286637]
4382
[0.09286693]
4383
[0.66933591]
4384
[0.66933591]
4385
[0.28306248]
4386
[0.66933591]
4387
[0.66933591]
4388
[0.66933591]
4389
[0.66933591]
4390
[0.44646071]
4391
[0.05495854]
4392
[0.66933591]
4393
[0.66933591]
4394
[0.24580768]
4395
[0.66933591]
4396
[0.07195195]
4397
[0.66933591]
4398
[0.13142891]
4399
[0.09090615]
4400
[0.66933591]
4401
[0.07914148]
4402
[0.32358524]
4403
[0.22816067]
4404
[0.23992534]
4405
[0.37391189]
4406
[0.61181973]
4407
[0.5490748]
4408
[0.66933591]
4409
[0.66933591]
4410
[0.39613405]
4411
[0.63992422]
4412
[0.66933591]
4413
[0.10724597]
4414
[0.64776734]
4415
[0.66933591]
4416
[0.66933591]
4417
[0.01312859]
4418
[0.66933591]
4419
[0.00397829]
4420
[0.10005645]
4421
[0.20528491]
4422
[0.66933591]
4423
[0.49482659]
4424
[0.00986062]
4425
[0.3085526]
4426
[0.18894509]
4427
[0.66933591]
4428
[0.66933591]
4429
[0.66933591]
4430
[0.11704987]
4431
[0.32031727]
4432
[0.11312831]
4433
[0.66933591]
4434
[0.66933591]
4435
[0.66933591]
4436
[0.66933591]
4437
[0.53927091]
4438
[0.66933591]
4439
[0.08175585]
4440
[0.66933591]
4441
[0.42293137]
4442
[0.66933591]
4443
[0.66933591]
4444
[0.41770262]
4445
[0.1510367]
4446
[0.66933591]
4447
[0.50985923]
4448
[0.4569182]
4449
[0.66933591]
4450
[0.66933591]
4451
[0.2438469]
4452
[0.4752188]
4453
[0.18306275]
4454
[0.58894397]
4455
[0.44449993]
4456
[0.66933591]
4457
[0.66933591]
4458
[0.4477679]
4459
[0.66933591]
4460
[0.23861816]
4461
[0.66933591]
4462
[0.59874787]
4463
[0.31051338]
4464
[0.07979507]
4465
[0.50920563]
4466
[0.66933591]
4467
[0.52815983]
4468
[0.23992534]
4469
[0.40005561]
4470
[0.66933591]
4471
[0.66933591]
4472
[0.66933591]
4473
[0.00528547]
4474
[0.02685404]
4475
[0.5588787]
4476
[0.30920619]
4477
[0.66933591]
4478
[0.66933591]
4479
[0.41312747]
4480
[0.59351912]
4481
[0.66933591]
4482
[0.56998978]
4483
[0.06280165]
4484
[0.37456549]
4485
[0.42358496]
4486
[0.29090559]
4487
[0.5497284]
4488
[0.66933591]
4489
[0.65038171]
4490
[0.33012117]
4491
[0.66933591]
4492
[0.61116613]
4493
[0.49482659]
4494
[0.18175557]
4495
[0.66933591]
4496
[0.13338969]
4497
[0.29286637]
4498
[0.6425386]
4499
[0.66933591]
4500
[0.1235858]
4501
[0.66933591]
4502
[0.66933591]
4503
[0.66933591]
4504
[0.66933591]
4505
[0.57456493]
4506
[0.66933591]
4507
[0.66933591]
4508
[0.66933591]
4509
[0.66933591]
4510
[0.01312859]
4511
[0.24515408]
4512
[0.64384578]
4513
[0.66933591]
4514
[0.66933591]
4515
[0.57914008]
4516
[0.12620017]
4517
[0.58436882]
4518
[0.34515381]
4519
[0.5588787]
4520
[0.54253887]
4521
[0.66933591]
4522
[0.66933591]
4523
[0.00071032]
4524
[0.49548018]
4525
[0.66933591]
4526
[0.36933674]
4527
[0.66933591]
4528
[0.01312859]
4529
[0.14384718]
4530
[0.56345385]
4531
[0.0582265]
4532
[0.65822483]
4533
[0.66933591]
4534
[0.66933591]
4535
[0.66933591]
4536
[0.66933591]
4537
[0.66933591]
4538
[0.66933591]
4539
[0.00397829]
4540
[0.18175557]
4541
[0.66933591]
4542
[0.66933591]
4543
[0.66933591]
4544
[0.66933591]
4545
[0.26606906]
4546
[0.36476159]
4547
[0.66933591]
4548
[0.52031671]
4549
[0.24057893]
4550
[0.34646099]
4551
[0.3458074]
4552
[0.48829066]
4553
[0.66933591]
4554
[0.35168973]
4555
[0.28240888]
4556
[0.38829094]
4557
[0.66933591]
4558
[0.06214806]
4559
[0.66933591]
4560
[0.66933591]
4561
[0.33796428]
4562
[0.66933591]
4563
[0.66933591]
4564
[0.66933591]
4565
[0.66933591]
4566
[0.3268532]
4567
[0.66933591]
4568
[0.20593851]
4569
[0.63861704]
4570
[0.63927063]
4571
[0.29809511]
4572
[0.66933591]
4573
[0.06149447]
4574
[0.66933591]
4575
[0.08698459]
4576
[0.66933591]
4577
[0.08567741]
4578
[0.66933591]
4579
[0.17652683]
4580
[0.1144355]
4581
[0.34319303]
4582
[0.10593879]
4583
[0.03927231]
4584
[0.086331]
4585
[0.06933758]
4586
[0.66933591]
4587
[0.66933591]
4588
[0.23535019]
4589
[0.66214638]
4590
[0.06606962]
4591
[0.43469604]
4592
[0.62423799]
4593
[0.66933591]
4594
[0.66933591]
4595
[0.08240944]
4596
[0.53927091]
4597
[0.66933591]
4598
[0.27521936]
4599
[0.20789929]
4600
[0.66933591]
4601
[0.66933591]
4602
[0.14646155]
4603
[0.21247444]
4604
[0.61378051]
4605
[0.66933591]
4606
[0.66933591]
4607
[0.57064337]
4608
[0.24580768]
4609
[0.27260499]
4610
[0.66933591]
4611
[0.66933591]
4612
[0.56868259]
4613
[0.51639516]
4614
[0.18110198]
4615
[0.42816011]
4616
[0.66933591]
4617
[0.23535019]
4618
[0.31443494]
4619
[0.3360035]
4620
[0.05953369]
4621
[0.65430327]
4622
[0.20397773]
4623
[0.66933591]
4624
[0.66933591]
4625
[0.04188668]
4626
[0.66933591]
4627
[0.28306248]
4628
[0.5399245]
4629
[0.66933591]
4630
[0.66933591]
4631
[0.65887842]
4632
[0.21901037]
4633
[0.02881482]
4634
[0.66933591]
4635
[0.3824086]
4636
[0.66933591]
4637
[0.66933591]
4638
[0.3085526]
4639
[0.31901009]
4640
[0.42750652]
4641
[0.58240804]
4642
[0.55561073]
4643
[0.66933591]
4644
[0.66933591]
4645
[0.31901009]
4646
[0.29678793]
4647
[0.50463048]
4648
[0.21966396]
4649
[0.5124736]
4650
[0.56410744]
4651
[0.22750707]
4652
[0.58567601]
4653
[0.64123141]
4654
[0.14319358]
4655
[0.66933591]
4656
[0.47587239]
4657
[0.37848705]
4658
[0.56737541]
4659
[0.12881454]
4660
[0.47325802]
4661
[0.11770346]
4662
[0.08698459]
4663
[0.66933591]
4664
[0.59744068]
4665
[0.66933591]
4666
[0.14450077]
4667
[0.07260555]
4668
[0.45822538]
4669
[0.2895984]
4670
[0.08959896]
4671
[0.15495826]
4672
[0.56606822]
4673
[0.05495854]
4674
[0.66933591]
4675
[0.00136392]
4676
[0.35757207]
4677
[0.40266998]
4678
[0.21443522]
4679
[0.66933591]
4680
[0.66933591]
4681
[0.29744152]
4682
[0.07521992]
4683
[0.29155918]
4684
[0.1144355]
4685
[0.66933591]
4686
[0.26084032]
4687
[0.57848649]
4688
[0.25103642]
4689
[0.02620045]
4690
[0.52946702]
4691
[0.66933591]
4692
[0.66933591]
4693
[0.31312775]
4694
[0.06672321]
4695
[0.2438469]
4696
[0.52227749]
4697
[0.66933591]
4698
[0.66933591]
4699
[0.19221306]
4700
[0.53338857]
4701
[0.5399245]
4702
[0.38698375]
4703
[0.56083948]
4704
[0.66933591]
4705
[0.09286693]
4706
[0.66933591]
4707
[0.55038199]
4708
[0.66933591]
4709
[0.33796428]
4710
[0.04319386]
4711
[0.23861816]
4712
[0.20267054]
4713
[0.4843691]
4714
[0.48763707]
4715
[0.61247332]
4716
[0.57195056]
4717
[0.66933591]
4718
[0.66933591]
4719
[0.66933591]
4720
[0.63404189]
4721
[0.66933591]
4722
[0.66933591]
4723
[0.00659266]
4724
[0.4935194]
4725
[0.15757263]
4726
[0.66933591]
4727
[0.24907564]
4728
[0.66933591]
4729
[0.42685292]
4730
[0.09221334]
4731
[0.43469604]
4732
[0.6516889]
4733
[0.60724458]
4734
[0.49874815]
4735
[0.16868371]
4736
[0.66933591]
4737
[0.66410716]
4738
[0.66933591]
4739
[0.16214778]
4740
[0.66933591]
4741
[0.22619989]
4742
[0.51312719]
4743
[0.05626572]
4744
[0.61966284]
4745
[0.66541435]
4746
[0.66933591]
4747
[0.66933591]
4748
[0.66933591]
4749
[0.30724541]
4750
[0.66933591]
4751
[0.20789929]
4752
[0.0307756]
4753
[0.66933591]
4754
[0.66933591]
4755
[0.66933591]
4756
[0.22227833]
4757
[0.66933591]
4758
[0.63861704]
4759
[0.03927231]
4760
[0.66933591]
4761
[0.34319303]
4762
[0.17587323]
4763
[0.39678765]
4764
[0.66933591]
4765
[0.56868259]
4766
[0.66933591]
4767
[0.62227721]
4768
[0.66933591]
4769
[0.27914092]
4770
[0.41312747]
4771
[0.54580684]
4772
[0.10724597]
4773
[0.66933591]
4774
[0.66476076]
4775
[0.31901009]
4776
[0.43992478]
4777
[0.66933591]
4778
[0.66606794]
4779
[0.61639488]
4780
[0.38633016]
4781
[0.51704875]
4782
[0.66933591]
4783
[0.66933591]
4784
[0.66933591]
4785
[0.66606794]
4786
[0.04384746]
4787
[0.17129808]
4788
[0.06410884]
4789
[0.21443522]
4790
[0.06345525]
4791
[0.66933591]
4792
[0.66933591]
4793
[0.2248927]
4794
[0.11051394]
4795
[0.42685292]
4796
[0.46672209]
4797
[0.66933591]
4798
[0.40985951]
4799
[0.66933591]
4800
[0.66933591]
4801
[0.37456549]
4802
[0.66933591]
4803
[0.40005561]
4804
[0.66933591]
4805
[0.66933591]
4806
[0.24907564]
4807
[0.01901093]
4808
[0.29221278]
4809
[0.1235858]
4810
[0.58110086]
4811
[0.0307756]
4812
[0.66933591]
4813
[0.5588787]
4814
[0.44907508]
4815
[0.66933591]
4816
[0.66933591]
4817
[0.00071032]
4818
[0.03208278]
4819
[0.63404189]
4820
[0.66933591]
4821
[0.66933591]
4822
[0.14319358]
4823
[0.66933591]
4824
[0.66933591]
4825
[0.64580656]
4826
[0.66933591]
4827
[0.42685292]
4828
[0.21378162]
4829
[0.66933591]
4830
[0.09482771]
4831
[0.08894537]
4832
[0.66933591]
4833
[0.012475]
4834
[0.15822622]
4835
[0.66410716]
4836
[0.52619905]
4837
[0.66933591]
4838
[0.30136308]
4839
[0.66933591]
4840
[0.66933591]
4841
[0.54188528]
4842
[0.18175557]
4843
[0.35365051]
4844
[0.20005617]
4845
[0.60855176]
4846
[0.66933591]
4847
[0.23077504]
4848
[0.66933591]
4849
[0.57652571]
4850
[0.66933591]
4851
[0.6516889]
4852
[0.30397745]
4853
[0.66933591]
4854
[0.66933591]
4855
[0.40201639]
4856
[0.66933591]
4857
[0.66933591]
4858
[0.55103558]
4859
[0.49221222]
4860
[0.41770262]
4861
[0.54711403]
4862
[0.30005589]
4863
[0.2248927]
4864
[0.56998978]
4865
[0.05234417]
4866
[0.5124736]
4867
[0.66933591]
4868
[0.04515464]
4869
[0.66933591]
4870
[0.66933591]
4871
[0.11247472]
4872
[0.08829178]
4873
[0.02816123]
4874
[0.61051254]
4875
[0.38829094]
4876
[0.66672153]
4877
[0.18044838]
4878
[0.66933591]
4879
[0.42554574]
4880
[0.66933591]
4881
[0.66933591]
4882
[0.58959757]
4883
[0.54842121]
4884
[0.41378106]
4885
[0.11901065]
4886
[0.66933591]
4887
[0.63861704]
4888
[0.22162474]
4889
[0.04057949]
4890
[0.10789957]
4891
[0.03273638]
4892
[0.66933591]
4893
[0.59351912]
4894
[0.43077448]
4895
[0.36737597]
4896
[0.66933591]
4897
[0.44057838]
4898
[0.66933591]
4899
[0.66933591]
4900
[0.21639599]
4901
[0.66933591]
4902
[0.66933591]
4903
[0.234043]
4904
[0.60985895]
4905
[0.51704875]
4906
[0.1693373]
4907
[0.48371551]
4908
[0.66933591]
4909
[0.66933591]
4910
[0.66933591]
4911
[0.66933591]
4912
[0.66933591]
4913
[0.66933591]
4914
[0.66933591]
4915
[0.12227861]
4916
[0.46083976]
4917
[0.14907592]
4918
[0.43012089]
4919
[0.05169057]
4920
[0.00071032]
4921
[0.48894425]
4922
[0.40005561]
4923
[0.66933591]
4924
[0.18044838]
4925
[0.12227861]
4926
[0.12685376]
4927
[0.66933591]
4928
[0.20593851]
4929
[0.2895984]
4930
[0.66933591]
4931
[0.50201611]
4932
[0.23665738]
4933
[0.50070893]
4934
[0.17783401]
4935
[0.31116697]
4936
[0.66933591]
4937
[0.66933591]
4938
[0.66933591]
4939
[0.34972896]
4940
[0.29286637]
4941
[0.03208278]
4942
[0.61312691]
4943
[0.32619961]
4944
[0.05234417]
4945
[0.53534935]
4946
[0.17260527]
4947
[0.17652683]
4948
[0.03861871]
4949
[0.66933591]
4950
[0.52750624]
4951
[0.12685376]
4952
[0.13600406]
4953
[0.66933591]
4954
[0.06018728]
4955
[0.61574128]
4956
[0.01508937]
4957
[0.38110142]
4958
[0.66933591]
4959
[0.36672237]
4960
[0.44972868]
4961
[0.05888009]
4962
[0.07456633]
4963
[0.58502242]
4964
[0.66933591]
4965
[0.66933591]
4966
[0.63927063]
4967
[0.66933591]
4968
[0.41770262]
4969
[0.66933591]
4970
[0.52685264]
4971
[0.05103698]
4972
[0.46018616]
4973
[0.66933591]
4974
[0.42816011]
4975
[0.66933591]
4976
[0.37979423]
4977
[0.14515436]
4978
[0.27521936]
4979
[0.21247444]
4980
[0.61835566]
4981
[0.15234389]
4982
[0.33012117]
4983
[0.66933591]
4984
[0.09352052]
4985
[0.6608392]
4986
[0.24711486]
4987
[0.40201639]
4988
[0.06214806]
4989
[0.66933591]
4990
[0.66933591]
4991
[0.66933591]
4992
[0.34515381]
4993
[0.53534935]
4994
[0.3085526]
4995
[0.66933591]
4996
[0.43208167]
4997
[0.66933591]
4998
[0.06476243]
4999
[0.66933591]
[1] 40000    11
[1] 40000    11
