LOADING R
R LOADED
[1] "/home/lvanderl/Rlibs2"                         
[2] "/app/software/R/4.3.1-gfbf-2022b/lib/R/library"
[1] "/home/lvanderl/sieveSims"
[1] "gam 10 1"
[1] 0.08376791
[1] 0.08376791
[1] 0.08376791
53.79591836734694
0
[0.08792731]
1
[0.07299279]
2
[0.08551751]
3
[0.10395202]
4
[0.08462916]
5
[0.10206134]
6
[0.09377688]
7
[0.07192088]
8
[0.0978989]
9
[0.09475604]
10
[0.11135698]
11
[0.07445565]
12
[0.08889064]
13
[0.09263252]
14
[0.08879211]
15
[0.09352347]
16
[0.0918695]
17
[0.07855726]
18
[0.07749491]
19
[0.10717055]
20
[0.08934149]
21
[0.05011714]
22
[0.07035476]
23
[0.12065832]
24
[0.11408239]
25
[0.0898092]
26
[0.09351986]
27
[0.07188845]
28
[0.07460711]
29
[0.097842]
30
[0.09080127]
31
[0.10844836]
32
[0.09655635]
33
[0.11318514]
34
[0.12337982]
35
[0.09025535]
36
[0.07626235]
37
[0.09659541]
38
[0.09497463]
39
[0.09251468]
40
[0.10788429]
41
[0.05511226]
42
[0.09505093]
43
[0.09258318]
44
[0.08104544]
45
[0.09668796]
46
[0.07100858]
47
[0.08522896]
48
[0.08788089]
49
[0.09356863]
50
[0.10687256]
51
[0.07947072]
52
[0.08820268]
53
[0.09400475]
54
[0.11479373]
55
[0.1220724]
56
[0.09021089]
57
[0.08428001]
58
[0.11983144]
59
[0.09145314]
60
[0.09276551]
61
[0.09578119]
62
[0.09859764]
63
[0.0702427]
64
[0.0927097]
65
[0.11445469]
66
[0.12146211]
67
[0.0935243]
68
[0.09246089]
69
[0.07869512]
70
[0.09898859]
71
[0.08784543]
72
[0.11408614]
73
[0.08618787]
74
[0.08075325]
75
[0.08117409]
76
[0.11144157]
77
[0.08753012]
78
[0.10593522]
79
[0.11582508]
80
[0.10065712]
81
[0.11860964]
82
[0.08605639]
83
[0.08913909]
84
[0.08853465]
85
[0.10312999]
86
[0.09438646]
87
[0.06514898]
88
[0.07359191]
89
[0.08619227]
90
[0.11842781]
91
[0.08410451]
92
[0.07581372]
93
[0.10120096]
94
[0.08971236]
95
[0.08301875]
96
[0.0807364]
97
[0.07826687]
98
[0.10921497]
99
[0.10910819]
100
[0.06180942]
101
[0.10197055]
102
[0.07019264]
103
[0.11213453]
104
[0.08231969]
105
[0.07935929]
106
[0.06756437]
107
[0.13617227]
108
[0.08981836]
109
[0.09689223]
110
[0.09109778]
111
[0.09882049]
112
[0.09843152]
113
[0.06072204]
114
[0.11482377]
115
[0.07907268]
116
[0.12780484]
117
[0.11441759]
118
[0.09390507]
119
[0.09655635]
120
[0.08881916]
121
[0.09261379]
122
[0.12182218]
123
[0.0877176]
124
[0.10836754]
125
[0.08111972]
126
[0.08170883]
127
[0.09272695]
128
[0.09400475]
129
[0.11893303]
130
[0.09269256]
131
[0.11245076]
132
[0.1100766]
133
[0.10058209]
134
[0.09536297]
135
[0.10547172]
136
[0.11111839]
137
[0.10161432]
138
[0.09133236]
139
[0.07632904]
140
[0.10553904]
141
[0.11357599]
142
[0.08186659]
143
[0.12462401]
144
[0.11410149]
145
[0.11139327]
146
[0.0503649]
147
[0.08909745]
148
[0.10139929]
149
[0.09370881]
150
[0.10095343]
151
[0.1120209]
152
[0.08583961]
153
[0.11381464]
154
[0.09272574]
155
[0.11576707]
156
[0.08895337]
157
[0.11798983]
158
[0.07733377]
159
[0.06491645]
160
[0.11033495]
161
[0.08607574]
162
[0.11385575]
163
[0.10201102]
164
[0.09749095]
165
[0.07928798]
166
[0.09675271]
167
[0.06697597]
168
[0.10901786]
169
[0.106788]
170
[0.11377928]
171
[0.07756439]
172
[0.08854156]
173
[0.11141283]
174
[0.09405205]
175
[0.12023106]
176
[0.0983221]
177
[0.07775815]
178
[0.09501274]
179
[0.07642228]
180
[0.0959932]
181
[0.09335726]
182
[0.08583961]
183
[0.09674563]
184
[0.08232561]
185
[0.09154097]
186
[0.11740428]
187
[0.11914103]
188
[0.07242385]
189
[0.11446084]
190
[0.08109081]
191
[0.07948799]
192
[0.11113779]
193
[0.08532929]
194
[0.09130378]
195
[0.09184599]
196
[0.09296479]
197
[0.09186623]
198
[0.08132701]
199
[0.09128189]
200
[0.11482376]
201
[0.08951739]
202
[0.12562709]
203
[0.11198854]
204
[0.06542341]
205
[0.1223992]
206
[0.0798033]
207
[0.09145314]
208
[0.10954748]
209
[0.068863]
210
[0.06008659]
211
[0.13955971]
212
[0.06440613]
213
[0.06933162]
214
[0.09553571]
215
[0.10648592]
216
[0.06826299]
217
[0.09242556]
218
[0.08912782]
219
[0.0852494]
220
[0.07513477]
221
[0.08634993]
222
[0.08532929]
223
[0.08430865]
224
[0.08681472]
225
[0.07837216]
226
[0.10743163]
227
[0.09383521]
228
[0.08720089]
229
[0.11058258]
230
[0.07412808]
231
[0.09235965]
232
[0.08147926]
233
[0.10069711]
234
[0.0929841]
235
[0.08580478]
236
[0.07483883]
237
[0.07990844]
238
[0.08861869]
239
[0.11188738]
240
[0.08455347]
241
[0.07540925]
242
[0.09176153]
243
[0.0938231]
244
[0.08192122]
245
[0.08973519]
246
[0.09607451]
247
[0.11338011]
248
[0.06083723]
249
[0.08240584]
250
[0.07020433]
251
[0.10619924]
252
[0.09694875]
253
[0.08837856]
254
[0.06348721]
255
[0.12586318]
256
[0.09609706]
257
[0.07155062]
258
[0.09213128]
259
[0.10115519]
260
[0.08894997]
261
[0.07607408]
262
[0.08359246]
263
[0.10976331]
264
[0.08848483]
265
[0.08306503]
266
[0.09904189]
267
[0.10727309]
268
[0.08824316]
269
[0.06323835]
270
[0.09694503]
271
[0.09986278]
272
[0.09196346]
273
[0.11079908]
274
[0.08578366]
275
[0.09663744]
276
[0.11603594]
277
[0.08853593]
278
[0.12778172]
279
[0.07558294]
280
[0.08574114]
281
[0.08948594]
282
[0.09457308]
283
[0.10455359]
284
[0.08588241]
285
[0.11036805]
286
[0.06880357]
287
[0.07827733]
288
[0.08838859]
289
[0.10523181]
290
[0.07736555]
291
[0.08328801]
292
[0.05985854]
293
[0.08988762]
294
[0.09750459]
295
[0.07264883]
296
[0.08175704]
297
[0.12068313]
298
[0.07285315]
299
[0.10696983]
300
[0.09352954]
301
[0.06775152]
302
[0.06782121]
303
[0.05825381]
304
[0.09807421]
305
[0.09851677]
306
[0.07597269]
307
[0.12098166]
308
[0.07402186]
309
[0.10554314]
310
[0.08011723]
311
[0.09092035]
312
[0.08306914]
313
[0.09981401]
314
[0.09972808]
315
[0.07614351]
316
[0.07640469]
317
[0.10257756]
318
[0.08861113]
319
[0.09407578]
320
[0.05640054]
321
[0.0764463]
322
[0.10997055]
323
[0.08481897]
324
[0.08655844]
325
[0.08737926]
326
[0.08988227]
327
[0.10393678]
328
[0.10439403]
329
[0.10022513]
330
[0.09040511]
331
[0.080567]
332
[0.11265377]
333
[0.06643326]
334
[0.09839902]
335
[0.09131507]
336
[0.10916951]
337
[0.08059089]
338
[0.10156164]
339
[0.08919989]
340
[0.09413878]
341
[0.08214706]
342
[0.08956446]
343
[0.06581015]
344
[0.1009535]
345
[0.07257126]
346
[0.08284488]
347
[0.09968168]
348
[0.10263866]
349
[0.11131948]
350
[0.05606644]
351
[0.08335542]
352
[0.05630192]
353
[0.12408546]
354
[0.07044585]
355
[0.09062062]
356
[0.12643356]
357
[0.08041089]
358
[0.08798697]
359
[0.09104711]
360
[0.12587471]
361
[0.0970295]
362
[0.08944112]
363
[0.07787829]
364
[0.07716415]
365
[0.08720039]
366
[0.08405832]
367
[0.07200717]
368
[0.10573096]
369
[0.08430865]
370
[0.0862415]
371
[0.09085557]
372
[0.10536674]
373
[0.0963377]
374
[0.08215283]
375
[0.0868777]
376
[0.09451507]
377
[0.11660166]
378
[0.07389639]
379
[0.10788959]
380
[0.05401583]
381
[0.09315866]
382
[0.0916368]
383
[0.09612632]
384
[0.07046749]
385
[0.1068284]
386
[0.07740284]
387
[0.0699722]
388
[0.09087333]
389
[0.07751102]
390
[0.08879183]
391
[0.09141006]
392
[0.1276957]
393
[0.12401339]
394
[0.10308145]
395
[0.11165854]
396
[0.12721462]
397
[0.09706667]
398
[0.11926437]
399
[0.10757118]
400
[0.09701864]
401
[0.08274238]
402
[0.09451507]
403
[0.08413581]
404
[0.10286195]
405
[0.1110395]
406
[0.08865373]
407
[0.09980362]
408
[0.06942053]
409
[0.09563155]
410
[0.05944483]
411
[0.05840139]
412
[0.09068361]
413
[0.10572085]
414
[0.08467402]
415
[0.1215429]
416
[0.08572661]
417
[0.12376374]
418
[0.11184671]
419
[0.09221669]
420
[0.11016123]
421
[0.07964326]
422
[0.11114989]
423
[0.08357429]
424
[0.10019861]
425
[0.086154]
426
[0.07379574]
427
[0.06395214]
428
[0.08788089]
429
[0.0789439]
430
[0.09057574]
431
[0.07789981]
432
[0.10449277]
433
[0.07392134]
434
[0.10624107]
435
[0.09672485]
436
[0.06628434]
437
[0.09286222]
438
[0.1144702]
439
[0.0999082]
440
[0.10361724]
441
[0.06608747]
442
[0.11672134]
443
[0.08058837]
444
[0.11063408]
445
[0.10994773]
446
[0.09456661]
447
[0.0775991]
448
[0.08136903]
449
[0.11722437]
450
[0.10703232]
451
[0.09456748]
452
[0.10372137]
453
[0.08102817]
454
[0.09962238]
455
[0.07664848]
456
[0.08297487]
457
[0.10256313]
458
[0.09621447]
459
[0.08319683]
460
[0.10522377]
461
[0.06644741]
462
[0.07732632]
463
[0.1118862]
464
[0.10643923]
465
[0.11659798]
466
[0.11568769]
467
[0.10829374]
468
[0.11006138]
469
[0.09317563]
470
[0.10806199]
471
[0.09348452]
472
[0.09365939]
473
[0.1056385]
474
[0.06287517]
475
[0.07421834]
476
[0.06234237]
477
[0.07941131]
478
[0.08620602]
479
[0.10775546]
480
[0.07099241]
481
[0.09716874]
482
[0.10630705]
483
[0.0932329]
484
[0.08343814]
485
[0.08303019]
486
[0.08658247]
487
[0.07133498]
488
[0.08354888]
489
[0.09125076]
490
[0.10264753]
491
[0.10453306]
492
[0.11177896]
493
[0.09352378]
494
[0.06628552]
495
[0.11539126]
496
[0.09847011]
497
[0.10343678]
498
[0.10712378]
499
[0.10344797]
[1] 2500   11
[1] 2500   11
