LOADING R
R LOADED
[1] "/home/lvanderl/Rlibs2"                         
[2] "/app/software/R/4.3.1-gfbf-2022b/lib/R/library"
[1] "/home/lvanderl/sieveSims"
[1] 0.2674537
[1] 0.2674537
[1] 0.2674537
1e-05
0
[0.3610871]
1
[0.01871651]
2
[0.05517666]
3
[0.37086911]
4
[0.04539471]
5
[0.03205557]
6
[0.02494149]
7
[0.1787858]
8
[0.29617004]
9
[0.02760929]
10
[0.03561269]
11
[0.38954396]
12
[0.02760929]
13
[0.04806255]
14
[0.02849853]
15
[0.03294484]
16
[0.08185488]
17
[0.05606593]
18
[0.36197637]
19
[0.02938781]
20
[0.17256092]
21
[0.03294484]
22
[0.34241232]
23
[0.30506276]
24
[0.1378792]
25
[0.37086912]
26
[0.08363356]
27
[0.04361616]
28
[0.38954394]
29
[0.09341565]
30
[0.19746056]
31
[0.03561269]
32
[0.30061641]
33
[0.38598686]
34
[0.04094827]
35
[0.30950916]
36
[0.05250883]
37
[0.02049506]
38
[0.06140168]
39
[0.16100037]
40
[0.31751261]
41
[0.02849853]
42
[0.3806512]
43
[0.02405211]
44
[0.06495879]
45
[0.34952651]
46
[0.29705931]
47
[0.01871651]
48
[0.04005903]
49
[0.35841926]
50
[0.02316287]
51
[0.03472341]
52
[0.08452293]
53
[0.02405202]
54
[0.03383411]
55
[0.38954396]
56
[0.17078238]
57
[0.03294484]
58
[0.20546403]
59
[0.01871651]
60
[0.02405209]
61
[0.08807993]
62
[0.3886547]
63
[0.14943981]
64
[0.38776538]
65
[0.04717333]
66
[0.07651923]
67
[0.35397288]
68
[0.03383416]
69
[0.17700729]
70
[0.08719065]
71
[0.02671998]
72
[0.0267199]
73
[0.20368548]
74
[0.03561276]
75
[0.0845227]
76
[0.03294484]
77
[0.3868761]
78
[0.01871651]
79
[0.10052972]
80
[0.33974449]
81
[0.08719053]
82
[0.07829778]
83
[0.02494141]
84
[0.02405223]
85
[0.32907318]
86
[0.0249416]
87
[0.03027704]
88
[0.38154046]
89
[0.30328421]
90
[0.3868761]
91
[0.02405207]
92
[0.37620479]
93
[0.03561269]
94
[0.08274415]
95
[0.20012839]
96
[0.15121831]
97
[0.07474082]
98
[0.05250902]
99
[0.03561269]
100
[0.03285214]
101
[0.12631864]
102
[0.30595203]
103
[0.07918728]
104
[0.03294493]
105
[0.03472339]
106
[0.08807993]
107
[0.38598685]
108
[0.01960577]
109
[0.17256092]
110
[0.01960578]
111
[0.22413882]
112
[0.02405242]
113
[0.0240524]
114
[0.03561269]
115
[0.11386882]
116
[0.02316288]
117
[0.0249413]
118
[0.02405203]
119
[0.04539478]
120
[0.34152303]
121
[0.05428738]
122
[0.31217696]
123
[0.12542944]
124
[0.0347234]
125
[0.28105235]
126
[0.25970976]
127
[0.02405205]
128
[0.0960834]
129
[0.34152303]
130
[0.02405216]
131
[0.12720791]
132
[0.33885522]
133
[0.02227362]
134
[0.0222736]
135
[0.26237759]
136
[0.02938778]
137
[0.02405231]
138
[0.06940504]
139
[0.23747793]
140
[0.07740851]
141
[0.26415613]
142
[0.33085175]
143
[0.32996246]
144
[0.13610065]
145
[0.02405219]
146
[0.38954393]
147
[0.03828059]
148
[0.38865469]
149
[0.04984101]
150
[0.03205557]
151
[0.03116639]
152
[0.30684133]
153
[0.11564745]
154
[0.25348484]
155
[0.04806247]
156
[0.06406951]
157
[0.02405208]
158
[0.08096561]
159
[0.07466871]
160
[0.03116631]
161
[0.08808002]
162
[0.29617002]
163
[0.04272686]
164
[0.21969245]
165
[0.02405207]
166
[0.32996246]
167
[0.01960579]
168
[0.31573406]
169
[0.12098308]
170
[0.19746059]
171
[0.32729465]
172
[0.03027703]
173
[0.02138434]
174
[0.01871651]
175
[0.33529812]
176
[0.03472339]
177
[0.01960578]
178
[0.3184019]
179
[0.08985855]
180
[0.02849853]
181
[0.06495867]
182
[0.02405243]
183
[0.37709407]
184
[0.17256088]
185
[0.38954394]
186
[0.36997984]
187
[0.37798332]
188
[0.02849843]
189
[0.03561268]
190
[0.04272684]
191
[0.02405239]
192
[0.02760929]
193
[0.06406955]
194
[0.19923911]
195
[0.02938778]
196
[0.34685869]
197
[0.02583071]
198
[0.03294484]
199
[0.15566472]
200
[0.38954394]
201
[0.34508013]
202
[0.26415616]
203
[0.38776537]
204
[0.13965775]
205
[0.02227361]
206
[0.02494156]
207
[0.1432149]
208
[0.02405203]
209
[0.03205565]
210
[0.03205554]
211
[0.38420826]
212
[0.28727728]
213
[0.32996247]
214
[0.03294485]
215
[0.04628406]
216
[0.02849853]
217
[0.13876853]
218
[0.11297962]
219
[0.06140178]
220
[0.08985845]
221
[0.04628396]
222
[0.03561269]
223
[0.23214229]
224
[0.2517063]
225
[0.34596941]
226
[0.38065115]
227
[0.09697274]
228
[0.03116631]
229
[0.12720799]
230
[0.17433947]
231
[0.37531552]
232
[0.03730265]
233
[0.03561268]
234
[0.17256088]
235
[0.10853317]
236
[0.02494164]
237
[0.36019781]
238
[0.27838453]
239
[0.07918717]
240
[0.38954396]
241
[0.36286564]
242
[0.05250896]
243
[0.04094833]
244
[0.07474069]
245
[0.03650197]
246
[0.27838453]
247
[0.12187227]
248
[0.07385152]
249
[0.18145363]
250
[0.0196058]
251
[0.27838453]
252
[0.38154043]
253
[0.31395553]
254
[0.37798333]
255
[0.3788726]
256
[0.29261294]
257
[0.1174259]
258
[0.02849857]
259
[0.02494146]
260
[0.21257825]
261
[0.03027704]
262
[0.34063377]
263
[0.03916978]
264
[0.05962302]
265
[0.04984119]
266
[0.0880798]
267
[0.0569553]
268
[0.26949181]
269
[0.08630125]
270
[0.36375492]
271
[0.03472339]
272
[0.37531553]
273
[0.03650197]
274
[0.1040869]
275
[0.0249415]
276
[0.14499345]
277
[0.31484478]
278
[0.38954393]
279
[0.29261294]
280
[0.04005904]
281
[0.26504544]
282
[0.10853327]
283
[0.12187228]
284
[0.03027704]
285
[0.04361614]
286
[0.24281358]
287
[0.04094829]
288
[0.23836718]
289
[0.38865465]
290
[0.01871651]
291
[0.37531553]
292
[0.08896918]
293
[0.39043323]
294
[0.0347235]
295
[0.38865465]
296
[0.02672006]
297
[0.26771326]
298
[0.29172365]
299
[0.29617002]
300
[0.02938778]
301
[0.02049506]
302
[0.16188959]
303
[0.13076502]
304
[0.04094844]
305
[0.37175839]
306
[0.37442624]
307
[0.30239496]
308
[0.39043321]
309
[0.03383411]
310
[0.35841927]
311
[0.32462682]
312
[0.17967508]
313
[0.24903847]
314
[0.23303154]
315
[0.07829791]
316
[0.03027702]
317
[0.0346327]
318
[0.08452284]
319
[0.10942245]
320
[0.16811451]
321
[0.05873394]
322
[0.02049504]
323
[0.39043323]
324
[0.03561267]
325
[0.08719053]
326
[0.16722524]
327
[0.21969242]
328
[0.03650195]
329
[0.03561263]
330
[0.03383411]
331
[0.02849855]
332
[0.34241231]
333
[0.0249413]
334
[0.12187228]
335
[0.02672005]
336
[0.03730247]
337
[0.20635331]
338
[0.02672003]
339
[0.38154047]
340
[0.35041578]
341
[0.31039843]
342
[0.38687614]
343
[0.03027711]
344
[0.03561267]
345
[0.38776541]
346
[0.03739116]
347
[0.05784465]
348
[0.20190694]
349
[0.22236024]
350
[0.33618739]
351
[0.03561268]
352
[0.02583078]
353
[0.17433943]
354
[0.27038106]
355
[0.03561264]
356
[0.14943981]
357
[0.03828051]
358
[0.03828059]
359
[0.12098301]
360
[0.04361616]
361
[0.31573408]
362
[0.04450538]
363
[0.18323221]
364
[0.03561269]
365
[0.06051243]
366
[0.02849846]
367
[0.20457479]
368
[0.38598682]
369
[0.10319763]
370
[0.21524608]
371
[0.1618896]
372
[0.02671999]
373
[0.04183758]
374
[0.09519409]
375
[0.34774796]
376
[0.0854121]
377
[0.03383411]
378
[0.03650197]
379
[0.05339811]
380
[0.01871651]
381
[0.08807991]
382
[0.08452293]
383
[0.02671998]
384
[0.10141908]
385
[0.02849854]
386
[0.16455742]
387
[0.02405215]
388
[0.02938778]
389
[0.22947446]
390
[0.03561266]
391
[0.02049505]
392
[0.06851592]
393
[0.34152303]
394
[0.22058172]
395
[0.38865465]
396
[0.02227361]
397
[0.38865468]
398
[0.01960579]
399
[0.08363343]
400
[0.38420831]
401
[0.3610871]
402
[0.04094836]
403
[0.13521144]
404
[0.02671992]
405
[0.36997984]
406
[0.24814922]
407
[0.04005915]
408
[0.38865469]
409
[0.05428738]
410
[0.16544668]
411
[0.39043323]
412
[0.27571673]
413
[0.02760927]
414
[0.06318029]
415
[0.02849853]
416
[0.0276092]
417
[0.02760929]
418
[0.05161971]
419
[0.13876847]
420
[0.03383411]
421
[0.03739124]
422
[0.04984116]
423
[0.02671986]
424
[0.18590003]
425
[0.1414363]
426
[0.28905582]
427
[0.13521138]
428
[0.02405215]
429
[0.26237761]
430
[0.13165429]
431
[0.33174101]
432
[0.14588272]
433
[0.34952651]
434
[0.29172365]
435
[0.02938774]
436
[0.22858516]
437
[0.12542943]
438
[0.02405204]
439
[0.0222736]
440
[0.29350222]
441
[0.03561269]
442
[0.04895189]
443
[0.26237759]
444
[0.37976188]
445
[0.09875117]
446
[0.33440884]
447
[0.06495881]
448
[0.37976192]
449
[0.03294491]
450
[0.32551608]
451
[0.0329449]
452
[0.25259557]
453
[0.02405205]
454
[0.14054708]
455
[0.22058169]
456
[0.15210763]
457
[0.03294484]
458
[0.0258308]
459
[0.06051249]
460
[0.05073029]
461
[0.3424123]
462
[0.1903464]
463
[0.38865469]
464
[0.17078234]
465
[0.36108709]
466
[0.03561274]
467
[0.0880798]
468
[0.02938778]
469
[0.03561268]
470
[0.04094834]
471
[0.13787925]
472
[0.37798332]
473
[0.38509754]
474
[0.30506278]
475
[0.02049505]
476
[0.15210759]
477
[0.08630138]
478
[0.23658866]
479
[0.38865465]
480
[0.02405206]
481
[0.0382805]
482
[0.36375493]
483
[0.03650195]
484
[0.02672006]
485
[0.0311663]
486
[0.09430483]
487
[0.36997986]
488
[0.11475818]
489
[0.0240521]
490
[0.03383416]
491
[0.02583081]
492
[0.02760911]
493
[0.05962302]
494
[0.04806258]
495
[0.31306623]
496
[0.04539466]
497
[0.08985844]
498
[0.04717327]
499
[0.03205557]
500
[0.08096585]
501
[0.02849846]
502
[0.32373753]
503
[0.03027701]
504
[0.16366818]
505
[0.03205557]
506
[0.0311663]
507
[0.11120109]
508
[0.29972711]
509
[0.27215963]
510
[0.38154043]
511
[0.03472343]
512
[0.3610871]
513
[0.02760929]
514
[0.38509753]
515
[0.02049505]
516
[0.29261294]
517
[0.32818391]
518
[0.25882052]
519
[0.38954397]
520
[0.16722524]
521
[0.31395551]
522
[0.14943976]
523
[0.05161974]
524
[0.09697264]
525
[0.14943981]
526
[0.22324951]
527
[0.03294484]
528
[0.02672006]
529
[0.01960577]
530
[0.08270297]
531
[0.05606607]
532
[0.35308362]
533
[0.06851577]
534
[0.38865468]
535
[0.02227362]
536
[0.01960577]
537
[0.06140157]
538
[0.37442626]
539
[0.37086911]
540
[0.36197637]
541
[0.34419086]
542
[0.18323221]
543
[0.38865466]
544
[0.3255161]
545
[0.06762665]
546
[0.39043323]
547
[0.05784466]
548
[0.03561265]
549
[0.31128769]
550
[0.01871651]
551
[0.29617004]
552
[0.28016308]
553
[0.23214226]
554
[0.03828051]
555
[0.30950916]
556
[0.02494144]
557
[0.06406953]
558
[0.0311663]
559
[0.30417351]
560
[0.02849853]
561
[0.02672005]
562
[0.18767858]
563
[0.16900383]
564
[0.26059907]
565
[0.0347234]
566
[0.39043323]
567
[0.03561269]
568
[0.30773059]
569
[0.02138432]
570
[0.1200938]
571
[0.02405214]
572
[0.03739116]
573
[0.03383411]
574
[0.38954393]
575
[0.02659712]
576
[0.02583064]
577
[0.17078238]
578
[0.10230831]
579
[0.3290732]
580
[0.2872773]
581
[0.02938779]
582
[0.20724258]
583
[0.03383412]
584
[0.03561267]
585
[0.03027704]
586
[0.06318012]
587
[0.36464419]
588
[0.04094839]
589
[0.04984101]
590
[0.24903847]
591
[0.03561268]
592
[0.39043323]
593
[0.03472339]
594
[0.0258308]
595
[0.30417351]
596
[0.32018043]
597
[0.07296241]
598
[0.06851591]
599
[0.11209035]
600
[0.25615267]
601
[0.10764391]
602
[0.03472339]
603
[0.19834987]
604
[0.36019781]
605
[0.17078237]
606
[0.37887262]
607
[0.07562996]
608
[0.24014576]
609
[0.03116626]
610
[0.18412148]
611
[0.35664071]
612
[0.0408604]
613
[0.0498411]
614
[0.26237761]
615
[0.05161964]
616
[0.03383411]
617
[0.34330158]
618
[0.02849842]
619
[0.31039842]
620
[0.03561268]
621
[0.37798335]
622
[0.36909059]
623
[0.38954393]
624
[0.03472339]
625
[0.04806262]
626
[0.05517665]
627
[0.12365089]
628
[0.02405216]
629
[0.04806247]
630
[0.02760914]
631
[0.02494143]
632
[0.01960578]
633
[0.04183757]
634
[0.28283092]
635
[0.20635334]
636
[0.34952651]
637
[0.36464419]
638
[0.38598682]
639
[0.02849853]
640
[0.38954396]
641
[0.03472339]
642
[0.15388612]
643
[0.03561268]
644
[0.24281355]
645
[0.31662335]
646
[0.30061639]
647
[0.03294484]
648
[0.03383418]
649
[0.02849846]
650
[0.10853326]
651
[0.07918719]
652
[0.38598681]
653
[0.3388552]
654
[0.21702459]
655
[0.24725995]
656
[0.38776542]
657
[0.02938784]
658
[0.03116639]
659
[0.01871651]
660
[0.0240523]
661
[0.3290732]
662
[0.07474081]
663
[0.37620481]
664
[0.3610871]
665
[0.02405212]
666
[0.01960578]
667
[0.03561269]
668
[0.39043323]
669
[0.02405236]
670
[0.02849853]
671
[0.02672006]
672
[0.32462681]
673
[0.30684133]
674
[0.39043322]
675
[0.15121831]
676
[0.36286564]
677
[0.2899451]
678
[0.04361615]
679
[0.03294484]
680
[0.02672002]
681
[0.03561267]
682
[0.1396578]
683
[0.04628392]
684
[0.02938779]
685
[0.04094831]
686
[0.02938782]
687
[0.19479277]
688
[0.36731203]
689
[0.34596941]
690
[0.39043323]
691
[0.07651944]
692
[0.37976192]
693
[0.09163709]
694
[0.10319765]
695
[0.18945709]
696
[0.02938772]
697
[0.35841928]
698
[0.20813188]
699
[0.08541198]
700
[0.07118371]
701
[0.10942253]
702
[0.22947444]
703
[0.09341557]
704
[0.21257825]
705
[0.21435677]
706
[0.02494164]
707
[0.05517665]
708
[0.19657129]
709
[0.38865465]
710
[0.39043322]
711
[0.03294494]
712
[0.0222736]
713
[0.29794859]
714
[0.14054708]
715
[0.0471732]
716
[0.221471]
717
[0.27127036]
718
[0.0471732]
719
[0.38509753]
720
[0.2063533]
721
[0.0498411]
722
[0.34685869]
723
[0.39043323]
724
[0.08719073]
725
[0.04183767]
726
[0.03027704]
727
[0.02938779]
728
[0.20279621]
729
[0.33351957]
730
[0.02583084]
731
[0.02583081]
732
[0.13965774]
733
[0.21168895]
734
[0.37798333]
735
[0.02583084]
736
[0.28905583]
737
[0.02405204]
738
[0.38954393]
739
[0.04094833]
740
[0.08541207]
741
[0.03561263]
742
[0.10675464]
743
[0.03561262]
744
[0.03561268]
745
[0.03650197]
746
[0.38687614]
747
[0.05161975]
748
[0.33174101]
749
[0.07207286]
750
[0.07740851]
751
[0.16722528]
752
[0.01960577]
753
[0.04806253]
754
[0.07385141]
755
[0.1583325]
756
[0.03294484]
757
[0.38331898]
758
[0.02583065]
759
[0.02583083]
760
[0.20279621]
761
[0.01960578]
762
[0.38065115]
763
[0.2801631]
764
[0.03472339]
765
[0.29439147]
766
[0.25793124]
767
[0.27838455]
768
[0.30506278]
769
[0.01871651]
770
[0.39043323]
771
[0.02405218]
772
[0.02405211]
773
[0.02405219]
774
[0.02405221]
775
[0.06851577]
776
[0.38598681]
777
[0.26237759]
778
[0.29083437]
779
[0.01871651]
780
[0.25437414]
781
[0.06406951]
782
[0.09163703]
783
[0.34419087]
784
[0.03561269]
785
[0.03294484]
786
[0.29083439]
787
[0.23125298]
788
[0.06229085]
789
[0.02494138]
790
[0.14410417]
791
[0.34952651]
792
[0.16366815]
793
[0.02583084]
794
[0.09074771]
795
[0.10675473]
796
[0.20902116]
797
[0.11386889]
798
[0.04717331]
799
[0.03561269]
800
[0.37887264]
801
[0.02227359]
802
[0.22858516]
803
[0.1618896]
804
[0.1583325]
805
[0.08630148]
806
[0.03472339]
807
[0.3255161]
808
[0.03027704]
809
[0.37620481]
810
[0.321959]
811
[0.0347234]
812
[0.07296214]
813
[0.03294484]
814
[0.32106973]
815
[0.10497613]
816
[0.08274436]
817
[0.35664072]
818
[0.22858517]
819
[0.0347234]
820
[0.27304891]
821
[0.02760916]
822
[0.04539482]
823
[0.04806257]
824
[0.01871651]
825
[0.23392081]
826
[0.2872773]
827
[0.0694052]
828
[0.03027704]
829
[0.05161956]
830
[0.3806512]
831
[0.06495867]
832
[0.33529812]
833
[0.03561269]
834
[0.02049506]
835
[0.34596941]
836
[0.03383411]
837
[0.39043323]
838
[0.25348484]
839
[0.03205557]
840
[0.02849853]
841
[0.15566467]
842
[0.16100037]
843
[0.34419086]
844
[0.13698993]
845
[0.23303156]
846
[0.36909057]
847
[0.34952651]
848
[0.0347234]
849
[0.02849838]
850
[0.02405205]
851
[0.38598685]
852
[0.38776541]
853
[0.06229085]
854
[0.30061641]
855
[0.04005902]
856
[0.13254356]
857
[0.08007633]
858
[0.02138434]
859
[0.24725992]
860
[0.19390346]
861
[0.38598687]
862
[0.02849853]
863
[0.03561268]
864
[0.14054707]
865
[0.33885521]
866
[0.02938774]
867
[0.03294494]
868
[0.32551609]
869
[0.37086911]
870
[0.1583325]
871
[0.02671986]
872
[0.04005913]
873
[0.02405203]
874
[0.11831517]
875
[0.03205554]
876
[0.07207313]
877
[0.34508013]
878
[0.20813186]
879
[0.30150569]
880
[0.02760927]
881
[0.03650202]
882
[0.13965775]
883
[0.02405203]
884
[0.20457479]
885
[0.24281355]
886
[0.03561267]
887
[0.09341558]
888
[0.21168895]
889
[0.07029447]
890
[0.2099104]
891
[0.31662335]
892
[0.35219434]
893
[0.03472339]
894
[0.17700729]
895
[0.04628396]
896
[0.2179139]
897
[0.30595206]
898
[0.01960577]
899
[0.16011105]
900
[0.03561264]
901
[0.35930854]
902
[0.02405222]
903
[0.03561269]
904
[0.19657132]
905
[0.36375491]
906
[0.02405216]
907
[0.02671985]
908
[0.06318028]
909
[0.05695531]
910
[0.02671991]
911
[0.06584794]
912
[0.02316289]
913
[0.31039841]
914
[0.39043323]
915
[0.14943981]
916
[0.35752999]
917
[0.02938778]
918
[0.02760929]
919
[0.15655395]
920
[0.39043323]
921
[0.32373753]
922
[0.38065115]
923
[0.15566468]
924
[0.02405202]
925
[0.03383411]
926
[0.01871651]
927
[0.0347234]
928
[0.02938772]
929
[0.04094828]
930
[0.34419086]
931
[0.03205557]
932
[0.03472339]
933
[0.34596941]
934
[0.03205557]
935
[0.3788726]
936
[0.39043321]
937
[0.07651937]
938
[0.18234289]
939
[0.02405207]
940
[0.39043321]
941
[0.24637068]
942
[0.34863724]
943
[0.16722528]
944
[0.0329449]
945
[0.12898652]
946
[0.02405202]
947
[0.03294484]
948
[0.0845228]
949
[0.02405209]
950
[0.39043323]
951
[0.0311663]
952
[0.18323218]
953
[0.08096571]
954
[0.35575144]
955
[0.11742591]
956
[0.28194162]
957
[0.03561267]
958
[0.10853316]
959
[0.11920454]
960
[0.04806247]
961
[0.1939035]
962
[0.23125301]
963
[0.18501076]
964
[0.02849857]
965
[0.05339823]
966
[0.02672006]
967
[0.36375492]
968
[0.37887262]
969
[0.02671999]
970
[0.15121831]
971
[0.18767858]
972
[0.09252627]
973
[0.02138433]
974
[0.07118371]
975
[0.14143635]
976
[0.04183761]
977
[0.36642275]
978
[0.07207299]
979
[0.10230836]
980
[0.01871651]
981
[0.02494164]
982
[0.20902113]
983
[0.38242971]
984
[0.02049507]
985
[0.18590003]
986
[0.156554]
987
[0.37175839]
988
[0.01871651]
989
[0.08185488]
990
[0.05517674]
991
[0.37887264]
992
[0.23303156]
993
[0.29883786]
994
[0.31395551]
995
[0.03650196]
996
[0.25615269]
997
[0.02405209]
998
[0.22591734]
999
[1] 0.09477804
[1] 0.09477804
[1] 0.09477804
[0.04539465]
1e-05
0
[0.0455817]
1
[0.24852557]
2
[0.0388667]
3
[0.18659781]
4
[0.37014262]
5
[0.10079436]
6
[0.32015281]
7
[0.3686504]
8
[0.21047358]
9
[0.30672263]
10
[0.03588228]
11
[0.04856617]
12
[0.0433434]
13
[0.03737442]
14
[0.047074]
15
[0.29627708]
16
[0.15600702]
17
[0.0455817]
18
[0.04259723]
19
[0.05975794]
20
[0.34402854]
21
[0.3447747]
22
[0.09855602]
23
[0.31343776]
24
[0.04856617]
25
[0.09706379]
26
[0.18659782]
27
[0.11422446]
28
[0.03588219]
29
[0.04707394]
30
[0.23509541]
31
[0.04707394]
32
[0.38208044]
33
[0.0455817]
34
[0.03364389]
35
[0.03439017]
36
[0.14705361]
37
[0.36790422]
38
[0.18435947]
39
[0.03737445]
40
[0.04856617]
41
[0.37909598]
42
[0.06796522]
43
[0.06572686]
44
[0.04931229]
45
[0.05378901]
46
[0.33507517]
47
[0.03662836]
48
[0.06572687]
49
[0.27911638]
50
[0.05677347]
51
[0.22017311]
52
[0.04334335]
53
[0.34775907]
54
[0.38133435]
55
[0.31866061]
56
[0.04334336]
57
[0.15451478]
58
[0.38282656]
59
[0.31492992]
60
[0.0455817]
61
[0.05453512]
62
[0.33656731]
63
[0.09631767]
64
[0.38133433]
65
[0.04185112]
66
[0.11422446]
67
[0.15227643]
68
[0.04408946]
69
[0.04334338]
70
[0.03364395]
71
[0.0336439]
72
[0.37536543]
73
[0.04707394]
74
[0.1291468]
75
[0.04782005]
76
[0.09109484]
77
[0.04782005]
78
[0.20152014]
79
[0.07169581]
80
[0.29776932]
81
[0.03812056]
82
[0.04782005]
83
[0.03364393]
84
[0.23733381]
85
[0.04483558]
86
[0.13511575]
87
[0.14108468]
88
[0.07691863]
89
[0.04259723]
90
[0.10452494]
91
[0.38058821]
92
[0.05975792]
93
[0.03737442]
94
[0.37909599]
95
[0.04035889]
96
[0.26717844]
97
[0.37611151]
98
[0.32089886]
99
[0.37461928]
100
[0.03737446]
101
[0.03737446]
102
[0.10527108]
103
[0.14257691]
104
[0.04334338]
105
[0.08512591]
106
[0.03364409]
107
[0.03662836]
108
[0.38282656]
109
[0.03364403]
110
[0.03886665]
111
[0.10750943]
112
[0.04259723]
113
[0.30672274]
114
[0.04334338]
115
[0.04558171]
116
[0.04632782]
117
[0.18585169]
118
[0.36790429]
119
[0.04707393]
120
[0.04259723]
121
[0.11571671]
122
[0.19405897]
123
[0.04334335]
124
[0.04707393]
125
[0.1284007]
126
[0.04259723]
127
[0.04632782]
128
[0.04483561]
129
[0.19182062]
130
[0.20898134]
131
[0.1865978]
132
[0.31418387]
133
[0.04483558]
134
[0.16421431]
135
[0.09557155]
136
[0.05453512]
137
[0.37685763]
138
[0.04856617]
139
[0.0455817]
140
[0.11049388]
141
[0.04558171]
142
[0.13511574]
143
[0.04408949]
144
[0.04259724]
145
[0.05751959]
146
[0.04707393]
147
[0.20748911]
148
[0.37536539]
149
[0.04408947]
150
[0.27911631]
151
[0.04632789]
152
[0.07766473]
153
[0.32686787]
154
[0.03438998]
155
[0.33059848]
156
[0.10750942]
157
[0.37387316]
158
[0.04707393]
159
[0.04185111]
160
[0.03588219]
161
[0.04408946]
162
[0.03364401]
163
[0.33656739]
164
[0.04110501]
165
[0.06498075]
166
[0.03886665]
167
[0.04782005]
168
[0.10974777]
169
[0.34775907]
170
[0.33955178]
171
[0.36268141]
172
[0.3007537]
173
[0.20972746]
174
[0.17465995]
175
[0.04259724]
176
[0.03961277]
177
[0.37984212]
178
[0.35969699]
179
[0.19032841]
180
[0.29553095]
181
[0.04782005]
182
[0.14406915]
183
[0.04782005]
184
[0.03513621]
185
[0.20972746]
186
[0.37163487]
187
[0.03289771]
188
[0.18361335]
189
[0.05453513]
190
[0.03438995]
191
[0.16496043]
192
[0.16197596]
193
[0.20674299]
194
[0.04632782]
195
[0.04408946]
196
[0.2798625]
197
[0.27538572]
198
[0.04931232]
199
[0.08736426]
200
[0.03812056]
201
[0.35148972]
202
[0.04632782]
203
[0.10750941]
204
[0.20226629]
205
[0.04782005]
206
[0.03364393]
207
[0.05975794]
208
[0.03588219]
209
[0.03364389]
210
[0.18510559]
211
[0.03513608]
212
[0.04259723]
213
[0.25822503]
214
[0.30149982]
215
[0.09034873]
216
[0.38208045]
217
[0.03439015]
218
[0.06498074]
219
[0.03812056]
220
[0.04334335]
221
[0.13810021]
222
[0.34253625]
223
[0.04856617]
224
[0.38282656]
225
[0.26941686]
226
[0.35447412]
227
[0.0455817]
228
[0.25673285]
229
[0.3402979]
230
[0.0433434]
231
[0.03364388]
232
[0.14854585]
233
[0.19704344]
234
[0.05378901]
235
[0.04185111]
236
[0.04782005]
237
[0.11049388]
238
[0.04707394]
239
[0.30149988]
240
[0.37685766]
241
[0.37536544]
242
[0.10974777]
243
[0.18435945]
244
[0.09034872]
245
[0.05901181]
246
[0.03513608]
247
[0.23658764]
248
[0.04483559]
249
[0.04782005]
250
[0.03364383]
251
[0.36417372]
252
[0.03513621]
253
[0.15376866]
254
[0.03364402]
255
[0.04110501]
256
[0.03662836]
257
[0.04185112]
258
[0.37760376]
259
[0.04782005]
260
[0.09780991]
261
[0.04782006]
262
[0.35596644]
263
[0.04707393]
264
[0.04632782]
265
[0.15899148]
266
[0.03961277]
267
[0.04185112]
268
[0.15749925]
269
[0.34626692]
270
[0.05080455]
271
[0.03961281]
272
[0.37163481]
273
[0.31940671]
274
[0.04334336]
275
[0.353728]
276
[0.04707394]
277
[0.32462944]
278
[0.32164508]
279
[0.08811038]
280
[0.04334335]
281
[0.04259723]
282
[0.0455817]
283
[0.37685763]
284
[0.10377884]
285
[0.04259724]
286
[0.37088875]
287
[0.29403873]
288
[0.38133435]
289
[0.04856617]
290
[0.37909598]
291
[0.05453512]
292
[0.0455817]
293
[0.03364409]
294
[0.06871133]
295
[0.36715811]
296
[0.04707393]
297
[0.13959244]
298
[0.38282656]
299
[0.32388342]
300
[0.04185112]
301
[0.15451478]
302
[0.04931232]
303
[0.04782006]
304
[0.03737445]
305
[0.21196578]
306
[0.38208046]
307
[0.34850518]
308
[0.32612174]
309
[0.37536539]
310
[0.05155066]
311
[0.31343769]
312
[0.03364398]
313
[0.03737442]
314
[0.37760376]
315
[0.31269157]
316
[0.0440895]
317
[0.13810021]
318
[0.06721909]
319
[0.33805955]
320
[0.04707393]
321
[0.0455817]
322
[0.04856617]
323
[0.04707393]
324
[0.12840069]
325
[0.03513609]
326
[0.20002791]
327
[0.35671253]
328
[0.04408949]
329
[0.04782005]
330
[0.24330269]
331
[0.04259727]
332
[0.35223577]
333
[0.03364405]
334
[0.06423464]
335
[0.04185111]
336
[0.04632782]
337
[0.34999753]
338
[0.06274241]
339
[0.31716827]
340
[0.04782006]
341
[0.08661815]
342
[0.23807991]
343
[0.04707393]
344
[0.36491984]
345
[0.26941686]
346
[0.04782005]
347
[0.06871133]
348
[0.03886667]
349
[0.35671254]
350
[0.38058824]
351
[0.08288756]
352
[0.14630749]
353
[0.09034873]
354
[0.04334336]
355
[0.10303273]
356
[0.38282656]
357
[0.04856621]
358
[0.03439018]
359
[0.37909601]
360
[0.07468028]
361
[0.24479498]
362
[0.04408947]
363
[0.16272207]
364
[0.04185116]
365
[0.09482543]
366
[0.18361336]
367
[0.38208045]
368
[0.04408957]
369
[0.14705361]
370
[0.03961277]
371
[0.07915698]
372
[0.04259724]
373
[0.03513607]
374
[0.32462944]
375
[0.10825554]
376
[0.30448428]
377
[0.22464977]
378
[0.33432896]
379
[0.32313721]
380
[0.37312704]
381
[0.3679043]
382
[0.08214145]
383
[0.03886665]
384
[0.04185112]
385
[0.33656731]
386
[0.04707393]
387
[0.36715818]
388
[0.04408954]
389
[0.37909598]
390
[0.07393416]
391
[0.06945744]
392
[0.04782005]
393
[0.14108468]
394
[0.03662831]
395
[0.05080455]
396
[0.37088874]
397
[0.36865041]
398
[0.04483559]
399
[0.04259723]
400
[0.37387316]
401
[0.16122983]
402
[0.37834989]
403
[0.12616234]
404
[0.0336439]
405
[0.04558178]
406
[0.17167547]
407
[0.23136482]
408
[0.28433913]
409
[0.04408947]
410
[0.37312708]
411
[0.06498075]
412
[0.20972743]
413
[0.32089895]
414
[0.30224593]
415
[0.03812056]
416
[0.20748908]
417
[0.04707393]
418
[0.31716836]
419
[0.28060861]
420
[0.34925137]
421
[0.35969698]
422
[0.04259724]
423
[0.08139533]
424
[0.37536541]
425
[0.08437979]
426
[0.03737444]
427
[0.04782005]
428
[0.04632782]
429
[0.37312711]
430
[0.38133433]
431
[0.04632782]
432
[0.33880573]
433
[0.03439014]
434
[0.03886665]
435
[0.03662831]
436
[0.04185111]
437
[0.04110505]
438
[0.37387316]
439
[0.296277]
440
[0.04185112]
441
[0.15003808]
442
[0.37685763]
443
[0.15675314]
444
[0.20077405]
445
[0.08288755]
446
[0.25225616]
447
[0.17167547]
448
[0.0448356]
449
[0.3746193]
450
[0.19331288]
451
[0.08288755]
452
[0.14630749]
453
[0.03438998]
454
[0.04110501]
455
[0.04558176]
456
[0.28135466]
457
[0.04856617]
458
[0.04483558]
459
[0.04035889]
460
[0.07841086]
461
[0.32239117]
462
[0.30149982]
463
[0.28210077]
464
[0.29030806]
465
[0.04259727]
466
[0.2030124]
467
[0.03438998]
468
[0.04408947]
469
[0.04334335]
470
[0.08437978]
471
[0.24927168]
472
[0.28433913]
473
[0.0455817]
474
[0.04408952]
475
[0.04259723]
476
[0.06796521]
477
[0.28881583]
478
[0.04632782]
479
[0.06125016]
480
[0.0582657]
481
[0.09333319]
482
[0.04259724]
483
[0.08363367]
484
[0.22688812]
485
[0.16794489]
486
[0.3731271]
487
[0.03438998]
488
[0.0478201]
489
[0.07468026]
490
[0.37461928]
491
[0.35148965]
492
[0.09333321]
493
[0.0478201]
494
[0.0455817]
495
[0.26867067]
496
[0.04782005]
497
[0.03812054]
498
[0.31791439]
499
[0.0455817]
500
[0.03886667]
501
[0.04334335]
502
[0.08214145]
503
[0.05975792]
504
[0.20226626]
505
[0.04707399]
506
[0.15227643]
507
[0.35671256]
508
[0.3492513]
509
[0.03439017]
510
[0.34253625]
511
[0.04856617]
512
[0.17988275]
513
[0.04110501]
514
[0.04707393]
515
[0.26419397]
516
[0.12168563]
517
[0.15899148]
518
[0.04558179]
519
[0.04782006]
520
[0.21495025]
521
[0.2522561]
522
[0.16421431]
523
[0.37312704]
524
[0.03438998]
525
[0.04185112]
526
[0.04931233]
527
[0.03364411]
528
[0.14033856]
529
[0.31269166]
530
[0.35895082]
531
[0.05080452]
532
[0.3746193]
533
[0.33358294]
534
[0.09109484]
535
[0.37238095]
536
[0.09855602]
537
[0.24330269]
538
[0.04483558]
539
[0.08661815]
540
[0.33656738]
541
[0.04185111]
542
[0.04632783]
543
[0.04408947]
544
[0.03588219]
545
[0.04483559]
546
[0.04632782]
547
[0.23360321]
548
[0.36044312]
549
[0.04035889]
550
[0.37984212]
551
[0.38058821]
552
[0.05602734]
553
[0.03364411]
554
[0.38282656]
555
[0.38208046]
556
[0.0358822]
557
[0.2612095]
558
[0.09407932]
559
[0.04782005]
560
[0.34552081]
561
[0.18585171]
562
[0.0582657]
563
[0.23584157]
564
[0.35447421]
565
[0.03513621]
566
[0.27389349]
567
[0.04035889]
568
[0.04259726]
569
[0.34179013]
570
[0.31194545]
571
[0.23807987]
572
[0.04707393]
573
[0.20450464]
574
[0.38282656]
575
[0.03364411]
576
[0.11944728]
577
[0.3201528]
578
[0.19555123]
579
[0.36715815]
580
[0.04259727]
581
[0.04185112]
582
[0.04707393]
583
[0.0455817]
584
[0.26643232]
585
[0.13660798]
586
[0.04035889]
587
[0.03588219]
588
[0.03812056]
589
[0.03513621]
590
[0.08064921]
591
[0.38208045]
592
[0.04782005]
593
[0.09631765]
594
[0.08587203]
595
[0.37536543]
596
[0.04185112]
597
[0.36641199]
598
[0.35745863]
599
[0.06498074]
600
[0.04558171]
601
[0.19629732]
602
[0.04259724]
603
[0.04259724]
604
[0.35223577]
605
[0.37760374]
606
[0.3097071]
607
[0.03886667]
608
[0.38208045]
609
[0.03961277]
610
[0.0448356]
611
[0.04632782]
612
[0.38282656]
613
[0.15899148]
614
[0.15824536]
615
[0.34552072]
616
[0.20226626]
617
[0.37014257]
618
[0.03364408]
619
[0.33507508]
620
[0.20525076]
621
[0.08139533]
622
[0.04185112]
623
[0.06050405]
624
[0.36939646]
625
[0.04558171]
626
[0.20898131]
627
[0.04483558]
628
[0.26046338]
629
[0.36715811]
630
[0.07691861]
631
[0.04856617]
632
[0.28583143]
633
[0.35745859]
634
[0.03513608]
635
[0.19032839]
636
[0.04931229]
637
[0.04185111]
638
[0.33507508]
639
[0.28359301]
640
[0.33283673]
641
[0.37611154]
642
[0.03439015]
643
[0.25001775]
644
[0.03737446]
645
[0.22464981]
646
[0.04259723]
647
[0.06050404]
648
[0.04408955]
649
[0.22688816]
650
[0.05751959]
651
[0.04185111]
652
[0.17092936]
653
[0.17018324]
654
[0.03961277]
655
[0.04185112]
656
[0.05751959]
657
[0.15451478]
658
[0.03364397]
659
[0.04782005]
660
[0.04259724]
661
[0.09333319]
662
[0.3798421]
663
[0.03364389]
664
[0.11347836]
665
[0.24181051]
666
[0.16645266]
667
[0.3007537]
668
[0.24181046]
669
[0.0358822]
670
[0.04856617]
671
[0.04632782]
672
[0.03513608]
673
[0.15600702]
674
[0.353728]
675
[0.04110505]
676
[0.04185111]
677
[0.12765457]
678
[0.03289772]
679
[0.0455817]
680
[0.04707393]
681
[0.0336439]
682
[0.37611153]
683
[0.03513621]
684
[0.06647299]
685
[0.04632783]
686
[0.26792462]
687
[0.04408946]
688
[0.04334335]
689
[0.07244191]
690
[0.38133433]
691
[0.20226629]
692
[0.05751959]
693
[0.11198612]
694
[0.25822503]
695
[0.38208045]
696
[0.09482543]
697
[0.03662832]
698
[0.3007537]
699
[0.18809005]
700
[0.03439018]
701
[0.18137499]
702
[0.04259724]
703
[0.05080452]
704
[0.08736426]
705
[0.35223577]
706
[0.03438998]
707
[0.35522033]
708
[0.03662831]
709
[0.37760376]
710
[0.38208045]
711
[0.04110501]
712
[0.1201934]
713
[0.09333319]
714
[0.04259724]
715
[0.35298189]
716
[0.36268141]
717
[0.33731343]
718
[0.37834986]
719
[0.21345801]
720
[0.37909601]
721
[0.16197595]
722
[0.22315754]
723
[0.03364399]
724
[0.04185111]
725
[0.20375852]
726
[0.04483559]
727
[0.04185112]
728
[0.03662831]
729
[0.23360322]
730
[0.04782005]
731
[0.06050405]
732
[0.08512592]
733
[0.03513608]
734
[0.27389356]
735
[0.03662831]
736
[0.11870118]
737
[0.04259724]
738
[0.37685763]
739
[0.11198613]
740
[0.04707394]
741
[0.13586186]
742
[0.04782005]
743
[0.04782006]
744
[0.37387316]
745
[0.24255658]
746
[0.34402855]
747
[0.03737442]
748
[0.36939651]
749
[0.30075377]
750
[0.041105]
751
[0.04632782]
752
[0.2127119]
753
[0.38058823]
754
[0.26941679]
755
[0.04185112]
756
[0.30224601]
757
[0.03961278]
758
[0.31642224]
759
[0.04185111]
760
[0.22763424]
761
[0.36865037]
762
[0.17839053]
763
[0.15824536]
764
[0.181375]
765
[0.16272207]
766
[0.22688816]
767
[0.03812056]
768
[0.04408946]
769
[0.3582047]
770
[0.2746396]
771
[0.0843798]
772
[0.31045332]
773
[0.04856617]
774
[0.20898131]
775
[0.0321516]
776
[0.05901181]
777
[0.13436963]
778
[0.15227643]
779
[0.03364417]
780
[0.03961277]
781
[0.0455817]
782
[0.21942698]
783
[0.37014263]
784
[0.0440895]
785
[0.37834986]
786
[0.34552081]
787
[0.33432905]
788
[0.03513607]
789
[0.13213127]
790
[0.06274239]
791
[0.3141839]
792
[0.19256674]
793
[0.33880574]
794
[0.04707394]
795
[0.05677347]
796
[0.04707394]
797
[0.05229675]
798
[0.31940662]
799
[0.03662832]
800
[0.03588228]
801
[0.04110501]
802
[0.04707394]
803
[0.22688812]
804
[0.25449445]
805
[0.18809004]
806
[0.12541622]
807
[0.04408947]
808
[0.28359301]
809
[0.03737446]
810
[0.03364396]
811
[0.17839052]
812
[0.34999742]
813
[0.37387318]
814
[0.17092935]
815
[0.1597376]
816
[0.23211098]
817
[0.23360317]
818
[0.07169581]
819
[0.2373338]
820
[0.06796521]
821
[0.03364393]
822
[0.36715819]
823
[0.37685765]
824
[0.04782005]
825
[0.04856617]
826
[0.04259724]
827
[0.04558178]
828
[0.04856617]
829
[0.15899148]
830
[0.20002791]
831
[0.03513621]
832
[0.30597652]
833
[0.08587203]
834
[0.37238099]
835
[0.26344791]
836
[0.27016297]
837
[0.36641199]
838
[0.37984212]
839
[0.04035889]
840
[0.04185112]
841
[0.04707393]
842
[0.36641204]
843
[0.24479493]
844
[0.31642215]
845
[0.0455817]
846
[0.38282656]
847
[0.14332303]
848
[0.05901181]
849
[0.0433434]
850
[0.36715811]
851
[0.05378901]
852
[0.04035889]
853
[0.04334335]
854
[0.2567328]
855
[0.13884633]
856
[0.0455817]
857
[0.2701629]
858
[0.14779973]
859
[0.04259723]
860
[0.04632783]
861
[0.29478476]
862
[0.11870117]
863
[0.04408949]
864
[0.04259723]
865
[0.04110505]
866
[0.34179013]
867
[0.24628722]
868
[0.17615217]
869
[0.03439013]
870
[0.03364389]
871
[0.04782006]
872
[0.06050405]
873
[0.04856617]
874
[0.18883616]
875
[0.37163486]
876
[0.23434934]
877
[0.26941679]
878
[0.38133433]
879
[0.05229678]
880
[0.04856617]
881
[0.25449451]
882
[0.04185112]
883
[0.17689829]
884
[0.13884632]
885
[0.04334335]
886
[0.04185111]
887
[0.03439018]
888
[0.04483559]
889
[0.06945746]
890
[0.3701426]
891
[0.04483558]
892
[0.379096]
893
[0.05155066]
894
[0.04334337]
895
[0.08811038]
896
[0.26941679]
897
[0.04334338]
898
[0.37984211]
899
[0.04408949]
900
[0.04483559]
901
[0.0448356]
902
[0.04483558]
903
[0.04782005]
904
[0.35298198]
905
[0.13586186]
906
[0.25822503]
907
[0.18958229]
908
[0.03588219]
909
[0.0336439]
910
[0.04483559]
911
[0.04632782]
912
[0.03513621]
913
[0.06199627]
914
[0.31045322]
915
[0.04632782]
916
[0.03364383]
917
[0.36715818]
918
[0.0448356]
919
[0.17391382]
920
[0.04185111]
921
[0.38058821]
922
[0.15153032]
923
[0.33432907]
924
[0.05304289]
925
[0.28210077]
926
[0.04259723]
927
[0.04334335]
928
[0.09034874]
929
[0.03513621]
930
[0.04035889]
931
[0.05528122]
932
[0.09706379]
933
[0.04259723]
934
[0.25076393]
935
[0.194059]
936
[0.32089886]
937
[0.04782005]
938
[0.04782005]
939
[0.16197595]
940
[0.35596643]
941
[0.11347835]
942
[0.04185111]
943
[0.04707394]
944
[0.38058824]
945
[0.34552072]
946
[0.14929196]
947
[0.03513608]
948
[0.04259724]
949
[0.1463075]
950
[0.34552082]
951
[0.03588228]
952
[0.03364392]
953
[0.04632782]
954
[0.03364406]
955
[0.35895087]
956
[0.38208045]
957
[0.04632782]
958
[0.34701295]
959
[0.04408955]
960
[0.04185111]
961
[0.37834986]
962
[0.04707394]
963
[0.04259723]
964
[0.34925137]
965
[0.29254649]
966
[0.11347835]
967
[0.26344785]
968
[0.05378901]
969
[0.03438998]
970
[0.37461931]
971
[0.17615217]
972
[0.05453512]
973
[0.08214145]
974
[0.11273224]
975
[0.03364397]
976
[0.04483558]
977
[0.06647298]
978
[0.18062888]
979
[0.2656862]
980
[0.13213128]
981
[0.37387316]
982
[0.06945746]
983
[0.04707393]
984
[0.0455817]
985
[0.17167547]
986
[0.09855603]
987
[0.04110501]
988
[0.20599685]
989
[0.04259723]
990
[0.0455817]
991
[0.04259723]
992
[0.04483559]
993
[0.32537566]
994
[0.04259724]
995
[0.07841086]
996
[0.04259723]
997
[0.04782006]
998
[0.04408946]
999
[1] 0.1102323
[1] 0.1102323
[1] 0.1102323
[0.04259723]
1e-05
0
[0.05580047]
1
[0.26911239]
2
[0.05090841]
3
[0.14680073]
4
[0.2818328]
5
[0.07145667]
6
[0.29161773]
7
[0.11451046]
8
[0.22605868]
9
[0.28868225]
10
[0.28770376]
11
[0.13016635]
12
[0.0518869]
13
[0.16637063]
14
[0.09494052]
15
[0.28966074]
16
[0.18398348]
17
[0.28966074]
18
[0.26813389]
19
[0.10472556]
20
[0.1693061]
21
[0.21627376]
22
[0.05482238]
23
[0.16734912]
24
[0.18398348]
25
[0.26813389]
26
[0.05677937]
27
[0.25639198]
28
[0.04210199]
29
[0.21823075]
30
[0.05090841]
31
[0.05482237]
32
[0.20942432]
33
[0.25737047]
34
[0.04112341]
35
[0.09983318]
36
[0.04503747]
37
[0.04308044]
38
[0.28672526]
39
[0.04405898]
40
[0.28868224]
41
[0.05090841]
42
[0.0499299]
43
[0.05580087]
44
[0.17028457]
45
[0.06167187]
46
[0.23975759]
47
[0.25052103]
48
[0.10668251]
49
[0.08026346]
50
[0.09298361]
51
[0.04895143]
52
[0.29161773]
53
[0.25834898]
54
[0.13310183]
55
[0.28672527]
56
[0.05775771]
57
[0.06167186]
58
[0.27987581]
59
[0.11157498]
60
[0.0528654]
61
[0.10374703]
62
[0.16734909]
63
[0.11157504]
64
[0.09004814]
65
[0.24073608]
66
[0.05090841]
67
[0.04895142]
68
[0.17615555]
69
[0.24856403]
70
[0.05090841]
71
[0.17322007]
72
[0.09689767]
73
[0.09004813]
74
[0.03818802]
75
[0.23584363]
76
[0.08222032]
77
[0.0518869]
78
[0.05580086]
79
[0.18202651]
80
[0.19278993]
81
[0.22018773]
82
[0.18496199]
83
[0.08613416]
84
[0.04405896]
85
[0.08515567]
86
[0.20453185]
87
[0.20551033]
88
[0.18985444]
89
[0.05286541]
90
[0.04112343]
91
[0.28770376]
92
[0.05090841]
93
[0.09298348]
94
[0.10374704]
95
[0.07439225]
96
[0.04895122]
97
[0.06754292]
98
[0.0528654]
99
[0.03818795]
100
[0.2260587]
101
[0.05677937]
102
[0.22997267]
103
[0.05580086]
104
[0.19866089]
105
[0.04014495]
106
[0.04601591]
107
[0.28476827]
108
[0.12527388]
109
[0.04308047]
110
[0.28868226]
111
[0.13799436]
112
[0.05580088]
113
[0.08809115]
114
[0.05580107]
115
[0.11548895]
116
[0.03720947]
117
[0.28672526]
118
[0.07341394]
119
[0.29161773]
120
[0.11059666]
121
[0.0558757]
122
[0.047973]
123
[0.15854265]
124
[0.16734912]
125
[0.28476828]
126
[0.12723087]
127
[0.05384389]
128
[0.09591918]
129
[0.19963937]
130
[0.24758555]
131
[0.05677936]
132
[0.29063924]
133
[0.04895123]
134
[0.21627375]
135
[0.05677901]
136
[0.05384388]
137
[0.04405896]
138
[0.0831987]
139
[0.20159635]
140
[0.05677937]
141
[0.23975759]
142
[0.28770374]
143
[0.2818328]
144
[0.05090841]
145
[0.15560721]
146
[0.18789747]
147
[0.036231]
148
[0.25149951]
149
[0.03916645]
150
[0.05580087]
151
[0.0724453]
152
[0.04014501]
153
[0.03818794]
154
[0.13016636]
155
[0.05286547]
156
[0.08222019]
157
[0.252478]
158
[0.0518869]
159
[0.18202649]
160
[0.05971486]
161
[0.03623103]
162
[0.11255347]
163
[0.24465006]
164
[0.26911239]
165
[0.05580086]
166
[0.07537084]
167
[0.04405896]
168
[0.06656393]
169
[0.14582224]
170
[0.03525252]
171
[0.03623103]
172
[0.05677935]
173
[0.17517707]
174
[0.28378978]
175
[0.16343514]
176
[0.29063924]
177
[0.28770376]
178
[0.05580088]
179
[0.0518869]
180
[0.05090841]
181
[0.05286536]
182
[0.28868225]
183
[0.0675428]
184
[0.14680073]
185
[0.03623097]
186
[0.08026321]
187
[0.28966074]
188
[0.29063924]
189
[0.05384388]
190
[0.28966075]
191
[0.03525253]
192
[0.29063923]
193
[0.27498335]
194
[0.05384388]
195
[0.25247801]
196
[0.05389788]
197
[0.06362874]
198
[0.28966074]
199
[0.20257485]
200
[0.05090841]
201
[0.07634924]
202
[0.13310183]
203
[0.27009088]
204
[0.29063924]
205
[0.17028459]
206
[0.05090841]
207
[0.27204787]
208
[0.08222019]
209
[0.1086395]
210
[0.07830622]
211
[0.29161773]
212
[0.05090841]
213
[0.05580088]
214
[0.04797298]
215
[0.05677936]
216
[0.05580088]
217
[0.28672528]
218
[0.05482237]
219
[0.28476828]
220
[0.27106939]
221
[0.13408032]
222
[0.0518869]
223
[0.07732773]
224
[0.05286532]
225
[0.20844581]
226
[0.0792849]
227
[0.06656433]
228
[0.15169322]
229
[0.21333827]
230
[0.28966075]
231
[0.0538439]
232
[0.03623099]
233
[0.04112344]
234
[0.05090841]
235
[0.16245666]
236
[0.05677937]
237
[0.17517704]
238
[0.05384389]
239
[0.28281128]
240
[0.06362885]
241
[0.27694033]
242
[0.03623094]
243
[0.29161773]
244
[0.28672526]
245
[0.28183279]
246
[0.0518869]
247
[0.05090841]
248
[0.29063924]
249
[0.0440588]
250
[0.13212334]
251
[0.0518869]
252
[0.24954252]
253
[0.05971486]
254
[0.06265022]
255
[0.06754283]
256
[0.05677935]
257
[0.04699444]
258
[0.05873637]
259
[0.14190827]
260
[0.19670389]
261
[0.05482237]
262
[0.22605868]
263
[0.07830624]
264
[0.11548903]
265
[0.183005]
266
[0.05580086]
267
[0.04992994]
268
[0.12135991]
269
[0.05677937]
270
[0.29161773]
271
[0.05677935]
272
[0.26519841]
273
[0.05384389]
274
[0.1370158]
275
[0.29063924]
276
[0.15560717]
277
[0.1379943]
278
[0.28476828]
279
[0.15365019]
280
[0.11646745]
281
[0.0518869]
282
[0.04601598]
283
[0.06069337]
284
[0.21235978]
285
[0.04503746]
286
[0.27987581]
287
[0.18594049]
288
[0.29063924]
289
[0.254435]
290
[0.05286539]
291
[0.23192964]
292
[0.15267174]
293
[0.26519843]
294
[0.08222019]
295
[0.23192965]
296
[0.1379943]
297
[0.0577579]
298
[0.2260587]
299
[0.29063924]
300
[0.24269308]
301
[0.11353211]
302
[0.23682212]
303
[0.17126306]
304
[0.04405899]
305
[0.20355334]
306
[0.16832761]
307
[0.18985445]
308
[0.28281128]
309
[0.05090841]
310
[0.2691124]
311
[0.29161773]
312
[0.28868225]
313
[0.05677937]
314
[0.09102652]
315
[0.24367156]
316
[0.08711266]
317
[0.04210198]
318
[0.27694033]
319
[0.20159635]
320
[0.07928472]
321
[0.05677936]
322
[0.16343512]
323
[0.07047819]
324
[0.1458223]
325
[0.12135997]
326
[0.06852129]
327
[0.16049968]
328
[0.14973621]
329
[0.05286538]
330
[0.06949965]
331
[0.24465006]
332
[0.05384388]
333
[0.05775787]
334
[0.05090841]
335
[0.11646755]
336
[0.04601589]
337
[0.05677937]
338
[0.28574677]
339
[0.05090841]
340
[0.29161773]
341
[0.19963938]
342
[0.05482239]
343
[0.19376843]
344
[0.05873637]
345
[0.06460763]
346
[0.04112349]
347
[0.24954252]
348
[0.28770376]
349
[0.07243544]
350
[0.05580088]
351
[0.16734909]
352
[0.13603731]
353
[0.03623094]
354
[0.05580086]
355
[0.12233851]
356
[0.06167184]
357
[0.18496199]
358
[0.04895143]
359
[0.05090841]
360
[0.26030597]
361
[0.08124174]
362
[0.05090841]
363
[0.09004825]
364
[0.27889734]
365
[0.07732747]
366
[0.05188698]
367
[0.29161773]
368
[0.05580087]
369
[0.18789745]
370
[0.28770375]
371
[0.27204787]
372
[0.07928491]
373
[0.27889732]
374
[0.05286538]
375
[0.18985444]
376
[0.25345649]
377
[0.13310185]
378
[0.07145678]
379
[0.26911239]
380
[0.26324144]
381
[0.06852129]
382
[0.05677937]
383
[0.11646745]
384
[0.05090841]
385
[0.28282352]
386
[0.13799436]
387
[0.04405881]
388
[0.24171459]
389
[0.2837898]
390
[0.08906981]
391
[0.12038145]
392
[0.17615555]
393
[0.04699446]
394
[0.10961799]
395
[0.03916646]
396
[0.11940293]
397
[0.05090841]
398
[0.20453183]
399
[0.20844582]
400
[0.04503745]
401
[0.22997266]
402
[0.03623097]
403
[0.05677937]
404
[0.19474692]
405
[0.09298352]
406
[0.07439233]
407
[0.27889731]
408
[0.28476827]
409
[0.28966074]
410
[0.16539211]
411
[0.05778679]
412
[0.22801567]
413
[0.06164959]
414
[0.05482238]
415
[0.0880914]
416
[0.05677936]
417
[0.03525253]
418
[0.08026321]
419
[0.05090841]
420
[0.06362876]
421
[0.29161772]
422
[0.05971495]
423
[0.13408035]
424
[0.28966075]
425
[0.08124175]
426
[0.05286539]
427
[0.28966074]
428
[0.05580087]
429
[0.14973621]
430
[0.04699438]
431
[0.03916652]
432
[0.12233852]
433
[0.06265034]
434
[0.04895138]
435
[0.0518869]
436
[0.28574678]
437
[0.1800695]
438
[0.10961809]
439
[0.28868224]
440
[0.2387791]
441
[0.03623096]
442
[0.0753707]
443
[0.03623094]
444
[0.26813391]
445
[0.17909103]
446
[0.0812418]
447
[0.17126306]
448
[0.16930608]
449
[0.042102]
450
[0.03623097]
451
[0.21235978]
452
[0.08221994]
453
[0.06069337]
454
[0.11353197]
455
[0.17813995]
456
[0.09298361]
457
[0.21627375]
458
[0.29161773]
459
[0.2113813]
460
[0.18594049]
461
[0.13016635]
462
[0.03623098]
463
[0.09494044]
464
[0.19670389]
465
[0.05384389]
466
[0.05677937]
467
[0.0949406]
468
[0.05971498]
469
[0.1575642]
470
[0.05090841]
471
[0.04895131]
472
[0.04210194]
473
[0.08515567]
474
[0.03623098]
475
[0.05677937]
476
[0.27889732]
477
[0.21725226]
478
[0.12429548]
479
[0.22018774]
480
[0.05090841]
481
[0.26617691]
482
[0.05286539]
483
[0.13310183]
484
[0.05188691]
485
[0.03916652]
486
[0.04601584]
487
[0.05677937]
488
[0.06754282]
489
[0.19278994]
490
[0.23584363]
491
[0.04797294]
492
[0.17615553]
493
[0.08515573]
494
[0.05873633]
495
[0.11157498]
496
[0.16343512]
497
[0.11943501]
498
[0.05677936]
499
[0.28574677]
500
[0.05482237]
501
[0.05090808]
502
[0.06362847]
503
[0.11059649]
504
[0.08319869]
505
[0.19572542]
506
[0.21627376]
507
[0.24269308]
508
[0.28672528]
509
[0.17322005]
510
[0.05677937]
511
[0.12625238]
512
[0.04601598]
513
[0.04014496]
514
[0.16343516]
515
[0.05580088]
516
[0.05775795]
517
[0.26030595]
518
[0.15952115]
519
[0.03525253]
520
[0.05482237]
521
[0.04210194]
522
[0.28672525]
523
[0.23877911]
524
[0.12038142]
525
[0.09004813]
526
[0.09298361]
527
[0.0509084]
528
[0.05677937]
529
[0.05487832]
530
[0.16147813]
531
[0.05482238]
532
[0.06460732]
533
[0.29161773]
534
[0.25052102]
535
[0.05384391]
536
[0.20355334]
537
[0.05580086]
538
[0.28966073]
539
[0.05090841]
540
[0.28868224]
541
[0.16147813]
542
[0.27400486]
543
[0.25834897]
544
[0.08711265]
545
[0.04797298]
546
[0.08026321]
547
[0.05580086]
548
[0.05090841]
549
[0.06656446]
550
[0.21529526]
551
[0.29063924]
552
[0.27596184]
553
[0.26324143]
554
[0.06750547]
555
[0.05677937]
556
[0.0665643]
557
[0.10276854]
558
[0.17419857]
559
[0.06457483]
560
[0.27596184]
561
[0.18691898]
562
[0.29063923]
563
[0.04210201]
564
[0.18398348]
565
[0.0939621]
566
[0.07634931]
567
[0.05580089]
568
[0.23192964]
569
[0.05580088]
570
[0.24171459]
571
[0.09200529]
572
[0.03818796]
573
[0.07830616]
574
[0.11451046]
575
[0.25932745]
576
[0.05286538]
577
[0.05384387]
578
[0.07047806]
579
[0.2671554]
580
[0.2260587]
581
[0.03818792]
582
[0.11157498]
583
[0.16343516]
584
[0.28183281]
585
[0.1575642]
586
[0.27302636]
587
[0.24856404]
588
[0.05677936]
589
[0.26911239]
590
[0.03916643]
591
[0.2671554]
592
[0.05482237]
593
[0.27694035]
594
[0.03720944]
595
[0.10374704]
596
[0.12723087]
597
[0.20551034]
598
[0.29063924]
599
[0.25443499]
600
[0.07439225]
601
[0.09004814]
602
[0.28966074]
603
[0.13016635]
604
[0.06460731]
605
[0.05090835]
606
[0.05482239]
607
[0.0518869]
608
[0.05677937]
609
[0.04797292]
610
[0.10668251]
611
[0.04405891]
612
[0.26226295]
613
[0.07047842]
614
[0.04699447]
615
[0.27596184]
616
[0.04112349]
617
[0.22605868]
618
[0.07928451]
619
[0.05090841]
620
[0.05775758]
621
[0.24758554]
622
[0.18691896]
623
[0.04601587]
624
[0.15365019]
625
[0.22018774]
626
[0.16049964]
627
[0.05677935]
628
[0.0528654]
629
[0.05677937]
630
[0.08026324]
631
[0.07928466]
632
[0.26324144]
633
[0.28966075]
634
[0.27498336]
635
[0.03623096]
636
[0.27009089]
637
[0.10766101]
638
[0.16147816]
639
[0.04503751]
640
[0.10472553]
641
[0.25932745]
642
[0.05090824]
643
[0.1379943]
644
[0.0518869]
645
[0.05384389]
646
[0.18006953]
647
[0.06265035]
648
[0.14386526]
649
[0.25932745]
650
[0.0450374]
651
[0.05677937]
652
[0.26226293]
653
[0.28476828]
654
[0.04797295]
655
[0.03818791]
656
[0.0430805]
657
[0.27106937]
658
[0.29063924]
659
[0.28672528]
660
[0.03720944]
661
[0.28966074]
662
[0.252478]
663
[0.0518869]
664
[0.05090841]
665
[0.05482227]
666
[0.11940293]
667
[0.03623095]
668
[0.27889732]
669
[0.27596184]
670
[0.06656433]
671
[0.05677935]
672
[0.04308033]
673
[0.1516932]
674
[0.15169325]
675
[0.04210187]
676
[0.0518869]
677
[0.27009088]
678
[0.07439227]
679
[0.05677937]
680
[0.17713402]
681
[0.03623101]
682
[0.10081156]
683
[0.03623094]
684
[0.19181144]
685
[0.04014499]
686
[0.05384388]
687
[0.04797297]
688
[0.03623102]
689
[0.05677936]
690
[0.21333829]
691
[0.22214473]
692
[0.05580088]
693
[0.05580094]
694
[0.07439226]
695
[0.13897279]
696
[0.29063924]
697
[0.05090841]
698
[0.29161773]
699
[0.05193135]
700
[0.06949959]
701
[0.05873637]
702
[0.04308049]
703
[0.03623102]
704
[0.19474692]
705
[0.05090841]
706
[0.05384388]
707
[0.05873637]
708
[0.05090841]
709
[0.25834898]
710
[0.0694998]
711
[0.07537075]
712
[0.27596184]
713
[0.28672527]
714
[0.17909101]
715
[0.05677937]
716
[0.13701584]
717
[0.24562855]
718
[0.24954252]
719
[0.07341377]
720
[0.05775789]
721
[0.28574677]
722
[0.25541348]
723
[0.18789747]
724
[0.04797295]
725
[0.16147813]
726
[0.04601592]
727
[0.04112338]
728
[0.06265042]
729
[0.05384389]
730
[0.16930611]
731
[0.21920924]
732
[0.05482198]
733
[0.09298372]
734
[0.05971485]
735
[0.06265035]
736
[0.23780062]
737
[0.05286542]
738
[0.23486514]
739
[0.28770374]
740
[0.04503746]
741
[0.1233169]
742
[0.23388663]
743
[0.17713404]
744
[0.05286538]
745
[0.252478]
746
[0.27009089]
747
[0.17419854]
748
[0.0518869]
749
[0.07145672]
750
[0.13114484]
751
[0.05873636]
752
[0.05090841]
753
[0.18202651]
754
[0.25932745]
755
[0.05677937]
756
[0.23584362]
757
[0.04797297]
758
[0.15658567]
759
[0.07537084]
760
[0.20355336]
761
[0.05384376]
762
[0.21235978]
763
[0.05677935]
764
[0.16637062]
765
[0.28770376]
766
[0.08417718]
767
[0.29063924]
768
[0.28574677]
769
[0.08319868]
770
[0.05677937]
771
[0.22018773]
772
[0.03525252]
773
[0.15267171]
774
[0.0949406]
775
[0.29161773]
776
[0.03525253]
777
[0.0518869]
778
[0.11646749]
779
[0.2671554]
780
[0.24562855]
781
[0.12527388]
782
[0.1976824]
783
[0.0597148]
784
[0.05580086]
785
[0.03623096]
786
[0.07047828]
787
[0.07928482]
788
[0.05482239]
789
[0.05677938]
790
[0.07928471]
791
[0.05482238]
792
[0.042102]
793
[0.06069334]
794
[0.1663706]
795
[0.1301879]
796
[0.06754282]
797
[0.26421994]
798
[0.20942431]
799
[0.07341389]
800
[0.28868225]
801
[0.05677937]
802
[0.2808543]
803
[0.05775789]
804
[0.05971486]
805
[0.17322005]
806
[0.19474692]
807
[0.05580086]
808
[0.28378978]
809
[0.28085433]
810
[0.23095116]
811
[0.05775788]
812
[0.15658567]
813
[0.11744595]
814
[0.05873637]
815
[0.05482238]
816
[0.08222026]
817
[0.13897279]
818
[0.03720948]
819
[0.18006952]
820
[0.09787608]
821
[0.05482239]
822
[0.04405888]
823
[0.05090841]
824
[0.1702846]
825
[0.03525253]
826
[0.10766101]
827
[0.14092978]
828
[0.05090841]
829
[0.05677935]
830
[0.0939621]
831
[0.26813391]
832
[0.27106939]
833
[0.03818798]
834
[0.03623095]
835
[0.05677909]
836
[0.04797293]
837
[0.12820936]
838
[0.03623103]
839
[0.13505882]
840
[0.06069337]
841
[0.27889731]
842
[0.0636289]
843
[0.05580089]
844
[0.04992991]
845
[0.04210195]
846
[0.07634924]
847
[0.25443499]
848
[0.16147813]
849
[0.05090841]
850
[0.05677937]
851
[0.05286539]
852
[0.05384389]
853
[0.05580085]
854
[0.19866087]
855
[0.28476828]
856
[0.18202649]
857
[0.09298361]
858
[0.05090841]
859
[0.05677936]
860
[0.10863963]
861
[0.04993]
862
[0.05580088]
863
[0.20061786]
864
[0.0724354]
865
[0.14484375]
866
[0.25932746]
867
[0.03818792]
868
[0.05580087]
869
[0.04993002]
870
[0.05482239]
871
[0.06460733]
872
[0.26030595]
873
[0.0518869]
874
[0.29161773]
875
[0.06949992]
876
[0.13505889]
877
[0.13310183]
878
[0.03720949]
879
[0.04797287]
880
[0.05677937]
881
[0.19083293]
882
[0.16930608]
883
[0.2123598]
884
[0.27596186]
885
[0.07830598]
886
[0.0528654]
887
[0.0518869]
888
[0.05677938]
889
[0.08222022]
890
[0.05482238]
891
[0.28574679]
892
[0.22116623]
893
[0.14386526]
894
[0.19181142]
895
[0.18300498]
896
[0.09298381]
897
[0.05775807]
898
[0.26813391]
899
[0.04210201]
900
[0.13016635]
901
[0.05286539]
902
[0.05384389]
903
[0.27106937]
904
[0.27106937]
905
[0.05677935]
906
[0.05580089]
907
[0.22605868]
908
[0.1145105]
909
[0.0518869]
910
[0.03623098]
911
[0.08319868]
912
[0.03720946]
913
[0.06656447]
914
[0.04210191]
915
[0.03916647]
916
[0.05677937]
917
[0.13212334]
918
[0.29161773]
919
[0.06852135]
920
[0.05090841]
921
[0.03623097]
922
[0.08026321]
923
[0.11157498]
924
[0.05677937]
925
[0.0518869]
926
[0.23290814]
927
[0.04210194]
928
[0.17909104]
929
[0.03623097]
930
[0.0675428]
931
[0.19474692]
932
[0.23095117]
933
[0.07439225]
934
[0.23290814]
935
[0.03525252]
936
[0.15560721]
937
[0.05971488]
938
[0.29161773]
939
[0.18006953]
940
[0.15854265]
941
[0.07145678]
942
[0.08417718]
943
[0.10668248]
944
[0.03623097]
945
[0.15952115]
946
[0.04895143]
947
[0.09494049]
948
[0.11255347]
949
[0.0822202]
950
[0.1047257]
951
[0.05090841]
952
[0.06362878]
953
[0.29161773]
954
[0.06656432]
955
[0.05188678]
956
[0.17713405]
957
[0.05677936]
958
[0.19670391]
959
[0.12429539]
960
[0.05188693]
961
[0.11255347]
962
[0.29161773]
963
[0.19181142]
964
[0.06852131]
965
[0.06558582]
966
[0.24954252]
967
[0.28281129]
968
[0.0616719]
969
[0.17224158]
970
[0.04601597]
971
[0.18398348]
972
[0.1702846]
973
[0.19376841]
974
[0.05677935]
975
[0.05286545]
976
[0.23486513]
977
[0.05775787]
978
[0.29161773]
979
[0.17224158]
980
[0.05384389]
981
[0.29161773]
982
[0.07537084]
983
[0.19963937]
984
[0.16734913]
985
[0.06167185]
986
[0.05580087]
987
[0.29161773]
988
[0.05090841]
989
[0.04308051]
990
[0.0538439]
991
[0.16930608]
992
[0.046016]
993
[0.24660706]
994
[0.08319869]
995
[0.11255347]
996
[0.05286539]
997
[0.18398348]
998
[0.13016635]
999
[1] 0.05365193
[1] 0.05365193
[1] 0.05365193
[0.2387791]
1e-05
0
[0.02383677]
1
[0.10509999]
2
[0.14674872]
3
[0.08628397]
4
[0.3330991]
5
[0.04861742]
6
[0.18243284]
7
[0.04960862]
8
[0.33607278]
9
[0.04564376]
10
[0.055556]
11
[0.30732724]
12
[0.19630999]
13
[0.05555601]
14
[0.05159109]
15
[0.31922194]
16
[0.04663496]
17
[0.16460659]
18
[0.3330991]
19
[0.32516929]
20
[0.33607277]
21
[0.05258231]
22
[0.04762618]
23
[0.13881891]
24
[0.04661152]
25
[0.21313285]
26
[0.33409033]
27
[0.27659926]
28
[0.20721347]
29
[0.04366127]
30
[0.1457575]
31
[0.03771389]
32
[0.04366127]
33
[0.29939743]
34
[0.05159109]
35
[0.04465251]
36
[0.30633602]
37
[0.05357353]
38
[0.04167885]
39
[0.11205584]
40
[0.06943314]
41
[0.20328618]
42
[0.1457231]
43
[0.04660242]
44
[0.09223133]
45
[0.26866944]
46
[0.04458993]
47
[0.02581922]
48
[0.04465258]
49
[0.05654721]
50
[0.04663496]
51
[0.12295931]
52
[0.04267006]
53
[0.0476262]
54
[0.23199411]
55
[0.04167885]
56
[0.11502951]
57
[0.05059988]
58
[0.32913419]
59
[0.04267006]
60
[0.28355809]
61
[0.07637172]
62
[0.04465255]
63
[0.18639774]
64
[0.06249041]
65
[0.04465252]
66
[0.2200994]
67
[0.2468625]
68
[0.23001166]
69
[0.28552027]
70
[0.33607278]
71
[0.13584524]
72
[0.05555599]
73
[0.07141559]
74
[0.12989789]
75
[0.22902043]
76
[0.17549426]
77
[0.14575749]
78
[0.04267006]
79
[0.33309395]
80
[0.0912401]
81
[0.24686249]
82
[0.05654721]
83
[0.15170485]
84
[0.05059988]
85
[0.05258229]
86
[0.16756446]
87
[0.23794146]
88
[0.27957292]
89
[0.05258231]
90
[0.13485402]
91
[0.32913419]
92
[0.10214358]
93
[0.11998564]
94
[0.14476627]
95
[0.22604676]
96
[0.04267006]
97
[0.23496777]
98
[0.30137988]
99
[0.33012542]
100
[0.04267005]
101
[0.10115236]
102
[0.05456475]
103
[0.06745069]
104
[0.04663498]
105
[0.04960865]
106
[0.04663495]
107
[0.08529275]
108
[0.20622224]
109
[0.05654721]
110
[0.27759047]
111
[0.04861743]
112
[0.04663496]
113
[0.04663498]
114
[0.12593299]
115
[0.29543255]
116
[0.01788942]
117
[0.04663496]
118
[0.05852967]
119
[0.05952089]
120
[0.04267006]
121
[0.3132746]
122
[0.04762618]
123
[0.2280292]
124
[0.09817868]
125
[0.17648547]
126
[0.27461679]
127
[0.05159108]
128
[0.05159109]
129
[0.04861743]
130
[0.20719508]
131
[0.02284555]
132
[0.08132785]
133
[0.05059987]
134
[0.04861742]
135
[0.1576522]
136
[0.07538049]
137
[0.05357354]
138
[0.32025007]
139
[0.04465243]
140
[0.05654723]
141
[0.05159111]
142
[0.04960862]
143
[0.11602073]
144
[0.24388879]
145
[0.33611321]
146
[0.27560802]
147
[0.10809093]
148
[0.05654724]
149
[0.04663495]
150
[0.0525823]
151
[0.06051211]
152
[0.04663496]
153
[0.22604676]
154
[0.06745069]
155
[0.27164312]
156
[0.05059989]
157
[0.10115236]
158
[0.11602073]
159
[0.14773994]
160
[0.04861741]
161
[0.05258231]
162
[0.08826642]
163
[0.04861744]
164
[0.04663497]
165
[0.19333631]
166
[0.13088912]
167
[0.0426701]
168
[0.05059989]
169
[0.05059987]
170
[0.26866945]
171
[0.12593299]
172
[0.04663498]
173
[0.33607277]
174
[0.05456479]
175
[0.05456477]
176
[0.06744085]
177
[0.04465251]
178
[0.04167885]
179
[0.06844192]
180
[0.04663498]
181
[0.30237111]
182
[0.17252058]
183
[0.10016113]
184
[0.0476262]
185
[0.05654723]
186
[0.30038866]
187
[0.11106461]
188
[0.11800319]
189
[0.11701196]
190
[0.17252058]
191
[0.04861744]
192
[0.04267006]
193
[0.0604985]
194
[0.25479229]
195
[0.04663495]
196
[0.04960864]
197
[0.10214358]
198
[0.04366129]
199
[0.06645947]
200
[0.266687]
201
[0.09817868]
202
[0.22307306]
203
[0.33706401]
204
[0.04663498]
205
[0.05456479]
206
[0.11602074]
207
[0.04663498]
208
[0.04960862]
209
[0.09520501]
210
[0.04167885]
211
[0.25776596]
212
[0.3291342]
213
[0.30633601]
214
[0.11205584]
215
[0.05654723]
216
[0.05555599]
217
[0.30930969]
218
[0.02185433]
219
[0.17846794]
220
[0.25875719]
221
[0.09619622]
222
[0.32318684]
223
[0.05258229]
224
[0.04663498]
225
[0.0476262]
226
[0.05059987]
227
[0.3093097]
228
[0.05059987]
229
[0.06943315]
230
[0.19533076]
231
[0.055556]
232
[0.12097687]
233
[0.04267001]
234
[0.24091513]
235
[0.29345008]
236
[0.033749]
237
[0.21811695]
238
[0.04960864]
239
[0.26767821]
240
[0.10313481]
241
[0.29939743]
242
[0.31327459]
243
[0.10709971]
244
[0.05258232]
245
[0.06051212]
246
[0.04167885]
247
[0.23597097]
248
[0.32120439]
249
[0.15666098]
250
[0.33111664]
251
[0.09223133]
252
[0.04762617]
253
[0.22703797]
254
[0.0476262]
255
[0.11502951]
256
[0.06844192]
257
[0.05059986]
258
[0.28155538]
259
[0.21415204]
260
[0.05555599]
261
[0.0793454]
262
[0.06051211]
263
[0.10308644]
264
[0.04861744]
265
[0.11106461]
266
[0.04663495]
267
[0.05159111]
268
[0.31723949]
269
[0.1616171]
270
[0.1417926]
271
[0.04663499]
272
[0.02185433]
273
[0.05654721]
274
[0.24983616]
275
[0.07240681]
276
[0.31823071]
277
[0.33508155]
278
[0.2904764]
279
[0.2904764]
280
[0.05059984]
281
[0.04769236]
282
[0.04663496]
283
[0.04462443]
284
[0.05753844]
285
[0.13881892]
286
[0.33607277]
287
[0.04167885]
288
[0.04663496]
289
[0.04167885]
290
[0.05357353]
291
[0.22703797]
292
[0.31129214]
293
[0.05555599]
294
[0.33409032]
295
[0.08330075]
296
[0.04167888]
297
[0.10511726]
298
[0.04960866]
299
[0.05059986]
300
[0.0594931]
301
[0.0486174]
302
[0.28750273]
303
[0.22009939]
304
[0.05159109]
305
[0.23893268]
306
[0.05059985]
307
[0.09718746]
308
[0.33409032]
309
[0.27362557]
310
[0.22902043]
311
[0.04167886]
312
[0.32417807]
313
[0.17846794]
314
[0.31426581]
315
[0.22109062]
316
[0.04267006]
317
[0.05357354]
318
[0.25776596]
319
[0.0525823]
320
[0.21910819]
321
[0.33210787]
322
[0.15170486]
323
[0.19531877]
324
[0.04663493]
325
[0.21018715]
326
[0.26371333]
327
[0.21910817]
328
[0.32913419]
329
[0.04861745]
330
[0.28155538]
331
[0.04861746]
332
[0.04663493]
333
[0.32417807]
334
[0.32913419]
335
[0.0753805]
336
[0.06645946]
337
[0.30038865]
338
[0.04366129]
339
[0.30237112]
340
[0.04465253]
341
[0.3172395]
342
[0.04762618]
343
[0.05059984]
344
[0.20225737]
345
[0.26371331]
346
[0.07637172]
347
[0.05555599]
348
[0.33508155]
349
[0.18045038]
350
[0.04762618]
351
[0.05357354]
352
[0.05753843]
353
[0.0912401]
354
[0.22208185]
355
[0.04762619]
356
[0.04762621]
357
[0.09223133]
358
[0.17351181]
359
[0.24983614]
360
[0.04267006]
361
[0.29245886]
362
[0.07339805]
363
[0.19928367]
364
[0.29345008]
365
[0.04861744]
366
[0.04861739]
367
[0.32913421]
368
[0.0753805]
369
[0.04762613]
370
[0.24785369]
371
[0.05059211]
372
[0.0327578]
373
[0.12692422]
374
[0.1735118]
375
[0.28353783]
376
[0.04861741]
377
[0.08231907]
378
[0.1576522]
379
[0.25875717]
380
[0.05654722]
381
[0.22109061]
382
[0.04564374]
383
[0.06943314]
384
[0.04167885]
385
[0.09718745]
386
[0.05357355]
387
[0.33607277]
388
[0.20225735]
389
[0.24785369]
390
[0.04663496]
391
[0.28155539]
392
[0.05555601]
393
[0.21910816]
394
[0.04960866]
395
[0.33012542]
396
[0.04167885]
397
[0.31823071]
398
[0.05258232]
399
[0.09718746]
400
[0.09322255]
401
[0.23100288]
402
[0.31624826]
403
[0.23496778]
404
[0.11701196]
405
[0.04960862]
406
[0.02284555]
407
[0.12692422]
408
[0.29939743]
409
[0.0932225]
410
[0.01590697]
411
[0.14873116]
412
[0.04267006]
413
[0.05059986]
414
[0.04663496]
415
[0.0565436]
416
[0.05456476]
417
[0.05456477]
418
[0.05654721]
419
[0.04663498]
420
[0.0486174]
421
[0.25181781]
422
[0.31228336]
423
[0.05059986]
424
[0.07438927]
425
[0.04267006]
426
[0.26668698]
427
[0.19135386]
428
[0.04762619]
429
[0.05753844]
430
[0.05059987]
431
[0.024828]
432
[0.16657323]
433
[0.15566975]
434
[0.2865115]
435
[0.03969646]
436
[0.02383677]
437
[0.05357356]
438
[0.13386279]
439
[0.04960862]
440
[0.12196809]
441
[0.04167885]
442
[0.30137988]
443
[0.07042437]
444
[0.3330991]
445
[0.19135386]
446
[0.17450303]
447
[0.2121696]
448
[0.18144161]
449
[0.04861743]
450
[0.09916991]
451
[0.0793454]
452
[0.05357356]
453
[0.04960864]
454
[0.32021317]
455
[0.23695022]
456
[0.04663496]
457
[0.04663486]
458
[0.30137988]
459
[0.23195693]
460
[0.05059986]
461
[0.32219562]
462
[0.0872752]
463
[0.05654721]
464
[0.13088912]
465
[0.33111664]
466
[0.31327459]
467
[0.04861741]
468
[0.17053813]
469
[0.04960861]
470
[0.04960866]
471
[0.30930969]
472
[0.07934539]
473
[0.05059988]
474
[0.09718746]
475
[0.20126612]
476
[0.11998564]
477
[0.23496778]
478
[0.04960865]
479
[0.2706519]
480
[0.29741497]
481
[0.08231907]
482
[0.29345008]
483
[0.04167887]
484
[0.29642376]
485
[0.02681046]
486
[0.3330991]
487
[0.20817757]
488
[0.0515911]
489
[0.23695022]
490
[0.04861742]
491
[0.04358477]
492
[0.04564375]
493
[0.15864343]
494
[0.30930969]
495
[0.04663497]
496
[0.33607277]
497
[0.11304706]
498
[0.07042437]
499
[0.05258233]
500
[0.08132785]
501
[0.26966067]
502
[0.33409033]
503
[0.33607277]
504
[0.04960864]
505
[0.04960866]
506
[0.3093097]
507
[0.05456476]
508
[0.05456476]
509
[0.04960864]
510
[0.04663496]
511
[0.05357356]
512
[0.23595901]
513
[0.24884493]
514
[0.05852966]
515
[0.24884494]
516
[0.06348579]
517
[0.04366127]
518
[0.04861741]
519
[0.1497224]
520
[0.31426583]
521
[0.13188034]
522
[0.22307307]
523
[0.22304151]
524
[0.22799877]
525
[0.04660189]
526
[0.2547923]
527
[0.26966069]
528
[0.31823072]
529
[0.04663497]
530
[0.31030091]
531
[0.18045038]
532
[0.04465252]
533
[0.07835417]
534
[0.04663496]
535
[0.06546824]
536
[0.04366129]
537
[0.1616171]
538
[0.07240681]
539
[0.3241925]
540
[0.03672267]
541
[0.15666098]
542
[0.09718745]
543
[0.05654724]
544
[0.05952089]
545
[0.20919591]
546
[0.05654721]
547
[0.31723949]
548
[0.05059987]
549
[0.30633601]
550
[0.13584525]
551
[0.06943314]
552
[0.08132785]
553
[0.07538049]
554
[0.33508155]
555
[0.04564374]
556
[0.10412602]
557
[0.05059985]
558
[0.12295931]
559
[0.05654724]
560
[0.05952089]
561
[0.06844192]
562
[0.04663501]
563
[0.04960859]
564
[0.32219562]
565
[0.32913419]
566
[0.04861744]
567
[0.03474022]
568
[0.19333632]
569
[0.08430153]
570
[0.0525823]
571
[0.05654721]
572
[0.05654724]
573
[0.05159111]
574
[0.16260833]
575
[0.04762619]
576
[0.21415204]
577
[0.04861746]
578
[0.29543254]
579
[0.27362557]
580
[0.05357354]
581
[0.17644988]
582
[0.04762618]
583
[0.12993315]
584
[0.29146763]
585
[0.1576522]
586
[0.05059986]
587
[0.05654723]
588
[0.07637172]
589
[0.14476627]
590
[0.33508156]
591
[0.09322255]
592
[0.0446525]
593
[0.11998564]
594
[0.05456476]
595
[0.23593159]
596
[0.04564371]
597
[0.19928368]
598
[0.05654721]
599
[0.05753844]
600
[0.15068073]
601
[0.05456476]
602
[0.05159109]
603
[0.05059988]
604
[0.2597484]
605
[0.15570014]
606
[0.04465252]
607
[0.15963465]
608
[0.33111665]
609
[0.3330991]
610
[0.09619623]
611
[0.05654721]
612
[0.04663496]
613
[0.26470454]
614
[0.07835417]
615
[0.04861741]
616
[0.08132785]
617
[0.19928367]
618
[0.11502951]
619
[0.33409032]
620
[0.25280984]
621
[0.23595899]
622
[0.05555599]
623
[0.30633602]
624
[0.05654721]
625
[0.28254661]
626
[0.21514328]
627
[0.20126612]
628
[0.04663491]
629
[0.04564374]
630
[0.23794147]
631
[0.05654721]
632
[0.15071362]
633
[0.2825466]
634
[0.27560802]
635
[0.04068757]
636
[0.33508155]
637
[0.0793454]
638
[0.04465247]
639
[0.05059985]
640
[0.04465251]
641
[0.05555599]
642
[0.33607277]
643
[0.23298534]
644
[0.09421378]
645
[0.04663496]
646
[0.08132785]
647
[0.12295931]
648
[0.08328436]
649
[0.32318684]
650
[0.17053813]
651
[0.05059984]
652
[0.04564371]
653
[0.20622226]
654
[0.17945916]
655
[0.04663492]
656
[0.29840621]
657
[0.04461835]
658
[0.05059985]
659
[0.0476262]
660
[0.04960864]
661
[0.19432754]
662
[0.29146763]
663
[0.33607277]
664
[0.10511726]
665
[0.05059988]
666
[0.10911875]
667
[0.32516931]
668
[0.12791544]
669
[0.03176657]
670
[0.17549426]
671
[0.04663496]
672
[0.04960864]
673
[0.05654723]
674
[0.04861739]
675
[0.04762616]
676
[0.17648548]
677
[0.05654723]
678
[0.04660198]
679
[0.04755479]
680
[0.04861742]
681
[0.27560802]
682
[0.05159106]
683
[0.30534478]
684
[0.10414624]
685
[0.28552027]
686
[0.18937141]
687
[0.33508156]
688
[0.07736295]
689
[0.05555599]
690
[0.04861743]
691
[0.32913419]
692
[0.05357355]
693
[0.11401224]
694
[0.05555599]
695
[0.04167886]
696
[0.28253877]
697
[0.04663491]
698
[0.05059988]
699
[0.22703796]
700
[0.19036264]
701
[0.05159108]
702
[0.20721348]
703
[0.04663496]
704
[0.21908222]
705
[0.33607277]
706
[0.1576522]
707
[0.33312708]
708
[0.04663499]
709
[0.32120439]
710
[0.29245885]
711
[0.05654721]
712
[0.06150333]
713
[0.04663496]
714
[0.2815554]
715
[0.1893714]
716
[0.3123117]
717
[0.05059987]
718
[0.28254662]
719
[0.11701196]
720
[0.09718745]
721
[0.235959]
722
[0.24587126]
723
[0.05458582]
724
[0.04755873]
725
[0.04762617]
726
[0.30237111]
727
[0.04663498]
728
[0.04960863]
729
[0.09619623]
730
[0.12494176]
731
[0.05059987]
732
[0.30732724]
733
[0.05059988]
734
[0.26470455]
735
[0.06943314]
736
[0.10908216]
737
[0.33012543]
738
[0.22703796]
739
[0.27263434]
740
[0.2042398]
741
[0.06447701]
742
[0.20126613]
743
[0.07835417]
744
[0.05258233]
745
[0.04267006]
746
[0.05159111]
747
[0.04267007]
748
[0.26569577]
749
[0.0287929]
750
[0.05159108]
751
[0.05456477]
752
[0.04267007]
753
[0.083314]
754
[0.09817868]
755
[0.05063021]
756
[0.04663496]
757
[0.04564371]
758
[0.05654721]
759
[0.26371333]
760
[0.33607277]
761
[0.17747671]
762
[0.33409032]
763
[0.04960866]
764
[0.16260833]
765
[0.04663495]
766
[0.27560803]
767
[0.10016113]
768
[0.24289758]
769
[0.06745069]
770
[0.04861741]
771
[0.13683647]
772
[0.04960864]
773
[0.04266999]
774
[0.04762619]
775
[0.04465251]
776
[0.04167885]
777
[0.16558201]
778
[0.11304706]
779
[0.33210787]
780
[0.33607277]
781
[0.13981014]
782
[0.04753485]
783
[0.01987188]
784
[0.33508156]
785
[0.11602073]
786
[0.04663501]
787
[0.20523102]
788
[0.0396963]
789
[0.04465254]
790
[0.04167885]
791
[0.32913419]
792
[0.0991699]
793
[0.14373981]
794
[0.04960865]
795
[0.01788943]
796
[0.21712571]
797
[0.04762619]
798
[0.04366128]
799
[0.24983614]
800
[0.31030091]
801
[0.04167889]
802
[0.29642376]
803
[0.33012542]
804
[0.0872752]
805
[0.18639773]
806
[0.04564373]
807
[0.23695021]
808
[0.07141559]
809
[0.22208184]
810
[0.25181861]
811
[0.05258229]
812
[0.04762619]
813
[0.10511726]
814
[0.28353783]
815
[0.16359956]
816
[0.31723949]
817
[0.05059987]
818
[0.02482801]
819
[0.05456476]
820
[0.11106461]
821
[0.2042398]
822
[0.32814297]
823
[0.04663501]
824
[0.04465253]
825
[0.11998564]
826
[0.33607277]
827
[0.25380107]
828
[0.04267005]
829
[0.06150334]
830
[0.05654723]
831
[0.33210787]
832
[0.04861746]
833
[0.04663494]
834
[0.15566975]
835
[0.05654724]
836
[0.32814297]
837
[0.11502951]
838
[0.04861741]
839
[0.05456476]
840
[0.03969634]
841
[0.25974841]
842
[0.04960864]
843
[0.04663497]
844
[0.04861742]
845
[0.31327459]
846
[0.18243283]
847
[0.31228336]
848
[0.04762619]
849
[0.04762617]
850
[0.04960863]
851
[0.06844192]
852
[0.30435355]
853
[0.33210788]
854
[0.04465251]
855
[0.32021317]
856
[0.30038866]
857
[0.26966066]
858
[0.05059988]
859
[0.25578353]
860
[0.28552027]
861
[0.04663495]
862
[0.05059985]
863
[0.04762617]
864
[0.07042437]
865
[0.14873117]
866
[0.046635]
867
[0.31624827]
868
[0.0872752]
869
[0.05654721]
870
[0.12295931]
871
[0.17152936]
872
[0.06447702]
873
[0.05654724]
874
[0.23992391]
875
[0.2785817]
876
[0.04267006]
877
[0.04663493]
878
[0.04663495]
879
[0.04465251]
880
[0.1229307]
881
[0.27065189]
882
[0.05852967]
883
[0.17252058]
884
[0.0436613]
885
[0.05753844]
886
[0.32318684]
887
[0.08529275]
888
[0.05357355]
889
[0.06943314]
890
[0.04465248]
891
[0.04564376]
892
[0.30137988]
893
[0.19726797]
894
[0.3330991]
895
[0.04267006]
896
[0.25479231]
897
[0.04267006]
898
[0.05654721]
899
[0.0476262]
900
[0.24190636]
901
[0.05059987]
902
[0.05258231]
903
[0.05159109]
904
[0.05555601]
905
[0.05357354]
906
[0.12196809]
907
[0.32916946]
908
[0.11896151]
909
[0.05458376]
910
[0.04960864]
911
[0.05753844]
912
[0.22604673]
913
[0.04960865]
914
[0.22105813]
915
[0.27858171]
916
[0.04960866]
917
[0.05357354]
918
[0.24884494]
919
[0.31823071]
920
[0.05159111]
921
[0.10809093]
922
[0.03672269]
923
[0.30240733]
924
[0.26173085]
925
[0.04663496]
926
[0.02978412]
927
[0.05159109]
928
[0.07538557]
929
[0.33607277]
930
[0.06249456]
931
[0.05258232]
932
[0.21613448]
933
[0.04663498]
934
[0.20523103]
935
[0.08231908]
936
[0.03573146]
937
[0.04861741]
938
[0.04663492]
939
[0.04267006]
940
[0.04660058]
941
[0.25479229]
942
[0.21316081]
943
[0.29248403]
944
[0.04960864]
945
[0.31823073]
946
[0.32913419]
947
[0.05654724]
948
[0.05654724]
949
[0.24686249]
950
[0.05654724]
951
[0.04962933]
952
[0.04663485]
953
[0.2042398]
954
[0.07637172]
955
[0.04663496]
956
[0.04167885]
957
[0.05258231]
958
[0.04861738]
959
[0.04960864]
960
[0.16754034]
961
[0.30732233]
962
[0.06348579]
963
[0.04267006]
964
[0.33012542]
965
[0.05654724]
966
[0.05059986]
967
[0.12791544]
968
[0.2944413]
969
[0.05059986]
970
[0.05654721]
971
[0.10610873]
972
[0.14377505]
973
[0.0357315]
974
[0.04960865]
975
[0.33210788]
976
[0.0168982]
977
[0.30435356]
978
[0.04267006]
979
[0.04267006]
980
[0.21020374]
981
[0.05357354]
982
[0.08628398]
983
[0.07438927]
984
[0.30930969]
985
[0.19036264]
986
[0.30534478]
987
[0.09223133]
988
[0.30831845]
989
[0.04267005]
990
[0.16062588]
991
[0.04762618]
992
[0.14179259]
993
[0.06249456]
994
[0.04663493]
995
[0.21018716]
996
[0.05555599]
997
[0.04267006]
998
[0.31823071]
999
[1] 0.1639554
[1] 0.1639554
[1] 0.1639554
[0.04762617]
1e-05
0
[0.06900488]
1
[0.24219805]
2
[0.08857064]
3
[0.33930217]
4
[0.26248847]
5
[0.06103352]
6
[0.05088835]
7
[0.09799119]
8
[0.05375834]
9
[0.0682802]
10
[0.05378704]
11
[0.04578646]
12
[0.04798975]
13
[0.37625971]
14
[0.2226323]
15
[0.05378707]
16
[0.08349803]
17
[0.09726653]
18
[0.05451168]
19
[0.25886518]
20
[0.04624159]
21
[0.22118298]
22
[0.03856933]
23
[0.37698436]
24
[0.04291712]
25
[0.04291721]
26
[0.37118709]
27
[0.03422131]
28
[0.0689837]
29
[0.35379532]
30
[0.16973229]
31
[0.19509531]
32
[0.04552936]
33
[0.03349666]
34
[0.16900763]
35
[0.05230938]
36
[0.05088844]
37
[0.12407886]
38
[0.05451169]
39
[0.0653816]
40
[0.07915009]
41
[0.19726928]
42
[0.23929943]
43
[0.22915422]
44
[0.04561372]
45
[0.34292547]
46
[0.18857339]
47
[0.18567476]
48
[0.05306236]
49
[0.08494735]
50
[0.05161311]
51
[0.21321175]
52
[0.33495423]
53
[0.26321313]
54
[0.05158101]
55
[0.05088844]
56
[0.05088844]
57
[0.051613]
58
[0.26466244]
59
[0.05887792]
60
[0.28060491]
61
[0.38568026]
62
[0.05668564]
63
[0.04654045]
64
[0.0429172]
65
[0.06248292]
66
[0.2893008]
67
[0.31030101]
68
[0.06468166]
69
[0.032772]
70
[0.35017204]
71
[0.05016372]
72
[0.05088844]
73
[0.04654053]
74
[0.37988301]
75
[0.14799256]
76
[0.20309039]
77
[0.04654054]
78
[0.24582134]
79
[0.07480214]
80
[0.05378708]
81
[0.36466519]
82
[0.05378706]
83
[0.0153802]
84
[0.20741449]
85
[0.37409409]
86
[0.38060764]
87
[0.04943906]
88
[0.04943906]
89
[0.06680918]
90
[0.20451586]
91
[0.05378706]
92
[0.37481041]
93
[0.06393228]
94
[0.38495559]
95
[0.38568027]
96
[0.05088837]
97
[0.04943908]
98
[0.05306235]
99
[0.04581579]
100
[0.04726518]
101
[0.05088835]
102
[0.37698438]
103
[0.02625008]
104
[0.05448139]
105
[0.37408571]
106
[0.05233775]
107
[0.07262816]
108
[0.05161309]
109
[0.13349941]
110
[0.18277613]
111
[0.34002683]
112
[0.05451167]
113
[0.38205698]
114
[0.05378705]
115
[0.0617583]
116
[0.05523638]
117
[0.02480077]
118
[0.0204528]
119
[0.06082011]
120
[0.19509531]
121
[0.01755419]
122
[0.19364599]
123
[0.12045557]
124
[0.13060078]
125
[0.05668568]
126
[0.36683918]
127
[0.05088844]
128
[0.05308285]
129
[0.05451173]
130
[0.05302873]
131
[0.0537571]
132
[0.05451173]
133
[0.08204872]
134
[0.27263368]
135
[0.0769761]
136
[0.07481993]
137
[0.07045419]
138
[0.35524465]
139
[0.33278026]
140
[0.28060491]
141
[0.07915009]
142
[0.1233542]
143
[0.08277338]
144
[0.06454508]
145
[0.2045271]
146
[0.17190626]
147
[0.05233775]
148
[0.38568027]
149
[0.15523914]
150
[0.37191176]
151
[0.18639942]
152
[0.17625279]
153
[0.38278162]
154
[0.05306242]
155
[0.04726502]
156
[0.04146789]
157
[0.10306378]
158
[0.34509944]
159
[0.27118436]
160
[0.05447511]
161
[0.11103503]
162
[0.3661145]
163
[0.37553504]
164
[0.21105034]
165
[0.05088835]
166
[0.2842282]
167
[0.05448045]
168
[0.27118436]
169
[0.05233775]
170
[0.07987474]
171
[0.04291705]
172
[0.17915284]
173
[0.05378706]
174
[0.38568026]
175
[0.27335833]
176
[0.34365012]
177
[0.24364737]
178
[0.15523914]
179
[0.38132299]
180
[0.07262817]
181
[0.05230705]
182
[0.06680195]
183
[0.15958708]
184
[0.13784736]
185
[0.17915284]
186
[0.04943917]
187
[0.05013064]
188
[0.08204872]
189
[0.05378712]
190
[0.38495559]
191
[0.05016383]
192
[0.19437065]
193
[0.38132423]
194
[0.38278161]
195
[0.06393227]
196
[0.06900486]
197
[0.38495561]
198
[0.04581587]
199
[0.19364599]
200
[0.23785173]
201
[0.02407611]
202
[0.07915008]
203
[0.12480352]
204
[0.05812583]
205
[0.19872067]
206
[0.05016378]
207
[0.05958432]
208
[0.34292547]
209
[0.15089119]
210
[0.27553231]
211
[0.33567889]
212
[0.35814327]
213
[0.05378706]
214
[0.05932948]
215
[0.27625696]
216
[0.18929805]
217
[0.05596106]
218
[0.32988163]
219
[0.05816505]
220
[0.35379533]
221
[0.379883]
222
[0.05302884]
223
[0.07987474]
224
[0.38568024]
225
[0.14291996]
226
[0.38350629]
227
[0.05520825]
228
[0.02045282]
229
[0.16683366]
230
[0.10741174]
231
[0.05378706]
232
[0.19074736]
233
[0.04871447]
234
[0.10523776]
235
[0.0943679]
236
[0.11683228]
237
[0.05088843]
238
[0.07407748]
239
[0.07697612]
240
[0.046514]
241
[0.05158992]
242
[0.10088982]
243
[0.0747897]
244
[0.05016376]
245
[0.12480352]
246
[0.22551832]
247
[0.06030898]
248
[0.05013656]
249
[0.09220118]
250
[0.19002271]
251
[0.06538159]
252
[0.13132544]
253
[0.04436657]
254
[0.13277475]
255
[0.28857614]
256
[0.06320762]
257
[0.07335281]
258
[0.37478612]
259
[0.08639666]
260
[0.07770077]
261
[0.15306517]
262
[0.05013499]
263
[0.16321037]
264
[0.3675638]
265
[0.05306246]
266
[0.04943914]
267
[0.08639665]
268
[0.16538435]
269
[0.05451168]
270
[0.04289645]
271
[0.02262677]
272
[0.07915009]
273
[0.38133232]
274
[0.38640491]
275
[0.0733528]
276
[0.04364184]
277
[0.05378706]
278
[0.05523639]
279
[0.38278324]
280
[0.04798993]
281
[0.27988025]
282
[0.04798985]
283
[0.03929392]
284
[0.03204734]
285
[0.37479096]
286
[0.23785011]
287
[0.05016368]
288
[0.36683917]
289
[0.04654048]
290
[0.15886243]
291
[0.07117884]
292
[0.0429172]
293
[0.05378707]
294
[0.05448027]
295
[0.16828298]
296
[0.04726515]
297
[0.12842681]
298
[0.05741036]
299
[0.06393238]
300
[0.05233775]
301
[0.14074599]
302
[0.14146346]
303
[0.38423096]
304
[0.12770215]
305
[0.15234051]
306
[0.246546]
307
[0.35089669]
308
[0.35959259]
309
[0.19002335]
310
[0.38568027]
311
[0.04074312]
312
[0.3748104]
313
[0.25379971]
314
[0.05088836]
315
[0.24002408]
316
[0.38205697]
317
[0.10958571]
318
[0.06900488]
319
[0.07843469]
320
[0.38568027]
321
[0.3748104]
322
[0.07842543]
323
[0.36756382]
324
[0.08784598]
325
[0.05233775]
326
[0.36683917]
327
[0.10233913]
328
[0.05958436]
329
[0.37191177]
330
[0.05016377]
331
[0.25596655]
332
[0.05451169]
333
[0.05378706]
334
[0.37481038]
335
[0.05958432]
336
[0.06538159]
337
[0.07915009]
338
[0.14509393]
339
[0.09146927]
340
[0.05161315]
341
[0.34075149]
342
[0.28205422]
343
[0.12552818]
344
[0.07407749]
345
[0.05451168]
346
[0.0805943]
347
[0.33857752]
348
[0.27408299]
349
[0.05088844]
350
[0.0530624]
351
[0.06373945]
352
[0.37263643]
353
[0.05306241]
354
[0.36466519]
355
[0.36973781]
356
[0.05230712]
357
[0.04654053]
358
[0.3458241]
359
[0.36756382]
360
[0.07407748]
361
[0.0711789]
362
[0.07045417]
363
[0.37408571]
364
[0.04726507]
365
[0.24219805]
366
[0.06248296]
367
[0.25958984]
368
[0.09364324]
369
[0.0704542]
370
[0.04291721]
371
[0.246546]
372
[0.27480765]
373
[0.31611313]
374
[0.11248434]
375
[0.0516131]
376
[0.32625834]
377
[0.05885967]
378
[0.12190489]
379
[0.38205696]
380
[0.06610625]
381
[0.04871443]
382
[0.0443665]
383
[0.34509944]
384
[0.02480076]
385
[0.11393365]
386
[0.05013014]
387
[0.05450036]
388
[0.36031725]
389
[0.04073041]
390
[0.0516131]
391
[0.29292409]
392
[0.21248627]
393
[0.33132567]
394
[0.36901316]
395
[0.37263643]
396
[0.12118023]
397
[0.032772]
398
[0.07915008]
399
[0.15451448]
400
[0.38423095]
401
[0.05378715]
402
[0.0501327]
403
[0.06755556]
404
[0.16828298]
405
[0.3508967]
406
[0.15670756]
407
[0.13494873]
408
[0.04509117]
409
[0.2088638]
410
[0.30886656]
411
[0.33930218]
412
[0.38205697]
413
[0.05012843]
414
[0.04726507]
415
[0.35525195]
416
[0.38568027]
417
[0.04146091]
418
[0.05088847]
419
[0.05451171]
420
[0.32191039]
421
[0.06011318]
422
[0.38132295]
423
[0.36538986]
424
[0.05088838]
425
[0.29654738]
426
[0.37988298]
427
[0.25016929]
428
[0.37843369]
429
[0.04364186]
430
[0.05885959]
431
[0.05088844]
432
[0.05233775]
433
[0.08132406]
434
[0.34002684]
435
[0.21900901]
436
[0.04796536]
437
[0.07697612]
438
[0.0544819]
439
[0.38060766]
440
[0.05232401]
441
[0.31248984]
442
[0.05668572]
443
[0.0429172]
444
[0.05306252]
445
[0.33785286]
446
[0.33133094]
447
[0.2277049]
448
[0.19074736]
449
[0.13494872]
450
[0.06299658]
451
[0.24727066]
452
[0.05088843]
453
[0.2842282]
454
[0.05233782]
455
[0.37843369]
456
[0.08204872]
457
[0.05161302]
458
[0.05162412]
459
[0.05145301]
460
[0.23567614]
461
[0.05088844]
462
[0.13639804]
463
[0.09654187]
464
[0.10306379]
465
[0.05233775]
466
[0.19509531]
467
[0.35162135]
468
[0.22553093]
469
[0.05596102]
470
[0.05088841]
471
[0.05088843]
472
[0.05523073]
473
[0.34872273]
474
[0.17408024]
475
[0.37333629]
476
[0.08204872]
477
[0.38278164]
478
[0.05596105]
479
[0.0755268]
480
[0.12407886]
481
[0.0719035]
482
[0.05448278]
483
[0.32843232]
484
[0.38568026]
485
[0.28060491]
486
[0.3849556]
487
[0.38060766]
488
[0.24364737]
489
[0.05378708]
490
[0.32118574]
491
[0.05233673]
492
[0.07480214]
493
[0.36173712]
494
[0.3371282]
495
[0.08204872]
496
[0.05161307]
497
[0.07480215]
498
[0.32480902]
499
[0.10813639]
500
[0.05233778]
501
[0.05157909]
502
[0.05233775]
503
[0.19292134]
504
[0.379883]
505
[0.03929392]
506
[0.22698024]
507
[0.0805994]
508
[0.17190626]
509
[0.0726282]
510
[0.05161299]
511
[0.06103357]
512
[0.04943907]
513
[0.06465703]
514
[0.04436635]
515
[0.32046108]
516
[0.35451999]
517
[0.36321588]
518
[0.38568027]
519
[0.38278332]
520
[0.05451167]
521
[0.36828323]
522
[0.04291721]
523
[0.04294379]
524
[0.38061136]
525
[0.246546]
526
[0.04291715]
527
[0.07335283]
528
[0.11176506]
529
[0.13929667]
530
[0.05161306]
531
[0.05088844]
532
[0.06538156]
533
[0.1182816]
534
[0.04654043]
535
[0.15161585]
536
[0.05451171]
537
[0.33133094]
538
[0.04291707]
539
[0.11900626]
540
[0.03059808]
541
[0.06900486]
542
[0.32483739]
543
[0.09219392]
544
[0.19219668]
545
[0.0429172]
546
[0.04654049]
547
[0.10741174]
548
[0.14509393]
549
[0.38423095]
550
[0.07699117]
551
[0.14799256]
552
[0.06070298]
553
[0.34654875]
554
[0.05233775]
555
[0.05451168]
556
[0.14074599]
557
[0.37770903]
558
[0.3081419]
559
[0.38568027]
560
[0.16321037]
561
[0.05013096]
562
[0.38495561]
563
[0.32046108]
564
[0.379883]
565
[0.31973642]
566
[0.35379533]
567
[0.38423095]
568
[0.23567614]
569
[0.07915009]
570
[0.04436652]
571
[0.09074461]
572
[0.07117885]
573
[0.05596101]
574
[0.05958433]
575
[0.06972951]
576
[0.29075011]
577
[0.06755556]
578
[0.30017067]
579
[0.30234464]
580
[0.38420224]
581
[0.36175881]
582
[0.08277338]
583
[0.04291721]
584
[0.08712758]
585
[0.05013349]
586
[0.12770215]
587
[0.22480627]
588
[0.05451168]
589
[0.2240551]
590
[0.04871446]
591
[0.0805994]
592
[0.37843369]
593
[0.05451167]
594
[0.0429172]
595
[0.0805994]
596
[0.05016369]
597
[0.17190626]
598
[0.05075318]
599
[0.18350079]
600
[0.21538572]
601
[0.05883542]
602
[0.36538985]
603
[0.38495558]
604
[0.37336106]
605
[0.05016367]
606
[0.11031037]
607
[0.05451172]
608
[0.0516131]
609
[0.05451172]
610
[0.33857752]
611
[0.22915422]
612
[0.04353905]
613
[0.29364875]
614
[0.38133232]
615
[0.27190902]
616
[0.38567282]
617
[0.20668815]
618
[0.05451177]
619
[0.03781771]
620
[0.07770077]
621
[0.38133232]
622
[0.14799256]
623
[0.0704542]
624
[0.05451169]
625
[0.37915835]
626
[0.08204872]
627
[0.11900626]
628
[0.14871722]
629
[0.36611452]
630
[0.05233775]
631
[0.37625972]
632
[0.21755969]
633
[0.02914871]
634
[0.15234051]
635
[0.22045833]
636
[0.0544889]
637
[0.06248295]
638
[0.30741725]
639
[0.3320556]
640
[0.24002408]
641
[0.21973367]
642
[0.05088843]
643
[0.30451861]
644
[0.05592812]
645
[0.38495561]
646
[0.37405346]
647
[0.06248296]
648
[0.17625421]
649
[0.36756382]
650
[0.31683779]
651
[0.37915835]
652
[0.05088843]
653
[0.05088844]
654
[0.05378706]
655
[0.04943913]
656
[0.35307067]
657
[0.0545117]
658
[0.05304629]
659
[0.02987337]
660
[0.16465969]
661
[0.1610364]
662
[0.04364192]
663
[0.18857339]
664
[0.10378845]
665
[0.05448188]
666
[0.13929667]
667
[0.07914339]
668
[0.11900626]
669
[0.01827885]
670
[0.38568026]
671
[0.12770215]
672
[0.22477748]
673
[0.03494597]
674
[0.04433493]
675
[0.05378706]
676
[0.06242947]
677
[0.16537223]
678
[0.05161309]
679
[0.38495561]
680
[0.24293049]
681
[0.10596242]
682
[0.05161309]
683
[0.30959122]
684
[0.02335145]
685
[0.05376084]
686
[0.05378705]
687
[0.05439177]
688
[0.04291721]
689
[0.05306241]
690
[0.09654187]
691
[0.06103366]
692
[0.23929942]
693
[0.18639942]
694
[0.12697749]
695
[0.0805994]
696
[0.37336109]
697
[0.26393778]
698
[0.25234326]
699
[0.07915009]
700
[0.38205698]
701
[0.05013316]
702
[0.34002683]
703
[0.06683091]
704
[0.02552542]
705
[0.0639524]
706
[0.05013368]
707
[0.05593474]
708
[0.3559693]
709
[0.31683779]
710
[0.38423095]
711
[0.37120989]
712
[0.0755268]
713
[0.06755555]
714
[0.23205285]
715
[0.08929529]
716
[0.05668563]
717
[0.13857201]
718
[0.07842543]
719
[0.04943913]
720
[0.34292547]
721
[0.29002546]
722
[0.30234464]
723
[0.05596104]
724
[0.05885968]
725
[0.05378707]
726
[0.05016378]
727
[0.06602828]
728
[0.05306242]
729
[0.35669395]
730
[0.0600298]
731
[0.05451172]
732
[0.3081419]
733
[0.25234326]
734
[0.32625834]
735
[0.2943734]
736
[0.14581859]
737
[0.04723799]
738
[0.13422407]
739
[0.04290851]
740
[0.03856928]
741
[0.05233778]
742
[0.28205422]
743
[0.05448727]
744
[0.10161448]
745
[0.27263368]
746
[0.05378707]
747
[0.18205147]
748
[0.06900487]
749
[0.37481037]
750
[0.05378701]
751
[0.05376598]
752
[0.05088843]
753
[0.085672]
754
[0.37988299]
755
[0.33133094]
756
[0.09146927]
757
[0.03204734]
758
[0.04726509]
759
[0.05232854]
760
[0.07842543]
761
[0.05158141]
762
[0.06175826]
763
[0.34653634]
764
[0.15016653]
765
[0.38205694]
766
[0.02552539]
767
[0.05013498]
768
[0.05016381]
769
[0.25741587]
770
[0.05378708]
771
[0.05016371]
772
[0.08277338]
773
[0.05088837]
774
[0.05013331]
775
[0.18641883]
776
[0.25741586]
777
[0.1559638]
778
[0.04871449]
779
[0.15523914]
780
[0.04581583]
781
[0.05448136]
782
[0.22625559]
783
[0.15813777]
784
[0.12842681]
785
[0.05295448]
786
[0.07262817]
787
[0.16973229]
788
[0.38423094]
789
[0.18060216]
790
[0.06175822]
791
[0.35307067]
792
[0.3508967]
793
[0.21248709]
794
[0.20451586]
795
[0.13277475]
796
[0.06320761]
797
[0.36466519]
798
[0.38350629]
799
[0.18784573]
800
[0.04364189]
801
[0.0617583]
802
[0.25741586]
803
[0.05088844]
804
[0.04291716]
805
[0.05016382]
806
[0.38495561]
807
[0.0429172]
808
[0.17045695]
809
[0.20814344]
810
[0.04581585]
811
[0.30524327]
812
[0.0697295]
813
[0.0429105]
814
[0.29727203]
815
[0.11393365]
816
[0.24437203]
817
[0.05161305]
818
[0.24219806]
819
[0.2943734]
820
[0.38205804]
821
[0.34582409]
822
[0.04361267]
823
[0.06465708]
824
[0.05813506]
825
[0.04291718]
826
[0.04798981]
827
[0.05523638]
828
[0.08204872]
829
[0.05378704]
830
[0.07262814]
831
[0.06755557]
832
[0.05378706]
833
[0.07697611]
834
[0.05088844]
835
[0.166109]
836
[0.05378706]
837
[0.0516131]
838
[0.29582623]
839
[0.05088838]
840
[0.17772973]
841
[0.25669121]
842
[0.08349803]
843
[0.28785149]
844
[0.11393365]
845
[0.07770078]
846
[0.06972953]
847
[0.02842405]
848
[0.05088841]
849
[0.04871444]
850
[0.17915284]
851
[0.05088844]
852
[0.0516131]
853
[0.05233762]
854
[0.05451173]
855
[0.05958433]
856
[0.04291704]
857
[0.0755268]
858
[0.07480214]
859
[0.26973504]
860
[0.06538159]
861
[0.18205147]
862
[0.05088839]
863
[0.29798625]
864
[0.04796412]
865
[0.32408437]
866
[0.21538572]
867
[0.35452]
868
[0.08712132]
869
[0.14436927]
870
[0.05306235]
871
[0.09509749]
872
[0.05448828]
873
[0.27915559]
874
[0.06030899]
875
[0.37118711]
876
[0.05306235]
877
[0.05378707]
878
[0.22477953]
879
[0.08204872]
880
[0.36394054]
881
[0.07117885]
882
[0.37336106]
883
[0.0429172]
884
[0.31756245]
885
[0.07335283]
886
[0.32553368]
887
[0.04943904]
888
[0.04723788]
889
[0.12190489]
890
[0.07335284]
891
[0.04726518]
892
[0.04705624]
893
[0.06828018]
894
[0.12045557]
895
[0.27408299]
896
[0.05378698]
897
[0.05233781]
898
[0.04366985]
899
[0.27915559]
900
[0.05085861]
901
[0.05523635]
902
[0.11103502]
903
[0.06828022]
904
[0.0429171]
905
[0.17190626]
906
[0.17552955]
907
[0.0943679]
908
[0.19944325]
909
[0.16683366]
910
[0.08277338]
911
[0.25016929]
912
[0.05088844]
913
[0.05665823]
914
[0.04436652]
915
[0.32118574]
916
[0.30669258]
917
[0.13494873]
918
[0.08422269]
919
[0.06900487]
920
[0.38132373]
921
[0.28712683]
922
[0.06755555]
923
[0.30017067]
924
[0.07262817]
925
[0.38133232]
926
[0.05013465]
927
[0.05375832]
928
[0.37915835]
929
[0.06610625]
930
[0.05451173]
931
[0.04436652]
932
[0.05448097]
933
[0.05303323]
934
[0.0168022]
935
[0.05378706]
936
[0.04478964]
937
[0.32915697]
938
[0.38495561]
939
[0.38571119]
940
[0.05882808]
941
[0.05014447]
942
[0.19147202]
943
[0.05016373]
944
[0.1610364]
945
[0.25669121]
946
[0.15378982]
947
[0.06972954]
948
[0.05088844]
949
[0.19437065]
950
[0.2704597]
951
[0.26756107]
952
[0.18929805]
953
[0.06103364]
954
[0.04929117]
955
[0.04291713]
956
[0.21176243]
957
[0.2893008]
958
[0.04412944]
959
[0.0537822]
960
[0.38278164]
961
[0.0428898]
962
[0.30741724]
963
[0.0646569]
964
[0.04871447]
965
[0.27988025]
966
[0.05158206]
967
[0.16031174]
968
[0.05223164]
969
[0.0429172]
970
[0.07407748]
971
[0.05958435]
972
[0.36104189]
973
[0.13060078]
974
[0.06610625]
975
[0.2226323]
976
[0.05233777]
977
[0.31176519]
978
[0.07262817]
979
[0.30234464]
980
[0.04565647]
981
[0.15668845]
982
[0.15958708]
983
[0.05448119]
984
[0.05144971]
985
[0.04509118]
986
[0.17915284]
987
[0.02190213]
988
[0.05813483]
989
[0.07697611]
990
[0.05161306]
991
[0.20451586]
992
[0.05378706]
993
[0.11175968]
994
[0.24944463]
995
[0.05306237]
996
[0.19002271]
997
[0.38495561]
998
[0.04355151]
999
[1] 0.1533706
[1] 0.1533706
[1] 0.1533706
[0.11683229]
1e-05
0
[0.05408251]
1
[0.13237049]
2
[0.05328316]
3
[0.05305074]
4
[0.04792734]
5
[0.05005473]
6
[0.3210192]
7
[0.13599667]
8
[0.0566118]
9
[0.06173817]
10
[0.35120006]
11
[0.05445847]
12
[0.06170695]
13
[0.06229137]
14
[0.04640098]
15
[0.29425449]
16
[0.3450267]
17
