LOADING R
R LOADED
[1] "/home/lvanderl/Rlibs2"                         
[2] "/app/software/R/4.3.1-gfbf-2022b/lib/R/library"
[1] "/home/lvanderl/sieveSims"
[1] "rf 1 2"
[1] 0.07271997
[1] 0.07271997
[1] 0.07271997
21.306122448979593
[0.17296806]
[0.16533097]
[0.16724423]
[0.17137036]
[0.16870192]
[0.17609258]
[0.17764907]
[0.15156534]
[0.1741906]
[0.16789304]
[0.17177458]
[0.17528285]
[0.16784365]
[0.16114257]
[0.16229981]
[0.1542449]
[0.1759168]
[0.17660375]
[0.17511173]
[0.12646134]
[0.12755546]
[0.16801776]
[0.16147293]
[0.15978608]
[0.17022679]
[0.17334585]
[0.16544121]
[0.15186292]
[0.16550333]
[0.16557255]
[0.16596581]
[0.14839582]
[0.17511073]
[0.1622043]
[0.1723938]
[0.1505006]
[0.15845632]
[0.16304259]
[0.16516284]
[0.16778356]
[0.16438881]
[0.14891771]
[0.15786682]
[0.16735695]
[0.15872027]
[0.16080978]
[0.1663802]
[0.1725325]
[0.15569638]
[0.16154435]
[0.17763502]
[0.17764691]
[0.15650886]
[0.15404932]
[0.13635413]
[0.17761087]
[0.1673841]
[0.16030872]
[0.16055961]
[0.16969645]
[0.15577663]
[0.16959952]
[0.16992789]
[0.13817825]
[0.16897795]
[0.15405821]
[0.16199683]
[0.16001479]
[0.12962006]
[0.1414143]
[0.17316248]
[0.16813442]
[0.16856538]
[0.16733479]
[0.17492349]
[0.13883273]
[0.16798284]
[0.16096378]
[0.17757678]
[0.177608]
[0.16633786]
[0.17763561]
[0.16791857]
[0.167328]
[0.16058418]
[0.16177218]
[0.15178182]
[0.16663924]
[0.16844278]
[0.16950549]
[0.17752106]
[0.16824008]
[0.16581273]
[0.16674332]
[0.16139804]
[0.17308206]
[0.16111913]
[0.17383758]
[0.17598922]
[0.14645427]
[0.1691294]
[0.16152378]
[0.16605043]
[0.13657693]
[0.16617934]
[0.15378917]
[0.1666021]
[0.16735561]
[0.12465331]
[0.16550684]
[0.16960357]
[0.1272605]
[0.16329311]
[0.17591407]
[0.16188202]
[0.16344885]
[0.16873029]
[0.17575494]
[0.17683459]
[0.17528005]
[0.16839463]
[0.1744325]
[0.16804618]
[0.17072226]
[0.17388537]
[0.13720335]
[0.17765248]
[0.17693449]
[0.15827061]
[0.17765187]
[0.16505783]
[0.1664652]
[0.17681866]
[0.17296014]
[0.14293015]
[0.1682051]
[0.16921091]
[0.17706737]
[0.16403071]
[0.15637406]
[0.17372082]
[0.17151466]
[0.1527735]
[0.17765114]
[0.16535919]
[0.16940865]
[0.17613799]
[0.16589921]
[0.15638163]
[0.17441331]
[0.13373802]
[0.16956213]
[0.16393172]
[0.16220747]
[0.17764563]
[0.15849208]
[0.17303631]
[0.16211258]
[0.16103366]
[0.17710826]
[0.15758804]
[0.17751534]
[0.1644638]
[0.1329906]
[0.1549466]
[0.16374742]
[0.16274802]
[0.16249009]
[0.16716023]
[0.16167589]
[0.17764541]
[0.17761519]
[0.16545079]
[0.1774317]
[0.17758894]
[0.16108376]
[0.17758217]
[0.17663525]
[0.17633209]
[0.16327905]
[0.17691784]
[0.1675798]
[0.17753677]
[0.17765052]
[0.16999882]
[0.1728061]
[0.16487028]
[0.17238927]
[0.12937094]
[0.16859976]
[0.1716728]
[0.16005071]
[0.16832948]
[0.13628408]
[0.17225777]
[0.16223919]
[0.16323086]
[0.17456369]
[0.15849371]
[0.17423839]
[0.17209377]
[0.17314001]
[0.17757686]
[0.15676598]
[0.15722738]
[0.15782239]
[0.13736737]
[0.17710826]
[0.13497872]
[0.15997382]
[0.17764133]
[0.15805059]
[0.16640232]
[0.17663187]
[0.17758439]
[0.16800388]
[0.17765151]
[0.14844032]
[0.16722373]
[0.16350688]
[0.16140068]
[0.16995808]
[0.15404932]
[0.17381412]
[0.17606405]
[0.14299113]
[0.16737073]
[0.1670443]
[0.17758053]
[0.17764972]
[0.15608072]
[0.16230152]
[0.12694691]
[0.17666798]
[0.16072051]
[0.17635466]
[0.13357842]
[0.17685192]
[0.13910383]
[0.16551551]
[0.16258947]
[0.1680893]
[0.17730654]
[0.1658129]
[0.16068472]
[0.1742085]
[0.1658022]
[0.17763334]
[0.17628602]
[0.1563255]
[0.15764763]
[0.17627934]
[0.17687749]
[0.15623656]
[0.17356343]
[0.14473175]
[0.17555224]
[0.1576274]
[0.1627836]
[0.17759895]
[0.15585133]
[0.16869419]
[0.16680763]
[0.15442802]
[0.14052637]
[0.16053297]
[0.14486732]
[0.16085646]
[0.15630678]
[0.17074861]
[0.16112497]
[0.17387025]
[0.16292267]
[0.16464583]
[0.13321496]
[0.12608466]
[0.14209501]
[0.17730914]
[0.16245809]
[0.17687968]
[0.16631755]
[0.17471153]
[0.16627058]
[0.16189369]
[0.17764947]
[0.17762741]
[0.14886286]
[0.16437386]
[0.15860882]
[0.16774657]
[0.16973646]
[0.15734345]
[0.16199083]
[0.17336401]
[0.17666894]
[0.17589312]
[0.17764646]
[0.1611025]
[0.17681539]
[0.14896856]
[0.17603991]
[0.15614671]
[0.17446021]
[0.16409432]
[0.13579856]
[0.17532293]
[0.16615511]
[0.1739945]
[0.1772046]
[0.14169944]
[0.1659691]
[0.16853154]
[0.15560158]
[0.13043274]
[0.1773979]
[0.16942919]
[0.14786809]
[0.17275831]
[0.17118839]
[0.16262772]
[0.16426644]
[0.17411648]
[0.12507276]
[0.14334338]
[0.17501692]
[0.17737737]
[0.14814697]
[0.17088157]
[0.16314238]
[0.13215433]
[0.1346208]
[0.17756861]
[0.16572311]
[0.13504187]
[0.17753502]
[0.17020917]
[0.15158373]
[0.17698852]
[0.13451262]
[0.17423314]
[0.1509627]
[0.16016151]
[0.1735747]
[0.16889588]
[0.17764151]
[0.17710826]
[0.13050458]
[0.17328343]
[0.13667695]
[0.15877]
[0.14790549]
[0.12537885]
[0.16713711]
[0.15423438]
[0.177275]
[0.17694531]
[0.16108505]
[0.17664672]
[0.12999758]
[0.17398791]
[0.15576355]
[0.16126559]
[0.15846227]
[0.16021628]
[0.15651992]
[0.1249766]
[0.17122169]
[0.16976761]
[0.15743514]
[0.17760909]
[0.17751755]
[0.17622337]
[0.15981274]
[0.16233277]
[0.17404645]
[0.17262256]
[0.16722585]
[0.16334877]
[0.1629252]
[0.15767864]
[0.11898913]
[0.15960471]
[0.13477832]
[0.17354397]
[0.16402819]
[0.16029997]
[0.17764975]
[0.17655778]
[0.15541739]
[0.17359544]
[0.17742136]
[0.16763321]
[0.15830902]
[0.16156144]
[0.16762553]
[0.13887761]
[0.12931894]
[0.16762794]
[0.16441964]
[0.1728049]
[0.15757378]
[0.17763053]
[0.15468314]
[0.11653538]
[0.16862304]
[0.1468822]
[0.17666676]
[0.17752656]
[0.17313078]
[0.15958089]
[0.16102503]
[0.14609253]
[0.16169268]
[0.17475873]
[0.17550812]
[0.17649546]
[0.1670325]
[0.15903803]
[0.15051096]
[0.1252761]
[0.17661716]
[0.1338902]
[0.17462584]
[0.16209998]
[0.13130321]
[0.15482071]
[0.17665699]
[0.15986233]
[0.15376658]
[0.17171662]
[0.17269169]
[0.15673256]
[0.16623486]
[0.17760885]
[0.1576342]
[0.15725396]
[0.13742236]
[0.16634971]
[0.17625933]
[0.16247193]
[0.1776411]
[0.16194201]
[0.17398868]
[0.16605421]
[0.15966405]
[0.13419883]
[0.17757383]
[0.16208486]
[0.17322985]
[0.17638182]
[0.17764476]
[0.17765297]
[0.15371464]
[0.15836486]
[0.170699]
[0.17106524]
[0.17031574]
[0.17715515]
[0.17680865]
[0.17761351]
[0.16714692]
[0.17546119]
[0.16052373]
[0.16797004]
[0.17235905]
[0.15215784]
[0.15580569]
[0.16923499]
[0.13224721]
[0.16059336]
[0.15863116]
[0.17754083]
[0.16046844]
[0.17543791]
[0.1705586]
[0.13125949]
[0.15843314]
[0.1754036]
[0.16734514]
[0.1775722]
[0.15999226]
[0.172447]
[0.17503646]
[0.16343807]
[0.16763098]
[0.17749562]
[0.15737918]
[0.17669729]
[0.15941146]
[0.17704081]
[0.14067299]
[0.17756804]
[0.17703868]
[0.15623863]
[0.1640456]
[0.16704208]
[0.16063717]
[0.1767647]
[0.1703662]
[1] 2500   11
[1] 2500   11
[0.17404646]
