LOADING R
R LOADED
[1] "/home/lvanderl/Rlibs2"                         
[2] "/app/software/R/4.3.1-gfbf-2022b/lib/R/library"
[1] "/home/lvanderl/sieveSims"
[1] "xg 5 3"
[1] 0.1592275
[1] 0.1592275
[1] 0.1592275
200.0
[0.21357281]
[0.33601075]
[0.1607833]
[0.31674732]
[0.2863301]
[0.20911256]
[0.25142512]
[0.33376225]
[0.27308218]
[0.25483551]
[0.22805771]
[0.23330866]
[0.30574321]
[0.16734262]
[0.31762329]
[0.36693324]
[0.2682276]
[0.34491513]
[0.33975893]
[0.38912749]
[0.28425798]
[0.27041759]
[0.26963902]
[0.26961338]
[0.2465841]
[0.36505915]
[0.1985956]
[0.21928877]
[0.18677877]
[0.28097606]
[0.17557094]
[0.34987147]
[0.18327239]
[0.33817095]
[0.30492791]
[0.14016831]
[0.17566744]
[0.2027292]
[0.32207901]
[0.32476621]
[0.22569384]
[0.19357988]
[0.28959178]
[0.2872844]
[0.36839917]
[0.19556048]
[0.14297944]
[0.28433932]
[0.21606897]
[0.27436443]
[0.19155196]
[0.30508826]
[0.19101204]
[0.15141285]
[0.19732806]
[0.30040303]
[0.22823079]
[0.24090116]
[0.31352167]
[0.33975893]
[0.22075419]
[0.12986081]
[0.38286301]
[0.26735948]
[0.30696235]
[0.27365248]
[0.15422398]
[0.29224125]
[0.20576147]
[0.17296489]
[0.15249777]
[0.31986341]
[0.2474862]
[0.25115476]
[0.3164586]
[0.32848004]
[0.34705201]
[0.35279343]
[0.29766286]
[0.33596305]
[0.29253461]
[0.30088809]
[0.26086063]
[0.24219161]
[0.26104714]
[0.30611431]
[0.28309937]
[0.25050019]
[0.24980259]
[0.17575975]
[0.23080503]
[0.25867646]
[0.28237407]
[0.28648934]
[0.32239144]
[0.25665984]
[0.20857261]
[0.41677706]
[0.4102036]
[0.26219909]
[0.20005909]
[0.36224802]
[0.22401302]
[0.29032503]
[0.29571781]
[0.2817843]
[0.14595337]
[0.30774811]
[0.25542486]
[0.12028801]
[0.3967007]
[0.25730226]
[0.30952739]
[0.32569523]
[0.21438098]
[0.19165065]
[0.26072755]
[0.15890921]
[0.29667169]
[0.08488264]
[0.36599674]
[0.3118116]
[0.27018185]
[0.27535596]
[0.39598164]
[0.15797217]
[0.21380404]
[0.25448782]
[0.16921671]
[0.20950965]
[0.27726088]
[0.19628216]
[0.38833571]
[0.20003983]
[0.26198418]
[0.32289212]
[0.10459818]
[0.27819871]
[0.3446629]
[0.17671307]
[0.36254467]
[0.2778351]
[0.16847048]
[0.31726985]
[0.33788484]
[0.16277005]
[0.29478076]
[0.28546421]
[0.22994408]
[0.20426983]
[0.29520343]
[0.23199873]
[0.17577602]
[0.36217314]
[0.12892376]
[0.18952289]
[0.31113401]
[0.27603986]
[0.32028962]
[0.33132552]
[0.18514648]
[0.2154006]
[0.35671757]
[0.20415667]
[0.17465521]
[0.23293578]
[0.24324328]
[0.24373807]
[0.15331848]
[0.37735976]
[0.29384372]
[0.17187361]
[0.27135463]
[0.11018286]
[0.33173712]
[0.19577532]
[0.24371512]
[0.33066652]
[0.13094273]
[0.17167113]
[0.14207488]
[0.2291876]
[0.27603986]
[0.26759866]
[0.32480939]
[0.12423854]
[0.25448782]
[0.23511267]
[0.43247628]
[0.32223981]
[0.24230623]
[0.17927837]
[0.26840571]
[0.19639102]
[0.2912593]
[0.16007969]
[0.19169073]
[0.20612662]
[0.24458383]
[0.23937823]
[0.21325783]
[0.3744296]
[0.28921474]
[0.28915849]
[0.23267335]
[0.14099612]
[0.33179387]
[0.26198418]
[0.31176829]
[0.37576596]
[0.31258462]
[0.23106169]
[0.15048937]
[0.25650563]
[0.27791395]
[0.3453812]
[0.41173491]
[0.25234415]
[0.41011247]
[0.22127495]
[0.19465004]
[0.3163328]
[0.33132552]
[0.18514648]
[0.39569681]
[0.34641343]
[0.30478388]
[0.25636191]
[0.21811402]
[0.29196963]
[0.17260206]
[0.35300965]
[0.27087794]
[0.33246131]
[0.30415121]
[0.18551631]
[0.33413666]
[0.30709028]
[0.31811809]
[0.21429769]
[0.23293578]
[0.37329011]
[0.191008]
[0.26975092]
[0.25931423]
[0.31227448]
[0.20796992]
[0.28262728]
[0.24324328]
[0.17264411]
[0.30883644]
[0.23574692]
[0.2481962]
[0.21209072]
[0.2738326]
[0.29915739]
[0.18754461]
[0.25917305]
[0.16273959]
[0.25141821]
[0.31737492]
[0.31164758]
[0.28388433]
[0.21981715]
[0.21981715]
[0.17483898]
[0.11468774]
[0.32476621]
[0.16225597]
[0.26716159]
[0.24491317]
[0.25210612]
[0.2291876]
[0.2335754]
[0.27878971]
[0.15620618]
[0.23261221]
[0.3163328]
[0.17034021]
[0.15508697]
[0.4707504]
[0.27612235]
[0.18232199]
[0.3009786]
[0.21011057]
[0.21445031]
[0.31071053]
[0.17506027]
[0.31822808]
[0.26011009]
[0.17858716]
[0.30321417]
[0.15758539]
[0.34867089]
[0.26234211]
[0.27677675]
[0.26385827]
[0.17050968]
[0.2211222]
[0.25625231]
[0.31264457]
[0.29148977]
[0.30696235]
[0.26570559]
[0.2376135]
[0.19154608]
[0.27525871]
[0.19398629]
[0.36865021]
[0.24418032]
[0.19357988]
[0.23762101]
[0.20169986]
[0.37518746]
[0.22062808]
[0.29571781]
[0.43225279]
[0.16640557]
[0.30415121]
[0.1292767]
[0.23271691]
[0.28576349]
[0.38992057]
[0.30040303]
[0.25456539]
[0.31445871]
[0.33319961]
[0.23915073]
[0.27416577]
[0.13079786]
[0.25322789]
[0.24043214]
[0.22770316]
[0.28595833]
[0.31726985]
[0.26342819]
[0.30925691]
[0.23776675]
[0.20576147]
[0.10334681]
[0.17160564]
[0.3729997]
[0.24327452]
[0.222203]
[0.35694126]
[0.26479532]
[0.33413666]
[0.33554644]
[0.11861627]
[0.2663279]
[0.28078708]
[0.14297944]
[0.24479939]
[0.16898233]
[0.16546853]
[0.28634736]
[0.21675994]
[0.25800703]
[0.35943688]
[0.27135463]
[0.13709712]
[0.25456325]
[0.22842561]
[0.14016831]
[0.30321417]
[0.25886512]
[0.21476674]
[0.30696235]
[0.30888083]
[0.13267195]
[0.20577215]
[0.25636191]
[0.18046125]
[0.21917326]
[0.22311967]
[0.17236814]
[0.3744296]
[0.2769769]
[0.22209993]
[0.23093455]
[0.24230623]
[0.28072508]
[0.26790996]
[0.13923126]
[0.20186564]
[0.1839804]
[0.19264284]
[0.2290815]
[0.27149137]
[0.26257163]
[0.14848049]
[0.27066445]
[0.20883651]
[0.21304569]
[0.34407249]
[0.19076875]
[0.32222674]
[0.2394951]
[0.32570325]
[0.34350711]
[0.28353622]
[0.37597509]
[0.10830877]
[0.30241885]
[0.23293578]
[0.34782943]
[0.35849983]
[0.35199667]
[0.17390193]
[0.29874276]
[0.27363102]
[0.18420781]
[0.22278173]
[0.2690224]
[0.21487157]
[0.16462554]
[0.32862547]
[0.32570892]
[0.25079889]
[0.21794306]
[0.20231107]
[0.34725529]
[0.29387229]
[0.15890921]
[0.19785217]
[0.24554755]
[0.23484647]
[0.34754058]
[0.33038848]
[0.42596316]
[0.32851439]
[0.21353152]
[0.35161862]
[0.25098266]
[0.23570829]
[0.27459164]
[0.25466924]
[0.28353622]
[0.1795242]
[0.32355799]
[0.26793351]
[0.36505915]
[0.26503794]
[0.30857336]
[0.2828632]
[0.21505306]
[0.22289096]
[0.26827783]
[0.35849983]
[0.28915849]
[0.24697074]
[0.22013769]
[0.27006997]
[0.21794306]
[0.18622024]
[0.24770299]
[0.28119726]
[0.33882189]
[0.36974438]
[0.27286852]
[0.23420387]
[0.20388738]
[0.14672762]
[0.21646328]
[0.30264443]
[0.33312534]
[0.29852894]
[0.14016831]
[0.33459714]
[0.25680379]
[0.30789939]
[0.34163302]
[0.28483821]
[0.19076875]
[0.15890921]
[0.34569043]
[0.20919565]
[0.33132552]
[0.11580513]
[0.3369478]
[0.37911483]
[0.24717565]
[0.30706685]
[0.20107624]
[0.32749851]
[0.23502416]
[0.25681622]
[0.35194052]
[0.32481317]
[0.21014905]
[0.33132552]
[0.25917305]
[0.32677076]
[0.34998593]
[0.17022846]
[0.28072508]
[0.2349999]
[0.28817623]
[0.23461372]
[1] 2500   11
[1] 2500   11
[0.33430848]
