LOADING R
R LOADED
[1] "/home/lvanderl/Rlibs2"                         
[2] "/app/software/R/4.3.1-gfbf-2022b/lib/R/library"
[1] "/home/lvanderl/sieveSims"
[1] "xg 5 2"
[1] "histogram binning"
[1] 0.2019368
[1] 0.2019368
[1] "mondrian"
[1] "iso"
[1] 0.2019368
[1] "conditional"
[   10.            11.51395399    13.25711366    15.26417967
    17.57510625    20.23589648    23.29951811    26.82695795
    30.88843596    35.56480306    40.94915062    47.14866363
    54.28675439    62.50551925    71.9685673     82.86427729
    95.40954763   109.8541142    126.48552169   145.63484775
   167.68329368   193.06977289   222.29964825   255.95479227
   294.70517026   339.32217719   390.69399371   449.8432669
   517.94746792   596.36233166   686.648845     790.60432109
   910.29817799  1048.11313415  1206.79264064  1389.49549437
  1599.85871961  1842.06996933  2120.95088792  2442.05309455
  2811.76869797  3237.45754282  3727.59372031  4291.93426013
  4941.71336132  5689.86602902  6551.2855686   7543.12006335
  8685.11373751 10000.        ]
[0.2247194  0.22541312 0.22469696 0.22980967 0.22725636 0.22965447
 0.23062945 0.22800171 0.23998095 0.22663621 0.23690486 0.22822137
 0.24141513 0.23976997 0.24525517 0.24605939 0.23831631 0.23940625
 0.24856065 0.23177219 0.26221968 0.27399022 0.28202159 0.28927606
 0.29144314 0.37241523 0.32188848 0.37611978 0.35838296 0.39133886
 0.44614698 0.42227728 0.40087342 0.62324514 0.7340417  0.79564836
 0.85029035 0.69478391 0.84613203 1.28816582 1.15878788 1.65076866
 1.4912191  1.55015673 1.71352991 2.15700252 2.0390286  2.5362873
 2.52524044 3.51730405]
13.257113655901088
0.07543120063354619
0
[0.22598991]
1
[0.17946823]
2
[0.19501692]
3
[0.19766256]
4
[0.18148824]
5
[0.13318912]
6
[0.17362712]
7
[0.24445061]
8
[0.06780051]
9
[0.11916291]
10
[0.17673773]
11
[0.1372132]
12
[0.19196369]
13
[0.20885033]
14
[0.28581924]
15
[0.24449813]
16
[0.22168414]
17
[0.16049711]
18
[0.20282473]
19
[0.16011178]
20
[0.17672417]
21
[0.1243032]
22
[0.13841512]
23
[0.18667582]
24
[0.14905958]
25
[0.19749928]
26
[0.13062184]
27
[0.17225381]
28
[0.16141489]
29
[0.20224226]
30
[0.13552548]
31
[0.21721975]
32
[0.18941131]
33
[0.17187895]
34
[0.15855028]
35
[0.12258882]
36
[0.15321779]
37
[0.12749381]
38
[0.21818081]
39
[0.11990844]
40
[0.14979566]
41
[0.19933874]
42
[0.27855691]
43
[0.14928411]
44
[0.12100337]
45
[0.14923275]
46
[0.21038446]
47
[0.20951063]
48
[0.14314175]
49
[0.17036169]
50
[0.15655097]
51
[0.10428868]
52
[0.1644825]
53
[0.13030277]
54
[0.19558865]
55
[0.16807898]
56
[0.14797935]
57
[0.21133715]
58
[0.14878092]
59
[0.08480988]
60
[0.1182076]
61
[0.13559774]
62
[0.16358449]
63
[0.16326742]
64
[0.17522606]
65
[0.11360034]
66
[0.17495548]
67
[0.11774976]
68
[0.16013298]
69
[0.16671487]
70
[0.20221785]
71
[0.13093053]
72
[0.16098266]
73
[0.13737817]
74
[0.22307233]
75
[0.17362515]
76
[0.17107924]
77
[0.19282372]
78
[0.18800209]
79
[0.15938197]
80
[0.17010437]
81
[0.18737243]
82
[0.07382646]
83
[0.18539881]
84
[0.18751539]
85
[0.16952471]
86
[0.14234593]
87
[0.27434343]
88
[0.24430934]
89
[0.16395901]
90
[0.16249848]
91
[0.20475979]
92
[0.13797689]
93
[0.24949741]
94
[0.12743882]
95
[0.16259557]
96
[0.1938938]
97
[0.14518184]
98
[0.16397678]
99
[0.15439899]
100
[0.1580158]
101
[0.20476981]
102
[0.15571218]
103
[0.20788521]
104
[0.1595898]
105
[0.206071]
106
[0.16985846]
107
[0.14604679]
108
[0.13738041]
109
[0.13225092]
110
[0.1102942]
111
[0.13906187]
112
[0.12367951]
113
[0.22728063]
114
[0.17124874]
115
[0.09562449]
116
[0.18334573]
117
[0.15239598]
118
[0.19607321]
119
[0.11821273]
120
[0.19159562]
121
[0.12721287]
122
[0.13105865]
123
[0.14619789]
124
[0.17027723]
125
[0.1630058]
126
[0.18770175]
127
[0.17885078]
128
[0.13395788]
129
[0.16481244]
130
[0.25766217]
131
[0.12296075]
132
[0.14191077]
133
[0.12373032]
134
[0.1333689]
135
[0.0897154]
136
[0.24719795]
137
[0.24184456]
138
[0.11638189]
139
[0.09617685]
140
[0.19428151]
141
[0.12850897]
142
[0.20836546]
143
[0.14862198]
144
[0.2142376]
145
[0.20474455]
146
[0.14729019]
147
[0.17532359]
148
[0.18976526]
149
[0.20794834]
150
[0.09580082]
151
[0.17728652]
152
[0.12353418]
153
[0.138328]
154
[0.16709772]
155
[0.13100696]
156
[0.18991637]
157
[0.22672771]
158
[0.13497631]
159
[0.07962914]
160
[0.12592309]
161
[0.186265]
162
[0.17266074]
163
[0.17018341]
164
[0.1302108]
165
[0.20382365]
166
[0.10490134]
167
[0.10550485]
168
[0.11538692]
169
[0.20013015]
170
[0.13717066]
171
[0.2374095]
172
[0.22254039]
173
[0.27266158]
174
[0.22138079]
175
[0.18495218]
176
[0.1585089]
177
[0.15425498]
178
[0.16753109]
179
[0.13800571]
180
[0.15104539]
181
[0.1592571]
182
[0.16916548]
183
[0.16570317]
184
[0.12005024]
185
[0.17049667]
186
[0.1008083]
187
[0.18616655]
188
[0.10647262]
189
[0.16883689]
190
[0.27238874]
191
[0.13611991]
192
[0.1858916]
193
[0.15938473]
194
[0.25704262]
195
[0.1830917]
196
[0.18547661]
197
[0.24218335]
198
[0.21374845]
199
[0.20842059]
200
[0.17000525]
201
[0.1685687]
202
[0.0823373]
203
[0.14469636]
204
[0.14750822]
205
[0.28975014]
206
[0.20393865]
207
[0.12223872]
208
[0.13157177]
209
[0.17177057]
210
[0.18661376]
211
[0.11404085]
212
[0.21033031]
213
[0.20750299]
214
[0.12581335]
215
[0.1255104]
216
[0.14811855]
217
[0.14598361]
218
[0.14273365]
219
[0.20457628]
220
[0.19195508]
221
[0.11801608]
222
[0.15988034]
223
[0.13663765]
224
[0.24495362]
225
[0.1057521]
226
[0.16160791]
227
[0.25866565]
228
[0.22596742]
229
[0.19273696]
230
[0.17936752]
231
[0.15688994]
232
[0.14800753]
233
[0.18428729]
234
[0.11251864]
235
[0.12811795]
236
[0.19784646]
237
[0.14704362]
238
[0.11263963]
239
[0.22904062]
240
[0.18824447]
241
[0.12826892]
242
[0.19412614]
243
[0.11415148]
244
[0.17612478]
245
[0.12428186]
246
[0.18437937]
247
[0.10977713]
248
[0.14428466]
249
[0.20191358]
250
[0.18442155]
251
[0.08841558]
252
[0.17660506]
253
[0.18488367]
254
[0.16437295]
255
[0.20867821]
256
[0.22233756]
257
[0.14221217]
258
[0.12437217]
259
[0.21526307]
260
[0.16088423]
261
[0.13157425]
262
[0.16662222]
263
[0.21395543]
264
[0.1134666]
265
[0.24753974]
266
[0.15017627]
267
[0.22330806]
268
[0.15150059]
269
[0.17999116]
270
[0.18240208]
271
[0.24044896]
272
[0.23782768]
273
[0.22509401]
274
[0.16574035]
275
[0.19165976]
276
[0.16683843]
277
[0.20254154]
278
[0.13062086]
279
[0.12432323]
280
[0.19016366]
281
[0.18000043]
282
[0.17400773]
283
[0.12111753]
284
[0.09648696]
285
[0.19896176]
286
[0.13879841]
287
[0.20141424]
288
[0.23962935]
289
[0.13393617]
290
[0.18729213]
291
[0.14104273]
292
[0.19635745]
293
[0.15713728]
294
[0.24147146]
295
[0.15486166]
296
[0.15707262]
297
[0.17833506]
298
[0.10220367]
299
[0.15139982]
300
[0.11619432]
301
[0.2473134]
302
[0.22364016]
303
[0.19354933]
304
[0.17424168]
305
[0.11210996]
306
[0.15072767]
307
[0.15751194]
308
[0.17933712]
309
[0.11086787]
310
[0.21189447]
311
[0.18135374]
312
[0.25466081]
313
[0.16796916]
314
[0.16789584]
315
[0.16800203]
316
[0.16306329]
317
[0.23861962]
318
[0.1660627]
319
[0.13250706]
320
[0.18215411]
321
[0.17530245]
322
[0.18307876]
323
[0.17235731]
324
[0.17712218]
325
[0.09003656]
326
[0.17787323]
327
[0.1157875]
328
[0.2048148]
329
[0.21330956]
330
[0.14683074]
331
[0.19855681]
332
[0.24118963]
333
[0.25366631]
334
[0.17145049]
335
[0.12678255]
336
[0.1951219]
337
[0.17735758]
338
[0.09376452]
339
[0.15910556]
340
[0.15835397]
341
[0.09239173]
342
[0.10831881]
343
[0.22726122]
344
[0.12176025]
345
[0.13545172]
346
[0.28366965]
347
[0.12415614]
348
[0.17998757]
349
[0.2599374]
350
[0.14755024]
351
[0.20865993]
352
[0.2927565]
353
[0.11455273]
354
[0.16554874]
355
[0.13983432]
356
[0.1808422]
357
[0.1569829]
358
[0.16776479]
359
[0.14196804]
360
[0.14574393]
361
[0.17091187]
362
[0.21362907]
363
[0.18105295]
364
[0.15691486]
365
[0.12853856]
366
[0.14620105]
367
[0.16319217]
368
[0.22781837]
369
[0.14949754]
370
[0.1556895]
371
[0.12064374]
372
[0.22193757]
373
[0.17297744]
374
[0.2175365]
375
[0.19066169]
376
[0.25427806]
377
[0.09104894]
378
[0.24898648]
379
[0.14019628]
380
[0.15838406]
381
[0.16934965]
382
[0.12894344]
383
[0.27772971]
384
[0.18445753]
385
[0.21251717]
386
[0.11273787]
387
[0.08874717]
388
[0.24738959]
389
[0.23328763]
390
[0.15913306]
391
[0.12562783]
392
[0.16026634]
393
[0.10631809]
394
[0.15921646]
395
[0.26324708]
396
[0.15206017]
397
[0.14992366]
398
[0.1764408]
399
[0.17505329]
400
[0.1076773]
401
[0.13444241]
402
[0.1403739]
403
[0.14458845]
404
[0.24082835]
405
[0.10702833]
406
[0.23207489]
407
[0.14543926]
408
[0.18518423]
409
[0.20697662]
410
[0.14943664]
411
[0.17186482]
412
[0.18562203]
413
[0.19414671]
414
[0.2760675]
415
[0.18874771]
416
[0.19765579]
417
[0.13596389]
418
[0.11397593]
419
[0.21633382]
420
[0.14534677]
421
[0.1881648]
422
[0.1072969]
423
[0.16530736]
424
[0.26173829]
425
[0.12909484]
426
[0.10644603]
427
[0.14423295]
428
[0.20670351]
429
[0.1662847]
430
[0.14067278]
431
[0.18226795]
432
[0.15030034]
433
[0.13485227]
434
[0.14096682]
435
[0.15584639]
436
[0.14365459]
437
[0.14019929]
438
[0.24954961]
439
[0.1735523]
440
[0.20987386]
441
[0.17741768]
442
[0.18804867]
443
[0.23127896]
444
[0.12664127]
445
[0.25115611]
446
[0.32356575]
447
[0.2183039]
448
[0.16001877]
449
[0.2525775]
450
[0.18263261]
451
[0.21973858]
452
[0.1491734]
453
[0.16316704]
454
[0.16583254]
455
[0.12397543]
456
[0.1873723]
457
[0.11006707]
458
[0.26577235]
459
[0.09204988]
460
[0.13453614]
461
[0.17984521]
462
[0.20567474]
463
[0.15943183]
464
[0.15898578]
465
[0.15527745]
466
[0.20594757]
467
[0.19520847]
468
[0.13901811]
469
[0.13805676]
470
[0.12028085]
471
[0.20489574]
472
[0.13298605]
473
[0.18609158]
474
[0.17191071]
475
[0.11633285]
476
[0.21733751]
477
[0.11450909]
478
[0.15639767]
479
[0.12799575]
480
[0.13460442]
481
[0.16034378]
482
[0.12363458]
483
[0.15224995]
484
[0.20528447]
485
[0.17556944]
486
[0.12463021]
487
[0.12568656]
488
[0.15905836]
489
[0.17280535]
490
[0.24694504]
491
[0.13371136]
492
[0.13610475]
493
[0.10665571]
494
[0.23044795]
495
[0.21222915]
496
[0.13437968]
497
[0.23115637]
498
[0.11750413]
499
[0.14607459]
500
[0.17245647]
501
[0.12810925]
502
[0.10747917]
503
[0.14566185]
504
[0.14465127]
505
[0.16198155]
506
[0.15865112]
507
[0.28244543]
508
[0.17764031]
509
[0.19908033]
510
[0.1545759]
511
[0.18169593]
512
[0.16517803]
513
[0.16530456]
514
[0.17139422]
515
[0.17025904]
516
[0.18320616]
517
[0.16146008]
518
[0.18063361]
519
[0.15114283]
520
[0.23945063]
521
[0.24073479]
522
[0.22681815]
523
[0.14456242]
524
[0.25155917]
525
[0.14273503]
526
[0.15860556]
527
[0.24244708]
528
[0.17386581]
529
[0.15247033]
530
[0.17770124]
531
[0.15780033]
532
[0.24542075]
533
[0.22133827]
534
[0.21706697]
535
[0.14900903]
536
[0.14716918]
537
[0.17827258]
538
[0.14216537]
539
[0.19080027]
540
[0.15151038]
541
[0.18423946]
542
[0.15038887]
543
[0.20869532]
544
[0.22168135]
545
[0.25531769]
546
[0.16957214]
547
[0.17044893]
548
[0.20658137]
549
[0.14547647]
550
[0.22757129]
551
[0.14945577]
552
[0.19911368]
553
[0.12216925]
554
[0.22719281]
555
[0.17320129]
556
[0.21535535]
557
[0.2946355]
558
[0.110908]
559
[0.08355886]
560
[0.1591546]
561
[0.11500988]
562
[0.12148862]
563
[0.13432949]
564
[0.15016255]
565
[0.16827952]
566
[0.1952646]
567
[0.14616641]
568
[0.13059327]
569
[0.18197184]
570
[0.16803357]
571
[0.11446966]
572
[0.18538672]
573
[0.08159841]
574
[0.17488311]
575
[0.15619695]
576
[0.15371339]
577
[0.1838235]
578
[0.16223073]
579
[0.13459723]
580
[0.17990063]
581
[0.15115416]
582
[0.15830765]
583
[0.14901107]
584
[0.11157253]
585
[0.18182096]
586
[0.14619178]
587
[0.14920118]
588
[0.14699295]
589
[0.16344559]
590
[0.16469818]
591
[0.21873181]
592
[0.25713374]
593
[0.13726529]
594
[0.14887225]
595
[0.11328691]
596
[0.13703522]
597
[0.18424655]
598
[0.22485541]
599
[0.19267007]
600
[0.16506617]
601
[0.14273224]
602
[0.13455124]
603
[0.24373258]
604
[0.11971946]
605
[0.20180161]
606
[0.15701725]
607
[0.11960739]
608
[0.10770477]
609
[0.10341573]
610
[0.24471061]
611
[0.17638019]
612
[0.19758427]
613
[0.10187674]
614
[0.18765104]
615
[0.16656671]
616
[0.12710235]
617
[0.15178434]
618
[0.11279978]
619
[0.22248161]
620
[0.16629107]
621
[0.15740528]
622
[0.21339112]
623
[0.12514304]
624
[0.17354787]
625
[0.21981563]
626
[0.11687216]
627
[0.14342144]
628
[0.20808581]
629
[0.13286812]
630
[0.15067901]
631
[0.12285932]
632
[0.15551122]
633
[0.1375784]
634
[0.13918048]
635
[0.12808174]
636
[0.14703489]
637
[0.16131759]
638
[0.13644592]
639
[0.1916869]
640
[0.12687005]
641
[0.21491288]
642
[0.16515462]
643
[0.1676979]
644
[0.17022572]
645
[0.15063924]
646
[0.11160813]
647
[0.14143358]
648
[0.09814969]
649
[0.18697644]
650
[0.17639676]
651
[0.21412984]
652
[0.22160773]
653
[0.12725055]
654
[0.13734527]
655
[0.10760795]
656
[0.10962216]
657
[0.14792025]
658
[0.18003612]
659
[0.20356304]
660
[0.11930216]
661
[0.18211465]
662
[0.20644006]
663
[0.21755287]
664
[0.13252741]
665
[0.17802641]
666
[0.11373945]
667
[0.16895144]
668
[0.2795738]
669
[0.10910774]
670
[0.18208978]
671
[0.28237378]
672
[0.14873214]
673
[0.10776521]
674
[0.1699416]
675
[0.07440252]
676
[0.24971899]
677
[0.18205503]
678
[0.15495604]
679
[0.22993734]
680
[0.1710153]
681
[0.16739969]
682
[0.1340759]
683
[0.11412083]
684
[0.16491731]
685
[0.13969802]
686
[0.15816976]
687
[0.15159518]
688
[0.14462003]
689
[0.17217083]
690
[0.15708247]
691
[0.19907451]
692
[0.18172725]
693
[0.18033886]
694
[0.16029272]
695
[0.16704674]
696
[0.16126198]
697
[0.11667863]
698
[0.17160718]
699
[0.11697171]
700
[0.17324708]
701
[0.18103101]
702
[0.2035553]
703
[0.19268965]
704
[0.15203315]
705
[0.10878585]
706
[0.17148606]
707
[0.11039286]
708
[0.11918578]
709
[0.19836401]
710
[0.2234284]
711
[0.12166984]
712
[0.17627862]
713
[0.17610871]
714
[0.1217533]
715
[0.08545612]
716
[0.15623875]
717
[0.19456403]
718
[0.10006562]
719
[0.1880121]
720
[0.12800699]
721
[0.17483291]
722
[0.09694007]
723
[0.20996944]
724
[0.12003959]
725
[0.22203996]
726
[0.15911762]
727
[0.22638492]
728
[0.20480103]
729
[0.19006046]
730
[0.10207901]
731
[0.15931661]
732
[0.15837681]
733
[0.13588635]
734
[0.12152524]
735
[0.19257762]
736
[0.17089009]
737
[0.16029234]
738
[0.19413396]
739
[0.23700594]
740
[0.24018511]
741
[0.12473354]
742
[0.28624175]
743
[0.16791387]
744
[0.183314]
745
[0.18908473]
746
[0.15016687]
747
[0.20438095]
748
[0.18463682]
749
[0.19837711]
750
[0.12851987]
751
[0.13717345]
752
[0.12784692]
753
[0.16524809]
754
[0.20362943]
755
[0.20558954]
756
[0.14213826]
757
[0.15125678]
758
[0.13620466]
759
[0.1744134]
760
[0.15929059]
761
[0.19170547]
762
[0.14629066]
763
[0.18965933]
764
[0.1488591]
765
[0.2056722]
766
[0.10807699]
767
[0.1510426]
768
[0.1754865]
769
[0.14168089]
770
[0.16042059]
771
[0.21288696]
772
[0.24155644]
773
[0.11165725]
774
[0.12911521]
775
[0.15480838]
776
[0.15461933]
777
[0.1518633]
778
[0.12323592]
779
[0.2032008]
780
[0.15552539]
781
[0.16328273]
782
[0.17382751]
783
[0.22693138]
784
[0.13236305]
785
[0.16341968]
786
[0.16276269]
787
[0.14411725]
788
[0.15369067]
789
[0.12106603]
790
[0.14751537]
791
[0.12203665]
792
[0.16945683]
793
[0.14974085]
794
[0.19592128]
795
[0.15824714]
796
[0.11674888]
797
[0.13856356]
798
[0.19064388]
799
[0.104126]
800
[0.24783198]
801
[0.13298035]
802
[0.25033784]
803
[0.22998852]
804
[0.12733928]
805
[0.20410937]
806
[0.12686089]
807
[0.19270208]
808
[0.23502021]
809
[0.21228279]
810
[0.15076608]
811
[0.26765193]
812
[0.25812944]
813
[0.15384932]
814
[0.1553781]
815
[0.17761858]
816
[0.16387601]
817
[0.1401133]
818
[0.17435404]
819
[0.2253984]
820
[0.12383442]
821
[0.1353673]
822
[0.25393429]
823
[0.22194163]
824
[0.08047041]
825
[0.20607582]
826
[0.10817401]
827
[0.13810002]
828
[0.13315445]
829
[0.13195805]
830
[0.17668239]
831
[0.14980277]
832
[0.14780314]
833
[0.14717789]
834
[0.2291265]
835
[0.12403021]
836
[0.15121963]
837
[0.22015157]
838
[0.18966283]
839
[0.1477495]
840
[0.15220641]
841
[0.19808624]
842
[0.17157592]
843
[0.1874603]
844
[0.11693436]
845
[0.12549212]
846
[0.20298153]
847
[0.15642632]
848
[0.14209572]
849
[0.16642661]
850
[0.08059528]
851
[0.17664762]
852
[0.1101265]
853
[0.16981027]
854
[0.15974929]
855
[0.2323445]
856
[0.14098594]
857
[0.1531353]
858
[0.17054252]
859
[0.15909489]
860
[0.2076301]
861
[0.22445023]
862
[0.13259198]
863
[0.17565825]
864
[0.12914004]
865
[0.16969275]
866
[0.09497143]
867
[0.17128372]
868
[0.11025754]
869
[0.20796066]
870
[0.13048989]
871
[0.17681616]
872
[0.1548317]
873
[0.12972741]
874
[0.19771032]
875
[0.20512276]
876
[0.21465866]
877
[0.17600381]
878
[0.19952504]
879
[0.12699209]
880
[0.10983122]
881
[0.20247279]
882
[0.15626245]
883
[0.16860685]
884
[0.20682768]
885
[0.15285947]
886
[0.18402192]
887
[0.1919876]
888
[0.23261405]
889
[0.19327118]
890
[0.1823983]
891
[0.15770177]
892
[0.22245467]
893
[0.16677874]
894
[0.11198928]
895
[0.13165479]
896
[0.13909954]
897
[0.15568163]
898
[0.07392172]
899
[0.22341823]
900
[0.13762382]
901
[0.13792072]
902
[0.21381083]
903
[0.08289152]
904
[0.17298694]
905
[0.25229993]
906
[0.16799648]
907
[0.2043076]
908
[0.20472504]
909
[0.18096968]
910
[0.22129609]
911
[0.1858697]
912
[0.16956775]
913
[0.16406239]
914
[0.10785134]
915
[0.09774975]
916
[0.13978475]
917
[0.10627481]
918
[0.19069908]
919
[0.1064724]
920
[0.1381702]
921
[0.1563643]
922
[0.11906208]
923
[0.13289909]
924
[0.09814532]
925
[0.25176866]
926
[0.11353705]
927
[0.17353885]
928
[0.13402944]
929
[0.22443926]
930
[0.17677442]
931
[0.13248831]
932
[0.17108428]
933
[0.22800365]
934
[0.14238192]
935
[0.20328046]
936
[0.18711977]
937
[0.16136977]
938
[0.1206579]
939
[0.16822156]
940
[0.20391958]
941
[0.22032579]
942
[0.1935356]
943
[0.20003874]
944
[0.23133932]
945
[0.22405848]
946
[0.14618681]
947
[0.11968956]
948
[0.15629293]
949
[0.16534311]
950
[0.08338293]
951
[0.18915057]
952
[0.11654312]
953
[0.17570885]
954
[0.15868738]
955
[0.18207088]
956
[0.17187801]
957
[0.14515969]
958
[0.21407441]
959
[0.12304426]
960
[0.1139076]
961
[0.21103191]
962
[0.16012518]
963
[0.20708462]
964
[0.18541389]
965
[0.15868147]
966
[0.10700292]
967
[0.14378625]
968
[0.26568701]
969
[0.20416098]
970
[0.19883782]
971
[0.20334497]
972
[0.12237988]
973
[0.17484697]
974
[0.17851038]
975
[0.19853017]
976
[0.19844542]
977
[0.19506837]
978
[0.17153296]
979
[0.17403598]
980
[0.14643913]
981
[0.17022136]
982
[0.12867416]
983
[0.15060834]
984
[0.19078869]
985
[0.09484589]
986
[0.15163687]
987
[0.18487496]
988
[0.13717356]
989
[0.14004118]
990
[0.14655094]
991
[0.1606916]
992
[0.17654372]
993
[0.14727488]
994
[0.23168599]
995
[0.31736168]
996
[0.18977353]
997
[0.12359821]
998
[0.19050403]
999
[0.19381436]
1000
[0.21294211]
1001
[0.19433327]
1002
[0.14165306]
1003
[0.09874839]
1004
[0.25057314]
1005
[0.16874818]
1006
[0.19456965]
1007
[0.14841135]
1008
[0.21783947]
1009
[0.11491994]
1010
[0.12434826]
1011
[0.22348268]
1012
[0.21156494]
1013
[0.14339668]
1014
[0.21408165]
1015
[0.24547389]
1016
[0.12890345]
1017
[0.17225105]
1018
[0.20045039]
1019
[0.16290423]
1020
[0.22963834]
1021
[0.17886239]
1022
[0.17460017]
1023
[0.1653328]
1024
[0.20240283]
1025
[0.09792156]
1026
[0.21169195]
1027
[0.12254213]
1028
[0.16015999]
1029
[0.14258779]
1030
[0.15023993]
1031
[0.22141737]
1032
[0.24130803]
1033
[0.14283999]
1034
[0.12463989]
1035
[0.19737556]
1036
[0.14160615]
1037
[0.1636414]
1038
[0.14602033]
1039
[0.14036892]
1040
[0.18329876]
1041
[0.15185771]
1042
[0.16379845]
1043
[0.13223623]
1044
[0.08965061]
1045
[0.15906603]
1046
[0.14330593]
1047
[0.18050919]
1048
[0.18226601]
1049
[0.18539825]
1050
[0.18805182]
1051
[0.12636495]
1052
[0.16977929]
1053
[0.12930898]
1054
[0.17310619]
1055
[0.23417682]
1056
[0.17685157]
1057
[0.12299556]
1058
[0.23176795]
1059
[0.18043693]
1060
[0.16942279]
1061
[0.16511117]
1062
[0.1520948]
1063
[0.16292827]
1064
[0.1469367]
1065
[0.13523006]
1066
[0.15942199]
1067
[0.19783846]
1068
[0.1279739]
1069
[0.19436927]
1070
[0.20445772]
1071
[0.26480576]
1072
[0.2095203]
1073
[0.14631898]
1074
[0.13880821]
1075
[0.11654491]
1076
[0.18044661]
1077
[0.13285997]
1078
[0.13243835]
1079
[0.17081328]
1080
[0.09896573]
1081
[0.15350478]
1082
[0.24075547]
1083
[0.14222543]
1084
[0.17829078]
1085
[0.21479919]
1086
[0.19868541]
1087
[0.24651476]
1088
[0.11046055]
1089
[0.18964784]
1090
[0.16699779]
1091
[0.17833583]
1092
[0.19315245]
1093
[0.20231666]
1094
[0.22054636]
1095
[0.15239126]
1096
[0.16306381]
1097
[0.12354181]
1098
[0.1493299]
1099
[0.21168567]
1100
[0.14505436]
1101
[0.15808089]
1102
[0.17591725]
1103
[0.13582015]
1104
[0.11846419]
1105
[0.10634469]
1106
[0.14268245]
1107
[0.11094776]
1108
[0.11586192]
1109
[0.09253737]
1110
[0.21075843]
1111
[0.09856781]
1112
[0.1190011]
1113
[0.11961912]
1114
[0.15195162]
1115
[0.12571569]
1116
[0.14261047]
1117
[0.15085649]
1118
[0.14504042]
1119
[0.12858742]
1120
[0.28646297]
1121
[0.1878298]
1122
[0.18923641]
1123
[0.23939561]
1124
[0.18033297]
1125
[0.17680832]
1126
[0.20012997]
1127
[0.10723883]
1128
[0.20171842]
1129
[0.22401848]
1130
[0.16670951]
1131
[0.1123624]
1132
[0.17779539]
1133
[0.15134133]
1134
[0.18538664]
1135
[0.14493221]
1136
[0.20295142]
1137
[0.10120559]
1138
[0.15178052]
1139
[0.12791663]
1140
[0.12338871]
1141
[0.15827517]
1142
[0.1609091]
1143
[0.16025689]
1144
[0.17133322]
1145
[0.18077252]
1146
[0.12941343]
1147
[0.18597011]
1148
[0.18794863]
1149
[0.1658923]
1150
[0.16657775]
1151
[0.1844876]
1152
[0.1306811]
1153
[0.0998519]
1154
[0.23353895]
1155
[0.13442556]
1156
[0.2120698]
1157
[0.20695043]
1158
[0.11781438]
1159
[0.15379852]
1160
[0.15077977]
1161
[0.17010617]
1162
[0.23894255]
1163
[0.14695656]
1164
[0.17006733]
1165
[0.24025322]
1166
[0.10488202]
1167
[0.17692501]
1168
[0.19055334]
1169
[0.17497156]
1170
[0.11501811]
1171
[0.19375537]
1172
[0.1926583]
1173
[0.12563993]
1174
[0.16558558]
1175
[0.23140261]
1176
[0.21793652]
1177
[0.14451768]
1178
[0.2011538]
1179
[0.21506493]
1180
[0.17140342]
1181
[0.11471456]
1182
[0.13918097]
1183
[0.24372412]
1184
[0.15093109]
1185
[0.14164391]
1186
[0.14159177]
1187
[0.14081649]
1188
[0.1582594]
1189
[0.14437202]
1190
[0.11267124]
1191
[0.30395171]
1192
[0.11556933]
1193
[0.13596603]
1194
[0.11382447]
1195
[0.09278151]
1196
[0.1285067]
1197
[0.19582927]
1198
[0.13654421]
1199
[0.15924734]
1200
[0.19292143]
1201
[0.16684924]
1202
[0.19281106]
1203
[0.14176611]
1204
[0.19479452]
1205
[0.2023556]
1206
[0.20754169]
1207
[0.13909563]
1208
[0.12134927]
1209
[0.10035001]
1210
[0.18257777]
1211
[0.17593649]
1212
[0.20072478]
1213
[0.14715584]
1214
[0.1218346]
1215
[0.25355959]
1216
[0.21403414]
1217
[0.14608859]
1218
[0.12615904]
1219
[0.14361524]
1220
[0.12080192]
1221
[0.1146812]
1222
[0.22859708]
1223
[0.13210271]
1224
[0.19160129]
1225
[0.1665399]
1226
[0.21361479]
1227
[0.18355655]
1228
[0.17270042]
1229
[0.16827437]
1230
[0.12636396]
1231
[0.1818254]
1232
[0.29818792]
1233
[0.11252428]
1234
[0.12283857]
1235
[0.16151104]
1236
[0.2195636]
1237
[0.17653881]
1238
[0.19402695]
1239
[0.15128386]
1240
[0.13400694]
1241
[0.11689786]
1242
[0.18551709]
1243
[0.18114843]
1244
[0.20598926]
1245
[0.13097081]
1246
[0.18636142]
1247
[0.18446933]
1248
[0.22535032]
1249
[0.15720562]
1250
[0.24470479]
1251
[0.16060668]
1252
[0.15884096]
1253
[0.12598361]
1254
[0.21139177]
1255
[0.12909694]
1256
[0.2167784]
1257
[0.21107337]
1258
[0.13510044]
1259
[0.22884959]
1260
[0.10788106]
1261
[0.15079009]
1262
[0.16436375]
1263
[0.21918537]
1264
[0.24628386]
1265
[0.21958542]
1266
[0.20795153]
1267
[0.11052052]
1268
[0.18273274]
1269
[0.18290355]
1270
[0.16947614]
1271
[0.08925069]
1272
[0.17730627]
1273
[0.21764244]
1274
[0.1438979]
1275
[0.19696035]
1276
[0.13228021]
1277
[0.11425094]
1278
[0.15317268]
1279
[0.10412004]
1280
[0.25070677]
1281
[0.25557694]
1282
[0.26001321]
1283
[0.14590533]
1284
[0.19337895]
1285
[0.13258269]
1286
[0.1600501]
1287
[0.17494701]
1288
[0.14856593]
1289
[0.23373545]
1290
[0.18143765]
1291
[0.16040479]
1292
[0.15423718]
1293
[0.17418965]
1294
[0.2174561]
1295
[0.1810301]
1296
[0.21545893]
1297
[0.13630221]
1298
[0.17290991]
1299
[0.11369998]
1300
[0.25160781]
1301
[0.21973537]
1302
[0.21962503]
1303
[0.11793686]
1304
[0.14599744]
1305
[0.22984859]
1306
[0.13459954]
1307
[0.25559912]
1308
[0.16078362]
1309
[0.1854004]
1310
[0.20278685]
1311
[0.12169899]
1312
[0.1077787]
1313
[0.12737255]
1314
[0.1960383]
1315
[0.28989411]
1316
[0.20767245]
1317
[0.17415782]
1318
[0.16972597]
1319
[0.13249874]
1320
[0.0903004]
1321
[0.10584419]
1322
[0.18402435]
1323
[0.15283498]
1324
[0.14908013]
1325
[0.25505605]
1326
[0.12280559]
1327
[0.16073446]
1328
[0.17438975]
1329
[0.19589532]
1330
[0.16487094]
1331
[0.1673893]
1332
[0.19960018]
1333
[0.27548225]
1334
[0.14428466]
1335
[0.14317864]
1336
[0.16128364]
1337
[0.16095014]
1338
[0.1392204]
1339
[0.15959877]
1340
[0.22309497]
1341
[0.19691095]
1342
[0.14433941]
1343
[0.15230699]
1344
[0.22924372]
1345
[0.19942321]
1346
[0.21678756]
1347
[0.11416144]
1348
[0.16200274]
1349
[0.15003897]
1350
[0.15894085]
1351
[0.12647862]
1352
[0.21634824]
1353
[0.151204]
1354
[0.1256039]
1355
[0.15435425]
1356
[0.11438537]
1357
[0.23537684]
1358
[0.1707459]
1359
[0.15481967]
1360
[0.22749843]
1361
[0.14112781]
1362
[0.09662725]
1363
[0.1430126]
1364
[0.1376879]
1365
[0.1459269]
1366
[0.15853525]
1367
[0.15019084]
1368
[0.20020049]
1369
[0.17239053]
1370
[0.13730478]
1371
[0.2059464]
1372
[0.12185528]
1373
[0.25168916]
1374
[0.14420843]
1375
[0.2471984]
1376
[0.13292449]
1377
[0.17558423]
1378
[0.18065098]
1379
[0.1435121]
1380
[0.13023562]
1381
[0.16013073]
1382
[0.16255701]
1383
[0.19243251]
1384
[0.19731603]
1385
[0.15430275]
1386
[0.18021382]
1387
[0.10583765]
1388
[0.11863656]
1389
[0.16922992]
1390
[0.15603882]
1391
[0.17161064]
1392
[0.12841084]
1393
[0.16196231]
1394
[0.18029638]
1395
[0.1482292]
1396
[0.16378797]
1397
[0.20103023]
1398
[0.07245438]
1399
[0.15484219]
1400
[0.1925189]
1401
[0.16179356]
1402
[0.1722765]
1403
[0.16642129]
1404
[0.10906486]
1405
[0.14696603]
1406
[0.1222166]
1407
[0.10770978]
1408
[0.17655193]
1409
[0.19556068]
1410
[0.16668817]
1411
[0.11899446]
1412
[0.11437785]
1413
[0.16282558]
1414
[0.13339955]
1415
[0.10492761]
1416
[0.23013685]
1417
[0.25120108]
1418
[0.13491449]
1419
[0.16159621]
1420
[0.14038732]
1421
[0.18985775]
1422
[0.21194369]
1423
[0.19632958]
1424
[0.20999512]
1425
[0.22710684]
1426
[0.18426129]
1427
[0.12845843]
1428
[0.14531237]
1429
[0.17445914]
1430
[0.16637095]
1431
[0.17882345]
1432
[0.1432837]
1433
[0.16338249]
1434
[0.16782985]
1435
[0.12869821]
1436
[0.21598719]
1437
[0.12171694]
1438
[0.12742141]
1439
[0.14831562]
1440
[0.24112805]
1441
[0.15499871]
1442
[0.21578647]
1443
[0.13867838]
1444
[0.15036566]
1445
[0.12495603]
1446
[0.15341744]
1447
[0.17132115]
1448
[0.20990482]
1449
[0.18591878]
1450
[0.11269053]
1451
[0.11684388]
1452
[0.15916115]
1453
[0.20417405]
1454
[0.17335013]
1455
[0.15100791]
1456
[0.21393206]
1457
[0.16296647]
1458
[0.2068065]
1459
[0.16572556]
1460
[0.11818647]
1461
[0.15044496]
1462
[0.20149927]
1463
[0.13505312]
1464
[0.15096028]
1465
[0.20814072]
1466
[0.18239899]
1467
[0.15216555]
1468
[0.11524792]
1469
[0.21292882]
1470
[0.32109112]
1471
[0.17803787]
1472
[0.22298892]
1473
[0.2444223]
1474
[0.16214369]
1475
[0.10522836]
1476
[0.14537699]
1477
[0.13041814]
1478
[0.15371102]
1479
[0.13727878]
1480
[0.15048529]
1481
[0.19985553]
1482
[0.15724747]
1483
[0.16160762]
1484
[0.15145157]
1485
[0.19677492]
1486
[0.18541932]
1487
[0.16200635]
1488
[0.24043299]
1489
[0.15561433]
1490
[0.11649574]
1491
[0.1460297]
1492
[0.20333827]
1493
[0.15979708]
1494
[0.19549491]
1495
[0.14998888]
1496
[0.21384903]
1497
[0.10987759]
1498
[0.27188129]
1499
[0.17807142]
1500
[0.17370765]
1501
[0.15890654]
1502
[0.19437162]
1503
[0.19430952]
1504
[0.13052502]
1505
[0.13421652]
1506
[0.16211076]
1507
[0.11801815]
1508
[0.13940859]
1509
[0.17028311]
1510
[0.15393968]
1511
[0.15151934]
1512
[0.17122656]
1513
[0.15673073]
1514
[0.13859374]
1515
[0.11467391]
1516
[0.16278543]
1517
[0.20369071]
1518
[0.15790339]
1519
[0.19186623]
1520
[0.14895171]
1521
[0.18085839]
1522
[0.15998437]
1523
[0.19876067]
1524
[0.12103362]
1525
[0.14014723]
1526
[0.16331453]
1527
[0.10483547]
1528
[0.14643812]
1529
[0.14058575]
1530
[0.14891302]
1531
[0.15602756]
1532
[0.14953999]
1533
[0.15539606]
1534
[0.11473395]
1535
[0.12414863]
1536
[0.26977881]
1537
[0.11116654]
1538
[0.11901225]
1539
[0.21155715]
1540
[0.13980387]
1541
[0.18423737]
1542
[0.10834033]
1543
[0.21521157]
1544
[0.12668372]
1545
[0.23467439]
1546
[0.12878033]
1547
[0.20909311]
1548
[0.2011745]
1549
[0.14314127]
1550
[0.1638685]
1551
[0.17648277]
1552
[0.20679693]
1553
[0.13618771]
1554
[0.1097764]
1555
[0.14605127]
1556
[0.25488459]
1557
[0.20353785]
1558
[0.22300247]
1559
[0.12521736]
1560
[0.12683973]
1561
[0.17833559]
1562
[0.11777994]
1563
[0.20400111]
1564
[0.12195632]
1565
[0.06800282]
1566
[0.16511945]
1567
[0.16010232]
1568
[0.13690598]
1569
[0.13672321]
1570
[0.14099692]
1571
[0.21403439]
1572
[0.1530739]
1573
[0.18958211]
1574
[0.25761202]
1575
[0.19235485]
1576
[0.16725262]
1577
[0.13325791]
1578
[0.20810781]
1579
[0.19080883]
1580
[0.22061503]
1581
[0.26807655]
1582
[0.15631952]
1583
[0.07495312]
1584
[0.20120509]
1585
[0.14508084]
1586
[0.18164069]
1587
[0.20550259]
1588
[0.1593408]
1589
[0.24271313]
1590
[0.15616526]
1591
[0.1886934]
1592
[0.11887104]
1593
[0.20281178]
1594
[0.1411987]
1595
[0.17394246]
1596
[0.18543487]
1597
[0.142359]
1598
[0.14494494]
1599
[0.19220598]
1600
[0.12121032]
1601
[0.32325771]
1602
[0.18239085]
1603
[0.17748715]
1604
[0.13415747]
1605
[0.21902067]
1606
[0.21406047]
1607
[0.08217035]
1608
[0.1288668]
1609
[0.13834236]
1610
[0.11547645]
1611
[0.23273055]
1612
[0.26222583]
1613
[0.0874822]
1614
[0.1963532]
1615
[0.12786549]
1616
[0.14153512]
1617
[0.2009883]
1618
[0.13127709]
1619
[0.18970542]
1620
[0.20003874]
1621
[0.08443496]
1622
[0.12234132]
1623
[0.30587325]
1624
[0.13922206]
1625
[0.16156356]
1626
[0.17428789]
1627
[0.21360153]
1628
[0.15133184]
1629
[0.17445394]
1630
[0.13422183]
1631
[0.12117226]
1632
[0.13622964]
1633
[0.18502421]
1634
[0.19092198]
1635
[0.11895067]
1636
[0.17618016]
1637
[0.18735415]
1638
[0.16008893]
1639
[0.15560105]
1640
[0.1401904]
1641
[0.14970623]
1642
[0.19956648]
1643
[0.26908747]
1644
[0.21543249]
1645
[0.165416]
1646
[0.15961448]
1647
[0.18349237]
1648
[0.19912713]
1649
[0.15127964]
1650
[0.12460703]
1651
[0.12683633]
1652
[0.15572852]
1653
[0.14136493]
1654
[0.18218387]
1655
[0.24773346]
1656
[0.21044078]
1657
[0.18688934]
1658
[0.17389246]
1659
[0.21680583]
1660
[0.17403861]
1661
[0.20522314]
1662
[0.21020337]
1663
[0.21780473]
1664
[0.13352255]
1665
[0.12760655]
1666
[0.14649907]
1667
[0.18759899]
1668
[0.20505867]
1669
[0.10810282]
1670
[0.15517604]
1671
[0.20193325]
1672
[0.18484826]
1673
[0.13957319]
1674
[0.10476438]
1675
[0.17117379]
1676
[0.15497179]
1677
[0.19959901]
1678
[0.12916284]
1679
[0.09114]
1680
[0.18222362]
1681
[0.12234795]
1682
[0.18170455]
1683
[0.15338349]
1684
[0.18580532]
1685
[0.23733201]
1686
[0.13675012]
1687
[0.12950465]
1688
[0.13419202]
1689
[0.17628963]
1690
[0.18961086]
1691
[0.25552763]
1692
[0.18700277]
1693
[0.13754844]
1694
[0.14238625]
1695
[0.13946904]
1696
[0.1519281]
1697
[0.18634849]
1698
[0.13985296]
1699
[0.13363443]
1700
[0.17685667]
1701
[0.20471527]
1702
[0.19768692]
1703
[0.24535719]
1704
[0.18766827]
1705
[0.14340188]
1706
[0.11733029]
1707
[0.15396988]
1708
[0.19780235]
1709
[0.30268699]
1710
[0.20910906]
1711
[0.13602813]
1712
[0.23273123]
1713
[0.16016511]
1714
[0.16545892]
1715
[0.19990328]
1716
[0.1217687]
1717
[0.14132819]
1718
[0.09426809]
1719
[0.21625429]
1720
[0.18122279]
1721
[0.14503484]
1722
[0.11629931]
1723
[0.18992079]
1724
[0.14537529]
1725
[0.23821821]
1726
[0.11642638]
1727
[0.14814078]
1728
[0.20860908]
1729
[0.1626395]
1730
[0.19893904]
1731
[0.21944781]
1732
[0.12012382]
1733
[0.15825027]
1734
[0.08566676]
1735
[0.15269736]
1736
[0.25244249]
1737
[0.18818556]
1738
[0.15683513]
1739
[0.13672339]
1740
[0.14553731]
1741
[0.20075516]
1742
[0.15680251]
1743
[0.18243658]
1744
[0.20821108]
1745
[0.19014915]
1746
[0.20929994]
1747
[0.15227322]
1748
[0.13125197]
1749
[0.24761831]
1750
[0.09278048]
1751
[0.13735613]
1752
[0.16799214]
1753
[0.16707256]
1754
[0.28994898]
1755
[0.19181293]
1756
[0.15470134]
1757
[0.19564703]
1758
[0.16197557]
1759
[0.20834855]
1760
[0.19819264]
1761
[0.15427444]
1762
[0.15881312]
1763
[0.15089261]
1764
[0.14518815]
1765
[0.1289651]
1766
[0.1437533]
1767
[0.14779089]
1768
[0.22580084]
1769
[0.11996751]
1770
[0.16308569]
1771
[0.14671269]
1772
[0.21326762]
1773
[0.14121648]
1774
[0.21013351]
1775
[0.19413792]
1776
[0.20321432]
1777
[0.17560564]
1778
[0.16020942]
1779
[0.20406107]
1780
[0.11516143]
1781
[0.18686727]
1782
[0.22725376]
1783
[0.17387543]
1784
[0.24558363]
1785
[0.2367065]
1786
[0.16254155]
1787
[0.16163754]
1788
[0.12778869]
1789
[0.1881262]
1790
[0.13924537]
1791
[0.1934257]
1792
[0.15127104]
1793
[0.09445366]
1794
[0.15154792]
1795
[0.12673137]
1796
[0.12230212]
1797
[0.16014247]
1798
[0.20224126]
1799
[0.17826583]
1800
[0.15845427]
1801
[0.16286352]
1802
[0.14360055]
1803
[0.12301022]
1804
[0.1480379]
1805
[0.12686018]
1806
[0.12651407]
1807
[0.18655603]
1808
[0.11230331]
1809
[0.09825259]
1810
[0.23203698]
1811
[0.14509645]
1812
[0.1745592]
1813
[0.20465251]
1814
[0.20478209]
1815
[0.16798664]
1816
[0.16461988]
1817
[0.16562612]
1818
[0.11710397]
1819
[0.15672808]
1820
[0.14926685]
1821
[0.14450588]
1822
[0.16344819]
1823
[0.18893079]
1824
[0.1091222]
1825
[0.16969548]
1826
[0.16110642]
1827
[0.19768416]
1828
[0.15473656]
1829
[0.13982775]
1830
[0.10342874]
1831
[0.21349158]
1832
[0.17100248]
1833
[0.17369315]
1834
[0.12550552]
1835
[0.20951065]
1836
[0.17389478]
1837
[0.16293746]
1838
[0.0972327]
1839
[0.20737478]
1840
[0.18315681]
1841
[0.21840548]
1842
[0.11990653]
1843
[0.15347365]
1844
[0.12404172]
1845
[0.12798313]
1846
[0.13936213]
1847
[0.21562113]
1848
[0.18127396]
1849
[0.19995794]
1850
[0.20306071]
1851
[0.11843934]
1852
[0.23624214]
1853
[0.14482516]
1854
[0.09078575]
1855
[0.17960445]
1856
[0.20949775]
1857
[0.15277386]
1858
[0.10522645]
1859
[0.2355949]
1860
[0.18870237]
1861
[0.12960898]
1862
[0.15248493]
1863
[0.16030711]
1864
[0.19316537]
1865
[0.12245678]
1866
[0.1576592]
1867
[0.13666182]
1868
[0.18332518]
1869
[0.22112302]
1870
[0.1734834]
1871
[0.15990184]
1872
[0.18327871]
1873
[0.17850048]
1874
[0.11162271]
1875
[0.13169457]
1876
[0.15795459]
1877
[0.2416589]
1878
[0.20292842]
1879
[0.18294628]
1880
[0.17782283]
1881
[0.16716999]
1882
[0.27947636]
1883
[0.18729774]
1884
[0.2058535]
1885
[0.15226344]
1886
[0.15191399]
1887
[0.14086575]
1888
[0.18716809]
1889
[0.18400399]
1890
[0.19715331]
1891
[0.1294865]
1892
[0.12903294]
1893
[0.19198809]
1894
[0.15931338]
1895
[0.18437914]
1896
[0.13777156]
1897
[0.07316863]
1898
[0.11888247]
1899
[0.28036732]
1900
[0.15167928]
1901
[0.18962277]
1902
[0.20587191]
1903
[0.16963089]
1904
[0.10955831]
1905
[0.15646275]
1906
[0.09374664]
1907
[0.19044951]
1908
[0.13889686]
1909
[0.11850556]
1910
[0.10189637]
1911
[0.18409294]
1912
[0.18612425]
1913
[0.21565719]
1914
[0.19918826]
1915
[0.23496253]
1916
[0.22873159]
1917
[0.11367325]
1918
[0.1561619]
1919
[0.15009202]
1920
[0.16847552]
1921
[0.09380838]
1922
[0.16725398]
1923
[0.13068655]
1924
[0.1533144]
1925
[0.15797383]
1926
[0.17412329]
1927
[0.24210533]
1928
[0.14284998]
1929
[0.13873546]
1930
[0.20039477]
1931
[0.15251754]
1932
[0.08102964]
1933
[0.21604813]
1934
[0.18343432]
1935
[0.17900913]
1936
[0.20798967]
1937
[0.24217981]
1938
[0.13849404]
1939
[0.18811152]
1940
[0.17473985]
1941
[0.16444995]
1942
[0.17661974]
1943
[0.16638058]
1944
[0.23809651]
1945
[0.26602334]
1946
[0.15753796]
1947
[0.23674449]
1948
[0.1845247]
1949
[0.21943022]
1950
[0.10057825]
1951
[0.17355136]
1952
[0.24113818]
1953
[0.26633675]
1954
[0.17129019]
1955
[0.20738978]
1956
[0.12479519]
1957
[0.19828664]
1958
[0.21184556]
1959
[0.13533358]
1960
[0.14342897]
1961
[0.18249164]
1962
[0.19781715]
1963
[0.1854017]
1964
[0.13760911]
1965
[0.11982028]
1966
[0.16227959]
1967
[0.15726123]
1968
[0.20564484]
1969
[0.14993168]
1970
[0.23995589]
1971
[0.19447339]
1972
[0.22218258]
1973
[0.15247069]
1974
[0.25814565]
1975
[0.14734754]
1976
[0.22968176]
1977
[0.18055425]
1978
[0.19821912]
1979
[0.19229072]
1980
[0.20044478]
1981
[0.1593749]
1982
[0.13768934]
1983
[0.13309936]
1984
[0.12917308]
1985
[0.12983145]
1986
[0.18199572]
1987
[0.18344678]
1988
[0.23407884]
1989
[0.16593333]
1990
[0.16098796]
1991
[0.12553186]
1992
[0.10431992]
1993
[0.19665185]
1994
[0.1200524]
1995
[0.13337143]
1996
[0.13581938]
1997
[0.17943965]
1998
[0.13259624]
1999
[1] 16000    11
[1] 16000    11
[0.18183097]
