LOADING R
R LOADED
[1] "/home/lvanderl/Rlibs2"                         
[2] "/app/software/R/4.3.1-gfbf-2022b/lib/R/library"
[1] "/home/lvanderl/sieveSims"
[1] "xg 10 3"
[1] 0.09773193
[1] 0.09773193
[1] 0.09773193
200.0
[0.35819846]
[0.25008407]
[0.25090651]
[0.26737116]
[0.29560058]
[0.33929826]
[0.28965801]
[0.21718972]
[0.21876335]
[0.22236429]
[0.23554881]
[0.26597589]
[0.30549603]
[0.12425145]
[0.3051563]
[0.22952319]
[0.19439608]
[0.23526196]
[0.19909308]
[0.18675655]
[0.3612366]
[0.29038341]
[0.17422426]
[0.24505082]
[0.1995321]
[0.21389691]
[0.27010539]
[0.33178757]
[0.17692491]
[0.32636527]
[0.21791171]
[0.28380392]
[0.23034562]
[0.27859717]
[0.27066308]
[0.18428924]
[0.29035757]
[0.2868826]
[0.27197077]
[0.29696289]
[0.27303706]
[0.33726223]
[0.34510208]
[0.3528885]
[0.25501868]
[0.30048809]
[0.30271994]
[0.29803177]
[0.26159817]
[0.3719135]
[0.27316506]
[0.24350459]
[0.2657436]
[0.18428924]
[0.25008407]
[0.22212127]
[0.2613063]
[0.3295644]
[0.2229437]
[0.31094429]
[0.2739347]
[0.26406547]
[0.35864555]
[0.32086652]
[0.23528023]
[0.1956885]
[0.27969175]
[0.33727385]
[0.25255138]
[0.25090651]
[0.27637041]
[0.28905362]
[0.30637601]
[0.28027418]
[0.25298175]
[0.31642167]
[0.22363788]
[0.20867403]
[0.23748425]
[0.20032492]
[0.29584422]
[0.26311776]
[0.25033609]
[0.33781037]
[0.30683211]
[0.32513586]
[0.15543835]
[0.30203671]
[0.26571034]
[0.30503088]
[0.24884619]
[0.26230444]
[0.10915619]
[0.25557711]
[0.28244308]
[0.25188397]
[0.13905529]
[0.24432398]
[0.2523921]
[0.21390959]
[0.25022145]
[0.29449558]
[0.2202881]
[0.24903909]
[0.35206606]
[0.22780844]
[0.29150926]
[0.23456419]
[0.22376614]
[0.21326125]
[0.34979995]
[0.21829005]
[0.23511355]
[0.22412755]
[0.23007549]
[0.21213383]
[0.23072073]
[0.21636422]
[0.29376838]
[0.18675655]
[0.20402769]
[0.36753609]
[0.29926074]
[0.24370304]
[0.25584112]
[0.12507389]
[0.26725278]
[0.22705588]
[0.25255138]
[0.26159817]
[0.26348281]
[0.25577613]
[0.23095422]
[0.25335687]
[0.24926164]
[0.30271994]
[0.23363224]
[0.1656327]
[0.26008685]
[0.36604746]
[0.18333282]
[0.45945191]
[0.2083152]
[0.23939241]
[0.24514946]
[0.26844743]
[0.2484392]
[0.20345829]
[0.2879161]
[0.21151143]
[0.22515853]
[0.19415846]
[0.33315005]
[0.25759391]
[0.23363536]
[0.30235451]
[0.2850103]
[0.24597189]
[0.29603743]
[0.26653278]
[0.25172894]
[0.41753903]
[0.30602925]
[0.22843773]
[0.26618748]
[0.18840142]
[0.18428924]
[0.37402662]
[0.40881436]
[0.32009807]
[0.38002887]
[0.23577759]
[0.23116806]
[0.17442001]
[0.18472746]
[0.26931806]
[0.20213158]
[0.31038535]
[0.20767327]
[0.2331206]
[0.13355287]
[0.1637288]
[0.25255138]
[0.22757185]
[0.32550435]
[0.23528023]
[0.22952319]
[0.25819922]
[0.19067564]
[0.27495841]
[0.26406547]
[0.3125068]
[0.39244539]
[0.19004629]
[0.32224098]
[0.19888861]
[0.18992227]
[0.22332996]
[0.18721447]
[0.34223831]
[0.17113027]
[0.22705588]
[0.2534543]
[0.32492569]
[0.21283716]
[0.30649187]
[0.32645062]
[0.276402]
[0.20648721]
[0.37107281]
[0.28133662]
[0.26570405]
[0.32245019]
[0.24421392]
[0.24103728]
[0.27804688]
[0.19340869]
[0.18341861]
[0.28223377]
[0.24278916]
[0.23919871]
[0.39565514]
[0.17030784]
[0.2739347]
[0.16211302]
[0.28931549]
[0.17004188]
[0.25748599]
[0.28878968]
[0.25008407]
[0.23999838]
[0.27471588]
[0.25899201]
[0.29038613]
[0.20156038]
[0.31894562]
[0.22705588]
[0.35731897]
[0.28524197]
[0.21346312]
[0.29367315]
[0.28331653]
[0.20937177]
[0.2253892]
[0.20822862]
[0.15817803]
[0.23188802]
[0.29739084]
[0.1744191]
[0.29671127]
[0.25008407]
[0.30436481]
[0.18890715]
[0.29932077]
[0.34598236]
[0.3639973]
[0.2001216]
[0.2994302]
[0.25075438]
[0.27127212]
[0.22275301]
[0.23281293]
[0.25045066]
[0.28627123]
[0.20567256]
[0.17434303]
[0.18767957]
[0.21718666]
[0.29696289]
[0.33895211]
[0.31923431]
[0.2108241]
[0.28873854]
[0.33478365]
[0.26347217]
[0.29984312]
[0.21641977]
[0.36522503]
[0.24174245]
[0.23550481]
[0.24678583]
[0.25924931]
[0.17837798]
[0.32109266]
[0.34465086]
[0.28241064]
[0.35206606]
[0.23883808]
[0.31059794]
[0.2484392]
[0.19333603]
[0.24926164]
[0.20249332]
[0.19281489]
[0.25501868]
[0.24995801]
[0.25090651]
[0.30660373]
[0.2436761]
[0.30958168]
[0.32509081]
[0.25533843]
[0.19909308]
[0.32683782]
[0.25009995]
[0.35947088]
[0.33235841]
[0.28905801]
[0.23499384]
[0.26159817]
[0.24350459]
[0.21307448]
[0.36655978]
[0.20644177]
[0.23632134]
[0.20156038]
[0.33213597]
[0.37180451]
[0.29120584]
[0.2573271]
[0.15746487]
[0.20716135]
[0.30858558]
[0.31176673]
[0.20457758]
[0.22787832]
[0.28709367]
[0.15922414]
[0.26817765]
[0.25501868]
[0.2204092]
[0.22952319]
[0.34264317]
[0.22358164]
[0.1439899]
[0.20610886]
[0.20864729]
[0.3175119]
[0.29038341]
[0.33398059]
[0.21968897]
[0.20879873]
[0.25688369]
[0.24517384]
[0.24695842]
[0.23528023]
[0.29531802]
[0.26635094]
[0.25748599]
[0.12558609]
[0.23953831]
[0.29778533]
[0.26150632]
[0.35276528]
[0.26571034]
[0.27804688]
[0.33114905]
[0.20268318]
[0.26324304]
[0.17030784]
[0.22225384]
[0.2923381]
[0.23401589]
[0.20978474]
[0.36193529]
[0.29532113]
[0.31427709]
[0.18182193]
[0.29182119]
[0.23856998]
[0.31461257]
[0.3668699]
[0.34384171]
[0.26332716]
[0.27666992]
[0.22766403]
[0.30107507]
[0.32245839]
[0.1931447]
[0.27933836]
[0.28709367]
[0.21718666]
[0.29443588]
[0.29285071]
[0.29544497]
[0.19186514]
[0.31834621]
[0.2899199]
[0.21478437]
[0.24089218]
[0.28734418]
[0.32678398]
[0.3388957]
[0.20488222]
[0.20880736]
[0.26982252]
[0.25659832]
[0.28133662]
[0.27410663]
[0.31176673]
[0.36851477]
[0.19818645]
[0.17359758]
[0.15841233]
[0.29038341]
[0.24051101]
[0.26324304]
[0.20128792]
[0.35042119]
[0.28728132]
[0.22551435]
[0.35859148]
[0.27144868]
[0.28064326]
[0.30094418]
[0.29952135]
[0.28244319]
[0.23450954]
[0.17328319]
[0.25419625]
[0.19785612]
[0.30436481]
[0.25949768]
[0.17770976]
[0.27688407]
[0.26140729]
[0.30395145]
[0.3012102]
[0.24432702]
[0.24757839]
[0.28133662]
[0.22455884]
[0.31023029]
[0.17770153]
[0.25525192]
[0.27225978]
[0.27380514]
[0.28873854]
[0.10698031]
[0.229765]
[0.1953713]
[0.33561735]
[0.31538079]
[0.2558939]
[0.37648622]
[0.27839295]
[0.16402867]
[0.24846477]
[0.31012186]
[0.3389071]
[0.27031778]
[0.25037042]
[0.23784147]
[0.25501868]
[0.18060368]
[0.26813798]
[0.23319017]
[0.2994302]
[0.27311226]
[0.21127982]
[0.32486943]
[0.27228983]
[0.23692511]
[0.3214606]
[0.3117277]
[0.3041897]
[0.25501868]
[0.12836363]
[0.28084676]
[0.3110814]
[0.20567256]
[0.29120584]
[0.2316068]
[0.19662577]
[0.2484392]
[0.22046539]
[0.22052571]
[0.15961618]
[0.30847699]
[0.22541101]
[0.3134116]
[0.21884735]
[0.28623292]
[0.37509425]
[0.21851853]
[0.31189241]
[0.22779686]
[0.23116806]
[0.13359688]
[0.28446434]
[0.27557957]
[0.21060717]
[0.28441261]
[0.30059779]
[0.2466609]
[0.29778533]
[0.28237352]
[0.23444726]
[0.22700536]
[0.24478521]
[1] 2500   11
[1] 2500   11
