LOADING R
R LOADED
[1] "/home/lvanderl/Rlibs2"                         
[2] "/app/software/R/4.3.1-gfbf-2022b/lib/R/library"
[1] "/home/lvanderl/sieveSims"
[1] "xg 5 3"
[1] 0.1374518
[1] 0.1374518
[1] 0.1374518
179.69387755102042
0
[0.35208616]
1
[0.26269186]
2
[0.30249496]
3
[0.16624464]
4
[0.41989478]
5
[0.16173019]
6
[0.23258465]
7
[0.33119644]
8
[0.13601939]
9
[0.38499677]
10
[0.21158144]
11
[0.24261358]
12
[0.32972604]
13
[0.25930436]
14
[0.26362732]
15
[0.14836379]
16
[0.14716176]
17
[0.33532348]
18
[0.18816689]
19
[0.30892562]
20
[0.26288599]
21
[0.26269186]
22
[0.30146096]
23
[0.32404928]
24
[0.2088673]
25
[0.24137722]
26
[0.24727869]
27
[0.27362223]
28
[0.19752987]
29
[0.21343735]
30
[0.22363608]
31
[0.27940069]
32
[0.23643874]
33
[0.3128246]
34
[0.1559796]
35
[0.30418871]
36
[0.39660994]
37
[0.37633264]
38
[0.41129484]
39
[0.31350433]
40
[0.29769711]
41
[0.27878247]
42
[0.27441363]
43
[0.20510438]
44
[0.14552657]
45
[0.33393976]
46
[0.3414512]
47
[0.21570999]
48
[0.17546377]
49
[0.16982163]
50
[0.24178339]
51
[0.22542937]
52
[0.25613409]
53
[0.24660124]
54
[0.3211262]
55
[0.28301685]
56
[0.21230641]
57
[0.28844331]
58
[0.31265746]
59
[0.32197308]
60
[0.25160297]
61
[0.29571997]
62
[0.26946685]
63
[0.29287949]
64
[0.18286149]
65
[0.22063183]
66
[0.19155439]
67
[0.29317275]
68
[0.17537556]
69
[0.26184498]
70
[0.22824568]
71
[0.15520676]
72
[0.28440576]
73
[0.31512769]
74
[0.27790316]
75
[0.32814826]
76
[0.29267065]
77
[0.27416513]
78
[0.28610945]
79
[0.37049334]
80
[0.25552075]
81
[0.17331347]
82
[0.26601888]
83
[0.18568402]
84
[0.23265982]
85
[0.23886734]
86
[0.3033793]
87
[0.16532975]
88
[0.25252936]
89
[0.18643713]
90
[0.42988504]
91
[0.35077903]
92
[0.19154921]
93
[0.30744982]
94
[0.32832299]
95
[0.36995732]
96
[0.21187938]
97
[0.2184811]
98
[0.24612456]
99
[0.13419256]
100
[0.14802933]
101
[0.37363243]
102
[0.27496051]
103
[0.31363535]
104
[0.28047622]
105
[0.2314025]
106
[0.33987498]
107
[0.21669546]
108
[0.24914186]
109
[0.16307143]
110
[0.20191556]
111
[0.22315629]
112
[0.32502509]
113
[0.2807767]
114
[0.2867642]
115
[0.38642227]
116
[0.29537357]
117
[0.221195]
118
[0.32211361]
119
[0.12719192]
120
[0.18986064]
121
[0.19951155]
122
[0.13544094]
123
[0.29095902]
124
[0.20764501]
125
[0.29233247]
126
[0.19343292]
127
[0.29402622]
128
[0.29656684]
129
[0.17207627]
130
[0.30868864]
131
[0.23819572]
132
[0.19313625]
133
[0.29373151]
134
[0.18723513]
135
[0.24213643]
136
[0.241235]
137
[0.31751887]
138
[0.22405585]
139
[0.25168249]
140
[0.24744153]
141
[0.34987223]
142
[0.23688821]
143
[0.21950125]
144
[0.20643187]
145
[0.23966734]
146
[0.21442153]
147
[0.3652672]
148
[0.30186118]
149
[0.29110052]
150
[0.30162723]
151
[0.30249496]
152
[0.221195]
153
[0.30262963]
154
[0.19324814]
155
[0.29430097]
156
[0.18741725]
157
[0.26607936]
158
[0.32432405]
159
[0.24998874]
160
[0.23261045]
161
[0.31177487]
162
[0.18205115]
163
[0.22460693]
164
[0.17850689]
165
[0.17546377]
166
[0.30503559]
167
[0.19311492]
168
[0.15633546]
169
[0.24699261]
170
[0.3812543]
171
[0.28953805]
172
[0.14412941]
173
[0.33213557]
174
[0.28129844]
175
[0.19985895]
176
[0.30517813]
177
[0.28782774]
178
[0.22927146]
179
[0.1644261]
180
[0.19253958]
181
[0.1712294]
182
[0.1780044]
183
[0.29640201]
184
[0.24348555]
185
[0.10517318]
186
[0.15970909]
187
[0.33044958]
188
[0.24315757]
189
[0.28222092]
190
[0.19832939]
191
[0.29785335]
192
[0.29327679]
193
[0.26099811]
194
[0.33172016]
195
[0.27614163]
196
[0.22164233]
197
[0.23825785]
198
[0.31434412]
199
[0.20562161]
200
[0.24575437]
201
[0.20087001]
202
[0.27129643]
203
[0.26607936]
204
[0.20615124]
205
[0.35602553]
206
[0.29143788]
207
[0.29148559]
208
[0.24080585]
209
[0.22714639]
210
[0.22627625]
211
[0.24344555]
212
[0.21357313]
213
[0.30086718]
214
[0.16530128]
215
[0.18420872]
216
[0.19430355]
217
[0.26640125]
218
[0.14123397]
219
[0.23580659]
220
[0.20365897]
221
[0.23220437]
222
[0.1780044]
223
[0.22288875]
224
[0.23027741]
225
[0.27754813]
226
[0.15302882]
227
[0.19155439]
228
[0.18500363]
229
[0.21865438]
230
[0.20403787]
231
[0.30609303]
232
[0.22460489]
233
[0.21001667]
234
[0.29487309]
235
[0.23756737]
236
[0.23305125]
237
[0.288182]
238
[0.32495699]
239
[0.3716053]
240
[0.25506999]
241
[0.30313851]
242
[0.23272918]
243
[0.19554226]
244
[0.21842238]
245
[0.25411478]
246
[0.42349579]
247
[0.2228109]
248
[0.31011684]
249
[0.09593246]
250
[0.20816882]
251
[0.21187938]
252
[0.32003668]
253
[0.43486554]
254
[0.30506664]
255
[0.28179821]
256
[0.20637336]
257
[0.29063872]
258
[0.25403634]
259
[0.30490293]
260
[0.19240273]
261
[0.24321374]
262
[0.25974561]
263
[0.38887617]
264
[0.20425751]
265
[0.26262297]
266
[0.36199507]
267
[0.2880981]
268
[0.32439653]
269
[0.26774322]
270
[0.14911283]
271
[0.37924764]
272
[0.37701993]
273
[0.2760449]
274
[0.27214501]
275
[0.3588787]
276
[0.2885536]
277
[0.23385341]
278
[0.28713861]
279
[0.2782952]
280
[0.30628469]
281
[0.26330491]
282
[0.18653943]
283
[0.21510672]
284
[0.36878142]
285
[0.30631578]
286
[0.2779356]
287
[0.21896041]
288
[0.2504521]
289
[0.29487309]
290
[0.20276396]
291
[0.25422311]
292
[0.21159186]
293
[0.32193324]
294
[0.20740363]
295
[0.23121622]
296
[0.20764501]
297
[0.23008383]
298
[0.24149836]
299
[0.0956885]
300
[0.41176401]
301
[0.3401153]
302
[0.30757621]
303
[0.16364558]
304
[0.35946757]
305
[0.28823589]
306
[0.24422471]
307
[0.31773879]
308
[0.3199238]
309
[0.24914186]
310
[0.34229807]
311
[0.25805299]
312
[0.4070687]
313
[0.27602948]
314
[0.26994306]
315
[0.20849188]
316
[0.21163972]
317
[0.39988554]
318
[0.20510438]
319
[0.29879953]
320
[0.31843183]
321
[0.26883004]
322
[0.31774378]
323
[0.17631065]
324
[0.2491418]
325
[0.17207627]
326
[0.24660124]
327
[0.27047343]
328
[0.2779356]
329
[0.29567824]
330
[0.24523288]
331
[0.24998874]
332
[0.15389036]
333
[0.2811598]
334
[0.26099811]
335
[0.12855931]
336
[0.32438692]
337
[0.2070321]
338
[0.37363243]
339
[0.23755179]
340
[0.25893113]
341
[0.24465937]
342
[0.34341738]
343
[0.20918217]
344
[0.19272919]
345
[0.2313575]
346
[0.30334184]
347
[0.32251352]
348
[0.30405977]
349
[0.2752998]
350
[0.33947488]
351
[0.19832939]
352
[0.26939737]
353
[0.16609089]
354
[0.26099811]
355
[0.16276175]
356
[0.3623866]
357
[0.23560943]
358
[0.23559187]
359
[0.25252936]
360
[0.33558774]
361
[0.32590201]
362
[0.28573504]
363
[0.22542937]
364
[0.3279012]
365
[0.25518777]
366
[0.14172026]
367
[0.24744811]
368
[0.23626078]
369
[0.16953565]
370
[0.38849552]
371
[0.32977633]
372
[0.11533568]
373
[0.26912354]
374
[0.2737105]
375
[0.36011122]
376
[0.29318822]
377
[0.27708873]
378
[0.22864429]
379
[0.27712002]
380
[0.26777311]
381
[0.1644544]
382
[0.14988817]
383
[0.35246057]
384
[0.32570914]
385
[0.20480436]
386
[0.20409054]
387
[0.24794463]
388
[0.26629589]
389
[0.29526821]
390
[0.1906524]
391
[0.3406561]
392
[0.20618607]
393
[0.29712885]
394
[0.1897178]
395
[0.32536058]
396
[0.27784739]
397
[0.24151999]
398
[0.23744715]
399
[0.19332004]
400
[0.26523248]
401
[0.34720276]
402
[0.22966375]
403
[0.17348574]
404
[0.30926996]
405
[0.34941521]
406
[0.43206678]
407
[0.29025961]
408
[0.30926996]
409
[0.21744122]
410
[0.24252713]
411
[0.30739431]
412
[0.33071096]
413
[0.3302671]
414
[0.3537932]
415
[0.119453]
416
[0.31422887]
417
[0.22014939]
418
[0.20915473]
419
[0.234745]
420
[0.30008712]
421
[0.31773871]
422
[0.33860721]
423
[0.23305125]
424
[0.21354356]
425
[0.26977725]
426
[0.27925685]
427
[0.3385127]
428
[0.12549817]
429
[0.25051896]
430
[0.17300096]
431
[0.166041]
432
[0.25465353]
433
[0.27665246]
434
[0.28552779]
435
[0.23661525]
436
[0.31053506]
437
[0.36262306]
438
[0.26269186]
439
[0.08643678]
440
[0.35184949]
441
[0.234745]
442
[0.26650971]
443
[0.16164657]
444
[0.21004735]
445
[0.44434797]
446
[0.27219155]
447
[0.2134456]
448
[0.29317934]
449
[0.21272626]
450
[0.15440073]
451
[0.39421895]
452
[0.30652819]
453
[0.23775963]
454
[0.3029457]
455
[0.1545152]
456
[0.27717383]
457
[0.29560341]
458
[0.21696063]
459
[0.29537102]
460
[0.30458264]
461
[0.32705433]
462
[0.29148559]
463
[0.19081011]
464
[0.24556415]
465
[0.33220361]
466
[0.26184498]
467
[0.25337624]
468
[0.09941212]
469
[0.29061985]
470
[0.28640435]
471
[0.31435121]
472
[0.30812195]
473
[0.29317934]
474
[0.2813231]
475
[0.24522537]
476
[0.28204948]
477
[0.34793446]
478
[0.27199647]
479
[0.26607936]
480
[0.3744793]
481
[0.29302313]
482
[0.36461153]
483
[0.24067312]
484
[0.29378649]
485
[0.24141056]
486
[0.30452113]
487
[0.23789949]
488
[0.23915957]
489
[0.21896363]
490
[0.14751691]
491
[0.2813231]
492
[0.25917789]
493
[0.33038998]
494
[0.2291389]
495
[0.23982624]
496
[0.13795028]
497
[0.12052561]
498
[0.25018517]
499
[1] 2500   11
[1] 2500   11
[0.25846005]
