LOADING R
R LOADED
[1] "/home/lvanderl/Rlibs2"                         
[2] "/app/software/R/4.3.1-gfbf-2022b/lib/R/library"
[1] "/home/lvanderl/sieveSims"
[1] "xg 10 2"
[1] 0.04276097
[1] 0.04276097
[1] 0.04276097
159.38775510204084
0
[0.26979818]
1
[0.26785952]
2
[0.2341566]
3
[0.34751167]
4
[0.26425886]
5
[0.20779074]
6
[0.24595283]
7
[0.31122901]
8
[0.27432433]
9
[0.34110397]
10
[0.27874081]
11
[0.30021974]
12
[0.23920812]
13
[0.3487297]
14
[0.25606428]
15
[0.33526536]
16
[0.29839908]
17
[0.38911667]
18
[0.23681735]
19
[0.21369959]
20
[0.17652748]
21
[0.16852459]
22
[0.26117978]
23
[0.23866263]
24
[0.18657705]
25
[0.21129485]
26
[0.27740404]
27
[0.23322373]
28
[0.26289372]
29
[0.23490587]
30
[0.2323602]
31
[0.19627383]
32
[0.30067552]
33
[0.30014186]
34
[0.16828888]
35
[0.15699464]
36
[0.22567433]
37
[0.18441801]
38
[0.28560664]
39
[0.3303583]
40
[0.18633109]
41
[0.22351357]
42
[0.20790894]
43
[0.28027639]
44
[0.21956637]
45
[0.22236365]
46
[0.32905693]
47
[0.25184028]
48
[0.38138515]
49
[0.26448354]
50
[0.31469148]
51
[0.23238276]
52
[0.26472426]
53
[0.12861324]
54
[0.27318103]
55
[0.19779292]
56
[0.18615976]
57
[0.31066258]
58
[0.20045368]
59
[0.2855979]
60
[0.2070142]
61
[0.30777087]
62
[0.23060892]
63
[0.16459749]
64
[0.27761563]
65
[0.27375208]
66
[0.25012114]
67
[0.32276258]
68
[0.24531132]
69
[0.17118535]
70
[0.21043273]
71
[0.27926718]
72
[0.18614233]
73
[0.26281987]
74
[0.29139873]
75
[0.16770248]
76
[0.22635999]
77
[0.19295732]
78
[0.24415671]
79
[0.23874948]
80
[0.2624728]
81
[0.23096538]
82
[0.22698293]
83
[0.22252466]
84
[0.22021672]
85
[0.3849364]
86
[0.16224968]
87
[0.21762828]
88
[0.27318103]
89
[0.23560036]
90
[0.2850599]
91
[0.23248772]
92
[0.22620562]
93
[0.32868012]
94
[0.20312258]
95
[0.21354069]
96
[0.18981065]
97
[0.28122409]
98
[0.2872032]
99
[0.28268432]
100
[0.24791885]
101
[0.29801477]
102
[0.23842608]
103
[0.19465103]
104
[0.2811633]
105
[0.28707471]
106
[0.304323]
107
[0.30837228]
108
[0.17739378]
109
[0.25078763]
110
[0.24303635]
111
[0.15814929]
112
[0.26969437]
113
[0.24905241]
114
[0.27653245]
115
[0.27783341]
116
[0.24559045]
117
[0.30954471]
118
[0.25386546]
119
[0.22173973]
120
[0.25430632]
121
[0.18957526]
122
[0.33854255]
123
[0.28882757]
124
[0.26253801]
125
[0.24036503]
126
[0.29362632]
127
[0.2341566]
128
[0.29446709]
129
[0.18714989]
130
[0.26816666]
131
[0.2438651]
132
[0.3046511]
133
[0.24298492]
134
[0.21730514]
135
[0.34560364]
136
[0.26974423]
137
[0.27999568]
138
[0.25593002]
139
[0.23190286]
140
[0.29294185]
141
[0.22212983]
142
[0.17522849]
143
[0.29712785]
144
[0.24536663]
145
[0.23886659]
146
[0.18271529]
147
[0.32430256]
148
[0.30927373]
149
[0.21827617]
150
[0.2516716]
151
[0.21539761]
152
[0.23149584]
153
[0.16577259]
154
[0.36542061]
155
[0.26369927]
156
[0.2582388]
157
[0.20577519]
158
[0.26370401]
159
[0.23859119]
160
[0.28063814]
161
[0.25467662]
162
[0.28360333]
163
[0.24698549]
164
[0.2424747]
165
[0.33171769]
166
[0.25189498]
167
[0.25552459]
168
[0.20683003]
169
[0.28474202]
170
[0.30413486]
171
[0.32406529]
172
[0.25100806]
173
[0.19779292]
174
[0.21447265]
175
[0.22067295]
176
[0.18597494]
177
[0.26515595]
178
[0.23560857]
179
[0.20455557]
180
[0.2011786]
181
[0.20577519]
182
[0.2110967]
183
[0.25868886]
184
[0.26136516]
185
[0.20577519]
186
[0.26502984]
187
[0.27597751]
188
[0.18686712]
189
[0.29906289]
190
[0.24036503]
191
[0.28928329]
192
[0.23786813]
193
[0.20666211]
194
[0.27685786]
195
[0.22852574]
196
[0.31644116]
197
[0.17112957]
198
[0.23643204]
199
[0.2611124]
200
[0.20398719]
201
[0.30777087]
202
[0.22616415]
203
[0.26608568]
204
[0.23747134]
205
[0.20744533]
206
[0.23462367]
207
[0.196906]
208
[0.33078527]
209
[0.25625823]
210
[0.21198362]
211
[0.31609057]
212
[0.27672871]
213
[0.18719127]
214
[0.26874644]
215
[0.3077709]
216
[0.21142974]
217
[0.29020153]
218
[0.23807413]
219
[0.17688406]
220
[0.31270272]
221
[0.27850255]
222
[0.27052028]
223
[0.2110967]
224
[0.28678163]
225
[0.13066005]
226
[0.28115195]
227
[0.12950015]
228
[0.21721425]
229
[0.26076417]
230
[0.16980176]
231
[0.29512812]
232
[0.31396739]
233
[0.21944934]
234
[0.25632957]
235
[0.25732984]
236
[0.20311443]
237
[0.22225142]
238
[0.29196075]
239
[0.26237343]
240
[0.31930082]
241
[0.30238605]
242
[0.28935023]
243
[0.3699898]
244
[0.20675137]
245
[0.18838585]
246
[0.24240803]
247
[0.24625003]
248
[0.21996589]
249
[0.26623158]
250
[0.29670969]
251
[0.17118535]
252
[0.28327165]
253
[0.28053538]
254
[0.15020689]
255
[0.23643809]
256
[0.28117728]
257
[0.2669726]
258
[0.29954924]
259
[0.34593964]
260
[0.22456409]
261
[0.24125195]
262
[0.15770364]
263
[0.28382406]
264
[0.20523208]
265
[0.33809648]
266
[0.26380455]
267
[0.33615228]
268
[0.31256501]
269
[0.08298555]
270
[0.23977447]
271
[0.25115015]
272
[0.29091941]
273
[0.2221616]
274
[0.2340815]
275
[0.20820909]
276
[0.26347485]
277
[0.24906895]
278
[0.2894086]
279
[0.24869256]
280
[0.20852231]
281
[0.27275338]
282
[0.28341291]
283
[0.22235022]
284
[0.27353692]
285
[0.24540406]
286
[0.14635162]
287
[0.34342796]
288
[0.30074271]
289
[0.196906]
290
[0.27347305]
291
[0.22351357]
292
[0.21318045]
293
[0.20729182]
294
[0.289917]
295
[0.28635352]
296
[0.2997886]
297
[0.29299822]
298
[0.28435024]
299
[0.15723742]
300
[0.18630202]
301
[0.23928859]
302
[0.2855979]
303
[0.23820654]
304
[0.1960115]
305
[0.18172342]
306
[0.22606991]
307
[0.24691743]
308
[0.32381258]
309
[0.27449131]
310
[0.24746038]
311
[0.2231125]
312
[0.18993741]
313
[0.25235339]
314
[0.21653375]
315
[0.33437844]
316
[0.30718737]
317
[0.29358017]
318
[0.20843595]
319
[0.34607896]
320
[0.20906571]
321
[0.1975995]
322
[0.26413856]
323
[0.33171769]
324
[0.19476397]
325
[0.26431184]
326
[0.35034299]
327
[0.16599468]
328
[0.29211178]
329
[0.25899033]
330
[0.2098066]
331
[0.27850255]
332
[0.20702416]
333
[0.21505066]
334
[0.32550925]
335
[0.26146607]
336
[0.2544007]
337
[0.26993011]
338
[0.21287054]
339
[0.2816408]
340
[0.17726778]
341
[0.30179241]
342
[0.26904516]
343
[0.30688003]
344
[0.27145137]
345
[0.23593044]
346
[0.2997886]
347
[0.24885453]
348
[0.26255855]
349
[0.20354284]
350
[0.31397461]
351
[0.13836934]
352
[0.29984816]
353
[0.258147]
354
[0.26874644]
355
[0.26874644]
356
[0.2195611]
357
[0.31504429]
358
[0.1874186]
359
[0.15522081]
360
[0.26289567]
361
[0.2400966]
362
[0.23579631]
363
[0.24479963]
364
[0.21730514]
365
[0.18361959]
366
[0.16570656]
367
[0.34413455]
368
[0.1676731]
369
[0.34058688]
370
[0.22901771]
371
[0.21565689]
372
[0.28293714]
373
[0.24844703]
374
[0.24500697]
375
[0.22551515]
376
[0.17916762]
377
[0.28265664]
378
[0.18439226]
379
[0.23364908]
380
[0.19601908]
381
[0.229722]
382
[0.29977451]
383
[0.25189498]
384
[0.27597141]
385
[0.1582925]
386
[0.39340998]
387
[0.29565382]
388
[0.28644112]
389
[0.32843408]
390
[0.27239953]
391
[0.33390631]
392
[0.30861233]
393
[0.26604118]
394
[0.20081958]
395
[0.16054232]
396
[0.21970967]
397
[0.20577519]
398
[0.21297261]
399
[0.30581177]
400
[0.29003249]
401
[0.1930456]
402
[0.12329172]
403
[0.09143768]
404
[0.22173973]
405
[0.23051693]
406
[0.25987725]
407
[0.30505651]
408
[0.18182838]
409
[0.24254889]
410
[0.29478312]
411
[0.30684486]
412
[0.22209469]
413
[0.27214504]
414
[0.27707865]
415
[0.2969056]
416
[0.28673547]
417
[0.17180409]
418
[0.33569539]
419
[0.29028306]
420
[0.2096649]
421
[0.2527819]
422
[0.2410167]
423
[0.229722]
424
[0.21119904]
425
[0.22475256]
426
[0.25433979]
427
[0.1748746]
428
[0.19779292]
429
[0.2421027]
430
[0.18994278]
431
[0.27737249]
432
[0.25264603]
433
[0.32476315]
434
[0.35437806]
435
[0.28196872]
436
[0.3727249]
437
[0.24568654]
438
[0.21020978]
439
[0.32542593]
440
[0.23748295]
441
[0.31664006]
442
[0.27256454]
443
[0.26338355]
444
[0.2699931]
445
[0.27535964]
446
[0.40686668]
447
[0.28727435]
448
[0.19158449]
449
[0.2527819]
450
[0.24877605]
451
[0.30660299]
452
[0.17926554]
453
[0.28817295]
454
[0.26226747]
455
[0.26180661]
456
[0.18925565]
457
[0.20139695]
458
[0.31397931]
459
[0.2055963]
460
[0.3063509]
461
[0.30156244]
462
[0.27318103]
463
[0.27891804]
464
[0.23647482]
465
[0.1830652]
466
[0.20134059]
467
[0.31486623]
468
[0.2172451]
469
[0.18102912]
470
[0.2483473]
471
[0.22794816]
472
[0.30050559]
473
[0.20400135]
474
[0.3414738]
475
[0.27669562]
476
[0.19499878]
477
[0.23030058]
478
[0.2341566]
479
[0.21464438]
480
[0.27760559]
481
[0.17033966]
482
[0.27683576]
483
[0.27296858]
484
[0.21692604]
485
[0.16541263]
486
[0.2517125]
487
[0.24815113]
488
[0.24549505]
489
[0.29374793]
490
[0.2155313]
491
[0.23593044]
492
[0.30303821]
493
[0.30844461]
494
[0.29615187]
495
[0.26356968]
496
[0.16821042]
497
[0.26403081]
498
[0.26187084]
499
[1] 2500   11
[1] 2500   11
[0.35802363]
