LOADING R
R LOADED
[1] "/home/lvanderl/Rlibs2"                         
[2] "/app/software/R/4.3.1-gfbf-2022b/lib/R/library"
[1] "/home/lvanderl/sieveSims"
[1] "gam 3 1"
[1] "histogram binning"
[1] 0.04275104
[1] 0.04275104
[1] "mondrian"
[1] "iso"
[1] 0.04275104
[1] "conditional"
[   10.            11.51395399    13.25711366    15.26417967
    17.57510625    20.23589648    23.29951811    26.82695795
    30.88843596    35.56480306    40.94915062    47.14866363
    54.28675439    62.50551925    71.9685673     82.86427729
    95.40954763   109.8541142    126.48552169   145.63484775
   167.68329368   193.06977289   222.29964825   255.95479227
   294.70517026   339.32217719   390.69399371   449.8432669
   517.94746792   596.36233166   686.648845     790.60432109
   910.29817799  1048.11313415  1206.79264064  1389.49549437
  1599.85871961  1842.06996933  2120.95088792  2442.05309455
  2811.76869797  3237.45754282  3727.59372031  4291.93426013
  4941.71336132  5689.86602902  6551.2855686   7543.12006335
  8685.11373751 10000.        ]
[0.0650811  0.06570118 0.05965709 0.06112238 0.06133163 0.05796285
 0.06447971 0.06788363 0.06306336 0.07094635 0.06902687 0.08622085
 0.07396346 0.07513807 0.09258467 0.11445591 0.11043205 0.12093993
 0.11526753 0.13453337 0.18303597 0.15834178 0.20540235 0.27462081
 0.24391886 0.27694504 0.35000696 0.37960452 0.51023518 0.50523762
 0.65612897 0.66823019 0.5527729  0.8991969  1.2836116  0.9482429
 1.37625703 1.22322628 1.83632386 1.71797014 2.13411921 2.31492813
 2.58391842 2.77197081 4.56339378 5.52695228 5.59586658 5.31275072
 6.21857091 7.78690773]
20.235896477251575
0.04941713361323833
0
[0.06488924]
1
[0.06832517]
2
[0.07423146]
3
[0.06092261]
4
[0.06762077]
5
[0.0669588]
6
[0.06132111]
7
[0.06448921]
8
[0.06176874]
9
[0.06045251]
10
[0.06288253]
11
[0.07172948]
12
[0.06519048]
13
[0.06460395]
14
[0.07832702]
15
[0.06050577]
16
[0.06427397]
17
[0.05670448]
18
[0.06498115]
19
[0.05729421]
20
[0.07557598]
21
[0.06613654]
22
[0.0509346]
23
[0.05871362]
24
[0.06452568]
25
[0.06170436]
26
[0.05503025]
27
[0.07137068]
28
[0.05846415]
29
[0.06259147]
30
[0.08902548]
31
[0.07599808]
32
[0.06968637]
33
[0.05880933]
34
[0.06055361]
35
[0.06432213]
36
[0.07569569]
37
[0.05601701]
38
[0.06386609]
39
[0.06679039]
40
[0.06921733]
41
[0.07608907]
42
[0.06455765]
43
[0.05910708]
44
[0.06165228]
45
[0.07729422]
46
[0.06633696]
47
[0.06661986]
48
[0.05966765]
49
[0.0615941]
50
[0.06965177]
51
[0.0676652]
52
[0.06629065]
53
[0.06502445]
54
[0.07836688]
55
[0.0662973]
56
[0.07137215]
57
[0.06229204]
58
[0.06934492]
59
[0.06361904]
60
[0.06012547]
61
[0.05826952]
62
[0.05643146]
63
[0.06619317]
64
[0.05353161]
65
[0.07150596]
66
[0.06596238]
67
[0.0725698]
68
[0.07461145]
69
[0.05170969]
70
[0.05982571]
71
[0.06027155]
72
[0.06570076]
73
[0.06613458]
74
[0.07813435]
75
[0.05094748]
76
[0.06000018]
77
[0.05931423]
78
[0.07191044]
79
[0.08106634]
80
[0.07722212]
81
[0.05955479]
82
[0.05332385]
83
[0.05242554]
84
[0.08779201]
85
[0.07369434]
86
[0.06426895]
87
[0.05603185]
88
[0.06031548]
89
[0.05616118]
90
[0.06093391]
91
[0.07246841]
92
[0.05640347]
93
[0.06811632]
94
[0.05799763]
95
[0.0617048]
96
[0.05787849]
97
[0.05978066]
98
[0.06720919]
99
[0.06963981]
100
[0.06322964]
101
[0.06467684]
102
[0.07390273]
103
[0.07228819]
104
[0.06196243]
105
[0.05858183]
106
[0.08336274]
107
[0.0541044]
108
[0.06259962]
109
[0.06899001]
110
[0.05164961]
111
[0.05758361]
112
[0.05595784]
113
[0.06148735]
114
[0.07585568]
115
[0.05791006]
116
[0.06524775]
117
[0.05362145]
118
[0.07014237]
119
[0.06262781]
120
[0.05826949]
121
[0.06105301]
122
[0.06062292]
123
[0.06151167]
124
[0.06052807]
125
[0.05985111]
126
[0.05564529]
127
[0.0555528]
128
[0.05437984]
129
[0.06849197]
130
[0.06427062]
131
[0.0599395]
132
[0.07194913]
133
[0.06488232]
134
[0.08149395]
135
[0.0612907]
136
[0.0554602]
137
[0.05861983]
138
[0.05635562]
139
[0.06768301]
140
[0.07646402]
141
[0.05251435]
142
[0.06531762]
143
[0.07993502]
144
[0.08051]
145
[0.0542982]
146
[0.06740843]
147
[0.06026151]
148
[0.0547624]
149
[0.05780862]
150
[0.05952494]
151
[0.07250261]
152
[0.06096707]
153
[0.07295826]
154
[0.07564063]
155
[0.05592855]
156
[0.06817812]
157
[0.05875919]
158
[0.05261056]
159
[0.05502654]
160
[0.07329109]
161
[0.07731432]
162
[0.06352974]
163
[0.06521946]
164
[0.07476943]
165
[0.06995532]
166
[0.05525736]
167
[0.05271588]
168
[0.06504163]
169
[0.07287448]
170
[0.05976175]
171
[0.06486804]
172
[0.06798993]
173
[0.0680631]
174
[0.05724507]
175
[0.06538105]
176
[0.06740783]
177
[0.05571092]
178
[0.06052526]
179
[0.07419148]
180
[0.07487034]
181
[0.07277203]
182
[0.06249203]
183
[0.0648741]
184
[0.06437324]
185
[0.05712892]
186
[0.06261162]
187
[0.05448282]
188
[0.0618563]
189
[0.05644894]
190
[0.05903998]
191
[0.0494514]
192
[0.0709245]
193
[0.06062914]
194
[0.06126887]
195
[0.06504532]
196
[0.06214212]
197
[0.06756992]
198
[0.05749232]
199
[0.06391365]
200
[0.06400927]
201
[0.06743427]
202
[0.07389697]
203
[0.0635055]
204
[0.0728791]
205
[0.06915832]
206
[0.06176575]
207
[0.0523678]
208
[0.06276618]
209
[0.07563376]
210
[0.06317034]
211
[0.05822962]
212
[0.06025194]
213
[0.05977635]
214
[0.0587282]
215
[0.05957407]
216
[0.06003667]
217
[0.06769737]
218
[0.06719931]
219
[0.05608221]
220
[0.06823153]
221
[0.06505315]
222
[0.07753633]
223
[0.07337195]
224
[0.04991029]
225
[0.06345119]
226
[0.0732144]
227
[0.0619316]
228
[0.05779483]
229
[0.06596342]
230
[0.06893136]
231
[0.06299154]
232
[0.06459025]
233
[0.06962596]
234
[0.05239466]
235
[0.05967156]
236
[0.06897182]
237
[0.07641788]
238
[0.06488055]
239
[0.08230744]
240
[0.07493727]
241
[0.06433314]
242
[0.05726117]
243
[0.08846596]
244
[0.07469254]
245
[0.0648394]
246
[0.0843242]
247
[0.06920157]
248
[0.0532744]
249
[0.07887647]
250
[0.08045308]
251
[0.05833983]
252
[0.06197093]
253
[0.06453068]
254
[0.06480742]
255
[0.06390194]
256
[0.0630247]
257
[0.06445047]
258
[0.06058553]
259
[0.08433469]
260
[0.05365053]
261
[0.06090312]
262
[0.06178087]
263
[0.06267949]
264
[0.05972335]
265
[0.05076188]
266
[0.05478838]
267
[0.05744607]
268
[0.05609524]
269
[0.07359037]
270
[0.06059178]
271
[0.05883675]
272
[0.06523686]
273
[0.09653131]
274
[0.0603667]
275
[0.07577075]
276
[0.05962998]
277
[0.0645129]
278
[0.05443931]
279
[0.05622719]
280
[0.05921493]
281
[0.06360224]
282
[0.07103358]
283
[0.06925929]
284
[0.05452455]
285
[0.07827116]
286
[0.08641618]
287
[0.06519627]
288
[0.06771659]
289
[0.05965942]
290
[0.06340362]
291
[0.06612935]
292
[0.05741317]
293
[0.06316624]
294
[0.05830972]
295
[0.06399355]
296
[0.06199307]
297
[0.10242286]
298
[0.06269039]
299
[0.0704582]
300
[0.06282391]
301
[0.07945519]
302
[0.0597935]
303
[0.06035014]
304
[0.07331086]
305
[0.07014618]
306
[0.06641197]
307
[0.06985819]
308
[0.06742307]
309
[0.06122456]
310
[0.07072355]
311
[0.06387772]
312
[0.06585131]
313
[0.06377138]
314
[0.06097851]
315
[0.0658867]
316
[0.0724032]
317
[0.06246068]
318
[0.06802215]
319
[0.07057059]
320
[0.06853546]
321
[0.06734085]
322
[0.08539872]
323
[0.06365065]
324
[0.08580363]
325
[0.07379774]
326
[0.05806398]
327
[0.07024774]
328
[0.06536364]
329
[0.05739613]
330
[0.05875739]
331
[0.06893138]
332
[0.07677398]
333
[0.05200206]
334
[0.07722883]
335
[0.06357264]
336
[0.06087911]
337
[0.06144959]
338
[0.06563025]
339
[0.06619396]
340
[0.05367685]
341
[0.05955181]
342
[0.05516841]
343
[0.0644839]
344
[0.05194605]
345
[0.05837401]
346
[0.04835885]
347
[0.05585152]
348
[0.07439099]
349
[0.06241813]
350
[0.07215244]
351
[0.08109641]
352
[0.05379977]
353
[0.0529736]
354
[0.07360954]
355
[0.06274075]
356
[0.06090295]
357
[0.06451786]
358
[0.06237394]
359
[0.05592939]
360
[0.0648635]
361
[0.05883063]
362
[0.06385619]
363
[0.05426958]
364
[0.05567486]
365
[0.05396289]
366
[0.06100131]
367
[0.05959542]
368
[0.06353431]
369
[0.06891883]
370
[0.06976539]
371
[0.05359682]
372
[0.06269624]
373
[0.05987778]
374
[0.07003978]
375
[0.07542319]
376
[0.05563002]
377
[0.06081273]
378
[0.0694417]
379
[0.07250367]
380
[0.06268081]
381
[0.06541206]
382
[0.06211753]
383
[0.06022819]
384
[0.05282893]
385
[0.06041112]
386
[0.06138276]
387
[0.06186923]
388
[0.08456172]
389
[0.0583461]
390
[0.05687971]
391
[0.07087227]
392
[0.05967821]
393
[0.05847341]
394
[0.05763494]
395
[0.0691365]
396
[0.06200105]
397
[0.05819973]
398
[0.05452448]
399
[0.06720926]
400
[0.06831078]
401
[0.05822331]
402
[0.0556857]
403
[0.06017597]
404
[0.05846265]
405
[0.05856912]
406
[0.0638286]
407
[0.05685581]
408
[0.06500316]
409
[0.06505654]
410
[0.06527731]
411
[0.05915181]
412
[0.06011873]
413
[0.06173648]
414
[0.06091172]
415
[0.08925884]
416
[0.07752851]
417
[0.04945367]
418
[0.06044592]
419
[0.07730053]
420
[0.06241297]
421
[0.05840729]
422
[0.06479378]
423
[0.06804161]
424
[0.06232562]
425
[0.076144]
426
[0.06455414]
427
[0.06971785]
428
[0.05840213]
429
[0.06654889]
430
[0.05361489]
431
[0.07549354]
432
[0.06356709]
433
[0.07488259]
434
[0.08774923]
435
[0.06595565]
436
[0.05805953]
437
[0.0556355]
438
[0.06115602]
439
[0.06991311]
440
[0.06398646]
441
[0.06377932]
442
[0.05915069]
443
[0.07097423]
444
[0.08305266]
445
[0.06058434]
446
[0.05906673]
447
[0.06124324]
448
[0.06997015]
449
[0.05981124]
450
[0.08142609]
451
[0.06042131]
452
[0.07567335]
453
[0.07908581]
454
[0.06497945]
455
[0.06888999]
456
[0.05162978]
457
[0.07584834]
458
[0.05467647]
459
[0.06027883]
460
[0.07430528]
461
[0.06844755]
462
[0.06474829]
463
[0.06666818]
464
[0.06075443]
465
[0.05154049]
466
[0.06883413]
467
[0.06220254]
468
[0.07227]
469
[0.06392782]
470
[0.08514782]
471
[0.0729251]
472
[0.05979568]
473
[0.05336182]
474
[0.05501903]
475
[0.05736446]
476
[0.05854814]
477
[0.05352395]
478
[0.06507369]
479
[0.0481299]
480
[0.05226551]
481
[0.04796058]
482
[0.06116199]
483
[0.05866948]
484
[0.06692961]
485
[0.05603279]
486
[0.0583199]
487
[0.06696593]
488
[0.06596391]
489
[0.07771248]
490
[0.05416222]
491
[0.07134735]
492
[0.05351964]
493
[0.07094598]
494
[0.05827148]
495
[0.0721372]
496
[0.07703028]
497
[0.075254]
498
[0.08375571]
499
[0.06470516]
500
[0.06730981]
501
[0.05985331]
502
[0.07871658]
503
[0.05728141]
504
[0.06676788]
505
[0.06932094]
506
[0.05202242]
507
[0.05909472]
508
[0.06890629]
509
[0.06751841]
510
[0.06527243]
511
[0.06755857]
512
[0.06003447]
513
[0.06791377]
514
[0.05439297]
515
[0.04865534]
516
[0.06226041]
517
[0.06514027]
518
[0.06372042]
519
[0.0696355]
520
[0.06638739]
521
[0.07406304]
522
[0.0765671]
523
[0.06205731]
524
[0.06096505]
525
[0.06263199]
526
[0.06497416]
527
[0.05689525]
528
[0.0695166]
529
[0.05028903]
530
[0.06024002]
531
[0.06261528]
532
[0.06728415]
533
[0.06102231]
534
[0.06209369]
535
[0.06296547]
536
[0.06617855]
537
[0.06236371]
538
[0.0669359]
539
[0.05923695]
540
[0.07095093]
541
[0.06073311]
542
[0.05371246]
543
[0.05773656]
544
[0.06042112]
545
[0.07045062]
546
[0.0662067]
547
[0.0568954]
548
[0.05513674]
549
[0.07215681]
550
[0.05854884]
551
[0.06411793]
552
[0.07024697]
553
[0.05872474]
554
[0.05530664]
555
[0.09363607]
556
[0.06614383]
557
[0.0555652]
558
[0.05306988]
559
[0.06187498]
560
[0.06588922]
561
[0.07902945]
562
[0.0693985]
563
[0.06213727]
564
[0.05084625]
565
[0.05396288]
566
[0.06442437]
567
[0.0751511]
568
[0.0556787]
569
[0.08976146]
570
[0.06200962]
571
[0.0629638]
572
[0.05883378]
573
[0.07910843]
574
[0.060987]
575
[0.05740907]
576
[0.05716119]
577
[0.06882838]
578
[0.0736998]
579
[0.05226325]
580
[0.06568318]
581
[0.06900094]
582
[0.06649698]
583
[0.0613963]
584
[0.05492716]
585
[0.06851069]
586
[0.06113696]
587
[0.05757123]
588
[0.06116526]
589
[0.06639368]
590
[0.05839498]
591
[0.06447074]
592
[0.05319057]
593
[0.08430311]
594
[0.07505058]
595
[0.06744873]
596
[0.0532707]
597
[0.05997432]
598
[0.05157463]
599
[0.06372311]
600
[0.06625109]
601
[0.08345329]
602
[0.06917113]
603
[0.06255723]
604
[0.06731666]
605
[0.05748684]
606
[0.06214089]
607
[0.06909216]
608
[0.05122373]
609
[0.05744551]
610
[0.06441623]
611
[0.06751453]
612
[0.07821457]
613
[0.0781361]
614
[0.06814671]
615
[0.05896192]
616
[0.05715162]
617
[0.10082707]
618
[0.06036884]
619
[0.05027826]
620
[0.05966537]
621
[0.06286341]
622
[0.05830091]
623
[0.06657957]
624
[0.08496084]
625
[0.06541872]
626
[0.05690029]
627
[0.06095507]
628
[0.07992703]
629
[0.05826482]
630
[0.0502928]
631
[0.07560297]
632
[0.06944766]
633
[0.0601301]
634
[0.06310181]
635
[0.07474845]
636
[0.0621202]
637
[0.07526366]
638
[0.06114857]
639
[0.05851265]
640
[0.06795046]
641
[0.05628499]
642
[0.05948222]
643
[0.07526993]
644
[0.0721329]
645
[0.07822566]
646
[0.06779844]
647
[0.05811888]
648
[0.06205766]
649
[0.06952645]
650
[0.07496888]
651
[0.06260191]
652
[0.06606124]
653
[0.06694324]
654
[0.0692652]
655
[0.07395313]
656
[0.05649953]
657
[0.06057828]
658
[0.07037219]
659
[0.07112923]
660
[0.06003991]
661
[0.05578151]
662
[0.06182809]
663
[0.09176531]
664
[0.05775259]
665
[0.07571534]
666
[0.05690775]
667
[0.08390356]
668
[0.06240069]
669
[0.06200577]
670
[0.06380976]
671
[0.05384946]
672
[0.05766041]
673
[0.05600454]
674
[0.0634923]
675
[0.05178045]
676
[0.0485506]
677
[0.05780866]
678
[0.07549101]
679
[0.05101856]
680
[0.07919655]
681
[0.05658355]
682
[0.06685415]
683
[0.06634727]
684
[0.0593034]
685
[0.07525958]
686
[0.06231031]
687
[0.05055535]
688
[0.06563978]
689
[0.05723974]
690
[0.06157845]
691
[0.05499795]
692
[0.07096393]
693
[0.06744276]
694
[0.0679744]
695
[0.05765345]
696
[0.05230413]
697
[0.05826031]
698
[0.05274259]
699
[0.06014358]
700
[0.0599128]
701
[0.05794094]
702
[0.06407153]
703
[0.05187118]
704
[0.0528669]
705
[0.06088395]
706
[0.05920922]
707
[0.05708763]
708
[0.0606613]
709
[0.05685742]
710
[0.06144867]
711
[0.05787383]
712
[0.0683207]
713
[0.05920091]
714
[0.04802242]
715
[0.06310698]
716
[0.05874075]
717
[0.06475419]
718
[0.05579059]
719
[0.06009854]
720
[0.0617817]
721
[0.05388622]
722
[0.05917277]
723
[0.05776914]
724
[0.05303609]
725
[0.08093383]
726
[0.06871619]
727
[0.05739139]
728
[0.0602516]
729
[0.05784297]
730
[0.06464501]
731
[0.05243479]
732
[0.05477062]
733
[0.06516707]
734
[0.07812762]
735
[0.08039884]
736
[0.05927618]
737
[0.06676788]
738
[0.07524596]
739
[0.08154105]
740
[0.0635451]
741
[0.06429327]
742
[0.05475206]
743
[0.08716186]
744
[0.07918254]
745
[0.06431827]
746
[0.04693249]
747
[0.0561383]
748
[0.06813815]
749
[0.06216926]
750
[0.06228386]
751
[0.05352764]
752
[0.07389411]
753
[0.07065525]
754
[0.05719812]
755
[0.05883058]
756
[0.06236115]
757
[0.05141037]
758
[0.0659706]
759
[0.05325321]
760
[0.0628303]
761
[0.07335544]
762
[0.06338022]
763
[0.09533306]
764
[0.06315975]
765
[0.05250275]
766
[0.06103255]
767
[0.05635873]
768
[0.05710435]
769
[0.07401186]
770
[0.05091206]
771
[0.07207236]
772
[0.05953071]
773
[0.05612328]
774
[0.06158262]
775
[0.06227601]
776
[0.06409042]
777
[0.07124561]
778
[0.05170969]
779
[0.07334661]
780
[0.06845233]
781
[0.05135184]
782
[0.05716632]
783
[0.06460038]
784
[0.068124]
785
[0.05840164]
786
[0.07156262]
787
[0.07235463]
788
[0.08136224]
789
[0.07492218]
790
[0.05877496]
791
[0.06373206]
792
[0.05769804]
793
[0.06020939]
794
[0.06744705]
795
[0.05599738]
796
[0.06151739]
797
[0.06494427]
798
[0.07361839]
799
[0.09156749]
800
[0.07955272]
801
[0.06545726]
802
[0.0744908]
803
[0.07448168]
804
[0.07968634]
805
[0.0516714]
806
[0.07326086]
807
[0.06599826]
808
[0.07647454]
809
[0.05998663]
810
[0.06410355]
811
[0.06369558]
812
[0.05686362]
813
[0.070197]
814
[0.06243756]
815
[0.06691071]
816
[0.06204262]
817
[0.06212376]
818
[0.08182436]
819
[0.06696721]
820
[0.05865655]
821
[0.05058125]
822
[0.06447438]
823
[0.05600984]
824
[0.062512]
825
[0.06618238]
826
[0.07181867]
827
[0.07401469]
828
[0.06415416]
829
[0.05900407]
830
[0.05875495]
831
[0.05780219]
832
[0.07676959]
833
[0.05785948]
834
[0.061755]
835
[0.06130726]
836
[0.05450331]
837
[0.06422206]
838
[0.05927117]
839
[0.06328442]
840
[0.0627758]
841
[0.06961793]
842
[0.07293212]
843
[0.05646346]
844
[0.05278761]
845
[0.06195207]
846
[0.05629321]
847
[0.05980209]
848
[0.0507887]
849
[0.05450172]
850
[0.07045676]
851
[0.0601039]
852
[0.06072809]
853
[0.06004723]
854
[0.07707423]
855
[0.06363997]
856
[0.07258519]
857
[0.05756578]
858
[0.05763046]
859
[0.06611153]
860
[0.06374683]
861
[0.09718853]
862
[0.06170783]
863
[0.06011422]
864
[0.06811418]
865
[0.06772711]
866
[0.06665428]
867
[0.05042774]
868
[0.07665905]
869
[0.07164499]
870
[0.05245154]
871
[0.06982935]
872
[0.07038738]
873
[0.06187363]
874
[0.06060176]
875
[0.06455758]
876
[0.05964865]
877
[0.05608554]
878
[0.06927604]
879
[0.06219283]
880
[0.07441988]
881
[0.05900869]
882
[0.06179284]
883
[0.05862469]
884
[0.06686868]
885
[0.05812272]
886
[0.05838762]
887
[0.04856594]
888
[0.05371614]
889
[0.06756238]
890
[0.06015858]
891
[0.06413997]
892
[0.0663448]
893
[0.05920003]
894
[0.06430409]
895
[0.06475019]
896
[0.05812983]
897
[0.0487967]
898
[0.06515929]
899
[0.07291177]
900
[0.07321322]
901
[0.07216792]
902
[0.05748118]
903
[0.06777948]
904
[0.05812229]
905
[0.059774]
906
[0.06261861]
907
[0.05326884]
908
[0.06327938]
909
[0.0632291]
910
[0.07120594]
911
[0.06036655]
912
[0.07249862]
913
[0.05962928]
914
[0.06158063]
915
[0.0632043]
916
[0.04979131]
917
[0.06262555]
918
[0.05856579]
919
[0.0711828]
920
[0.06700946]
921
[0.05832315]
922
[0.07015715]
923
[0.05764611]
924
[0.06856728]
925
[0.05550353]
926
[0.05138608]
927
[0.06239596]
928
[0.06472393]
929
[0.07558355]
930
[0.065438]
931
[0.06098812]
932
[0.07816243]
933
[0.08359085]
934
[0.06014312]
935
[0.05278639]
936
[0.07325822]
937
[0.06822476]
938
[0.0684814]
939
[0.05269729]
940
[0.067775]
941
[0.06368681]
942
[0.05530519]
943
[0.05266575]
944
[0.07212318]
945
[0.0678397]
946
[0.06394603]
947
[0.06289654]
948
[0.05973875]
949
[0.06305948]
950
[0.05651291]
951
[0.06706315]
952
[0.05195665]
953
[0.05920831]
954
[0.0738514]
955
[0.06235488]
956
[0.06009541]
957
[0.06178353]
958
[0.0544694]
959
[0.07012445]
960
[0.06483131]
961
[0.0642818]
962
[0.06911292]
963
[0.0579691]
964
[0.05601145]
965
[0.06901957]
966
[0.06084061]
967
[0.05496343]
968
[0.09360978]
969
[0.05822171]
970
[0.05233675]
971
[0.07872455]
972
[0.06489072]
973
[0.0599228]
974
[0.06506617]
975
[0.0652225]
976
[0.05466266]
977
[0.06540091]
978
[0.0653764]
979
[0.04786167]
980
[0.07092361]
981
[0.06020411]
982
[0.05623702]
983
[0.06413851]
984
[0.05684536]
985
[0.0752189]
986
[0.05720372]
987
[0.05929437]
988
[0.06373848]
989
[0.06532019]
990
[0.06728324]
991
[0.06531912]
992
[0.07211004]
993
[0.05573614]
994
[0.07005815]
995
[0.10054511]
996
[0.06466803]
997
[0.06014743]
998
[0.0727798]
999
[0.06278526]
1000
[0.07707434]
1001
[0.06190303]
1002
[0.05858619]
1003
[0.07476631]
1004
[0.06768953]
1005
[0.06164136]
1006
[0.0770253]
1007
[0.06524355]
1008
[0.05809034]
1009
[0.06173143]
1010
[0.06293995]
1011
[0.06425501]
1012
[0.07283131]
1013
[0.05030836]
1014
[0.06278561]
1015
[0.08217972]
1016
[0.07724908]
1017
[0.04902421]
1018
[0.06623205]
1019
[0.06327342]
1020
[0.05985997]
1021
[0.06398457]
1022
[0.06730719]
1023
[0.05863343]
1024
[0.06630602]
1025
[0.05671747]
1026
[0.06382654]
1027
[0.06127032]
1028
[0.05791101]
1029
[0.06186353]
1030
[0.06502616]
1031
[0.06105176]
1032
[0.06027333]
1033
[0.0584949]
1034
[0.05794172]
1035
[0.0595185]
1036
[0.06553326]
1037
[0.05258619]
1038
[0.05924706]
1039
[0.06494808]
1040
[0.05548608]
1041
[0.07809184]
1042
[0.06019706]
1043
[0.06426951]
1044
[0.06905379]
1045
[0.05759465]
1046
[0.0630141]
1047
[0.06920793]
1048
[0.06891883]
1049
[0.0629853]
1050
[0.05477852]
1051
[0.09449036]
1052
[0.07753214]
1053
[0.05891082]
1054
[0.07150177]
1055
[0.07544123]
1056
[0.07405577]
1057
[0.05488726]
1058
[0.07369914]
1059
[0.06967757]
1060
[0.06305542]
1061
[0.06705252]
1062
[0.05734132]
1063
[0.06392861]
1064
[0.06258872]
1065
[0.06415947]
1066
[0.05954733]
1067
[0.06372714]
1068
[0.06516634]
1069
[0.06165989]
1070
[0.07141277]
1071
[0.06346548]
1072
[0.05192294]
1073
[0.06173556]
1074
[0.06477791]
1075
[0.05455173]
1076
[0.06541101]
1077
[0.06007328]
1078
[0.06291105]
1079
[0.06888227]
1080
[0.07811236]
1081
[0.06473516]
1082
[0.04764145]
1083
[0.05883186]
1084
[0.06058959]
1085
[0.05740192]
1086
[0.07190299]
1087
[0.06446943]
1088
[0.07319017]
1089
[0.05231223]
1090
[0.07066268]
1091
[0.06918786]
1092
[0.0667563]
1093
[0.06437523]
1094
[0.05442942]
1095
[0.05970534]
1096
[0.09616421]
1097
[0.05408181]
1098
[0.06273713]
1099
[0.05846456]
1100
[0.04979756]
1101
[0.06585]
1102
[0.06816999]
1103
[0.07206069]
1104
[0.06436573]
1105
[0.07423143]
1106
[0.07194335]
1107
[0.06530731]
1108
[0.05533364]
1109
[0.06142141]
1110
[0.06146919]
1111
[0.05111502]
1112
[0.05617314]
1113
[0.07102838]
1114
[0.07756799]
1115
[0.0570776]
1116
[0.05737515]
1117
[0.05767152]
1118
[0.07374146]
1119
[0.06483909]
1120
[0.06444192]
1121
[0.04888125]
1122
[0.06913367]
1123
[0.05263666]
1124
[0.05912507]
1125
[0.06734774]
1126
[0.06566564]
1127
[0.05630849]
1128
[0.06738697]
1129
[0.05238336]
1130
[0.07028298]
1131
[0.0579912]
1132
[0.07031122]
1133
[0.06935248]
1134
[0.06301595]
1135
[0.06242404]
1136
[0.0911573]
1137
[0.05280239]
1138
[0.0727003]
1139
[0.06315541]
1140
[0.06490613]
1141
[0.06373012]
1142
[0.06141669]
1143
[0.08001923]
1144
[0.07939969]
1145
[0.05229572]
1146
[0.05886356]
1147
[0.06582642]
1148
[0.05976748]
1149
[0.1005742]
1150
[0.07530752]
1151
[0.07083095]
1152
[0.06401588]
1153
[0.06876991]
1154
[0.06117497]
1155
[0.06886361]
1156
[0.08029714]
1157
[0.05467307]
1158
[0.06540249]
1159
[0.06831052]
1160
[0.05810318]
1161
[0.07334735]
1162
[0.06172588]
1163
[0.0566268]
1164
[0.06965142]
1165
[0.06005204]
1166
[0.08080074]
1167
[0.06955708]
1168
[0.08526909]
1169
[0.06424739]
1170
[0.05245667]
1171
[0.05900278]
1172
[0.05719587]
1173
[0.05710896]
1174
[0.05842633]
1175
[0.05963998]
1176
[0.06181217]
1177
[0.05869295]
1178
[0.06200367]
1179
[0.05097635]
1180
[0.0568656]
1181
[0.05147039]
1182
[0.07410986]
1183
[0.07629764]
1184
[0.06194426]
1185
[0.04652656]
1186
[0.07145601]
1187
[0.06010828]
1188
[0.06320019]
1189
[0.06063527]
1190
[0.06278643]
1191
[0.06336715]
1192
[0.05663354]
1193
[0.07815964]
1194
[0.06205347]
1195
[0.0719155]
1196
[0.0558458]
1197
[0.06414431]
1198
[0.05806384]
1199
[0.05963912]
1200
[0.05503497]
1201
[0.07918899]
1202
[0.06835811]
1203
[0.06088577]
1204
[0.04940086]
1205
[0.05874517]
1206
[0.0529861]
1207
[0.05240917]
1208
[0.0561429]
1209
[0.05118059]
1210
[0.06480971]
1211
[0.05846489]
1212
[0.05902942]
1213
[0.05818582]
1214
[0.04989509]
1215
[0.05886466]
1216
[0.06962475]
1217
[0.07858183]
1218
[0.04804045]
1219
[0.06236255]
1220
[0.05630765]
1221
[0.06876047]
1222
[0.07539415]
1223
[0.06039121]
1224
[0.06328229]
1225
[0.07954071]
1226
[0.07473128]
1227
[0.06520775]
1228
[0.06507435]
1229
[0.0693819]
1230
[0.06144002]
1231
[0.05987567]
1232
[0.06817905]
1233
[0.05775088]
1234
[0.0698865]
1235
[0.06472046]
1236
[0.07823506]
1237
[0.0642546]
1238
[0.0696742]
1239
[0.05626326]
1240
[0.06028549]
1241
[0.06657011]
1242
[0.07353171]
1243
[0.06140439]
1244
[0.06921932]
1245
[0.05766535]
1246
[0.0628369]
1247
[0.06257551]
1248
[0.05725734]
1249
[0.07283664]
1250
[0.0627509]
1251
[0.07805098]
1252
[0.06424894]
1253
[0.04778329]
1254
[0.06327333]
1255
[0.05078683]
1256
[0.06409272]
1257
[0.07849608]
1258
[0.06570032]
1259
[0.06017958]
1260
[0.05729257]
1261
[0.06203306]
1262
[0.0639708]
1263
[0.07165479]
1264
[0.0554918]
1265
[0.06395454]
1266
[0.05690936]
1267
[0.06392141]
1268
[0.05377363]
1269
[0.06089838]
1270
[0.06327153]
1271
[0.06624809]
1272
[0.06765837]
1273
[0.05100046]
1274
[0.07030227]
1275
[0.06432514]
1276
[0.06413851]
1277
[0.0661619]
1278
[0.0715901]
1279
[0.06387077]
1280
[0.0568722]
1281
[0.06986273]
1282
[0.05393089]
1283
[0.0632349]
1284
[0.06127563]
1285
[0.05802671]
1286
[0.05840213]
1287
[0.06729429]
1288
[0.06094929]
1289
[0.05826997]
1290
[0.05833985]
1291
[0.05379928]
1292
[0.05642998]
1293
[0.06467635]
1294
[0.05592006]
1295
[0.05305979]
1296
[0.06117705]
1297
[0.05415033]
1298
[0.05999616]
1299
[0.0630752]
1300
[0.06282034]
1301
[0.05443225]
1302
[0.05526227]
1303
[0.06094965]
1304
[0.05854378]
1305
[0.06075113]
1306
[0.06705139]
1307
[0.05734011]
1308
[0.06451902]
1309
[0.06331103]
1310
[0.05997138]
1311
[0.05625794]
1312
[0.07334741]
1313
[0.06555449]
1314
[0.0807827]
1315
[0.05711021]
1316
[0.06139609]
1317
[0.06077113]
1318
[0.06959552]
1319
[0.05351256]
1320
[0.07040235]
1321
[0.06012647]
1322
[0.05448421]
1323
[0.06795406]
1324
[0.05894802]
1325
[0.05582888]
1326
[0.05668018]
1327
[0.05514633]
1328
[0.05921452]
1329
[0.06976991]
1330
[0.06248882]
1331
[0.07548524]
1332
[0.07274735]
1333
[0.06511365]
1334
[0.07050613]
1335
[0.05463564]
1336
[0.07911145]
1337
[0.0704415]
1338
[0.06683668]
1339
[0.05778767]
1340
[0.06549317]
1341
[0.07138643]
1342
[0.0664537]
1343
[0.08642935]
1344
[0.07720647]
1345
[0.06296678]
1346
[0.07023374]
1347
[0.05875885]
1348
[0.09931292]
1349
[0.06108881]
1350
[0.06472423]
1351
[0.06342509]
1352
[0.06148242]
1353
[0.07189507]
1354
[0.06107599]
1355
[0.079175]
1356
[0.06055248]
1357
[0.06602388]
1358
[0.05073738]
1359
[0.072201]
1360
[0.05891117]
1361
[0.06011547]
1362
[0.07050417]
1363
[0.05886486]
1364
[0.06030011]
1365
[0.05012191]
1366
[0.07089788]
1367
[0.05947875]
1368
[0.06208615]
1369
[0.07036146]
1370
[0.08128625]
1371
[0.07207947]
1372
[0.05132673]
1373
[0.06042584]
1374
[0.06708074]
1375
[0.06468164]
1376
[0.07171733]
1377
[0.06061149]
1378
[0.06350187]
1379
[0.07803413]
1380
[0.05332925]
1381
[0.07221885]
1382
[0.06618463]
1383
[0.06076511]
1384
[0.05636515]
1385
[0.06870506]
1386
[0.06032133]
1387
[0.0623093]
1388
[0.0695766]
1389
[0.05827673]
1390
[0.06014703]
1391
[0.06048451]
1392
[0.0728655]
1393
[0.05442149]
1394
[0.07921872]
1395
[0.05341887]
1396
[0.05335662]
1397
[0.05984776]
1398
[0.08821175]
1399
[0.06137354]
1400
[0.06226718]
1401
[0.07331048]
1402
[0.06619254]
1403
[0.08864605]
1404
[0.06028433]
1405
[0.05775748]
1406
[0.05128506]
1407
[0.07001479]
1408
[0.05865997]
1409
[0.09710359]
1410
[0.05340658]
1411
[0.05934777]
1412
[0.05967373]
1413
[0.06282005]
1414
[0.06152002]
1415
[0.05059093]
1416
[0.06960707]
1417
[0.06399075]
1418
[0.0543382]
1419
[0.06064236]
1420
[0.06371697]
1421
[0.05938506]
1422
[0.06434914]
1423
[0.05775404]
1424
[0.05484446]
1425
[0.0721642]
1426
[0.0811912]
1427
[0.08022464]
1428
[0.0574574]
1429
[0.06154031]
1430
[0.06446772]
1431
[0.05516755]
1432
[0.08534319]
1433
[0.05840213]
1434
[0.08397087]
1435
[0.06017784]
1436
[0.07985465]
1437
[0.06670437]
1438
[0.0597089]
1439
[0.06322036]
1440
[0.06063881]
1441
[0.05012559]
1442
[0.07014787]
1443
[0.06657518]
1444
[0.0488082]
1445
[0.06103685]
1446
[0.05930797]
1447
[0.06655457]
1448
[0.10159296]
1449
[0.05961209]
1450
[0.05924501]
1451
[0.07245499]
1452
[0.05910244]
1453
[0.06488361]
1454
[0.06869035]
1455
[0.05252068]
1456
[0.05917361]
1457
[0.0903729]
1458
[0.05717977]
1459
[0.06637312]
1460
[0.05533578]
1461
[0.06265607]
1462
[0.08005622]
1463
[0.05672449]
1464
[0.06210337]
1465
[0.06471814]
1466
[0.0562475]
1467
[0.05765476]
1468
[0.07666972]
1469
[0.05607665]
1470
[0.07015598]
1471
[0.05087289]
1472
[0.0593256]
1473
[0.08526442]
1474
[0.06191323]
1475
[0.06322041]
1476
[0.05880643]
1477
[0.06626941]
1478
[0.06473984]
1479
[0.07215997]
1480
[0.06020341]
1481
[0.05978332]
1482
[0.06206591]
1483
[0.0558917]
1484
[0.0590073]
1485
[0.06696053]
1486
[0.05971446]
1487
[0.05649]
1488
[0.06351306]
1489
[0.07064047]
1490
[0.0641851]
1491
[0.06079045]
1492
[0.05530789]
1493
[0.06750379]
1494
[0.07041857]
1495
[0.06197699]
1496
[0.06117578]
1497
[0.06597566]
1498
[0.06373712]
1499
[0.06979912]
1500
[0.05633404]
1501
[0.07439325]
1502
[0.07271781]
1503
[0.05232894]
1504
[0.05563073]
1505
[0.07686737]
1506
[0.0697714]
1507
[0.05357061]
1508
[0.06621265]
1509
[0.05927154]
1510
[0.06578647]
1511
[0.07367152]
1512
[0.07186737]
1513
[0.06171905]
1514
[0.07118539]
1515
[0.09117691]
1516
[0.07472176]
1517
[0.05748428]
1518
[0.05466745]
1519
[0.06271474]
1520
[0.06387156]
1521
[0.06377692]
1522
[0.06174362]
1523
[0.06801718]
1524
[0.06930557]
1525
[0.06081278]
1526
[0.06180357]
1527
[0.06185024]
1528
[0.08014598]
1529
[0.09519966]
1530
[0.07071846]
1531
[0.07108588]
1532
[0.06603993]
1533
[0.05855667]
1534
[0.05828597]
1535
[0.06426144]
1536
[0.07275536]
1537
[0.06339171]
1538
[0.07157252]
1539
[0.07404798]
1540
[0.06196322]
1541
[0.06291241]
1542
[0.07090627]
1543
[0.0708528]
1544
[0.06120887]
1545
[0.06984073]
1546
[0.05992499]
1547
[0.05469206]
1548
[0.05623815]
1549
[0.05635761]
1550
[0.06882402]
1551
[0.06808829]
1552
[0.06238759]
1553
[0.05979361]
1554
[0.08090087]
1555
[0.06439408]
1556
[0.0641188]
1557
[0.06019326]
1558
[0.06392165]
1559
[0.05186879]
1560
[0.07381185]
1561
[0.06165052]
1562
[0.05392409]
1563
[0.05729962]
1564
[0.07911386]
1565
[0.06223575]
1566
[0.07257697]
1567
[0.05951945]
1568
[0.06965908]
1569
[0.07501646]
1570
[0.06004829]
1571
[0.06089875]
1572
[0.0769878]
1573
[0.0539451]
1574
[0.06065381]
1575
[0.0726173]
1576
[0.06352921]
1577
[0.06655146]
1578
[0.05519353]
1579
[0.06970787]
1580
[0.06112639]
1581
[0.07506882]
1582
[0.06910294]
1583
[0.06252201]
1584
[0.06446389]
1585
[0.09237101]
1586
[0.0715608]
1587
[0.07251008]
1588
[0.06257618]
1589
[0.05392935]
1590
[0.07217233]
1591
[0.05656066]
1592
[0.06383336]
1593
[0.06358641]
1594
[0.07185169]
1595
[0.05770333]
1596
[0.06287766]
1597
[0.0768459]
1598
[0.0550804]
1599
[0.06808879]
1600
[0.06658355]
1601
[0.071986]
1602
[0.05670118]
1603
[0.05469314]
1604
[0.06314953]
1605
[0.0543818]
1606
[0.06434069]
1607
[0.08416861]
1608
[0.06377223]
1609
[0.06181627]
1610
[0.06296847]
1611
[0.05953485]
1612
[0.05904534]
1613
[0.0670525]
1614
[0.05107329]
1615
[0.06429774]
1616
[0.05633426]
1617
[0.05899928]
1618
[0.06457307]
1619
[0.08266085]
1620
[0.06488603]
1621
[0.05227394]
1622
[0.0649579]
1623
[0.06864318]
1624
[0.05280831]
1625
[0.0627612]
1626
[0.0651487]
1627
[0.06067578]
1628
[0.06095616]
1629
[0.07628519]
1630
[0.05821762]
1631
[0.08325978]
1632
[0.06251545]
1633
[0.07343432]
1634
[0.06280725]
1635
[0.06451796]
1636
[0.05824733]
1637
[0.06513624]
1638
[0.06157828]
1639
[0.07569468]
1640
[0.06448089]
1641
[0.05557568]
1642
[0.06060952]
1643
[0.06348276]
1644
[0.06112135]
1645
[0.07663594]
1646
[0.05921117]
1647
[0.06026628]
1648
[0.05563283]
1649
[0.06428865]
1650
[0.05240191]
1651
[0.06174152]
1652
[0.05882528]
1653
[0.07119418]
1654
[0.06594132]
1655
[0.06792006]
1656
[0.06018888]
1657
[0.06075266]
1658
[0.05281668]
1659
[0.0611221]
1660
[0.05419371]
1661
[0.06853215]
1662
[0.05188327]
1663
[0.06461915]
1664
[0.06596398]
1665
[0.05383862]
1666
[0.06628467]
1667
[0.06607044]
1668
[0.08691651]
1669
[0.07518525]
1670
[0.06812946]
1671
[0.06310172]
1672
[0.05277127]
1673
[0.0595843]
1674
[0.050923]
1675
[0.08118516]
1676
[0.0628253]
1677
[0.0706993]
1678
[0.07121603]
1679
[0.07004157]
1680
[0.06378653]
1681
[0.09005593]
1682
[0.07157939]
1683
[0.0486084]
1684
[0.05770544]
1685
[0.09067876]
1686
[0.04908816]
1687
[0.06653066]
1688
[0.06410769]
1689
[0.05331683]
1690
[0.06287604]
1691
[0.06841784]
1692
[0.0625164]
1693
[0.06559591]
1694
[0.0621955]
1695
[0.06357928]
1696
[0.0671361]
1697
[0.06095151]
1698
[0.06637835]
1699
[0.06160968]
1700
[0.05735373]
1701
[0.05505447]
1702
[0.06432332]
1703
[0.07730839]
1704
[0.06048862]
1705
[0.07413855]
1706
[0.05831305]
1707
[0.06317859]
1708
[0.06347656]
1709
[0.06441219]
1710
[0.06425728]
1711
[0.07292467]
1712
[0.06611234]
1713
[0.0815402]
1714
[0.10890905]
1715
[0.06328196]
1716
[0.06372859]
1717
[0.07003606]
1718
[0.07507717]
1719
[0.0515726]
1720
[0.06085328]
1721
[0.06678532]
1722
[0.06561737]
1723
[0.05824866]
1724
[0.05664035]
1725
[0.0646085]
1726
[0.04986913]
1727
[0.05697046]
1728
[0.06500018]
1729
[0.07900442]
1730
[0.05836986]
1731
[0.06467927]
1732
[0.06048998]
1733
[0.05782485]
1734
[0.05318106]
1735
[0.06689821]
1736
[0.05612229]
1737
[0.05758854]
1738
[0.0576907]
1739
[0.08899899]
1740
[0.05604491]
1741
[0.05718543]
1742
[0.06365913]
1743
[0.05754566]
1744
[0.0778218]
1745
[0.05913741]
1746
[0.06216297]
1747
[0.06288921]
1748
[0.05574514]
1749
[0.06253338]
1750
[0.06450102]
1751
[0.06671224]
1752
[0.06370009]
1753
[0.0696288]
1754
[0.0506354]
1755
[0.05262848]
1756
[0.06454338]
1757
[0.06706865]
1758
[0.05781676]
1759
[0.05710987]
1760
[0.06504226]
1761
[0.06119159]
1762
[0.05654474]
1763
[0.06884498]
1764
[0.0518534]
1765
[0.06424427]
1766
[0.06466631]
1767
[0.05652204]
1768
[0.05845581]
1769
[0.06195912]
1770
[0.05981966]
1771
[0.076702]
1772
[0.05138473]
1773
[0.05953352]
1774
[0.07104617]
1775
[0.06765277]
1776
[0.0587282]
1777
[0.07490999]
1778
[0.06742422]
1779
[0.06560869]
1780
[0.06068435]
1781
[0.07065545]
1782
[0.07178762]
1783
[0.07529442]
1784
[0.06164584]
1785
[0.07442013]
1786
[0.08299244]
1787
[0.05025942]
1788
[0.04718948]
1789
[0.0898641]
1790
[0.07001535]
1791
[0.06686287]
1792
[0.07272796]
1793
[0.06972271]
1794
[0.06620046]
1795
[0.06481043]
1796
[0.06805369]
1797
[0.06042643]
1798
[0.07490305]
1799
[0.06049847]
1800
[0.04892218]
1801
[0.06348952]
1802
[0.06789549]
1803
[0.05538237]
1804
[0.07078393]
1805
[0.05442473]
1806
[0.0646203]
1807
[0.07272278]
1808
[0.06411281]
1809
[0.0507771]
1810
[0.07674422]
1811
[0.05876413]
1812
[0.0611211]
1813
[0.0716142]
1814
[0.05237216]
1815
[0.05200346]
1816
[0.05803493]
1817
[0.06780407]
1818
[0.07407471]
1819
[0.06825134]
1820
[0.08695319]
1821
[0.07737953]
1822
[0.07788954]
1823
[0.05362181]
1824
[0.05996358]
1825
[0.05421856]
1826
[0.06198442]
1827
[0.06327857]
1828
[0.05485135]
1829
[0.08003162]
1830
[0.07884865]
1831
[0.05683319]
1832
[0.06081151]
1833
[0.07342498]
1834
[0.05440986]
1835
[0.07187453]
1836
[0.06212195]
1837
[0.05706904]
1838
[0.06991916]
1839
[0.05036022]
1840
[0.06820741]
1841
[0.07670093]
1842
[0.06697535]
1843
[0.05372099]
1844
[0.05253638]
1845
[0.07025276]
1846
[0.0603596]
1847
[0.06431822]
1848
[0.06385757]
1849
[0.05864008]
1850
[0.06595717]
1851
[0.06437787]
1852
[0.06529642]
1853
[0.07078028]
1854
[0.06921607]
1855
[0.05778158]
1856
[0.06561153]
1857
[0.05749222]
1858
[0.06228497]
1859
[0.05286106]
1860
[0.05930909]
1861
[0.05673154]
1862
[0.06996207]
1863
[0.05730939]
1864
[0.07742565]
1865
[0.0567822]
1866
[0.06416281]
1867
[0.06074464]
1868
[0.06288968]
1869
[0.0661368]
1870
[0.06006478]
1871
[0.04840822]
1872
[0.07111673]
1873
[0.07445781]
1874
[0.05769053]
1875
[0.06109123]
1876
[0.06061629]
1877
[0.05489466]
1878
[0.06911199]
1879
[0.07864876]
1880
[0.05744607]
1881
[0.06793257]
1882
[0.07024939]
1883
[0.06015611]
1884
[0.06013449]
1885
[0.06388207]
1886
[0.05896742]
1887
[0.05850817]
1888
[0.0678007]
1889
[0.08599156]
1890
[0.05673916]
1891
[0.06519939]
1892
[0.07107149]
1893
[0.06448143]
1894
[0.07169747]
1895
[0.08540996]
1896
[0.06334039]
1897
[0.05238829]
1898
[0.07673001]
1899
[0.06551868]
1900
[0.06954058]
1901
[0.05266395]
1902
[0.06328841]
1903
[0.05714182]
1904
[0.06756656]
1905
[0.06190996]
1906
[0.05480858]
1907
[0.07952376]
1908
[0.06125689]
1909
[0.06785465]
1910
[0.06318245]
1911
[0.06466779]
1912
[0.07003725]
1913
[0.05549738]
1914
[0.06039593]
1915
[0.05210175]
1916
[0.06946333]
1917
[0.06673221]
1918
[0.05935819]
1919
[0.07132308]
1920
[0.0695357]
1921
[0.05643348]
1922
[0.07659492]
1923
[0.0639478]
1924
[0.07878295]
1925
[0.06781711]
1926
[0.08212927]
1927
[0.05665228]
1928
[0.06021345]
1929
[0.05977684]
1930
[0.06302258]
1931
[0.05865347]
1932
[0.07562509]
1933
[0.07538156]
1934
[0.07604658]
1935
[0.05786989]
1936
[0.05753337]
1937
[0.0573214]
1938
[0.05947917]
1939
[0.05783902]
1940
[0.06853162]
1941
[0.07395699]
1942
[0.07919411]
1943
[0.05709611]
1944
[0.06308938]
1945
[0.06360465]
1946
[0.05423714]
1947
[0.06880193]
1948
[0.06917807]
1949
[0.0720451]
1950
[0.06764335]
1951
[0.06408024]
1952
[0.06796276]
1953
[0.05759447]
1954
[0.05997215]
1955
[0.06153634]
1956
[0.08071578]
1957
[0.06196867]
1958
[0.07583753]
1959
[0.07894438]
1960
[0.06197985]
1961
[0.06075044]
1962
[0.07083095]
1963
[0.05765168]
1964
[0.06272451]
1965
[0.05944256]
1966
[0.05129208]
1967
[0.06527862]
1968
[0.06135714]
1969
[0.06848568]
1970
[0.07139235]
1971
[0.05175622]
1972
[0.06071854]
1973
[0.06114756]
1974
[0.05798989]
1975
[0.05857731]
1976
[0.05758925]
1977
[0.06884472]
1978
[0.06486509]
1979
[0.05427563]
1980
[0.07964842]
1981
[0.05507229]
1982
[0.09843712]
1983
[0.05847049]
1984
[0.05737935]
1985
[0.07237997]
1986
[0.08137485]
1987
[0.05389288]
1988
[0.05869793]
1989
[0.07150302]
1990
[0.06081002]
1991
[0.06722311]
1992
[0.05825546]
1993
[0.06043253]
1994
[0.05408849]
1995
[0.05997517]
1996
[0.07264676]
1997
[0.05483243]
1998
[0.0544098]
1999
[0.06266094]
[1] 16000    11
[1] 16000    11
