LOADING R
R LOADED
[1] "/home/lvanderl/Rlibs2"                         
[2] "/app/software/R/4.3.1-gfbf-2022b/lib/R/library"
[1] "/home/lvanderl/sieveSims"
[1] "gam 5 1"
[1] "histogram binning"
[1] 0.04256823
[1] 0.04256823
[1] "mondrian"
[1] "iso"
[1] 0.04256823
[1] "conditional"
[   10.            11.51395399    13.25711366    15.26417967
    17.57510625    20.23589648    23.29951811    26.82695795
    30.88843596    35.56480306    40.94915062    47.14866363
    54.28675439    62.50551925    71.9685673     82.86427729
    95.40954763   109.8541142    126.48552169   145.63484775
   167.68329368   193.06977289   222.29964825   255.95479227
   294.70517026   339.32217719   390.69399371   449.8432669
   517.94746792   596.36233166   686.648845     790.60432109
   910.29817799  1048.11313415  1206.79264064  1389.49549437
  1599.85871961  1842.06996933  2120.95088792  2442.05309455
  2811.76869797  3237.45754282  3727.59372031  4291.93426013
  4941.71336132  5689.86602902  6551.2855686   7543.12006335
  8685.11373751 10000.        ]
[0.07043383 0.07132809 0.07112994 0.0705808  0.0713213  0.07251401
 0.07057861 0.07051735 0.06826352 0.07597308 0.07622721 0.07250039
 0.078408   0.0803144  0.08805515 0.09329559 0.0808466  0.10121067
 0.10785706 0.11967271 0.12335294 0.15006353 0.14279188 0.17325019
 0.2111284  0.22062107 0.23253717 0.23942272 0.25191808 0.28608413
 0.32916995 0.38350501 0.35618587 0.40407445 0.44937928 0.61808103
 0.57437052 0.77997561 0.83863135 0.89753529 0.93327942 1.08133913
 1.18469861 1.23383565 1.41519401 1.36955864 1.99765918 2.37864498
 2.74544526 2.79789483]
30.888435964774818
0.032374575428176434
0
[0.06480337]
1
[0.05376029]
2
[0.03978213]
3
[0.0610544]
4
[0.04669881]
5
[0.07535523]
6
[0.0556358]
7
[0.07696728]
8
[0.06624282]
9
[0.06915123]
10
[0.05822265]
11
[0.0552331]
12
[0.05940236]
13
[0.05011626]
14
[0.06267227]
15
[0.07983164]
16
[0.07393594]
17
[0.07197062]
18
[0.08575364]
19
[0.07706356]
20
[0.06320857]
21
[0.06738459]
22
[0.06777078]
23
[0.08847181]
24
[0.06320004]
25
[0.08223398]
26
[0.0776499]
27
[0.07118932]
28
[0.04972267]
29
[0.07615821]
30
[0.06818924]
31
[0.06589024]
32
[0.07222635]
33
[0.07817484]
34
[0.05355489]
35
[0.06282276]
36
[0.0804248]
37
[0.06502246]
38
[0.08077347]
39
[0.057521]
40
[0.06930563]
41
[0.07250982]
42
[0.07394542]
43
[0.06165051]
44
[0.06969133]
45
[0.06399923]
46
[0.07795021]
47
[0.07853415]
48
[0.05135875]
49
[0.06770958]
50
[0.08567743]
51
[0.06546454]
52
[0.08491279]
53
[0.04112424]
54
[0.06487211]
55
[0.05385782]
56
[0.08345335]
57
[0.05777434]
58
[0.05416574]
59
[0.05031778]
60
[0.0804557]
61
[0.05181529]
62
[0.04516185]
63
[0.07148071]
64
[0.05624616]
65
[0.06721391]
66
[0.07103886]
67
[0.0712461]
68
[0.06360006]
69
[0.06361188]
70
[0.08240143]
71
[0.06510228]
72
[0.06843172]
73
[0.07025846]
74
[0.06039319]
75
[0.08131592]
76
[0.04735264]
77
[0.08191222]
78
[0.07639116]
79
[0.0674766]
80
[0.06095008]
81
[0.05286954]
82
[0.07201442]
83
[0.0851641]
84
[0.05555173]
85
[0.0446331]
86
[0.06440532]
87
[0.07480135]
88
[0.06821018]
89
[0.07968614]
90
[0.05290259]
91
[0.07628855]
92
[0.0593781]
93
[0.05731434]
94
[0.0632281]
95
[0.068633]
96
[0.07540785]
97
[0.07358926]
98
[0.05942244]
99
[0.07335125]
100
[0.05738418]
101
[0.06281569]
102
[0.07410218]
103
[0.07088305]
104
[0.06882084]
105
[0.10608898]
106
[0.06353986]
107
[0.04982852]
108
[0.03273869]
109
[0.06619302]
110
[0.05731579]
111
[0.06020491]
112
[0.05909031]
113
[0.05457151]
114
[0.07759996]
115
[0.07669258]
116
[0.07724378]
117
[0.04765086]
118
[0.07750595]
119
[0.05707947]
120
[0.06991031]
121
[0.06871167]
122
[0.0662935]
123
[0.05176956]
124
[0.05686919]
125
[0.0523824]
126
[0.08275274]
127
[0.07403536]
128
[0.05441528]
129
[0.08657682]
130
[0.07544105]
131
[0.05318861]
132
[0.07845967]
133
[0.0547562]
134
[0.07962104]
135
[0.07207365]
136
[0.07693635]
137
[0.07542938]
138
[0.05995598]
139
[0.07278026]
140
[0.05332237]
141
[0.05229336]
142
[0.07349893]
143
[0.06629818]
144
[0.07169597]
145
[0.068393]
146
[0.07092624]
147
[0.08075364]
148
[0.08536926]
149
[0.05449205]
150
[0.08343673]
151
[0.06867757]
152
[0.06832926]
153
[0.05622581]
154
[0.05497133]
155
[0.0766477]
156
[0.07685747]
157
[0.07280848]
158
[0.08741368]
159
[0.04676688]
160
[0.06578572]
161
[0.06331224]
162
[0.06329535]
163
[0.0759246]
164
[0.04743957]
165
[0.068401]
166
[0.07310753]
167
[0.07670435]
168
[0.06196455]
169
[0.0639677]
170
[0.08134893]
171
[0.05241352]
172
[0.07515154]
173
[0.05799115]
174
[0.05890143]
175
[0.06010402]
176
[0.06422377]
177
[0.06047661]
178
[0.06330149]
179
[0.06634085]
180
[0.05175465]
181
[0.07202703]
182
[0.08192241]
183
[0.07229031]
184
[0.06206481]
185
[0.07338235]
186
[0.06879989]
187
[0.07524223]
188
[0.05930455]
189
[0.0670512]
190
[0.05979925]
191
[0.07083865]
192
[0.06589328]
193
[0.06286675]
194
[0.07168862]
195
[0.07117822]
196
[0.06290184]
197
[0.07117076]
198
[0.06250935]
199
[0.05899043]
200
[0.07372008]
201
[0.06068444]
202
[0.06124259]
203
[0.05335907]
204
[0.07593438]
205
[0.07951081]
206
[0.06074558]
207
[0.04929177]
208
[0.08784523]
209
[0.06573881]
210
[0.06767439]
211
[0.06883361]
212
[0.0528059]
213
[0.06838175]
214
[0.03774961]
215
[0.06629526]
216
[0.08379322]
217
[0.06875031]
218
[0.06556245]
219
[0.07393822]
220
[0.06930482]
221
[0.07498817]
222
[0.05440213]
223
[0.05420594]
224
[0.04185486]
225
[0.04612093]
226
[0.06266217]
227
[0.07742603]
228
[0.08281648]
229
[0.06301237]
230
[0.06313339]
231
[0.05359428]
232
[0.05213167]
233
[0.08377876]
234
[0.06868788]
235
[0.07692714]
236
[0.07372134]
237
[0.05679942]
238
[0.0766531]
239
[0.06333355]
240
[0.05861665]
241
[0.06546867]
242
[0.07903156]
243
[0.07793709]
244
[0.06112865]
245
[0.06738049]
246
[0.06374912]
247
[0.07439727]
248
[0.06356664]
249
[0.07279603]
250
[0.06855502]
251
[0.06426681]
252
[0.070245]
253
[0.07359913]
254
[0.07486499]
255
[0.08082777]
256
[0.05247184]
257
[0.06111609]
258
[0.06679326]
259
[0.06302824]
260
[0.06959936]
261
[0.05021183]
262
[0.06645234]
263
[0.06636007]
264
[0.0550938]
265
[0.06682212]
266
[0.06582882]
267
[0.06897657]
268
[0.06437596]
269
[0.05093976]
270
[0.07950543]
271
[0.07004938]
272
[0.07142832]
273
[0.0745614]
274
[0.07637908]
275
[0.07296859]
276
[0.05701331]
277
[0.04682452]
278
[0.05581624]
279
[0.07237769]
280
[0.06118539]
281
[0.06762353]
282
[0.0571282]
283
[0.05279542]
284
[0.07486742]
285
[0.08294548]
286
[0.0780304]
287
[0.06289816]
288
[0.0580266]
289
[0.05328853]
290
[0.05439815]
291
[0.04656266]
292
[0.07030132]
293
[0.07177253]
294
[0.04867777]
295
[0.07161514]
296
[0.0628455]
297
[0.07546994]
298
[0.05731127]
299
[0.06931508]
300
[0.09263985]
301
[0.0609017]
302
[0.05970491]
303
[0.05320438]
304
[0.073923]
305
[0.07124477]
306
[0.0828452]
307
[0.05612457]
308
[0.06695818]
309
[0.07387091]
310
[0.07419023]
311
[0.05588596]
312
[0.05876775]
313
[0.08038336]
314
[0.07500623]
315
[0.07036197]
316
[0.06182254]
317
[0.06506693]
318
[0.06688719]
319
[0.07729645]
320
[0.06834492]
321
[0.10998655]
322
[0.06429635]
323
[0.06689059]
324
[0.07868012]
325
[0.05925104]
326
[0.07033756]
327
[0.08421607]
328
[0.06956595]
329
[0.0545044]
330
[0.06964199]
331
[0.07591197]
332
[0.06979008]
333
[0.06814245]
334
[0.05376166]
335
[0.07027676]
336
[0.06352482]
337
[0.07456782]
338
[0.07465535]
339
[0.07645822]
340
[0.04811696]
341
[0.06296923]
342
[0.06922957]
343
[0.08018392]
344
[0.07746247]
345
[0.05273514]
346
[0.06348378]
347
[0.05906142]
348
[0.07232531]
349
[0.0648004]
350
[0.07126239]
351
[0.0720586]
352
[0.07519234]
353
[0.04491356]
354
[0.07201433]
355
[0.06470454]
356
[0.07155756]
357
[0.05459677]
358
[0.07459346]
359
[0.06527445]
360
[0.07110678]
361
[0.11162433]
362
[0.05096623]
363
[0.06466136]
364
[0.05753143]
365
[0.05781054]
366
[0.07491592]
367
[0.05260942]
368
[0.06095764]
369
[0.06437826]
370
[0.06893604]
371
[0.06297372]
372
[0.08507067]
373
[0.044452]
374
[0.06736629]
375
[0.06903927]
376
[0.06938699]
377
[0.05557184]
378
[0.05897827]
379
[0.07281334]
380
[0.04811752]
381
[0.09342042]
382
[0.05546207]
383
[0.06419194]
384
[0.06952482]
385
[0.08404888]
386
[0.07096576]
387
[0.04815486]
388
[0.07843857]
389
[0.07181868]
390
[0.0894585]
391
[0.07339935]
392
[0.07252511]
393
[0.05864439]
394
[0.07018525]
395
[0.05263352]
396
[0.08104673]
397
[0.06221307]
398
[0.07977288]
399
[0.06085396]
400
[0.06725565]
401
[0.07870132]
402
[0.07409419]
403
[0.05233482]
404
[0.07745667]
405
[0.07410244]
406
[0.06925259]
407
[0.07200392]
408
[0.06825453]
409
[0.0606843]
410
[0.05808207]
411
[0.06433801]
412
[0.0667876]
413
[0.06821227]
414
[0.06997934]
415
[0.06475664]
416
[0.05062486]
417
[0.11453354]
418
[0.06237496]
419
[0.07591695]
420
[0.0639394]
421
[0.07664404]
422
[0.06320173]
423
[0.05954354]
424
[0.06551419]
425
[0.07392987]
426
[0.04991396]
427
[0.06452395]
428
[0.06514465]
429
[0.06720479]
430
[0.0678888]
431
[0.07816495]
432
[0.07739139]
433
[0.08353264]
434
[0.07915113]
435
[0.05991168]
436
[0.05462092]
437
[0.09414697]
438
[0.05524861]
439
[0.08814149]
440
[0.06537541]
441
[0.04857481]
442
[0.074631]
443
[0.06855275]
444
[0.06479736]
445
[0.0468702]
446
[0.05535005]
447
[0.08095569]
448
[0.07904001]
449
[0.08038683]
450
[0.07891725]
451
[0.0525395]
452
[0.06016758]
453
[0.07065405]
454
[0.08808321]
455
[0.08050961]
456
[0.04895434]
457
[0.05397942]
458
[0.06615682]
459
[0.06834477]
460
[0.06367536]
461
[0.03682427]
462
[0.07651888]
463
[0.06435287]
464
[0.0652709]
465
[0.06763235]
466
[0.07756283]
467
[0.05977996]
468
[0.07037698]
469
[0.07661778]
470
[0.06660141]
471
[0.04528967]
472
[0.06274479]
473
[0.05384853]
474
[0.05238073]
475
[0.07905304]
476
[0.05017401]
477
[0.04726765]
478
[0.05323431]
479
[0.06437101]
480
[0.07928386]
481
[0.07246602]
482
[0.05818994]
483
[0.07264027]
484
[0.07288296]
485
[0.07326159]
486
[0.06325034]
487
[0.07103607]
488
[0.07746595]
489
[0.07000845]
490
[0.05606896]
491
[0.05802268]
492
[0.06446224]
493
[0.06745574]
494
[0.06258692]
495
[0.07948661]
496
[0.06690098]
497
[0.07110841]
498
[0.06810121]
499
[0.06396656]
500
[0.05102612]
501
[0.07062]
502
[0.07102041]
503
[0.04802346]
504
[0.0599001]
505
[0.07387114]
506
[0.05384219]
507
[0.06299794]
508
[0.07754839]
509
[0.06591334]
510
[0.0786463]
511
[0.04613953]
512
[0.07123582]
513
[0.07827001]
514
[0.09084153]
515
[0.07460015]
516
[0.07689884]
517
[0.06383468]
518
[0.074719]
519
[0.06179293]
520
[0.07272444]
521
[0.0866207]
522
[0.07665286]
523
[0.05903976]
524
[0.06118316]
525
[0.08120418]
526
[0.07224477]
527
[0.07637063]
528
[0.07606571]
529
[0.06415432]
530
[0.06374179]
531
[0.06369894]
532
[0.08488789]
533
[0.05484793]
534
[0.07164341]
535
[0.06173036]
536
[0.07798209]
537
[0.06484654]
538
[0.07842797]
539
[0.06840936]
540
[0.06345908]
541
[0.06890956]
542
[0.08319592]
543
[0.06042748]
544
[0.080811]
545
[0.06754867]
546
[0.07125322]
547
[0.06114641]
548
[0.08568406]
549
[0.06877359]
550
[0.06877325]
551
[0.06630878]
552
[0.04648883]
553
[0.07792867]
554
[0.0542652]
555
[0.06812853]
556
[0.07855056]
557
[0.08186901]
558
[0.08320613]
559
[0.06852923]
560
[0.07132661]
561
[0.05294054]
562
[0.07697512]
563
[0.07783673]
564
[0.04445229]
565
[0.05630571]
566
[0.06302408]
567
[0.04872777]
568
[0.09119857]
569
[0.07489025]
570
[0.0719704]
571
[0.06632865]
572
[0.05717298]
573
[0.06859141]
574
[0.07107132]
575
[0.07958843]
576
[0.05624796]
577
[0.09703344]
578
[0.05637468]
579
[0.0660691]
580
[0.05418426]
581
[0.07383675]
582
[0.05493824]
583
[0.06764897]
584
[0.06977952]
585
[0.07896004]
586
[0.07024507]
587
[0.08252155]
588
[0.06823304]
589
[0.06139905]
590
[0.05467793]
591
[0.07088753]
592
[0.06514677]
593
[0.06228618]
594
[0.0735844]
595
[0.061626]
596
[0.05074813]
597
[0.08258846]
598
[0.07550015]
599
[0.06244664]
600
[0.06211679]
601
[0.06932286]
602
[0.05758066]
603
[0.08429146]
604
[0.06622964]
605
[0.04749073]
606
[0.05977996]
607
[0.05659787]
608
[0.04339043]
609
[0.05674039]
610
[0.07483285]
611
[0.06861542]
612
[0.07280848]
613
[0.08815861]
614
[0.07133581]
615
[0.06783228]
616
[0.06175006]
617
[0.0666139]
618
[0.08874512]
619
[0.04721838]
620
[0.06510504]
621
[0.05704806]
622
[0.07732743]
623
[0.06253412]
624
[0.05291933]
625
[0.04822827]
626
[0.05911439]
627
[0.06651598]
628
[0.06544015]
629
[0.07234667]
630
[0.07684639]
631
[0.07088234]
632
[0.05255149]
633
[0.06279148]
634
[0.08406903]
635
[0.07267611]
636
[0.05782726]
637
[0.07717959]
638
[0.12180911]
639
[0.07239965]
640
[0.0628455]
641
[0.06020525]
642
[0.0681602]
643
[0.08133321]
644
[0.05014946]
645
[0.06685961]
646
[0.07171276]
647
[0.07269706]
648
[0.06798791]
649
[0.08764711]
650
[0.07145027]
651
[0.06471881]
652
[0.06010026]
653
[0.05428724]
654
[0.07660398]
655
[0.08887063]
656
[0.04965421]
657
[0.05912617]
658
[0.12092699]
659
[0.07457648]
660
[0.06823143]
661
[0.05882584]
662
[0.07075433]
663
[0.07267766]
664
[0.05508212]
665
[0.08126103]
666
[0.06746483]
667
[0.07451818]
668
[0.06300502]
669
[0.06315524]
670
[0.07485349]
671
[0.06840407]
672
[0.07397539]
673
[0.07719992]
674
[0.05308571]
675
[0.0679994]
676
[0.07119943]
677
[0.06756104]
678
[0.06765972]
679
[0.08532277]
680
[0.06756726]
681
[0.05517704]
682
[0.07632132]
683
[0.06520997]
684
[0.08850804]
685
[0.05477963]
686
[0.05481593]
687
[0.05315439]
688
[0.07011817]
689
[0.05929728]
690
[0.0708905]
691
[0.09257437]
692
[0.07402737]
693
[0.08753215]
694
[0.09008719]
695
[0.06940044]
696
[0.08154163]
697
[0.0622181]
698
[0.074007]
699
[0.06562336]
700
[0.07209833]
701
[0.05754061]
702
[0.04511827]
703
[0.07630194]
704
[0.06526531]
705
[0.05600929]
706
[0.05904127]
707
[0.07890658]
708
[0.05395578]
709
[0.09376886]
710
[0.08701302]
711
[0.08464381]
712
[0.07484042]
713
[0.0489581]
714
[0.06750555]
715
[0.0571987]
716
[0.0504892]
717
[0.06313135]
718
[0.06872672]
719
[0.07050933]
720
[0.07280848]
721
[0.06263578]
722
[0.07907584]
723
[0.06251788]
724
[0.06495189]
725
[0.07275402]
726
[0.07144379]
727
[0.07090212]
728
[0.06805711]
729
[0.05883126]
730
[0.06083026]
731
[0.06056873]
732
[0.08457522]
733
[0.05893916]
734
[0.05987491]
735
[0.06938164]
736
[0.08309427]
737
[0.07316191]
738
[0.07020171]
739
[0.05880614]
740
[0.06344627]
741
[0.07234975]
742
[0.07334595]
743
[0.06868754]
744
[0.0598898]
745
[0.04690738]
746
[0.0849935]
747
[0.0720421]
748
[0.06564547]
749
[0.07479964]
750
[0.07134177]
751
[0.05266889]
752
[0.06828668]
753
[0.05096748]
754
[0.07489094]
755
[0.05132919]
756
[0.05949894]
757
[0.07278601]
758
[0.06246164]
759
[0.07140167]
760
[0.06902031]
761
[0.07781883]
762
[0.06235209]
763
[0.06820656]
764
[0.08524985]
765
[0.07322716]
766
[0.0519913]
767
[0.09448248]
768
[0.10846047]
769
[0.07694152]
770
[0.07912703]
771
[0.06220567]
772
[0.07194876]
773
[0.07273744]
774
[0.07460285]
775
[0.0608574]
776
[0.05720683]
777
[0.04744533]
778
[0.04598506]
779
[0.05290292]
780
[0.04878102]
781
[0.05297819]
782
[0.05515517]
783
[0.06132763]
784
[0.0786662]
785
[0.08270689]
786
[0.06453168]
787
[0.06603653]
788
[0.06938428]
789
[0.07275106]
790
[0.04957558]
791
[0.07848706]
792
[0.04754516]
793
[0.10453643]
794
[0.06056074]
795
[0.06253208]
796
[0.07733388]
797
[0.07163613]
798
[0.04911839]
799
[0.06473017]
800
[0.0916919]
801
[0.07687635]
802
[0.07740662]
803
[0.04400418]
804
[0.06270622]
805
[0.04419492]
806
[0.0661144]
807
[0.076286]
808
[0.08063195]
809
[0.06386741]
810
[0.07636074]
811
[0.08415247]
812
[0.06856375]
813
[0.05470484]
814
[0.0810151]
815
[0.07807964]
816
[0.0522337]
817
[0.04571777]
818
[0.05195511]
819
[0.05919472]
820
[0.07639257]
821
[0.07800997]
822
[0.07971749]
823
[0.07910034]
824
[0.07674705]
825
[0.08122861]
826
[0.07212082]
827
[0.06433831]
828
[0.05926455]
829
[0.07136479]
830
[0.04731605]
831
[0.06618984]
832
[0.05211845]
833
[0.07020941]
834
[0.08016758]
835
[0.07185572]
836
[0.04885976]
837
[0.07470589]
838
[0.08317306]
839
[0.06356389]
840
[0.06745822]
841
[0.07184467]
842
[0.07880625]
843
[0.07659272]
844
[0.04975209]
845
[0.073032]
846
[0.04813695]
847
[0.08663671]
848
[0.07086559]
849
[0.06557589]
850
[0.04463886]
851
[0.06372171]
852
[0.06037911]
853
[0.05956318]
854
[0.06413109]
855
[0.06717688]
856
[0.06184764]
857
[0.06991098]
858
[0.07276299]
859
[0.07489516]
860
[0.05977353]
861
[0.07150297]
862
[0.06438297]
863
[0.05768004]
864
[0.06830451]
865
[0.0587653]
866
[0.07169296]
867
[0.06094212]
868
[0.08857045]
869
[0.08567564]
870
[0.06169734]
871
[0.07362698]
872
[0.06123174]
873
[0.05633223]
874
[0.07642361]
875
[0.0709718]
876
[0.06636899]
877
[0.06457578]
878
[0.0588999]
879
[0.06014399]
880
[0.10785107]
881
[0.0735393]
882
[0.0463139]
883
[0.06195463]
884
[0.05177252]
885
[0.07405376]
886
[0.06507778]
887
[0.05352314]
888
[0.07638873]
889
[0.08852685]
890
[0.06321045]
891
[0.06037982]
892
[0.05433089]
893
[0.06113001]
894
[0.07639965]
895
[0.06731463]
896
[0.06142524]
897
[0.06713437]
898
[0.05978378]
899
[0.06977435]
900
[0.07724307]
901
[0.0611568]
902
[0.05530749]
903
[0.06697049]
904
[0.082079]
905
[0.06815374]
906
[0.079617]
907
[0.07166922]
908
[0.0567544]
909
[0.07502265]
910
[0.07247907]
911
[0.08036513]
912
[0.06510128]
913
[0.07706536]
914
[0.05413428]
915
[0.06945871]
916
[0.07039421]
917
[0.06139805]
918
[0.06459173]
919
[0.04874745]
920
[0.08446295]
921
[0.05779638]
922
[0.08296465]
923
[0.06352336]
924
[0.0506861]
925
[0.06123261]
926
[0.06524454]
927
[0.05635407]
928
[0.0764126]
929
[0.06825267]
930
[0.07621574]
931
[0.05609136]
932
[0.07664963]
933
[0.07050891]
934
[0.06125117]
935
[0.06027172]
936
[0.06511902]
937
[0.06911027]
938
[0.06808824]
939
[0.0617101]
940
[0.05599888]
941
[0.07789629]
942
[0.03798103]
943
[0.06437826]
944
[0.06453061]
945
[0.04340614]
946
[0.08360245]
947
[0.07058401]
948
[0.05917238]
949
[0.05048232]
950
[0.06662846]
951
[0.06361188]
952
[0.06510243]
953
[0.07368656]
954
[0.0709556]
955
[0.07460063]
956
[0.07737281]
957
[0.07452296]
958
[0.07819643]
959
[0.06955632]
960
[0.07347713]
961
[0.07939631]
962
[0.05696561]
963
[0.06555916]
964
[0.07280848]
965
[0.0513719]
966
[0.06104957]
967
[0.06891204]
968
[0.08472307]
969
[0.07506169]
970
[0.07662083]
971
[0.07235954]
972
[0.05401794]
973
[0.07430058]
974
[0.07335728]
975
[0.07858949]
976
[0.0695531]
977
[0.06466516]
978
[0.09745744]
979
[0.09593763]
980
[0.06879673]
981
[0.06567795]
982
[0.07094091]
983
[0.06361188]
984
[0.06174959]
985
[0.07016763]
986
[0.05386058]
987
[0.05564822]
988
[0.08619494]
989
[0.04590605]
990
[0.07655502]
991
[0.08052715]
992
[0.07783179]
993
[0.04586346]
994
[0.04731912]
995
[0.07734396]
996
[0.05698556]
997
[0.05801213]
998
[0.05572493]
999
[0.08242373]
1000
[0.04812119]
1001
[0.07901647]
1002
[0.06942601]
1003
[0.0509518]
1004
[0.08101582]
1005
[0.06577806]
1006
[0.07178275]
1007
[0.06921923]
1008
[0.06664763]
1009
[0.06997616]
1010
[0.05742583]
1011
[0.0502508]
1012
[0.05778618]
1013
[0.06439777]
1014
[0.06674477]
1015
[0.08628885]
1016
[0.0553974]
1017
[0.06478934]
1018
[0.07336012]
1019
[0.06941013]
1020
[0.05086031]
1021
[0.07383053]
1022
[0.05963347]
1023
[0.09958947]
1024
[0.07683865]
1025
[0.07845632]
1026
[0.07436953]
1027
[0.05518166]
1028
[0.06803349]
1029
[0.05853783]
1030
[0.06349327]
1031
[0.06469884]
1032
[0.06760807]
1033
[0.05157121]
1034
[0.07940232]
1035
[0.06497522]
1036
[0.08163209]
1037
[0.0631257]
1038
[0.05977745]
1039
[0.06807825]
1040
[0.05043046]
1041
[0.04741304]
1042
[0.04527853]
1043
[0.08657907]
1044
[0.07320018]
1045
[0.07385615]
1046
[0.06489233]
1047
[0.07313282]
1048
[0.05901358]
1049
[0.07117405]
1050
[0.06618661]
1051
[0.07042123]
1052
[0.06510663]
1053
[0.08065081]
1054
[0.0538303]
1055
[0.05188349]
1056
[0.09345063]
1057
[0.11240768]
1058
[0.06207911]
1059
[0.07292075]
1060
[0.08043171]
1061
[0.07712139]
1062
[0.08048813]
1063
[0.06608683]
1064
[0.07879851]
1065
[0.04808343]
1066
[0.06293112]
1067
[0.05191016]
1068
[0.08155444]
1069
[0.07487768]
1070
[0.05057153]
1071
[0.06400389]
1072
[0.08489102]
1073
[0.07222404]
1074
[0.05139039]
1075
[0.061472]
1076
[0.0780064]
1077
[0.0561808]
1078
[0.06353369]
1079
[0.06597694]
1080
[0.0663989]
1081
[0.05546484]
1082
[0.07374444]
1083
[0.07431037]
1084
[0.06828444]
1085
[0.07560682]
1086
[0.07586922]
1087
[0.0833539]
1088
[0.05999756]
1089
[0.05461461]
1090
[0.06336401]
1091
[0.05818054]
1092
[0.06530065]
1093
[0.07239419]
1094
[0.07387161]
1095
[0.06752954]
1096
[0.06603182]
1097
[0.08419167]
1098
[0.07307059]
1099
[0.06458783]
1100
[0.07127572]
1101
[0.07866894]
1102
[0.06203847]
1103
[0.06749784]
1104
[0.06125898]
1105
[0.07303726]
1106
[0.04038859]
1107
[0.06046745]
1108
[0.06380957]
1109
[0.05318183]
1110
[0.06352924]
1111
[0.06424466]
1112
[0.07349303]
1113
[0.07257591]
1114
[0.07579285]
1115
[0.04468139]
1116
[0.07216587]
1117
[0.05650408]
1118
[0.06890571]
1119
[0.08355912]
1120
[0.06464367]
1121
[0.08037692]
1122
[0.05562929]
1123
[0.05814253]
1124
[0.07633113]
1125
[0.08028674]
1126
[0.06364605]
1127
[0.08598892]
1128
[0.07050933]
1129
[0.07295553]
1130
[0.07629208]
1131
[0.04570883]
1132
[0.07392975]
1133
[0.07185658]
1134
[0.049183]
1135
[0.04373675]
1136
[0.0620108]
1137
[0.06591103]
1138
[0.06335678]
1139
[0.06969685]
1140
[0.05546014]
1141
[0.04899967]
1142
[0.07370751]
1143
[0.07539961]
1144
[0.08013623]
1145
[0.04311497]
1146
[0.0737535]
1147
[0.09955799]
1148
[0.05782524]
1149
[0.05880684]
1150
[0.08174297]
1151
[0.04675144]
1152
[0.0731156]
1153
[0.06583774]
1154
[0.06424708]
1155
[0.06210682]
1156
[0.07066914]
1157
[0.06367576]
1158
[0.07876423]
1159
[0.05527198]
1160
[0.05741593]
1161
[0.07309743]
1162
[0.05601591]
1163
[0.0690209]
1164
[0.06766858]
1165
[0.06914035]
1166
[0.05355041]
1167
[0.07941342]
1168
[0.06661744]
1169
[0.06899522]
1170
[0.06865559]
1171
[0.06785944]
1172
[0.06038853]
1173
[0.06861817]
1174
[0.05722252]
1175
[0.07512005]
1176
[0.05338893]
1177
[0.0766345]
1178
[0.06750763]
1179
[0.07352258]
1180
[0.07643478]
1181
[0.05515075]
1182
[0.06001951]
1183
[0.06421122]
1184
[0.06130997]
1185
[0.06474333]
1186
[0.072525]
1187
[0.07396172]
1188
[0.06482362]
1189
[0.07964864]
1190
[0.06455652]
1191
[0.06342251]
1192
[0.07040158]
1193
[0.06668899]
1194
[0.07230239]
1195
[0.05328339]
1196
[0.10326705]
1197
[0.07970708]
1198
[0.08070369]
1199
[0.0593245]
1200
[0.05713397]
1201
[0.04540191]
1202
[0.08214624]
1203
[0.07231506]
1204
[0.06794606]
1205
[0.05315173]
1206
[0.06084039]
1207
[0.06500499]
1208
[0.05470994]
1209
[0.05761616]
1210
[0.07004698]
1211
[0.06334013]
1212
[0.07011137]
1213
[0.08433904]
1214
[0.07031604]
1215
[0.07004987]
1216
[0.10351165]
1217
[0.06439837]
1218
[0.07734655]
1219
[0.04432476]
1220
[0.04830332]
1221
[0.07513225]
1222
[0.06636199]
1223
[0.05822139]
1224
[0.0454447]
1225
[0.06212237]
1226
[0.07519338]
1227
[0.10169279]
1228
[0.07592706]
1229
[0.07693086]
1230
[0.06973855]
1231
[0.06427182]
1232
[0.05798508]
1233
[0.05880507]
1234
[0.06985406]
1235
[0.06560364]
1236
[0.06189041]
1237
[0.08780139]
1238
[0.06658012]
1239
[0.04396027]
1240
[0.07411031]
1241
[0.07778698]
1242
[0.0791892]
1243
[0.07511576]
1244
[0.0743735]
1245
[0.07301973]
1246
[0.07058711]
1247
[0.07879181]
1248
[0.0708793]
1249
[0.05247501]
1250
[0.07988597]
1251
[0.07604146]
1252
[0.070193]
1253
[0.06353405]
1254
[0.08133327]
1255
[0.0452067]
1256
[0.06005655]
1257
[0.10769617]
1258
[0.06501836]
1259
[0.07695449]
1260
[0.06981348]
1261
[0.06224604]
1262
[0.08481804]
1263
[0.07518894]
1264
[0.06440716]
1265
[0.06511385]
1266
[0.07177022]
1267
[0.06933989]
1268
[0.06983124]
1269
[0.05197265]
1270
[0.06365351]
1271
[0.05079297]
1272
[0.0615034]
1273
[0.04486869]
1274
[0.09394665]
1275
[0.05414926]
1276
[0.0674438]
1277
[0.04797404]
1278
[0.05663731]
1279
[0.06789341]
1280
[0.07209344]
1281
[0.06863923]
1282
[0.04835819]
1283
[0.08021229]
1284
[0.08134737]
1285
[0.07288394]
1286
[0.0674438]
1287
[0.06568348]
1288
[0.07862349]
1289
[0.06782435]
1290
[0.07564551]
1291
[0.05737195]
1292
[0.064065]
1293
[0.07687324]
1294
[0.04895056]
1295
[0.0860455]
1296
[0.05884968]
1297
[0.05113706]
1298
[0.07013187]
1299
[0.07454368]
1300
[0.04133757]
1301
[0.06077858]
1302
[0.0960923]
1303
[0.0551179]
1304
[0.06487711]
1305
[0.05481532]
1306
[0.06330471]
1307
[0.06960783]
1308
[0.05692308]
1309
[0.06264703]
1310
[0.06040211]
1311
[0.0650293]
1312
[0.06991026]
1313
[0.07961427]
1314
[0.04724934]
1315
[0.06423841]
1316
[0.08107959]
1317
[0.06498668]
1318
[0.06628259]
1319
[0.05011699]
1320
[0.05631277]
1321
[0.07785085]
1322
[0.05830988]
1323
[0.05836925]
1324
[0.04215314]
1325
[0.07410472]
1326
[0.06752071]
1327
[0.09480218]
1328
[0.06722421]
1329
[0.07082807]
1330
[0.06929802]
1331
[0.05704185]
1332
[0.09124735]
1333
[0.06941595]
1334
[0.06065392]
1335
[0.06179077]
1336
[0.07534022]
1337
[0.06956347]
1338
[0.06339811]
1339
[0.07387213]
1340
[0.0877438]
1341
[0.07336301]
1342
[0.06184776]
1343
[0.07256157]
1344
[0.07549943]
1345
[0.08025053]
1346
[0.07081176]
1347
[0.0658426]
1348
[0.07500327]
1349
[0.04951656]
1350
[0.08062562]
1351
[0.05481587]
1352
[0.04309818]
1353
[0.07759565]
1354
[0.07347679]
1355
[0.06437826]
1356
[0.06231908]
1357
[0.06904856]
1358
[0.05993152]
1359
[0.06711522]
1360
[0.07229337]
1361
[0.07548918]
1362
[0.08774404]
1363
[0.05079664]
1364
[0.07892514]
1365
[0.06689759]
1366
[0.06385188]
1367
[0.07084899]
1368
[0.04528847]
1369
[0.08077557]
1370
[0.0723227]
1371
[0.05390684]
1372
[0.05442049]
1373
[0.06715804]
1374
[0.07587576]
1375
[0.06792657]
1376
[0.07157719]
1377
[0.08153874]
1378
[0.05169904]
1379
[0.04038887]
1380
[0.07510764]
1381
[0.05174307]
1382
[0.08414892]
1383
[0.07009468]
1384
[0.08857446]
1385
[0.05834415]
1386
[0.07602212]
1387
[0.0658443]
1388
[0.07232685]
1389
[0.05849668]
1390
[0.06506072]
1391
[0.06074637]
1392
[0.09103134]
1393
[0.06302572]
1394
[0.06755007]
1395
[0.05656773]
1396
[0.05465269]
1397
[0.06964242]
1398
[0.0739543]
1399
[0.06309552]
1400
[0.06943628]
1401
[0.07590337]
1402
[0.07880319]
1403
[0.07325279]
1404
[0.04962843]
1405
[0.06455223]
1406
[0.08136845]
1407
[0.0553188]
1408
[0.06799277]
1409
[0.07375389]
1410
[0.08354073]
1411
[0.04415392]
1412
[0.07125099]
1413
[0.0703898]
1414
[0.06978734]
1415
[0.0569607]
1416
[0.06546149]
1417
[0.08223238]
1418
[0.05289576]
1419
[0.07777465]
1420
[0.05238634]
1421
[0.05669923]
1422
[0.07136456]
1423
[0.06973418]
1424
[0.05499387]
1425
[0.08216978]
1426
[0.06083295]
1427
[0.05995364]
1428
[0.06579713]
1429
[0.06235335]
1430
[0.06007882]
1431
[0.07127156]
1432
[0.07907511]
1433
[0.05824719]
1434
[0.05939739]
1435
[0.07421808]
1436
[0.06964161]
1437
[0.05018063]
1438
[0.07171137]
1439
[0.06983832]
1440
[0.07772251]
1441
[0.03853204]
1442
[0.0618169]
1443
[0.07412497]
1444
[0.07351899]
1445
[0.09482593]
1446
[0.04036511]
1447
[0.06563056]
1448
[0.05919651]
1449
[0.0684428]
1450
[0.06942059]
1451
[0.06860488]
1452
[0.05675501]
1453
[0.0511654]
1454
[0.08668897]
1455
[0.0684561]
1456
[0.08024249]
1457
[0.04523872]
1458
[0.06487548]
1459
[0.05554127]
1460
[0.05785536]
1461
[0.0684769]
1462
[0.07741007]
1463
[0.06721636]
1464
[0.06362465]
1465
[0.06332527]
1466
[0.07064325]
1467
[0.07654606]
1468
[0.07046409]
1469
[0.05574329]
1470
[0.07708225]
1471
[0.05612301]
1472
[0.07656494]
1473
[0.06737119]
1474
[0.06167191]
1475
[0.0606916]
1476
[0.06904884]
1477
[0.0405648]
1478
[0.05681373]
1479
[0.10063588]
1480
[0.07575645]
1481
[0.0651468]
1482
[0.07822934]
1483
[0.0414755]
1484
[0.05483396]
1485
[0.07744173]
1486
[0.07777133]
1487
[0.07510764]
1488
[0.07361783]
1489
[0.06485252]
1490
[0.06248489]
1491
[0.0742246]
1492
[0.06878981]
1493
[0.08164515]
1494
[0.06834671]
1495
[0.07408489]
1496
[0.07982692]
1497
[0.07689681]
1498
[0.07878861]
1499
[0.06031025]
1500
[0.06075043]
1501
[0.05988053]
1502
[0.06108552]
1503
[0.05432423]
1504
[0.04905948]
1505
[0.05990861]
1506
[0.06950866]
1507
[0.04790045]
1508
[0.07547739]
1509
[0.06318955]
1510
[0.07252501]
1511
[0.07951609]
1512
[0.06627776]
1513
[0.06869937]
1514
[0.0840007]
1515
[0.05054224]
1516
[0.07404888]
1517
[0.07649907]
1518
[0.07168619]
1519
[0.0852682]
1520
[0.06411398]
1521
[0.05691658]
1522
[0.05189356]
1523
[0.09565415]
1524
[0.07067923]
1525
[0.06731823]
1526
[0.05387731]
1527
[0.05727673]
1528
[0.09809628]
1529
[0.06286921]
1530
[0.07227717]
1531
[0.08056391]
1532
[0.07066386]
1533
[0.05723394]
1534
[0.0547088]
1535
[0.07591469]
1536
[0.07703787]
1537
[0.06285431]
1538
[0.0711041]
1539
[0.07012332]
1540
[0.0794697]
1541
[0.05464605]
1542
[0.07389769]
1543
[0.03125802]
1544
[0.07649041]
1545
[0.06250134]
1546
[0.06823952]
1547
[0.06128782]
1548
[0.06514465]
1549
[0.06741957]
1550
[0.05837134]
1551
[0.06408126]
1552
[0.05971288]
1553
[0.05743578]
1554
[0.07006294]
1555
[0.06152574]
1556
[0.05204545]
1557
[0.07682526]
1558
[0.07220663]
1559
[0.06216189]
1560
[0.07924487]
1561
[0.06557116]
1562
[0.042734]
1563
[0.06554597]
1564
[0.04380984]
1565
[0.06406726]
1566
[0.06014734]
1567
[0.08615783]
1568
[0.06316059]
1569
[0.06315402]
1570
[0.07503809]
1571
[0.05881907]
1572
[0.06658707]
1573
[0.04650421]
1574
[0.04976576]
1575
[0.07687575]
1576
[0.05334109]
1577
[0.07895435]
1578
[0.05730867]
1579
[0.06023514]
1580
[0.04495551]
1581
[0.07051875]
1582
[0.04857713]
1583
[0.06927807]
1584
[0.06181638]
1585
[0.06781672]
1586
[0.0688378]
1587
[0.05164405]
1588
[0.06896436]
1589
[0.05686116]
1590
[0.04764188]
1591
[0.08173542]
1592
[0.08006401]
1593
[0.07663688]
1594
[0.06529981]
1595
[0.05324133]
1596
[0.05795785]
1597
[0.06103085]
1598
[0.07679639]
1599
[0.0672572]
1600
[0.09101114]
1601
[0.07109994]
1602
[0.07372792]
1603
[0.07196342]
1604
[0.0820886]
1605
[0.07288598]
1606
[0.05614304]
1607
[0.05252561]
1608
[0.06978238]
1609
[0.07666012]
1610
[0.06663696]
1611
[0.08437472]
1612
[0.05243893]
1613
[0.07802129]
1614
[0.05826095]
1615
[0.06361188]
1616
[0.0534602]
1617
[0.05863793]
1618
[0.0804034]
1619
[0.0586806]
1620
[0.0390876]
1621
[0.04710631]
1622
[0.0459681]
1623
[0.06543107]
1624
[0.06825503]
1625
[0.06170702]
1626
[0.06933857]
1627
[0.07515599]
1628
[0.07763163]
1629
[0.06743484]
1630
[0.07214906]
1631
[0.06514465]
1632
[0.10719031]
1633
[0.07798948]
1634
[0.07150324]
1635
[0.06361188]
1636
[0.07838395]
1637
[0.08004343]
1638
[0.06248651]
1639
[0.05115599]
1640
[0.05802352]
1641
[0.07434125]
1642
[0.08395484]
1643
[0.06645109]
1644
[0.08966893]
1645
[0.06788781]
1646
[0.05032481]
1647
[0.05967472]
1648
[0.06063498]
1649
[0.05630679]
1650
[0.0773805]
1651
[0.06276111]
1652
[0.06361232]
1653
[0.09429143]
1654
[0.04713679]
1655
[0.08423096]
1656
[0.05743628]
1657
[0.052433]
1658
[0.08733512]
1659
[0.06456252]
1660
[0.05646837]
1661
[0.06877566]
1662
[0.05373442]
1663
[0.060675]
1664
[0.08462018]
1665
[0.06094786]
1666
[0.07831486]
1667
[0.05545007]
1668
[0.06410105]
1669
[0.0522433]
1670
[0.06092987]
1671
[0.06021413]
1672
[0.06707965]
1673
[0.06559509]
1674
[0.06827017]
1675
[0.06052849]
1676
[0.06669577]
1677
[0.08006461]
1678
[0.0516416]
1679
[0.06241558]
1680
[0.08379525]
1681
[0.05632831]
1682
[0.08522834]
1683
[0.03501426]
1684
[0.06981707]
1685
[0.06596277]
1686
[0.0475357]
1687
[0.07501048]
1688
[0.05768504]
1689
[0.07578945]
1690
[0.07082436]
1691
[0.07278003]
1692
[0.07795089]
1693
[0.09151405]
1694
[0.09595755]
1695
[0.05922274]
1696
[0.05472858]
1697
[0.06690902]
1698
[0.08050313]
1699
[0.05737452]
1700
[0.06546918]
1701
[0.0706338]
1702
[0.08255985]
1703
[0.06482977]
1704
[0.06413783]
1705
[0.06386427]
1706
[0.04381022]
1707
[0.07212904]
1708
[0.07011781]
1709
[0.04934968]
1710
[0.08104672]
1711
[0.06938407]
1712
[0.06585673]
1713
[0.05583337]
1714
[0.08453333]
1715
[0.06790541]
1716
[0.05844949]
1717
[0.06789262]
1718
[0.06950498]
1719
[0.04800124]
1720
[0.07346207]
1721
[0.06486782]
1722
[0.06440443]
1723
[0.05812783]
1724
[0.05869717]
1725
[0.08601198]
1726
[0.03613808]
1727
[0.04966383]
1728
[0.04708294]
1729
[0.0501703]
1730
[0.07499082]
1731
[0.06131273]
1732
[0.05589999]
1733
[0.07072982]
1734
[0.057534]
1735
[0.06675998]
1736
[0.069267]
1737
[0.09070701]
1738
[0.05435736]
1739
[0.04828421]
1740
[0.08090507]
1741
[0.07295016]
1742
[0.07116881]
1743
[0.07498551]
1744
[0.07852285]
1745
[0.08676193]
1746
[0.07036273]
1747
[0.04981697]
1748
[0.05385842]
1749
[0.08086362]
1750
[0.06975049]
1751
[0.07653433]
1752
[0.07837838]
1753
[0.06999347]
1754
[0.04270932]
1755
[0.09631462]
1756
[0.07659369]
1757
[0.0874101]
1758
[0.07093935]
1759
[0.06119733]
1760
[0.06843537]
1761
[0.11818543]
1762
[0.06908909]
1763
[0.04694928]
1764
[0.05111354]
1765
[0.07643439]
1766
[0.0628208]
1767
[0.08144986]
1768
[0.07157219]
1769
[0.08292115]
1770
[0.0826407]
1771
[0.10462192]
1772
[0.05659231]
1773
[0.07575117]
1774
[0.08126356]
1775
[0.04749898]
1776
[0.06497591]
1777
[0.0618969]
1778
[0.06247046]
1779
[0.05521681]
1780
[0.07328243]
1781
[0.06840068]
1782
[0.06897657]
1783
[0.07997062]
1784
[0.06089323]
1785
[0.0704333]
1786
[0.06408741]
1787
[0.06492573]
1788
[0.05235721]
1789
[0.06044583]
1790
[0.06648971]
1791
[0.06080148]
1792
[0.06006448]
1793
[0.07063241]
1794
[0.07559482]
1795
[0.07280848]
1796
[0.08375938]
1797
[0.07607325]
1798
[0.06627868]
1799
[0.06932535]
1800
[0.05508665]
1801
[0.06834319]
1802
[0.06132391]
1803
[0.07196624]
1804
[0.0575627]
1805
[0.05004304]
1806
[0.03473691]
1807
[0.06451548]
1808
[0.04319563]
1809
[0.07163618]
1810
[0.06917342]
1811
[0.06067923]
1812
[0.07580512]
1813
[0.05014389]
1814
[0.08202027]
1815
[0.05417862]
1816
[0.06806051]
1817
[0.05547491]
1818
[0.05378605]
1819
[0.06313413]
1820
[0.07201667]
1821
[0.06030009]
1822
[0.07413392]
1823
[0.05441528]
1824
[0.06216829]
1825
[0.04269884]
1826
[0.07074282]
1827
[0.06905715]
1828
[0.08225562]
1829
[0.06013225]
1830
[0.06799041]
1831
[0.06011928]
1832
[0.05569346]
1833
[0.06227804]
1834
[0.07032218]
1835
[0.06372471]
1836
[0.10221209]
1837
[0.06267672]
1838
[0.07660278]
1839
[0.05428099]
1840
[0.04982718]
1841
[0.07504661]
1842
[0.06599914]
1843
[0.07456652]
1844
[0.06036676]
1845
[0.07779755]
1846
[0.09169182]
1847
[0.08411004]
1848
[0.04279857]
1849
[0.06215073]
1850
[0.07052081]
1851
[0.08260864]
1852
[0.06363486]
1853
[0.08466698]
1854
[0.07506575]
1855
[0.07419925]
1856
[0.06683859]
1857
[0.04617831]
1858
[0.0835488]
1859
[0.07688562]
1860
[0.07448397]
1861
[0.05453337]
1862
[0.06973939]
1863
[0.06581671]
1864
[0.06383457]
1865
[0.07047157]
1866
[0.0732905]
1867
[0.06332569]
1868
[0.07558738]
1869
[0.06595675]
1870
[0.04521867]
1871
[0.05956922]
1872
[0.04665667]
1873
[0.07177987]
1874
[0.07727222]
1875
[0.07391007]
1876
[0.04494791]
1877
[0.07761538]
1878
[0.0570801]
1879
[0.05371589]
1880
[0.05288251]
1881
[0.05589311]
1882
[0.07795845]
1883
[0.06311937]
1884
[0.06524756]
1885
[0.07314472]
1886
[0.070967]
1887
[0.05425709]
1888
[0.06226669]
1889
[0.07668131]
1890
[0.06640314]
1891
[0.07291889]
1892
[0.0738924]
1893
[0.07793312]
1894
[0.05491597]
1895
[0.05766807]
1896
[0.06330929]
1897
[0.07720894]
1898
[0.06021841]
1899
[0.07298439]
1900
[0.07204835]
1901
[0.06430425]
1902
[0.08001265]
1903
[0.05242165]
1904
[0.05905001]
1905
[0.07998952]
1906
[0.07479017]
1907
[0.087682]
1908
[0.07677077]
1909
[0.05107017]
1910
[0.04675144]
1911
[0.06069327]
1912
[0.06400309]
1913
[0.07699215]
1914
[0.04189439]
1915
[0.04440003]
1916
[0.05627973]
1917
[0.07695043]
1918
[0.05594804]
1919
[0.06569517]
1920
[0.05332907]
1921
[0.05608204]
1922
[0.08104485]
1923
[0.07240845]
1924
[0.06788115]
1925
[0.06814387]
1926
[0.06789754]
1927
[0.0428476]
1928
[0.07125048]
1929
[0.08211907]
1930
[0.08660339]
1931
[0.0615559]
1932
[0.05951624]
1933
[0.05916825]
1934
[0.05656268]
1935
[0.04632774]
1936
[0.07244464]
1937
[0.06206101]
1938
[0.06468482]
1939
[0.07496566]
1940
[0.05818288]
1941
[0.06361188]
1942
[0.06812094]
1943
[0.07274991]
1944
[0.06486366]
1945
[0.05126382]
1946
[0.07279787]
1947
[0.0487347]
1948
[0.0681333]
1949
[0.08285807]
1950
[0.05705283]
1951
[0.0803366]
1952
[0.06361188]
1953
[0.06520645]
1954
[0.08128885]
1955
[0.06141852]
1956
[0.08155164]
1957
[0.07123911]
1958
[0.06941474]
1959
[0.05999199]
1960
[0.07408931]
1961
[0.07566616]
1962
[0.05134974]
1963
[0.07011295]
1964
[0.07127572]
1965
[0.07919877]
1966
[0.04020386]
1967
[0.04464223]
1968
[0.06484416]
1969
[0.06551164]
1970
[0.08617589]
1971
[0.08134787]
1972
[0.07523625]
1973
[0.05527224]
1974
[0.06826209]
1975
[0.06687651]
1976
[0.07109547]
1977
[0.06049563]
1978
[0.07111318]
1979
[0.07665165]
1980
[0.0578643]
1981
[0.07164252]
1982
[0.08550548]
1983
[0.05236128]
1984
[0.07953747]
1985
[0.05740797]
1986
[0.07324616]
1987
[0.07777712]
1988
[0.05977996]
1989
[0.06953676]
1990
[0.07281954]
1991
[0.06464415]
1992
[0.06798494]
1993
[0.07870444]
1994
[0.05485228]
1995
[0.05152551]
1996
[0.07367351]
1997
[0.05332727]
1998
[0.05878377]
1999
[0.06977215]
2000
[0.05804779]
2001
[0.04447395]
2002
[0.07159716]
2003
[0.07399221]
2004
[0.04412659]
2005
[0.07827934]
2006
[0.05639799]
2007
[0.07986668]
2008
[0.07432927]
2009
[0.07770505]
2010
[0.04732365]
2011
[0.07500029]
2012
[0.07585618]
2013
[0.05459733]
2014
[0.05382655]
2015
[0.08472452]
2016
[0.06882315]
2017
[0.06965246]
2018
[0.06462061]
2019
[0.07549063]
2020
[0.07523727]
2021
[0.06993883]
2022
[0.05943338]
2023
[0.08110308]
2024
[0.05931695]
2025
[0.06448462]
2026
[0.06456875]
2027
[0.05341179]
2028
[0.05772313]
2029
[0.06080086]
2030
[0.07145997]
2031
[0.05359723]
2032
[0.04981697]
2033
[0.06130887]
2034
[0.05071958]
2035
[0.05451481]
2036
[0.06378171]
2037
[0.08213704]
2038
[0.05961768]
2039
[0.07340072]
2040
[0.06973538]
2041
[0.05169851]
2042
[0.06943664]
2043
[0.05747149]
2044
[0.07386278]
2045
[0.04075779]
2046
[0.0725499]
2047
[0.07921962]
2048
[0.07234653]
2049
[0.06041854]
2050
[0.04962878]
2051
[0.04842579]
2052
[0.05663328]
2053
[0.05945482]
2054
[0.06546139]
2055
[0.0628892]
2056
[0.05123508]
2057
[0.07800435]
2058
[0.07796461]
2059
[0.05612174]
2060
[0.08422562]
2061
[0.07357346]
2062
[0.04495195]
2063
[0.06371558]
2064
[0.07089251]
2065
[0.05459711]
2066
[0.07235709]
2067
[0.11483882]
2068
[0.08060148]
2069
[0.07034511]
2070
[0.08311912]
2071
[0.07729829]
2072
[0.06910065]
2073
[0.05764308]
2074
[0.07989254]
2075
[0.07366581]
2076
[0.05484029]
2077
[0.06728994]
2078
[0.06061196]
2079
[0.08450045]
2080
[0.07147101]
2081
[0.07641736]
2082
[0.05293729]
2083
[0.09476782]
2084
[0.06252696]
2085
[0.06134092]
2086
[0.06870358]
2087
[0.06676956]
2088
[0.07490644]
2089
[0.07566378]
2090
[0.07688269]
2091
[0.07720003]
2092
[0.04056169]
2093
[0.05408899]
2094
[0.06289087]
2095
[0.07269727]
2096
[0.06277101]
2097
[0.06112123]
2098
[0.06569301]
2099
[0.06206997]
2100
[0.04906379]
2101
[0.07638228]
2102
[0.04857961]
2103
[0.06875017]
2104
[0.06808036]
2105
[0.07112373]
2106
[0.07496615]
2107
[0.06544811]
2108
[0.06464579]
2109
[0.04661298]
2110
[0.07976178]
2111
[0.06501185]
2112
[0.0770815]
2113
[0.09577453]
2114
[0.05144291]
2115
[0.06766204]
2116
[0.06630872]
2117
[0.07804013]
2118
[0.06951984]
2119
[0.05664672]
2120
[0.05599705]
2121
[0.06949385]
2122
[0.08872877]
2123
[0.04666732]
2124
[0.05748081]
2125
[0.06275825]
2126
[0.07427475]
2127
[0.06063932]
2128
[0.07966289]
2129
[0.07577452]
2130
[0.04456568]
2131
[0.04917891]
2132
[0.06437595]
2133
[0.05694077]
2134
[0.08437857]
2135
[0.09592142]
2136
[0.05195802]
2137
[0.071841]
2138
[0.06301355]
2139
[0.0620798]
2140
[0.0632604]
2141
[0.06582164]
2142
[0.07378119]
2143
[0.08549282]
2144
[0.0548974]
2145
[0.04087805]
2146
[0.05741776]
2147
[0.06045343]
2148
[0.07148959]
2149
[0.04523085]
2150
[0.07883762]
2151
[0.05041154]
2152
[0.05824719]
2153
[0.05461886]
2154
[0.07998522]
2155
[0.0863081]
2156
[0.04774475]
2157
[0.07925119]
2158
[0.07002912]
2159
[0.07447344]
2160
[0.05133456]
2161
[0.06256485]
2162
[0.0797973]
2163
[0.07721441]
2164
[0.06397319]
2165
[0.05927828]
2166
[0.07704482]
2167
[0.05594804]
2168
[0.06340972]
2169
[0.07850087]
2170
[0.05864389]
2171
[0.05496729]
2172
[0.04645448]
2173
[0.06691896]
2174
[0.06960486]
2175
[0.07416006]
2176
[0.05636352]
2177
[0.04298349]
2178
[0.0908024]
2179
[0.07245996]
2180
[0.06925365]
2181
[0.06725605]
2182
[0.07703472]
2183
[0.07647696]
2184
[0.05308417]
2185
[0.06212244]
2186
[0.09882879]
2187
[0.06679489]
2188
[0.04341315]
2189
[0.06740585]
2190
[0.07956059]
2191
[0.08139404]
2192
[0.05483687]
2193
[0.07923127]
2194
[0.06146808]
2195
[0.06306318]
2196
[0.06703493]
2197
[0.05108128]
2198
[0.07245271]
2199
[0.07665822]
2200
[0.05666019]
2201
[0.06703577]
2202
[0.07450366]
2203
[0.05906204]
2204
[0.09986628]
2205
[0.05736433]
2206
[0.07195132]
2207
[0.05522764]
2208
[0.07557444]
2209
[0.07312845]
2210
[0.07186763]
2211
[0.05760245]
2212
[0.08253831]
2213
[0.06977083]
2214
[0.05006509]
2215
[0.0736113]
2216
[0.0755896]
2217
[0.06475434]
2218
[0.07322752]
2219
[0.05797231]
2220
[0.0781972]
2221
[0.07021985]
2222
[0.05405078]
2223
[0.10348149]
2224
[0.07341781]
2225
[0.06754099]
2226
[0.05720194]
2227
[0.07855349]
2228
[0.08896477]
2229
[0.06569486]
2230
[0.08884132]
2231
[0.07872861]
2232
[0.09519431]
2233
[0.07551114]
2234
[0.04324073]
2235
[0.0777869]
2236
[0.08435956]
2237
[0.08444141]
2238
[0.06228221]
2239
[0.06646472]
2240
[0.07292614]
2241
[0.08855183]
2242
[0.06798775]
2243
[0.07362325]
2244
[0.06514465]
2245
[0.08190877]
2246
[0.06560981]
2247
[0.06107492]
2248
[0.06269179]
2249
[0.06081802]
2250
[0.07893955]
2251
[0.04609414]
2252
[0.06544056]
2253
[0.0878138]
2254
[0.0663501]
2255
[0.06849971]
2256
[0.06422527]
2257
[0.07621723]
2258
[0.07570329]
2259
[0.0587574]
2260
[0.05336329]
2261
[0.07970425]
2262
[0.0610841]
2263
[0.0536362]
2264
[0.05867483]
2265
[0.06407308]
2266
[0.07160279]
2267
[0.06146197]
2268
[0.06730857]
2269
[0.08257548]
2270
[0.06398649]
2271
[0.09032898]
2272
[0.05085994]
2273
[0.0473204]
2274
[0.06434486]
2275
[0.06239724]
2276
[0.07901002]
2277
[0.04992305]
2278
[0.07582222]
2279
[0.04489223]
2280
[0.08372244]
2281
[0.04164745]
2282
[0.06743099]
2283
[0.06532314]
2284
[0.06570454]
2285
[0.04689605]
2286
[0.07185174]
2287
[0.06667319]
2288
[0.08217293]
2289
[0.06924699]
2290
[0.05997818]
2291
[0.05435826]
2292
[0.05952435]
2293
[0.05534987]
2294
[0.05906112]
2295
[0.05852749]
2296
[0.04966958]
2297
[0.07359303]
2298
[0.06978452]
2299
[0.05778306]
2300
[0.05838468]
2301
[0.07492204]
2302
[0.06572925]
2303
[0.05169346]
2304
[0.07352778]
2305
[0.05863717]
2306
[0.05956237]
2307
[0.07795714]
2308
[0.06907057]
2309
[0.06706951]
2310
[0.05435794]
2311
[0.06060787]
2312
[0.04773281]
2313
[0.06137368]
2314
[0.07503625]
2315
[0.05615672]
2316
[0.08146316]
2317
[0.10237753]
2318
[0.06441669]
2319
[0.05913974]
2320
[0.06464543]
2321
[0.04942423]
2322
[0.05592003]
2323
[0.06422036]
2324
[0.06542056]
2325
[0.06771455]
2326
[0.05117686]
2327
[0.06770795]
2328
[0.0832065]
2329
[0.06202476]
2330
[0.060511]
2331
[0.05122835]
2332
[0.05219293]
2333
[0.06916256]
2334
[0.08517979]
2335
[0.06805464]
2336
[0.07627923]
2337
[0.06523366]
2338
[0.0539015]
2339
[0.08291468]
2340
[0.05312118]
2341
[0.05671443]
2342
[0.05169642]
2343
[0.05433004]
2344
[0.07839135]
2345
[0.06873869]
2346
[0.07714377]
2347
[0.0614808]
2348
[0.06786817]
2349
[0.05513184]
2350
[0.06443598]
2351
[0.07604236]
2352
[0.05224688]
2353
[0.06736685]
2354
[0.07859215]
2355
[0.04752508]
2356
[0.03879597]
2357
[0.07038497]
2358
[0.06734537]
2359
[0.04100373]
2360
[0.07331591]
2361
[0.07776735]
2362
[0.07946498]
2363
[0.05972677]
2364
[0.05730673]
2365
[0.05744862]
2366
[0.0698888]
2367
[0.0435797]
2368
[0.05946439]
2369
[0.10084742]
2370
[0.04008076]
2371
[0.07701057]
2372
[0.06879799]
2373
[0.07507676]
2374
[0.06477341]
2375
[0.05925614]
2376
[0.06906208]
2377
[0.07428091]
2378
[0.06931614]
2379
[0.07011578]
2380
[0.05723043]
2381
[0.06302983]
2382
[0.05627006]
2383
[0.06112681]
2384
[0.06905149]
2385
[0.07694403]
2386
[0.05415672]
2387
[0.07035372]
2388
[0.06528253]
2389
[0.05828511]
2390
[0.07655127]
2391
[0.06682515]
2392
[0.06733023]
2393
[0.09799293]
2394
[0.07677357]
2395
[0.07273643]
2396
[0.04812407]
2397
[0.0707403]
2398
[0.09464792]
2399
[0.05936393]
2400
[0.0774962]
2401
[0.07333516]
2402
[0.09606428]
2403
[0.07947678]
2404
[0.05186282]
2405
[0.08294245]
2406
[0.06023843]
2407
[0.05478929]
2408
[0.0551526]
2409
[0.06082291]
2410
[0.03884373]
2411
[0.06958441]
2412
[0.05858644]
2413
[0.07544505]
2414
[0.07501168]
2415
[0.06491736]
2416
[0.04925206]
2417
[0.07247181]
2418
[0.07117274]
2419
[0.05930741]
2420
[0.08819944]
2421
[0.0837271]
2422
[0.07643708]
2423
[0.08598555]
2424
[0.06523449]
2425
[0.06016443]
2426
[0.0737152]
2427
[0.06749555]
2428
[0.06158731]
2429
[0.05670279]
2430
[0.05443212]
2431
[0.06689953]
2432
[0.05678938]
2433
[0.07213066]
2434
[0.07041974]
2435
[0.04683283]
2436
[0.06946238]
2437
[0.05935695]
2438
[0.07419703]
2439
[0.06168704]
2440
[0.0642544]
2441
[0.06581492]
2442
[0.064055]
2443
[0.06702346]
2444
[0.07026378]
2445
[0.07699673]
2446
[0.0817373]
2447
[0.07149865]
2448
[0.04671461]
2449
[0.07164166]
2450
[0.06707036]
2451
[0.07731183]
2452
[0.0763911]
2453
[0.04937932]
2454
[0.05738857]
2455
[0.06656643]
2456
[0.06532529]
2457
[0.07845038]
2458
[0.07498957]
2459
[0.07214119]
2460
[0.05982326]
2461
[0.06572766]
2462
[0.06568666]
2463
[0.0717673]
2464
[0.08105299]
2465
[0.06565856]
2466
[0.0589567]
2467
[0.08944225]
2468
[0.04985185]
2469
[0.05623553]
2470
[0.06065115]
2471
[0.05427809]
2472
[0.0743576]
2473
[0.07574314]
2474
[0.07384379]
2475
[0.07017434]
2476
[0.05436235]
2477
[0.08582366]
2478
[0.06901819]
2479
[0.07496157]
2480
[0.06055977]
2481
[0.07969857]
2482
[0.06707837]
2483
[0.06083994]
2484
[0.0722357]
2485
[0.05777495]
2486
[0.06125629]
2487
[0.05882621]
2488
[0.05751368]
2489
[0.05449824]
2490
[0.05697323]
2491
[0.05346255]
2492
[0.07929079]
2493
[0.06351909]
2494
[0.07165999]
2495
[0.07488056]
2496
[0.07828134]
2497
[0.08327007]
2498
[0.06011541]
2499
[0.05570519]
[1] 20000    11
[1] 20000    11
