LOADING R
R LOADED
[1] "/home/lvanderl/Rlibs2"                         
[2] "/app/software/R/4.3.1-gfbf-2022b/lib/R/library"
[1] "/home/lvanderl/sieveSims"
[1] "gam 1 2"
[1] 0.09643747
[1] 0.09643747
[1] 0.09643747
13.183673469387756
0
[0.1292482]
1
[0.01793581]
2
[0.01680733]
3
[0.01838243]
4
[0.12608505]
5
[0.01684807]
6
[0.02707814]
7
[0.1232746]
8
[0.0227103]
9
[0.09985154]
10
[0.0168687]
11
[0.01719791]
12
[0.02177562]
13
[0.06401824]
14
[0.12362339]
15
[0.02244136]
16
[0.06708762]
17
[0.01761486]
18
[0.09776034]
19
[0.01763999]
20
[0.07955321]
21
[0.01835194]
22
[0.01684637]
23
[0.06590001]
24
[0.02389688]
25
[0.11244557]
26
[0.13157871]
27
[0.02402243]
28
[0.01685224]
29
[0.01821059]
30
[0.01923497]
31
[0.02504614]
32
[0.07515261]
33
[0.15225348]
34
[0.0258361]
35
[0.13115734]
36
[0.08182824]
37
[0.01729588]
38
[0.01731413]
39
[0.02143012]
40
[0.10922558]
41
[0.04405284]
42
[0.01726953]
43
[0.03314649]
44
[0.01712063]
45
[0.08989381]
46
[0.06673503]
47
[0.05664686]
48
[0.04835809]
49
[0.06966532]
50
[0.01746171]
51
[0.01758016]
52
[0.06670078]
53
[0.01697138]
54
[0.06656373]
55
[0.01747489]
56
[0.01726936]
57
[0.07596495]
58
[0.01685163]
59
[0.04647824]
60
[0.0438309]
61
[0.01707289]
62
[0.1415578]
63
[0.13032784]
64
[0.02897851]
65
[0.0184958]
66
[0.02328157]
67
[0.03376719]
68
[0.02249225]
69
[0.0907826]
70
[0.12552693]
71
[0.06073414]
72
[0.01929071]
73
[0.0168458]
74
[0.03200439]
75
[0.08641143]
76
[0.11257267]
77
[0.02803628]
78
[0.14581236]
79
[0.01707084]
80
[0.03533262]
81
[0.01809915]
82
[0.04165539]
83
[0.07598525]
84
[0.03648472]
85
[0.03555176]
86
[0.02057216]
87
[0.02795077]
88
[0.1211221]
89
[0.01684492]
90
[0.01719223]
91
[0.01768912]
92
[0.12024606]
93
[0.13504905]
94
[0.01684688]
95
[0.05061465]
96
[0.01808946]
97
[0.08637322]
98
[0.01924164]
99
[0.01699645]
100
[0.1174406]
101
[0.11654398]
102
[0.07835142]
103
[0.02438921]
104
[0.05414191]
105
[0.1445346]
106
[0.08588484]
107
[0.01684679]
108
[0.01791468]
109
[0.11574377]
110
[0.10915814]
111
[0.13452958]
112
[0.02077825]
113
[0.0476803]
114
[0.0178767]
115
[0.0430397]
116
[0.01724716]
117
[0.0175899]
118
[0.03599937]
119
[0.01712207]
120
[0.0465062]
121
[0.05413283]
122
[0.04508436]
123
[0.01712477]
124
[0.04493673]
125
[0.02568693]
126
[0.03540298]
127
[0.06782605]
128
[0.0168996]
129
[0.01693456]
130
[0.0197882]
131
[0.01689992]
132
[0.05142476]
133
[0.03904398]
134
[0.13962067]
135
[0.05343087]
136
[0.05239715]
137
[0.0369108]
138
[0.04055115]
139
[0.07291769]
140
[0.01804362]
141
[0.10564416]
142
[0.10422456]
143
[0.15177443]
144
[0.02003256]
145
[0.0359456]
146
[0.09621262]
147
[0.07167663]
148
[0.07514421]
149
[0.01702436]
150
[0.08925089]
151
[0.12080104]
152
[0.08996579]
153
[0.04840339]
154
[0.01691428]
155
[0.02884271]
156
[0.01699044]
157
[0.12416191]
158
[0.02437112]
159
[0.02319862]
160
[0.0407562]
161
[0.07259047]
162
[0.01684504]
163
[0.06091015]
164
[0.03055]
165
[0.01930835]
166
[0.05661115]
167
[0.07822219]
168
[0.03323689]
169
[0.0173553]
170
[0.04270442]
171
[0.02157667]
172
[0.02006474]
173
[0.08557439]
174
[0.06446329]
175
[0.03180116]
176
[0.11669914]
177
[0.01774346]
178
[0.04904384]
179
[0.06668821]
180
[0.09278352]
181
[0.11238387]
182
[0.04305944]
183
[0.01742707]
184
[0.05424966]
185
[0.06782836]
186
[0.12434412]
187
[0.03397822]
188
[0.01686329]
189
[0.02598917]
190
[0.02785941]
191
[0.01762876]
192
[0.0181037]
193
[0.1370926]
194
[0.03574027]
195
[0.0699959]
196
[0.01806419]
197
[0.01686516]
198
[0.01717988]
199
[0.14357614]
200
[0.06702549]
201
[0.1235817]
202
[0.01808585]
203
[0.02610984]
204
[0.10281945]
205
[0.03802608]
206
[0.01754621]
207
[0.08152231]
208
[0.02303982]
209
[0.02117472]
210
[0.03613469]
211
[0.05362739]
212
[0.02886895]
213
[0.01953206]
214
[0.01977558]
215
[0.13922314]
216
[0.01684597]
217
[0.0376196]
218
[0.10896065]
219
[0.01688402]
220
[0.04762082]
221
[0.14719818]
222
[0.02601926]
223
[0.07108351]
224
[0.07200692]
225
[0.02292549]
226
[0.12633695]
227
[0.08089443]
228
[0.01717944]
229
[0.03024697]
230
[0.09314485]
231
[0.01908034]
232
[0.01961171]
233
[0.14812247]
234
[0.01714737]
235
[0.14218627]
236
[0.05800542]
237
[0.01690172]
238
[0.10920233]
239
[0.06766371]
240
[0.04297174]
241
[0.03222241]
242
[0.0175819]
243
[0.14815096]
244
[0.0169596]
245
[0.0202937]
246
[0.01684728]
247
[0.12739088]
248
[0.13222447]
249
[0.03985793]
250
[0.0320617]
251
[0.08493376]
252
[0.05030439]
253
[0.02501899]
254
[0.0720367]
255
[0.11009448]
256
[0.01694079]
257
[0.01919968]
258
[0.02035335]
259
[0.01729883]
260
[0.01725018]
261
[0.02859677]
262
[0.07736749]
263
[0.01699033]
264
[0.01757046]
265
[0.02502196]
266
[0.09304286]
267
[0.03308243]
268
[0.01697163]
269
[0.07196864]
270
[0.12965783]
271
[0.02336339]
272
[0.0363753]
273
[0.14638977]
274
[0.08244849]
275
[0.01851054]
276
[0.02292064]
277
[0.02106986]
278
[0.01851415]
279
[0.08580774]
280
[0.01767513]
281
[0.0173968]
282
[0.03243194]
283
[0.02192749]
284
[0.06817727]
285
[0.03265065]
286
[0.01827258]
287
[0.01684473]
288
[0.09012938]
289
[0.01846566]
290
[0.13054875]
291
[0.07088665]
292
[0.05156695]
293
[0.02954077]
294
[0.01777679]
295
[0.15046272]
296
[0.05002643]
297
[0.02923063]
298
[0.07823143]
299
[0.07329942]
300
[0.08361822]
301
[0.01846983]
302
[0.05277531]
303
[0.02163975]
304
[0.08781316]
305
[0.01817334]
306
[0.09785051]
307
[0.03493124]
308
[0.09584921]
309
[0.02719778]
310
[0.0205317]
311
[0.0240712]
312
[0.03547809]
313
[0.02457351]
314
[0.01726414]
315
[0.05054024]
316
[0.06433334]
317
[0.0172619]
318
[0.07871053]
319
[0.01723663]
320
[0.01722871]
321
[0.01698506]
322
[0.03288017]
323
[0.06261668]
324
[0.02664931]
325
[0.10982292]
326
[0.01706716]
327
[0.11293445]
328
[0.01855703]
329
[0.14658637]
330
[0.06395535]
331
[0.01998028]
332
[0.03526847]
333
[0.11790191]
334
[0.04256797]
335
[0.0539021]
336
[0.01704387]
337
[0.04195235]
338
[0.01834009]
339
[0.01763485]
340
[0.01782441]
341
[0.01828777]
342
[0.0762864]
343
[0.13174275]
344
[0.05052972]
345
[0.07320225]
346
[0.02835525]
347
[0.07602954]
348
[0.08221335]
349
[0.04628474]
350
[0.01789588]
351
[0.01709382]
352
[0.0171202]
353
[0.11773075]
354
[0.10945001]
355
[0.0462392]
356
[0.08594908]
357
[0.09496966]
358
[0.01758207]
359
[0.08968869]
360
[0.03959192]
361
[0.0500969]
362
[0.01687254]
363
[0.01699138]
364
[0.0217154]
365
[0.01748231]
366
[0.06609212]
367
[0.08591261]
368
[0.01697392]
369
[0.13684616]
370
[0.03803406]
371
[0.03994454]
372
[0.01805244]
373
[0.02357759]
374
[0.01830001]
375
[0.12663112]
376
[0.07405527]
377
[0.13382759]
378
[0.0173501]
379
[0.01687509]
380
[0.01710608]
381
[0.12732344]
382
[0.05134651]
383
[0.12261716]
384
[0.10576405]
385
[0.04523652]
386
[0.02791961]
387
[0.01823862]
388
[0.08201713]
389
[0.03245076]
390
[0.01775233]
391
[0.01780797]
392
[0.01691306]
393
[0.12630533]
394
[0.12275083]
395
[0.03684948]
396
[0.14445291]
397
[0.08926129]
398
[0.02314489]
399
[0.05516154]
400
[0.07662738]
401
[0.01951959]
402
[0.11488003]
403
[0.03233176]
404
[0.06018502]
405
[0.01914334]
406
[0.06693994]
407
[0.13417622]
408
[0.02021079]
409
[0.08805398]
410
[0.09012709]
411
[0.02190434]
412
[0.11967015]
413
[0.11296449]
414
[0.01759815]
415
[0.01694217]
416
[0.03297085]
417
[0.07207529]
418
[0.02701683]
419
[0.01905616]
420
[0.06834017]
421
[0.04614114]
422
[0.06074319]
423
[0.10207557]
424
[0.1167011]
425
[0.05387084]
426
[0.0210475]
427
[0.02095824]
428
[0.04575901]
429
[0.05711516]
430
[0.02152665]
431
[0.04262653]
432
[0.04847455]
433
[0.10755767]
434
[0.04851468]
435
[0.05088869]
436
[0.08700311]
437
[0.03470269]
438
[0.03372075]
439
[0.02851305]
440
[0.02429067]
441
[0.03900072]
442
[0.02774036]
443
[0.1396605]
444
[0.03109297]
445
[0.04450003]
446
[0.01950932]
447
[0.01684897]
448
[0.06425727]
449
[0.03895453]
450
[0.01764402]
451
[0.05384757]
452
[0.04264901]
453
[0.02580387]
454
[0.06868073]
455
[0.01885942]
456
[0.021218]
457
[0.01717537]
458
[0.04641379]
459
[0.01687718]
460
[0.01861803]
461
[0.04374923]
462
[0.01838677]
463
[0.1486831]
464
[0.01817725]
465
[0.02262029]
466
[0.14205687]
467
[0.0185055]
468
[0.04836364]
469
[0.03322671]
470
[0.0194121]
471
[0.02773405]
472
[0.08811181]
473
[0.10062594]
474
[0.02953663]
475
[0.02036969]
476
[0.02991019]
477
[0.13246617]
478
[0.03976979]
479
[0.01712469]
480
[0.01848643]
481
[0.14580542]
482
[0.01699375]
483
[0.04237375]
484
[0.04370674]
485
[0.02957973]
486
[0.01814872]
487
[0.0168938]
488
[0.01809566]
489
[0.01695733]
490
[0.01776741]
491
[0.07746725]
492
[0.06442672]
493
[0.13562495]
494
[0.01782723]
495
[0.01690916]
496
[0.14655051]
497
[0.14506746]
498
[0.1453331]
499
[0.08676658]
500
[0.03010973]
501
[0.02678986]
502
[0.01684632]
503
[0.02166595]
504
[0.1024922]
505
[0.01748649]
506
[0.03879862]
507
[0.04720212]
508
[0.02955563]
509
[0.13591578]
510
[0.13020105]
511
[0.11411585]
512
[0.02338008]
513
[0.11146139]
514
[0.05256929]
515
[0.01717581]
516
[0.13021922]
517
[0.10124518]
518
[0.0382861]
519
[0.09546204]
520
[0.03596345]
521
[0.01809601]
522
[0.016913]
523
[0.01728081]
524
[0.01789568]
525
[0.10030899]
526
[0.03254857]
527
[0.07772323]
528
[0.01900509]
529
[0.01711457]
530
[0.01849703]
531
[0.1366913]
532
[0.01977005]
533
[0.05902143]
534
[0.11979612]
535
[0.041138]
536
[0.05153704]
537
[0.01838891]
538
[0.12455931]
539
[0.09871268]
540
[0.12611677]
541
[0.066187]
542
[0.11105025]
543
[0.01758062]
544
[0.05931217]
545
[0.03558177]
546
[0.03667551]
547
[0.01862413]
548
[0.10402615]
549
[0.11141929]
550
[0.01685635]
551
[0.12475851]
552
[0.01697701]
553
[0.08078516]
554
[0.01859615]
555
[0.10876498]
556
[0.02773736]
557
[0.017256]
558
[0.05373896]
559
[0.12401965]
560
[0.13898166]
561
[0.10420281]
562
[0.02401196]
563
[0.06926895]
564
[0.12815648]
565
[0.0281181]
566
[0.04551737]
567
[0.02280984]
568
[0.01703799]
569
[0.01828295]
570
[0.0227313]
571
[0.15336138]
572
[0.1389934]
573
[0.05396143]
574
[0.01692716]
575
[0.0336473]
576
[0.01767717]
577
[0.02493437]
578
[0.08330904]
579
[0.08951492]
580
[0.01735997]
581
[0.01744921]
582
[0.11429776]
583
[0.05266423]
584
[0.08720249]
585
[0.15209549]
586
[0.01772398]
587
[0.08495294]
588
[0.03477561]
589
[0.13909446]
590
[0.06290822]
591
[0.02170316]
592
[0.04906003]
593
[0.01727687]
594
[0.02101023]
595
[0.03905576]
596
[0.01685153]
597
[0.05732443]
598
[0.11476947]
599
[0.09893886]
600
[0.02352422]
601
[0.02176269]
602
[0.01719177]
603
[0.01732055]
604
[0.06748025]
605
[0.01800748]
606
[0.12101265]
607
[0.0183222]
608
[0.14493575]
609
[0.03145381]
610
[0.03221329]
611
[0.01712075]
612
[0.05126634]
613
[0.03042365]
614
[0.08561283]
615
[0.06335941]
616
[0.13164555]
617
[0.01847246]
618
[0.01691824]
619
[0.09107125]
620
[0.08609366]
621
[0.02160406]
622
[0.0174976]
623
[0.13752727]
624
[0.0176823]
625
[0.01684579]
626
[0.02280454]
627
[0.13945952]
628
[0.09143409]
629
[0.04584857]
630
[0.13820054]
631
[0.02385773]
632
[0.11907373]
633
[0.051253]
634
[0.01821507]
635
[0.02060186]
636
[0.02337367]
637
[0.01706019]
638
[0.01701881]
639
[0.09900567]
640
[0.11577669]
641
[0.08029103]
642
[0.08106766]
643
[0.07816051]
644
[0.01690839]
645
[0.14582813]
646
[0.05325254]
647
[0.03670431]
648
[0.01968462]
649
[0.01822767]
650
[0.08578139]
651
[0.02658463]
652
[0.01684594]
653
[0.10056648]
654
[0.04963872]
655
[0.02937293]
656
[0.03759783]
657
[0.06159675]
658
[0.02691381]
659
[0.01724017]
660
[0.07927537]
661
[0.03949629]
662
[0.09647561]
663
[0.03220486]
664
[0.09325135]
665
[0.01696714]
666
[0.01753506]
667
[0.12842362]
668
[0.08040368]
669
[0.08528394]
670
[0.0736435]
671
[0.01700614]
672
[0.05175214]
673
[0.01709693]
674
[0.04515376]
675
[0.06313282]
676
[0.02400024]
677
[0.02061706]
678
[0.01705038]
679
[0.01778058]
680
[0.04208156]
681
[0.13343409]
682
[0.01690427]
683
[0.05366904]
684
[0.05358398]
685
[0.12533986]
686
[0.07122898]
687
[0.05274486]
688
[0.01834758]
689
[0.10159187]
690
[0.02442286]
691
[0.01799876]
692
[0.10620799]
693
[0.01697718]
694
[0.01820269]
695
[0.05312038]
696
[0.07327245]
697
[0.09019949]
698
[0.07318326]
699
[0.02415982]
700
[0.01706266]
701
[0.01952228]
702
[0.10434473]
703
[0.15035824]
704
[0.01835991]
705
[0.01744188]
706
[0.01687005]
707
[0.0179699]
708
[0.1391266]
709
[0.03151636]
710
[0.03505146]
711
[0.03737592]
712
[0.01692112]
713
[0.04436189]
714
[0.13689894]
715
[0.07215414]
716
[0.06415431]
717
[0.09962187]
718
[0.01867266]
719
[0.08118932]
720
[0.01719362]
721
[0.08938875]
722
[0.01765212]
723
[0.13233233]
724
[0.0220839]
725
[0.02219552]
726
[0.02245859]
727
[0.06250701]
728
[0.04520722]
729
[0.07503902]
730
[0.01844273]
731
[0.05222875]
732
[0.01828113]
733
[0.14505816]
734
[0.09812337]
735
[0.04598546]
736
[0.07407116]
737
[0.05011084]
738
[0.10620088]
739
[0.01684795]
740
[0.02560248]
741
[0.01692059]
742
[0.02279051]
743
[0.01838726]
744
[0.12928195]
745
[0.14363664]
746
[0.03417008]
747
[0.02262233]
748
[0.06243302]
749
[0.14900251]
750
[0.10701342]
751
[0.04534765]
752
[0.10969521]
753
[0.04879978]
754
[0.13231239]
755
[0.01778756]
756
[0.13040563]
757
[0.02812941]
758
[0.05772437]
759
[0.11179997]
760
[0.01771899]
761
[0.01700878]
762
[0.0534184]
763
[0.01685091]
764
[0.1212239]
765
[0.02049785]
766
[0.03345786]
767
[0.01854069]
768
[0.0409493]
769
[0.01703359]
770
[0.01687261]
771
[0.01773609]
772
[0.12640715]
773
[0.14603546]
774
[0.01695147]
775
[0.04589477]
776
[0.08538479]
777
[0.07108247]
778
[0.03480968]
779
[0.04160985]
780
[0.1513744]
781
[0.01703839]
782
[0.01686031]
783
[0.04423615]
784
[0.01691865]
785
[0.01753968]
786
[0.0187957]
787
[0.01965254]
788
[0.01822343]
789
[0.14066056]
790
[0.04611056]
791
[0.1155519]
792
[0.02815252]
793
[0.11554596]
794
[0.01747319]
795
[0.04243121]
796
[0.01839382]
797
[0.0172057]
798
[0.01790199]
799
[0.01692773]
800
[0.01876709]
801
[0.01707872]
802
[0.05877989]
803
[0.103252]
804
[0.03604149]
805
[0.01920979]
806
[0.04219693]
807
[0.05055051]
808
[0.0391685]
809
[0.03606919]
810
[0.04697205]
811
[0.01728927]
812
[0.06922732]
813
[0.03288544]
814
[0.12330836]
815
[0.07884454]
816
[0.07386682]
817
[0.01855395]
818
[0.01816871]
819
[0.0212139]
820
[0.01768591]
821
[0.01793979]
822
[0.01686805]
823
[0.02392494]
824
[0.14994354]
825
[0.02397456]
826
[0.05139391]
827
[0.09236067]
828
[0.06225354]
829
[0.02475418]
830
[0.01786014]
831
[0.15128361]
832
[0.1409765]
833
[0.01742989]
834
[0.02277988]
835
[0.02606843]
836
[0.03648262]
837
[0.01778133]
838
[0.02825971]
839
[0.0356476]
840
[0.01704243]
841
[0.0168566]
842
[0.01735415]
843
[0.04004549]
844
[0.15092278]
845
[0.14228879]
846
[0.03624745]
847
[0.01701519]
848
[0.08970483]
849
[0.07073695]
850
[0.01759568]
851
[0.02247047]
852
[0.01845935]
853
[0.02920957]
854
[0.01845058]
855
[0.0628557]
856
[0.01774807]
857
[0.06008483]
858
[0.02888702]
859
[0.01684665]
860
[0.01686454]
861
[0.0184776]
862
[0.03450899]
863
[0.02236531]
864
[0.01846882]
865
[0.01693747]
866
[0.11618209]
867
[0.05140173]
868
[0.11021542]
869
[0.08452426]
870
[0.11867851]
871
[0.01759554]
872
[0.09287185]
873
[0.09932337]
874
[0.07893826]
875
[0.03693425]
876
[0.01833366]
877
[0.01695077]
878
[0.14038805]
879
[0.10340055]
880
[0.08028946]
881
[0.02174204]
882
[0.06010782]
883
[0.04072112]
884
[0.05525332]
885
[0.0834932]
886
[0.05429333]
887
[0.02697977]
888
[0.01685443]
889
[0.14821716]
890
[0.02492045]
891
[0.07434799]
892
[0.0183109]
893
[0.09007386]
894
[0.10992603]
895
[0.01831608]
896
[0.02549495]
897
[0.10074805]
898
[0.04935702]
899
[0.11140673]
900
[0.11376143]
901
[0.02919094]
902
[0.03467086]
903
[0.01686308]
904
[0.01899681]
905
[0.01701305]
906
[0.0474142]
907
[0.12017365]
908
[0.06319895]
909
[0.02263437]
910
[0.01766352]
911
[0.01690639]
912
[0.0184365]
913
[0.05513283]
914
[0.0169947]
915
[0.12600466]
916
[0.01729534]
917
[0.04373724]
918
[0.05146001]
919
[0.01714278]
920
[0.12583297]
921
[0.01757034]
922
[0.01695853]
923
[0.01704705]
924
[0.01699717]
925
[0.02378434]
926
[0.03379347]
927
[0.12559631]
928
[0.08527103]
929
[0.06947869]
930
[0.11053305]
931
[0.01915874]
932
[0.08698002]
933
[0.12534439]
934
[0.01692657]
935
[0.10199915]
936
[0.02808777]
937
[0.1046931]
938
[0.01842201]
939
[0.03339208]
940
[0.01763424]
941
[0.01955434]
942
[0.01677722]
943
[0.01769503]
944
[0.0187516]
945
[0.10846554]
946
[0.01711759]
947
[0.01825448]
948
[0.01872814]
949
[0.02065834]
950
[0.01820085]
951
[0.01783945]
952
[0.01807729]
953
[0.11241025]
954
[0.02334393]
955
[0.13505015]
956
[0.01686891]
957
[0.02359616]
958
[0.01782519]
959
[0.11860976]
960
[0.08319782]
961
[0.05427906]
962
[0.06641256]
963
[0.02808191]
964
[0.06646439]
965
[0.09621841]
966
[0.09167742]
967
[0.09405711]
968
[0.01793104]
969
[0.10982469]
970
[0.04484999]
971
[0.01735534]
972
[0.0169407]
973
[0.1183924]
974
[0.03786539]
975
[0.01854914]
976
[0.04555284]
977
[0.02046964]
978
[0.03000955]
979
[0.08639315]
980
[0.01978737]
981
[0.04866082]
982
[0.01849498]
983
[0.01883253]
984
[0.01747619]
985
[0.04837096]
986
[0.04607584]
987
[0.05963806]
988
[0.03987194]
989
[0.07272859]
990
[0.0293509]
991
[0.15094924]
992
[0.01791823]
993
[0.1518184]
994
[0.01813167]
995
[0.14430406]
996
[0.05663227]
997
[0.01913773]
998
[0.11784096]
999
[1] 5000   11
[1] 5000   11
[0.09624414]
