LOADING R
R LOADED
[1] "/home/lvanderl/Rlibs2"                         
[2] "/app/software/R/4.3.1-gfbf-2022b/lib/R/library"
[1] "/home/lvanderl/sieveSims"
[1] "rf 3 1"
[1] "histogram binning"
[1] 0.05962988
[1] 0.05962988
[1] "mondrian"
[1] "iso"
[1] 0.05962988
[1] "conditional"
[   10.            11.51395399    13.25711366    15.26417967
    17.57510625    20.23589648    23.29951811    26.82695795
    30.88843596    35.56480306    40.94915062    47.14866363
    54.28675439    62.50551925    71.9685673     82.86427729
    95.40954763   109.8541142    126.48552169   145.63484775
   167.68329368   193.06977289   222.29964825   255.95479227
   294.70517026   339.32217719   390.69399371   449.8432669
   517.94746792   596.36233166   686.648845     790.60432109
   910.29817799  1048.11313415  1206.79264064  1389.49549437
  1599.85871961  1842.06996933  2120.95088792  2442.05309455
  2811.76869797  3237.45754282  3727.59372031  4291.93426013
  4941.71336132  5689.86602902  6551.2855686   7543.12006335
  8685.11373751 10000.        ]
[0.13701281 0.13432521 0.1261007  0.12254764 0.12466757 0.12667075
 0.12583249 0.12462115 0.12882558 0.13247916 0.1244611  0.12573067
 0.13465521 0.14770064 0.13859224 0.14408936 0.14771782 0.15870618
 0.1826628  0.16805585 0.21216195 0.18029956 0.2717071  0.30604317
 0.3714925  0.4140679  0.35926857 0.39465377 0.66733869 0.61815886
 0.72899909 0.89601906 0.75012671 0.67885668 1.0513364  1.11814282
 1.33831764 1.812656   1.69712933 2.42353058 2.57213763 3.321555
 3.17492927 3.18064381 3.63530556 5.19946944 6.35775152 5.75825845
 8.17653838 7.62144615]
15.264179671752334
0.0655128556859551
0
[0.16351183]
1
[0.11308403]
2
[0.12493422]
3
[0.10593023]
4
[0.16815464]
5
[0.13292927]
6
[0.12523007]
7
[0.10593111]
8
[0.15444139]
9
[0.18603536]
10
[0.14231207]
11
[0.13584172]
12
[0.16287463]
13
[0.19774911]
14
[0.15411347]
15
[0.22155767]
16
[0.14963638]
17
[0.134778]
18
[0.17373582]
19
[0.15579039]
20
[0.13066695]
21
[0.19985923]
22
[0.16560124]
23
[0.1785393]
24
[0.14454889]
25
[0.18976411]
26
[0.14588013]
27
[0.15871943]
28
[0.15464081]
29
[0.13933318]
30
[0.1557632]
31
[0.1756047]
32
[0.14415203]
33
[0.15115182]
34
[0.12648996]
35
[0.13305286]
36
[0.16501632]
37
[0.19298298]
38
[0.15402674]
39
[0.12344393]
40
[0.10939895]
41
[0.13488315]
42
[0.14336918]
43
[0.14161978]
44
[0.17825723]
45
[0.14098321]
46
[0.14308026]
47
[0.13306028]
48
[0.19825859]
49
[0.13704209]
50
[0.14506921]
51
[0.15908388]
52
[0.16290476]
53
[0.13287788]
54
[0.13397874]
55
[0.13879858]
56
[0.13018392]
57
[0.13923832]
58
[0.13230049]
59
[0.18332956]
60
[0.13162014]
61
[0.20531271]
62
[0.14615341]
63
[0.17064244]
64
[0.14926016]
65
[0.11632296]
66
[0.11372016]
67
[0.16574821]
68
[0.1456012]
69
[0.12569442]
70
[0.14780017]
71
[0.16018063]
72
[0.12476113]
73
[0.15513314]
74
[0.13184512]
75
[0.14573533]
76
[0.19819442]
77
[0.16999141]
78
[0.16365573]
79
[0.13483272]
80
[0.14029224]
81
[0.13460884]
82
[0.12898389]
83
[0.157534]
84
[0.16135937]
85
[0.1422729]
86
[0.14604222]
87
[0.17057976]
88
[0.15788935]
89
[0.1802658]
90
[0.20228466]
91
[0.10416098]
92
[0.1573246]
93
[0.1548033]
94
[0.13490184]
95
[0.1756614]
96
[0.13940171]
97
[0.14525829]
98
[0.15128749]
99
[0.1495036]
100
[0.18437808]
101
[0.18355203]
102
[0.15203933]
103
[0.17121771]
104
[0.17100602]
105
[0.21565709]
106
[0.13689966]
107
[0.15599515]
108
[0.10830207]
109
[0.15474281]
110
[0.16540802]
111
[0.16551676]
112
[0.16565035]
113
[0.12393758]
114
[0.16065057]
115
[0.17563821]
116
[0.19237027]
117
[0.21454719]
118
[0.10099756]
119
[0.13567649]
120
[0.14622724]
121
[0.13372182]
122
[0.22407186]
123
[0.18087363]
124
[0.21881231]
125
[0.14323025]
126
[0.16240416]
127
[0.20844996]
128
[0.1383989]
129
[0.15227992]
130
[0.1329728]
131
[0.21366286]
132
[0.15882724]
133
[0.164488]
134
[0.1603438]
135
[0.16967793]
136
[0.14609014]
137
[0.14110324]
138
[0.18211011]
139
[0.13823142]
140
[0.13106327]
141
[0.14225089]
142
[0.11502579]
143
[0.1256853]
144
[0.15428021]
145
[0.15708291]
146
[0.17169742]
147
[0.1894392]
148
[0.18830112]
149
[0.21000525]
150
[0.14245164]
151
[0.15524241]
152
[0.14183078]
153
[0.1588632]
154
[0.16320036]
155
[0.18972952]
156
[0.16171646]
157
[0.19360334]
158
[0.09955476]
159
[0.21381497]
160
[0.15777948]
161
[0.139468]
162
[0.13551858]
163
[0.14527567]
164
[0.14365844]
165
[0.17252698]
166
[0.14192531]
167
[0.11602506]
168
[0.16985261]
169
[0.14894038]
170
[0.15532959]
171
[0.14193934]
172
[0.15458349]
173
[0.13495269]
174
[0.11952893]
175
[0.12419467]
176
[0.1905772]
177
[0.20187702]
178
[0.14246982]
179
[0.16831571]
180
[0.18201941]
181
[0.1530236]
182
[0.17976511]
183
[0.1338196]
184
[0.20359838]
185
[0.19022287]
186
[0.1851711]
187
[0.11546691]
188
[0.2040663]
189
[0.1394616]
190
[0.13539577]
191
[0.12923599]
192
[0.19130151]
193
[0.14485267]
194
[0.13243924]
195
[0.1346343]
196
[0.13313947]
197
[0.16043301]
198
[0.21981492]
199
[0.1672449]
200
[0.15026854]
201
[0.15545676]
202
[0.13832998]
203
[0.13965658]
204
[0.12748505]
205
[0.13628911]
206
[0.19135252]
207
[0.12558347]
208
[0.18082296]
209
[0.13195591]
210
[0.13541563]
211
[0.14369366]
212
[0.18173446]
213
[0.13527939]
214
[0.12032913]
215
[0.17577375]
216
[0.14592232]
217
[0.11464969]
218
[0.13132427]
219
[0.16166716]
220
[0.13434936]
221
[0.14675707]
222
[0.12680875]
223
[0.1456338]
224
[0.12188313]
225
[0.15373368]
226
[0.14739376]
227
[0.17566629]
228
[0.1367618]
229
[0.15270048]
230
[0.1455771]
231
[0.14217771]
232
[0.17764184]
233
[0.16266594]
234
[0.14368065]
235
[0.18049297]
236
[0.14095268]
237
[0.13548077]
238
[0.15527739]
239
[0.13915968]
240
[0.17791184]
241
[0.13772718]
242
[0.14030992]
243
[0.14612442]
244
[0.18306495]
245
[0.1466122]
246
[0.13807781]
247
[0.14100292]
248
[0.17324652]
249
[0.12957607]
250
[0.14374919]
251
[0.14164501]
252
[0.13424111]
253
[0.11743746]
254
[0.12829389]
255
[0.16981752]
256
[0.14827247]
257
[0.12022453]
258
[0.17677727]
259
[0.14904352]
260
[0.20013495]
261
[0.17870188]
262
[0.1466674]
263
[0.14179921]
264
[0.1393748]
265
[0.14170059]
266
[0.11869571]
267
[0.16673644]
268
[0.1881931]
269
[0.14275074]
270
[0.15923093]
271
[0.16488457]
272
[0.17887835]
273
[0.12807434]
274
[0.20446172]
275
[0.08719967]
276
[0.14459135]
277
[0.16349588]
278
[0.11677571]
279
[0.16142453]
280
[0.1327211]
281
[0.17626344]
282
[0.10825497]
283
[0.13149615]
284
[0.16646265]
285
[0.1477559]
286
[0.13874938]
287
[0.1336024]
288
[0.16003817]
289
[0.16343305]
290
[0.14098506]
291
[0.13250748]
292
[0.19100499]
293
[0.13408487]
294
[0.18608064]
295
[0.13784276]
296
[0.16979443]
297
[0.12989152]
298
[0.14390388]
299
[0.11717386]
300
[0.14285694]
301
[0.12807437]
302
[0.15184744]
303
[0.12303834]
304
[0.13261973]
305
[0.16188963]
306
[0.2080435]
307
[0.15286788]
308
[0.14656154]
309
[0.13579149]
310
[0.14964255]
311
[0.15719327]
312
[0.15350086]
313
[0.1217441]
314
[0.15090009]
315
[0.18454904]
316
[0.17452019]
317
[0.16784772]
318
[0.12449179]
319
[0.10646892]
320
[0.16432271]
321
[0.11246013]
322
[0.14945269]
323
[0.19143171]
324
[0.14169355]
325
[0.13372326]
326
[0.15412769]
327
[0.1368954]
328
[0.20530283]
329
[0.17118811]
330
[0.17117207]
331
[0.14982456]
332
[0.17404881]
333
[0.11352323]
334
[0.10075518]
335
[0.18379375]
336
[0.15792551]
337
[0.13390371]
338
[0.14152708]
339
[0.14232273]
340
[0.15365168]
341
[0.12461545]
342
[0.21275393]
343
[0.19945314]
344
[0.14464072]
345
[0.12973541]
346
[0.14128656]
347
[0.13572141]
348
[0.09640509]
349
[0.14014309]
350
[0.17327154]
351
[0.13856192]
352
[0.16248382]
353
[0.12293158]
354
[0.13578437]
355
[0.15078521]
356
[0.15483568]
357
[0.17861699]
358
[0.1558885]
359
[0.11339666]
360
[0.15978211]
361
[0.12925656]
362
[0.13306278]
363
[0.15233411]
364
[0.17473877]
365
[0.21479384]
366
[0.16754448]
367
[0.22717556]
368
[0.15293865]
369
[0.12713913]
370
[0.15920861]
371
[0.1843897]
372
[0.17296207]
373
[0.18629122]
374
[0.12548722]
375
[0.15133785]
376
[0.17114987]
377
[0.1434899]
378
[0.18329506]
379
[0.14901959]
380
[0.12861302]
381
[0.15375487]
382
[0.18818889]
383
[0.17357064]
384
[0.10947419]
385
[0.15804214]
386
[0.16975009]
387
[0.13775887]
388
[0.15864779]
389
[0.19266727]
390
[0.14503539]
391
[0.1350709]
392
[0.16965844]
393
[0.19277264]
394
[0.19919093]
395
[0.1412076]
396
[0.20077403]
397
[0.14436303]
398
[0.11411247]
399
[0.15422808]
400
[0.12685903]
401
[0.18060242]
402
[0.13254752]
403
[0.12783027]
404
[0.16227146]
405
[0.16682587]
406
[0.18092995]
407
[0.18352643]
408
[0.15030426]
409
[0.18044722]
410
[0.14201042]
411
[0.15383047]
412
[0.18238528]
413
[0.14585202]
414
[0.18347018]
415
[0.12177123]
416
[0.13089057]
417
[0.13000645]
418
[0.13700131]
419
[0.16189371]
420
[0.15190924]
421
[0.20761325]
422
[0.11604906]
423
[0.16904052]
424
[0.21317918]
425
[0.15194823]
426
[0.12521575]
427
[0.14835713]
428
[0.19287339]
429
[0.14353912]
430
[0.17457911]
431
[0.14097907]
432
[0.12981312]
433
[0.14914995]
434
[0.13176979]
435
[0.16306023]
436
[0.17819375]
437
[0.15448173]
438
[0.22095913]
439
[0.13243129]
440
[0.12889156]
441
[0.1238048]
442
[0.16974026]
443
[0.15946159]
444
[0.14695134]
445
[0.14078502]
446
[0.20173017]
447
[0.20883688]
448
[0.15500516]
449
[0.17373443]
450
[0.11507431]
451
[0.13253356]
452
[0.13141784]
453
[0.14659758]
454
[0.12917273]
455
[0.15792257]
456
[0.13138782]
457
[0.1578783]
458
[0.14679294]
459
[0.14867119]
460
[0.13206433]
461
[0.13157254]
462
[0.12139915]
463
[0.14149842]
464
[0.14969379]
465
[0.16598694]
466
[0.20430547]
467
[0.1646054]
468
[0.14611912]
469
[0.1611287]
470
[0.12447828]
471
[0.11808891]
472
[0.1857011]
473
[0.16404544]
474
[0.1716385]
475
[0.19206674]
476
[0.19961195]
477
[0.15225402]
478
[0.14943095]
479
[0.14478242]
480
[0.12444216]
481
[0.14381808]
482
[0.13859385]
483
[0.18569329]
484
[0.14590209]
485
[0.11451863]
486
[0.16311987]
487
[0.14503194]
488
[0.137638]
489
[0.14323321]
490
[0.1929258]
491
[0.1359032]
492
[0.13339386]
493
[0.13519186]
494
[0.14419424]
495
[0.13996101]
496
[0.15688046]
497
[0.12528455]
498
[0.15323727]
499
[0.12151209]
500
[0.19920955]
501
[0.20273527]
502
[0.1524127]
503
[0.18387841]
504
[0.14735798]
505
[0.13984891]
506
[0.15280731]
507
[0.14491675]
508
[0.14462078]
509
[0.14578227]
510
[0.15713518]
511
[0.11220146]
512
[0.15095929]
513
[0.15864747]
514
[0.14539782]
515
[0.11965144]
516
[0.13534021]
517
[0.15195172]
518
[0.1502086]
519
[0.15620865]
520
[0.16851067]
521
[0.16139836]
522
[0.14857488]
523
[0.09913998]
524
[0.19314928]
525
[0.19170814]
526
[0.17169473]
527
[0.20841119]
528
[0.10726959]
529
[0.13505462]
530
[0.14593632]
531
[0.10313357]
532
[0.11769955]
533
[0.17018022]
534
[0.16087366]
535
[0.17994713]
536
[0.13650858]
537
[0.17125233]
538
[0.18015924]
539
[0.14119498]
540
[0.13542129]
541
[0.1843955]
542
[0.13601413]
543
[0.1854855]
544
[0.18329588]
545
[0.11086575]
546
[0.11538995]
547
[0.18841698]
548
[0.18149465]
549
[0.10016811]
550
[0.17737136]
551
[0.15506717]
552
[0.14592854]
553
[0.14077686]
554
[0.16575018]
555
[0.12193274]
556
[0.18162675]
557
[0.13310114]
558
[0.1959933]
559
[0.1692065]
560
[0.13968085]
561
[0.14281152]
562
[0.15147278]
563
[0.1761887]
564
[0.17166038]
565
[0.21097895]
566
[0.13229342]
567
[0.12916851]
568
[0.14482775]
569
[0.1211327]
570
[0.15744044]
571
[0.14403905]
572
[0.14122241]
573
[0.15761408]
574
[0.13817787]
575
[0.16157778]
576
[0.1605768]
577
[0.15959807]
578
[0.14241659]
579
[0.12854594]
580
[0.14506247]
581
[0.17269924]
582
[0.1472672]
583
[0.13049903]
584
[0.18880998]
585
[0.1478581]
586
[0.16057828]
587
[0.22311006]
588
[0.13854306]
589
[0.16659007]
590
[0.14873282]
591
[0.14295112]
592
[0.11653802]
593
[0.1224734]
594
[0.14518337]
595
[0.14364714]
596
[0.13564959]
597
[0.1555535]
598
[0.15771987]
599
[0.16234347]
600
[0.16712411]
601
[0.13853947]
602
[0.14650291]
603
[0.14044864]
604
[0.17055921]
605
[0.15189287]
606
[0.13531194]
607
[0.14722578]
608
[0.11344468]
609
[0.12897119]
610
[0.15879712]
611
[0.15084859]
612
[0.13766963]
613
[0.11274785]
614
[0.15281193]
615
[0.10748606]
616
[0.18538126]
617
[0.12941525]
618
[0.19432551]
619
[0.12951963]
620
[0.13330281]
621
[0.12657337]
622
[0.14396293]
623
[0.14427784]
624
[0.11067383]
625
[0.17490442]
626
[0.15720397]
627
[0.1675314]
628
[0.12190498]
629
[0.14278254]
630
[0.16970851]
631
[0.15755419]
632
[0.18655715]
633
[0.1938813]
634
[0.19016878]
635
[0.14013158]
636
[0.21401181]
637
[0.14663863]
638
[0.18961053]
639
[0.15565796]
640
[0.13374419]
641
[0.18089476]
642
[0.14689606]
643
[0.13094297]
644
[0.14491527]
645
[0.14007702]
646
[0.18630111]
647
[0.1288643]
648
[0.14099254]
649
[0.11810854]
650
[0.08971874]
651
[0.14985721]
652
[0.16847759]
653
[0.13598547]
654
[0.13983396]
655
[0.14302052]
656
[0.20133808]
657
[0.17586584]
658
[0.12864971]
659
[0.14443904]
660
[0.1685136]
661
[0.15676013]
662
[0.16541887]
663
[0.12710246]
664
[0.13433826]
665
[0.14809067]
666
[0.19898027]
667
[0.13066984]
668
[0.14383631]
669
[0.20361844]
670
[0.09815841]
671
[0.18374425]
672
[0.14780779]
673
[0.15587939]
674
[0.11982001]
675
[0.13176143]
676
[0.12432635]
677
[0.19529577]
678
[0.09720611]
679
[0.14135212]
680
[0.11177123]
681
[0.15107544]
682
[0.14563896]
683
[0.14499338]
684
[0.13407234]
685
[0.12571164]
686
[0.14947539]
687
[0.15840752]
688
[0.17198009]
689
[0.15830088]
690
[0.16397576]
691
[0.2007392]
692
[0.15555253]
693
[0.14000883]
694
[0.14850158]
695
[0.17661515]
696
[0.18826324]
697
[0.22713996]
698
[0.08140761]
699
[0.22041166]
700
[0.17311418]
701
[0.13976969]
702
[0.1073146]
703
[0.11871074]
704
[0.09430016]
705
[0.13927978]
706
[0.19828267]
707
[0.13643781]
708
[0.20057582]
709
[0.08487521]
710
[0.11547304]
711
[0.20086722]
712
[0.14558055]
713
[0.18850979]
714
[0.14136322]
715
[0.15579852]
716
[0.17003682]
717
[0.18210029]
718
[0.18011357]
719
[0.17232683]
720
[0.15032201]
721
[0.18427057]
722
[0.20583156]
723
[0.13782741]
724
[0.15373625]
725
[0.11846171]
726
[0.1341265]
727
[0.20207601]
728
[0.14016132]
729
[0.17919812]
730
[0.14244867]
731
[0.12061468]
732
[0.18841966]
733
[0.18013885]
734
[0.13783037]
735
[0.11730162]
736
[0.17745342]
737
[0.162524]
738
[0.11368464]
739
[0.13553067]
740
[0.14222837]
741
[0.12365265]
742
[0.14927899]
743
[0.12490042]
744
[0.13204005]
745
[0.15120907]
746
[0.12474555]
747
[0.13711751]
748
[0.11215472]
749
[0.13971235]
750
[0.14502895]
751
[0.18483918]
752
[0.13403816]
753
[0.1370692]
754
[0.17073287]
755
[0.15445611]
756
[0.13077869]
757
[0.15080099]
758
[0.16742626]
759
[0.1231959]
760
[0.16146903]
761
[0.14325635]
762
[0.14233944]
763
[0.17016463]
764
[0.13165062]
765
[0.133599]
766
[0.17297002]
767
[0.16842949]
768
[0.16445765]
769
[0.1404826]
770
[0.16967874]
771
[0.09547965]
772
[0.16425633]
773
[0.13091948]
774
[0.19108661]
775
[0.13368581]
776
[0.13476726]
777
[0.14055315]
778
[0.14592035]
779
[0.14056976]
780
[0.11535874]
781
[0.13742899]
782
[0.14626032]
783
[0.15979784]
784
[0.13908514]
785
[0.17347174]
786
[0.15419163]
787
[0.13711602]
788
[0.1610308]
789
[0.15233831]
790
[0.12957651]
791
[0.20025241]
792
[0.10877799]
793
[0.17479461]
794
[0.14132148]
795
[0.20773323]
796
[0.21966676]
797
[0.12201123]
798
[0.13279947]
799
[0.15058271]
800
[0.15486093]
801
[0.11616481]
802
[0.16745718]
803
[0.16101027]
804
[0.1520783]
805
[0.17125227]
806
[0.15127651]
807
[0.15636261]
808
[0.13882177]
809
[0.1640619]
810
[0.14116957]
811
[0.13968314]
812
[0.15869683]
813
[0.13306234]
814
[0.16015048]
815
[0.14489082]
816
[0.15719509]
817
[0.14395745]
818
[0.13227169]
819
[0.17330509]
820
[0.12971437]
821
[0.12082205]
822
[0.15860061]
823
[0.17193844]
824
[0.14257193]
825
[0.13110053]
826
[0.17504016]
827
[0.15021228]
828
[0.16427688]
829
[0.18188765]
830
[0.13746594]
831
[0.17163157]
832
[0.13208728]
833
[0.20163627]
834
[0.16581142]
835
[0.20940331]
836
[0.16917432]
837
[0.19582959]
838
[0.212536]
839
[0.13203531]
840
[0.14611462]
841
[0.14650328]
842
[0.12789265]
843
[0.15382615]
844
[0.10972184]
845
[0.15646284]
846
[0.12556977]
847
[0.14031945]
848
[0.12547052]
849
[0.11349101]
850
[0.14250663]
851
[0.14835795]
852
[0.2232455]
853
[0.14994244]
854
[0.14525795]
855
[0.13123868]
856
[0.16053493]
857
[0.19787227]
858
[0.18825272]
859
[0.1650207]
860
[0.11946293]
861
[0.16628719]
862
[0.18130574]
863
[0.12828753]
864
[0.17734002]
865
[0.1357887]
866
[0.10974755]
867
[0.15065852]
868
[0.16139485]
869
[0.14845632]
870
[0.13605323]
871
[0.13070196]
872
[0.1083139]
873
[0.13005013]
874
[0.17358497]
875
[0.14483532]
876
[0.16577286]
877
[0.16549426]
878
[0.19709384]
879
[0.16928543]
880
[0.14300619]
881
[0.20579885]
882
[0.16818735]
883
[0.1894513]
884
[0.14237221]
885
[0.17344727]
886
[0.20378048]
887
[0.14406257]
888
[0.13123247]
889
[0.14766184]
890
[0.1835882]
891
[0.12553857]
892
[0.14434855]
893
[0.16448552]
894
[0.14819537]
895
[0.16416162]
896
[0.18197233]
897
[0.15096649]
898
[0.13073224]
899
[0.15038232]
900
[0.1419594]
901
[0.16452665]
902
[0.16937799]
903
[0.1560534]
904
[0.14077136]
905
[0.13702384]
906
[0.1749308]
907
[0.11840622]
908
[0.1263952]
909
[0.13708629]
910
[0.10311106]
911
[0.1581796]
912
[0.18290679]
913
[0.18358871]
914
[0.10907767]
915
[0.14367852]
916
[0.13989107]
917
[0.14563427]
918
[0.15636887]
919
[0.12966453]
920
[0.11351497]
921
[0.16175998]
922
[0.14404252]
923
[0.14264814]
924
[0.14557305]
925
[0.15722707]
926
[0.14960685]
927
[0.19331438]
928
[0.19760083]
929
[0.16273096]
930
[0.1106576]
931
[0.19383973]
932
[0.13801744]
933
[0.12115215]
934
[0.12457957]
935
[0.13485935]
936
[0.12541192]
937
[0.1498248]
938
[0.14633888]
939
[0.09810526]
940
[0.14184445]
941
[0.16246251]
942
[0.13591927]
943
[0.14519799]
944
[0.13885377]
945
[0.18131399]
946
[0.12650573]
947
[0.1306057]
948
[0.13919305]
949
[0.15055144]
950
[0.20779841]
951
[0.16631427]
952
[0.16154291]
953
[0.13764907]
954
[0.17492302]
955
[0.13913062]
956
[0.17358981]
957
[0.19528426]
958
[0.17385862]
959
[0.14301251]
960
[0.15109359]
961
[0.13732519]
962
[0.14736707]
963
[0.13536466]
964
[0.1998069]
965
[0.1560838]
966
[0.13022995]
967
[0.13227057]
968
[0.16952501]
969
[0.14441621]
970
[0.09170136]
971
[0.14566731]
972
[0.16020618]
973
[0.17555922]
974
[0.16710367]
975
[0.11893245]
976
[0.14081293]
977
[0.13528325]
978
[0.13768655]
979
[0.14731407]
980
[0.15211694]
981
[0.13089019]
982
[0.12541449]
983
[0.12497207]
984
[0.14574226]
985
[0.13822821]
986
[0.16622669]
987
[0.15357269]
988
[0.17966782]
989
[0.14032618]
990
[0.14762481]
991
[0.10514105]
992
[0.15250003]
993
[0.13489531]
994
[0.10527967]
995
[0.16763577]
996
[0.13766641]
997
[0.14841762]
998
[0.17911733]
999
[0.12135351]
1000
[0.14215012]
1001
[0.16198162]
1002
[0.16921966]
1003
[0.16089248]
1004
[0.13296393]
1005
[0.15897429]
1006
[0.14078884]
1007
[0.15401057]
1008
[0.17365654]
1009
[0.13626257]
1010
[0.1653609]
1011
[0.14720309]
1012
[0.16115229]
1013
[0.12781929]
1014
[0.1295437]
1015
[0.12842397]
1016
[0.15903573]
1017
[0.14115327]
1018
[0.1459942]
1019
[0.17033079]
1020
[0.14237152]
1021
[0.1585617]
1022
[0.12951058]
1023
[0.14046862]
1024
[0.16543377]
1025
[0.13291759]
1026
[0.16152325]
1027
[0.16216746]
1028
[0.17309301]
1029
[0.15080862]
1030
[0.11814674]
1031
[0.17215114]
1032
[0.09661265]
1033
[0.18160501]
1034
[0.18166584]
1035
[0.18050805]
1036
[0.1118836]
1037
[0.12021006]
1038
[0.17384859]
1039
[0.11767917]
1040
[0.12175062]
1041
[0.11813035]
1042
[0.14000621]
1043
[0.19575767]
1044
[0.15497043]
1045
[0.14476787]
1046
[0.14169899]
1047
[0.13528631]
1048
[0.10402378]
1049
[0.14449399]
1050
[0.12445922]
1051
[0.16389219]
1052
[0.15302026]
1053
[0.16688773]
1054
[0.13988491]
1055
[0.13407498]
1056
[0.15554291]
1057
[0.16552314]
1058
[0.15675567]
1059
[0.14200531]
1060
[0.14070487]
1061
[0.1243449]
1062
[0.12422408]
1063
[0.16021863]
1064
[0.22078711]
1065
[0.15099042]
1066
[0.21319831]
1067
[0.13921637]
1068
[0.13664049]
1069
[0.13309926]
1070
[0.12834558]
1071
[0.18678387]
1072
[0.14368207]
1073
[0.14174776]
1074
[0.13220838]
1075
[0.18904098]
1076
[0.11573083]
1077
[0.18908908]
1078
[0.17502118]
1079
[0.1416504]
1080
[0.09198898]
1081
[0.15643678]
1082
[0.13139591]
1083
[0.1929723]
1084
[0.12464453]
1085
[0.12218454]
1086
[0.12030965]
1087
[0.16647011]
1088
[0.15914051]
1089
[0.12994968]
1090
[0.12570623]
1091
[0.15755574]
1092
[0.11610187]
1093
[0.14796133]
1094
[0.19037351]
1095
[0.20853543]
1096
[0.16968185]
1097
[0.13295968]
1098
[0.17548438]
1099
[0.18939719]
1100
[0.15025447]
1101
[0.16508831]
1102
[0.12469594]
1103
[0.09854796]
1104
[0.13568468]
1105
[0.16039102]
1106
[0.14300682]
1107
[0.16915148]
1108
[0.10075284]
1109
[0.11209738]
1110
[0.12607919]
1111
[0.15816503]
1112
[0.16400968]
1113
[0.14621851]
1114
[0.14362876]
1115
[0.22088261]
1116
[0.15780872]
1117
[0.13023213]
1118
[0.14574168]
1119
[0.14643232]
1120
[0.12201539]
1121
[0.12707898]
1122
[0.15838516]
1123
[0.12595543]
1124
[0.1558677]
1125
[0.15208847]
1126
[0.14182129]
1127
[0.2087736]
1128
[0.11276816]
1129
[0.15952852]
1130
[0.16688755]
1131
[0.22333627]
1132
[0.15336196]
1133
[0.14012436]
1134
[0.12566047]
1135
[0.1319323]
1136
[0.12599799]
1137
[0.19094066]
1138
[0.09710217]
1139
[0.21061566]
1140
[0.18433519]
1141
[0.15196456]
1142
[0.13898067]
1143
[0.15547877]
1144
[0.15046086]
1145
[0.14097548]
1146
[0.18462501]
1147
[0.207039]
1148
[0.15658368]
1149
[0.16985698]
1150
[0.17133733]
1151
[0.13147326]
1152
[0.14003096]
1153
[0.15204955]
1154
[0.1532761]
1155
[0.13764672]
1156
[0.14009391]
1157
[0.14995195]
1158
[0.15899943]
1159
[0.13615551]
1160
[0.13719118]
1161
[0.14345791]
1162
[0.19345006]
1163
[0.1434036]
1164
[0.14724883]
1165
[0.15031511]
1166
[0.13514628]
1167
[0.15666583]
1168
[0.13376271]
1169
[0.16322202]
1170
[0.16216394]
1171
[0.20283135]
1172
[0.17110859]
1173
[0.15492264]
1174
[0.2103045]
1175
[0.18045999]
1176
[0.13055726]
1177
[0.21575934]
1178
[0.22241319]
1179
[0.08722383]
1180
[0.13713353]
1181
[0.14553102]
1182
[0.14315754]
1183
[0.16162904]
1184
[0.13999793]
1185
[0.1181834]
1186
[0.15874601]
1187
[0.12772908]
1188
[0.16592563]
1189
[0.19991404]
1190
[0.1287874]
1191
[0.19748054]
1192
[0.21128396]
1193
[0.14589502]
1194
[0.15099802]
1195
[0.12783733]
1196
[0.19768984]
1197
[0.14842339]
1198
[0.15261663]
1199
[0.18876691]
1200
[0.13037495]
1201
[0.1435299]
1202
[0.1408734]
1203
[0.13647]
1204
[0.12549358]
1205
[0.15372229]
1206
[0.1840534]
1207
[0.15082103]
1208
[0.16563567]
1209
[0.1249259]
1210
[0.12468147]
1211
[0.20692755]
1212
[0.22091717]
1213
[0.1852606]
1214
[0.12766325]
1215
[0.18328308]
1216
[0.1456967]
1217
[0.15242425]
1218
[0.12869922]
1219
[0.14904772]
1220
[0.12248013]
1221
[0.16802234]
1222
[0.15372925]
1223
[0.14942248]
1224
[0.1271079]
1225
[0.14510382]
1226
[0.1062653]
1227
[0.15558515]
1228
[0.15909265]
1229
[0.11112468]
1230
[0.13061138]
1231
[0.15122973]
1232
[0.16203579]
1233
[0.13907496]
1234
[0.10499915]
1235
[0.18179712]
1236
[0.12284212]
1237
[0.16518026]
1238
[0.15663029]
1239
[0.17462507]
1240
[0.20755632]
1241
[0.16612429]
1242
[0.16283557]
1243
[0.18762299]
1244
[0.13411095]
1245
[0.14428617]
1246
[0.15662766]
1247
[0.1533838]
1248
[0.14040864]
1249
[0.1536574]
1250
[0.20950979]
1251
[0.14306937]
1252
[0.15729187]
1253
[0.13852483]
1254
[0.14188854]
1255
[0.14649858]
1256
[0.18080019]
1257
[0.15683227]
1258
[0.13230201]
1259
[0.13727194]
1260
[0.17253199]
1261
[0.12921362]
1262
[0.19154397]
1263
[0.11942638]
1264
[0.13472953]
1265
[0.12914213]
1266
[0.22064279]
1267
[0.17305112]
1268
[0.15895315]
1269
[0.16045936]
1270
[0.15644976]
1271
[0.15621381]
1272
[0.13193905]
1273
[0.13587174]
1274
[0.10488168]
1275
[0.18544266]
1276
[0.14880977]
1277
[0.172803]
1278
[0.14619032]
1279
[0.18415755]
1280
[0.17334327]
1281
[0.15405502]
1282
[0.15719281]
1283
[0.15922644]
1284
[0.15260221]
1285
[0.13484918]
1286
[0.14014151]
1287
[0.10606321]
1288
[0.13198382]
1289
[0.152279]
1290
[0.15573126]
1291
[0.16494969]
1292
[0.16607377]
1293
[0.1715017]
1294
[0.13882787]
1295
[0.1551424]
1296
[0.22190232]
1297
[0.18487344]
1298
[0.17006809]
1299
[0.16491238]
1300
[0.21584196]
1301
[0.1652997]
1302
[0.21856611]
1303
[0.13648846]
1304
[0.1746146]
1305
[0.17259204]
1306
[0.17769956]
1307
[0.16227929]
1308
[0.17806585]
1309
[0.13942177]
1310
[0.18448859]
1311
[0.17863216]
1312
[0.15071547]
1313
[0.1982771]
1314
[0.15268515]
1315
[0.20084738]
1316
[0.13737496]
1317
[0.15934817]
1318
[0.19230627]
1319
[0.14372161]
1320
[0.15008196]
1321
[0.16767684]
1322
[0.14104843]
1323
[0.13133694]
1324
[0.14483389]
1325
[0.14725517]
1326
[0.17789335]
1327
[0.21700656]
1328
[0.20675629]
1329
[0.10582765]
1330
[0.2106452]
1331
[0.14452204]
1332
[0.13099805]
1333
[0.13740859]
1334
[0.13184079]
1335
[0.17993448]
1336
[0.1204974]
1337
[0.12827971]
1338
[0.14815572]
1339
[0.1700679]
1340
[0.14776394]
1341
[0.13669145]
1342
[0.14062411]
1343
[0.13572611]
1344
[0.12365236]
1345
[0.13975535]
1346
[0.17537791]
1347
[0.11471365]
1348
[0.17404598]
1349
[0.13693821]
1350
[0.15804043]
1351
[0.1645628]
1352
[0.15159377]
1353
[0.10296604]
1354
[0.17026996]
1355
[0.16059775]
1356
[0.19294589]
1357
[0.09416624]
1358
[0.13790923]
1359
[0.16435468]
1360
[0.22773045]
1361
[0.17428086]
1362
[0.15275009]
1363
[0.16546743]
1364
[0.1666853]
1365
[0.14347334]
1366
[0.12779682]
1367
[0.21091674]
1368
[0.15077379]
1369
[0.15453536]
1370
[0.14080574]
1371
[0.14975421]
1372
[0.1352969]
1373
[0.218015]
1374
[0.12908168]
1375
[0.20406696]
1376
[0.15539722]
1377
[0.17060947]
1378
[0.14846902]
1379
[0.14583597]
1380
[0.19682266]
1381
[0.19034544]
1382
[0.16130685]
1383
[0.12369507]
1384
[0.14398199]
1385
[0.13984979]
1386
[0.12137256]
1387
[0.1412488]
1388
[0.18358654]
1389
[0.17045181]
1390
[0.14302899]
1391
[0.16489697]
1392
[0.16745191]
1393
[0.17996203]
1394
[0.14507738]
1395
[0.12959184]
1396
[0.15677054]
1397
[0.21368922]
1398
[0.11953018]
1399
[0.11050198]
1400
[0.14055503]
1401
[0.14634665]
1402
[0.16147437]
1403
[0.14691847]
1404
[0.14769373]
1405
[0.21152238]
1406
[0.17790759]
1407
[0.12831293]
1408
[0.16226992]
1409
[0.17365857]
1410
[0.12112914]
1411
[0.16107145]
1412
[0.13563969]
1413
[0.19808767]
1414
[0.11125084]
1415
[0.16766625]
1416
[0.14902195]
1417
[0.14724291]
1418
[0.18612557]
1419
[0.17058299]
1420
[0.16870876]
1421
[0.17167515]
1422
[0.17056274]
1423
[0.188561]
1424
[0.21140518]
1425
[0.1320149]
1426
[0.15310748]
1427
[0.14599649]
1428
[0.13680475]
1429
[0.21258452]
1430
[0.20011511]
1431
[0.14166389]
1432
[0.15126598]
1433
[0.1466427]
1434
[0.1557448]
1435
[0.20738884]
1436
[0.13311347]
1437
[0.15879407]
1438
[0.14970889]
1439
[0.2024416]
1440
[0.18226302]
1441
[0.1009046]
1442
[0.1512348]
1443
[0.20961343]
1444
[0.14698378]
1445
[0.22527538]
1446
[0.1534806]
1447
[0.17894798]
1448
[0.13053708]
1449
[0.14472919]
1450
[0.17982315]
1451
[0.134056]
1452
[0.14317191]
1453
[0.14459832]
1454
[0.11302439]
1455
[0.18839938]
1456
[0.18743663]
1457
[0.12350208]
1458
[0.13954544]
1459
[0.10921574]
1460
[0.14755758]
1461
[0.11610213]
1462
[0.15640645]
1463
[0.15556377]
1464
[0.16294963]
1465
[0.118168]
1466
[0.15610843]
1467
[0.13738642]
1468
[0.13968941]
1469
[0.13028385]
1470
[0.15506718]
1471
[0.11833027]
1472
[0.1782191]
1473
[0.13598581]
1474
[0.17873279]
1475
[0.12187832]
1476
[0.20478447]
1477
[0.12597373]
1478
[0.13661414]
1479
[0.15005683]
1480
[0.13798106]
1481
[0.11906139]
1482
[0.17127523]
1483
[0.18809565]
1484
[0.22312111]
1485
[0.12937237]
1486
[0.18015977]
1487
[0.16227743]
1488
[0.18981907]
1489
[0.15586026]
1490
[0.1634992]
1491
[0.14290096]
1492
[0.16053131]
1493
[0.20353714]
1494
[0.10925623]
1495
[0.19358009]
1496
[0.15725669]
1497
[0.11702471]
1498
[0.15995384]
1499
[0.18175308]
1500
[0.15149761]
1501
[0.14556064]
1502
[0.12654336]
1503
[0.15056225]
1504
[0.13674823]
1505
[0.15369433]
1506
[0.161686]
1507
[0.13931454]
1508
[0.13873652]
1509
[0.15484775]
1510
[0.11396256]
1511
[0.12654435]
1512
[0.13658018]
1513
[0.20201285]
1514
[0.1408167]
1515
[0.12655153]
1516
[0.16009763]
1517
[0.21638527]
1518
[0.12261641]
1519
[0.15424103]
1520
[0.11286763]
1521
[0.13645908]
1522
[0.10199015]
1523
[0.1120922]
1524
[0.1564717]
1525
[0.19779736]
1526
[0.12214277]
1527
[0.13278993]
1528
[0.16122555]
1529
[0.15464507]
1530
[0.1483782]
1531
[0.12681565]
1532
[0.15265327]
1533
[0.12914323]
1534
[0.16566504]
1535
[0.18685755]
1536
[0.16658069]
1537
[0.14374614]
1538
[0.14265564]
1539
[0.18213077]
1540
[0.15334553]
1541
[0.14206664]
1542
[0.15179954]
1543
[0.18764172]
1544
[0.13239927]
1545
[0.14871112]
1546
[0.14721295]
1547
[0.12190293]
1548
[0.17200965]
1549
[0.15589512]
1550
[0.17359659]
1551
[0.11347486]
1552
[0.18147935]
1553
[0.17214904]
1554
[0.13579613]
1555
[0.12672595]
1556
[0.1631424]
1557
[0.15569846]
1558
[0.12611418]
1559
[0.17614765]
1560
[0.09726928]
1561
[0.16069356]
1562
[0.15269674]
1563
[0.20935885]
1564
[0.13979153]
1565
[0.19255097]
1566
[0.1181036]
1567
[0.15541132]
1568
[0.1269145]
1569
[0.12823836]
1570
[0.13579655]
1571
[0.19162001]
1572
[0.13784197]
1573
[0.19323449]
1574
[0.18524988]
1575
[0.10007745]
1576
[0.1428741]
1577
[0.11164196]
1578
[0.12489523]
1579
[0.15162768]
1580
[0.15812982]
1581
[0.16098192]
1582
[0.14760692]
1583
[0.14008013]
1584
[0.15275449]
1585
[0.17081276]
1586
[0.14893987]
1587
[0.16678812]
1588
[0.1339691]
1589
[0.20778769]
1590
[0.13513026]
1591
[0.14881378]
1592
[0.16121804]
1593
[0.15896958]
1594
[0.10467478]
1595
[0.13861671]
1596
[0.1706038]
1597
[0.15970969]
1598
[0.16626669]
1599
[0.10735818]
1600
[0.13176964]
1601
[0.15716083]
1602
[0.11837418]
1603
[0.11823807]
1604
[0.15022905]
1605
[0.14751223]
1606
[0.12383646]
1607
[0.15388054]
1608
[0.15748006]
1609
[0.1605171]
1610
[0.14964935]
1611
[0.12978176]
1612
[0.14497846]
1613
[0.13702968]
1614
[0.14795527]
1615
[0.1522388]
1616
[0.17010461]
1617
[0.19621426]
1618
[0.11846716]
1619
[0.13554338]
1620
[0.15386625]
1621
[0.13474462]
1622
[0.16762335]
1623
[0.13913272]
1624
[0.17237328]
1625
[0.19318221]
1626
[0.14343492]
1627
[0.17696694]
1628
[0.16258245]
1629
[0.15044442]
1630
[0.19223884]
1631
[0.12424971]
1632
[0.17238318]
1633
[0.13919412]
1634
[0.18244511]
1635
[0.13291797]
1636
[0.1801166]
1637
[0.12631423]
1638
[0.13730255]
1639
[0.1207644]
1640
[0.15907999]
1641
[0.15726836]
1642
[0.20139173]
1643
[0.13410031]
1644
[0.17193835]
1645
[0.16620697]
1646
[0.21997161]
1647
[0.15054273]
1648
[0.14854645]
1649
[0.18447559]
1650
[0.13980166]
1651
[0.20868083]
1652
[0.17853226]
1653
[0.16408871]
1654
[0.16701426]
1655
[0.10522515]
1656
[0.13383013]
1657
[0.13893197]
1658
[0.14287148]
1659
[0.12146025]
1660
[0.17354493]
1661
[0.10911785]
1662
[0.12686443]
1663
[0.16973656]
1664
[0.17116507]
1665
[0.14792251]
1666
[0.13121332]
1667
[0.12733896]
1668
[0.13370022]
1669
[0.13637091]
1670
[0.11369866]
1671
[0.15029362]
1672
[0.13909851]
1673
[0.21891821]
1674
[0.17136986]
1675
[0.16075847]
1676
[0.1146148]
1677
[0.15262596]
1678
[0.14018601]
1679
[0.11727433]
1680
[0.19930647]
1681
[0.13833325]
1682
[0.12688517]
1683
[0.12626333]
1684
[0.13085456]
1685
[0.1262837]
1686
[0.12148111]
1687
[0.12696064]
1688
[0.20857218]
1689
[0.19711571]
1690
[0.14411625]
1691
[0.15438692]
1692
[0.14431602]
1693
[0.18952902]
1694
[0.19705045]
1695
[0.09202388]
1696
[0.14017461]
1697
[0.19208833]
1698
[0.19823723]
1699
[0.16294864]
1700
[0.16621871]
1701
[0.16814276]
1702
[0.14865843]
1703
[0.14132712]
1704
[0.13510299]
1705
[0.14248391]
1706
[0.12817511]
1707
[0.17481783]
1708
[0.13124057]
1709
[0.15843866]
1710
[0.17801187]
1711
[0.1472652]
1712
[0.11623613]
1713
[0.12412649]
1714
[0.18811763]
1715
[0.13387421]
1716
[0.17065209]
1717
[0.14785344]
1718
[0.14709768]
1719
[0.16541305]
1720
[0.13843153]
1721
[0.2006253]
1722
[0.133795]
1723
[0.16116441]
1724
[0.15313067]
1725
[0.17996674]
1726
[0.09684623]
1727
[0.12626267]
1728
[0.163916]
1729
[0.11909652]
1730
[0.16537035]
1731
[0.16462447]
1732
[0.19302869]
1733
[0.13545374]
1734
[0.15101974]
1735
[0.13728242]
1736
[0.17047408]
1737
[0.15180431]
1738
[0.1466309]
1739
[0.16325686]
1740
[0.10451669]
1741
[0.13916355]
1742
[0.1436814]
1743
[0.16122245]
1744
[0.16442611]
1745
[0.21248269]
1746
[0.17405998]
1747
[0.13725209]
1748
[0.16037599]
1749
[0.16847055]
1750
[0.18604508]
1751
[0.16309337]
1752
[0.13510535]
1753
[0.12720081]
1754
[0.12947161]
1755
[0.10273689]
1756
[0.13151694]
1757
[0.12968047]
1758
[0.13479118]
1759
[0.13833025]
1760
[0.16281937]
1761
[0.18003323]
1762
[0.10971375]
1763
[0.14944309]
1764
[0.15701552]
1765
[0.20749272]
1766
[0.16529153]
1767
[0.14970383]
1768
[0.18861841]
1769
[0.16082344]
1770
[0.12031319]
1771
[0.14897206]
1772
[0.13366636]
1773
[0.15401691]
1774
[0.15699264]
1775
[0.12864116]
1776
[0.12886767]
1777
[0.14417218]
1778
[0.14192519]
1779
[0.13199703]
1780
[0.15771254]
1781
[0.13843064]
1782
[0.13508503]
1783
[0.15914593]
1784
[0.18569305]
1785
[0.15198131]
1786
[0.15195622]
1787
[0.13774332]
1788
[0.12242091]
1789
[0.14630695]
1790
[0.14159765]
1791
[0.12944766]
1792
[0.15478186]
1793
[0.15028013]
1794
[0.15923539]
1795
[0.2005607]
1796
[0.13493252]
1797
[0.15472813]
1798
[0.1585805]
1799
[0.1877878]
1800
[0.11600695]
1801
[0.15364394]
1802
[0.12308446]
1803
[0.14052949]
1804
[0.10510194]
1805
[0.19260366]
1806
[0.11990481]
1807
[0.1408154]
1808
[0.21192055]
1809
[0.15235192]
1810
[0.13584064]
1811
[0.19741991]
1812
[0.16991111]
1813
[0.15594632]
1814
[0.17809273]
1815
[0.20348064]
1816
[0.13827387]
1817
[0.12094933]
1818
[0.13420054]
1819
[0.1933956]
1820
[0.15286239]
1821
[0.15899089]
1822
[0.13731448]
1823
[0.20804284]
1824
[0.16082862]
1825
[0.12971507]
1826
[0.18953786]
1827
[0.16854868]
1828
[0.20169184]
1829
[0.15205186]
1830
[0.13802765]
1831
[0.20961036]
1832
[0.15760317]
1833
[0.13843595]
1834
[0.19900769]
1835
[0.1855421]
1836
[0.16204817]
1837
[0.17165997]
1838
[0.16326769]
1839
[0.12566336]
1840
[0.16255105]
1841
[0.13049596]
1842
[0.16810346]
1843
[0.17243015]
1844
[0.17221299]
1845
[0.15656804]
1846
[0.19509973]
1847
[0.21271442]
1848
[0.1491659]
1849
[0.19083316]
1850
[0.17149503]
1851
[0.20070665]
1852
[0.17373241]
1853
[0.10839888]
1854
[0.18951892]
1855
[0.20773048]
1856
[0.20639]
1857
[0.1177105]
1858
[0.15678217]
1859
[0.19791614]
1860
[0.21222136]
1861
[0.18200171]
1862
[0.12750289]
1863
[0.19588439]
1864
[0.16685446]
1865
[0.15185376]
1866
[0.1380805]
1867
[0.18386856]
1868
[0.14435684]
1869
[0.16331941]
1870
[0.1466427]
1871
[0.11882672]
1872
[0.18013279]
1873
[0.16221674]
1874
[0.20257536]
1875
[0.20835472]
1876
[0.14900157]
1877
[0.13303771]
1878
[0.14999959]
1879
[0.12751671]
1880
[0.12208265]
1881
[0.10406167]
1882
[0.13412293]
1883
[0.21459]
1884
[0.15901269]
1885
[0.1228941]
1886
[0.20033498]
1887
[0.20618501]
1888
[0.13011647]
1889
[0.1449413]
1890
[0.16624033]
1891
[0.17083069]
1892
[0.13197603]
1893
[0.14650153]
1894
[0.10393492]
1895
[0.1481394]
1896
[0.16459649]
1897
[0.13122568]
1898
[0.13095267]
1899
[0.13524595]
1900
[0.14309944]
1901
[0.13470454]
1902
[0.20150743]
1903
[0.21490463]
1904
[0.15659268]
1905
[0.16022884]
1906
[0.20031006]
1907
[0.12347416]
1908
[0.13662476]
1909
[0.14292349]
1910
[0.13790296]
1911
[0.13556747]
1912
[0.15561814]
1913
[0.14186197]
1914
[0.13801395]
1915
[0.12674723]
1916
[0.12840802]
1917
[0.1447828]
1918
[0.19142869]
1919
[0.10811947]
1920
[0.17212501]
1921
[0.1255512]
1922
[0.13411132]
1923
[0.17339541]
1924
[0.12334065]
1925
[0.16874364]
1926
[0.15553644]
1927
[0.12807932]
1928
[0.16627467]
1929
[0.17626323]
1930
[0.14194409]
1931
[0.12126067]
1932
[0.14889451]
1933
[0.16071527]
1934
[0.14123495]
1935
[0.13230869]
1936
[0.12560399]
1937
[0.18981941]
1938
[0.19128654]
1939
[0.13315276]
1940
[0.17110461]
1941
[0.15649777]
1942
[0.12666458]
1943
[0.16508167]
1944
[0.16959264]
1945
[0.13567456]
1946
[0.15739223]
1947
[0.14143239]
1948
[0.16373742]
1949
[0.14306975]
1950
[0.16854477]
1951
[0.16552663]
1952
[0.0975082]
1953
[0.15291921]
1954
[0.19180935]
1955
[0.13670009]
1956
[0.13376007]
1957
[0.13418418]
1958
[0.1516485]
1959
[0.14585256]
1960
[0.20904383]
1961
[0.14160345]
1962
[0.15964508]
1963
[0.21999664]
1964
[0.15386625]
1965
[0.22118277]
1966
[0.16126054]
1967
[0.15587627]
1968
[0.14202347]
1969
[0.15989635]
1970
[0.1443321]
1971
[0.13926656]
1972
[0.11135123]
1973
[0.12817666]
1974
[0.1874867]
1975
[0.13766027]
1976
[0.18992184]
1977
[0.11965687]
1978
[0.1257064]
1979
[0.1293799]
1980
[0.13704193]
1981
[0.19113069]
1982
[0.17165614]
1983
[0.17397592]
1984
[0.1319276]
1985
[0.14538988]
1986
[0.14246037]
1987
[0.19306232]
1988
[0.15781635]
1989
[0.13742674]
1990
[0.12712712]
1991
[0.15199472]
1992
[0.14379046]
1993
[0.19343232]
1994
[0.16911335]
1995
[0.17220737]
1996
[0.09557326]
1997
[0.16210418]
1998
[0.17391344]
1999
[0.17809925]
[1] 16000    11
[1] 16000    11
