LOADING R
R LOADED
[1] "/home/lvanderl/Rlibs2"                         
[2] "/app/software/R/4.3.1-gfbf-2022b/lib/R/library"
[1] "/home/lvanderl/sieveSims"
[1] "gam 1 4"
[1] 0.04319019
[1] 0.04319019
[1] 0.04319019
17.244897959183675
[0.18952347]
[0.13315443]
[0.19071536]
[0.19950525]
[0.20003212]
[0.1371373]
[0.1409292]
[0.19863759]
[0.18053455]
[0.20281522]
[0.18964225]
[0.18729024]
[0.19034846]
[0.19962077]
[0.14583052]
[0.18885824]
[0.18784102]
[0.20246996]
[0.17825173]
[0.16644778]
[0.1290941]
[0.20344621]
[0.19181291]
[0.20208917]
[0.20370567]
[0.19448976]
[0.15226488]
[0.17612673]
[0.17675419]
[0.2035474]
[0.20308655]
[0.14343924]
[0.13402828]
[0.15787851]
[0.20098287]
[0.1842514]
[0.18993184]
[0.19546713]
[0.18631333]
[0.19163769]
[0.17603417]
[0.18339953]
[0.20317943]
[0.19829703]
[0.20316698]
[0.16336293]
[0.20245598]
[0.17601344]
[0.20319021]
[0.18343157]
[0.2004763]
[0.18981865]
[0.18547561]
[0.20110977]
[0.20324607]
[0.19961058]
[0.20277587]
[0.13104925]
[0.19086472]
[0.16282908]
[0.20255579]
[0.20274286]
[0.16396708]
[0.1554702]
[0.20341089]
[0.19944289]
[0.17402876]
[0.15274017]
[0.19586975]
[0.2030117]
[0.17050364]
[0.18657006]
[0.16799563]
[0.14808594]
[0.14421792]
[0.19100649]
[0.18452527]
[0.19811467]
[0.13410686]
[0.13757553]
[0.19304445]
[0.20208788]
[0.12921915]
[0.20110033]
[0.18852003]
[0.20390821]
[0.19800598]
[0.19801104]
[0.19168282]
[0.19561415]
[0.19648558]
[0.19080865]
[0.17044105]
[0.16853446]
[0.20327529]
[0.18497798]
[0.19837681]
[0.18522513]
[0.19819177]
[0.18150262]
[0.18933234]
[0.19417985]
[0.19738455]
[0.18704533]
[0.16822604]
[0.18446047]
[0.13580384]
[0.20197307]
[0.14263915]
[0.15714785]
[0.16470775]
[0.19133099]
[0.19868631]
[0.19802176]
[0.20148289]
[0.18718801]
[0.20293017]
[0.19894564]
[0.2002618]
[0.18228642]
[0.20369867]
[0.18869872]
[0.18669952]
[0.18561614]
[0.19535106]
[0.15907278]
[0.13084608]
[0.20259956]
[0.13200141]
[0.20115738]
[0.20050493]
[0.18332282]
[0.19321849]
[0.19729946]
[0.20219177]
[0.13245268]
[0.13288923]
[0.19307446]
[0.16733385]
[0.2031258]
[0.2019717]
[0.20203588]
[0.20247444]
[0.18718741]
[0.20169818]
[0.18349475]
[0.18031871]
[0.14468304]
[0.20045133]
[0.20222726]
[0.18777923]
[0.18781446]
[0.18436555]
[0.20171983]
[0.1837569]
[0.18791251]
[0.16260381]
[0.20199327]
[0.19095198]
[0.20079255]
[0.19876205]
[0.2015889]
[0.15432093]
[0.20390037]
[0.19551213]
[0.16496603]
[0.20271622]
[0.20084908]
[0.19424484]
[0.17497117]
[0.18814855]
[0.20374171]
[0.16320978]
[0.19837207]
[0.19232593]
[0.20065506]
[0.20316943]
[0.20383758]
[0.19410919]
[0.16240981]
[0.16419168]
[0.20277881]
[0.18092992]
[0.18011005]
[0.20327685]
[0.19020359]
[0.17613528]
[0.19956834]
[0.13727221]
[0.19351033]
[0.17664238]
[0.20169656]
[0.19118037]
[0.19057053]
[0.20388612]
[0.17270825]
[0.15865933]
[0.18902539]
[0.20171571]
[0.19488323]
[0.18586527]
[0.20340871]
[0.20324442]
[0.18174737]
[0.19882064]
[0.19015583]
[0.15597255]
[0.18131184]
[0.20335646]
[0.1902574]
[0.16873808]
[0.19829553]
[0.19892121]
[0.19712268]
[0.20282584]
[0.17206322]
[0.18321527]
[0.18642118]
[0.20247612]
[0.19335118]
[0.19565702]
[0.1964682]
[0.14563939]
[0.20325135]
[0.18608748]
[0.18644212]
[0.20156385]
[0.20240739]
[0.16309156]
[0.19666397]
[0.19254244]
[0.15703436]
[0.20180554]
[0.19509261]
[0.20091085]
[0.20250241]
[0.20356248]
[0.18898914]
[0.18829073]
[0.20353358]
[0.19922336]
[0.20010301]
[0.191288]
[0.18532628]
[0.20271021]
[0.20329605]
[0.13747112]
[0.20315638]
[0.15755941]
[0.18210306]
[0.15672868]
[0.19618904]
[0.18997909]
[0.2033225]
[0.20131826]
[0.19594632]
[0.19233826]
[0.18746411]
[0.16139536]
[0.16517284]
[0.20323475]
[0.19427402]
[0.20375715]
[0.19000369]
[0.18782665]
[0.19422226]
[0.19948353]
[0.19439941]
[0.19456531]
[0.16427634]
[0.20315712]
[0.19666569]
[0.18873211]
[0.18956375]
[0.18563502]
[0.20201846]
[0.20243157]
[0.14626855]
[0.2003297]
[0.20330419]
[0.19974744]
[0.1960244]
[0.19550725]
[0.19110149]
[0.20369083]
[0.20152951]
[0.18919517]
[0.20240505]
[0.19391452]
[0.19862729]
[0.20099314]
[0.17328513]
[0.15213102]
[0.15855095]
[0.1603829]
[0.15310835]
[0.19030967]
[0.19740202]
[0.19741885]
[0.19147546]
[0.176845]
[0.19429744]
[0.14364998]
[0.19919153]
[0.17824134]
[0.19078802]
[0.13339248]
[0.20077855]
[0.18988169]
[0.20290575]
[0.19414253]
[0.19656052]
[0.18372015]
[0.17918339]
[0.20219291]
[0.18772873]
[0.19820564]
[0.19045116]
[0.19566407]
[0.20273355]
[0.18712762]
[0.18787004]
[0.20293987]
[0.18257955]
[0.1871119]
[0.19164398]
[0.20202547]
[0.13856824]
[0.1810965]
[0.18405525]
[0.15938064]
[0.13276588]
[0.1336523]
[0.13644994]
[0.18868881]
[0.17898139]
[0.16038425]
[0.19046698]
[0.18975434]
[0.20306078]
[0.15046891]
[0.18804372]
[0.17829923]
[0.18821045]
[0.18716839]
[0.18469805]
[0.20005609]
[0.19562151]
[0.18537314]
[0.20213695]
[0.19794811]
[0.19625679]
[0.19639555]
[0.20286499]
[0.2016722]
[0.13970289]
[0.19631884]
[0.20382409]
[0.13294493]
[0.1847721]
[0.18712156]
[0.2026649]
[0.20285687]
[0.18441866]
[0.19631377]
[0.13168672]
[0.20100186]
[0.1956858]
[0.18926237]
[0.18655877]
[0.18593273]
[0.18681996]
[0.18680552]
[0.18909078]
[0.18338794]
[0.20339837]
[0.19557474]
[0.18618144]
[0.18858111]
[0.20057546]
[0.19702465]
[0.18713454]
[0.18526011]
[0.19811884]
[0.18524507]
[0.15672428]
[0.14284961]
[0.19244458]
[0.19366067]
[0.18649269]
[0.18499986]
[0.14446358]
[0.18728744]
[0.20274074]
[0.12816136]
[0.1966472]
[0.18784562]
[0.18599586]
[0.19158992]
[0.15797442]
[0.19892718]
[0.20316962]
[0.18949605]
[0.18610768]
[0.19951377]
[0.19607423]
[0.15726972]
[0.19835097]
[0.19652029]
[0.18257688]
[0.19907659]
[0.20388638]
[0.18762338]
[0.19909171]
[0.20370559]
[0.19278373]
[0.19323307]
[0.17733119]
[0.20384649]
[0.184159]
[0.19890007]
[0.13516196]
[0.18445218]
[0.19576237]
[0.20322511]
[0.12956921]
[0.19770783]
[0.19619368]
[0.1959187]
[0.18631923]
[0.19219034]
[0.20221402]
[0.14142756]
[0.20194982]
[0.16319617]
[0.17687416]
[0.16299176]
[0.1913882]
[0.18521276]
[0.20309544]
[0.19560844]
[0.16980089]
[0.18890949]
[0.19686703]
[0.16806722]
[0.19574842]
[0.14124978]
[0.19411788]
[0.20359539]
[0.17089824]
[0.18742233]
[0.19193069]
[0.19460222]
[0.15679634]
[0.19297125]
[0.14860026]
[0.2008295]
[0.16067925]
[0.19430975]
[0.17774728]
[0.19288936]
[0.18265817]
[0.18304241]
[0.12847092]
[0.20374212]
[0.19330605]
[0.19801515]
[0.20048694]
[0.19150374]
[0.20036581]
[0.18841134]
[0.19862781]
[0.19537573]
[0.13424415]
[0.19265129]
[0.17609336]
[0.17521452]
[0.20317716]
[0.16050712]
[0.19591709]
[0.13957671]
[0.1792031]
[0.170694]
[0.13103825]
[0.17670021]
[0.19694497]
[0.13937933]
[0.20390516]
[0.14641715]
[0.20325828]
[0.19993648]
[0.12969543]
[0.13411122]
[0.19137546]
[0.20358939]
[0.13297378]
[0.19554689]
[0.2032502]
[0.19434965]
[0.20134755]
[0.19078552]
[0.19668024]
[0.18889367]
[0.20236376]
[0.19919236]
[0.18358654]
[0.20072236]
[0.18592449]
[0.19158082]
[0.1830322]
[0.17155529]
[0.20378196]
[0.19016249]
[0.1575313]
[0.2005565]
[0.2037917]
[0.20387621]
[0.20204422]
[0.194256]
[0.16691717]
[0.15108805]
[0.19793314]
[0.18989342]
[0.19386054]
[0.2004984]
[0.14906295]
[0.20042635]
[0.17356903]
[0.17839238]
[0.20122957]
[0.18825003]
[0.20139163]
[0.20305984]
[0.19972835]
[0.18275588]
[0.14983608]
[0.1926972]
[0.18871575]
[0.18743625]
[0.20315276]
[0.19168843]
[0.19358277]
[0.20004495]
[0.13450919]
[0.18877339]
[0.20165052]
[0.1990515]
[0.1958479]
[0.18389429]
[0.19892472]
[0.165606]
[0.13366952]
[0.15169299]
[0.14747304]
[0.19707288]
[0.2020447]
[0.19401827]
[0.16907136]
[0.20202475]
[0.16560235]
[0.20375676]
[0.17711144]
[0.18129746]
[0.19143526]
[0.18436192]
[0.19716593]
[0.20041735]
[0.19598631]
[0.2016691]
[0.1508165]
[0.18357042]
[0.20201959]
[0.17005202]
[0.19505549]
[0.19549391]
[0.20078063]
[0.19370036]
[0.19889244]
[0.19583617]
[0.15025447]
[0.15973114]
[0.18929749]
[0.15877289]
[0.19895957]
[0.19372575]
[0.20167189]
[0.2036849]
[0.15121782]
[0.19348356]
[0.2002557]
[0.19555055]
[0.18842229]
[0.20216349]
[0.17278339]
[0.20163448]
[0.19774153]
[0.1942503]
[0.16227716]
[0.19535612]
[0.17228394]
[0.19451121]
[0.16234095]
[0.18773266]
[0.18399539]
[0.20368978]
[0.18528176]
[0.18092364]
[0.19183926]
[0.20086471]
[0.20298432]
[0.19184574]
[0.20320147]
[0.1848518]
[0.18036859]
[0.20279127]
[0.14568722]
[0.19103681]
[0.20333898]
[0.1921878]
[0.18649327]
[0.13980614]
[0.19226761]
[0.1856181]
[0.1960846]
[0.15357818]
[0.18493753]
[0.16859199]
[0.19195555]
[0.18429895]
[0.20120534]
[0.14210112]
[0.13105382]
[0.1284935]
[0.19943117]
[0.1467453]
[0.178353]
[0.19499912]
[0.19740242]
[0.19098145]
[0.18494315]
[0.19376667]
[0.19594177]
[0.13006025]
[0.13955392]
[0.18356061]
[0.19506508]
[0.20105732]
[0.18363059]
[0.20339171]
[0.2032917]
[0.20112131]
[0.17588217]
[0.19278029]
[0.19560643]
[0.15925903]
[0.203657]
[0.1593491]
[0.18172949]
[0.20098903]
[0.19147711]
[0.19657806]
[0.18439819]
[0.19707104]
[0.1880386]
[0.19846444]
[0.19861624]
[0.17827923]
[0.13784368]
[0.18630193]
[0.18583226]
[0.20129097]
[0.20341151]
[0.1991867]
[0.17205964]
[0.18404145]
[0.19081059]
[0.20390189]
[0.19208943]
[0.18885223]
[0.19235826]
[0.20237969]
[0.20381843]
[0.17663613]
[0.19684223]
[0.20337028]
[0.15473628]
[0.20245922]
[0.1539846]
[0.18545694]
[0.18597252]
[0.18997679]
[0.18857893]
[0.18640044]
[0.19649714]
[0.16095376]
[0.18420813]
[0.19611723]
[0.19430134]
[0.1994189]
[0.20368148]
[0.14115797]
[0.15036538]
[0.18191099]
[0.18908821]
[0.19017869]
[0.14388083]
[0.1631008]
[0.20262395]
[0.1908176]
[0.1976818]
[0.20075349]
[0.18507492]
[0.19758605]
[0.17897057]
[0.16029526]
[0.18142618]
[0.17334444]
[0.19906836]
[0.17327435]
[0.1973337]
[0.2005217]
[0.1618624]
[0.17464309]
[0.16868701]
[0.15111332]
[0.1965799]
[0.14295102]
[0.1987617]
[0.12827193]
[0.1928343]
[0.18830414]
[0.19761449]
[0.19645708]
[0.20035646]
[0.19624828]
[0.18930914]
[0.18896332]
[0.1765051]
[0.19854388]
[0.19552408]
[0.20323156]
[0.18706689]
[0.19541054]
[0.14775721]
[0.13984269]
[0.20321382]
[0.18202109]
[0.19299423]
[0.1867814]
[0.18590288]
[0.17104336]
[0.15150526]
[0.16430672]
[0.169409]
[0.18087708]
[0.20203902]
[0.20253717]
[0.18704777]
[0.20388717]
[0.18071183]
[0.20382186]
[0.20037951]
[0.159183]
[0.18429466]
[0.19205616]
[0.20126678]
[0.130355]
[0.20231623]
[0.19204749]
[0.18531642]
[0.19746998]
[0.18903549]
[0.19957877]
[0.19089745]
[0.16545372]
[0.12925953]
[0.198657]
[0.16078142]
[0.1930183]
[0.19678521]
[0.14530681]
[0.13541188]
[0.19023926]
[0.15689627]
[0.18902286]
[0.18773082]
[0.15474891]
[0.18811456]
[0.19339479]
[0.19999565]
[0.20088332]
[0.15730778]
[0.14697966]
[0.1935113]
[0.20171607]
[0.20376608]
[0.19833557]
[0.18410719]
[0.15896363]
[0.14336278]
[0.12937664]
[0.1671739]
[0.20238341]
[0.18452698]
[0.18503798]
[0.1279826]
[0.20369109]
[0.18302228]
[0.19069577]
[0.19934941]
[0.1985996]
[0.13483946]
[0.19736404]
[0.14386169]
[0.19268702]
[0.16416078]
[0.18475473]
[0.16235229]
[0.16288085]
[0.16336604]
[0.13227085]
[0.18599296]
[0.1984852]
[0.19617605]
[0.19741703]
[0.1965819]
[0.19384916]
[0.20006359]
[0.19082001]
[0.15722157]
[0.18955972]
[0.16536979]
[0.18672966]
[0.1900078]
[0.1866866]
[0.19809247]
[0.14931604]
[0.18548055]
[0.18666415]
[0.18486208]
[0.1944622]
[0.19493301]
[0.189646]
[0.19741491]
[0.20078709]
[0.13745586]
[0.15633536]
[0.19246181]
[0.15232598]
[0.20086584]
[0.19097062]
[0.2023964]
[0.19836227]
[0.20360516]
[0.1996175]
[0.18853363]
[0.19901855]
[0.20341066]
[0.2003851]
[0.19569866]
[0.18526432]
[0.1968928]
[0.13269407]
[0.19229057]
[0.19234293]
[0.1943302]
[0.14145145]
[0.17232157]
[0.12988397]
[0.19357904]
[0.20317431]
[0.1637825]
[0.16694504]
[0.12661049]
[0.18804582]
[0.14047225]
[0.19490947]
[0.18766153]
[0.1954076]
[0.20057675]
[0.20378569]
[0.2038605]
[0.19810611]
[0.19465791]
[0.19145902]
[0.19836734]
[0.19547603]
[0.19779556]
[0.13557897]
[0.19087726]
[0.20042122]
[0.19591806]
[0.19593996]
[0.19118424]
[0.12920377]
[0.20253187]
[0.20215822]
[0.1997236]
[0.19346383]
[0.17513198]
[0.19043798]
[0.15215014]
[0.1955623]
[0.18927022]
[0.18701808]
[0.19165848]
[0.2008142]
[0.20205198]
[0.20389749]
[0.19762461]
[0.19768457]
[0.19748092]
[0.15058417]
[0.18931038]
[0.19067249]
[0.16445469]
[0.14271588]
[0.18690242]
[0.1859049]
[0.12260727]
[0.14760003]
[0.19984002]
[0.19396364]
[0.19247409]
[0.1991427]
[0.15054326]
[0.14653316]
[0.18397232]
[0.14494936]
[0.1649364]
[0.19909008]
[0.18715204]
[0.20236607]
[0.18217784]
[0.20390786]
[0.17662415]
[0.19888929]
[0.20199358]
[0.1973702]
[0.20059982]
[0.17205472]
[0.20114099]
[0.17482782]
[0.19682036]
[0.19219983]
[0.18432783]
[0.19227295]
[0.20387886]
[0.12755162]
[0.18799853]
[0.16930129]
[0.20019906]
[0.20142494]
[0.17268292]
[0.2033762]
[0.19052449]
[0.19612053]
[0.19913633]
[0.19239354]
[0.19546696]
[0.17305901]
[0.19672902]
[0.19968266]
[0.16986677]
[0.1999396]
[0.20367881]
[0.17998242]
[0.19491173]
[0.2020937]
[0.15605294]
[0.16430413]
[0.18841763]
[0.19522055]
[0.18752794]
[0.19156576]
[0.19971369]
[0.19572859]
[0.13238162]
[0.19696785]
[0.19728176]
[0.19622111]
[0.20364053]
[0.19625914]
[0.20104637]
[0.19863086]
[0.14838817]
[0.19815882]
[0.19631775]
[0.19826118]
[0.18771961]
[0.16945487]
[0.20004381]
[0.18076601]
[0.19594633]
[0.19860015]
[0.13580251]
[0.19413081]
[0.18749408]
[0.20023137]
[0.20324749]
[1] 5000   11
[1] 5000   11
