LOADING R
R LOADED
[1] "/home/lvanderl/Rlibs2"                         
[2] "/app/software/R/4.3.1-gfbf-2022b/lib/R/library"
[1] "/home/lvanderl/sieveSims"
[1] "rf 1 4"
[1] 0.06883113
[1] 0.06883113
[1] 0.06883113
13.183673469387756
[0.2833856]
[0.35824887]
[0.11932981]
[0.30981777]
[0.31660165]
[0.21320581]
[0.09175067]
[0.20733339]
[0.36752954]
[0.3456063]
[0.20455452]
[0.27165447]
[0.16751286]
[0.25534452]
[0.36788817]
[0.23692293]
[0.20165085]
[0.08067164]
[0.39670279]
[0.16798602]
[0.08015879]
[0.10792443]
[0.3642564]
[0.18480348]
[0.15325337]
[0.20631359]
[0.2976842]
[0.33700156]
[0.07756503]
[0.36682071]
[0.33770286]
[0.2906198]
[0.38099823]
[0.23869017]
[0.33720853]
[0.35568658]
[0.29131286]
[0.28113461]
[0.0706845]
[0.25771254]
[0.09547898]
[0.14377483]
[0.08245689]
[0.06771501]
[0.07625862]
[0.34046726]
[0.16186452]
[0.13180533]
[0.3762819]
[0.34241962]
[0.11585337]
[0.1645012]
[0.41572651]
[0.1727599]
[0.33616711]
[0.37974332]
[0.2207574]
[0.20847489]
[0.35093662]
[0.22815528]
[0.22925658]
[0.38996687]
[0.2631634]
[0.1663813]
[0.34804669]
[0.22173479]
[0.07370157]
[0.33817937]
[0.22811675]
[0.06645065]
[0.39867294]
[0.19137791]
[0.25169298]
[0.19838593]
[0.29488851]
[0.24200008]
[0.39762985]
[0.13549167]
[0.12955371]
[0.12591613]
[0.41076352]
[0.17314566]
[0.18613859]
[0.31139225]
[0.13842823]
[0.15019593]
[0.20130775]
[0.31970872]
[0.09372909]
[0.3327789]
[0.182943]
[0.19144128]
[0.08258313]
[0.32620837]
[0.38777532]
[0.27960838]
[0.19477776]
[0.30970986]
[0.30845897]
[0.32033438]
[0.39982588]
[0.27258978]
[0.06565558]
[0.24732944]
[0.12305462]
[0.14499434]
[0.25802506]
[0.33530713]
[0.08350184]
[0.19381603]
[0.11700058]
[0.14987612]
[0.32425902]
[0.31086346]
[0.2507891]
[0.23614515]
[0.29597574]
The solver didn't work
[0.28517141]
[0.12842854]
[0.28106364]
[0.41765098]
[0.07172509]
[0.30348177]
[0.35429795]
[0.28461717]
[0.37951748]
[0.36921091]
[0.1393674]
[0.33191634]
[0.12061366]
[0.23459477]
[0.1978352]
[0.27372166]
[0.20628131]
[0.08519352]
[0.38299805]
[0.30930553]
[0.26833537]
[0.22502948]
[0.28970483]
[0.26979029]
[0.16347759]
[0.22504454]
[0.2552609]
[0.31256876]
[0.32602416]
[0.09367187]
[0.16808826]
[0.35358985]
[0.18595855]
[0.20426767]
[0.41544325]
[0.35355353]
[0.23282191]
[0.32689602]
[0.08554234]
[0.23321934]
[0.22500752]
[0.17635906]
[0.22286263]
[0.12927211]
[0.36660439]
[0.41583909]
[0.41020327]
[0.14364402]
[0.33509591]
[0.28117586]
[0.15481755]
[0.2757096]
[0.30469987]
[0.19939844]
[0.14082448]
[0.29371794]
[0.07957132]
[0.32015513]
[0.18887956]
[0.27208714]
[0.34754977]
[0.15010355]
[0.37152812]
[0.22596551]
[0.11280341]
[0.08238762]
[0.12994296]
[0.10820625]
[0.07507002]
[0.29532575]
[0.30352381]
[0.0807825]
[0.39067846]
[0.22164492]
[0.3123208]
[0.18843332]
[0.26467797]
[0.41419301]
[0.05115309]
[0.36032828]
[0.39129197]
[0.34971848]
[0.13756282]
[0.238447]
[0.165711]
[0.39234209]
[0.29926516]
[0.34156239]
[0.26008889]
[0.16269036]
[0.34872679]
[0.3684091]
[0.06533283]
[0.41765087]
[0.31312713]
[0.1943592]
[0.39581628]
[0.31085581]
[0.20245472]
[0.06809309]
[0.41865185]
[0.31717592]
[0.23415758]
[0.25371145]
[0.29594851]
[0.32392461]
[0.12477764]
[0.39519338]
[0.37202639]
[0.07235944]
[0.30170834]
[0.28130943]
[0.13609085]
[0.08281053]
[0.14460315]
[0.0790162]
[0.07433032]
[0.21714893]
[0.17993376]
[0.21687235]
[0.22358057]
[0.2608021]
[0.40695123]
[0.24517192]
[0.30987364]
[0.23496643]
[0.07976113]
[0.08609221]
[0.3855646]
[0.20761194]
[0.23402516]
[0.06732039]
[0.23535145]
[0.3765111]
[0.28568802]
[0.2801256]
[0.09106147]
[0.22781524]
[0.2592266]
[0.30844731]
[0.3144966]
[0.25996393]
[0.2673036]
[0.2745544]
[0.37322196]
[0.19941269]
[0.34058885]
[0.36384746]
[0.24314248]
[0.07679512]
[0.35185368]
[0.34830527]
[0.34666778]
[0.34104735]
[0.07615431]
[0.25462501]
[0.17220567]
[0.19396787]
[0.28026392]
[0.37091082]
[0.21186687]
[0.18485879]
[0.21829485]
[0.24836248]
[0.27086724]
[0.30069295]
[0.37208231]
[0.34353304]
[0.10463342]
[0.34631677]
[0.39102222]
[0.21204507]
[0.17682537]
[0.20731884]
[0.29241948]
[0.36531326]
[0.32237617]
[0.11681958]
[0.3371641]
[0.32081025]
[0.09902154]
[0.26010609]
[0.29126585]
[0.08125756]
[0.16126973]
[0.19623457]
[0.19002712]
[0.21273243]
[0.23111326]
[0.33281666]
[0.35859296]
[0.41645334]
[0.37367515]
[0.25319855]
[0.28675881]
[0.32835066]
[0.15093678]
[0.29532034]
[0.11423447]
[0.17342975]
[0.29681198]
[0.37844936]
[0.37758725]
[0.23119777]
[0.31449961]
[0.14699107]
[0.24688781]
[0.38850368]
[0.28777131]
[0.23815377]
[0.13612044]
[0.12150448]
[0.20818467]
[0.17241491]
[0.08905896]
[0.34124622]
[0.36263093]
[0.06816756]
[0.22235362]
[0.24564431]
[0.38304708]
[0.09260253]
[0.31914101]
[0.15894254]
[0.11278589]
[0.2084102]
[0.24868788]
[0.13706671]
[0.19764242]
[0.21246744]
[0.31011519]
[0.1129631]
[0.33520544]
[0.31206568]
[0.20378434]
[0.20605411]
[0.33069443]
[0.0943583]
[0.31654258]
[0.20843043]
[0.31124969]
[0.14219109]
[0.34620609]
[0.09679767]
[0.36782646]
[0.28072787]
[0.15420899]
[0.14242044]
[0.21878175]
[0.35626317]
[0.10378214]
[0.33845767]
[0.40190799]
[0.2015909]
[0.25684684]
[0.17356156]
[0.32832153]
[0.16077286]
[0.26957476]
[0.17860877]
[0.10537584]
[0.3717374]
[0.09620763]
[0.10841775]
[0.12982502]
[0.26970399]
[0.14749192]
[0.34922597]
[0.35678203]
[0.08412332]
[0.09312642]
[0.31774143]
[0.254418]
[0.21596028]
[0.3648614]
[0.2973017]
[0.23819549]
[0.20409842]
[0.21707051]
[0.1690383]
[0.26739613]
[0.17600252]
[0.2221454]
[0.41787631]
[0.07056309]
[0.15200374]
[0.27313267]
[0.22605986]
[0.3851757]
[0.07155792]
[0.27943613]
[0.32092687]
[0.27197929]
[0.4047865]
[0.18561383]
[0.28099794]
[0.09319312]
[0.37772353]
[0.39509327]
[0.07535605]
[0.16108467]
[0.07582123]
[0.32651748]
[0.30480618]
[0.21123994]
[0.16430048]
[0.35685134]
[0.24428551]
[0.36951854]
[0.2473849]
[0.24876717]
[0.33550376]
[0.28602847]
[0.22046022]
[0.34869067]
[0.27191918]
[0.33103637]
[0.35088126]
[0.28657543]
[0.22061272]
[0.0866984]
[0.22216997]
[0.28967143]
[0.12464696]
[0.34476137]
[0.34808823]
[0.36087928]
[0.11619343]
[0.22547883]
[0.39936837]
[0.27577273]
[0.32692019]
[0.35949437]
[0.3099167]
[0.07112607]
[0.15688769]
[0.36336149]
[0.09528331]
[0.28716643]
[0.17938236]
[0.34272768]
[0.30801982]
[0.13954404]
[0.0926177]
[0.33964261]
[0.26739628]
[0.34190025]
[0.14079032]
[0.26014956]
[0.36840725]
[0.12827105]
[0.12650295]
[0.38705388]
[0.37240937]
[0.13790077]
[0.15864736]
[0.26142679]
[0.11780365]
[0.20307843]
[0.27575718]
[0.22143796]
[0.3215112]
[0.27203111]
[0.35968551]
[0.30108815]
[0.25818627]
[0.37993738]
[0.35784548]
[0.3839764]
[0.29517]
[0.37218854]
[0.3631122]
[0.39013269]
[0.07283792]
[0.27721788]
[0.24539236]
[0.09058411]
[0.19333141]
[0.08571586]
[0.11508962]
[0.12090827]
[0.25202934]
[1] 2500   11
[1] 2499   11
