LOADING R
R LOADED
[1] "/home/lvanderl/Rlibs2"                         
[2] "/app/software/R/4.3.1-gfbf-2022b/lib/R/library"
[1] "/home/lvanderl/sieveSims"
[1] "rf 2 1"
[1] 0.02623717
[1] 0.02623717
[1] 0.02623717
45.673469387755105
0
[0.12060607]
1
[0.09265521]
2
[0.08461047]
3
[0.09042223]
4
[0.07706954]
5
[0.10127772]
6
[0.1030128]
7
[0.07637541]
8
[0.08976683]
9
[0.07587673]
10
[0.14663284]
11
[0.07438265]
12
[0.07435111]
13
[0.11826637]
14
[0.08744673]
15
[0.07461238]
16
[0.07431938]
17
[0.08440022]
18
[0.0755271]
19
[0.1190545]
20
[0.0997581]
21
[0.11713074]
22
[0.08066636]
23
[0.07576458]
24
[0.07300389]
25
[0.11495091]
26
[0.1050286]
27
[0.08946537]
28
[0.10132484]
29
[0.07509112]
30
[0.08850198]
31
[0.09262938]
32
[0.07398605]
33
[0.07302189]
34
[0.07637341]
35
[0.10743879]
36
[0.09133783]
37
[0.0837135]
38
[0.10844692]
39
[0.07456341]
40
[0.08342903]
41
[0.10775188]
42
[0.09562538]
43
[0.09482725]
44
[0.09283996]
45
[0.07673217]
46
[0.13370566]
47
[0.08738614]
48
[0.11091537]
49
[0.07953864]
50
[0.08006287]
51
[0.09998239]
52
[0.08724111]
53
[0.10122313]
54
[0.0923827]
55
[0.12264925]
56
[0.08053839]
57
[0.07449832]
58
[0.08387312]
59
[0.07520702]
60
[0.07814569]
61
[0.08336559]
62
[0.10908749]
63
[0.07292818]
64
[0.09156396]
65
[0.10504686]
66
[0.09769972]
67
[0.08491897]
68
[0.08303642]
69
[0.07197932]
70
[0.09220789]
71
[0.08375048]
72
[0.09533981]
73
[0.10255871]
74
[0.08369872]
75
[0.1027535]
76
[0.10650676]
77
[0.09993925]
78
[0.07466405]
79
[0.07378044]
80
[0.10396007]
81
[0.0721174]
82
[0.07638764]
83
[0.08705505]
84
[0.10851859]
85
[0.10655512]
86
[0.11055697]
87
[0.10314643]
88
[0.1096055]
89
[0.07753691]
90
[0.1147502]
91
[0.11116931]
92
[0.07403243]
93
[0.11869947]
94
[0.11208304]
95
[0.0743915]
96
[0.10496989]
97
[0.0720124]
98
[0.08521632]
99
[0.07231891]
100
[0.0817904]
101
[0.08445557]
102
[0.08337676]
103
[0.08858499]
104
[0.07576357]
105
[0.09362134]
106
[0.07307581]
107
[0.07730577]
108
[0.13563267]
109
[0.0772532]
110
[0.12378566]
111
[0.07855682]
112
[0.09008983]
113
[0.07970495]
114
[0.10298344]
115
[0.13305734]
116
[0.13341908]
117
[0.07717534]
118
[0.09834347]
119
[0.09586648]
120
[0.0720705]
121
[0.07319474]
122
[0.10374665]
123
[0.07574436]
124
[0.07159827]
125
[0.13826186]
126
[0.08054488]
127
[0.08611016]
128
[0.10659541]
129
[0.07345053]
130
[0.07858204]
131
[0.10113141]
132
[0.09955519]
133
[0.11325276]
134
[0.09657371]
135
[0.08119167]
136
[0.07728624]
137
[0.08973089]
138
[0.08730118]
139
[0.0975363]
140
[0.07464744]
141
[0.07939397]
142
[0.11332453]
143
[0.08685973]
144
[0.07399778]
145
[0.07258489]
146
[0.0873662]
147
[0.08120371]
148
[0.08030312]
149
[0.10131115]
150
[0.09129129]
151
[0.10013898]
152
[0.10113663]
153
[0.11856122]
154
[0.09828047]
155
[0.07426054]
156
[0.0915625]
157
[0.07398605]
158
[0.08247476]
159
[0.11342122]
160
[0.08845667]
161
[0.07456604]
162
[0.11534743]
163
[0.10309402]
164
[0.09560328]
165
[0.07471668]
166
[0.10551329]
167
[0.12393582]
168
[0.10000667]
169
[0.08136868]
170
[0.07296125]
171
[0.07199495]
172
[0.10393736]
173
[0.0828935]
174
[0.07867165]
175
[0.1204802]
176
[0.07308768]
177
[0.08986808]
178
[0.08875478]
179
[0.10485635]
180
[0.0717593]
181
[0.07700652]
182
[0.11687797]
183
[0.08104549]
184
[0.089772]
185
[0.10259887]
186
[0.10490171]
187
[0.09884043]
188
[0.07348652]
189
[0.10592664]
190
[0.13497017]
191
[0.08582699]
192
[0.10568784]
193
[0.09854432]
194
[0.09568539]
195
[0.10871392]
196
[0.07142133]
197
[0.10643635]
198
[0.10544275]
199
[0.07252435]
200
[0.0739389]
201
[0.08307844]
202
[0.09271971]
203
[0.07734366]
204
[0.11460787]
205
[0.11371325]
206
[0.10210347]
207
[0.12298254]
208
[0.08752107]
209
[0.07257051]
210
[0.09838908]
211
[0.11414624]
212
[0.07266934]
213
[0.07924411]
214
[0.11574036]
215
[0.07255396]
216
[0.07766613]
217
[0.1030777]
218
[0.11906339]
219
[0.07455675]
220
[0.1174134]
221
[0.11161223]
222
[0.09042034]
223
[0.09064238]
224
[0.08856782]
225
[0.08018824]
226
[0.0722046]
227
[0.08426469]
228
[0.09151851]
229
[0.07709662]
230
[0.0974908]
231
[0.1168815]
232
[0.09354905]
233
[0.07694108]
234
[0.08803316]
235
[0.08742703]
236
[0.12193611]
237
[0.10975327]
238
[0.0747965]
239
[0.11201002]
240
[0.09365136]
241
[0.11484414]
242
[0.07201]
243
[0.09289254]
244
[0.08326093]
245
[0.09336322]
246
[0.10586132]
247
[0.10418875]
248
[0.07073949]
249
[0.0772449]
250
[0.10529182]
251
[0.08111585]
252
[0.09407095]
253
[0.10169631]
254
[0.09996146]
255
[0.07931367]
256
[0.08125984]
257
[0.09288507]
258
[0.09246787]
259
[0.12953687]
260
[0.07751517]
261
[0.08835829]
262
[0.08001368]
263
[0.0873274]
264
[0.08818391]
265
[0.10023657]
266
[0.11473247]
267
[0.07448773]
268
[0.09827848]
269
[0.08555961]
270
[0.11324918]
271
[0.09302157]
272
[0.07699615]
273
[0.11134688]
274
[0.07637299]
275
[0.10715156]
276
[0.07175566]
277
[0.09597728]
278
[0.10309901]
279
[0.08818145]
280
[0.08384105]
281
[0.0810244]
282
[0.11927044]
283
[0.09382515]
284
[0.12746155]
285
[0.08771766]
286
[0.07773561]
287
[0.07252498]
288
[0.07340514]
289
[0.10658931]
290
[0.09284451]
291
[0.07997621]
292
[0.10440762]
293
[0.09400132]
294
[0.11836677]
295
[0.08343165]
296
[0.07950456]
297
[0.08918304]
298
[0.10938249]
299
[0.11624417]
300
[0.08370463]
301
[0.0723971]
302
[0.07418739]
303
[0.08479508]
304
[0.10634962]
305
[0.09234541]
306
[0.07539931]
307
[0.09216775]
308
[0.07300926]
309
[0.08495606]
310
[0.09684763]
311
[0.08063521]
312
[0.08753167]
313
[0.1213055]
314
[0.09043385]
315
[0.11147755]
316
[0.07803262]
317
[0.07225081]
318
[0.07510145]
319
[0.10388059]
320
[0.07949319]
321
[0.1135617]
322
[0.08835929]
323
[0.0791009]
324
[0.07402022]
325
[0.07864667]
326
[0.08812422]
327
[0.07376839]
328
[0.07413863]
329
[0.07860013]
330
[0.10222753]
331
[0.08745929]
332
[0.13891388]
333
[0.07799603]
334
[0.10630257]
335
[0.08465219]
336
[0.08946777]
337
[0.09374622]
338
[0.07487902]
339
[0.11025847]
340
[0.07623019]
341
[0.10783302]
342
[0.0910739]
343
[0.08723827]
344
[0.07687083]
345
[0.07996872]
346
[0.0746668]
347
[0.07484408]
348
[0.07309645]
349
[0.07572783]
350
[0.11297612]
351
[0.07576639]
352
[0.0809644]
353
[0.09259959]
354
[0.07799951]
355
[0.08011577]
356
[0.07466824]
357
[0.08708935]
358
[0.11761888]
359
[0.11453756]
360
[0.07849042]
361
[0.11615844]
362
[0.10507571]
363
[0.10576985]
364
[0.08638418]
365
[0.08422112]
366
[0.0981538]
367
[0.07459598]
368
[0.11447528]
369
[0.08602643]
370
[0.11767453]
371
[0.11572464]
372
[0.09081077]
373
[0.09977284]
374
[0.13551844]
375
[0.0785154]
376
[0.0892403]
377
[0.10235063]
378
[0.08805748]
379
[0.13862746]
380
[0.07070768]
381
[0.10223929]
382
[0.13535623]
383
[0.08853484]
384
[0.07673431]
385
[0.08262369]
386
[0.11919484]
387
[0.10487876]
388
[0.11905953]
389
[0.07243107]
390
[0.11800926]
391
[0.07582349]
392
[0.10775754]
393
[0.08684715]
394
[0.10545097]
395
[0.11378988]
396
[0.08570875]
397
[0.0856689]
398
[0.07279245]
399
[0.07877051]
400
[0.07855952]
401
[0.09114383]
402
[0.08452138]
403
[0.076617]
404
[0.09666193]
405
[0.11914214]
406
[0.08605303]
407
[0.07850429]
408
[0.13490465]
409
[0.0927698]
410
[0.08850555]
411
[0.07738457]
412
[0.09880823]
413
[0.08981085]
414
[0.09009807]
415
[0.07724398]
416
[0.07415144]
417
[0.15056743]
418
[0.07606805]
419
[0.12404597]
420
[0.0934851]
421
[0.07357785]
422
[0.07312065]
423
[0.07646894]
424
[0.11392277]
425
[0.10671278]
426
[0.11418522]
427
[0.08717314]
428
[0.12866943]
429
[0.08861284]
430
[0.07248571]
431
[0.08558243]
432
[0.09881652]
433
[0.09201397]
434
[0.08632259]
435
[0.10369485]
436
[0.09656695]
437
[0.1107596]
438
[0.09715727]
439
[0.07867696]
440
[0.13499893]
441
[0.08188425]
442
[0.07611295]
443
[0.08515046]
444
[0.13707499]
445
[0.09601463]
446
[0.07650715]
447
[0.1068712]
448
[0.08970584]
449
[0.10490276]
450
[0.09609056]
451
[0.08303095]
452
[0.07789809]
453
[0.09633828]
454
[0.07524444]
455
[0.08045496]
456
[0.11398424]
457
[0.07949832]
458
[0.09907017]
459
[0.09788272]
460
[0.07509243]
461
[0.0757232]
462
[0.14756134]
463
[0.07674613]
464
[0.07299466]
465
[0.10886975]
466
[0.09214235]
467
[0.12164588]
468
[0.07916574]
469
[0.07297013]
470
[0.07421966]
471
[0.08856436]
472
[0.07230897]
473
[0.09756537]
474
[0.10714369]
475
[0.07784356]
476
[0.15696763]
477
[0.09807312]
478
[0.0841786]
479
[0.08064417]
480
[0.07364192]
481
[0.10007977]
482
[0.12655337]
483
[0.11198828]
484
[0.08344873]
485
[0.08322779]
486
[0.09250279]
487
[0.09478576]
488
[0.07277642]
489
[0.10855571]
490
[0.09526814]
491
[0.08290675]
492
[0.07391308]
493
[0.10026382]
494
[0.11845507]
495
[0.10421896]
496
[0.07983031]
497
[0.09374423]
498
[0.075616]
499
[0.15228293]
[1] 2500   11
[1] 2500   11
