LOADING R
R LOADED
[1] "/home/lvanderl/Rlibs2"                         
[2] "/app/software/R/4.3.1-gfbf-2022b/lib/R/library"
[1] "/home/lvanderl/sieveSims"
[1] "gam 2 1"
[1] 0.07791234
[1] 0.07791234
[1] 0.07791234
25.367346938775512
0
[0.11444629]
1
[0.1485385]
2
[0.10120735]
3
[0.13277404]
4
[0.11320328]
5
[0.13097249]
6
[0.13290319]
7
[0.13542682]
8
[0.1322471]
9
[0.1250616]
10
[0.1090644]
11
[0.12875432]
12
[0.13818145]
13
[0.13371037]
14
[0.14169307]
15
[0.13288762]
16
[0.14433025]
17
[0.12093867]
18
[0.11402611]
19
[0.13983641]
20
[0.13666375]
21
[0.12214651]
22
[0.12055627]
23
[0.1197028]
24
[0.1358815]
25
[0.12465029]
26
[0.12334842]
27
[0.13266385]
28
[0.14137705]
29
[0.13293343]
30
[0.14342228]
31
[0.14614788]
32
[0.12181343]
33
[0.13066003]
34
[0.14858011]
35
[0.14055696]
36
[0.14011152]
37
[0.10853629]
38
[0.1190996]
39
[0.13770774]
40
[0.11201021]
41
[0.11841318]
42
[0.11679909]
43
[0.14057625]
44
[0.13854164]
45
[0.15040881]
46
[0.12367198]
47
[0.10531535]
48
[0.12950635]
49
[0.13977657]
50
[0.13421089]
51
[0.14105842]
52
[0.12155951]
53
[0.13675793]
54
[0.14254424]
55
[0.14861125]
56
[0.13405166]
57
[0.12754413]
58
[0.139649]
59
[0.14720606]
60
[0.10871246]
61
[0.13578568]
62
[0.13408645]
63
[0.12866614]
64
[0.13261696]
65
[0.11747861]
66
[0.12576098]
67
[0.1345658]
68
[0.11320373]
69
[0.14664109]
70
[0.13130475]
71
[0.14774485]
72
[0.12671076]
73
[0.13728856]
74
[0.1395328]
75
[0.14883003]
76
[0.13954954]
77
[0.11696773]
78
[0.13328707]
79
[0.13370796]
80
[0.12239611]
81
[0.14682957]
82
[0.10618876]
83
[0.14535105]
84
[0.11998608]
85
[0.14308708]
86
[0.11251584]
87
[0.10973856]
88
[0.1495653]
89
[0.13053197]
90
[0.14677368]
91
[0.11992126]
92
[0.13163709]
93
[0.12038006]
94
[0.13139341]
95
[0.1492835]
96
[0.13262483]
97
[0.10955701]
98
[0.14678537]
99
[0.14291128]
100
[0.14816327]
101
[0.14955182]
102
[0.11222938]
103
[0.14680488]
104
[0.13406148]
105
[0.12064792]
106
[0.12250964]
107
[0.14698762]
108
[0.10544405]
109
[0.12475743]
110
[0.11577182]
111
[0.11922031]
112
[0.13638508]
113
[0.13353471]
114
[0.11235248]
115
[0.14585717]
116
[0.13985097]
117
[0.11461723]
118
[0.15016085]
119
[0.13604494]
120
[0.12524811]
121
[0.14677908]
122
[0.13450301]
123
[0.11206357]
124
[0.14492169]
125
[0.13220717]
126
[0.12973797]
127
[0.12490647]
128
[0.12161803]
129
[0.13868911]
130
[0.13460361]
131
[0.14218408]
132
[0.11721126]
133
[0.14463149]
134
[0.133074]
135
[0.12173603]
136
[0.14148162]
137
[0.14366205]
138
[0.13896446]
139
[0.14519063]
140
[0.11967592]
141
[0.14364796]
142
[0.11635549]
143
[0.13197391]
144
[0.13894912]
145
[0.12873948]
146
[0.09130531]
147
[0.13834398]
148
[0.13570431]
149
[0.1198074]
150
[0.10733536]
151
[0.14552168]
152
[0.12842233]
153
[0.14091982]
154
[0.13900282]
155
[0.1484543]
156
[0.14374639]
157
[0.14298356]
158
[0.13411631]
159
[0.13809623]
160
[0.12454512]
161
[0.13469445]
162
[0.14600229]
163
[0.13486679]
164
[0.11859199]
165
[0.13440899]
166
[0.12278136]
167
[0.14677736]
168
[0.13726581]
169
[0.12112863]
170
[0.12331306]
171
[0.14680661]
172
[0.12503225]
173
[0.14308295]
174
[0.1495379]
175
[0.14269561]
176
[0.14691782]
177
[0.1315239]
178
[0.11981688]
179
[0.14835288]
180
[0.14801404]
181
[0.1459162]
182
[0.12786447]
183
[0.13646307]
184
[0.14307432]
185
[0.12417563]
186
[0.14730538]
187
[0.11771982]
188
[0.12474701]
189
[0.14273064]
190
[0.13298911]
191
[0.14445387]
192
[0.14222338]
193
[0.13623801]
194
[0.13661694]
195
[0.12138228]
196
[0.12545466]
197
[0.14283319]
198
[0.12374249]
199
[0.13617352]
200
[0.13413812]
201
[0.13432643]
202
[0.14853632]
203
[0.12519196]
204
[0.14983816]
205
[0.12408797]
206
[0.14668409]
207
[0.14696673]
208
[0.12616005]
209
[0.14230939]
210
[0.13060523]
211
[0.13881465]
212
[0.14761379]
213
[0.13743442]
214
[0.14530909]
215
[0.14246208]
216
[0.13113468]
217
[0.13367064]
218
[0.12953162]
219
[0.13375372]
220
[0.14928931]
221
[0.12852102]
222
[0.14153219]
223
[0.14496814]
224
[0.14004549]
225
[0.1346594]
226
[0.14741741]
227
[0.13351372]
228
[0.12358815]
229
[0.13764343]
230
[0.14911003]
231
[0.11574558]
232
[0.12417251]
233
[0.13182858]
234
[0.12664306]
235
[0.12223996]
236
[0.14613992]
237
[0.14113127]
238
[0.14949803]
239
[0.1491404]
240
[0.10655992]
241
[0.14459372]
242
[0.11227807]
243
[0.14507182]
244
[0.12403061]
245
[0.12458503]
246
[0.14777211]
247
[0.11867799]
248
[0.14611346]
249
[0.11819686]
250
[0.14245597]
251
[0.14812824]
252
[0.1363053]
253
[0.12674264]
254
[0.10738433]
255
[0.11791061]
256
[0.15039022]
257
[0.12721572]
258
[0.11320064]
259
[0.13123168]
260
[0.13416911]
261
[0.12363085]
262
[0.11791113]
263
[0.13957219]
264
[0.13399181]
265
[0.11722551]
266
[0.12775188]
267
[0.14521784]
268
[0.12667625]
269
[0.12635244]
270
[0.13831033]
271
[0.13597586]
272
[0.13084223]
273
[0.11171756]
274
[0.1058646]
275
[0.13196599]
276
[0.13872091]
277
[0.14877381]
278
[0.1326904]
279
[0.12449262]
280
[0.12057626]
281
[0.13865958]
282
[0.13011396]
283
[0.13644273]
284
[0.13973638]
285
[0.13858743]
286
[0.14832575]
287
[0.14475466]
288
[0.12956958]
289
[0.13377515]
290
[0.11045054]
291
[0.12091647]
292
[0.13103102]
293
[0.12996683]
294
[0.1486706]
295
[0.13515047]
296
[0.13332376]
297
[0.14640078]
298
[0.14538924]
299
[0.1444743]
300
[0.1183338]
301
[0.11173667]
302
[0.12862262]
303
[0.13346497]
304
[0.14509983]
305
[0.10744593]
306
[0.12886118]
307
[0.13618439]
308
[0.14946665]
309
[0.13948717]
310
[0.13331811]
311
[0.14181927]
312
[0.14954516]
313
[0.14516381]
314
[0.13324792]
315
[0.14652359]
316
[0.13278368]
317
[0.10643534]
318
[0.14248535]
319
[0.11462485]
320
[0.14171712]
321
[0.13433697]
322
[0.13600113]
323
[0.15012207]
324
[0.11414413]
325
[0.11896978]
326
[0.14546261]
327
[0.14058086]
328
[0.1179332]
329
[0.12757869]
330
[0.14026646]
331
[0.13556162]
332
[0.14227051]
333
[0.10748739]
334
[0.13371223]
335
[0.14008739]
336
[0.12193682]
337
[0.11506441]
338
[0.13296375]
339
[0.1440883]
340
[0.14725166]
341
[0.14108118]
342
[0.11116213]
343
[0.11376874]
344
[0.13389154]
345
[0.10144608]
346
[0.12850356]
347
[0.14471441]
348
[0.13035523]
349
[0.13712022]
350
[0.12511597]
351
[0.14909908]
352
[0.13687239]
353
[0.09802317]
354
[0.14011025]
355
[0.14750331]
356
[0.13567833]
357
[0.14616706]
358
[0.14370035]
359
[0.11757408]
360
[0.11739633]
361
[0.12805452]
362
[0.10676072]
363
[0.10876741]
364
[0.14897675]
365
[0.13010489]
366
[0.1436097]
367
[0.12987353]
368
[0.11231637]
369
[0.10642889]
370
[0.12440021]
371
[0.14717046]
372
[0.13839301]
373
[0.12585139]
374
[0.13390655]
375
[0.13246619]
376
[0.12958027]
377
[0.11811736]
378
[0.11875069]
379
[0.149434]
380
[0.10600449]
381
[0.15001968]
382
[0.13060017]
383
[0.14552091]
384
[0.14835584]
385
[0.14299073]
386
[0.12244872]
387
[0.14098937]
388
[0.12230188]
389
[0.14330458]
390
[0.14135491]
391
[0.118246]
392
[0.12674206]
393
[0.1424174]
394
[0.13155092]
395
[0.10334981]
396
[0.1406243]
397
[0.12549774]
398
[0.12431462]
399
[0.14737282]
400
[0.11738921]
401
[0.11282775]
402
[0.1283605]
403
[0.14610041]
404
[0.14552364]
405
[0.11570382]
406
[0.14004697]
407
[0.14772027]
408
[0.14693103]
409
[0.12860348]
410
[0.1198407]
411
[0.14243493]
412
[0.12532752]
413
[0.13987159]
414
[0.10458032]
415
[0.13299582]
416
[0.13201699]
417
[0.13934415]
418
[0.11670461]
419
[0.12609312]
420
[0.13321154]
421
[0.13169984]
422
[0.14576375]
423
[0.14694525]
424
[0.13175118]
425
[0.12462566]
426
[0.13638593]
427
[0.14819718]
428
[0.13622224]
429
[0.12605249]
430
[0.12366764]
431
[0.11162563]
432
[0.14569216]
433
[0.14154695]
434
[0.11658489]
435
[0.14504334]
436
[0.12104744]
437
[0.13082277]
438
[0.13318286]
439
[0.12936442]
440
[0.14838589]
441
[0.14910194]
442
[0.1225227]
443
[0.13836692]
444
[0.14542498]
445
[0.13278789]
446
[0.13360697]
447
[0.13980484]
448
[0.11963519]
449
[0.11217603]
450
[0.13521135]
451
[0.14360098]
452
[0.10899662]
453
[0.14891659]
454
[0.13288369]
455
[0.13798836]
456
[0.12788064]
457
[0.12075315]
458
[0.13722823]
459
[0.13763997]
460
[0.12681225]
461
[0.11690786]
462
[0.14660912]
463
[0.12398806]
464
[0.12110704]
465
[0.14035118]
466
[0.14813491]
467
[0.13952516]
468
[0.14379748]
469
[0.10263973]
470
[0.11619321]
471
[0.11518989]
472
[0.10581188]
473
[0.14514925]
474
[0.12778838]
475
[0.13652238]
476
[0.1502878]
477
[0.14407207]
478
[0.12349033]
479
[0.14574618]
480
[0.14254884]
481
[0.1317668]
482
[0.13300587]
483
[0.13157203]
484
[0.14421565]
485
[0.13391792]
486
[0.14618648]
487
[0.14024428]
488
[0.13233585]
489
[0.13448708]
490
[0.1358857]
491
[0.12026908]
492
[0.15019295]
493
[0.14943265]
494
[0.13813476]
495
[0.14908435]
496
[0.1407675]
497
[0.1330687]
498
[0.13471948]
499
[1] 2500   11
[1] 2500   11
[0.12345866]
