LOADING R
R LOADED
[1] "/home/lvanderl/Rlibs2"                         
[2] "/app/software/R/4.3.1-gfbf-2022b/lib/R/library"
[1] "/home/lvanderl/sieveSims"
[1] "xg 2 1"
[1] "histogram binning"
[1] 0.07769083
[1] 0.07769083
[1] "mondrian"
[1] "iso"
[1] 0.07769083
[1] "conditional"
[   10.            11.51395399    13.25711366    15.26417967
    17.57510625    20.23589648    23.29951811    26.82695795
    30.88843596    35.56480306    40.94915062    47.14866363
    54.28675439    62.50551925    71.9685673     82.86427729
    95.40954763   109.8541142    126.48552169   145.63484775
   167.68329368   193.06977289   222.29964825   255.95479227
   294.70517026   339.32217719   390.69399371   449.8432669
   517.94746792   596.36233166   686.648845     790.60432109
   910.29817799  1048.11313415  1206.79264064  1389.49549437
  1599.85871961  1842.06996933  2120.95088792  2442.05309455
  2811.76869797  3237.45754282  3727.59372031  4291.93426013
  4941.71336132  5689.86602902  6551.2855686   7543.12006335
  8685.11373751 10000.        ]
[ 0.08678567  0.08227874  0.08616182  0.08443348  0.08657043  0.0923443
  0.09294184  0.09128092  0.08380697  0.09499149  0.09946718  0.09935229
  0.11291621  0.11271234  0.14920367  0.15092679  0.1599999   0.16417874
  0.20745392  0.25758868  0.20396457  0.21128012  0.32607546  0.3502866
  0.41366851  0.39248422  0.46002907  0.54530034  0.64517606  0.64287073
  0.66784094  1.16168802  1.12475721  1.50014708  1.40981614  2.02888154
  1.96653848  2.19619029  2.57129386  3.58841826  3.43454572  3.35944533
  4.40897334  3.81362643  4.93747492  5.40946343  7.27366718  7.71819255
  9.72383949 15.03996897]
11.513953993264476
0.08685113737513524
0
[0.08081717]
1
[0.09837249]
2
[0.20531007]
3
[0.06752594]
4
[0.07053424]
5
[0.10973167]
6
[0.18438529]
7
[0.18003365]
8
[0.13157491]
9
[0.10273922]
10
[0.09097848]
11
[0.14054988]
12
[0.09895183]
13
[0.11511995]
14
[0.08497715]
15
[0.2085255]
16
[0.20164774]
17
[0.08843179]
18
[0.19139889]
19
[0.20735917]
20
[0.0788824]
21
[0.20287068]
22
[0.168046]
23
[0.11579952]
24
[0.13598388]
25
[0.08958058]
26
[0.20800047]
27
[0.14261521]
28
[0.10048648]
29
[0.11569559]
30
[0.05773845]
31
[0.07355416]
32
[0.11752461]
33
[0.14755719]
34
[0.09891139]
35
[0.08245226]
36
[0.17835416]
37
[0.16954662]
38
[0.087974]
39
[0.12400979]
40
[0.09209255]
41
[0.09926302]
42
[0.11470449]
43
[0.12775031]
44
[0.080745]
45
[0.15350041]
46
[0.08478884]
47
[0.12403728]
48
[0.12846009]
49
[0.08909067]
50
[0.10960799]
51
[0.17188564]
52
[0.09451167]
53
[0.07516094]
54
[0.1406002]
55
[0.20777885]
56
[0.08180422]
57
[0.12987216]
58
[0.0780729]
59
[0.1714222]
60
[0.21746013]
61
[0.09927888]
62
[0.07766076]
63
[0.10172277]
64
[0.15376402]
65
[0.08338692]
66
[0.10467199]
67
[0.07120865]
68
[0.14382072]
69
[0.08049897]
70
[0.08729847]
71
[0.11463454]
72
[0.09148322]
73
[0.08487406]
74
[0.094405]
75
[0.15790175]
76
[0.14910281]
77
[0.15155241]
78
[0.07872529]
79
[0.07311956]
80
[0.10086957]
81
[0.15723421]
82
[0.20767964]
83
[0.13143109]
84
[0.07604401]
85
[0.21317781]
86
[0.07734362]
87
[0.06961561]
88
[0.08939833]
89
[0.19175673]
90
[0.18490743]
91
[0.16931878]
92
[0.07389791]
93
[0.07373017]
94
[0.08194359]
95
[0.16594218]
96
[0.17138757]
97
[0.10880606]
98
[0.07512794]
99
[0.21599416]
100
[0.10223884]
101
[0.12820668]
102
[0.08437701]
103
[0.06929402]
104
[0.08915744]
105
[0.12723437]
106
[0.10201488]
107
[0.10620222]
108
[0.20722256]
109
[0.09716229]
110
[0.09073601]
111
[0.07818808]
112
[0.08100207]
113
[0.17858056]
114
[0.18922525]
115
[0.07080721]
116
[0.16826053]
117
[0.13219931]
118
[0.0716653]
119
[0.08768422]
120
[0.08019812]
121
[0.08625376]
122
[0.09755724]
123
[0.08614035]
124
[0.10713652]
125
[0.21620632]
126
[0.18002208]
127
[0.10819093]
128
[0.13244225]
129
[0.17110848]
130
[0.08846977]
131
[0.14158711]
132
[0.19052729]
133
[0.08100996]
134
[0.14484042]
135
[0.08005908]
136
[0.11809703]
137
[0.13171695]
138
[0.0978011]
139
[0.12895863]
140
[0.12220689]
141
[0.09703266]
142
[0.07985891]
143
[0.08876342]
144
[0.13295919]
145
[0.1256452]
146
[0.20142647]
147
[0.09898933]
148
[0.09416269]
149
[0.10357501]
150
[0.09073785]
151
[0.09702859]
152
[0.15997741]
153
[0.14205947]
154
[0.11261162]
155
[0.12904155]
156
[0.10192732]
157
[0.15830901]
158
[0.07079847]
159
[0.11012034]
160
[0.21276394]
161
[0.1625532]
162
[0.2073153]
163
[0.09844593]
164
[0.12647858]
165
[0.09241103]
166
[0.08902618]
167
[0.18383408]
168
[0.15910865]
169
[0.08368582]
170
[0.08579967]
171
[0.1620973]
172
[0.1219231]
173
[0.07187803]
174
[0.14475637]
175
[0.09051456]
176
[0.1048264]
177
[0.09695243]
178
[0.09571007]
179
[0.08863982]
180
[0.0812678]
181
[0.11253742]
182
[0.14314435]
183
[0.11146285]
184
[0.16681849]
185
[0.13119875]
186
[0.17974299]
187
[0.15697631]
188
[0.14325226]
189
[0.14199229]
190
[0.07217074]
191
[0.10426947]
192
[0.12860912]
193
[0.11432428]
194
[0.07949946]
195
[0.19644105]
196
[0.08079514]
197
[0.15469027]
198
[0.08011158]
199
[0.06123055]
200
[0.16052448]
201
[0.20793706]
202
[0.0911505]
203
[0.20769399]
204
[0.12129242]
205
[0.08461874]
206
[0.10880788]
207
[0.07292602]
208
[0.11120915]
209
[0.11595647]
210
[0.20838355]
211
[0.14059269]
212
[0.09115453]
213
[0.10244664]
214
[0.09355036]
215
[0.1122927]
216
[0.09295412]
217
[0.11357334]
218
[0.09879189]
219
[0.07220145]
220
[0.09028386]
221
[0.0949038]
222
[0.14921012]
223
[0.08782905]
224
[0.09326491]
225
[0.11372115]
226
[0.1437894]
227
[0.10492834]
228
[0.11420761]
229
[0.08092102]
230
[0.08478739]
231
[0.16957782]
232
[0.09252661]
233
[0.11577795]
234
[0.14985722]
235
[0.12126019]
236
[0.10548351]
237
[0.13333651]
238
[0.11874178]
239
[0.17192244]
240
[0.12309235]
241
[0.21143558]
242
[0.07801827]
243
[0.18627414]
244
[0.13084458]
245
[0.0815647]
246
[0.08152954]
247
[0.12301351]
248
[0.13466508]
249
[0.20965914]
250
[0.15262741]
251
[0.09002645]
252
[0.08903932]
253
[0.09300078]
254
[0.07403095]
255
[0.18711738]
256
[0.10757389]
257
[0.18643385]
258
[0.11830624]
259
[0.20606523]
260
[0.10529945]
261
[0.0865813]
262
[0.12788]
263
[0.09462018]
264
[0.12622196]
265
[0.21164195]
266
[0.10484776]
267
[0.18776464]
268
[0.11832479]
269
[0.18563004]
270
[0.07723127]
271
[0.07925926]
272
[0.07895503]
273
[0.07302292]
274
[0.2073981]
275
[0.09263963]
276
[0.10035259]
277
[0.17053503]
278
[0.08695474]
279
[0.09430867]
280
[0.1244642]
281
[0.09272179]
282
[0.15912425]
283
[0.09348178]
284
[0.13765027]
285
[0.10523341]
286
[0.11484341]
287
[0.06287073]
288
[0.14362386]
289
[0.07056335]
290
[0.148386]
291
[0.08334227]
292
[0.08416678]
293
[0.19215274]
294
[0.10718822]
295
[0.17364527]
296
[0.08330407]
297
[0.12565586]
298
[0.08012038]
299
[0.11390423]
300
[0.08883113]
301
[0.19916385]
302
[0.1116872]
303
[0.08961379]
304
[0.06930757]
305
[0.10261695]
306
[0.08729708]
307
[0.0990848]
308
[0.12554174]
309
[0.21719326]
310
[0.08921295]
311
[0.10865336]
312
[0.17613808]
313
[0.10256154]
314
[0.10314465]
315
[0.06993026]
316
[0.15168864]
317
[0.11579744]
318
[0.17418199]
319
[0.11392849]
320
[0.18728013]
321
[0.13150461]
322
[0.1439462]
323
[0.11176323]
324
[0.09670539]
325
[0.07940043]
326
[0.12666595]
327
[0.20387392]
328
[0.16092889]
329
[0.14584146]
330
[0.10069752]
331
[0.08567447]
332
[0.15424805]
333
[0.1258125]
334
[0.08177253]
335
[0.09225866]
336
[0.08155168]
337
[0.20848314]
338
[0.08496455]
339
[0.10990249]
340
[0.16582031]
341
[0.05788376]
342
[0.08220495]
343
[0.10026866]
344
[0.13217498]
345
[0.07206341]
346
[0.13821756]
347
[0.1097691]
348
[0.12316947]
349
[0.1815791]
350
[0.13266511]
351
[0.21433127]
352
[0.09887673]
353
[0.20529472]
354
[0.10224018]
355
[0.16415704]
356
[0.1743433]
357
[0.09565443]
358
[0.13977851]
359
[0.11608341]
360
[0.09733839]
361
[0.07833213]
362
[0.08066536]
363
[0.10962486]
364
[0.12107148]
365
[0.1558009]
366
[0.1324802]
367
[0.10797765]
368
[0.11564855]
369
[0.10788387]
370
[0.07976814]
371
[0.17534042]
372
[0.10179272]
373
[0.10878257]
374
[0.08565995]
375
[0.11563878]
376
[0.07543954]
377
[0.14073462]
378
[0.12841025]
379
[0.13470377]
380
[0.09936332]
381
[0.2073118]
382
[0.08572771]
383
[0.1108045]
384
[0.07092982]
385
[0.10162068]
386
[0.11511722]
387
[0.18244187]
388
[0.16224929]
389
[0.14649457]
390
[0.09454326]
391
[0.13730538]
392
[0.11605447]
393
[0.13596518]
394
[0.08680637]
395
[0.0840216]
396
[0.09266012]
397
[0.18492024]
398
[0.17896768]
399
[0.16774121]
400
[0.10025051]
401
[0.0918686]
402
[0.07558466]
403
[0.08805391]
404
[0.16542658]
405
[0.16187359]
406
[0.10804368]
407
[0.12625548]
408
[0.083534]
409
[0.21673837]
410
[0.18206084]
411
[0.21458915]
412
[0.09354487]
413
[0.12367015]
414
[0.09759725]
415
[0.1071801]
416
[0.17022489]
417
[0.17834078]
418
[0.09761891]
419
[0.14870221]
420
[0.07850749]
421
[0.1307973]
422
[0.19924811]
423
[0.08556785]
424
[0.09529618]
425
[0.08912264]
426
[0.1209532]
427
[0.18583293]
428
[0.1392793]
429
[0.15255316]
430
[0.17921007]
431
[0.08547466]
432
[0.09604029]
433
[0.10260846]
434
[0.1216535]
435
[0.14279812]
436
[0.19005892]
437
[0.10225041]
438
[0.19524011]
439
[0.12741453]
440
[0.17300519]
441
[0.15942007]
442
[0.10411767]
443
[0.16047338]
444
[0.20893356]
445
[0.09519883]
446
[0.12322508]
447
[0.08141322]
448
[0.10536716]
449
[0.15506821]
450
[0.17430175]
451
[0.14262855]
452
[0.18947776]
453
[0.19504848]
454
[0.12449169]
455
[0.2092636]
456
[0.08686705]
457
[0.09007583]
458
[0.09355848]
459
[0.12083583]
460
[0.15301279]
461
[0.12264398]
462
[0.10851344]
463
[0.18526146]
464
[0.21696747]
465
[0.15942358]
466
[0.10202572]
467
[0.18469551]
468
[0.09152545]
469
[0.11517418]
470
[0.08267187]
471
[0.1130872]
472
[0.11500314]
473
[0.1781378]
474
[0.09290832]
475
[0.18035659]
476
[0.13911793]
477
[0.08484634]
478
[0.11579964]
479
[0.09794666]
480
[0.1558754]
481
[0.07913846]
482
[0.11662246]
483
[0.09754448]
484
[0.09194974]
485
[0.1332873]
486
[0.1057583]
487
[0.14811118]
488
[0.13579307]
489
[0.09574969]
490
[0.12579102]
491
[0.09190336]
492
[0.21192186]
493
[0.08424831]
494
[0.18963555]
495
[0.16838575]
496
[0.11631782]
497
[0.09202195]
498
[0.11076827]
499
[0.13388147]
500
[0.11937391]
501
[0.157281]
502
[0.10576507]
503
[0.08851815]
504
[0.10419261]
505
[0.14003735]
506
[0.08352461]
507
[0.2004649]
508
[0.12484892]
509
[0.16356937]
510
[0.12169904]
511
[0.10728201]
512
[0.11641095]
513
[0.21622865]
514
[0.09746225]
515
[0.10188725]
516
[0.15870432]
517
[0.08843713]
518
[0.09047856]
519
[0.10605979]
520
[0.09101422]
521
[0.09857403]
522
[0.15009284]
523
[0.123926]
524
[0.11042872]
525
[0.09677861]
526
[0.12399493]
527
[0.18580182]
528
[0.08295692]
529
[0.14086637]
530
[0.14914646]
531
[0.17964464]
532
[0.16689937]
533
[0.07462853]
534
[0.07679988]
535
[0.07855913]
536
[0.09185537]
537
[0.08277452]
538
[0.12148696]
539
[0.11346129]
540
[0.21263388]
541
[0.15450347]
542
[0.09234572]
543
[0.15505089]
544
[0.18655404]
545
[0.18196207]
546
[0.1957371]
547
[0.09256744]
548
[0.07560811]
549
[0.07107657]
550
[0.19962141]
551
[0.07423796]
552
[0.13100673]
553
[0.14191715]
554
[0.18756407]
555
[0.09760036]
556
[0.10372124]
557
[0.19813802]
558
[0.09146719]
559
[0.09696352]
560
[0.16551908]
561
[0.19346254]
562
[0.12705141]
563
[0.16676095]
564
[0.10860279]
565
[0.10499831]
566
[0.15169143]
567
[0.11510611]
568
[0.14708188]
569
[0.16267808]
570
[0.13440937]
571
[0.08830889]
572
[0.09943858]
573
[0.09493713]
574
[0.10498711]
575
[0.07948534]
576
[0.07619146]
577
[0.0891618]
578
[0.06407449]
579
[0.08854632]
580
[0.09813211]
581
[0.07220462]
582
[0.18347081]
583
[0.20016984]
584
[0.09267908]
585
[0.09738163]
586
[0.19117312]
587
[0.08239813]
588
[0.07884874]
589
[0.08502284]
590
[0.14816597]
591
[0.15979837]
592
[0.08173499]
593
[0.08377262]
594
[0.18562826]
595
[0.13323901]
596
[0.11948913]
597
[0.12318883]
598
[0.07841169]
599
[0.08187431]
600
[0.11425181]
601
[0.07034279]
602
[0.12479424]
603
[0.08069001]
604
[0.09820458]
605
[0.10424632]
606
[0.13695395]
607
[0.08594489]
608
[0.14731225]
609
[0.08683718]
610
[0.08707261]
611
[0.16364262]
612
[0.2033505]
613
[0.08821253]
614
[0.19534747]
615
[0.11368873]
616
[0.09989988]
617
[0.17609115]
618
[0.10547051]
619
[0.11089787]
620
[0.09121417]
621
[0.16537401]
622
[0.14407546]
623
[0.06408747]
624
[0.11504973]
625
[0.10607618]
626
[0.0913807]
627
[0.11157845]
628
[0.16960796]
629
[0.11729993]
630
[0.09197377]
631
[0.09429936]
632
[0.08446153]
633
[0.11312232]
634
[0.21494201]
635
[0.08194838]
636
[0.10731052]
637
[0.18409979]
638
[0.09275511]
639
[0.15323463]
640
[0.07890746]
641
[0.13912926]
642
[0.09293831]
643
[0.1404819]
644
[0.12496425]
645
[0.12418405]
646
[0.13898581]
647
[0.15717672]
648
[0.16864297]
649
[0.19189912]
650
[0.11092252]
651
[0.12970659]
652
[0.12837187]
653
[0.07011759]
654
[0.14483025]
655
[0.10115719]
656
[0.11112135]
657
[0.07299026]
658
[0.20937972]
659
[0.11174151]
660
[0.15513809]
661
[0.08270842]
662
[0.13064524]
663
[0.1057344]
664
[0.2083697]
665
[0.20608221]
666
[0.14241784]
667
[0.07769409]
668
[0.12564814]
669
[0.12887846]
670
[0.11679569]
671
[0.10180926]
672
[0.12794411]
673
[0.11437064]
674
[0.09975645]
675
[0.08699425]
676
[0.09974044]
677
[0.14559501]
678
[0.15524874]
679
[0.10027682]
680
[0.09220671]
681
[0.08581019]
682
[0.19451661]
683
[0.16385227]
684
[0.0756551]
685
[0.0830624]
686
[0.1298945]
687
[0.11270596]
688
[0.09162586]
689
[0.2042099]
690
[0.08843262]
691
[0.19232706]
692
[0.15686688]
693
[0.08381396]
694
[0.11023992]
695
[0.21468689]
696
[0.17836941]
697
[0.15969223]
698
[0.08145106]
699
[0.13624201]
700
[0.07688775]
701
[0.10993211]
702
[0.08635849]
703
[0.09866947]
704
[0.08986601]
705
[0.18936542]
706
[0.1273596]
707
[0.11265883]
708
[0.11926457]
709
[0.08665562]
710
[0.18601462]
711
[0.12310639]
712
[0.14692608]
713
[0.06953806]
714
[0.08427841]
715
[0.16892703]
716
[0.12518173]
717
[0.09576499]
718
[0.08648011]
719
[0.10106198]
720
[0.09462495]
721
[0.08123729]
722
[0.13488957]
723
[0.21286682]
724
[0.06926616]
725
[0.20169316]
726
[0.21327666]
727
[0.10083157]
728
[0.21310412]
729
[0.18468618]
730
[0.09723723]
731
[0.11907386]
732
[0.06873453]
733
[0.14946693]
734
[0.09071814]
735
[0.08627569]
736
[0.08794501]
737
[0.14884332]
738
[0.16935517]
739
[0.10274481]
740
[0.09789128]
741
[0.11045284]
742
[0.1711524]
743
[0.19959093]
744
[0.11688193]
745
[0.10123135]
746
[0.06940765]
747
[0.09437025]
748
[0.21004441]
749
[0.0819365]
750
[0.11951403]
751
[0.10138033]
752
[0.12991893]
753
[0.10980966]
754
[0.07919616]
755
[0.10442369]
756
[0.12893277]
757
[0.06432297]
758
[0.09164358]
759
[0.1054073]
760
[0.21423408]
761
[0.16601253]
762
[0.11418364]
763
[0.08896702]
764
[0.08921297]
765
[0.20255477]
766
[0.07888724]
767
[0.1554674]
768
[0.15727462]
769
[0.16458892]
770
[0.1985659]
771
[0.10817773]
772
[0.09115275]
773
[0.11483765]
774
[0.11807271]
775
[0.08807737]
776
[0.08200895]
777
[0.11667534]
778
[0.13497663]
779
[0.1954587]
780
[0.08330643]
781
[0.13569101]
782
[0.09852326]
783
[0.07522741]
784
[0.17349819]
785
[0.14291876]
786
[0.1376462]
787
[0.1633619]
788
[0.08375851]
789
[0.17000536]
790
[0.09685782]
791
[0.10700928]
792
[0.10581814]
793
[0.18161549]
794
[0.08947506]
795
[0.11889198]
796
[0.08908513]
797
[0.11791623]
798
[0.18465631]
799
[0.12370155]
800
[0.10070189]
801
[0.1300655]
802
[0.099053]
803
[0.12421667]
804
[0.07842253]
805
[0.14273767]
806
[0.1724551]
807
[0.08883641]
808
[0.09011491]
809
[0.09100268]
810
[0.16629532]
811
[0.07733421]
812
[0.09374249]
813
[0.07192492]
814
[0.14660848]
815
[0.14246872]
816
[0.16032499]
817
[0.12239471]
818
[0.13949958]
819
[0.13984251]
820
[0.12881707]
821
[0.08430666]
822
[0.0945424]
823
[0.10586315]
824
[0.15186194]
825
[0.13288172]
826
[0.14940944]
827
[0.09325638]
828
[0.2012978]
829
[0.14541114]
830
[0.19352453]
831
[0.12524816]
832
[0.07944804]
833
[0.10551127]
834
[0.18840743]
835
[0.10222168]
836
[0.16990996]
837
[0.07836511]
838
[0.21160437]
839
[0.08999496]
840
[0.07290563]
841
[0.09654204]
842
[0.17767247]
843
[0.19525129]
844
[0.11912505]
845
[0.07344656]
846
[0.12678206]
847
[0.20201397]
848
[0.10736236]
849
[0.12676167]
850
[0.15042624]
851
[0.10673827]
852
[0.20345581]
853
[0.09542266]
854
[0.13362721]
855
[0.08005874]
856
[0.12708259]
857
[0.11268128]
858
[0.15549686]
859
[0.09602923]
860
[0.0756098]
861
[0.14686278]
862
[0.09696317]
863
[0.09470327]
864
[0.09405582]
865
[0.1591388]
866
[0.13218942]
867
[0.14311715]
868
[0.13921724]
869
[0.1864247]
870
[0.14994583]
871
[0.15231179]
872
[0.12629811]
873
[0.09659771]
874
[0.17195448]
875
[0.08243682]
876
[0.1218636]
877
[0.14379784]
878
[0.07906415]
879
[0.1343418]
880
[0.20503801]
881
[0.0986116]
882
[0.14899365]
883
[0.20147691]
884
[0.09704296]
885
[0.1366994]
886
[0.10783533]
887
[0.20103521]
888
[0.12304445]
889
[0.09759932]
890
[0.08252508]
891
[0.13923049]
892
[0.07634535]
893
[0.08973596]
894
[0.18651813]
895
[0.16288598]
896
[0.2067956]
897
[0.16125347]
898
[0.12824482]
899
[0.17545364]
900
[0.07904728]
901
[0.07851765]
902
[0.08946766]
903
[0.07023661]
904
[0.07451435]
905
[0.11737209]
906
[0.19547728]
907
[0.11796878]
908
[0.08918598]
909
[0.09441973]
910
[0.13188998]
911
[0.09209473]
912
[0.12427678]
913
[0.11422038]
914
[0.07654823]
915
[0.12560828]
916
[0.11846873]
917
[0.12347087]
918
[0.08246536]
919
[0.07897355]
920
[0.09588472]
921
[0.08390014]
922
[0.0777899]
923
[0.12449026]
924
[0.09123615]
925
[0.15277184]
926
[0.12381449]
927
[0.10881138]
928
[0.09843316]
929
[0.11382743]
930
[0.11334165]
931
[0.14753074]
932
[0.16891864]
933
[0.17959243]
934
[0.10518371]
935
[0.10054844]
936
[0.08532399]
937
[0.06994495]
938
[0.15382187]
939
[0.12052855]
940
[0.09961807]
941
[0.08539825]
942
[0.18106771]
943
[0.07938122]
944
[0.13012459]
945
[0.08452454]
946
[0.10126195]
947
[0.14410873]
948
[0.07322164]
949
[0.12389604]
950
[0.13877017]
951
[0.09343806]
952
[0.17679068]
953
[0.07728571]
954
[0.14921034]
955
[0.06929863]
956
[0.11442513]
957
[0.11267206]
958
[0.09326126]
959
[0.17992882]
960
[0.09500833]
961
[0.08781127]
962
[0.12814924]
963
[0.08700957]
964
[0.07360521]
965
[0.08193478]
966
[0.08631402]
967
[0.20616409]
968
[0.10509647]
969
[0.11384758]
970
[0.07062648]
971
[0.13170916]
972
[0.18715739]
973
[0.16349941]
974
[0.12210743]
975
[0.07904762]
976
[0.20424999]
977
[0.17801999]
978
[0.13290316]
979
[0.1376735]
980
[0.0884062]
981
[0.11599998]
982
[0.10032436]
983
[0.18277317]
984
[0.07816878]
985
[0.21381435]
986
[0.09868578]
987
[0.07156225]
988
[0.19536603]
989
[0.2148059]
990
[0.1528531]
991
[0.2141374]
992
[0.11584748]
993
[0.07392037]
994
[0.18142626]
995
[0.07328852]
996
[0.10764305]
997
[0.1287296]
998
[0.20405839]
999
[0.11902988]
1000
[0.11127616]
1001
[0.07951356]
1002
[0.08277638]
1003
[0.18298242]
1004
[0.2050958]
1005
[0.11182716]
1006
[0.11859545]
1007
[0.11473187]
1008
[0.15982117]
1009
[0.1651505]
1010
[0.19392736]
1011
[0.15141695]
1012
[0.09811736]
1013
[0.0951972]
1014
[0.10679908]
1015
[0.17232783]
1016
[0.14737269]
1017
[0.07080523]
1018
[0.10650416]
1019
[0.17705031]
1020
[0.09497124]
1021
[0.11139714]
1022
[0.12446171]
1023
[0.19408431]
1024
[0.13897345]
1025
[0.15195695]
1026
[0.17476577]
1027
[0.12747944]
1028
[0.1780976]
1029
[0.12539428]
1030
[0.09943941]
1031
[0.20284311]
1032
[0.09515123]
1033
[0.12369865]
1034
[0.12522123]
1035
[0.10468034]
1036
[0.16496847]
1037
[0.16627428]
1038
[0.08837102]
1039
[0.12865963]
1040
[0.13035503]
1041
[0.20792454]
1042
[0.10117688]
1043
[0.09958868]
1044
[0.13871482]
1045
[0.1744935]
1046
[0.14881391]
1047
[0.13536384]
1048
[0.13470988]
1049
[0.19837148]
1050
[0.10892641]
1051
[0.08080011]
1052
[0.13255897]
1053
[0.09429733]
1054
[0.21242358]
1055
[0.08091655]
1056
[0.15500432]
1057
[0.15465071]
1058
[0.12063504]
1059
[0.07984574]
1060
[0.07914822]
1061
[0.10441747]
1062
[0.19371069]
1063
[0.10312429]
1064
[0.11266309]
1065
[0.06964408]
1066
[0.09711814]
1067
[0.18003131]
1068
[0.19020622]
1069
[0.16813993]
1070
[0.12035409]
1071
[0.10356557]
1072
[0.12429292]
1073
[0.10546621]
1074
[0.09463365]
1075
[0.13375712]
1076
[0.08172041]
1077
[0.09636874]
1078
[0.09988795]
1079
[0.10435087]
1080
[0.0790914]
1081
[0.14785348]
1082
[0.10188577]
1083
[0.15894666]
1084
[0.09012592]
1085
[0.11232203]
1086
[0.16677589]
1087
[0.08494565]
1088
[0.08018175]
1089
[0.08496794]
1090
[0.08908432]
1091
[0.08080069]
1092
[0.14788619]
1093
[0.1600803]
1094
[0.08696464]
1095
[0.20704407]
1096
[0.14143233]
1097
[0.106256]
1098
[0.09620853]
1099
[0.17823044]
1100
[0.2023338]
1101
[0.07684838]
1102
[0.15906073]
1103
[0.12270769]
1104
[0.21605278]
1105
[0.08245569]
1106
[0.17334552]
1107
[0.13307061]
1108
[0.10741917]
1109
[0.14836436]
1110
[0.08181953]
1111
[0.1033328]
1112
[0.08627414]
1113
[0.09962588]
1114
[0.09352527]
1115
[0.09303848]
1116
[0.1055684]
1117
[0.06918536]
1118
[0.16570559]
1119
[0.11391928]
1120
[0.1744268]
1121
[0.08241535]
1122
[0.21370065]
1123
[0.11271208]
1124
[0.07881958]
1125
[0.12899778]
1126
[0.09292259]
1127
[0.0998]
1128
[0.20452569]
1129
[0.07845717]
1130
[0.14459047]
1131
[0.15752697]
1132
[0.16518229]
1133
[0.08990034]
1134
[0.12855755]
1135
[0.18664905]
1136
[0.17060609]
1137
[0.20365866]
1138
[0.08539627]
1139
[0.12869566]
1140
[0.18061216]
1141
[0.13621054]
1142
[0.10236435]
1143
[0.07986608]
1144
[0.10770813]
1145
[0.14488664]
1146
[0.08330509]
1147
[0.15176195]
1148
[0.13451653]
1149
[0.09555409]
1150
[0.14019284]
1151
[0.12129688]
1152
[0.12592543]
1153
[0.13067536]
1154
[0.20485064]
1155
[0.09548604]
1156
[0.18801461]
1157
[0.07302327]
1158
[0.16503766]
1159
[0.0724905]
1160
[0.09375711]
1161
[0.13855027]
1162
[0.12558346]
1163
[0.09166259]
1164
[0.17657456]
1165
[0.1823178]
1166
[0.19710554]
1167
[0.10566999]
1168
[0.2066991]
1169
[0.10068012]
1170
[0.09922646]
1171
[0.09886807]
1172
[0.14314263]
1173
[0.20257351]
1174
[0.07600313]
1175
[0.11413016]
1176
[0.1305057]
1177
[0.17766502]
1178
[0.20616004]
1179
[0.10842909]
1180
[0.08208673]
1181
[0.2040831]
1182
[0.07149727]
1183
[0.14532424]
1184
[0.17696335]
1185
[0.07134265]
1186
[0.14991521]
1187
[0.17304167]
1188
[0.20687881]
1189
[0.08626506]
1190
[0.08645727]
1191
[0.09576985]
1192
[0.08924559]
1193
[0.15652677]
1194
[0.12750976]
1195
[0.12903448]
1196
[0.07723787]
1197
[0.17837652]
1198
[0.16729197]
1199
[0.1191133]
1200
[0.09880116]
1201
[0.08527882]
1202
[0.10456858]
1203
[0.1995107]
1204
[0.18582089]
1205
[0.17074388]
1206
[0.17299985]
1207
[0.14925388]
1208
[0.08553544]
1209
[0.12222247]
1210
[0.13893731]
1211
[0.10449976]
1212
[0.18092751]
1213
[0.13128775]
1214
[0.19921825]
1215
[0.09177197]
1216
[0.17323024]
1217
[0.20183013]
1218
[0.15015321]
1219
[0.19842745]
1220
[0.16945897]
1221
[0.17351088]
1222
[0.12197432]
1223
[0.21092959]
1224
[0.14024689]
1225
[0.1582813]
1226
[0.09837174]
1227
[0.08093227]
1228
[0.18483985]
1229
[0.21756509]
1230
[0.12308892]
1231
[0.09478496]
1232
[0.20439144]
1233
[0.21730822]
1234
[0.11438891]
1235
[0.20226245]
1236
[0.10239929]
1237
[0.20697105]
1238
[0.13878811]
1239
[0.21136657]
1240
[0.18972792]
1241
[0.09248468]
1242
[0.13110062]
1243
[0.09169573]
1244
[0.13621458]
1245
[0.08485325]
1246
[0.19010374]
1247
[0.0623322]
1248
[0.11136704]
1249
[0.086865]
1250
[0.19329715]
1251
[0.12723695]
1252
[0.16972644]
1253
[0.07928712]
1254
[0.1817863]
1255
[0.11883701]
1256
[0.21278069]
1257
[0.07626265]
1258
[0.16057916]
1259
[0.0826188]
1260
[0.21686597]
1261
[0.10422492]
1262
[0.12143546]
1263
[0.10072282]
1264
[0.11403363]
1265
[0.09104024]
1266
[0.16424578]
1267
[0.1271456]
1268
[0.09046257]
1269
[0.11955035]
1270
[0.07544459]
1271
[0.10636736]
1272
[0.17278449]
1273
[0.10155643]
1274
[0.17158399]
1275
[0.0897088]
1276
[0.09335311]
1277
[0.14028383]
1278
[0.20252519]
1279
[0.11649109]
1280
[0.11062858]
1281
[0.10545168]
1282
[0.08557314]
1283
[0.09509255]
1284
[0.13597284]
1285
[0.1000867]
1286
[0.06876259]
1287
[0.08678289]
1288
[0.08344986]
1289
[0.12900613]
1290
[0.21756579]
1291
[0.20951192]
1292
[0.13157451]
1293
[0.20693546]
1294
[0.19355839]
1295
[0.17320221]
1296
[0.10437186]
1297
[0.14186017]
1298
[0.09658545]
1299
[0.12875627]
1300
[0.21039368]
1301
[0.08160059]
1302
[0.19629594]
1303
[0.0848145]
1304
[0.14814838]
1305
[0.17310195]
1306
[0.08110874]
1307
[0.12754251]
1308
[0.14683892]
1309
[0.17048562]
1310
[0.07984743]
1311
[0.11164434]
1312
[0.09154436]
1313
[0.06389339]
1314
[0.2079845]
1315
[0.0829339]
1316
[0.10725871]
1317
[0.18340423]
1318
[0.08563839]
1319
[0.20982502]
1320
[0.21453869]
1321
[0.10021646]
1322
[0.13190828]
1323
[0.08467387]
1324
[0.10661422]
1325
[0.12143669]
1326
[0.13917264]
1327
[0.19712504]
1328
[0.1643406]
1329
[0.1646761]
1330
[0.17862364]
1331
[0.15624047]
1332
[0.09272951]
1333
[0.14588522]
1334
[0.09361136]
1335
[0.0898822]
1336
[0.10175231]
1337
[0.10100851]
1338
[0.08396648]
1339
[0.15600046]
1340
[0.16630248]
1341
[0.11841758]
1342
[0.08924766]
1343
[0.13642738]
1344
[0.13676209]
1345
[0.153795]
1346
[0.21767206]
1347
[0.09876965]
1348
[0.10375569]
1349
[0.08431373]
1350
[0.15971173]
1351
[0.08225216]
1352
[0.18737146]
1353
[0.1715301]
1354
[0.10009061]
1355
[0.08008271]
1356
[0.07899552]
1357
[0.09231524]
1358
[0.09455289]
1359
[0.10000065]
1360
[0.08592575]
1361
[0.10731849]
1362
[0.14331039]
1363
[0.12172994]
1364
[0.07993713]
1365
[0.14978873]
1366
[0.16246104]
1367
[0.15638408]
1368
[0.09748869]
1369
[0.104549]
1370
[0.1067298]
1371
[0.11363678]
1372
[0.07258984]
1373
[0.13556786]
1374
[0.16346474]
1375
[0.07952336]
1376
[0.12027301]
1377
[0.18347798]
1378
[0.20626117]
1379
[0.10365071]
1380
[0.11480229]
1381
[0.18053753]
1382
[0.13996847]
1383
[0.13311158]
1384
[0.18119973]
1385
[0.21651684]
1386
[0.09495541]
1387
[0.12417637]
1388
[0.09027755]
1389
[0.11509982]
1390
[0.10576824]
1391
[0.13730841]
1392
[0.13620276]
1393
[0.16640492]
1394
[0.09387098]
1395
[0.20897654]
1396
[0.07154355]
1397
[0.19153578]
1398
[0.0944584]
1399
[0.0819699]
1400
[0.11668701]
1401
[0.09734247]
1402
[0.15828386]
1403
[0.16913954]
1404
[0.0818659]
1405
[0.13592443]
1406
[0.18742307]
1407
[0.09045527]
1408
[0.18108287]
1409
[0.0876481]
1410
[0.12086055]
1411
[0.104694]
1412
[0.06108577]
1413
[0.21714716]
1414
[0.14025172]
1415
[0.10583606]
1416
[0.11504127]
1417
[0.14523356]
1418
[0.19563368]
1419
[0.10013284]
1420
[0.11020173]
1421
[0.11264093]
1422
[0.17331233]
1423
[0.21001935]
1424
[0.09989418]
1425
[0.11449294]
1426
[0.12373402]
1427
[0.12604252]
1428
[0.15315534]
1429
[0.16366346]
1430
[0.13811462]
1431
[0.15425706]
1432
[0.08118017]
1433
[0.18333204]
1434
[0.14904914]
1435
[0.08723197]
1436
[0.09467027]
1437
[0.0962309]
1438
[0.13304512]
1439
[0.08085719]
1440
[0.07295156]
1441
[0.18083332]
1442
[0.08959399]
1443
[0.13356755]
1444
[0.08864773]
1445
[0.08580033]
1446
[0.17019759]
1447
[0.17207538]
1448
[0.14166184]
1449
[0.08386115]
1450
[0.12165312]
1451
[0.20355044]
1452
[0.07213655]
1453
[0.08692592]
1454
[0.12936436]
1455
[0.14440305]
1456
[0.08405474]
1457
[0.20605664]
1458
[0.20385346]
1459
[0.09094179]
1460
[0.20046184]
1461
[0.09651552]
1462
[0.10455463]
1463
[0.17792748]
1464
[0.15551073]
1465
[0.19181955]
1466
[0.18295282]
1467
[0.07876701]
1468
[0.06819664]
1469
[0.14536243]
1470
[0.10245575]
1471
[0.14948222]
1472
[0.12787974]
1473
[0.17899179]
1474
[0.10146815]
1475
[0.08698304]
1476
[0.07101186]
1477
[0.12117701]
1478
[0.07892811]
1479
[0.09768166]
1480
[0.11672223]
1481
[0.10545306]
1482
[0.10229352]
1483
[0.0762964]
1484
[0.07518762]
1485
[0.10845378]
1486
[0.147744]
1487
[0.16865467]
1488
[0.18376174]
1489
[0.08173743]
1490
[0.18230287]
1491
[0.09879857]
1492
[0.10552191]
1493
[0.20186864]
1494
[0.15002151]
1495
[0.18569962]
1496
[0.21128851]
1497
[0.13866474]
1498
[0.08412196]
1499
[0.10858403]
1500
[0.1004089]
1501
[0.20604594]
1502
[0.20268305]
1503
[0.0783259]
1504
[0.12326854]
1505
[0.11281345]
1506
[0.08619732]
1507
[0.08039598]
1508
[0.1464794]
1509
[0.16142088]
1510
[0.08806633]
1511
[0.08836004]
1512
[0.16868293]
1513
[0.14667017]
1514
[0.07585478]
1515
[0.2021276]
1516
[0.1907462]
1517
[0.11801081]
1518
[0.12964658]
1519
[0.09036551]
1520
[0.08657995]
1521
[0.10217975]
1522
[0.0913866]
1523
[0.11251675]
1524
[0.09475815]
1525
[0.12406261]
1526
[0.13872154]
1527
[0.11349381]
1528
[0.16304911]
1529
[0.17613537]
1530
[0.13588915]
1531
[0.07059226]
1532
[0.12531406]
1533
[0.15972857]
1534
[0.16196633]
1535
[0.14639194]
1536
[0.10414268]
1537
[0.14121331]
1538
[0.07959042]
1539
[0.11444398]
1540
[0.13354848]
1541
[0.21125189]
1542
[0.15859142]
1543
[0.16911606]
1544
[0.08222554]
1545
[0.10282955]
1546
[0.10634486]
1547
[0.16691651]
1548
[0.09191608]
1549
[0.12870996]
1550
[0.20201571]
1551
[0.13967373]
1552
[0.12200902]
1553
[0.17905266]
1554
[0.09568945]
1555
[0.13973599]
1556
[0.11805836]
1557
[0.09460047]
1558
[0.19119299]
1559
[0.14831]
1560
[0.2110946]
1561
[0.16051785]
1562
[0.09371753]
1563
[0.19034893]
1564
[0.0893333]
1565
[0.15445269]
1566
[0.11870707]
1567
[0.15530124]
1568
[0.11375784]
1569
[0.12552502]
1570
[0.08110212]
1571
[0.20434892]
1572
[0.21289376]
1573
[0.09828992]
1574
[0.10291806]
1575
[0.11573063]
1576
[0.1817939]
1577
[0.09172497]
1578
[0.07902099]
1579
[0.10353946]
1580
[0.18303661]
1581
[0.12313463]
1582
[0.12929676]
1583
[0.11793519]
1584
[0.19058306]
1585
[0.15739681]
1586
[0.15995952]
1587
[0.19246713]
1588
[0.15003775]
1589
[0.18863084]
1590
[0.08123378]
1591
[0.14550999]
1592
[0.20911811]
1593
[0.12135009]
1594
[0.14469646]
1595
[0.0948707]
1596
[0.11506533]
1597
[0.05855546]
1598
[0.08349051]
1599
[0.13791874]
1600
[0.17801356]
1601
[0.15465385]
1602
[0.13550888]
1603
[0.13244577]
1604
[0.09480562]
1605
[0.08033695]
1606
[0.0782742]
1607
[0.0873641]
1608
[0.08941613]
1609
[0.11719646]
1610
[0.08960674]
1611
[0.11087114]
1612
[0.08222496]
1613
[0.12002561]
1614
[0.1542967]
1615
[0.15767611]
1616
[0.14810832]
1617
[0.14489599]
1618
[0.12754741]
1619
[0.17995416]
1620
[0.13008948]
1621
[0.15011697]
1622
[0.18810365]
1623
[0.07908341]
1624
[0.1770941]
1625
[0.07128722]
1626
[0.13626749]
1627
[0.14129858]
1628
[0.16485089]
1629
[0.16893305]
1630
[0.13306892]
1631
[0.20345155]
1632
[0.15653183]
1633
[0.11313394]
1634
[0.09306667]
1635
[0.15520141]
1636
[0.07342408]
1637
[0.08609817]
1638
[0.16525624]
1639
[0.07921705]
1640
[0.07518749]
1641
[0.07308254]
1642
[0.11008555]
1643
[0.14868173]
1644
[0.18052899]
1645
[0.11815766]
1646
[0.21677563]
1647
[0.13653608]
1648
[0.10951344]
1649
[0.09925477]
1650
[0.12316057]
1651
[0.20433162]
1652
[0.07870406]
1653
[0.18476427]
1654
[0.11887286]
1655
[0.08152547]
1656
[0.13988929]
1657
[0.18939853]
1658
[0.11850844]
1659
[0.09787029]
1660
[0.07841259]
1661
[0.10608992]
1662
[0.11681093]
1663
[0.14752146]
1664
[0.21182806]
1665
[0.07974059]
1666
[0.10403817]
1667
[0.0932253]
1668
[0.12404727]
1669
[0.1478252]
1670
[0.08285249]
1671
[0.08522126]
1672
[0.18287533]
1673
[0.11792615]
1674
[0.09574482]
1675
[0.10622128]
1676
[0.11845671]
1677
[0.12524491]
1678
[0.11757405]
1679
[0.13542478]
1680
[0.19253215]
1681
[0.10970605]
1682
[0.15206412]
1683
[0.16978822]
1684
[0.164704]
1685
[0.1486631]
1686
[0.20680926]
1687
[0.10863069]
1688
[0.10836556]
1689
[0.09733253]
1690
[0.10857508]
1691
[0.17363883]
1692
[0.14660372]
1693
[0.21219404]
1694
[0.09171418]
1695
[0.14076041]
1696
[0.15262575]
1697
[0.10446358]
1698
[0.08398197]
1699
[0.08234115]
1700
[0.1558123]
1701
[0.07160949]
1702
[0.1215044]
1703
[0.17325117]
1704
[0.07565359]
1705
[0.11857604]
1706
[0.08064716]
1707
[0.07229151]
1708
[0.08807046]
1709
[0.1257524]
1710
[0.07825987]
1711
[0.13945264]
1712
[0.18471402]
1713
[0.19304519]
1714
[0.1217766]
1715
[0.07793411]
1716
[0.15606891]
1717
[0.20701851]
1718
[0.16663206]
1719
[0.08904719]
1720
[0.09513949]
1721
[0.11897088]
1722
[0.14574694]
1723
[0.1159097]
1724
[0.18770208]
1725
[0.16001332]
1726
[0.1219276]
1727
[0.20370905]
1728
[0.12494782]
1729
[0.19614847]
1730
[0.10663822]
1731
[0.09508508]
1732
[0.08227974]
1733
[0.08866163]
1734
[0.10040998]
1735
[0.11850573]
1736
[0.09108999]
1737
[0.09858528]
1738
[0.17188928]
1739
[0.13750426]
1740
[0.05642229]
1741
[0.19181778]
1742
[0.14961359]
1743
[0.19987269]
1744
[0.18159575]
1745
[0.0989964]
1746
[0.10030969]
1747
[0.17512559]
1748
[0.09046439]
1749
[0.08494953]
1750
[0.14528571]
1751
[0.19354211]
1752
[0.11679026]
1753
[0.12829689]
1754
[0.07945057]
1755
[0.15686696]
1756
[0.18295473]
1757
[0.08247185]
1758
[0.08923398]
1759
[0.11267168]
1760
[0.11017983]
1761
[0.12742499]
1762
[0.11903011]
1763
[0.13693497]
1764
[0.08978149]
1765
[0.09907332]
1766
[0.10296363]
1767
[0.08284302]
1768
[0.12352064]
1769
[0.11417418]
1770
[0.135314]
1771
[0.10140507]
1772
[0.08561645]
1773
[0.10859602]
1774
[0.17360611]
1775
[0.08163129]
1776
[0.19797281]
1777
[0.11168378]
1778
[0.12434772]
1779
[0.08830578]
1780
[0.07656398]
1781
[0.15469243]
1782
[0.06171048]
1783
[0.1959423]
1784
[0.14699598]
1785
[0.19381426]
1786
[0.18536107]
1787
[0.20859051]
1788
[0.21475783]
1789
[0.10890539]
1790
[0.08156966]
1791
[0.13550669]
1792
[0.17814319]
1793
[0.08342782]
1794
[0.10038215]
1795
[0.18951301]
1796
[0.13347585]
1797
[0.09715285]
1798
[0.09195095]
1799
[0.17019467]
1800
[0.13852871]
1801
[0.20451945]
1802
[0.14614536]
1803
[0.11161041]
1804
[0.12357663]
1805
[0.08907997]
1806
[0.11586745]
1807
[0.09874037]
1808
[0.10490805]
1809
[0.08303927]
1810
[0.18419813]
1811
[0.10787729]
1812
[0.12579136]
1813
[0.08883738]
1814
[0.14652848]
1815
[0.08661269]
1816
[0.1019297]
1817
[0.17153631]
1818
[0.14633768]
1819
[0.18689911]
1820
[0.09438401]
1821
[0.07395076]
1822
[0.1317468]
1823
[0.09576716]
1824
[0.14105061]
1825
[0.14295283]
1826
[0.14335296]
1827
[0.07822394]
1828
[0.16773864]
1829
[0.07930274]
1830
[0.07409126]
1831
[0.15123733]
1832
[0.08752918]
1833
[0.13655087]
1834
[0.1117722]
1835
[0.09173526]
1836
[0.16756373]
1837
[0.11788123]
1838
[0.08804143]
1839
[0.08678844]
1840
[0.09083509]
1841
[0.18985001]
1842
[0.13344913]
1843
[0.1095647]
1844
[0.16906416]
1845
[0.0963991]
1846
[0.08152362]
1847
[0.09740468]
1848
[0.08259559]
1849
[0.09395765]
1850
[0.10055131]
1851
[0.13108682]
1852
[0.05157627]
1853
[0.10831919]
1854
[0.12435692]
1855
[0.17497553]
1856
[0.13077616]
1857
[0.1136636]
1858
[0.18488038]
1859
[0.14559525]
1860
[0.06685921]
1861
[0.11359196]
1862
[0.09895852]
1863
[0.12357115]
1864
[0.10268544]
1865
[0.07868997]
1866
[0.09251101]
1867
[0.15266798]
1868
[0.08119961]
1869
[0.10001145]
1870
[0.08505285]
1871
[0.10330188]
1872
[0.08568544]
1873
[0.14127079]
1874
[0.17017864]
1875
[0.05540238]
1876
[0.08771036]
1877
[0.08569485]
1878
[0.16487123]
1879
[0.17685455]
1880
[0.09446925]
1881
[0.21296858]
1882
[0.10322192]
1883
[0.08417401]
1884
[0.09125303]
1885
[0.09832068]
1886
[0.11339231]
1887
[0.07676781]
1888
[0.15931772]
1889
[0.10802058]
1890
[0.21516563]
1891
[0.08684011]
1892
[0.08314068]
1893
[0.1395748]
1894
[0.12937112]
1895
[0.20494554]
1896
[0.16857206]
1897
[0.08734629]
1898
[0.14883736]
1899
[0.10420006]
1900
[0.09459657]
1901
[0.10763517]
1902
[0.09699043]
1903
[0.12808417]
1904
[0.14387553]
1905
[0.10173851]
1906
[0.130335]
1907
[0.18550164]
1908
[0.13775591]
1909
[0.11285679]
1910
[0.15773384]
1911
[0.14479268]
1912
[0.13478298]
1913
[0.10555475]
1914
[0.11199969]
1915
[0.19772476]
1916
[0.13822671]
1917
[0.15487901]
1918
[0.10495475]
1919
[0.11339104]
1920
[0.14361306]
1921
[0.0770375]
1922
[0.16013396]
1923
[0.13463924]
1924
[0.07930768]
1925
[0.20066897]
1926
[0.16218422]
1927
[0.11699394]
1928
[0.13043957]
1929
[0.16742187]
1930
[0.07981377]
1931
[0.13045592]
1932
[0.16417128]
1933
[0.08859281]
1934
[0.11552654]
1935
[0.09226321]
1936
[0.13230216]
1937
[0.07495941]
1938
[0.07275988]
1939
[0.11211339]
1940
[0.07022405]
1941
[0.21269007]
1942
[0.08704793]
1943
[0.08024417]
1944
[0.0926731]
1945
[0.16309323]
1946
[0.09237433]
1947
[0.12715656]
1948
[0.19119133]
1949
[0.16545548]
1950
[0.1550249]
1951
[0.10304315]
1952
[0.1637714]
1953
[0.10695886]
1954
[0.14092348]
1955
[0.11490789]
1956
[0.08978978]
1957
[0.1776374]
1958
[0.07968653]
1959
[0.16285669]
1960
[0.19192315]
1961
[0.1196206]
1962
[0.14980863]
1963
[0.11531853]
1964
[0.10392178]
1965
[0.07957548]
1966
[0.17295235]
1967
[0.12650715]
1968
[0.21547926]
1969
[0.21668553]
1970
[0.11378628]
1971
[0.08953671]
1972
[0.08955418]
1973
[0.07732196]
1974
[0.09136122]
1975
[0.17413204]
1976
[0.09700263]
1977
[0.09581984]
1978
[0.16053011]
1979
[0.07702329]
1980
[0.0977491]
1981
[0.11516622]
1982
[0.11872339]
1983
[0.13382689]
1984
[0.1193715]
1985
[0.18183669]
1986
[0.09832645]
1987
[0.07581184]
1988
[0.13271794]
1989
[0.20306647]
1990
[0.17345486]
1991
[0.15671258]
1992
[0.10798273]
1993
[0.177069]
1994
[0.08715558]
1995
[0.17198827]
1996
[0.08375127]
1997
[0.11011288]
1998
[0.14521942]
1999
[0.09149239]
2000
[0.15004817]
2001
[0.16832276]
2002
[0.09319281]
2003
[0.1008018]
2004
[0.12238068]
2005
[0.11988234]
2006
[0.09712369]
2007
[0.1973285]
2008
[0.09403478]
2009
[0.08645304]
2010
[0.1419718]
2011
[0.09549932]
2012
[0.0989079]
2013
[0.08108984]
2014
[0.09171236]
2015
[0.08275093]
2016
[0.13384876]
2017
[0.09703349]
2018
[0.14480186]
2019
[0.20514811]
2020
[0.14859941]
2021
[0.19579522]
2022
[0.1079936]
2023
[0.19271364]
2024
[0.18097126]
2025
[0.11643441]
2026
[0.16996945]
2027
[0.16871599]
2028
[0.10590442]
2029
[0.10798634]
2030
[0.16335883]
2031
[0.07552166]
2032
[0.09852668]
2033
[0.12127638]
2034
[0.07254006]
2035
[0.20291398]
2036
[0.10086158]
2037
[0.11373391]
2038
[0.07983147]
2039
[0.13095063]
2040
[0.1505558]
2041
[0.06155381]
2042
[0.07424524]
2043
[0.16140443]
2044
[0.13320107]
2045
[0.1774426]
2046
[0.08812499]
2047
[0.07114983]
2048
[0.08345328]
2049
[0.14181368]
2050
[0.11278745]
2051
[0.07404598]
2052
[0.09933125]
2053
[0.07966513]
2054
[0.10906838]
2055
[0.12959719]
2056
[0.06839512]
2057
[0.19729845]
2058
[0.21411878]
2059
[0.08317659]
2060
[0.17490101]
2061
[0.17065024]
2062
[0.20436947]
2063
[0.08768493]
2064
[0.08416319]
2065
[0.12795682]
2066
[0.08790094]
2067
[0.1029695]
2068
[0.20374972]
2069
[0.13720197]
2070
[0.13247107]
2071
[0.07551342]
2072
[0.16261155]
2073
[0.09764645]
2074
[0.12062518]
2075
[0.11383744]
2076
[0.07280382]
2077
[0.11879483]
2078
[0.11585218]
2079
[0.07654208]
2080
[0.17318041]
2081
[0.08481689]
2082
[0.0845214]
2083
[0.15309133]
2084
[0.0892273]
2085
[0.08169117]
2086
[0.15491425]
2087
[0.10718174]
2088
[0.10927483]
2089
[0.10210613]
2090
[0.09027275]
2091
[0.11677501]
2092
[0.09557805]
2093
[0.11795832]
2094
[0.13051186]
2095
[0.09399277]
2096
[0.10138189]
2097
[0.0851181]
2098
[0.08153979]
2099
[0.07993578]
2100
[0.18404559]
2101
[0.08280097]
2102
[0.18350954]
2103
[0.1103678]
2104
[0.08974306]
2105
[0.13294165]
2106
[0.10333037]
2107
[0.07986194]
2108
[0.10402553]
2109
[0.07324108]
2110
[0.16481726]
2111
[0.09627593]
2112
[0.13348683]
2113
[0.14005206]
2114
[0.13341079]
2115
[0.09601433]
2116
[0.12855842]
2117
[0.21769743]
2118
[0.09850137]
2119
[0.09703905]
2120
[0.14013558]
2121
[0.12279148]
2122
[0.21260011]
2123
[0.12074045]
2124
[0.0953051]
2125
[0.12946625]
2126
[0.13708885]
2127
[0.09346969]
2128
[0.16739966]
2129
[0.11589697]
2130
[0.13556827]
2131
[0.1524182]
2132
[0.1148137]
2133
[0.14878185]
2134
[0.07558204]
2135
[0.12359486]
2136
[0.0952885]
2137
[0.08381717]
2138
[0.07724117]
2139
[0.10514479]
2140
[0.20249636]
2141
[0.08070304]
2142
[0.12386117]
2143
[0.09782247]
2144
[0.12715797]
2145
[0.20520183]
2146
[0.1882447]
2147
[0.09343758]
2148
[0.14252101]
2149
[0.06646731]
2150
[0.14826344]
2151
[0.09183272]
2152
[0.19842168]
2153
[0.08693668]
2154
[0.09094806]
2155
[0.08177261]
2156
[0.08411931]
2157
[0.0988426]
2158
[0.14274598]
2159
[0.09392439]
2160
[0.10961744]
2161
[0.08751081]
2162
[0.15109094]
2163
[0.14058637]
2164
[0.09999173]
2165
[0.13856493]
2166
[0.19194261]
2167
[0.14567235]
2168
[0.1169189]
2169
[0.16275739]
2170
[0.07672372]
2171
[0.14839651]
2172
[0.19653709]
2173
[0.08526705]
2174
[0.07812915]
2175
[0.0877013]
2176
[0.12753426]
2177
[0.09408102]
2178
[0.215931]
2179
[0.10819625]
2180
[0.07498237]
2181
[0.20956889]
2182
[0.11136957]
2183
[0.19614447]
2184
[0.11635022]
2185
[0.09925628]
2186
[0.13835121]
2187
[0.10658782]
2188
[0.07224274]
2189
[0.17262122]
2190
[0.12181198]
2191
[0.13357966]
2192
[0.10574016]
2193
[0.13748601]
2194
[0.21485194]
2195
[0.1879719]
2196
[0.16648953]
2197
[0.12631354]
2198
[0.10812902]
2199
[0.13276361]
2200
[0.19902779]
2201
[0.11292238]
2202
[0.07177288]
2203
[0.1809606]
2204
[0.11453849]
2205
[0.09623795]
2206
[0.1755805]
2207
[0.09548995]
2208
[0.18753497]
2209
[0.13729895]
2210
[0.08518637]
2211
[0.08240489]
2212
[0.12431797]
2213
[0.10256906]
2214
[0.09834463]
2215
[0.1089159]
2216
[0.17522746]
2217
[0.21431725]
2218
[0.09235645]
2219
[0.10342521]
2220
[0.08664243]
2221
[0.05829296]
2222
[0.09146859]
2223
[0.17302951]
2224
[0.09530705]
2225
[0.08887657]
2226
[0.10137511]
2227
[0.13285177]
2228
[0.09531209]
2229
[0.0866633]
2230
[0.20604238]
2231
[0.18306189]
2232
[0.21198363]
2233
[0.17906294]
2234
[0.12999656]
2235
[0.14947942]
2236
[0.08116759]
2237
[0.11932768]
2238
[0.12055274]
2239
[0.09782707]
2240
[0.07554372]
2241
[0.20443948]
2242
[0.16191382]
2243
[0.1393784]
2244
[0.16051211]
2245
[0.12338066]
2246
[0.19808453]
2247
[0.08741018]
2248
[0.17390597]
2249
[0.10972817]
2250
[0.07490958]
2251
[0.13594802]
2252
[0.21065206]
2253
[0.16923136]
2254
[0.13789662]
2255
[0.21473236]
2256
[0.10779368]
2257
[0.07433577]
2258
[0.20362043]
2259
[0.10109836]
2260
[0.17967672]
2261
[0.11304259]
2262
[0.125508]
2263
[0.11407286]
2264
[0.17232423]
2265
[0.08380716]
2266
[0.14066067]
2267
[0.1151314]
2268
[0.10964937]
2269
[0.17789465]
2270
[0.1035203]
2271
[0.20364551]
2272
[0.17144098]
2273
[0.09774916]
2274
[0.082652]
2275
[0.08906749]
2276
[0.15130024]
2277
[0.11024585]
2278
[0.14471408]
2279
[0.18535934]
2280
[0.10441116]
2281
[0.17896421]
2282
[0.10804161]
2283
[0.07943278]
2284
[0.12022126]
2285
[0.09053523]
2286
[0.10897239]
2287
[0.0845696]
2288
[0.18092753]
2289
[0.08817064]
2290
[0.09355014]
2291
[0.13809707]
2292
[0.20709502]
2293
[0.11295855]
2294
[0.19580171]
2295
[0.11385959]
2296
[0.16819131]
2297
[0.11123626]
2298
[0.1969786]
2299
[0.0938557]
2300
[0.1352303]
2301
[0.09806373]
2302
[0.127702]
2303
[0.08277143]
2304
[0.13647541]
2305
[0.1682639]
2306
[0.18313929]
2307
[0.17490702]
2308
[0.18485369]
2309
[0.17443955]
2310
[0.10138076]
2311
[0.10252035]
2312
[0.14529049]
2313
[0.18463743]
2314
[0.08748323]
2315
[0.13943712]
2316
[0.17055971]
2317
[0.17153728]
2318
[0.11544013]
2319
[0.18113752]
2320
[0.12232195]
2321
[0.2096736]
2322
[0.08031983]
2323
[0.09577259]
2324
[0.15939232]
2325
[0.19234456]
2326
[0.10444961]
2327
[0.08342148]
2328
[0.11170352]
2329
[0.07791193]
2330
[0.09819543]
2331
[0.07635887]
2332
[0.11365825]
2333
[0.0767843]
2334
[0.13363631]
2335
[0.15543672]
2336
[0.08024878]
2337
[0.0987664]
2338
[0.06993796]
2339
[0.09911123]
2340
[0.09199842]
2341
[0.17080725]
2342
[0.06922879]
2343
[0.21093796]
2344
[0.17741962]
2345
[0.18756557]
2346
[0.08427798]
2347
[0.1488317]
2348
[0.13578489]
2349
[0.14082828]
2350
[0.15225458]
2351
[0.07804449]
2352
[0.10386108]
2353
[0.06753783]
2354
[0.0714869]
2355
[0.08806423]
2356
[0.12783766]
2357
[0.100388]
2358
[0.10238913]
2359
[0.08702181]
2360
[0.09572816]
2361
[0.11168718]
2362
[0.10550886]
2363
[0.1436895]
2364
[0.16904853]
2365
[0.09264861]
2366
[0.13819896]
2367
[0.15853132]
2368
[0.12802689]
2369
[0.12404466]
2370
[0.08336529]
2371
[0.0579415]
2372
[0.09774806]
2373
[0.11335744]
2374
[0.1213437]
2375
[0.11776093]
2376
[0.13116864]
2377
[0.1896236]
2378
[0.1015852]
2379
[0.10455562]
2380
[0.1246482]
2381
[0.17294971]
2382
[0.0963877]
2383
[0.09498613]
2384
[0.09188685]
2385
[0.12584489]
2386
[0.09639298]
2387
[0.13274045]
2388
[0.1961696]
2389
[0.09332044]
2390
[0.18781349]
2391
[0.07961734]
2392
[0.09445531]
2393
[0.11065067]
2394
[0.20633369]
2395
[0.07513924]
2396
[0.07775754]
2397
[0.14419863]
2398
[0.08686084]
2399
[0.08328676]
2400
[0.10395743]
2401
[0.10361513]
2402
[0.07835393]
2403
[0.07855638]
2404
[0.08480949]
2405
[0.08542082]
2406
[0.18911019]
2407
[0.13049548]
2408
[0.15080103]
2409
[0.08359235]
2410
[0.0705378]
2411
[0.09081324]
2412
[0.13330866]
2413
[0.08771921]
2414
[0.10577728]
2415
[0.12355195]
2416
[0.2023469]
2417
[0.07349908]
2418
[0.09637049]
2419
[0.19569952]
2420
[0.16507988]
2421
[0.09252214]
2422
[0.09279348]
2423
[0.0828724]
2424
[0.18883368]
2425
[0.17548619]
2426
[0.07282732]
2427
[0.19513013]
2428
[0.07922867]
2429
[0.1290036]
2430
[0.17403344]
2431
[0.06999446]
2432
[0.11568808]
2433
[0.08067484]
2434
[0.11267351]
2435
[0.13737924]
2436
[0.19073708]
2437
[0.11163079]
2438
[0.1908389]
2439
[0.08411825]
2440
[0.12774963]
2441
[0.09397119]
2442
[0.09018123]
2443
[0.08257301]
2444
[0.16128679]
2445
[0.08713341]
2446
[0.14082658]
2447
[0.07495674]
2448
[0.12001884]
2449
[0.08574465]
2450
[0.09609168]
2451
[0.14589542]
2452
[0.13733071]
2453
[0.10459909]
2454
[0.06847269]
2455
[0.166094]
2456
[0.15120109]
2457
[0.20641532]
2458
[0.13734761]
2459
[0.07890187]
2460
[0.09115963]
2461
[0.10325684]
2462
[0.13083427]
2463
[0.14585088]
2464
[0.13160135]
2465
[0.09485464]
2466
[0.08254042]
2467
[0.16353732]
2468
[0.13403146]
2469
[0.11310249]
2470
[0.20532515]
2471
[0.11324645]
2472
[0.11625453]
2473
[0.11330276]
2474
[0.21394734]
2475
[0.0803005]
2476
[0.09028159]
2477
[0.13127951]
2478
[0.13607468]
2479
[0.09249725]
2480
[0.08930204]
2481
[0.13662327]
2482
[0.0715396]
2483
[0.09574685]
2484
[0.15933999]
2485
[0.08656555]
2486
[0.20880347]
2487
[0.08584927]
2488
[0.21143088]
2489
[0.18376193]
2490
[0.1981696]
2491
[0.16437193]
2492
[0.09095167]
2493
[0.14553028]
2494
[0.08133929]
2495
[0.14550575]
2496
[0.09123443]
2497
[0.15756545]
2498
[0.19281871]
2499
[0.08681271]
2500
[0.1783951]
2501
[0.17658559]
2502
[0.08371205]
2503
[0.08341632]
2504
[0.11512985]
2505
[0.15465502]
2506
[0.17422054]
2507
[0.13947062]
2508
[0.10852497]
2509
[0.20182428]
2510
[0.10714176]
2511
[0.16367177]
2512
[0.08218015]
2513
[0.08533196]
2514
[0.11664522]
2515
[0.11806815]
2516
[0.1622716]
2517
[0.18052968]
2518
[0.08753305]
2519
[0.13698146]
2520
[0.0947085]
2521
[0.06959305]
2522
[0.18468853]
2523
[0.07785613]
2524
[0.09786622]
2525
[0.13094134]
2526
[0.10224493]
2527
[0.1977087]
2528
[0.15372987]
2529
[0.09053136]
2530
[0.14795586]
2531
[0.14292691]
2532
[0.13759745]
2533
[0.15611435]
2534
[0.16956577]
2535
[0.07756513]
2536
[0.08521123]
2537
[0.19843076]
2538
[0.07726936]
2539
[0.107334]
2540
[0.21026648]
2541
[0.20552108]
2542
[0.10216023]
2543
[0.15398976]
2544
[0.10223718]
2545
[0.20978919]
2546
[0.07142975]
2547
[0.08121698]
2548
[0.15300791]
2549
[0.10496559]
2550
[0.13786015]
2551
[0.09424299]
2552
[0.09873492]
2553
[0.13194013]
2554
[0.08377664]
2555
[0.18759209]
2556
[0.21321777]
2557
[0.19896172]
2558
[0.12982132]
2559
[0.10505576]
2560
[0.07807777]
2561
[0.08888812]
2562
[0.16596313]
2563
[0.1145223]
2564
[0.08954251]
2565
[0.14648447]
2566
[0.2132018]
2567
[0.18361599]
2568
[0.15958035]
2569
[0.11405597]
2570
[0.07694025]
2571
[0.08771196]
2572
[0.15552758]
2573
[0.10382839]
2574
[0.06776815]
2575
[0.10258515]
2576
[0.16879088]
2577
[0.07533612]
2578
[0.20586062]
2579
[0.11458375]
2580
[0.11461279]
2581
[0.08172282]
2582
[0.16088029]
2583
[0.12550263]
2584
[0.12305823]
2585
[0.09145948]
2586
[0.10893925]
2587
[0.17894779]
2588
[0.12129282]
2589
[0.07730422]
2590
[0.06177344]
2591
[0.13137632]
2592
[0.10331527]
2593
[0.21239915]
2594
[0.20788786]
2595
[0.190478]
2596
[0.10655802]
2597
[0.11038867]
2598
[0.07822276]
2599
[0.14619543]
2600
[0.08584953]
2601
[0.17097055]
2602
[0.13191894]
2603
[0.14186892]
2604
[0.13387347]
2605
[0.12227326]
2606
[0.17565862]
2607
[0.08120572]
2608
[0.18700854]
2609
[0.08229854]
2610
[0.15516122]
2611
[0.11473833]
2612
[0.08023829]
2613
[0.08697952]
2614
[0.14177695]
2615
[0.13141687]
2616
[0.11798503]
2617
[0.15900917]
2618
[0.08815387]
2619
[0.09823593]
2620
[0.18826303]
2621
[0.206552]
2622
[0.07710075]
2623
[0.07846389]
2624
[0.06482701]
2625
[0.1118946]
2626
[0.11328876]
2627
[0.0933591]
2628
[0.17099907]
2629
[0.0968591]
2630
[0.10940806]
2631
[0.18060634]
2632
[0.18703663]
2633
[0.15482918]
2634
[0.12570887]
2635
[0.15156237]
2636
[0.16945829]
2637
[0.16956855]
2638
[0.07741546]
2639
[0.14093824]
2640
[0.10626503]
2641
[0.09107789]
2642
[0.14244412]
2643
[0.11510307]
2644
[0.13126256]
2645
[0.07627664]
2646
[0.1298685]
2647
[0.07584511]
2648
[0.20103385]
2649
[0.1271225]
2650
[0.17726335]
2651
[0.12679406]
2652
[0.08437029]
2653
[0.14348648]
2654
[0.19848111]
2655
[0.19183596]
2656
[0.07673565]
2657
[0.13360095]
2658
[0.10518255]
2659
[0.2066128]
2660
[0.1296972]
2661
[0.10591435]
2662
[0.08368418]
2663
[0.06967821]
2664
[0.09060158]
2665
[0.21250177]
2666
[0.12300977]
2667
[0.08997217]
2668
[0.1092054]
2669
[0.0831951]
2670
[0.06978615]
2671
[0.10604006]
2672
[0.1335229]
2673
[0.13141466]
2674
[0.05576123]
2675
[0.13354144]
2676
[0.18008369]
2677
[0.10245675]
2678
[0.19338273]
2679
[0.09747014]
2680
[0.10001352]
2681
[0.13048783]
2682
[0.07821272]
2683
[0.15864175]
2684
[0.07907136]
2685
[0.13671271]
2686
[0.18829319]
2687
[0.08600156]
2688
[0.0992789]
2689
[0.19289436]
2690
[0.09380588]
2691
[0.15841142]
2692
[0.09544145]
2693
[0.12434567]
2694
[0.12001304]
2695
[0.19551826]
2696
[0.20519986]
2697
[0.09944758]
2698
[0.18401184]
2699
[0.17886897]
2700
[0.11386086]
2701
[0.07051954]
2702
[0.09019638]
2703
[0.20348838]
2704
[0.15840387]
2705
[0.15890214]
2706
[0.1995542]
2707
[0.15182972]
2708
[0.15340209]
2709
[0.08503355]
2710
[0.13692679]
2711
[0.11110946]
2712
[0.12843621]
2713
[0.19082962]
2714
[0.08321984]
2715
[0.12014275]
2716
[0.15880293]
2717
[0.14781365]
2718
[0.17140725]
2719
[0.20067436]
2720
[0.1751619]
2721
[0.08934843]
2722
[0.15899364]
2723
[0.16945946]
2724
[0.15166249]
2725
[0.09081872]
2726
[0.09807763]
2727
[0.09436169]
2728
[0.08944568]
2729
[0.09099628]
2730
[0.11690467]
2731
[0.08885577]
2732
[0.12382208]
2733
[0.13894308]
2734
[0.07997021]
2735
[0.14306912]
2736
[0.18070802]
2737
[0.09506041]
2738
[0.0801897]
2739
[0.17142816]
2740
[0.18153091]
2741
[0.14610662]
2742
[0.15757155]
2743
[0.11977567]
2744
[0.09617322]
2745
[0.0911909]
2746
[0.15141375]
2747
[0.14163911]
2748
[0.0728537]
2749
[0.18856486]
2750
[0.13281224]
2751
[0.15078283]
2752
[0.09669035]
2753
[0.08513588]
2754
[0.09487178]
2755
[0.11760193]
2756
[0.11616019]
2757
[0.09146337]
2758
[0.09547746]
2759
[0.09142846]
2760
[0.10042178]
2761
[0.07614985]
2762
[0.10601082]
2763
[0.20456333]
2764
[0.07333341]
2765
[0.11259298]
2766
[0.19818433]
2767
[0.08796437]
2768
[0.14988975]
2769
[0.08249561]
2770
[0.18622281]
2771
[0.12167095]
2772
[0.20287092]
2773
[0.10703085]
2774
[0.08984647]
2775
[0.0816472]
2776
[0.14985105]
2777
[0.17496145]
2778
[0.06980514]
2779
[0.13506667]
2780
[0.10488764]
2781
[0.12629954]
2782
[0.07699505]
2783
[0.10029417]
2784
[0.12889694]
2785
[0.12620176]
2786
[0.17282485]
2787
[0.12391067]
2788
[0.12446661]
2789
[0.08146753]
2790
[0.07963767]
2791
[0.07943585]
2792
[0.08698668]
2793
[0.08866173]
2794
[0.18903696]
2795
[0.12033406]
2796
[0.09153015]
2797
[0.14080032]
2798
[0.16877475]
2799
[0.0982379]
2800
[0.18159609]
2801
[0.15215888]
2802
[0.09110824]
2803
[0.21282332]
2804
[0.07548705]
2805
[0.09737573]
2806
[0.10544206]
2807
[0.17345612]
2808
[0.171628]
2809
[0.1486697]
2810
[0.1872927]
2811
[0.17738212]
2812
[0.1201952]
2813
[0.09451606]
2814
[0.17777065]
2815
[0.18656886]
2816
[0.14106101]
2817
[0.11148289]
2818
[0.10641722]
2819
[0.10704259]
2820
[0.10175087]
2821
[0.210905]
2822
[0.18887367]
2823
[0.2129106]
2824
[0.09539553]
2825
[0.05567839]
2826
[0.06986825]
2827
[0.21398081]
2828
[0.13205156]
2829
[0.09614214]
2830
[0.2115737]
2831
[0.08048885]
2832
[0.16673449]
2833
[0.05925908]
2834
[0.19797105]
2835
[0.09323373]
2836
[0.07908705]
2837
[0.11642592]
2838
[0.11896763]
2839
[0.08768244]
2840
[0.17175485]
2841
[0.14083896]
2842
[0.18871896]
2843
[0.10463931]
2844
[0.08195107]
2845
[0.09003975]
2846
[0.14284659]
2847
[0.18071657]
2848
[0.20142201]
2849
[0.09431126]
2850
[0.0961478]
2851
[0.17045507]
2852
[0.10260651]
2853
[0.0792023]
2854
[0.19827956]
2855
[0.15835192]
2856
[0.09239029]
2857
[0.08000777]
2858
[0.21793449]
2859
[0.11359771]
2860
[0.07972099]
2861
[0.10967438]
2862
[0.13110656]
2863
[0.16454163]
2864
[0.07008222]
2865
[0.19817842]
2866
[0.20010296]
2867
[0.17035045]
2868
[0.09984605]
2869
[0.1958773]
2870
[0.12936577]
2871
[0.08181101]
2872
[0.15922941]
2873
[0.13945243]
2874
[0.10436788]
2875
[0.09046179]
2876
[0.066332]
2877
[0.09389481]
2878
[0.1160104]
2879
[0.08694434]
2880
[0.13512317]
2881
[0.14951875]
2882
[0.19737219]
2883
[0.15351115]
2884
[0.08708387]
2885
[0.13508801]
2886
[0.07524176]
2887
[0.10058261]
2888
[0.10082679]
2889
[0.1999856]
2890
[0.07737865]
2891
[0.10451335]
2892
[0.13722018]
2893
[0.07878788]
2894
[0.09328014]
2895
[0.13419649]
2896
[0.15857325]
2897
[0.18215948]
2898
[0.15402629]
2899
[0.15794173]
2900
[0.20419073]
2901
[0.07889844]
2902
[0.1173566]
2903
[0.19782366]
2904
[0.18312805]
2905
[0.17963005]
2906
[0.13266471]
2907
[0.07649594]
2908
[0.08224218]
2909
[0.08507293]
2910
[0.11707772]
2911
[0.10062346]
2912
[0.17031614]
2913
[0.11087237]
2914
[0.08215921]
2915
[0.08770656]
2916
[0.1054287]
2917
[0.10969873]
2918
[0.1051631]
2919
[0.08261994]
2920
[0.13454355]
2921
[0.09772781]
2922
[0.18338587]
2923
[0.08669642]
2924
[0.0804051]
2925
[0.11238845]
2926
[0.16321759]
2927
[0.07731352]
2928
[0.08085728]
2929
[0.18522501]
2930
[0.08010925]
2931
[0.19232324]
2932
[0.09139507]
2933
[0.12249806]
2934
[0.09111761]
2935
[0.12373924]
2936
[0.07639003]
2937
[0.0918973]
2938
[0.15297583]
2939
[0.09619111]
2940
[0.08127328]
2941
[0.18584151]
2942
[0.12176031]
2943
[0.14436657]
2944
[0.12030982]
2945
[0.16696939]
2946
[0.11028913]
2947
[0.19993503]
2948
[0.14264752]
2949
[0.08217039]
2950
[0.2044429]
2951
[0.10291494]
2952
[0.15109869]
2953
[0.21013545]
2954
[0.09485975]
2955
[0.09021862]
2956
[0.13522129]
2957
[0.1037523]
2958
[0.09071581]
2959
[0.17205963]
2960
[0.08284172]
2961
[0.13985886]
2962
[0.192659]
2963
[0.18333204]
2964
[0.09476063]
2965
[0.09137898]
2966
[0.08836104]
2967
[0.12282699]
2968
[0.10640115]
2969
[0.09711853]
2970
[0.10029079]
2971
[0.08154485]
2972
[0.11495134]
2973
[0.17592819]
2974
[0.07127762]
2975
[0.08697946]
2976
[0.18323254]
2977
[0.08407274]
2978
[0.09127361]
2979
[0.11436944]
2980
[0.09210371]
2981
[0.10032802]
2982
[0.18034105]
2983
[0.13157914]
2984
[0.09471894]
2985
[0.20557983]
2986
[0.08146923]
2987
[0.14099034]
2988
[0.07274495]
2989
[0.11747239]
2990
[0.1076452]
2991
[0.09335311]
2992
[0.18230271]
2993
[0.11473277]
2994
[0.14825912]
2995
[0.12540678]
2996
[0.14902348]
2997
[0.08368894]
2998
[0.21526324]
2999
[0.10636091]
3000
[0.16795297]
3001
[0.14115191]
3002
[0.08428823]
3003
[0.07496505]
3004
[0.18282032]
3005
[0.2052844]
3006
[0.20804385]
3007
[0.11529906]
3008
[0.07625964]
3009
[0.09463825]
3010
[0.10462663]
3011
[0.1205935]
3012
[0.11890298]
3013
[0.183859]
3014
[0.08901838]
3015
[0.11777857]
3016
[0.0862007]
3017
[0.19642559]
3018
[0.16124214]
3019
[0.08687226]
3020
[0.07765531]
3021
[0.15504509]
3022
[0.06472896]
3023
[0.15546809]
3024
[0.10168904]
3025
[0.09405125]
3026
[0.07829968]
3027
[0.12685949]
3028
[0.08011633]
3029
[0.10543571]
3030
[0.08690634]
3031
[0.07648742]
3032
[0.1516143]
3033
[0.08992254]
3034
[0.12783361]
3035
[0.07868851]
3036
[0.08779303]
3037
[0.0815869]
3038
[0.07655066]
3039
[0.08314011]
3040
[0.09610975]
3041
[0.08440186]
3042
[0.18019487]
3043
[0.17034192]
3044
[0.0901927]
3045
[0.09193083]
3046
[0.12251052]
3047
[0.12560518]
3048
[0.12619307]
3049
[0.12144463]
3050
[0.11305153]
3051
[0.14831646]
3052
[0.19608724]
3053
[0.08465546]
3054
[0.07491022]
3055
[0.12045214]
3056
[0.0988504]
3057
[0.11647588]
3058
[0.05767382]
3059
[0.19498909]
3060
[0.11908547]
3061
[0.08600791]
3062
[0.09893917]
3063
[0.15430661]
3064
[0.13857532]
3065
[0.08953509]
3066
[0.17642727]
3067
[0.14475017]
3068
[0.11430853]
3069
[0.12624634]
3070
[0.07944729]
3071
[0.07776693]
3072
[0.11171304]
3073
[0.08615636]
3074
[0.11809641]
3075
[0.06752187]
3076
[0.08670108]
3077
[0.18671493]
3078
[0.1675571]
3079
[0.1172438]
3080
[0.08296934]
3081
[0.10609443]
3082
[0.08378999]
3083
[0.11905583]
3084
[0.0996768]
3085
[0.20259008]
3086
[0.09105779]
3087
[0.07279164]
3088
[0.07907864]
3089
[0.11575978]
3090
[0.08145413]
3091
[0.13285527]
3092
[0.13977513]
3093
[0.11228705]
3094
[0.19532681]
3095
[0.08948893]
3096
[0.14878161]
3097
[0.12133881]
3098
[0.09542693]
3099
[0.08617698]
3100
[0.11201629]
3101
[0.15874152]
3102
[0.19217177]
3103
[0.09919746]
3104
[0.10599422]
3105
[0.06914274]
3106
[0.14035296]
3107
[0.13517779]
3108
[0.16060243]
3109
[0.13732523]
3110
[0.13570166]
3111
[0.10009978]
3112
[0.09290865]
3113
[0.11092045]
3114
[0.1011596]
3115
[0.16768434]
3116
[0.10249032]
3117
[0.13749084]
3118
[0.16076879]
3119
[0.14392062]
3120
[0.08261711]
3121
[0.10076222]
3122
[0.10151648]
3123
[0.08604602]
3124
[0.20396062]
3125
[0.10170736]
3126
[0.09066599]
3127
[0.18947967]
3128
[0.16847399]
3129
[0.18996131]
3130
[0.13617128]
3131
[0.10361864]
3132
[0.15914117]
3133
[0.07874449]
3134
[0.11024374]
3135
[0.152184]
3136
[0.0769237]
3137
[0.08474916]
3138
[0.07723195]
3139
[0.0966214]
3140
[0.08304017]
3141
[0.13896292]
3142
[0.13990876]
3143
[0.1830223]
3144
[0.08953692]
3145
[0.12677903]
3146
[0.11633106]
3147
[0.08863875]
3148
[0.12830531]
3149
[0.12800243]
3150
[0.17840814]
3151
[0.11486337]
3152
[0.20209201]
3153
[0.12276037]
3154
[0.1835096]
3155
[0.10857262]
3156
[0.12216205]
3157
[0.10306755]
3158
[0.09678228]
3159
[0.17125483]
3160
[0.09674599]
3161
[0.21505934]
3162
[0.12851722]
3163
[0.07534362]
3164
[0.11612788]
3165
[0.15427011]
3166
[0.09295818]
3167
[0.09988476]
3168
[0.07056617]
3169
[0.17280633]
3170
[0.18797972]
3171
[0.16383546]
3172
[0.09230053]
3173
[0.1197724]
3174
[0.09868744]
3175
[0.122127]
3176
[0.11478839]
3177
[0.07375524]
3178
[0.09343479]
3179
[0.08177332]
3180
[0.12021073]
3181
[0.14922004]
3182
[0.07496905]
3183
[0.09000798]
3184
[0.20081548]
3185
[0.09478141]
3186
[0.09157136]
3187
[0.08296603]
3188
[0.15520511]
3189
[0.08424485]
3190
[0.07275808]
3191
[0.1491326]
3192
[0.1730197]
3193
[0.17106714]
3194
[0.06355003]
3195
[0.0885124]
3196
[0.07477059]
3197
[0.13538328]
3198
[0.13857498]
3199
[0.12441643]
3200
[0.11073456]
3201
[0.09960892]
3202
[0.1172901]
3203
[0.16085722]
3204
[0.11059074]
3205
[0.16511863]
3206
[0.09994047]
3207
[0.157301]
3208
[0.18960499]
3209
[0.14804302]
3210
[0.10207895]
3211
[0.20438508]
3212
[0.08473442]
3213
[0.14092147]
3214
[0.08306177]
3215
[0.11687081]
3216
[0.21294022]
3217
[0.16270982]
3218
[0.20673807]
3219
[0.11576665]
3220
[0.13389326]
3221
[0.1806449]
3222
[0.14300387]
3223
[0.17899585]
3224
[0.12512559]
3225
[0.07803065]
3226
[0.12850234]
3227
[0.14239335]
3228
[0.0813339]
3229
[0.11108967]
3230
[0.179367]
3231
[0.15442852]
3232
[0.18546601]
3233
[0.12537333]
3234
[0.1027724]
3235
[0.10598698]
3236
[0.08555938]
3237
[0.09285344]
3238
[0.09798053]
3239
[0.09150877]
3240
[0.20946026]
3241
[0.16064593]
3242
[0.17298979]
3243
[0.10424688]
3244
[0.1568286]
3245
[0.10275142]
3246
[0.12485275]
3247
[0.14401768]
3248
[0.16415586]
3249
[0.17833878]
3250
[0.11824314]
3251
[0.10549225]
3252
[0.19312255]
3253
[0.1255329]
3254
[0.07286901]
3255
[0.21309733]
3256
[0.21037707]
3257
[0.08717971]
3258
[0.15291133]
3259
[0.08888673]
3260
[0.17421624]
3261
[0.11705315]
3262
[0.09891936]
3263
[0.14790352]
3264
[0.18626922]
3265
[0.13287449]
3266
[0.1387403]
3267
[0.09762869]
3268
[0.07638841]
3269
[0.09365262]
3270
[0.12465869]
3271
[0.19315508]
3272
[0.0868704]
3273
[0.10916273]
3274
[0.08493554]
3275
[0.08780787]
3276
[0.18226612]
3277
[0.0781468]
3278
[0.10568277]
3279
[0.07631485]
3280
[0.08788192]
3281
[0.08864317]
3282
[0.17562047]
3283
[0.09040869]
3284
[0.09109884]
3285
[0.12197762]
3286
[0.08558551]
3287
[0.17566735]
3288
[0.11030651]
3289
[0.09705936]
3290
[0.09983046]
3291
[0.147941]
3292
[0.13931431]
3293
[0.07256888]
3294
[0.09866568]
3295
[0.1065376]
3296
[0.14923443]
3297
[0.10257697]
3298
[0.08108787]
3299
[0.0998859]
3300
[0.1216088]
3301
[0.09380794]
3302
[0.11459037]
3303
[0.0814723]
3304
[0.15388304]
3305
[0.08628278]
3306
[0.10461976]
3307
[0.08168702]
3308
[0.10954511]
3309
[0.14870883]
3310
[0.10209338]
3311
[0.08605095]
3312
[0.14123222]
3313
[0.09919594]
3314
[0.09954241]
3315
[0.20534944]
3316
[0.10760609]
3317
[0.14077127]
3318
[0.09613392]
3319
[0.07491022]
3320
[0.1429678]
3321
[0.06423221]
3322
[0.07439637]
3323
[0.11494638]
3324
[0.18093701]
3325
[0.15939989]
3326
[0.21338411]
3327
[0.09940528]
3328
[0.06927165]
3329
[0.14370044]
3330
[0.1256115]
3331
[0.19422785]
3332
[0.14829266]
3333
[0.21206472]
3334
[0.15290761]
3335
[0.17177496]
3336
[0.09526587]
3337
[0.0916816]
3338
[0.12828928]
3339
[0.10049279]
3340
[0.15515403]
3341
[0.13076742]
3342
[0.11988689]
3343
[0.11327271]
3344
[0.09775524]
3345
[0.12384056]
3346
[0.07194172]
3347
[0.12251978]
3348
[0.16573629]
3349
[0.0850717]
3350
[0.17440924]
3351
[0.19425633]
3352
[0.10623804]
3353
[0.11834489]
3354
[0.14288814]
3355
[0.14823556]
3356
[0.08241005]
3357
[0.18395087]
3358
[0.15765892]
3359
[0.07521344]
3360
[0.07715155]
3361
[0.13610466]
3362
[0.14999306]
3363
[0.07623998]
3364
[0.12451779]
3365
[0.07035332]
3366
[0.1876332]
3367
[0.13122903]
3368
[0.20041948]
3369
[0.08389984]
3370
[0.0937764]
3371
[0.20799482]
3372
[0.07487041]
3373
[0.14070818]
3374
[0.08905712]
3375
[0.08614647]
3376
[0.20406336]
3377
[0.11371393]
3378
[0.20498298]
3379
[0.09912911]
3380
[0.08359665]
3381
[0.1048829]
3382
[0.14336221]
3383
[0.16080175]
3384
[0.11909986]
3385
[0.20398926]
3386
[0.09278533]
3387
[0.10292382]
3388
[0.20429807]
3389
[0.07207222]
3390
[0.12451279]
3391
[0.19045183]
3392
[0.18166599]
3393
[0.20920485]
3394
[0.08516216]
3395
[0.17298482]
3396
[0.14209483]
3397
[0.12826306]
3398
[0.11242475]
3399
[0.13739589]
3400
[0.1535519]
3401
[0.19111633]
3402
[0.2076094]
3403
[0.17933633]
3404
[0.0990101]
3405
[0.18393892]
3406
[0.07796663]
3407
[0.08087673]
3408
[0.14179774]
3409
[0.21746348]
3410
[0.08436376]
3411
[0.10037886]
3412
[0.13215593]
3413
[0.15954788]
3414
[0.14365226]
3415
[0.0941386]
3416
[0.13214402]
3417
[0.15409847]
3418
[0.11505346]
3419
[0.14700767]
3420
[0.09809422]
3421
[0.15028868]
3422
[0.08555885]
3423
[0.15769203]
3424
[0.14646309]
3425
[0.17541621]
3426
[0.13381694]
3427
[0.09995774]
3428
[0.18104144]
3429
[0.17322046]
3430
[0.09705564]
3431
[0.20155549]
3432
[0.10307574]
3433
[0.11447189]
3434
[0.14004811]
3435
[0.12040789]
3436
[0.18010198]
3437
[0.11242276]
3438
[0.14300923]
3439
[0.16843068]
3440
[0.20479377]
3441
[0.1834067]
3442
[0.10911074]
3443
[0.09122488]
3444
[0.15775937]
3445
[0.09210599]
3446
[0.16377796]
3447
[0.17120185]
3448
[0.0885465]
3449
[0.09565966]
3450
[0.11920732]
3451
[0.1060113]
3452
[0.08441293]
3453
[0.13689867]
3454
[0.18764467]
3455
[0.16866885]
3456
[0.0773382]
3457
[0.13687396]
3458
[0.09310153]
3459
[0.11582911]
3460
[0.14192571]
3461
[0.1501534]
3462
[0.10228319]
3463
[0.10792836]
3464
[0.17699569]
3465
[0.10499042]
3466
[0.09898947]
3467
[0.11213418]
3468
[0.09982002]
3469
[0.18770226]
3470
[0.0888821]
3471
[0.08875315]
3472
[0.1951212]
3473
[0.18007937]
3474
[0.08960903]
3475
[0.08345449]
3476
[0.15103565]
3477
[0.06113321]
3478
[0.12885675]
3479
[0.10109844]
3480
[0.17255195]
3481
[0.08536253]
3482
[0.11108502]
3483
[0.12809265]
3484
[0.09615131]
3485
[0.1343923]
3486
[0.20531069]
3487
[0.14636264]
3488
[0.14620532]
3489
[0.11664588]
3490
[0.09471184]
3491
[0.20061049]
3492
[0.16623754]
3493
[0.09151619]
3494
[0.07170518]
3495
[0.12262895]
3496
[0.13941936]
3497
[0.14386202]
3498
[0.16850543]
3499
[0.09894186]
3500
[0.19930943]
3501
[0.15907553]
3502
[0.08622459]
3503
[0.10903066]
3504
[0.10069249]
3505
[0.16449393]
3506
[0.09720972]
3507
[0.08170412]
3508
[0.1483202]
3509
[0.08614029]
3510
[0.13526887]
3511
[0.20932004]
3512
[0.18683637]
3513
[0.13720823]
3514
[0.10505065]
3515
[0.07578065]
3516
[0.08678234]
3517
[0.11253056]
3518
[0.15088039]
3519
[0.10172659]
3520
[0.13437122]
3521
[0.186011]
3522
[0.1356334]
3523
[0.10743738]
3524
[0.14998184]
3525
[0.08726833]
3526
[0.0795558]
3527
[0.07313235]
3528
[0.10012367]
3529
[0.12945047]
3530
[0.20921576]
3531
[0.18559947]
3532
[0.18644651]
3533
[0.12355722]
3534
[0.13962395]
3535
[0.13228444]
3536
[0.10826696]
3537
[0.08913753]
3538
[0.09977097]
3539
[0.08611445]
3540
[0.11325354]
3541
[0.10429667]
3542
[0.08011814]
3543
[0.09985224]
3544
[0.12989252]
3545
[0.12276852]
3546
[0.09335311]
3547
[0.1014781]
3548
[0.09530032]
3549
[0.09508927]
3550
[0.10038244]
3551
[0.08523039]
3552
[0.21679528]
3553
[0.16057565]
3554
[0.10847547]
3555
[0.12691975]
3556
[0.12516699]
3557
[0.08119024]
3558
[0.11002635]
3559
[0.09995814]
3560
[0.18685493]
3561
[0.11563086]
3562
[0.1741952]
3563
[0.1092478]
3564
[0.15394454]
3565
[0.11800146]
3566
[0.19275449]
3567
[0.21182052]
3568
[0.14443993]
3569
[0.1641034]
3570
[0.08647334]
3571
[0.16882959]
3572
[0.12161434]
3573
[0.0840556]
3574
[0.09067815]
3575
[0.10129938]
3576
[0.17848613]
3577
[0.07310234]
3578
[0.10562629]
3579
[0.09185779]
3580
[0.12069007]
3581
[0.09527561]
3582
[0.08661707]
3583
[0.09449011]
3584
[0.08626884]
3585
[0.12986255]
3586
[0.09861507]
3587
[0.20218733]
3588
[0.13316032]
3589
[0.12028808]
3590
[0.1030535]
3591
[0.13970266]
3592
[0.08082932]
3593
[0.18129709]
3594
[0.20615522]
3595
[0.18435202]
3596
[0.14054936]
3597
[0.17320586]
3598
[0.17158922]
3599
[0.11894868]
3600
[0.07996155]
3601
[0.15158768]
3602
[0.13712428]
3603
[0.08222421]
3604
[0.10438044]
3605
[0.20900779]
3606
[0.17435683]
3607
[0.11235432]
3608
[0.12479639]
3609
[0.0941867]
3610
[0.14412389]
3611
[0.12107403]
3612
[0.09869619]
3613
[0.20982196]
3614
[0.09643279]
3615
[0.07461526]
3616
[0.21430777]
3617
[0.14195216]
3618
[0.08702499]
3619
[0.15818523]
3620
[0.08886267]
3621
[0.19283292]
3622
[0.08252366]
3623
[0.13610937]
3624
[0.11713844]
3625
[0.17859186]
3626
[0.10508221]
3627
[0.08368038]
3628
[0.12934379]
3629
[0.21665848]
3630
[0.09462848]
3631
[0.07507038]
3632
[0.13737335]
3633
[0.07847535]
3634
[0.21491611]
3635
[0.09175438]
3636
[0.10706434]
3637
[0.15724548]
3638
[0.10321206]
3639
[0.1267455]
3640
[0.11440196]
3641
[0.09529169]
3642
[0.07968378]
3643
[0.11336779]
3644
[0.18419228]
3645
[0.08637656]
3646
[0.13463443]
3647
[0.11711384]
3648
[0.07240208]
3649
[0.08251131]
3650
[0.0714026]
3651
[0.16781635]
3652
[0.19746205]
3653
[0.14410925]
3654
[0.09534788]
3655
[0.07845497]
3656
[0.12822742]
3657
[0.15476612]
3658
[0.09271416]
3659
[0.10995449]
3660
[0.14949972]
3661
[0.1385748]
3662
[0.21539717]
3663
[0.1195746]
3664
[0.21727189]
3665
[0.10392131]
3666
[0.08605898]
3667
[0.13006342]
3668
[0.08231833]
3669
[0.11537941]
3670
[0.13550744]
3671
[0.10340083]
3672
[0.08096224]
3673
[0.08437081]
3674
[0.18136965]
3675
[0.09410201]
3676
[0.11745845]
3677
[0.09038119]
3678
[0.14628343]
3679
[0.15288163]
3680
[0.20993197]
3681
[0.09966765]
3682
[0.0906081]
3683
[0.17414791]
3684
[0.08981153]
3685
[0.20945604]
3686
[0.17795128]
3687
[0.17217197]
3688
[0.08024312]
3689
[0.09835656]
3690
[0.08197143]
3691
[0.08180093]
3692
[0.10095382]
3693
[0.19547496]
3694
[0.16608217]
3695
[0.14973952]
3696
[0.08532752]
3697
[0.07419514]
3698
[0.06995618]
3699
[0.09094779]
3700
[0.119212]
3701
[0.20582627]
3702
[0.13535689]
3703
[0.09489738]
3704
[0.09079863]
3705
[0.10244054]
3706
[0.1995944]
3707
[0.1054588]
3708
[0.1497966]
3709
[0.15486932]
3710
[0.07645683]
3711
[0.08265948]
3712
[0.07700821]
3713
[0.08465258]
3714
[0.18982313]
3715
[0.15514879]
3716
[0.09972836]
3717
[0.12321729]
3718
[0.19869816]
3719
[0.12394994]
3720
[0.21784643]
3721
[0.09074271]
3722
[0.18758208]
3723
[0.16759056]
3724
[0.07294374]
3725
[0.18454245]
3726
[0.09266106]
3727
[0.1767881]
3728
[0.12470464]
3729
[0.17801888]
3730
[0.12012853]
3731
[0.09609198]
3732
[0.08100293]
3733
[0.10968716]
3734
[0.12553942]
3735
[0.19949769]
3736
[0.17382927]
3737
[0.12246282]
3738
[0.1115403]
3739
[0.11026193]
3740
[0.1835435]
3741
[0.13341732]
3742
[0.1583024]
3743
[0.09549306]
3744
[0.09665663]
3745
[0.10025745]
3746
[0.09246443]
3747
[0.12554199]
3748
[0.11242398]
3749
[0.07192447]
3750
[0.08227333]
3751
[0.08147667]
3752
[0.14501938]
3753
[0.14901837]
3754
[0.18425688]
3755
[0.12700233]
3756
[0.17901905]
3757
[0.08148728]
3758
[0.08373647]
3759
[0.13176707]
3760
[0.12977374]
3761
[0.21776613]
3762
[0.08651697]
3763
[0.14514488]
3764
[0.11735631]
3765
[0.09663687]
3766
[0.10545673]
3767
[0.15310801]
3768
[0.13978706]
3769
[0.0902881]
3770
[0.13717452]
3771
[0.08758971]
3772
[0.08409939]
3773
[0.16805743]
3774
[0.07892304]
3775
[0.13885036]
3776
[0.12784583]
3777
[0.15926295]
3778
[0.20822551]
3779
[0.18466958]
3780
[0.09598421]
3781
[0.11812595]
3782
[0.09049313]
3783
[0.14134689]
3784
[0.0802614]
3785
[0.20314066]
3786
[0.06994513]
3787
[0.12491284]
3788
[0.11864492]
3789
[0.16524349]
3790
[0.0779747]
3791
[0.08940368]
3792
[0.13982022]
3793
[0.07076512]
3794
[0.15565269]
3795
[0.08227379]
3796
[0.13813477]
3797
[0.20454674]
3798
[0.14991306]
3799
[0.1183327]
3800
[0.09380849]
3801
[0.09085217]
3802
[0.08130068]
3803
[0.20102074]
3804
[0.15058313]
3805
[0.10473432]
3806
[0.1052442]
3807
[0.13285999]
3808
[0.15375946]
3809
[0.125059]
3810
[0.08661308]
3811
[0.20633696]
3812
[0.10129647]
3813
[0.12960291]
3814
[0.10021711]
3815
[0.20429252]
3816
[0.06209996]
3817
[0.10358152]
3818
[0.09012568]
3819
[0.21757445]
3820
[0.1276975]
3821
[0.15606152]
3822
[0.15402571]
3823
[0.17133081]
3824
[0.14155726]
3825
[0.09746573]
3826
[0.16099942]
3827
[0.08136465]
3828
[0.08172045]
3829
[0.136151]
3830
[0.10104073]
3831
[0.11608923]
3832
[0.09350575]
3833
[0.07849249]
3834
[0.10893185]
3835
[0.0950926]
3836
[0.20898641]
3837
[0.16795013]
3838
[0.14502511]
3839
[0.1078271]
3840
[0.18136418]
3841
[0.16354552]
3842
[0.18508907]
3843
[0.13591791]
3844
[0.14212473]
3845
[0.15840654]
3846
[0.12465574]
3847
[0.16820031]
3848
[0.08629394]
3849
[0.1161957]
3850
[0.13379582]
3851
[0.13486713]
3852
[0.11458667]
3853
[0.14271082]
3854
[0.10063826]
3855
[0.14536893]
3856
[0.15614041]
3857
[0.07172657]
3858
[0.16678411]
3859
[0.07371479]
3860
[0.11531316]
3861
[0.07912719]
3862
[0.08475233]
3863
[0.0879741]
3864
[0.13168094]
3865
[0.0697601]
3866
[0.13007485]
3867
[0.11192145]
3868
[0.11771036]
3869
[0.11137464]
3870
[0.09441718]
3871
[0.17816413]
3872
[0.13791493]
3873
[0.11957452]
3874
[0.14151894]
3875
[0.1869065]
3876
[0.08909114]
3877
[0.1019546]
3878
[0.13732166]
3879
[0.1261031]
3880
[0.18977156]
3881
[0.18591317]
3882
[0.08277165]
3883
[0.11499536]
3884
[0.09174947]
3885
[0.12738742]
3886
[0.07893862]
3887
[0.18257097]
3888
[0.11618775]
3889
[0.09247953]
3890
[0.18545514]
3891
[0.18527235]
3892
[0.17309869]
3893
[0.19160062]
3894
[0.12808846]
3895
[0.09571156]
3896
[0.10217295]
3897
[0.08060583]
3898
[0.08816337]
3899
[0.15086035]
3900
[0.17408794]
3901
[0.08051202]
3902
[0.13778381]
3903
[0.20724576]
3904
[0.15970082]
3905
[0.08464077]
3906
[0.13173268]
3907
[0.08157892]
3908
[0.12956192]
3909
[0.13501382]
3910
[0.10490904]
3911
[0.15791982]
3912
[0.10678295]
3913
[0.18760717]
3914
[0.09556395]
3915
[0.16278844]
3916
[0.06032454]
3917
[0.11459037]
3918
[0.10124305]
3919
[0.1002148]
3920
[0.13708686]
3921
[0.17926137]
3922
[0.15535152]
3923
[0.1409785]
3924
[0.08518763]
3925
[0.21058389]
3926
[0.11723672]
3927
[0.17342325]
3928
[0.19462192]
3929
[0.08442664]
3930
[0.08606572]
3931
[0.13766307]
3932
[0.14340167]
3933
[0.104024]
3934
[0.12618071]
3935
[0.08581913]
3936
[0.16014611]
3937
[0.09316174]
3938
[0.10677126]
3939
[0.0785444]
3940
[0.11615342]
3941
[0.16316268]
3942
[0.21348412]
3943
[0.10188875]
3944
[0.21745027]
3945
[0.07998642]
3946
[0.1374573]
3947
[0.21309921]
3948
[0.10729703]
3949
[0.09561653]
3950
[0.20644318]
3951
[0.1933414]
3952
[0.16584107]
3953
[0.06872432]
3954
[0.11977147]
3955
[0.12206467]
3956
[0.09610104]
3957
[0.0815086]
3958
[0.09383375]
3959
[0.17714018]
3960
[0.07545326]
3961
[0.17063309]
3962
[0.08686719]
3963
[0.09771329]
3964
[0.10040444]
3965
[0.08502451]
3966
[0.09639458]
3967
[0.15262981]
3968
[0.15321126]
3969
[0.11009428]
3970
[0.08695311]
3971
[0.10643691]
3972
[0.08210696]
3973
[0.08494228]
3974
[0.08286288]
3975
[0.12427098]
3976
[0.07949974]
3977
[0.1596488]
3978
[0.13022939]
3979
[0.10681103]
3980
[0.09156487]
3981
[0.12887855]
3982
[0.16846822]
3983
[0.08963746]
3984
[0.16357585]
3985
[0.09189717]
3986
[0.10749965]
3987
[0.07744352]
3988
[0.11053997]
3989
[0.20218432]
3990
[0.16597555]
3991
[0.12064374]
3992
[0.08481065]
3993
[0.1899259]
3994
[0.10023491]
3995
[0.09365989]
3996
[0.14265633]
3997
[0.15445947]
3998
[0.0657882]
3999
[0.12881872]
4000
[0.16289372]
4001
[0.19855186]
4002
[0.12950222]
4003
[0.11801525]
4004
[0.07132157]
4005
[0.10623049]
4006
[0.17358481]
4007
[0.19951291]
4008
[0.13486146]
4009
[0.08892394]
4010
[0.12932476]
4011
[0.09236945]
4012
[0.06369146]
4013
[0.08260836]
4014
[0.17175456]
4015
[0.13104092]
4016
[0.08651333]
4017
[0.10006942]
4018
[0.0787914]
4019
[0.17693544]
4020
[0.11175434]
4021
[0.11021547]
4022
[0.16897925]
4023
[0.09525139]
4024
[0.16785716]
4025
[0.08038657]
4026
[0.11012421]
4027
[0.16811457]
4028
[0.11976599]
4029
[0.21326222]
4030
[0.09521117]
4031
[0.09392564]
4032
[0.17858822]
4033
[0.07950908]
4034
[0.20270742]
4035
[0.19379221]
4036
[0.15760205]
4037
[0.11127935]
4038
[0.09885335]
4039
[0.20122236]
4040
[0.16860571]
4041
[0.10699961]
4042
[0.09550973]
4043
[0.17212641]
4044
[0.09685529]
4045
[0.10114151]
4046
[0.14293928]
4047
[0.11206811]
4048
[0.12971068]
4049
[0.07223236]
4050
[0.18465074]
4051
[0.09955985]
4052
[0.09485054]
4053
[0.16910416]
4054
[0.09336814]
4055
[0.08923466]
4056
[0.09424789]
4057
[0.20278197]
4058
[0.16798484]
4059
[0.06925668]
4060
[0.14325111]
4061
[0.07153267]
4062
[0.12951173]
4063
[0.18134457]
4064
[0.10142709]
4065
[0.09757374]
4066
[0.08387764]
4067
[0.12907143]
4068
[0.07815643]
4069
[0.09396823]
4070
[0.09950074]
4071
[0.07757617]
4072
[0.08523328]
4073
[0.08344972]
4074
[0.1816863]
4075
[0.07515083]
4076
[0.11461631]
4077
[0.07340122]
4078
[0.1847045]
4079
[0.11866584]
4080
[0.1570591]
4081
[0.20107879]
4082
[0.10189545]
4083
[0.10617119]
4084
[0.07863209]
4085
[0.21017806]
4086
[0.11904746]
4087
[0.15796187]
4088
[0.07638871]
4089
[0.11317675]
4090
[0.1037703]
4091
[0.08737132]
4092
[0.08411763]
4093
[0.15298706]
4094
[0.12677509]
4095
[0.11818185]
4096
[0.09360575]
4097
[0.18064222]
4098
[0.1627868]
4099
[0.11232023]
4100
[0.17481368]
4101
[0.12163016]
4102
[0.09584298]
4103
[0.19059126]
4104
[0.11288812]
4105
[0.0789841]
4106
[0.13911823]
4107
[0.12850906]
4108
[0.09358214]
4109
[0.21124215]
4110
[0.19663108]
4111
[0.08049411]
4112
[0.19717464]
4113
[0.13656713]
4114
[0.17362322]
4115
[0.07556119]
4116
[0.08822373]
4117
[0.11559273]
4118
[0.19098304]
4119
[0.14779738]
4120
[0.09464519]
4121
[0.07839956]
4122
[0.13699306]
4123
[0.20222742]
4124
[0.17163931]
4125
[0.15994682]
4126
[0.10047137]
4127
[0.14501449]
4128
[0.09187543]
4129
[0.13980546]
4130
[0.13913943]
4131
[0.11511187]
4132
[0.21396695]
4133
[0.153983]
4134
[0.2068169]
4135
[0.16227115]
4136
[0.16198415]
4137
[0.08517421]
4138
[0.11777868]
4139
[0.21109693]
4140
[0.15298464]
4141
[0.08620237]
4142
[0.21464819]
4143
[0.15750587]
4144
[0.08427908]
4145
[0.11688748]
4146
[0.2118118]
4147
[0.12794336]
4148
[0.08408668]
4149
[0.09709982]
4150
[0.09175865]
4151
[0.094876]
4152
[0.08324597]
4153
[0.12654256]
4154
[0.15897292]
4155
[0.07968746]
4156
[0.08805368]
4157
[0.17790433]
4158
[0.08873262]
4159
[0.14177188]
4160
[0.12548478]
4161
[0.10841631]
4162
[0.09804671]
4163
[0.20448673]
4164
[0.0935716]
4165
[0.07426153]
4166
[0.08427287]
4167
[0.09325176]
4168
[0.20597718]
4169
[0.08458972]
4170
[0.1997496]
4171
[0.09057292]
4172
[0.08891602]
4173
[0.10408546]
4174
[0.11396336]
4175
[0.1405636]
4176
[0.0872302]
4177
[0.15330228]
4178
[0.10814199]
4179
[0.13637797]
4180
[0.09696406]
4181
[0.15643588]
4182
[0.08392419]
4183
[0.1133191]
4184
[0.16999293]
4185
[0.12903568]
4186
[0.13844539]
4187
[0.1455297]
4188
[0.19390667]
4189
[0.11784375]
4190
[0.09550842]
4191
[0.10011992]
4192
[0.18584677]
4193
[0.17860587]
4194
[0.10691765]
4195
[0.14337352]
4196
[0.08468976]
4197
[0.07261944]
4198
[0.16723729]
4199
[0.08525337]
4200
[0.13311655]
4201
[0.13383947]
4202
[0.08705558]
4203
[0.18641465]
4204
[0.09050255]
4205
[0.07624228]
4206
[0.20436065]
4207
[0.0844197]
4208
[0.17609123]
4209
[0.10591644]
4210
[0.15617625]
4211
[0.08695842]
4212
[0.08977752]
4213
[0.16920991]
4214
[0.07869882]
4215
[0.11631026]
4216
[0.09699949]
4217
[0.20552426]
4218
[0.08279066]
4219
[0.20663269]
4220
[0.08325345]
4221
[0.19828806]
4222
[0.08801735]
4223
[0.15619958]
4224
[0.10825614]
4225
[0.07728525]
4226
[0.09048399]
4227
[0.12744206]
4228
[0.15276004]
4229
[0.16116468]
4230
[0.11741747]
4231
[0.19711566]
4232
[0.08104972]
4233
[0.09101018]
4234
[0.10415493]
4235
[0.08420989]
4236
[0.10044653]
4237
[0.11626036]
4238
[0.21051592]
4239
[0.08585173]
4240
[0.12172702]
4241
[0.20591724]
4242
[0.20294186]
4243
[0.11907742]
4244
[0.15369213]
4245
[0.08380413]
4246
[0.20918405]
4247
[0.11860505]
4248
[0.12274973]
4249
[0.08407716]
4250
[0.09084025]
4251
[0.16704653]
4252
[0.20887658]
4253
[0.10657441]
4254
[0.11054677]
4255
[0.14912055]
4256
[0.10159657]
4257
[0.08506505]
4258
[0.09838551]
4259
[0.20248691]
4260
[0.18660955]
4261
[0.13596744]
4262
[0.172387]
4263
[0.08542548]
4264
[0.09374548]
4265
[0.13499619]
4266
[0.12904337]
4267
[0.09031212]
4268
[0.09838806]
4269
[0.09168417]
4270
[0.08451259]
4271
[0.09759789]
4272
[0.07270656]
4273
[0.07279692]
4274
[0.0812903]
4275
[0.12236759]
4276
[0.17832038]
4277
[0.08309814]
4278
[0.19368618]
4279
[0.10123453]
4280
[0.10210645]
4281
[0.13511923]
4282
[0.11375157]
4283
[0.09099413]
4284
[0.21390936]
4285
[0.08101229]
4286
[0.11393681]
4287
[0.06499949]
4288
[0.13555998]
4289
[0.20740043]
4290
[0.17915545]
4291
[0.08728126]
4292
[0.07758376]
4293
[0.10543532]
4294
[0.17744]
4295
[0.08781492]
4296
[0.09560081]
4297
[0.15178858]
4298
[0.21350392]
4299
[0.10225492]
4300
[0.08719252]
4301
[0.07811808]
4302
[0.12280266]
4303
[0.17167925]
4304
[0.09068229]
4305
[0.0830115]
4306
[0.17841603]
4307
[0.13770853]
4308
[0.14692102]
4309
[0.09934846]
4310
[0.16193509]
4311
[0.18415851]
4312
[0.10164682]
4313
[0.12102624]
4314
[0.06977856]
4315
[0.09610133]
4316
[0.10764408]
4317
[0.12861723]
4318
[0.14784289]
4319
[0.17407356]
4320
[0.20977456]
4321
[0.20006366]
4322
[0.21307086]
4323
[0.1875913]
4324
[0.1221927]
4325
[0.07974316]
4326
[0.08265063]
4327
[0.14474312]
4328
[0.15001578]
4329
[0.08522477]
4330
[0.08171231]
4331
[0.17139414]
4332
[0.1197639]
4333
[0.12005096]
4334
[0.15540992]
4335
[0.08844582]
4336
[0.19316432]
4337
[0.11044547]
4338
[0.10682466]
4339
[0.07718425]
4340
[0.05374706]
4341
[0.21006958]
4342
[0.1189046]
4343
[0.13947323]
4344
[0.11046132]
4345
[0.14921286]
4346
[0.09557295]
4347
[0.08573011]
4348
[0.1251307]
4349
[0.10071286]
4350
[0.10336125]
4351
[0.20168871]
4352
[0.20328151]
4353
[0.10517928]
4354
[0.07047334]
4355
[0.09680119]
4356
[0.14407131]
4357
[0.17482086]
4358
[0.17682967]
4359
[0.0681716]
4360
[0.20681993]
4361
[0.1730031]
4362
[0.08093215]
4363
[0.10570653]
4364
[0.14067608]
4365
[0.11307536]
4366
[0.09752447]
4367
[0.17640507]
4368
[0.13226655]
4369
[0.12525249]
4370
[0.1677678]
4371
[0.09844739]
4372
[0.20467109]
4373
[0.18918399]
4374
[0.06688075]
4375
[0.09861093]
4376
[0.10699158]
4377
[0.18489764]
4378
[0.10808576]
4379
[0.19933482]
4380
[0.1512004]
4381
[0.12520281]
4382
[0.08695536]
4383
[0.1330482]
4384
[0.13344439]
4385
[0.1500533]
4386
[0.11965479]
4387
[0.12470466]
4388
[0.08705324]
4389
[0.11742674]
4390
[0.12894242]
4391
[0.08006206]
4392
[0.13448106]
4393
[0.09850942]
4394
[0.18077945]
4395
[0.17780172]
4396
[0.17010257]
4397
[0.19316842]
4398
[0.1161358]
4399
[0.09782411]
4400
[0.11188825]
4401
[0.20504229]
4402
[0.09751388]
4403
[0.17741982]
4404
[0.11462066]
4405
[0.10745428]
4406
[0.14015388]
4407
[0.08656394]
4408
[0.18763377]
4409
[0.09135178]
4410
[0.16931213]
4411
[0.18730581]
4412
[0.18447647]
4413
[0.14185214]
4414
[0.15519554]
4415
[0.15684598]
4416
[0.08740634]
4417
[0.18658834]
4418
[0.13539199]
4419
[0.09159119]
4420
[0.21436553]
4421
[0.08989945]
4422
[0.12726847]
4423
[0.16335754]
4424
[0.12210263]
4425
[0.08602753]
4426
[0.0972925]
4427
[0.16353962]
4428
[0.14135861]
4429
[0.12236333]
4430
[0.10575604]
4431
[0.06986986]
4432
[0.1314136]
4433
[0.20970222]
4434
[0.15945348]
4435
[0.0915086]
4436
[0.17168326]
4437
[0.08321911]
4438
[0.14751924]
4439
[0.15344587]
4440
[0.15764501]
4441
[0.09453563]
4442
[0.08540558]
4443
[0.09511072]
4444
[0.16471165]
4445
[0.17341419]
4446
[0.08552291]
4447
[0.21191892]
4448
[0.20217607]
4449
[0.1214296]
4450
[0.13439052]
4451
[0.1805251]
4452
[0.07163042]
4453
[0.17679433]
4454
[0.08605178]
4455
[0.12461209]
4456
[0.08051995]
4457
[0.07326637]
4458
[0.1333018]
4459
[0.21192172]
4460
[0.11074839]
4461
[0.16387137]
4462
[0.11701109]
4463
[0.10406285]
4464
[0.16616881]
4465
[0.09103452]
4466
[0.12332963]
4467
[0.08282328]
4468
[0.08007924]
4469
[0.21329593]
4470
[0.08661784]
4471
[0.12981858]
4472
[0.15186847]
4473
[0.08650208]
4474
[0.12575278]
4475
[0.12371816]
4476
[0.11355147]
4477
[0.08497553]
4478
[0.10651651]
4479
[0.18209255]
4480
[0.15417033]
4481
[0.11580964]
4482
[0.21798256]
4483
[0.12886177]
4484
[0.1713451]
4485
[0.09458847]
4486
[0.11878865]
4487
[0.07617547]
4488
[0.19199867]
4489
[0.07970826]
4490
[0.07577489]
4491
[0.07821011]
4492
[0.18670473]
4493
[0.11971112]
4494
[0.16729747]
4495
[0.12004981]
4496
[0.11072232]
4497
[0.15268624]
4498
[0.12713287]
4499
[0.15278366]
4500
[0.15307774]
4501
[0.10805071]
4502
[0.09667329]
4503
[0.14209998]
4504
[0.13579698]
4505
[0.09383158]
4506
[0.0857398]
4507
[0.1264749]
4508
[0.12802901]
4509
[0.18583304]
4510
[0.07538803]
4511
[0.11790475]
4512
[0.17174261]
4513
[0.18906724]
4514
[0.08607112]
4515
[0.14410504]
4516
[0.12788155]
4517
[0.13086784]
4518
[0.10279751]
4519
[0.07002552]
4520
[0.08977833]
4521
[0.07712677]
4522
[0.17556214]
4523
[0.14042801]
4524
[0.10814655]
4525
[0.08889677]
4526
[0.16685851]
4527
[0.08542796]
4528
[0.1350529]
4529
[0.10208621]
4530
[0.08808421]
4531
[0.12812932]
4532
[0.08700576]
4533
[0.13811892]
4534
[0.07416138]
4535
[0.14537657]
4536
[0.09108239]
4537
[0.1738915]
4538
[0.12684551]
4539
[0.19386173]
4540
[0.10058956]
4541
[0.08747728]
4542
[0.07236332]
4543
[0.09851307]
4544
[0.16871861]
4545
[0.06873353]
4546
[0.08144363]
4547
[0.12499997]
4548
[0.09678207]
4549
[0.19426304]
4550
[0.16077372]
4551
[0.07854326]
4552
[0.18132513]
4553
[0.1737534]
4554
[0.08633552]
4555
[0.09123836]
4556
[0.17101457]
4557
[0.1511715]
4558
[0.10002284]
4559
[0.11825874]
4560
[0.10256205]
4561
[0.09575703]
4562
[0.0966573]
4563
[0.07113695]
4564
[0.10643315]
4565
[0.09150388]
4566
[0.14633879]
4567
[0.11570586]
4568
[0.08351153]
4569
[0.12206173]
4570
[0.13429381]
4571
[0.07744611]
4572
[0.17984407]
4573
[0.19728696]
4574
[0.10641708]
4575
[0.12689373]
4576
[0.13689045]
4577
[0.16427491]
4578
[0.1340004]
4579
[0.08357713]
4580
[0.15366376]
4581
[0.19305653]
4582
[0.1731415]
4583
[0.07229345]
4584
[0.16768353]
4585
[0.11829636]
4586
[0.11717666]
4587
[0.09369011]
4588
[0.10252315]
4589
[0.14857157]
4590
[0.1098656]
4591
[0.09156176]
4592
[0.17031525]
4593
[0.07538568]
4594
[0.16264112]
4595
[0.07023087]
4596
[0.06247853]
4597
[0.12798552]
4598
[0.08723298]
4599
[0.13461401]
4600
[0.14999882]
4601
[0.10462982]
4602
[0.07878642]
4603
[0.19987532]
4604
[0.09311948]
4605
[0.07982138]
4606
[0.09223626]
4607
[0.07100485]
4608
[0.07687889]
4609
[0.14968569]
4610
[0.08251476]
4611
[0.09734361]
4612
[0.13146709]
4613
[0.14478315]
4614
[0.0882373]
4615
[0.07335629]
4616
[0.16221823]
4617
[0.14650679]
4618
[0.10992731]
4619
[0.09311868]
4620
[0.07931554]
4621
[0.11166719]
4622
[0.14380526]
4623
[0.12659107]
4624
[0.0832384]
4625
[0.08592837]
4626
[0.08202249]
4627
[0.14311929]
4628
[0.12463867]
4629
[0.07823143]
4630
[0.08762387]
4631
[0.08776976]
4632
[0.07424028]
4633
[0.11725438]
4634
[0.1810186]
4635
[0.1109271]
4636
[0.10042461]
4637
[0.19955496]
4638
[0.06936597]
4639
[0.15008613]
4640
[0.10615014]
4641
[0.18651502]
4642
[0.09062218]
4643
[0.1708127]
4644
[0.11102183]
4645
[0.0845506]
4646
[0.10009225]
4647
[0.1380526]
4648
[0.09730258]
4649
[0.07897348]
4650
[0.17490371]
4651
[0.08970994]
4652
[0.13549714]
4653
[0.1150844]
4654
[0.14522831]
4655
[0.09594347]
4656
[0.14636158]
4657
[0.11750588]
4658
[0.1474308]
4659
[0.06088415]
4660
[0.09034995]
4661
[0.16321253]
4662
[0.13973976]
4663
[0.09253848]
4664
[0.17447577]
4665
[0.07459978]
4666
[0.15536947]
4667
[0.19552568]
4668
[0.20382433]
4669
[0.0725185]
4670
[0.17926751]
4671
[0.07109384]
4672
[0.16439408]
4673
[0.09022657]
4674
[0.109411]
4675
[0.08793784]
4676
[0.17867093]
4677
[0.10683834]
4678
[0.13931875]
4679
[0.1881676]
4680
[0.13607946]
4681
[0.10627638]
4682
[0.1483097]
4683
[0.06937914]
4684
[0.07967213]
4685
[0.09260018]
4686
[0.08454739]
4687
[0.16341301]
4688
[0.19420766]
4689
[0.16951299]
4690
[0.12808159]
4691
[0.10664496]
4692
[0.08983303]
4693
[0.08723493]
4694
[0.21448256]
4695
[0.10560043]
4696
[0.16619505]
4697
[0.10861025]
4698
[0.08211174]
4699
[0.11935424]
4700
[0.12335479]
4701
[0.08792092]
4702
[0.07848307]
4703
[0.15387944]
4704
[0.11559259]
4705
[0.07491022]
4706
[0.1661597]
4707
[0.09330732]
4708
[0.19991581]
4709
[0.09650903]
4710
[0.21237478]
4711
[0.17071914]
4712
[0.15670634]
4713
[0.18503065]
4714
[0.09289042]
4715
[0.19304186]
4716
[0.0912694]
4717
[0.09361606]
4718
[0.08128326]
4719
[0.20136876]
4720
[0.1966917]
4721
[0.10265958]
4722
[0.15704267]
4723
[0.12201544]
4724
[0.13949144]
4725
[0.16009398]
4726
[0.06466624]
4727
[0.12562619]
4728
[0.07416259]
4729
[0.15083755]
4730
[0.1655301]
4731
[0.17501259]
4732
[0.07112143]
4733
[0.08729843]
4734
[0.08813653]
4735
[0.08473137]
4736
[0.15286808]
4737
[0.13072305]
4738
[0.08275423]
4739
[0.09209676]
4740
[0.12886712]
4741
[0.19119215]
4742
[0.0789494]
4743
[0.20845705]
4744
[0.20197228]
4745
[0.09610607]
4746
[0.09006675]
4747
[0.07889109]
4748
[0.1953242]
4749
[0.10205729]
4750
[0.15562993]
4751
[0.12286803]
4752
[0.15035414]
4753
[0.11817158]
4754
[0.17807277]
4755
[0.16045253]
4756
[0.20407965]
4757
[0.09520889]
4758
[0.09041318]
4759
[0.11761488]
4760
[0.06462374]
4761
[0.08191614]
4762
[0.11002625]
4763
[0.20449728]
4764
[0.08693683]
4765
[0.07881033]
4766
[0.10329935]
4767
[0.11868387]
4768
[0.10755857]
4769
[0.09091773]
4770
[0.18529508]
4771
[0.15884237]
4772
[0.14078567]
4773
[0.09670899]
4774
[0.1519734]
4775
[0.19521067]
4776
[0.10544392]
4777
[0.10613693]
4778
[0.09273552]
4779
[0.14079173]
4780
[0.08800463]
4781
[0.19608213]
4782
[0.09369975]
4783
[0.10192831]
4784
[0.14061822]
4785
[0.19324098]
4786
[0.16656496]
4787
[0.07556654]
4788
[0.18081343]
4789
[0.13154946]
4790
[0.14437712]
4791
[0.08756025]
4792
[0.11104184]
4793
[0.12479285]
4794
[0.09632554]
4795
[0.11274233]
4796
[0.10049225]
4797
[0.13138701]
4798
[0.12231576]
4799
[0.19232987]
4800
[0.09416843]
4801
[0.12560679]
4802
[0.08887417]
4803
[0.09317672]
4804
[0.09907086]
4805
[0.09311643]
4806
[0.14114044]
4807
[0.1632902]
4808
[0.10145382]
4809
[0.17021469]
4810
[0.21572656]
4811
[0.06551064]
4812
[0.21481825]
4813
[0.09145277]
4814
[0.19002645]
4815
[0.20465666]
4816
[0.09391793]
4817
[0.16518577]
4818
[0.16085761]
4819
[0.08852326]
4820
[0.09430361]
4821
[0.10162418]
4822
[0.12271489]
4823
[0.10510223]
4824
[0.13444641]
4825
[0.08282297]
4826
[0.12129784]
4827
[0.10232354]
4828
[0.21710028]
4829
[0.18851294]
4830
[0.13415101]
4831
[0.08803074]
4832
[0.07759566]
4833
[0.0736931]
4834
[0.0953255]
4835
[0.09333194]
4836
[0.07651571]
4837
[0.12427257]
4838
[0.10114691]
4839
[0.12351379]
4840
[0.09571598]
4841
[0.13328698]
4842
[0.15802872]
4843
[0.07752084]
4844
[0.07959601]
4845
[0.14660802]
4846
[0.19875672]
4847
[0.08600501]
4848
[0.07713656]
4849
[0.08854282]
4850
[0.17458705]
4851
[0.11723804]
4852
[0.19154311]
4853
[0.05630397]
4854
[0.17790138]
4855
[0.08986551]
4856
[0.16333247]
4857
[0.18067859]
4858
[0.16633438]
4859
[0.09391262]
4860
[0.08168688]
4861
[0.14433318]
4862
[0.11768276]
4863
[0.13407317]
4864
[0.11600167]
4865
[0.15470221]
4866
[0.15457363]
4867
[0.19739631]
4868
[0.11780652]
4869
[0.1012775]
4870
[0.08173427]
4871
[0.06817552]
4872
[0.08644657]
4873
[0.09681179]
4874
[0.07592023]
4875
[0.06925255]
4876
[0.08338559]
4877
[0.08773578]
4878
[0.09218067]
4879
[0.11930917]
4880
[0.11927058]
4881
[0.08386356]
4882
[0.08301871]
4883
[0.11916568]
4884
[0.15335251]
4885
[0.13663489]
4886
[0.14236592]
4887
[0.18978492]
4888
[0.07855904]
4889
[0.1078496]
4890
[0.16209478]
4891
[0.13079256]
4892
[0.12255018]
4893
[0.10689168]
4894
[0.09378025]
4895
[0.12472978]
4896
[0.1258582]
4897
[0.09439766]
4898
[0.19683327]
4899
[0.14035482]
4900
[0.1591583]
4901
[0.08893138]
4902
[0.17902739]
4903
[0.16400535]
4904
[0.10339251]
4905
[0.10945478]
4906
[0.13091281]
4907
[0.17536541]
4908
[0.16205777]
4909
[0.09106799]
4910
[0.07025155]
4911
[0.1265168]
4912
[0.18774919]
4913
[0.08296645]
4914
[0.08468852]
4915
[0.0797305]
4916
[0.12934133]
4917
[0.10667581]
4918
[0.18444202]
4919
[0.20630246]
4920
[0.08511739]
4921
[0.13452319]
4922
[0.18114831]
4923
[0.21595179]
4924
[0.20277837]
4925
[0.09138685]
4926
[0.17908156]
4927
[0.07750505]
4928
[0.10438729]
4929
[0.08005776]
4930
[0.09313483]
4931
[0.11368793]
4932
[0.09261527]
4933
[0.12517936]
4934
[0.11729525]
4935
[0.18502119]
4936
[0.09900032]
4937
[0.12914206]
4938
[0.10461089]
4939
[0.12481074]
4940
[0.07871302]
4941
[0.16022638]
4942
[0.20964495]
4943
[0.11181614]
4944
[0.08963172]
4945
[0.07825383]
4946
[0.16485301]
4947
[0.20588224]
4948
[0.09219626]
4949
[0.15238852]
4950
[0.10828835]
4951
[0.09829519]
4952
[0.10058985]
4953
[0.08212394]
4954
[0.1057876]
4955
[0.19420166]
4956
[0.17443096]
4957
[0.08711122]
4958
[0.09863006]
4959
[0.07912588]
4960
[0.11095685]
4961
[0.12011103]
4962
[0.13807391]
4963
[0.11365998]
4964
[0.08918349]
4965
[0.16696327]
4966
[0.16494509]
4967
[0.13394604]
4968
[0.08678293]
4969
[0.21708636]
4970
[0.2019532]
4971
[0.10757774]
4972
[0.20203875]
4973
[0.08806141]
4974
[0.09832313]
4975
[0.07033007]
4976
[0.0936079]
4977
[0.1276032]
4978
[0.17066759]
4979
[0.12670896]
4980
[0.1213071]
4981
[0.15117621]
4982
[0.10246462]
4983
[0.21234035]
4984
[0.16400468]
4985
[0.13229622]
4986
[0.13776864]
4987
[0.10204057]
4988
[0.07968283]
4989
[0.05638798]
4990
[0.19618089]
4991
[0.0990105]
4992
[0.1126511]
4993
[0.11377908]
4994
[0.16737355]
4995
[0.08561211]
4996
[0.071061]
4997
[0.08422852]
4998
[0.17723828]
4999
[0.10554143]
[1] 40000    11
[1] 40000    11
