LOADING R
R LOADED
[1] "/home/lvanderl/Rlibs2"                         
[2] "/app/software/R/4.3.1-gfbf-2022b/lib/R/library"
[1] "/home/lvanderl/sieveSims"
[1] "gam 2 2"
[1] 0.2171525
[1] 0.2171525
[1] 0.2171525
25.367346938775512
0
[0.13322714]
1
[0.11974214]
2
[0.11595839]
3
[0.12190357]
4
[0.1053345]
5
[0.11395445]
6
[0.11355343]
7
[0.08141866]
8
[0.11308648]
9
[0.13840997]
10
[0.09962277]
11
[0.06352196]
12
[0.13945673]
13
[0.11156026]
14
[0.09822922]
15
[0.07669164]
16
[0.11792676]
17
[0.13955219]
18
[0.10596118]
19
[0.12208493]
20
[0.08552199]
21
[0.12260077]
22
[0.12118228]
23
[0.07757058]
24
[0.1296638]
25
[0.08959605]
26
[0.10209287]
27
[0.0997479]
28
[0.07845991]
29
[0.08962644]
30
[0.06334883]
31
[0.12007546]
32
[0.0981849]
33
[0.09073098]
34
[0.12443971]
35
[0.12573519]
36
[0.12551295]
37
[0.10206488]
38
[0.09434107]
39
[0.13746086]
40
[0.14077138]
41
[0.11320065]
42
[0.09069584]
43
[0.12212435]
44
[0.11956889]
45
[0.08762231]
46
[0.10761967]
47
[0.11706205]
48
[0.13226751]
49
[0.11038025]
50
[0.13855456]
51
[0.10125369]
52
[0.13421874]
53
[0.0710913]
54
[0.08880569]
55
[0.12102996]
56
[0.10744443]
57
[0.07068003]
58
[0.12552201]
59
[0.12776926]
60
[0.12603335]
61
[0.11745908]
62
[0.13046821]
63
[0.13686862]
64
[0.12392617]
65
[0.12441543]
66
[0.12874699]
67
[0.11818641]
68
[0.12763444]
69
[0.124306]
70
[0.10772942]
71
[0.12529758]
72
[0.08316316]
73
[0.10053034]
74
[0.08860008]
75
[0.13098817]
76
[0.12736303]
77
[0.09277774]
78
[0.14289177]
79
[0.12626341]
80
[0.07289848]
81
[0.08239426]
82
[0.13838598]
83
[0.09506088]
84
[0.11704738]
85
[0.07810478]
86
[0.13673288]
87
[0.09237314]
88
[0.14071262]
89
[0.08535621]
90
[0.10355933]
91
[0.12625981]
92
[0.1262676]
93
[0.07990583]
94
[0.09145068]
95
[0.13197448]
96
[0.10375756]
97
[0.13240807]
98
[0.07253812]
99
[0.13769311]
100
[0.12065702]
101
[0.12680568]
102
[0.13073195]
103
[0.1206059]
104
[0.10809351]
105
[0.13987199]
106
[0.13052415]
107
[0.12143868]
108
[0.09854946]
109
[0.13842824]
110
[0.08346082]
111
[0.12113295]
112
[0.08925987]
113
[0.13159961]
114
[0.14031069]
115
[0.12189269]
116
[0.07347257]
117
[0.12776357]
118
[0.0830948]
119
[0.06928965]
120
[0.0717449]
121
[0.10289057]
122
[0.14241221]
123
[0.10351862]
124
[0.09406137]
125
[0.09830874]
126
[0.10427736]
127
[0.13524312]
128
[0.11038885]
129
[0.11884056]
130
[0.07781809]
131
[0.09690115]
132
[0.08027663]
133
[0.11088974]
134
[0.13188533]
135
[0.09789424]
136
[0.131188]
137
[0.13506103]
138
[0.13955194]
139
[0.12714599]
140
[0.08550205]
141
[0.1312535]
142
[0.11353658]
143
[0.09030923]
144
[0.1086104]
145
[0.11786358]
146
[0.09007845]
147
[0.14278289]
148
[0.10216607]
149
[0.08237521]
150
[0.07884853]
151
[0.09966967]
152
[0.13586611]
153
[0.12033246]
154
[0.09263281]
155
[0.0963995]
156
[0.09555944]
157
[0.13429568]
158
[0.12493546]
159
[0.10698908]
160
[0.12378061]
161
[0.07907988]
162
[0.14205647]
163
[0.06274516]
164
[0.10655059]
165
[0.11864228]
166
[0.07783396]
167
[0.07660656]
168
[0.10007038]
169
[0.13548128]
170
[0.06763899]
171
[0.05693521]
172
[0.13800122]
173
[0.10927302]
174
[0.07621238]
175
[0.14061995]
176
[0.13938611]
177
[0.12666932]
178
[0.11698863]
179
[0.11345395]
180
[0.1169432]
181
[0.08193881]
182
[0.12364274]
183
[0.11651006]
184
[0.12575955]
185
[0.08865059]
186
[0.14039456]
187
[0.10378015]
188
[0.12947519]
189
[0.12779098]
190
[0.12862519]
191
[0.13113987]
192
[0.08509171]
193
[0.14036436]
194
[0.1171429]
195
[0.08269234]
196
[0.12372106]
197
[0.13439473]
198
[0.12745861]
199
[0.14163208]
200
[0.14128286]
201
[0.10303651]
202
[0.14227009]
203
[0.10643249]
204
[0.13003974]
205
[0.07433636]
206
[0.09075063]
207
[0.11427451]
208
[0.06036941]
209
[0.12360328]
210
[0.14186881]
211
[0.13641172]
212
[0.08486192]
213
[0.13702773]
214
[0.09031329]
215
[0.12454184]
216
[0.1014703]
217
[0.1006622]
218
[0.11963715]
219
[0.12997985]
220
[0.09591333]
221
[0.0852389]
222
[0.11967241]
223
[0.08083969]
224
[0.09670056]
225
[0.11850553]
226
[0.12916066]
227
[0.05710681]
228
[0.08331522]
229
[0.13932153]
230
[0.10024097]
231
[0.11107499]
232
[0.11341056]
233
[0.13822018]
234
[0.12892431]
235
[0.10053311]
236
[0.07434757]
237
[0.1028936]
238
[0.12496602]
239
[0.08201487]
240
[0.08101847]
241
[0.07155741]
242
[0.12865873]
243
[0.1352159]
244
[0.09459747]
245
[0.12389078]
246
[0.13803369]
247
[0.13144226]
248
[0.10437836]
249
[0.13983715]
250
[0.14168407]
251
[0.07662906]
252
[0.14130017]
253
[0.09304646]
254
[0.07328649]
255
[0.08773207]
256
[0.09616874]
257
[0.13316716]
258
[0.13329572]
259
[0.11246238]
260
[0.128062]
261
[0.11452509]
262
[0.12968471]
263
[0.1365373]
264
[0.09332056]
265
[0.11890381]
266
[0.08006329]
267
[0.12167045]
268
[0.13042745]
269
[0.09750557]
270
[0.11648188]
271
[0.08911515]
272
[0.11668287]
273
[0.07503314]
274
[0.13247514]
275
[0.11655791]
276
[0.13399678]
277
[0.11522495]
278
[0.13869584]
279
[0.11698417]
280
[0.08418687]
281
[0.13138569]
282
[0.06051607]
283
[0.13004018]
284
[0.0805099]
285
[0.13507504]
286
[0.07499059]
287
[0.11806147]
288
[0.12219956]
289
[0.087285]
290
[0.07823691]
291
[0.12934099]
292
[0.13750945]
293
[0.12711546]
294
[0.12722645]
295
[0.13183421]
296
[0.12082113]
297
[0.1010895]
298
[0.11641559]
299
[0.11955835]
300
[0.11895839]
301
[0.1266439]
302
[0.12865232]
303
[0.11249839]
304
[0.13765561]
305
[0.12828965]
306
[0.09158529]
307
[0.13877732]
308
[0.13734657]
309
[0.12964679]
310
[0.10564854]
311
[0.10714178]
312
[0.11564532]
313
[0.11292498]
314
[0.07934661]
315
[0.12612599]
316
[0.08441657]
317
[0.09891983]
318
[0.13390598]
319
[0.09619928]
320
[0.07655604]
321
[0.14261825]
322
[0.07914658]
323
[0.13946471]
324
[0.13286409]
325
[0.13673622]
326
[0.13963705]
327
[0.08764329]
328
[0.10813732]
329
[0.11411874]
330
[0.13892362]
331
[0.09978503]
332
[0.08121425]
333
[0.11109371]
334
[0.12552807]
335
[0.13391183]
336
[0.0961781]
337
[0.09507627]
338
[0.0981094]
339
[0.13787737]
340
[0.10056033]
341
[0.1162144]
342
[0.13877057]
343
[0.07984039]
344
[0.11555638]
345
[0.12776926]
346
[0.09172892]
347
[0.13717632]
348
[0.10992318]
349
[0.1248733]
350
[0.13238875]
351
[0.11224536]
352
[0.13277233]
353
[0.11462389]
354
[0.10371699]
355
[0.08214588]
356
[0.12390831]
357
[0.14008499]
358
[0.12290618]
359
[0.07733087]
360
[0.12457024]
361
[0.09393106]
362
[0.14060301]
363
[0.09612487]
364
[0.11067591]
365
[0.0775214]
366
[0.1374421]
367
[0.11797654]
368
[0.10927084]
369
[0.09480982]
370
[0.14103212]
371
[0.13779526]
372
[0.14004914]
373
[0.14012382]
374
[0.09189992]
375
[0.10920376]
376
[0.13366012]
377
[0.07500395]
378
[0.09648221]
379
[0.09192936]
380
[0.11423582]
381
[0.13796808]
382
[0.14099468]
383
[0.12971178]
384
[0.13007093]
385
[0.11455264]
386
[0.12347424]
387
[0.11179219]
388
[0.13549883]
389
[0.0791432]
390
[0.11779117]
391
[0.07602607]
392
[0.11787058]
393
[0.09242239]
394
[0.12528216]
395
[0.10729427]
396
[0.10412997]
397
[0.07724661]
398
[0.13722196]
399
[0.11439108]
400
[0.12899469]
401
[0.10211901]
402
[0.09959007]
403
[0.07339006]
404
[0.10313666]
405
[0.12330719]
406
[0.11578512]
407
[0.09933964]
408
[0.10897467]
409
[0.10157385]
410
[0.09524713]
411
[0.09737729]
412
[0.07917134]
413
[0.1401662]
414
[0.14033651]
415
[0.14031966]
416
[0.11877932]
417
[0.11693033]
418
[0.08043972]
419
[0.08138185]
420
[0.1070799]
421
[0.13486164]
422
[0.08894008]
423
[0.09672133]
424
[0.09252583]
425
[0.13616225]
426
[0.10700771]
427
[0.13755068]
428
[0.10780738]
429
[0.12483939]
430
[0.12709996]
431
[0.09693422]
432
[0.13116508]
433
[0.11218156]
434
[0.07777347]
435
[0.11292544]
436
[0.1191254]
437
[0.08809669]
438
[0.1146442]
439
[0.08607413]
440
[0.13969747]
441
[0.10435311]
442
[0.11421934]
443
[0.08777811]
444
[0.11625567]
445
[0.11021427]
446
[0.06850134]
447
[0.07280603]
448
[0.08527227]
449
[0.07210879]
450
[0.12722696]
451
[0.11848042]
452
[0.13110152]
453
[0.07599918]
454
[0.06891482]
455
[0.08836435]
456
[0.06520418]
457
[0.12864941]
458
[0.12789208]
459
[0.13667841]
460
[0.10848708]
461
[0.051299]
462
[0.11881097]
463
[0.13933132]
464
[0.0783535]
465
[0.09448323]
466
[0.05421432]
467
[0.09148563]
468
[0.07851676]
469
[0.11103968]
470
[0.1204008]
471
[0.11787311]
472
[0.08043008]
473
[0.1180413]
474
[0.1104602]
475
[0.10683221]
476
[0.13506182]
477
[0.0983575]
478
[0.0914239]
479
[0.11480184]
480
[0.13683939]
481
[0.0797601]
482
[0.13333343]
483
[0.13505599]
484
[0.13438448]
485
[0.07619697]
486
[0.12051706]
487
[0.08409408]
488
[0.1194472]
489
[0.13259943]
490
[0.11898106]
491
[0.1158855]
492
[0.14275675]
493
[0.06790382]
494
[0.11384184]
495
[0.08960187]
496
[0.12848637]
497
[0.10192127]
498
[0.0836583]
499
[1] 2500   11
[1] 2500   11
[0.11401666]
