LOADING R
R LOADED
[1] "/home/lvanderl/Rlibs2"                         
[2] "/app/software/R/4.3.1-gfbf-2022b/lib/R/library"
[1] "/home/lvanderl/sieveSims"
[1] "rf 1 5"
[1] "histogram binning"
[1] 0.2006136
[1] 0.2006136
[1] "mondrian"
[1] "iso"
[1] 0.2006136
[1] "conditional"
[   10.            11.51395399    13.25711366    15.26417967
    17.57510625    20.23589648    23.29951811    26.82695795
    30.88843596    35.56480306    40.94915062    47.14866363
    54.28675439    62.50551925    71.9685673     82.86427729
    95.40954763   109.8541142    126.48552169   145.63484775
   167.68329368   193.06977289   222.29964825   255.95479227
   294.70517026   339.32217719   390.69399371   449.8432669
   517.94746792   596.36233166   686.648845     790.60432109
   910.29817799  1048.11313415  1206.79264064  1389.49549437
  1599.85871961  1842.06996933  2120.95088792  2442.05309455
  2811.76869797  3237.45754282  3727.59372031  4291.93426013
  4941.71336132  5689.86602902  6551.2855686   7543.12006335
  8685.11373751 10000.        ]
[ 0.48395431  0.48939309  0.49130851  0.50379227  0.50353921  0.50289905
  0.50969518  0.53223604  0.5213289   0.52276467  0.56658282  0.55732196
  0.58655957  0.58872429  0.58021923  0.59807546  0.57108597  0.61211365
  0.64380651  0.55230288  0.66378215  0.56579125  0.69057614  0.62989021
  0.62574481  0.65637178  0.66542741  1.04824703  1.14148495  0.97720671
  0.83130587  0.68652007  1.15535817  1.30844611  1.50089807  2.02641254
  1.66966031  3.06699918  2.54309196  3.59690284  4.09441743  3.23021205
  5.26869648  4.03519828  6.46892741  4.58409029  6.98216908  7.51714769
 12.71548185 10.06483539]
10.0
0.1
0
[0.47686954]
1
[0.41726949]
2
[0.2455834]
3
[0.42728156]
4
[0.18113482]
5
[0.20827199]
6
[0.49718758]
7
[0.2243063]
8
[0.22147133]
9
[0.0527277]
10
[0.49937775]
11
[0.17134232]
12
[0.33705712]
13
[0.40002579]
14
[0.50466619]
15
[0.51209903]
16
[0.26673845]
17
[0.63859667]
18
[0.44116112]
19
[0.30255004]
20
[0.24722074]
21
[0.34699491]
22
[0.53778078]
23
[0.61084604]
24
[0.01433714]
25
[0.40853153]
26
[0.15467888]
27
[0.0814802]
28
[0.27392984]
29
[0.33052407]
30
[0.64456793]
31
[0.37368914]
32
[0.29359112]
33
[0.10726915]
34
[0.42376789]
35
[0.48875743]
36
[0.3389959]
37
[0.53677635]
38
[0.56281837]
39
[0.39842879]
40
[0.27375689]
41
[0.1849648]
42
[0.19927753]
43
[0.33329863]
44
[0.30415744]
45
[0.16696982]
46
[0.44617084]
47
[0.10156362]
48
[0.07463028]
49
[0.54814082]
50
[0.14980694]
51
[0.18745266]
52
[0.03398196]
53
[0.34833144]
54
[0.47356301]
55
[0.35975198]
56
[0.03570217]
57
[0.15584297]
58
[0.04141969]
59
[0.37588527]
60
[0.59791526]
61
[0.31017417]
62
[0.2774542]
63
[0.49587361]
64
[0.41090555]
65
[0.34680402]
66
[0.20801497]
67
[0.2832422]
68
[0.21587356]
69
[0.20932593]
70
[0.08398184]
71
[0.54726781]
72
[0.29381942]
73
[0.10193442]
74
[0.02443701]
75
[0.2858503]
76
[0.11003822]
77
[0.15492637]
78
[0.60897749]
79
[0.08648874]
80
[0.23647742]
81
[0.27452904]
82
[0.29922196]
83
[0.3654337]
84
[0.18911346]
85
[0.11208348]
86
[0.32867804]
87
[0.09849921]
88
[0.06106828]
89
[0.03572538]
90
[0.43683128]
91
[0.62142615]
92
[0.21513183]
93
[0.2084845]
94
[0.4732762]
95
[0.43074111]
96
[0.20191881]
97
[0.2716925]
98
[0.43843805]
99
[0.4426463]
100
[0.55676542]
101
[0.21356671]
102
[0.08396844]
103
[0.35043034]
104
[0.23134083]
105
[0.28990817]
106
[0.51656199]
107
[0.25954035]
108
[0.11825563]
109
[0.25874875]
110
[0.36900524]
111
[0.3056987]
112
[0.25796049]
113
[0.03832046]
114
[0.02079328]
115
[0.20497546]
116
[0.12870794]
117
[0.49558466]
118
[0.34187257]
119
[0.32357595]
120
[0.12671251]
121
[0.05998666]
122
[0.17111039]
123
[0.0106014]
124
[0.17685907]
125
[0.55470883]
126
[0.4322398]
127
[0.62986017]
128
[0.14080635]
129
[0.04109616]
130
[0.63405588]
131
[0.45343867]
132
[0.26045163]
133
[0.39515939]
134
[0.29554779]
135
[0.25225256]
136
[0.18794352]
137
[0.37889863]
138
[0.27611637]
139
[0.44974649]
140
[0.49474541]
141
[0.34953598]
142
[0.17158518]
143
[0.23554805]
144
[0.5629548]
145
[0.09334994]
146
[0.13417334]
147
[0.52400647]
148
[0.31886277]
149
[0.20017619]
150
[0.03813469]
151
[0.26061992]
152
[0.41476852]
153
[0.45697683]
154
[0.41031005]
155
[0.33668083]
156
[0.2867205]
157
[0.43753577]
158
[0.28149601]
159
[0.15629126]
160
[0.1435859]
161
[0.44357654]
162
[0.56461472]
163
[0.43831767]
164
[0.30568162]
165
[0.41598192]
166
[0.04447557]
167
[0.51331097]
168
[0.41351445]
169
[0.62654663]
170
[0.64699016]
171
[0.40252609]
172
[0.48137351]
173
[0.0299018]
174
[0.07439332]
175
[0.27898222]
176
[0.20024264]
177
[0.11138415]
178
[0.36055728]
179
[0.32459627]
180
[0.28512017]
181
[0.05022625]
182
[0.50353648]
183
[0.588789]
184
[0.42731745]
185
[0.09935955]
186
[0.32746059]
187
[0.62170555]
188
[0.24995219]
189
[0.47383751]
190
[0.4122979]
191
[0.22497699]
192
[0.46231661]
193
[0.22972713]
194
[0.3497584]
195
[0.02842572]
196
[0.25380898]
197
[0.40708728]
198
[0.60990491]
199
[0.60009941]
200
[0.6401994]
201
[0.36028858]
202
[0.39949644]
203
[0.06430985]
204
[0.56413691]
205
[0.64153998]
206
[0.43222203]
207
[0.3466673]
208
[0.40860235]
209
[0.20749731]
210
[0.36127115]
211
[0.43147547]
212
[0.13236215]
213
[0.61195202]
214
[0.30717202]
215
[0.07922727]
216
[0.50444706]
217
[0.16589238]
218
[0.261434]
219
[0.14674521]
220
[0.39186579]
221
[0.48056876]
222
[0.55939392]
223
[0.18269079]
224
[0.39816349]
225
[0.32244283]
226
[0.3744644]
227
[0.23245274]
228
[0.59278087]
229
[0.19816239]
230
[0.23282347]
231
[0.08673751]
232
[0.23771232]
233
[0.02370961]
234
[0.44956057]
235
[0.29076531]
236
[0.41276026]
237
[0.3609141]
238
[0.24791546]
239
[0.38478961]
240
[0.18113958]
241
[0.59483504]
242
[0.57024986]
243
[0.39121602]
244
[0.15629382]
245
[0.08017811]
246
[0.44265594]
247
[0.53455138]
248
[0.21967052]
249
[0.6346619]
250
[0.37455788]
251
[0.39890469]
252
[0.31606275]
253
[0.57800942]
254
[0.0608926]
255
[0.0973962]
256
[0.51585979]
257
[0.47864086]
258
[0.62594007]
259
[0.42076719]
260
[0.52429593]
261
[0.62396107]
262
[0.24036612]
263
[0.53771166]
264
[0.43822618]
265
[0.5123487]
266
[0.58622197]
267
[0.17649128]
268
[0.42118254]
269
[0.34325569]
270
[0.25320158]
271
[0.37656433]
272
[0.18089502]
273
[0.03529661]
274
[0.2812944]
275
[0.03880235]
276
[0.41786297]
277
[0.41776099]
278
[0.29549717]
279
[0.40761179]
280
[0.14886883]
281
[0.29342747]
282
[0.14168335]
283
[0.46937567]
284
[0.51480936]
285
[0.32794492]
286
[0.34057631]
287
[0.1901543]
288
[0.46932677]
289
[0.15313639]
290
[0.47160206]
291
[0.44872102]
292
[0.16866445]
293
[0.16154711]
294
[0.03797147]
295
[0.07674216]
296
[0.3759949]
297
[0.02143848]
298
[0.37910416]
299
[0.56015386]
300
[0.50070571]
301
[0.63738546]
302
[0.15500379]
303
[0.6032295]
304
[0.62869679]
305
[0.2453846]
306
[0.36087715]
307
[0.16164122]
308
[0.47727607]
309
[0.28550949]
310
[0.02220421]
311
[0.33395106]
312
[0.1396863]
313
[0.48558178]
314
[0.58594535]
315
[0.55571862]
316
[0.19943116]
317
[0.29171106]
318
[0.3035203]
319
[0.42840817]
320
[0.45237105]
321
[0.53040995]
322
[0.17334374]
323
[0.04063875]
324
[0.35560451]
325
[0.33805005]
326
[0.33010187]
327
[0.52819498]
328
[0.17107601]
329
[0.18977725]
330
[0.48943911]
331
[0.2629709]
332
[0.45819886]
333
[0.25841292]
334
[0.0867252]
335
[0.54439366]
336
[0.29067354]
337
[0.51396537]
338
[0.27549075]
339
[0.39674445]
340
[0.5540716]
341
[0.05896977]
342
[0.16144538]
343
[0.59656138]
344
[0.49484329]
345
[0.04814843]
346
[0.06595489]
347
[0.31289244]
348
[0.34331504]
349
[0.08057638]
350
[0.51307736]
351
[0.42345091]
352
[0.0777309]
353
[0.15470049]
354
[0.31155936]
355
[0.20487348]
356
[0.20701765]
357
[0.46646133]
358
[0.16974141]
359
[0.35358214]
360
[0.08265728]
361
[0.4687195]
362
[0.45400179]
363
[0.43208989]
364
[0.44138498]
365
[0.09111864]
366
[0.06727843]
367
[0.27731654]
368
[0.63946834]
369
[0.18627138]
370
[0.57830268]
371
[0.02219636]
372
[0.2990395]
373
[0.41563968]
374
[0.20430546]
375
[0.13064527]
376
[0.24333728]
377
[0.20870219]
378
[0.44366801]
379
[0.31773713]
380
[0.16621545]
381
[0.20759311]
382
[0.43864964]
383
[0.30306308]
384
[0.2700657]
385
[0.48510472]
386
[0.05646074]
387
[0.46875346]
388
[0.1698233]
389
[0.52583301]
390
[0.46038164]
391
[0.1822742]
392
[0.32795181]
393
[0.44954753]
394
[0.40168462]
395
[0.1844624]
396
[0.26827855]
397
[0.06292107]
398
[0.45046674]
399
[0.32439341]
400
[0.47556587]
401
[0.34153826]
402
[0.62993532]
403
[0.44295659]
404
[0.41237017]
405
[0.27645291]
406
[0.38755764]
407
[0.14994923]
408
[0.42884494]
409
[0.49025399]
410
[0.30043528]
411
[0.18744016]
412
[0.08500431]
413
[0.3419827]
414
[0.02524324]
415
[0.33191045]
416
[0.07258236]
417
[0.37455554]
418
[0.56518388]
419
[0.58840395]
420
[0.53631016]
421
[0.37377348]
422
[0.43024687]
423
[0.17824676]
424
[0.19542675]
425
[0.46754843]
426
[0.27821853]
427
[0.5782317]
428
[0.46212682]
429
[0.31019043]
430
[0.47546852]
431
[0.51846539]
432
[0.05717917]
433
[0.47806481]
434
[0.21193674]
435
[0.42279891]
436
[0.52304821]
437
[0.04469831]
438
[0.33288694]
439
[0.53010458]
440
[0.11791938]
441
[0.54726424]
442
[0.44875627]
443
[0.40717371]
444
[0.03009189]
445
[0.19893824]
446
[0.09961322]
447
[0.38309311]
448
[0.35297722]
449
[0.59373954]
450
[0.53834123]
451
[0.57809688]
452
[0.12766156]
453
[0.43623846]
454
[0.467697]
455
[0.39868387]
456
[0.36513557]
457
[0.25925684]
458
[0.49939382]
459
[0.51019088]
460
[0.07975527]
461
[0.33012586]
462
[0.55463991]
463
[0.53165288]
464
[0.25236306]
465
[0.53819182]
466
[0.3579359]
467
[0.03755616]
468
[0.56038054]
469
[0.50394668]
470
[0.22996321]
471
[0.01556797]
472
[0.21214137]
473
[0.16995041]
474
[0.03891651]
475
[0.50351363]
476
[0.50164088]
477
[0.56085279]
478
[0.36705112]
479
[0.21708187]
480
[0.18653765]
481
[0.49612643]
482
[0.55654714]
483
[0.33032273]
484
[0.44159699]
485
[0.16044894]
486
[0.58114208]
487
[0.40565139]
488
[0.44768185]
489
[0.55951805]
490
[0.1218008]
491
[0.44570847]
492
[0.28141357]
493
[0.29029622]
494
[0.32761627]
495
[0.54475752]
496
[0.07142394]
497
[0.45373139]
498
[0.62179804]
499
[0.31196442]
500
[0.15798848]
501
[0.34275395]
502
[0.39764963]
503
[0.36095967]
504
[0.37102202]
505
[0.57126693]
506
[0.20996926]
507
[0.46054791]
508
[0.46615703]
509
[0.20392558]
510
[0.36249147]
511
[0.42111819]
512
[0.63602225]
513
[0.27173351]
514
[0.51313951]
515
[0.17270214]
516
[0.04746508]
517
[0.09206813]
518
[0.33846792]
519
[0.01786083]
520
[0.31445542]
521
[0.41954049]
522
[0.34187066]
523
[0.23736896]
524
[0.35594286]
525
[0.34425663]
526
[0.53672312]
527
[0.06374104]
528
[0.21547945]
529
[0.61830862]
530
[0.39449593]
531
[0.21054188]
532
[0.12554089]
533
[0.08804016]
534
[0.03298623]
535
[0.57233668]
536
[0.34703987]
537
[0.23666734]
538
[0.46405807]
539
[0.14895987]
540
[0.4248027]
541
[0.37229299]
542
[0.55515655]
543
[0.18596214]
544
[0.38976599]
545
[0.10774873]
546
[0.2291053]
547
[0.64033656]
548
[0.09523921]
549
[0.0562297]
550
[0.52519496]
551
[0.10786476]
552
[0.13750807]
553
[0.28497456]
554
[0.3643268]
555
[0.22759859]
556
[0.04939491]
557
[0.15488453]
558
[0.41924255]
559
[0.21525841]
560
[0.41149319]
561
[0.40797988]
562
[0.46974606]
563
[0.2821123]
564
[0.62205018]
565
[0.0414924]
566
[0.1125051]
567
[0.14500688]
568
[0.25765596]
569
[0.16964727]
570
[0.4150535]
571
[0.34862095]
572
[0.5206346]
573
[0.05944006]
574
[0.0434868]
575
[0.54520524]
576
[0.1246994]
577
[0.597184]
578
[0.41754072]
579
[0.24887833]
580
[0.37595762]
581
[0.34602339]
582
[0.59590959]
583
[0.11892488]
584
[0.46105734]
585
[0.31808082]
586
[0.28677384]
587
[0.53106693]
588
[0.33468528]
589
[0.3940892]
590
[0.40353454]
591
[0.48048277]
592
[0.12703662]
593
[0.46269358]
594
[0.27973307]
595
[0.1059952]
596
[0.18988207]
597
[0.12554787]
598
[0.39113729]
599
[0.1406876]
600
[0.37475311]
601
[0.28208105]
602
[0.42938184]
603
[0.63366503]
604
[0.36847036]
605
[0.33601763]
606
[0.0465615]
607
[0.09620292]
608
[0.46664425]
609
[0.11174245]
610
[0.03570094]
611
[0.38065205]
612
[0.50112855]
613
[0.3102047]
614
[0.09560811]
615
[0.06976571]
616
[0.34692063]
617
[0.46935727]
618
[0.4789838]
619
[0.54107511]
620
[0.60378812]
621
[0.40826404]
622
[0.02094324]
623
[0.43538286]
624
[0.12910719]
625
[0.63115183]
626
[0.60841716]
627
[0.58830425]
628
[0.32808826]
629
[0.50710169]
630
[0.34891879]
631
[0.40600173]
632
[0.53095972]
633
[0.36008082]
634
[0.42402115]
635
[0.04810095]
636
[0.37167818]
637
[0.55976303]
638
[0.37114515]
639
[0.04837503]
640
[0.57996027]
641
[0.02746367]
642
[0.28418036]
643
[0.4014777]
644
[0.10374546]
645
[0.21507939]
646
[0.19531967]
647
[0.24111385]
648
[0.30831516]
649
[0.29701977]
650
[0.20500984]
651
[0.25502765]
652
[0.5687661]
653
[0.12704127]
654
[0.36468864]
655
[0.29908708]
656
[0.39975227]
657
[0.43227944]
658
[0.08681195]
659
[0.40509433]
660
[0.36263651]
661
[0.4610963]
662
[0.53011977]
663
[0.44090956]
664
[0.35423957]
665
[0.27970157]
666
[0.3399096]
667
[0.62980552]
668
[0.48429329]
669
[0.36120785]
670
[0.27583448]
671
[0.07082396]
672
[0.0409627]
673
[0.32305035]
674
[0.51726501]
675
[0.52598155]
676
[0.31802086]
677
[0.233616]
678
[0.52084768]
679
[0.02470127]
680
[0.34848816]
681
[0.36536159]
682
[0.40971725]
683
[0.52121571]
684
[0.26824522]
685
[0.27004212]
686
[0.40230164]
687
[0.12643309]
688
[0.23254957]
689
[0.4293146]
690
[0.0885542]
691
[0.53566652]
692
[0.42128534]
693
[0.37049193]
694
[0.252618]
695
[0.11668915]
696
[0.21977379]
697
[0.08381038]
698
[0.57868536]
699
[0.35253133]
700
[0.42585425]
701
[0.01403257]
702
[0.32488428]
703
[0.36610232]
704
[0.37132825]
705
[0.24558853]
706
[0.36510455]
707
[0.24164266]
708
[0.30619139]
709
[0.23441941]
710
[0.41453713]
711
[0.64232546]
712
[0.30799879]
713
[0.46255969]
714
[0.24843583]
715
[0.43208746]
716
[0.11445221]
717
[0.44998791]
718
[0.60766985]
719
[0.63385814]
720
[0.42543119]
721
[0.41141748]
722
[0.44413563]
723
[0.09661805]
724
[0.45404066]
725
[0.40002414]
726
[0.17594917]
727
[0.55313855]
728
[0.07157061]
729
[0.47277305]
730
[0.44912692]
731
[0.128395]
732
[0.30382937]
733
[0.60716204]
734
[0.04980821]
735
[0.41883786]
736
[0.29222501]
737
[0.03191976]
738
[0.08023558]
739
[0.62517349]
740
[0.02280687]
741
[0.40266607]
742
[0.46011583]
743
[0.58141287]
744
[0.61179424]
745
[0.05434717]
746
[0.63502826]
747
[0.1559365]
748
[0.09146087]
749
[0.13677403]
750
[0.49125781]
751
[0.47919026]
752
[0.10764812]
753
[0.26067906]
754
[0.59596747]
755
[0.45112094]
756
[0.25740863]
757
[0.17975412]
758
[0.49537713]
759
[0.27439302]
760
[0.38097426]
761
[0.54466039]
762
[0.54332489]
763
[0.31574121]
764
[0.29937402]
765
[0.36795066]
766
[0.50168174]
767
[0.21986478]
768
[0.40722256]
769
[0.58125122]
770
[0.39372585]
771
[0.05756359]
772
[0.63903057]
773
[0.61632286]
774
[0.20660873]
775
[0.14534257]
776
[0.40428723]
777
[0.51344992]
778
[0.46339312]
779
[0.13721408]
780
[0.32964842]
781
[0.39317016]
782
[0.40684023]
783
[0.33718376]
784
[0.41630442]
785
[0.12319988]
786
[0.33111372]
787
[0.44905743]
788
[0.61128348]
789
[0.04241073]
790
[0.28955519]
791
[0.37046897]
792
[0.06516674]
793
[0.60242828]
794
[0.63349513]
795
[0.56403846]
796
[0.17900893]
797
[0.46110469]
798
[0.43527963]
799
[0.2597062]
800
[0.37401412]
801
[0.2227956]
802
[0.07787923]
803
[0.07682907]
804
[0.2300632]
805
[0.18581518]
806
[0.19776473]
807
[0.49390407]
808
[0.50084901]
809
[0.25041926]
810
[0.17666003]
811
[0.21151018]
812
[0.56080229]
813
[0.32965378]
814
[0.43277526]
815
[0.26019208]
816
[0.33250424]
817
[0.60881387]
818
[0.18080782]
819
[0.43692318]
820
[0.29446599]
821
[0.29596532]
822
[0.37577255]
823
[0.62499722]
824
[0.55371799]
825
[0.17593603]
826
[0.45573174]
827
[0.09148446]
828
[0.1574799]
829
[0.02979139]
830
[0.56461029]
831
[0.33448112]
832
[0.05118938]
833
[0.53800739]
834
[0.11525839]
835
[0.28346049]
836
[0.27959387]
837
[0.45037623]
838
[0.24433091]
839
[0.47432898]
840
[0.63218813]
841
[0.05822148]
842
[0.47022282]
843
[0.58542385]
844
[0.50194841]
845
[0.61202342]
846
[0.36018323]
847
[0.38580659]
848
[0.33247679]
849
[0.63533398]
850
[0.38258078]
851
[0.38949298]
852
[0.10853319]
853
[0.58565683]
854
[0.21996031]
855
[0.15218881]
856
[0.2845534]
857
[0.28581679]
858
[0.16385899]
859
[0.19398321]
860
[0.0703147]
861
[0.05915361]
862
[0.48031516]
863
[0.05632889]
864
[0.54876355]
865
[0.4428994]
866
[0.08528554]
867
[0.04277272]
868
[0.11077465]
869
[0.24163249]
870
[0.09607209]
871
[0.4669604]
872
[0.43565456]
873
[0.31297888]
874
[0.23934282]
875
[0.41467843]
876
[0.44305559]
877
[0.4040424]
878
[0.26728548]
879
[0.17099291]
880
[0.07110647]
881
[0.44018393]
882
[0.36067185]
883
[0.50774155]
884
[0.4022596]
885
[0.50165303]
886
[0.62739023]
887
[0.1007754]
888
[0.3120839]
889
[0.52518993]
890
[0.48390182]
891
[0.15236952]
892
[0.03007041]
893
[0.28166108]
894
[0.43644783]
895
[0.17088535]
896
[0.57060164]
897
[0.04947021]
898
[0.31185799]
899
[0.4286642]
900
[0.02235768]
901
[0.53993507]
902
[0.25108864]
903
[0.02725075]
904
[0.4372651]
905
[0.23422836]
906
[0.38032775]
907
[0.19079211]
908
[0.15556547]
909
[0.61166304]
910
[0.09644269]
911
[0.46075234]
912
[0.06662911]
913
[0.35097445]
914
[0.2613195]
915
[0.45486633]
916
[0.57062599]
917
[0.25166609]
918
[0.62998629]
919
[0.53223077]
920
[0.32467232]
921
[0.00823973]
922
[0.4322898]
923
[0.43556232]
924
[0.57138479]
925
[0.34403502]
926
[0.56908306]
927
[0.36859193]
928
[0.380745]
929
[0.64636273]
930
[0.56326204]
931
[0.29578401]
932
[0.43441977]
933
[0.36459392]
934
[0.58600256]
935
[0.60501412]
936
[0.33042933]
937
[0.38304454]
938
[0.27512926]
939
[0.40154407]
940
[0.25525466]
941
[0.53589099]
942
[0.61481915]
943
[0.40181194]
944
[0.37682619]
945
[0.58134063]
946
[0.448998]
947
[0.43501]
948
[0.40454573]
949
[0.64067867]
950
[0.2206255]
951
[0.47898466]
952
[0.2783821]
953
[0.37772862]
954
[0.40890231]
955
[0.29331907]
956
[0.23260336]
957
[0.04903402]
958
[0.41215409]
959
[0.34017099]
960
[0.39989218]
961
[0.47511966]
962
[0.38737044]
963
[0.14977121]
964
[0.03302236]
965
[0.2956196]
966
[0.0563193]
967
[0.51704375]
968
[0.24854499]
969
[0.491299]
970
[0.10478214]
971
[0.14087417]
972
[0.45506825]
973
[0.48238495]
974
[0.36794772]
975
[0.11122339]
976
[0.31443925]
977
[0.58541631]
978
[0.30997797]
979
[0.33965018]
980
[0.39024094]
981
[0.0136409]
982
[0.60741334]
983
[0.02807914]
984
[0.17559514]
985
[0.48501574]
986
[0.32202502]
987
[0.4041727]
988
[0.41819362]
989
[0.1775159]
990
[0.37515246]
991
[0.2443716]
992
[0.34075166]
993
[0.61673793]
994
[0.26749739]
995
[0.2834071]
996
[0.05211949]
997
[0.31168543]
998
[0.56883428]
999
[1] 8000   11
[1] 8000   11
[0.38193574]
