LOADING R
R LOADED
[1] "/home/lvanderl/Rlibs2"                         
[2] "/app/software/R/4.3.1-gfbf-2022b/lib/R/library"
[1] "/home/lvanderl/sieveSims"
[1] "rf 20 3"
[1] 0.03625268
[1] 0.03625268
[1] 0.03625268
[   10.            11.51395399    13.25711366    15.26417967
    17.57510625    20.23589648    23.29951811    26.82695795
    30.88843596    35.56480306    40.94915062    47.14866363
    54.28675439    62.50551925    71.9685673     82.86427729
    95.40954763   109.8541142    126.48552169   145.63484775
   167.68329368   193.06977289   222.29964825   255.95479227
   294.70517026   339.32217719   390.69399371   449.8432669
   517.94746792   596.36233166   686.648845     790.60432109
   910.29817799  1048.11313415  1206.79264064  1389.49549437
  1599.85871961  1842.06996933  2120.95088792  2442.05309455
  2811.76869797  3237.45754282  3727.59372031  4291.93426013
  4941.71336132  5689.86602902  6551.2855686   7543.12006335
  8685.11373751 10000.        ]
[0.20527569 0.20436057 0.20454485 0.20372639 0.20288685 0.20222497
 0.20050847 0.19951724 0.19810665 0.19664329 0.19495169 0.19253002
 0.19079323 0.18819961 0.18541489 0.18217895 0.17934476 0.17621896
 0.17217377 0.16883238 0.16549991 0.16150176 0.15863681 0.15529016
 0.1521893  0.14938476 0.14685229 0.14475617 0.1429967  0.1417161
 0.14126828 0.14102365 0.14108734 0.14108407 0.14107587 0.14112227
 0.14119801 0.14117552 0.14110169 0.1411997  0.14110194 0.14105713
 0.14105031 0.14110579 0.14124411 0.14109113 0.14122133 0.14115704
 0.14097883 0.14096355]
10000.0
0.0001
0
[0.62022809]
1
[0.24080174]
2
[0.02787192]
3
[0.00067528]
4
[0.67926471]
5
[0.67926471]
6
[0.58772479]
7
[0.67926471]
8
[0.54394482]
9
[0.67926471]
10
[0.67926471]
11
[0.00067528]
12
[0.67926471]
13
[0.00200194]
14
[0.67926471]
15
[0.17181513]
16
[0.67926471]
17
[0.52404484]
18
[0.28060171]
19
[0.41260493]
20
[0.02057526]
21
[0.09685853]
22
[0.66931472]
23
[0.64808807]
24
[0.58507145]
25
[0.3674983]
26
[0.67926471]
27
[0.67926471]
28
[0.67196805]
29
[0.65206807]
30
[0.67926471]
31
[0.38142829]
32
[0.0882352]
33
[0.67926471]
34
[0.4928682]
35
[0.29320503]
36
[0.46434489]
37
[0.67926471]
38
[0.67926471]
39
[0.35290498]
40
[0.55057815]
41
[0.30912502]
42
[0.55654815]
43
[0.31177835]
44
[0.36550831]
45
[0.67926471]
46
[0.22488176]
47
[0.60364477]
48
[0.04578191]
49
[0.67926471]
50
[0.67926471]
51
[0.21426843]
52
[0.67926471]
53
[0.05241523]
54
[0.30713502]
55
[0.13201517]
56
[0.44112824]
57
[0.67926471]
58
[0.20697177]
59
[0.0073086]
60
[0.40000161]
61
[0.17181513]
62
[0.07297855]
63
[0.57445813]
64
[0.26733505]
65
[0.67793804]
66
[0.18640845]
67
[0.67926471]
68
[0.35290498]
69
[0.0902252]
70
[0.6162481]
71
[0.67926471]
72
[0.42122826]
73
[0.67926471]
74
[0.48225487]
75
[0.42122826]
76
[0.60298144]
77
[0.67926471]
78
[0.67926471]
79
[0.45373156]
80
[0.67926471]
81
[0.48424487]
82
[0.5293515]
83
[0.67926471]
84
[0.40862494]
85
[0.67926471]
86
[0.67926471]
87
[0.67926471]
88
[0.08889854]
89
[0.67926471]
90
[0.67926471]
91
[0.67926471]
92
[0.00067528]
93
[0.67926471]
94
[0.67926471]
95
[0.67926471]
96
[0.11609518]
97
[0.67926471]
98
[0.67926471]
99
[0.67926471]
100
[0.45970156]
101
[0.2116151]
102
[0.67926471]
103
[0.67926471]
104
[0.27662171]
105
[0.52802484]
106
[0.43781158]
107
[0.67926471]
108
[0.01593193]
109
[0.67926471]
110
[0.59170478]
111
[0.02588192]
112
[0.67926471]
113
[0.00067528]
114
[0.67926471]
115
[0.49817486]
116
[0.67926471]
117
[0.0537419]
118
[0.67926471]
119
[0.04047524]
120
[0.32836167]
121
[0.40265494]
122
[0.67926471]
123
[0.55057815]
124
[0.23814841]
125
[0.22952509]
126
[0.67926471]
127
[0.20431844]
128
[0.11012519]
129
[0.27728505]
130
[0.56848814]
131
[0.5313415]
132
[0.67926471]
133
[0.56384481]
134
[0.26600839]
135
[0.39933828]
136
[0.67926471]
137
[0.61558476]
138
[0.67926471]
139
[0.35356832]
140
[0.53465816]
141
[0.60032811]
142
[0.67926471]
143
[0.11874851]
144
[0.37877496]
145
[0.67926471]
146
[0.01593193]
147
[0.67926471]
148
[0.42852492]
149
[0.67926471]
150
[0.01792193]
151
[0.34096499]
152
[0.05506856]
153
[0.6527314]
154
[0.2520784]
155
[0.67594805]
156
[0.67926471]
157
[0.10017519]
158
[0.67926471]
159
[0.03583191]
160
[0.35423165]
161
[0.4119416]
162
[0.47097822]
163
[0.67926471]
164
[0.67926471]
165
[0.28590837]
166
[0.27529505]
167
[0.67926471]
168
[0.67926471]
169
[0.4908782]
170
[0.31310502]
171
[0.67926471]
172
[0.29917503]
173
[0.14528182]
174
[0.67926471]
175
[0.67926471]
176
[0.6447714]
177
[0.67926471]
178
[0.67926471]
179
[0.67926471]
180
[0.67926471]
181
[0.22289176]
182
[0.11941184]
183
[0.63813808]
184
[0.67926471]
185
[0.13201517]
186
[0.37015163]
187
[0.67926471]
188
[0.56848814]
189
[0.55588481]
190
[0.17911179]
191
[0.50878819]
192
[0.4948582]
193
[0.05904856]
194
[0.67926471]
195
[0.57910146]
196
[0.00067528]
197
[0.67926471]
198
[0.67926471]
199
[0.56915147]
200
[0.31177835]
201
[0.16053848]
202
[0.66997805]
203
[0.1691618]
204
[0.55323148]
205
[0.57777479]
206
[0.67926471]
207
[0.07098855]
208
[0.50281819]
209
[0.67926471]
210
[0.13533183]
211
[0.37678496]
212
[0.04379191]
213
[0.67926471]
214
[0.06369189]
215
[0.38872495]
216
[0.67926471]
217
[0.46766155]
218
[0.67926471]
219
[0.67926471]
220
[0.67926471]
221
[0.08889854]
222
[0.05838523]
223
[0.02654526]
224
[0.67926471]
225
[0.65206807]
226
[0.49419486]
227
[0.13201517]
228
[0.67926471]
229
[0.2905517]
230
[0.67926471]
231
[0.44046491]
232
[0.47097822]
233
[0.67926471]
234
[0.07894854]
235
[0.57976479]
236
[0.16849847]
237
[0.67926471]
238
[0.4908782]
239
[0.67926471]
240
[0.1691618]
241
[0.67926471]
242
[0.67926471]
243
[0.48092821]
244
[0.67926471]
245
[0.59701144]
246
[0.66135472]
247
[0.67926471]
248
[0.0477719]
249
[0.67926471]
250
[0.37015163]
251
[0.2965217]
252
[0.67926471]
253
[0.67926471]
254
[0.4908782]
255
[0.40729827]
256
[0.67926471]
257
[0.05108857]
258
[0.67926471]
259
[0.67926471]
260
[0.67926471]
261
[0.30846169]
262
[0.67926471]
263
[0.20431844]
264
[0.34693499]
265
[0.41923826]
266
[0.50016486]
267
[0.11941184]
268
[0.4139316]
269
[0.00067528]
270
[0.67926471]
271
[0.67926471]
272
[0.12405517]
273
[0.67926471]
274
[0.67926471]
275
[0.67926471]
276
[0.67926471]
277
[0.37943829]
278
[0.67926471]
279
[0.67926471]
280
[0.47562155]
281
[0.67926471]
282
[0.67926471]
283
[0.47363155]
284
[0.67926471]
285
[0.67926471]
286
[0.27993838]
287
[0.67926471]
288
[0.56318147]
289
[0.08491854]
290
[0.38540829]
291
[0.04180191]
292
[0.46102823]
293
[0.41459493]
294
[0.41459493]
295
[0.5718048]
296
[0.0961952]
297
[0.67926471]
298
[0.67926471]
299
[0.67926471]
300
[0.67926471]
301
[0.55389481]
302
[0.00200194]
303
[0.67926471]
304
[0.56915147]
305
[0.67926471]
306
[0.53067817]
307
[0.67926471]
308
[0.67926471]
309
[0.33167833]
310
[0.14859849]
311
[0.38275496]
312
[0.67926471]
313
[0.42321826]
314
[0.54991482]
315
[0.0961952]
316
[0.67926471]
317
[0.26667172]
318
[0.17446846]
319
[0.67926471]
320
[0.54858815]
321
[0.46699822]
322
[0.67926471]
323
[0.08491854]
324
[0.67196805]
325
[0.29784836]
326
[0.14196516]
327
[0.66268139]
328
[0.32239167]
329
[0.30448169]
330
[0.67926471]
331
[0.18309179]
332
[0.51011485]
333
[0.00266528]
334
[0.14461849]
335
[0.67926471]
336
[0.67926471]
337
[0.55853814]
338
[0.19702178]
339
[0.56450814]
340
[0.00067528]
341
[0.67926471]
342
[0.67926471]
343
[0.61757476]
344
[0.60032811]
345
[0.03450525]
346
[0.22753509]
347
[0.55190482]
348
[0.3774483]
349
[0.67926471]
350
[0.67926471]
351
[0.12206518]
352
[0.56848814]
353
[0.67926471]
354
[0.11543185]
355
[0.30182836]
356
[0.67926471]
357
[0.67926471]
358
[0.30846169]
359
[0.22421842]
360
[0.67926471]
361
[0.58374479]
362
[0.48026488]
363
[0.2461084]
364
[0.03384192]
365
[0.00996194]
366
[0.54991482]
367
[0.15589515]
368
[0.67926471]
369
[0.09354187]
370
[0.43781158]
371
[0.36617164]
372
[0.20829844]
373
[0.67926471]
374
[0.64609807]
375
[0.67926471]
376
[0.04710857]
377
[0.33234167]
378
[0.52669817]
379
[0.4159216]
380
[0.01659526]
381
[0.18309179]
382
[0.67926471]
383
[0.15058848]
384
[0.67926471]
385
[0.67926471]
386
[0.38408162]
387
[0.45505823]
388
[0.67926471]
389
[0.67329471]
390
[0.67926471]
391
[0.67926471]
392
[0.66467139]
393
[0.67926471]
394
[0.67926471]
395
[0.16385514]
396
[0.67926471]
397
[0.0577219]
398
[0.40530827]
399
[0.38010163]
400
[0.18906179]
401
[0.67926471]
402
[0.07695855]
403
[0.00067528]
404
[0.30514502]
405
[0.67926471]
406
[0.25738506]
407
[0.67926471]
408
[0.15058848]
409
[0.58905145]
410
[0.67926471]
411
[0.67926471]
412
[0.67926471]
413
[0.57114147]
414
[0.67926471]
415
[0.67926471]
416
[0.67926471]
417
[0.67926471]
418
[0.61293143]
419
[0.327035]
420
[0.51210485]
421
[0.20697177]
422
[0.67926471]
423
[0.1286985]
424
[0.56649814]
425
[0.53731149]
426
[0.66931472]
427
[0.67926471]
428
[0.06103856]
429
[0.59701144]
430
[0.39137828]
431
[0.58308146]
432
[0.67926471]
433
[0.57910146]
434
[0.67926471]
435
[0.52072818]
436
[0.45174157]
437
[0.26733505]
438
[0.19503178]
439
[0.67860138]
440
[0.67926471]
441
[0.18441846]
442
[0.67926471]
443
[0.65936473]
444
[0.51542151]
445
[0.67926471]
446
[0.47628488]
447
[0.47097822]
448
[0.25141507]
449
[0.1286985]
450
[0.67926471]
451
[0.67926471]
452
[0.67926471]
453
[0.36152831]
454
[0.55787481]
455
[0.55256815]
456
[0.67926471]
457
[0.36152831]
458
[0.14063849]
459
[0.67926471]
460
[0.67926471]
461
[0.02853525]
462
[0.15523181]
463
[0.6102781]
464
[0.67926471]
465
[0.59369478]
466
[0.1711518]
467
[0.08292854]
468
[0.48557154]
469
[0.67926471]
470
[0.18242846]
471
[0.06501856]
472
[0.53996483]
473
[0.16584514]
474
[0.03384192]
475
[0.67926471]
476
[0.67926471]
477
[0.37612163]
478
[0.26335506]
479
[0.26335506]
480
[0.36152831]
481
[0.56848814]
482
[0.53067817]
483
[0.31973834]
484
[0.63150475]
485
[0.64808807]
486
[0.55986481]
487
[0.3714783]
488
[0.60430811]
489
[0.59037812]
490
[0.34162833]
491
[0.30779835]
492
[0.54328149]
493
[0.59303145]
494
[0.61094143]
495
[0.37214163]
496
[0.55522148]
497
[0.67926471]
498
[0.40663494]
499
[0.67926471]
500
[0.06103856]
501
[0.67926471]
502
[0.67926471]
503
[0.26070173]
504
[0.00067528]
505
[0.45970156]
506
[0.15589515]
507
[0.67926471]
508
[0.67926471]
509
[0.67926471]
510
[0.56848814]
511
[0.52006484]
512
[0.67926471]
513
[0.64278141]
514
[0.24677174]
515
[0.67926471]
516
[0.44776157]
517
[0.67926471]
518
[0.49618486]
519
[0.17048847]
520
[0.26667172]
521
[0.54925148]
522
[0.12405517]
523
[0.00067528]
524
[0.43051492]
525
[0.67926471]
526
[0.59966478]
527
[0.31708501]
528
[0.67926471]
529
[0.48756154]
530
[0.67926471]
531
[0.67926471]
532
[0.67926471]
533
[0.23682175]
534
[0.13864849]
535
[0.18375512]
536
[0.4119416]
537
[0.48490821]
538
[0.16252847]
539
[0.67926471]
540
[0.67926471]
541
[0.29784836]
542
[0.50082819]
543
[0.56915147]
544
[0.67926471]
545
[0.11874851]
546
[0.27529505]
547
[0.67926471]
548
[0.55323148]
549
[0.67926471]
550
[0.43781158]
551
[0.39602161]
552
[0.26733505]
553
[0.22952509]
554
[0.62553475]
555
[0.2540684]
556
[0.67926471]
557
[0.23682175]
558
[0.67329471]
559
[0.54858815]
560
[0.63150475]
561
[0.67926471]
562
[0.16451847]
563
[0.14528182]
564
[0.10017519]
565
[0.06037523]
566
[0.50547152]
567
[0.13533183]
568
[0.67926471]
569
[0.01460527]
570
[0.36020164]
571
[0.45903823]
572
[0.19635845]
573
[0.34693499]
574
[0.20431844]
575
[0.25804839]
576
[0.67926471]
577
[0.39137828]
578
[0.35423165]
579
[0.60497144]
580
[0.65007807]
581
[0.64079141]
582
[0.07496855]
583
[0.57976479]
584
[0.67926471]
585
[0.67926471]
586
[0.59502145]
587
[0.09752186]
588
[0.06899855]
589
[0.29320503]
590
[0.67926471]
591
[0.47031488]
592
[0.67926471]
593
[0.43383158]
594
[0.67926471]
595
[0.47694821]
596
[0.67926471]
597
[0.30912502]
598
[0.67926471]
599
[0.22952509]
600
[0.00067528]
601
[0.67926471]
602
[0.66201806]
603
[0.63482141]
604
[0.67926471]
605
[0.5737948]
606
[0.09354187]
607
[0.67263138]
608
[0.00067528]
609
[0.15655848]
610
[0.4079616]
611
[0.35622165]
612
[0.08558187]
613
[0.41857493]
614
[0.5678248]
615
[0.34361832]
616
[0.67926471]
617
[0.21426843]
618
[0.11941184]
619
[0.67926471]
620
[0.65140473]
621
[0.42388159]
622
[0.12604517]
623
[0.61691143]
624
[0.67926471]
625
[0.1711518]
626
[0.66599805]
627
[0.34295499]
628
[0.67926471]
629
[0.67926471]
630
[0.25672173]
631
[0.67926471]
632
[0.01924859]
633
[0.1671718]
634
[0.2155951]
635
[0.67926471]
636
[0.51542151]
637
[0.43980158]
638
[0.20166511]
639
[0.67926471]
640
[0.08558187]
641
[0.21227843]
642
[0.67926471]
643
[0.4464349]
644
[0.67926471]
645
[0.59104145]
646
[0.67926471]
647
[0.18242846]
648
[0.28988837]
649
[0.34560832]
650
[0.47562155]
651
[0.46301822]
652
[0.67926471]
653
[0.14660849]
654
[0.67926471]
655
[0.67926471]
656
[0.04644524]
657
[0.00067528]
658
[0.25937506]
659
[0.39867494]
660
[0.67926471]
661
[0.04113858]
662
[0.67926471]
663
[0.45505823]
664
[0.11211518]
665
[0.33764833]
666
[0.35356832]
667
[0.21426843]
668
[0.28524504]
669
[0.38540829]
670
[0.67926471]
671
[0.4504149]
672
[0.67926471]
673
[0.02720859]
674
[0.05639523]
675
[0.00067528]
676
[0.67462138]
677
[0.20431844]
678
[0.56119147]
679
[0.67926471]
680
[0.31575835]
681
[0.21957509]
682
[0.67926471]
683
[0.45174157]
684
[0.13798516]
685
[0.0557319]
686
[0.67926471]
687
[0.67926471]
688
[0.67926471]
689
[0.48955153]
690
[0.15921181]
691
[0.19901178]
692
[0.41724826]
693
[0.67926471]
694
[0.62553475]
695
[0.24942507]
696
[0.67926471]
697
[0.41857493]
698
[0.67926471]
699
[0.41658493]
700
[0.67926471]
701
[0.00067528]
702
[0.67926471]
703
[0.39071495]
704
[0.4868982]
705
[0.1691618]
706
[0.67926471]
707
[0.18906179]
708
[0.56716147]
709
[0.5698148]
710
[0.67926471]
711
[0.4563849]
712
[0.67926471]
713
[0.50016486]
714
[0.67926471]
715
[0.67926471]
716
[0.67926471]
717
[0.67926471]
718
[0.67926471]
719
[0.10083853]
720
[0.11410518]
721
[0.58109146]
722
[0.24013841]
723
[0.37612163]
724
[0.13732183]
725
[0.67926471]
726
[0.67926471]
727
[0.1286985]
728
[0.51077818]
729
[0.38938829]
730
[0.67926471]
731
[0.45771156]
732
[0.67926471]
733
[0.53797483]
734
[0.67926471]
735
[0.39867494]
736
[0.67926471]
737
[0.41260493]
738
[0.16319181]
739
[0.67926471]
740
[0.25672173]
741
[0.54792482]
742
[0.62420809]
743
[0.17048847]
744
[0.02389192]
745
[0.67926471]
746
[0.67926471]
747
[0.11410518]
748
[0.67926471]
749
[0.21891176]
750
[0.22090176]
751
[0.67926471]
752
[0.67926471]
753
[0.67926471]
754
[0.13334183]
755
[0.67926471]
756
[0.45704823]
757
[0.30249169]
758
[0.67926471]
759
[0.67926471]
760
[0.31774835]
761
[0.14528182]
762
[0.67926471]
763
[0.67926471]
764
[0.24080174]
765
[0.67926471]
766
[0.06634522]
767
[0.67926471]
768
[0.67926471]
769
[0.18707179]
770
[0.29320503]
771
[0.58241812]
772
[0.34826165]
773
[0.67926471]
774
[0.56119147]
775
[0.17247847]
776
[0.59568478]
777
[0.00067528]
778
[0.09685853]
779
[0.14063849]
780
[0.336985]
781
[0.00067528]
782
[0.67926471]
783
[0.2175851]
784
[0.23549508]
785
[0.336985]
786
[0.67926471]
787
[0.33366833]
788
[0.4119416]
789
[0.29121503]
790
[0.67926471]
791
[0.34892499]
792
[0.06568189]
793
[0.6487514]
794
[0.67926471]
795
[0.34958832]
796
[0.21294177]
797
[0.39137828]
798
[0.42189159]
799
[0.67926471]
800
[0.67926471]
801
[0.6162481]
802
[0.1671718]
803
[0.66798805]
804
[0.67926471]
805
[0.05904856]
806
[0.32769834]
807
[0.30846169]
808
[0.55389481]
809
[0.63614808]
810
[0.14793515]
811
[0.43250492]
812
[0.67926471]
813
[0.0073086]
814
[0.34826165]
815
[0.32239167]
816
[0.37811163]
817
[0.67926471]
818
[0.42189159]
819
[0.67926471]
820
[0.58042813]
821
[0.40862494]
822
[0.22620842]
823
[0.67926471]
824
[0.63482141]
825
[0.17048847]
826
[0.10216519]
827
[0.10481852]
828
[0.67926471]
829
[0.39005162]
830
[0.67926471]
831
[0.67926471]
832
[0.20033844]
833
[0.00332861]
834
[0.16518181]
835
[0.67926471]
836
[0.00067528]
837
[0.56185481]
838
[0.14793515]
839
[0.67926471]
840
[0.47363155]
841
[0.56450814]
842
[0.27264172]
843
[0.43383158]
844
[0.01593193]
845
[0.67926471]
846
[0.67926471]
847
[0.67926471]
848
[0.47960154]
849
[0.67926471]
850
[0.00067528]
851
[0.64278141]
852
[0.67926471]
853
[0.327035]
854
[0.67926471]
855
[0.00067528]
856
[0.59966478]
857
[0.28325504]
858
[0.63614808]
859
[0.22620842]
860
[0.18906179]
861
[0.62221809]
862
[0.48026488]
863
[0.15324182]
864
[0.67926471]
865
[0.67926471]
866
[0.5273615]
867
[0.67926471]
868
[0.42189159]
869
[0.67926471]
870
[0.67926471]
871
[0.67926471]
872
[0.22023843]
873
[0.00200194]
874
[0.66467139]
875
[0.40862494]
876
[0.67926471]
877
[0.67926471]
878
[0.50480819]
879
[0.33565833]
880
[0.67926471]
881
[0.67926471]
882
[0.67926471]
883
[0.67926471]
884
[0.57313146]
885
[0.4908782]
886
[0.51940151]
887
[0.67926471]
888
[0.34560832]
889
[0.67926471]
890
[0.52139151]
891
[0.03981191]
892
[0.4524049]
893
[0.26136506]
894
[0.50878819]
895
[0.67926471]
896
[0.14528182]
897
[0.45174157]
898
[0.5737948]
899
[0.67926471]
900
[0.67926471]
901
[0.53731149]
902
[0.67926471]
903
[0.31111502]
904
[0.67926471]
905
[0.67926471]
906
[0.54991482]
907
[0.14594516]
908
[0.37015163]
909
[0.28789837]
910
[0.67926471]
911
[0.61691143]
912
[0.67926471]
913
[0.27131505]
914
[0.38739829]
915
[0.55455815]
916
[0.31376835]
917
[0.44245491]
918
[0.60961477]
919
[0.00531861]
920
[0.31774835]
921
[0.00067528]
922
[0.47628488]
923
[0.59104145]
924
[0.05042524]
925
[0.23549508]
926
[0.67926471]
927
[0.67926471]
928
[0.35157832]
929
[0.67926471]
930
[0.27662171]
931
[0.67926471]
932
[0.53001483]
933
[0.42918825]
934
[0.60364477]
935
[0.00067528]
936
[0.12471851]
937
[0.27529505]
938
[0.67860138]
939
[0.67926471]
940
[0.66732472]
941
[0.67926471]
942
[0.04843524]
943
[0.11344185]
944
[0.67926471]
945
[0.34759832]
946
[0.55190482]
947
[0.48092821]
948
[0.61757476]
949
[0.05971189]
950
[0.67926471]
951
[0.10150186]
952
[0.67064138]
953
[0.3774483]
954
[0.48822487]
955
[0.62420809]
956
[0.34229166]
957
[0.03583191]
958
[0.67926471]
959
[0.50348152]
960
[0.67926471]
961
[0.53465816]
962
[0.67926471]
963
[0.56052814]
964
[0.10017519]
965
[0.63482141]
966
[0.16650847]
967
[0.67926471]
968
[0.67926471]
969
[0.67926471]
970
[0.6062981]
971
[0.20896177]
972
[0.53996483]
973
[0.67926471]
974
[0.67926471]
975
[0.32504501]
976
[0.66931472]
977
[0.67926471]
978
[0.67727471]
979
[0.36285497]
980
[0.67926471]
981
[0.67926471]
982
[0.67926471]
983
[0.07894854]
984
[0.28325504]
985
[0.67926471]
986
[0.27396838]
987
[0.07496855]
988
[0.6567114]
989
[0.67926471]
990
[0.62354476]
991
[0.31509501]
992
[0.54659815]
993
[0.01991193]
994
[0.53664816]
995
[0.67926471]
996
[0.04246524]
997
[0.37081497]
998
[0.13135183]
999
[1] 5000   11
[1] 5000   11
[0.37015163]
