LOADING R
R LOADED
[1] "/home/lvanderl/Rlibs2"                         
[2] "/app/software/R/4.3.1-gfbf-2022b/lib/R/library"
[1] "/home/lvanderl/sieveSims"
[1] "xg 5 3"
[1] "histogram binning"
[1] 0.06371649
[1] 0.06371649
[1] "mondrian"
[1] "iso"
[1] 0.06371649
[1] "conditional"
[   10.            11.51395399    13.25711366    15.26417967
    17.57510625    20.23589648    23.29951811    26.82695795
    30.88843596    35.56480306    40.94915062    47.14866363
    54.28675439    62.50551925    71.9685673     82.86427729
    95.40954763   109.8541142    126.48552169   145.63484775
   167.68329368   193.06977289   222.29964825   255.95479227
   294.70517026   339.32217719   390.69399371   449.8432669
   517.94746792   596.36233166   686.648845     790.60432109
   910.29817799  1048.11313415  1206.79264064  1389.49549437
  1599.85871961  1842.06996933  2120.95088792  2442.05309455
  2811.76869797  3237.45754282  3727.59372031  4291.93426013
  4941.71336132  5689.86602902  6551.2855686   7543.12006335
  8685.11373751 10000.        ]
[0.34986751 0.35268586 0.35376583 0.35313188 0.35744848 0.35873829
 0.36612336 0.36675388 0.36672737 0.36976958 0.36733491 0.36894927
 0.38103436 0.37551053 0.38467894 0.37061261 0.39238628 0.38917547
 0.39504646 0.38677831 0.41603155 0.3852029  0.42667703 0.41387756
 0.39579472 0.41989164 0.42653864 0.40729404 0.43822523 0.45582835
 0.48644811 0.48378999 0.54481318 0.67256509 0.7050118  0.73726131
 0.83752861 0.93800878 0.76263598 1.01402889 1.24669649 1.48387074
 1.47835294 1.32052916 1.84232266 1.76369988 1.92199825 2.28534323
 2.88804133 3.34412327]
10.0
0.1
0
[0.13089867]
1
[0.25033686]
2
[0.29145554]
3
[0.23473322]
4
[0.2357093]
5
[0.13897264]
6
[0.20537316]
7
[0.34287041]
8
[0.16263431]
9
[0.19806315]
10
[0.17331579]
11
[0.1228066]
12
[0.23923213]
13
[0.32033846]
14
[0.14614842]
15
[0.22531872]
16
[0.3192588]
17
[0.3470815]
18
[0.34110148]
19
[0.21956282]
20
[0.34192368]
21
[0.23260522]
22
[0.29005736]
23
[0.10162042]
24
[0.23688326]
25
[0.15180218]
26
[0.3200046]
27
[0.17466926]
28
[0.18054824]
29
[0.25500192]
30
[0.20652922]
31
[0.27960292]
32
[0.24600581]
33
[0.1657989]
34
[0.28138863]
35
[0.39317186]
36
[0.27613886]
37
[0.29935609]
38
[0.21304052]
39
[0.26520861]
40
[0.22425852]
41
[0.19988366]
42
[0.39807916]
43
[0.12181519]
44
[0.24959302]
45
[0.2805454]
46
[0.21985375]
47
[0.1926917]
48
[0.17155592]
49
[0.18927965]
50
[0.20857822]
51
[0.20374953]
52
[0.19379858]
53
[0.22479456]
54
[0.28344002]
55
[0.18014128]
56
[0.21225548]
57
[0.22609098]
58
[0.22359722]
59
[0.18293628]
60
[0.48156167]
61
[0.14685745]
62
[0.19894996]
63
[0.13912094]
64
[0.27536447]
65
[0.2543448]
66
[0.18824056]
67
[0.15842092]
68
[0.31968394]
69
[0.23784168]
70
[0.26179511]
71
[0.25801458]
72
[0.22154064]
73
[0.21894404]
74
[0.22951821]
75
[0.27465074]
76
[0.16901737]
77
[0.30132285]
78
[0.13578701]
79
[0.2241639]
80
[0.13797003]
81
[0.21280997]
82
[0.18865859]
83
[0.1960486]
84
[0.31617528]
85
[0.17322327]
86
[0.2071648]
87
[0.2593412]
88
[0.16430664]
89
[0.23636232]
90
[0.20699452]
91
[0.29493773]
92
[0.26207651]
93
[0.10745201]
94
[0.20865933]
95
[0.12744827]
96
[0.27238725]
97
[0.35469048]
98
[0.24728575]
99
[0.15032192]
100
[0.18555313]
101
[0.23714374]
102
[0.1997821]
103
[0.13126338]
104
[0.24668323]
105
[0.22443271]
106
[0.29435791]
107
[0.35222009]
108
[0.25425182]
109
[0.24956594]
110
[0.25804769]
111
[0.12825025]
112
[0.2574815]
113
[0.31686043]
114
[0.14265024]
115
[0.28701472]
116
[0.25739184]
117
[0.11885837]
118
[0.13099552]
119
[0.15920711]
120
[0.11508521]
121
[0.27212584]
122
[0.22023668]
123
[0.21922305]
124
[0.37089558]
125
[0.23963338]
126
[0.30451353]
127
[0.27971477]
128
[0.29627965]
129
[0.39663938]
130
[0.22503606]
131
[0.28535627]
132
[0.18629326]
133
[0.24289839]
134
[0.27934935]
135
[0.38183113]
136
[0.23669545]
137
[0.29302098]
138
[0.24714697]
139
[0.11357228]
140
[0.41289907]
141
[0.15907962]
142
[0.1690101]
143
[0.25847107]
144
[0.19113967]
145
[0.34429409]
146
[0.09349661]
147
[0.30190485]
148
[0.20872493]
149
[0.27870247]
150
[0.32403966]
151
[0.2260669]
152
[0.32433904]
153
[0.13128968]
154
[0.27633263]
155
[0.23697124]
156
[0.35774681]
157
[0.24704487]
158
[0.38122755]
159
[0.29609446]
160
[0.1702517]
161
[0.26872132]
162
[0.19233831]
163
[0.14669251]
164
[0.33429735]
165
[0.18467326]
166
[0.1643184]
167
[0.33666592]
168
[0.13227929]
169
[0.23029281]
170
[0.13401391]
171
[0.39463894]
172
[0.28046778]
173
[0.19552415]
174
[0.17008295]
175
[0.24560322]
176
[0.20721247]
177
[0.16069129]
178
[0.17342684]
179
[0.23217818]
180
[0.08988649]
181
[0.25147051]
182
[0.19057161]
183
[0.25739963]
184
[0.14989491]
185
[0.21891121]
186
[0.10119298]
187
[0.1833845]
188
[0.09092834]
189
[0.20731527]
190
[0.21557616]
191
[0.1876982]
192
[0.26281847]
193
[0.11246181]
194
[0.36167153]
195
[0.22390751]
196
[0.15642841]
197
[0.3629267]
198
[0.19098987]
199
[0.1065725]
200
[0.32457034]
201
[0.11440389]
202
[0.22108081]
203
[0.22671138]
204
[0.18748863]
205
[0.17465822]
206
[0.21722596]
207
[0.20577036]
208
[0.24183783]
209
[0.16358787]
210
[0.22420266]
211
[0.2703734]
212
[0.24842195]
213
[0.16531928]
214
[0.2234403]
215
[0.20109653]
216
[0.17750902]
217
[0.20793555]
218
[0.10825801]
219
[0.26603253]
220
[0.26994931]
221
[0.30405909]
222
[0.15238738]
223
[0.2091306]
224
[0.10087302]
225
[0.24839908]
226
[0.26810804]
227
[0.32420201]
228
[0.39846904]
229
[0.18564702]
230
[0.14231935]
231
[0.32705355]
232
[0.31948127]
233
[0.14291614]
234
[0.17700023]
235
[0.22290085]
236
[0.19934207]
237
[0.29542317]
238
[0.19336083]
239
[0.34471973]
240
[0.18542024]
241
[0.11892769]
242
[0.14716939]
243
[0.31380814]
244
[0.17978901]
245
[0.0966555]
246
[0.25164076]
247
[0.11241614]
248
[0.2980128]
249
[0.36551539]
250
[0.21448984]
251
[0.17366174]
252
[0.15252531]
253
[0.31809537]
254
[0.15480205]
255
[0.14159025]
256
[0.16388195]
257
[0.16254732]
258
[0.16967715]
259
[0.23382592]
260
[0.33352144]
261
[0.2515971]
262
[0.16784132]
263
[0.20939968]
264
[0.28555503]
265
[0.30115632]
266
[0.24255198]
267
[0.1324978]
268
[0.18912876]
269
[0.31155313]
270
[0.13263339]
271
[0.17600799]
272
[0.34095889]
273
[0.17809083]
274
[0.35863079]
275
[0.18451902]
276
[0.28683108]
277
[0.26159752]
278
[0.30384186]
279
[0.24877065]
280
[0.11444631]
281
[0.21915036]
282
[0.22655707]
283
[0.13109799]
284
[0.17739678]
285
[0.2329675]
286
[0.21132979]
287
[0.12355481]
288
[0.17328643]
289
[0.29785993]
290
[0.20661068]
291
[0.16136921]
292
[0.24373034]
293
[0.26348175]
294
[0.17728291]
295
[0.25851601]
296
[0.42986143]
297
[0.11184574]
298
[0.28876768]
299
[0.40591672]
300
[0.19924353]
301
[0.20220376]
302
[0.19371123]
303
[0.09770356]
304
[0.18599611]
305
[0.31454819]
306
[0.11244062]
307
[0.16448194]
308
[0.20562548]
309
[0.36752323]
310
[0.23411106]
311
[0.25300526]
312
[0.26658686]
313
[0.17333148]
314
[0.384592]
315
[0.22081709]
316
[0.24924035]
317
[0.35357048]
318
[0.40711543]
319
[0.27731602]
320
[0.15181855]
321
[0.20881857]
322
[0.24074805]
323
[0.19247831]
324
[0.27881981]
325
[0.2156077]
326
[0.14962608]
327
[0.26986719]
328
[0.17517884]
329
[0.08439527]
330
[0.23286113]
331
[0.15611578]
332
[0.31508543]
333
[0.2286906]
334
[0.27422885]
335
[0.17980473]
336
[0.16584674]
337
[0.28528914]
338
[0.29388732]
339
[0.21433705]
340
[0.26955593]
341
[0.10990734]
342
[0.18471466]
343
[0.28279633]
344
[0.15906522]
345
[0.19719087]
346
[0.18144718]
347
[0.20959586]
348
[0.07478966]
349
[0.16686965]
350
[0.23821991]
351
[0.35176395]
352
[0.24984707]
353
[0.19458529]
354
[0.13459916]
355
[0.14739699]
356
[0.34485489]
357
[0.20702977]
358
[0.24661641]
359
[0.18420189]
360
[0.21527215]
361
[0.16639869]
362
[0.17808518]
363
[0.30910917]
364
[0.16938939]
365
[0.24218432]
366
[0.20595008]
367
[0.19321807]
368
[0.11084331]
369
[0.32488835]
370
[0.13886331]
371
[0.34449819]
372
[0.11923475]
373
[0.17629402]
374
[0.36100109]
375
[0.39049451]
376
[0.21158062]
377
[0.28481106]
378
[0.14575171]
379
[0.12804472]
380
[0.32865607]
381
[0.18023459]
382
[0.22124765]
383
[0.22103818]
384
[0.12014388]
385
[0.14314554]
386
[0.35191998]
387
[0.46525713]
388
[0.16555621]
389
[0.27443628]
390
[0.16063894]
391
[0.2403311]
392
[0.31938558]
393
[0.205222]
394
[0.16119428]
395
[0.18898428]
396
[0.15645968]
397
[0.12105257]
398
[0.17291579]
399
[0.41622558]
400
[0.17050955]
401
[0.30888033]
402
[0.12585441]
403
[0.25634362]
404
[0.28108759]
405
[0.15551387]
406
[0.29943142]
407
[0.1417087]
408
[0.2099623]
409
[0.31641698]
410
[0.13526829]
411
[0.2329709]
412
[0.31569068]
413
[0.11099115]
414
[0.21675034]
415
[0.36570844]
416
[0.2153992]
417
[0.21291413]
418
[0.42287786]
419
[0.19772597]
420
[0.31802784]
421
[0.172366]
422
[0.31437434]
423
[0.1312908]
424
[0.25519034]
425
[0.1959073]
426
[0.2314128]
427
[0.07746793]
428
[0.22736083]
429
[0.1512951]
430
[0.20525198]
431
[0.36366603]
432
[0.25095405]
433
[0.25781184]
434
[0.28440735]
435
[0.25276608]
436
[0.25531082]
437
[0.30753558]
438
[0.24426965]
439
[0.23134853]
440
[0.23318172]
441
[0.25499653]
442
[0.23580908]
443
[0.19085402]
444
[0.28465291]
445
[0.35623789]
446
[0.1133825]
447
[0.18813583]
448
[0.17855189]
449
[0.14137238]
450
[0.28380185]
451
[0.30877174]
452
[0.15965287]
453
[0.28503447]
454
[0.14761273]
455
[0.28640872]
456
[0.22926482]
457
[0.19958573]
458
[0.27903023]
459
[0.24753818]
460
[0.25705305]
461
[0.26239445]
462
[0.15605087]
463
[0.26414758]
464
[0.32351117]
465
[0.26301003]
466
[0.29626505]
467
[0.20583331]
468
[0.399399]
469
[0.36849123]
470
[0.30019789]
471
[0.24499153]
472
[0.20423987]
473
[0.17478419]
474
[0.434313]
475
[0.21759147]
476
[0.29961552]
477
[0.20423215]
478
[0.15426395]
479
[0.22391529]
480
[0.20469067]
481
[0.14162433]
482
[0.19276332]
483
[0.24288933]
484
[0.19072795]
485
[0.16714743]
486
[0.18624221]
487
[0.2521953]
488
[0.20565127]
489
[0.15349704]
490
[0.20629776]
491
[0.09933265]
492
[0.18383046]
493
[0.21904222]
494
[0.12319108]
495
[0.15427807]
496
[0.41154994]
497
[0.23188057]
498
[0.16059431]
499
[0.3145282]
500
[0.22066067]
501
[0.2021666]
502
[0.35720852]
503
[0.33398806]
504
[0.16974014]
505
[0.15952205]
506
[0.0865986]
507
[0.18785853]
508
[0.27865053]
509
[0.27969468]
510
[0.29159261]
511
[0.22180318]
512
[0.35489348]
513
[0.20502236]
514
[0.3039198]
515
[0.25921109]
516
[0.16342949]
517
[0.22436611]
518
[0.30679841]
519
[0.23702094]
520
[0.24032508]
521
[0.20490243]
522
[0.23288066]
523
[0.26640453]
524
[0.36496216]
525
[0.12378769]
526
[0.1427409]
527
[0.2062237]
528
[0.19053878]
529
[0.13004868]
530
[0.21787025]
531
[0.19398488]
532
[0.19408821]
533
[0.15232896]
534
[0.26646109]
535
[0.16482258]
536
[0.20974404]
537
[0.25644749]
538
[0.08844262]
539
[0.23758484]
540
[0.3310129]
541
[0.23671456]
542
[0.212317]
543
[0.17801186]
544
[0.10697916]
545
[0.32291628]
546
[0.19672994]
547
[0.12598208]
548
[0.39619509]
549
[0.10271778]
550
[0.17886888]
551
[0.13903533]
552
[0.12452036]
553
[0.22786022]
554
[0.13473828]
555
[0.13129651]
556
[0.18176744]
557
[0.16796468]
558
[0.2197843]
559
[0.21588425]
560
[0.27614268]
561
[0.18109547]
562
[0.15520416]
563
[0.1767209]
564
[0.2826933]
565
[0.15177077]
566
[0.35984617]
567
[0.24767129]
568
[0.17440855]
569
[0.28550863]
570
[0.24863188]
571
[0.18972784]
572
[0.17539253]
573
[0.21466518]
574
[0.18620888]
575
[0.1618552]
576
[0.15024962]
577
[0.21004156]
578
[0.14227992]
579
[0.15007469]
580
[0.29181614]
581
[0.16360582]
582
[0.16454411]
583
[0.20356005]
584
[0.12464622]
585
[0.17396295]
586
[0.25676626]
587
[0.3562522]
588
[0.19497964]
589
[0.23963372]
590
[0.26744064]
591
[0.13090339]
592
[0.16614445]
593
[0.18441641]
594
[0.19656906]
595
[0.22442186]
596
[0.20766591]
597
[0.13635155]
598
[0.27912055]
599
[0.34199263]
600
[0.24482604]
601
[0.16582867]
602
[0.22372664]
603
[0.28177805]
604
[0.17875289]
605
[0.24911913]
606
[0.18429328]
607
[0.11900297]
608
[0.2478662]
609
[0.21412414]
610
[0.21221756]
611
[0.32171251]
612
[0.21174969]
613
[0.16012754]
614
[0.19597318]
615
[0.27642215]
616
[0.11797603]
617
[0.43392786]
618
[0.26379727]
619
[0.20980737]
620
[0.12109676]
621
[0.25628468]
622
[0.23490479]
623
[0.13216795]
624
[0.27150068]
625
[0.24194587]
626
[0.31633184]
627
[0.32478039]
628
[0.26056747]
629
[0.2697155]
630
[0.25517451]
631
[0.3483282]
632
[0.14733648]
633
[0.25734652]
634
[0.14801285]
635
[0.25503709]
636
[0.19937028]
637
[0.28464535]
638
[0.27472945]
639
[0.27168858]
640
[0.17226334]
641
[0.10810304]
642
[0.24939953]
643
[0.21549447]
644
[0.29497813]
645
[0.16910576]
646
[0.19319927]
647
[0.25193418]
648
[0.1500548]
649
[0.34427291]
650
[0.23213022]
651
[0.18874697]
652
[0.35648]
653
[0.26401388]
654
[0.31141687]
655
[0.15692641]
656
[0.17538345]
657
[0.17241195]
658
[0.15947304]
659
[0.30514065]
660
[0.23484323]
661
[0.16094174]
662
[0.1503258]
663
[0.21454853]
664
[0.14716758]
665
[0.201353]
666
[0.21551156]
667
[0.14590957]
668
[0.16514132]
669
[0.32663448]
670
[0.26130126]
671
[0.27249804]
672
[0.26904887]
673
[0.23572473]
674
[0.12565771]
675
[0.24203722]
676
[0.13239103]
677
[0.15347161]
678
[0.22076383]
679
[0.17683021]
680
[0.17703984]
681
[0.24151066]
682
[0.11046765]
683
[0.15599689]
684
[0.24565514]
685
[0.37579079]
686
[0.36188784]
687
[0.1876523]
688
[0.20729572]
689
[0.13315284]
690
[0.18675594]
691
[0.17194909]
692
[0.18518625]
693
[0.37291785]
694
[0.3437441]
695
[0.15398442]
696
[0.2798287]
697
[0.16851825]
698
[0.29124792]
699
[0.17814428]
700
[0.16774337]
701
[0.11260374]
702
[0.15187762]
703
[0.24924115]
704
[0.29151522]
705
[0.27272642]
706
[0.18471666]
707
[0.37688823]
708
[0.27272122]
709
[0.23419906]
710
[0.16915292]
711
[0.1939646]
712
[0.24450503]
713
[0.17115796]
714
[0.14381964]
715
[0.13541614]
716
[0.40263526]
717
[0.22651642]
718
[0.15207669]
719
[0.2848357]
720
[0.10105333]
721
[0.33164504]
722
[0.13574953]
723
[0.23272765]
724
[0.2720288]
725
[0.25773888]
726
[0.14832603]
727
[0.17998943]
728
[0.11929493]
729
[0.34086949]
730
[0.23324389]
731
[0.18963704]
732
[0.16817643]
733
[0.20892637]
734
[0.16375839]
735
[0.14022923]
736
[0.11054063]
737
[0.11520283]
738
[0.16221771]
739
[0.14881349]
740
[0.15584412]
741
[0.34187721]
742
[0.18422076]
743
[0.26225199]
744
[0.21820328]
745
[0.29117422]
746
[0.18624645]
747
[0.35185802]
748
[0.2836847]
749
[0.24745647]
750
[0.11464263]
751
[0.38804938]
752
[0.23127305]
753
[0.274404]
754
[0.24526911]
755
[0.15283271]
756
[0.29295431]
757
[0.13475251]
758
[0.20050597]
759
[0.22701805]
760
[0.23241696]
761
[0.27119047]
762
[0.28501722]
763
[0.16659677]
764
[0.15575217]
765
[0.16426937]
766
[0.2672992]
767
[0.34927134]
768
[0.17508123]
769
[0.1616211]
770
[0.28304566]
771
[0.13551402]
772
[0.10758905]
773
[0.2291349]
774
[0.11140942]
775
[0.2596131]
776
[0.18052125]
777
[0.17253891]
778
[0.1614604]
779
[0.14490648]
780
[0.1943149]
781
[0.33864512]
782
[0.18477244]
783
[0.2315022]
784
[0.23503694]
785
[0.18949605]
786
[0.21999316]
787
[0.23416131]
788
[0.23786311]
789
[0.30169789]
790
[0.21070836]
791
[0.22328868]
792
[0.32187927]
793
[0.26983111]
794
[0.31148676]
795
[0.23225419]
796
[0.31050699]
797
[0.23726232]
798
[0.18305374]
799
[0.15933709]
800
[0.27140024]
801
[0.23068061]
802
[0.23207261]
803
[0.21522882]
804
[0.22448948]
805
[0.20830037]
806
[0.15843269]
807
[0.20525637]
808
[0.15231996]
809
[0.11712674]
810
[0.28295709]
811
[0.17569464]
812
[0.14248491]
813
[0.22063007]
814
[0.27816776]
815
[0.20439128]
816
[0.20083543]
817
[0.12152274]
818
[0.1691014]
819
[0.29284363]
820
[0.16028494]
821
[0.22814939]
822
[0.20789329]
823
[0.19428119]
824
[0.17419015]
825
[0.2186866]
826
[0.34367352]
827
[0.1779251]
828
[0.32068709]
829
[0.17716021]
830
[0.28305214]
831
[0.20283949]
832
[0.18712677]
833
[0.20505349]
834
[0.20516391]
835
[0.23862556]
836
[0.16732565]
837
[0.1580051]
838
[0.20223532]
839
[0.38654296]
840
[0.20971763]
841
[0.23210987]
842
[0.22999607]
843
[0.18134251]
844
[0.25133256]
845
[0.27313912]
846
[0.27534038]
847
[0.26351818]
848
[0.17870431]
849
[0.24348375]
850
[0.21549516]
851
[0.09910961]
852
[0.16349851]
853
[0.18024919]
854
[0.16022851]
855
[0.27202706]
856
[0.19969028]
857
[0.35488989]
858
[0.21971974]
859
[0.18808014]
860
[0.22143675]
861
[0.35235767]
862
[0.30427123]
863
[0.14884882]
864
[0.17107509]
865
[0.20099136]
866
[0.24499119]
867
[0.14347382]
868
[0.32910257]
869
[0.14263473]
870
[0.18894327]
871
[0.29004632]
872
[0.29418037]
873
[0.08067633]
874
[0.21928474]
875
[0.32565786]
876
[0.24987538]
877
[0.23432637]
878
[0.16203667]
879
[0.24007376]
880
[0.33355351]
881
[0.19978399]
882
[0.24257569]
883
[0.11381745]
884
[0.21755628]
885
[0.18873428]
886
[0.16393413]
887
[0.32137394]
888
[0.16970619]
889
[0.34371705]
890
[0.16449802]
891
[0.27281692]
892
[0.34231582]
893
[0.1658723]
894
[0.19491492]
895
[0.24048203]
896
[0.28853028]
897
[0.32454524]
898
[0.26813304]
899
[0.20616682]
900
[0.25550462]
901
[0.11462824]
902
[0.17728621]
903
[0.34297714]
904
[0.11150225]
905
[0.11056281]
906
[0.26353816]
907
[0.07774727]
908
[0.28094626]
909
[0.12414137]
910
[0.22767632]
911
[0.23566269]
912
[0.2779201]
913
[0.20378401]
914
[0.11258051]
915
[0.15880847]
916
[0.26554742]
917
[0.15884682]
918
[0.16601725]
919
[0.20280291]
920
[0.2601411]
921
[0.27423995]
922
[0.22345181]
923
[0.15537398]
924
[0.33084448]
925
[0.26381939]
926
[0.26901427]
927
[0.22420924]
928
[0.28241199]
929
[0.17740232]
930
[0.17471141]
931
[0.21861714]
932
[0.24650112]
933
[0.16457866]
934
[0.1949557]
935
[0.27861259]
936
[0.17477274]
937
[0.14438207]
938
[0.3241078]
939
[0.2764573]
940
[0.19462561]
941
[0.23299195]
942
[0.22645665]
943
[0.31301835]
944
[0.11231622]
945
[0.17906032]
946
[0.23872393]
947
[0.15463422]
948
[0.14613261]
949
[0.11102477]
950
[0.15170228]
951
[0.23510376]
952
[0.14428887]
953
[0.30164194]
954
[0.1641666]
955
[0.30700366]
956
[0.26908972]
957
[0.12647768]
958
[0.18402233]
959
[0.15749082]
960
[0.15962115]
961
[0.29507515]
962
[0.17239723]
963
[0.22914002]
964
[0.17733802]
965
[0.16279663]
966
[0.20293466]
967
[0.15587056]
968
[0.21068973]
969
[0.08483282]
970
[0.19124807]
971
[0.27701743]
972
[0.19350657]
973
[0.20345091]
974
[0.23712354]
975
[0.24590482]
976
[0.0969886]
977
[0.22883553]
978
[0.35444058]
979
[0.21866684]
980
[0.23916251]
981
[0.25531153]
982
[0.18904734]
983
[0.25169002]
984
[0.20727001]
985
[0.23559912]
986
[0.26461108]
987
[0.17966856]
988
[0.24223777]
989
[0.20300861]
990
[0.13621831]
991
[0.25221832]
992
[0.24576037]
993
[0.10748989]
994
[0.14826476]
995
[0.27304404]
996
[0.15285003]
997
[0.1398198]
998
[0.25448483]
999
[0.21395115]
1000
[0.1933166]
1001
[0.33586354]
1002
[0.19665682]
1003
[0.19047499]
1004
[0.24430892]
1005
[0.4006056]
1006
[0.22927143]
1007
[0.31360633]
1008
[0.17315499]
1009
[0.28164478]
1010
[0.21492992]
1011
[0.13650265]
1012
[0.2927136]
1013
[0.14109431]
1014
[0.2762247]
1015
[0.35896612]
1016
[0.19042662]
1017
[0.17058541]
1018
[0.35954794]
1019
[0.14659146]
1020
[0.25881283]
1021
[0.1923725]
1022
[0.18420652]
1023
[0.13183039]
1024
[0.20951889]
1025
[0.3969848]
1026
[0.13741876]
1027
[0.24323097]
1028
[0.17108791]
1029
[0.4355789]
1030
[0.39563807]
1031
[0.1631791]
1032
[0.20063167]
1033
[0.27349519]
1034
[0.19051861]
1035
[0.18591314]
1036
[0.22277081]
1037
[0.17337469]
1038
[0.17885862]
1039
[0.27382139]
1040
[0.33255087]
1041
[0.36268899]
1042
[0.27024967]
1043
[0.22279845]
1044
[0.12104129]
1045
[0.23514619]
1046
[0.2060881]
1047
[0.14539818]
1048
[0.19267865]
1049
[0.13371391]
1050
[0.26562991]
1051
[0.28548069]
1052
[0.18075374]
1053
[0.23579561]
1054
[0.35514128]
1055
[0.14008201]
1056
[0.08112259]
1057
[0.20089515]
1058
[0.131505]
1059
[0.18844083]
1060
[0.15329743]
1061
[0.3425061]
1062
[0.19393778]
1063
[0.1952606]
1064
[0.1577696]
1065
[0.30832126]
1066
[0.18151459]
1067
[0.25581401]
1068
[0.22661567]
1069
[0.3052173]
1070
[0.26089079]
1071
[0.29810182]
1072
[0.15287973]
1073
[0.2608447]
1074
[0.18820834]
1075
[0.21009928]
1076
[0.19210752]
1077
[0.30307792]
1078
[0.22092197]
1079
[0.17374039]
1080
[0.13043285]
1081
[0.28095802]
1082
[0.22853174]
1083
[0.22261509]
1084
[0.19212888]
1085
[0.35168741]
1086
[0.17933821]
1087
[0.22827189]
1088
[0.22724598]
1089
[0.20809769]
1090
[0.22172885]
1091
[0.12415727]
1092
[0.22060607]
1093
[0.17110345]
1094
[0.1560921]
1095
[0.21065856]
1096
[0.2160954]
1097
[0.1523897]
1098
[0.25907459]
1099
[0.21541357]
1100
[0.18343751]
1101
[0.13292238]
1102
[0.2170556]
1103
[0.26991853]
1104
[0.27266348]
1105
[0.22943097]
1106
[0.20701911]
1107
[0.24404832]
1108
[0.16436369]
1109
[0.28694705]
1110
[0.19679234]
1111
[0.15290436]
1112
[0.22079795]
1113
[0.23717717]
1114
[0.17766795]
1115
[0.12217729]
1116
[0.19600037]
1117
[0.19648205]
1118
[0.19083096]
1119
[0.30435182]
1120
[0.16686894]
1121
[0.31560278]
1122
[0.39706407]
1123
[0.1741526]
1124
[0.14271835]
1125
[0.17544328]
1126
[0.18486472]
1127
[0.19538424]
1128
[0.33466904]
1129
[0.26028582]
1130
[0.28100217]
1131
[0.19063163]
1132
[0.19448088]
1133
[0.2051506]
1134
[0.21496402]
1135
[0.19422221]
1136
[0.14343456]
1137
[0.33927518]
1138
[0.18326917]
1139
[0.23062951]
1140
[0.17460087]
1141
[0.09772561]
1142
[0.34155859]
1143
[0.23818459]
1144
[0.20290617]
1145
[0.21688001]
1146
[0.1579088]
1147
[0.17035996]
1148
[0.22293638]
1149
[0.22486887]
1150
[0.2517059]
1151
[0.21410877]
1152
[0.31534176]
1153
[0.23790928]
1154
[0.2097371]
1155
[0.23510774]
1156
[0.22009768]
1157
[0.21534823]
1158
[0.20173451]
1159
[0.15860614]
1160
[0.33135215]
1161
[0.12671843]
1162
[0.27331066]
1163
[0.31661668]
1164
[0.24148958]
1165
[0.26295285]
1166
[0.33734595]
1167
[0.2899608]
1168
[0.30597908]
1169
[0.47448007]
1170
[0.18360024]
1171
[0.18429289]
1172
[0.20389039]
1173
[0.34478943]
1174
[0.18727039]
1175
[0.17572633]
1176
[0.27675603]
1177
[0.32293456]
1178
[0.30706444]
1179
[0.20507586]
1180
[0.16621938]
1181
[0.22370954]
1182
[0.29035196]
1183
[0.12595732]
1184
[0.28527933]
1185
[0.26223243]
1186
[0.27665835]
1187
[0.32596439]
1188
[0.16615303]
1189
[0.22195592]
1190
[0.27273075]
1191
[0.17525189]
1192
[0.3253492]
1193
[0.35942811]
1194
[0.21525337]
1195
[0.26393828]
1196
[0.25357136]
1197
[0.1727415]
1198
[0.12093293]
1199
[0.34559505]
1200
[0.06585062]
1201
[0.19432796]
1202
[0.28397696]
1203
[0.22290984]
1204
[0.12928855]
1205
[0.27155458]
1206
[0.42294608]
1207
[0.1853635]
1208
[0.11167266]
1209
[0.22212593]
1210
[0.15194395]
1211
[0.13418345]
1212
[0.18059392]
1213
[0.16849201]
1214
[0.19563674]
1215
[0.24189367]
1216
[0.18501143]
1217
[0.23787139]
1218
[0.21776952]
1219
[0.21022261]
1220
[0.25063288]
1221
[0.20219558]
1222
[0.28830485]
1223
[0.18307816]
1224
[0.11608751]
1225
[0.15952449]
1226
[0.09835668]
1227
[0.25062757]
1228
[0.15653748]
1229
[0.16923581]
1230
[0.34639078]
1231
[0.13488362]
1232
[0.11808478]
1233
[0.14795528]
1234
[0.13093023]
1235
[0.17176755]
1236
[0.23819354]
1237
[0.15855082]
1238
[0.21063769]
1239
[0.39826041]
1240
[0.28870146]
1241
[0.28885409]
1242
[0.22670432]
1243
[0.1042022]
1244
[0.23069095]
1245
[0.19289776]
1246
[0.16511616]
1247
[0.16254276]
1248
[0.26960059]
1249
[0.2138228]
1250
[0.26422085]
1251
[0.15422004]
1252
[0.14225757]
1253
[0.23373561]
1254
[0.17933805]
1255
[0.31381907]
1256
[0.20754995]
1257
[0.19790127]
1258
[0.13942273]
1259
[0.15489608]
1260
[0.15365157]
1261
[0.27994309]
1262
[0.23777727]
1263
[0.33099785]
1264
[0.19111141]
1265
[0.31433576]
1266
[0.25105978]
1267
[0.167008]
1268
[0.26604138]
1269
[0.25355587]
1270
[0.18405732]
1271
[0.18479389]
1272
[0.16417156]
1273
[0.22368266]
1274
[0.19604366]
1275
[0.2678816]
1276
[0.26454918]
1277
[0.21513498]
1278
[0.36158849]
1279
[0.27283611]
1280
[0.21196516]
1281
[0.29780592]
1282
[0.21106347]
1283
[0.2016944]
1284
[0.21199395]
1285
[0.18310011]
1286
[0.20223168]
1287
[0.2295619]
1288
[0.13891519]
1289
[0.14364472]
1290
[0.14082238]
1291
[0.0950552]
1292
[0.30346225]
1293
[0.19585632]
1294
[0.21353705]
1295
[0.28264668]
1296
[0.12942795]
1297
[0.14794268]
1298
[0.27872994]
1299
[0.22839685]
1300
[0.23241188]
1301
[0.16409416]
1302
[0.13088621]
1303
[0.2412093]
1304
[0.29076758]
1305
[0.24791377]
1306
[0.23546125]
1307
[0.25764403]
1308
[0.15687033]
1309
[0.25298057]
1310
[0.17660182]
1311
[0.36467081]
1312
[0.18817608]
1313
[0.19302353]
1314
[0.31511121]
1315
[0.38651888]
1316
[0.29585613]
1317
[0.25440822]
1318
[0.25193981]
1319
[0.23127274]
1320
[0.37185758]
1321
[0.22245195]
1322
[0.23670067]
1323
[0.29990499]
1324
[0.26282672]
1325
[0.19280773]
1326
[0.26961897]
1327
[0.18921015]
1328
[0.27684499]
1329
[0.27471183]
1330
[0.20247958]
1331
[0.28423688]
1332
[0.39037141]
1333
[0.25051554]
1334
[0.33794085]
1335
[0.296191]
1336
[0.28935194]
1337
[0.22201329]
1338
[0.32886288]
1339
[0.15920994]
1340
[0.19302254]
1341
[0.24188937]
1342
[0.1802509]
1343
[0.29055966]
1344
[0.23269539]
1345
[0.12792156]
1346
[0.25751049]
1347
[0.29703437]
1348
[0.27477942]
1349
[0.12256272]
1350
[0.3109485]
1351
[0.31451351]
1352
[0.28984929]
1353
[0.22264394]
1354
[0.15040516]
1355
[0.18824055]
1356
[0.15283387]
1357
[0.20860931]
1358
[0.25610566]
1359
[0.25666628]
1360
[0.27508646]
1361
[0.22972804]
1362
[0.167053]
1363
[0.23904453]
1364
[0.24227298]
1365
[0.27952159]
1366
[0.26800711]
1367
[0.22395306]
1368
[0.30492152]
1369
[0.24898318]
1370
[0.18104056]
1371
[0.24516258]
1372
[0.1506611]
1373
[0.2916511]
1374
[0.1779451]
1375
[0.20260248]
1376
[0.20659679]
1377
[0.32168865]
1378
[0.20255479]
1379
[0.20317647]
1380
[0.39831547]
1381
[0.2250938]
1382
[0.27229682]
1383
[0.12648563]
1384
[0.32485944]
1385
[0.20080098]
1386
[0.29430687]
1387
[0.18048497]
1388
[0.14010672]
1389
[0.25049434]
1390
[0.19327399]
1391
[0.37485867]
1392
[0.1926348]
1393
[0.21161938]
1394
[0.2141416]
1395
[0.32840877]
1396
[0.11987015]
1397
[0.2610386]
1398
[0.26949126]
1399
[0.15990068]
1400
[0.18214622]
1401
[0.29003284]
1402
[0.18843214]
1403
[0.19193532]
1404
[0.22711119]
1405
[0.20560405]
1406
[0.22462684]
1407
[0.11340152]
1408
[0.18452318]
1409
[0.30910904]
1410
[0.36119694]
1411
[0.19320721]
1412
[0.34196273]
1413
[0.23172658]
1414
[0.32665993]
1415
[0.23299836]
1416
[0.18800799]
1417
[0.23554874]
1418
[0.18294741]
1419
[0.27408245]
1420
[0.18227911]
1421
[0.07950586]
1422
[0.17150253]
1423
[0.21522732]
1424
[0.13334057]
1425
[0.24889043]
1426
[0.19395052]
1427
[0.23456468]
1428
[0.19995068]
1429
[0.2425836]
1430
[0.23513256]
1431
[0.33618801]
1432
[0.34754984]
1433
[0.16659739]
1434
[0.1912316]
1435
[0.18780921]
1436
[0.25046626]
1437
[0.22676713]
1438
[0.29383084]
1439
[0.1329262]
1440
[0.26829347]
1441
[0.14215495]
1442
[0.40658457]
1443
[0.30413747]
1444
[0.15351126]
1445
[0.30324225]
1446
[0.25488775]
1447
[0.26608857]
1448
[0.24483129]
1449
[0.13224893]
1450
[0.12628076]
1451
[0.19577262]
1452
[0.18565987]
1453
[0.2644373]
1454
[0.2390931]
1455
[0.33991569]
1456
[0.14674698]
1457
[0.23308898]
1458
[0.09553166]
1459
[0.37274783]
1460
[0.14888965]
1461
[0.30670713]
1462
[0.28410506]
1463
[0.22867614]
1464
[0.18388613]
1465
[0.22205038]
1466
[0.191222]
1467
[0.15740701]
1468
[0.22520646]
1469
[0.17269221]
1470
[0.13498936]
1471
[0.16835448]
1472
[0.14182075]
1473
[0.2635674]
1474
[0.17771795]
1475
[0.36078071]
1476
[0.19190951]
1477
[0.25013576]
1478
[0.16818204]
1479
[0.34091961]
1480
[0.14302876]
1481
[0.15724904]
1482
[0.19938688]
1483
[0.25359211]
1484
[0.19414175]
1485
[0.13405277]
1486
[0.17085648]
1487
[0.32475747]
1488
[0.32825784]
1489
[0.22048518]
1490
[0.31504715]
1491
[0.16154717]
1492
[0.34385274]
1493
[0.2598604]
1494
[0.2677074]
1495
[0.19120443]
1496
[0.25424349]
1497
[0.30216954]
1498
[0.23203404]
1499
[0.25951453]
1500
[0.23285384]
1501
[0.15791513]
1502
[0.09332363]
1503
[0.34790812]
1504
[0.16718836]
1505
[0.25523299]
1506
[0.30498881]
1507
[0.2415745]
1508
[0.2105676]
1509
[0.2789027]
1510
[0.14989743]
1511
[0.1755354]
1512
[0.21888113]
1513
[0.20066223]
1514
[0.06541947]
1515
[0.27632266]
1516
[0.1946259]
1517
[0.33796716]
1518
[0.15161354]
1519
[0.14143401]
1520
[0.35111717]
1521
[0.21258214]
1522
[0.17523141]
1523
[0.31640666]
1524
[0.29284413]
1525
[0.28601996]
1526
[0.24422359]
1527
[0.23022568]
1528
[0.30997795]
1529
[0.2133382]
1530
[0.16158194]
1531
[0.2295922]
1532
[0.159976]
1533
[0.35374162]
1534
[0.24596697]
1535
[0.29748083]
1536
[0.27987139]
1537
[0.20889609]
1538
[0.24455829]
1539
[0.18333519]
1540
[0.19760652]
1541
[0.13994681]
1542
[0.15352057]
1543
[0.21363004]
1544
[0.17486366]
1545
[0.2389189]
1546
[0.1885341]
1547
[0.24405673]
1548
[0.13960074]
1549
[0.10242859]
1550
[0.27602769]
1551
[0.31079885]
1552
[0.14386005]
1553
[0.32195081]
1554
[0.23263913]
1555
[0.26992826]
1556
[0.29902642]
1557
[0.32609925]
1558
[0.18724934]
1559
[0.16862664]
1560
[0.14283197]
1561
[0.23501815]
1562
[0.13777194]
1563
[0.29339711]
1564
[0.22925282]
1565
[0.23768907]
1566
[0.17869429]
1567
[0.17779116]
1568
[0.11475329]
1569
[0.1595762]
1570
[0.16522078]
1571
[0.32180485]
1572
[0.23765805]
1573
[0.29947654]
1574
[0.17463405]
1575
[0.30753192]
1576
[0.15797413]
1577
[0.15249277]
1578
[0.27897326]
1579
[0.29567883]
1580
[0.2921585]
1581
[0.32523311]
1582
[0.13379303]
1583
[0.25838533]
1584
[0.37361776]
1585
[0.27492155]
1586
[0.18862234]
1587
[0.13014921]
1588
[0.19358074]
1589
[0.18375553]
1590
[0.36512706]
1591
[0.15687202]
1592
[0.15155543]
1593
[0.17542917]
1594
[0.24856385]
1595
[0.11771988]
1596
[0.19549666]
1597
[0.23299928]
1598
[0.26665692]
1599
[0.24761673]
1600
[0.16840492]
1601
[0.08531692]
1602
[0.27036466]
1603
[0.31557179]
1604
[0.21740319]
1605
[0.21030298]
1606
[0.12207267]
1607
[0.22196884]
1608
[0.1562554]
1609
[0.17295353]
1610
[0.25372123]
1611
[0.33855482]
1612
[0.18185463]
1613
[0.09210419]
1614
[0.15559334]
1615
[0.41268322]
1616
[0.2407407]
1617
[0.35900808]
1618
[0.19990703]
1619
[0.29961852]
1620
[0.24187585]
1621
[0.27530553]
1622
[0.09023317]
1623
[0.20518879]
1624
[0.31701623]
1625
[0.19834977]
1626
[0.26642213]
1627
[0.39609386]
1628
[0.15658084]
1629
[0.16297447]
1630
[0.26716297]
1631
[0.22796294]
1632
[0.22494547]
1633
[0.12364531]
1634
[0.27787538]
1635
[0.21141613]
1636
[0.18361706]
1637
[0.22242438]
1638
[0.31130498]
1639
[0.18013609]
1640
[0.19234803]
1641
[0.10960211]
1642
[0.09658283]
1643
[0.16145752]
1644
[0.19410163]
1645
[0.22889388]
1646
[0.28413096]
1647
[0.22081302]
1648
[0.19669637]
1649
[0.32716688]
1650
[0.13820898]
1651
[0.28182668]
1652
[0.15482717]
1653
[0.32206203]
1654
[0.18804165]
1655
[0.3741051]
1656
[0.15648065]
1657
[0.12093833]
1658
[0.26121519]
1659
[0.25948244]
1660
[0.07708981]
1661
[0.22817782]
1662
[0.26952916]
1663
[0.14499612]
1664
[0.19918534]
1665
[0.24344917]
1666
[0.2546924]
1667
[0.24174477]
1668
[0.18741841]
1669
[0.18715579]
1670
[0.18831123]
1671
[0.14212245]
1672
[0.19246686]
1673
[0.2489023]
1674
[0.14936723]
1675
[0.19563512]
1676
[0.09367719]
1677
[0.2025759]
1678
[0.30503321]
1679
[0.17084509]
1680
[0.20339322]
1681
[0.17781783]
1682
[0.15416331]
1683
[0.21645853]
1684
[0.10991038]
1685
[0.26619481]
1686
[0.23068272]
1687
[0.33418726]
1688
[0.14680609]
1689
[0.29363077]
1690
[0.2754829]
1691
[0.23361378]
1692
[0.19276897]
1693
[0.15698147]
1694
[0.25821155]
1695
[0.21459931]
1696
[0.34592859]
1697
[0.14131752]
1698
[0.141721]
1699
[0.13770684]
1700
[0.26103009]
1701
[0.44558808]
1702
[0.3188172]
1703
[0.42979569]
1704
[0.10258596]
1705
[0.22980832]
1706
[0.15178838]
1707
[0.12680933]
1708
[0.19962332]
1709
[0.24628406]
1710
[0.14502156]
1711
[0.21874051]
1712
[0.21929669]
1713
[0.25994172]
1714
[0.27365719]
1715
[0.10527844]
1716
[0.23014125]
1717
[0.15267318]
1718
[0.14680262]
1719
[0.15906296]
1720
[0.1489986]
1721
[0.20678031]
1722
[0.15879646]
1723
[0.17477773]
1724
[0.14668241]
1725
[0.28614333]
1726
[0.10660762]
1727
[0.13367078]
1728
[0.15712168]
1729
[0.20153152]
1730
[0.23589882]
1731
[0.15502806]
1732
[0.33024727]
1733
[0.13541917]
1734
[0.26476633]
1735
[0.21284225]
1736
[0.25251873]
1737
[0.19869777]
1738
[0.17711835]
1739
[0.15128494]
1740
[0.21262413]
1741
[0.34603818]
1742
[0.33060323]
1743
[0.25665923]
1744
[0.30410233]
1745
[0.21858723]
1746
[0.18747982]
1747
[0.38612634]
1748
[0.31036633]
1749
[0.12056309]
1750
[0.19010877]
1751
[0.36142318]
1752
[0.23590709]
1753
[0.24012202]
1754
[0.19411943]
1755
[0.1558687]
1756
[0.16386501]
1757
[0.19929751]
1758
[0.12309007]
1759
[0.1859089]
1760
[0.34132506]
1761
[0.19265875]
1762
[0.17554867]
1763
[0.15416173]
1764
[0.28771192]
1765
[0.37106578]
1766
[0.30597846]
1767
[0.40811795]
1768
[0.2273066]
1769
[0.15408723]
1770
[0.22004742]
1771
[0.21951272]
1772
[0.23509001]
1773
[0.1366133]
1774
[0.20154738]
1775
[0.15752164]
1776
[0.24130114]
1777
[0.25324585]
1778
[0.20730502]
1779
[0.21004516]
1780
[0.18100767]
1781
[0.29532131]
1782
[0.25903933]
1783
[0.17973599]
1784
[0.21058734]
1785
[0.33582896]
1786
[0.20729615]
1787
[0.33591716]
1788
[0.24591215]
1789
[0.13325206]
1790
[0.18543331]
1791
[0.29633504]
1792
[0.18725465]
1793
[0.29889922]
1794
[0.22283399]
1795
[0.29847762]
1796
[0.15415709]
1797
[0.29376101]
1798
[0.34402997]
1799
[0.19227311]
1800
[0.34851433]
1801
[0.23585597]
1802
[0.28527872]
1803
[0.18494226]
1804
[0.26249217]
1805
[0.20775735]
1806
[0.13844585]
1807
[0.18542515]
1808
[0.29445668]
1809
[0.16750617]
1810
[0.29601342]
1811
[0.19465365]
1812
[0.15917089]
1813
[0.27656217]
1814
[0.20350296]
1815
[0.14122915]
1816
[0.15953756]
1817
[0.23779237]
1818
[0.10954669]
1819
[0.19209338]
1820
[0.34193328]
1821
[0.12853791]
1822
[0.25363544]
1823
[0.20256508]
1824
[0.33568219]
1825
[0.0472526]
1826
[0.25202534]
1827
[0.16517199]
1828
[0.23298587]
1829
[0.27460316]
1830
[0.24752725]
1831
[0.24154998]
1832
[0.16676799]
1833
[0.17138652]
1834
[0.13701698]
1835
[0.22480565]
1836
[0.13071833]
1837
[0.17406201]
1838
[0.13334389]
1839
[0.25648299]
1840
[0.28174472]
1841
[0.19242111]
1842
[0.16516066]
1843
[0.20651615]
1844
[0.1895074]
1845
[0.15890351]
1846
[0.26215118]
1847
[0.1255524]
1848
[0.24870521]
1849
[0.23060112]
1850
[0.19434644]
1851
[0.1454195]
1852
[0.14625926]
1853
[0.20126867]
1854
[0.17562062]
1855
[0.21195825]
1856
[0.13039645]
1857
[0.13117915]
1858
[0.20988747]
1859
[0.19817107]
1860
[0.24292964]
1861
[0.15899681]
1862
[0.20864746]
1863
[0.22939261]
1864
[0.19184339]
1865
[0.31395246]
1866
[0.22265295]
1867
[0.24204685]
1868
[0.27570924]
1869
[0.21784057]
1870
[0.07655996]
1871
[0.38441822]
1872
[0.25861857]
1873
[0.27980245]
1874
[0.13582236]
1875
[0.24738646]
1876
[0.35254101]
1877
[0.27455323]
1878
[0.29785017]
1879
[0.20453871]
1880
[0.25475357]
1881
[0.18129285]
1882
[0.22925956]
1883
[0.39999377]
1884
[0.15623977]
1885
[0.1999898]
1886
[0.21359587]
1887
[0.23134541]
1888
[0.27285972]
1889
[0.22729016]
1890
[0.3667242]
1891
[0.33533986]
1892
[0.21148465]
1893
[0.25953316]
1894
[0.22971951]
1895
[0.23264678]
1896
[0.19245269]
1897
[0.18899217]
1898
[0.17806941]
1899
[0.199141]
1900
[0.14275063]
1901
[0.40609132]
1902
[0.38887059]
1903
[0.17607897]
1904
[0.17978669]
1905
[0.24199954]
1906
[0.12620125]
1907
[0.35780497]
1908
[0.22885451]
1909
[0.18583108]
1910
[0.19975352]
1911
[0.38208956]
1912
[0.28586278]
1913
[0.27851237]
1914
[0.28346836]
1915
[0.14222612]
1916
[0.24761699]
1917
[0.22569361]
1918
[0.21989673]
1919
[0.13714347]
1920
[0.19014352]
1921
[0.2592746]
1922
[0.23273679]
1923
[0.28349272]
1924
[0.23947652]
1925
[0.16244503]
1926
[0.30734863]
1927
[0.2289327]
1928
[0.17776908]
1929
[0.13524]
1930
[0.35059539]
1931
[0.22542469]
1932
[0.27430821]
1933
[0.1979816]
1934
[0.36362153]
1935
[0.23301824]
1936
[0.18252205]
1937
[0.31728246]
1938
[0.23851358]
1939
[0.24540439]
1940
[0.10121957]
1941
[0.18728828]
1942
[0.28143011]
1943
[0.26980213]
1944
[0.16378052]
1945
[0.10686629]
1946
[0.14031104]
1947
[0.13449556]
1948
[0.11256644]
1949
[0.23866205]
1950
[0.24769272]
1951
[0.17735913]
1952
[0.22893918]
1953
[0.23965962]
1954
[0.20543092]
1955
[0.172856]
1956
[0.17853899]
1957
[0.20566388]
1958
[0.20662532]
1959
[0.25281602]
1960
[0.19960413]
1961
[0.11977896]
1962
[0.16265456]
1963
[0.20603146]
1964
[0.35724499]
1965
[0.21495385]
1966
[0.23509948]
1967
[0.1891449]
1968
[0.22384537]
1969
[0.12337523]
1970
[0.1392232]
1971
[0.30840579]
1972
[0.13852103]
1973
[0.15842304]
1974
[0.17082368]
1975
[0.33932663]
1976
[0.16555542]
1977
[0.20381745]
1978
[0.26881664]
1979
[0.33387815]
1980
[0.26755049]
1981
[0.36602371]
1982
[0.32356842]
1983
[0.27894267]
1984
[0.24540637]
1985
[0.10940521]
1986
[0.19080665]
1987
[0.22953964]
1988
[0.1942316]
1989
[0.17450718]
1990
[0.2248593]
1991
[0.16605399]
1992
[0.2532049]
1993
[0.2516954]
1994
[0.29449129]
1995
[0.26706495]
1996
[0.32709707]
1997
[0.35848421]
1998
[0.12374708]
1999
[0.28204776]
2000
[0.23115555]
2001
[0.18233128]
2002
[0.22452559]
2003
[0.27342814]
2004
[0.24994531]
2005
[0.30095128]
2006
[0.15774943]
2007
[0.20128411]
2008
[0.28367546]
2009
[0.16129129]
2010
[0.22618045]
2011
[0.12976357]
2012
[0.25023247]
2013
[0.19562287]
2014
[0.21813445]
2015
[0.28491023]
2016
[0.17022159]
2017
[0.26581652]
2018
[0.1312485]
2019
[0.22580749]
2020
[0.24576364]
2021
[0.32506457]
2022
[0.22097377]
2023
[0.12780426]
2024
[0.22744251]
2025
[0.29939649]
2026
[0.26744336]
2027
[0.15680669]
2028
[0.19791968]
2029
[0.24085799]
2030
[0.38330756]
2031
[0.17483511]
2032
[0.19787114]
2033
[0.17803967]
2034
[0.1722315]
2035
[0.12179867]
2036
[0.20877512]
2037
[0.10740243]
2038
[0.33544266]
2039
[0.23792217]
2040
[0.27038329]
2041
[0.20296055]
2042
[0.29592398]
2043
[0.20228916]
2044
[0.15214741]
2045
[0.35380162]
2046
[0.06812251]
2047
[0.17959736]
2048
[0.20615808]
2049
[0.2203661]
2050
[0.29298998]
2051
[0.28662359]
2052
[0.30052872]
2053
[0.22862097]
2054
[0.29803537]
2055
[0.22278644]
2056
[0.15416673]
2057
[0.26509754]
2058
[0.1694259]
2059
[0.14856679]
2060
[0.19607123]
2061
[0.1825384]
2062
[0.11626092]
2063
[0.37935165]
2064
[0.16260525]
2065
[0.23914234]
2066
[0.16397059]
2067
[0.21417842]
2068
[0.14952542]
2069
[0.21612481]
2070
[0.17595563]
2071
[0.1958471]
2072
[0.28952132]
2073
[0.1652237]
2074
[0.2944751]
2075
[0.12679867]
2076
[0.21258715]
2077
[0.12857176]
2078
[0.28508862]
2079
[0.18985883]
2080
[0.37933029]
2081
[0.25244717]
2082
[0.1953774]
2083
[0.20959343]
2084
[0.21753516]
2085
[0.3729803]
2086
[0.32057951]
2087
[0.35092219]
2088
[0.24423924]
2089
[0.25409392]
2090
[0.11614894]
2091
[0.11232731]
2092
[0.14472968]
2093
[0.21131189]
2094
[0.23750413]
2095
[0.13448407]
2096
[0.16937972]
2097
[0.39933407]
2098
[0.15122276]
2099
[0.24383433]
2100
[0.33323176]
2101
[0.26236578]
2102
[0.22085325]
2103
[0.15267355]
2104
[0.22470539]
2105
[0.27270437]
2106
[0.20809434]
2107
[0.35831405]
2108
[0.25004638]
2109
[0.31334507]
2110
[0.15974425]
2111
[0.31524818]
2112
[0.25873266]
2113
[0.21573507]
2114
[0.21581621]
2115
[0.35244811]
2116
[0.2601761]
2117
[0.09737297]
2118
[0.23179095]
2119
[0.21640955]
2120
[0.27788896]
2121
[0.18143945]
2122
[0.30842715]
2123
[0.22365318]
2124
[0.21859743]
2125
[0.16829285]
2126
[0.28450827]
2127
[0.26641263]
2128
[0.29650205]
2129
[0.32110103]
2130
[0.16173298]
2131
[0.29305325]
2132
[0.1644068]
2133
[0.21506234]
2134
[0.20564152]
2135
[0.23387662]
2136
[0.2619297]
2137
[0.2351351]
2138
[0.23520172]
2139
[0.19674322]
2140
[0.29071202]
2141
[0.30185519]
2142
[0.21763116]
2143
[0.24119434]
2144
[0.22466886]
2145
[0.17122725]
2146
[0.16315638]
2147
[0.27904504]
2148
[0.28059098]
2149
[0.15097101]
2150
[0.25452558]
2151
[0.25376829]
2152
[0.17255668]
2153
[0.23254212]
2154
[0.16789387]
2155
[0.18729019]
2156
[0.15667993]
2157
[0.14915076]
2158
[0.25184622]
2159
[0.1689859]
2160
[0.08725399]
2161
[0.20871495]
2162
[0.27350209]
2163
[0.23920324]
2164
[0.17551678]
2165
[0.3663189]
2166
[0.25607832]
2167
[0.23290874]
2168
[0.23168632]
2169
[0.22778263]
2170
[0.33503546]
2171
[0.36802778]
2172
[0.18098779]
2173
[0.21037556]
2174
[0.20505118]
2175
[0.17313832]
2176
[0.29762626]
2177
[0.2140528]
2178
[0.12381152]
2179
[0.14447907]
2180
[0.13439089]
2181
[0.16502888]
2182
[0.32451405]
2183
[0.20325899]
2184
[0.24900188]
2185
[0.29983322]
2186
[0.31589633]
2187
[0.31505368]
2188
[0.17417224]
2189
[0.2518903]
2190
[0.11136135]
2191
[0.36531232]
2192
[0.19473155]
2193
[0.20398248]
2194
[0.12497068]
2195
[0.3313699]
2196
[0.17356249]
2197
[0.26605269]
2198
[0.26637591]
2199
[0.21683468]
2200
[0.15224847]
2201
[0.21364624]
2202
[0.26831083]
2203
[0.22192736]
2204
[0.20332188]
2205
[0.28092393]
2206
[0.15739001]
2207
[0.23966236]
2208
[0.18652228]
2209
[0.30761464]
2210
[0.14510157]
2211
[0.21452198]
2212
[0.1970996]
2213
[0.36386632]
2214
[0.32322842]
2215
[0.20762682]
2216
[0.19092814]
2217
[0.12497538]
2218
[0.14817572]
2219
[0.14791083]
2220
[0.29196629]
2221
[0.22949026]
2222
[0.2692715]
2223
[0.22604794]
2224
[0.3042604]
2225
[0.26123674]
2226
[0.27469984]
2227
[0.32987228]
2228
[0.27711747]
2229
[0.20601684]
2230
[0.16209652]
2231
[0.21290947]
2232
[0.20123395]
2233
[0.19311111]
2234
[0.17889105]
2235
[0.2351903]
2236
[0.23820431]
2237
[0.33132836]
2238
[0.12623439]
2239
[0.24949986]
2240
[0.26852213]
2241
[0.26124073]
2242
[0.23672715]
2243
[0.231861]
2244
[0.18070301]
2245
[0.26032308]
2246
[0.21583287]
2247
[0.1813377]
2248
[0.19432039]
2249
[0.33051243]
2250
[0.25925449]
2251
[0.26469739]
2252
[0.16501181]
2253
[0.26841411]
2254
[0.19606339]
2255
[0.23092201]
2256
[0.28838569]
2257
[0.26166624]
2258
[0.25713335]
2259
[0.32086924]
2260
[0.18622276]
2261
[0.25253985]
2262
[0.25097191]
2263
[0.21175903]
2264
[0.19707437]
2265
[0.28106477]
2266
[0.32731627]
2267
[0.35330118]
2268
[0.22524088]
2269
[0.19369609]
2270
[0.20987437]
2271
[0.32714678]
2272
[0.23511148]
2273
[0.18493692]
2274
[0.12409071]
2275
[0.28267874]
2276
[0.18910821]
2277
[0.26660335]
2278
[0.14771739]
2279
[0.23908093]
2280
[0.24179722]
2281
[0.18544256]
2282
[0.22865147]
2283
[0.10193875]
2284
[0.24664356]
2285
[0.23445142]
2286
[0.34769855]
2287
[0.28613157]
2288
[0.17379291]
2289
[0.22969239]
2290
[0.17092083]
2291
[0.29378421]
2292
[0.14373693]
2293
[0.30000587]
2294
[0.30388974]
2295
[0.33831929]
2296
[0.20619148]
2297
[0.16722928]
2298
[0.24626379]
2299
[0.27713252]
2300
[0.22772334]
2301
[0.29106566]
2302
[0.17850178]
2303
[0.08766658]
2304
[0.1800215]
2305
[0.16883544]
2306
[0.16355822]
2307
[0.2476547]
2308
[0.0847736]
2309
[0.31146278]
2310
[0.13921975]
2311
[0.25012539]
2312
[0.11614562]
2313
[0.13469835]
2314
[0.26899112]
2315
[0.23926042]
2316
[0.17190241]
2317
[0.25149286]
2318
[0.14902864]
2319
[0.17768633]
2320
[0.18220856]
2321
[0.19966255]
2322
[0.17422951]
2323
[0.14624449]
2324
[0.22759585]
2325
[0.34901272]
2326
[0.37552721]
2327
[0.23620147]
2328
[0.25322752]
2329
[0.08360545]
2330
[0.3110588]
2331
[0.22343414]
2332
[0.31460711]
2333
[0.11550831]
2334
[0.29348755]
2335
[0.23673571]
2336
[0.28892997]
2337
[0.22331974]
2338
[0.13035302]
2339
[0.15388165]
2340
[0.21354384]
2341
[0.30288085]
2342
[0.28667498]
2343
[0.16973735]
2344
[0.27983206]
2345
[0.35790476]
2346
[0.13316733]
2347
[0.25581982]
2348
[0.2016984]
2349
[0.18967029]
2350
[0.15254352]
2351
[0.27425033]
2352
[0.27565233]
2353
[0.25487686]
2354
[0.18928158]
2355
[0.30180811]
2356
[0.23054339]
2357
[0.13417771]
2358
[0.18405586]
2359
[0.14153832]
2360
[0.1696049]
2361
[0.16620031]
2362
[0.14889776]
2363
[0.22724087]
2364
[0.21536792]
2365
[0.19496319]
2366
[0.21409489]
2367
[0.32126718]
2368
[0.1465083]
2369
[0.19861635]
2370
[0.10492032]
2371
[0.18144974]
2372
[0.3002187]
2373
[0.13394009]
2374
[0.26267439]
2375
[0.18960291]
2376
[0.17753898]
2377
[0.16938457]
2378
[0.26426563]
2379
[0.32359701]
2380
[0.21509459]
2381
[0.27398394]
2382
[0.22450111]
2383
[0.15788693]
2384
[0.2633488]
2385
[0.23162926]
2386
[0.19564232]
2387
[0.17973408]
2388
[0.28630868]
2389
[0.15332538]
2390
[0.27172701]
2391
[0.19851933]
2392
[0.28377845]
2393
[0.27788769]
2394
[0.26456966]
2395
[0.18244159]
2396
[0.30486877]
2397
[0.22151039]
2398
[0.17276314]
2399
[0.31808029]
2400
[0.33620428]
2401
[0.3312851]
2402
[0.1647026]
2403
[0.21053175]
2404
[0.15270074]
2405
[0.28818072]
2406
[0.24517835]
2407
[0.21969523]
2408
[0.25628855]
2409
[0.22019141]
2410
[0.2526379]
2411
[0.10790066]
2412
[0.25533147]
2413
[0.24390779]
2414
[0.17085284]
2415
[0.22163188]
2416
[0.28929387]
2417
[0.15328258]
2418
[0.35083978]
2419
[0.23711838]
2420
[0.27468942]
2421
[0.2560125]
2422
[0.19556514]
2423
[0.22226556]
2424
[0.23332536]
2425
[0.26439457]
2426
[0.27142745]
2427
[0.25695325]
2428
[0.20816475]
2429
[0.34171822]
2430
[0.21960227]
2431
[0.15527306]
2432
[0.12265728]
2433
[0.20455539]
2434
[0.12999725]
2435
[0.34319122]
2436
[0.12668451]
2437
[0.34960571]
2438
[0.1655879]
2439
[0.10384712]
2440
[0.12765153]
2441
[0.12835166]
2442
[0.19719297]
2443
[0.21178175]
2444
[0.22697661]
2445
[0.14197651]
2446
[0.31191764]
2447
[0.24648399]
2448
[0.26946474]
2449
[0.21440096]
2450
[0.39974826]
2451
[0.35678714]
2452
[0.27609729]
2453
[0.15937651]
2454
[0.22468568]
2455
[0.13274133]
2456
[0.22938277]
2457
[0.34167213]
2458
[0.40947714]
2459
[0.30419573]
2460
[0.18007108]
2461
[0.13851349]
2462
[0.31538118]
2463
[0.19611596]
2464
[0.19771421]
2465
[0.22138836]
2466
[0.21272248]
2467
[0.33423527]
2468
[0.30963528]
2469
[0.20902298]
2470
[0.15246183]
2471
[0.32917589]
2472
[0.22382773]
2473
[0.21854076]
2474
[0.10275993]
2475
[0.09657559]
2476
[0.10556749]
2477
[0.28448481]
2478
[0.1461794]
2479
[0.23008912]
2480
[0.23246045]
2481
[0.17179711]
2482
[0.22235634]
2483
[0.20526951]
2484
[0.16451337]
2485
[0.22505455]
2486
[0.16767113]
2487
[0.23730598]
2488
[0.15826412]
2489
[0.13982934]
2490
[0.3499715]
2491
[0.18846707]
2492
[0.1972292]
2493
[0.32064957]
2494
[0.17468401]
2495
[0.15228933]
2496
[0.21651025]
2497
[0.25384946]
2498
[0.17444817]
2499
[0.2496946]
2500
[0.11274709]
2501
[0.25858851]
2502
[0.38456041]
2503
[0.24443584]
2504
[0.19056875]
2505
[0.08423219]
2506
[0.20182113]
2507
[0.27402979]
2508
[0.18371793]
2509
[0.25469279]
2510
[0.18690245]
2511
[0.26512271]
2512
[0.38453071]
2513
[0.10946708]
2514
[0.29042405]
2515
[0.13841698]
2516
[0.21705589]
2517
[0.49756764]
2518
[0.30768597]
2519
[0.17864241]
2520
[0.15953879]
2521
[0.20321994]
2522
[0.14134872]
2523
[0.32997232]
2524
[0.1315566]
2525
[0.30702082]
2526
[0.14811003]
2527
[0.22919762]
2528
[0.22137633]
2529
[0.15892996]
2530
[0.13664279]
2531
[0.19541888]
2532
[0.27291141]
2533
[0.28128326]
2534
[0.20770249]
2535
[0.1508997]
2536
[0.22029909]
2537
[0.21977362]
2538
[0.1306761]
2539
[0.16427191]
2540
[0.1885482]
2541
[0.29401476]
2542
[0.14827312]
2543
[0.31297935]
2544
[0.21008382]
2545
[0.29520669]
2546
[0.16659535]
2547
[0.21401537]
2548
[0.42530077]
2549
[0.13909867]
2550
[0.10931546]
2551
[0.22066057]
2552
[0.22819166]
2553
[0.24696098]
2554
[0.14785498]
2555
[0.26520243]
2556
[0.26718057]
2557
[0.18809184]
2558
[0.1975031]
2559
[0.1144372]
2560
[0.18895565]
2561
[0.29415593]
2562
[0.14681106]
2563
[0.19423479]
2564
[0.17428468]
2565
[0.26028522]
2566
[0.16786348]
2567
[0.1453055]
2568
[0.19971026]
2569
[0.19452404]
2570
[0.1951298]
2571
[0.21344352]
2572
[0.27818535]
2573
[0.31099462]
2574
[0.13285928]
2575
[0.12754966]
2576
[0.29670607]
2577
[0.17308428]
2578
[0.22475199]
2579
[0.29033938]
2580
[0.20632253]
2581
[0.16193508]
2582
[0.21192353]
2583
[0.34487133]
2584
[0.22810366]
2585
[0.24665609]
2586
[0.2242159]
2587
[0.16847862]
2588
[0.27936584]
2589
[0.14916647]
2590
[0.11351538]
2591
[0.20043874]
2592
[0.3256237]
2593
[0.31555641]
2594
[0.20963591]
2595
[0.08220535]
2596
[0.24868148]
2597
[0.17989905]
2598
[0.28554145]
2599
[0.20679864]
2600
[0.14044289]
2601
[0.16919774]
2602
[0.09832581]
2603
[0.15697068]
2604
[0.23885478]
2605
[0.15959274]
2606
[0.18886591]
2607
[0.26643387]
2608
[0.27724156]
2609
[0.31066927]
2610
[0.15085255]
2611
[0.35189639]
2612
[0.187112]
2613
[0.30740232]
2614
[0.20316291]
2615
[0.24773688]
2616
[0.24132386]
2617
[0.27005928]
2618
[0.21122125]
2619
[0.08836136]
2620
[0.29755342]
2621
[0.17457194]
2622
[0.11818725]
2623
[0.11993564]
2624
[0.158298]
2625
[0.13808228]
2626
[0.34203309]
2627
[0.13770933]
2628
[0.18292015]
2629
[0.2556451]
2630
[0.19637962]
2631
[0.19519579]
2632
[0.18538214]
2633
[0.18394383]
2634
[0.19185311]
2635
[0.10727382]
2636
[0.21125198]
2637
[0.11462507]
2638
[0.21987074]
2639
[0.31618387]
2640
[0.36358117]
2641
[0.10432355]
2642
[0.17318994]
2643
[0.26129267]
2644
[0.2024773]
2645
[0.14033667]
2646
[0.22642257]
2647
[0.32520479]
2648
[0.17847937]
2649
[0.2385376]
2650
[0.22079371]
2651
[0.21692706]
2652
[0.21686792]
2653
[0.30968455]
2654
[0.19775163]
2655
[0.19399389]
2656
[0.24342888]
2657
[0.22987494]
2658
[0.10305861]
2659
[0.19193753]
2660
[0.13073423]
2661
[0.18371283]
2662
[0.37444646]
2663
[0.21709135]
2664
[0.09751599]
2665
[0.21294589]
2666
[0.3270383]
2667
[0.26113704]
2668
[0.32680461]
2669
[0.16612767]
2670
[0.15496111]
2671
[0.2785097]
2672
[0.14417126]
2673
[0.14161721]
2674
[0.39741258]
2675
[0.23268988]
2676
[0.26218653]
2677
[0.20654652]
2678
[0.28082709]
2679
[0.14995593]
2680
[0.24962163]
2681
[0.27724132]
2682
[0.15117322]
2683
[0.15243575]
2684
[0.24645332]
2685
[0.17338488]
2686
[0.25488587]
2687
[0.2306931]
2688
[0.26855268]
2689
[0.23546679]
2690
[0.32752986]
2691
[0.20347872]
2692
[0.36365538]
2693
[0.21882543]
2694
[0.14533886]
2695
[0.19389299]
2696
[0.25409619]
2697
[0.20662416]
2698
[0.14837863]
2699
[0.27378027]
2700
[0.24718741]
2701
[0.13578176]
2702
[0.18640905]
2703
[0.21633252]
2704
[0.1375169]
2705
[0.07820655]
2706
[0.29360653]
2707
[0.23835006]
2708
[0.22663664]
2709
[0.10326231]
2710
[0.28465869]
2711
[0.28962036]
2712
[0.38639616]
2713
[0.35602933]
2714
[0.2962837]
2715
[0.2585414]
2716
[0.23406318]
2717
[0.18385983]
2718
[0.11943574]
2719
[0.24757961]
2720
[0.28080511]
2721
[0.2042651]
2722
[0.22121429]
2723
[0.17337351]
2724
[0.09328133]
2725
[0.23896131]
2726
[0.21160502]
2727
[0.21348834]
2728
[0.12732607]
2729
[0.06925686]
2730
[0.17482169]
2731
[0.17093867]
2732
[0.24113594]
2733
[0.1864606]
2734
[0.18469297]
2735
[0.16950942]
2736
[0.30818385]
2737
[0.23725272]
2738
[0.26180718]
2739
[0.17726941]
2740
[0.31047333]
2741
[0.13867433]
2742
[0.11025138]
2743
[0.28708977]
2744
[0.08494413]
2745
[0.21903271]
2746
[0.21194824]
2747
[0.23209686]
2748
[0.24314705]
2749
[0.19834712]
2750
[0.36285149]
2751
[0.17650981]
2752
[0.11953561]
2753
[0.30470561]
2754
[0.18578486]
2755
[0.20077992]
2756
[0.26590441]
2757
[0.3127865]
2758
[0.19188904]
2759
[0.19568549]
2760
[0.22855173]
2761
[0.11759303]
2762
[0.31477057]
2763
[0.31823788]
2764
[0.19031422]
2765
[0.33986264]
2766
[0.2297428]
2767
[0.19095462]
2768
[0.25183915]
2769
[0.30938374]
2770
[0.28384099]
2771
[0.35480143]
2772
[0.15583381]
2773
[0.26368942]
2774
[0.2958368]
2775
[0.40544214]
2776
[0.36356331]
2777
[0.11051909]
2778
[0.1426497]
2779
[0.25486283]
2780
[0.15384635]
2781
[0.20090506]
2782
[0.17154201]
2783
[0.26421979]
2784
[0.18460563]
2785
[0.20728208]
2786
[0.19196832]
2787
[0.32768114]
2788
[0.22922193]
2789
[0.19763325]
2790
[0.29652476]
2791
[0.38485505]
2792
[0.31359127]
2793
[0.38975671]
2794
[0.09875142]
2795
[0.13815528]
2796
[0.1417417]
2797
[0.18878611]
2798
[0.21015742]
2799
[0.21638415]
2800
[0.10814357]
2801
[0.18612709]
2802
[0.18447462]
2803
[0.15202291]
2804
[0.27870605]
2805
[0.21383667]
2806
[0.30357174]
2807
[0.18880315]
2808
[0.17888785]
2809
[0.37975151]
2810
[0.15709976]
2811
[0.17044042]
2812
[0.24261891]
2813
[0.32999381]
2814
[0.12569245]
2815
[0.13818096]
2816
[0.21386005]
2817
[0.13700766]
2818
[0.12920841]
2819
[0.21004356]
2820
[0.13778292]
2821
[0.27167187]
2822
[0.24563367]
2823
[0.20906964]
2824
[0.21640677]
2825
[0.18778086]
2826
[0.24517251]
2827
[0.20762006]
2828
[0.22880165]
2829
[0.08748834]
2830
[0.15086795]
2831
[0.18821984]
2832
[0.22046342]
2833
[0.16259186]
2834
[0.1792025]
2835
[0.10960703]
2836
[0.15584241]
2837
[0.26162774]
2838
[0.21799588]
2839
[0.28050593]
2840
[0.24711497]
2841
[0.16965763]
2842
[0.23149814]
2843
[0.24360499]
2844
[0.22668908]
2845
[0.16326574]
2846
[0.11825527]
2847
[0.16179959]
2848
[0.19772514]
2849
[0.32398774]
2850
[0.18491802]
2851
[0.28896025]
2852
[0.23262878]
2853
[0.24916049]
2854
[0.28692899]
2855
[0.16161121]
2856
[0.23699449]
2857
[0.23440343]
2858
[0.13568904]
2859
[0.09381239]
2860
[0.23162394]
2861
[0.30245237]
2862
[0.22321319]
2863
[0.17193885]
2864
[0.21199545]
2865
[0.25531498]
2866
[0.10816206]
2867
[0.30650071]
2868
[0.29278629]
2869
[0.23656361]
2870
[0.26576173]
2871
[0.12006738]
2872
[0.07754951]
2873
[0.26084727]
2874
[0.37703587]
2875
[0.29143763]
2876
[0.12181158]
2877
[0.15700636]
2878
[0.23959759]
2879
[0.14116259]
2880
[0.11069964]
2881
[0.26357264]
2882
[0.17024378]
2883
[0.29955219]
2884
[0.13840976]
2885
[0.15949299]
2886
[0.24830053]
2887
[0.15013254]
2888
[0.19552921]
2889
[0.15335114]
2890
[0.35252457]
2891
[0.18284754]
2892
[0.30657155]
2893
[0.20258651]
2894
[0.08531052]
2895
[0.34686959]
2896
[0.30024513]
2897
[0.38027614]
2898
[0.21766193]
2899
[0.18638267]
2900
[0.26606241]
2901
[0.18663965]
2902
[0.24045897]
2903
[0.22127624]
2904
[0.26073467]
2905
[0.22705006]
2906
[0.11354525]
2907
[0.20501647]
2908
[0.23879823]
2909
[0.38615871]
2910
[0.22316943]
2911
[0.27160285]
2912
[0.1244571]
2913
[0.17574951]
2914
[0.22027868]
2915
[0.1328306]
2916
[0.21813488]
2917
[0.28151175]
2918
[0.28431344]
2919
[0.14652335]
2920
[0.3113957]
2921
[0.23952217]
2922
[0.15690755]
2923
[0.25686144]
2924
[0.14979213]
2925
[0.14241917]
2926
[0.12137605]
2927
[0.23431183]
2928
[0.24082205]
2929
[0.11685043]
2930
[0.10518089]
2931
[0.14056486]
2932
[0.15075726]
2933
[0.26167994]
2934
[0.23091911]
2935
[0.17210983]
2936
[0.07011887]
2937
[0.14821749]
2938
[0.25453078]
2939
[0.20985773]
2940
[0.260567]
2941
[0.16423287]
2942
[0.16419148]
2943
[0.10185551]
2944
[0.15160504]
2945
[0.22272098]
2946
[0.13880696]
2947
[0.25102561]
2948
[0.29186862]
2949
[0.21828252]
2950
[0.31438321]
2951
[0.16782361]
2952
[0.2953538]
2953
[0.09894588]
2954
[0.23063237]
2955
[0.207589]
2956
[0.24434972]
2957
[0.18184431]
2958
[0.14867859]
2959
[0.37037378]
2960
[0.15873182]
2961
[0.2717973]
2962
[0.16423496]
2963
[0.15574084]
2964
[0.11837935]
2965
[0.10944406]
2966
[0.19568712]
2967
[0.18708698]
2968
[0.20986578]
2969
[0.22106922]
2970
[0.27785834]
2971
[0.24337746]
2972
[0.24008438]
2973
[0.15073516]
2974
[0.25757327]
2975
[0.24991087]
2976
[0.3643123]
2977
[0.15961233]
2978
[0.26461157]
2979
[0.23492465]
2980
[0.16196195]
2981
[0.21819112]
2982
[0.25143789]
2983
[0.18205649]
2984
[0.24536147]
2985
[0.25052389]
2986
[0.17664887]
2987
[0.18905083]
2988
[0.33351271]
2989
[0.26002875]
2990
[0.22662227]
2991
[0.15376251]
2992
[0.12657674]
2993
[0.37766224]
2994
[0.14110166]
2995
[0.1572339]
2996
[0.32195535]
2997
[0.12049912]
2998
[0.20427319]
2999
[0.12145186]
3000
[0.32218998]
3001
[0.27744582]
3002
[0.1194222]
3003
[0.23514185]
3004
[0.27887449]
3005
[0.1160572]
3006
[0.22123785]
3007
[0.22039005]
3008
[0.28135352]
3009
[0.26710235]
3010
[0.21249649]
3011
[0.27275205]
3012
[0.37942851]
3013
[0.21876579]
3014
[0.27746609]
3015
[0.18519056]
3016
[0.27435948]
3017
[0.16372626]
3018
[0.26619997]
3019
[0.14943002]
3020
[0.23440239]
3021
[0.2979057]
3022
[0.22240187]
3023
[0.28742557]
3024
[0.18231375]
3025
[0.26435776]
3026
[0.30470763]
3027
[0.26456855]
3028
[0.19038961]
3029
[0.22598322]
3030
[0.25763025]
3031
[0.18401763]
3032
[0.18343963]
3033
[0.31627115]
3034
[0.16467284]
3035
[0.26166067]
3036
[0.15653028]
3037
[0.19066089]
3038
[0.17115304]
3039
[0.2808405]
3040
[0.21499574]
3041
[0.30958967]
3042
[0.27402142]
3043
[0.13459591]
3044
[0.28098427]
3045
[0.22615749]
3046
[0.19754098]
3047
[0.1482562]
3048
[0.21541767]
3049
[0.23734056]
3050
[0.22338748]
3051
[0.22796786]
3052
[0.32128401]
3053
[0.20071401]
3054
[0.1321316]
3055
[0.18054089]
3056
[0.20953056]
3057
[0.13470636]
3058
[0.17342926]
3059
[0.4093862]
3060
[0.23934827]
3061
[0.2532354]
3062
[0.27509212]
3063
[0.25449813]
3064
[0.32986901]
3065
[0.16194456]
3066
[0.26743885]
3067
[0.30280037]
3068
[0.24715262]
3069
[0.16074511]
3070
[0.31828134]
3071
[0.21863754]
3072
[0.28229466]
3073
[0.17578932]
3074
[0.16447128]
3075
[0.165896]
3076
[0.25362264]
3077
[0.08740973]
3078
[0.34242442]
3079
[0.10719693]
3080
[0.09680991]
3081
[0.20359402]
3082
[0.20506333]
3083
[0.34566798]
3084
[0.19571344]
3085
[0.09810597]
3086
[0.20504414]
3087
[0.26688838]
3088
[0.23145785]
3089
[0.14928209]
3090
[0.11930973]
3091
[0.21532853]
3092
[0.30447343]
3093
[0.24480556]
3094
[0.20748056]
3095
[0.16585808]
3096
[0.33922115]
3097
[0.36532491]
3098
[0.19658246]
3099
[0.22837568]
3100
[0.32984709]
3101
[0.19827501]
3102
[0.2906114]
3103
[0.20245195]
3104
[0.15547173]
3105
[0.22749986]
3106
[0.36496382]
3107
[0.17211994]
3108
[0.14962809]
3109
[0.21061804]
3110
[0.36336138]
3111
[0.21999241]
3112
[0.2798471]
3113
[0.34144388]
3114
[0.27200293]
3115
[0.2419895]
3116
[0.27000467]
3117
[0.14273192]
3118
[0.19326333]
3119
[0.2478454]
3120
[0.23380418]
3121
[0.20480773]
3122
[0.16702921]
3123
[0.30520505]
3124
[0.24699353]
3125
[0.13529315]
3126
[0.23954832]
3127
[0.18640501]
3128
[0.3655083]
3129
[0.28931865]
3130
[0.27772209]
3131
[0.27859974]
3132
[0.14608667]
3133
[0.13061012]
3134
[0.26001062]
3135
[0.31059908]
3136
[0.26971811]
3137
[0.22079663]
3138
[0.2135494]
3139
[0.29369116]
3140
[0.37652292]
3141
[0.2672027]
3142
[0.16673046]
3143
[0.1769201]
3144
[0.25323662]
3145
[0.12659619]
3146
[0.23979271]
3147
[0.14320395]
3148
[0.10942262]
3149
[0.23859593]
3150
[0.10676004]
3151
[0.11296475]
3152
[0.18479577]
3153
[0.19778129]
3154
[0.20437155]
3155
[0.16929537]
3156
[0.14053408]
3157
[0.1109475]
3158
[0.21157794]
3159
[0.29144821]
3160
[0.16136019]
3161
[0.11684816]
3162
[0.27464421]
3163
[0.1003692]
3164
[0.24837525]
3165
[0.27476714]
3166
[0.1423131]
3167
[0.22105085]
3168
[0.15107858]
3169
[0.19231579]
3170
[0.25635705]
3171
[0.38479204]
3172
[0.20665699]
3173
[0.10296829]
3174
[0.16306213]
3175
[0.30234694]
3176
[0.11650058]
3177
[0.32767419]
3178
[0.21245943]
3179
[0.31980513]
3180
[0.15999743]
3181
[0.1481069]
3182
[0.17310932]
3183
[0.2048622]
3184
[0.31723476]
3185
[0.29628432]
3186
[0.31584487]
3187
[0.10503978]
3188
[0.25010621]
3189
[0.23745679]
3190
[0.21332985]
3191
[0.29502579]
3192
[0.13153321]
3193
[0.22478242]
3194
[0.20697636]
3195
[0.08165802]
3196
[0.22516335]
3197
[0.23611277]
3198
[0.11334113]
3199
[0.28223298]
3200
[0.2863414]
3201
[0.33115953]
3202
[0.31247751]
3203
[0.24758573]
3204
[0.26529124]
3205
[0.1463895]
3206
[0.17077266]
3207
[0.23896997]
3208
[0.30143532]
3209
[0.20582616]
3210
[0.21190852]
3211
[0.38118207]
3212
[0.28023823]
3213
[0.13255746]
3214
[0.1882534]
3215
[0.18161368]
3216
[0.30932199]
3217
[0.10028823]
3218
[0.23000175]
3219
[0.21559595]
3220
[0.22696173]
3221
[0.3649295]
3222
[0.21790229]
3223
[0.20896376]
3224
[0.16500013]
3225
[0.23451544]
3226
[0.19486427]
3227
[0.29867689]
3228
[0.19168035]
3229
[0.24782666]
3230
[0.18882771]
3231
[0.16949958]
3232
[0.38942528]
3233
[0.10458055]
3234
[0.19866852]
3235
[0.27515452]
3236
[0.21968667]
3237
[0.29532323]
3238
[0.44554874]
3239
[0.1537754]
3240
[0.23597172]
3241
[0.13671113]
3242
[0.15570488]
3243
[0.20892137]
3244
[0.30768293]
3245
[0.39912766]
3246
[0.23711131]
3247
[0.30678824]
3248
[0.27803817]
3249
[0.16447699]
3250
[0.18994412]
3251
[0.20748011]
3252
[0.18738863]
3253
[0.16202262]
3254
[0.19035903]
3255
[0.18222755]
3256
[0.34636749]
3257
[0.18566481]
3258
[0.1616914]
3259
[0.23575036]
3260
[0.27927793]
3261
[0.21966306]
3262
[0.1752544]
3263
[0.17522406]
3264
[0.19582065]
3265
[0.14943748]
3266
[0.2714792]
3267
[0.2209977]
3268
[0.23967548]
3269
[0.16142709]
3270
[0.27479383]
3271
[0.18245177]
3272
[0.17513719]
3273
[0.33250748]
3274
[0.19620162]
3275
[0.22776213]
3276
[0.16936024]
3277
[0.19304396]
3278
[0.36624992]
3279
[0.11816026]
3280
[0.28575048]
3281
[0.16934136]
3282
[0.14290385]
3283
[0.29711768]
3284
[0.22889465]
3285
[0.32643881]
3286
[0.17114523]
3287
[0.2331577]
3288
[0.18688151]
3289
[0.22137974]
3290
[0.16883729]
3291
[0.23595297]
3292
[0.21894592]
3293
[0.29059509]
3294
[0.26458779]
3295
[0.25446642]
3296
[0.14533983]
3297
[0.17302448]
3298
[0.36768721]
3299
[0.25829383]
3300
[0.19770002]
3301
[0.14906809]
3302
[0.18838335]
3303
[0.36230605]
3304
[0.352967]
3305
[0.18467992]
3306
[0.2329738]
3307
[0.26483597]
3308
[0.36269154]
3309
[0.14182429]
3310
[0.14580467]
3311
[0.14861491]
3312
[0.23504616]
3313
[0.24332424]
3314
[0.25320046]
3315
[0.23767796]
3316
[0.35033819]
3317
[0.24623908]
3318
[0.22319904]
3319
[0.24674103]
3320
[0.09511935]
3321
[0.11374089]
3322
[0.16967137]
3323
[0.16722057]
3324
[0.19059937]
3325
[0.12512461]
3326
[0.12088488]
3327
[0.29608351]
3328
[0.1235321]
3329
[0.33690176]
3330
[0.18790455]
3331
[0.3267704]
3332
[0.30424216]
3333
[0.3160133]
3334
[0.24767104]
3335
[0.34254094]
3336
[0.21961983]
3337
[0.31528946]
3338
[0.2311589]
3339
[0.3377241]
3340
[0.22527503]
3341
[0.33151867]
3342
[0.1463122]
3343
[0.35014064]
3344
[0.18579191]
3345
[0.30670685]
3346
[0.20548878]
3347
[0.17921179]
3348
[0.13161441]
3349
[0.18572003]
3350
[0.16927851]
3351
[0.2516052]
3352
[0.16594082]
3353
[0.22611334]
3354
[0.33338279]
3355
[0.22671344]
3356
[0.31859068]
3357
[0.19275993]
3358
[0.2703776]
3359
[0.26413141]
3360
[0.13591357]
3361
[0.24432285]
3362
[0.19220958]
3363
[0.20370866]
3364
[0.17603507]
3365
[0.19171619]
3366
[0.08743227]
3367
[0.12603687]
3368
[0.20559266]
3369
[0.38165264]
3370
[0.2413223]
3371
[0.28949933]
3372
[0.44645592]
3373
[0.33033149]
3374
[0.31119938]
3375
[0.34316998]
3376
[0.2245688]
3377
[0.20520638]
3378
[0.21953923]
3379
[0.28687873]
3380
[0.26958311]
3381
[0.26431126]
3382
[0.20686808]
3383
[0.17256909]
3384
[0.10669645]
3385
[0.1523491]
3386
[0.11337299]
3387
[0.16204881]
3388
[0.27559964]
3389
[0.15548456]
3390
[0.28537538]
3391
[0.16908741]
3392
[0.25172317]
3393
[0.19143627]
3394
[0.22807689]
3395
[0.31176223]
3396
[0.2095875]
3397
[0.28764456]
3398
[0.23846181]
3399
[0.22153864]
3400
[0.13391514]
3401
[0.24262338]
3402
[0.42963656]
3403
[0.20044857]
3404
[0.22977817]
3405
[0.27098756]
3406
[0.20373028]
3407
[0.32807399]
3408
[0.18232947]
3409
[0.23276118]
3410
[0.21943278]
3411
[0.30102344]
3412
[0.27151499]
3413
[0.15186852]
3414
[0.18928414]
3415
[0.13055976]
3416
[0.1684751]
3417
[0.14686502]
3418
[0.31586999]
3419
[0.30317817]
3420
[0.1661734]
3421
[0.21035612]
3422
[0.17224493]
3423
[0.18830655]
3424
[0.33598798]
3425
[0.25999701]
3426
[0.13279813]
3427
[0.30332001]
3428
[0.11046228]
3429
[0.24637575]
3430
[0.13545701]
3431
[0.12968101]
3432
[0.27383103]
3433
[0.24531516]
3434
[0.19941164]
3435
[0.19779295]
3436
[0.13080946]
3437
[0.21574814]
3438
[0.15370994]
3439
[0.12834244]
3440
[0.24177449]
3441
[0.26602537]
3442
[0.33037866]
3443
[0.13489715]
3444
[0.32523081]
3445
[0.19860544]
3446
[0.34912053]
3447
[0.31610946]
3448
[0.16546764]
3449
[0.24535476]
3450
[0.18302633]
3451
[0.18135236]
3452
[0.32038468]
3453
[0.14749891]
3454
[0.21290212]
3455
[0.12149756]
3456
[0.17375722]
3457
[0.32498453]
3458
[0.28035269]
3459
[0.38454562]
3460
[0.29706936]
3461
[0.3042893]
3462
[0.12531294]
3463
[0.41285843]
3464
[0.25704746]
3465
[0.28574009]
3466
[0.22290061]
3467
[0.1393993]
3468
[0.20661885]
3469
[0.14626792]
3470
[0.11617418]
3471
[0.31732375]
3472
[0.18934115]
3473
[0.19199534]
3474
[0.16538239]
3475
[0.08624257]
3476
[0.14532984]
3477
[0.31469798]
3478
[0.28900498]
3479
[0.121009]
3480
[0.16577038]
3481
[0.17584075]
3482
[0.14982448]
3483
[0.24431008]
3484
[0.19893948]
3485
[0.16807828]
3486
[0.20369167]
3487
[0.23054672]
3488
[0.17801249]
3489
[0.13171444]
3490
[0.23895096]
3491
[0.17965716]
3492
[0.15863636]
3493
[0.155495]
3494
[0.23902412]
3495
[0.19444905]
3496
[0.30077959]
3497
[0.15317064]
3498
[0.18967003]
3499
[0.27444085]
3500
[0.11265933]
3501
[0.16584661]
3502
[0.3315711]
3503
[0.27471457]
3504
[0.28128507]
3505
[0.19806134]
3506
[0.08104803]
3507
[0.15522757]
3508
[0.10088082]
3509
[0.19282022]
3510
[0.26555036]
3511
[0.17572711]
3512
[0.23816229]
3513
[0.3156734]
3514
[0.20286457]
3515
[0.20909734]
3516
[0.18334278]
3517
[0.26487995]
3518
[0.21079355]
3519
[0.1343246]
3520
[0.27423222]
3521
[0.23137249]
3522
[0.2287896]
3523
[0.18338406]
3524
[0.1856722]
3525
[0.24153051]
3526
[0.3419251]
3527
[0.23343693]
3528
[0.17856303]
3529
[0.12856211]
3530
[0.29311886]
3531
[0.39215543]
3532
[0.31151468]
3533
[0.19128356]
3534
[0.22731633]
3535
[0.25056412]
3536
[0.28599451]
3537
[0.1394757]
3538
[0.16661991]
3539
[0.30839592]
3540
[0.10409616]
3541
[0.15842666]
3542
[0.18028369]
3543
[0.23396261]
3544
[0.16903748]
3545
[0.1583893]
3546
[0.25169002]
3547
[0.31767787]
3548
[0.20056488]
3549
[0.23691567]
3550
[0.1624131]
3551
[0.20110984]
3552
[0.15358308]
3553
[0.4717025]
3554
[0.22661711]
3555
[0.35509911]
3556
[0.16860368]
3557
[0.33749362]
3558
[0.20118494]
3559
[0.37338987]
3560
[0.20606692]
3561
[0.16948998]
3562
[0.22690395]
3563
[0.2752598]
3564
[0.21063735]
3565
[0.09955957]
3566
[0.21406975]
3567
[0.22352141]
3568
[0.26337493]
3569
[0.2123279]
3570
[0.16657162]
3571
[0.2270479]
3572
[0.21216239]
3573
[0.0778055]
3574
[0.14479598]
3575
[0.21980907]
3576
[0.21227913]
3577
[0.24417975]
3578
[0.20414616]
3579
[0.23222115]
3580
[0.2834389]
3581
[0.2435228]
3582
[0.21049814]
3583
[0.34460943]
3584
[0.19716918]
3585
[0.12928814]
3586
[0.10127314]
3587
[0.12034465]
3588
[0.16287249]
3589
[0.19619722]
3590
[0.11523613]
3591
[0.15238689]
3592
[0.27756062]
3593
[0.22521592]
3594
[0.20891691]
3595
[0.2460674]
3596
[0.1376253]
3597
[0.2199725]
3598
[0.3585213]
3599
[0.29443017]
3600
[0.19331883]
3601
[0.30341006]
3602
[0.36224968]
3603
[0.30674268]
3604
[0.1359823]
3605
[0.25792371]
3606
[0.4036335]
3607
[0.24656361]
3608
[0.16069998]
3609
[0.2376673]
3610
[0.17863155]
3611
[0.22745556]
3612
[0.24557317]
3613
[0.10701315]
3614
[0.26627253]
3615
[0.27043177]
3616
[0.28268982]
3617
[0.31171184]
3618
[0.27454651]
3619
[0.24015774]
3620
[0.13562827]
3621
[0.27246252]
3622
[0.28847782]
3623
[0.22536666]
3624
[0.28199938]
3625
[0.25087231]
3626
[0.23327607]
3627
[0.2114871]
3628
[0.27625142]
3629
[0.18827113]
3630
[0.26119961]
3631
[0.10667317]
3632
[0.22425699]
3633
[0.29673947]
3634
[0.20261609]
3635
[0.25561433]
3636
[0.30007788]
3637
[0.21123237]
3638
[0.24054007]
3639
[0.10771977]
3640
[0.26449044]
3641
[0.25641703]
3642
[0.21512024]
3643
[0.2664987]
3644
[0.22805719]
3645
[0.31278958]
3646
[0.17438445]
3647
[0.14227189]
3648
[0.31652199]
3649
[0.29591496]
3650
[0.29452997]
3651
[0.20720165]
3652
[0.20452306]
3653
[0.09055738]
3654
[0.08252191]
3655
[0.29269358]
3656
[0.23796445]
3657
[0.22922622]
3658
[0.12890396]
3659
[0.10459697]
3660
[0.15959999]
3661
[0.12639596]
3662
[0.16597534]
3663
[0.23366166]
3664
[0.20630424]
3665
[0.29476214]
3666
[0.31158606]
3667
[0.32161964]
3668
[0.31027051]
3669
[0.15413221]
3670
[0.14260079]
3671
[0.22986996]
3672
[0.10850576]
3673
[0.20450941]
3674
[0.21816127]
3675
[0.2080642]
3676
[0.18713271]
3677
[0.27599401]
3678
[0.09227513]
3679
[0.30689328]
3680
[0.28000202]
3681
[0.13314854]
3682
[0.1751582]
3683
[0.13199242]
3684
[0.2401091]
3685
[0.23818137]
3686
[0.22437343]
3687
[0.29731181]
3688
[0.34793097]
3689
[0.2049677]
3690
[0.16749036]
3691
[0.270119]
3692
[0.15449772]
3693
[0.16436902]
3694
[0.25291317]
3695
[0.26445383]
3696
[0.21114319]
3697
[0.28777641]
3698
[0.17378838]
3699
[0.10978216]
3700
[0.20346013]
3701
[0.22489252]
3702
[0.19571362]
3703
[0.21823771]
3704
[0.32512589]
3705
[0.236115]
3706
[0.23472483]
3707
[0.26041757]
3708
[0.1857036]
3709
[0.32304777]
3710
[0.18044146]
3711
[0.12815668]
3712
[0.20617338]
3713
[0.16698394]
3714
[0.20540194]
3715
[0.21444526]
3716
[0.34734246]
3717
[0.33978793]
3718
[0.25675716]
3719
[0.15946533]
3720
[0.14446207]
3721
[0.31371333]
3722
[0.29562168]
3723
[0.21827908]
3724
[0.18905464]
3725
[0.1642817]
3726
[0.39131991]
3727
[0.18204575]
3728
[0.24338691]
3729
[0.21672451]
3730
[0.13264394]
3731
[0.32578443]
3732
[0.28520688]
3733
[0.20596139]
3734
[0.18895967]
3735
[0.34346792]
3736
[0.24084265]
3737
[0.19798379]
3738
[0.17957929]
3739
[0.10806584]
3740
[0.27505465]
3741
[0.20339303]
3742
[0.25563257]
3743
[0.35323238]
3744
[0.19966442]
3745
[0.29133806]
3746
[0.33470614]
3747
[0.22531394]
3748
[0.20891481]
3749
[0.16625446]
3750
[0.09543411]
3751
[0.16902598]
3752
[0.19754013]
3753
[0.18365841]
3754
[0.28716883]
3755
[0.20669174]
3756
[0.31852796]
3757
[0.14702227]
3758
[0.22902793]
3759
[0.12610831]
3760
[0.17597191]
3761
[0.10926179]
3762
[0.22321343]
3763
[0.14504015]
3764
[0.17106806]
3765
[0.33929667]
3766
[0.22618511]
3767
[0.14487144]
3768
[0.16631502]
3769
[0.17747494]
3770
[0.14671619]
3771
[0.08493348]
3772
[0.21641527]
3773
[0.22610083]
3774
[0.25355484]
3775
[0.17452258]
3776
[0.20090166]
3777
[0.18473433]
3778
[0.12208485]
3779
[0.20685165]
3780
[0.22385731]
3781
[0.1758591]
3782
[0.22528811]
3783
[0.10276715]
3784
[0.29171895]
3785
[0.28273442]
3786
[0.28024207]
3787
[0.29845431]
3788
[0.11866666]
3789
[0.2754634]
3790
[0.31146241]
3791
[0.25199447]
3792
[0.27583261]
3793
[0.25692429]
3794
[0.22525642]
3795
[0.21270459]
3796
[0.13694962]
3797
[0.28513757]
3798
[0.16084288]
3799
[0.28311242]
3800
[0.19990893]
3801
[0.09464713]
3802
[0.30849823]
3803
[0.18136396]
3804
[0.18480304]
3805
[0.29093679]
3806
[0.29863203]
3807
[0.19034512]
3808
[0.2207145]
3809
[0.27217947]
3810
[0.19627026]
3811
[0.11155093]
3812
[0.31615733]
3813
[0.31114679]
3814
[0.18885462]
3815
[0.20758153]
3816
[0.23339256]
3817
[0.22715003]
3818
[0.19901559]
3819
[0.24251549]
3820
[0.29408473]
3821
[0.28578006]
3822
[0.21624149]
3823
[0.26910476]
3824
[0.18072548]
3825
[0.13133582]
3826
[0.24103322]
3827
[0.34020426]
3828
[0.30094581]
3829
[0.26801207]
3830
[0.22893616]
3831
[0.24305794]
3832
[0.10520198]
3833
[0.33790839]
3834
[0.2102597]
3835
[0.28496011]
3836
[0.15959498]
3837
[0.16491689]
3838
[0.27262687]
3839
[0.38122205]
3840
[0.26189793]
3841
[0.12130236]
3842
[0.17070913]
3843
[0.28886871]
3844
[0.09767695]
3845
[0.229362]
3846
[0.21053743]
3847
[0.16078333]
3848
[0.18006539]
3849
[0.20148417]
3850
[0.1921772]
3851
[0.21963248]
3852
[0.34420164]
3853
[0.14035006]
3854
[0.2292301]
3855
[0.22685985]
3856
[0.38744564]
3857
[0.26896443]
3858
[0.19697446]
3859
[0.19901785]
3860
[0.41103066]
3861
[0.38408544]
3862
[0.12505965]
3863
[0.46404207]
3864
[0.16407987]
3865
[0.26008402]
3866
[0.27772669]
3867
[0.26809864]
3868
[0.27899356]
3869
[0.14918211]
3870
[0.17311016]
3871
[0.40804125]
3872
[0.25297499]
3873
[0.14202803]
3874
[0.19650798]
3875
[0.13587346]
3876
[0.1396311]
3877
[0.25780852]
3878
[0.17712663]
3879
[0.23183213]
3880
[0.29805171]
3881
[0.21246652]
3882
[0.26351781]
3883
[0.14370968]
3884
[0.22569382]
3885
[0.27982969]
3886
[0.17892005]
3887
[0.28394898]
3888
[0.17547714]
3889
[0.2011704]
3890
[0.125759]
3891
[0.28114725]
3892
[0.29335356]
3893
[0.34176355]
3894
[0.14410197]
3895
[0.26909151]
3896
[0.1868876]
3897
[0.19983693]
3898
[0.20430595]
3899
[0.25396781]
3900
[0.12542857]
3901
[0.12509691]
3902
[0.21571656]
3903
[0.25781432]
3904
[0.10658735]
3905
[0.216067]
3906
[0.29964239]
3907
[0.24138353]
3908
[0.23340679]
3909
[0.14380759]
3910
[0.15780633]
3911
[0.19819362]
3912
[0.25776151]
3913
[0.27869955]
3914
[0.20349559]
3915
[0.15097184]
3916
[0.22135864]
3917
[0.25070085]
3918
[0.37087493]
3919
[0.38862661]
3920
[0.27786358]
3921
[0.27858589]
3922
[0.07704554]
3923
[0.29199127]
3924
[0.25358466]
3925
[0.2010568]
3926
[0.1926925]
3927
[0.24146236]
3928
[0.17177079]
3929
[0.18075583]
3930
[0.1278964]
3931
[0.25304822]
3932
[0.26710271]
3933
[0.15859643]
3934
[0.26177659]
3935
[0.06298139]
3936
[0.33858798]
3937
[0.21112928]
3938
[0.16244538]
3939
[0.20765567]
3940
[0.20953671]
3941
[0.15389426]
3942
[0.31720689]
3943
[0.23351915]
3944
[0.14308838]
3945
[0.29168783]
3946
[0.36005203]
3947
[0.28016478]
3948
[0.31904115]
3949
[0.37770933]
3950
[0.33253676]
3951
[0.26235797]
3952
[0.18987911]
3953
[0.15970321]
3954
[0.18128882]
3955
[0.23963826]
3956
[0.10155157]
3957
[0.38857597]
3958
[0.15073685]
3959
[0.19009468]
3960
[0.13346789]
3961
[0.29900023]
3962
[0.24584184]
3963
[0.16221924]
3964
[0.34016612]
3965
[0.1501792]
3966
[0.27905731]
3967
[0.17318779]
3968
[0.37677032]
3969
[0.12586031]
3970
[0.13929627]
3971
[0.18735637]
3972
[0.13930878]
3973
[0.26177313]
3974
[0.14432347]
3975
[0.21537129]
3976
[0.15426039]
3977
[0.25641633]
3978
[0.12386924]
3979
[0.11933365]
3980
[0.15110003]
3981
[0.2318149]
3982
[0.257726]
3983
[0.16286413]
3984
[0.21330007]
3985
[0.26743964]
3986
[0.22159144]
3987
[0.28022899]
3988
[0.24380694]
3989
[0.22434453]
3990
[0.126586]
3991
[0.19297035]
3992
[0.10384243]
3993
[0.2923225]
3994
[0.21026243]
3995
[0.14623046]
3996
[0.21777225]
3997
[0.23594176]
3998
[0.17575845]
3999
[0.22150497]
4000
[0.30537792]
4001
[0.20812801]
4002
[0.27853984]
4003
[0.41259691]
4004
[0.1494245]
4005
[0.29963876]
4006
[0.23493507]
4007
[0.1146272]
4008
[0.284302]
4009
[0.21764539]
4010
[0.23420591]
4011
[0.41241473]
4012
[0.27918585]
4013
[0.3155056]
4014
[0.14796278]
4015
[0.20447826]
4016
[0.24074238]
4017
[0.26455362]
4018
[0.09729742]
4019
[0.20575353]
4020
[0.29365198]
4021
[0.10399858]
4022
[0.26992285]
4023
[0.24008098]
4024
[0.3073756]
4025
[0.16392319]
4026
[0.35836502]
4027
[0.23619998]
4028
[0.31984083]
4029
[0.21739653]
4030
[0.21889919]
4031
[0.23861315]
4032
[0.18691793]
4033
[0.34204719]
4034
[0.43012877]
4035
[0.20075155]
4036
[0.18161593]
4037
[0.28883406]
4038
[0.08120647]
4039
[0.19432359]
4040
[0.22992828]
4041
[0.26946914]
4042
[0.27455029]
4043
[0.39422668]
4044
[0.28620621]
4045
[0.19532749]
4046
[0.27464359]
4047
[0.19009292]
4048
[0.22433378]
4049
[0.19968954]
4050
[0.13130678]
4051
[0.23311914]
4052
[0.1815104]
4053
[0.14629092]
4054
[0.20772254]
4055
[0.24101586]
4056
[0.32001907]
4057
[0.15474799]
4058
[0.22985985]
4059
[0.23600612]
4060
[0.21894329]
4061
[0.24053768]
4062
[0.23485087]
4063
[0.19794473]
4064
[0.25216532]
4065
[0.27310833]
4066
[0.20857395]
4067
[0.35012356]
4068
[0.18744046]
4069
[0.12154027]
4070
[0.29222191]
4071
[0.15184944]
4072
[0.3037029]
4073
[0.07113176]
4074
[0.27845468]
4075
[0.23264013]
4076
[0.23263358]
4077
[0.11963249]
4078
[0.30463336]
4079
[0.14406282]
4080
[0.21852409]
4081
[0.14153103]
4082
[0.1688594]
4083
[0.27813798]
4084
[0.12591523]
4085
[0.35015512]
4086
[0.20503506]
4087
[0.32445211]
4088
[0.10075198]
4089
[0.20446435]
4090
[0.25800821]
4091
[0.31318002]
4092
[0.17709713]
4093
[0.09645359]
4094
[0.16687505]
4095
[0.22149804]
4096
[0.15283271]
4097
[0.14266595]
4098
[0.37853345]
4099
[0.18079371]
4100
[0.10070191]
4101
[0.14537275]
4102
[0.20771397]
4103
[0.16902387]
4104
[0.21164824]
4105
[0.06660782]
4106
[0.18843144]
4107
[0.2122518]
4108
[0.12785679]
4109
[0.25097833]
4110
[0.16693612]
4111
[0.17017945]
4112
[0.22300792]
4113
[0.14675081]
4114
[0.32620483]
4115
[0.37140955]
4116
[0.37837027]
4117
[0.24274305]
4118
[0.30700623]
4119
[0.13594177]
4120
[0.27856783]
4121
[0.46142758]
4122
[0.24875569]
4123
[0.15793189]
4124
[0.20829077]
4125
[0.25779167]
4126
[0.23969174]
4127
[0.19340968]
4128
[0.15730371]
4129
[0.18182805]
4130
[0.27770413]
4131
[0.18511673]
4132
[0.2819685]
4133
[0.30704141]
4134
[0.27309165]
4135
[0.27132181]
4136
[0.32285298]
4137
[0.12926049]
4138
[0.32581359]
4139
[0.30852816]
4140
[0.18323038]
4141
[0.08408436]
4142
[0.2131743]
4143
[0.26284777]
4144
[0.21656761]
4145
[0.30446219]
4146
[0.1254306]
4147
[0.17548473]
4148
[0.26249665]
4149
[0.16203828]
4150
[0.10934543]
4151
[0.20441534]
4152
[0.25837627]
4153
[0.20974487]
4154
[0.18182854]
4155
[0.20186702]
4156
[0.33376683]
4157
[0.11629047]
4158
[0.355006]
4159
[0.22477324]
4160
[0.13201247]
4161
[0.16900654]
4162
[0.23594198]
4163
[0.15484814]
4164
[0.2963975]
4165
[0.1412122]
4166
[0.19191314]
4167
[0.13995567]
4168
[0.26671072]
4169
[0.27444599]
4170
[0.2508384]
4171
[0.24542598]
4172
[0.3656012]
4173
[0.19528771]
4174
[0.21709653]
4175
[0.26908758]
4176
[0.20983853]
4177
[0.26666154]
4178
[0.23013385]
4179
[0.33835867]
4180
[0.18715073]
4181
[0.1361806]
4182
[0.23373933]
4183
[0.15938163]
4184
[0.12829538]
4185
[0.12493758]
4186
[0.30362299]
4187
[0.16285228]
4188
[0.22728953]
4189
[0.27292863]
4190
[0.19277705]
4191
[0.16907933]
4192
[0.25810109]
4193
[0.19228599]
4194
[0.19862613]
4195
[0.21961397]
4196
[0.28130044]
4197
[0.39108356]
4198
[0.20142906]
4199
[0.21400686]
4200
[0.33401991]
4201
[0.2784061]
4202
[0.17996267]
4203
[0.23242513]
4204
[0.18889803]
4205
[0.25527791]
4206
[0.21132169]
4207
[0.19845356]
4208
[0.13552039]
4209
[0.17082591]
4210
[0.26619133]
4211
[0.19301939]
4212
[0.12121737]
4213
[0.21019392]
4214
[0.24737177]
4215
[0.10633236]
4216
[0.26530705]
4217
[0.2068196]
4218
[0.24536222]
4219
[0.23962729]
4220
[0.33085074]
4221
[0.33088947]
4222
[0.20857285]
4223
[0.19249945]
4224
[0.34013275]
4225
[0.18086009]
4226
[0.40044657]
4227
[0.18358997]
4228
[0.17041685]
4229
[0.23952216]
4230
[0.24421521]
4231
[0.22331331]
4232
[0.26708199]
4233
[0.19797362]
4234
[0.14304811]
4235
[0.20875959]
4236
[0.30083427]
4237
[0.15238642]
4238
[0.33821835]
4239
[0.16202311]
4240
[0.20592044]
4241
[0.31509679]
4242
[0.20112771]
4243
[0.13536717]
4244
[0.22421621]
4245
[0.15935805]
4246
[0.31789226]
4247
[0.05431011]
4248
[0.25024966]
4249
[0.34663013]
4250
[0.2185934]
4251
[0.19411347]
4252
[0.30360098]
4253
[0.18658982]
4254
[0.12189926]
4255
[0.20240387]
4256
[0.17947646]
4257
[0.22135315]
4258
[0.11100808]
4259
[0.18254369]
4260
[0.12032495]
4261
[0.17786344]
4262
[0.22838571]
4263
[0.23702977]
4264
[0.11041994]
4265
[0.1158336]
4266
[0.20190652]
4267
[0.19675146]
4268
[0.29308409]
4269
[0.2254375]
4270
[0.28893544]
4271
[0.21671756]
4272
[0.09804625]
4273
[0.23112024]
4274
[0.37827547]
4275
[0.22634607]
4276
[0.15079004]
4277
[0.20751641]
4278
[0.35808196]
4279
[0.12890016]
4280
[0.2778683]
4281
[0.13915545]
4282
[0.37957042]
4283
[0.23740438]
4284
[0.16757211]
4285
[0.14833357]
4286
[0.2257549]
4287
[0.13996219]
4288
[0.14883245]
4289
[0.18450853]
4290
[0.19419698]
4291
[0.21200454]
4292
[0.19206534]
4293
[0.18957213]
4294
[0.21942874]
4295
[0.19795095]
4296
[0.27298169]
4297
[0.33284283]
4298
[0.2139132]
4299
[0.22754187]
4300
[0.33840474]
4301
[0.30254593]
4302
[0.20283012]
4303
[0.24011849]
4304
[0.14936153]
4305
[0.2606763]
4306
[0.18539782]
4307
[0.25586473]
4308
[0.25362286]
4309
[0.13332199]
4310
[0.28588227]
4311
[0.13561781]
4312
[0.17279439]
4313
[0.20965475]
4314
[0.22593693]
4315
[0.16246959]
4316
[0.29801549]
4317
[0.2878276]
4318
[0.16337994]
4319
[0.2555444]
4320
[0.20154301]
4321
[0.26309723]
4322
[0.2018424]
4323
[0.20246132]
4324
[0.21072815]
4325
[0.25712864]
4326
[0.28050972]
4327
[0.19617531]
4328
[0.26864063]
4329
[0.33338848]
4330
[0.290511]
4331
[0.19342346]
4332
[0.35092411]
4333
[0.1872576]
4334
[0.29086952]
4335
[0.1805829]
4336
[0.32173688]
4337
[0.21444129]
4338
[0.23372109]
4339
[0.22717953]
4340
[0.22017161]
4341
[0.14780215]
4342
[0.12997479]
4343
[0.09266771]
4344
[0.22140504]
4345
[0.27439144]
4346
[0.18762073]
4347
[0.28987034]
4348
[0.18766487]
4349
[0.1575605]
4350
[0.24119853]
4351
[0.31701044]
4352
[0.23414965]
4353
[0.35838936]
4354
[0.17775833]
4355
[0.20911287]
4356
[0.20790609]
4357
[0.12085978]
4358
[0.23353026]
4359
[0.15533773]
4360
[0.16004354]
4361
[0.25642895]
4362
[0.25509469]
4363
[0.24312771]
4364
[0.24703003]
4365
[0.14696069]
4366
[0.36111151]
4367
[0.16847053]
4368
[0.17715623]
4369
[0.19775661]
4370
[0.23905499]
4371
[0.1250826]
4372
[0.21556026]
4373
[0.2265756]
4374
[0.31068332]
4375
[0.20959894]
4376
[0.11780023]
4377
[0.27654634]
4378
[0.30607689]
4379
[0.27830318]
4380
[0.22645469]
4381
[0.37582723]
4382
[0.25079288]
4383
[0.30719245]
4384
[0.2419337]
4385
[0.09850715]
4386
[0.12990079]
4387
[0.18182012]
4388
[0.12288859]
4389
[0.13176607]
4390
[0.21305916]
4391
[0.23519562]
4392
[0.22428976]
4393
[0.15531127]
4394
[0.29437812]
4395
[0.28637049]
4396
[0.06169751]
4397
[0.22111409]
4398
[0.20154729]
4399
[0.26751668]
4400
[0.18362559]
4401
[0.26223268]
4402
[0.12066731]
4403
[0.23610215]
4404
[0.32042443]
4405
[0.25945147]
4406
[0.12850643]
4407
[0.35016264]
4408
[0.21716461]
4409
[0.19769447]
4410
[0.26304962]
4411
[0.14859244]
4412
[0.06889481]
4413
[0.17255668]
4414
[0.13651178]
4415
[0.19645764]
4416
[0.18698701]
4417
[0.24854736]
4418
[0.24769484]
4419
[0.3424295]
4420
[0.22277832]
4421
[0.24737056]
4422
[0.1638875]
4423
[0.17749937]
4424
[0.17826688]
4425
[0.29376608]
4426
[0.21052262]
4427
[0.23345111]
4428
[0.29155939]
4429
[0.41169836]
4430
[0.20857559]
4431
[0.11588447]
4432
[0.16132885]
4433
[0.19206359]
4434
[0.15398842]
4435
[0.2382435]
4436
[0.23249191]
4437
[0.18170134]
4438
[0.21071773]
4439
[0.24826208]
4440
[0.23240964]
4441
[0.33210349]
4442
[0.23966247]
4443
[0.20542563]
4444
[0.21176725]
4445
[0.29838403]
4446
[0.18777801]
4447
[0.18342258]
4448
[0.23445371]
4449
[0.20415345]
4450
[0.24031993]
4451
[0.22485163]
4452
[0.14348443]
4453
[0.33434277]
4454
[0.22899528]
4455
[0.28733847]
4456
[0.17685261]
4457
[0.26741422]
4458
[0.22193614]
4459
[0.09219594]
4460
[0.21231156]
4461
[0.26667751]
4462
[0.13410798]
4463
[0.29707752]
4464
[0.11796193]
4465
[0.23957771]
4466
[0.13350168]
4467
[0.2694089]
4468
[0.28578478]
4469
[0.13530077]
4470
[0.36967057]
4471
[0.12083599]
4472
[0.25735914]
4473
[0.10978346]
4474
[0.2325531]
4475
[0.14210643]
4476
[0.35168128]
4477
[0.20306131]
4478
[0.27019859]
4479
[0.34541514]
4480
[0.14616913]
4481
[0.22601421]
4482
[0.20519049]
4483
[0.17184058]
4484
[0.27151798]
4485
[0.22217138]
4486
[0.21277132]
4487
[0.30775851]
4488
[0.13694245]
4489
[0.17004604]
4490
[0.27551644]
4491
[0.13226639]
4492
[0.11664373]
4493
[0.28035327]
4494
[0.20884633]
4495
[0.12598422]
4496
[0.21377036]
4497
[0.19682271]
4498
[0.16970154]
4499
[0.26684886]
4500
[0.22114453]
4501
[0.22824569]
4502
[0.2546755]
4503
[0.27754972]
4504
[0.19497604]
4505
[0.12221549]
4506
[0.2599411]
4507
[0.26808739]
4508
[0.19336753]
4509
[0.31848633]
4510
[0.27866195]
4511
[0.13606565]
4512
[0.31556389]
4513
[0.21053108]
4514
[0.3181612]
4515
[0.24596235]
4516
[0.18739118]
4517
[0.19530881]
4518
[0.22529718]
4519
[0.15737005]
4520
[0.11492502]
4521
[0.35794975]
4522
[0.26036611]
4523
[0.17718282]
4524
[0.40632389]
4525
[0.26317842]
4526
[0.14412319]
4527
[0.28070695]
4528
[0.19818965]
4529
[0.13466447]
4530
[0.28233512]
4531
[0.36467304]
4532
[0.13553263]
4533
[0.26743095]
4534
[0.21653915]
4535
[0.34274418]
4536
[0.17639827]
4537
[0.24972384]
4538
[0.1439074]
4539
[0.24000388]
4540
[0.26172618]
4541
[0.16805949]
4542
[0.19221044]
4543
[0.09647816]
4544
[0.2070315]
4545
[0.22977242]
4546
[0.10026948]
4547
[0.21911566]
4548
[0.10686499]
4549
[0.23774603]
4550
[0.0970252]
4551
[0.35033003]
4552
[0.29014408]
4553
[0.12778276]
4554
[0.23283724]
4555
[0.32864505]
4556
[0.23646202]
4557
[0.24536236]
4558
[0.40014307]
4559
[0.20576901]
4560
[0.17467078]
4561
[0.22714219]
4562
[0.09354803]
4563
[0.37069966]
4564
[0.21877515]
4565
[0.2768894]
4566
[0.2872933]
4567
[0.13276515]
4568
[0.27837933]
4569
[0.1737536]
4570
[0.30276205]
4571
[0.37149174]
4572
[0.30281177]
4573
[0.19323177]
4574
[0.38111984]
4575
[0.12577594]
4576
[0.21056888]
4577
[0.26951339]
4578
[0.20780379]
4579
[0.20498664]
4580
[0.14416832]
4581
[0.33299901]
4582
[0.20371016]
4583
[0.23681812]
4584
[0.17453501]
4585
[0.13964106]
4586
[0.1742813]
4587
[0.32014597]
4588
[0.18658548]
4589
[0.19267325]
4590
[0.28968388]
4591
[0.17753107]
4592
[0.35237401]
4593
[0.1807046]
4594
[0.14094829]
4595
[0.15697544]
4596
[0.15961446]
4597
[0.15766276]
4598
[0.15888103]
4599
[0.2535392]
4600
[0.17641261]
4601
[0.11167865]
4602
[0.26876362]
4603
[0.3073922]
4604
[0.0737842]
4605
[0.3176848]
4606
[0.12848011]
4607
[0.0959381]
4608
[0.19201825]
4609
[0.13212668]
4610
[0.15055872]
4611
[0.1998581]
4612
[0.32628907]
4613
[0.29585347]
4614
[0.11545478]
4615
[0.13994634]
4616
[0.08808198]
4617
[0.19079281]
4618
[0.19631292]
4619
[0.26248401]
4620
[0.24426044]
4621
[0.22413794]
4622
[0.16981399]
4623
[0.18223128]
4624
[0.18747088]
4625
[0.22962198]
4626
[0.24119054]
4627
[0.27575831]
4628
[0.16045269]
4629
[0.15732721]
4630
[0.30435987]
4631
[0.21967248]
4632
[0.16112959]
4633
[0.33036315]
4634
[0.30770222]
4635
[0.20080344]
4636
[0.2562484]
4637
[0.25885501]
4638
[0.31050901]
4639
[0.24085754]
4640
[0.21591056]
4641
[0.19528647]
4642
[0.26318806]
4643
[0.18230784]
4644
[0.20867781]
4645
[0.24075701]
4646
[0.40388165]
4647
[0.20671457]
4648
[0.22631993]
4649
[0.19698914]
4650
[0.16140067]
4651
[0.21143726]
4652
[0.26716958]
4653
[0.37479835]
4654
[0.31820185]
4655
[0.18944721]
4656
[0.30667439]
4657
[0.27256034]
4658
[0.38684035]
4659
[0.16734336]
4660
[0.14960311]
4661
[0.27246252]
4662
[0.22893918]
4663
[0.18617679]
4664
[0.19391229]
4665
[0.06064629]
4666
[0.28375234]
4667
[0.31295497]
4668
[0.19880684]
4669
[0.20541645]
4670
[0.21123674]
4671
[0.18905405]
4672
[0.20634855]
4673
[0.27940506]
4674
[0.36226378]
4675
[0.28538878]
4676
[0.14647662]
4677
[0.17681081]
4678
[0.28174047]
4679
[0.24392421]
4680
[0.10479933]
4681
[0.1568419]
4682
[0.29205833]
4683
[0.25013306]
4684
[0.25754927]
4685
[0.20928532]
4686
[0.25858241]
4687
[0.19763143]
4688
[0.35558887]
4689
[0.19896597]
4690
[0.25063555]
4691
[0.33262194]
4692
[0.38542747]
4693
[0.12180432]
4694
[0.17309575]
4695
[0.12429199]
4696
[0.24139846]
4697
[0.34967394]
4698
[0.1729223]
4699
[0.17705479]
4700
[0.29536775]
4701
[0.15277092]
4702
[0.25993196]
4703
[0.20968531]
4704
[0.37279115]
4705
[0.22201501]
4706
[0.20185859]
4707
[0.17405736]
4708
[0.34282504]
4709
[0.13788521]
4710
[0.13240862]
4711
[0.27200646]
4712
[0.14384012]
4713
[0.20906204]
4714
[0.23116723]
4715
[0.31584044]
4716
[0.21425657]
4717
[0.28305007]
4718
[0.19681075]
4719
[0.17744865]
4720
[0.17330711]
4721
[0.26895031]
4722
[0.24449723]
4723
[0.2282757]
4724
[0.20208681]
4725
[0.12932548]
4726
[0.29250102]
4727
[0.12421933]
4728
[0.21769283]
4729
[0.18975861]
4730
[0.1329708]
4731
[0.24336945]
4732
[0.19240106]
4733
[0.19566256]
4734
[0.28723767]
4735
[0.25160492]
4736
[0.27623229]
4737
[0.29273926]
4738
[0.22835304]
4739
[0.20478543]
4740
[0.27966994]
4741
[0.14367969]
4742
[0.14821587]
4743
[0.21483937]
4744
[0.20981732]
4745
[0.246179]
4746
[0.20726968]
4747
[0.17701864]
4748
[0.1739736]
4749
[0.08119624]
4750
[0.10911399]
4751
[0.33009715]
4752
[0.27432817]
4753
[0.1440029]
4754
[0.23386811]
4755
[0.2490104]
4756
[0.13369725]
4757
[0.33354153]
4758
[0.2088847]
4759
[0.17966146]
4760
[0.12380026]
4761
[0.17969748]
4762
[0.20213111]
4763
[0.2888522]
4764
[0.16870406]
4765
[0.09500168]
4766
[0.19880374]
4767
[0.21515371]
4768
[0.16090572]
4769
[0.29142536]
4770
[0.27588573]
4771
[0.2479241]
4772
[0.11745033]
4773
[0.17653354]
4774
[0.35153878]
4775
[0.22807293]
4776
[0.2241255]
4777
[0.40359739]
4778
[0.30253271]
4779
[0.32580744]
4780
[0.14897481]
4781
[0.09993474]
4782
[0.25163478]
4783
[0.19454732]
4784
[0.21328691]
4785
[0.19871495]
4786
[0.26511253]
4787
[0.25153393]
4788
[0.21219131]
4789
[0.16324397]
4790
[0.18257464]
4791
[0.2280822]
4792
[0.15246671]
4793
[0.11075705]
4794
[0.24762448]
4795
[0.13448594]
4796
[0.19333274]
4797
[0.10043844]
4798
[0.34630714]
4799
[0.18976439]
4800
[0.19828689]
4801
[0.1382437]
4802
[0.3083122]
4803
[0.32060829]
4804
[0.26197742]
4805
[0.1538886]
4806
[0.12785628]
4807
[0.25321976]
4808
[0.23464983]
4809
[0.36569546]
4810
[0.26532824]
4811
[0.16630125]
4812
[0.14811251]
4813
[0.14535917]
4814
[0.24971378]
4815
[0.26642412]
4816
[0.24706852]
4817
[0.24382684]
4818
[0.28237823]
4819
[0.14027817]
4820
[0.233662]
4821
[0.21747116]
4822
[0.21364976]
4823
[0.35110509]
4824
[0.16873822]
4825
[0.19308039]
4826
[0.2546301]
4827
[0.22633029]
4828
[0.30993674]
4829
[0.16639172]
4830
[0.13002251]
4831
[0.19843047]
4832
[0.21806377]
4833
[0.22371873]
4834
[0.25701485]
4835
[0.21661277]
4836
[0.20791098]
4837
[0.19904324]
4838
[0.43038142]
4839
[0.24864511]
4840
[0.29917748]
4841
[0.31643322]
4842
[0.29274019]
4843
[0.23015303]
4844
[0.16660515]
4845
[0.21384585]
4846
[0.32587104]
4847
[0.19889271]
4848
[0.28010639]
4849
[0.22523904]
4850
[0.180157]
4851
[0.11421748]
4852
[0.22880951]
4853
[0.23506832]
4854
[0.1834589]
4855
[0.27383825]
4856
[0.19245161]
4857
[0.2063517]
4858
[0.41811101]
4859
[0.18101078]
4860
[0.20882224]
4861
[0.25237123]
4862
[0.1937269]
4863
[0.22272365]
4864
[0.181337]
4865
[0.0524665]
4866
[0.2602149]
4867
[0.14363495]
4868
[0.12528168]
4869
[0.18626124]
4870
[0.29441507]
4871
[0.18672372]
4872
[0.23184258]
4873
[0.32709244]
4874
[0.2137311]
4875
[0.17856856]
4876
[0.2871806]
4877
[0.23884835]
4878
[0.36061382]
4879
[0.16519657]
4880
[0.17168517]
4881
[0.19184612]
4882
[0.26189928]
4883
[0.22028141]
4884
[0.31985748]
4885
[0.24013082]
4886
[0.17718702]
4887
[0.1977168]
4888
[0.253404]
4889
[0.30313335]
4890
[0.14585564]
4891
[0.31931293]
4892
[0.15675654]
4893
[0.21761341]
4894
[0.34556917]
4895
[0.21933393]
4896
[0.4215928]
4897
[0.18030282]
4898
[0.34160345]
4899
[0.17614408]
4900
[0.19914698]
4901
[0.17698394]
4902
[0.20958118]
4903
[0.17834442]
4904
[0.12330462]
4905
[0.24276897]
4906
[0.17231103]
4907
[0.22429557]
4908
[0.24510657]
4909
[0.35396147]
4910
[0.27080055]
4911
[0.34669347]
4912
[0.18303668]
4913
[0.28249034]
4914
[0.09389167]
4915
[0.21896109]
4916
[0.25933341]
4917
[0.20387565]
4918
[0.24512199]
4919
[0.18876796]
4920
[0.18013982]
4921
[0.17324242]
4922
[0.14014878]
4923
[0.26886494]
4924
[0.19858302]
4925
[0.40418371]
4926
[0.18708969]
4927
[0.38364619]
4928
[0.24200885]
4929
[0.30056127]
4930
[0.26082208]
4931
[0.19390542]
4932
[0.24101308]
4933
[0.24714291]
4934
[0.21789131]
4935
[0.23617753]
4936
[0.14822659]
4937
[0.11137583]
4938
[0.21978441]
4939
[0.17446083]
4940
[0.15412943]
4941
[0.08029107]
4942
[0.27580269]
4943
[0.31948656]
4944
[0.3219246]
4945
[0.25523188]
4946
[0.15792339]
4947
[0.23157409]
4948
[0.19969297]
4949
[0.31330848]
4950
[0.1500757]
4951
[0.14126171]
4952
[0.1687457]
4953
[0.34482634]
4954
[0.27400002]
4955
[0.24883466]
4956
[0.18350708]
4957
[0.17203818]
4958
[0.08402023]
4959
[0.21430701]
4960
[0.19299696]
4961
[0.1118244]
4962
[0.25090653]
4963
[0.08381163]
4964
[0.20692555]
4965
[0.10611939]
4966
[0.13619228]
4967
[0.34222939]
4968
[0.37247265]
4969
[0.05711564]
4970
[0.15626268]
4971
[0.23874814]
4972
[0.20080529]
4973
[0.28392091]
4974
[0.11675496]
4975
[0.36089579]
4976
[0.15542261]
4977
[0.23619373]
4978
[0.11525746]
4979
[0.2301315]
4980
[0.20902378]
4981
[0.29983666]
4982
[0.28355255]
4983
[0.12845005]
4984
[0.20516045]
4985
[0.23258849]
4986
[0.10092147]
4987
[0.34036475]
4988
[0.29605334]
4989
[0.14695735]
4990
[0.23468003]
4991
[0.23475541]
4992
[0.2789205]
4993
[0.2198976]
4994
[0.2764082]
4995
[0.28905042]
4996
[0.15519283]
4997
[0.30224534]
4998
[0.16305105]
4999
[0.14652767]
[1] 40000    11
[1] 40000    11
