LOADING R
R LOADED
[1] "/home/lvanderl/Rlibs2"                         
[2] "/app/software/R/4.3.1-gfbf-2022b/lib/R/library"
[1] "/home/lvanderl/sieveSims"
[1] "xg 1 2"
[1] 0.03952145
[1] 0.03952145
[1] 0.03952145
13.183673469387756
0
[0.13949043]
1
[0.13007263]
2
[0.11831346]
3
[0.11219422]
4
[0.1305655]
5
[0.14275837]
6
[0.13366483]
7
[0.14016414]
8
[0.1423735]
9
[0.13987513]
10
[0.14196138]
11
[0.07237216]
12
[0.12549421]
13
[0.09110114]
14
[0.13695549]
15
[0.13962882]
16
[0.14122574]
17
[0.1407319]
18
[0.1293002]
19
[0.12571312]
20
[0.12474118]
21
[0.13705916]
22
[0.14162267]
23
[0.10240242]
24
[0.11418227]
25
[0.1392024]
26
[0.13951939]
27
[0.14067174]
28
[0.13829127]
29
[0.10021128]
30
[0.12898543]
31
[0.13923896]
32
[0.11259476]
33
[0.10220238]
34
[0.14346972]
35
[0.13929605]
36
[0.13469813]
37
[0.11457419]
38
[0.13919582]
39
[0.08565981]
40
[0.08086449]
41
[0.1436245]
42
[0.14358371]
43
[0.1395937]
44
[0.1403093]
45
[0.14166197]
46
[0.13948753]
47
[0.13943206]
48
[0.13385482]
49
[0.09081387]
50
[0.08378692]
51
[0.08293982]
52
[0.13945826]
53
[0.12444122]
54
[0.1402279]
55
[0.14228523]
56
[0.08222498]
57
[0.14086455]
58
[0.13829065]
59
[0.126824]
60
[0.1429387]
61
[0.14076822]
62
[0.13518469]
63
[0.10044137]
64
[0.140296]
65
[0.13564964]
66
[0.14347651]
67
[0.14170746]
68
[0.13612714]
69
[0.12037123]
70
[0.14031346]
71
[0.13931443]
72
[0.07685338]
73
[0.14127154]
74
[0.14354609]
75
[0.09988961]
76
[0.14089984]
77
[0.13414554]
78
[0.14371872]
79
[0.14222871]
80
[0.13213944]
81
[0.1423218]
82
[0.14147968]
83
[0.12963026]
84
[0.10731256]
85
[0.09301298]
86
[0.13717096]
87
[0.14232831]
88
[0.10637829]
89
[0.1393199]
90
[0.08834478]
91
[0.13957671]
92
[0.14035619]
93
[0.14193669]
94
[0.14093982]
95
[0.11430338]
96
[0.09003223]
97
[0.13965362]
98
[0.14071689]
99
[0.13999384]
100
[0.13929107]
101
[0.14373367]
102
[0.14367772]
103
[0.10643221]
104
[0.14223686]
105
[0.1384952]
106
[0.11596913]
107
[0.07935062]
108
[0.12773579]
109
[0.14040406]
110
[0.14074794]
111
[0.14241101]
112
[0.09586814]
113
[0.09006491]
114
[0.084898]
115
[0.08162009]
116
[0.13617937]
117
[0.11076862]
118
[0.14345085]
119
[0.11743848]
120
[0.1288789]
121
[0.09762296]
122
[0.12886588]
123
[0.13924813]
124
[0.13620766]
125
[0.13964746]
126
[0.14341492]
127
[0.10063545]
128
[0.1418728]
129
[0.13964668]
130
[0.14028833]
131
[0.13985952]
132
[0.09354723]
133
[0.13981115]
134
[0.10197548]
135
[0.1063301]
136
[0.128436]
137
[0.13554146]
138
[0.13864572]
139
[0.13927013]
140
[0.13967799]
141
[0.14373593]
142
[0.09900666]
143
[0.13945654]
144
[0.12847015]
145
[0.14194845]
146
[0.13316285]
147
[0.13919175]
148
[0.09638312]
149
[0.10889213]
150
[0.12548008]
151
[0.07617027]
152
[0.12528452]
153
[0.13946113]
154
[0.14279802]
155
[0.13919156]
156
[0.14320235]
157
[0.13925523]
158
[0.14178696]
159
[0.12085155]
160
[0.07942162]
161
[0.09418838]
162
[0.14373322]
163
[0.07821593]
164
[0.14371494]
165
[0.10550961]
166
[0.13158672]
167
[0.11230069]
168
[0.13988755]
169
[0.13126209]
170
[0.093711]
171
[0.14054459]
172
[0.1413072]
173
[0.13979267]
174
[0.14371024]
175
[0.13984333]
176
[0.1420684]
177
[0.13269072]
178
[0.14230965]
179
[0.13948838]
180
[0.13836813]
181
[0.14255201]
182
[0.14030445]
183
[0.14100418]
184
[0.13964375]
185
[0.11719217]
186
[0.1431377]
187
[0.08282928]
188
[0.09926393]
189
[0.14273754]
190
[0.13992194]
191
[0.11698245]
192
[0.09498314]
193
[0.11652218]
194
[0.12282627]
195
[0.14236981]
196
[0.1410588]
197
[0.13948781]
198
[0.13922378]
199
[0.08282606]
200
[0.07322729]
201
[0.14216891]
202
[0.11874922]
203
[0.14352475]
204
[0.13932275]
205
[0.09007449]
206
[0.14340754]
207
[0.14216386]
208
[0.13937202]
209
[0.14362779]
210
[0.13919352]
211
[0.14075393]
212
[0.13180615]
213
[0.09941768]
214
[0.13302963]
215
[0.13102874]
216
[0.10932144]
217
[0.14036644]
218
[0.14055174]
219
[0.13412786]
220
[0.08635891]
221
[0.07398156]
222
[0.14105664]
223
[0.11323152]
224
[0.14360502]
225
[0.09204]
226
[0.14300579]
227
[0.13966297]
228
[0.12765147]
229
[0.14086648]
230
[0.13209143]
231
[0.12066572]
232
[0.12535768]
233
[0.14103418]
234
[0.12885583]
235
[0.13990028]
236
[0.09049785]
237
[0.13253116]
238
[0.13933652]
239
[0.13970101]
240
[0.12536754]
241
[0.13921237]
242
[0.13196605]
243
[0.09726166]
244
[0.14333825]
245
[0.14040119]
246
[0.11930665]
247
[0.14232393]
248
[0.13911709]
249
[0.13928604]
250
[0.10708563]
251
[0.11695961]
252
[0.12256328]
253
[0.14158073]
254
[0.14203458]
255
[0.14373477]
256
[0.13933109]
257
[0.11444936]
258
[0.14193955]
259
[0.13922817]
260
[0.14086664]
261
[0.14287304]
262
[0.11230876]
263
[0.11485977]
264
[0.13977055]
265
[0.13921965]
266
[0.14132146]
267
[0.10777759]
268
[0.14112586]
269
[0.07471822]
270
[0.14373387]
271
[0.09110886]
272
[0.13423741]
273
[0.10494644]
274
[0.07802064]
275
[0.13710103]
276
[0.08372994]
277
[0.12769233]
278
[0.14180718]
279
[0.13736152]
280
[0.08771546]
281
[0.13996265]
282
[0.1392979]
283
[0.14169672]
284
[0.07141173]
285
[0.13941978]
286
[0.14239875]
287
[0.13076308]
288
[0.14021288]
289
[0.12676457]
290
[0.13570165]
291
[0.11708437]
292
[0.1418132]
293
[0.13920307]
294
[0.13942594]
295
[0.13942003]
296
[0.1404903]
297
[0.1397883]
298
[0.13976552]
299
[0.14060356]
300
[0.1397851]
301
[0.13960559]
302
[0.13430624]
303
[0.14105702]
304
[0.13937538]
305
[0.11747591]
306
[0.13968806]
307
[0.13487659]
308
[0.14173294]
309
[0.13922409]
310
[0.14113852]
311
[0.1436815]
312
[0.14072785]
313
[0.14360273]
314
[0.13988337]
315
[0.12784804]
316
[0.11048136]
317
[0.11181018]
318
[0.11034438]
319
[0.13906543]
320
[0.14052996]
321
[0.14008122]
322
[0.13924907]
323
[0.10392323]
324
[0.13920275]
325
[0.13860969]
326
[0.14370809]
327
[0.13920021]
328
[0.11480244]
329
[0.1396054]
330
[0.1397679]
331
[0.13788489]
332
[0.14188513]
333
[0.13699341]
334
[0.0997964]
335
[0.12634629]
336
[0.13349159]
337
[0.14105043]
338
[0.12067931]
339
[0.14098422]
340
[0.10328238]
341
[0.14343663]
342
[0.13109816]
343
[0.13001214]
344
[0.14364287]
345
[0.14137391]
346
[0.1430379]
347
[0.13988278]
348
[0.14187701]
349
[0.10764231]
350
[0.13923061]
351
[0.14289128]
352
[0.14100804]
353
[0.13954432]
354
[0.13995723]
355
[0.14105132]
356
[0.14363658]
357
[0.14141512]
358
[0.14200929]
359
[0.14028]
360
[0.07400277]
361
[0.14366869]
362
[0.14217195]
363
[0.12395193]
364
[0.07214848]
365
[0.13854945]
366
[0.07346356]
367
[0.1160746]
368
[0.14346948]
369
[0.14066098]
370
[0.12012537]
371
[0.14319408]
372
[0.07318437]
373
[0.10444625]
374
[0.1107015]
375
[0.13675068]
376
[0.136081]
377
[0.07184378]
378
[0.14088409]
379
[0.14126532]
380
[0.11263092]
381
[0.08832025]
382
[0.14016722]
383
[0.09231596]
384
[0.14199307]
385
[0.141495]
386
[0.13934936]
387
[0.1037132]
388
[0.09708581]
389
[0.14371479]
390
[0.13957927]
391
[0.1395698]
392
[0.1420143]
393
[0.10728577]
394
[0.14195771]
395
[0.13069957]
396
[0.14058219]
397
[0.12925131]
398
[0.09098131]
399
[0.10595559]
400
[0.14371852]
401
[0.11974545]
402
[0.11053473]
403
[0.09285539]
404
[0.13427394]
405
[0.13929845]
406
[0.07159841]
407
[0.13981488]
408
[0.13964003]
409
[0.14353954]
410
[0.09136647]
411
[0.1436706]
412
[0.14199674]
413
[0.13604841]
414
[0.13924711]
415
[0.12146044]
416
[0.13920102]
417
[0.10538706]
418
[0.14073484]
419
[0.07643745]
420
[0.14276614]
421
[0.13565894]
422
[0.07722693]
423
[0.11847265]
424
[0.0818007]
425
[0.14131906]
426
[0.12335828]
427
[0.14053878]
428
[0.13366451]
429
[0.10263614]
430
[0.12680961]
431
[0.14293434]
432
[0.14357981]
433
[0.13788783]
434
[0.14315629]
435
[0.1129277]
436
[0.13996975]
437
[0.13923999]
438
[0.08682535]
439
[0.13563386]
440
[0.13987088]
441
[0.14333056]
442
[0.0855361]
443
[0.1394543]
444
[0.09998701]
445
[0.11528177]
446
[0.1400843]
447
[0.13980977]
448
[0.1268095]
449
[0.09840721]
450
[0.07806604]
451
[0.1270522]
452
[0.14312253]
453
[0.13427534]
454
[0.09101051]
455
[0.13919583]
456
[0.14339815]
457
[0.14320833]
458
[0.14023713]
459
[0.13938985]
460
[0.13995932]
461
[0.07509496]
462
[0.13358615]
463
[0.1395324]
464
[0.13919475]
465
[0.14187781]
466
[0.13224296]
467
[0.13366451]
468
[0.13906502]
469
[0.08153738]
470
[0.12494489]
471
[0.13009783]
472
[0.13187415]
473
[0.13971735]
474
[0.06937227]
475
[0.14182211]
476
[0.13935013]
477
[0.13954784]
478
[0.11549643]
479
[0.14020256]
480
[0.13701851]
481
[0.13940654]
482
[0.10957834]
483
[0.14364743]
484
[0.13926594]
485
[0.1397704]
486
[0.10768434]
487
[0.13962607]
488
[0.11148616]
489
[0.14070644]
490
[0.14063613]
491
[0.12850992]
492
[0.13747781]
493
[0.14201263]
494
[0.14369757]
495
[0.13936129]
496
[0.13272218]
497
[0.11472505]
498
[0.1435631]
499
[0.14314901]
[1] 2500   11
[1] 2500   11
