LOADING R
R LOADED
[1] "/home/lvanderl/Rlibs2"                         
[2] "/app/software/R/4.3.1-gfbf-2022b/lib/R/library"
[1] "/home/lvanderl/sieveSims"
[1] "xg 1 3"
[1] 0.02635721
[1] 0.02635721
[1] 0.02635721
9.122448979591837
0
[0.20028979]
1
[0.02511617]
2
[0.02666368]
3
[0.01334283]
4
[0.02467028]
5
[0.08191953]
6
[0.20968187]
7
[0.16039319]
8
[0.02112475]
9
[0.11284428]
10
[0.18768689]
11
[0.15915929]
12
[0.01251679]
13
[0.01715371]
14
[0.11135632]
15
[0.02386933]
16
[0.11990116]
17
[0.01933373]
18
[0.06396273]
19
[0.08481403]
20
[0.08556009]
21
[0.06571956]
22
[0.20849401]
23
[0.02427949]
24
[0.2020736]
25
[0.04484415]
26
[0.01162092]
27
[0.02049567]
28
[0.17127356]
29
[0.03702783]
30
[0.06748959]
31
[0.21624258]
32
[0.02345509]
33
[0.02704007]
34
[0.02249275]
35
[0.06459528]
36
[0.1033092]
37
[0.16445831]
38
[0.10192781]
39
[0.09081166]
40
[0.10075571]
41
[0.00853057]
42
[0.13801881]
43
[0.11691292]
44
[0.02052054]
45
[0.11964284]
46
[0.05867008]
47
[0.15808088]
48
[0.14550609]
49
[0.16303715]
50
[0.00960008]
51
[0.06784249]
52
[0.00952968]
53
[0.02022013]
54
[0.03119744]
55
[0.16042978]
56
[0.18892557]
57
[0.19783368]
58
[0.08158194]
59
[0.07040823]
60
[0.02530469]
61
[0.07742078]
62
[0.04216647]
63
[0.01080057]
64
[0.05011501]
65
[0.02439536]
66
[0.01579653]
67
[0.02947849]
68
[0.14455923]
69
[0.09873217]
70
[0.03167105]
71
[0.10417872]
72
[0.05758635]
73
[0.05442203]
74
[0.02754573]
75
[0.11763056]
76
[0.02016063]
77
[0.14167763]
78
[0.03704288]
79
[0.18798317]
80
[0.0755182]
81
[0.1155521]
82
[0.03436795]
83
[0.03118427]
84
[0.05051577]
85
[0.12885716]
86
[0.16785722]
87
[0.00595328]
88
[0.05764708]
89
[0.07324833]
90
[0.1870916]
91
[0.02174716]
92
[0.06087705]
93
[0.02661726]
94
[0.01872255]
95
[0.03438544]
96
[0.04775308]
97
[0.15739345]
98
[0.02974381]
99
[0.01511203]
100
[0.04637536]
101
[0.07363065]
102
[0.13607365]
103
[0.2067108]
104
[0.01384116]
105
[0.04311562]
106
[0.03650067]
107
[0.04640484]
108
[0.10187824]
109
[0.08959815]
110
[0.0141759]
111
[0.06590364]
112
[0.08218957]
113
[0.11439728]
114
[0.00920697]
115
[0.07979353]
116
[0.12477029]
117
[0.01993627]
118
[0.02117116]
119
[0.01084505]
120
[0.20881294]
121
[0.0399132]
122
[0.16851148]
123
[0.01675856]
124
[0.0359291]
125
[0.19808938]
126
[0.00616196]
127
[0.08649243]
128
[0.0246878]
129
[0.0301831]
130
[0.19804445]
131
[0.14552965]
132
[0.10278888]
133
[0.03375498]
134
[0.04732306]
135
[0.03505588]
136
[0.16481644]
137
[0.19373]
138
[0.04636038]
139
[0.11050119]
140
[0.0155563]
141
[0.0286451]
142
[0.01043134]
143
[0.13826844]
144
[0.0917668]
145
[0.13163305]
146
[0.07668548]
147
[0.02529286]
148
[0.01340516]
149
[0.04116467]
150
[0.10317086]
151
[0.08066018]
152
[0.01766518]
153
[0.19588798]
154
[0.00629589]
155
[0.09340738]
156
[0.0343717]
157
[0.0362393]
158
[0.13266889]
159
[0.01227424]
160
[0.12281762]
161
[0.16521035]
162
[0.05002605]
163
[0.06022523]
164
[0.01261371]
165
[0.13694714]
166
[0.00812022]
167
[0.04926085]
168
[0.19398214]
169
[0.04504727]
170
[0.00779921]
171
[0.02368769]
172
[0.0193273]
173
[0.11097955]
174
[0.08421759]
175
[0.11420266]
176
[0.00979738]
177
[0.19284957]
178
[0.00617987]
179
[0.15638322]
180
[0.04605952]
181
[0.17977827]
182
[0.01826065]
183
[0.07955247]
184
[0.06776531]
185
[0.16098244]
186
[0.04035785]
187
[0.03140309]
188
[0.03606143]
189
[0.16989086]
190
[0.21631762]
191
[0.1726298]
192
[0.01974361]
193
[0.14161849]
194
[0.1778669]
195
[0.01145387]
196
[0.06398618]
197
[0.02805074]
198
[0.02913788]
199
[0.00670743]
200
[0.12655073]
201
[0.05364045]
202
[0.00967623]
203
[0.11347852]
204
[0.04489296]
205
[0.05393532]
206
[0.13920488]
207
[0.14980692]
208
[0.18831418]
209
[0.02710546]
210
[0.04958751]
211
[0.21057865]
212
[0.06889212]
213
[0.01126111]
214
[0.19652696]
215
[0.16901168]
216
[0.03458955]
217
[0.19150386]
218
[0.02252703]
219
[0.11163868]
220
[0.01520494]
221
[0.04150992]
222
[0.13861472]
223
[0.05409496]
224
[0.01623955]
225
[0.11570871]
226
[0.10806871]
227
[0.18999853]
228
[0.01073435]
229
[0.20608653]
230
[0.05201728]
231
[0.08672246]
232
[0.13218253]
233
[0.03020577]
234
[0.15304242]
235
[0.05076441]
236
[0.0366951]
237
[0.13762552]
238
[0.01517757]
239
[0.05223666]
240
[0.15765388]
241
[0.05528238]
242
[0.03779042]
243
[0.01400341]
244
[0.01250957]
245
[0.13765247]
246
[0.07667185]
247
[0.16491843]
248
[0.144692]
249
[0.13291566]
250
[0.17222469]
251
[0.07221363]
252
[0.04306757]
253
[0.19942378]
254
[0.07274657]
255
[0.06381776]
256
[0.08164985]
257
[0.13220616]
258
[0.00927564]
259
[0.05005301]
260
[0.07867808]
261
[0.03251098]
262
[0.0383657]
263
[0.00641194]
264
[0.03986911]
265
[0.04958164]
266
[0.02918272]
267
[0.09449023]
268
[0.00696355]
269
[0.17302811]
270
[0.18723912]
271
[0.05940274]
272
[0.04539395]
273
[0.16028214]
274
[0.0466992]
275
[0.0485501]
276
[0.1796234]
277
[0.04371184]
278
[0.20266447]
279
[0.009729]
280
[0.00924824]
281
[0.03680152]
282
[0.09144582]
283
[0.00578692]
284
[0.05482706]
285
[0.01612913]
286
[0.04632182]
287
[0.12981314]
288
[0.12690484]
289
[0.10541237]
290
[0.06845299]
291
[0.064937]
292
[0.03332066]
293
[0.01405898]
294
[0.07079203]
295
[0.08531858]
296
[0.12680179]
297
[0.04595959]
298
[0.12217765]
299
[0.12837007]
300
[0.08764092]
301
[0.01705026]
302
[0.16962945]
303
[0.02521817]
304
[0.17870159]
305
[0.17924892]
306
[0.07329287]
307
[0.02005738]
308
[0.02020407]
309
[0.01084739]
310
[0.16922047]
311
[0.13946306]
312
[0.03406666]
313
[0.11889728]
314
[0.12421724]
315
[0.08072534]
316
[0.17839134]
317
[0.02396236]
318
[0.15670589]
319
[0.05056574]
320
[0.19837581]
321
[0.09692702]
322
[0.17575223]
323
[0.06320636]
324
[0.17759324]
325
[0.0078196]
326
[0.14484468]
327
[0.18026478]
328
[0.11680447]
329
[0.00726962]
330
[0.03056952]
331
[0.12131697]
332
[0.01642834]
333
[0.00705087]
334
[0.13843992]
335
[0.09819059]
336
[0.12645449]
337
[0.09564037]
338
[0.03717048]
339
[0.0141641]
340
[0.17389475]
341
[0.17611757]
342
[0.16794468]
343
[0.20673311]
344
[0.16845014]
345
[0.05634163]
346
[0.08643824]
347
[0.04468688]
348
[0.06745305]
349
[0.02066482]
350
[0.05539597]
351
[0.1953492]
352
[0.02264636]
353
[0.13334999]
354
[0.16475211]
355
[0.0494048]
356
[0.0936296]
357
[0.03738969]
358
[0.21719032]
359
[0.01612583]
360
[0.03204522]
361
[0.20219232]
362
[0.02314177]
363
[0.06383461]
364
[0.15009569]
365
[0.01697463]
366
[0.06203028]
367
[0.05459919]
368
[0.10460935]
369
[0.12952216]
370
[0.08318146]
371
[0.05341025]
372
[0.03101413]
373
[0.0439302]
374
[0.03408136]
375
[0.05943951]
376
[0.10164849]
377
[0.01890782]
378
[0.07348793]
379
[0.03010139]
380
[0.02222529]
381
[0.04130265]
382
[0.17304125]
383
[0.03571742]
384
[0.03135155]
385
[0.07403924]
386
[0.06315348]
387
[0.09151151]
388
[0.03250354]
389
[0.0378208]
390
[0.11378037]
391
[0.07037656]
392
[0.00842374]
393
[0.02163092]
394
[0.04146242]
395
[0.15312648]
396
[0.0416806]
397
[0.11363287]
398
[0.11908754]
399
[0.03004985]
400
[0.04348715]
401
[0.05586688]
402
[0.0233384]
403
[0.00604567]
404
[0.20699086]
405
[0.09271327]
406
[0.01563021]
407
[0.0878118]
408
[0.03905548]
409
[0.18728537]
410
[0.13427241]
411
[0.06373984]
412
[0.17260643]
413
[0.01226844]
414
[0.05443283]
415
[0.12369942]
416
[0.08545629]
417
[0.08397]
418
[0.0120458]
419
[0.06233494]
420
[0.01333717]
421
[0.03704973]
422
[0.10976148]
423
[0.18874619]
424
[0.03640215]
425
[0.20412025]
426
[0.07056884]
427
[0.0104671]
428
[0.20981967]
429
[0.03471401]
430
[0.00708234]
431
[0.06967333]
432
[0.01432531]
433
[0.02031041]
434
[0.15583362]
435
[0.13906085]
436
[0.0293448]
437
[0.19610743]
438
[0.05360561]
439
[0.02484302]
440
[0.08534164]
441
[0.01266441]
442
[0.01138732]
443
[0.0497669]
444
[0.01313416]
445
[0.01068388]
446
[0.02944386]
447
[0.16265292]
448
[0.03929914]
449
[0.12604209]
450
[0.16892348]
451
[0.15575499]
452
[0.05669099]
453
[0.02003716]
454
[0.19817951]
455
[0.10924537]
456
[0.07944994]
457
[0.10212591]
458
[0.01729825]
459
[0.01951023]
460
[0.01030954]
461
[0.0363261]
462
[0.09461263]
463
[0.01934056]
464
[0.09906683]
465
[0.0093058]
466
[0.05665488]
467
[0.09661843]
468
[0.08358963]
469
[0.09192506]
470
[0.17701062]
471
[0.05496562]
472
[0.10694009]
473
[0.15339571]
474
[0.12476614]
475
[0.14027782]
476
[0.11500363]
477
[0.21353338]
478
[0.01546118]
479
[0.01149914]
480
[0.08688191]
481
[0.19276534]
482
[0.0621193]
483
[0.04898413]
484
[0.06995056]
485
[0.02988201]
486
[0.01517667]
487
[0.09810451]
488
[0.13479679]
489
[0.17555849]
490
[0.10600639]
491
[0.07235975]
492
[0.15998623]
493
[0.09259768]
494
[0.08304093]
495
[0.04581973]
496
[0.03634354]
497
[0.21408002]
498
[0.12321728]
499
[0.11291758]
500
[0.01645833]
501
[0.0445391]
502
[0.08549596]
503
[0.0717524]
504
[0.17384676]
505
[0.10867882]
506
[0.04500011]
507
[0.08282085]
508
[0.11128785]
509
[0.21081094]
510
[0.10805139]
511
[0.03005372]
512
[0.05290111]
513
[0.01037641]
514
[0.07160442]
515
[0.20877348]
516
[0.12200078]
517
[0.03936873]
518
[0.01316119]
519
[0.15282818]
520
[0.04903348]
521
[0.18993481]
522
[0.02299732]
523
[0.04960991]
524
[0.02115376]
525
[0.18887802]
526
[0.05243595]
527
[0.20379439]
528
[0.07027754]
529
[0.09431206]
530
[0.15854087]
531
[0.05713462]
532
[0.08134664]
533
[0.08050425]
534
[0.21026298]
535
[0.04062512]
536
[0.06226358]
537
[0.05973952]
538
[0.00611716]
539
[0.07160959]
540
[0.17244581]
541
[0.10203539]
542
[0.03097557]
543
[0.06758849]
544
[0.17268957]
545
[0.21816761]
546
[0.01028414]
547
[0.02332406]
548
[0.08490385]
549
[0.02625397]
550
[0.02312022]
551
[0.05454094]
552
[0.06157457]
553
[0.03129744]
554
[0.01259155]
555
[0.00605935]
556
[0.03965605]
557
[0.10814292]
558
[0.14642959]
559
[0.02385771]
560
[0.14918858]
561
[0.02423795]
562
[0.09791194]
563
[0.1101798]
564
[0.15879697]
565
[0.12293307]
566
[0.10853027]
567
[0.09601826]
568
[0.19175541]
569
[0.17266578]
570
[0.11020361]
571
[0.17525731]
572
[0.16988325]
573
[0.02752751]
574
[0.04859879]
575
[0.02752064]
576
[0.06572473]
577
[0.04338634]
578
[0.20301798]
579
[0.01838704]
580
[0.06771117]
581
[0.02708218]
582
[0.05590249]
583
[0.1724217]
584
[0.04229713]
585
[0.01219736]
586
[0.0395128]
587
[0.03949648]
588
[0.06582252]
589
[0.04058056]
590
[0.00971868]
591
[0.1638999]
592
[0.12280287]
593
[0.0628053]
594
[0.08262115]
595
[0.01795875]
596
[0.00886751]
597
[0.12758508]
598
[0.02659925]
599
[0.0318008]
600
[0.04983972]
601
[0.16863145]
602
[0.07524974]
603
[0.01692285]
604
[0.02062909]
605
[0.01220928]
606
[0.03105668]
607
[0.03773021]
608
[0.08455368]
609
[0.14605242]
610
[0.00919545]
611
[0.14356208]
612
[0.07203933]
613
[0.17755443]
614
[0.00869595]
615
[0.05823562]
616
[0.19535803]
617
[0.03631181]
618
[0.00955591]
619
[0.01388892]
620
[0.09393964]
621
[0.11683169]
622
[0.0196891]
623
[0.18941284]
624
[0.13971632]
625
[0.19131887]
626
[0.10511421]
627
[0.03050766]
628
[0.21756029]
629
[0.21895948]
630
[0.01961107]
631
[0.01979705]
632
[0.01469385]
633
[0.17343693]
634
[0.19028012]
635
[0.13217545]
636
[0.08793623]
637
[0.07342278]
638
[0.0486503]
639
[0.02376856]
640
[0.03254547]
641
[0.10946239]
642
[0.03951275]
643
[0.06860111]
644
[0.02788752]
645
[0.07168637]
646
[0.12630911]
647
[0.01182934]
648
[0.09984747]
649
[0.0275355]
650
[0.03279911]
651
[0.20491899]
652
[0.06349098]
653
[0.0281369]
654
[0.12561808]
655
[0.20653189]
656
[0.20007238]
657
[0.04329037]
658
[0.11904067]
659
[0.07545731]
660
[0.05221131]
661
[0.08579384]
662
[0.16482818]
663
[0.0756189]
664
[0.12858613]
665
[0.18012749]
666
[0.05768362]
667
[0.02948652]
668
[0.0094374]
669
[0.06696829]
670
[0.21893197]
671
[0.0985021]
672
[0.07949006]
673
[0.1622049]
674
[0.09859409]
675
[0.0473337]
676
[0.03650928]
677
[0.02629075]
678
[0.09027153]
679
[0.02125005]
680
[0.02260247]
681
[0.05351769]
682
[0.15884788]
683
[0.08755978]
684
[0.00647497]
685
[0.18996334]
686
[0.03575098]
687
[0.13873109]
688
[0.04719531]
689
[0.01738774]
690
[0.15012377]
691
[0.1750197]
692
[0.01366128]
693
[0.075974]
694
[0.02263511]
695
[0.0553043]
696
[0.00856207]
697
[0.12419899]
698
[0.07717321]
699
[0.20676892]
700
[0.0196374]
701
[0.00683435]
702
[0.05451945]
703
[0.09853075]
704
[0.06290745]
705
[0.19499975]
706
[0.11396526]
707
[0.17867496]
708
[0.04319607]
709
[0.20445117]
710
[0.03485323]
711
[0.07602046]
712
[0.09609631]
713
[0.11302212]
714
[0.21218731]
715
[0.0347722]
716
[0.11482319]
717
[0.04895864]
718
[0.01433911]
719
[0.02043078]
720
[0.10571759]
721
[0.05265332]
722
[0.06666399]
723
[0.09139135]
724
[0.1757428]
725
[0.00829849]
726
[0.21474756]
727
[0.01379262]
728
[0.01216277]
729
[0.09570259]
730
[0.02352802]
731
[0.0223386]
732
[0.08347216]
733
[0.12463284]
734
[0.03318186]
735
[0.09378399]
736
[0.03553528]
737
[0.1629042]
738
[0.16992707]
739
[0.02046456]
740
[0.06986625]
741
[0.13131871]
742
[0.1664718]
743
[0.08540312]
744
[0.1171974]
745
[0.20916113]
746
[0.02036388]
747
[0.07363356]
748
[0.02285867]
749
[0.10497776]
750
[0.02369489]
751
[0.10530036]
752
[0.15643424]
753
[0.08544874]
754
[0.1113361]
755
[0.07973243]
756
[0.01402245]
757
[0.09646152]
758
[0.03057772]
759
[0.00805553]
760
[0.08359939]
761
[0.01427849]
762
[0.1486873]
763
[0.0952096]
764
[0.13917949]
765
[0.09533521]
766
[0.10638977]
767
[0.03273975]
768
[0.00930374]
769
[0.14933402]
770
[0.04986643]
771
[0.1646025]
772
[0.01675046]
773
[0.12398917]
774
[0.08261899]
775
[0.02151851]
776
[0.15978524]
777
[0.02938216]
778
[0.02570218]
779
[0.12543068]
780
[0.20351563]
781
[0.01020412]
782
[0.12202272]
783
[0.05668298]
784
[0.03448905]
785
[0.00842368]
786
[0.1034557]
787
[0.0777282]
788
[0.00587182]
789
[0.0132575]
790
[0.01641566]
791
[0.10083587]
792
[0.1217179]
793
[0.10652736]
794
[0.12243328]
795
[0.04837787]
796
[0.0381175]
797
[0.05937353]
798
[0.20010951]
799
[0.14070329]
800
[0.05802551]
801
[0.03067647]
802
[0.06278129]
803
[0.18186263]
804
[0.01978484]
805
[0.14019615]
806
[0.02411216]
807
[0.17306365]
808
[0.03328488]
809
[0.20398434]
810
[0.0122517]
811
[0.12088176]
812
[0.02054369]
813
[0.03670464]
814
[0.05918102]
815
[0.0344112]
816
[0.06759986]
817
[0.10628639]
818
[0.00961347]
819
[0.11413016]
820
[0.03063897]
821
[0.20354284]
822
[0.07013821]
823
[0.10226772]
824
[0.0107774]
825
[0.09666998]
826
[0.10472948]
827
[0.02933337]
828
[0.1954527]
829
[0.01110607]
830
[0.02035688]
831
[0.08542103]
832
[0.02481993]
833
[0.16800237]
834
[0.01294682]
835
[0.01509742]
836
[0.12053006]
837
[0.10130322]
838
[0.07634019]
839
[0.05973286]
840
[0.08155105]
841
[0.0469604]
842
[0.17855151]
843
[0.08482273]
844
[0.08434695]
845
[0.17157802]
846
[0.0882834]
847
[0.06634121]
848
[0.15796174]
849
[0.03181074]
850
[0.08426554]
851
[0.18155196]
852
[0.10027447]
853
[0.1975988]
854
[0.02936309]
855
[0.12001003]
856
[0.06441098]
857
[0.19342497]
858
[0.01381777]
859
[0.06337188]
860
[0.0511234]
861
[0.1624901]
862
[0.09151694]
863
[0.16493625]
864
[0.04324446]
865
[0.19268253]
866
[0.05408632]
867
[0.02332584]
868
[0.13419278]
869
[0.02830122]
870
[0.13436932]
871
[0.01545714]
872
[0.08381103]
873
[0.07227752]
874
[0.00990639]
875
[0.10186221]
876
[0.04427407]
877
[0.03133095]
878
[0.09494958]
879
[0.02661936]
880
[0.18271703]
881
[0.20581681]
882
[0.05116382]
883
[0.15457961]
884
[0.04116706]
885
[0.05107424]
886
[0.20651907]
887
[0.08294068]
888
[0.04038149]
889
[0.12934761]
890
[0.06262569]
891
[0.05802607]
892
[0.04662529]
893
[0.10278046]
894
[0.07884274]
895
[0.02868745]
896
[0.13265361]
897
[0.02126452]
898
[0.05199048]
899
[0.15649523]
900
[0.19344097]
901
[0.08049831]
902
[0.04729892]
903
[0.01025923]
904
[0.01370605]
905
[0.12724325]
906
[0.11966331]
907
[0.17361836]
908
[0.0140626]
909
[0.01675723]
910
[0.15393219]
911
[0.13068128]
912
[0.12143998]
913
[0.04580931]
914
[0.02710037]
915
[0.07788539]
916
[0.2184027]
917
[0.06509271]
918
[0.07521376]
919
[0.0366629]
920
[0.09305525]
921
[0.16724538]
922
[0.1546963]
923
[0.0062204]
924
[0.01884952]
925
[0.01449717]
926
[0.0315323]
927
[0.04062625]
928
[0.03513011]
929
[0.2144646]
930
[0.12255357]
931
[0.0340627]
932
[0.08268355]
933
[0.20774355]
934
[0.00793608]
935
[0.00653443]
936
[0.00595896]
937
[0.02808528]
938
[0.19373919]
939
[0.03728441]
940
[0.09056127]
941
[0.04146786]
942
[0.09324261]
943
[0.06946187]
944
[0.00677058]
945
[0.03687662]
946
[0.02140895]
947
[0.01789621]
948
[0.08725661]
949
[0.03960713]
950
[0.01591659]
951
[0.04705354]
952
[0.07751897]
953
[0.01040758]
954
[0.01776025]
955
[0.11532558]
956
[0.02468946]
957
[0.06066801]
958
[0.08801733]
959
[0.19151822]
960
[0.03602091]
961
[0.19876538]
962
[0.15311718]
963
[0.13748677]
964
[0.02542045]
965
[0.11801511]
966
[0.02014624]
967
[0.10035]
968
[0.19018507]
969
[0.12968438]
970
[0.15782675]
971
[0.14438654]
972
[0.04482954]
973
[0.02162933]
974
[0.01207331]
975
[0.05666063]
976
[0.1507699]
977
[0.21715038]
978
[0.0292322]
979
[0.0301665]
980
[0.13510546]
981
[0.19351923]
982
[0.20840456]
983
[0.0446777]
984
[0.16403646]
985
[0.08857081]
986
[0.02767237]
987
[0.04326539]
988
[0.01694656]
989
[0.03297043]
990
[0.02203432]
991
[0.07774207]
992
[0.07086726]
993
[0.09249772]
994
[0.01644937]
995
[0.153501]
996
[0.14074542]
997
[0.13183811]
998
[0.09137424]
999
[0.01815036]
[1] 5000   11
[1] 5000   11
