LOADING R
R LOADED
[1] "/home/lvanderl/Rlibs2"                         
[2] "/app/software/R/4.3.1-gfbf-2022b/lib/R/library"
[1] "/home/lvanderl/sieveSims"
[1] "rf 10 4"
[1] 0.0560686
[1] 0.0560686
[1] 0.0560686
171.57142857142858
0
[0.25459999]
1
[0.26510058]
2
[0.13911934]
3
[0.17776478]
4
[0.16720045]
5
[0.24264934]
6
[0.19262921]
7
[0.23337326]
8
[0.20146896]
9
[0.25849588]
10
[0.10490874]
11
[0.18379645]
12
[0.14268931]
13
[0.17978963]
14
[0.21512923]
15
[0.05469221]
16
[0.25053806]
17
[0.22602128]
18
[0.19510649]
19
[0.19258549]
20
[0.12623766]
21
[0.13665292]
22
[0.15973788]
23
[0.18178795]
24
[0.16080864]
25
[0.1587051]
26
[0.12956509]
27
[0.12485223]
28
[0.13112625]
29
[0.26374117]
30
[0.15547895]
31
[0.2312874]
32
[0.16415652]
33
[0.24345113]
34
[0.22206197]
35
[0.17919748]
36
[0.1132847]
37
[0.1815448]
38
[0.20218862]
39
[0.17855727]
40
[0.1847892]
41
[0.30633521]
42
[0.20180132]
43
[0.27102201]
44
[0.28246921]
45
[0.09132038]
46
[0.26867018]
47
[0.24491604]
48
[0.17350774]
49
[0.16353043]
50
[0.17078485]
51
[0.29672384]
52
[0.22932388]
53
[0.11750498]
54
[0.3217913]
55
[0.14050342]
56
[0.23769967]
57
[0.14208444]
58
[0.17790831]
59
[0.17023258]
60
[0.18336096]
61
[0.21201277]
62
[0.20541191]
63
[0.26104401]
64
[0.13484326]
65
[0.20515247]
66
[0.2505178]
67
[0.15450429]
68
[0.25877013]
69
[0.0997981]
70
[0.20058564]
71
[0.1522809]
72
[0.23770163]
73
[0.20764861]
74
[0.22569568]
75
[0.18045132]
76
[0.24143582]
77
[0.27484754]
78
[0.20777441]
79
[0.33089255]
80
[0.26138212]
81
[0.20143301]
82
[0.21375372]
83
[0.08988064]
84
[0.2802576]
85
[0.18780122]
86
[0.10729585]
87
[0.20754053]
88
[0.13940328]
89
[0.23321915]
90
[0.26644635]
91
[0.247099]
92
[0.19183503]
93
[0.23586657]
94
[0.20298126]
95
[0.2484351]
96
[0.16965724]
97
[0.15592803]
98
[0.2668113]
99
[0.1684783]
100
[0.21362008]
101
[0.23566586]
102
[0.24847865]
103
[0.12569601]
104
[0.19552385]
105
[0.1867755]
106
[0.1716753]
107
[0.18806667]
108
[0.15754308]
109
[0.0941833]
110
[0.23003139]
111
[0.11193579]
112
[0.15351184]
113
[0.15283793]
114
[0.19200616]
115
[0.14245449]
116
[0.14177749]
117
[0.17832864]
118
[0.13191939]
119
[0.17794163]
120
[0.1538052]
121
[0.17886733]
122
[0.21420335]
123
[0.1945358]
124
[0.19842202]
125
[0.15150486]
126
[0.26874757]
127
[0.14545407]
128
[0.12620156]
129
[0.16547524]
130
[0.13948602]
131
[0.31520111]
132
[0.25213071]
133
[0.14959372]
134
[0.17079879]
135
[0.3015614]
136
[0.20970564]
137
[0.17664694]
138
[0.131753]
139
[0.27246066]
140
[0.24912673]
141
[0.12644572]
142
[0.13220913]
143
[0.13555278]
144
[0.19591416]
145
[0.24892625]
146
[0.23603333]
147
[0.22566044]
148
[0.28097459]
149
[0.14898646]
150
[0.12321477]
151
[0.19294053]
152
[0.19698019]
153
[0.19798151]
154
[0.13603351]
155
[0.19271982]
156
[0.21167047]
157
[0.1410535]
158
[0.09541706]
159
[0.23689637]
160
[0.16836264]
161
[0.26270251]
162
[0.21199114]
163
[0.19477398]
164
[0.1194924]
165
[0.2199129]
166
[0.14647591]
167
[0.2704564]
168
[0.22698827]
169
[0.21253092]
170
[0.22351785]
171
[0.21153462]
172
[0.19311392]
173
[0.22851493]
174
[0.26449061]
175
[0.24974882]
176
[0.2728915]
177
[0.12765329]
178
[0.10964235]
179
[0.16298892]
180
[0.21124903]
181
[0.22574941]
182
[0.11905062]
183
[0.35058633]
184
[0.15583279]
185
[0.21916371]
186
[0.24100981]
187
[0.20118973]
188
[0.20105836]
189
[0.27037874]
190
[0.12455134]
191
[0.21391109]
192
[0.23240695]
193
[0.19166011]
194
[0.14445058]
195
[0.19773277]
196
[0.17036637]
197
[0.22791431]
198
[0.2624864]
199
[0.22817395]
200
[0.24201436]
201
[0.19055997]
202
[0.1637567]
203
[0.20926241]
204
[0.16199827]
205
[0.2249768]
206
[0.20474231]
207
[0.25998188]
208
[0.21294864]
209
[0.17407074]
210
[0.18670946]
211
[0.19212639]
212
[0.27508689]
213
[0.3164357]
214
[0.21861363]
215
[0.26018124]
216
[0.11821614]
217
[0.24835618]
218
[0.20131003]
219
[0.21164005]
220
[0.14980621]
221
[0.15040472]
222
[0.14416281]
223
[0.2006135]
224
[0.13563226]
225
[0.17083925]
226
[0.21926968]
227
[0.20431176]
228
[0.2393956]
229
[0.23028603]
230
[0.17505928]
231
[0.06739091]
232
[0.09957182]
233
[0.23672727]
234
[0.17570803]
235
[0.28230895]
236
[0.20266155]
237
[0.30158706]
238
[0.19694553]
239
[0.19108625]
240
[0.19661076]
241
[0.13474968]
242
[0.20771338]
243
[0.13034428]
244
[0.20732307]
245
[0.21133884]
246
[0.23588281]
247
[0.14048755]
248
[0.10311485]
249
[0.125656]
250
[0.20795645]
251
[0.23807641]
252
[0.19274747]
253
[0.24699252]
254
[0.13781216]
255
[0.33445603]
256
[0.18930743]
257
[0.23236543]
258
[0.12800082]
259
[0.22444415]
260
[0.2518374]
261
[0.20157338]
262
[0.20462409]
263
[0.19496054]
264
[0.13275538]
265
[0.23280011]
266
[0.20483746]
267
[0.11740041]
268
[0.17538661]
269
[0.15481503]
270
[0.22163925]
271
[0.10062002]
272
[0.15260501]
273
[0.1922399]
274
[0.3311832]
275
[0.11672499]
276
[0.15327796]
277
[0.13124974]
278
[0.13309993]
279
[0.21524657]
280
[0.27876192]
281
[0.14796989]
282
[0.26679433]
283
[0.16236535]
284
[0.23920738]
285
[0.28800381]
286
[0.27271001]
287
[0.22037837]
288
[0.11838557]
289
[0.27087046]
290
[0.17843877]
291
[0.12364731]
292
[0.2711898]
293
[0.22062448]
294
[0.19495169]
295
[0.21130342]
296
[0.07504487]
297
[0.20621804]
298
[0.14050402]
299
[0.18120248]
300
[0.23768284]
301
[0.12503364]
302
[0.16327042]
303
[0.23541244]
304
[0.2087109]
305
[0.26967731]
306
[0.14701632]
307
[0.2522058]
308
[0.27634671]
309
[0.21495921]
310
[0.31762657]
311
[0.14119919]
312
[0.20347012]
313
[0.20589182]
314
[0.16809186]
315
[0.27197061]
316
[0.18091713]
317
[0.1929278]
318
[0.21200961]
319
[0.11870373]
320
[0.19494972]
321
[0.15109328]
322
[0.28635275]
323
[0.10639897]
324
[0.20699552]
325
[0.14678234]
326
[0.19221018]
327
[0.19221793]
328
[0.13770443]
329
[0.20233373]
330
[0.15846876]
331
[0.20321162]
332
[0.12655747]
333
[0.23927488]
334
[0.18946042]
335
[0.22956395]
336
[0.22237791]
337
[0.27068898]
338
[0.16855709]
339
[0.23471327]
340
[0.23248064]
341
[0.18993432]
342
[0.23599986]
343
[0.10556763]
344
[0.19297025]
345
[0.17803297]
346
[0.19551061]
347
[0.24215247]
348
[0.18657049]
349
[0.17095026]
350
[0.1694191]
351
[0.17790831]
352
[0.17849858]
353
[0.19910376]
354
[0.18285896]
355
[0.09139405]
356
[0.21313953]
357
[0.24158219]
358
[0.2612918]
359
[0.15040472]
360
[0.13900285]
361
[0.14733434]
362
[0.10184486]
363
[0.24150406]
364
[0.2202408]
365
[0.15562739]
366
[0.25230112]
367
[0.20706212]
368
[0.15339068]
369
[0.27637118]
370
[0.30050782]
371
[0.17340566]
372
[0.19055997]
373
[0.29078612]
374
[0.13473427]
375
[0.13259173]
376
[0.17650062]
377
[0.24997408]
378
[0.27094214]
379
[0.16008977]
380
[0.16030353]
381
[0.17570803]
382
[0.15534564]
383
[0.17185752]
384
[0.17957879]
385
[0.17319084]
386
[0.09416626]
387
[0.21050686]
388
[0.19175493]
389
[0.23973342]
390
[0.19772571]
391
[0.17967644]
392
[0.29808734]
393
[0.1419621]
394
[0.23664144]
395
[0.32807794]
396
[0.20391326]
397
[0.16470659]
398
[0.15054158]
399
[0.1544429]
400
[0.21641335]
401
[0.25267061]
402
[0.13390256]
403
[0.2050292]
404
[0.294948]
405
[0.19801945]
406
[0.15646462]
407
[0.17083077]
408
[0.30332471]
409
[0.2488827]
410
[0.14411264]
411
[0.23392221]
412
[0.22684872]
413
[0.25576846]
414
[0.27680053]
415
[0.26427978]
416
[0.14428435]
417
[0.21307081]
418
[0.23527569]
419
[0.28853852]
420
[0.14305927]
421
[0.19276025]
422
[0.20625144]
423
[0.23126529]
424
[0.1561941]
425
[0.29599219]
426
[0.12241311]
427
[0.22502478]
428
[0.09264717]
429
[0.21773875]
430
[0.19606032]
431
[0.20298042]
432
[0.2602057]
433
[0.1886211]
434
[0.12765564]
435
[0.15175325]
436
[0.19394271]
437
[0.19040377]
438
[0.20540389]
439
[0.25849667]
440
[0.22018959]
441
[0.1900099]
442
[0.18652024]
443
[0.24900794]
444
[0.26401993]
445
[0.20640151]
446
[0.21626607]
447
[0.22506099]
448
[0.25775392]
449
[0.23731608]
450
[0.19906935]
451
[0.1618852]
452
[0.17795826]
453
[0.12136245]
454
[0.27814127]
455
[0.14306413]
456
[0.22770393]
457
[0.12184424]
458
[0.14545407]
459
[0.23766692]
460
[0.19180088]
461
[0.27093169]
462
[0.2604191]
463
[0.24698051]
464
[0.20633505]
465
[0.27247381]
466
[0.24501708]
467
[0.20211148]
468
[0.19849879]
469
[0.14203305]
470
[0.14380386]
471
[0.09186692]
472
[0.17458305]
473
[0.12455134]
474
[0.24059066]
475
[0.14666465]
476
[0.26907799]
477
[0.20380983]
478
[0.1975571]
479
[0.25781731]
480
[0.16300184]
481
[0.16628152]
482
[0.19089259]
483
[0.20521806]
484
[0.23937491]
485
[0.26188868]
486
[0.1780486]
487
[0.14927765]
488
[0.20744655]
489
[0.24474479]
490
[0.19914175]
491
[0.17711201]
492
[0.15808394]
493
[0.170957]
494
[0.21887825]
495
[0.22102383]
496
[0.21525003]
497
[0.19064872]
498
[0.19382348]
499
[0.1902017]
500
[0.16203792]
501
[0.15435381]
502
[0.16786869]
503
[0.17592147]
504
[0.21383544]
505
[0.13302288]
506
[0.18945982]
507
[0.27231944]
508
[0.23018281]
509
[0.19474433]
510
[0.1890044]
511
[0.35679093]
512
[0.1769833]
513
[0.15089552]
514
[0.16783634]
515
[0.14490063]
516
[0.14945852]
517
[0.2568908]
518
[0.2024338]
519
[0.18780961]
520
[0.24304]
521
[0.1917098]
522
[0.13720299]
523
[0.1849073]
524
[0.18040362]
525
[0.17876434]
526
[0.19370433]
527
[0.15918012]
528
[0.21083993]
529
[0.12680987]
530
[0.26012654]
531
[0.20631519]
532
[0.17542816]
533
[0.20939129]
534
[0.17515795]
535
[0.17130745]
536
[0.24753586]
537
[0.17752943]
538
[0.10859926]
539
[0.12784852]
540
[0.21890696]
541
[0.12865078]
542
[0.16760775]
543
[0.17864409]
544
[0.25770698]
545
[0.15700558]
546
[0.25264612]
547
[0.21192275]
548
[0.2424205]
549
[0.18769896]
550
[0.25873483]
551
[0.21830805]
552
[0.19950066]
553
[0.23456572]
554
[0.17037154]
555
[0.23406223]
556
[0.18460398]
557
[0.18611136]
558
[0.18891071]
559
[0.29431068]
560
[0.2105431]
561
[0.18008154]
562
[0.1096994]
563
[0.21751349]
564
[0.18560932]
565
[0.1087155]
566
[0.16773299]
567
[0.19826097]
568
[0.24353805]
569
[0.21261539]
570
[0.19719367]
571
[0.16878435]
572
[0.19166011]
573
[0.17496368]
574
[0.2153132]
575
[0.12591095]
576
[0.23925185]
577
[0.2161921]
578
[0.21874149]
579
[0.19005884]
580
[0.11213176]
581
[0.1920955]
582
[0.16580673]
583
[0.18036803]
584
[0.1674742]
585
[0.29120856]
586
[0.24462528]
587
[0.19221018]
588
[0.23016514]
589
[0.12499696]
590
[0.1862198]
591
[0.16276894]
592
[0.18765948]
593
[0.21298407]
594
[0.22539539]
595
[0.16216341]
596
[0.25810791]
597
[0.16914053]
598
[0.16635963]
599
[0.14613611]
600
[0.21152356]
601
[0.20963093]
602
[0.11737259]
603
[0.30988253]
604
[0.28398048]
605
[0.24502639]
606
[0.23621593]
607
[0.19264833]
608
[0.18504833]
609
[0.17020731]
610
[0.18852361]
611
[0.15327092]
612
[0.13170227]
613
[0.21053291]
614
[0.19331121]
615
[0.15400575]
616
[0.23290482]
617
[0.24006644]
618
[0.23566586]
619
[0.18109998]
620
[0.26278573]
621
[0.19900289]
622
[0.17680817]
623
[0.23998697]
624
[0.20685222]
625
[0.13995335]
626
[0.23312377]
627
[0.20055016]
628
[0.17266263]
629
[0.18811769]
630
[0.12864303]
631
[0.20637535]
632
[0.12762014]
633
[0.20156141]
634
[0.19936112]
635
[0.17405389]
636
[0.17214473]
637
[0.14152215]
638
[0.24171665]
639
[0.23969542]
640
[0.17790831]
641
[0.21058136]
642
[0.16099939]
643
[0.21145321]
644
[0.1993091]
645
[0.22588484]
646
[0.29399011]
647
[0.2153132]
648
[0.1453797]
649
[0.1650155]
650
[0.14107879]
651
[0.17785611]
652
[0.15067601]
653
[0.23951637]
654
[0.24697074]
655
[0.19149348]
656
[0.13558434]
657
[0.20072057]
658
[0.19568158]
659
[0.22048755]
660
[0.21457659]
661
[0.21265273]
662
[0.2007822]
663
[0.17311894]
664
[0.16800702]
665
[0.19421059]
666
[0.18983121]
667
[0.28513756]
668
[0.17704388]
669
[0.1572937]
670
[0.22423855]
671
[0.2324955]
672
[0.25342267]
673
[0.22201902]
674
[0.11247866]
675
[0.18120153]
676
[0.17298627]
677
[0.23676601]
678
[0.15872661]
679
[0.19225668]
680
[0.27223732]
681
[0.18220545]
682
[0.1924512]
683
[0.16147397]
684
[0.21916371]
685
[0.16910716]
686
[0.24268817]
687
[0.12045121]
688
[0.25410425]
689
[0.22137186]
690
[0.19276025]
691
[0.24941766]
692
[0.11549263]
693
[0.28280935]
694
[0.11342167]
695
[0.26913652]
696
[0.25520969]
697
[0.13223193]
698
[0.24975354]
699
[0.27094938]
700
[0.20305177]
701
[0.19675794]
702
[0.17516814]
703
[0.09596326]
704
[0.26355757]
705
[0.18615939]
706
[0.36571038]
707
[0.25271809]
708
[0.20434583]
709
[0.26353889]
710
[0.12711492]
711
[0.24537769]
712
[0.17968677]
713
[0.22274462]
714
[0.21108043]
715
[0.17485672]
716
[0.11087186]
717
[0.15175134]
718
[0.21864878]
719
[0.14380386]
720
[0.10144832]
721
[0.12698709]
722
[0.2566608]
723
[0.14931065]
724
[0.11299983]
725
[0.25568422]
726
[0.12406628]
727
[0.18780961]
728
[0.24367802]
729
[0.159753]
730
[0.18336049]
731
[0.14021875]
732
[0.27212607]
733
[0.11455866]
734
[0.14613995]
735
[0.20114712]
736
[0.1692688]
737
[0.28813937]
738
[0.14930458]
739
[0.27353336]
740
[0.16232327]
741
[0.19405692]
742
[0.21666835]
743
[0.18670946]
744
[0.24174655]
745
[0.17420662]
746
[0.17717362]
747
[0.18065867]
748
[0.26661076]
749
[0.22792239]
750
[0.25977605]
751
[0.16069101]
752
[0.25434769]
753
[0.24363168]
754
[0.17405781]
755
[0.22553708]
756
[0.2074641]
757
[0.13745866]
758
[0.1285484]
759
[0.24390045]
760
[0.25603219]
761
[0.1586558]
762
[0.21197085]
763
[0.21711627]
764
[0.27974355]
765
[0.13026531]
766
[0.18780961]
767
[0.19862114]
768
[0.24308118]
769
[0.18175882]
770
[0.17896793]
771
[0.15044072]
772
[0.19427456]
773
[0.22921242]
774
[0.22441741]
775
[0.26591982]
776
[0.27792229]
777
[0.11366235]
778
[0.30443941]
779
[0.17735824]
780
[0.12434589]
781
[0.1890362]
782
[0.15019851]
783
[0.18175882]
784
[0.21590167]
785
[0.12172496]
786
[0.2540996]
787
[0.19999611]
788
[0.24870176]
789
[0.1824009]
790
[0.28633715]
791
[0.25873842]
792
[0.21971378]
793
[0.10406652]
794
[0.22923609]
795
[0.20307068]
796
[0.21036256]
797
[0.17178292]
798
[0.20535084]
799
[0.23383361]
800
[0.20618656]
801
[0.21894585]
802
[0.12675163]
803
[0.11129952]
804
[0.15783342]
805
[0.20759669]
806
[0.18859348]
807
[0.16766791]
808
[0.17456529]
809
[0.22252596]
810
[0.18285896]
811
[0.25379565]
812
[0.13636772]
813
[0.27113234]
814
[0.18364281]
815
[0.23041585]
816
[0.20572776]
817
[0.19551752]
818
[0.25522538]
819
[0.16420286]
820
[0.24390534]
821
[0.20740901]
822
[0.2802865]
823
[0.20590822]
824
[0.16261338]
825
[0.2956237]
826
[0.23401565]
827
[0.18560932]
828
[0.27701161]
829
[0.19977029]
830
[0.16348575]
831
[0.22592982]
832
[0.1839591]
833
[0.20123066]
834
[0.20156141]
835
[0.2602372]
836
[0.22797712]
837
[0.25039934]
838
[0.18945982]
839
[0.28539624]
840
[0.17585051]
841
[0.23673331]
842
[0.21475616]
843
[0.11744719]
844
[0.21512512]
845
[0.20908493]
846
[0.24095648]
847
[0.16109182]
848
[0.1241323]
849
[0.11290564]
850
[0.36264589]
851
[0.25597951]
852
[0.18061006]
853
[0.18949953]
854
[0.08432944]
855
[0.28810739]
856
[0.19063183]
857
[0.26617082]
858
[0.10701156]
859
[0.23401565]
860
[0.20266155]
861
[0.12116563]
862
[0.14454085]
863
[0.1900099]
864
[0.15413499]
865
[0.14755075]
866
[0.17986164]
867
[0.21812095]
868
[0.26555187]
869
[0.18714186]
870
[0.19690854]
871
[0.14144826]
872
[0.28242197]
873
[0.19812115]
874
[0.23221202]
875
[0.11751425]
876
[0.17992787]
877
[0.25317767]
878
[0.26495383]
879
[0.16259103]
880
[0.26337781]
881
[0.2112863]
882
[0.13535571]
883
[0.18704939]
884
[0.21725833]
885
[0.31503496]
886
[0.16206435]
887
[0.20038281]
888
[0.14663738]
889
[0.21259114]
890
[0.13847936]
891
[0.15810573]
892
[0.2228755]
893
[0.19736189]
894
[0.23111601]
895
[0.26331332]
896
[0.2114627]
897
[0.18140787]
898
[0.23821036]
899
[0.21555412]
900
[0.18019732]
901
[0.15486886]
902
[0.16900725]
903
[0.14017773]
904
[0.15086228]
905
[0.16247037]
906
[0.15875422]
907
[0.17295767]
908
[0.22475856]
909
[0.15338544]
910
[0.10965823]
911
[0.15757994]
912
[0.15654839]
913
[0.24736529]
914
[0.2619633]
915
[0.18341528]
916
[0.15895318]
917
[0.1715234]
918
[0.17489122]
919
[0.21710343]
920
[0.202274]
921
[0.16420674]
922
[0.24118364]
923
[0.19199716]
924
[0.15480529]
925
[0.16030601]
926
[0.16810965]
927
[0.28816184]
928
[0.21131235]
929
[0.18596469]
930
[0.22149474]
931
[0.16963542]
932
[0.19469808]
933
[0.20382298]
934
[0.21482133]
935
[0.22969658]
936
[0.11134961]
937
[0.25607672]
938
[0.19491656]
939
[0.19709759]
940
[0.1962236]
941
[0.1500471]
942
[0.17044672]
943
[0.23347248]
944
[0.16904985]
945
[0.1740668]
946
[0.27428898]
947
[0.14560381]
948
[0.19497153]
949
[0.08459322]
950
[0.26080575]
951
[0.11795048]
952
[0.13586853]
953
[0.33758758]
954
[0.21278624]
955
[0.16352589]
956
[0.179455]
957
[0.24517635]
958
[0.21591016]
959
[0.18186942]
960
[0.29960709]
961
[0.1955949]
962
[0.2959108]
963
[0.1770183]
964
[0.26536974]
965
[0.24638937]
966
[0.11850055]
967
[0.22570467]
968
[0.18949342]
969
[0.20963644]
970
[0.18616338]
971
[0.11575019]
972
[0.16930825]
973
[0.15182666]
974
[0.19432192]
975
[0.15169365]
976
[0.31991344]
977
[0.32644498]
978
[0.29779863]
979
[0.1799784]
980
[0.29679257]
981
[0.14869768]
982
[0.20930784]
983
[0.14600414]
984
[0.15915109]
985
[0.19795911]
986
[0.24008172]
987
[0.15467797]
988
[0.17947497]
989
[0.24343759]
990
[0.16392079]
991
[0.15736958]
992
[0.23692352]
993
[0.18433039]
994
[0.25844099]
995
[0.1918043]
996
[0.23241295]
997
[0.16436379]
998
[0.15755565]
999
[0.1895687]
[1] 5000   11
[1] 5000   11
