LOADING R
R LOADED
[1] "/home/lvanderl/Rlibs2"                         
[2] "/app/software/R/4.3.1-gfbf-2022b/lib/R/library"
[1] "/home/lvanderl/sieveSims"
[1] "rf 2 3"
[1] "histogram binning"
[1] 0.2975065
[1] 0.2975065
[1] "mondrian"
[1] "iso"
[1] 0.2975065
[1] "conditional"
[   10.            11.51395399    13.25711366    15.26417967
    17.57510625    20.23589648    23.29951811    26.82695795
    30.88843596    35.56480306    40.94915062    47.14866363
    54.28675439    62.50551925    71.9685673     82.86427729
    95.40954763   109.8541142    126.48552169   145.63484775
   167.68329368   193.06977289   222.29964825   255.95479227
   294.70517026   339.32217719   390.69399371   449.8432669
   517.94746792   596.36233166   686.648845     790.60432109
   910.29817799  1048.11313415  1206.79264064  1389.49549437
  1599.85871961  1842.06996933  2120.95088792  2442.05309455
  2811.76869797  3237.45754282  3727.59372031  4291.93426013
  4941.71336132  5689.86602902  6551.2855686   7543.12006335
  8685.11373751 10000.        ]
[ 0.33636721  0.33347938  0.32799721  0.33909118  0.33656186  0.34193048
  0.34006098  0.34585726  0.3559884   0.37038263  0.36779306  0.38739878
  0.38646221  0.3778873   0.39495764  0.37508131  0.40426412  0.35889257
  0.43945054  0.42115807  0.38749192  0.46946799  0.53570226  0.52533144
  0.55484343  0.57637517  0.58049879  0.7305552   0.55478245  0.7756035
  1.06737844  0.8858676   1.08174806  1.07534077  1.36851917  1.85737039
  2.27654739  2.2109616   3.01265896  3.54519015  3.38037686  3.20390588
  4.29603611  5.83640478  5.37975972  6.56222362  6.08349153  8.64216117
  8.71354092 10.52167523]
13.257113655901088
0.07543120063354619
0
[0.25145566]
1
[0.07515471]
2
[0.23410831]
3
[0.248071]
4
[0.20315738]
5
[0.36092715]
6
[0.25329459]
7
[0.23528353]
8
[0.24944364]
9
[0.23378079]
10
[0.20862139]
11
[0.16040249]
12
[0.29561346]
13
[0.25493706]
14
[0.35082694]
15
[0.11115315]
16
[0.22341807]
17
[0.32081522]
18
[0.25475992]
19
[0.19630454]
20
[0.25175724]
21
[0.22662636]
22
[0.28207556]
23
[0.16002431]
24
[0.12294127]
25
[0.43272398]
26
[0.24654051]
27
[0.26527262]
28
[0.25204057]
29
[0.16390238]
30
[0.25217336]
31
[0.26681044]
32
[0.10922305]
33
[0.17626042]
34
[0.22702367]
35
[0.24053778]
36
[0.34479844]
37
[0.2867093]
38
[0.23157113]
39
[0.20880932]
40
[0.2607867]
41
[0.24236892]
42
[0.2663255]
43
[0.25107967]
44
[0.18344828]
45
[0.20318879]
46
[0.30996333]
47
[0.15678861]
48
[0.25377883]
49
[0.23642251]
50
[0.18616429]
51
[0.21493594]
52
[0.24557602]
53
[0.25187888]
54
[0.17971433]
55
[0.24498715]
56
[0.27879737]
57
[0.26130565]
58
[0.27642333]
59
[0.11848277]
60
[0.24045712]
61
[0.23111715]
62
[0.24432417]
63
[0.24756708]
64
[0.21821242]
65
[0.40014908]
66
[0.24944167]
67
[0.17144128]
68
[0.03375055]
69
[0.2406323]
70
[0.18824875]
71
[0.12216046]
72
[0.11460117]
73
[0.20034272]
74
[0.22014331]
75
[0.10612563]
76
[0.19336766]
77
[0.26165713]
78
[0.22186009]
79
[0.24106149]
80
[0.15133948]
81
[0.2706362]
82
[0.19921635]
83
[0.24505429]
84
[0.15554012]
85
[0.23145518]
86
[0.27200695]
87
[0.16477056]
88
[0.23753124]
89
[0.34568068]
90
[0.25816164]
91
[0.26059469]
92
[0.25622309]
93
[0.18892389]
94
[0.02735103]
95
[0.12625062]
96
[0.11270086]
97
[0.2024458]
98
[0.24978557]
99
[0.24904948]
100
[0.2420736]
101
[0.16604135]
102
[0.25506465]
103
[0.23144659]
104
[0.25746279]
105
[0.24141777]
106
[0.34399901]
107
[0.28476115]
108
[0.23330058]
109
[0.19150471]
110
[0.23893738]
111
[0.18580234]
112
[0.15383797]
113
[0.13693205]
114
[0.42048001]
115
[0.16211256]
116
[0.24244984]
117
[0.10364797]
118
[0.12448274]
119
[0.24781321]
120
[0.35293673]
121
[0.14013397]
122
[0.24686423]
123
[0.17239603]
124
[0.24977355]
125
[0.20310357]
126
[0.15117158]
127
[0.27023936]
128
[0.20587909]
129
[0.12093512]
130
[0.28879834]
131
[0.12793275]
132
[0.23599063]
133
[0.23837651]
134
[0.28199599]
135
[0.24648273]
136
[0.23774186]
137
[0.12473878]
138
[0.38919327]
139
[0.06178717]
140
[0.24927072]
141
[0.24272359]
142
[0.3971872]
143
[0.23709318]
144
[0.25822435]
145
[0.22003798]
146
[0.25398594]
147
[0.24618627]
148
[0.15445521]
149
[0.32046136]
150
[0.24737622]
151
[0.19326082]
152
[0.03251654]
153
[0.27873071]
154
[0.10909293]
155
[0.2614195]
156
[0.1873422]
157
[0.16536472]
158
[0.24866829]
159
[0.204633]
160
[0.24934224]
161
[0.16658625]
162
[0.24454557]
163
[0.24422548]
164
[0.16244652]
165
[0.24424477]
166
[0.09486883]
167
[0.2102126]
168
[0.25351322]
169
[0.24911012]
170
[0.23274885]
171
[0.27116573]
172
[0.29124214]
173
[0.25588237]
174
[0.19559672]
175
[0.32895158]
176
[0.30156529]
177
[0.44189827]
178
[0.35207161]
179
[0.19893584]
180
[0.28370899]
181
[0.12931236]
182
[0.22366099]
183
[0.14565119]
184
[0.2515722]
185
[0.21993256]
186
[0.35627483]
187
[0.24910919]
188
[0.20251279]
189
[0.19498092]
190
[0.28922506]
191
[0.30581377]
192
[0.29878074]
193
[0.28521265]
194
[0.08963213]
195
[0.28669898]
196
[0.24278562]
197
[0.36301304]
198
[0.21378528]
199
[0.27440005]
200
[0.16321669]
201
[0.33888821]
202
[0.24626816]
203
[0.25451093]
204
[0.14184905]
205
[0.24955803]
206
[0.2610545]
207
[0.22891809]
208
[0.27494798]
209
[0.22196897]
210
[0.28456186]
211
[0.21294834]
212
[0.13894673]
213
[0.24695848]
214
[0.15007305]
215
[0.23210678]
216
[0.41395579]
217
[0.26164381]
218
[0.23708322]
219
[0.38212505]
220
[0.24231342]
221
[0.25117763]
222
[0.269149]
223
[0.30319846]
224
[0.22796342]
225
[0.12411772]
226
[0.17207624]
227
[0.15866591]
228
[0.16243812]
229
[0.26788643]
230
[0.21009424]
231
[0.25227014]
232
[0.26537604]
233
[0.32469038]
234
[0.25297584]
235
[0.2440338]
236
[0.39179266]
237
[0.24019059]
238
[0.12866555]
239
[0.11672859]
240
[0.22885704]
241
[0.15653826]
242
[0.20333048]
243
[0.2338589]
244
[0.26144303]
245
[0.17931621]
246
[0.08940333]
247
[0.26091561]
248
[0.24068044]
249
[0.2578072]
250
[0.28406281]
251
[0.3585214]
252
[0.23774842]
253
[0.21651074]
254
[0.24685385]
255
[0.19132975]
256
[0.31594756]
257
[0.18864539]
258
[0.33984286]
259
[0.25293865]
260
[0.26445422]
261
[0.26467515]
262
[0.20247089]
263
[0.18436646]
264
[0.22818089]
265
[0.2472631]
266
[0.075319]
267
[0.26020932]
268
[0.16924758]
269
[0.3308587]
270
[0.23375069]
271
[0.24435376]
272
[0.23837824]
273
[0.31952209]
274
[0.23593224]
275
[0.17388225]
276
[0.23056173]
277
[0.24994519]
278
[0.22917539]
279
[0.05876343]
280
[0.28513212]
281
[0.23164893]
282
[0.25802138]
283
[0.24234216]
284
[0.23582382]
285
[0.10752866]
286
[0.16548391]
287
[0.28625948]
288
[0.23666985]
289
[0.24174061]
290
[0.12927488]
291
[0.17529445]
292
[0.24869411]
293
[0.25271114]
294
[0.23938734]
295
[0.23194623]
296
[0.23007413]
297
[0.16928255]
298
[0.17206577]
299
[0.22569785]
300
[0.21451935]
301
[0.24675057]
302
[0.0966389]
303
[0.22997547]
304
[0.19044503]
305
[0.16354948]
306
[0.21158171]
307
[0.23374436]
308
[0.22127603]
309
[0.33655334]
310
[0.43141933]
311
[0.29273674]
312
[0.17291003]
313
[0.14654666]
314
[0.17673276]
315
[0.22572307]
316
[0.24687756]
317
[0.28488644]
318
[0.24733523]
319
[0.13232838]
320
[0.24311096]
321
[0.19383157]
322
[0.21566927]
323
[0.25200611]
324
[0.19561703]
325
[0.13054304]
326
[0.11199421]
327
[0.22620555]
328
[0.25848832]
329
[0.23803002]
330
[0.36703043]
331
[0.28171813]
332
[0.26750834]
333
[0.17503185]
334
[0.23122844]
335
[0.23383567]
336
[0.17217183]
337
[0.2251592]
338
[0.02441793]
339
[0.30588612]
340
[0.24946856]
341
[0.25183665]
342
[0.22679933]
343
[0.24970787]
344
[0.31559896]
345
[0.24740864]
346
[0.25014163]
347
[0.19083471]
348
[0.18563308]
349
[0.15533399]
350
[0.27430727]
351
[0.24971748]
352
[0.23837]
353
[0.17449053]
354
[0.2637735]
355
[0.25658445]
356
[0.12333629]
357
[0.25398821]
358
[0.04900037]
359
[0.20217761]
360
[0.23919905]
361
[0.23240169]
362
[0.2894722]
363
[0.20265455]
364
[0.32551146]
365
[0.22698956]
366
[0.19753863]
367
[0.06461011]
368
[0.30643075]
369
[0.24511459]
370
[0.04293117]
371
[0.24218021]
372
[0.25994856]
373
[0.13116995]
374
[0.21167012]
375
[0.20970502]
376
[0.47533243]
377
[0.23450913]
378
[0.2675003]
379
[0.11802978]
380
[0.12423023]
381
[0.31364133]
382
[0.22328885]
383
[0.29893636]
384
[0.11498913]
385
[0.23602315]
386
[0.19241592]
387
[0.02038963]
388
[0.2459874]
389
[0.24721955]
390
[0.19666514]
391
[0.10459337]
392
[0.26935183]
393
[0.28577179]
394
[0.25284575]
395
[0.1557283]
396
[0.19350927]
397
[0.24645145]
398
[0.20183988]
399
[0.22577591]
400
[0.22006792]
401
[0.15750879]
402
[0.23974702]
403
[0.1909844]
404
[0.24542442]
405
[0.24209081]
406
[0.22722272]
407
[0.199511]
408
[0.23621654]
409
[0.21147797]
410
[0.44243659]
411
[0.15801727]
412
[0.20852846]
413
[0.28897617]
414
[0.24864969]
415
[0.19627614]
416
[0.28040967]
417
[0.11796575]
418
[0.31112651]
419
[0.23051182]
420
[0.16176603]
421
[0.07894915]
422
[0.05693318]
423
[0.23606431]
424
[0.20541662]
425
[0.33539028]
426
[0.1556322]
427
[0.36932656]
428
[0.23438683]
429
[0.47159696]
430
[0.23949754]
431
[0.27285435]
432
[0.2704835]
433
[0.17729556]
434
[0.22658405]
435
[0.26640673]
436
[0.3079155]
437
[0.36157996]
438
[0.1785959]
439
[0.25075456]
440
[0.16462195]
441
[0.23761341]
442
[0.25580925]
443
[0.22069801]
444
[0.24419853]
445
[0.23931459]
446
[0.1399508]
447
[0.18031541]
448
[0.20447441]
449
[0.23804137]
450
[0.25558117]
451
[0.26889378]
452
[0.12284853]
453
[0.20181825]
454
[0.24962119]
455
[0.15839787]
456
[0.35541131]
457
[0.24056795]
458
[0.23370191]
459
[0.36134471]
460
[0.35207028]
461
[0.24556151]
462
[0.22924443]
463
[0.25771745]
464
[0.32070601]
465
[0.22362127]
466
[0.24871168]
467
[0.24175926]
468
[0.35267516]
469
[0.25952034]
470
[0.22950002]
471
[0.22494072]
472
[0.21162088]
473
[0.22223204]
474
[0.26601491]
475
[0.29364756]
476
[0.24646145]
477
[0.12168473]
478
[0.28389278]
479
[0.24040408]
480
[0.24840382]
481
[0.21337062]
482
[0.29648306]
483
[0.19365921]
484
[0.20615252]
485
[0.19586142]
486
[0.19368685]
487
[0.2354735]
488
[0.07062815]
489
[0.21642409]
490
[0.24731196]
491
[0.28088797]
492
[0.21305801]
493
[0.29135197]
494
[0.15415339]
495
[0.26063244]
496
[0.35697297]
497
[0.24759356]
498
[0.17665582]
499
[0.208801]
500
[0.35919179]
501
[0.22910075]
502
[0.26103993]
503
[0.08613784]
504
[0.26102545]
505
[0.27397026]
506
[0.27588481]
507
[0.25219985]
508
[0.1814123]
509
[0.25995395]
510
[0.1938565]
511
[0.1392645]
512
[0.31313079]
513
[0.09982677]
514
[0.19299316]
515
[0.32807234]
516
[0.17060293]
517
[0.28072435]
518
[0.24659805]
519
[0.24035386]
520
[0.20746312]
521
[0.20165753]
522
[0.34518428]
523
[0.17453867]
524
[0.05207876]
525
[0.23634075]
526
[0.21953505]
527
[0.44247166]
528
[0.23207515]
529
[0.18792443]
530
[0.19109947]
531
[0.26872156]
532
[0.20182152]
533
[0.15500501]
534
[0.1704319]
535
[0.27902961]
536
[0.25909591]
537
[0.38565344]
538
[0.34447445]
539
[0.15620211]
540
[0.21015099]
541
[0.13201785]
542
[0.22563109]
543
[0.3006601]
544
[0.2492983]
545
[0.31523216]
546
[0.23504025]
547
[0.23487874]
548
[0.23791794]
549
[0.29314698]
550
[0.15902984]
551
[0.07488574]
552
[0.19304887]
553
[0.34964611]
554
[0.23973686]
555
[0.08978711]
556
[0.24075834]
557
[0.23041337]
558
[0.23620966]
559
[0.24870576]
560
[0.27137121]
561
[0.23766785]
562
[0.22122929]
563
[0.16974471]
564
[0.12204986]
565
[0.2477177]
566
[0.28169794]
567
[0.36934651]
568
[0.24424998]
569
[0.33474441]
570
[0.25683378]
571
[0.25395993]
572
[0.23639177]
573
[0.22886551]
574
[0.24519584]
575
[0.23174866]
576
[0.16487088]
577
[0.33667277]
578
[0.13375203]
579
[0.34105129]
580
[0.32440249]
581
[0.24472622]
582
[0.16458472]
583
[0.21595526]
584
[0.23537357]
585
[0.11161331]
586
[0.40005579]
587
[0.1406072]
588
[0.22018989]
589
[0.44916902]
590
[0.27798268]
591
[0.23419978]
592
[0.19817652]
593
[0.24866144]
594
[0.30091801]
595
[0.4407716]
596
[0.06858738]
597
[0.21864593]
598
[0.23701359]
599
[0.21083015]
600
[0.13864108]
601
[0.20552781]
602
[0.2186047]
603
[0.31952966]
604
[0.213086]
605
[0.24649601]
606
[0.20588993]
607
[0.24649697]
608
[0.07749657]
609
[0.08299039]
610
[0.25070052]
611
[0.26042481]
612
[0.32178993]
613
[0.26128595]
614
[0.23893478]
615
[0.23567785]
616
[0.25044189]
617
[0.2462709]
618
[0.47530078]
619
[0.20040198]
620
[0.25741715]
621
[0.2480483]
622
[0.22475166]
623
[0.31184152]
624
[0.20026077]
625
[0.2259436]
626
[0.31658073]
627
[0.22577683]
628
[0.2028727]
629
[0.26526053]
630
[0.24064497]
631
[0.23034711]
632
[0.22368306]
633
[0.17424579]
634
[0.15343001]
635
[0.2087526]
636
[0.13564728]
637
[0.26911029]
638
[0.20571957]
639
[0.25348225]
640
[0.20479191]
641
[0.13632179]
642
[0.10116683]
643
[0.42048976]
644
[0.19646986]
645
[0.24913631]
646
[0.27791511]
647
[0.09052567]
648
[0.20318134]
649
[0.24107768]
650
[0.18256604]
651
[0.26191584]
652
[0.36760146]
653
[0.1986339]
654
[0.24593964]
655
[0.27127978]
656
[0.25805727]
657
[0.09257818]
658
[0.17616284]
659
[0.22441774]
660
[0.24902357]
661
[0.29320786]
662
[0.11048874]
663
[0.21305726]
664
[0.210336]
665
[0.22983805]
666
[0.20344734]
667
[0.21687101]
668
[0.20320528]
669
[0.20396861]
670
[0.24233979]
671
[0.25788879]
672
[0.20957952]
673
[0.14931607]
674
[0.22701339]
675
[0.23191957]
676
[0.26596634]
677
[0.21171527]
678
[0.18449201]
679
[0.23735417]
680
[0.15173496]
681
[0.19634434]
682
[0.27438894]
683
[0.22501376]
684
[0.24919587]
685
[0.26855905]
686
[0.19622359]
687
[0.12995687]
688
[0.21085814]
689
[0.20936489]
690
[0.4213883]
691
[0.24903507]
692
[0.43470588]
693
[0.04915251]
694
[0.10399124]
695
[0.26794672]
696
[0.24032155]
697
[0.25947689]
698
[0.24816071]
699
[0.30701534]
700
[0.11681526]
701
[0.24582887]
702
[0.14021642]
703
[0.2252912]
704
[0.35310027]
705
[0.26740349]
706
[0.27682254]
707
[0.24826876]
708
[0.24992309]
709
[0.28152972]
710
[0.24572417]
711
[0.24498708]
712
[0.13165794]
713
[0.27371433]
714
[0.23178098]
715
[0.23768303]
716
[0.27435326]
717
[0.26332468]
718
[0.26411742]
719
[0.26868194]
720
[0.24235264]
721
[0.23836315]
722
[0.15364911]
723
[0.25528502]
724
[0.16540639]
725
[0.21352685]
726
[0.19666692]
727
[0.23433037]
728
[0.25003532]
729
[0.20826843]
730
[0.25852743]
731
[0.11273784]
732
[0.05788649]
733
[0.29722298]
734
[0.23916205]
735
[0.17634212]
736
[0.25500213]
737
[0.09117957]
738
[0.25143082]
739
[0.18823576]
740
[0.24936797]
741
[0.24779302]
742
[0.23058317]
743
[0.24423619]
744
[0.1952776]
745
[0.01618512]
746
[0.16724737]
747
[0.13886663]
748
[0.21791367]
749
[0.13859006]
750
[0.193433]
751
[0.22453853]
752
[0.24417087]
753
[0.2584939]
754
[0.19896514]
755
[0.26924683]
756
[0.20791185]
757
[0.22089103]
758
[0.12424184]
759
[0.21193161]
760
[0.22466785]
761
[0.1287813]
762
[0.22748372]
763
[0.1856]
764
[0.25265726]
765
[0.32456295]
766
[0.07707739]
767
[0.37414047]
768
[0.26172612]
769
[0.30694809]
770
[0.40959251]
771
[0.2377283]
772
[0.24788463]
773
[0.24058162]
774
[0.18524753]
775
[0.28661561]
776
[0.24905602]
777
[0.46754166]
778
[0.30904387]
779
[0.14011489]
780
[0.14445966]
781
[0.22727661]
782
[0.31494993]
783
[0.23963285]
784
[0.25488547]
785
[0.18161727]
786
[0.3231541]
787
[0.3319878]
788
[0.25789285]
789
[0.14896504]
790
[0.1279653]
791
[0.35116235]
792
[0.2247167]
793
[0.26125531]
794
[0.26476169]
795
[0.09462252]
796
[0.17747867]
797
[0.18011782]
798
[0.22309225]
799
[0.02286729]
800
[0.17057852]
801
[0.23712261]
802
[0.25032844]
803
[0.36989456]
804
[0.12178345]
805
[0.24498081]
806
[0.17185322]
807
[0.23732796]
808
[0.25049536]
809
[0.26290848]
810
[0.24735857]
811
[0.18877563]
812
[0.28779514]
813
[0.2314664]
814
[0.24600215]
815
[0.19702652]
816
[0.25663345]
817
[0.23535152]
818
[0.17746674]
819
[0.1823484]
820
[0.13311377]
821
[0.25341719]
822
[0.23669173]
823
[0.35777171]
824
[0.26428044]
825
[0.12401519]
826
[0.2340024]
827
[0.2457321]
828
[0.27537372]
829
[0.2529941]
830
[0.17931211]
831
[0.24913917]
832
[0.23903645]
833
[0.20928762]
834
[0.19564498]
835
[0.24581194]
836
[0.21985248]
837
[0.26092654]
838
[0.20294556]
839
[0.22227914]
840
[0.221693]
841
[0.30548105]
842
[0.19443925]
843
[0.23389497]
844
[0.30248903]
845
[0.25121758]
846
[0.12570506]
847
[0.24996824]
848
[0.1677501]
849
[0.34112414]
850
[0.35968295]
851
[0.28379176]
852
[0.25749872]
853
[0.24495474]
854
[0.23565022]
855
[0.18421379]
856
[0.16688506]
857
[0.10141229]
858
[0.19179896]
859
[0.26146346]
860
[0.20196618]
861
[0.19994984]
862
[0.18873837]
863
[0.32029643]
864
[0.21627377]
865
[0.18293082]
866
[0.23196336]
867
[0.22964124]
868
[0.21479368]
869
[0.24895751]
870
[0.21013475]
871
[0.35069652]
872
[0.11089834]
873
[0.30450624]
874
[0.23870781]
875
[0.08843683]
876
[0.11618928]
877
[0.13375564]
878
[0.15634057]
879
[0.26159313]
880
[0.22013986]
881
[0.14778313]
882
[0.17262028]
883
[0.10150001]
884
[0.04291111]
885
[0.37537332]
886
[0.25101201]
887
[0.27714373]
888
[0.2671524]
889
[0.25330691]
890
[0.24188125]
891
[0.24610062]
892
[0.27602512]
893
[0.26160775]
894
[0.13993983]
895
[0.07821706]
896
[0.24141364]
897
[0.21095933]
898
[0.05376167]
899
[0.23883995]
900
[0.24643224]
901
[0.1552999]
902
[0.24639664]
903
[0.18201187]
904
[0.23765757]
905
[0.22905075]
906
[0.23358278]
907
[0.25493763]
908
[0.29926489]
909
[0.2703695]
910
[0.39081891]
911
[0.2083398]
912
[0.09795922]
913
[0.28748519]
914
[0.29007621]
915
[0.1654658]
916
[0.24872919]
917
[0.25778108]
918
[0.14223509]
919
[0.22490917]
920
[0.31850388]
921
[0.11294577]
922
[0.28746934]
923
[0.14106339]
924
[0.21480684]
925
[0.24945538]
926
[0.1439788]
927
[0.11116583]
928
[0.23179183]
929
[0.240771]
930
[0.12869396]
931
[0.1839939]
932
[0.24682488]
933
[0.42040315]
934
[0.19434615]
935
[0.12963654]
936
[0.24262433]
937
[0.25956411]
938
[0.18442374]
939
[0.35680633]
940
[0.18404288]
941
[0.29065767]
942
[0.13144965]
943
[0.21620605]
944
[0.23668055]
945
[0.18565051]
946
[0.23970496]
947
[0.10530794]
948
[0.13742242]
949
[0.27502355]
950
[0.24217474]
951
[0.25510085]
952
[0.16938719]
953
[0.14765738]
954
[0.17770327]
955
[0.24755074]
956
[0.12263901]
957
[0.19537996]
958
[0.24158653]
959
[0.11214279]
960
[0.35314084]
961
[0.23613624]
962
[0.26360531]
963
[0.19277715]
964
[0.1751132]
965
[0.22794117]
966
[0.22923283]
967
[0.24891787]
968
[0.17878906]
969
[0.26184481]
970
[0.24012201]
971
[0.2935732]
972
[0.25770586]
973
[0.41174898]
974
[0.24722126]
975
[0.22247457]
976
[0.17564425]
977
[0.23929216]
978
[0.20072427]
979
[0.31266178]
980
[0.25727121]
981
[0.26669962]
982
[0.19633018]
983
[0.24940497]
984
[0.11096497]
985
[0.19591696]
986
[0.22382287]
987
[0.12431098]
988
[0.21898788]
989
[0.18264568]
990
[0.27292992]
991
[0.22774486]
992
[0.231618]
993
[0.17773289]
994
[0.12092476]
995
[0.34690228]
996
[0.25712338]
997
[0.23913543]
998
[0.13572094]
999
[0.2843369]
1000
[0.20099055]
1001
[0.10730985]
1002
[0.19529072]
1003
[0.20002047]
1004
[0.27288797]
1005
[0.34720206]
1006
[0.27318435]
1007
[0.23960378]
1008
[0.24747602]
1009
[0.21389231]
1010
[0.18927631]
1011
[0.24243093]
1012
[0.23490971]
1013
[0.24075077]
1014
[0.23147175]
1015
[0.35494062]
1016
[0.40636992]
1017
[0.24225252]
1018
[0.25196115]
1019
[0.23901285]
1020
[0.30135169]
1021
[0.24685255]
1022
[0.24984954]
1023
[0.19825152]
1024
[0.32705934]
1025
[0.24896045]
1026
[0.23169629]
1027
[0.23621169]
1028
[0.13401281]
1029
[0.22578258]
1030
[0.35486723]
1031
[0.26456229]
1032
[0.2386609]
1033
[0.24648397]
1034
[0.20445298]
1035
[0.1486924]
1036
[0.28798324]
1037
[0.05473309]
1038
[0.2123651]
1039
[0.24725323]
1040
[0.11446944]
1041
[0.1231568]
1042
[0.192303]
1043
[0.24029049]
1044
[0.23430931]
1045
[0.14655579]
1046
[0.3123806]
1047
[0.20486396]
1048
[0.25188706]
1049
[0.1672421]
1050
[0.2104392]
1051
[0.24137547]
1052
[0.28221119]
1053
[0.13461465]
1054
[0.24572717]
1055
[0.11394047]
1056
[0.16325672]
1057
[0.22113253]
1058
[0.18946757]
1059
[0.249402]
1060
[0.20339921]
1061
[0.32387917]
1062
[0.10714768]
1063
[0.33993352]
1064
[0.24470786]
1065
[0.25516145]
1066
[0.23733623]
1067
[0.1358517]
1068
[0.27183958]
1069
[0.32586376]
1070
[0.27264352]
1071
[0.27485615]
1072
[0.20760087]
1073
[0.20563369]
1074
[0.23276189]
1075
[0.12404065]
1076
[0.24465988]
1077
[0.12006395]
1078
[0.23888071]
1079
[0.17466009]
1080
[0.26009929]
1081
[0.13076081]
1082
[0.27409033]
1083
[0.19406231]
1084
[0.22405805]
1085
[0.23718037]
1086
[0.22567561]
1087
[0.11250908]
1088
[0.09726198]
1089
[0.20955661]
1090
[0.18190756]
1091
[0.2503678]
1092
[0.38665295]
1093
[0.25093458]
1094
[0.22158881]
1095
[0.39327751]
1096
[0.27954825]
1097
[0.24868887]
1098
[0.22093095]
1099
[0.26224914]
1100
[0.21005706]
1101
[0.26264611]
1102
[0.1273531]
1103
[0.20635403]
1104
[0.19678406]
1105
[0.22541813]
1106
[0.18666489]
1107
[0.15073009]
1108
[0.09548685]
1109
[0.25812789]
1110
[0.21813074]
1111
[0.22937776]
1112
[0.12666077]
1113
[0.11801531]
1114
[0.23658896]
1115
[0.29348965]
1116
[0.14258321]
1117
[0.13947172]
1118
[0.31034224]
1119
[0.19623886]
1120
[0.17882898]
1121
[0.21121482]
1122
[0.28025481]
1123
[0.24742296]
1124
[0.24338748]
1125
[0.30546812]
1126
[0.27942278]
1127
[0.25023982]
1128
[0.23321852]
1129
[0.19153368]
1130
[0.29656947]
1131
[0.25090615]
1132
[0.38472052]
1133
[0.12996328]
1134
[0.14930927]
1135
[0.23808841]
1136
[0.23881268]
1137
[0.23865869]
1138
[0.28286372]
1139
[0.23873579]
1140
[0.22312573]
1141
[0.14468114]
1142
[0.3307884]
1143
[0.15467537]
1144
[0.31226268]
1145
[0.16509633]
1146
[0.41689454]
1147
[0.29860502]
1148
[0.28877798]
1149
[0.16138918]
1150
[0.20609426]
1151
[0.42716391]
1152
[0.33539606]
1153
[0.18034088]
1154
[0.27046374]
1155
[0.44455066]
1156
[0.17879471]
1157
[0.22336693]
1158
[0.24747407]
1159
[0.19863273]
1160
[0.2621196]
1161
[0.24493879]
1162
[0.24882412]
1163
[0.16211886]
1164
[0.31807766]
1165
[0.30907297]
1166
[0.25426704]
1167
[0.22344794]
1168
[0.14269988]
1169
[0.23911637]
1170
[0.38716912]
1171
[0.19297912]
1172
[0.2349225]
1173
[0.27027356]
1174
[0.30335864]
1175
[0.25063267]
1176
[0.24326591]
1177
[0.24458463]
1178
[0.25822941]
1179
[0.23786442]
1180
[0.20371774]
1181
[0.2140187]
1182
[0.35641243]
1183
[0.24612625]
1184
[0.17743816]
1185
[0.08612243]
1186
[0.37508567]
1187
[0.20725171]
1188
[0.19687619]
1189
[0.22049752]
1190
[0.19804126]
1191
[0.2512317]
1192
[0.17137289]
1193
[0.2609511]
1194
[0.32279415]
1195
[0.18732752]
1196
[0.3076922]
1197
[0.25037121]
1198
[0.21953059]
1199
[0.2479278]
1200
[0.18988063]
1201
[0.31328667]
1202
[0.24211108]
1203
[0.29463426]
1204
[0.2364227]
1205
[0.22285357]
1206
[0.23515826]
1207
[0.23439125]
1208
[0.29330536]
1209
[0.18695128]
1210
[0.21875102]
1211
[0.24172914]
1212
[0.2038124]
1213
[0.30284388]
1214
[0.17515948]
1215
[0.08681656]
1216
[0.20914033]
1217
[0.36169764]
1218
[0.035331]
1219
[0.22616732]
1220
[0.24903941]
1221
[0.23820951]
1222
[0.24036899]
1223
[0.22966955]
1224
[0.13358363]
1225
[0.26113417]
1226
[0.12816628]
1227
[0.37782214]
1228
[0.2435926]
1229
[0.26157777]
1230
[0.23734381]
1231
[0.22445398]
1232
[0.14937435]
1233
[0.23466178]
1234
[0.25408355]
1235
[0.15369173]
1236
[0.24035632]
1237
[0.22411219]
1238
[0.2552394]
1239
[0.26691718]
1240
[0.18207748]
1241
[0.42851524]
1242
[0.45018802]
1243
[0.27037277]
1244
[0.27604123]
1245
[0.17217777]
1246
[0.24152729]
1247
[0.23555855]
1248
[0.2441892]
1249
[0.21708309]
1250
[0.39704422]
1251
[0.18496569]
1252
[0.24748606]
1253
[0.22942902]
1254
[0.38372904]
1255
[0.31499237]
1256
[0.2201576]
1257
[0.25316847]
1258
[0.27684602]
1259
[0.14288315]
1260
[0.44722881]
1261
[0.18057088]
1262
[0.1943648]
1263
[0.04296982]
1264
[0.19619998]
1265
[0.24756113]
1266
[0.24649005]
1267
[0.21985421]
1268
[0.33423852]
1269
[0.21402724]
1270
[0.24277532]
1271
[0.25795592]
1272
[0.27299384]
1273
[0.23210326]
1274
[0.33970275]
1275
[0.21892171]
1276
[0.391197]
1277
[0.13657199]
1278
[0.44621256]
1279
[0.43269846]
1280
[0.41598103]
1281
[0.2963916]
1282
[0.26341975]
1283
[0.1888362]
1284
[0.27915285]
1285
[0.21130247]
1286
[0.21838236]
1287
[0.12488593]
1288
[0.37409402]
1289
[0.21677681]
1290
[0.23898657]
1291
[0.19442917]
1292
[0.06462662]
1293
[0.25867557]
1294
[0.21324542]
1295
[0.23787523]
1296
[0.27137899]
1297
[0.28937826]
1298
[0.21789593]
1299
[0.24888905]
1300
[0.1514656]
1301
[0.21580383]
1302
[0.24812008]
1303
[0.24949336]
1304
[0.20271814]
1305
[0.29044116]
1306
[0.25727582]
1307
[0.22242058]
1308
[0.1589949]
1309
[0.26520781]
1310
[0.25575029]
1311
[0.23598865]
1312
[0.20941937]
1313
[0.29259905]
1314
[0.14918124]
1315
[0.16757983]
1316
[0.41450556]
1317
[0.11849137]
1318
[0.30188855]
1319
[0.21217894]
1320
[0.23844813]
1321
[0.21806434]
1322
[0.24483505]
1323
[0.21551204]
1324
[0.23947943]
1325
[0.26026921]
1326
[0.27594895]
1327
[0.25536283]
1328
[0.13717795]
1329
[0.26067581]
1330
[0.2374867]
1331
[0.16291131]
1332
[0.14817672]
1333
[0.15398199]
1334
[0.22503794]
1335
[0.24051163]
1336
[0.28590851]
1337
[0.25804033]
1338
[0.14409804]
1339
[0.07771483]
1340
[0.21855757]
1341
[0.15024628]
1342
[0.12987756]
1343
[0.1956966]
1344
[0.25497196]
1345
[0.13841259]
1346
[0.17633252]
1347
[0.29343871]
1348
[0.29191322]
1349
[0.26054888]
1350
[0.22963703]
1351
[0.23792623]
1352
[0.24659499]
1353
[0.26940758]
1354
[0.14656142]
1355
[0.36102784]
1356
[0.2795494]
1357
[0.14722946]
1358
[0.37531787]
1359
[0.24233114]
1360
[0.13925228]
1361
[0.24371618]
1362
[0.31084293]
1363
[0.21281466]
1364
[0.127249]
1365
[0.19137665]
1366
[0.24376692]
1367
[0.31490555]
1368
[0.23998893]
1369
[0.35010496]
1370
[0.19950569]
1371
[0.23377139]
1372
[0.22691189]
1373
[0.23952922]
1374
[0.2603918]
1375
[0.25345182]
1376
[0.35062896]
1377
[0.22994027]
1378
[0.26553908]
1379
[0.24891926]
1380
[0.24426679]
1381
[0.18311952]
1382
[0.24354181]
1383
[0.25171314]
1384
[0.25698479]
1385
[0.15826838]
1386
[0.24638654]
1387
[0.24583137]
1388
[0.18287293]
1389
[0.24818188]
1390
[0.24919085]
1391
[0.22757999]
1392
[0.27790515]
1393
[0.27731732]
1394
[0.24661956]
1395
[0.25285646]
1396
[0.24501453]
1397
[0.24597207]
1398
[0.17478758]
1399
[0.25908068]
1400
[0.18822215]
1401
[0.35521797]
1402
[0.2595368]
1403
[0.18436076]
1404
[0.26032743]
1405
[0.21844906]
1406
[0.21375925]
1407
[0.29454347]
1408
[0.19980007]
1409
[0.27859778]
1410
[0.26092176]
1411
[0.24223312]
1412
[0.20246911]
1413
[0.19935845]
1414
[0.19004707]
1415
[0.221673]
1416
[0.28589923]
1417
[0.23541839]
1418
[0.23690172]
1419
[0.15675594]
1420
[0.10641897]
1421
[0.2272271]
1422
[0.23796698]
1423
[0.31651955]
1424
[0.25761256]
1425
[0.24385134]
1426
[0.28369634]
1427
[0.24722088]
1428
[0.26706443]
1429
[0.22871416]
1430
[0.08012171]
1431
[0.22066089]
1432
[0.23934395]
1433
[0.23805623]
1434
[0.24646023]
1435
[0.26156944]
1436
[0.30649475]
1437
[0.25133001]
1438
[0.2900284]
1439
[0.27394915]
1440
[0.15433541]
1441
[0.30415687]
1442
[0.15404135]
1443
[0.18121586]
1444
[0.34298224]
1445
[0.21582192]
1446
[0.24859229]
1447
[0.08583107]
1448
[0.25811649]
1449
[0.17939459]
1450
[0.23523468]
1451
[0.26855479]
1452
[0.18321139]
1453
[0.21683588]
1454
[0.21076236]
1455
[0.24061418]
1456
[0.4442176]
1457
[0.20934672]
1458
[0.3521519]
1459
[0.25116087]
1460
[0.25309699]
1461
[0.27398677]
1462
[0.32647819]
1463
[0.22811102]
1464
[0.25234342]
1465
[0.32586973]
1466
[0.11277842]
1467
[0.24775293]
1468
[0.2255636]
1469
[0.32187697]
1470
[0.14563132]
1471
[0.18217448]
1472
[0.25586104]
1473
[0.29098695]
1474
[0.22307717]
1475
[0.25153595]
1476
[0.23071306]
1477
[0.26942508]
1478
[0.28216517]
1479
[0.31399814]
1480
[0.16024315]
1481
[0.05730949]
1482
[0.38806147]
1483
[0.09714514]
1484
[0.25586992]
1485
[0.24266473]
1486
[0.26327006]
1487
[0.20825303]
1488
[0.21372561]
1489
[0.31657282]
1490
[0.37430443]
1491
[0.22696396]
1492
[0.38978779]
1493
[0.20806695]
1494
[0.25800916]
1495
[0.25490863]
1496
[0.17695104]
1497
[0.24201433]
1498
[0.2497062]
1499
[0.15022835]
1500
[0.2688362]
1501
[0.22000613]
1502
[0.24010498]
1503
[0.26921142]
1504
[0.15930924]
1505
[0.20737751]
1506
[0.30955719]
1507
[0.16227734]
1508
[0.0837134]
1509
[0.23423281]
1510
[0.24906564]
1511
[0.22325629]
1512
[0.2496455]
1513
[0.24000281]
1514
[0.28539801]
1515
[0.24923792]
1516
[0.25363813]
1517
[0.2497472]
1518
[0.19869065]
1519
[0.27733303]
1520
[0.23817433]
1521
[0.25281177]
1522
[0.23236244]
1523
[0.23166618]
1524
[0.2354469]
1525
[0.20953697]
1526
[0.24887839]
1527
[0.18811532]
1528
[0.14215029]
1529
[0.26387358]
1530
[0.25500482]
1531
[0.27907646]
1532
[0.25415307]
1533
[0.12179153]
1534
[0.4413877]
1535
[0.18885304]
1536
[0.24251307]
1537
[0.32026476]
1538
[0.27421027]
1539
[0.18199918]
1540
[0.17086214]
1541
[0.16405149]
1542
[0.29674136]
1543
[0.24838242]
1544
[0.26855339]
1545
[0.13010227]
1546
[0.24237057]
1547
[0.2467977]
1548
[0.24734499]
1549
[0.39145801]
1550
[0.22830966]
1551
[0.22291293]
1552
[0.23674245]
1553
[0.38610865]
1554
[0.22545246]
1555
[0.29991703]
1556
[0.36815271]
1557
[0.27608828]
1558
[0.22715723]
1559
[0.4957412]
1560
[0.2492815]
1561
[0.12685764]
1562
[0.24656025]
1563
[0.44387707]
1564
[0.37899023]
1565
[0.19803442]
1566
[0.36116902]
1567
[0.20207125]
1568
[0.20974314]
1569
[0.27388107]
1570
[0.25822361]
1571
[0.24369625]
1572
[0.2383574]
1573
[0.24407819]
1574
[0.25007037]
1575
[0.23011089]
1576
[0.10790511]
1577
[0.23828954]
1578
[0.07772136]
1579
[0.03653877]
1580
[0.21263498]
1581
[0.48005231]
1582
[0.25925914]
1583
[0.24287366]
1584
[0.23328386]
1585
[0.38058786]
1586
[0.26019408]
1587
[0.22570682]
1588
[0.22019617]
1589
[0.02581777]
1590
[0.17762066]
1591
[0.23940299]
1592
[0.28806324]
1593
[0.24880116]
1594
[0.19357944]
1595
[0.26987133]
1596
[0.22798409]
1597
[0.1608666]
1598
[0.40139533]
1599
[0.12970571]
1600
[0.30979069]
1601
[0.30137597]
1602
[0.46570903]
1603
[0.17527737]
1604
[0.245568]
1605
[0.24624951]
1606
[0.10676933]
1607
[0.24191849]
1608
[0.3264381]
1609
[0.23779826]
1610
[0.13408288]
1611
[0.25966625]
1612
[0.20988434]
1613
[0.17839312]
1614
[0.24122945]
1615
[0.2099138]
1616
[0.19215413]
1617
[0.25428646]
1618
[0.33063509]
1619
[0.26745131]
1620
[0.25253462]
1621
[0.18998215]
1622
[0.48163928]
1623
[0.25361277]
1624
[0.03208928]
1625
[0.23797641]
1626
[0.06391423]
1627
[0.14225752]
1628
[0.24131779]
1629
[0.30283582]
1630
[0.23455005]
1631
[0.22718858]
1632
[0.31212365]
1633
[0.25882215]
1634
[0.14770865]
1635
[0.23857273]
1636
[0.28178776]
1637
[0.47851186]
1638
[0.241494]
1639
[0.2672047]
1640
[0.19398244]
1641
[0.48363841]
1642
[0.23802397]
1643
[0.17907623]
1644
[0.24420538]
1645
[0.25082361]
1646
[0.15678308]
1647
[0.13409653]
1648
[0.18191769]
1649
[0.18488778]
1650
[0.23515945]
1651
[0.21500374]
1652
[0.23382664]
1653
[0.30741447]
1654
[0.24536075]
1655
[0.24328128]
1656
[0.15415849]
1657
[0.21755275]
1658
[0.05109734]
1659
[0.17300321]
1660
[0.21191867]
1661
[0.20624294]
1662
[0.09359006]
1663
[0.22155664]
1664
[0.21142368]
1665
[0.19462254]
1666
[0.21609515]
1667
[0.19842887]
1668
[0.0416625]
1669
[0.15981409]
1670
[0.21339521]
1671
[0.24290272]
1672
[0.07993326]
1673
[0.24277139]
1674
[0.04704527]
1675
[0.32399814]
1676
[0.26418163]
1677
[0.23588404]
1678
[0.22677161]
1679
[0.21809692]
1680
[0.22882267]
1681
[0.16715991]
1682
[0.24832312]
1683
[0.24179964]
1684
[0.0471201]
1685
[0.19527339]
1686
[0.21492465]
1687
[0.32200621]
1688
[0.16405304]
1689
[0.1632842]
1690
[0.21905388]
1691
[0.25852982]
1692
[0.27181877]
1693
[0.14125939]
1694
[0.32942432]
1695
[0.21617626]
1696
[0.23866259]
1697
[0.27048104]
1698
[0.24637214]
1699
[0.28253629]
1700
[0.248048]
1701
[0.32135559]
1702
[0.16780616]
1703
[0.24797792]
1704
[0.23178454]
1705
[0.28000258]
1706
[0.23389277]
1707
[0.43728521]
1708
[0.216605]
1709
[0.23696626]
1710
[0.28752076]
1711
[0.22201682]
1712
[0.19530881]
1713
[0.24123497]
1714
[0.46666039]
1715
[0.20746088]
1716
[0.25275576]
1717
[0.24715313]
1718
[0.07822688]
1719
[0.21526384]
1720
[0.20063183]
1721
[0.23428425]
1722
[0.26008484]
1723
[0.19920336]
1724
[0.29886627]
1725
[0.32331973]
1726
[0.27929584]
1727
[0.34169497]
1728
[0.19502428]
1729
[0.3177875]
1730
[0.23446254]
1731
[0.17869483]
1732
[0.2095397]
1733
[0.11735]
1734
[0.18841939]
1735
[0.24179974]
1736
[0.16239456]
1737
[0.15554461]
1738
[0.13829362]
1739
[0.23377456]
1740
[0.22358887]
1741
[0.16445521]
1742
[0.29232995]
1743
[0.25072947]
1744
[0.31595791]
1745
[0.19825051]
1746
[0.23171106]
1747
[0.23178623]
1748
[0.2399763]
1749
[0.20263894]
1750
[0.17824134]
1751
[0.13796398]
1752
[0.065607]
1753
[0.15577837]
1754
[0.30784278]
1755
[0.34120336]
1756
[0.31440263]
1757
[0.22897292]
1758
[0.28231712]
1759
[0.22287798]
1760
[0.2744091]
1761
[0.26190921]
1762
[0.28383143]
1763
[0.27346544]
1764
[0.22933562]
1765
[0.04926254]
1766
[0.23746353]
1767
[0.18495717]
1768
[0.06305698]
1769
[0.31658448]
1770
[0.24287072]
1771
[0.1991694]
1772
[0.31722556]
1773
[0.44567274]
1774
[0.25911141]
1775
[0.35436796]
1776
[0.25950686]
1777
[0.26201304]
1778
[0.26780085]
1779
[0.16170615]
1780
[0.23186358]
1781
[0.23712179]
1782
[0.24857348]
1783
[0.14787672]
1784
[0.22997134]
1785
[0.19414868]
1786
[0.21300279]
1787
[0.38898143]
1788
[0.24386847]
1789
[0.20603639]
1790
[0.22892712]
1791
[0.34026162]
1792
[0.26950767]
1793
[0.09967186]
1794
[0.09886925]
1795
[0.42849261]
1796
[0.24858465]
1797
[0.12830861]
1798
[0.36712352]
1799
[0.14956751]
1800
[0.21924087]
1801
[0.22758556]
1802
[0.22310761]
1803
[0.24789738]
1804
[0.29715477]
1805
[0.18678834]
1806
[0.24755983]
1807
[0.15286513]
1808
[0.13396089]
1809
[0.41303968]
1810
[0.24974124]
1811
[0.12075359]
1812
[0.25243378]
1813
[0.12306471]
1814
[0.20844894]
1815
[0.21703414]
1816
[0.32430775]
1817
[0.28491645]
1818
[0.24859904]
1819
[0.28946455]
1820
[0.25373202]
1821
[0.2211967]
1822
[0.35697298]
1823
[0.22117142]
1824
[0.24074778]
1825
[0.16164376]
1826
[0.34973305]
1827
[0.17080714]
1828
[0.23208365]
1829
[0.15853245]
1830
[0.26621286]
1831
[0.20539614]
1832
[0.17285874]
1833
[0.15905156]
1834
[0.22207579]
1835
[0.12414234]
1836
[0.34997799]
1837
[0.23614315]
1838
[0.21091496]
1839
[0.35891307]
1840
[0.21177797]
1841
[0.35862835]
1842
[0.2417494]
1843
[0.22194807]
1844
[0.24778071]
1845
[0.25451874]
1846
[0.17536944]
1847
[0.24901235]
1848
[0.25853902]
1849
[0.23391378]
1850
[0.24709379]
1851
[0.33855613]
1852
[0.14238367]
1853
[0.26515242]
1854
[0.23521416]
1855
[0.09791405]
1856
[0.24863327]
1857
[0.23689885]
1858
[0.21670317]
1859
[0.24915639]
1860
[0.23289827]
1861
[0.2857121]
1862
[0.35526229]
1863
[0.23683405]
1864
[0.2520572]
1865
[0.30208773]
1866
[0.08405674]
1867
[0.17496297]
1868
[0.25229956]
1869
[0.18237997]
1870
[0.25329788]
1871
[0.33330529]
1872
[0.13335797]
1873
[0.13338488]
1874
[0.22369462]
1875
[0.06594527]
1876
[0.33081883]
1877
[0.31772892]
1878
[0.27703243]
1879
[0.29516553]
1880
[0.25667148]
1881
[0.26189712]
1882
[0.27451589]
1883
[0.24796945]
1884
[0.29566342]
1885
[0.23623762]
1886
[0.39842776]
1887
[0.20103091]
1888
[0.13784105]
1889
[0.24241003]
1890
[0.24034803]
1891
[0.2538732]
1892
[0.32645999]
1893
[0.22524223]
1894
[0.23541032]
1895
[0.24106909]
1896
[0.04571869]
1897
[0.18429187]
1898
[0.12861638]
1899
[0.24870913]
1900
[0.22939937]
1901
[0.17560746]
1902
[0.28844948]
1903
[0.12360137]
1904
[0.09800189]
1905
[0.17711564]
1906
[0.24044314]
1907
[0.18638456]
1908
[0.12836138]
1909
[0.39430192]
1910
[0.2050227]
1911
[0.40046937]
1912
[0.25786345]
1913
[0.14723992]
1914
[0.40694875]
1915
[0.25119371]
1916
[0.24503949]
1917
[0.14743571]
1918
[0.23598586]
1919
[0.27057297]
1920
[0.25857146]
1921
[0.24535827]
1922
[0.25549662]
1923
[0.45356257]
1924
[0.20047964]
1925
[0.27742202]
1926
[0.12308825]
1927
[0.21867974]
1928
[0.37055976]
1929
[0.13895163]
1930
[0.04041162]
1931
[0.29259794]
1932
[0.23598791]
1933
[0.23919344]
1934
[0.25458649]
1935
[0.23961385]
1936
[0.24921155]
1937
[0.16640293]
1938
[0.19346489]
1939
[0.2455246]
1940
[0.1764731]
1941
[0.17661801]
1942
[0.24517694]
1943
[0.24831125]
1944
[0.18175958]
1945
[0.22023725]
1946
[0.21046065]
1947
[0.40233384]
1948
[0.16400148]
1949
[0.2755167]
1950
[0.18724149]
1951
[0.29015551]
1952
[0.29651786]
1953
[0.14934911]
1954
[0.18015431]
1955
[0.200401]
1956
[0.18977305]
1957
[0.13669614]
1958
[0.26839881]
1959
[0.22906442]
1960
[0.23284726]
1961
[0.26702593]
1962
[0.14439364]
1963
[0.17973573]
1964
[0.1559939]
1965
[0.24248803]
1966
[0.24737824]
1967
[0.25519417]
1968
[0.23505116]
1969
[0.28331354]
1970
[0.34140878]
1971
[0.20302131]
1972
[0.21239891]
1973
[0.24278662]
1974
[0.24383378]
1975
[0.22843569]
1976
[0.20400273]
1977
[0.2377421]
1978
[0.22191757]
1979
[0.25233371]
1980
[0.24693265]
1981
[0.24628989]
1982
[0.04986899]
1983
[0.16814918]
1984
[0.27412361]
1985
[0.2549794]
1986
[0.18311743]
1987
[0.11393815]
1988
[0.42792933]
1989
[0.22931511]
1990
[0.17787022]
1991
[0.22643268]
1992
[0.17829343]
1993
[0.24093556]
1994
[0.24094646]
1995
[0.23407747]
1996
[0.12195555]
1997
[0.24124665]
1998
[0.35552378]
1999
[0.21747268]
2000
[0.25247025]
2001
[0.28893197]
2002
[0.24411851]
2003
[0.22848991]
2004
[0.30136638]
2005
[0.3189188]
2006
[0.37218893]
2007
[0.24704802]
2008
[0.23605332]
2009
[0.20310328]
2010
[0.24913526]
2011
[0.2440928]
2012
[0.19697941]
2013
[0.1349158]
2014
[0.23338839]
2015
[0.24993176]
2016
[0.23328024]
2017
[0.13385419]
2018
[0.25294646]
2019
[0.24783434]
2020
[0.11102784]
2021
[0.24272098]
2022
[0.23740829]
2023
[0.23031022]
2024
[0.2337193]
2025
[0.28316604]
2026
[0.20298537]
2027
[0.20903137]
2028
[0.3481306]
2029
[0.32597093]
2030
[0.16651612]
2031
[0.32009193]
2032
[0.20450575]
2033
[0.20747896]
2034
[0.24977936]
2035
[0.31473227]
2036
[0.26033584]
2037
[0.27807819]
2038
[0.20327072]
2039
[0.26230858]
2040
[0.22860334]
2041
[0.24496093]
2042
[0.24334034]
2043
[0.20413115]
2044
[0.32941674]
2045
[0.1804696]
2046
[0.11223545]
2047
[0.14836689]
2048
[0.07239742]
2049
[0.27045088]
2050
[0.14280906]
2051
[0.42379989]
2052
[0.20960822]
2053
[0.11556251]
2054
[0.22221064]
2055
[0.16888988]
2056
[0.2495102]
2057
[0.27414912]
2058
[0.4145916]
2059
[0.24058737]
2060
[0.3603784]
2061
[0.15611204]
2062
[0.29866268]
2063
[0.24814974]
2064
[0.28813058]
2065
[0.245868]
2066
[0.27064465]
2067
[0.22812608]
2068
[0.14356059]
2069
[0.20894622]
2070
[0.26582609]
2071
[0.23866864]
2072
[0.20054428]
2073
[0.18565017]
2074
[0.25449655]
2075
[0.13259809]
2076
[0.25486561]
2077
[0.25973979]
2078
[0.21848881]
2079
[0.23859758]
2080
[0.44754005]
2081
[0.20756954]
2082
[0.25385622]
2083
[0.14330539]
2084
[0.24533172]
2085
[0.24304767]
2086
[0.22791567]
2087
[0.2489482]
2088
[0.24762008]
2089
[0.17805114]
2090
[0.16343798]
2091
[0.09143054]
2092
[0.18397874]
2093
[0.1207964]
2094
[0.16713752]
2095
[0.26790069]
2096
[0.02046336]
2097
[0.24545793]
2098
[0.36028191]
2099
[0.14328093]
2100
[0.23718527]
2101
[0.24575236]
2102
[0.31807027]
2103
[0.26470776]
2104
[0.21646297]
2105
[0.15913459]
2106
[0.0723739]
2107
[0.21248936]
2108
[0.35316725]
2109
[0.26843887]
2110
[0.17113]
2111
[0.19382166]
2112
[0.13219163]
2113
[0.32853784]
2114
[0.26972613]
2115
[0.20999401]
2116
[0.21154587]
2117
[0.26866997]
2118
[0.19555249]
2119
[0.4087885]
2120
[0.24806237]
2121
[0.20347231]
2122
[0.35889183]
2123
[0.17429468]
2124
[0.2737516]
2125
[0.24927267]
2126
[0.12845496]
2127
[0.10818656]
2128
[0.23263472]
2129
[0.22409962]
2130
[0.1593705]
2131
[0.16503029]
2132
[0.24593953]
2133
[0.22551876]
2134
[0.22240115]
2135
[0.24297489]
2136
[0.17486316]
2137
[0.4481332]
2138
[0.23166111]
2139
[0.3207405]
2140
[0.13012585]
2141
[0.17952611]
2142
[0.24071669]
2143
[0.23177444]
2144
[0.20197037]
2145
[0.22673792]
2146
[0.31429056]
2147
[0.16255854]
2148
[0.17491612]
2149
[0.18593678]
2150
[0.25103017]
2151
[0.19582874]
2152
[0.06368784]
2153
[0.2646111]
2154
[0.23825875]
2155
[0.10307577]
2156
[0.31253874]
2157
[0.41269314]
2158
[0.27095269]
2159
[0.17404694]
2160
[0.23476338]
2161
[0.20764092]
2162
[0.16653393]
2163
[0.24081167]
2164
[0.21401273]
2165
[0.27461905]
2166
[0.19968911]
2167
[0.23759648]
2168
[0.25241971]
2169
[0.2531973]
2170
[0.27195814]
2171
[0.32992406]
2172
[0.24304977]
2173
[0.25327187]
2174
[0.20362656]
2175
[0.2276117]
2176
[0.23982271]
2177
[0.25169479]
2178
[0.27715245]
2179
[0.1810362]
2180
[0.17225119]
2181
[0.07407683]
2182
[0.34093582]
2183
[0.20835733]
2184
[0.18089155]
2185
[0.20601322]
2186
[0.15608547]
2187
[0.20459392]
2188
[0.30075593]
2189
[0.24869128]
2190
[0.14974683]
2191
[0.23706778]
2192
[0.24660622]
2193
[0.23890956]
2194
[0.23506298]
2195
[0.20612129]
2196
[0.27036189]
2197
[0.21746338]
2198
[0.35677009]
2199
[0.16192044]
2200
[0.21455941]
2201
[0.22651231]
2202
[0.24044666]
2203
[0.15498085]
2204
[0.24878377]
2205
[0.27019811]
2206
[0.25032397]
2207
[0.23460818]
2208
[0.30454147]
2209
[0.44834024]
2210
[0.32894643]
2211
[0.31815037]
2212
[0.38585756]
2213
[0.24916221]
2214
[0.21569364]
2215
[0.24338362]
2216
[0.15551884]
2217
[0.27262694]
2218
[0.28067417]
2219
[0.13640994]
2220
[0.12719223]
2221
[0.18343501]
2222
[0.21832655]
2223
[0.2463312]
2224
[0.41728128]
2225
[0.24819977]
2226
[0.20322227]
2227
[0.26001639]
2228
[0.298603]
2229
[0.31617449]
2230
[0.23787452]
2231
[0.23940234]
2232
[0.2631819]
2233
[0.2477346]
2234
[0.03210959]
2235
[0.17899262]
2236
[0.21533759]
2237
[0.22543547]
2238
[0.12505643]
2239
[0.27375892]
2240
[0.25471021]
2241
[0.09511771]
2242
[0.37721006]
2243
[0.25821347]
2244
[0.35662251]
2245
[0.20706362]
2246
[0.21450873]
2247
[0.21681653]
2248
[0.07167664]
2249
[0.26477381]
2250
[0.23875615]
2251
[0.39821976]
2252
[0.18893672]
2253
[0.2358204]
2254
[0.22907282]
2255
[0.18833004]
2256
[0.12459642]
2257
[0.25376305]
2258
[0.32126786]
2259
[0.30893078]
2260
[0.24491612]
2261
[0.24107174]
2262
[0.29784039]
2263
[0.27165603]
2264
[0.36269087]
2265
[0.26208997]
2266
[0.22789226]
2267
[0.26957025]
2268
[0.35607473]
2269
[0.23421219]
2270
[0.39389013]
2271
[0.24118929]
2272
[0.31132529]
2273
[0.19202802]
2274
[0.18207606]
2275
[0.30719762]
2276
[0.27951206]
2277
[0.24258011]
2278
[0.14213093]
2279
[0.16953569]
2280
[0.24629736]
2281
[0.29450485]
2282
[0.16894048]
2283
[0.17138177]
2284
[0.09182828]
2285
[0.23878202]
2286
[0.33634176]
2287
[0.39555565]
2288
[0.23581337]
2289
[0.10055831]
2290
[0.24274265]
2291
[0.18376423]
2292
[0.29070565]
2293
[0.18803071]
2294
[0.22396297]
2295
[0.2417057]
2296
[0.24387185]
2297
[0.28179241]
2298
[0.33102663]
2299
[0.28020211]
2300
[0.15081049]
2301
[0.30595258]
2302
[0.20684231]
2303
[0.39986353]
2304
[0.17152817]
2305
[0.26084502]
2306
[0.29050929]
2307
[0.11059292]
2308
[0.17734016]
2309
[0.26029306]
2310
[0.24565857]
2311
[0.24913646]
2312
[0.25282355]
2313
[0.24889964]
2314
[0.15774367]
2315
[0.4301828]
2316
[0.28176711]
2317
[0.39921875]
2318
[0.41596082]
2319
[0.27263565]
2320
[0.25227705]
2321
[0.19306371]
2322
[0.43064266]
2323
[0.20774928]
2324
[0.05183199]
2325
[0.21747262]
2326
[0.2177883]
2327
[0.19922433]
2328
[0.22473066]
2329
[0.22791519]
2330
[0.12616586]
2331
[0.24012962]
2332
[0.24958266]
2333
[0.22452294]
2334
[0.22134709]
2335
[0.23385338]
2336
[0.2482173]
2337
[0.14623747]
2338
[0.25232245]
2339
[0.23817106]
2340
[0.23775437]
2341
[0.18640436]
2342
[0.14081776]
2343
[0.12036769]
2344
[0.19207947]
2345
[0.04904307]
2346
[0.10954175]
2347
[0.29416873]
2348
[0.18858205]
2349
[0.21021552]
2350
[0.24743412]
2351
[0.25057177]
2352
[0.23996935]
2353
[0.21568875]
2354
[0.20830925]
2355
[0.16443664]
2356
[0.19036462]
2357
[0.22379633]
2358
[0.26439687]
2359
[0.20516129]
2360
[0.23902739]
2361
[0.24497353]
2362
[0.24973852]
2363
[0.27991931]
2364
[0.25648478]
2365
[0.23311783]
2366
[0.20089215]
2367
[0.24028486]
2368
[0.29008279]
2369
[0.23978467]
2370
[0.27487445]
2371
[0.21554924]
2372
[0.10502684]
2373
[0.20088244]
2374
[0.2484448]
2375
[0.23557935]
2376
[0.2371105]
2377
[0.17494725]
2378
[0.37717611]
2379
[0.25604593]
2380
[0.13053924]
2381
[0.37655893]
2382
[0.26790517]
2383
[0.03486067]
2384
[0.21843448]
2385
[0.24447241]
2386
[0.10455363]
2387
[0.24284608]
2388
[0.25330546]
2389
[0.2053879]
2390
[0.19814264]
2391
[0.21922393]
2392
[0.15445787]
2393
[0.27066944]
2394
[0.28180025]
2395
[0.22032116]
2396
[0.21618593]
2397
[0.26360307]
2398
[0.16324612]
2399
[0.33213661]
2400
[0.23357604]
2401
[0.2368771]
2402
[0.26621148]
2403
[0.23859419]
2404
[0.2127867]
2405
[0.15417901]
2406
[0.20815632]
2407
[0.24393452]
2408
[0.25193107]
2409
[0.25931027]
2410
[0.22634644]
2411
[0.21946042]
2412
[0.12793826]
2413
[0.26767633]
2414
[0.24870378]
2415
[0.23904447]
2416
[0.26507985]
2417
[0.24973994]
2418
[0.18956486]
2419
[0.18634543]
2420
[0.24749979]
2421
[0.25518772]
2422
[0.22321643]
2423
[0.21811758]
2424
[0.24410479]
2425
[0.32857411]
2426
[0.18449163]
2427
[0.26467157]
2428
[0.20573868]
2429
[0.20145729]
2430
[0.25801582]
2431
[0.1322203]
2432
[0.28756727]
2433
[0.24832169]
2434
[0.22721686]
2435
[0.24850274]
2436
[0.34547313]
2437
[0.15898703]
2438
[0.0837174]
2439
[0.06775724]
2440
[0.11269077]
2441
[0.2222315]
2442
[0.22764341]
2443
[0.36653436]
2444
[0.09301357]
2445
[0.23889438]
2446
[0.21895451]
2447
[0.26805616]
2448
[0.40771368]
2449
[0.20902936]
2450
[0.18747031]
2451
[0.21176308]
2452
[0.2145113]
2453
[0.27555761]
2454
[0.19149203]
2455
[0.2331428]
2456
[0.24082729]
2457
[0.18788719]
2458
[0.21524972]
2459
[0.15090777]
2460
[0.23385407]
2461
[0.2468986]
2462
[0.2304158]
2463
[0.24873291]
2464
[0.25479697]
2465
[0.22698137]
2466
[0.17258095]
2467
[0.0395847]
2468
[0.24857142]
2469
[0.10722143]
2470
[0.21322958]
2471
[0.08907829]
2472
[0.27451125]
2473
[0.16307845]
2474
[0.11231541]
2475
[0.26597946]
2476
[0.20618866]
2477
[0.25148277]
2478
[0.1694406]
2479
[0.24645597]
2480
[0.13135261]
2481
[0.17943271]
2482
[0.21718276]
2483
[0.17963257]
2484
[0.21804072]
2485
[0.22943299]
2486
[0.23254895]
2487
[0.25758522]
2488
[0.22889914]
2489
[0.38658541]
2490
[0.17608153]
2491
[0.35561097]
2492
[0.26397588]
2493
[0.2009708]
2494
[0.24415268]
2495
[0.26827683]
2496
[0.20557927]
2497
[0.4610878]
2498
[0.31653492]
2499
[0.24175026]
2500
[0.16979871]
2501
[0.20892601]
2502
[0.50538729]
2503
[0.24371388]
2504
[0.22824201]
2505
[0.22056497]
2506
[0.30416125]
2507
[0.24501951]
2508
[0.23300904]
2509
[0.27723595]
2510
[0.121446]
2511
[0.24276362]
2512
[0.17665741]
2513
[0.24172323]
2514
[0.3013406]
2515
[0.24676001]
2516
[0.20092433]
2517
[0.23942148]
2518
[0.26723001]
2519
[0.24078042]
2520
[0.16701599]
2521
[0.19774535]
2522
[0.26892055]
2523
[0.25784311]
2524
[0.26971111]
2525
[0.24331599]
2526
[0.19928363]
2527
[0.0713803]
2528
[0.19402756]
2529
[0.22445047]
2530
[0.41769803]
2531
[0.19253854]
2532
[0.23768754]
2533
[0.08517254]
2534
[0.15337493]
2535
[0.23158637]
2536
[0.3756328]
2537
[0.23789597]
2538
[0.19861505]
2539
[0.21999391]
2540
[0.22589463]
2541
[0.22507738]
2542
[0.25842818]
2543
[0.28514283]
2544
[0.4244677]
2545
[0.2862093]
2546
[0.10457991]
2547
[0.30896745]
2548
[0.27948531]
2549
[0.26698939]
2550
[0.22292752]
2551
[0.26297629]
2552
[0.03800648]
2553
[0.21918328]
2554
[0.23211227]
2555
[0.35125268]
2556
[0.32716058]
2557
[0.29945239]
2558
[0.23829703]
2559
[0.15691944]
2560
[0.25744491]
2561
[0.34757465]
2562
[0.17291292]
2563
[0.26518905]
2564
[0.10467356]
2565
[0.16525239]
2566
[0.24080987]
2567
[0.32619492]
2568
[0.24083591]
2569
[0.27802229]
2570
[0.24938724]
2571
[0.20934968]
2572
[0.21304176]
2573
[0.13999336]
2574
[0.16939783]
2575
[0.26155962]
2576
[0.2066716]
2577
[0.23320105]
2578
[0.23893036]
2579
[0.42664201]
2580
[0.3576874]
2581
[0.23604018]
2582
[0.24992599]
2583
[0.21128422]
2584
[0.25753769]
2585
[0.43596647]
2586
[0.07465413]
2587
[0.24675763]
2588
[0.24075288]
2589
[0.22406699]
2590
[0.20562967]
2591
[0.19161933]
2592
[0.42581861]
2593
[0.18936809]
2594
[0.27762309]
2595
[0.2036947]
2596
[0.31291877]
2597
[0.27621723]
2598
[0.33501981]
2599
[0.23061494]
2600
[0.26954746]
2601
[0.26979086]
2602
[0.25031698]
2603
[0.2346506]
2604
[0.23427974]
2605
[0.25110027]
2606
[0.22331117]
2607
[0.05954907]
2608
[0.2342606]
2609
[0.47343003]
2610
[0.18472212]
2611
[0.11785017]
2612
[0.24019554]
2613
[0.11727445]
2614
[0.25140765]
2615
[0.11120997]
2616
[0.22077269]
2617
[0.20986494]
2618
[0.26638849]
2619
[0.24582027]
2620
[0.33156327]
2621
[0.22737096]
2622
[0.21817078]
2623
[0.28897909]
2624
[0.24233474]
2625
[0.24598316]
2626
[0.23481091]
2627
[0.22405479]
2628
[0.31357547]
2629
[0.24101902]
2630
[0.27582957]
2631
[0.43784636]
2632
[0.26359857]
2633
[0.21081493]
2634
[0.09207691]
2635
[0.2108117]
2636
[0.2651823]
2637
[0.09717548]
2638
[0.24148677]
2639
[0.20838857]
2640
[0.24886458]
2641
[0.22458996]
2642
[0.26286875]
2643
[0.18174183]
2644
[0.23150153]
2645
[0.21109113]
2646
[0.23075843]
2647
[0.2998608]
2648
[0.23525612]
2649
[0.18272955]
2650
[0.2657148]
2651
[0.26543852]
2652
[0.19448567]
2653
[0.22592067]
2654
[0.24047497]
2655
[0.33348037]
2656
[0.24342963]
2657
[0.22523984]
2658
[0.25400844]
2659
[0.23361393]
2660
[0.25084664]
2661
[0.4005215]
2662
[0.19095288]
2663
[0.16256798]
2664
[0.1952808]
2665
[0.342763]
2666
[0.11954895]
2667
[0.08659464]
2668
[0.23745308]
2669
[0.1329792]
2670
[0.20771507]
2671
[0.1435662]
2672
[0.22126206]
2673
[0.23934609]
2674
[0.03540342]
2675
[0.06574312]
2676
[0.24825615]
2677
[0.11737627]
2678
[0.16096557]
2679
[0.13485008]
2680
[0.20042475]
2681
[0.19313302]
2682
[0.23650337]
2683
[0.11738974]
2684
[0.25856232]
2685
[0.24302354]
2686
[0.25433192]
2687
[0.27112826]
2688
[0.23771582]
2689
[0.23434033]
2690
[0.24553175]
2691
[0.40089963]
2692
[0.14426955]
2693
[0.26769224]
2694
[0.26314014]
2695
[0.30598956]
2696
[0.24922125]
2697
[0.14607386]
2698
[0.20090581]
2699
[0.14642595]
2700
[0.21785652]
2701
[0.24648519]
2702
[0.25599469]
2703
[0.24385299]
2704
[0.24885436]
2705
[0.20135609]
2706
[0.23648043]
2707
[0.24552985]
2708
[0.27117675]
2709
[0.24754317]
2710
[0.13595583]
2711
[0.41821431]
2712
[0.24191841]
2713
[0.16315402]
2714
[0.26384347]
2715
[0.24734356]
2716
[0.12391]
2717
[0.17416419]
2718
[0.22556682]
2719
[0.11741852]
2720
[0.2435077]
2721
[0.27325551]
2722
[0.12253375]
2723
[0.37199736]
2724
[0.20347118]
2725
[0.35007178]
2726
[0.34683529]
2727
[0.26250481]
2728
[0.2439354]
2729
[0.20514851]
2730
[0.24606855]
2731
[0.24183168]
2732
[0.16224094]
2733
[0.25038319]
2734
[0.24206813]
2735
[0.28608246]
2736
[0.11514348]
2737
[0.24386689]
2738
[0.21360643]
2739
[0.25116099]
2740
[0.24270734]
2741
[0.23036552]
2742
[0.28624792]
2743
[0.26587307]
2744
[0.20896046]
2745
[0.24754346]
2746
[0.26558671]
2747
[0.18370854]
2748
[0.21972038]
2749
[0.25453458]
2750
[0.20464586]
2751
[0.05765855]
2752
[0.3469958]
2753
[0.21799712]
2754
[0.19610594]
2755
[0.22666601]
2756
[0.08832548]
2757
[0.15615286]
2758
[0.25764009]
2759
[0.14142738]
2760
[0.34910849]
2761
[0.26755167]
2762
[0.2059484]
2763
[0.15519081]
2764
[0.24302562]
2765
[0.14687613]
2766
[0.3350854]
2767
[0.26489553]
2768
[0.28340486]
2769
[0.2323275]
2770
[0.23591155]
2771
[0.14084588]
2772
[0.23326044]
2773
[0.16328383]
2774
[0.23321284]
2775
[0.26905171]
2776
[0.23667351]
2777
[0.17089927]
2778
[0.24691772]
2779
[0.22957827]
2780
[0.46710485]
2781
[0.23147965]
2782
[0.18636548]
2783
[0.22835482]
2784
[0.25542496]
2785
[0.13960382]
2786
[0.22210169]
2787
[0.21528629]
2788
[0.29254384]
2789
[0.23787148]
2790
[0.17009662]
2791
[0.21909928]
2792
[0.28398597]
2793
[0.44049169]
2794
[0.24596646]
2795
[0.23271837]
2796
[0.31738365]
2797
[0.29939507]
2798
[0.19342531]
2799
[0.10184222]
2800
[0.23554882]
2801
[0.21897821]
2802
[0.1167484]
2803
[0.24729275]
2804
[0.07993125]
2805
[0.24654351]
2806
[0.15809651]
2807
[0.25945025]
2808
[0.09315927]
2809
[0.24346668]
2810
[0.24702855]
2811
[0.42145696]
2812
[0.19154245]
2813
[0.25966704]
2814
[0.26184081]
2815
[0.20698611]
2816
[0.24973269]
2817
[0.25131416]
2818
[0.28233336]
2819
[0.22950655]
2820
[0.23712161]
2821
[0.38645738]
2822
[0.28780996]
2823
[0.26168403]
2824
[0.19061136]
2825
[0.24115444]
2826
[0.11194434]
2827
[0.42111589]
2828
[0.24007053]
2829
[0.32030846]
2830
[0.19414074]
2831
[0.26601892]
2832
[0.13996543]
2833
[0.25858293]
2834
[0.48614192]
2835
[0.20044818]
2836
[0.20137259]
2837
[0.29004944]
2838
[0.25065369]
2839
[0.22274161]
2840
[0.16613342]
2841
[0.21422546]
2842
[0.22551133]
2843
[0.30089472]
2844
[0.16719377]
2845
[0.24766382]
2846
[0.35543743]
2847
[0.1736304]
2848
[0.24731618]
2849
[0.24745373]
2850
[0.04374751]
2851
[0.23638259]
2852
[0.14852592]
2853
[0.25511302]
2854
[0.26173133]
2855
[0.24344208]
2856
[0.14702414]
2857
[0.13725144]
2858
[0.23930231]
2859
[0.08301782]
2860
[0.23331514]
2861
[0.23084667]
2862
[0.29155963]
2863
[0.27070701]
2864
[0.31129307]
2865
[0.15663139]
2866
[0.24574846]
2867
[0.29784153]
2868
[0.14736185]
2869
[0.16931569]
2870
[0.21076492]
2871
[0.2321732]
2872
[0.21324545]
2873
[0.24856247]
2874
[0.2318656]
2875
[0.35545401]
2876
[0.24951023]
2877
[0.38133704]
2878
[0.32538679]
2879
[0.25987703]
2880
[0.22398961]
2881
[0.23532196]
2882
[0.25503676]
2883
[0.22429395]
2884
[0.44702902]
2885
[0.22993403]
2886
[0.24107976]
2887
[0.23152184]
2888
[0.26767299]
2889
[0.19698997]
2890
[0.24144004]
2891
[0.0575704]
2892
[0.14515054]
2893
[0.15544536]
2894
[0.20693075]
2895
[0.29844317]
2896
[0.22663194]
2897
[0.08945772]
2898
[0.24792977]
2899
[0.21191562]
2900
[0.18261]
2901
[0.29822543]
2902
[0.29466769]
2903
[0.25436229]
2904
[0.23603407]
2905
[0.20638895]
2906
[0.22170895]
2907
[0.09632213]
2908
[0.13569852]
2909
[0.19487947]
2910
[0.27756485]
2911
[0.25105417]
2912
[0.21308184]
2913
[0.26093357]
2914
[0.24604093]
2915
[0.2342788]
2916
[0.28060716]
2917
[0.07096391]
2918
[0.18644158]
2919
[0.24766603]
2920
[0.24962923]
2921
[0.21220728]
2922
[0.46240984]
2923
[0.142701]
2924
[0.23979366]
2925
[0.24797497]
2926
[0.27494873]
2927
[0.15550979]
2928
[0.36939428]
2929
[0.24795115]
2930
[0.34428302]
2931
[0.2225028]
2932
[0.20928023]
2933
[0.23569494]
2934
[0.33635244]
2935
[0.21976427]
2936
[0.08688117]
2937
[0.20896019]
2938
[0.38862085]
2939
[0.18543401]
2940
[0.39347966]
2941
[0.30427578]
2942
[0.26666781]
2943
[0.09155266]
2944
[0.3468121]
2945
[0.23592182]
2946
[0.24867705]
2947
[0.21638864]
2948
[0.35685119]
2949
[0.16002273]
2950
[0.21708887]
2951
[0.24697235]
2952
[0.24856138]
2953
[0.21263074]
2954
[0.26076876]
2955
[0.23029287]
2956
[0.18931643]
2957
[0.2261718]
2958
[0.23882249]
2959
[0.22572047]
2960
[0.22331467]
2961
[0.21858374]
2962
[0.05325635]
2963
[0.43859823]
2964
[0.25043279]
2965
[0.24649291]
2966
[0.03355384]
2967
[0.24853273]
2968
[0.21478026]
2969
[0.30622329]
2970
[0.41383144]
2971
[0.24931777]
2972
[0.17079456]
2973
[0.27575471]
2974
[0.21642293]
2975
[0.1979322]
2976
[0.31539474]
2977
[0.37755257]
2978
[0.23635185]
2979
[0.24868664]
2980
[0.09618887]
2981
[0.12281914]
2982
[0.21009451]
2983
[0.24616025]
2984
[0.23207744]
2985
[0.37089665]
2986
[0.21641445]
2987
[0.24785394]
2988
[0.22606239]
2989
[0.35648055]
2990
[0.21469152]
2991
[0.2406342]
2992
[0.25311963]
2993
[0.13123275]
2994
[0.10855611]
2995
[0.23170669]
2996
[0.22903409]
2997
[0.27768542]
2998
[0.07108033]
2999
[0.10485529]
3000
[0.26296896]
3001
[0.24363127]
3002
[0.32248652]
3003
[0.24053091]
3004
[0.22899473]
3005
[0.25798193]
3006
[0.35010258]
3007
[0.13677659]
3008
[0.24019783]
3009
[0.37948629]
3010
[0.2403064]
3011
[0.25336811]
3012
[0.09457482]
3013
[0.22884489]
3014
[0.30883032]
3015
[0.27720433]
3016
[0.08861941]
3017
[0.25376492]
3018
[0.31933074]
3019
[0.25885789]
3020
[0.23174034]
3021
[0.22668886]
3022
[0.05994805]
3023
[0.25144187]
3024
[0.24224595]
3025
[0.15984922]
3026
[0.16291476]
3027
[0.24374838]
3028
[0.24446987]
3029
[0.01488634]
3030
[0.45265427]
3031
[0.24571867]
3032
[0.30225096]
3033
[0.24635558]
3034
[0.23207068]
3035
[0.23951726]
3036
[0.23225578]
3037
[0.15945946]
3038
[0.24271844]
3039
[0.26633011]
3040
[0.15213019]
3041
[0.25054324]
3042
[0.21213571]
3043
[0.05816011]
3044
[0.19194168]
3045
[0.23005022]
3046
[0.35466653]
3047
[0.23922143]
3048
[0.24039043]
3049
[0.24432408]
3050
[0.24563754]
3051
[0.29333151]
3052
[0.19366149]
3053
[0.30572076]
3054
[0.25046805]
3055
[0.17756712]
3056
[0.24062638]
3057
[0.17624356]
3058
[0.24316618]
3059
[0.10138312]
3060
[0.26695091]
3061
[0.24877493]
3062
[0.25373079]
3063
[0.28302644]
3064
[0.23444077]
3065
[0.24685755]
3066
[0.17452383]
3067
[0.25359937]
3068
[0.25640373]
3069
[0.07201664]
3070
[0.44957512]
3071
[0.04925163]
3072
[0.21801199]
3073
[0.09037734]
3074
[0.24480785]
3075
[0.23238877]
3076
[0.17550509]
3077
[0.4974024]
3078
[0.1465001]
3079
[0.32895567]
3080
[0.26538212]
3081
[0.23292729]
3082
[0.24372267]
3083
[0.26487066]
3084
[0.27104816]
3085
[0.26292638]
3086
[0.21454624]
3087
[0.30314505]
3088
[0.24445843]
3089
[0.23250573]
3090
[0.16020886]
3091
[0.18496663]
3092
[0.21844885]
3093
[0.33054577]
3094
[0.26230007]
3095
[0.18265034]
3096
[0.2288848]
3097
[0.26299025]
3098
[0.11196006]
3099
[0.22448165]
3100
[0.21894281]
3101
[0.24477106]
3102
[0.23526006]
3103
[0.37280345]
3104
[0.27245617]
3105
[0.09023111]
3106
[0.24367385]
3107
[0.26163156]
3108
[0.25360629]
3109
[0.31835239]
3110
[0.1616559]
3111
[0.2476691]
3112
[0.13349442]
3113
[0.24737536]
3114
[0.15551082]
3115
[0.2398828]
3116
[0.44489494]
3117
[0.25863895]
3118
[0.437747]
3119
[0.24547047]
3120
[0.23592057]
3121
[0.26611649]
3122
[0.24427278]
3123
[0.15244036]
3124
[0.25721429]
3125
[0.22907087]
3126
[0.25053966]
3127
[0.23899607]
3128
[0.11524765]
3129
[0.1155213]
3130
[0.23921185]
3131
[0.22312113]
3132
[0.11478206]
3133
[0.20241591]
3134
[0.25117994]
3135
[0.35040635]
3136
[0.1442018]
3137
[0.30693191]
3138
[0.24534661]
3139
[0.19428092]
3140
[0.24975658]
3141
[0.14936014]
3142
[0.13931577]
3143
[0.22783715]
3144
[0.28866288]
3145
[0.24597106]
3146
[0.23065027]
3147
[0.18294995]
3148
[0.20710684]
3149
[0.23496868]
3150
[0.18662929]
3151
[0.3150162]
3152
[0.25623324]
3153
[0.24311057]
3154
[0.24811664]
3155
[0.25333838]
3156
[0.23553388]
3157
[0.20860851]
3158
[0.20950788]
3159
[0.22033796]
3160
[0.17137555]
3161
[0.30556289]
3162
[0.26145801]
3163
[0.33494195]
3164
[0.23493904]
3165
[0.29331683]
3166
[0.23403473]
3167
[0.17422148]
3168
[0.15031806]
3169
[0.18996602]
3170
[0.22170046]
3171
[0.32000671]
3172
[0.2470945]
3173
[0.25640951]
3174
[0.12995349]
3175
[0.24470028]
3176
[0.20832787]
3177
[0.21903073]
3178
[0.24449552]
3179
[0.25807224]
3180
[0.09310208]
3181
[0.11253759]
3182
[0.23840886]
3183
[0.24815224]
3184
[0.30089593]
3185
[0.16709024]
3186
[0.19711065]
3187
[0.24372509]
3188
[0.09881877]
3189
[0.24836407]
3190
[0.24572918]
3191
[0.32960621]
3192
[0.14331937]
3193
[0.18583417]
3194
[0.31373073]
3195
[0.11259462]
3196
[0.24857369]
3197
[0.0804715]
3198
[0.11232194]
3199
[0.10325289]
3200
[0.31221623]
3201
[0.12879621]
3202
[0.12929082]
3203
[0.45376532]
3204
[0.2275125]
3205
[0.22701282]
3206
[0.08996963]
3207
[0.23275296]
3208
[0.12074319]
3209
[0.21465316]
3210
[0.24224266]
3211
[0.08954411]
3212
[0.04300056]
3213
[0.23746919]
3214
[0.25207575]
3215
[0.19202665]
3216
[0.25624215]
3217
[0.15160234]
3218
[0.15132374]
3219
[0.24608316]
3220
[0.1145299]
3221
[0.33776115]
3222
[0.28007704]
3223
[0.18307603]
3224
[0.15149926]
3225
[0.19942417]
3226
[0.17553664]
3227
[0.2385444]
3228
[0.17110602]
3229
[0.11138744]
3230
[0.06409877]
3231
[0.24347278]
3232
[0.26112164]
3233
[0.30149055]
3234
[0.36325596]
3235
[0.24006471]
3236
[0.16305079]
3237
[0.26962409]
3238
[0.10619554]
3239
[0.25720128]
3240
[0.2230256]
3241
[0.20159061]
3242
[0.44836989]
3243
[0.25519702]
3244
[0.17268378]
3245
[0.2431556]
3246
[0.08166163]
3247
[0.19422812]
3248
[0.23708578]
3249
[0.25462503]
3250
[0.33981858]
3251
[0.34665596]
3252
[0.08641891]
3253
[0.24854595]
3254
[0.21214276]
3255
[0.2086037]
3256
[0.36136405]
3257
[0.22438198]
3258
[0.26008388]
3259
[0.28193183]
3260
[0.24738886]
3261
[0.36122825]
3262
[0.2205102]
3263
[0.12466131]
3264
[0.14954765]
3265
[0.08190371]
3266
[0.24168098]
3267
[0.2600893]
3268
[0.26819428]
3269
[0.15475517]
3270
[0.20370742]
3271
[0.2266242]
3272
[0.46313467]
3273
[0.06211044]
3274
[0.2340799]
3275
[0.23667126]
3276
[0.23196314]
3277
[0.31722883]
3278
[0.43012274]
3279
[0.30066325]
3280
[0.2673227]
3281
[0.24864795]
3282
[0.25690943]
3283
[0.30421239]
3284
[0.21812746]
3285
[0.16319432]
3286
[0.06419132]
3287
[0.2642492]
3288
[0.22965682]
3289
[0.2043926]
3290
[0.1971239]
3291
[0.23260031]
3292
[0.26392473]
3293
[0.21345077]
3294
[0.33899082]
3295
[0.26537877]
3296
[0.23211236]
3297
[0.22457418]
3298
[0.28454808]
3299
[0.27948844]
3300
[0.38068449]
3301
[0.24161238]
3302
[0.26235861]
3303
[0.21991693]
3304
[0.1781894]
3305
[0.27378745]
3306
[0.24862079]
3307
[0.10758939]
3308
[0.26469793]
3309
[0.10835639]
3310
[0.25198446]
3311
[0.21785979]
3312
[0.13841239]
3313
[0.22568873]
3314
[0.2853197]
3315
[0.30139379]
3316
[0.23118217]
3317
[0.23499719]
3318
[0.28778368]
3319
[0.2468357]
3320
[0.15920297]
3321
[0.24524558]
3322
[0.36180316]
3323
[0.46498263]
3324
[0.2415469]
3325
[0.18734214]
3326
[0.24927856]
3327
[0.20094451]
3328
[0.23910406]
3329
[0.25609902]
3330
[0.19298617]
3331
[0.24202661]
3332
[0.2519325]
3333
[0.24821615]
3334
[0.37067313]
3335
[0.29561985]
3336
[0.25588014]
3337
[0.5028937]
3338
[0.1527616]
3339
[0.12488032]
3340
[0.24938091]
3341
[0.18870331]
3342
[0.26025998]
3343
[0.41740324]
3344
[0.07724097]
3345
[0.31116395]
3346
[0.13151853]
3347
[0.16188118]
3348
[0.13530056]
3349
[0.18976127]
3350
[0.25100409]
3351
[0.30482332]
3352
[0.24587723]
3353
[0.24002035]
3354
[0.20710723]
3355
[0.25034008]
3356
[0.32731872]
3357
[0.26362384]
3358
[0.2198486]
3359
[0.29899366]
3360
[0.23841388]
3361
[0.22218418]
3362
[0.09864251]
3363
[0.37040971]
3364
[0.17796688]
3365
[0.2417688]
3366
[0.30527001]
3367
[0.20817404]
3368
[0.04504903]
3369
[0.20164405]
3370
[0.24859655]
3371
[0.32374622]
3372
[0.21839302]
3373
[0.23304289]
3374
[0.27447738]
3375
[0.2271312]
3376
[0.37818499]
3377
[0.16316959]
3378
[0.24691358]
3379
[0.13475755]
3380
[0.17072039]
3381
[0.17750884]
3382
[0.24869789]
3383
[0.27660311]
3384
[0.39758691]
3385
[0.18129842]
3386
[0.27346625]
3387
[0.24553615]
3388
[0.18468325]
3389
[0.2156172]
3390
[0.2249647]
3391
[0.24360211]
3392
[0.15766162]
3393
[0.28643676]
3394
[0.15354511]
3395
[0.32288191]
3396
[0.12895506]
3397
[0.2515964]
3398
[0.25877865]
3399
[0.13354035]
3400
[0.31144483]
3401
[0.38915648]
3402
[0.29703493]
3403
[0.24770832]
3404
[0.25071369]
3405
[0.25046617]
3406
[0.27157021]
3407
[0.09106752]
3408
[0.21100213]
3409
[0.08417253]
3410
[0.26646361]
3411
[0.23916463]
3412
[0.16161619]
3413
[0.40776861]
3414
[0.46022711]
3415
[0.24914327]
3416
[0.17710836]
3417
[0.05772091]
3418
[0.25510436]
3419
[0.2397926]
3420
[0.23598048]
3421
[0.26654095]
3422
[0.14122215]
3423
[0.22587342]
3424
[0.17315993]
3425
[0.22270545]
3426
[0.22129797]
3427
[0.25008071]
3428
[0.40340378]
3429
[0.17517664]
3430
[0.20914336]
3431
[0.23415436]
3432
[0.20746]
3433
[0.23501812]
3434
[0.20363568]
3435
[0.25000455]
3436
[0.23006935]
3437
[0.21076115]
3438
[0.23672668]
3439
[0.20597342]
3440
[0.28940678]
3441
[0.05030777]
3442
[0.22040556]
3443
[0.19455685]
3444
[0.25396981]
3445
[0.26816538]
3446
[0.36565509]
3447
[0.2725542]
3448
[0.36815688]
3449
[0.38003928]
3450
[0.17425604]
3451
[0.2118762]
3452
[0.27434922]
3453
[0.2635188]
3454
[0.22742955]
3455
[0.25562247]
3456
[0.23330457]
3457
[0.20832679]
3458
[0.33171698]
3459
[0.27145159]
3460
[0.21412996]
3461
[0.30373052]
3462
[0.24637091]
3463
[0.39229578]
3464
[0.22786205]
3465
[0.22108028]
3466
[0.2429897]
3467
[0.30462452]
3468
[0.01424201]
3469
[0.37306387]
3470
[0.24321883]
3471
[0.37125658]
3472
[0.24909443]
3473
[0.27335716]
3474
[0.25865326]
3475
[0.25669953]
3476
[0.22358382]
3477
[0.24685168]
3478
[0.21290464]
3479
[0.27321612]
3480
[0.24641438]
3481
[0.28237524]
3482
[0.29738736]
3483
[0.20917458]
3484
[0.3020012]
3485
[0.16329917]
3486
[0.16739487]
3487
[0.20738415]
3488
[0.2490406]
3489
[0.24858436]
3490
[0.31288716]
3491
[0.17876419]
3492
[0.26455626]
3493
[0.24760972]
3494
[0.18001267]
3495
[0.19597909]
3496
[0.23099732]
3497
[0.07785962]
3498
[0.23785672]
3499
[0.19768681]
3500
[0.0623833]
3501
[0.22870554]
3502
[0.24649424]
3503
[0.20773516]
3504
[0.22803197]
3505
[0.2525288]
3506
[0.21968838]
3507
[0.21522152]
3508
[0.22230088]
3509
[0.19701944]
3510
[0.12907811]
3511
[0.14156981]
3512
[0.21201411]
3513
[0.21852007]
3514
[0.18129057]
3515
[0.18669861]
3516
[0.25640145]
3517
[0.21939337]
3518
[0.2645703]
3519
[0.24082205]
3520
[0.27600541]
3521
[0.19529571]
3522
[0.12109946]
3523
[0.34154708]
3524
[0.14168923]
3525
[0.47097394]
3526
[0.25635924]
3527
[0.24274784]
3528
[0.06924377]
3529
[0.19761479]
3530
[0.4559977]
3531
[0.22816903]
3532
[0.14667351]
3533
[0.11198528]
3534
[0.14056232]
3535
[0.25976389]
3536
[0.05567211]
3537
[0.27853648]
3538
[0.23445828]
3539
[0.24229434]
3540
[0.14704613]
3541
[0.20798605]
3542
[0.16906456]
3543
[0.2104595]
3544
[0.20264795]
3545
[0.10950342]
3546
[0.28045542]
3547
[0.21353889]
3548
[0.32173928]
3549
[0.22423754]
3550
[0.26415037]
3551
[0.19184721]
3552
[0.17631139]
3553
[0.209656]
3554
[0.38441451]
3555
[0.25000941]
3556
[0.37181776]
3557
[0.22665913]
3558
[0.17666243]
3559
[0.24484231]
3560
[0.25863736]
3561
[0.2609622]
3562
[0.22359998]
3563
[0.24856759]
3564
[0.31712157]
3565
[0.35879604]
3566
[0.3883947]
3567
[0.23648446]
3568
[0.24916183]
3569
[0.23495012]
3570
[0.119682]
3571
[0.03684341]
3572
[0.21746255]
3573
[0.31004215]
3574
[0.18685577]
3575
[0.20103774]
3576
[0.20150153]
3577
[0.24633788]
3578
[0.24214226]
3579
[0.15425958]
3580
[0.27591696]
3581
[0.24933319]
3582
[0.2740086]
3583
[0.28764671]
3584
[0.14660599]
3585
[0.23246091]
3586
[0.32495255]
3587
[0.1989953]
3588
[0.25860017]
3589
[0.22799583]
3590
[0.22988416]
3591
[0.30445512]
3592
[0.25967861]
3593
[0.24341403]
3594
[0.19802552]
3595
[0.23482415]
3596
[0.2301436]
3597
[0.25378135]
3598
[0.19479489]
3599
[0.26327202]
3600
[0.2565601]
3601
[0.3094481]
3602
[0.18348348]
3603
[0.33965553]
3604
[0.20524768]
3605
[0.27738476]
3606
[0.24623196]
3607
[0.23611643]
3608
[0.08476905]
3609
[0.24731809]
3610
[0.18270401]
3611
[0.15646121]
3612
[0.18156775]
3613
[0.24742481]
3614
[0.22330838]
3615
[0.10744536]
3616
[0.21695216]
3617
[0.2488547]
3618
[0.13299393]
3619
[0.15992888]
3620
[0.23255826]
3621
[0.22301643]
3622
[0.21051363]
3623
[0.17663735]
3624
[0.2853627]
3625
[0.2460179]
3626
[0.24128549]
3627
[0.20566364]
3628
[0.25948528]
3629
[0.25839448]
3630
[0.26982734]
3631
[0.23611896]
3632
[0.27326866]
3633
[0.12510679]
3634
[0.26260073]
3635
[0.23889194]
3636
[0.21671654]
3637
[0.29325699]
3638
[0.42571817]
3639
[0.28041122]
3640
[0.11678518]
3641
[0.25852]
3642
[0.22876934]
3643
[0.22387283]
3644
[0.23898677]
3645
[0.2558694]
3646
[0.24315078]
3647
[0.15365622]
3648
[0.16134765]
3649
[0.20885697]
3650
[0.2143319]
3651
[0.24069493]
3652
[0.27366779]
3653
[0.25334489]
3654
[0.15384545]
3655
[0.16199228]
3656
[0.36317022]
3657
[0.31738241]
3658
[0.18903833]
3659
[0.25357597]
3660
[0.26854352]
3661
[0.17448764]
3662
[0.09368531]
3663
[0.24810964]
3664
[0.28238728]
3665
[0.18364686]
3666
[0.22433886]
3667
[0.18527022]
3668
[0.33491351]
3669
[0.22840691]
3670
[0.16841571]
3671
[0.2828735]
3672
[0.25252678]
3673
[0.33013211]
3674
[0.25139678]
3675
[0.14303611]
3676
[0.24528054]
3677
[0.31254778]
3678
[0.16749175]
3679
[0.19048375]
3680
[0.21049545]
3681
[0.27658991]
3682
[0.22294441]
3683
[0.1160799]
3684
[0.18447931]
3685
[0.27870511]
3686
[0.37142034]
3687
[0.2379844]
3688
[0.35872165]
3689
[0.25405547]
3690
[0.2419435]
3691
[0.24448055]
3692
[0.31647082]
3693
[0.42332554]
3694
[0.2560734]
3695
[0.2556091]
3696
[0.11446943]
3697
[0.06525075]
3698
[0.26388495]
3699
[0.19057266]
3700
[0.324116]
3701
[0.33152835]
3702
[0.17055012]
3703
[0.24624943]
3704
[0.22475529]
3705
[0.16074118]
3706
[0.16637829]
3707
[0.13930216]
3708
[0.13212201]
3709
[0.17405032]
3710
[0.18128409]
3711
[0.21206898]
3712
[0.4668895]
3713
[0.1870748]
3714
[0.12755038]
3715
[0.21029068]
3716
[0.24887366]
3717
[0.06750766]
3718
[0.20393448]
3719
[0.23741727]
3720
[0.19055529]
3721
[0.15570431]
3722
[0.23262452]
3723
[0.29174267]
3724
[0.19239483]
3725
[0.25642379]
3726
[0.24741774]
3727
[0.31808366]
3728
[0.19415819]
3729
[0.09618273]
3730
[0.27843038]
3731
[0.4054932]
3732
[0.32615615]
3733
[0.30325436]
3734
[0.25375912]
3735
[0.22714977]
3736
[0.21958118]
3737
[0.23166457]
3738
[0.21552973]
3739
[0.25726513]
3740
[0.23821634]
3741
[0.25573641]
3742
[0.09253737]
3743
[0.09533344]
3744
[0.20773024]
3745
[0.11325143]
3746
[0.22797894]
3747
[0.24749052]
3748
[0.24474337]
3749
[0.1935742]
3750
[0.24897523]
3751
[0.25197641]
3752
[0.22366399]
3753
[0.26461237]
3754
[0.18243738]
3755
[0.30579812]
3756
[0.24570455]
3757
[0.10442908]
3758
[0.15550836]
3759
[0.10856379]
3760
[0.14781482]
3761
[0.38801086]
3762
[0.26036324]
3763
[0.2018922]
3764
[0.24967402]
3765
[0.20044653]
3766
[0.10638951]
3767
[0.23417703]
3768
[0.2417971]
3769
[0.14958707]
3770
[0.23439537]
3771
[0.24445232]
3772
[0.2675771]
3773
[0.24904702]
3774
[0.15153069]
3775
[0.23847763]
3776
[0.33361803]
3777
[0.21042415]
3778
[0.30188754]
3779
[0.24353023]
3780
[0.24076606]
3781
[0.22928613]
3782
[0.37824312]
3783
[0.2108942]
3784
[0.16487883]
3785
[0.26223348]
3786
[0.22515073]
3787
[0.20241416]
3788
[0.13325322]
3789
[0.2492729]
3790
[0.07873373]
3791
[0.20708449]
3792
[0.11058045]
3793
[0.21088717]
3794
[0.20034376]
3795
[0.26905139]
3796
[0.16415802]
3797
[0.25540488]
3798
[0.06111028]
3799
[0.27153807]
3800
[0.25766095]
3801
[0.27041489]
3802
[0.14068824]
3803
[0.27662938]
3804
[0.09671203]
3805
[0.24667836]
3806
[0.234112]
3807
[0.25624584]
3808
[0.26264157]
3809
[0.11868552]
3810
[0.24986913]
3811
[0.21871576]
3812
[0.24752992]
3813
[0.25166938]
3814
[0.26228101]
3815
[0.1443674]
3816
[0.16373297]
3817
[0.24310191]
3818
[0.24035182]
3819
[0.28948231]
3820
[0.170531]
3821
[0.21601991]
3822
[0.24433927]
3823
[0.22163003]
3824
[0.16692731]
3825
[0.25356046]
3826
[0.14960829]
3827
[0.29023669]
3828
[0.25105581]
3829
[0.23405302]
3830
[0.06117313]
3831
[0.24327675]
3832
[0.24782907]
3833
[0.19020246]
3834
[0.10963798]
3835
[0.13088406]
3836
[0.25723533]
3837
[0.30284259]
3838
[0.19921456]
3839
[0.22119017]
3840
[0.11285787]
3841
[0.29009773]
3842
[0.27460243]
3843
[0.09030974]
3844
[0.12640763]
3845
[0.20839464]
3846
[0.26110584]
3847
[0.22774885]
3848
[0.13410639]
3849
[0.16677932]
3850
[0.30995763]
3851
[0.19704511]
3852
[0.28144977]
3853
[0.20342701]
3854
[0.30425346]
3855
[0.24551506]
3856
[0.23285972]
3857
[0.31334999]
3858
[0.34281573]
3859
[0.3389561]
3860
[0.22912884]
3861
[0.26575159]
3862
[0.23992612]
3863
[0.20392446]
3864
[0.0676722]
3865
[0.22434544]
3866
[0.43602369]
3867
[0.08313124]
3868
[0.25859051]
3869
[0.26327309]
3870
[0.23371645]
3871
[0.25530257]
3872
[0.41861186]
3873
[0.26377057]
3874
[0.24395447]
3875
[0.24533653]
3876
[0.23847123]
3877
[0.18770345]
3878
[0.24657634]
3879
[0.17927798]
3880
[0.34701801]
3881
[0.24554281]
3882
[0.26409038]
3883
[0.1744245]
3884
[0.23985652]
3885
[0.25161997]
3886
[0.26207749]
3887
[0.22003039]
3888
[0.09491007]
3889
[0.23444047]
3890
[0.28643898]
3891
[0.25141616]
3892
[0.24285699]
3893
[0.19525688]
3894
[0.2440977]
3895
[0.21068036]
3896
[0.24961323]
3897
[0.25103133]
3898
[0.27479001]
3899
[0.21844766]
3900
[0.10875596]
3901
[0.16918224]
3902
[0.19743944]
3903
[0.06188935]
3904
[0.23246045]
3905
[0.29448888]
3906
[0.24190485]
3907
[0.12223816]
3908
[0.22546769]
3909
[0.20952268]
3910
[0.19735152]
3911
[0.21063389]
3912
[0.22628441]
3913
[0.11336967]
3914
[0.24421]
3915
[0.23276478]
3916
[0.16049266]
3917
[0.1505922]
3918
[0.24460032]
3919
[0.2749034]
3920
[0.19354453]
3921
[0.18930949]
3922
[0.23031847]
3923
[0.20179777]
3924
[0.23352609]
3925
[0.2016236]
3926
[0.17823009]
3927
[0.19334827]
3928
[0.2463555]
3929
[0.10632406]
3930
[0.06658281]
3931
[0.05792663]
3932
[0.1511532]
3933
[0.10673995]
3934
[0.14509241]
3935
[0.10376229]
3936
[0.27075712]
3937
[0.23865498]
3938
[0.27382504]
3939
[0.05121897]
3940
[0.23327348]
3941
[0.20762043]
3942
[0.2117884]
3943
[0.27737709]
3944
[0.14591851]
3945
[0.25619678]
3946
[0.3752581]
3947
[0.24829151]
3948
[0.16097349]
3949
[0.26139342]
3950
[0.26208648]
3951
[0.14989506]
3952
[0.24913967]
3953
[0.18277421]
3954
[0.15678581]
3955
[0.18872836]
3956
[0.16536172]
3957
[0.24513752]
3958
[0.26790466]
3959
[0.29231647]
3960
[0.36620175]
3961
[0.29244686]
3962
[0.21781947]
3963
[0.26319112]
3964
[0.27413379]
3965
[0.21562935]
3966
[0.24766456]
3967
[0.23522693]
3968
[0.24982105]
3969
[0.24816384]
3970
[0.29248296]
3971
[0.19519487]
3972
[0.21038158]
3973
[0.20948472]
3974
[0.28287813]
3975
[0.19195453]
3976
[0.37307407]
3977
[0.19676107]
3978
[0.19992446]
3979
[0.13403922]
3980
[0.18222389]
3981
[0.2119279]
3982
[0.24785201]
3983
[0.28964948]
3984
[0.22229232]
3985
[0.19045541]
3986
[0.38396906]
3987
[0.26325491]
3988
[0.24442199]
3989
[0.12083926]
3990
[0.22570961]
3991
[0.24195204]
3992
[0.21346829]
3993
[0.25004768]
3994
[0.14497047]
3995
[0.19694622]
3996
[0.18230668]
3997
[0.29099593]
3998
[0.28561515]
3999
[0.31610712]
4000
[0.26327521]
4001
[0.24361657]
4002
[0.16834902]
4003
[0.26457647]
4004
[0.24913708]
4005
[0.24847005]
4006
[0.21695268]
4007
[0.28731464]
4008
[0.44674234]
4009
[0.26384073]
4010
[0.11872283]
4011
[0.48004801]
4012
[0.2448106]
4013
[0.18909846]
4014
[0.26282542]
4015
[0.24051193]
4016
[0.22114672]
4017
[0.15793459]
4018
[0.12867791]
4019
[0.37898876]
4020
[0.35519901]
4021
[0.17379386]
4022
[0.41145392]
4023
[0.17334257]
4024
[0.19000937]
4025
[0.25018297]
4026
[0.33467881]
4027
[0.29423096]
4028
[0.23470359]
4029
[0.37995755]
4030
[0.08556902]
4031
[0.2202472]
4032
[0.14853617]
4033
[0.18839206]
4034
[0.22752155]
4035
[0.24226696]
4036
[0.15038203]
4037
[0.22073359]
4038
[0.09554609]
4039
[0.24102227]
4040
[0.24606789]
4041
[0.22067495]
4042
[0.23504298]
4043
[0.21010063]
4044
[0.28844095]
4045
[0.18929952]
4046
[0.15569163]
4047
[0.24873832]
4048
[0.24758832]
4049
[0.25783639]
4050
[0.27730349]
4051
[0.24397354]
4052
[0.24433916]
4053
[0.18809474]
4054
[0.17220653]
4055
[0.27128579]
4056
[0.19337047]
4057
[0.2371302]
4058
[0.24778078]
4059
[0.26930898]
4060
[0.27219501]
4061
[0.22881671]
4062
[0.23667964]
4063
[0.24503491]
4064
[0.24971991]
4065
[0.25440451]
4066
[0.37021819]
4067
[0.19729563]
4068
[0.21687797]
4069
[0.27835702]
4070
[0.27425379]
4071
[0.19283534]
4072
[0.26656858]
4073
[0.08380928]
4074
[0.27344859]
4075
[0.14592719]
4076
[0.21382361]
4077
[0.22131468]
4078
[0.33517548]
4079
[0.25751269]
4080
[0.23042121]
4081
[0.13498821]
4082
[0.30196398]
4083
[0.09155386]
4084
[0.18733524]
4085
[0.24976861]
4086
[0.3115351]
4087
[0.24569903]
4088
[0.21405619]
4089
[0.48984064]
4090
[0.16093414]
4091
[0.19182731]
4092
[0.25284282]
4093
[0.26579514]
4094
[0.44508327]
4095
[0.2097002]
4096
[0.21044517]
4097
[0.19505782]
4098
[0.25329958]
4099
[0.21100168]
4100
[0.15183222]
4101
[0.21671473]
4102
[0.17373393]
4103
[0.2753615]
4104
[0.23739317]
4105
[0.24028869]
4106
[0.26540266]
4107
[0.16861946]
4108
[0.22138071]
4109
[0.30778927]
4110
[0.12226974]
4111
[0.18704562]
4112
[0.26619055]
4113
[0.22399366]
4114
[0.4376282]
4115
[0.30094959]
4116
[0.2621634]
4117
[0.18682]
4118
[0.25804639]
4119
[0.24294891]
4120
[0.09027285]
4121
[0.16316091]
4122
[0.21990769]
4123
[0.22612228]
4124
[0.18289598]
4125
[0.13545388]
4126
[0.24487934]
4127
[0.14076369]
4128
[0.22331305]
4129
[0.15134434]
4130
[0.2291213]
4131
[0.20979666]
4132
[0.14222435]
4133
[0.23989758]
4134
[0.23877161]
4135
[0.23273691]
4136
[0.26901057]
4137
[0.22456537]
4138
[0.23492231]
4139
[0.26521367]
4140
[0.23995787]
4141
[0.23986561]
4142
[0.20908357]
4143
[0.15048269]
4144
[0.18325913]
4145
[0.24624367]
4146
[0.2356671]
4147
[0.13095423]
4148
[0.22619628]
4149
[0.24474922]
4150
[0.32548308]
4151
[0.09928336]
4152
[0.20870522]
4153
[0.24812301]
4154
[0.13859134]
4155
[0.27494881]
4156
[0.25863442]
4157
[0.2039187]
4158
[0.22493543]
4159
[0.13175826]
4160
[0.25220623]
4161
[0.2466846]
4162
[0.24087028]
4163
[0.20516136]
4164
[0.19074957]
4165
[0.08824477]
4166
[0.1326654]
4167
[0.22474217]
4168
[0.2456465]
4169
[0.25018607]
4170
[0.10191745]
4171
[0.26947533]
4172
[0.1627618]
4173
[0.24846802]
4174
[0.31224789]
4175
[0.24257928]
4176
[0.1060962]
4177
[0.26518912]
4178
[0.23852921]
4179
[0.24165876]
4180
[0.22244518]
4181
[0.10260894]
4182
[0.22633492]
4183
[0.22270175]
4184
[0.2503016]
4185
[0.23456753]
4186
[0.17456044]
4187
[0.26716906]
4188
[0.24695738]
4189
[0.04793899]
4190
[0.30279032]
4191
[0.26242149]
4192
[0.18697404]
4193
[0.24876513]
4194
[0.20323207]
4195
[0.27920925]
4196
[0.21209065]
4197
[0.30440289]
4198
[0.14543117]
4199
[0.31702299]
4200
[0.14563683]
4201
[0.42384658]
4202
[0.23930342]
4203
[0.29228046]
4204
[0.18572032]
4205
[0.24797564]
4206
[0.22014988]
4207
[0.2593651]
4208
[0.41612155]
4209
[0.15241245]
4210
[0.10354122]
4211
[0.26452674]
4212
[0.21046095]
4213
[0.23380781]
4214
[0.03953049]
4215
[0.24857355]
4216
[0.15582258]
4217
[0.27985075]
4218
[0.22490203]
4219
[0.36367346]
4220
[0.21713822]
4221
[0.14492161]
4222
[0.06918021]
4223
[0.33567463]
4224
[0.2109777]
4225
[0.08695396]
4226
[0.36682524]
4227
[0.16126254]
4228
[0.22071224]
4229
[0.05885185]
4230
[0.23781121]
4231
[0.15715466]
4232
[0.34379401]
4233
[0.3140463]
4234
[0.36378233]
4235
[0.15650315]
4236
[0.25500766]
4237
[0.29343919]
4238
[0.22211142]
4239
[0.19891967]
4240
[0.38273108]
4241
[0.12339731]
4242
[0.21521324]
4243
[0.26353276]
4244
[0.22705729]
4245
[0.25046622]
4246
[0.05982263]
4247
[0.26018798]
4248
[0.14927324]
4249
[0.20391654]
4250
[0.21483019]
4251
[0.25088023]
4252
[0.31637517]
4253
[0.19473246]
4254
[0.18504306]
4255
[0.25056689]
4256
[0.30862725]
4257
[0.22257799]
4258
[0.2736668]
4259
[0.21509123]
4260
[0.31379974]
4261
[0.17977991]
4262
[0.22750157]
4263
[0.2336387]
4264
[0.25130967]
4265
[0.13871071]
4266
[0.23768799]
4267
[0.16452505]
4268
[0.15545658]
4269
[0.12481208]
4270
[0.26842606]
4271
[0.32425717]
4272
[0.33135817]
4273
[0.12533644]
4274
[0.25028482]
4275
[0.20064525]
4276
[0.21637801]
4277
[0.25578704]
4278
[0.1195319]
4279
[0.20253221]
4280
[0.27363949]
4281
[0.14430573]
4282
[0.08184193]
4283
[0.2495056]
4284
[0.15649512]
4285
[0.20446]
4286
[0.03578592]
4287
[0.05777625]
4288
[0.28621856]
4289
[0.16556832]
4290
[0.09527718]
4291
[0.2364987]
4292
[0.13482181]
4293
[0.24449268]
4294
[0.25307863]
4295
[0.24438354]
4296
[0.26846433]
4297
[0.19818731]
4298
[0.24004649]
4299
[0.24511482]
4300
[0.21436334]
4301
[0.22374557]
4302
[0.1794789]
4303
[0.24660411]
4304
[0.35621099]
4305
[0.24845225]
4306
[0.13430435]
4307
[0.22618851]
4308
[0.18188115]
4309
[0.29345565]
4310
[0.15204211]
4311
[0.23121397]
4312
[0.20018432]
4313
[0.21313496]
4314
[0.15353655]
4315
[0.29517675]
4316
[0.40760715]
4317
[0.31391577]
4318
[0.14361866]
4319
[0.22032829]
4320
[0.24679197]
4321
[0.14706264]
4322
[0.24513931]
4323
[0.25131661]
4324
[0.16474021]
4325
[0.09868719]
4326
[0.38756491]
4327
[0.19080292]
4328
[0.26683199]
4329
[0.27053543]
4330
[0.21641924]
4331
[0.27389975]
4332
[0.14150417]
4333
[0.1255964]
4334
[0.18358185]
4335
[0.140729]
4336
[0.0798261]
4337
[0.26265697]
4338
[0.25002029]
4339
[0.14804747]
4340
[0.27126032]
4341
[0.2405612]
4342
[0.20326233]
4343
[0.14187131]
4344
[0.19776252]
4345
[0.09761169]
4346
[0.13338067]
4347
[0.1152543]
4348
[0.08262766]
4349
[0.2705718]
4350
[0.2609658]
4351
[0.3816679]
4352
[0.10477514]
4353
[0.24848512]
4354
[0.25325799]
4355
[0.18472708]
4356
[0.2870201]
4357
[0.38513979]
4358
[0.26036769]
4359
[0.25321797]
4360
[0.22831354]
4361
[0.21950235]
4362
[0.19672591]
4363
[0.20497492]
4364
[0.25351257]
4365
[0.29350135]
4366
[0.21369375]
4367
[0.22956518]
4368
[0.23686615]
4369
[0.24480992]
4370
[0.10722088]
4371
[0.0914294]
4372
[0.24098667]
4373
[0.17816076]
4374
[0.25622957]
4375
[0.12963314]
4376
[0.24241327]
4377
[0.24720363]
4378
[0.22586274]
4379
[0.18396746]
4380
[0.2320362]
4381
[0.2480584]
4382
[0.24681724]
4383
[0.24454175]
4384
[0.22649671]
4385
[0.25675381]
4386
[0.25106362]
4387
[0.29386867]
4388
[0.25622183]
4389
[0.21757323]
4390
[0.06951098]
4391
[0.25734429]
4392
[0.22762469]
4393
[0.28157174]
4394
[0.09935399]
4395
[0.13535902]
4396
[0.24629452]
4397
[0.29745827]
4398
[0.15489795]
4399
[0.25252627]
4400
[0.3331036]
4401
[0.24894387]
4402
[0.10913713]
4403
[0.2236808]
4404
[0.19467901]
4405
[0.06038284]
4406
[0.32980855]
4407
[0.11828256]
4408
[0.12410948]
4409
[0.26697452]
4410
[0.26046682]
4411
[0.39490708]
4412
[0.27992178]
4413
[0.16053418]
4414
[0.25615064]
4415
[0.19214843]
4416
[0.24881717]
4417
[0.45020474]
4418
[0.27751426]
4419
[0.22275622]
4420
[0.23945899]
4421
[0.25629828]
4422
[0.24233217]
4423
[0.18755343]
4424
[0.16498177]
4425
[0.21686985]
4426
[0.24834546]
4427
[0.30621741]
4428
[0.22271723]
4429
[0.20340529]
4430
[0.32384584]
4431
[0.06723492]
4432
[0.14075313]
4433
[0.34532017]
4434
[0.27300128]
4435
[0.11377063]
4436
[0.32379139]
4437
[0.28304233]
4438
[0.28674538]
4439
[0.24845282]
4440
[0.17773607]
4441
[0.21157861]
4442
[0.10239412]
4443
[0.24543539]
4444
[0.22882346]
4445
[0.25541801]
4446
[0.16221805]
4447
[0.23991662]
4448
[0.26304587]
4449
[0.31970449]
4450
[0.14832541]
4451
[0.16058355]
4452
[0.31500578]
4453
[0.17004692]
4454
[0.24387725]
4455
[0.22634855]
4456
[0.19868096]
4457
[0.24393464]
4458
[0.24742447]
4459
[0.2174858]
4460
[0.24492806]
4461
[0.25422441]
4462
[0.14882941]
4463
[0.23591364]
4464
[0.11113171]
4465
[0.1799449]
4466
[0.16981289]
4467
[0.16672498]
4468
[0.27075029]
4469
[0.22171516]
4470
[0.22406811]
4471
[0.42116954]
4472
[0.19125243]
4473
[0.12892946]
4474
[0.24276165]
4475
[0.29605577]
4476
[0.25545047]
4477
[0.06300918]
4478
[0.16112237]
4479
[0.17854487]
4480
[0.18985701]
4481
[0.2317592]
4482
[0.23722065]
4483
[0.22398586]
4484
[0.23197487]
4485
[0.24791573]
4486
[0.20209825]
4487
[0.30917828]
4488
[0.2542221]
4489
[0.19898611]
4490
[0.28771107]
4491
[0.32082629]
4492
[0.24818837]
4493
[0.0819219]
4494
[0.37791963]
4495
[0.19617371]
4496
[0.24692011]
4497
[0.21667566]
4498
[0.09535169]
4499
[0.27904323]
4500
[0.21383931]
4501
[0.23199735]
4502
[0.16601656]
4503
[0.22374427]
4504
[0.32814249]
4505
[0.24882036]
4506
[0.31028083]
4507
[0.31224183]
4508
[0.20683236]
4509
[0.44918243]
4510
[0.27744655]
4511
[0.34943716]
4512
[0.05931586]
4513
[0.15880099]
4514
[0.21542005]
4515
[0.25904698]
4516
[0.17961605]
4517
[0.08058744]
4518
[0.30871701]
4519
[0.249316]
4520
[0.17498591]
4521
[0.19950657]
4522
[0.32070422]
4523
[0.23513862]
4524
[0.24567076]
4525
[0.17754691]
4526
[0.23682148]
4527
[0.24183728]
4528
[0.24714817]
4529
[0.21945839]
4530
[0.17992465]
4531
[0.06589638]
4532
[0.03315463]
4533
[0.14840575]
4534
[0.17290676]
4535
[0.10560001]
4536
[0.19544545]
4537
[0.22094718]
4538
[0.26574035]
4539
[0.2225376]
4540
[0.17629584]
4541
[0.23456204]
4542
[0.27512133]
4543
[0.2613761]
4544
[0.20857862]
4545
[0.23618525]
4546
[0.28145051]
4547
[0.16156756]
4548
[0.29343934]
4549
[0.29055725]
4550
[0.24662965]
4551
[0.07469331]
4552
[0.19175927]
4553
[0.19772345]
4554
[0.25168958]
4555
[0.16107319]
4556
[0.1868124]
4557
[0.40902894]
4558
[0.34249288]
4559
[0.0380343]
4560
[0.25080046]
4561
[0.24155976]
4562
[0.24928534]
4563
[0.23141159]
4564
[0.24258691]
4565
[0.07730346]
4566
[0.02676547]
4567
[0.14957432]
4568
[0.19648898]
4569
[0.22208367]
4570
[0.23414162]
4571
[0.26498622]
4572
[0.15340273]
4573
[0.24009915]
4574
[0.20882947]
4575
[0.12511471]
4576
[0.25858477]
4577
[0.12175454]
4578
[0.27597105]
4579
[0.27432288]
4580
[0.19705837]
4581
[0.26903685]
4582
[0.24522874]
4583
[0.30147769]
4584
[0.13714991]
4585
[0.09602278]
4586
[0.16651408]
4587
[0.2284033]
4588
[0.23911721]
4589
[0.12461884]
4590
[0.2464291]
4591
[0.21175463]
4592
[0.23560566]
4593
[0.23600116]
4594
[0.24831343]
4595
[0.1616787]
4596
[0.21969304]
4597
[0.24299667]
4598
[0.21448214]
4599
[0.10173592]
4600
[0.25873349]
4601
[0.01930106]
4602
[0.23501625]
4603
[0.13707477]
4604
[0.20759165]
4605
[0.22836819]
4606
[0.25437844]
4607
[0.29303455]
4608
[0.25637838]
4609
[0.25910293]
4610
[0.13493376]
4611
[0.20870956]
4612
[0.25079202]
4613
[0.2218374]
4614
[0.22319792]
4615
[0.17976752]
4616
[0.1778763]
4617
[0.22590567]
4618
[0.1286169]
4619
[0.24660977]
4620
[0.24486511]
4621
[0.37152851]
4622
[0.1491363]
4623
[0.22749391]
4624
[0.23630668]
4625
[0.17857817]
4626
[0.19728421]
4627
[0.25638536]
4628
[0.27701935]
4629
[0.06647042]
4630
[0.20031238]
4631
[0.11185886]
4632
[0.25270235]
4633
[0.25126737]
4634
[0.24754075]
4635
[0.10561057]
4636
[0.23389059]
4637
[0.21543862]
4638
[0.24700776]
4639
[0.22993365]
4640
[0.20935735]
4641
[0.25192778]
4642
[0.24432983]
4643
[0.10539094]
4644
[0.24230055]
4645
[0.19097571]
4646
[0.25323941]
4647
[0.09087321]
4648
[0.20844058]
4649
[0.25515887]
4650
[0.20179101]
4651
[0.11952684]
4652
[0.20476803]
4653
[0.37836735]
4654
[0.25040265]
4655
[0.22370481]
4656
[0.07135683]
4657
[0.24633312]
4658
[0.24891091]
4659
[0.21151354]
4660
[0.30240175]
4661
[0.15643476]
4662
[0.26081099]
4663
[0.24919655]
4664
[0.20949976]
4665
[0.42682709]
4666
[0.36784784]
4667
[0.13777272]
4668
[0.24748517]
4669
[0.1993088]
4670
[0.24297738]
4671
[0.08016927]
4672
[0.26077914]
4673
[0.21538104]
4674
[0.18452671]
4675
[0.17339405]
4676
[0.24004414]
4677
[0.25840416]
4678
[0.18374363]
4679
[0.22459408]
4680
[0.2630545]
4681
[0.09307375]
4682
[0.25484296]
4683
[0.17966294]
4684
[0.24934539]
4685
[0.24919188]
4686
[0.22310009]
4687
[0.17800652]
4688
[0.19338721]
4689
[0.14101036]
4690
[0.24537156]
4691
[0.13691313]
4692
[0.26356358]
4693
[0.21104083]
4694
[0.35643057]
4695
[0.10701552]
4696
[0.24847414]
4697
[0.2697451]
4698
[0.23857581]
4699
[0.1697413]
4700
[0.22716545]
4701
[0.23719833]
4702
[0.23130635]
4703
[0.18301421]
4704
[0.26559891]
4705
[0.24166519]
4706
[0.28083403]
4707
[0.24560421]
4708
[0.20133049]
4709
[0.19535112]
4710
[0.26429262]
4711
[0.30725859]
4712
[0.13216324]
4713
