LOADING R
R LOADED
[1] "/home/lvanderl/Rlibs2"                         
[2] "/app/software/R/4.3.1-gfbf-2022b/lib/R/library"
[1] "/home/lvanderl/sieveSims"
[1] "rf 20 3"
[1] "histogram binning"
[1] 0.09561344
[1] 0.09561344
[1] "mondrian"
[1] "iso"
[1] 0.09561344
[1] "conditional"
[   10.            11.51395399    13.25711366    15.26417967
    17.57510625    20.23589648    23.29951811    26.82695795
    30.88843596    35.56480306    40.94915062    47.14866363
    54.28675439    62.50551925    71.9685673     82.86427729
    95.40954763   109.8541142    126.48552169   145.63484775
   167.68329368   193.06977289   222.29964825   255.95479227
   294.70517026   339.32217719   390.69399371   449.8432669
   517.94746792   596.36233166   686.648845     790.60432109
   910.29817799  1048.11313415  1206.79264064  1389.49549437
  1599.85871961  1842.06996933  2120.95088792  2442.05309455
  2811.76869797  3237.45754282  3727.59372031  4291.93426013
  4941.71336132  5689.86602902  6551.2855686   7543.12006335
  8685.11373751 10000.        ]
[0.2159804  0.21575417 0.21476939 0.21431372 0.2134386  0.21230385
 0.21127469 0.21012656 0.20820001 0.20697274 0.20473773 0.20276057
 0.19984588 0.19752181 0.19434627 0.19128128 0.18781815 0.18415899
 0.18060867 0.17725717 0.17359573 0.1703593  0.16666719 0.16331013
 0.15987067 0.15709297 0.15451439 0.1521009  0.15033177 0.14900745
 0.14819829 0.14767001 0.14782764 0.14757095 0.14781179 0.14799738
 0.14757773 0.14762102 0.14787273 0.1477217  0.14786563 0.14783934
 0.14758362 0.14767371 0.14783762 0.14762136 0.14788808 0.14788606
 0.14773751 0.14757936]
1048.1131341546852
0.0009540954763499945
0
[0.63438895]
1
[0.24009827]
2
[0.00563732]
3
[0.00101415]
4
[0.67665796]
5
[0.67665796]
6
[0.58023177]
7
[0.67665796]
8
[0.51947006]
9
[0.67665796]
10
[0.67665796]
11
[0.00101415]
12
[0.67665796]
13
[0.01752548]
14
[0.67665796]
15
[0.13574664]
16
[0.67665796]
17
[0.51616779]
18
[0.29227409]
19
[0.42040205]
20
[0.00299551]
21
[0.09744034]
22
[0.67665796]
23
[0.63703076]
24
[0.60995217]
25
[0.34709172]
26
[0.67665796]
27
[0.67665796]
28
[0.66675116]
29
[0.62051942]
30
[0.67269524]
31
[0.36690532]
32
[0.15423933]
33
[0.67665796]
34
[0.51088416]
35
[0.30944588]
36
[0.46663379]
37
[0.67665796]
38
[0.67665796]
39
[0.33256175]
40
[0.58617585]
41
[0.32133404]
42
[0.56438089]
43
[0.32001313]
44
[0.36624487]
45
[0.67665796]
46
[0.21169878]
47
[0.62316124]
48
[0.09083581]
49
[0.67665796]
50
[0.67665796]
51
[0.21235923]
52
[0.67665796]
53
[0.06639903]
54
[0.30680407]
55
[0.13310483]
56
[0.44219701]
57
[0.67665796]
58
[0.2070756]
59
[0.06309677]
60
[0.37218895]
61
[0.18858291]
62
[0.06639903]
63
[0.55117182]
64
[0.30878543]
65
[0.66080708]
66
[0.17075067]
67
[0.67665796]
68
[0.343129]
69
[0.10866805]
70
[0.60929172]
71
[0.67665796]
72
[0.40917434]
73
[0.67665796]
74
[0.47654059]
75
[0.42898794]
76
[0.5954222]
77
[0.67665796]
78
[0.67665796]
79
[0.4593688]
80
[0.67665796]
81
[0.48578693]
82
[0.50097736]
83
[0.67665796]
84
[0.4296484]
85
[0.67665796]
86
[0.67665796]
87
[0.67665796]
88
[0.09347762]
89
[0.67665796]
90
[0.67665796]
91
[0.67665796]
92
[0.00101415]
93
[0.67665796]
94
[0.67665796]
95
[0.67665796]
96
[0.13178392]
97
[0.67665796]
98
[0.67665796]
99
[0.67665796]
100
[0.48776829]
101
[0.21500105]
102
[0.67665796]
103
[0.67665796]
104
[0.2552887]
105
[0.51814915]
106
[0.42634613]
107
[0.67665796]
108
[0.01752548]
109
[0.67665796]
110
[0.62382169]
111
[0.00101415]
112
[0.67665796]
113
[0.00101415]
114
[0.67665796]
115
[0.49371237]
116
[0.67665796]
117
[0.04394362]
118
[0.67665796]
119
[0.0498877]
120
[0.35765898]
121
[0.39992799]
122
[0.67665796]
123
[0.55381363]
124
[0.2453819]
125
[0.22028467]
126
[0.67665796]
127
[0.22226603]
128
[0.09744034]
129
[0.26915822]
130
[0.57560859]
131
[0.56041817]
132
[0.67665796]
133
[0.57296678]
134
[0.25462825]
135
[0.3913421]
136
[0.67665796]
137
[0.61721716]
138
[0.67665796]
139
[0.35831943]
140
[0.52277232]
141
[0.55777635]
142
[0.67665796]
143
[0.14433253]
144
[0.39002119]
145
[0.67665796]
146
[0.03205546]
147
[0.67665796]
148
[0.4111557]
149
[0.67665796]
150
[0.00101415]
151
[0.35964034]
152
[0.03403682]
153
[0.6251426]
154
[0.24868417]
155
[0.67665796]
156
[0.67665796]
157
[0.09347762]
158
[0.67665796]
159
[0.04922725]
160
[0.35501716]
161
[0.40983479]
162
[0.46135016]
163
[0.67665796]
164
[0.67665796]
165
[0.31142724]
166
[0.25793052]
167
[0.67665796]
168
[0.67665796]
169
[0.52013051]
170
[0.33388265]
171
[0.67665796]
172
[0.31208769]
173
[0.14829525]
174
[0.67665796]
175
[0.67665796]
176
[0.65354209]
177
[0.67665796]
178
[0.67665796]
179
[0.67665796]
180
[0.67665796]
181
[0.25925142]
182
[0.10206352]
183
[0.63570985]
184
[0.67665796]
185
[0.14829525]
186
[0.38936074]
187
[0.67665796]
188
[0.5472091]
189
[0.57230633]
190
[0.17933656]
191
[0.51418643]
192
[0.51682824]
193
[0.0597945]
194
[0.67665796]
195
[0.55975771]
196
[0.00101415]
197
[0.67665796]
198
[0.67665796]
199
[0.58221313]
200
[0.34444991]
201
[0.12716074]
202
[0.67665796]
203
[0.17141112]
204
[0.60268718]
205
[0.58485494]
206
[0.67665796]
207
[0.08158946]
208
[0.47455923]
209
[0.67665796]
210
[0.16546704]
211
[0.39332346]
212
[0.08291037]
213
[0.67665796]
214
[0.07828719]
215
[0.36030079]
216
[0.67665796]
217
[0.4606897]
218
[0.67665796]
219
[0.67665796]
220
[0.67665796]
221
[0.11527258]
222
[0.0399809]
223
[0.05451087]
224
[0.67665796]
225
[0.64693756]
226
[0.47059651]
227
[0.1278212]
228
[0.65156073]
229
[0.31935268]
230
[0.67665796]
231
[0.43295066]
232
[0.50097736]
233
[0.67665796]
234
[0.07828719]
235
[0.56041817]
236
[0.17933656]
237
[0.67665796]
238
[0.49503328]
239
[0.67665796]
240
[0.17009021]
241
[0.67665796]
242
[0.67665796]
243
[0.47389877]
244
[0.67665796]
245
[0.60334764]
246
[0.64363529]
247
[0.67665796]
248
[0.06441767]
249
[0.67665796]
250
[0.37945394]
251
[0.31274815]
252
[0.67665796]
253
[0.67665796]
254
[0.48182421]
255
[0.39266301]
256
[0.67665796]
257
[0.06111541]
258
[0.67665796]
259
[0.67665796]
260
[0.67665796]
261
[0.32133404]
262
[0.67665796]
263
[0.21500105]
264
[0.35105444]
265
[0.41974159]
266
[0.5174887]
267
[0.10140306]
268
[0.40521162]
269
[0.00101415]
270
[0.67665796]
271
[0.67665796]
272
[0.13970936]
273
[0.67665796]
274
[0.67665796]
275
[0.67665796]
276
[0.67665796]
277
[0.39926754]
278
[0.67665796]
279
[0.67665796]
280
[0.49833555]
281
[0.67665796]
282
[0.67665796]
283
[0.44483882]
284
[0.67665796]
285
[0.66939297]
286
[0.26321414]
287
[0.67665796]
288
[0.5769295]
289
[0.08158946]
290
[0.3814353]
291
[0.05517133]
292
[0.47257787]
293
[0.40323026]
294
[0.43757384]
295
[0.55843681]
296
[0.12319802]
297
[0.67665796]
298
[0.67599751]
299
[0.67665796]
300
[0.67665796]
301
[0.55183227]
302
[0.01290231]
303
[0.67665796]
304
[0.54060456]
305
[0.67665796]
306
[0.5174887]
307
[0.67665796]
308
[0.67665796]
309
[0.32199449]
310
[0.17009021]
311
[0.38936074]
312
[0.67665796]
313
[0.43229021]
314
[0.56173907]
315
[0.13376528]
316
[0.67665796]
317
[0.24670281]
318
[0.17471339]
319
[0.67665796]
320
[0.55645545]
321
[0.47125696]
322
[0.67665796]
323
[0.05252951]
324
[0.67599751]
325
[0.31010633]
326
[0.16018341]
327
[0.65420255]
328
[0.33982674]
329
[0.29689727]
330
[0.67665796]
331
[0.19122472]
332
[0.51682824]
333
[0.01092095]
334
[0.14697435]
335
[0.67665796]
336
[0.67665796]
337
[0.55645545]
338
[0.19848971]
339
[0.5373023]
340
[0.00101415]
341
[0.67665796]
342
[0.67665796]
343
[0.60598945]
344
[0.605329]
345
[0.06375722]
346
[0.23217283]
347
[0.57560859]
348
[0.38473757]
349
[0.67665796]
350
[0.67665796]
351
[0.13904891]
352
[0.56636225]
353
[0.67665796]
354
[0.11263077]
355
[0.2850091]
356
[0.67665796]
357
[0.67665796]
358
[0.32463631]
359
[0.21500105]
360
[0.67665796]
361
[0.56900406]
362
[0.48842875]
363
[0.23349374]
364
[0.07168266]
365
[0.01818594]
366
[0.54985091]
367
[0.16414613]
368
[0.67665796]
369
[0.11064941]
370
[0.45276426]
371
[0.38870029]
372
[0.21037787]
373
[0.67665796]
374
[0.64231439]
375
[0.67665796]
376
[0.05120861]
377
[0.34246855]
378
[0.51220507]
379
[0.40917434]
380
[0.03601818]
381
[0.16810885]
382
[0.67665796]
383
[0.1575416]
384
[0.67665796]
385
[0.67665796]
386
[0.35369626]
387
[0.48248467]
388
[0.67665796]
389
[0.67137434]
390
[0.67665796]
391
[0.67665796]
392
[0.67665796]
393
[0.67665796]
394
[0.67665796]
395
[0.13112347]
396
[0.67665796]
397
[0.07696629]
398
[0.43295066]
399
[0.37549122]
400
[0.20377334]
401
[0.67665796]
402
[0.09347762]
403
[0.00101415]
404
[0.29161364]
405
[0.67665796]
406
[0.24406099]
407
[0.67665796]
408
[0.15027661]
409
[0.58881766]
410
[0.67665796]
411
[0.67665796]
412
[0.67665796]
413
[0.56570179]
414
[0.67665796]
415
[0.67665796]
416
[0.67665796]
417
[0.67665796]
418
[0.6251426]
419
[0.33916628]
420
[0.50692144]
421
[0.2255683]
422
[0.67665796]
423
[0.16282523]
424
[0.55513454]
425
[0.49767509]
426
[0.66741161]
427
[0.67665796]
428
[0.09677989]
429
[0.59013857]
430
[0.42172296]
431
[0.62051942]
432
[0.67665796]
433
[0.59079902]
434
[0.67665796]
435
[0.49701464]
436
[0.43162976]
437
[0.28831137]
438
[0.21103832]
439
[0.67665796]
440
[0.67269524]
441
[0.18858291]
442
[0.67665796]
443
[0.65882572]
444
[0.53796275]
445
[0.67665796]
446
[0.47323832]
447
[0.46465243]
448
[0.23151238]
449
[0.17339248]
450
[0.67665796]
451
[0.67665796]
452
[0.67665796]
453
[0.34444991]
454
[0.58551539]
455
[0.56636225]
456
[0.67665796]
457
[0.38341666]
458
[0.13046301]
459
[0.67665796]
460
[0.67665796]
461
[0.01422322]
462
[0.16480659]
463
[0.60598945]
464
[0.67665796]
465
[0.60268718]
466
[0.16150432]
467
[0.11593304]
468
[0.47455923]
469
[0.67665796]
470
[0.20179198]
471
[0.07366402]
472
[0.54060456]
473
[0.17339248]
474
[0.04790634]
475
[0.67665796]
476
[0.67665796]
477
[0.37615167]
478
[0.2836882]
479
[0.27246049]
480
[0.3418081]
481
[0.57296678]
482
[0.52079096]
483
[0.33652447]
484
[0.64231439]
485
[0.66212799]
486
[0.58089222]
487
[0.37747258]
488
[0.6066499]
489
[0.57560859]
490
[0.34048719]
491
[0.28897182]
492
[0.54456728]
493
[0.64891892]
494
[0.59013857]
495
[0.35567762]
496
[0.55645545]
497
[0.67665796]
498
[0.41511842]
499
[0.67665796]
500
[0.07828719]
501
[0.67665796]
502
[0.67665796]
503
[0.26189324]
504
[0.00101415]
505
[0.49239147]
506
[0.16150432]
507
[0.67665796]
508
[0.67665796]
509
[0.67665796]
510
[0.60334764]
511
[0.51484688]
512
[0.67665796]
513
[0.64429575]
514
[0.21434059]
515
[0.67665796]
516
[0.4507829]
517
[0.67665796]
518
[0.47257787]
519
[0.16612749]
520
[0.26453505]
521
[0.57296678]
522
[0.13442573]
523
[0.00101415]
524
[0.41577887]
525
[0.67665796]
526
[0.62382169]
527
[0.32133404]
528
[0.67665796]
529
[0.46465243]
530
[0.67665796]
531
[0.67665796]
532
[0.67665796]
533
[0.25330734]
534
[0.13904891]
535
[0.18329928]
536
[0.43691338]
537
[0.49833555]
538
[0.14895571]
539
[0.67665796]
540
[0.67665796]
541
[0.29425545]
542
[0.49041011]
543
[0.57494814]
544
[0.67665796]
545
[0.14631389]
546
[0.27576276]
547
[0.67665796]
548
[0.55315318]
549
[0.67665796]
550
[0.43823429]
551
[0.37813303]
552
[0.2850091]
553
[0.21632195]
554
[0.63306804]
555
[0.22887057]
556
[0.67665796]
557
[0.25925142]
558
[0.67665796]
559
[0.57362723]
560
[0.62580305]
561
[0.67665796]
562
[0.15820205]
563
[0.15093707]
564
[0.11725394]
565
[0.05318997]
566
[0.53267912]
567
[0.13178392]
568
[0.67665796]
569
[0.02280911]
570
[0.33982674]
571
[0.4692756]
572
[0.20773606]
573
[0.36492396]
574
[0.18792246]
575
[0.27113958]
576
[0.67665796]
577
[0.39068165]
578
[0.38341666]
579
[0.61061262]
580
[0.65750481]
581
[0.62712396]
582
[0.07168266]
583
[0.55315318]
584
[0.67665796]
585
[0.67665796]
586
[0.56966451]
587
[0.11329122]
588
[0.05847359]
589
[0.3134086]
590
[0.67665796]
591
[0.47257787]
592
[0.67665796]
593
[0.43625293]
594
[0.67665796]
595
[0.44880154]
596
[0.67665796]
597
[0.31935268]
598
[0.67665796]
599
[0.23283329]
600
[0.00101415]
601
[0.67665796]
602
[0.66939297]
603
[0.63372849]
604
[0.67665796]
605
[0.57428769]
606
[0.09479853]
607
[0.66675116]
608
[0.00101415]
609
[0.14961616]
610
[0.41776023]
611
[0.3629426]
612
[0.10404488]
613
[0.40917434]
614
[0.64693756]
615
[0.35831943]
616
[0.67665796]
617
[0.20113152]
618
[0.1093285]
619
[0.67665796]
620
[0.65420255]
621
[0.41445797]
622
[0.13112347]
623
[0.65354209]
624
[0.67665796]
625
[0.16216477]
626
[0.67665796]
627
[0.33982674]
628
[0.67665796]
629
[0.67665796]
630
[0.24670281]
631
[0.67665796]
632
[0.01686503]
633
[0.14961616]
634
[0.24009827]
635
[0.67665796]
636
[0.53333958]
637
[0.46663379]
638
[0.18065747]
639
[0.67665796]
640
[0.11857485]
641
[0.23283329]
642
[0.67665796]
643
[0.46201061]
644
[0.67665796]
645
[0.5954222]
646
[0.67665796]
647
[0.15820205]
648
[0.30284135]
649
[0.343129]
650
[0.47588013]
651
[0.44219701]
652
[0.67665796]
653
[0.14433253]
654
[0.67665796]
655
[0.67665796]
656
[0.0597945]
657
[0.01422322]
658
[0.29161364]
659
[0.37681212]
660
[0.67665796]
661
[0.05913405]
662
[0.67665796]
663
[0.45210381]
664
[0.1093285]
665
[0.35237535]
666
[0.36624487]
667
[0.25991188]
668
[0.28104638]
669
[0.37681212]
670
[0.67665796]
671
[0.45276426]
672
[0.67665796]
673
[0.00101415]
674
[0.06309677]
675
[0.0115814]
676
[0.66344889]
677
[0.18660155]
678
[0.54919046]
679
[0.67665796]
680
[0.33388265]
681
[0.21698241]
682
[0.67665796]
683
[0.47852195]
684
[0.13904891]
685
[0.06904085]
686
[0.67665796]
687
[0.67665796]
688
[0.67665796]
689
[0.46267107]
690
[0.13442573]
691
[0.2070756]
692
[0.46861515]
693
[0.67665796]
694
[0.61457534]
695
[0.24670281]
696
[0.67665796]
697
[0.41379751]
698
[0.67665796]
699
[0.43691338]
700
[0.67665796]
701
[0.00101415]
702
[0.67665796]
703
[0.39860709]
704
[0.49833555]
705
[0.17075067]
706
[0.67665796]
707
[0.16612749]
708
[0.55645545]
709
[0.57957131]
710
[0.67665796]
711
[0.49239147]
712
[0.67665796]
713
[0.51418643]
714
[0.67665796]
715
[0.67665796]
716
[0.67665796]
717
[0.67665796]
718
[0.67665796]
719
[0.09281717]
720
[0.12650029]
721
[0.61721716]
722
[0.22028467]
723
[0.35567762]
724
[0.17801566]
725
[0.67665796]
726
[0.67665796]
727
[0.13310483]
728
[0.53135822]
729
[0.35435671]
730
[0.67665796]
731
[0.4408761]
732
[0.67665796]
733
[0.52343278]
734
[0.67665796]
735
[0.40851389]
736
[0.67665796]
737
[0.40455117]
738
[0.1575416]
739
[0.67665796]
740
[0.2751023]
741
[0.59013857]
742
[0.62778441]
743
[0.18329928]
744
[0.01092095]
745
[0.67665796]
746
[0.67665796]
747
[0.0895149]
748
[0.67665796]
749
[0.23613555]
750
[0.21169878]
751
[0.67665796]
752
[0.67665796]
753
[0.67665796]
754
[0.12319802]
755
[0.67665796]
756
[0.46002925]
757
[0.27906502]
758
[0.67665796]
759
[0.67665796]
760
[0.34511036]
761
[0.13970936]
762
[0.67665796]
763
[0.67665796]
764
[0.25925142]
765
[0.67665796]
766
[0.0796081]
767
[0.67665796]
768
[0.67665796]
769
[0.19650835]
770
[0.26651641]
771
[0.59145948]
772
[0.36822623]
773
[0.67665796]
774
[0.58221313]
775
[0.20245243]
776
[0.59806401]
777
[0.00101415]
778
[0.11659349]
779
[0.14169072]
780
[0.34048719]
781
[0.00101415]
782
[0.67665796]
783
[0.24141918]
784
[0.24604235]
785
[0.34643127]
786
[0.67665796]
787
[0.34511036]
788
[0.42040205]
789
[0.29095318]
790
[0.67665796]
791
[0.37483076]
792
[0.05120861]
793
[0.67137434]
794
[0.67665796]
795
[0.33124084]
796
[0.18131792]
797
[0.40256981]
798
[0.43691338]
799
[0.67665796]
800
[0.67665796]
801
[0.62250078]
802
[0.19320608]
803
[0.66939297]
804
[0.67665796]
805
[0.02809274]
806
[0.38209575]
807
[0.31472951]
808
[0.56107862]
809
[0.63042623]
810
[0.18065747]
811
[0.48380557]
812
[0.67665796]
813
[0.00101415]
814
[0.35039399]
815
[0.31010633]
816
[0.40587207]
817
[0.67665796]
818
[0.39332346]
819
[0.67665796]
820
[0.5373023]
821
[0.40719298]
822
[0.24274009]
823
[0.67665796]
824
[0.65090028]
825
[0.18065747]
826
[0.10470533]
827
[0.10998896]
828
[0.67665796]
829
[0.36624487]
830
[0.67665796]
831
[0.67665796]
832
[0.2057547]
833
[0.01356276]
834
[0.16348568]
835
[0.67665796]
836
[0.00761868]
837
[0.52607459]
838
[0.17273203]
839
[0.67665796]
840
[0.46993605]
841
[0.53400003]
842
[0.27906502]
843
[0.44153656]
844
[0.02082775]
845
[0.67665796]
846
[0.67665796]
847
[0.67665796]
848
[0.50097736]
849
[0.67665796]
850
[0.00101415]
851
[0.63637031]
852
[0.67665796]
853
[0.31208769]
854
[0.67665796]
855
[0.00101415]
856
[0.62844486]
857
[0.28963228]
858
[0.63570985]
859
[0.22358694]
860
[0.19981062]
861
[0.64033303]
862
[0.45672698]
863
[0.17537384]
864
[0.67665796]
865
[0.67665796]
866
[0.53333958]
867
[0.67665796]
868
[0.4507829]
869
[0.67665796]
870
[0.67665796]
871
[0.67665796]
872
[0.23481465]
873
[0.0102605]
874
[0.66080708]
875
[0.38737938]
876
[0.67665796]
877
[0.67665796]
878
[0.52541414]
879
[0.34775218]
880
[0.67665796]
881
[0.67665796]
882
[0.67665796]
883
[0.67665796]
884
[0.56900406]
885
[0.51947006]
886
[0.48776829]
887
[0.67665796]
888
[0.34841263]
889
[0.67665796]
890
[0.498996]
891
[0.05385042]
892
[0.45804789]
893
[0.2651955]
894
[0.50031691]
895
[0.67665796]
896
[0.17075067]
897
[0.45210381]
898
[0.56504134]
899
[0.67665796]
900
[0.67665796]
901
[0.53069776]
902
[0.67665796]
903
[0.32595721]
904
[0.67665796]
905
[0.67665796]
906
[0.53267912]
907
[0.14235117]
908
[0.37020759]
909
[0.27972548]
910
[0.67665796]
911
[0.61325444]
912
[0.67665796]
913
[0.25330734]
914
[0.40190935]
915
[0.56504134]
916
[0.36624487]
917
[0.4395552]
918
[0.5954222]
919
[0.00101415]
920
[0.32925948]
921
[0.00101415]
922
[0.47257787]
923
[0.61325444]
924
[0.06705949]
925
[0.20971742]
926
[0.67665796]
927
[0.67665796]
928
[0.38077485]
929
[0.67665796]
930
[0.26189324]
931
[0.67665796]
932
[0.54522774]
933
[0.40851389]
934
[0.6733557]
935
[0.01092095]
936
[0.13310483]
937
[0.27113958]
938
[0.67665796]
939
[0.67665796]
940
[0.67665796]
941
[0.67665796]
942
[0.03601818]
943
[0.08555218]
944
[0.67665796]
945
[0.31935268]
946
[0.54853001]
947
[0.48644739]
948
[0.63901212]
949
[0.06045495]
950
[0.67665796]
951
[0.12583984]
952
[0.67665796]
953
[0.38870029]
954
[0.49635419]
955
[0.65222119]
956
[0.36954714]
957
[0.00101415]
958
[0.67665796]
959
[0.51947006]
960
[0.67665796]
961
[0.52145142]
962
[0.67665796]
963
[0.55579499]
964
[0.11197032]
965
[0.6264635]
966
[0.15952296]
967
[0.67665796]
968
[0.67665796]
969
[0.67665796]
970
[0.61325444]
971
[0.22226603]
972
[0.57296678]
973
[0.67665796]
974
[0.67665796]
975
[0.30085999]
976
[0.64627711]
977
[0.67665796]
978
[0.67665796]
979
[0.36030079]
980
[0.67665796]
981
[0.67665796]
982
[0.67665796]
983
[0.07498493]
984
[0.25859097]
985
[0.67665796]
986
[0.2638746]
987
[0.0413018]
988
[0.67665796]
989
[0.67665796]
990
[0.64693756]
991
[0.33586401]
992
[0.52805595]
993
[0.00101415]
994
[0.54324638]
995
[0.67665796]
996
[0.0399809]
997
[0.37879348]
998
[0.16480659]
999
[0.37813303]
[1] 8000   11
[1] 8000   11
