LOADING R
R LOADED
[1] "/home/lvanderl/Rlibs2"                         
[2] "/app/software/R/4.3.1-gfbf-2022b/lib/R/library"
[1] "/home/lvanderl/sieveSims"
[1] "rf 5 1"
[1] "histogram binning"
[1] 0.125598
[1] 0.125598
[1] "mondrian"
[1] "iso"
[1] 0.125598
[1] "conditional"
[   10.            11.51395399    13.25711366    15.26417967
    17.57510625    20.23589648    23.29951811    26.82695795
    30.88843596    35.56480306    40.94915062    47.14866363
    54.28675439    62.50551925    71.9685673     82.86427729
    95.40954763   109.8541142    126.48552169   145.63484775
   167.68329368   193.06977289   222.29964825   255.95479227
   294.70517026   339.32217719   390.69399371   449.8432669
   517.94746792   596.36233166   686.648845     790.60432109
   910.29817799  1048.11313415  1206.79264064  1389.49549437
  1599.85871961  1842.06996933  2120.95088792  2442.05309455
  2811.76869797  3237.45754282  3727.59372031  4291.93426013
  4941.71336132  5689.86602902  6551.2855686   7543.12006335
  8685.11373751 10000.        ]
[0.17779897 0.17596475 0.17276646 0.17070592 0.17140318 0.16651674
 0.16694724 0.1621976  0.16458291 0.15862547 0.15283569 0.15969767
 0.16177749 0.1563092  0.16221951 0.17355489 0.18115849 0.18396619
 0.19572808 0.17265258 0.18826542 0.18038223 0.19883363 0.23019176
 0.24354588 0.23977398 0.27695738 0.29910556 0.30703545 0.33737941
 0.42265148 0.44522402 0.48724655 0.53589086 0.50505555 0.67191089
 0.8086654  0.78001166 0.87656533 0.92329121 1.14463619 1.12512288
 1.17156613 1.55018638 1.47644278 1.90555406 1.86688382 2.5904624
 2.55002431 2.80719433]
40.94915062380425
0.02442053094548651
0
[0.16882958]
1
[0.14698838]
2
[0.16669433]
3
[0.1766833]
4
[0.18353014]
5
[0.14223853]
6
[0.19125523]
7
[0.19910069]
8
[0.15309711]
9
[0.15875049]
10
[0.1500191]
11
[0.16157377]
12
[0.15783427]
13
[0.20073553]
14
[0.2059179]
15
[0.12480755]
16
[0.17168402]
17
[0.15312718]
18
[0.16016271]
19
[0.15612462]
20
[0.13614898]
21
[0.16118844]
22
[0.14384255]
23
[0.12369631]
24
[0.15375709]
25
[0.16262248]
26
[0.21227273]
27
[0.19547787]
28
[0.12608512]
29
[0.16124854]
30
[0.16506761]
31
[0.15411951]
32
[0.1263783]
33
[0.12943666]
34
[0.18349651]
35
[0.15700261]
36
[0.13985114]
37
[0.21234182]
38
[0.19634802]
39
[0.18061054]
40
[0.14276968]
41
[0.19205169]
42
[0.1790843]
43
[0.1737947]
44
[0.17836813]
45
[0.19228472]
46
[0.20069063]
47
[0.15787243]
48
[0.1274475]
49
[0.17505382]
50
[0.12155713]
51
[0.17966352]
52
[0.12449535]
53
[0.19701551]
54
[0.11516645]
55
[0.19618626]
56
[0.12941204]
57
[0.19754295]
58
[0.22202977]
59
[0.17525329]
60
[0.17157798]
61
[0.21237605]
62
[0.12601548]
63
[0.13155285]
64
[0.1635771]
65
[0.1953224]
66
[0.17550458]
67
[0.16550589]
68
[0.15889705]
69
[0.15087432]
70
[0.15517582]
71
[0.14249541]
72
[0.15508775]
73
[0.21632346]
74
[0.180267]
75
[0.21329215]
76
[0.13296304]
77
[0.19536424]
78
[0.18619317]
79
[0.15214228]
80
[0.17933552]
81
[0.18433921]
82
[0.17793277]
83
[0.19952185]
84
[0.13551336]
85
[0.15201645]
86
[0.16080181]
87
[0.20503572]
88
[0.17601498]
89
[0.18748378]
90
[0.17474872]
91
[0.21375145]
92
[0.18042211]
93
[0.12726129]
94
[0.15780314]
95
[0.17396383]
96
[0.15081048]
97
[0.15731435]
98
[0.16171582]
99
[0.13182825]
100
[0.15204254]
101
[0.14748828]
102
[0.15050313]
103
[0.11692117]
104
[0.17001376]
105
[0.18826136]
106
[0.18751458]
107
[0.16336157]
108
[0.16037628]
109
[0.17359509]
110
[0.18033306]
111
[0.1510345]
112
[0.20643049]
113
[0.15947428]
114
[0.12442478]
115
[0.16481771]
116
[0.17629716]
117
[0.15464116]
118
[0.16973297]
119
[0.07189602]
120
[0.15398566]
121
[0.17287426]
122
[0.13796092]
123
[0.12294026]
124
[0.2278018]
125
[0.14300191]
126
[0.13243019]
127
[0.17413909]
128
[0.13089072]
129
[0.18849026]
130
[0.16748443]
131
[0.17707282]
132
[0.15212832]
133
[0.15762475]
134
[0.17700046]
135
[0.18247671]
136
[0.17445607]
137
[0.17197973]
138
[0.11501565]
139
[0.13808788]
140
[0.15265597]
141
[0.1329389]
142
[0.16828089]
143
[0.13387467]
144
[0.1835421]
145
[0.16788907]
146
[0.17335506]
147
[0.13980436]
148
[0.16849061]
149
[0.1641063]
150
[0.12470283]
151
[0.16145826]
152
[0.15118686]
153
[0.13751291]
154
[0.17056001]
155
[0.12861228]
156
[0.18311253]
157
[0.17988278]
158
[0.21448754]
159
[0.18636645]
160
[0.16748426]
161
[0.15510715]
162
[0.16795297]
163
[0.18454179]
164
[0.15030884]
165
[0.14874889]
166
[0.14190544]
167
[0.14087191]
168
[0.15460166]
169
[0.2059358]
170
[0.17082816]
171
[0.15542191]
172
[0.16516253]
173
[0.12150515]
174
[0.16355147]
175
[0.15066418]
176
[0.17248395]
177
[0.18588496]
178
[0.18110354]
179
[0.14840296]
180
[0.1266848]
181
[0.20971504]
182
[0.17283397]
183
[0.16063674]
184
[0.18977216]
185
[0.17705042]
186
[0.17345306]
187
[0.16999881]
188
[0.17788979]
189
[0.18255838]
190
[0.15956634]
191
[0.13070163]
192
[0.14837574]
193
[0.14418852]
194
[0.13026547]
195
[0.16362186]
196
[0.15957711]
197
[0.13945278]
198
[0.18050572]
199
[0.14978029]
200
[0.15097887]
201
[0.13703669]
202
[0.12060068]
203
[0.13934065]
204
[0.19270892]
205
[0.15996433]
206
[0.14056768]
207
[0.11711115]
208
[0.17274309]
209
[0.15507246]
210
[0.16743388]
211
[0.20349126]
212
[0.17293016]
213
[0.14109392]
214
[0.17507901]
215
[0.17530607]
216
[0.14365271]
217
[0.18307738]
218
[0.16592928]
219
[0.20116599]
220
[0.22343204]
221
[0.16183307]
222
[0.12064484]
223
[0.17186214]
224
[0.15590542]
225
[0.1424869]
226
[0.14920898]
227
[0.147474]
228
[0.20335656]
229
[0.1559022]
230
[0.17280698]
231
[0.19603305]
232
[0.1399377]
233
[0.13279442]
234
[0.1310494]
235
[0.14933145]
236
[0.19475261]
237
[0.19909612]
238
[0.21465727]
239
[0.15841471]
240
[0.1677348]
241
[0.14363758]
242
[0.18453559]
243
[0.18679741]
244
[0.19511372]
245
[0.18008964]
246
[0.16486527]
247
[0.12618015]
248
[0.14422246]
249
[0.14775353]
250
[0.16277147]
251
[0.17054684]
252
[0.17812971]
253
[0.1774149]
254
[0.20992991]
255
[0.19361749]
256
[0.21063424]
257
[0.12115331]
258
[0.13888264]
259
[0.17485102]
260
[0.20547782]
261
[0.18955315]
262
[0.18921363]
263
[0.1730113]
264
[0.122655]
265
[0.21472416]
266
[0.17818501]
267
[0.08576646]
268
[0.20498614]
269
[0.16102126]
270
[0.18601207]
271
[0.14670436]
272
[0.16248312]
273
[0.13309384]
274
[0.14265606]
275
[0.20712034]
276
[0.13191333]
277
[0.19763239]
278
[0.15371666]
279
[0.16416876]
280
[0.14868615]
281
[0.17038232]
282
[0.16859689]
283
[0.1527578]
284
[0.15301777]
285
[0.19970521]
286
[0.17088018]
287
[0.18048586]
288
[0.13734748]
289
[0.11177582]
290
[0.19150172]
291
[0.11175094]
292
[0.15874923]
293
[0.17657973]
294
[0.17343443]
295
[0.17360252]
296
[0.1482958]
297
[0.16608121]
298
[0.14876926]
299
[0.16667678]
300
[0.13222077]
301
[0.16170931]
302
[0.17323982]
303
[0.17926967]
304
[0.16832301]
305
[0.16543231]
306
[0.15154724]
307
[0.17881795]
308
[0.15074071]
309
[0.14895076]
310
[0.15077992]
311
[0.16447143]
312
[0.17661031]
313
[0.1344561]
314
[0.15950993]
315
[0.17343645]
316
[0.16442391]
317
[0.14800336]
318
[0.11880966]
319
[0.14325202]
320
[0.15695477]
321
[0.20147595]
322
[0.15501369]
323
[0.18776387]
324
[0.20004934]
325
[0.13665968]
326
[0.16337472]
327
[0.16694182]
328
[0.16645003]
329
[0.15238564]
330
[0.1736865]
331
[0.15187304]
332
[0.15200349]
333
[0.12229296]
334
[0.16648929]
335
[0.18612535]
336
[0.17181375]
337
[0.16991059]
338
[0.15482824]
339
[0.12307315]
340
[0.1169439]
341
[0.15493351]
342
[0.1377323]
343
[0.21688508]
344
[0.16474752]
345
[0.1467384]
346
[0.14066602]
347
[0.13747426]
348
[0.19648864]
349
[0.21150272]
350
[0.15998547]
351
[0.17035975]
352
[0.15404106]
353
[0.17362189]
354
[0.09952168]
355
[0.1741504]
356
[0.15602882]
357
[0.15424697]
358
[0.20040859]
359
[0.15216475]
360
[0.16438757]
361
[0.17168965]
362
[0.15859551]
363
[0.15451166]
364
[0.12936274]
365
[0.12950245]
366
[0.14253865]
367
[0.23005835]
368
[0.20679629]
369
[0.15023012]
370
[0.17025061]
371
[0.18320487]
372
[0.16672601]
373
[0.13925266]
374
[0.17416468]
375
[0.1861662]
376
[0.15941112]
377
[0.20823418]
378
[0.22367381]
379
[0.21087615]
380
[0.16379112]
381
[0.174786]
382
[0.13146519]
383
[0.16135621]
384
[0.17190337]
385
[0.17016109]
386
[0.19156298]
387
[0.15041328]
388
[0.18269601]
389
[0.14975151]
390
[0.16485294]
391
[0.1828812]
392
[0.14045449]
393
[0.17739928]
394
[0.19454572]
395
[0.1893986]
396
[0.19354151]
397
[0.15615927]
398
[0.14171784]
399
[0.15057505]
400
[0.17419997]
401
[0.17296326]
402
[0.14621976]
403
[0.13044022]
404
[0.12004918]
405
[0.16012864]
406
[0.1575741]
407
[0.17599972]
408
[0.19683939]
409
[0.14568515]
410
[0.15564036]
411
[0.10596356]
412
[0.12736386]
413
[0.17015176]
414
[0.17198825]
415
[0.16300938]
416
[0.16071754]
417
[0.12695712]
418
[0.19535435]
419
[0.16825965]
420
[0.14422591]
421
[0.16193926]
422
[0.17950078]
423
[0.14437189]
424
[0.14347516]
425
[0.18046895]
426
[0.17644352]
427
[0.14618185]
428
[0.13475852]
429
[0.14941398]
430
[0.1673983]
431
[0.14473645]
432
[0.19640636]
433
[0.11945873]
434
[0.19187136]
435
[0.15403731]
436
[0.11574182]
437
[0.19852114]
438
[0.16854794]
439
[0.17734679]
440
[0.17359145]
441
[0.14960597]
442
[0.1458444]
443
[0.1568249]
444
[0.17074277]
445
[0.13192643]
446
[0.14829408]
447
[0.18609351]
448
[0.19933787]
449
[0.13472636]
450
[0.17214109]
451
[0.15076978]
452
[0.17791986]
453
[0.15602853]
454
[0.20007178]
455
[0.16150482]
456
[0.16056608]
457
[0.1682108]
458
[0.1454702]
459
[0.18824203]
460
[0.18954792]
461
[0.11925494]
462
[0.20196781]
463
[0.16417644]
464
[0.14134192]
465
[0.2011456]
466
[0.20270996]
467
[0.17601498]
468
[0.17199579]
469
[0.1467202]
470
[0.1439691]
471
[0.15354876]
472
[0.17421555]
473
[0.16870053]
474
[0.12785451]
475
[0.14646593]
476
[0.14610988]
477
[0.16823033]
478
[0.1760836]
479
[0.16734147]
480
[0.15508009]
481
[0.14939041]
482
[0.14270174]
483
[0.09274871]
484
[0.12408535]
485
[0.17231083]
486
[0.19663083]
487
[0.16074442]
488
[0.1477035]
489
[0.12761585]
490
[0.16850331]
491
[0.13434494]
492
[0.12550177]
493
[0.14973184]
494
[0.14896611]
495
[0.18069215]
496
[0.20148719]
497
[0.14898986]
498
[0.14607845]
499
[0.1632991]
500
[0.18042396]
501
[0.14967377]
502
[0.186584]
503
[0.18951737]
504
[0.14293218]
505
[0.18656832]
506
[0.18761079]
507
[0.18355027]
508
[0.13272426]
509
[0.15650409]
510
[0.14976863]
511
[0.16015343]
512
[0.16838664]
513
[0.15986949]
514
[0.18971648]
515
[0.16557576]
516
[0.22240657]
517
[0.12637965]
518
[0.17450189]
519
[0.16328773]
520
[0.14557936]
521
[0.17548007]
522
[0.15110114]
523
[0.12969052]
524
[0.14853981]
525
[0.16584184]
526
[0.09288242]
527
[0.16610268]
528
[0.17304746]
529
[0.18066418]
530
[0.13907768]
531
[0.14300345]
532
[0.17232926]
533
[0.09175684]
534
[0.12976281]
535
[0.14065225]
536
[0.13644921]
537
[0.16214889]
538
[0.14766509]
539
[0.13075744]
540
[0.21147745]
541
[0.20989516]
542
[0.17505979]
543
[0.17025717]
544
[0.16727663]
545
[0.20210561]
546
[0.19038429]
547
[0.16761326]
548
[0.20126735]
549
[0.14232429]
550
[0.15671272]
551
[0.12124879]
552
[0.15955133]
553
[0.16500384]
554
[0.17023319]
555
[0.22274296]
556
[0.15859735]
557
[0.14627185]
558
[0.15547392]
559
[0.13916677]
560
[0.16006812]
561
[0.14654342]
562
[0.16509213]
563
[0.16977878]
564
[0.1682794]
565
[0.14386474]
566
[0.15164499]
567
[0.19500268]
568
[0.16508884]
569
[0.13970588]
570
[0.13912252]
571
[0.15832022]
572
[0.15511025]
573
[0.2054374]
574
[0.13426981]
575
[0.18475659]
576
[0.15240142]
577
[0.17702627]
578
[0.16117456]
579
[0.15672056]
580
[0.15813588]
581
[0.22947318]
582
[0.12963726]
583
[0.17516026]
584
[0.17066141]
585
[0.16215458]
586
[0.13291002]
587
[0.13089072]
588
[0.14841411]
589
[0.12620273]
590
[0.19099164]
591
[0.15570025]
592
[0.13233268]
593
[0.1575716]
594
[0.1567629]
595
[0.17990586]
596
[0.16369051]
597
[0.1663905]
598
[0.15523999]
599
[0.17093531]
600
[0.12464128]
601
[0.1621491]
602
[0.19119549]
603
[0.14309769]
604
[0.15547271]
605
[0.13685501]
606
[0.13411655]
607
[0.17565068]
608
[0.1812732]
609
[0.16540369]
610
[0.17535534]
611
[0.1467507]
612
[0.17279182]
613
[0.19963961]
614
[0.14774468]
615
[0.15798054]
616
[0.1567444]
617
[0.13420624]
618
[0.13962855]
619
[0.1749984]
620
[0.15162654]
621
[0.14665994]
622
[0.17885749]
623
[0.18825613]
624
[0.18216914]
625
[0.13296349]
626
[0.15152211]
627
[0.16470929]
628
[0.20476944]
629
[0.17138003]
630
[0.12530255]
631
[0.14692132]
632
[0.14979432]
633
[0.15111994]
634
[0.15499046]
635
[0.18031475]
636
[0.14879986]
637
[0.13191742]
638
[0.21582841]
639
[0.15147702]
640
[0.16505623]
641
[0.16566251]
642
[0.15552612]
643
[0.11675673]
644
[0.2024627]
645
[0.13860782]
646
[0.16768801]
647
[0.20892366]
648
[0.16553014]
649
[0.13564207]
650
[0.17369581]
651
[0.15684721]
652
[0.1680683]
653
[0.16193406]
654
[0.16613006]
655
[0.15016813]
656
[0.15511562]
657
[0.19365826]
658
[0.15834224]
659
[0.14979238]
660
[0.15231772]
661
[0.15053823]
662
[0.17015552]
663
[0.15875316]
664
[0.11670881]
665
[0.20156929]
666
[0.15775603]
667
[0.16302272]
668
[0.17878198]
669
[0.1800253]
670
[0.13291761]
671
[0.22995382]
672
[0.16398903]
673
[0.11986264]
674
[0.16478135]
675
[0.18059886]
676
[0.16273059]
677
[0.15784852]
678
[0.1678776]
679
[0.12936229]
680
[0.21161168]
681
[0.12476461]
682
[0.15992987]
683
[0.1425426]
684
[0.20206978]
685
[0.19386232]
686
[0.1578952]
687
[0.17811563]
688
[0.13319162]
689
[0.1166851]
690
[0.19774922]
691
[0.12681797]
692
[0.15421577]
693
[0.14487258]
694
[0.1477919]
695
[0.15818732]
696
[0.18964552]
697
[0.16229761]
698
[0.1662556]
699
[0.20507486]
700
[0.1508633]
701
[0.14608922]
702
[0.15363284]
703
[0.15592253]
704
[0.21755265]
705
[0.19018265]
706
[0.15264202]
707
[0.1514017]
708
[0.16309719]
709
[0.18411093]
710
[0.13437369]
711
[0.15665242]
712
[0.26374828]
713
[0.13703765]
714
[0.14149783]
715
[0.19016505]
716
[0.11674581]
717
[0.19155072]
718
[0.12625804]
719
[0.18375057]
720
[0.14378337]
721
[0.16708291]
722
[0.1662845]
723
[0.17315387]
724
[0.1563557]
725
[0.17147556]
726
[0.16502502]
727
[0.18052741]
728
[0.16874271]
729
[0.18627928]
730
[0.18781456]
731
[0.15310771]
732
[0.14527775]
733
[0.13845704]
734
[0.1801408]
735
[0.17502376]
736
[0.14716782]
737
[0.1311445]
738
[0.17535908]
739
[0.15689889]
740
[0.12301242]
741
[0.16841045]
742
[0.11700566]
743
[0.15368248]
744
[0.18516316]
745
[0.18524977]
746
[0.1274736]
747
[0.12573367]
748
[0.15816625]
749
[0.19737049]
750
[0.17553293]
751
[0.15841365]
752
[0.18440222]
753
[0.14330524]
754
[0.17320607]
755
[0.17129315]
756
[0.15839632]
757
[0.16241113]
758
[0.1265512]
759
[0.16678185]
760
[0.15019]
761
[0.20283207]
762
[0.18916943]
763
[0.19666014]
764
[0.19874779]
765
[0.17256935]
766
[0.19416865]
767
[0.20693052]
768
[0.12802375]
769
[0.17336776]
770
[0.15031957]
771
[0.17784398]
772
[0.1514613]
773
[0.19924017]
774
[0.13056851]
775
[0.17159996]
776
[0.17597877]
777
[0.12451434]
778
[0.14765116]
779
[0.16860992]
780
[0.1422146]
781
[0.16572936]
782
[0.16314936]
783
[0.22099811]
784
[0.1489939]
785
[0.15653053]
786
[0.15584821]
787
[0.16591254]
788
[0.19837515]
789
[0.14908484]
790
[0.14447147]
791
[0.16000653]
792
[0.13075824]
793
[0.15885662]
794
[0.161166]
795
[0.12622477]
796
[0.13294548]
797
[0.19202234]
798
[0.17233211]
799
[0.18414996]
800
[0.19377059]
801
[0.17684394]
802
[0.13541973]
803
[0.17167727]
804
[0.1450228]
805
[0.14180023]
806
[0.16287166]
807
[0.16526257]
808
[0.15244767]
809
[0.12467905]
810
[0.15764841]
811
[0.14411529]
812
[0.16404043]
813
[0.13432589]
814
[0.19111354]
815
[0.15653845]
816
[0.1630414]
817
[0.18760294]
818
[0.21308517]
819
[0.18949815]
820
[0.13359679]
821
[0.16844787]
822
[0.15830181]
823
[0.17057226]
824
[0.19402019]
825
[0.21985867]
826
[0.13411389]
827
[0.13669241]
828
[0.20893107]
829
[0.249711]
830
[0.17575792]
831
[0.2081838]
832
[0.18807183]
833
[0.14704092]
834
[0.19037569]
835
[0.15130889]
836
[0.1161958]
837
[0.15554182]
838
[0.15991381]
839
[0.1805561]
840
[0.19236134]
841
[0.15598787]
842
[0.15726987]
843
[0.15541157]
844
[0.17186883]
845
[0.15195057]
846
[0.21550621]
847
[0.20532439]
848
[0.20665985]
849
[0.13309927]
850
[0.13895674]
851
[0.1819576]
852
[0.17546517]
853
[0.15831822]
854
[0.19974519]
855
[0.14481301]
856
[0.1842084]
857
[0.18065626]
858
[0.15733674]
859
[0.17445102]
860
[0.17813376]
861
[0.19804039]
862
[0.16126803]
863
[0.15194576]
864
[0.15924643]
865
[0.16702335]
866
[0.14500258]
867
[0.1780166]
868
[0.16168894]
869
[0.19012158]
870
[0.16912084]
871
[0.17443304]
872
[0.16181431]
873
[0.13991888]
874
[0.11601212]
875
[0.15549837]
876
[0.16051461]
877
[0.19662638]
878
[0.15710763]
879
[0.1497155]
880
[0.1645932]
881
[0.13377049]
882
[0.19718834]
883
[0.16966005]
884
[0.14415233]
885
[0.15568086]
886
[0.18241484]
887
[0.14313324]
888
[0.21525451]
889
[0.15808632]
890
[0.15219951]
891
[0.14346582]
892
[0.1647772]
893
[0.17194044]
894
[0.15869144]
895
[0.1555498]
896
[0.19171469]
897
[0.13596509]
898
[0.15653435]
899
[0.17709396]
900
[0.13952132]
901
[0.14017187]
902
[0.19197406]
903
[0.19439478]
904
[0.1729197]
905
[0.15429167]
906
[0.19606537]
907
[0.16517591]
908
[0.21077528]
909
[0.14891219]
910
[0.20981515]
911
[0.16294386]
912
[0.160584]
913
[0.18016913]
914
[0.14581252]
915
[0.1757922]
916
[0.12861699]
917
[0.17040709]
918
[0.15606278]
919
[0.22544274]
920
[0.16333806]
921
[0.13555692]
922
[0.17618745]
923
[0.14717634]
924
[0.13140458]
925
[0.14655873]
926
[0.1911064]
927
[0.17231685]
928
[0.18279852]
929
[0.14031358]
930
[0.15374221]
931
[0.11839538]
932
[0.15023879]
933
[0.12788497]
934
[0.19622785]
935
[0.16142401]
936
[0.15577782]
937
[0.17030851]
938
[0.15683117]
939
[0.13741721]
940
[0.1009275]
941
[0.18813049]
942
[0.11799119]
943
[0.1463619]
944
[0.15600081]
945
[0.13435855]
946
[0.13391457]
947
[0.17136574]
948
[0.16207843]
949
[0.1461626]
950
[0.17430371]
951
[0.1424941]
952
[0.16703649]
953
[0.18833496]
954
[0.10598487]
955
[0.12902622]
956
[0.16467183]
957
[0.13275808]
958
[0.18122728]
959
[0.21207209]
960
[0.15952327]
961
[0.1728533]
962
[0.13678675]
963
[0.1567517]
964
[0.13153536]
965
[0.16627979]
966
[0.18224488]
967
[0.17640225]
968
[0.14099043]
969
[0.15592914]
970
[0.16466525]
971
[0.1148653]
972
[0.18726535]
973
[0.18264917]
974
[0.21088666]
975
[0.15788704]
976
[0.17922621]
977
[0.10676925]
978
[0.16914101]
979
[0.16733396]
980
[0.18645635]
981
[0.1970307]
982
[0.17459567]
983
[0.13089072]
984
[0.17376891]
985
[0.14327545]
986
[0.15827626]
987
[0.1624029]
988
[0.16035608]
989
[0.12196266]
990
[0.13400695]
991
[0.18264661]
992
[0.15431958]
993
[0.12714131]
994
[0.19188637]
995
[0.13867746]
996
[0.12700567]
997
[0.15775306]
998
[0.19319371]
999
[0.13046886]
1000
[0.13822414]
1001
[0.15773959]
1002
[0.17900528]
1003
[0.17100282]
1004
[0.16331685]
1005
[0.16729623]
1006
[0.15190936]
1007
[0.171092]
1008
[0.16479895]
1009
[0.17151045]
1010
[0.23386295]
1011
[0.14209989]
1012
[0.17963666]
1013
[0.21449537]
1014
[0.17559229]
1015
[0.14670481]
1016
[0.15479001]
1017
[0.11228181]
1018
[0.15823747]
1019
[0.15160401]
1020
[0.1781103]
1021
[0.13407381]
1022
[0.18072453]
1023
[0.15999305]
1024
[0.1605236]
1025
[0.16998007]
1026
[0.1669883]
1027
[0.13346925]
1028
[0.12667123]
1029
[0.11673524]
1030
[0.20068815]
1031
[0.12712353]
1032
[0.17327251]
1033
[0.12246374]
1034
[0.16539603]
1035
[0.21529573]
1036
[0.18802956]
1037
[0.19324374]
1038
[0.14260853]
1039
[0.15128822]
1040
[0.11732086]
1041
[0.18066459]
1042
[0.11901133]
1043
[0.19857786]
1044
[0.16702993]
1045
[0.10620192]
1046
[0.16201783]
1047
[0.16782312]
1048
[0.15989918]
1049
[0.19460699]
1050
[0.15284712]
1051
[0.15888148]
1052
[0.13818646]
1053
[0.13710633]
1054
[0.11653348]
1055
[0.14018511]
1056
[0.20357553]
1057
[0.16959878]
1058
[0.13604778]
1059
[0.14584717]
1060
[0.19348451]
1061
[0.14835784]
1062
[0.13314486]
1063
[0.14699437]
1064
[0.15151742]
1065
[0.20011302]
1066
[0.15058553]
1067
[0.13688435]
1068
[0.15428962]
1069
[0.19662185]
1070
[0.14829846]
1071
[0.11939822]
1072
[0.16576148]
1073
[0.17021329]
1074
[0.14901262]
1075
[0.14436434]
1076
[0.19353994]
1077
[0.19112252]
1078
[0.17525502]
1079
[0.20135594]
1080
[0.14143278]
1081
[0.12360762]
1082
[0.14664254]
1083
[0.170333]
1084
[0.15381746]
1085
[0.17110525]
1086
[0.18442388]
1087
[0.15133807]
1088
[0.19725427]
1089
[0.14660244]
1090
[0.19439578]
1091
[0.13672488]
1092
[0.15335481]
1093
[0.14681046]
1094
[0.14649064]
1095
[0.19599858]
1096
[0.1730613]
1097
[0.14024014]
1098
[0.13157581]
1099
[0.16651637]
1100
[0.15925454]
1101
[0.16804281]
1102
[0.13475852]
1103
[0.16657875]
1104
[0.18421376]
1105
[0.1458504]
1106
[0.14275527]
1107
[0.16258131]
1108
[0.14591321]
1109
[0.1225016]
1110
[0.14269978]
1111
[0.14475008]
1112
[0.16566574]
1113
[0.13479271]
1114
[0.15869188]
1115
[0.11742067]
1116
[0.14600318]
1117
[0.17136074]
1118
[0.14425071]
1119
[0.16561203]
1120
[0.16281474]
1121
[0.15430228]
1122
[0.18667668]
1123
[0.16666395]
1124
[0.17325971]
1125
[0.13825673]
1126
[0.17751424]
1127
[0.15256673]
1128
[0.19922174]
1129
[0.17073789]
1130
[0.14083614]
1131
[0.14814235]
1132
[0.15661195]
1133
[0.17497597]
1134
[0.17576142]
1135
[0.16971005]
1136
[0.15807522]
1137
[0.13862631]
1138
[0.17249951]
1139
[0.13762696]
1140
[0.16464284]
1141
[0.14894043]
1142
[0.19371513]
1143
[0.20330631]
1144
[0.13196297]
1145
[0.18827297]
1146
[0.14438833]
1147
[0.21295412]
1148
[0.16275829]
1149
[0.14675516]
1150
[0.18162903]
1151
[0.15087709]
1152
[0.14384546]
1153
[0.16072468]
1154
[0.15423912]
1155
[0.1144144]
1156
[0.16119722]
1157
[0.1570248]
1158
[0.15738776]
1159
[0.15557119]
1160
[0.1467754]
1161
[0.17090886]
1162
[0.16181463]
1163
[0.16140928]
1164
[0.1827872]
1165
[0.16565606]
1166
[0.14537149]
1167
[0.17900127]
1168
[0.16039362]
1169
[0.16572964]
1170
[0.14511724]
1171
[0.14750657]
1172
[0.15691874]
1173
[0.17520308]
1174
[0.17354587]
1175
[0.15779011]
1176
[0.21073355]
1177
[0.16695274]
1178
[0.16880894]
1179
[0.18814834]
1180
[0.18204602]
1181
[0.17162958]
1182
[0.18893066]
1183
[0.16306931]
1184
[0.14646831]
1185
[0.09462544]
1186
[0.18151187]
1187
[0.15437667]
1188
[0.17460635]
1189
[0.1558637]
1190
[0.1445166]
1191
[0.17894126]
1192
[0.15442863]
1193
[0.14263131]
1194
[0.13835847]
1195
[0.17856101]
1196
[0.17501435]
1197
[0.1708991]
1198
[0.17352651]
1199
[0.15603138]
1200
[0.16691878]
1201
[0.17597488]
1202
[0.19349076]
1203
[0.16885273]
1204
[0.1398005]
1205
[0.17139438]
1206
[0.1684928]
1207
[0.1644491]
1208
[0.1468672]
1209
[0.16438847]
1210
[0.18188149]
1211
[0.20920312]
1212
[0.14824991]
1213
[0.15052695]
1214
[0.18226118]
1215
[0.15946519]
1216
[0.19285828]
1217
[0.17656592]
1218
[0.14804587]
1219
[0.12629063]
1220
[0.12392781]
1221
[0.13811819]
1222
[0.15859749]
1223
[0.16385671]
1224
[0.17837974]
1225
[0.164132]
1226
[0.17633592]
1227
[0.16734032]
1228
[0.15332082]
1229
[0.16416707]
1230
[0.19433714]
1231
[0.11534262]
1232
[0.15871286]
1233
[0.12750796]
1234
[0.18391422]
1235
[0.15762244]
1236
[0.16118515]
1237
[0.17570855]
1238
[0.16714004]
1239
[0.12159218]
1240
[0.11989441]
1241
[0.16774491]
1242
[0.15344272]
1243
[0.1465779]
1244
[0.13600993]
1245
[0.1713228]
1246
[0.13598889]
1247
[0.17126928]
1248
[0.14710115]
1249
[0.14273632]
1250
[0.14862878]
1251
[0.15860991]
1252
[0.16930489]
1253
[0.16237492]
1254
[0.15189289]
1255
[0.11700881]
1256
[0.19899001]
1257
[0.19238436]
1258
[0.18754544]
1259
[0.14744418]
1260
[0.16063412]
1261
[0.14956849]
1262
[0.16488646]
1263
[0.18687996]
1264
[0.16468798]
1265
[0.13943515]
1266
[0.16834362]
1267
[0.16514436]
1268
[0.19321641]
1269
[0.18795335]
1270
[0.21381296]
1271
[0.16183962]
1272
[0.19184383]
1273
[0.13920592]
1274
[0.20989803]
1275
[0.13798819]
1276
[0.13669241]
1277
[0.20119135]
1278
[0.19481731]
1279
[0.17262665]
1280
[0.16122348]
1281
[0.17306371]
1282
[0.2020024]
1283
[0.159704]
1284
[0.17443778]
1285
[0.15972499]
1286
[0.19535395]
1287
[0.15412937]
1288
[0.13741707]
1289
[0.12258706]
1290
[0.15800931]
1291
[0.13246203]
1292
[0.14400435]
1293
[0.16543741]
1294
[0.20876666]
1295
[0.18009667]
1296
[0.23243409]
1297
[0.15135432]
1298
[0.19877776]
1299
[0.16598684]
1300
[0.20944554]
1301
[0.17978899]
1302
[0.17187557]
1303
[0.12625124]
1304
[0.14201849]
1305
[0.15461097]
1306
[0.16037065]
1307
[0.17371505]
1308
[0.13245771]
1309
[0.1587947]
1310
[0.16025872]
1311
[0.17700981]
1312
[0.14020595]
1313
[0.16790074]
1314
[0.16177121]
1315
[0.15017407]
1316
[0.14519635]
1317
[0.16582334]
1318
[0.19250223]
1319
[0.1493297]
1320
[0.12920722]
1321
[0.15637656]
1322
[0.16151074]
1323
[0.16009896]
1324
[0.20115564]
1325
[0.13076682]
1326
[0.17274553]
1327
[0.14200663]
1328
[0.1650342]
1329
[0.19634361]
1330
[0.17360846]
1331
[0.16192031]
1332
[0.17494682]
1333
[0.13309142]
1334
[0.16134425]
1335
[0.16484812]
1336
[0.14071662]
1337
[0.12900174]
1338
[0.17497226]
1339
[0.18160489]
1340
[0.15353593]
1341
[0.1392096]
1342
[0.18004826]
1343
[0.17657509]
1344
[0.13437267]
1345
[0.17993092]
1346
[0.17259141]
1347
[0.1823155]
1348
[0.15330897]
1349
[0.14257573]
1350
[0.15269346]
1351
[0.10763697]
1352
[0.15551134]
1353
[0.20040027]
1354
[0.16818786]
1355
[0.14378337]
1356
[0.15388605]
1357
[0.14125785]
1358
[0.16211655]
1359
[0.16750361]
1360
[0.14911616]
1361
[0.14386925]
1362
[0.18345316]
1363
[0.15291079]
1364
[0.16743774]
1365
[0.1636524]
1366
[0.18362647]
1367
[0.17866733]
1368
[0.12231753]
1369
[0.17728909]
1370
[0.14774171]
1371
[0.16133365]
1372
[0.15722916]
1373
[0.16206784]
1374
[0.15320538]
1375
[0.13452359]
1376
[0.15498704]
1377
[0.15008465]
1378
[0.15579751]
1379
[0.15749735]
1380
[0.14378337]
1381
[0.13541578]
1382
[0.1618501]
1383
[0.16324534]
1384
[0.13725687]
1385
[0.17058404]
1386
[0.20361747]
1387
[0.18842482]
1388
[0.14704595]
1389
[0.17060222]
1390
[0.15474864]
1391
[0.13234983]
1392
[0.11331268]
1393
[0.21313999]
1394
[0.15516351]
1395
[0.15742209]
1396
[0.15578034]
1397
[0.15337224]
1398
[0.14711379]
1399
[0.1674242]
1400
[0.18462854]
1401
[0.16634363]
1402
[0.16505607]
1403
[0.13570206]
1404
[0.14846415]
1405
[0.17561929]
1406
[0.16521762]
1407
[0.13737747]
1408
[0.14744359]
1409
[0.20063898]
1410
[0.17089035]
1411
[0.15692736]
1412
[0.16286697]
1413
[0.14961201]
1414
[0.17153159]
1415
[0.22376039]
1416
[0.17099067]
1417
[0.1497149]
1418
[0.15271899]
1419
[0.1586843]
1420
[0.12322409]
1421
[0.17269527]
1422
[0.16089702]
1423
[0.2086481]
1424
[0.15800392]
1425
[0.24533975]
1426
[0.14684456]
1427
[0.14085737]
1428
[0.11364237]
1429
[0.14905722]
1430
[0.1537575]
1431
[0.1462938]
1432
[0.12821255]
1433
[0.14507263]
1434
[0.12410172]
1435
[0.13160093]
1436
[0.16998267]
1437
[0.12666619]
1438
[0.19878233]
1439
[0.19898278]
1440
[0.17993823]
1441
[0.12672311]
1442
[0.17480844]
1443
[0.21129745]
1444
[0.13140984]
1445
[0.16699013]
1446
[0.16344336]
1447
[0.16970401]
1448
[0.16388242]
1449
[0.13745421]
1450
[0.15487868]
1451
[0.12598517]
1452
[0.13972192]
1453
[0.14163339]
1454
[0.13058085]
1455
[0.18681868]
1456
[0.12704088]
1457
[0.18960597]
1458
[0.13275072]
1459
[0.15894879]
1460
[0.15375726]
1461
[0.18839438]
1462
[0.16546989]
1463
[0.14746575]
1464
[0.20499365]
1465
[0.1561988]
1466
[0.16943326]
1467
[0.15167081]
1468
[0.15129419]
1469
[0.20991628]
1470
[0.19773947]
1471
[0.13614323]
1472
[0.15162041]
1473
[0.15741155]
1474
[0.17865848]
1475
[0.21513069]
1476
[0.13455645]
1477
[0.1307197]
1478
[0.17684931]
1479
[0.15922675]
1480
[0.16228458]
1481
[0.16677984]
1482
[0.08284895]
1483
[0.1301704]
1484
[0.19225357]
1485
[0.17119279]
1486
[0.15259652]
1487
[0.12379977]
1488
[0.15120382]
1489
[0.13714826]
1490
[0.14608767]
1491
[0.16627355]
1492
[0.14967711]
1493
[0.17656682]
1494
[0.1643195]
1495
[0.16054841]
1496
[0.12681447]
1497
[0.18456786]
1498
[0.18673178]
1499
[0.15312565]
1500
[0.16984592]
1501
[0.13799979]
1502
[0.12427418]
1503
[0.15900741]
1504
[0.13783732]
1505
[0.17926315]
1506
[0.1604005]
1507
[0.13047733]
1508
[0.16743673]
1509
[0.17890354]
1510
[0.15697688]
1511
[0.17915596]
1512
[0.17702834]
1513
[0.14039075]
1514
[0.14649777]
1515
[0.12487863]
1516
[0.14055574]
1517
[0.17874808]
1518
[0.21158176]
1519
[0.13500082]
1520
[0.17126251]
1521
[0.14118244]
1522
[0.13191483]
1523
[0.15905027]
1524
[0.1659512]
1525
[0.16366039]
1526
[0.15150785]
1527
[0.11527185]
1528
[0.1635078]
1529
[0.16897924]
1530
[0.1567772]
1531
[0.17001101]
1532
[0.17115564]
1533
[0.1695707]
1534
[0.16116064]
1535
[0.18203451]
1536
[0.15582838]
1537
[0.18130306]
1538
[0.15916571]
1539
[0.19541987]
1540
[0.17142451]
1541
[0.17515973]
1542
[0.13926945]
1543
[0.13843571]
1544
[0.13793486]
1545
[0.149644]
1546
[0.1409013]
1547
[0.11236576]
1548
[0.19406469]
1549
[0.17258567]
1550
[0.15967781]
1551
[0.13088151]
1552
[0.14111867]
1553
[0.16523385]
1554
[0.15872307]
1555
[0.1673919]
1556
[0.1368657]
1557
[0.15275526]
1558
[0.17415107]
1559
[0.16782352]
1560
[0.13822183]
1561
[0.18142141]
1562
[0.13479744]
1563
[0.1357067]
1564
[0.17082403]
1565
[0.18777015]
1566
[0.18781823]
1567
[0.15900587]
1568
[0.18473943]
1569
[0.14643388]
1570
[0.13026741]
1571
[0.15707278]
1572
[0.14360377]
1573
[0.15324578]
1574
[0.11534174]
1575
[0.1891103]
1576
[0.18795466]
1577
[0.20339941]
1578
[0.12708768]
1579
[0.16616119]
1580
[0.12332619]
1581
[0.13584915]
1582
[0.15419308]
1583
[0.1311502]
1584
[0.1857576]
1585
[0.16822523]
1586
[0.15558908]
1587
[0.15025394]
1588
[0.15520761]
1589
[0.12391348]
1590
[0.20074599]
1591
[0.1908604]
1592
[0.13094779]
1593
[0.18712928]
1594
[0.15895287]
1595
[0.1101948]
1596
[0.17825028]
1597
[0.16683517]
1598
[0.20592109]
1599
[0.17304687]
1600
[0.17791601]
1601
[0.1257132]
1602
[0.17125437]
1603
[0.1413877]
1604
[0.21135131]
1605
[0.15247175]
1606
[0.15666497]
1607
[0.1438126]
1608
[0.173857]
1609
[0.23618184]
1610
[0.15861398]
1611
[0.13218773]
1612
[0.18429944]
1613
[0.16135023]
1614
[0.15379563]
1615
[0.17021329]
1616
[0.08458984]
1617
[0.12849318]
1618
[0.14179]
1619
[0.17906303]
1620
[0.15603138]
1621
[0.1420584]
1622
[0.16878555]
1623
[0.16284298]
1624
[0.18188568]
1625
[0.15242759]
1626
[0.19200042]
1627
[0.20594326]
1628
[0.16011804]
1629
[0.15615703]
1630
[0.21241515]
1631
[0.144428]
1632
[0.17727985]
1633
[0.15805496]
1634
[0.12850576]
1635
[0.12831219]
1636
[0.15843925]
1637
[0.203247]
1638
[0.17765297]
1639
[0.16993852]
1640
[0.16656361]
1641
[0.16376697]
1642
[0.09192692]
1643
[0.18831712]
1644
[0.17859351]
1645
[0.16441794]
1646
[0.17961478]
1647
[0.17463497]
1648
[0.14728381]
1649
[0.16155065]
1650
[0.15673904]
1651
[0.18864436]
1652
[0.15357112]
1653
[0.15393378]
1654
[0.14925924]
1655
[0.13423011]
1656
[0.15785037]
1657
[0.18300646]
1658
[0.16658363]
1659
[0.1303349]
1660
[0.23164711]
1661
[0.16437803]
1662
[0.1360353]
1663
[0.13089575]
1664
[0.19362893]
1665
[0.17508234]
1666
[0.17423805]
1667
[0.20297241]
1668
[0.14864218]
1669
[0.16783572]
1670
[0.1443333]
1671
[0.18123706]
1672
[0.1461408]
1673
[0.15741248]
1674
[0.19207555]
1675
[0.16324847]
1676
[0.13755086]
1677
[0.16776314]
1678
[0.13587317]
1679
[0.17242438]
1680
[0.15625749]
1681
[0.15351592]
1682
[0.16051941]
1683
[0.16448946]
1684
[0.17243016]
1685
[0.13575759]
1686
[0.12030881]
1687
[0.15212705]
1688
[0.16099655]
1689
[0.15141293]
1690
[0.19025421]
1691
[0.1606544]
1692
[0.17948319]
1693
[0.16721341]
1694
[0.17680262]
1695
[0.12307682]
1696
[0.18175811]
1697
[0.15112175]
1698
[0.17130519]
1699
[0.13586183]
1700
[0.16370671]
1701
[0.1644134]
1702
[0.21697418]
1703
[0.15369839]
1704
[0.14779572]
1705
[0.17049031]
1706
[0.15273303]
1707
[0.2156562]
1708
[0.20996677]
1709
[0.16353155]
1710
[0.14426417]
1711
[0.17340365]
1712
[0.18296873]
1713
[0.1387022]
1714
[0.1560565]
1715
[0.13264476]
1716
[0.15968805]
1717
[0.17736501]
1718
[0.2159145]
1719
[0.17755933]
1720
[0.18167002]
1721
[0.12904097]
1722
[0.18148213]
1723
[0.18936484]
1724
[0.22690921]
1725
[0.182874]
1726
[0.10398176]
1727
[0.14176494]
1728
[0.15034275]
1729
[0.16033506]
1730
[0.14698771]
1731
[0.20760196]
1732
[0.12180656]
1733
[0.13649429]
1734
[0.14942624]
1735
[0.15954312]
1736
[0.15974869]
1737
[0.14598643]
1738
[0.16730416]
1739
[0.15603138]
1740
[0.21632637]
1741
[0.15631484]
1742
[0.16833486]
1743
[0.12199593]
1744
[0.22318303]
1745
[0.17260125]
1746
[0.16639441]
1747
[0.15345285]
1748
[0.18229489]
1749
[0.17212059]
1750
[0.12443654]
1751
[0.13344471]
1752
[0.13719076]
1753
[0.17649433]
1754
[0.16260156]
1755
[0.21044782]
1756
[0.16680364]
1757
[0.13333101]
1758
[0.19953771]
1759
[0.17831074]
1760
[0.15573049]
1761
[0.13972164]
1762
[0.16472539]
1763
[0.18889161]
1764
[0.16958201]
1765
[0.16324768]
1766
[0.17073428]
1767
[0.15786907]
1768
[0.19199674]
1769
[0.14907824]
1770
[0.17269977]
1771
[0.15672422]
1772
[0.12190834]
1773
[0.14964667]
1774
[0.17389432]
1775
[0.13600151]
1776
[0.14977251]
1777
[0.15319789]
1778
[0.16257798]
1779
[0.15993827]
1780
[0.188594]
1781
[0.18186054]
1782
[0.14120484]
1783
[0.16321022]
1784
[0.1839344]
1785
[0.12782587]
1786
[0.17678248]
1787
[0.15884055]
1788
[0.12821059]
1789
[0.13865287]
1790
[0.14774599]
1791
[0.1655247]
1792
[0.15034423]
1793
[0.15698905]
1794
[0.15858679]
1795
[0.21404829]
1796
[0.12225829]
1797
[0.16723422]
1798
[0.15613636]
1799
[0.1839852]
1800
[0.15590898]
1801
[0.13381334]
1802
[0.17535899]
1803
[0.2045471]
1804
[0.172647]
1805
[0.12757715]
1806
[0.1278367]
1807
[0.15827152]
1808
[0.16250707]
1809
[0.16629459]
1810
[0.14082842]
1811
[0.15249757]
1812
[0.18454792]
1813
[0.14376326]
1814
[0.16142797]
1815
[0.17013709]
1816
[0.14336289]
1817
[0.19802052]
1818
[0.14490785]
1819
[0.14501066]
1820
[0.18754974]
1821
[0.13638619]
1822
[0.20261315]
1823
[0.1663463]
1824
[0.15884713]
1825
[0.17225715]
1826
[0.1240799]
1827
[0.15972151]
1828
[0.19347495]
1829
[0.13494873]
1830
[0.15529783]
1831
[0.16740346]
1832
[0.08096526]
1833
[0.17956986]
1834
[0.14462363]
1835
[0.15190597]
1836
[0.14953055]
1837
[0.1794116]
1838
[0.17448463]
1839
[0.15691091]
1840
[0.17816232]
1841
[0.15891811]
1842
[0.11708679]
1843
[0.15210397]
1844
[0.13734129]
1845
[0.1589902]
1846
[0.13776211]
1847
[0.19700401]
1848
[0.15578236]
1849
[0.1498577]
1850
[0.18634712]
1851
[0.2099]
1852
[0.1474423]
1853
[0.13879404]
1854
[0.22065167]
1855
[0.13145578]
1856
[0.1553165]
1857
[0.13415736]
1858
[0.18566593]
1859
[0.1549427]
1860
[0.13888954]
1861
[0.15278663]
1862
[0.18802895]
1863
[0.17937914]
1864
[0.19660517]
1865
[0.16890361]
1866
[0.21016751]
1867
[0.17724774]
1868
[0.16691013]
1869
[0.11450547]
1870
[0.13669241]
1871
[0.13230143]
1872
[0.16947113]
1873
[0.17336657]
1874
[0.15650795]
1875
[0.1639247]
1876
[0.16360883]
1877
[0.16505623]
1878
[0.1010548]
1879
[0.14040877]
1880
[0.16118844]
1881
[0.18591548]
1882
[0.14909152]
1883
[0.17730141]
1884
[0.19406705]
1885
[0.16095451]
1886
[0.16215007]
1887
[0.21010205]
1888
[0.18126713]
1889
[0.15623586]
1890
[0.15883073]
1891
[0.16446583]
1892
[0.1930134]
1893
[0.16797378]
1894
[0.13997574]
1895
[0.17285924]
1896
[0.16123973]
1897
[0.194655]
1898
[0.13240515]
1899
[0.14939478]
1900
[0.22250682]
1901
[0.12766756]
1902
[0.16973912]
1903
[0.1698136]
1904
[0.11332591]
1905
[0.16203552]
1906
[0.22239616]
1907
[0.13447454]
1908
[0.1329637]
1909
[0.20151058]
1910
[0.17794888]
1911
[0.15596239]
1912
[0.16974752]
1913
[0.13858128]
1914
[0.17174092]
1915
[0.18961613]
1916
[0.15516677]
1917
[0.16323987]
1918
[0.15603138]
1919
[0.17686458]
1920
[0.2123031]
1921
[0.18822487]
1922
[0.17222543]
1923
[0.1732581]
1924
[0.12113477]
1925
[0.1530916]
1926
[0.15981272]
1927
[0.13356296]
1928
[0.15601145]
1929
[0.15747073]
1930
[0.13153536]
1931
[0.16634436]
1932
[0.13875584]
1933
[0.14929282]
1934
[0.13492592]
1935
[0.11258417]
1936
[0.16811703]
1937
[0.14916208]
1938
[0.16456538]
1939
[0.21863164]
1940
[0.18853853]
1941
[0.13669241]
1942
[0.14110762]
1943
[0.15426211]
1944
[0.16315129]
1945
[0.11691372]
1946
[0.12808218]
1947
[0.1617274]
1948
[0.1671778]
1949
[0.14432814]
1950
[0.10740098]
1951
[0.14287798]
1952
[0.15023023]
1953
[0.22227205]
1954
[0.14046697]
1955
[0.14816349]
1956
[0.18212991]
1957
[0.18351143]
1958
[0.18783409]
1959
[0.15608738]
1960
[0.14775367]
1961
[0.14695715]
1962
[0.17730425]
1963
[0.16259848]
1964
[0.15990063]
1965
[0.15626617]
1966
[0.13836767]
1967
[0.20310988]
1968
[0.17357104]
1969
[0.16163986]
1970
[0.13365799]
1971
[0.16232911]
1972
[0.16078358]
1973
[0.17935691]
1974
[0.15175303]
1975
[0.13775765]
1976
[0.17695623]
1977
[0.13588941]
1978
[0.15541373]
1979
[0.11892967]
1980
[0.1515913]
1981
[0.14896927]
1982
[0.18251636]
1983
[0.1662535]
1984
[0.16901293]
1985
[0.16143949]
1986
[0.16121171]
1987
[0.15254922]
1988
[0.13991558]
1989
[0.12391425]
1990
[0.13075883]
1991
[0.14633816]
1992
[0.19144284]
1993
[0.15739575]
1994
[0.15356992]
1995
[0.12336949]
1996
[0.16604163]
1997
[0.15087482]
1998
[0.15563047]
1999
[0.14563782]
2000
[0.1509765]
2001
[0.17393384]
2002
[0.20205048]
2003
[0.16571889]
2004
[0.15867544]
2005
[0.18309954]
2006
[0.15287104]
2007
[0.20706477]
2008
[0.18481846]
2009
[0.15137689]
2010
[0.20780871]
2011
[0.14477512]
2012
[0.1741243]
2013
[0.17119509]
2014
[0.1610885]
2015
[0.14154974]
2016
[0.21826418]
2017
[0.15441372]
2018
[0.16699013]
2019
[0.1622651]
2020
[0.14611344]
2021
[0.17391273]
2022
[0.12498597]
2023
[0.15611315]
2024
[0.15860991]
2025
[0.18335005]
2026
[0.18421241]
2027
[0.13764264]
2028
[0.18961041]
2029
[0.22348271]
2030
[0.14683655]
2031
[0.11220045]
2032
[0.15667935]
2033
[0.20136935]
2034
[0.15809392]
2035
[0.17188725]
2036
[0.1876425]
2037
[0.15587539]
2038
[0.1814944]
2039
[0.15830465]
2040
[0.14055952]
2041
[0.13949437]
2042
[0.17742178]
2043
[0.15104807]
2044
[0.16318014]
2045
[0.153669]
2046
[0.14984424]
2047
[0.10530233]
2048
[0.16807327]
2049
[0.17795462]
2050
[0.16049245]
2051
[0.14432933]
2052
[0.17450904]
2053
[0.14724499]
2054
[0.16053347]
2055
[0.17855588]
2056
[0.1581733]
2057
[0.15086189]
2058
[0.1434195]
2059
[0.17790673]
2060
[0.15965452]
2061
[0.15189185]
2062
[0.1649241]
2063
[0.20692439]
2064
[0.16102467]
2065
[0.17080808]
2066
[0.14710725]
2067
[0.18557957]
2068
[0.17233865]
2069
[0.143994]
2070
[0.22782704]
2071
[0.1623921]
2072
[0.14841045]
2073
[0.19004022]
2074
[0.14210657]
2075
[0.20026222]
2076
[0.13233986]
2077
[0.18242057]
2078
[0.15723821]
2079
[0.17711859]
2080
[0.16732128]
2081
[0.13046692]
2082
[0.14934698]
2083
[0.11036833]
2084
[0.11148361]
2085
[0.1342445]
2086
[0.17475514]
2087
[0.14308969]
2088
[0.16733173]
2089
[0.15654897]
2090
[0.16944946]
2091
[0.1482958]
2092
[0.11796833]
2093
[0.20629421]
2094
[0.15345285]
2095
[0.15395727]
2096
[0.12959418]
2097
[0.17809077]
2098
[0.16798847]
2099
[0.10778533]
2100
[0.11839706]
2101
[0.1856365]
2102
[0.15052068]
2103
[0.11219639]
2104
[0.14395717]
2105
[0.17416948]
2106
[0.18140868]
2107
[0.142107]
2108
[0.20264795]
2109
[0.15226381]
2110
[0.21014885]
2111
[0.16499502]
2112
[0.18466116]
2113
[0.13293685]
2114
[0.1655651]
2115
[0.15310829]
2116
[0.17177809]
2117
[0.20153054]
2118
[0.14350671]
2119
[0.15637267]
2120
[0.16374925]
2121
[0.13641427]
2122
[0.1811468]
2123
[0.11416256]
2124
[0.19793636]
2125
[0.12400704]
2126
[0.14641038]
2127
[0.18601784]
2128
[0.17775139]
2129
[0.17456052]
2130
[0.15742441]
2131
[0.14933593]
2132
[0.13592919]
2133
[0.14289849]
2134
[0.22489379]
2135
[0.18185176]
2136
[0.12599311]
2137
[0.16453315]
2138
[0.16581947]
2139
[0.15936703]
2140
[0.16129279]
2141
[0.19465292]
2142
[0.13826639]
2143
[0.14880122]
2144
[0.18486634]
2145
[0.20498893]
2146
[0.15409815]
2147
[0.1255246]
2148
[0.11246705]
2149
[0.18696947]
2150
[0.23667184]
2151
[0.2043788]
2152
[0.17537035]
2153
[0.19057899]
2154
[0.20033302]
2155
[0.13980789]
2156
[0.19611724]
2157
[0.16187175]
2158
[0.15651219]
2159
[0.13977453]
2160
[0.16899345]
2161
[0.1531837]
2162
[0.17302953]
2163
[0.17074396]
2164
[0.14740339]
2165
[0.11951161]
2166
[0.1610074]
2167
[0.10897323]
2168
[0.13770425]
2169
[0.14199413]
2170
[0.18017034]
2171
[0.17948565]
2172
[0.1531974]
2173
[0.20581328]
2174
[0.10667514]
2175
[0.19421322]
2176
[0.15807075]
2177
[0.17619551]
2178
[0.22042217]
2179
[0.19221021]
2180
[0.1768741]
2181
[0.20672617]
2182
[0.14035301]
2183
[0.15773079]
2184
[0.17243933]
2185
[0.14146318]
2186
[0.16029675]
2187
[0.20152151]
2188
[0.16380529]
2189
[0.16773231]
2190
[0.18659728]
2191
[0.16337554]
2192
[0.16458526]
2193
[0.13821533]
2194
[0.13980731]
2195
[0.16993557]
2196
[0.16047463]
2197
[0.13820929]
2198
[0.20771083]
2199
[0.15994593]
2200
[0.15793843]
2201
[0.17074253]
2202
[0.18671433]
2203
[0.14348863]
2204
[0.15905146]
2205
[0.13621431]
2206
[0.127808]
2207
[0.1985087]
2208
[0.120098]
2209
[0.12905269]
2210
[0.15020005]
2211
[0.11687941]
2212
[0.1559163]
2213
[0.19901872]
2214
[0.13182804]
2215
[0.14881666]
2216
[0.17164671]
2217
[0.18005428]
2218
[0.15353897]
2219
[0.16162402]
2220
[0.14272377]
2221
[0.15517161]
2222
[0.17760159]
2223
[0.17001741]
2224
[0.12264217]
2225
[0.1532595]
2226
[0.12994658]
2227
[0.16843062]
2228
[0.18436653]
2229
[0.16108917]
2230
[0.1392224]
2231
[0.16913878]
2232
[0.19082906]
2233
[0.22263676]
2234
[0.1770378]
2235
[0.16259427]
2236
[0.15802981]
2237
[0.14153278]
2238
[0.14182201]
2239
[0.1911183]
2240
[0.15256311]
2241
[0.1382865]
2242
[0.16464355]
2243
[0.14913558]
2244
[0.18117204]
2245
[0.13479062]
2246
[0.12120316]
2247
[0.16950283]
2248
[0.11002821]
2249
[0.14198445]
2250
[0.13024609]
2251
[0.14003874]
2252
[0.17114678]
2253
[0.13149163]
2254
[0.18517936]
2255
[0.18384726]
2256
[0.23217627]
2257
[0.16043415]
2258
[0.15358424]
2259
[0.14802773]
2260
[0.17218942]
2261
[0.1410088]
2262
[0.16348642]
2263
[0.16638728]
2264
[0.14693411]
2265
[0.18676337]
2266
[0.14110576]
2267
[0.18118221]
2268
[0.14503657]
2269
[0.15850942]
2270
[0.1723797]
2271
[0.16072404]
2272
[0.12606766]
2273
[0.20508671]
2274
[0.15838406]
2275
[0.21305814]
2276
[0.17059006]
2277
[0.15517273]
2278
[0.12242335]
2279
[0.17559109]
2280
[0.16585752]
2281
[0.11582581]
2282
[0.16520675]
2283
[0.1539737]
2284
[0.20090779]
2285
[0.16868919]
2286
[0.14288008]
2287
[0.17777691]
2288
[0.15680966]
2289
[0.14206506]
2290
[0.17218092]
2291
[0.15848913]
2292
[0.18713286]
2293
[0.13335153]
2294
[0.17833557]
2295
[0.16749427]
2296
[0.16490822]
2297
[0.20885043]
2298
[0.17179132]
2299
[0.13407856]
2300
[0.16345212]
2301
[0.18316923]
2302
[0.17021329]
2303
[0.16355447]
2304
[0.14687343]
2305
[0.13361328]
2306
[0.18427493]
2307
[0.12308061]
2308
[0.16084986]
2309
[0.15459078]
2310
[0.12855256]
2311
[0.19578874]
2312
[0.17381741]
2313
[0.17766121]
2314
[0.14605214]
2315
[0.17441632]
2316
[0.12876525]
2317
[0.19685622]
2318
[0.15816723]
2319
[0.15906495]
2320
[0.17081984]
2321
[0.19055423]
2322
[0.20430507]
2323
[0.22348926]
2324
[0.19474171]
2325
[0.19543476]
2326
[0.20414171]
2327
[0.15059339]
2328
[0.15452372]
2329
[0.15135407]
2330
[0.16183307]
2331
[0.14491605]
2332
[0.17245295]
2333
[0.20812807]
2334
[0.1164732]
2335
[0.15418899]
2336
[0.14322155]
2337
[0.14972259]
2338
[0.15174355]
2339
[0.22226535]
2340
[0.16429758]
2341
[0.13604778]
2342
[0.20201174]
2343
[0.17110306]
2344
[0.18955226]
2345
[0.1892224]
2346
[0.17206444]
2347
[0.15723695]
2348
[0.10349216]
2349
[0.21447595]
2350
[0.17842825]
2351
[0.17118804]
2352
[0.1092931]
2353
[0.14609318]
2354
[0.14469335]
2355
[0.15091897]
2356
[0.13504463]
2357
[0.13202265]
2358
[0.16060443]
2359
[0.13966638]
2360
[0.16899502]
2361
[0.10611651]
2362
[0.12857885]
2363
[0.14592337]
2364
[0.12125388]
2365
[0.13194279]
2366
[0.16046329]
2367
[0.11044448]
2368
[0.17558899]
2369
[0.20981051]
2370
[0.1494059]
2371
[0.14864917]
2372
[0.18841837]
2373
[0.13844728]
2374
[0.15312615]
2375
[0.15529545]
2376
[0.19081461]
2377
[0.14962235]
2378
[0.12311623]
2379
[0.17386191]
2380
[0.16140499]
2381
[0.15686642]
2382
[0.17378868]
2383
[0.14470285]
2384
[0.14693301]
2385
[0.1844742]
2386
[0.1569755]
2387
[0.14936091]
2388
[0.13643868]
2389
[0.16364308]
2390
[0.11820006]
2391
[0.14888418]
2392
[0.1793569]
2393
[0.18945115]
2394
[0.17292389]
2395
[0.16423597]
2396
[0.13693454]
2397
[0.19295117]
2398
[0.19294932]
2399
[0.17231579]
2400
[0.18119884]
2401
[0.16317988]
2402
[0.20341741]
2403
[0.1726317]
2404
[0.19825151]
2405
[0.21398]
2406
[0.10482619]
2407
[0.13554529]
2408
[0.15159494]
2409
[0.18057299]
2410
[0.15112817]
2411
[0.14327786]
2412
[0.12084222]
2413
[0.20018026]
2414
[0.17297235]
2415
[0.14471695]
2416
[0.13986766]
2417
[0.16548276]
2418
[0.1663455]
2419
[0.15410772]
2420
[0.14103533]
2421
[0.17477285]
2422
[0.19999271]
2423
[0.15977645]
2424
[0.15607267]
2425
[0.15742814]
2426
[0.18207805]
2427
[0.15438701]
2428
[0.16727921]
2429
[0.14576632]
2430
[0.13836964]
2431
[0.14694781]
2432
[0.1063235]
2433
[0.16258583]
2434
[0.16536167]
2435
[0.12503187]
2436
[0.16185896]
2437
[0.13873792]
2438
[0.19101208]
2439
[0.17895761]
2440
[0.15775728]
2441
[0.18143602]
2442
[0.15863464]
2443
[0.15456789]
2444
[0.17111402]
2445
[0.15861803]
2446
[0.16130121]
2447
[0.16364548]
2448
[0.18077334]
2449
[0.18996678]
2450
[0.16366937]
2451
[0.19577091]
2452
[0.19272427]
2453
[0.17674342]
2454
[0.1173908]
2455
[0.14429069]
2456
[0.1764384]
2457
[0.12733821]
2458
[0.16840838]
2459
[0.22363423]
2460
[0.1502071]
2461
[0.13512651]
2462
[0.19600149]
2463
[0.12789775]
2464
[0.18554285]
2465
[0.17034318]
2466
[0.20770741]
2467
[0.16032504]
2468
[0.13427422]
2469
[0.1608776]
2470
[0.15802658]
2471
[0.12911622]
2472
[0.14356805]
2473
[0.15931962]
2474
[0.1611512]
2475
[0.11643036]
2476
[0.14795757]
2477
[0.16569786]
2478
[0.15292524]
2479
[0.14985234]
2480
[0.21985593]
2481
[0.16021064]
2482
[0.13081181]
2483
[0.17773401]
2484
[0.17676271]
2485
[0.14086762]
2486
[0.17765746]
2487
[0.20691432]
2488
[0.150236]
2489
[0.14898052]
2490
[0.1330347]
2491
[0.18761212]
2492
[0.16085334]
2493
[0.13696591]
2494
[0.19606537]
2495
[0.16256158]
2496
[0.18339347]
2497
[0.14220628]
2498
[0.17138628]
2499
[0.11375835]
2500
[0.17895685]
2501
[0.13798168]
2502
[0.18567432]
2503
[0.15660759]
2504
[0.13492905]
2505
[0.13017989]
2506
[0.17095881]
2507
[0.13977115]
2508
[0.13519401]
2509
[0.17697138]
2510
[0.19294465]
2511
[0.14309028]
2512
[0.17135561]
2513
[0.14410007]
2514
[0.18297415]
2515
[0.14516361]
2516
[0.1852152]
2517
[0.15822796]
2518
[0.14219796]
2519
[0.13704855]
2520
[0.09545524]
2521
[0.16667378]
2522
[0.15572177]
2523
[0.16912644]
2524
[0.12104152]
2525
[0.19334727]
2526
[0.17736381]
2527
[0.16191254]
2528
[0.15491293]
2529
[0.15358395]
2530
[0.20655419]
2531
[0.15150994]
2532
[0.16547452]
2533
[0.16632726]
2534
[0.13856912]
2535
[0.14756772]
2536
[0.12531354]
2537
[0.19159313]
2538
[0.17661516]
2539
[0.13506572]
2540
[0.15538675]
2541
[0.16928628]
2542
[0.13277696]
2543
[0.17429835]
2544
[0.1950342]
2545
[0.18366441]
2546
[0.20822253]
2547
[0.1436914]
2548
[0.19248836]
2549
[0.17636461]
2550
[0.14433118]
2551
[0.15636553]
2552
[0.16340065]
2553
[0.14159027]
2554
[0.21553759]
2555
[0.14170546]
2556
[0.127422]
2557
[0.19978833]
2558
[0.1556345]
2559
[0.16003659]
2560
[0.15570793]
2561
[0.19856984]
2562
[0.19230451]
2563
[0.19035339]
2564
[0.20277104]
2565
[0.15280822]
2566
[0.14254403]
2567
[0.16689732]
2568
[0.1365033]
2569
[0.13551481]
2570
[0.18205247]
2571
[0.11975907]
2572
[0.15741882]
2573
[0.14824229]
2574
[0.17823704]
2575
[0.16614378]
2576
[0.13647691]
2577
[0.14522433]
2578
[0.10311919]
2579
[0.15151233]
2580
[0.14990807]
2581
[0.18419243]
2582
[0.14736761]
2583
[0.17243349]
2584
[0.12034693]
2585
[0.19649816]
2586
[0.14898767]
2587
[0.14839755]
2588
[0.11936463]
2589
[0.18132667]
2590
[0.18684282]
2591
[0.13857226]
2592
[0.13008378]
2593
[0.15107122]
2594
[0.16446661]
2595
[0.15602309]
2596
[0.12430398]
2597
[0.14068125]
2598
[0.17104885]
2599
[0.16315363]
2600
[0.18915744]
2601
[0.14754076]
2602
[0.13621085]
2603
[0.16494871]
2604
[0.17379851]
2605
[0.14404297]
2606
[0.15372972]
2607
[0.15986989]
2608
[0.1489171]
2609
[0.15474817]
2610
[0.134428]
2611
[0.20456082]
2612
[0.16827383]
2613
[0.17668196]
2614
[0.21668715]
2615
[0.15519083]
2616
[0.1767651]
2617
[0.1656184]
2618
[0.16875433]
2619
[0.14753358]
2620
[0.15899089]
2621
[0.17192151]
2622
[0.17449816]
2623
[0.24237133]
2624
[0.16167894]
2625
[0.16501765]
2626
[0.13957169]
2627
[0.16742898]
2628
[0.15822513]
2629
[0.17601498]
2630
[0.1941276]
2631
[0.16611515]
2632
[0.15093813]
2633
[0.11680494]
2634
[0.1626818]
2635
[0.15364187]
2636
[0.17209145]
2637
[0.16483166]
2638
[0.14871408]
2639
[0.15817021]
2640
[0.19675986]
2641
[0.15679504]
2642
[0.13424018]
2643
[0.17353307]
2644
[0.15141942]
2645
[0.18789141]
2646
[0.16880433]
2647
[0.18484257]
2648
[0.15879006]
2649
[0.13187123]
2650
[0.18245949]
2651
[0.16174212]
2652
[0.15001811]
2653
[0.2013169]
2654
[0.14261493]
2655
[0.15458835]
2656
[0.16106377]
2657
[0.19633615]
2658
[0.17173283]
2659
[0.13142576]
2660
[0.17942263]
2661
[0.16770138]
2662
[0.14351952]
2663
[0.14259684]
2664
[0.19371749]
2665
[0.14289803]
2666
[0.17825082]
2667
[0.15557913]
2668
[0.17738313]
2669
[0.18071652]
2670
[0.1765359]
2671
[0.16699013]
2672
[0.14716543]
2673
[0.12766756]
2674
[0.15632867]
2675
[0.18313608]
2676
[0.16910346]
2677
[0.15840171]
2678
[0.12764053]
2679
[0.17810191]
2680
[0.21891427]
2681
[0.17286907]
2682
[0.1338467]
2683
[0.15472217]
2684
[0.20174857]
2685
[0.14958506]
2686
[0.21495757]
2687
[0.21634025]
2688
[0.22700707]
2689
[0.20742928]
2690
[0.14509865]
2691
[0.1629328]
2692
[0.18546822]
2693
[0.13336416]
2694
[0.18449686]
2695
[0.15357916]
2696
[0.14093011]
2697
[0.14737317]
2698
[0.17099635]
2699
[0.14601427]
2700
[0.13211261]
2701
[0.07150693]
2702
[0.13776952]
2703
[0.16715391]
2704
[0.17746233]
2705
[0.22319512]
2706
[0.18360859]
2707
[0.16710865]
2708
[0.15983828]
2709
[0.18206547]
2710
[0.14894043]
2711
[0.1178329]
2712
[0.14352124]
2713
[0.15802083]
2714
[0.13254828]
2715
[0.15790516]
2716
[0.14350287]
2717
[0.15545241]
2718
[0.17421906]
2719
[0.17809614]
2720
[0.11818985]
2721
[0.16465868]
2722
[0.18189797]
2723
[0.21046135]
2724
[0.19931936]
2725
[0.1496159]
2726
[0.12554519]
2727
[0.14010038]
2728
[0.14462996]
2729
[0.13251304]
2730
[0.19732771]
2731
[0.15069565]
2732
[0.14809147]
2733
[0.19406863]
2734
[0.15849529]
2735
[0.2368265]
2736
[0.16733708]
2737
[0.12192837]
2738
[0.1186628]
2739
[0.14704129]
2740
[0.14210989]
2741
[0.20162405]
2742
[0.15528548]
2743
[0.17289825]
2744
[0.18795065]
2745
[0.19221301]
2746
[0.16850561]
2747
[0.13273712]
2748
[0.16890952]
2749
[0.14181049]
2750
[0.16500927]
2751
[0.17021722]
2752
[0.17510492]
2753
[0.16284476]
2754
[0.18001223]
2755
[0.15095296]
2756
[0.20130663]
2757
[0.14731512]
2758
[0.18257728]
2759
[0.18161325]
2760
[0.16776233]
2761
[0.16684467]
2762
[0.12656709]
2763
[0.17085661]
2764
[0.11889261]
2765
[0.17266685]
2766
[0.16695947]
2767
[0.14530146]
2768
[0.18651132]
2769
[0.14494377]
2770
[0.15117561]
2771
[0.16720042]
2772
[0.13091506]
2773
[0.13225224]
2774
[0.16055075]
2775
[0.15936813]
2776
[0.19042346]
2777
[0.13765461]
2778
[0.14516274]
2779
[0.2414617]
2780
[0.17112827]
2781
[0.16445712]
2782
[0.12992564]
2783
[0.17840164]
2784
[0.16574306]
2785
[0.16140834]
2786
[0.1650489]
2787
[0.20132477]
2788
[0.17646048]
2789
[0.17828174]
2790
[0.14938811]
2791
[0.13349254]
2792
[0.19602399]
2793
[0.16667697]
2794
[0.17515357]
2795
[0.17804004]
2796
[0.20338909]
2797
[0.17408575]
2798
[0.1833073]
2799
[0.18504139]
2800
[0.11243961]
2801
[0.12256543]
2802
[0.19816808]
2803
[0.15142277]
2804
[0.13710335]
2805
[0.150991]
2806
[0.16156702]
2807
[0.14010463]
2808
[0.16332968]
2809
[0.15525179]
2810
[0.15454246]
2811
[0.14263832]
2812
[0.19785226]
2813
[0.20012736]
2814
[0.16455386]
2815
[0.13256554]
2816
[0.19342005]
2817
[0.16398548]
2818
[0.16952521]
2819
[0.13895949]
2820
[0.18083241]
2821
[0.12346786]
2822
[0.19747881]
2823
[0.1303831]
2824
[0.12031409]
2825
[0.17283765]
2826
[0.16100852]
2827
[0.12356308]
2828
[0.18324099]
2829
[0.1863291]
2830
[0.16497089]
2831
[0.16168432]
2832
[0.14445789]
2833
[0.18508037]
2834
[0.15775614]
2835
[0.13972277]
2836
[0.16741469]
2837
[0.15730868]
2838
[0.16609282]
2839
[0.15655296]
2840
[0.15423679]
2841
[0.17222772]
2842
[0.20560358]
2843
[0.16634449]
2844
[0.15928624]
2845
[0.22250275]
2846
[0.14549925]
2847
[0.12971428]
2848
[0.20141401]
2849
[0.19668789]
2850
[0.15981064]
2851
[0.16120192]
2852
[0.1229736]
2853
[0.18213329]
2854
[0.14273634]
2855
[0.14708798]
2856
[0.13738959]
2857
[0.15287424]
2858
[0.21321019]
2859
[0.20124903]
2860
[0.16948753]
2861
[0.16135291]
2862
[0.15836664]
2863
[0.16963319]
2864
[0.14631865]
2865
[0.1696701]
2866
[0.17516483]
2867
[0.15152805]
2868
[0.1849978]
2869
[0.15652047]
2870
[0.1503408]
2871
[0.13347091]
2872
[0.13790404]
2873
[0.18306285]
2874
[0.16730088]
2875
[0.18173]
2876
[0.14623952]
2877
[0.20364838]
2878
[0.15249591]
2879
[0.10987409]
2880
[0.19650497]
2881
[0.17969023]
2882
[0.19973288]
2883
[0.18127723]
2884
[0.16290821]
2885
[0.1683985]
2886
[0.19323305]
2887
[0.18052603]
2888
[0.17285324]
2889
[0.13458303]
2890
[0.20602956]
2891
[0.19243959]
2892
[0.19926269]
2893
[0.17015278]
2894
[0.17811846]
2895
[0.18398148]
2896
[0.15507491]
2897
[0.20382377]
2898
[0.1687734]
2899
[0.18386923]
2900
[0.19342005]
2901
[0.19900806]
2902
[0.17426267]
2903
[0.16427661]
2904
[0.16371989]
2905
[0.15832855]
2906
[0.15179939]
2907
[0.15132012]
2908
[0.15223294]
2909
[0.12002834]
2910
[0.09285742]
2911
[0.15612484]
2912
[0.15453449]
2913
[0.1466717]
2914
[0.19113881]
2915
[0.1782203]
2916
[0.19431875]
2917
[0.16318662]
2918
[0.16103626]
2919
[0.16185819]
2920
[0.17007566]
2921
[0.20658527]
2922
[0.14669335]
2923
[0.1648914]
2924
[0.21492462]
2925
[0.20465463]
2926
[0.17042004]
2927
[0.1222449]
2928
[0.15422467]
2929
[0.16054639]
2930
[0.15029374]
2931
[0.20644789]
2932
[0.1365948]
2933
[0.1564994]
2934
[0.16956866]
2935
[0.18976836]
2936
[0.14700826]
2937
[0.20032625]
2938
[0.17261478]
2939
[0.15939032]
2940
[0.15029468]
2941
[0.17308726]
2942
[0.12054271]
2943
[0.16480921]
2944
[0.13540847]
2945
[0.18613436]
2946
[0.11476114]
2947
[0.16233027]
2948
[0.15412787]
2949
[0.16122187]
2950
[0.19731557]
2951
[0.16682809]
2952
[0.14443314]
2953
[0.13752887]
2954
[0.13580726]
2955
[0.12319447]
2956
[0.15792687]
2957
[0.17915352]
2958
[0.19092751]
2959
[0.16602661]
2960
[0.17557522]
2961
[0.19372335]
2962
[0.11021476]
2963
[0.15925454]
2964
[0.15343853]
2965
[0.14821674]
2966
[0.20427845]
2967
[0.17355618]
2968
[0.14283075]
2969
[0.17917577]
2970
[0.18877392]
2971
[0.15805799]
2972
[0.13287291]
2973
[0.16930719]
2974
[0.14558937]
2975
[0.1241214]
2976
[0.16272485]
2977
[0.1313994]
2978
[0.15519463]
2979
[0.18376722]
2980
[0.21443558]
2981
[0.16081013]
2982
[0.18335629]
2983
[0.12427952]
2984
[0.20080087]
2985
[0.15692469]
2986
[0.17822851]
2987
[0.15022969]
2988
[0.15156334]
2989
[0.14807156]
2990
[0.15598193]
2991
[0.07093992]
2992
[0.16080945]
2993
[0.21800543]
2994
[0.13687678]
2995
[0.19084152]
2996
[0.138573]
2997
[0.14724871]
2998
[0.16215539]
2999
[0.16197375]
3000
[0.14674009]
3001
[0.13819503]
3002
[0.1492034]
3003
[0.15223375]
3004
[0.19664322]
3005
[0.16202811]
3006
[0.20966764]
3007
[0.10263939]
3008
[0.16953815]
3009
[0.18523406]
3010
[0.1924836]
3011
[0.13573073]
3012
[0.15572564]
3013
[0.15926515]
3014
[0.15236498]
3015
[0.12325051]
3016
[0.19115559]
3017
[0.13630228]
3018
[0.20294741]
3019
[0.15978049]
3020
[0.19229729]
3021
[0.15399025]
3022
[0.14397149]
3023
[0.14007321]
3024
[0.17341387]
3025
[0.15402037]
3026
[0.16701384]
3027
[0.12210078]
3028
[0.20924485]
3029
[0.14905353]
3030
[0.15014611]
3031
[0.16164895]
3032
[0.20589917]
3033
[0.17781373]
3034
[0.13529797]
3035
[0.15482081]
3036
[0.14901004]
3037
[0.14474945]
3038
[0.15159467]
3039
[0.17550735]
3040
[0.13832139]
3041
[0.16411809]
3042
[0.18576972]
3043
[0.14240756]
3044
[0.14682528]
3045
[0.19327706]
3046
[0.20289627]
3047
[0.13812654]
3048
[0.16411124]
3049
[0.18033281]
3050
[0.14355614]
3051
[0.15860991]
3052
[0.13249653]
3053
[0.1514342]
3054
[0.13927094]
3055
[0.19369571]
3056
[0.19581229]
3057
[0.24141319]
3058
[0.16062433]
3059
[0.11776764]
3060
[0.16091509]
3061
[0.1428968]
3062
[0.18707178]
3063
[0.16536177]
3064
[0.1165554]
3065
[0.21094754]
3066
[0.15280822]
3067
[0.1212864]
3068
[0.13892298]
3069
[0.17395895]
3070
[0.204027]
3071
[0.18716895]
3072
[0.17026683]
3073
[0.14636178]
3074
[0.11784105]
3075
[0.16381783]
3076
[0.14797334]
3077
[0.16938761]
3078
[0.16665754]
3079
[0.08834499]
3080
[0.17045161]
3081
[0.17901532]
3082
[0.16451021]
3083
[0.18131551]
3084
[0.14532743]
3085
[0.20233186]
3086
[0.18567846]
3087
[0.16092544]
3088
[0.20361838]
3089
[0.18169688]
3090
[0.12824321]
3091
[0.16896901]
3092
[0.12700037]
3093
[0.16272931]
3094
[0.1521139]
3095
[0.16175188]
3096
[0.19819423]
3097
[0.16018572]
3098
[0.16878385]
3099
[0.18329583]
3100
[0.1274691]
3101
[0.13346925]
3102
[0.14164507]
3103
[0.14510205]
3104
[0.14985871]
3105
[0.10925685]
3106
[0.21246882]
3107
[0.18986573]
3108
[0.1459933]
3109
[0.15881092]
3110
[0.16428591]
3111
[0.20874637]
3112
[0.1545948]
3113
[0.13251184]
3114
[0.1246097]
3115
[0.14207681]
3116
[0.14454362]
3117
[0.13996406]
3118
[0.16020161]
3119
[0.14636336]
3120
[0.13276434]
3121
[0.12809705]
3122
[0.16118844]
3123
[0.18439781]
3124
[0.15791621]
3125
[0.12448906]
3126
[0.17592781]
3127
[0.14765116]
3128
[0.11943363]
3129
[0.1755346]
3130
[0.13562165]
3131
[0.14849062]
3132
[0.17235081]
3133
[0.20012877]
3134
[0.19459676]
3135
[0.15965697]
3136
[0.17988278]
3137
[0.12271518]
3138
[0.17502328]
3139
[0.1507066]
3140
[0.18053423]
3141
[0.14045619]
3142
[0.15255279]
3143
[0.16603143]
3144
[0.16824928]
3145
[0.16425949]
3146
[0.14189915]
3147
[0.1521293]
3148
[0.12239185]
3149
[0.1680059]
3150
[0.13198434]
3151
[0.18065131]
3152
[0.17583895]
3153
[0.15027488]
3154
[0.14008529]
3155
[0.16354702]
3156
[0.13838617]
3157
[0.15860434]
3158
[0.16785557]
3159
[0.13316062]
3160
[0.19126111]
3161
[0.13411389]
3162
[0.15988719]
3163
[0.23284712]
3164
[0.19079524]
3165
[0.18142809]
3166
[0.15954853]
3167
[0.11240879]
3168
[0.17524747]
3169
[0.16158382]
3170
[0.16293446]
3171
[0.14276654]
3172
[0.17730572]
3173
[0.15012053]
3174
[0.1533968]
3175
[0.17970648]
3176
[0.20530542]
3177
[0.15280822]
3178
[0.15328732]
3179
[0.16003023]
3180
[0.19736184]
3181
[0.19757233]
3182
[0.16353342]
3183
[0.18101737]
3184
[0.16434439]
3185
[0.14200583]
3186
[0.13809621]
3187
[0.16829878]
3188
[0.16449083]
3189
[0.14762291]
3190
[0.19633803]
3191
[0.14831201]
3192
[0.17705744]
3193
[0.16966726]
3194
[0.14314992]
3195
[0.13240725]
3196
[0.14856361]
3197
[0.12395581]
3198
[0.18780977]
3199
[0.16064362]
3200
[0.15960747]
3201
[0.22104474]
3202
[0.15729178]
3203
[0.16870957]
3204
[0.11687867]
3205
[0.21029246]
3206
[0.14020841]
3207
[0.19016186]
3208
[0.12820433]
3209
[0.16205676]
3210
[0.14564246]
3211
[0.16425974]
3212
[0.14169621]
3213
[0.14571948]
3214
[0.18828747]
3215
[0.21588358]
3216
[0.11373571]
3217
[0.15739269]
3218
[0.15278597]
3219
[0.17627823]
3220
[0.15924849]
3221
[0.12182318]
3222
[0.17384216]
3223
[0.15540546]
3224
[0.15585267]
3225
[0.15981165]
3226
[0.17924587]
3227
[0.16050717]
3228
[0.20448322]
3229
[0.12699614]
3230
[0.13821498]
3231
[0.18386617]
3232
[0.18648745]
3233
[0.14632155]
3234
[0.12932945]
3235
[0.16323739]
3236
[0.17695587]
3237
[0.19076251]
3238
[0.15091092]
3239
[0.13588502]
3240
[0.16332493]
3241
[0.09938003]
3242
[0.15303569]
3243
[0.12792544]
3244
[0.16595084]
3245
[0.19536311]
3246
[0.21547478]
3247
[0.15432465]
3248
[0.18968242]
3249
[0.16967812]
3250
[0.13269178]
3251
[0.15436701]
3252
[0.13798607]
3253
[0.1375427]
3254
[0.20222225]
3255
[0.18246131]
3256
[0.17231563]
3257
[0.17375093]
3258
[0.17926943]
3259
[0.16489061]
3260
[0.14890116]
3261
[0.17104817]
3262
[0.16791976]
3263
[0.16208542]
3264
[0.17358486]
3265
[0.23037274]
3266
[0.13927094]
3267
[0.14852646]
3268
[0.10743439]
3269
[0.21676928]
3270
[0.12726969]
3271
[0.1729727]
3272
[0.16311178]
3273
[0.18870206]
3274
[0.13726313]
3275
[0.12212282]
3276
[0.13016571]
3277
[0.11527368]
3278
[0.16351218]
3279
[0.18195415]
3280
[0.13048492]
3281
[0.14925199]
3282
[0.16996866]
3283
[0.19645197]
3284
[0.20674268]
3285
[0.20614663]
3286
[0.1546531]
3287
[0.20343425]
3288
[0.14165451]
3289
[0.1881325]
3290
[0.18566587]
3291
[0.13132513]
3292
[0.16899458]
3293
[0.1609261]
3294
[0.14147263]
3295
[0.11102529]
3296
[0.15735343]
3297
[0.17858091]
3298
[0.15674559]
3299
[0.13797515]
3300
[0.17022757]
3301
[0.19477826]
3302
[0.13862631]
3303
[0.14465886]
3304
[0.15284372]
3305
[0.17365496]
3306
[0.152903]
3307
[0.1704279]
3308
[0.17538991]
3309
[0.14243969]
3310
[0.15199473]
3311
[0.18394168]
3312
[0.13303156]
3313
[0.15387416]
3314
[0.16116609]
3315
[0.1526287]
3316
[0.13519642]
3317
[0.13601215]
3318
[0.13897465]
3319
[0.1682794]
3320
[0.17740005]
3321
[0.16243385]
3322
[0.11524948]
3323
[0.15588626]
3324
[0.15210502]
3325
[0.14540512]
3326
[0.19882866]
3327
[0.12678512]
3328
[0.1454185]
3329
[0.15283956]
3330
[0.14277054]
3331
[0.14300896]
3332
[0.14184947]
3333
[0.12111153]
3334
[0.15675682]
3335
[0.17933411]
3336
[0.2045536]
3337
[0.15226448]
3338
[0.15868925]
3339
[0.1596089]
3340
[0.18409352]
3341
[0.16600598]
3342
[0.17653803]
3343
[0.13753412]
3344
[0.20365894]
3345
[0.20827262]
3346
[0.14458488]
3347
[0.16377961]
3348
[0.19390799]
3349
[0.10317897]
3350
[0.19330936]
3351
[0.18317857]
3352
[0.20966055]
3353
[0.16817243]
3354
[0.12465562]
3355
[0.19256118]
3356
[0.16428517]
3357
[0.198941]
3358
[0.13444769]
3359
[0.16478903]
3360
[0.14489025]
3361
[0.1473013]
3362
[0.16126548]
3363
[0.20634102]
3364
[0.18162628]
3365
[0.15800011]
3366
[0.17070324]
3367
[0.13811323]
3368
[0.15628282]
3369
[0.19288921]
3370
[0.14328929]
3371
[0.19215952]
3372
[0.12702293]
3373
[0.18670786]
3374
[0.14547483]
3375
[0.13406847]
3376
[0.14684635]
3377
[0.14275048]
3378
[0.16234716]
3379
[0.13543624]
3380
[0.13255353]
3381
[0.15143995]
3382
[0.161881]
3383
[0.1547113]
3384
[0.15620279]
3385
[0.11413028]
3386
[0.1484673]
3387
[0.12771905]
3388
[0.17547705]
3389
[0.19014691]
3390
[0.1460075]
3391
[0.15514014]
3392
[0.16069711]
3393
[0.1504023]
3394
[0.18628666]
3395
[0.1678229]
3396
[0.14736153]
3397
[0.14074593]
3398
[0.17927366]
3399
[0.16939395]
3400
[0.12810826]
3401
[0.16423089]
3402
[0.15583741]
3403
[0.19729646]
3404
[0.20576943]
3405
[0.18589517]
3406
[0.14154072]
3407
[0.14852951]
3408
[0.13979251]
3409
[0.14698658]
3410
[0.16737932]
3411
[0.17253608]
3412
[0.16246708]
3413
[0.16265963]
3414
[0.1989221]
3415
[0.15584516]
3416
[0.23825441]
3417
[0.14285372]
3418
[0.16856949]
3419
[0.16969695]
3420
[0.18349149]
3421
[0.19391481]
3422
[0.1078456]
3423
[0.18518155]
3424
[0.15279139]
3425
[0.17862807]
3426
[0.13318906]
3427
[0.17827998]
3428
[0.20730255]
3429
[0.19200801]
3430
[0.15955686]
3431
[0.17050032]
3432
[0.13104537]
3433
[0.13469137]
3434
[0.15561784]
3435
[0.13529607]
3436
[0.18471071]
3437
[0.10797114]
3438
[0.13753245]
3439
[0.1620692]
3440
[0.19309663]
3441
[0.17686803]
3442
[0.17852323]
3443
[0.12768677]
3444
[0.18318427]
3445
[0.19857711]
3446
[0.15022969]
3447
[0.13796485]
3448
[0.13810371]
3449
[0.16331064]
3450
[0.16769397]
3451
[0.17355701]
3452
[0.16318177]
3453
[0.15923963]
3454
[0.15021016]
3455
[0.15898839]
3456
[0.15812932]
3457
[0.1257357]
3458
[0.11304881]
3459
[0.17944386]
3460
[0.23149152]
3461
[0.12226224]
3462
[0.19056654]
3463
[0.15305349]
3464
[0.1523909]
3465
[0.13440945]
3466
[0.15620458]
3467
[0.13165633]
3468
[0.15777535]
3469
[0.15653481]
3470
[0.1663455]
3471
[0.21704834]
3472
[0.14039945]
3473
[0.20092562]
3474
[0.20116042]
3475
[0.14451596]
3476
[0.16792834]
3477
[0.15200294]
3478
[0.19213079]
3479
[0.15447404]
3480
[0.17571156]
3481
[0.11839705]
3482
[0.15439671]
3483
[0.15399992]
3484
[0.23644722]
3485
[0.14945827]
3486
[0.16297357]
3487
[0.1799668]
3488
[0.16712147]
3489
[0.14449755]
3490
[0.14340378]
3491
[0.12648896]
3492
[0.15175268]
3493
[0.16563527]
3494
[0.13201086]
3495
[0.14989609]
3496
[0.18948974]
3497
[0.18225579]
3498
[0.14368237]
3499
[0.16312234]
3500
[0.11826392]
3501
[0.16066548]
3502
[0.13713305]
3503
[0.19886604]
3504
[0.12826572]
3505
[0.15721175]
3506
[0.20502343]
3507
[0.14863758]
3508
[0.13788736]
3509
[0.1577718]
3510
[0.18263165]
3511
[0.16069522]
3512
[0.16002444]
3513
[0.13848121]
3514
[0.09343924]
3515
[0.15757926]
3516
[0.14621323]
3517
[0.16054759]
3518
[0.12269588]
3519
[0.12033963]
3520
[0.18835883]
3521
[0.14241382]
3522
[0.20522611]
3523
[0.15648131]
3524
[0.20051693]
3525
[0.16922505]
3526
[0.20295615]
3527
[0.17701632]
3528
[0.16740638]
3529
[0.17528013]
3530
[0.19578522]
3531
[0.12958441]
3532
[0.12781398]
3533
[0.14459412]
3534
[0.15133841]
3535
[0.16375564]
3536
[0.17470823]
3537
[0.15264373]
3538
[0.13302568]
3539
[0.13524207]
3540
[0.15496442]
3541
[0.14000388]
3542
[0.12751595]
3543
[0.14730372]
3544
[0.19670403]
3545
[0.15007711]
3546
[0.13604778]
3547
[0.18408458]
3548
[0.15970859]
3549
[0.16460785]
3550
[0.15148658]
3551
[0.16862273]
3552
[0.1870206]
3553
[0.14322836]
3554
[0.17932124]
3555
[0.15296122]
3556
[0.16599946]
3557
[0.1655528]
3558
[0.14059579]
3559
[0.15573828]
3560
[0.19037469]
3561
[0.1439086]
3562
[0.15724531]
3563
[0.15021258]
3564
[0.17633628]
3565
[0.16392726]
3566
[0.14982821]
3567
[0.15885145]
3568
[0.19767471]
3569
[0.14293609]
3570
[0.14438779]
3571
[0.13146987]
3572
[0.13089072]
3573
[0.16179065]
3574
[0.17382838]
3575
[0.13826462]
3576
[0.20093684]
3577
[0.20808322]
3578
[0.17427824]
3579
[0.16787882]
3580
[0.15663053]
3581
[0.16416586]
3582
[0.18769191]
3583
[0.17915054]
3584
[0.2162878]
3585
[0.17602387]
3586
[0.13432418]
3587
[0.17365047]
3588
[0.15157384]
3589
[0.25107035]
3590
[0.14878101]
3591
[0.20368122]
3592
[0.17905094]
3593
[0.19021609]
3594
[0.19075873]
3595
[0.14107674]
3596
[0.16657037]
3597
[0.19804355]
3598
[0.11618912]
3599
[0.19986638]
3600
[0.16066817]
3601
[0.18944834]
3602
[0.16672111]
3603
[0.15538675]
3604
[0.13240323]
3605
[0.13924787]
3606
[0.15460337]
3607
[0.12494602]
3608
[0.16958817]
3609
[0.17176603]
3610
[0.17562071]
3611
[0.17301474]
3612
[0.15020393]
3613
[0.17217242]
3614
[0.17613232]
3615
[0.16167545]
3616
[0.12195719]
3617
[0.14827884]
3618
[0.16256182]
3619
[0.1589142]
3620
[0.20785542]
3621
[0.18117204]
3622
[0.13297366]
3623
[0.17407151]
3624
[0.15841116]
3625
[0.18357862]
3626
[0.122027]
3627
[0.14275483]
3628
[0.13301092]
3629
[0.19962908]
3630
[0.1573344]
3631
[0.21333426]
3632
[0.1445074]
3633
[0.18309712]
3634
[0.18974707]
3635
[0.14459419]
3636
[0.12482698]
3637
[0.16965319]
3638
[0.14520725]
3639
[0.12153772]
3640
[0.17148915]
3641
[0.14662952]
3642
[0.13625373]
3643
[0.17851495]
3644
[0.18072601]
3645
[0.18351484]
3646
[0.15012266]
3647
[0.16774301]
3648
[0.15139332]
3649
[0.16861262]
3650
[0.13639874]
3651
[0.15512396]
3652
[0.15237973]
3653
[0.17653175]
3654
[0.16972823]
3655
[0.14928075]
3656
[0.12605287]
3657
[0.16776977]
3658
[0.13539825]
3659
[0.17782046]
3660
[0.1863291]
3661
[0.19463024]
3662
[0.15213325]
3663
[0.14652349]
3664
[0.18322883]
3665
[0.20810804]
3666
[0.17629712]
3667
[0.18589634]
3668
[0.12366863]
3669
[0.16226058]
3670
[0.16360951]
3671
[0.16352902]
3672
[0.157739]
3673
[0.14302137]
3674
[0.1810614]
3675
[0.19463701]
3676
[0.139011]
3677
[0.15673422]
3678
[0.16897935]
3679
[0.16525134]
3680
[0.1584222]
3681
[0.17602574]
3682
[0.15914258]
3683
[0.15373665]
3684
[0.18756701]
3685
[0.17324874]
3686
[0.17371662]
3687
[0.17028867]
3688
[0.1722227]
3689
[0.18529926]
3690
[0.16225402]
3691
[0.13755701]
3692
[0.21295314]
3693
[0.18406714]
3694
[0.21063848]
3695
[0.15741411]
3696
[0.13767651]
3697
[0.2070479]
3698
[0.17850061]
3699
[0.1325521]
3700
[0.18452465]
3701
[0.18142003]
3702
[0.15001112]
3703
[0.1662081]
3704
[0.1887228]
3705
[0.1292214]
3706
[0.15465626]
3707
[0.17326939]
3708
[0.19899305]
3709
[0.19118106]
3710
[0.1659127]
3711
[0.19607891]
3712
[0.14480054]
3713
[0.16624806]
3714
[0.10307938]
3715
[0.14068978]
3716
[0.1683522]
3717
[0.14451677]
3718
[0.14611623]
3719
[0.12502648]
3720
[0.23490107]
3721
[0.1406818]
3722
[0.15552065]
3723
[0.16171194]
3724
[0.11234584]
3725
[0.14915101]
3726
[0.13805367]
3727
[0.17847458]
3728
[0.1633722]
3729
[0.14511151]
3730
[0.10734956]
3731
[0.20829477]
3732
[0.164717]
3733
[0.1466765]
3734
[0.1602149]
3735
[0.16897157]
3736
[0.16980483]
3737
[0.18519915]
3738
[0.11731199]
3739
[0.16621559]
3740
[0.1350106]
3741
[0.13835085]
3742
[0.14455162]
3743
[0.16669087]
3744
[0.12400407]
3745
[0.16555768]
3746
[0.20335746]
3747
[0.16034401]
3748
[0.16244541]
3749
[0.13160033]
3750
[0.15686995]
3751
[0.15844715]
3752
[0.17397122]
3753
[0.17016597]
3754
[0.17847017]
3755
[0.16020061]
3756
[0.18751421]
3757
[0.16921738]
3758
[0.17486584]
3759
[0.16353237]
3760
[0.13836581]
3761
[0.21504468]
3762
[0.17250599]
3763
[0.15535612]
3764
[0.15989918]
3765
[0.14533065]
3766
[0.13050516]
3767
[0.1407455]
3768
[0.18117204]
3769
[0.21500115]
3770
[0.14120484]
3771
[0.16240743]
3772
[0.16822355]
3773
[0.17302049]
3774
[0.12236232]
3775
[0.15406272]
3776
[0.13239384]
3777
[0.20975728]
3778
[0.17117273]
3779
[0.20875715]
3780
[0.16815728]
3781
[0.19790524]
3782
[0.16058694]
3783
[0.15464715]
3784
[0.20453077]
3785
[0.22991699]
3786
[0.17981813]
3787
[0.20448946]
3788
[0.17078126]
3789
[0.16748913]
3790
[0.12355318]
3791
[0.12883767]
3792
[0.16120177]
3793
[0.16772325]
3794
[0.15398632]
3795
[0.19938326]
3796
[0.13692049]
3797
[0.13590337]
3798
[0.16098062]
3799
[0.16679974]
3800
[0.12568282]
3801
[0.21219491]
3802
[0.1568182]
3803
[0.17401633]
3804
[0.16141716]
3805
[0.14700653]
3806
[0.16944448]
3807
[0.22592586]
3808
[0.17901042]
3809
[0.15525333]
3810
[0.13196184]
3811
[0.1503985]
3812
[0.18955167]
3813
[0.18095317]
3814
[0.17068935]
3815
[0.20390589]
3816
[0.16463945]
3817
[0.16479993]
3818
[0.14045549]
3819
[0.19727356]
3820
[0.14576702]
3821
[0.16928381]
3822
[0.18511969]
3823
[0.15327818]
3824
[0.20574897]
3825
[0.18383553]
3826
[0.1581019]
3827
[0.18274913]
3828
[0.13786077]
3829
[0.20154147]
3830
[0.13899261]
3831
[0.13661395]
3832
[0.15597837]
3833
[0.17852858]
3834
[0.17243634]
3835
[0.19599953]
3836
[0.16665169]
3837
[0.14936958]
3838
[0.1513797]
3839
[0.15144179]
3840
[0.16905115]
3841
[0.1363161]
3842
[0.13731756]
3843
[0.14192294]
3844
[0.09194527]
3845
[0.17459456]
3846
[0.16877905]
3847
[0.12124673]
3848
[0.17913638]
3849
[0.17164295]
3850
[0.16454824]
3851
[0.13159406]
3852
[0.19956587]
3853
[0.11647623]
3854
[0.16545948]
3855
[0.13048772]
3856
[0.12473891]
3857
[0.19384263]
3858
[0.14648617]
3859
[0.11315816]
3860
[0.16161385]
3861
[0.1321112]
3862
[0.13210583]
3863
[0.2166235]
3864
[0.15413303]
3865
[0.18782349]
3866
[0.14897674]
3867
[0.15246098]
3868
[0.14013153]
3869
[0.17093479]
3870
[0.15603138]
3871
[0.13753415]
3872
[0.14093076]
3873
[0.1584646]
3874
[0.20699936]
3875
[0.12557954]
3876
[0.15832984]
3877
[0.15444503]
3878
[0.15225918]
3879
[0.1853666]
3880
[0.14399232]
3881
[0.16895625]
3882
[0.16160519]
3883
[0.12171957]
3884
[0.15598974]
3885
[0.17976545]
3886
[0.19148616]
3887
[0.16956866]
3888
[0.18036493]
3889
[0.13185441]
3890
[0.19231436]
3891
[0.14907613]
3892
[0.19640138]
3893
[0.19515817]
3894
[0.13406922]
3895
[0.13894351]
3896
[0.13366475]
3897
[0.1234434]
3898
[0.15844745]
3899
[0.16362606]
3900
[0.17347885]
3901
[0.12573367]
3902
[0.18425012]
3903
[0.16260269]
3904
[0.15374176]
3905
[0.18584031]
3906
[0.1735541]
3907
[0.16629613]
3908
[0.13862631]
3909
[0.12401501]
3910
[0.1537255]
3911
[0.17236766]
3912
[0.19740225]
3913
[0.20077563]
3914
[0.17138244]
3915
[0.19785351]
3916
[0.17333082]
3917
[0.12960146]
3918
[0.15630762]
3919
[0.19025292]
3920
[0.16181427]
3921
[0.12985435]
3922
[0.1222963]
3923
[0.1319365]
3924
[0.11947166]
3925
[0.20992583]
3926
[0.18835943]
3927
[0.14022743]
3928
[0.14070843]
3929
[0.19443463]
3930
[0.17204819]
3931
[0.1389527]
3932
[0.16495452]
3933
[0.15005647]
3934
[0.18632538]
3935
[0.11603028]
3936
[0.16431942]
3937
[0.16622066]
3938
[0.13671626]
3939
[0.11751517]
3940
[0.14557737]
3941
[0.14467501]
3942
[0.19931651]
3943
[0.13587452]
3944
[0.21432692]
3945
[0.15002505]
3946
[0.13598329]
3947
[0.15955522]
3948
[0.1472171]
3949
[0.15860126]
3950
[0.160236]
3951
[0.13751178]
3952
[0.17813562]
3953
[0.16239744]
3954
[0.11857284]
3955
[0.14659229]
3956
[0.17058125]
3957
[0.17126578]
3958
[0.12259036]
3959
[0.12770859]
3960
[0.16020923]
3961
[0.15072883]
3962
[0.18223305]
3963
[0.17836432]
3964
[0.19379841]
3965
[0.12702293]
3966
[0.18533218]
3967
[0.17024985]
3968
[0.17015815]
3969
[0.2107283]
3970
[0.194889]
3971
[0.18836155]
3972
[0.1537099]
3973
[0.22612327]
3974
[0.19220561]
3975
[0.15551728]
3976
[0.17065818]
3977
[0.16735441]
3978
[0.15337365]
3979
[0.16385795]
3980
[0.16033203]
3981
[0.09325722]
3982
[0.16942205]
3983
[0.12445166]
3984
[0.15199959]
3985
[0.16285126]
3986
[0.1631255]
3987
[0.19297171]
3988
[0.11808989]
3989
[0.1943667]
3990
[0.19691388]
3991
[0.19747849]
3992
[0.1394878]
3993
[0.14400462]
3994
[0.13477678]
3995
[0.12577421]
3996
[0.17752114]
3997
[0.15017402]
3998
[0.15272125]
3999
[0.1592525]
4000
[0.18904215]
4001
[0.16075168]
4002
[0.17353158]
4003
[0.16328332]
4004
[0.14323945]
4005
[0.16804167]
4006
[0.15317516]
4007
[0.149355]
4008
[0.16570618]
4009
[0.13037581]
4010
[0.15524284]
4011
[0.18185581]
4012
[0.18771441]
4013
[0.16816103]
4014
[0.14765116]
4015
[0.16659164]
4016
[0.15512663]
4017
[0.16168044]
4018
[0.1577041]
4019
[0.17899735]
4020
[0.20272474]
4021
[0.15393278]
4022
[0.1798188]
4023
[0.17223773]
4024
[0.1093058]
4025
[0.16116118]
4026
[0.15401233]
4027
[0.2057318]
4028
[0.14990083]
4029
[0.17052094]
4030
[0.15519151]
4031
[0.15700506]
4032
[0.14542655]
4033
[0.17598064]
4034
[0.14012334]
4035
[0.17075128]
4036
[0.14668164]
4037
[0.18844865]
4038
[0.13120989]
4039
[0.14832271]
4040
[0.16157915]
4041
[0.17951779]
4042
[0.11369896]
4043
[0.20340795]
4044
[0.18056112]
4045
[0.16172889]
4046
[0.19587196]
4047
[0.15974106]
4048
[0.1624432]
4049
[0.19851094]
4050
[0.16653702]
4051
[0.13671102]
4052
[0.13672527]
4053
[0.19558035]
4054
[0.1728858]
4055
[0.15241372]
4056
[0.16579947]
4057
[0.14183992]
4058
[0.12798592]
4059
[0.16681446]
4060
[0.14678242]
4061
[0.15771118]
4062
[0.13592312]
4063
[0.14141558]
4064
[0.1668926]
4065
[0.12091018]
4066
[0.14158428]
4067
[0.16134636]
4068
[0.17291651]
4069
[0.14889084]
4070
[0.15603138]
4071
[0.15650008]
4072
[0.14526943]
4073
[0.19522257]
4074
[0.17125604]
4075
[0.18125705]
4076
[0.14544127]
4077
[0.19137885]
4078
[0.15655707]
4079
[0.17817324]
4080
[0.16186595]
4081
[0.21315488]
4082
[0.1924637]
4083
[0.1582393]
4084
[0.17290487]
4085
[0.15748874]
4086
[0.17036865]
4087
[0.14637412]
4088
[0.12368125]
4089
[0.16854495]
4090
[0.17859566]
4091
[0.18445454]
4092
[0.17249246]
4093
[0.18164726]
4094
[0.16722893]
4095
[0.16996389]
4096
[0.16686759]
4097
[0.15984403]
4098
[0.18374656]
4099
[0.15463424]
4100
[0.1698803]
4101
[0.19619259]
4102
[0.09424151]
4103
[0.15789719]
4104
[0.13142019]
4105
[0.07779964]
4106
[0.17037857]
4107
[0.18442195]
4108
[0.20280528]
4109
[0.16867772]
4110
[0.18150092]
4111
[0.16416608]
4112
[0.181362]
4113
[0.16514883]
4114
[0.14983586]
4115
[0.16199994]
4116
[0.13089072]
4117
[0.16699542]
4118
[0.18296156]
4119
[0.20094753]
4120
[0.14069623]
4121
[0.16982145]
4122
[0.14801606]
4123
[0.16604915]
4124
[0.17243693]
4125
[0.15050948]
4126
[0.17138038]
4127
[0.14669531]
4128
[0.16989383]
4129
[0.15143528]
4130
[0.1933327]
4131
[0.16233854]
4132
[0.14343349]
4133
[0.23172658]
4134
[0.18647432]
4135
[0.13152967]
4136
[0.1529981]
4137
[0.14628309]
4138
[0.16325121]
4139
[0.15461312]
4140
[0.13326098]
4141
[0.19745912]
4142
[0.15210468]
4143
[0.19110355]
4144
[0.19215783]
4145
[0.17374043]
4146
[0.1754523]
4147
[0.18141975]
4148
[0.13541679]
4149
[0.16112072]
4150
[0.1425581]
4151
[0.16574213]
4152
[0.18878162]
4153
[0.19165725]
4154
[0.19627523]
4155
[0.15341314]
4156
[0.11643036]
4157
[0.20216248]
4158
[0.13676633]
4159
[0.12914358]
4160
[0.14074346]
4161
[0.19237633]
4162
[0.14753471]
4163
[0.19265887]
4164
[0.12853515]
4165
[0.13731483]
4166
[0.15906522]
4167
[0.16093104]
4168
[0.12766756]
4169
[0.16706483]
4170
[0.13893967]
4171
[0.16486896]
4172
[0.17841214]
4173
[0.16958112]
4174
[0.1302133]
4175
[0.17075082]
4176
[0.14072319]
4177
[0.12807321]
4178
[0.18014301]
4179
[0.18383707]
4180
[0.17659234]
4181
[0.11170183]
4182
[0.16749159]
4183
[0.14700653]
4184
[0.1860923]
4185
[0.16627096]
4186
[0.15599026]
4187
[0.166045]
4188
[0.16877998]
4189
[0.16600925]
4190
[0.17794888]
4191
[0.15168947]
4192
[0.17259046]
4193
[0.09717967]
4194
[0.17068944]
4195
[0.1680846]
4196
[0.18716985]
4197
[0.15937656]
4198
[0.19537029]
4199
[0.24650149]
4200
[0.12250985]
4201
[0.13821825]
4202
[0.17946874]
4203
[0.15504092]
4204
[0.17282252]
4205
[0.15599866]
4206
[0.15162066]
4207
[0.16118844]
4208
[0.14161394]
4209
[0.14025201]
4210
[0.16333844]
4211
[0.1840977]
4212
[0.19766437]
4213
[0.14207562]
4214
[0.11997073]
4215
[0.15397008]
4216
[0.15819355]
4217
[0.10423469]
4218
[0.17159723]
4219
[0.12970045]
4220
[0.17794888]
4221
[0.19030411]
4222
[0.12479071]
4223
[0.15444485]
4224
[0.19628795]
4225
[0.19777196]
4226
[0.1914866]
4227
[0.13246852]
4228
[0.1582145]
4229
[0.15867533]
4230
[0.13954543]
4231
[0.16763476]
4232
[0.15332852]
4233
[0.16075994]
4234
[0.178296]
4235
[0.2156834]
4236
[0.18815749]
4237
[0.18290825]
4238
[0.15232216]
4239
[0.14359101]
4240
[0.17220528]
4241
[0.17742819]
4242
[0.13082831]
4243
[0.17223167]
4244
[0.17454844]
4245
[0.15556115]
4246
[0.19643009]
4247
[0.17012775]
4248
[0.12353693]
4249
[0.17730425]
4250
[0.14387722]
4251
[0.16861959]
4252
[0.12925782]
4253
[0.19297393]
4254
[0.178287]
4255
[0.13863766]
4256
[0.17740486]
4257
[0.1774501]
4258
[0.16019655]
4259
[0.1891097]
4260
[0.13872917]
4261
[0.1244444]
4262
[0.22865972]
4263
[0.18323014]
4264
[0.17663113]
4265
[0.14526328]
4266
[0.18637617]
4267
[0.14689927]
4268
[0.16518219]
4269
[0.18262287]
4270
[0.15265343]
4271
[0.13861865]
4272
[0.09757888]
4273
[0.15022969]
4274
[0.12819997]
4275
[0.15653414]
4276
[0.15470624]
4277
[0.16324727]
4278
[0.1667336]
4279
[0.20535297]
4280
[0.14293673]
4281
[0.19079285]
4282
[0.19104782]
4283
[0.14035257]
4284
[0.17655944]
4285
[0.13694222]
4286
[0.17620341]
4287
[0.16928486]
4288
[0.12379977]
4289
[0.13299521]
4290
[0.16270338]
4291
[0.13688729]
4292
[0.15798658]
4293
[0.15373286]
4294
[0.15804517]
4295
[0.19927435]
4296
[0.19210155]
4297
[0.13294874]
4298
[0.1744559]
4299
[0.21507081]
4300
[0.15766371]
4301
[0.17437277]
4302
[0.15460721]
4303
[0.17044279]
4304
[0.15952509]
4305
[0.15652374]
4306
[0.17592933]
4307
[0.18065441]
4308
[0.18706633]
4309
[0.11742286]
4310
[0.158913]
4311
[0.1940155]
4312
[0.15005201]
4313
[0.14071051]
4314
[0.1635361]
4315
[0.14596644]
4316
[0.16063087]
4317
[0.12344292]
4318
[0.17659165]
4319
[0.18224404]
4320
[0.21732842]
4321
[0.17730425]
4322
[0.21131577]
4323
[0.15024784]
4324
[0.17241231]
4325
[0.12211028]
4326
[0.17594182]
4327
[0.16173202]
4328
[0.15255067]
4329
[0.13522147]
4330
[0.16050916]
4331
[0.22364766]
4332
[0.15790002]
4333
[0.1975442]
4334
[0.13683712]
4335
[0.16864763]
4336
[0.11590537]
4337
[0.17940263]
4338
[0.19815578]
4339
[0.191019]
4340
[0.17450921]
4341
[0.21518695]
4342
[0.1776548]
4343
[0.17854761]
4344
[0.16694998]
4345
[0.16864566]
4346
[0.1749143]
4347
[0.17599038]
4348
[0.14964803]
4349
[0.18264893]
4350
[0.1816079]
4351
[0.15143921]
4352
[0.15598923]
4353
[0.15836308]
4354
[0.20774835]
4355
[0.15002769]
4356
[0.17416171]
4357
[0.14878016]
4358
[0.20740267]
4359
[0.16328398]
4360
[0.1254431]
4361
[0.17589338]
4362
[0.1577821]
4363
[0.1632441]
4364
[0.16932]
4365
[0.15170496]
4366
[0.15345285]
4367
[0.16332655]
4368
[0.15607334]
4369
[0.20195952]
4370
[0.16213612]
4371
[0.18517416]
4372
[0.21926358]
4373
[0.16721444]
4374
[0.16936052]
4375
[0.13534251]
4376
[0.17327038]
4377
[0.14415133]
4378
[0.16837753]
4379
[0.1579722]
4380
[0.1433523]
4381
[0.1184637]
4382
[0.13780488]
4383
[0.17144777]
4384
[0.16506436]
4385
[0.17791617]
4386
[0.17491221]
4387
[0.14615019]
4388
[0.14228511]
4389
[0.18553818]
4390
[0.15628953]
4391
[0.19502364]
4392
[0.18080243]
4393
[0.16411977]
4394
[0.18309042]
4395
[0.16454751]
4396
[0.19361521]
4397
[0.18127114]
4398
[0.19406469]
4399
[0.14507263]
4400
[0.14690909]
4401
[0.11840433]
4402
[0.13824076]
4403
[0.13847926]
4404
[0.22515376]
4405
[0.14760847]
4406
[0.17169172]
4407
[0.1449837]
4408
[0.16383145]
4409
[0.13744221]
4410
[0.1566388]
4411
[0.13693208]
4412
[0.13449055]
4413
[0.17214719]
4414
[0.15567037]
4415
[0.15982818]
4416
[0.16413084]
4417
[0.16008169]
4418
[0.16551091]
4419
[0.12571482]
4420
[0.13060768]
4421
[0.17516892]
4422
[0.16812481]
4423
[0.16514147]
4424
[0.1687366]
4425
[0.1926816]
4426
[0.14127301]
4427
[0.18262006]
4428
[0.19742784]
4429
[0.12025649]
4430
[0.1776882]
4431
[0.15848667]
4432
[0.18117204]
4433
[0.1327269]
4434
[0.18453625]
4435
[0.19054618]
4436
[0.16327968]
4437
[0.18643767]
4438
[0.13046563]
4439
[0.14245143]
4440
[0.17105459]
4441
[0.15944428]
4442
[0.1818603]
4443
[0.11509177]
4444
[0.14151725]
4445
[0.15735402]
4446
[0.13468097]
4447
[0.17431695]
4448
[0.11039263]
4449
[0.16559071]
4450
[0.15848332]
4451
[0.20250991]
4452
[0.15173036]
4453
[0.21523423]
4454
[0.18491362]
4455
[0.2019172]
4456
[0.15180316]
4457
[0.14546017]
4458
[0.17139789]
4459
[0.1675256]
4460
[0.16951414]
4461
[0.17730317]
4462
[0.15142139]
4463
[0.1877757]
4464
[0.14211856]
4465
[0.15975067]
4466
[0.17499953]
4467
[0.1373822]
4468
[0.16435868]
4469
[0.11459477]
4470
[0.15880516]
4471
[0.14185161]
4472
[0.15397384]
4473
[0.17434866]
4474
[0.12196495]
4475
[0.20546924]
4476
[0.15039636]
4477
[0.17627438]
4478
[0.17591909]
4479
[0.16370669]
4480
[0.14256049]
4481
[0.16513298]
4482
[0.18795357]
4483
[0.16133375]
4484
[0.14767597]
4485
[0.1410463]
4486
[0.16681933]
4487
[0.15972669]
4488
[0.13588682]
4489
[0.15701457]
4490
[0.14561053]
4491
[0.15858934]
4492
[0.1232943]
4493
[0.20681411]
4494
[0.16051765]
4495
[0.15704765]
4496
[0.18183403]
4497
[0.14062138]
4498
[0.18405148]
4499
[0.14723144]
4500
[0.144428]
4501
[0.17312263]
4502
[0.17154532]
4503
[0.19062187]
4504
[0.12113112]
4505
[0.14442146]
4506
[0.16747812]
4507
[0.16617513]
4508
[0.12970056]
4509
[0.22801588]
4510
[0.13364234]
4511
[0.18119092]
4512
[0.15872471]
4513
[0.20458892]
4514
[0.1840002]
4515
[0.18465916]
4516
[0.19599858]
4517
[0.14791463]
4518
[0.17291048]
4519
[0.16889294]
4520
[0.16821725]
4521
[0.16530736]
4522
[0.223166]
4523
[0.12905788]
4524
[0.17711221]
4525
[0.19662287]
4526
[0.20669687]
4527
[0.11529048]
4528
[0.18377466]
4529
[0.15648139]
4530
[0.17146308]
4531
[0.1719549]
4532
[0.18837033]
4533
[0.147186]
4534
[0.1337538]
4535
[0.15491819]
4536
[0.13195588]
4537
[0.15550565]
4538
[0.22254763]
4539
[0.13537467]
4540
[0.20594555]
4541
[0.18305654]
4542
[0.21747161]
4543
[0.16175892]
4544
[0.18182966]
4545
[0.14431398]
4546
[0.20530347]
4547
[0.1439463]
4548
[0.1442119]
4549
[0.13913464]
4550
[0.16839523]
4551
[0.15131074]
4552
[0.18301121]
4553
[0.13988762]
4554
[0.15859423]
4555
[0.1509923]
4556
[0.20684267]
4557
[0.15693984]
4558
[0.15129449]
4559
[0.18713989]
4560
[0.21902969]
4561
[0.15571577]
4562
[0.14319184]
4563
[0.18527018]
4564
[0.1567265]
4565
[0.19271776]
4566
[0.16820021]
4567
[0.2077186]
4568
[0.14832803]
4569
[0.1154171]
4570
[0.18429972]
4571
[0.1880749]
4572
[0.20736096]
4573
[0.16210739]
4574
[0.18164045]
4575
[0.14184947]
4576
[0.1657198]
4577
[0.14221647]
4578
[0.12866842]
4579
[0.22163254]
4580
[0.18117204]
4581
[0.19203384]
4582
[0.14765116]
4583
[0.11142736]
4584
[0.11413028]
4585
[0.14596839]
4586
[0.22721337]
4587
[0.18805896]
4588
[0.16983093]
4589
[0.13744599]
4590
[0.1326711]
4591
[0.15802798]
4592
[0.15478595]
4593
[0.11660292]
4594
[0.15927549]
4595
[0.17144097]
4596
[0.13212373]
4597
[0.22200166]
4598
[0.18140285]
4599
[0.14652602]
4600
[0.15831803]
4601
[0.1892569]
4602
[0.16226145]
4603
[0.13088607]
4604
[0.20123198]
4605
[0.17588341]
4606
[0.17046111]
4607
[0.16051541]
4608
[0.1665883]
4609
[0.18575918]
4610
[0.1706143]
4611
[0.1494063]
4612
[0.15760286]
4613
[0.19788963]
4614
[0.16658752]
4615
[0.2153884]
4616
[0.12702684]
4617
[0.2469528]
4618
[0.17136827]
4619
[0.16473343]
4620
[0.12335212]
4621
[0.16685977]
4622
[0.07997841]
4623
[0.18241521]
4624
[0.19386289]
4625
[0.12355092]
4626
[0.17548096]
4627
[0.16843096]
4628
[0.15427037]
4629
[0.19999244]
4630
[0.15119976]
4631
[0.16772746]
4632
[0.12479246]
4633
[0.14961467]
4634
[0.13337237]
4635
[0.15612226]
4636
[0.16696146]
4637
[0.1473199]
4638
[0.13654804]
4639
[0.17591783]
4640
[0.16328548]
4641
[0.15192063]
4642
[0.18754082]
4643
[0.15377332]
4644
[0.15568427]
4645
[0.18293898]
4646
[0.20175887]
4647
[0.17703006]
4648
[0.17817287]
4649
[0.1782131]
4650
[0.13350847]
4651
[0.18833409]
4652
[0.15435447]
4653
[0.17681199]
4654
[0.13540315]
4655
[0.17136244]
4656
[0.16348878]
4657
[0.13461332]
4658
[0.16847719]
4659
[0.15989918]
4660
[0.17098012]
4661
[0.1424959]
4662
[0.15280822]
4663
[0.15409994]
4664
[0.15657339]
4665
[0.13889261]
4666
[0.15503148]
4667
[0.16768496]
4668
[0.1818204]
4669
[0.15122149]
4670
[0.12614287]
4671
[0.16713643]
4672
[0.20420302]
4673
[0.11041256]
4674
[0.12483213]
4675
[0.16749633]
4676
[0.14894216]
4677
[0.15862607]
4678
[0.18557075]
4679
[0.16820641]
4680
[0.14866067]
4681
[0.15214004]
4682
[0.13590005]
4683
[0.1441264]
4684
[0.13798168]
4685
[0.17392205]
4686
[0.15610938]
4687
[0.14606906]
4688
[0.17380721]
4689
[0.18133425]
4690
[0.12508895]
4691
[0.17577919]
4692
[0.17218167]
4693
[0.15514003]
4694
[0.15956454]
4695
[0.16407724]
4696
[0.18120515]
4697
[0.17054766]
4698
[0.177517]
4699
[0.1766565]
4700
[0.13459787]
4701
[0.15595836]
4702
[0.14723381]
4703
[0.14305052]
4704
[0.15978507]
4705
[0.16699013]
4706
[0.16562855]
4707
[0.15174492]
4708
[0.12475143]
4709
[0.18568681]
4710
[0.14308747]
4711
[0.15329289]
4712
[0.17627278]
4713
[0.13851652]
4714
[0.1796106]
4715
[0.1421841]
4716
[0.1696415]
4717
[0.15670588]
4718
[0.23267086]
4719
[0.12661619]
4720
[0.14472832]
4721
[0.16969165]
4722
[0.21758936]
4723
[0.10105777]
4724
[0.14653348]
4725
[0.17246155]
4726
[0.17948404]
4727
[0.15605573]
4728
[0.16647758]
4729
[0.17083048]
4730
[0.15989715]
4731
[0.15295966]
4732
[0.12634082]
4733
[0.20514659]
4734
[0.1986147]
4735
[0.15553882]
4736
[0.1350822]
4737
[0.20769207]
4738
[0.15974677]
4739
[0.16247719]
4740
[0.19244245]
4741
[0.15992888]
4742
[0.16895307]
4743
[0.16815081]
4744
[0.15752186]
4745
[0.15940465]
4746
[0.14391504]
4747
[0.15574088]
4748
[0.19511684]
4749
[0.15852621]
4750
[0.14523425]
4751
[0.190629]
4752
[0.12507537]
4753
[0.18749563]
4754
[0.13438134]
4755
[0.18301768]
4756
[0.15814592]
4757
[0.17314858]
4758
[0.19789732]
4759
[0.11945984]
4760
[0.19334598]
4761
[0.14907301]
4762
[0.14711527]
4763
[0.15668329]
4764
[0.13661474]
4765
[0.18474496]
4766
[0.16346979]
4767
[0.17012517]
4768
[0.15421771]
4769
[0.17890416]
4770
[0.18590175]
4771
[0.16907395]
4772
[0.10381617]
4773
[0.17368423]
4774
[0.16395221]
4775
[0.19231428]
4776
[0.1699471]
4777
[0.21775395]
4778
[0.2002059]
4779
[0.11954989]
4780
[0.15620915]
4781
[0.15840859]
4782
[0.1403488]
4783
[0.13929386]
4784
[0.14280561]
4785
[0.14871916]
4786
[0.12593888]
4787
[0.12754315]
4788
[0.16750621]
4789
[0.14125263]
4790
[0.15034889]
4791
[0.17735585]
4792
[0.20275215]
4793
[0.14801134]
4794
[0.13991558]
4795
[0.14791037]
4796
[0.1660938]
4797
[0.08901025]
4798
[0.08094097]
4799
[0.15102842]
4800
[0.18401265]
4801
[0.15457411]
4802
[0.16285709]
4803
[0.18168767]
4804
[0.14098962]
4805
[0.15675165]
4806
[0.15938099]
4807
[0.16375481]
4808
[0.19228401]
4809
[0.18246131]
4810
[0.14114546]
4811
[0.11954556]
4812
[0.165076]
4813
[0.15757741]
4814
[0.17491113]
4815
[0.14310693]
4816
[0.15922912]
4817
[0.16628128]
4818
[0.15988004]
4819
[0.1631408]
4820
[0.13039529]
4821
[0.14397756]
4822
[0.13217999]
4823
[0.18199518]
4824
[0.14467626]
4825
[0.13767232]
4826
[0.15948423]
4827
[0.17298311]
4828
[0.1981283]
4829
[0.15102682]
4830
[0.17408109]
4831
[0.16763476]
4832
[0.15396438]
4833
[0.13909371]
4834
[0.17034874]
4835
[0.14836283]
4836
[0.18434809]
4837
[0.13395988]
4838
[0.16103101]
4839
[0.21401227]
4840
[0.11928745]
4841
[0.20458605]
4842
[0.13391644]
4843
[0.19655159]
4844
[0.18164104]
4845
[0.16050182]
4846
[0.17276611]
4847
[0.1204683]
4848
[0.18978024]
4849
[0.13717303]
4850
[0.12994502]
4851
[0.141278]
4852
[0.13299406]
4853
[0.17568262]
4854
[0.11478348]
4855
[0.18909692]
4856
[0.16663345]
4857
[0.1579423]
4858
[0.18431641]
4859
[0.16249046]
4860
[0.13735767]
4861
[0.18234677]
4862
[0.15196846]
4863
[0.14552751]
4864
[0.14851794]
4865
[0.14290279]
4866
[0.14858584]
4867
[0.14726122]
4868
[0.07180188]
4869
[0.14630025]
4870
[0.17706916]
4871
[0.11413095]
4872
[0.13081002]
4873
[0.12938351]
4874
[0.1600868]
4875
[0.15456073]
4876
[0.14822788]
4877
[0.14730439]
4878
[0.16646687]
4879
[0.13358618]
4880
[0.19502911]
4881
[0.1750908]
4882
[0.19971081]
4883
[0.16731582]
4884
[0.17503325]
4885
[0.15409749]
4886
[0.19101133]
4887
[0.17282583]
4888
[0.14227322]
4889
[0.18169212]
4890
[0.13411389]
4891
[0.12209255]
4892
[0.1730302]
4893
[0.15163878]
4894
[0.14844018]
4895
[0.13452226]
4896
[0.15669613]
4897
[0.20931688]
4898
[0.15871865]
4899
[0.16572188]
4900
[0.19701022]
4901
[0.1751919]
4902
[0.17029003]
4903
[0.17961255]
4904
[0.18374707]
4905
[0.1478755]
4906
[0.18953125]
4907
[0.14768449]
4908
[0.15082511]
4909
[0.14797858]
4910
[0.16898717]
4911
[0.1946926]
4912
[0.15732183]
4913
[0.15878579]
4914
[0.20410333]
4915
[0.14352844]
4916
[0.1543849]
4917
[0.12122124]
4918
[0.19424365]
4919
[0.14497327]
4920
[0.14431777]
4921
[0.18036717]
4922
[0.16042579]
4923
[0.16234393]
4924
[0.18728502]
4925
[0.14958506]
4926
[0.14378337]
4927
[0.20996298]
4928
[0.148349]
4929
[0.15238809]
4930
[0.16184427]
4931
[0.15393535]
4932
[0.15768288]
4933
[0.12109352]
4934
[0.17431944]
4935
[0.14291794]
4936
[0.19927257]
4937
[0.17447785]
4938
[0.20881756]
4939
[0.14898187]
4940
[0.1987928]
4941
[0.13444165]
4942
[0.1345439]
4943
[0.16587544]
4944
[0.12112685]
4945
[0.12789763]
4946
[0.16399598]
4947
[0.16291769]
4948
[0.12546949]
4949
[0.18447617]
4950
[0.16326291]
4951
[0.13540315]
4952
[0.18690742]
4953
[0.14417462]
4954
[0.16031923]
4955
[0.17836977]
4956
[0.16332993]
4957
[0.15549718]
4958
[0.13306319]
4959
[0.16309694]
4960
[0.13624292]
4961
[0.1523467]
4962
[0.2007489]
4963
[0.1280931]
4964
[0.18638287]
4965
[0.15588902]
4966
[0.15865781]
4967
[0.20318882]
4968
[0.11778713]
4969
[0.20860923]
4970
[0.17110223]
4971
[0.14137634]
4972
[0.16288845]
4973
[0.21991652]
4974
[0.1250242]
4975
[0.14466444]
4976
[0.1402954]
4977
[0.15258808]
4978
[0.15006334]
4979
[0.18496883]
4980
[0.18292758]
4981
[0.15156907]
4982
[0.18188956]
4983
[0.14943405]
4984
[0.1244444]
4985
[0.15564092]
4986
[0.16636816]
4987
[0.1624346]
4988
[0.13696275]
4989
[0.11650286]
4990
[0.20774194]
4991
[0.17581393]
4992
[0.13669984]
4993
[0.1675756]
4994
[0.11230572]
4995
[0.14191412]
4996
[0.16597109]
4997
[0.16767056]
4998
[0.13928525]
4999
[0.15048913]
[1] 40000    11
[1] 40000    11
