LOADING R
R LOADED
[1] "/home/lvanderl/Rlibs2"                         
[2] "/app/software/R/4.3.1-gfbf-2022b/lib/R/library"
[1] "/home/lvanderl/sieveSims"
[1] "gam 2 1"
[1] 0.04965533
[1] 0.04965533
[1] 0.04965533
21.306122448979593
0
[0.09158939]
1
[0.08404451]
2
[0.08819162]
3
[0.09246089]
4
[0.05829298]
5
[0.08704297]
6
[0.08396381]
7
[0.05090464]
8
[0.07141369]
9
[0.04983155]
10
[0.05344371]
11
[0.10002959]
12
[0.08898476]
13
[0.09527387]
14
[0.09034478]
15
[0.10209754]
16
[0.09605273]
17
[0.07949544]
18
[0.09625227]
19
[0.08985721]
20
[0.09431419]
21
[0.07910187]
22
[0.10251485]
23
[0.10174574]
24
[0.06160274]
25
[0.05375483]
26
[0.05400766]
27
[0.0970219]
28
[0.10238016]
29
[0.09895176]
30
[0.06282212]
31
[0.07188228]
32
[0.09512588]
33
[0.09668586]
34
[0.06538036]
35
[0.06547969]
36
[0.09696967]
37
[0.07647278]
38
[0.08776851]
39
[0.06300208]
40
[0.09984121]
41
[0.08750333]
42
[0.09363155]
43
[0.05020522]
44
[0.09725728]
45
[0.07921992]
46
[0.06220894]
47
[0.09306757]
48
[0.04309413]
49
[0.08323392]
50
[0.08324463]
51
[0.05942244]
52
[0.10016183]
53
[0.03874408]
54
[0.06778209]
55
[0.06601082]
56
[0.09225786]
57
[0.08400609]
58
[0.0820346]
59
[0.088871]
60
[0.0998955]
61
[0.09091269]
62
[0.08067675]
63
[0.06592416]
64
[0.06391896]
65
[0.09851742]
66
[0.05764354]
67
[0.09779847]
68
[0.05542475]
69
[0.076123]
70
[0.08893051]
71
[0.06264691]
72
[0.08228448]
73
[0.09598794]
74
[0.09246352]
75
[0.08311202]
76
[0.08045051]
77
[0.08830419]
78
[0.04527921]
79
[0.05231978]
80
[0.09904967]
81
[0.08761475]
82
[0.03546625]
83
[0.05370631]
84
[0.0559506]
85
[0.08805118]
86
[0.05266266]
87
[0.06242846]
88
[0.09022131]
89
[0.08511889]
90
[0.04360494]
91
[0.03652135]
92
[0.08746987]
93
[0.08874772]
94
[0.07841812]
95
[0.09379484]
96
[0.08356616]
97
[0.09843228]
98
[0.07609923]
99
[0.08957221]
100
[0.09297264]
101
[0.07141773]
102
[0.04208732]
103
[0.09758334]
104
[0.09248371]
105
[0.08976411]
106
[0.05619674]
107
[0.09373099]
108
[0.09849846]
109
[0.08922381]
110
[0.1024567]
111
[0.08668068]
112
[0.08172691]
113
[0.0977464]
114
[0.05176991]
115
[0.08241861]
116
[0.07074966]
117
[0.07118508]
118
[0.09211165]
119
[0.09776903]
120
[0.09887044]
121
[0.09650569]
122
[0.04841956]
123
[0.10249472]
124
[0.04729529]
125
[0.06953459]
126
[0.09891321]
127
[0.05474619]
128
[0.04208914]
129
[0.10135028]
130
[0.09084289]
131
[0.0787115]
132
[0.09199207]
133
[0.09925984]
134
[0.08621234]
135
[0.0910304]
136
[0.03429191]
137
[0.07930867]
138
[0.08491666]
139
[0.08925076]
140
[0.08194439]
141
[0.10211601]
142
[0.0542777]
143
[0.04310743]
144
[0.03417393]
145
[0.08273543]
146
[0.0951172]
147
[0.06482715]
148
[0.0913289]
149
[0.04347634]
150
[0.08452264]
151
[0.10176474]
152
[0.08751226]
153
[0.0764881]
154
[0.04300328]
155
[0.0968122]
156
[0.09421547]
157
[0.1019449]
158
[0.10085689]
159
[0.09553439]
160
[0.05401185]
161
[0.08972125]
162
[0.05586087]
163
[0.10173538]
164
[0.04098265]
165
[0.08384785]
166
[0.10117333]
167
[0.08380814]
168
[0.06279655]
169
[0.09651026]
170
[0.08867575]
171
[0.09762151]
172
[0.08375431]
173
[0.09229534]
174
[0.10189094]
175
[0.10147145]
176
[0.10130268]
177
[0.09754513]
178
[0.07997935]
179
[0.05821075]
180
[0.09942521]
181
[0.09093762]
182
[0.09810804]
183
[0.03523974]
184
[0.1017836]
185
[0.0938701]
186
[0.06490826]
187
[0.07507451]
188
[0.09660398]
189
[0.09476155]
190
[0.09865081]
191
[0.09335108]
192
[0.10084689]
193
[0.08427375]
194
[0.09881889]
195
[0.06174037]
196
[0.09335787]
197
[0.07834198]
198
[0.0941148]
199
[0.08188967]
200
[0.08905273]
201
[0.05560208]
202
[0.09340041]
203
[0.09957995]
204
[0.03295748]
205
[0.08900592]
206
[0.05383025]
207
[0.06421604]
208
[0.09168973]
209
[0.09780253]
210
[0.09624011]
211
[0.08743444]
212
[0.10020545]
213
[0.05688117]
214
[0.08446484]
215
[0.08774128]
216
[0.06615478]
217
[0.07702142]
218
[0.04911305]
219
[0.09068632]
220
[0.06108329]
221
[0.08460472]
222
[0.07099723]
223
[0.04506858]
224
[0.10127941]
225
[0.09216879]
226
[0.09039868]
227
[0.04855776]
228
[0.09762373]
229
[0.05997186]
230
[0.05640315]
231
[0.08892798]
232
[0.04922032]
233
[0.06479369]
234
[0.05047896]
235
[0.10004511]
236
[0.04455688]
237
[0.08537505]
238
[0.04263644]
239
[0.06133556]
240
[0.08542498]
241
[0.05119465]
242
[0.0849115]
243
[0.05265386]
244
[0.08303178]
245
[0.03681799]
246
[0.09165702]
247
[0.06195852]
248
[0.0941479]
249
[0.08315762]
250
[0.0917666]
251
[0.08218999]
252
[0.09864206]
253
[0.04105611]
254
[0.07853939]
255
[0.10061065]
256
[0.07134367]
257
[0.06553477]
258
[0.03367917]
259
[0.0605468]
260
[0.06080097]
261
[0.0782076]
262
[0.09430019]
263
[0.10034584]
264
[0.04194038]
265
[0.06281714]
266
[0.09506231]
267
[0.04853385]
268
[0.06005842]
269
[0.07907241]
270
[0.07941845]
271
[0.0860469]
272
[0.05258105]
273
[0.06315704]
274
[0.04914009]
275
[0.07480821]
276
[0.09771396]
277
[0.06852934]
278
[0.07029321]
279
[0.08823455]
280
[0.0844968]
281
[0.05018453]
282
[0.10071096]
283
[0.07463559]
284
[0.09559657]
285
[0.10219643]
286
[0.09294131]
287
[0.06408401]
288
[0.09917524]
289
[0.08732614]
290
[0.10084238]
291
[0.09574621]
292
[0.06770134]
293
[0.0926406]
294
[0.09621407]
295
[0.09801449]
296
[0.06541113]
297
[0.04829404]
298
[0.08603157]
299
[0.09584453]
300
[0.09053954]
301
[0.08586185]
302
[0.06090667]
303
[0.05825467]
304
[0.06860616]
305
[0.08695729]
306
[0.08724142]
307
[0.05401534]
308
[0.09645609]
309
[0.06130158]
310
[0.04699604]
311
[0.09547183]
312
[0.06291318]
313
[0.08945333]
314
[0.09683619]
315
[0.05747101]
316
[0.03515289]
317
[0.09692062]
318
[0.05913245]
319
[0.07528018]
320
[0.0800906]
321
[0.07396001]
322
[0.06725412]
323
[0.07567942]
324
[0.10241129]
325
[0.08715318]
326
[0.05036357]
327
[0.09193794]
328
[0.08983168]
329
[0.04823762]
330
[0.08015685]
331
[0.10138256]
332
[0.08880824]
333
[0.08965078]
334
[0.10139103]
335
[0.09235951]
336
[0.09948618]
337
[0.08163567]
338
[0.04744032]
339
[0.09648649]
340
[0.09129435]
341
[0.06510674]
342
[0.10222803]
343
[0.10006555]
344
[0.08370875]
345
[0.07600127]
346
[0.10192147]
347
[0.09682423]
348
[0.09454121]
349
[0.07546242]
350
[0.08784137]
351
[0.06718556]
352
[0.07222886]
353
[0.07539341]
354
[0.09387064]
355
[0.07625518]
356
[0.06287246]
357
[0.0827829]
358
[0.05644338]
359
[0.06502251]
360
[0.04382437]
361
[0.09554758]
362
[0.10039371]
363
[0.09784344]
364
[0.06805707]
365
[0.05295765]
366
[0.043194]
367
[0.09053815]
368
[0.0460492]
369
[0.03675622]
370
[0.09167915]
371
[0.09129813]
372
[0.04920319]
373
[0.06844712]
374
[0.04517202]
375
[0.09791027]
376
[0.07170551]
377
[0.06244032]
378
[0.08687515]
379
[0.08659776]
380
[0.09166973]
381
[0.10060152]
382
[0.05853179]
383
[0.03823218]
384
[0.07765053]
385
[0.09186778]
386
[0.06045889]
387
[0.09275701]
388
[0.0559259]
389
[0.07920144]
390
[0.08294799]
391
[0.06991351]
392
[0.07763805]
393
[0.10128428]
394
[0.07778725]
395
[0.08934194]
396
[0.07966632]
397
[0.04635126]
398
[0.08436914]
399
[0.07976834]
400
[0.09182383]
401
[0.09145594]
402
[0.08907554]
403
[0.06499932]
404
[0.08320583]
405
[0.05195988]
406
[0.06715756]
407
[0.09632618]
408
[0.08555361]
409
[0.05296383]
410
[0.04183878]
411
[0.08986491]
412
[0.09059969]
413
[0.10017619]
414
[0.06280228]
415
[0.09433437]
416
[0.05133748]
417
[0.10203406]
418
[0.08916887]
419
[0.06904282]
420
[0.0691092]
421
[0.10104013]
422
[0.10226488]
423
[0.07736567]
424
[0.08317827]
425
[0.04276812]
426
[0.09528709]
427
[0.07897744]
428
[0.09074326]
429
[0.03729313]
430
[0.0441037]
431
[0.10137345]
432
[0.05055842]
433
[0.08275274]
434
[0.08378136]
435
[0.08075335]
436
[0.09818907]
437
[0.09526326]
438
[0.10115566]
439
[0.09849707]
440
[0.09431851]
441
[0.07706788]
442
[0.08981462]
443
[0.08720789]
444
[0.07218939]
445
[0.08035902]
446
[0.04916568]
447
[0.07109099]
448
[0.0607734]
449
[0.05036393]
450
[0.09196078]
451
[0.05290421]
452
[0.09373113]
453
[0.04461053]
454
[0.0860119]
455
[0.09243567]
456
[0.10112392]
457
[0.07899186]
458
[0.0875859]
459
[0.07056779]
460
[0.09588406]
461
[0.07434443]
462
[0.07531393]
463
[0.07349732]
464
[0.09424453]
465
[0.03838151]
466
[0.09202276]
467
[0.06320356]
468
[0.09408628]
469
[0.07906799]
470
[0.09758067]
471
[0.09983619]
472
[0.10215303]
473
[0.0834198]
474
[0.09600128]
475
[0.05842979]
476
[0.10093829]
477
[0.08506813]
478
[0.09815101]
479
[0.08816215]
480
[0.10073505]
481
[0.04523157]
482
[0.0382804]
483
[0.08781872]
484
[0.07938081]
485
[0.09165101]
486
[0.04742771]
487
[0.07977938]
488
[0.0738979]
489
[0.04454527]
490
[0.09384351]
491
[0.09397734]
492
[0.07436195]
493
[0.09639336]
494
[0.08819886]
495
[0.10149193]
496
[0.08170475]
497
[0.05794019]
498
[0.08616871]
499
[0.10160454]
500
[0.05447772]
501
[0.10103477]
502
[0.10221141]
503
[0.0494636]
504
[0.07570795]
505
[0.04795948]
506
[0.06061526]
507
[0.10172963]
508
[0.1018737]
509
[0.06604905]
510
[0.09510751]
511
[0.04475769]
512
[0.09621227]
513
[0.04535233]
514
[0.08456168]
515
[0.08237515]
516
[0.09570822]
517
[0.08404106]
518
[0.08669905]
519
[0.09442502]
520
[0.06667825]
521
[0.09976667]
522
[0.04545504]
523
[0.08486417]
524
[0.09716314]
525
[0.05461406]
526
[0.09183355]
527
[0.08376112]
528
[0.0926627]
529
[0.0967094]
530
[0.07018628]
531
[0.06824154]
532
[0.06803783]
533
[0.09634368]
534
[0.09196481]
535
[0.04701561]
536
[0.08045643]
537
[0.07199498]
538
[0.0750471]
539
[0.09614191]
540
[0.09752952]
541
[0.05926888]
542
[0.03690511]
543
[0.04696295]
544
[0.08678628]
545
[0.05056339]
546
[0.0563212]
547
[0.07409775]
548
[0.06735813]
549
[0.09866616]
550
[0.05722557]
551
[0.06800875]
552
[0.04637528]
553
[0.04545685]
554
[0.089295]
555
[0.09046754]
556
[0.03345945]
557
[0.08900976]
558
[0.05133661]
559
[0.07695077]
560
[0.0915355]
561
[0.10079633]
562
[0.07650537]
563
[0.0575496]
564
[0.09888885]
565
[0.03407622]
566
[0.08505299]
567
[0.06000259]
568
[0.08373541]
569
[0.08917434]
570
[0.05345812]
571
[0.0909259]
572
[0.0905948]
573
[0.06390234]
574
[0.08730414]
575
[0.07307475]
576
[0.09521221]
577
[0.04683066]
578
[0.05767045]
579
[0.03706351]
580
[0.05066183]
581
[0.07316122]
582
[0.08164372]
583
[0.08776063]
584
[0.05137947]
585
[0.09676308]
586
[0.09779577]
587
[0.09117058]
588
[0.07679188]
589
[0.10057778]
590
[0.08672739]
591
[0.10192094]
592
[0.09647856]
593
[0.08749413]
594
[0.10166287]
595
[0.08355512]
596
[0.09085407]
597
[0.04901677]
598
[0.06745558]
599
[0.04497542]
600
[0.07440219]
601
[0.07402172]
602
[0.07302382]
603
[0.06925562]
604
[0.0810142]
605
[0.09458472]
606
[0.10199874]
607
[0.09612388]
608
[0.02511144]
609
[0.09655465]
610
[0.07221521]
611
[0.0884347]
612
[0.09493358]
613
[0.08561084]
614
[0.08034612]
615
[0.08617104]
616
[0.07491331]
617
[0.05247829]
618
[0.09196411]
619
[0.08496845]
620
[0.07764063]
621
[0.09521761]
622
[0.08899644]
623
[0.06936413]
624
[0.08434807]
625
[0.08638594]
626
[0.08806429]
627
[0.0912523]
628
[0.03248232]
629
[0.08899863]
630
[0.08229845]
631
[0.09401815]
632
[0.09415666]
633
[0.04009917]
634
[0.05545115]
635
[0.07536604]
636
[0.08427131]
637
[0.10095759]
638
[0.04962114]
639
[0.09686094]
640
[0.0878422]
641
[0.06883192]
642
[0.09115976]
643
[0.08663784]
644
[0.08473422]
645
[0.1001177]
646
[0.09153202]
647
[0.05387416]
648
[0.04890841]
649
[0.05298217]
650
[0.08919031]
651
[0.06382252]
652
[0.07817701]
653
[0.0766779]
654
[0.10199143]
655
[0.09600859]
656
[0.06496107]
657
[0.08810116]
658
[0.04784907]
659
[0.09246924]
660
[0.09955392]
661
[0.06109784]
662
[0.09243477]
663
[0.03848207]
664
[0.07537176]
665
[0.08315639]
666
[0.08735457]
667
[0.08453988]
668
[0.04217375]
669
[0.08483229]
670
[0.06581383]
671
[0.04406848]
672
[0.08675815]
673
[0.05866257]
674
[0.08648646]
675
[0.09731842]
676
[0.08600931]
677
[0.09727265]
678
[0.10192541]
679
[0.08337147]
680
[0.08793786]
681
[0.09634506]
682
[0.06622063]
683
[0.04564872]
684
[0.09022075]
685
[0.09128122]
686
[0.08056293]
687
[0.09369442]
688
[0.08241543]
689
[0.09262018]
690
[0.09900554]
691
[0.10082296]
692
[0.0911196]
693
[0.06846342]
694
[0.10233957]
695
[0.05742704]
696
[0.04260156]
697
[0.04600089]
698
[0.06606418]
699
[0.08783369]
700
[0.03882031]
701
[0.10074728]
702
[0.06949761]
703
[0.08727292]
704
[0.04479386]
705
[0.10000387]
706
[0.03415691]
707
[0.09998668]
708
[0.09833892]
709
[0.03167294]
710
[0.04865107]
711
[0.07560495]
712
[0.07116654]
713
[0.10234796]
714
[0.08756368]
715
[0.07921551]
716
[0.10135281]
717
[0.09985982]
718
[0.09131538]
719
[0.06661704]
720
[0.09235047]
721
[0.0717145]
722
[0.04693994]
723
[0.06074509]
724
[0.07422213]
725
[0.0987689]
726
[0.10085955]
727
[0.08213556]
728
[0.08764384]
729
[0.09324458]
730
[0.05088895]
731
[0.07071795]
732
[0.06667977]
733
[0.09754009]
734
[0.06207012]
735
[0.08388406]
736
[0.09629802]
737
[0.07073131]
738
[0.08602318]
739
[0.10113853]
740
[0.05505537]
741
[0.09086753]
742
[0.02986846]
743
[0.03105926]
744
[0.08227214]
745
[0.07474476]
746
[0.05290859]
747
[0.07534599]
748
[0.10026483]
749
[0.10224538]
750
[0.0897579]
751
[0.04628963]
752
[0.08953929]
753
[0.06165811]
754
[0.09260775]
755
[0.07947676]
756
[0.10171675]
757
[0.05159875]
758
[0.05365949]
759
[0.10164341]
760
[0.09927369]
761
[0.0975289]
762
[0.10185635]
763
[0.06565236]
764
[0.09441677]
765
[0.06615345]
766
[0.03927273]
767
[0.09070713]
768
[0.06606351]
769
[0.09982776]
770
[0.09975861]
771
[0.09754192]
772
[0.06237827]
773
[0.04117292]
774
[0.0653041]
775
[0.03690903]
776
[0.06940601]
777
[0.08526235]
778
[0.06515283]
779
[0.04149782]
780
[0.09630051]
781
[0.07949718]
782
[0.09711967]
783
[0.05906623]
784
[0.08821801]
785
[0.09429587]
786
[0.0382616]
787
[0.07181615]
788
[0.0843533]
789
[0.07977658]
790
[0.08694551]
791
[0.08891321]
792
[0.09768021]
793
[0.10197627]
794
[0.07534725]
795
[0.04635479]
796
[0.05965009]
797
[0.08878472]
798
[0.10228769]
799
[0.09739913]
800
[0.08506028]
801
[0.07401105]
802
[0.04151631]
803
[0.0550154]
804
[0.1018138]
805
[0.07747622]
806
[0.08953365]
807
[0.08798333]
808
[0.09335969]
809
[0.05605136]
810
[0.09250237]
811
[0.10175773]
812
[0.09463649]
813
[0.10115588]
814
[0.0956402]
815
[0.0707885]
816
[0.10012266]
817
[0.10045852]
818
[0.10086224]
819
[0.09723559]
820
[0.10063179]
821
[0.07665942]
822
[0.05642218]
823
[0.07723435]
824
[0.06018041]
825
[0.06896504]
826
[0.05324754]
827
[0.08756703]
828
[0.08354376]
829
[0.06559537]
830
[0.07985228]
831
[0.05250804]
832
[0.08482848]
833
[0.06935064]
834
[0.05837767]
835
[0.09192506]
836
[0.05325356]
837
[0.09338084]
838
[0.0851938]
839
[0.05478539]
840
[0.06702172]
841
[0.09274831]
842
[0.09749566]
843
[0.09787286]
844
[0.07616102]
845
[0.09749098]
846
[0.10232539]
847
[0.09371859]
848
[0.09949279]
849
[0.09801885]
850
[0.09433487]
851
[0.04392192]
852
[0.09392416]
853
[0.09822673]
854
[0.08505859]
855
[0.04657978]
856
[0.09379478]
857
[0.07717323]
858
[0.09987411]
859
[0.09452961]
860
[0.04522686]
861
[0.08778242]
862
[0.1003756]
863
[0.06399411]
864
[0.09720773]
865
[0.05844854]
866
[0.09683584]
867
[0.09140552]
868
[0.08549484]
869
[0.08914679]
870
[0.09564223]
871
[0.09803752]
872
[0.10157614]
873
[0.08781029]
874
[0.06264161]
875
[0.09526991]
876
[0.04848445]
877
[0.10154108]
878
[0.07212231]
879
[0.05542723]
880
[0.06981381]
881
[0.0525478]
882
[0.09596603]
883
[0.05500116]
884
[0.08477674]
885
[0.05292393]
886
[0.0867888]
887
[0.06866086]
888
[0.10109972]
889
[0.09941102]
890
[0.0935962]
891
[0.10073144]
892
[0.09263573]
893
[0.06643366]
894
[0.09020954]
895
[0.06887959]
896
[0.08620511]
897
[0.09017898]
898
[0.0545606]
899
[0.08144968]
900
[0.06437154]
901
[0.0578356]
902
[0.08638315]
903
[0.07030821]
904
[0.09417458]
905
[0.1000733]
906
[0.04619457]
907
[0.05625703]
908
[0.08432294]
909
[0.04945902]
910
[0.09596434]
911
[0.08565788]
912
[0.09908426]
913
[0.08361357]
914
[0.05152472]
915
[0.09473678]
916
[0.06156441]
917
[0.08157298]
918
[0.06270244]
919
[0.09777288]
920
[0.05484032]
921
[0.09852296]
922
[0.0943263]
923
[0.10187506]
924
[0.05536595]
925
[0.08928427]
926
[0.09097292]
927
[0.09644382]
928
[0.08568392]
929
[0.04492467]
930
[0.09013262]
931
[0.08810359]
932
[0.04576491]
933
[0.04342791]
934
[0.05365098]
935
[0.08304189]
936
[0.07896255]
937
[0.08912759]
938
[0.10148281]
939
[0.07959705]
940
[0.08726384]
941
[0.05805477]
942
[0.08845441]
943
[0.06355845]
944
[0.09852581]
945
[0.10102878]
946
[0.05462566]
947
[0.09606458]
948
[0.08908958]
949
[0.06195665]
950
[0.09809768]
951
[0.09688556]
952
[0.09357549]
953
[0.10239907]
954
[0.04880345]
955
[0.05601332]
956
[0.08823966]
957
[0.03981117]
958
[0.04140703]
959
[0.09760744]
960
[0.06194615]
961
[0.10093314]
962
[0.04097505]
963
[0.07392438]
964
[0.04595139]
965
[0.09381824]
966
[0.08087257]
967
[0.08818726]
968
[0.06893191]
969
[0.10221563]
970
[0.08332982]
971
[0.10244148]
972
[0.06655287]
973
[0.06411267]
974
[0.06759123]
975
[0.09446569]
976
[0.06817936]
977
[0.10242096]
978
[0.06245425]
979
[0.09573096]
980
[0.10251888]
981
[0.10120959]
982
[0.06949526]
983
[0.05594267]
984
[0.09649965]
985
[0.0797084]
986
[0.08995606]
987
[0.09588762]
988
[0.09636638]
989
[0.07095282]
990
[0.03917618]
991
[0.07392266]
992
[0.05262438]
993
[0.04057453]
994
[0.08917568]
995
[0.06856055]
996
[0.06460104]
997
[0.07524844]
998
[0.05704184]
999
[1] 5000   11
[1] 5000   11
[0.04364123]
