LOADING R
R LOADED
[1] "/home/lvanderl/Rlibs2"                         
[2] "/app/software/R/4.3.1-gfbf-2022b/lib/R/library"
[1] "/home/lvanderl/sieveSims"
[1] "rf 20 1"
[1] "histogram binning"
[1] 0.02460852
[1] 0.02460852
[1] "mondrian"
[1] "iso"
[1] 0.02460852
[1] "conditional"
[   10.            11.51395399    13.25711366    15.26417967
    17.57510625    20.23589648    23.29951811    26.82695795
    30.88843596    35.56480306    40.94915062    47.14866363
    54.28675439    62.50551925    71.9685673     82.86427729
    95.40954763   109.8541142    126.48552169   145.63484775
   167.68329368   193.06977289   222.29964825   255.95479227
   294.70517026   339.32217719   390.69399371   449.8432669
   517.94746792   596.36233166   686.648845     790.60432109
   910.29817799  1048.11313415  1206.79264064  1389.49549437
  1599.85871961  1842.06996933  2120.95088792  2442.05309455
  2811.76869797  3237.45754282  3727.59372031  4291.93426013
  4941.71336132  5689.86602902  6551.2855686   7543.12006335
  8685.11373751 10000.        ]
[0.18518919 0.18423639 0.18317387 0.182934   0.18178354 0.1804002
 0.17960738 0.17836273 0.17634469 0.17472026 0.17285999 0.17111274
 0.16857548 0.16584638 0.16310389 0.15988194 0.15693663 0.15335213
 0.1500448  0.14617073 0.14243959 0.13877642 0.13541534 0.13220641
 0.12952586 0.12700682 0.12501991 0.12322511 0.12201289 0.12123722
 0.12091475 0.12102048 0.12111003 0.12098848 0.12104664 0.12106694
 0.12095938 0.12093732 0.1210726  0.12098008 0.1209681  0.12097031
 0.12101523 0.12093046 0.12111542 0.1208518  0.12108411 0.1209904
 0.12101526 0.12104948]
5689.8660290182925
0.0001757510624854793
0
[0.56198393]
1
[0.23546909]
2
[0.02364602]
3
[0.00059791]
4
[0.56198393]
5
[0.56198393]
6
[0.56198393]
7
[0.56198393]
8
[0.50710748]
9
[0.56198393]
10
[0.56198393]
11
[0.00059791]
12
[0.56198393]
13
[0.00059791]
14
[0.56198393]
15
[0.14821554]
16
[0.56198393]
17
[0.51698524]
18
[0.26839495]
19
[0.41326877]
20
[0.00059791]
21
[0.10596068]
22
[0.56198393]
23
[0.56198393]
24
[0.56198393]
25
[0.37156267]
26
[0.56198393]
27
[0.56198393]
28
[0.56198393]
29
[0.56198393]
30
[0.56198393]
31
[0.3633312]
32
[0.10321686]
33
[0.56198393]
34
[0.49174208]
35
[0.28046777]
36
[0.45552363]
37
[0.56198393]
38
[0.56198393]
39
[0.33260039]
40
[0.55045987]
41
[0.32107634]
42
[0.55100864]
43
[0.3062597]
44
[0.36607502]
45
[0.56198393]
46
[0.22065245]
47
[0.56198393]
48
[0.04998671]
49
[0.56198393]
50
[0.56198393]
51
[0.23876168]
52
[0.56198393]
53
[0.02199972]
54
[0.28266283]
55
[0.13285014]
56
[0.42424405]
57
[0.56198393]
58
[0.21900616]
59
[0.02199972]
60
[0.37869661]
61
[0.16303218]
62
[0.05547435]
63
[0.56198393]
64
[0.25412708]
65
[0.56198393]
66
[0.18004388]
67
[0.56198393]
68
[0.34577074]
69
[0.06919346]
70
[0.56198393]
71
[0.56198393]
72
[0.38747684]
73
[0.56198393]
74
[0.48625444]
75
[0.41436629]
76
[0.56198393]
77
[0.56198393]
78
[0.56198393]
79
[0.42808541]
80
[0.56198393]
81
[0.49174208]
82
[0.48351061]
83
[0.56198393]
84
[0.38912313]
85
[0.56198393]
86
[0.56198393]
87
[0.56198393]
88
[0.0840101]
89
[0.56198393]
90
[0.56198393]
91
[0.56198393]
92
[0.00059791]
93
[0.56198393]
94
[0.56198393]
95
[0.56198393]
96
[0.11858226]
97
[0.56198393]
98
[0.56198393]
99
[0.56198393]
100
[0.46320633]
101
[0.20034816]
102
[0.56198393]
103
[0.56198393]
104
[0.23272527]
105
[0.50161984]
106
[0.40778112]
107
[0.56198393]
108
[0.01760961]
109
[0.56198393]
110
[0.56198393]
111
[0.00059791]
112
[0.56198393]
113
[0.01212196]
114
[0.56198393]
115
[0.49009579]
116
[0.56198393]
117
[0.03517007]
118
[0.56198393]
119
[0.02474355]
120
[0.3402831]
121
[0.40723236]
122
[0.56198393]
123
[0.53344818]
124
[0.24534685]
125
[0.22339627]
126
[0.56198393]
127
[0.18059264]
128
[0.09718045]
129
[0.26180978]
130
[0.56198393]
131
[0.51808277]
132
[0.56198393]
133
[0.54497223]
134
[0.24809067]
135
[0.37320896]
136
[0.56198393]
137
[0.56198393]
138
[0.56198393]
139
[0.35674603]
140
[0.53728953]
141
[0.56198393]
142
[0.56198393]
143
[0.12516744]
144
[0.3880256]
145
[0.56198393]
146
[0.00059791]
147
[0.56198393]
148
[0.38308672]
149
[0.56198393]
150
[0.00059791]
151
[0.34851456]
152
[0.04998671]
153
[0.56198393]
154
[0.25138326]
155
[0.56198393]
156
[0.56198393]
157
[0.09114404]
158
[0.56198393]
159
[0.0346213]
160
[0.36881885]
161
[0.42424405]
162
[0.47418162]
163
[0.56198393]
164
[0.56198393]
165
[0.28376036]
166
[0.23546909]
167
[0.56198393]
168
[0.56198393]
169
[0.49338837]
170
[0.31174734]
171
[0.56198393]
172
[0.27772395]
173
[0.14547172]
174
[0.56198393]
175
[0.56198393]
176
[0.56198393]
177
[0.56198393]
178
[0.56198393]
179
[0.56198393]
180
[0.56198393]
181
[0.2321765]
182
[0.10980203]
183
[0.56198393]
184
[0.56198393]
185
[0.13230137]
186
[0.36442873]
187
[0.56198393]
188
[0.54716729]
189
[0.54716729]
190
[0.17455624]
191
[0.4944859]
192
[0.5021686]
193
[0.06535211]
194
[0.56198393]
195
[0.53070435]
196
[0.00059791]
197
[0.56198393]
198
[0.56198393]
199
[0.56198393]
200
[0.31229611]
201
[0.16961736]
202
[0.56198393]
203
[0.18223894]
204
[0.54552099]
205
[0.56198393]
206
[0.56198393]
207
[0.03242625]
208
[0.48405938]
209
[0.56198393]
210
[0.14217913]
211
[0.37046514]
212
[0.01760961]
213
[0.56198393]
214
[0.05547435]
215
[0.37979413]
216
[0.56198393]
217
[0.44619463]
218
[0.56198393]
219
[0.56198393]
220
[0.56198393]
221
[0.08620516]
222
[0.06260829]
223
[0.02968243]
224
[0.56198393]
225
[0.56198393]
226
[0.47088903]
227
[0.13833778]
228
[0.56198393]
229
[0.27882148]
230
[0.56198393]
231
[0.43686564]
232
[0.46814521]
233
[0.56198393]
234
[0.06535211]
235
[0.55045987]
236
[0.16412971]
237
[0.56198393]
238
[0.45771868]
239
[0.56198393]
240
[0.1427279]
241
[0.56198393]
242
[0.56198393]
243
[0.45387733]
244
[0.56198393]
245
[0.56198393]
246
[0.56198393]
247
[0.56198393]
248
[0.05547435]
249
[0.56198393]
250
[0.36223367]
251
[0.28595542]
252
[0.56198393]
253
[0.56198393]
254
[0.4714378]
255
[0.41217124]
256
[0.56198393]
257
[0.06260829]
258
[0.56198393]
259
[0.56198393]
260
[0.56198393]
261
[0.28595542]
262
[0.56198393]
263
[0.20089693]
264
[0.32766151]
265
[0.39022066]
266
[0.5038149]
267
[0.07248605]
268
[0.37705031]
269
[0.00059791]
270
[0.56198393]
271
[0.56198393]
272
[0.09553416]
273
[0.56198393]
274
[0.56198393]
275
[0.56198393]
276
[0.56198393]
277
[0.39625707]
278
[0.56198393]
279
[0.56198393]
280
[0.5038149]
281
[0.56198393]
282
[0.56198393]
283
[0.44290205]
284
[0.56198393]
285
[0.56198393]
286
[0.26126102]
287
[0.56198393]
288
[0.53399694]
289
[0.07029099]
290
[0.36003862]
291
[0.0269386]
292
[0.45771868]
293
[0.39022066]
294
[0.38637931]
295
[0.56198393]
296
[0.09004651]
297
[0.56198393]
298
[0.56198393]
299
[0.56198393]
300
[0.56198393]
301
[0.56198393]
302
[0.01651208]
303
[0.56198393]
304
[0.54113088]
305
[0.56198393]
306
[0.50600996]
307
[0.56198393]
308
[0.56198393]
309
[0.31668622]
310
[0.14053284]
311
[0.34961209]
312
[0.56198393]
313
[0.42534158]
314
[0.55759381]
315
[0.11199709]
316
[0.56198393]
317
[0.2491882]
318
[0.16851983]
319
[0.56198393]
320
[0.56198393]
321
[0.43686564]
322
[0.56198393]
323
[0.0593157]
324
[0.56198393]
325
[0.2908943]
326
[0.15864207]
327
[0.56198393]
328
[0.33040534]
329
[0.30516217]
330
[0.56198393]
331
[0.17016612]
332
[0.4868032]
333
[0.00059791]
334
[0.1504106]
335
[0.56198393]
336
[0.56198393]
337
[0.52905806]
338
[0.17236118]
339
[0.53125312]
340
[0.00059791]
341
[0.56198393]
342
[0.56198393]
343
[0.56198393]
344
[0.56198393]
345
[0.04559659]
346
[0.24095673]
347
[0.52741177]
348
[0.37156267]
349
[0.56198393]
350
[0.56198393]
351
[0.1257162]
352
[0.55210617]
353
[0.56198393]
354
[0.11528968]
355
[0.30845476]
356
[0.56198393]
357
[0.56198393]
358
[0.3139424]
359
[0.2151648]
360
[0.56198393]
361
[0.55594752]
362
[0.44235328]
363
[0.22284751]
364
[0.02748737]
365
[0.00059791]
366
[0.5438747]
367
[0.15699577]
368
[0.56198393]
369
[0.08510763]
370
[0.43576811]
371
[0.37046514]
372
[0.20309199]
373
[0.56198393]
374
[0.56198393]
375
[0.56198393]
376
[0.07029099]
377
[0.31833252]
378
[0.49503467]
379
[0.40668359]
380
[0.0038905]
381
[0.15534948]
382
[0.56198393]
383
[0.12242361]
384
[0.56198393]
385
[0.56198393]
386
[0.34522198]
387
[0.43137799]
388
[0.56198393]
389
[0.56198393]
390
[0.56198393]
391
[0.56198393]
392
[0.56198393]
393
[0.56198393]
394
[0.56198393]
395
[0.12736249]
396
[0.56198393]
397
[0.06370582]
398
[0.37705031]
399
[0.36003862]
400
[0.1674223]
401
[0.56198393]
402
[0.05273053]
403
[0.00059791]
404
[0.27717519]
405
[0.56198393]
406
[0.2321765]
407
[0.56198393]
408
[0.13778902]
409
[0.55375246]
410
[0.56198393]
411
[0.56198393]
412
[0.56198393]
413
[0.54771605]
414
[0.56198393]
415
[0.56198393]
416
[0.56198393]
417
[0.56198393]
418
[0.56198393]
419
[0.33644174]
420
[0.49229084]
421
[0.19760434]
422
[0.56198393]
423
[0.1580933]
424
[0.56198393]
425
[0.51204636]
426
[0.56198393]
427
[0.56198393]
428
[0.08894898]
429
[0.56198393]
430
[0.40064718]
431
[0.56198393]
432
[0.56198393]
433
[0.55814258]
434
[0.56198393]
435
[0.4774742]
436
[0.42698788]
437
[0.24260303]
438
[0.21406728]
439
[0.56198393]
440
[0.56198393]
441
[0.15864207]
442
[0.56198393]
443
[0.56198393]
444
[0.51863154]
445
[0.56198393]
446
[0.46540139]
447
[0.45497486]
448
[0.21242098]
449
[0.10980203]
450
[0.56198393]
451
[0.56198393]
452
[0.56198393]
453
[0.3309541]
454
[0.55484999]
455
[0.54936235]
456
[0.56198393]
457
[0.35345344]
458
[0.14053284]
459
[0.56198393]
460
[0.56198393]
461
[0.02474355]
462
[0.16687353]
463
[0.56198393]
464
[0.56198393]
465
[0.56198393]
466
[0.17400747]
467
[0.09388786]
468
[0.47527915]
469
[0.56198393]
470
[0.19595805]
471
[0.03681636]
472
[0.50875378]
473
[0.14602049]
474
[0.02474355]
475
[0.56198393]
476
[0.56198393]
477
[0.38144043]
478
[0.26674866]
479
[0.26016349]
480
[0.31010105]
481
[0.55704505]
482
[0.49009579]
483
[0.32382016]
484
[0.56198393]
485
[0.56198393]
486
[0.54552099]
487
[0.34467321]
488
[0.56198393]
489
[0.56198393]
490
[0.28869924]
491
[0.27333383]
492
[0.52247289]
493
[0.56198393]
494
[0.56198393]
495
[0.3479658]
496
[0.54277717]
497
[0.56198393]
498
[0.40668359]
499
[0.56198393]
500
[0.06535211]
501
[0.56198393]
502
[0.56198393]
503
[0.24370055]
504
[0.00059791]
505
[0.4774742]
506
[0.13833778]
507
[0.56198393]
508
[0.56198393]
509
[0.56198393]
510
[0.56198393]
511
[0.49119332]
512
[0.56198393]
513
[0.56198393]
514
[0.2244938]
515
[0.56198393]
516
[0.41107371]
517
[0.56198393]
518
[0.49119332]
519
[0.15864207]
520
[0.25741967]
521
[0.5515574]
522
[0.12077732]
523
[0.00059791]
524
[0.42259776]
525
[0.56198393]
526
[0.56198393]
527
[0.30845476]
528
[0.56198393]
529
[0.47802297]
530
[0.56198393]
531
[0.56198393]
532
[0.56198393]
533
[0.21461604]
534
[0.10980203]
535
[0.17236118]
536
[0.4050373]
537
[0.47308409]
538
[0.16522724]
539
[0.56198393]
540
[0.56198393]
541
[0.29199183]
542
[0.49064455]
543
[0.56198393]
544
[0.56198393]
545
[0.1087045]
546
[0.25632214]
547
[0.56198393]
548
[0.53728953]
549
[0.56198393]
550
[0.42698788]
551
[0.3880256]
552
[0.28430912]
553
[0.21242098]
554
[0.56198393]
555
[0.23656662]
556
[0.56198393]
557
[0.23931044]
558
[0.56198393]
559
[0.53893582]
560
[0.56198393]
561
[0.56198393]
562
[0.13449643]
563
[0.12022856]
564
[0.08675393]
565
[0.03297501]
566
[0.50161984]
567
[0.15425195]
568
[0.56198393]
569
[0.00059791]
570
[0.37869661]
571
[0.44838969]
572
[0.18004388]
573
[0.32052758]
574
[0.19925064]
575
[0.24370055]
576
[0.56198393]
577
[0.37924537]
578
[0.36717255]
579
[0.56198393]
580
[0.56198393]
581
[0.56198393]
582
[0.04065771]
583
[0.55100864]
584
[0.56198393]
585
[0.56198393]
586
[0.55430123]
587
[0.09827798]
588
[0.04669412]
589
[0.29199183]
590
[0.56198393]
591
[0.43686564]
592
[0.56198393]
593
[0.43028046]
594
[0.56198393]
595
[0.44948722]
596
[0.56198393]
597
[0.31119858]
598
[0.56198393]
599
[0.23821291]
600
[0.00059791]
601
[0.56198393]
602
[0.56198393]
603
[0.56198393]
604
[0.56198393]
605
[0.55210617]
606
[0.07138852]
607
[0.56198393]
608
[0.00059791]
609
[0.13614273]
610
[0.39680583]
611
[0.33808804]
612
[0.08016875]
613
[0.40778112]
614
[0.56198393]
615
[0.34741703]
616
[0.56198393]
617
[0.20528704]
618
[0.1333989]
619
[0.56198393]
620
[0.56198393]
621
[0.43412181]
622
[0.10376562]
623
[0.56198393]
624
[0.56198393]
625
[0.13285014]
626
[0.56198393]
627
[0.32436893]
628
[0.56198393]
629
[0.56198393]
630
[0.25412708]
631
[0.56198393]
632
[0.00059791]
633
[0.16028836]
634
[0.19815311]
635
[0.56198393]
636
[0.48570567]
637
[0.43631687]
638
[0.18553152]
639
[0.56198393]
640
[0.09388786]
641
[0.22010368]
642
[0.56198393]
643
[0.3973546]
644
[0.56198393]
645
[0.56198393]
646
[0.56198393]
647
[0.14876431]
648
[0.28869924]
649
[0.34083186]
650
[0.46924274]
651
[0.4450971]
652
[0.56198393]
653
[0.14821554]
654
[0.56198393]
655
[0.56198393]
656
[0.05602312]
657
[0.00059791]
658
[0.27168754]
659
[0.37540402]
660
[0.56198393]
661
[0.04449906]
662
[0.56198393]
663
[0.47308409]
664
[0.08840022]
665
[0.33260039]
666
[0.35400221]
667
[0.19760434]
668
[0.27223631]
669
[0.39131819]
670
[0.56198393]
671
[0.4297317]
672
[0.56198393]
673
[0.00059791]
674
[0.02199972]
675
[0.00059791]
676
[0.56198393]
677
[0.18114141]
678
[0.56198393]
679
[0.56198393]
680
[0.31010105]
681
[0.21242098]
682
[0.56198393]
683
[0.4467434]
684
[0.13285014]
685
[0.03736513]
686
[0.56198393]
687
[0.56198393]
688
[0.56198393]
689
[0.45826745]
690
[0.12022856]
691
[0.20418952]
692
[0.43137799]
693
[0.56198393]
694
[0.56198393]
695
[0.22998144]
696
[0.56198393]
697
[0.41272]
698
[0.56198393]
699
[0.40887865]
700
[0.56198393]
701
[0.00059791]
702
[0.56198393]
703
[0.37869661]
704
[0.47802297]
705
[0.17345871]
706
[0.56198393]
707
[0.17181241]
708
[0.54277717]
709
[0.56198393]
710
[0.56198393]
711
[0.43467058]
712
[0.56198393]
713
[0.47802297]
714
[0.56198393]
715
[0.56198393]
716
[0.56198393]
717
[0.56198393]
718
[0.56198393]
719
[0.07687617]
720
[0.08949775]
721
[0.56198393]
722
[0.25302955]
723
[0.35839232]
724
[0.14163037]
725
[0.56198393]
726
[0.56198393]
727
[0.1026681]
728
[0.48021803]
729
[0.36607502]
730
[0.56198393]
731
[0.43467058]
732
[0.56198393]
733
[0.54661852]
734
[0.56198393]
735
[0.41162247]
736
[0.56198393]
737
[0.39076942]
738
[0.14656925]
739
[0.56198393]
740
[0.23876168]
741
[0.54003335]
742
[0.56198393]
743
[0.16467848]
744
[0.00059791]
745
[0.56198393]
746
[0.56198393]
747
[0.11199709]
748
[0.56198393]
749
[0.24040797]
750
[0.20089693]
751
[0.56198393]
752
[0.56198393]
753
[0.56198393]
754
[0.11309462]
755
[0.56198393]
756
[0.45003598]
757
[0.28705295]
758
[0.56198393]
759
[0.56198393]
760
[0.28815047]
761
[0.09718045]
762
[0.56198393]
763
[0.56198393]
764
[0.2568709]
765
[0.56198393]
766
[0.06370582]
767
[0.56198393]
768
[0.56198393]
769
[0.15315442]
770
[0.28046777]
771
[0.56198393]
772
[0.34686827]
773
[0.56198393]
774
[0.55649628]
775
[0.17181241]
776
[0.56198393]
777
[0.00059791]
778
[0.09279034]
779
[0.11967979]
780
[0.32217387]
781
[0.00059791]
782
[0.56198393]
783
[0.21790863]
784
[0.23107897]
785
[0.34741703]
786
[0.56198393]
787
[0.31888128]
788
[0.40448853]
789
[0.25138326]
790
[0.56198393]
791
[0.34083186]
792
[0.05712065]
793
[0.56198393]
794
[0.56198393]
795
[0.36113614]
796
[0.20473828]
797
[0.39461077]
798
[0.40778112]
799
[0.56198393]
800
[0.56198393]
801
[0.56198393]
802
[0.1580933]
803
[0.56198393]
804
[0.56198393]
805
[0.05986447]
806
[0.33973433]
807
[0.30296711]
808
[0.56198393]
809
[0.56198393]
810
[0.14711801]
811
[0.45223104]
812
[0.56198393]
813
[0.00059791]
814
[0.35070962]
815
[0.30955229]
816
[0.38308672]
817
[0.56198393]
818
[0.41217124]
819
[0.56198393]
820
[0.54113088]
821
[0.40284224]
822
[0.23162774]
823
[0.56198393]
824
[0.56198393]
825
[0.17016612]
826
[0.09114404]
827
[0.11199709]
828
[0.56198393]
829
[0.38473301]
830
[0.56198393]
831
[0.56198393]
832
[0.19486052]
833
[0.02199972]
834
[0.1597396]
835
[0.56198393]
836
[0.00059791]
837
[0.53783829]
838
[0.15260566]
839
[0.56198393]
840
[0.47034027]
841
[0.51479019]
842
[0.24644438]
843
[0.42753664]
844
[0.00059791]
845
[0.56198393]
846
[0.56198393]
847
[0.56198393]
848
[0.45662116]
849
[0.56198393]
850
[0.00059791]
851
[0.56198393]
852
[0.56198393]
853
[0.29144306]
854
[0.56198393]
855
[0.00059791]
856
[0.56198393]
857
[0.26565113]
858
[0.56198393]
859
[0.22778639]
860
[0.19321423]
861
[0.56198393]
862
[0.46485262]
863
[0.16522724]
864
[0.56198393]
865
[0.56198393]
866
[0.54881358]
867
[0.56198393]
868
[0.42698788]
869
[0.56198393]
870
[0.56198393]
871
[0.56198393]
872
[0.21571357]
873
[0.00059791]
874
[0.56198393]
875
[0.37211143]
876
[0.56198393]
877
[0.56198393]
878
[0.53344818]
879
[0.35784356]
880
[0.56198393]
881
[0.56198393]
882
[0.56198393]
883
[0.56198393]
884
[0.5608864]
885
[0.47637668]
886
[0.4944859]
887
[0.56198393]
888
[0.34577074]
889
[0.56198393]
890
[0.49887602]
891
[0.051633]
892
[0.43796317]
893
[0.25961472]
894
[0.49887602]
895
[0.56198393]
896
[0.16028836]
897
[0.43960946]
898
[0.56198393]
899
[0.56198393]
900
[0.56198393]
901
[0.54113088]
902
[0.56198393]
903
[0.32272263]
904
[0.56198393]
905
[0.56198393]
906
[0.52741177]
907
[0.1580933]
908
[0.34467321]
909
[0.26729743]
910
[0.56198393]
911
[0.56198393]
912
[0.56198393]
913
[0.2738826]
914
[0.41765888]
915
[0.53783829]
916
[0.3479658]
917
[0.42643911]
918
[0.56198393]
919
[0.00059791]
920
[0.31997881]
921
[0.00059791]
922
[0.48351061]
923
[0.56198393]
924
[0.0593157]
925
[0.22010368]
926
[0.56198393]
927
[0.56198393]
928
[0.35894109]
929
[0.56198393]
930
[0.24809067]
931
[0.56198393]
932
[0.5285093]
933
[0.40997618]
934
[0.56198393]
935
[0.00059791]
936
[0.14217913]
937
[0.26894372]
938
[0.56198393]
939
[0.56198393]
940
[0.56198393]
941
[0.56198393]
942
[0.04449906]
943
[0.08016875]
944
[0.56198393]
945
[0.31119858]
946
[0.56198393]
947
[0.46649892]
948
[0.56198393]
949
[0.0285849]
950
[0.56198393]
951
[0.09169281]
952
[0.56198393]
953
[0.36936761]
954
[0.47802297]
955
[0.56198393]
956
[0.35290468]
957
[0.00773185]
958
[0.56198393]
959
[0.51479019]
960
[0.56198393]
961
[0.53015559]
962
[0.56198393]
963
[0.51753401]
964
[0.1010218]
965
[0.56198393]
966
[0.14876431]
967
[0.56198393]
968
[0.56198393]
969
[0.56198393]
970
[0.56198393]
971
[0.20034816]
972
[0.54497223]
973
[0.56198393]
974
[0.56198393]
975
[0.33150286]
976
[0.56198393]
977
[0.56198393]
978
[0.56198393]
979
[0.32217387]
980
[0.56198393]
981
[0.56198393]
982
[0.56198393]
983
[0.06974223]
984
[0.25906596]
985
[0.56198393]
986
[0.23327403]
987
[0.0115732]
988
[0.56198393]
989
[0.56198393]
990
[0.56198393]
991
[0.31064982]
992
[0.54442347]
993
[0.00059791]
994
[0.53893582]
995
[0.56198393]
996
[0.02968243]
997
[0.35345344]
998
[0.14217913]
999
[0.34961209]
1000
[0.00059791]
1001
[0.56198393]
1002
[0.45826745]
1003
[0.40393977]
1004
[0.56198393]
1005
[0.56198393]
1006
[0.2491882]
1007
[0.23876168]
1008
[0.02529231]
1009
[0.23492032]
1010
[0.02309725]
1011
[0.01102443]
1012
[0.52192412]
1013
[0.14492296]
1014
[0.03352378]
1015
[0.56198393]
1016
[0.11309462]
1017
[0.0532793]
1018
[0.56198393]
1019
[0.56198393]
1020
[0.56198393]
1021
[0.53180188]
1022
[0.01870714]
1023
[0.56198393]
1024
[0.38144043]
1025
[0.36552626]
1026
[0.10047304]
1027
[0.08675393]
1028
[0.48899826]
1029
[0.54497223]
1030
[0.50875378]
1031
[0.56198393]
1032
[0.56198393]
1033
[0.46156004]
1034
[0.34851456]
1035
[0.22943268]
1036
[0.28760171]
1037
[0.53454571]
1038
[0.56198393]
1039
[0.42095147]
1040
[0.00059791]
1041
[0.17675129]
1042
[0.07852246]
1043
[0.29254059]
1044
[0.56198393]
1045
[0.56198393]
1046
[0.56198393]
1047
[0.43467058]
1048
[0.06644964]
1049
[0.27772395]
1050
[0.49229084]
1051
[0.47637668]
1052
[0.21351851]
1053
[0.56198393]
1054
[0.41326877]
1055
[0.56198393]
1056
[0.24589561]
1057
[0.56198393]
1058
[0.07852246]
1059
[0.56198393]
1060
[0.00059791]
1061
[0.19540928]
1062
[0.56198393]
1063
[0.32656398]
1064
[0.56198393]
1065
[0.56198393]
1066
[0.56198393]
1067
[0.38198919]
1068
[0.56198393]
1069
[0.44784093]
1070
[0.07852246]
1071
[0.56198393]
1072
[0.56198393]
1073
[0.10705821]
1074
[0.56198393]
1075
[0.48405938]
1076
[0.56198393]
1077
[0.24370055]
1078
[0.17016612]
1079
[0.56198393]
1080
[0.56198393]
1081
[0.10376562]
1082
[0.34083186]
1083
[0.56198393]
1084
[0.45003598]
1085
[0.28046777]
1086
[0.30132082]
1087
[0.56198393]
1088
[0.42698788]
1089
[0.56198393]
1090
[0.28979677]
1091
[0.56198393]
1092
[0.25961472]
1093
[0.56198393]
1094
[0.00059791]
1095
[0.10980203]
1096
[0.21845739]
1097
[0.56198393]
1098
[0.29693071]
1099
[0.46265756]
1100
[0.07522987]
1101
[0.53948459]
1102
[0.06260829]
1103
[0.09498539]
1104
[0.56198393]
1105
[0.21351851]
1106
[0.02584107]
1107
[0.56198393]
1108
[0.12132609]
1109
[0.00992691]
1110
[0.56198393]
1111
[0.3710139]
1112
[0.56198393]
1113
[0.56198393]
1114
[0.14656925]
1115
[0.05437682]
1116
[0.13285014]
1117
[0.48241308]
1118
[0.35180715]
1119
[0.56198393]
1120
[0.45552363]
1121
[0.526863]
1122
[0.35729479]
1123
[0.56198393]
1124
[0.56198393]
1125
[0.56198393]
1126
[0.56198393]
1127
[0.37924537]
1128
[0.09388786]
1129
[0.56198393]
1130
[0.32107634]
1131
[0.56198393]
1132
[0.56198393]
1133
[0.56198393]
1134
[0.56198393]
1135
[0.00059791]
1136
[0.56198393]
1137
[0.05657188]
1138
[0.56198393]
1139
[0.56198393]
1140
[0.00059791]
1141
[0.08126628]
1142
[0.56198393]
1143
[0.56198393]
1144
[0.56198393]
1145
[0.56198393]
1146
[0.56198393]
1147
[0.50820501]
1148
[0.00059791]
1149
[0.56198393]
1150
[0.3633312]
1151
[0.08455887]
1152
[0.50710748]
1153
[0.33918557]
1154
[0.56198393]
1155
[0.00059791]
1156
[0.13998408]
1157
[0.51479019]
1158
[0.56198393]
1159
[0.05053547]
1160
[0.56198393]
1161
[0.56198393]
1162
[0.24424932]
1163
[0.48131556]
1164
[0.56198393]
1165
[0.56198393]
1166
[0.16851983]
1167
[0.56198393]
1168
[0.31064982]
1169
[0.56198393]
1170
[0.41985394]
1171
[0.56198393]
1172
[0.56198393]
1173
[0.56198393]
1174
[0.56198393]
1175
[0.29912576]
1176
[0.56198393]
1177
[0.12846002]
1178
[0.22778639]
1179
[0.56198393]
1180
[0.56198393]
1181
[0.02145096]
1182
[0.26071225]
1183
[0.33205163]
1184
[0.56198393]
1185
[0.00059791]
1186
[0.56198393]
1187
[0.30790599]
1188
[0.56198393]
1189
[0.56198393]
1190
[0.02035343]
1191
[0.52411918]
1192
[0.2074821]
1193
[0.56198393]
1194
[0.56198393]
1195
[0.22778639]
1196
[0.56198393]
1197
[0.14492296]
1198
[0.44180452]
1199
[0.09443663]
1200
[0.27772395]
1201
[0.34906333]
1202
[0.56198393]
1203
[0.30077206]
1204
[0.49229084]
1205
[0.56198393]
1206
[0.56198393]
1207
[0.26180978]
1208
[0.02035343]
1209
[0.2168111]
1210
[0.53289941]
1211
[0.56198393]
1212
[0.56198393]
1213
[0.56198393]
1214
[0.00059791]
1215
[0.4774742]
1216
[0.30022329]
1217
[0.31943005]
1218
[0.56198393]
1219
[0.14931307]
1220
[0.07577864]
1221
[0.25412708]
1222
[0.56198393]
1223
[0.2244938]
1224
[0.56198393]
1225
[0.56198393]
1226
[0.40942741]
1227
[0.56198393]
1228
[0.28430912]
1229
[0.56198393]
1230
[0.52960683]
1231
[0.0269386]
1232
[0.30022329]
1233
[0.53180188]
1234
[0.56198393]
1235
[0.56198393]
1236
[0.46430386]
1237
[0.175105]
1238
[0.23711538]
1239
[0.00059791]
1240
[0.54552099]
1241
[0.39954965]
1242
[0.56198393]
1243
[0.50107108]
1244
[0.39515954]
1245
[0.30406464]
1246
[0.00718308]
1247
[0.56198393]
1248
[0.04285277]
1249
[0.00059791]
1250
[0.18772658]
1251
[0.10211933]
1252
[0.56198393]
1253
[0.10650945]
1254
[0.31613746]
1255
[0.00059791]
1256
[0.56198393]
1257
[0.30241835]
1258
[0.56198393]
1259
[0.56198393]
1260
[0.56198393]
1261
[0.24260303]
1262
[0.46649892]
1263
[0.56198393]
1264
[0.56198393]
1265
[0.56198393]
1266
[0.52576547]
1267
[0.56198393]
1268
[0.32272263]
1269
[0.16797106]
1270
[0.56198393]
1271
[0.00059791]
1272
[0.56198393]
1273
[0.00059791]
1274
[0.56198393]
1275
[0.55265493]
1276
[0.06041323]
1277
[0.5608864]
1278
[0.56198393]
1279
[0.51863154]
1280
[0.56198393]
1281
[0.56198393]
1282
[0.17620253]
1283
[0.56198393]
1284
[0.28266283]
1285
[0.56198393]
1286
[0.07742493]
1287
[0.56198393]
1288
[0.56198393]
1289
[0.45113351]
1290
[0.54277717]
1291
[0.00059791]
1292
[0.20528704]
1293
[0.56198393]
1294
[0.04175524]
1295
[0.11254585]
1296
[0.56198393]
1297
[0.56198393]
1298
[0.56198393]
1299
[0.56198393]
1300
[0.56198393]
1301
[0.31668622]
1302
[0.56198393]
1303
[0.56198393]
1304
[0.11419215]
1305
[0.04559659]
1306
[0.4527798]
1307
[0.28376036]
1308
[0.00059791]
1309
[0.48405938]
1310
[0.35125838]
1311
[0.56198393]
1312
[0.32875904]
1313
[0.56198393]
1314
[0.54332594]
1315
[0.28046777]
1316
[0.44180452]
1317
[0.32052758]
1318
[0.21626233]
1319
[0.06699841]
1320
[0.03352378]
1321
[0.18992164]
1322
[0.05492559]
1323
[0.10705821]
1324
[0.06754717]
1325
[0.34412445]
1326
[0.19815311]
1327
[0.00059791]
1328
[0.01870714]
1329
[0.56198393]
1330
[0.21845739]
1331
[0.01047567]
1332
[0.56198393]
1333
[0.50820501]
1334
[0.3726602]
1335
[0.56198393]
1336
[0.56198393]
1337
[0.38144043]
1338
[0.35290468]
1339
[0.5114976]
1340
[0.21845739]
1341
[0.13559396]
1342
[0.36387997]
1343
[0.56198393]
1344
[0.00059791]
1345
[0.11693597]
1346
[0.56198393]
1347
[0.30296711]
1348
[0.536192]
1349
[0.02419478]
1350
[0.536192]
1351
[0.00059791]
1352
[0.1674223]
1353
[0.43247552]
1354
[0.50820501]
1355
[0.07742493]
1356
[0.44125575]
1357
[0.56198393]
1358
[0.56198393]
1359
[0.35070962]
1360
[0.45991374]
1361
[0.56198393]
1362
[0.23656662]
1363
[0.10815574]
1364
[0.56198393]
1365
[0.56198393]
1366
[0.56198393]
1367
[0.4450971]
1368
[0.00169544]
1369
[0.56198393]
1370
[0.56198393]
1371
[0.56198393]
1372
[0.00059791]
1373
[0.56198393]
1374
[0.31339364]
1375
[0.56198393]
1376
[0.56198393]
1377
[0.24095673]
1378
[0.56198393]
1379
[0.00663432]
1380
[0.07029099]
1381
[0.44180452]
1382
[0.56198393]
1383
[0.56198393]
1384
[0.56198393]
1385
[0.56198393]
1386
[0.40284224]
1387
[0.37375773]
1388
[0.56198393]
1389
[0.56198393]
1390
[0.56198393]
1391
[0.56198393]
1392
[0.56198393]
1393
[0.40887865]
1394
[0.56198393]
1395
[0.56198393]
1396
[0.04998671]
1397
[0.56198393]
1398
[0.56198393]
1399
[0.56198393]
1400
[0.56198393]
1401
[0.26290731]
1402
[0.40339101]
1403
[0.50052231]
1404
[0.56198393]
1405
[0.24644438]
1406
[0.56198393]
1407
[0.56198393]
1408
[0.12626497]
1409
[0.56198393]
1410
[0.48735196]
1411
[0.56198393]
1412
[0.56198393]
1413
[0.56198393]
1414
[0.15205689]
1415
[0.56198393]
1416
[0.56198393]
1417
[0.56198393]
1418
[0.56198393]
1419
[0.33644174]
1420
[0.56198393]
1421
[0.1333989]
1422
[0.56198393]
1423
[0.56198393]
1424
[0.30022329]
1425
[0.56198393]
1426
[0.56198393]
1427
[0.30461341]
1428
[0.56198393]
1429
[0.29034553]
1430
[0.27498013]
1431
[0.00553679]
1432
[0.56198393]
1433
[0.09224157]
1434
[0.02419478]
1435
[0.56198393]
1436
[0.56198393]
1437
[0.01980467]
1438
[0.56198393]
1439
[0.19650681]
1440
[0.56198393]
1441
[0.00059791]
1442
[0.16577601]
1443
[0.56198393]
1444
[0.55045987]
1445
[0.08840022]
1446
[0.00059791]
1447
[0.37156267]
1448
[0.42259776]
1449
[0.51424142]
1450
[0.56198393]
1451
[0.11638721]
1452
[0.29473565]
1453
[0.02529231]
1454
[0.56198393]
1455
[0.39406201]
1456
[0.56198393]
1457
[0.25357831]
1458
[0.12022856]
1459
[0.16303218]
1460
[0.0022442]
1461
[0.56198393]
1462
[0.56198393]
1463
[0.04175524]
1464
[0.12681373]
1465
[0.56198393]
1466
[0.56198393]
1467
[0.56198393]
1468
[0.32107634]
1469
[0.40339101]
1470
[0.25577337]
1471
[0.56198393]
1472
[0.1580933]
1473
[0.34906333]
1474
[0.56198393]
1475
[0.56198393]
1476
[0.56198393]
1477
[0.06205953]
1478
[0.56198393]
1479
[0.56198393]
1480
[0.43357305]
1481
[0.51588772]
1482
[0.422049]
1483
[0.01706084]
1484
[0.28485789]
1485
[0.56198393]
1486
[0.56198393]
1487
[0.06535211]
1488
[0.52631424]
1489
[0.56198393]
1490
[0.56198393]
1491
[0.56198393]
1492
[0.16522724]
1493
[0.56198393]
1494
[0.2645536]
1495
[0.56198393]
1496
[0.56198393]
1497
[0.56198393]
1498
[0.56198393]
1499
[0.33479545]
1500
[0.01760961]
1501
[0.56198393]
1502
[0.00059791]
1503
[0.01486579]
1504
[0.00059791]
1505
[0.55375246]
1506
[0.56198393]
1507
[0.03407254]
1508
[0.28321159]
1509
[0.36552626]
1510
[0.56198393]
1511
[0.56198393]
1512
[0.39406201]
1513
[0.56198393]
1514
[0.56198393]
1515
[0.56198393]
1516
[0.56198393]
1517
[0.52192412]
1518
[0.4450971]
1519
[0.56198393]
1520
[0.56198393]
1521
[0.36936761]
1522
[0.06315706]
1523
[0.14711801]
1524
[0.56198393]
1525
[0.56198393]
1526
[0.00059791]
1527
[0.05821818]
1528
[0.56198393]
1529
[0.18882411]
1530
[0.56198393]
1531
[0.18608029]
1532
[0.36662379]
1533
[0.29418688]
1534
[0.23272527]
1535
[0.56198393]
1536
[0.28760171]
1537
[0.56198393]
1538
[0.14437419]
1539
[0.56198393]
1540
[0.12187485]
1541
[0.26235855]
1542
[0.56198393]
1543
[0.00059791]
1544
[0.56198393]
1545
[0.13230137]
1546
[0.49338837]
1547
[0.56198393]
1548
[0.1026681]
1549
[0.3463195]
1550
[0.4944859]
1551
[0.56198393]
1552
[0.31229611]
1553
[0.21571357]
1554
[0.56198393]
1555
[0.00059791]
1556
[0.56198393]
1557
[0.11967979]
1558
[0.20089693]
1559
[0.56198393]
1560
[0.56198393]
1561
[0.48899826]
1562
[0.00059791]
1563
[0.18388523]
1564
[0.17290994]
1565
[0.56198393]
1566
[0.44345081]
1567
[0.56198393]
1568
[0.56198393]
1569
[0.37430649]
1570
[0.56198393]
1571
[0.56198393]
1572
[0.56198393]
1573
[0.42150023]
1574
[0.40997618]
1575
[0.29418688]
1576
[0.25357831]
1577
[0.46156004]
1578
[0.39680583]
1579
[0.23601785]
1580
[0.04669412]
1581
[0.56198393]
1582
[0.55430123]
1583
[0.30955229]
1584
[0.56198393]
1585
[0.45771868]
1586
[0.56198393]
1587
[0.1180335]
1588
[0.11748473]
1589
[0.19595805]
1590
[0.56198393]
1591
[0.56198393]
1592
[0.29308935]
1593
[0.56198393]
1594
[0.56198393]
1595
[0.37430649]
1596
[0.56198393]
1597
[0.56198393]
1598
[0.56198393]
1599
[0.15480072]
1600
[0.56198393]
1601
[0.56198393]
1602
[0.5114976]
1603
[0.45552363]
1604
[0.56198393]
1605
[0.41491506]
1606
[0.56198393]
1607
[0.00059791]
1608
[0.56198393]
1609
[0.56198393]
1610
[0.56198393]
1611
[0.56198393]
1612
[0.45552363]
1613
[0.56198393]
1614
[0.46430386]
1615
[0.09718045]
1616
[0.00059791]
1617
[0.3139424]
1618
[0.56198393]
1619
[0.44784093]
1620
[0.08785146]
1621
[0.01651208]
1622
[0.50436366]
1623
[0.23053021]
1624
[0.56198393]
1625
[0.27113878]
1626
[0.42259776]
1627
[0.09718045]
1628
[0.37814784]
1629
[0.55045987]
1630
[0.50491243]
1631
[0.05986447]
1632
[0.56198393]
1633
[0.56198393]
1634
[0.10321686]
1635
[0.05876694]
1636
[0.14986184]
1637
[0.37979413]
1638
[0.2244938]
1639
[0.19595805]
1640
[0.56198393]
1641
[0.07138852]
1642
[0.1921167]
1643
[0.56198393]
1644
[0.07742493]
1645
[0.20144569]
1646
[0.56198393]
1647
[0.56198393]
1648
[0.39954965]
1649
[0.56198393]
1650
[0.29473565]
1651
[0.56198393]
1652
[0.15480072]
1653
[0.43796317]
1654
[0.20857963]
1655
[0.56198393]
1656
[0.17181241]
1657
[0.56198393]
1658
[0.56198393]
1659
[0.56198393]
1660
[0.56198393]
1661
[0.26784619]
1662
[0.02309725]
1663
[0.56198393]
1664
[0.56198393]
1665
[0.03297501]
1666
[0.56198393]
1667
[0.29363812]
1668
[0.56198393]
1669
[0.56198393]
1670
[0.56198393]
1671
[0.56198393]
1672
[0.32930781]
1673
[0.23437156]
1674
[0.56198393]
1675
[0.52631424]
1676
[0.00059791]
1677
[0.31888128]
1678
[0.00059791]
1679
[0.26071225]
1680
[0.45332857]
1681
[0.3232714]
1682
[0.49668096]
1683
[0.00059791]
1684
[0.56198393]
1685
[0.16851983]
1686
[0.05218177]
1687
[0.56198393]
1688
[0.56198393]
1689
[0.31174734]
1690
[0.56198393]
1691
[0.13285014]
1692
[0.11254585]
1693
[0.56198393]
1694
[0.40832989]
1695
[0.53564323]
1696
[0.56198393]
1697
[0.45003598]
1698
[0.56198393]
1699
[0.1921167]
1700
[0.47034027]
1701
[0.13778902]
1702
[0.19870187]
1703
[0.56198393]
1704
[0.56198393]
1705
[0.34467321]
1706
[0.00059791]
1707
[0.42753664]
1708
[0.23766415]
1709
[0.56198393]
1710
[0.55869134]
1711
[0.56198393]
1712
[0.56198393]
1713
[0.0686447]
1714
[0.47637668]
1715
[0.56198393]
1716
[0.50326613]
1717
[0.1026681]
1718
[0.56198393]
1719
[0.56198393]
1720
[0.56198393]
1721
[0.56198393]
1722
[0.56198393]
1723
[0.40778112]
1724
[0.32217387]
1725
[0.56198393]
1726
[0.04834042]
1727
[0.56198393]
1728
[0.14492296]
1729
[0.30790599]
1730
[0.56198393]
1731
[0.08455887]
1732
[0.34577074]
1733
[0.56198393]
1734
[0.29254059]
1735
[0.56198393]
1736
[0.25961472]
1737
[0.56198393]
1738
[0.32601522]
1739
[0.07413234]
1740
[0.2398592]
1741
[0.56198393]
1742
[0.28540665]
1743
[0.29254059]
1744
[0.56198393]
1745
[0.56198393]
1746
[0.53509447]
1747
[0.06699841]
1748
[0.23821291]
1749
[0.56198393]
1750
[0.35619726]
1751
[0.56198393]
1752
[0.3479658]
1753
[0.56198393]
1754
[0.56198393]
1755
[0.24973696]
1756
[0.526863]
1757
[0.56198393]
1758
[0.20693334]
1759
[0.25741967]
1760
[0.38637931]
1761
[0.31668622]
1762
[0.56198393]
1763
[0.56198393]
1764
[0.54661852]
1765
[0.56198393]
1766
[0.3710139]
1767
[0.56198393]
1768
[0.1333989]
1769
[0.56198393]
1770
[0.3139424]
1771
[0.44399957]
1772
[0.00114667]
1773
[0.10486315]
1774
[0.56198393]
1775
[0.56198393]
1776
[0.00059791]
1777
[0.56198393]
1778
[0.56198393]
1779
[0.56198393]
1780
[0.56198393]
1781
[0.40064718]
1782
[0.08455887]
1783
[0.39131819]
1784
[0.36662379]
1785
[0.48954702]
1786
[0.22284751]
1787
[0.3139424]
1788
[0.03297501]
1789
[0.56198393]
1790
[0.23162774]
1791
[0.56198393]
1792
[0.24479808]
1793
[0.56198393]
1794
[0.19376299]
1795
[0.09772922]
1796
[0.56198393]
1797
[0.18772658]
1798
[0.14382543]
1799
[0.54113088]
1800
[0.03681636]
1801
[0.53838706]
1802
[0.00059791]
1803
[0.39680583]
1804
[0.40174471]
1805
[0.04779165]
1806
[0.06425458]
1807
[0.55045987]
1808
[0.00059791]
1809
[0.56198393]
1810
[0.34247815]
1811
[0.23437156]
1812
[0.56198393]
1813
[0.00059791]
1814
[0.56198393]
1815
[0.00059791]
1816
[0.35619726]
1817
[0.28705295]
1818
[0.03132872]
1819
[0.56198393]
1820
[0.54442347]
1821
[0.03736513]
1822
[0.56198393]
1823
[0.07303482]
1824
[0.45332857]
1825
[0.00059791]
1826
[0.37540402]
1827
[0.46759644]
1828
[0.56198393]
1829
[0.56198393]
1830
[0.32985657]
1831
[0.15534948]
1832
[0.00498803]
1833
[0.31778375]
1834
[0.03846266]
1835
[0.15150813]
1836
[0.56198393]
1837
[0.18388523]
1838
[0.34247815]
1839
[0.00059791]
1840
[0.56198393]
1841
[0.56198393]
1842
[0.06974223]
1843
[0.56198393]
1844
[0.47363285]
1845
[0.56198393]
1846
[0.13778902]
1847
[0.14986184]
1848
[0.56198393]
1849
[0.17784882]
1850
[0.41326877]
1851
[0.13010632]
1852
[0.28650418]
1853
[0.30955229]
1854
[0.56198393]
1855
[0.50985131]
1856
[0.56198393]
1857
[0.56198393]
1858
[0.56198393]
1859
[0.25577337]
1860
[0.27443136]
1861
[0.42369529]
1862
[0.25796843]
1863
[0.17894635]
1864
[0.17400747]
1865
[0.34851456]
1866
[0.32491769]
1867
[0.56198393]
1868
[0.56198393]
1869
[0.56198393]
1870
[0.05876694]
1871
[0.00937814]
1872
[0.56198393]
1873
[0.41326877]
1874
[0.54606976]
1875
[0.2398592]
1876
[0.38253796]
1877
[0.06919346]
1878
[0.56198393]
1879
[0.53015559]
1880
[0.04559659]
1881
[0.56198393]
1882
[0.39515954]
1883
[0.56198393]
1884
[0.11693597]
1885
[0.35235591]
1886
[0.46430386]
1887
[0.4697915]
1888
[0.56198393]
1889
[0.4467434]
1890
[0.25193202]
1891
[0.22284751]
1892
[0.27882148]
1893
[0.4544261]
1894
[0.21735986]
1895
[0.00059791]
1896
[0.16412971]
1897
[0.55869134]
1898
[0.24370055]
1899
[0.30241835]
1900
[0.21571357]
1901
[0.05053547]
1902
[0.14382543]
1903
[0.22778639]
1904
[0.56198393]
1905
[0.18388523]
1906
[0.56198393]
1907
[0.56198393]
1908
[0.56198393]
1909
[0.56198393]
1910
[0.07138852]
1911
[0.56198393]
1912
[0.56198393]
1913
[0.40942741]
1914
[0.4050373]
1915
[0.00059791]
1916
[0.18169017]
1917
[0.56198393]
1918
[0.08016875]
1919
[0.56198393]
1920
[0.00059791]
1921
[0.56198393]
1922
[0.29308935]
1923
[0.42589035]
1924
[0.50985131]
1925
[0.26894372]
1926
[0.19595805]
1927
[0.01651208]
1928
[0.56198393]
1929
[0.56198393]
1930
[0.1026681]
1931
[0.56198393]
1932
[0.56198393]
1933
[0.56198393]
1934
[0.36003862]
1935
[0.03132872]
1936
[0.56198393]
1937
[0.56198393]
1938
[0.56198393]
1939
[0.18608029]
1940
[0.49887602]
1941
[0.07852246]
1942
[0.56198393]
1943
[0.56198393]
1944
[0.40229348]
1945
[0.00059791]
1946
[0.02968243]
1947
[0.56198393]
1948
[0.56198393]
1949
[0.54222841]
1950
[0.20199446]
1951
[0.56198393]
1952
[0.07742493]
1953
[0.56198393]
1954
[0.54826482]
1955
[0.3309541]
1956
[0.18498276]
1957
[0.56198393]
1958
[0.15589825]
1959
[0.11199709]
1960
[0.56198393]
1961
[0.56198393]
1962
[0.06974223]
1963
[0.22394504]
1964
[0.06754717]
1965
[0.56198393]
1966
[0.00059791]
1967
[0.32656398]
1968
[0.12352114]
1969
[0.43796317]
1970
[0.56198393]
1971
[0.56198393]
1972
[0.32930781]
1973
[0.15644701]
1974
[0.56198393]
1975
[0.53070435]
1976
[0.56198393]
1977
[0.00059791]
1978
[0.14327666]
1979
[0.29638194]
1980
[0.4527798]
1981
[0.53289941]
1982
[0.52302165]
1983
[0.49887602]
1984
[0.54552099]
1985
[0.40668359]
1986
[0.25851719]
1987
[0.50930254]
1988
[0.07961999]
1989
[0.56198393]
1990
[0.56198393]
1991
[0.02913366]
1992
[0.56198393]
1993
[0.19705558]
1994
[0.30406464]
1995
[0.00773185]
1996
[0.56198393]
1997
[0.52521671]
1998
[0.04340154]
1999
[0.28705295]
2000
[0.56198393]
2001
[0.04449906]
2002
[0.56198393]
2003
[0.25028573]
2004
[0.06974223]
2005
[0.56198393]
2006
[0.56198393]
2007
[0.33260039]
2008
[0.32491769]
2009
[0.23546909]
2010
[0.29034553]
2011
[0.0269386]
2012
[0.48241308]
2013
[0.31888128]
2014
[0.1504106]
2015
[0.56198393]
2016
[0.56198393]
2017
[0.56198393]
2018
[0.12242361]
2019
[0.56198393]
2020
[0.37650155]
2021
[0.56198393]
2022
[0.07029099]
2023
[0.56198393]
2024
[0.07029099]
2025
[0.56198393]
2026
[0.56198393]
2027
[0.56198393]
2028
[0.22229874]
2029
[0.56198393]
2030
[0.48954702]
2031
[0.01321949]
2032
[0.060962]
2033
[0.2338228]
2034
[0.56198393]
2035
[0.4050373]
2036
[0.24534685]
2037
[0.52411918]
2038
[0.30077206]
2039
[0.28705295]
2040
[0.14053284]
2041
[0.31778375]
2042
[0.12461867]
2043
[0.56198393]
2044
[0.3402831]
2045
[0.00059791]
2046
[0.16906859]
2047
[0.43851193]
2048
[0.23931044]
2049
[0.56198393]
2050
[0.00059791]
2051
[0.56198393]
2052
[0.56198393]
2053
[0.56198393]
2054
[0.46430386]
2055
[0.37320896]
2056
[0.01267073]
2057
[0.43851193]
2058
[0.56198393]
2059
[0.29802823]
2060
[0.13449643]
2061
[0.4544261]
2062
[0.14876431]
2063
[0.52631424]
2064
[0.42095147]
2065
[0.56198393]
2066
[0.13778902]
2067
[0.56198393]
2068
[0.17071489]
2069
[0.39351325]
2070
[0.56198393]
2071
[0.48241308]
2072
[0.3386368]
2073
[0.56198393]
2074
[0.56198393]
2075
[0.3402831]
2076
[0.06590088]
2077
[0.30680847]
2078
[0.1674223]
2079
[0.56198393]
2080
[0.56198393]
2081
[0.49119332]
2082
[0.00059791]
2083
[0.56198393]
2084
[0.00059791]
2085
[0.5021686]
2086
[0.40174471]
2087
[0.23272527]
2088
[0.56198393]
2089
[0.31778375]
2090
[0.54552099]
2091
[0.08785146]
2092
[0.03407254]
2093
[0.56198393]
2094
[0.11528968]
2095
[0.1026681]
2096
[0.56198393]
2097
[0.18059264]
2098
[0.56198393]
2099
[0.051633]
2100
[0.02145096]
2101
[0.34851456]
2102
[0.56198393]
2103
[0.1010218]
2104
[0.00059791]
2105
[0.4467434]
2106
[0.43851193]
2107
[0.3957083]
2108
[0.17784882]
2109
[0.56198393]
2110
[0.56198393]
2111
[0.4050373]
2112
[0.56198393]
2113
[0.56198393]
2114
[0.05218177]
2115
[0.56198393]
2116
[0.37485526]
2117
[0.56198393]
2118
[0.13943531]
2119
[0.49668096]
2120
[0.1997994]
2121
[0.56198393]
2122
[0.27937024]
2123
[0.56198393]
2124
[0.07577864]
2125
[0.54222841]
2126
[0.16083713]
2127
[0.2568709]
2128
[0.56198393]
2129
[0.47637668]
2130
[0.04230401]
2131
[0.56198393]
2132
[0.422049]
2133
[0.05547435]
2134
[0.46430386]
2135
[0.41436629]
2136
[0.54661852]
2137
[0.41107371]
2138
[0.56198393]
2139
[0.56198393]
2140
[0.56198393]
2141
[0.52027783]
2142
[0.41052494]
2143
[0.56198393]
2144
[0.56198393]
2145
[0.00773185]
2146
[0.01267073]
2147
[0.56198393]
2148
[0.52576547]
2149
[0.02035343]
2150
[0.56198393]
2151
[0.07687617]
2152
[0.08236381]
2153
[0.36772132]
2154
[0.56198393]
2155
[0.56198393]
2156
[0.56198393]
2157
[0.36662379]
2158
[0.56198393]
2159
[0.10705821]
2160
[0.56198393]
2161
[0.19925064]
2162
[0.56198393]
2163
[0.44619463]
2164
[0.00059791]
2165
[0.00059791]
2166
[0.26016349]
2167
[0.07083976]
2168
[0.56198393]
2169
[0.45003598]
2170
[0.56198393]
2171
[0.56198393]
2172
[0.00059791]
2173
[0.37540402]
2174
[0.56198393]
2175
[0.56198393]
2176
[0.56198393]
2177
[0.34357568]
2178
[0.53838706]
2179
[0.56198393]
2180
[0.00718308]
2181
[0.56198393]
2182
[0.43686564]
2183
[0.56198393]
2184
[0.12791126]
2185
[0.56198393]
2186
[0.56198393]
2187
[0.56198393]
2188
[0.1504106]
2189
[0.41326877]
2190
[0.56198393]
2191
[0.38308672]
2192
[0.56198393]
2193
[0.52466795]
2194
[0.08236381]
2195
[0.56198393]
2196
[0.27717519]
2197
[0.14382543]
2198
[0.56198393]
2199
[0.56198393]
2200
[0.25741967]
2201
[0.46265756]
2202
[0.56198393]
2203
[0.42259776]
2204
[0.33150286]
2205
[0.54058211]
2206
[0.56198393]
2207
[0.56198393]
2208
[0.00059791]
2209
[0.56198393]
2210
[0.4450971]
2211
[0.56198393]
2212
[0.55484999]
2213
[0.13833778]
2214
[0.56198393]
2215
[0.56198393]
2216
[0.56198393]
2217
[0.23546909]
2218
[0.15425195]
2219
[0.06151076]
2220
[0.52905806]
2221
[0.17181241]
2222
[0.40997618]
2223
[0.56198393]
2224
[0.56198393]
2225
[0.27827271]
2226
[0.060962]
2227
[0.27882148]
2228
[0.1674223]
2229
[0.54497223]
2230
[0.38747684]
2231
[0.33534422]
2232
[0.35125838]
2233
[0.39131819]
2234
[0.38528178]
2235
[0.30516217]
2236
[0.56198393]
2237
[0.51479019]
2238
[0.00059791]
2239
[0.37375773]
2240
[0.18333647]
2241
[0.56198393]
2242
[0.56198393]
2243
[0.56198393]
2244
[0.08730269]
2245
[0.47582791]
2246
[0.44619463]
2247
[0.41875641]
2248
[0.33534422]
2249
[0.56198393]
2250
[0.09224157]
2251
[0.01815837]
2252
[0.56198393]
2253
[0.15644701]
2254
[0.32656398]
2255
[0.56198393]
2256
[0.1087045]
2257
[0.56198393]
2258
[0.36662379]
2259
[0.17016612]
2260
[0.56198393]
2261
[0.56198393]
2262
[0.19870187]
2263
[0.56198393]
2264
[0.35235591]
2265
[0.49722972]
2266
[0.32491769]
2267
[0.13614273]
2268
[0.56198393]
2269
[0.56198393]
2270
[0.22339627]
2271
[0.50820501]
2272
[0.00059791]
2273
[0.56198393]
2274
[0.18169017]
2275
[0.27607766]
2276
[0.56198393]
2277
[0.16906859]
2278
[0.56198393]
2279
[0.00443926]
2280
[0.56198393]
2281
[0.56198393]
2282
[0.52192412]
2283
[0.56198393]
2284
[0.56198393]
2285
[0.40229348]
2286
[0.2738826]
2287
[0.56198393]
2288
[0.56198393]
2289
[0.36662379]
2290
[0.56198393]
2291
[0.56198393]
2292
[0.56198393]
2293
[0.25412708]
2294
[0.56198393]
2295
[0.19925064]
2296
[0.46540139]
2297
[0.41985394]
2298
[0.42808541]
2299
[0.32546646]
2300
[0.56198393]
2301
[0.56198393]
2302
[0.11364338]
2303
[0.02309725]
2304
[0.40613483]
2305
[0.56198393]
2306
[0.56198393]
2307
[0.56198393]
2308
[0.422049]
2309
[0.56198393]
2310
[0.02254849]
2311
[0.56198393]
2312
[0.56198393]
2313
[0.33314916]
2314
[0.4374144]
2315
[0.27498013]
2316
[0.43906069]
2317
[0.56198393]
2318
[0.00059791]
2319
[0.01321949]
2320
[0.50710748]
2321
[0.15425195]
2322
[0.20144569]
2323
[0.40613483]
2324
[0.54497223]
2325
[0.56198393]
2326
[0.17400747]
2327
[0.56198393]
2328
[0.56198393]
2329
[0.56198393]
2330
[0.09663169]
2331
[0.41272]
2332
[0.02529231]
2333
[0.56198393]
2334
[0.1257162]
2335
[0.56198393]
2336
[0.50491243]
2337
[0.29638194]
2338
[0.04559659]
2339
[0.54881358]
2340
[0.34357568]
2341
[0.09169281]
2342
[0.03791389]
2343
[0.44235328]
2344
[0.10211933]
2345
[0.24260303]
2346
[0.56198393]
2347
[0.56198393]
2348
[0.56198393]
2349
[0.56198393]
2350
[0.17565376]
2351
[0.56198393]
2352
[0.04449906]
2353
[0.56198393]
2354
[0.25412708]
2355
[0.56198393]
2356
[0.56198393]
2357
[0.50765625]
2358
[0.34577074]
2359
[0.32930781]
2360
[0.56198393]
2361
[0.56198393]
2362
[0.56198393]
2363
[0.56198393]
2364
[0.00059791]
2365
[0.3957083]
2366
[0.56198393]
2367
[0.05437682]
2368
[0.33040534]
2369
[0.56198393]
2370
[0.24754191]
2371
[0.56198393]
2372
[0.27772395]
2373
[0.39900089]
2374
[0.15205689]
2375
[0.56198393]
2376
[0.56198393]
2377
[0.56198393]
2378
[0.56198393]
2379
[0.3463195]
2380
[0.56198393]
2381
[0.56198393]
2382
[0.56198393]
2383
[0.03297501]
2384
[0.56198393]
2385
[0.56198393]
2386
[0.32052758]
2387
[0.43192676]
2388
[0.03352378]
2389
[0.27059001]
2390
[0.34851456]
2391
[0.3386368]
2392
[0.56198393]
2393
[0.56198393]
2394
[0.38198919]
2395
[0.12022856]
2396
[0.56198393]
2397
[0.10760697]
2398
[0.56198393]
2399
[0.49229084]
2400
[0.37156267]
2401
[0.11089956]
2402
[0.56198393]
2403
[0.56198393]
2404
[0.19705558]
2405
[0.56198393]
2406
[0.49832725]
2407
[0.56198393]
2408
[0.49503467]
2409
[0.14437419]
2410
[0.05712065]
2411
[0.00114667]
2412
[0.00059791]
2413
[0.41326877]
2414
[0.29363812]
2415
[0.56198393]
2416
[0.36552626]
2417
[0.48021803]
2418
[0.07907122]
2419
[0.56198393]
2420
[0.29254059]
2421
[0.56198393]
2422
[0.56198393]
2423
[0.56198393]
2424
[0.00059791]
2425
[0.56198393]
2426
[0.56198393]
2427
[0.56198393]
2428
[0.56198393]
2429
[0.19266546]
2430
[0.56198393]
2431
[0.56198393]
2432
[0.56198393]
2433
[0.56198393]
2434
[0.48131556]
2435
[0.05547435]
2436
[0.56198393]
2437
[0.56198393]
2438
[0.27662642]
2439
[0.41546382]
2440
[0.24699314]
2441
[0.1597396]
2442
[0.56198393]
2443
[0.56198393]
2444
[0.49887602]
2445
[0.56198393]
2446
[0.22998144]
2447
[0.56198393]
2448
[0.56198393]
2449
[0.56198393]
2450
[0.56198393]
2451
[0.56198393]
2452
[0.30296711]
2453
[0.33753927]
2454
[0.00059791]
2455
[0.56198393]
2456
[0.56198393]
2457
[0.38967189]
2458
[0.56198393]
2459
[0.56198393]
2460
[0.56198393]
2461
[0.33918557]
2462
[0.56198393]
2463
[0.56198393]
2464
[0.56198393]
2465
[0.13010632]
2466
[0.56198393]
2467
[0.42369529]
2468
[0.22284751]
2469
[0.00059791]
2470
[0.56198393]
2471
[0.01651208]
2472
[0.56198393]
2473
[0.34247815]
2474
[0.56198393]
2475
[0.29034553]
2476
[0.56198393]
2477
[0.34467321]
2478
[0.31449117]
2479
[0.56198393]
2480
[0.56198393]
2481
[0.11858226]
2482
[0.06535211]
2483
[0.19705558]
2484
[0.11199709]
2485
[0.22614009]
2486
[0.56198393]
2487
[0.56198393]
2488
[0.56198393]
2489
[0.56198393]
2490
[0.26729743]
2491
[0.07907122]
2492
[0.33753927]
2493
[0.56198393]
2494
[0.00059791]
2495
[0.56198393]
2496
[0.422049]
2497
[0.56198393]
2498
[0.49064455]
2499
[0.06809594]
2500
[0.56198393]
2501
[0.12022856]
2502
[0.56198393]
2503
[0.46649892]
2504
[0.56198393]
2505
[0.00059791]
2506
[0.12242361]
2507
[0.56198393]
2508
[0.02254849]
2509
[0.00059791]
2510
[0.06535211]
2511
[0.1580933]
2512
[0.56198393]
2513
[0.56198393]
2514
[0.56198393]
2515
[0.56198393]
2516
[0.03297501]
2517
[0.21735986]
2518
[0.56198393]
2519
[0.52521671]
2520
[0.56198393]
2521
[0.56198393]
2522
[0.56198393]
2523
[0.56198393]
2524
[0.40339101]
2525
[0.49777849]
2526
[0.03517007]
2527
[0.00553679]
2528
[0.50985131]
2529
[0.18608029]
2530
[0.3232714]
2531
[0.22778639]
2532
[0.43686564]
2533
[0.56198393]
2534
[0.2091284]
2535
[0.05218177]
2536
[0.56198393]
2537
[0.56198393]
2538
[0.34906333]
2539
[0.46814521]
2540
[0.05766941]
2541
[0.28430912]
2542
[0.00992691]
2543
[0.13559396]
2544
[0.45387733]
2545
[0.04340154]
2546
[0.289248]
2547
[0.56198393]
2548
[0.56198393]
2549
[0.19156793]
2550
[0.31339364]
2551
[0.24863943]
2552
[0.25961472]
2553
[0.56198393]
2554
[0.41875641]
2555
[0.56198393]
2556
[0.12516744]
2557
[0.43137799]
2558
[0.4544261]
2559
[0.56198393]
2560
[0.56198393]
2561
[0.35070962]
2562
[0.16632477]
2563
[0.56198393]
2564
[0.35290468]
2565
[0.08455887]
2566
[0.51863154]
2567
[0.17126365]
2568
[0.56198393]
2569
[0.56198393]
2570
[0.56198393]
2571
[0.00059791]
2572
[0.39296448]
2573
[0.53564323]
2574
[0.56198393]
2575
[0.30955229]
2576
[0.56198393]
2577
[0.42259776]
2578
[0.06315706]
2579
[0.40229348]
2580
[0.56198393]
2581
[0.15589825]
2582
[0.29583318]
2583
[0.56198393]
2584
[0.0346213]
2585
[0.31010105]
2586
[0.42314653]
2587
[0.45332857]
2588
[0.52411918]
2589
[0.56198393]
2590
[0.37485526]
2591
[0.02199972]
2592
[0.30790599]
2593
[0.00059791]
2594
[0.48735196]
2595
[0.56198393]
2596
[0.05821818]
2597
[0.37156267]
2598
[0.56198393]
2599
[0.56198393]
2600
[0.56198393]
2601
[0.56198393]
2602
[0.00059791]
2603
[0.3973546]
2604
[0.56198393]
2605
[0.56198393]
2606
[0.33369792]
2607
[0.53948459]
2608
[0.56198393]
2609
[0.56198393]
2610
[0.52027783]
2611
[0.56198393]
2612
[0.56198393]
2613
[0.56198393]
2614
[0.30845476]
2615
[0.49777849]
2616
[0.56198393]
2617
[0.00059791]
2618
[0.52247289]
2619
[0.43796317]
2620
[0.25796843]
2621
[0.56198393]
2622
[0.56198393]
2623
[0.56198393]
2624
[0.56198393]
2625
[0.4467434]
2626
[0.56198393]
2627
[0.15534948]
2628
[0.56198393]
2629
[0.09224157]
2630
[0.56198393]
2631
[0.56198393]
2632
[0.11528968]
2633
[0.56198393]
2634
[0.47582791]
2635
[0.56198393]
2636
[0.56198393]
2637
[0.30461341]
2638
[0.56198393]
2639
[0.56198393]
2640
[0.56198393]
2641
[0.22065245]
2642
[0.56198393]
2643
[0.35400221]
2644
[0.03791389]
2645
[0.25248079]
2646
[0.13669149]
2647
[0.56198393]
2648
[0.5191803]
2649
[0.11583844]
2650
[0.56198393]
2651
[0.11967979]
2652
[0.54113088]
2653
[0.29308935]
2654
[0.56198393]
2655
[0.48625444]
2656
[0.56198393]
2657
[0.33534422]
2658
[0.38528178]
2659
[0.26235855]
2660
[0.56198393]
2661
[0.56198393]
2662
[0.01541455]
2663
[0.54936235]
2664
[0.51808277]
2665
[0.56198393]
2666
[0.43247552]
2667
[0.56198393]
2668
[0.27607766]
2669
[0.56198393]
2670
[0.56198393]
2671
[0.06644964]
2672
[0.56198393]
2673
[0.06809594]
2674
[0.56198393]
2675
[0.4944859]
2676
[0.56198393]
2677
[0.35290468]
2678
[0.47363285]
2679
[0.15589825]
2680
[0.56198393]
2681
[0.20638457]
2682
[0.56198393]
2683
[0.56198393]
2684
[0.25083449]
2685
[0.0933391]
2686
[0.11474091]
2687
[0.10815574]
2688
[0.45716992]
2689
[0.31668622]
2690
[0.12242361]
2691
[0.56198393]
2692
[0.22998144]
2693
[0.00059791]
2694
[0.30571094]
2695
[0.25906596]
2696
[0.36223367]
2697
[0.20967716]
2698
[0.30516217]
2699
[0.526863]
2700
[0.03023119]
2701
[0.04998671]
2702
[0.22174998]
2703
[0.40668359]
2704
[0.51479019]
2705
[0.27168754]
2706
[0.00059791]
2707
[0.56198393]
2708
[0.24534685]
2709
[0.46924274]
2710
[0.06974223]
2711
[0.1087045]
2712
[0.56198393]
2713
[0.21571357]
2714
[0.56198393]
2715
[0.49942478]
2716
[0.50765625]
2717
[0.56198393]
2718
[0.44948722]
2719
[0.56198393]
2720
[0.56198393]
2721
[0.56198393]
2722
[0.43851193]
2723
[0.56198393]
2724
[0.56198393]
2725
[0.56198393]
2726
[0.56198393]
2727
[0.16577601]
2728
[0.0532793]
2729
[0.56198393]
2730
[0.15425195]
2731
[0.27772395]
2732
[0.39241572]
2733
[0.56198393]
2734
[0.26784619]
2735
[0.10925327]
2736
[0.40613483]
2737
[0.56198393]
2738
[0.01651208]
2739
[0.51588772]
2740
[0.56198393]
2741
[0.43906069]
2742
[0.56198393]
2743
[0.34741703]
2744
[0.56198393]
2745
[0.13175261]
2746
[0.10486315]
2747
[0.56198393]
2748
[0.40009842]
2749
[0.51204636]
2750
[0.56198393]
2751
[0.2491882]
2752
[0.47034027]
2753
[0.56198393]
2754
[0.05766941]
2755
[0.54936235]
2756
[0.56198393]
2757
[0.00059791]
2758
[0.56198393]
2759
[0.19156793]
2760
[0.30900352]
2761
[0.00059791]
2762
[0.33369792]
2763
[0.56198393]
2764
[0.03681636]
2765
[0.56198393]
2766
[0.39022066]
2767
[0.45332857]
2768
[0.25083449]
2769
[0.56198393]
2770
[0.15699577]
2771
[0.56198393]
2772
[0.50107108]
2773
[0.27772395]
2774
[0.56198393]
2775
[0.56198393]
2776
[0.56198393]
2777
[0.02364602]
2778
[0.00059791]
2779
[0.24589561]
2780
[0.30461341]
2781
[0.23711538]
2782
[0.14656925]
2783
[0.24589561]
2784
[0.56198393]
2785
[0.31229611]
2786
[0.56198393]
2787
[0.52905806]
2788
[0.56198393]
2789
[0.56198393]
2790
[0.56198393]
2791
[0.53564323]
2792
[0.01376826]
2793
[0.31833252]
2794
[0.25357831]
2795
[0.17455624]
2796
[0.56198393]
2797
[0.56198393]
2798
[0.56198393]
2799
[0.28485789]
2800
[0.41875641]
2801
[0.26016349]
2802
[0.32930781]
2803
[0.42808541]
2804
[0.56198393]
2805
[0.03407254]
2806
[0.38253796]
2807
[0.56198393]
2808
[0.55814258]
2809
[0.31888128]
2810
[0.56198393]
2811
[0.56198393]
2812
[0.56198393]
2813
[0.56198393]
2814
[0.55100864]
2815
[0.27662642]
2816
[0.11583844]
2817
[0.56198393]
2818
[0.15315442]
2819
[0.56198393]
2820
[0.5608864]
2821
[0.38473301]
2822
[0.28046777]
2823
[0.00059791]
2824
[0.56198393]
2825
[0.51808277]
2826
[0.56198393]
2827
[0.56198393]
2828
[0.56198393]
2829
[0.07742493]
2830
[0.56198393]
2831
[0.56198393]
2832
[0.44290205]
2833
[0.15919083]
2834
[0.42369529]
2835
[0.00059791]
2836
[0.56198393]
2837
[0.56198393]
2838
[0.56198393]
2839
[0.48515691]
2840
[0.56198393]
2841
[0.29912576]
2842
[0.30680847]
2843
[0.36113614]
2844
[0.56198393]
2845
[0.31997881]
2846
[0.56143516]
2847
[0.56198393]
2848
[0.56198393]
2849
[0.56198393]
2850
[0.52576547]
2851
[0.56198393]
2852
[0.35674603]
2853
[0.44345081]
2854
[0.56198393]
2855
[0.0439503]
2856
[0.56198393]
2857
[0.56198393]
2858
[0.56198393]
2859
[0.25412708]
2860
[0.5515574]
2861
[0.56198393]
2862
[0.00059791]
2863
[0.56198393]
2864
[0.56198393]
2865
[0.56198393]
2866
[0.56198393]
2867
[0.56198393]
2868
[0.36607502]
2869
[0.34577074]
2870
[0.3463195]
2871
[0.47034027]
2872
[0.56198393]
2873
[0.42369529]
2874
[0.41930517]
2875
[0.16248342]
2876
[0.51698524]
2877
[0.17455624]
2878
[0.56198393]
2879
[0.56198393]
2880
[0.41711012]
2881
[0.11144833]
2882
[0.56198393]
2883
[0.37430649]
2884
[0.47418162]
2885
[0.56198393]
2886
[0.56198393]
2887
[0.43960946]
2888
[0.56198393]
2889
[0.19925064]
2890
[0.15425195]
2891
[0.56198393]
2892
[0.36003862]
2893
[0.50546119]
2894
[0.56198393]
2895
[0.45607239]
2896
[0.56198393]
2897
[0.09443663]
2898
[0.56198393]
2899
[0.56198393]
2900
[0.08016875]
2901
[0.52247289]
2902
[0.56198393]
2903
[0.38747684]
2904
[0.4621088]
2905
[0.56198393]
2906
[0.56198393]
2907
[0.37924537]
2908
[0.56198393]
2909
[0.56198393]
2910
[0.10047304]
2911
[0.56198393]
2912
[0.56198393]
2913
[0.56198393]
2914
[0.40448853]
2915
[0.18223894]
2916
[0.11638721]
2917
[0.56198393]
2918
[0.29199183]
2919
[0.56198393]
2920
[0.56198393]
2921
[0.19321423]
2922
[0.41656135]
2923
[0.56198393]
2924
[0.56198393]
2925
[0.32107634]
2926
[0.56198393]
2927
[0.0346213]
2928
[0.50271737]
2929
[0.10596068]
2930
[0.56198393]
2931
[0.56198393]
2932
[0.34138062]
2933
[0.56198393]
2934
[0.0686447]
2935
[0.42534158]
2936
[0.28540665]
2937
[0.56198393]
2938
[0.04724289]
2939
[0.48844949]
2940
[0.17455624]
2941
[0.56198393]
2942
[0.45771868]
2943
[0.56198393]
2944
[0.56198393]
2945
[0.56198393]
2946
[0.27991901]
2947
[0.12297238]
2948
[0.34192939]
2949
[0.01102443]
2950
[0.18004388]
2951
[0.56198393]
2952
[0.16577601]
2953
[0.00059791]
2954
[0.53070435]
2955
[0.56198393]
2956
[0.15205689]
2957
[0.56198393]
2958
[0.32272263]
2959
[0.51369266]
2960
[0.56198393]
2961
[0.52466795]
2962
[0.54826482]
2963
[0.07468111]
2964
[0.47473038]
2965
[0.56198393]
2966
[0.11364338]
2967
[0.56198393]
2968
[0.03736513]
2969
[0.56198393]
2970
[0.35400221]
2971
[0.26949248]
2972
[0.56198393]
2973
[0.56198393]
2974
[0.56198393]
2975
[0.35839232]
2976
[0.56198393]
2977
[0.10541192]
2978
[0.36827008]
2979
[0.38418425]
2980
[0.12516744]
2981
[0.37320896]
2982
[0.34192939]
2983
[0.09498539]
2984
[0.10047304]
2985
[0.56198393]
2986
[0.02419478]
2987
[0.08181505]
2988
[0.56198393]
2989
[0.56198393]
2990
[0.29638194]
2991
[0.07961999]
2992
[0.56198393]
2993
[0.41326877]
2994
[0.56198393]
2995
[0.09937551]
2996
[0.56198393]
2997
[0.00059791]
2998
[0.17016612]
2999
[0.26894372]
3000
[0.14602049]
3001
[0.56198393]
3002
[0.15315442]
3003
[0.43796317]
3004
[0.11528968]
3005
[0.56198393]
3006
[0.56198393]
3007
[0.02090219]
3008
[0.15095937]
3009
[0.56198393]
3010
[0.39076942]
3011
[0.27498013]
3012
[0.56198393]
3013
[0.56198393]
3014
[0.43137799]
3015
[0.19595805]
3016
[0.5114976]
3017
[0.56198393]
3018
[0.18059264]
3019
[0.56198393]
3020
[0.52576547]
3021
[0.56198393]
3022
[0.42808541]
3023
[0.41326877]
3024
[0.18772658]
3025
[0.56198393]
3026
[0.15644701]
3027
[0.23546909]
3028
[0.32821028]
3029
[0.56198393]
3030
[0.52137536]
3031
[0.09663169]
3032
[0.56198393]
3033
[0.25138326]
3034
[0.00059791]
3035
[0.56198393]
3036
[0.56198393]
3037
[0.56198393]
3038
[0.00498803]
3039
[0.46540139]
3040
[0.15534948]
3041
[0.26180978]
3042
[0.16522724]
3043
[0.56198393]
3044
[0.24315179]
3045
[0.56198393]
3046
[0.48735196]
3047
[0.54826482]
3048
[0.56198393]
3049
[0.56198393]
3050
[0.56198393]
3051
[0.09553416]
3052
[0.4791205]
3053
[0.53015559]
3054
[0.09553416]
3055
[0.56198393]
3056
[0.41491506]
3057
[0.56198393]
3058
[0.56198393]
3059
[0.56198393]
3060
[0.56198393]
3061
[0.27059001]
3062
[0.40832989]
3063
[0.56198393]
3064
[0.35839232]
3065
[0.43631687]
3066
[0.1026681]
3067
[0.56198393]
3068
[0.20309199]
3069
[0.14986184]
3070
[0.56198393]
3071
[0.16906859]
3072
[0.56198393]
3073
[0.2321765]
3074
[0.44345081]
3075
[0.56198393]
3076
[0.56198393]
3077
[0.56198393]
3078
[0.05382806]
3079
[0.09498539]
3080
[0.56198393]
3081
[0.45168228]
3082
[0.56198393]
3083
[0.35674603]
3084
[0.56198393]
3085
[0.2151648]
3086
[0.37540402]
3087
[0.4697915]
3088
[0.1580933]
3089
[0.3633312]
3090
[0.31833252]
3091
[0.22943268]
3092
[0.56198393]
3093
[0.56198393]
3094
[0.40064718]
3095
[0.5532037]
3096
[0.40778112]
3097
[0.30735723]
3098
[0.19760434]
3099
[0.56198393]
3100
[0.00059791]
3101
[0.05657188]
3102
[0.53070435]
3103
[0.26949248]
3104
[0.24040797]
3105
[0.56198393]
3106
[0.56198393]
3107
[0.49942478]
3108
[0.00059791]
3109
[0.56198393]
3110
[0.56198393]
3111
[0.14876431]
3112
[0.19540928]
3113
[0.17620253]
3114
[0.56198393]
3115
[0.56198393]
3116
[0.56198393]
3117
[0.34357568]
3118
[0.56198393]
3119
[0.51808277]
3120
[0.38363549]
3121
[0.43028046]
3122
[0.10431439]
3123
[0.56198393]
3124
[0.56198393]
3125
[0.16522724]
3126
[0.56198393]
3127
[0.0763274]
3128
[0.05657188]
3129
[0.12242361]
3130
[0.53783829]
3131
[0.27827271]
3132
[0.56198393]
3133
[0.56198393]
3134
[0.56198393]
3135
[0.56198393]
3136
[0.08455887]
3137
[0.29583318]
3138
[0.34851456]
3139
[0.34412445]
3140
[0.20199446]
3141
[0.56198393]
3142
[0.15370319]
3143
[0.56198393]
3144
[0.36387997]
3145
[0.50765625]
3146
[0.56198393]
3147
[0.56198393]
3148
[0.20693334]
3149
[0.40723236]
3150
[0.30900352]
3151
[0.56198393]
3152
[0.56198393]
3153
[0.29638194]
3154
[0.23711538]
3155
[0.00059791]
3156
[0.0593157]
3157
[0.56198393]
3158
[0.21132345]
3159
[0.56198393]
3160
[0.56198393]
3161
[0.08894898]
3162
[0.56198393]
3163
[0.17839759]
3164
[0.56198393]
3165
[0.56198393]
3166
[0.56198393]
3167
[0.33589298]
3168
[0.25522461]
3169
[0.56198393]
3170
[0.56198393]
3171
[0.56198393]
3172
[0.08071752]
3173
[0.37211143]
3174
[0.21845739]
3175
[0.35509974]
3176
[0.24370055]
3177
[0.09608292]
3178
[0.30022329]
3179
[0.56198393]
3180
[0.56198393]
3181
[0.55704505]
3182
[0.56198393]
3183
[0.56198393]
3184
[0.43521934]
3185
[0.49777849]
3186
[0.0362676]
3187
[0.56198393]
3188
[0.3386368]
3189
[0.56198393]
3190
[0.37046514]
3191
[0.56198393]
3192
[0.41711012]
3193
[0.12242361]
3194
[0.47527915]
3195
[0.56198393]
3196
[0.22065245]
3197
[0.15315442]
3198
[0.56198393]
3199
[0.36168491]
3200
[0.48351061]
3201
[0.52302165]
3202
[0.56198393]
3203
[0.56198393]
3204
[0.36827008]
3205
[0.46704768]
3206
[0.03791389]
3207
[0.56198393]
3208
[0.56198393]
3209
[0.28430912]
3210
[0.14437419]
3211
[0.51753401]
3212
[0.13998408]
3213
[0.35180715]
3214
[0.53728953]
3215
[0.44290205]
3216
[0.52247289]
3217
[0.56198393]
3218
[0.17016612]
3219
[0.41381753]
3220
[0.01376826]
3221
[0.56198393]
3222
[0.56198393]
3223
[0.56198393]
3224
[0.56198393]
3225
[0.44784093]
3226
[0.50491243]
3227
[0.42698788]
3228
[0.30955229]
3229
[0.56198393]
3230
[0.39131819]
3231
[0.56198393]
3232
[0.56198393]
3233
[0.28869924]
3234
[0.56198393]
3235
[0.39241572]
3236
[0.21735986]
3237
[0.56198393]
3238
[0.21900616]
3239
[0.56198393]
3240
[0.56198393]
3241
[0.56198393]
3242
[0.06425458]
3243
[0.26180978]
3244
[0.56198393]
3245
[0.23162774]
3246
[0.56198393]
3247
[0.40174471]
3248
[0.536192]
3249
[0.49722972]
3250
[0.41491506]
3251
[0.45387733]
3252
[0.56198393]
3253
[0.00059791]
3254
[0.56198393]
3255
[0.08346134]
3256
[0.40174471]
3257
[0.56198393]
3258
[0.56198393]
3259
[0.56198393]
3260
[0.47198656]
3261
[0.56198393]
3262
[0.40064718]
3263
[0.22778639]
3264
[0.56198393]
3265
[0.5438747]
3266
[0.12297238]
3267
[0.31503993]
3268
[0.05273053]
3269
[0.53015559]
3270
[0.10925327]
3271
[0.56198393]
3272
[0.54003335]
3273
[0.56198393]
3274
[0.00059791]
3275
[0.56198393]
3276
[0.18114141]
3277
[0.00279297]
3278
[0.56198393]
3279
[0.50930254]
3280
[0.25412708]
3281
[0.48570567]
3282
[0.0192559]
3283
[0.40119595]
3284
[0.55759381]
3285
[0.56198393]
3286
[0.56198393]
3287
[0.56198393]
3288
[0.56198393]
3289
[0.39351325]
3290
[0.40887865]
3291
[0.00059791]
3292
[0.41436629]
3293
[0.48131556]
3294
[0.5532037]
3295
[0.56198393]
3296
[0.0593157]
3297
[0.26400484]
3298
[0.37375773]
3299
[0.56198393]
3300
[0.56198393]
3301
[0.56198393]
3302
[0.05382806]
3303
[0.32546646]
3304
[0.00059791]
3305
[0.56198393]
3306
[0.56198393]
3307
[0.32052758]
3308
[0.48625444]
3309
[0.00059791]
3310
[0.56198393]
3311
[0.56198393]
3312
[0.23601785]
3313
[0.56198393]
3314
[0.49668096]
3315
[0.56198393]
3316
[0.54497223]
3317
[0.49832725]
3318
[0.55594752]
3319
[0.06535211]
3320
[0.06644964]
3321
[0.27552889]
3322
[0.06699841]
3323
[0.34577074]
3324
[0.03297501]
3325
[0.12900879]
3326
[0.56198393]
3327
[0.00059791]
3328
[0.56198393]
3329
[0.31723499]
3330
[0.56198393]
3331
[0.56198393]
3332
[0.08291258]
3333
[0.37979413]
3334
[0.3216251]
3335
[0.56198393]
3336
[0.28760171]
3337
[0.56198393]
3338
[0.56198393]
3339
[0.28869924]
3340
[0.56143516]
3341
[0.56198393]
3342
[0.56198393]
3343
[0.56198393]
3344
[0.56198393]
3345
[0.56198393]
3346
[0.0362676]
3347
[0.56198393]
3348
[0.00059791]
3349
[0.07138852]
3350
[0.09937551]
3351
[0.56198393]
3352
[0.56198393]
3353
[0.56198393]
3354
[0.02529231]
3355
[0.40887865]
3356
[0.56198393]
3357
[0.42259776]
3358
[0.01212196]
3359
[0.34138062]
3360
[0.00059791]
3361
[0.24644438]
3362
[0.56198393]
3363
[0.56198393]
3364
[0.24040797]
3365
[0.51533895]
3366
[0.36772132]
3367
[0.56198393]
3368
[0.41656135]
3369
[0.56198393]
3370
[0.56198393]
3371
[0.56198393]
3372
[0.08071752]
3373
[0.23876168]
3374
[0.56198393]
3375
[0.56198393]
3376
[0.56198393]
3377
[0.00059791]
3378
[0.31668622]
3379
[0.40942741]
3380
[0.38089166]
3381
[0.00059791]
3382
[0.20693334]
3383
[0.56198393]
3384
[0.56198393]
3385
[0.11364338]
3386
[0.01815837]
3387
[0.56198393]
3388
[0.14656925]
3389
[0.27223631]
3390
[0.56198393]
3391
[0.56198393]
3392
[0.12955755]
3393
[0.3479658]
3394
[0.36223367]
3395
[0.03297501]
3396
[0.46046251]
3397
[0.17236118]
3398
[0.56198393]
3399
[0.56198393]
3400
[0.56198393]
3401
[0.21845739]
3402
[0.50710748]
3403
[0.37320896]
3404
[0.56198393]
3405
[0.56198393]
3406
[0.52576547]
3407
[0.24315179]
3408
[0.2244938]
3409
[0.16577601]
3410
[0.41930517]
3411
[0.56198393]
3412
[0.01706084]
3413
[0.56198393]
3414
[0.28430912]
3415
[0.33369792]
3416
[0.56198393]
3417
[0.16632477]
3418
[0.56198393]
3419
[0.3649775]
3420
[0.56198393]
3421
[0.56198393]
3422
[0.16632477]
3423
[0.00059791]
3424
[0.56198393]
3425
[0.56198393]
3426
[0.20089693]
3427
[0.1997994]
3428
[0.56198393]
3429
[0.56198393]
3430
[0.41656135]
3431
[0.56198393]
3432
[0.56198393]
3433
[0.56198393]
3434
[0.43192676]
3435
[0.56198393]
3436
[0.29583318]
3437
[0.03846266]
3438
[0.00059791]
3439
[0.56198393]
3440
[0.21296975]
3441
[0.37924537]
3442
[0.56198393]
3443
[0.00059791]
3444
[0.48570567]
3445
[0.07687617]
3446
[0.09553416]
3447
[0.54113088]
3448
[0.56198393]
3449
[0.31503993]
3450
[0.16522724]
3451
[0.43412181]
3452
[0.38583054]
3453
[0.46704768]
3454
[0.56198393]
3455
[0.56198393]
3456
[0.06041323]
3457
[0.08016875]
3458
[0.0115732]
3459
[0.56198393]
3460
[0.56198393]
3461
[0.47857173]
3462
[0.37979413]
3463
[0.56198393]
3464
[0.00059791]
3465
[0.56198393]
3466
[0.56198393]
3467
[0.56198393]
3468
[0.56198393]
3469
[0.56198393]
3470
[0.06590088]
3471
[0.31119858]
3472
[0.56198393]
3473
[0.26949248]
3474
[0.56198393]
3475
[0.56198393]
3476
[0.56198393]
3477
[0.03901142]
3478
[0.07303482]
3479
[0.56198393]
3480
[0.03681636]
3481
[0.56198393]
3482
[0.56198393]
3483
[0.12516744]
3484
[0.56198393]
3485
[0.56198393]
3486
[0.56198393]
3487
[0.56198393]
3488
[0.56198393]
3489
[0.56198393]
3490
[0.56198393]
3491
[0.04943794]
3492
[0.3155887]
3493
[0.56198393]
3494
[0.56198393]
3495
[0.56198393]
3496
[0.56198393]
3497
[0.56198393]
3498
[0.49009579]
3499
[0.06041323]
3500
[0.41162247]
3501
[0.56198393]
3502
[0.01376826]
3503
[0.56198393]
3504
[0.07577864]
3505
[0.56198393]
3506
[0.10321686]
3507
[0.289248]
3508
[0.27772395]
3509
[0.32821028]
3510
[0.56198393]
3511
[0.1580933]
3512
[0.56198393]
3513
[0.35235591]
3514
[0.05053547]
3515
[0.56198393]
3516
[0.56198393]
3517
[0.42808541]
3518
[0.56198393]
3519
[0.56198393]
3520
[0.37650155]
3521
[0.51808277]
3522
[0.37156267]
3523
[0.45716992]
3524
[0.56198393]
3525
[0.38692807]
3526
[0.37320896]
3527
[0.56198393]
3528
[0.25632214]
3529
[0.3155887]
3530
[0.41711012]
3531
[0.17784882]
3532
[0.56198393]
3533
[0.37430649]
3534
[0.31010105]
3535
[0.04449906]
3536
[0.18169017]
3537
[0.56198393]
3538
[0.01212196]
3539
[0.56198393]
3540
[0.56198393]
3541
[0.09279034]
3542
[0.01541455]
3543
[0.39186695]
3544
[0.23327403]
3545
[0.1333989]
3546
[0.07138852]
3547
[0.48296185]
3548
[0.56198393]
3549
[0.56198393]
3550
[0.30461341]
3551
[0.39186695]
3552
[0.56198393]
3553
[0.35509974]
3554
[0.56198393]
3555
[0.56198393]
3556
[0.54826482]
3557
[0.56198393]
3558
[0.56198393]
3559
[0.56198393]
3560
[0.31339364]
3561
[0.51369266]
3562
[0.26126102]
3563
[0.2738826]
3564
[0.56198393]
3565
[0.39241572]
3566
[0.56198393]
3567
[0.19101917]
3568
[0.2398592]
3569
[0.56198393]
3570
[0.298577]
3571
[0.56198393]
3572
[0.10321686]
3573
[0.56198393]
3574
[0.5191803]
3575
[0.5114976]
3576
[0.50600996]
3577
[0.13998408]
3578
[0.56198393]
3579
[0.39022066]
3580
[0.56198393]
3581
[0.56198393]
3582
[0.56198393]
3583
[0.56198393]
3584
[0.51753401]
3585
[0.16083713]
3586
[0.49503467]
3587
[0.56198393]
3588
[0.26674866]
3589
[0.1921167]
3590
[0.56198393]
3591
[0.56198393]
3592
[0.17894635]
3593
[0.56198393]
3594
[0.56198393]
3595
[0.52905806]
3596
[0.56198393]
3597
[0.56198393]
3598
[0.56198393]
3599
[0.11309462]
3600
[0.16467848]
3601
[0.17290994]
3602
[0.33699051]
3603
[0.09498539]
3604
[0.16467848]
3605
[0.56198393]
3606
[0.25522461]
3607
[0.01431702]
3608
[0.15260566]
3609
[0.21461604]
3610
[0.13394767]
3611
[0.31119858]
3612
[0.26400484]
3613
[0.56198393]
3614
[0.39186695]
3615
[0.56198393]
3616
[0.56198393]
3617
[0.31339364]
3618
[0.20309199]
3619
[0.56198393]
3620
[0.56198393]
3621
[0.04449906]
3622
[0.56198393]
3623
[0.00169544]
3624
[0.56198393]
3625
[0.56198393]
3626
[0.01541455]
3627
[0.52576547]
3628
[0.03407254]
3629
[0.56198393]
3630
[0.56198393]
3631
[0.10211933]
3632
[0.31010105]
3633
[0.25302955]
3634
[0.45662116]
3635
[0.5038149]
3636
[0.24205426]
3637
[0.56198393]
3638
[0.15315442]
3639
[0.01431702]
3640
[0.56198393]
3641
[0.14053284]
3642
[0.56198393]
3643
[0.56198393]
3644
[0.30845476]
3645
[0.2168111]
3646
[0.3973546]
3647
[0.17784882]
3648
[0.28705295]
3649
[0.15534948]
3650
[0.00059791]
3651
[0.4467434]
3652
[0.56198393]
3653
[0.56198393]
3654
[0.2645536]
3655
[0.56198393]
3656
[0.56198393]
3657
[0.56198393]
3658
[0.4450971]
3659
[0.50326613]
3660
[0.1010218]
3661
[0.56198393]
3662
[0.56198393]
3663
[0.35070962]
3664
[0.3803429]
3665
[0.42534158]
3666
[0.39241572]
3667
[0.14931307]
3668
[0.19815311]
3669
[0.13614273]
3670
[0.56198393]
3671
[0.01760961]
3672
[0.41656135]
3673
[0.00773185]
3674
[0.11748473]
3675
[0.36387997]
3676
[0.20199446]
3677
[0.18827535]
3678
[0.42259776]
3679
[0.34192939]
3680
[0.16083713]
3681
[0.25193202]
3682
[0.09663169]
3683
[0.56198393]
3684
[0.41765888]
3685
[0.53015559]
3686
[0.56198393]
3687
[0.56198393]
3688
[0.30735723]
3689
[0.53674076]
3690
[0.24260303]
3691
[0.25906596]
3692
[0.3726602]
3693
[0.31503993]
3694
[0.56198393]
3695
[0.38089166]
3696
[0.02199972]
3697
[0.00059791]
3698
[0.40778112]
3699
[0.3710139]
3700
[0.56198393]
3701
[0.32272263]
3702
[0.56198393]
3703
[0.56198393]
3704
[0.56198393]
3705
[0.12626497]
3706
[0.21955492]
3707
[0.37375773]
3708
[0.56198393]
3709
[0.14163037]
3710
[0.56198393]
3711
[0.29363812]
3712
[0.56198393]
3713
[0.56198393]
3714
[0.04614536]
3715
[0.56198393]
3716
[0.56198393]
3717
[0.56198393]
3718
[0.30900352]
3719
[0.00498803]
3720
[0.32766151]
3721
[0.54606976]
3722
[0.50875378]
3723
[0.01651208]
3724
[0.00059791]
3725
[0.42369529]
3726
[0.56198393]
3727
[0.03736513]
3728
[0.56198393]
3729
[0.51204636]
3730
[0.56198393]
3731
[0.33040534]
3732
[0.56198393]
3733
[0.53399694]
3734
[0.11913103]
3735
[0.16851983]
3736
[0.56198393]
3737
[0.2568709]
3738
[0.00114667]
3739
[0.43247552]
3740
[0.55814258]
3741
[0.56198393]
3742
[0.00059791]
3743
[0.17181241]
3744
[0.00059791]
3745
[0.17839759]
3746
[0.56198393]
3747
[0.27772395]
3748
[0.16906859]
3749
[0.56198393]
3750
[0.50710748]
3751
[0.56198393]
3752
[0.56198393]
3753
[0.20638457]
3754
[0.03023119]
3755
[0.56198393]
3756
[0.56198393]
3757
[0.5021686]
3758
[0.56198393]
3759
[0.35070962]
3760
[0.56198393]
3761
[0.50655872]
3762
[0.29199183]
3763
[0.56198393]
3764
[0.07303482]
3765
[0.46704768]
3766
[0.56198393]
3767
[0.56198393]
3768
[0.09772922]
3769
[0.56198393]
3770
[0.07413234]
3771
[0.56198393]
3772
[0.56198393]
3773
[0.20089693]
3774
[0.55484999]
3775
[0.56198393]
3776
[0.01267073]
3777
[0.56198393]
3778
[0.56198393]
3779
[0.56198393]
3780
[0.56198393]
3781
[0.28266283]
3782
[0.00059791]
3783
[0.36278244]
3784
[0.56198393]
3785
[0.49503467]
3786
[0.23821291]
3787
[0.20199446]
3788
[0.49338837]
3789
[0.56198393]
3790
[0.00059791]
3791
[0.04724289]
3792
[0.4527798]
3793
[0.56198393]
3794
[0.56198393]
3795
[0.56198393]
3796
[0.56198393]
3797
[0.17455624]
3798
[0.52302165]
3799
[0.40558606]
3800
[0.56198393]
3801
[0.56198393]
3802
[0.56198393]
3803
[0.55704505]
3804
[0.56198393]
3805
[0.0686447]
3806
[0.55265493]
3807
[0.56198393]
3808
[0.56198393]
3809
[0.56198393]
3810
[0.46430386]
3811
[0.05492559]
3812
[0.11144833]
3813
[0.56198393]
3814
[0.22120121]
3815
[0.56198393]
3816
[0.05712065]
3817
[0.56198393]
3818
[0.422049]
3819
[0.56198393]
3820
[0.00059791]
3821
[0.56198393]
3822
[0.38857437]
3823
[0.56198393]
3824
[0.20364075]
3825
[0.39131819]
3826
[0.56198393]
3827
[0.56198393]
3828
[0.56198393]
3829
[0.56198393]
3830
[0.56198393]
3831
[0.56198393]
3832
[0.50436366]
3833
[0.56198393]
3834
[0.56198393]
3835
[0.00059791]
3836
[0.56198393]
3837
[0.42643911]
3838
[0.56198393]
3839
[0.18169017]
3840
[0.17620253]
3841
[0.56198393]
3842
[0.56198393]
3843
[0.56198393]
3844
[0.00279297]
3845
[0.41052494]
3846
[0.22998144]
3847
[0.02309725]
3848
[0.17455624]
3849
[0.56198393]
3850
[0.30351588]
3851
[0.56198393]
3852
[0.56198393]
3853
[0.17345871]
3854
[0.56198393]
3855
[0.03791389]
3856
[0.33918557]
3857
[0.53838706]
3858
[0.53344818]
3859
[0.04834042]
3860
[0.56198393]
3861
[0.56198393]
3862
[0.56198393]
3863
[0.56198393]
3864
[0.24973696]
3865
[0.32436893]
3866
[0.00059791]
3867
[0.2338228]
3868
[0.56198393]
3869
[0.5038149]
3870
[0.07468111]
3871
[0.31888128]
3872
[0.5191803]
3873
[0.51369266]
3874
[0.10541192]
3875
[0.56198393]
3876
[0.56198393]
3877
[0.56198393]
3878
[0.56198393]
3879
[0.56198393]
3880
[0.56198393]
3881
[0.46265756]
3882
[0.15095937]
3883
[0.38583054]
3884
[0.56198393]
3885
[0.56198393]
3886
[0.06699841]
3887
[0.08126628]
3888
[0.30845476]
3889
[0.56198393]
3890
[0.11254585]
3891
[0.01651208]
3892
[0.16138589]
3893
[0.56198393]
3894
[0.56198393]
3895
[0.00059791]
3896
[0.05821818]
3897
[0.56198393]
3898
[0.3973546]
3899
[0.13559396]
3900
[0.56198393]
3901
[0.07742493]
3902
[0.41217124]
3903
[0.18169017]
3904
[0.56198393]
3905
[0.41765888]
3906
[0.56198393]
3907
[0.56198393]
3908
[0.09004651]
3909
[0.43467058]
3910
[0.56198393]
3911
[0.10980203]
3912
[0.56198393]
3913
[0.56198393]
3914
[0.24534685]
3915
[0.14931307]
3916
[0.56198393]
3917
[0.07907122]
3918
[0.56198393]
3919
[0.13943531]
3920
[0.56198393]
3921
[0.00059791]
3922
[0.17675129]
3923
[0.56198393]
3924
[0.56198393]
3925
[0.10211933]
3926
[0.17455624]
3927
[0.56198393]
3928
[0.56198393]
3929
[0.24095673]
3930
[0.56198393]
3931
[0.02364602]
3932
[0.43686564]
3933
[0.56198393]
3934
[0.56198393]
3935
[0.31833252]
3936
[0.56198393]
3937
[0.54442347]
3938
[0.48131556]
3939
[0.56198393]
3940
[0.56198393]
3941
[0.41326877]
3942
[0.56198393]
3943
[0.55594752]
3944
[0.3062597]
3945
[0.15370319]
3946
[0.53125312]
3947
[0.30900352]
3948
[0.56198393]
3949
[0.56198393]
3950
[0.56198393]
3951
[0.2398592]
3952
[0.45387733]
3953
[0.56198393]
3954
[0.3957083]
3955
[0.25412708]
3956
[0.56198393]
3957
[0.56198393]
3958
[0.55594752]
3959
[0.56198393]
3960
[0.56198393]
3961
[0.56198393]
3962
[0.56198393]
3963
[0.38198919]
3964
[0.46704768]
3965
[0.09169281]
3966
[0.48351061]
3967
[0.56198393]
3968
[0.0593157]
3969
[0.56198393]
3970
[0.10047304]
3971
[0.43082923]
3972
[0.56198393]
3973
[0.56198393]
3974
[0.56198393]
3975
[0.55704505]
3976
[0.56198393]
3977
[0.34302692]
3978
[0.56198393]
3979
[0.56198393]
3980
[0.25302955]
3981
[0.02529231]
3982
[0.19156793]
3983
[0.04504783]
3984
[0.56198393]
3985
[0.33753927]
3986
[0.56198393]
3987
[0.47363285]
3988
[0.02474355]
3989
[0.56198393]
3990
[0.19101917]
3991
[0.56198393]
3992
[0.00992691]
3993
[0.00498803]
3994
[0.32985657]
3995
[0.51643648]
3996
[0.56198393]
3997
[0.56198393]
3998
[0.00059791]
3999
[0.14382543]
4000
[0.56198393]
4001
[0.48570567]
4002
[0.45168228]
4003
[0.56198393]
4004
[0.56198393]
4005
[0.42150023]
4006
[0.20089693]
4007
[0.00059791]
4008
[0.3232714]
4009
[0.56198393]
4010
[0.05657188]
4011
[0.56198393]
4012
[0.14766678]
4013
[0.56198393]
4014
[0.09388786]
4015
[0.31449117]
4016
[0.31503993]
4017
[0.56198393]
4018
[0.32601522]
4019
[0.56198393]
4020
[0.32546646]
4021
[0.41107371]
4022
[0.56198393]
4023
[0.4944859]
4024
[0.20309199]
4025
[0.12516744]
4026
[0.56198393]
4027
[0.55924011]
4028
[0.44015822]
4029
[0.40448853]
4030
[0.56198393]
4031
[0.19595805]
4032
[0.18553152]
4033
[0.56198393]
4034
[0.30900352]
4035
[0.54606976]
4036
[0.18937288]
4037
[0.56198393]
4038
[0.56198393]
4039
[0.56198393]
4040
[0.01760961]
4041
[0.00059791]
4042
[0.03297501]
4043
[0.31668622]
4044
[0.28101654]
4045
[0.56198393]
4046
[0.56198393]
4047
[0.56198393]
4048
[0.46649892]
4049
[0.53344818]
4050
[0.43082923]
4051
[0.33479545]
4052
[0.051633]
4053
[0.56198393]
4054
[0.55210617]
4055
[0.52247289]
4056
[0.52466795]
4057
[0.13559396]
4058
[0.56198393]
4059
[0.56198393]
4060
[0.39790336]
4061
[0.31339364]
4062
[0.03736513]
4063
[0.56198393]
4064
[0.56198393]
4065
[0.56198393]
4066
[0.56198393]
4067
[0.32107634]
4068
[0.37485526]
4069
[0.56198393]
4070
[0.0686447]
4071
[0.41381753]
4072
[0.56198393]
4073
[0.1257162]
4074
[0.28376036]
4075
[0.2338228]
4076
[0.56198393]
4077
[0.00059791]
4078
[0.16851983]
4079
[0.56198393]
4080
[0.24534685]
4081
[0.17290994]
4082
[0.56198393]
4083
[0.56198393]
4084
[0.35235591]
4085
[0.39022066]
4086
[0.29638194]
4087
[0.56198393]
4088
[0.13614273]
4089
[0.49064455]
4090
[0.30845476]
4091
[0.00553679]
4092
[0.56198393]
4093
[0.33314916]
4094
[0.50820501]
4095
[0.3139424]
4096
[0.15150813]
4097
[0.46814521]
4098
[0.44619463]
4099
[0.56198393]
4100
[0.56198393]
4101
[0.56198393]
4102
[0.06315706]
4103
[0.23711538]
4104
[0.1427279]
4105
[0.04065771]
4106
[0.56198393]
4107
[0.30571094]
4108
[0.49832725]
4109
[0.44893845]
4110
[0.42259776]
4111
[0.56198393]
4112
[0.51863154]
4113
[0.09882674]
4114
[0.05492559]
4115
[0.4527798]
4116
[0.06754717]
4117
[0.56198393]
4118
[0.47088903]
4119
[0.56198393]
4120
[0.56198393]
4121
[0.56198393]
4122
[0.56198393]
4123
[0.56198393]
4124
[0.53838706]
4125
[0.46430386]
4126
[0.56198393]
4127
[0.56198393]
4128
[0.52082659]
4129
[0.56198393]
4130
[0.49777849]
4131
[0.56198393]
4132
[0.24424932]
4133
[0.56198393]
4134
[0.03352378]
4135
[0.56198393]
4136
[0.56198393]
4137
[0.12132609]
4138
[0.12187485]
4139
[0.00059791]
4140
[0.36991638]
4141
[0.30680847]
4142
[0.56198393]
4143
[0.56198393]
4144
[0.56198393]
4145
[0.56198393]
4146
[0.56198393]
4147
[0.56198393]
4148
[0.12791126]
4149
[0.15534948]
4150
[0.25961472]
4151
[0.56198393]
4152
[0.56198393]
4153
[0.56198393]
4154
[0.56198393]
4155
[0.05821818]
4156
[0.56198393]
4157
[0.55594752]
4158
[0.25138326]
4159
[0.56198393]
4160
[0.00059791]
4161
[0.29693071]
4162
[0.56198393]
4163
[0.28101654]
4164
[0.04943794]
4165
[0.56198393]
4166
[0.38967189]
4167
[0.23931044]
4168
[0.07687617]
4169
[0.56198393]
4170
[0.56198393]
4171
[0.56198393]
4172
[0.56198393]
4173
[0.22504256]
4174
[0.05382806]
4175
[0.56198393]
4176
[0.56198393]
4177
[0.25741967]
4178
[0.33644174]
4179
[0.47253532]
4180
[0.56198393]
4181
[0.02638984]
4182
[0.19486052]
4183
[0.11419215]
4184
[0.56198393]
4185
[0.43137799]
4186
[0.56198393]
4187
[0.56198393]
4188
[0.15919083]
4189
[0.53893582]
4190
[0.10980203]
4191
[0.22394504]
4192
[0.56198393]
4193
[0.27333383]
4194
[0.56198393]
4195
[0.21406728]
4196
[0.56198393]
4197
[0.56198393]
4198
[0.56198393]
4199
[0.56198393]
4200
[0.54058211]
4201
[0.19815311]
4202
[0.46156004]
4203
[0.00059791]
4204
[0.40887865]
4205
[0.3633312]
4206
[0.01376826]
4207
[0.07852246]
4208
[0.56198393]
4209
[0.0346213]
4210
[0.35948985]
4211
[0.27882148]
4212
[0.00059791]
4213
[0.03352378]
4214
[0.56198393]
4215
[0.56198393]
4216
[0.24315179]
4217
[0.56198393]
4218
[0.09992427]
4219
[0.56198393]
4220
[0.09718045]
4221
[0.55759381]
4222
[0.56198393]
4223
[0.56198393]
4224
[0.06205953]
4225
[0.56198393]
4226
[0.45223104]
4227
[0.02584107]
4228
[0.56198393]
4229
[0.48954702]
4230
[0.56198393]
4231
[0.09882674]
4232
[0.16193465]
4233
[0.56198393]
4234
[0.56198393]
4235
[0.31174734]
4236
[0.56198393]
4237
[0.20418952]
4238
[0.16467848]
4239
[0.56198393]
4240
[0.22065245]
4241
[0.56198393]
4242
[0.02968243]
4243
[0.55978887]
4244
[0.56198393]
4245
[0.56198393]
4246
[0.56198393]
4247
[0.18827535]
4248
[0.56198393]
4249
[0.09663169]
4250
[0.1257162]
4251
[0.56198393]
4252
[0.56198393]
4253
[0.56198393]
4254
[0.56198393]
4255
[0.15480072]
4256
[0.56198393]
4257
[0.56198393]
4258
[0.21077469]
4259
[0.45607239]
4260
[0.29363812]
4261
[0.06425458]
4262
[0.56198393]
4263
[0.56198393]
4264
[0.00059791]
4265
[0.35729479]
4266
[0.56198393]
4267
[0.56198393]
4268
[0.19486052]
4269
[0.56198393]
4270
[0.43467058]
4271
[0.00498803]
4272
[0.00059791]
4273
[0.04010895]
4274
[0.51972907]
4275
[0.56198393]
4276
[0.56198393]
4277
[0.56198393]
4278
[0.56198393]
4279
[0.56198393]
4280
[0.56198393]
4281
[0.56198393]
4282
[0.56198393]
4283
[0.56198393]
4284
[0.56198393]
4285
[0.05492559]
4286
[0.49668096]
4287
[0.56198393]
4288
[0.09059528]
4289
[0.04230401]
4290
[0.56198393]
4291
[0.04340154]
4292
[0.12022856]
4293
[0.46156004]
4294
[0.54771605]
4295
[0.56198393]
4296
[0.56198393]
4297
[0.03352378]
4298
[0.52960683]
4299
[0.56198393]
4300
[0.56198393]
4301
[0.56198393]
4302
[0.56198393]
4303
[0.289248]
4304
[0.5038149]
4305
[0.02309725]
4306
[0.56198393]
4307
[0.56198393]
4308
[0.56198393]
4309
[0.56198393]
4310
[0.56198393]
4311
[0.20803087]
4312
[0.08510763]
4313
[0.31449117]
4314
[0.56198393]
4315
[0.00169544]
4316
[0.56198393]
4317
[0.56198393]
4318
[0.56198393]
4319
[0.30022329]
4320
[0.289248]
4321
[0.07413234]
4322
[0.13833778]
4323
[0.2645536]
4324
[0.28266283]
4325
[0.3726602]
4326
[0.42643911]
4327
[0.56198393]
4328
[0.56198393]
4329
[0.051633]
4330
[0.15480072]
4331
[0.5438747]
4332
[0.25632214]
4333
[0.32107634]
4334
[0.56198393]
4335
[0.56198393]
4336
[0.02638984]
4337
[0.56198393]
4338
[0.56198393]
4339
[0.16797106]
4340
[0.56198393]
4341
[0.41491506]
4342
[0.12736249]
4343
[0.56198393]
4344
[0.56198393]
4345
[0.56198393]
4346
[0.47253532]
4347
[0.26290731]
4348
[0.36991638]
4349
[0.40009842]
4350
[0.53838706]
4351
[0.56198393]
4352
[0.48131556]
4353
[0.56198393]
4354
[0.56198393]
4355
[0.56198393]
4356
[0.56198393]
4357
[0.21351851]
4358
[0.20418952]
4359
[0.55045987]
4360
[0.56198393]
4361
[0.23327403]
4362
[0.56198393]
4363
[0.36442873]
4364
[0.3309541]
4365
[0.56198393]
4366
[0.09772922]
4367
[0.56198393]
4368
[0.56198393]
4369
[0.56198393]
4370
[0.46430386]
4371
[0.56198393]
4372
[0.41546382]
4373
[0.11913103]
4374
[0.56198393]
4375
[0.55869134]
4376
[0.18114141]
4377
[0.22065245]
4378
[0.55100864]
4379
[0.27113878]
4380
[0.15919083]
4381
[0.2661999]
4382
[0.05986447]
4383
[0.56198393]
4384
[0.56198393]
4385
[0.23711538]
4386
[0.56198393]
4387
[0.56198393]
4388
[0.56198393]
4389
[0.56198393]
4390
[0.44015822]
4391
[0.04340154]
4392
[0.56198393]
4393
[0.56198393]
4394
[0.22723762]
4395
[0.56198393]
4396
[0.02748737]
4397
[0.56198393]
4398
[0.08071752]
4399
[0.08236381]
4400
[0.56198393]
4401
[0.04175524]
4402
[0.298577]
4403
[0.20803087]
4404
[0.21900616]
4405
[0.33534422]
4406
[0.56198393]
4407
[0.49832725]
4408
[0.56198393]
4409
[0.56198393]
4410
[0.37320896]
4411
[0.56198393]
4412
[0.56198393]
4413
[0.07687617]
4414
[0.56198393]
4415
[0.56198393]
4416
[0.56198393]
4417
[0.00059791]
4418
[0.56198393]
4419
[0.00059791]
4420
[0.06919346]
4421
[0.19595805]
4422
[0.56198393]
4423
[0.48241308]
4424
[0.00059791]
4425
[0.26565113]
4426
[0.16193465]
4427
[0.56198393]
4428
[0.56198393]
4429
[0.56198393]
4430
[0.12187485]
4431
[0.32436893]
4432
[0.08949775]
4433
[0.56198393]
4434
[0.56198393]
4435
[0.56198393]
4436
[0.56198393]
4437
[0.50546119]
4438
[0.56198393]
4439
[0.06205953]
4440
[0.56198393]
4441
[0.37485526]
4442
[0.56198393]
4443
[0.56198393]
4444
[0.39954965]
4445
[0.13724025]
4446
[0.56198393]
4447
[0.49229084]
4448
[0.43631687]
4449
[0.56198393]
4450
[0.56198393]
4451
[0.17894635]
4452
[0.41711012]
4453
[0.15589825]
4454
[0.56198393]
4455
[0.43960946]
4456
[0.56198393]
4457
[0.56198393]
4458
[0.40393977]
4459
[0.56198393]
4460
[0.20583581]
4461
[0.56198393]
4462
[0.56198393]
4463
[0.32601522]
4464
[0.0593157]
4465
[0.52247289]
4466
[0.56198393]
4467
[0.49174208]
4468
[0.20199446]
4469
[0.36442873]
4470
[0.56198393]
4471
[0.56198393]
4472
[0.56198393]
4473
[0.00059791]
4474
[0.00059791]
4475
[0.54661852]
4476
[0.28101654]
4477
[0.56198393]
4478
[0.56198393]
4479
[0.38528178]
4480
[0.56198393]
4481
[0.56198393]
4482
[0.53125312]
4483
[0.02419478]
4484
[0.37046514]
4485
[0.40723236]
4486
[0.28815047]
4487
[0.53070435]
4488
[0.56198393]
4489
[0.56198393]
4490
[0.30516217]
4491
[0.56198393]
4492
[0.55978887]
4493
[0.48405938]
4494
[0.15260566]
4495
[0.56198393]
4496
[0.09992427]
4497
[0.27937024]
4498
[0.56198393]
4499
[0.56198393]
4500
[0.0856564]
4501
[0.56198393]
4502
[0.56198393]
4503
[0.56198393]
4504
[0.56198393]
4505
[0.52960683]
4506
[0.56198393]
4507
[0.56198393]
4508
[0.56198393]
4509
[0.56198393]
4510
[0.00059791]
4511
[0.21132345]
4512
[0.56198393]
4513
[0.56198393]
4514
[0.56198393]
4515
[0.56198393]
4516
[0.07687617]
4517
[0.52357042]
4518
[0.30900352]
4519
[0.54167964]
4520
[0.49722972]
4521
[0.56198393]
4522
[0.56198393]
4523
[0.00059791]
4524
[0.4374144]
4525
[0.56198393]
4526
[0.33040534]
4527
[0.56198393]
4528
[0.00059791]
4529
[0.12022856]
4530
[0.53728953]
4531
[0.02254849]
4532
[0.56198393]
4533
[0.56198393]
4534
[0.56198393]
4535
[0.56198393]
4536
[0.56198393]
4537
[0.56198393]
4538
[0.56198393]
4539
[0.00059791]
4540
[0.16083713]
4541
[0.56198393]
4542
[0.56198393]
4543
[0.56198393]
4544
[0.56198393]
4545
[0.22120121]
4546
[0.33424669]
4547
[0.56198393]
4548
[0.50985131]
4549
[0.20583581]
4550
[0.30351588]
4551
[0.33644174]
4552
[0.46046251]
4553
[0.56198393]
4554
[0.34522198]
4555
[0.2398592]
4556
[0.37595278]
4557
[0.56198393]
4558
[0.06151076]
4559
[0.56198393]
4560
[0.56198393]
4561
[0.30022329]
4562
[0.56198393]
4563
[0.56198393]
4564
[0.56198393]
4565
[0.56198393]
4566
[0.31284487]
4567
[0.56198393]
4568
[0.19431176]
4569
[0.56198393]
4570
[0.55430123]
4571
[0.26290731]
4572
[0.56198393]
4573
[0.02968243]
4574
[0.56198393]
4575
[0.07358358]
4576
[0.56198393]
4577
[0.06041323]
4578
[0.56198393]
4579
[0.13175261]
4580
[0.09279034]
4581
[0.32656398]
4582
[0.10047304]
4583
[0.00059791]
4584
[0.04998671]
4585
[0.04888918]
4586
[0.56198393]
4587
[0.56198393]
4588
[0.20803087]
4589
[0.56198393]
4590
[0.0532793]
4591
[0.4297317]
4592
[0.56198393]
4593
[0.56198393]
4594
[0.56198393]
4595
[0.03571883]
4596
[0.50271737]
4597
[0.56198393]
4598
[0.23437156]
4599
[0.1921167]
4600
[0.56198393]
4601
[0.56198393]
4602
[0.15260566]
4603
[0.16412971]
4604
[0.56198393]
4605
[0.56198393]
4606
[0.56198393]
4607
[0.50820501]
4608
[0.20034816]
4609
[0.22943268]
4610
[0.56198393]
4611
[0.56198393]
4612
[0.54991111]
4613
[0.46265756]
4614
[0.18169017]
4615
[0.42095147]
4616
[0.56198393]
4617
[0.20199446]
4618
[0.33314916]
4619
[0.3232714]
4620
[0.00773185]
4621
[0.56198393]
4622
[0.18388523]
4623
[0.56198393]
4624
[0.56198393]
4625
[0.01486579]
4626
[0.56198393]
4627
[0.25248079]
4628
[0.49503467]
4629
[0.56198393]
4630
[0.56198393]
4631
[0.56198393]
4632
[0.22504256]
4633
[0.00059791]
4634
[0.56198393]
4635
[0.33699051]
4636
[0.56198393]
4637
[0.56198393]
4638
[0.30735723]
4639
[0.28760171]
4640
[0.39900089]
4641
[0.56198393]
4642
[0.52027783]
4643
[0.56198393]
4644
[0.56198393]
4645
[0.298577]
4646
[0.2398592]
4647
[0.49064455]
4648
[0.17126365]
4649
[0.47198656]
4650
[0.52192412]
4651
[0.19540928]
4652
[0.56198393]
4653
[0.56198393]
4654
[0.09279034]
4655
[0.56198393]
4656
[0.45332857]
4657
[0.34138062]
4658
[0.54881358]
4659
[0.10321686]
4660
[0.49283961]
4661
[0.08840022]
4662
[0.04779165]
4663
[0.56198393]
4664
[0.56198393]
4665
[0.56198393]
4666
[0.10925327]
4667
[0.0285849]
4668
[0.40942741]
4669
[0.28705295]
4670
[0.06315706]
4671
[0.14437419]
4672
[0.55375246]
4673
[0.05492559]
4674
[0.56198393]
4675
[0.00059791]
4676
[0.3386368]
4677
[0.36003862]
4678
[0.16797106]
4679
[0.56198393]
4680
[0.56198393]
4681
[0.29254059]
4682
[0.05273053]
4683
[0.26674866]
4684
[0.08346134]
4685
[0.56198393]
4686
[0.27059001]
4687
[0.56198393]
4688
[0.23107897]
4689
[0.00443926]
4690
[0.5021686]
4691
[0.56198393]
4692
[0.56198393]
4693
[0.28211407]
4694
[0.04724289]
4695
[0.25522461]
4696
[0.45991374]
4697
[0.56198393]
4698
[0.56198393]
4699
[0.13888655]
4700
[0.51204636]
4701
[0.53125312]
4702
[0.36113614]
4703
[0.53015559]
4704
[0.56198393]
4705
[0.0763274]
4706
[0.56198393]
4707
[0.50820501]
4708
[0.56198393]
4709
[0.33260039]
4710
[0.00608555]
4711
[0.16083713]
4712
[0.15919083]
4713
[0.4544261]
4714
[0.4714378]
4715
[0.56198393]
4716
[0.53344818]
4717
[0.56198393]
4718
[0.56198393]
4719
[0.56198393]
4720
[0.56198393]
4721
[0.56198393]
4722
[0.56198393]
4723
[0.00059791]
4724
[0.46924274]
4725
[0.15644701]
4726
[0.56198393]
4727
[0.20803087]
4728
[0.56198393]
4729
[0.35619726]
4730
[0.04559659]
4731
[0.43412181]
4732
[0.56198393]
4733
[0.56198393]
4734
[0.47308409]
4735
[0.15205689]
4736
[0.56198393]
4737
[0.56198393]
4738
[0.56198393]
4739
[0.14766678]
4740
[0.56198393]
4741
[0.20199446]
4742
[0.49558343]
4743
[0.02584107]
4744
[0.56198393]
4745
[0.56198393]
4746
[0.56198393]
4747
[0.56198393]
4748
[0.56198393]
4749
[0.28979677]
4750
[0.56198393]
4751
[0.15534948]
4752
[0.00059791]
4753
[0.56198393]
4754
[0.56198393]
4755
[0.56198393]
4756
[0.18059264]
4757
[0.56198393]
4758
[0.56198393]
4759
[0.03297501]
4760
[0.56198393]
4761
[0.31339364]
4762
[0.15644701]
4763
[0.36936761]
4764
[0.56198393]
4765
[0.56198393]
4766
[0.56198393]
4767
[0.54661852]
4768
[0.56198393]
4769
[0.20199446]
4770
[0.40613483]
4771
[0.50326613]
4772
[0.06205953]
4773
[0.56198393]
4774
[0.56198393]
4775
[0.25961472]
4776
[0.4374144]
4777
[0.56198393]
4778
[0.56198393]
4779
[0.56198393]
4780
[0.38418425]
4781
[0.49338837]
4782
[0.56198393]
4783
[0.56198393]
4784
[0.56198393]
4785
[0.56198393]
4786
[0.04614536]
4787
[0.13120385]
4788
[0.03297501]
4789
[0.18717782]
4790
[0.03901142]
4791
[0.56198393]
4792
[0.56198393]
4793
[0.19705558]
4794
[0.09827798]
4795
[0.39022066]
4796
[0.4527798]
4797
[0.56198393]
4798
[0.35784356]
4799
[0.56198393]
4800
[0.56198393]
4801
[0.36168491]
4802
[0.56198393]
4803
[0.35948985]
4804
[0.56198393]
4805
[0.56198393]
4806
[0.2415055]
4807
[0.01321949]
4808
[0.25302955]
4809
[0.08236381]
4810
[0.56198393]
4811
[0.00059791]
4812
[0.56198393]
4813
[0.54771605]
4814
[0.44619463]
4815
[0.56198393]
4816
[0.56198393]
4817
[0.00059791]
4818
[0.03407254]
4819
[0.56198393]
4820
[0.56198393]
4821
[0.56198393]
4822
[0.1010218]
4823
[0.56198393]
4824
[0.56198393]
4825
[0.56198393]
4826
[0.56198393]
4827
[0.38198919]
4828
[0.1580933]
4829
[0.56198393]
4830
[0.08071752]
4831
[0.09992427]
4832
[0.56198393]
4833
[0.00059791]
4834
[0.14492296]
4835
[0.56198393]
4836
[0.50655872]
4837
[0.56198393]
4838
[0.27827271]
4839
[0.56198393]
4840
[0.56198393]
4841
[0.50930254]
4842
[0.14382543]
4843
[0.33260039]
4844
[0.18388523]
4845
[0.56198393]
4846
[0.56198393]
4847
[0.21900616]
4848
[0.56198393]
4849
[0.55814258]
4850
[0.56198393]
4851
[0.56198393]
4852
[0.24589561]
4853
[0.56198393]
4854
[0.56198393]
4855
[0.39186695]
4856
[0.56198393]
4857
[0.56198393]
4858
[0.56198393]
4859
[0.49338837]
4860
[0.37595278]
4861
[0.52411918]
4862
[0.27168754]
4863
[0.16632477]
4864
[0.55759381]
4865
[0.0038905]
4866
[0.48296185]
4867
[0.56198393]
4868
[0.00553679]
4869
[0.56198393]
4870
[0.56198393]
4871
[0.051633]
4872
[0.04120648]
4873
[0.00059791]
4874
[0.55869134]
4875
[0.38637931]
4876
[0.56198393]
4877
[0.13833778]
4878
[0.56198393]
4879
[0.40229348]
4880
[0.56198393]
4881
[0.56198393]
4882
[0.56198393]
4883
[0.5114976]
4884
[0.39625707]
4885
[0.0779737]
4886
[0.56198393]
4887
[0.56198393]
4888
[0.16248342]
4889
[0.00059791]
4890
[0.07413234]
4891
[0.00059791]
4892
[0.56198393]
4893
[0.56033763]
4894
[0.37430649]
4895
[0.36387997]
4896
[0.56198393]
4897
[0.43412181]
4898
[0.56198393]
4899
[0.56198393]
4900
[0.18223894]
4901
[0.56198393]
4902
[0.56198393]
4903
[0.16358095]
4904
[0.56198393]
4905
[0.49942478]
4906
[0.12736249]
4907
[0.49722972]
4908
[0.56198393]
4909
[0.56198393]
4910
[0.56198393]
4911
[0.56198393]
4912
[0.56198393]
4913
[0.56198393]
4914
[0.56198393]
4915
[0.09718045]
4916
[0.4297317]
4917
[0.11748473]
4918
[0.42589035]
4919
[0.01486579]
4920
[0.00059791]
4921
[0.4697915]
4922
[0.38089166]
4923
[0.56198393]
4924
[0.17730006]
4925
[0.10925327]
4926
[0.10431439]
4927
[0.56198393]
4928
[0.15425195]
4929
[0.23162774]
4930
[0.56198393]
4931
[0.48625444]
4932
[0.24809067]
4933
[0.47088903]
4934
[0.10980203]
4935
[0.3062597]
4936
[0.56198393]
4937
[0.56198393]
4938
[0.56198393]
4939
[0.36442873]
4940
[0.2321765]
4941
[0.02199972]
4942
[0.56198393]
4943
[0.30735723]
4944
[0.02529231]
4945
[0.51808277]
4946
[0.1427279]
4947
[0.1103508]
4948
[0.03023119]
4949
[0.56198393]
4950
[0.53728953]
4951
[0.09004651]
4952
[0.09992427]
4953
[0.56198393]
4954
[0.04614536]
4955
[0.56198393]
4956
[0.00059791]
4957
[0.35509974]
4958
[0.56198393]
4959
[0.32601522]
4960
[0.43082923]
4961
[0.04175524]
4962
[0.02913366]
4963
[0.54661852]
4964
[0.56198393]
4965
[0.56198393]
4966
[0.56198393]
4967
[0.56198393]
4968
[0.42534158]
4969
[0.56198393]
4970
[0.48241308]
4971
[0.03846266]
4972
[0.42753664]
4973
[0.56198393]
4974
[0.3880256]
4975
[0.56198393]
4976
[0.36991638]
4977
[0.14821554]
4978
[0.22888392]
4979
[0.20473828]
4980
[0.56198393]
4981
[0.12077732]
4982
[0.32985657]
4983
[0.56198393]
4984
[0.08291258]
4985
[0.56198393]
4986
[0.17016612]
4987
[0.37869661]
4988
[0.05218177]
4989
[0.56198393]
4990
[0.56198393]
4991
[0.56198393]
4992
[0.3062597]
4993
[0.52905806]
4994
[0.27662642]
4995
[0.56198393]
4996
[0.39790336]
4997
[0.56198393]
4998
[0.07303482]
4999
[0.56198393]
[1] 40000    11
[1] 40000    11
