LOADING R
R LOADED
[1] "/home/lvanderl/Rlibs2"                         
[2] "/app/software/R/4.3.1-gfbf-2022b/lib/R/library"
[1] "/home/lvanderl/sieveSims"
[1] "rf 2 2"
[1] 0.08901469
[1] 0.08901469
[1] 0.08901469
167.51020408163265
[0.2519509]
[0.21766871]
[0.27421087]
[0.26665866]
[0.3552048]
[0.28835699]
[0.23728536]
[0.32228419]
[0.36254351]
[0.18546158]
[0.14293233]
[0.26781865]
[0.1002689]
[0.22031912]
[0.33380265]
[0.13365415]
[0.22499213]
[0.19312464]
[0.21060094]
[0.20084933]
[0.13676359]
[0.18939763]
[0.26314302]
[0.21607192]
[0.1332264]
[0.31456056]
[0.14372599]
[0.32893494]
[0.21602161]
[0.26697838]
[0.13117318]
[0.2593983]
[0.10458439]
[0.08935333]
[0.1070847]
[0.24593979]
[0.07149745]
[0.33100387]
[0.25893309]
[0.13228273]
[0.13515282]
[0.21325135]
[0.22790906]
[0.1865491]
[0.18533109]
[0.15573713]
[0.1717282]
[0.33594131]
[0.25654144]
[0.21849385]
[0.14974957]
[0.1840968]
[0.10095151]
[0.10635133]
[0.23473594]
[0.16642737]
[0.1483034]
[0.21222971]
[0.17614556]
[0.07984719]
[0.24421071]
[0.09133232]
[0.09398273]
[0.27716212]
[0.25212409]
[0.35527726]
[0.28127864]
[0.19556998]
[0.19293151]
[0.21678524]
[0.25437752]
[0.23177287]
[0.29168372]
[0.13088216]
[0.1881987]
[0.19071292]
[0.11395123]
[0.20054033]
[0.31060996]
[0.22625655]
[0.29348191]
[0.32027113]
[0.16311501]
[0.12137697]
[0.15695371]
[0.18560415]
[0.2393771]
[0.23312101]
[0.16289349]
[0.20665956]
[0.16428309]
[0.12629193]
[0.13479373]
[0.15772411]
[0.09398893]
[0.25538908]
[0.21325135]
[0.28062032]
[0.22101645]
[0.15019608]
[0.22259063]
[0.09928356]
[0.25528395]
[0.26303176]
[0.17437862]
[0.1464161]
[0.21748372]
[0.33414128]
[0.34135468]
[0.31774046]
[0.19788483]
[0.31763691]
[0.36090395]
[0.05838646]
[0.166085]
[0.1471972]
[0.10029217]
[0.11430257]
[0.19528776]
[0.29364724]
[0.20703583]
[0.2940613]
[0.1964821]
[0.26872916]
[0.35990758]
[0.17614556]
[0.36554748]
[0.25919186]
[0.19999928]
[0.18056291]
[0.27350402]
[0.13930627]
[0.20460681]
[0.27139139]
[0.15026787]
[0.11687438]
[0.15954424]
[0.34317985]
[0.11608494]
[0.19897207]
[0.12779445]
[0.15496092]
[0.18464212]
[0.21678524]
[0.32285448]
[0.1783277]
[0.18498027]
[0.33304525]
[0.13334398]
[0.20233312]
[0.27920979]
[0.17171628]
[0.2795117]
[0.19551106]
[0.1388004]
[0.28812535]
[0.21679702]
[0.1840968]
[0.10430977]
[0.20883399]
[0.22039703]
[0.19645212]
[0.10162787]
[0.12280965]
[0.13686578]
[0.25300756]
[0.23268772]
[0.09969201]
[0.30959465]
[0.24985541]
[0.24043487]
[0.18137334]
[0.1493173]
[0.22738689]
[0.10357633]
[0.20458809]
[0.19853898]
[0.30136725]
[0.26296125]
[0.30944818]
[0.31487944]
[0.20350939]
[0.18674721]
[0.10622689]
[0.31699361]
[0.1257877]
[0.21905618]
[0.16092625]
[0.21051055]
[0.16919566]
[0.11430257]
[0.24953472]
[0.13173658]
[0.15670919]
[0.22303802]
[0.2555943]
[0.23891613]
[0.21280797]
[0.13821397]
[0.13376474]
[0.15994566]
[0.14992712]
[0.26976877]
[0.09133232]
[0.17545642]
[0.08470101]
[0.25725589]
[0.16201002]
[0.34431101]
[0.15871416]
[0.23887202]
[0.15436186]
[0.26007533]
[0.1413312]
[0.33693733]
[0.25503618]
[0.16542706]
[0.24468345]
[0.29665462]
[0.08449075]
[0.19449909]
[0.19204804]
[0.27686128]
[0.20706705]
[0.12772593]
[0.19846151]
[0.22451619]
[0.18674721]
[0.20583244]
[0.10281744]
[0.17870422]
[0.21774124]
[0.21431884]
[0.17118296]
[0.15494225]
[0.33791643]
[0.29453071]
[0.12377702]
[0.27051297]
[0.17764733]
[0.08603149]
[0.27908589]
[0.26220883]
[0.25126985]
[0.23038801]
[0.30624073]
[0.32717901]
[0.0909103]
[0.22385301]
[0.30627621]
[0.19880346]
[0.2097111]
[0.16201274]
[0.20325005]
[0.28009452]
[0.2901202]
[0.19228733]
[0.36167452]
[0.19523763]
[0.29149685]
[0.31978931]
[0.16898046]
[0.23551845]
[0.20135844]
[0.12457073]
[0.09598316]
[0.14648477]
[0.28481252]
[0.33137698]
[0.11874898]
[0.11433844]
[0.18096265]
[0.19293151]
[0.20999866]
[0.18117725]
[0.2789275]
[0.26132539]
[0.2803618]
[0.24662423]
[0.38252052]
[0.34793735]
[0.22949985]
[0.16908933]
[0.16862581]
[0.24375882]
[0.09488286]
[0.28746294]
[0.14618197]
[0.1100796]
[0.22915383]
[0.14526417]
[0.26979351]
[0.22437187]
[0.11264989]
[0.10827465]
[0.14922942]
[0.09044885]
[0.12062392]
[0.32917084]
[0.22009896]
[0.19930372]
[0.19920832]
[0.20342583]
[0.11045075]
[0.24589696]
[0.16562463]
[0.29112319]
[0.19008423]
[0.11877949]
[0.27523791]
[0.16024308]
[0.0833869]
[0.16812066]
[0.13891872]
[0.21349756]
[0.18851416]
[0.23579637]
[0.20948295]
[0.16731085]
[0.14772663]
[0.13785527]
[0.20920077]
[0.19814321]
[0.26449268]
[0.15511466]
[0.08779843]
[0.3068993]
[0.34080966]
[0.16889021]
[0.30833546]
[0.30539592]
[0.16112655]
[0.12260794]
[0.1271905]
[0.39347949]
[0.34978531]
[0.21447658]
[0.15481062]
[0.10458439]
[0.2812524]
[0.25858724]
[0.11705856]
[0.33069707]
[0.1608375]
[0.16838546]
[0.27597781]
[0.22915383]
[0.30615489]
[0.28946406]
[0.20064028]
[0.14560942]
[0.33605386]
[0.1241784]
[0.17656419]
[0.30071501]
[0.28709519]
[0.25325597]
[0.29227132]
[0.24062735]
[0.24417284]
[0.2862082]
[0.19736261]
[0.17800435]
[0.19430889]
[0.2485902]
[0.16976033]
[0.11058156]
[0.29541418]
[0.26979132]
[0.14345712]
[0.1460671]
[0.1651789]
[0.18674721]
[0.21440017]
[0.24170708]
[0.10164351]
[0.33870427]
[0.1754568]
[0.21364839]
[0.3133709]
[0.15494225]
[0.13197199]
[0.10804197]
[0.1257877]
[0.30572871]
[0.16316737]
[0.13551834]
[0.09495579]
[0.14454198]
[0.16463225]
[0.37632065]
[0.15109926]
[0.25648829]
[0.31929288]
[0.28995155]
[0.08514802]
[0.16812457]
[0.26007533]
[0.296623]
[0.20026315]
[0.35725717]
[0.23963515]
[0.13727282]
[0.20076993]
[0.39701337]
[0.17600185]
[0.15094062]
[0.14556267]
[0.33251997]
[0.21731405]
[0.37676048]
[0.17904479]
[0.21544132]
[0.15561826]
[0.10330653]
[0.1425315]
[0.20071686]
[0.10024051]
[0.10778623]
[0.08511579]
[0.17773543]
[0.22385301]
[0.2541893]
[0.25124061]
[0.35661986]
[0.17637103]
[0.14166119]
[0.34642909]
[0.2362216]
[0.28150852]
[0.14525402]
[0.18322725]
[0.29720542]
[0.10978893]
[0.15588055]
[0.22480043]
[0.32633432]
[0.12979072]
[0.13687066]
[0.27380533]
[0.20693422]
[0.23268772]
[0.19588695]
[0.31409301]
[0.21399742]
[0.19468879]
[0.25221003]
[0.18197364]
[0.19911581]
[0.25742491]
[0.40720298]
[0.1639349]
[0.2089991]
[0.21759403]
[0.34173381]
[0.21553579]
[0.19416516]
[0.16444831]
[0.22650342]
[0.2015864]
[0.34711024]
[0.41821668]
[0.13544099]
[0.15119626]
[0.15901027]
[0.16259086]
[0.14787448]
[0.07808025]
[0.27767849]
[0.23879562]
[0.21501829]
[0.40761503]
[0.14087303]
[0.10988521]
[0.28834641]
[0.18360083]
[0.22942939]
[0.2975589]
[0.20659234]
[0.15317531]
[0.20346064]
[0.22957668]
[0.16511491]
[0.22615705]
[0.17267399]
[0.20053441]
[0.12498551]
[0.20183706]
[0.15613602]
[0.09891196]
[0.12969891]
[0.12603816]
[0.33311853]
[0.19809697]
[0.30599358]
[0.24195122]
[0.2450028]
[0.19367509]
[0.1409198]
[1] 2500   11
[1] 2500   11
[0.1367132]
