LOADING R
R LOADED
[1] "/home/lvanderl/Rlibs2"                         
[2] "/app/software/R/4.3.1-gfbf-2022b/lib/R/library"
[1] "/home/lvanderl/sieveSims"
[1] "rf 5 2"
[1] "histogram binning"
[1] 0.04349575
[1] 0.04349575
[1] "mondrian"
[1] "iso"
[1] 0.04349575
[1] "conditional"
[   10.            11.51395399    13.25711366    15.26417967
    17.57510625    20.23589648    23.29951811    26.82695795
    30.88843596    35.56480306    40.94915062    47.14866363
    54.28675439    62.50551925    71.9685673     82.86427729
    95.40954763   109.8541142    126.48552169   145.63484775
   167.68329368   193.06977289   222.29964825   255.95479227
   294.70517026   339.32217719   390.69399371   449.8432669
   517.94746792   596.36233166   686.648845     790.60432109
   910.29817799  1048.11313415  1206.79264064  1389.49549437
  1599.85871961  1842.06996933  2120.95088792  2442.05309455
  2811.76869797  3237.45754282  3727.59372031  4291.93426013
  4941.71336132  5689.86602902  6551.2855686   7543.12006335
  8685.11373751 10000.        ]
[0.27416992 0.27346472 0.27566215 0.27734505 0.27868618 0.28044891
 0.28178501 0.28609055 0.29033504 0.28754779 0.2861076  0.28283719
 0.28604139 0.29579409 0.28949679 0.28417805 0.29889805 0.27810772
 0.29224838 0.31781165 0.31559076 0.31203752 0.33309788 0.30688437
 0.33023089 0.29820827 0.31056424 0.3626003  0.40611416 0.3800355
 0.43907126 0.44250746 0.55721024 0.56371308 0.61496371 0.76197356
 0.58281638 0.80206877 0.74218805 0.8829483  1.22639545 1.00219595
 1.35093231 1.47475036 1.68312445 1.71603048 1.76203687 2.37675294
 2.74137829 3.01686117]
11.513953993264476
0.08685113737513524
0
[0.13917008]
1
[0.14636124]
2
[0.19798786]
3
[0.16417219]
4
[0.20909795]
5
[0.18324225]
6
[0.14653094]
7
[0.26935369]
8
[0.22573641]
9
[0.35016288]
10
[0.23329813]
11
[0.11323178]
12
[0.18245375]
13
[0.14060112]
14
[0.19451844]
15
[0.22392101]
16
[0.25582859]
17
[0.18669396]
18
[0.18075192]
19
[0.24540775]
20
[0.16299806]
21
[0.15630017]
22
[0.17359127]
23
[0.14164791]
24
[0.12470716]
25
[0.22503001]
26
[0.15233729]
27
[0.13365272]
28
[0.20272067]
29
[0.13418917]
30
[0.26081978]
31
[0.17133506]
32
[0.17890481]
33
[0.17060654]
34
[0.28691216]
35
[0.25527073]
36
[0.21286696]
37
[0.18183724]
38
[0.18677296]
39
[0.1853394]
40
[0.24606649]
41
[0.26916058]
42
[0.20475499]
43
[0.18881729]
44
[0.19484958]
45
[0.23016491]
46
[0.17549718]
47
[0.27301171]
48
[0.16694831]
49
[0.16040683]
50
[0.18026193]
51
[0.25461125]
52
[0.21314558]
53
[0.2039101]
54
[0.19043627]
55
[0.21566919]
56
[0.2135046]
57
[0.25794956]
58
[0.26577907]
59
[0.21396517]
60
[0.2010186]
61
[0.30707932]
62
[0.22485972]
63
[0.27515656]
64
[0.17712431]
65
[0.17803571]
66
[0.2179311]
67
[0.1562461]
68
[0.21233508]
69
[0.20171488]
70
[0.14350746]
71
[0.12625401]
72
[0.16222478]
73
[0.30376762]
74
[0.17830559]
75
[0.24141004]
76
[0.20632028]
77
[0.19868072]
78
[0.15056732]
79
[0.1797951]
80
[0.20063137]
81
[0.2205799]
82
[0.21471719]
83
[0.16854498]
84
[0.23018274]
85
[0.28023643]
86
[0.13343695]
87
[0.2762069]
88
[0.24028887]
89
[0.15449395]
90
[0.15470546]
91
[0.2423666]
92
[0.20988868]
93
[0.19735015]
94
[0.19843958]
95
[0.14777763]
96
[0.12552887]
97
[0.21775243]
98
[0.22251829]
99
[0.20207826]
100
[0.11462238]
101
[0.14735724]
102
[0.1737859]
103
[0.19706161]
104
[0.1549494]
105
[0.165405]
106
[0.23661953]
107
[0.15252836]
108
[0.33567625]
109
[0.19507261]
110
[0.21176545]
111
[0.19402244]
112
[0.18972891]
113
[0.22771336]
114
[0.16499584]
115
[0.29747607]
116
[0.21050292]
117
[0.18799504]
118
[0.25110178]
119
[0.15454951]
120
[0.25602587]
121
[0.25290992]
122
[0.26206333]
123
[0.18220325]
124
[0.22272137]
125
[0.24619107]
126
[0.16191995]
127
[0.25482323]
128
[0.22697388]
129
[0.23053244]
130
[0.20130418]
131
[0.1808297]
132
[0.16243909]
133
[0.2936867]
134
[0.1714058]
135
[0.19768295]
136
[0.17532051]
137
[0.18046774]
138
[0.18871616]
139
[0.20431675]
140
[0.25728037]
141
[0.18400286]
142
[0.31208766]
143
[0.17369013]
144
[0.21940214]
145
[0.13647857]
146
[0.15262286]
147
[0.17947634]
148
[0.30228656]
149
[0.14826663]
150
[0.18906927]
151
[0.17885911]
152
[0.10080124]
153
[0.1671662]
154
[0.1204239]
155
[0.1397309]
156
[0.17802522]
157
[0.14610327]
158
[0.21392454]
159
[0.19378915]
160
[0.21418265]
161
[0.2391038]
162
[0.28150282]
163
[0.16637812]
164
[0.1987708]
165
[0.18868799]
166
[0.29271572]
167
[0.18044872]
168
[0.16750116]
169
[0.36264634]
170
[0.1466038]
171
[0.36084444]
172
[0.19968702]
173
[0.18224882]
174
[0.25144867]
175
[0.28056508]
176
[0.27650027]
177
[0.24585008]
178
[0.18736221]
179
[0.16765214]
180
[0.25990464]
181
[0.21704435]
182
[0.15386296]
183
[0.13615543]
184
[0.17868479]
185
[0.25774992]
186
[0.19469189]
187
[0.14767849]
188
[0.28981151]
189
[0.17242151]
190
[0.26517058]
191
[0.19950578]
192
[0.2881552]
193
[0.20732704]
194
[0.28281663]
195
[0.14895986]
196
[0.17777569]
197
[0.15108596]
198
[0.17689196]
199
[0.22781311]
200
[0.30804564]
201
[0.13565336]
202
[0.15225679]
203
[0.138524]
204
[0.13474465]
205
[0.13857633]
206
[0.23791066]
207
[0.16631561]
208
[0.21220998]
209
[0.11950111]
210
[0.20323554]
211
[0.23451498]
212
[0.19031926]
213
[0.18145587]
214
[0.18159263]
215
[0.15786913]
216
[0.25518034]
217
[0.1981946]
218
[0.26112914]
219
[0.18089244]
220
[0.22732131]
221
[0.15597961]
222
[0.35639879]
223
[0.14528927]
224
[0.24775879]
225
[0.22746046]
226
[0.15326267]
227
[0.16846689]
228
[0.17846601]
229
[0.29660716]
230
[0.12285837]
231
[0.2511235]
232
[0.1693247]
233
[0.13187075]
234
[0.25517072]
235
[0.27840176]
236
[0.14610859]
237
[0.14573767]
238
[0.11915461]
239
[0.14181104]
240
[0.1910945]
241
[0.16127161]
242
[0.19593709]
243
[0.21030047]
244
[0.18267602]
245
[0.1887268]
246
[0.26489152]
247
[0.1757056]
248
[0.16366344]
249
[0.24284393]
250
[0.18675931]
251
[0.16008823]
252
[0.2106649]
253
[0.15905388]
254
[0.25333143]
255
[0.11340943]
256
[0.13156193]
257
[0.2009365]
258
[0.1783939]
259
[0.31058408]
260
[0.22220565]
261
[0.17319558]
262
[0.178343]
263
[0.15718919]
264
[0.24228676]
265
[0.11405293]
266
[0.19604465]
267
[0.1272867]
268
[0.17003454]
269
[0.19065352]
270
[0.25237788]
271
[0.24663094]
272
[0.25243856]
273
[0.17576301]
274
[0.19721616]
275
[0.19241258]
276
[0.15466426]
277
[0.19039323]
278
[0.18897218]
279
[0.22226924]
280
[0.1807068]
281
[0.20855232]
282
[0.16760054]
283
[0.2691922]
284
[0.13109795]
285
[0.14808758]
286
[0.21205836]
287
[0.14741114]
288
[0.16137852]
289
[0.21377041]
290
[0.1640043]
291
[0.1497147]
292
[0.17122267]
293
[0.16826451]
294
[0.18066416]
295
[0.25294699]
296
[0.18058726]
297
[0.16186858]
298
[0.19526907]
299
[0.14795391]
300
[0.19234477]
301
[0.17723011]
302
[0.17224855]
303
[0.16419421]
304
[0.23061244]
305
[0.16994505]
306
[0.15937811]
307
[0.22800239]
308
[0.18975697]
309
[0.18270329]
310
[0.15553961]
311
[0.23425332]
312
[0.23006676]
313
[0.16176699]
314
[0.21076203]
315
[0.22481088]
316
[0.24291396]
317
[0.17111305]
318
[0.31358957]
319
[0.28020182]
320
[0.1668066]
321
[0.21976221]
322
[0.26335331]
323
[0.11269501]
324
[0.14575908]
325
[0.15233631]
326
[0.27434276]
327
[0.18349148]
328
[0.21705404]
329
[0.24057651]
330
[0.19481282]
331
[0.18144398]
332
[0.20400999]
333
[0.14828404]
334
[0.23553493]
335
[0.13083367]
336
[0.27136426]
337
[0.28471429]
338
[0.15920983]
339
[0.16464653]
340
[0.16052124]
341
[0.1759971]
342
[0.15131013]
343
[0.22046929]
344
[0.18407685]
345
[0.1086604]
346
[0.32173001]
347
[0.24754216]
348
[0.21436497]
349
[0.19822454]
350
[0.17525167]
351
[0.24232985]
352
[0.1412101]
353
[0.31372754]
354
[0.17748489]
355
[0.20395293]
356
[0.19371129]
357
[0.16808579]
358
[0.17768024]
359
[0.22219554]
360
[0.16597558]
361
[0.2606277]
362
[0.1654522]
363
[0.1802753]
364
[0.11621487]
365
[0.16670051]
366
[0.18310462]
367
[0.18104538]
368
[0.28562727]
369
[0.18491348]
370
[0.16312681]
371
[0.22694963]
372
[0.12797824]
373
[0.22198239]
374
[0.26071813]
375
[0.15720833]
376
[0.16559654]
377
[0.19258968]
378
[0.19913617]
379
[0.16892667]
380
[0.14553385]
381
[0.14492078]
382
[0.21239329]
383
[0.21828063]
384
[0.14033957]
385
[0.28937347]
386
[0.17196505]
387
[0.16434204]
388
[0.19350583]
389
[0.28029204]
390
[0.23454286]
391
[0.18750698]
392
[0.20115392]
393
[0.13127429]
394
[0.17802793]
395
[0.16971667]
396
[0.22293486]
397
[0.16043197]
398
[0.21841518]
399
[0.19734425]
400
[0.20874689]
401
[0.16743089]
402
[0.21252524]
403
[0.1640006]
404
[0.14868929]
405
[0.16525086]
406
[0.24709608]
407
[0.17769366]
408
[0.20979284]
409
[0.14967043]
410
[0.17693663]
411
[0.20962964]
412
[0.12520573]
413
[0.2993547]
414
[0.22253198]
415
[0.15981179]
416
[0.13740263]
417
[0.21052694]
418
[0.28919067]
419
[0.17192903]
420
[0.20728067]
421
[0.28196243]
422
[0.13670801]
423
[0.18429563]
424
[0.17158932]
425
[0.21519515]
426
[0.18827935]
427
[0.21006753]
428
[0.12857935]
429
[0.15037648]
430
[0.13962493]
431
[0.17694211]
432
[0.24521898]
433
[0.27315704]
434
[0.20223796]
435
[0.15482107]
436
[0.20547302]
437
[0.17805215]
438
[0.23063333]
439
[0.2522427]
440
[0.16991244]
441
[0.24256548]
442
[0.33264918]
443
[0.23645683]
444
[0.17150204]
445
[0.19021767]
446
[0.13839821]
447
[0.30610025]
448
[0.0928252]
449
[0.18405871]
450
[0.13524741]
451
[0.24002465]
452
[0.14818638]
453
[0.22828845]
454
[0.20129642]
455
[0.17066768]
456
[0.19544036]
457
[0.27064454]
458
[0.16052082]
459
[0.25500047]
460
[0.18700844]
461
[0.1694427]
462
[0.20933289]
463
[0.17732614]
464
[0.14994244]
465
[0.15228757]
466
[0.21675702]
467
[0.18810342]
468
[0.1848622]
469
[0.31121262]
470
[0.19626623]
471
[0.17714602]
472
[0.17843601]
473
[0.17811873]
474
[0.18546834]
475
[0.17877153]
476
[0.18609666]
477
[0.17873621]
478
[0.18094828]
479
[0.19972095]
480
[0.17269459]
481
[0.14254863]
482
[0.12902298]
483
[0.22180213]
484
[0.24330054]
485
[0.213343]
486
[0.17586109]
487
[0.17593819]
488
[0.17275785]
489
[0.14909356]
490
[0.32028929]
491
[0.2008825]
492
[0.23077922]
493
[0.21784705]
494
[0.16850152]
495
[0.22639614]
496
[0.15750218]
497
[0.30918196]
498
[0.17430751]
499
[0.25923808]
500
[0.1513272]
501
[0.13735228]
502
[0.23039132]
503
[0.18411998]
504
[0.17299472]
505
[0.2870272]
506
[0.16019823]
507
[0.19522436]
508
[0.21452982]
509
[0.23444877]
510
[0.19209562]
511
[0.22832424]
512
[0.09408829]
513
[0.26328394]
514
[0.12743887]
515
[0.15281633]
516
[0.21933155]
517
[0.16682627]
518
[0.16284155]
519
[0.1638883]
520
[0.16974763]
521
[0.16630722]
522
[0.30293342]
523
[0.18354356]
524
[0.20325284]
525
[0.14393271]
526
[0.17636169]
527
[0.14889633]
528
[0.16734024]
529
[0.24738081]
530
[0.14382418]
531
[0.14018282]
532
[0.32572368]
533
[0.20554539]
534
[0.2473154]
535
[0.2347775]
536
[0.20506596]
537
[0.17844626]
538
[0.16819868]
539
[0.14355765]
540
[0.2240485]
541
[0.14493828]
542
[0.19115701]
543
[0.18446183]
544
[0.28924456]
545
[0.16139605]
546
[0.17986152]
547
[0.1765039]
548
[0.15951989]
549
[0.19647392]
550
[0.19284006]
551
[0.16908923]
552
[0.15909436]
553
[0.21325234]
554
[0.14239847]
555
[0.15477672]
556
[0.28114291]
557
[0.15940653]
558
[0.14683894]
559
[0.21874414]
560
[0.16029041]
561
[0.10621919]
562
[0.27612173]
563
[0.22131238]
564
[0.1529977]
565
[0.24110751]
566
[0.20193282]
567
[0.30449091]
568
[0.20697109]
569
[0.16072719]
570
[0.32304985]
571
[0.31944071]
572
[0.13388291]
573
[0.19802912]
574
[0.27812513]
575
[0.1000657]
576
[0.17021346]
577
[0.19536101]
578
[0.22205613]
579
[0.29579102]
580
[0.12939311]
581
[0.30878768]
582
[0.24321384]
583
[0.14001643]
584
[0.15188773]
585
[0.17314532]
586
[0.18028885]
587
[0.13663513]
588
[0.21264147]
589
[0.17882625]
590
[0.18198338]
591
[0.14050588]
592
[0.18501011]
593
[0.16914209]
594
[0.18540994]
595
[0.23002656]
596
[0.13283272]
597
[0.14761244]
598
[0.22944947]
599
[0.15606482]
600
[0.14554786]
601
[0.17583082]
602
[0.19345897]
603
[0.1585807]
604
[0.20227374]
605
[0.18465253]
606
[0.1163671]
607
[0.15493772]
608
[0.15116886]
609
[0.19389983]
610
[0.17556929]
611
[0.24768176]
612
[0.19775837]
613
[0.13554253]
614
[0.23144792]
615
[0.16457134]
616
[0.16974746]
617
[0.30899782]
618
[0.20334779]
619
[0.18914743]
620
[0.20360437]
621
[0.13300788]
622
[0.24547775]
623
[0.31496422]
624
[0.19385915]
625
[0.19254158]
626
[0.25673142]
627
[0.1482171]
628
[0.22319669]
629
[0.13125319]
630
[0.24282226]
631
[0.23832286]
632
[0.14165775]
633
[0.21199216]
634
[0.19911138]
635
[0.32262152]
636
[0.19774272]
637
[0.23756622]
638
[0.17982446]
639
[0.14906503]
640
[0.14363567]
641
[0.14710091]
642
[0.15888804]
643
[0.21073374]
644
[0.1596502]
645
[0.09816353]
646
[0.19543781]
647
[0.18703239]
648
[0.22421187]
649
[0.20345691]
650
[0.2339774]
651
[0.11649641]
652
[0.25439863]
653
[0.17823779]
654
[0.23480271]
655
[0.1417911]
656
[0.21976891]
657
[0.17750825]
658
[0.22091147]
659
[0.15328152]
660
[0.16201824]
661
[0.12964118]
662
[0.27685922]
663
[0.21627245]
664
[0.26931591]
665
[0.22410423]
666
[0.1505622]
667
[0.29111131]
668
[0.18578694]
669
[0.21597843]
670
[0.17227376]
671
[0.10329139]
672
[0.22049459]
673
[0.16589948]
674
[0.16132713]
675
[0.17900618]
676
[0.17058001]
677
[0.19753085]
678
[0.15646288]
679
[0.19610077]
680
[0.20651551]
681
[0.15100068]
682
[0.20089283]
683
[0.15172039]
684
[0.1411541]
685
[0.27288981]
686
[0.18657288]
687
[0.23024283]
688
[0.15592183]
689
[0.1727352]
690
[0.14195214]
691
[0.16753875]
692
[0.13520961]
693
[0.31989301]
694
[0.11310204]
695
[0.14813861]
696
[0.2159092]
697
[0.27312536]
698
[0.19096355]
699
[0.15635543]
700
[0.1430585]
701
[0.2373606]
702
[0.22198254]
703
[0.16394205]
704
[0.20876147]
705
[0.20668185]
706
[0.24840582]
707
[0.25107994]
708
[0.1582847]
709
[0.14996593]
710
[0.17027843]
711
[0.16283802]
712
[0.23083269]
713
[0.14875406]
714
[0.13377787]
715
[0.23493879]
716
[0.22157015]
717
[0.15043584]
718
[0.21455636]
719
[0.14828545]
720
[0.21611718]
721
[0.25600191]
722
[0.16527948]
723
[0.18532691]
724
[0.21476072]
725
[0.26557511]
726
[0.12815553]
727
[0.14721232]
728
[0.21381882]
729
[0.21334116]
730
[0.15032071]
731
[0.23622972]
732
[0.19555476]
733
[0.19525395]
734
[0.15968103]
735
[0.15629299]
736
[0.28404916]
737
[0.20265927]
738
[0.15030294]
739
[0.16574989]
740
[0.19712738]
741
[0.16107279]
742
[0.16893094]
743
[0.15168343]
744
[0.16349406]
745
[0.1834811]
746
[0.20283805]
747
[0.15705473]
748
[0.2151442]
749
[0.17793444]
750
[0.15677764]
751
[0.24875105]
752
[0.14395895]
753
[0.33697567]
754
[0.18114004]
755
[0.1994958]
756
[0.15841217]
757
[0.16787463]
758
[0.15570868]
759
[0.15146166]
760
[0.14248085]
761
[0.16479307]
762
[0.23435879]
763
[0.20795874]
764
[0.1948732]
765
[0.26449475]
766
[0.23646848]
767
[0.14308641]
768
[0.19613325]
769
[0.17228121]
770
[0.19589429]
771
[0.25199531]
772
[0.19887069]
773
[0.16234622]
774
[0.16855232]
775
[0.24169963]
776
[0.20432208]
777
[0.17488428]
778
[0.16676792]
779
[0.22338217]
780
[0.20795481]
781
[0.14312275]
782
[0.19033406]
783
[0.14558466]
784
[0.21521903]
785
[0.28656929]
786
[0.10103077]
787
[0.21264009]
788
[0.21764618]
789
[0.2122873]
790
[0.21453016]
791
[0.17873646]
792
[0.15565224]
793
[0.22030989]
794
[0.14320786]
795
[0.25704988]
796
[0.16545764]
797
[0.27970509]
798
[0.1955887]
799
[0.18339405]
800
[0.37992738]
801
[0.12078396]
802
[0.13198937]
803
[0.2343589]
804
[0.25131643]
805
[0.21198235]
806
[0.17087043]
807
[0.19021761]
808
[0.19057347]
809
[0.19426148]
810
[0.19518855]
811
[0.17894445]
812
[0.22563321]
813
[0.14022038]
814
[0.21840018]
815
[0.21503109]
816
[0.17546304]
817
[0.28481616]
818
[0.10443567]
819
[0.1760007]
820
[0.23301602]
821
[0.1919236]
822
[0.27223254]
823
[0.19837662]
824
[0.31279049]
825
[0.16876836]
826
[0.24658015]
827
[0.17580322]
828
[0.15887461]
829
[0.23449585]
830
[0.18898337]
831
[0.2343453]
832
[0.21866652]
833
[0.27117254]
834
[0.25737149]
835
[0.13891842]
836
[0.15344678]
837
[0.23873345]
838
[0.18233877]
839
[0.21308635]
840
[0.21903049]
841
[0.18545454]
842
[0.25363537]
843
[0.19952289]
844
[0.14220925]
845
[0.13780615]
846
[0.16383995]
847
[0.22234149]
848
[0.17256185]
849
[0.17615472]
850
[0.14621931]
851
[0.14314757]
852
[0.31582839]
853
[0.17729124]
854
[0.17199631]
855
[0.15289232]
856
[0.16418452]
857
[0.24534277]
858
[0.27125998]
859
[0.12000707]
860
[0.17888756]
861
[0.11337253]
862
[0.2531022]
863
[0.16824577]
864
[0.20832989]
865
[0.16187938]
866
[0.1108973]
867
[0.15786461]
868
[0.22771494]
869
[0.25993459]
870
[0.14987423]
871
[0.21185277]
872
[0.36331911]
873
[0.23133219]
874
[0.14276992]
875
[0.16726218]
876
[0.27810237]
877
[0.27968745]
878
[0.17725255]
879
[0.2763929]
880
[0.15512671]
881
[0.18240509]
882
[0.11709493]
883
[0.16400845]
884
[0.18201149]
885
[0.15865975]
886
[0.19168155]
887
[0.22855359]
888
[0.17358541]
889
[0.19935358]
890
[0.15994178]
891
[0.1554738]
892
[0.17795077]
893
[0.24991474]
894
[0.12525952]
895
[0.18409285]
896
[0.21069018]
897
[0.18093594]
898
[0.26765573]
899
[0.2225912]
900
[0.1481036]
901
[0.18697988]
902
[0.17930847]
903
[0.21144123]
904
[0.15834922]
905
[0.16541843]
906
[0.17456916]
907
[0.15505186]
908
[0.19925973]
909
[0.18691426]
910
[0.15288776]
911
[0.18095745]
912
[0.23827316]
913
[0.16605757]
914
[0.21037553]
915
[0.17836614]
916
[0.18276117]
917
[0.15623807]
918
[0.24165448]
919
[0.15083552]
920
[0.16851154]
921
[0.27523441]
922
[0.20005564]
923
[0.09735675]
924
[0.20005322]
925
[0.21750193]
926
[0.19129434]
927
[0.20701884]
928
[0.15818402]
929
[0.22958129]
930
[0.13002036]
931
[0.14502712]
932
[0.15831113]
933
[0.14997982]
934
[0.15533759]
935
[0.16604665]
936
[0.19944331]
937
[0.1675758]
938
[0.10890716]
939
[0.22493322]
940
[0.18543461]
941
[0.28673406]
942
[0.17592266]
943
[0.15131067]
944
[0.28561331]
945
[0.19224047]
946
[0.16723325]
947
[0.23644151]
948
[0.3041876]
949
[0.21636154]
950
[0.17092676]
951
[0.30285076]
952
[0.15223308]
953
[0.15041954]
954
[0.22395636]
955
[0.1587465]
956
[0.18683525]
957
[0.16856061]
958
[0.24005222]
959
[0.14627219]
960
[0.12062671]
961
[0.17291488]
962
[0.15276646]
963
[0.19083193]
964
[0.24003775]
965
[0.11429166]
966
[0.194611]
967
[0.19971473]
968
[0.20605654]
969
[0.19367453]
970
[0.249098]
971
[0.26611415]
972
[0.08515793]
973
[0.18734263]
974
[0.14054332]
975
[0.16649389]
976
[0.16230312]
977
[0.25268571]
978
[0.18873398]
979
[0.32448713]
980
[0.16756672]
981
[0.18161705]
982
[0.13694146]
983
[0.16514712]
984
[0.23719979]
985
[0.14166622]
986
[0.27422132]
987
[0.17511402]
988
[0.10561351]
989
[0.17278704]
990
[0.36798767]
991
[0.20613763]
992
[0.16051424]
993
[0.21454168]
994
[0.38400886]
995
[0.12017166]
996
[0.21865198]
997
[0.22446236]
998
[0.2423155]
999
[0.15172346]
[1] 8000   11
[1] 8000   11
