LOADING R
R LOADED
[1] "/home/lvanderl/Rlibs2"                         
[2] "/app/software/R/4.3.1-gfbf-2022b/lib/R/library"
[1] "/home/lvanderl/sieveSims"
[1] "xg 2 4"
[1] 0.1201454
[1] 0.1201454
[1] 0.1201454
130.9591836734694
0
[0.66375823]
1
[0.45748096]
2
[0.25771031]
3
[0.01161679]
4
[0.10345514]
5
[0.02971218]
6
[0.13531983]
7
[0.27978774]
8
[0.4726588]
9
[0.13100875]
10
[0.13949394]
11
[0.12770957]
12
[0.68615207]
13
[0.38606093]
14
[0.58864029]
15
[0.70643855]
16
[0.10694807]
17
[0.32039173]
18
[0.1006833]
19
[0.06850019]
20
[0.17743342]
21
[0.02386744]
22
[0.152471]
23
[0.08757416]
24
[0.0151845]
25
[0.07475527]
26
[0.01525484]
27
[0.01903006]
28
[0.12779887]
29
[0.14224534]
30
[0.06054651]
31
[0.14468263]
32
[0.31421884]
33
[0.10616259]
34
[0.23133408]
35
[0.02888001]
36
[0.34423672]
37
[0.28072944]
38
[0.31020311]
39
[0.12472705]
40
[0.38327608]
41
[0.2944401]
42
[0.57472041]
43
[0.14251596]
44
[0.01163579]
45
[0.04275711]
46
[0.20034886]
47
[0.54668972]
48
[0.25860681]
49
[0.14446674]
50
[0.40360259]
51
[0.30831156]
52
[0.36884722]
53
[0.08289686]
54
[0.27445669]
55
[0.01963909]
56
[0.619679]
57
[0.45364588]
58
[0.04193554]
59
[0.14421978]
60
[0.10438732]
61
[0.40182205]
62
[0.15151895]
63
[0.35343092]
64
[0.02071258]
65
[0.16159171]
66
[0.08123772]
67
[0.18189826]
68
[0.42624612]
69
[0.27730035]
70
[0.0386284]
71
[0.04081556]
72
[0.13287875]
73
[0.51935311]
74
[0.81847266]
75
[0.29133453]
76
[0.0861682]
77
[0.5803344]
78
[0.07164793]
79
[0.85679947]
80
[0.06394922]
81
[0.5309791]
82
[0.31717166]
83
[0.06688702]
84
[0.3652962]
85
[0.07650943]
86
[0.09675635]
87
[0.11717076]
88
[0.11334639]
89
[0.08202385]
90
[0.10413247]
91
[0.26087272]
92
[0.2683952]
93
[0.07576297]
94
[0.52814131]
95
[0.00998546]
96
[0.28668641]
97
[0.9107414]
98
[0.09863881]
99
[0.02479604]
100
[0.02798832]
101
[0.03702104]
102
[0.02858363]
103
[0.02514388]
104
[0.02515671]
105
[0.177604]
106
[0.27727915]
107
[0.08829408]
108
[0.09478577]
109
[0.37198176]
110
[0.33886815]
111
[0.50608685]
112
[0.25625681]
113
[0.80352294]
114
[0.02146371]
115
[0.29199111]
116
[0.27310852]
117
[0.683762]
118
[0.38406744]
119
[0.03627469]
120
[0.02506058]
121
[0.51049203]
122
[0.19898999]
123
[0.30592842]
124
[0.29900987]
125
[0.0431645]
126
[0.31735627]
127
[0.39239565]
128
[0.36427782]
129
[0.71183765]
130
[0.02691865]
131
[0.22489004]
132
[0.0695174]
133
[0.5287078]
134
[0.42857798]
135
[0.44553024]
136
[0.06282002]
137
[0.01415019]
138
[0.01935601]
139
[0.06908894]
140
[0.27584426]
141
[0.32212562]
142
[0.26677136]
143
[0.20767231]
144
[0.23169589]
145
[0.26014396]
146
[0.91349974]
147
[0.11924378]
148
[0.18279715]
149
[0.54063986]
150
[0.19456334]
151
[0.21772804]
152
[0.07787276]
153
[0.16680209]
154
[0.30356721]
155
[0.06300505]
156
[0.01818932]
157
[0.64521781]
158
[0.27380355]
159
[0.79546638]
160
[0.14995379]
161
[0.15875016]
162
[0.16740348]
163
[0.2941797]
164
[0.08726901]
165
[0.04061498]
166
[0.07747687]
167
[0.19640365]
168
[0.57982281]
169
[0.1599]
170
[0.12860529]
171
[0.03363014]
172
[0.13995709]
173
[0.51570623]
174
[0.04140108]
175
[0.24104776]
176
[0.07918528]
177
[0.22323378]
178
[0.25706105]
179
[0.12703642]
180
[0.35145375]
181
[0.50634739]
182
[0.4681502]
183
[0.01197843]
184
[0.24756797]
185
[0.1452698]
186
[0.339937]
187
[0.14698277]
188
[0.13030496]
189
[0.33615051]
190
[0.037643]
191
[0.23534763]
192
[0.13403676]
193
[0.01576211]
194
[0.24142354]
195
[0.02465809]
196
[0.13748594]
197
[0.20074666]
198
[0.20534253]
199
[0.40791509]
200
[0.0548163]
201
[0.13217987]
202
[0.29348037]
203
[0.58140863]
204
[0.3679872]
205
[0.02151165]
206
[0.35950364]
207
[0.08275179]
208
[0.63870077]
209
[0.36801798]
210
[0.46627299]
211
[0.42980803]
212
[0.01002098]
213
[0.06417626]
214
[0.39681616]
215
[0.02245039]
216
[0.01525492]
217
[0.39843359]
218
[0.19921819]
219
[0.42060512]
220
[0.63358688]
221
[0.15531259]
222
[0.13506343]
223
[0.77065776]
224
[0.3572477]
225
[0.11432506]
226
[0.24187259]
227
[0.0152515]
228
[0.25851185]
229
[0.24600757]
230
[0.27277548]
231
[0.23342273]
232
[0.02440648]
233
[0.30630787]
234
[0.33737112]
235
[0.10805234]
236
[0.13172348]
237
[0.32100702]
238
[0.72687224]
239
[0.3937944]
240
[0.05704085]
241
[0.16681859]
242
[0.27568203]
243
[0.07019703]
244
[0.33443755]
245
[0.14971197]
246
[0.01079996]
247
[0.21448629]
248
[0.76893263]
249
[0.17467986]
250
[0.34550589]
251
[0.05697024]
252
[0.34167905]
253
[0.03211437]
254
[0.38707566]
255
[0.43072906]
256
[0.11394081]
257
[0.22804792]
258
[0.59861957]
259
[0.26160645]
260
[0.34436721]
261
[0.5076838]
262
[0.03570058]
263
[0.33839]
264
[0.11736359]
265
[0.23671283]
266
[0.02337683]
267
[0.2647856]
268
[0.29494333]
269
[0.18011546]
270
[0.05116381]
271
[0.29951818]
272
[0.14652623]
273
[0.02048424]
274
[0.15873807]
275
[0.10857982]
276
[0.0910023]
277
[0.01012144]
278
[0.36177474]
279
[0.53534074]
280
[0.15941019]
281
[0.52894151]
282
[0.4968846]
283
[0.21304739]
284
[0.06353357]
285
[0.18352911]
286
[0.21625922]
287
[0.14207127]
288
[0.06494458]
289
[0.25100404]
290
[0.22684708]
291
[0.32979825]
292
[0.08630765]
293
[0.47501151]
294
[0.33190022]
295
[0.0202525]
296
[0.07519188]
297
[0.02506341]
298
[0.06398023]
299
[0.06006956]
300
[0.03078029]
301
[0.5157918]
302
[0.26682159]
303
[0.32025324]
304
[0.0394413]
305
[0.13220164]
306
[0.74531684]
307
[0.17150049]
308
[0.3004216]
309
[0.23492351]
310
[0.753035]
311
[0.40298026]
312
[0.45012644]
313
[0.05738912]
314
[0.13554216]
315
[0.55450193]
316
[0.46095576]
317
[0.58515134]
318
[0.05391216]
319
[0.45920223]
320
[0.0965193]
321
[0.01621679]
322
[0.09281054]
323
[0.20430231]
324
[0.1344429]
325
[0.02390737]
326
[0.13953293]
327
[0.26472563]
328
[0.37689504]
329
[0.520265]
330
[0.14558469]
331
[0.06705265]
332
[0.03227616]
333
[0.26542521]
334
[0.62647472]
335
[0.06154675]
336
[0.26057749]
337
[0.03762777]
338
[0.06605234]
339
[0.52260142]
340
[0.50525639]
341
[0.01023133]
342
[0.04107855]
343
[0.01989601]
344
[0.46730843]
345
[0.53390042]
346
[0.24611757]
347
[0.26782825]
348
[0.16425215]
349
[0.25146756]
350
[0.59629713]
351
[0.0199419]
352
[0.10016765]
353
[0.01982819]
354
[0.15653307]
355
[0.02944466]
356
[0.3591151]
357
[0.03075405]
358
[0.04649364]
359
[0.15326641]
360
[0.38478529]
361
[0.10620896]
362
[0.1284997]
363
[0.16459584]
364
[0.02956421]
365
[0.01164743]
366
[0.22592588]
367
[0.89426819]
368
[0.21011146]
369
[0.12149178]
370
[0.01805163]
371
[0.05247743]
372
[0.07841851]
373
[0.63214915]
374
[0.44870319]
375
[0.28160339]
376
[0.04939625]
377
[0.23377141]
378
[0.22635651]
379
[0.73284252]
380
[0.18734835]
381
[0.39059929]
382
[0.59018323]
383
[0.11085425]
384
[0.0228756]
385
[0.2037576]
386
[0.13482454]
387
[0.24426692]
388
[0.07326042]
389
[0.36269555]
390
[0.05182708]
391
[0.03540808]
392
[0.41749914]
393
[0.06097479]
394
[0.00982921]
395
[0.30671]
396
[0.06128939]
397
[0.35212467]
398
[0.18738058]
399
[0.0655634]
400
[0.10204224]
401
[0.23718195]
402
[0.28480235]
403
[0.0146431]
404
[0.09367789]
405
[0.26144861]
406
[0.15537198]
407
[0.15751368]
408
[0.31278882]
409
[0.18134761]
410
[0.01226984]
411
[0.0140585]
412
[0.02400366]
413
[0.0549661]
414
[0.09202356]
415
[0.25694641]
416
[0.59575401]
417
[0.08790571]
418
[0.1934414]
419
[0.1800658]
420
[0.18022084]
421
[0.0702262]
422
[0.16742545]
423
[0.06079527]
424
[0.14864914]
425
[0.08714688]
426
[0.14725917]
427
[0.3250704]
428
[0.06329822]
429
[0.19890264]
430
[0.1245236]
431
[0.4213754]
432
[0.0918661]
433
[0.24648526]
434
[0.56322501]
435
[0.02256459]
436
[0.16036326]
437
[0.25135738]
438
[0.23233462]
439
[0.13435693]
440
[0.11873435]
441
[0.43936629]
442
[0.02421954]
443
[0.71972832]
444
[0.02227275]
445
[0.20522539]
446
[0.01470684]
447
[0.22068249]
448
[0.08675526]
449
[0.20096041]
450
[0.2595136]
451
[0.03315128]
452
[0.00992357]
453
[0.41594606]
454
[0.53812323]
455
[0.01795651]
456
[0.2171472]
457
[0.03447881]
458
[0.53134966]
459
[0.0484456]
460
[0.12412455]
461
[0.58129135]
462
[0.48692232]
463
[0.68048876]
464
[0.07010264]
465
[0.09259274]
466
[0.13338079]
467
[0.81167993]
468
[0.43574171]
469
[0.08400367]
470
[0.10586753]
471
[0.33278158]
472
[0.40735026]
473
[0.40620222]
474
[0.58220543]
475
[0.03612329]
476
[0.47345268]
477
[0.02728694]
478
[0.58751459]
479
[0.06891682]
480
[0.22539183]
481
[0.04239636]
482
[0.32995721]
483
[0.06840867]
484
[0.15605188]
485
[0.11462348]
486
[0.17960144]
487
[0.74545977]
488
[0.22799709]
489
[0.12485633]
490
[0.59171685]
491
[0.40213722]
492
[0.36502166]
493
[0.20941571]
494
[0.67198305]
495
[0.12200453]
496
[0.10396406]
497
[0.38619148]
498
[0.65148534]
499
[0.03357229]
500
[0.03321192]
501
[0.01467053]
502
[0.3841079]
503
[0.19951196]
504
[0.13772659]
505
[0.21207716]
506
[0.3555175]
507
[0.72236674]
508
[0.18806109]
509
[0.16905657]
510
[0.17061543]
511
[0.27077787]
512
[0.10644227]
513
[0.07170458]
514
[0.40944335]
515
[0.25592203]
516
[0.35002091]
517
[0.09525573]
518
[0.05249432]
519
[0.4093309]
520
[0.17237974]
521
[0.39535247]
522
[0.05077783]
523
[0.45842755]
524
[0.06941487]
525
[0.0604827]
526
[0.09071239]
527
[0.19468728]
528
[0.04019911]
529
[0.23668229]
530
[0.44953651]
531
[0.41422636]
532
[0.26291818]
533
[0.18649811]
534
[0.01071531]
535
[0.08519902]
536
[0.21439444]
537
[0.19280797]
538
[0.01369133]
539
[0.40298223]
540
[0.01499424]
541
[0.33074478]
542
[0.29621932]
543
[0.48633912]
544
[0.02336689]
545
[0.20846926]
546
[0.04280366]
547
[0.03362858]
548
[0.0158561]
549
[0.063452]
550
[0.20257926]
551
[0.03042331]
552
[0.15323126]
553
[0.34178356]
554
[0.25660429]
555
[0.3736494]
556
[0.20955451]
557
[0.016404]
558
[0.02617401]
559
[0.05411215]
560
[0.28952246]
561
[0.01491575]
562
[0.25798408]
563
[0.13713521]
564
[0.03889447]
565
[0.30447896]
566
[0.32249168]
567
[0.25865921]
568
[0.31795118]
569
[0.12004195]
570
[0.09208036]
571
[0.44336178]
572
[0.14549876]
573
[0.05260489]
574
[0.22126561]
575
[0.30795079]
576
[0.26331379]
577
[0.10720132]
578
[0.22024843]
579
[0.2949298]
580
[0.01416131]
581
[0.65895744]
582
[0.02936513]
583
[0.47639779]
584
[0.08493028]
585
[0.41105385]
586
[0.02166717]
587
[0.55950783]
588
[0.02916003]
589
[0.50560046]
590
[0.22784226]
591
[0.60156857]
592
[0.41367794]
593
[0.01296142]
594
[0.13240433]
595
[0.20323288]
596
[0.057955]
597
[0.14982152]
598
[0.34486006]
599
[0.13014119]
600
[0.56937146]
601
[0.24538272]
602
[0.53834492]
603
[0.03291563]
604
[0.37784015]
605
[0.14165586]
606
[0.39995483]
607
[0.08554554]
608
[0.06244204]
609
[0.46544092]
610
[0.25007027]
611
[0.36883718]
612
[0.02888268]
613
[0.51517437]
614
[0.37191156]
615
[0.12782153]
616
[0.06490681]
617
[0.54456407]
618
[0.43805453]
619
[0.21938612]
620
[0.05810298]
621
[0.40409054]
622
[0.41245959]
623
[0.58851291]
624
[0.24894727]
625
[0.46689872]
626
[0.66690593]
627
[0.23858118]
628
[0.11834067]
629
[0.42273809]
630
[0.51937634]
631
[0.18950455]
632
[0.06184634]
633
[0.35739471]
634
[0.40058214]
635
[0.01700728]
636
[0.2529127]
637
[0.25372868]
638
[0.02725721]
639
[0.20902882]
640
[0.049532]
641
[0.28275713]
642
[0.08858108]
643
[0.22986308]
644
[0.18968279]
645
[0.14151879]
646
[0.55845783]
647
[0.19109656]
648
[0.30027666]
649
[0.29058299]
650
[0.01935745]
651
[0.11042635]
652
[0.34082242]
653
[0.38117273]
654
[0.69981736]
655
[0.38450013]
656
[0.16574008]
657
[0.26311912]
658
[0.51853637]
659
[0.35686419]
660
[0.03579986]
661
[0.07033269]
662
[0.00956116]
663
[0.28530385]
664
[0.2747974]
665
[0.08018137]
666
[0.64175008]
667
[0.05361786]
668
[0.29825937]
669
[0.12071478]
670
[0.20664694]
671
[0.04900617]
672
[0.56284836]
673
[0.26805003]
674
[0.26263338]
675
[0.25076704]
676
[0.66677521]
677
[0.35757212]
678
[0.17352862]
679
[0.19906484]
680
[0.02271724]
681
[0.38268067]
682
[0.00954982]
683
[0.5539594]
684
[0.45438398]
685
[0.44312071]
686
[0.37320146]
687
[0.27371844]
688
[0.35602732]
689
[0.01182755]
690
[0.29762919]
691
[0.05673811]
692
[0.22346227]
693
[0.27471461]
694
[0.06772739]
695
[0.19349483]
696
[0.3834072]
697
[0.04973325]
698
[0.26258199]
699
[0.55526218]
700
[0.79956752]
701
[0.73701768]
702
[0.19603568]
703
[0.37717069]
704
[0.31053997]
705
[0.44437219]
706
[0.14419328]
707
[0.10346874]
708
[0.17368448]
709
[0.05731177]
710
[0.22136827]
711
[0.01246307]
712
[0.05425633]
713
[0.0121929]
714
[0.61465027]
715
[0.04511114]
716
[0.32244303]
717
[0.26302997]
718
[0.17775122]
719
[0.60894397]
720
[0.23908691]
721
[0.26080719]
722
[0.74111177]
723
[0.04687532]
724
[0.19032288]
725
[0.35491896]
726
[0.17660308]
727
[0.05949408]
728
[0.41939161]
729
[0.13468202]
730
[0.03847644]
731
[0.34112902]
732
[0.32735508]
733
[0.29500244]
734
[0.04809484]
735
[0.01505105]
736
[0.14951389]
737
[0.15802823]
738
[0.34988587]
739
[0.27604001]
740
[0.30863347]
741
[0.01147852]
742
[0.11465508]
743
[0.26446173]
744
[0.08754664]
745
[0.25981915]
746
[0.06710626]
747
[0.30566556]
748
[0.06896706]
749
[0.01082681]
750
[0.29594978]
751
[0.30823472]
752
[0.06458247]
753
[0.37731899]
754
[0.15652072]
755
[0.01228452]
756
[0.06054583]
757
[0.27735706]
758
[0.31514459]
759
[0.10302936]
760
[0.61448523]
761
[0.29168916]
762
[0.03873633]
763
[0.59650354]
764
[0.12695613]
765
[0.02907421]
766
[0.10084822]
767
[0.5800493]
768
[0.25843654]
769
[0.38868157]
770
[0.18494682]
771
[0.15131613]
772
[0.05403001]
773
[0.06568633]
774
[0.06190815]
775
[0.84969373]
776
[0.60845717]
777
[0.17434755]
778
[0.31004848]
779
[0.41871696]
780
[0.01189183]
781
[0.2041641]
782
[0.56403758]
783
[0.41931928]
784
[0.14008705]
785
[0.20605676]
786
[0.29082064]
787
[0.28560525]
788
[0.17914633]
789
[0.05759557]
790
[0.09388668]
791
[0.29663741]
792
[0.44468819]
793
[0.15169746]
794
[0.17416369]
795
[0.11147617]
796
[0.07509335]
797
[0.12252452]
798
[0.02364723]
799
[0.24299088]
800
[0.32601656]
801
[0.22200005]
802
[0.22606256]
803
[0.14135991]
804
[0.04089401]
805
[0.52278123]
806
[0.28765511]
807
[0.01315927]
808
[0.36046456]
809
[0.62773946]
810
[0.1183631]
811
[0.29346505]
812
[0.01337925]
813
[0.15552164]
814
[0.18798004]
815
[0.0976291]
816
[0.12173689]
817
[0.23348501]
818
[0.05825871]
819
[0.04215868]
820
[0.59513126]
821
[0.02000217]
822
[0.58596865]
823
[0.12970758]
824
[0.23884646]
825
[0.47310515]
826
[0.32860492]
827
[0.09771377]
828
[0.11264974]
829
[0.70901838]
830
[0.32378618]
831
[0.05275509]
832
[0.54114342]
833
[0.01571803]
834
[0.37905676]
835
[0.57550697]
836
[0.04321832]
837
[0.01483107]
838
[0.20425915]
839
[0.86292962]
840
[0.17263284]
841
[0.02263003]
842
[0.01694595]
843
[0.11170047]
844
[0.05936447]
845
[0.30812123]
846
[0.01310657]
847
[0.07368091]
848
[0.26642502]
849
[0.01708742]
850
[0.01618496]
851
[0.01690872]
852
[0.28483867]
853
[0.13750818]
854
[0.10630422]
855
[0.15914272]
856
[0.19014936]
857
[0.07877725]
858
[0.01473894]
859
[0.01767795]
860
[0.70430255]
861
[0.51278958]
862
[0.05485774]
863
[0.05641511]
864
[0.018698]
865
[0.03677107]
866
[0.06691609]
867
[0.38432198]
868
[0.4352178]
869
[0.68227669]
870
[0.37137613]
871
[0.16778805]
872
[0.3571615]
873
[0.40711227]
874
[0.10234936]
875
[0.01836529]
876
[0.33779603]
877
[0.34904161]
878
[0.04161122]
879
[0.62170848]
880
[0.77001744]
881
[0.05248079]
882
[0.11208512]
883
[0.34064253]
884
[0.43381247]
885
[0.19068119]
886
[0.02444507]
887
[0.53306114]
888
[0.05754219]
889
[0.40129596]
890
[0.46102585]
891
[0.02196996]
892
[0.30162882]
893
[0.06713165]
894
[0.02005602]
895
[0.5504516]
896
[0.05203495]
897
[0.09080019]
898
[0.22135922]
899
[0.24321546]
900
[0.55299427]
901
[0.31173667]
902
[0.05369631]
903
[0.53977741]
904
[0.65542028]
905
[0.11992829]
906
[0.20671342]
907
[0.31046442]
908
[0.05215972]
909
[0.22002923]
910
[0.59876638]
911
[0.08212225]
912
[0.27021228]
913
[0.03493568]
914
[0.75421626]
915
[0.33018794]
916
[0.13072385]
917
[0.13456391]
918
[0.12292195]
919
[0.73313738]
920
[0.00979205]
921
[0.01428155]
922
[0.12528247]
923
[0.35518513]
924
[0.44936123]
925
[0.0700997]
926
[0.80959503]
927
[0.51901894]
928
[0.45779577]
929
[0.29765955]
930
[0.25325005]
931
[0.22876545]
932
[0.14661671]
933
[0.20079775]
934
[0.146575]
935
[0.603756]
936
[0.70653151]
937
[0.27491624]
938
[0.22473]
939
[0.11690298]
940
[0.59186272]
941
[0.16924403]
942
[0.63458591]
943
[0.54886585]
944
[0.10673407]
945
[0.46225693]
946
[0.01016435]
947
[0.03815521]
948
[0.06284109]
949
[0.19280122]
950
[0.17670777]
951
[0.08643579]
952
[0.02094726]
953
[0.23237606]
954
[0.24875723]
955
[0.49321232]
956
[0.02830804]
957
[0.28715781]
958
[0.24120253]
959
[0.13785685]
960
[0.13826677]
961
[0.1928487]
962
[0.31305589]
963
[0.47724264]
964
[0.1597316]
965
[0.53095015]
966
[0.09453303]
967
[0.30129643]
968
[0.75321444]
969
[0.1084294]
970
[0.27355917]
971
[0.02407042]
972
[0.05567826]
973
[0.099521]
974
[0.15084262]
975
[0.05017811]
976
[0.28011028]
977
[0.05915407]
978
[0.02077653]
979
[0.64723812]
980
[0.29381226]
981
[0.30309958]
982
[0.21137001]
983
[0.14714701]
984
[0.19432167]
985
[0.03928217]
986
[0.53241692]
987
[0.18083342]
988
[0.06836461]
989
[0.33779494]
990
[0.14544946]
991
[0.39038241]
992
[0.2293874]
993
[0.37831033]
994
[0.10369542]
995
[0.34547499]
996
[0.58237891]
997
[0.41754264]
998
[0.0107363]
999
[0.22111464]
[1] 5000   11
[1] 5000   11
