LOADING R
R LOADED
[1] "/home/lvanderl/Rlibs2"                         
[2] "/app/software/R/4.3.1-gfbf-2022b/lib/R/library"
[1] "/home/lvanderl/sieveSims"
[1] "xg 10 1"
[1] 0.03700223
[1] 0.03700223
[1] 0.03700223
118.77551020408164
0
[0.1461671]
1
[0.14785151]
2
[0.15336141]
3
[0.14530915]
4
[0.13631592]
5
[0.12357476]
6
[0.16440001]
7
[0.16077043]
8
[0.14839179]
9
[0.15415801]
10
[0.13707543]
11
[0.13466275]
12
[0.13343205]
13
[0.13518343]
14
[0.12580421]
15
[0.11122987]
16
[0.13068767]
17
[0.13361289]
18
[0.14651981]
19
[0.14601881]
20
[0.12272324]
21
[0.13986133]
22
[0.1492858]
23
[0.14083136]
24
[0.13416315]
25
[0.13064048]
26
[0.13717177]
27
[0.14430913]
28
[0.15073011]
29
[0.15176411]
30
[0.14555912]
31
[0.12775876]
32
[0.11855419]
33
[0.156063]
34
[0.14601975]
35
[0.14984905]
36
[0.14998595]
37
[0.17323926]
38
[0.11691475]
39
[0.1304384]
40
[0.13187672]
41
[0.14477783]
42
[0.11924121]
43
[0.1236271]
44
[0.13316872]
45
[0.11960523]
46
[0.14718566]
47
[0.13701738]
48
[0.12521267]
49
[0.11949033]
50
[0.12372905]
51
[0.12987361]
52
[0.15052719]
53
[0.1284125]
54
[0.11036643]
55
[0.10523723]
56
[0.1239896]
57
[0.13384567]
58
[0.13586624]
59
[0.15513499]
60
[0.14956289]
61
[0.1172225]
62
[0.11988589]
63
[0.15115569]
64
[0.1491832]
65
[0.11279979]
66
[0.14518811]
67
[0.16611323]
68
[0.12972277]
69
[0.12055174]
70
[0.142443]
71
[0.14222857]
72
[0.12988323]
73
[0.11650536]
74
[0.15310982]
75
[0.14307849]
76
[0.14442114]
77
[0.14383593]
78
[0.15445954]
79
[0.11976879]
80
[0.1185798]
81
[0.12678936]
82
[0.15591418]
83
[0.126159]
84
[0.14644348]
85
[0.13642478]
86
[0.13279737]
87
[0.12660755]
88
[0.15050953]
89
[0.15090576]
90
[0.15227812]
91
[0.12232519]
92
[0.13843414]
93
[0.15041658]
94
[0.15235783]
95
[0.1370409]
96
[0.13786379]
97
[0.10671665]
98
[0.13601465]
99
[0.15414771]
100
[0.12049974]
101
[0.12987361]
102
[0.13646009]
103
[0.11960023]
104
[0.10723478]
105
[0.16028899]
106
[0.13191579]
107
[0.14273817]
108
[0.14219556]
109
[0.13970864]
110
[0.14808143]
111
[0.12138876]
112
[0.14906142]
113
[0.11613687]
114
[0.13956845]
115
[0.14938081]
116
[0.1496492]
117
[0.12820616]
118
[0.14262361]
119
[0.14230327]
120
[0.13971215]
121
[0.12595582]
122
[0.13522141]
123
[0.14387316]
124
[0.12654437]
125
[0.12587852]
126
[0.14370647]
127
[0.13919548]
128
[0.12854191]
129
[0.12914776]
130
[0.12172017]
131
[0.15358191]
132
[0.11549779]
133
[0.14103997]
134
[0.13320285]
135
[0.13586535]
136
[0.14840369]
137
[0.12544054]
138
[0.14587102]
139
[0.14151168]
140
[0.11837008]
141
[0.14050025]
142
[0.13708566]
143
[0.11389326]
144
[0.13128899]
145
[0.17328518]
146
[0.11837749]
147
[0.13277409]
148
[0.13802415]
149
[0.13857165]
150
[0.1269427]
151
[0.11656079]
152
[0.09991045]
153
[0.12129857]
154
[0.15783923]
155
[0.14148659]
156
[0.13774697]
157
[0.11389326]
158
[0.13315614]
159
[0.11617922]
160
[0.13810804]
161
[0.12177657]
162
[0.13734382]
163
[0.14107048]
164
[0.15468838]
165
[0.13719794]
166
[0.11455911]
167
[0.12936525]
168
[0.17501288]
169
[0.12975013]
170
[0.14948421]
171
[0.15527005]
172
[0.15001214]
173
[0.12787607]
174
[0.10368827]
175
[0.14079388]
176
[0.13943475]
177
[0.13895219]
178
[0.15734389]
179
[0.12643901]
180
[0.15854708]
181
[0.1338687]
182
[0.15317829]
183
[0.1503809]
184
[0.14382009]
185
[0.12454683]
186
[0.12175034]
187
[0.15143863]
188
[0.15796549]
189
[0.14415732]
190
[0.13053946]
191
[0.12263974]
192
[0.12048626]
193
[0.15517584]
194
[0.15151475]
195
[0.1502645]
196
[0.12754432]
197
[0.12618975]
198
[0.13057348]
199
[0.13574259]
200
[0.13369459]
201
[0.13719794]
202
[0.14427618]
203
[0.14052718]
204
[0.13268975]
205
[0.14944569]
206
[0.1373728]
207
[0.15096102]
208
[0.1347627]
209
[0.13195223]
210
[0.13919548]
211
[0.14131879]
212
[0.14170351]
213
[0.12807406]
214
[0.1172225]
215
[0.13741897]
216
[0.13034813]
217
[0.14490965]
218
[0.1473956]
219
[0.13295341]
220
[0.14242739]
221
[0.11922004]
222
[0.15080357]
223
[0.1284761]
224
[0.1353127]
225
[0.1330579]
226
[0.16574971]
227
[0.11522495]
228
[0.15557703]
229
[0.12818599]
230
[0.14068957]
231
[0.1419933]
232
[0.14484404]
233
[0.13689119]
234
[0.12787607]
235
[0.14748724]
236
[0.14651981]
237
[0.13839651]
238
[0.14002734]
239
[0.13428146]
240
[0.12920776]
241
[0.12443585]
242
[0.14077284]
243
[0.14482888]
244
[0.16078116]
245
[0.11576893]
246
[0.15551446]
247
[0.13913771]
248
[0.12331771]
249
[0.14678431]
250
[0.1451289]
251
[0.11916349]
252
[0.15414313]
253
[0.12250219]
254
[0.13758501]
255
[0.13965509]
256
[0.13562307]
257
[0.15850508]
258
[0.11437108]
259
[0.13022922]
260
[0.14886928]
261
[0.15738305]
262
[0.14765032]
263
[0.13786379]
264
[0.13498103]
265
[0.15096329]
266
[0.14062735]
267
[0.12254928]
268
[0.11918744]
269
[0.11931601]
270
[0.12574119]
271
[0.15025279]
272
[0.15517584]
273
[0.15106016]
274
[0.13603054]
275
[0.13218716]
276
[0.14123158]
277
[0.13058718]
278
[0.13549606]
279
[0.11915683]
280
[0.13897883]
281
[0.11866546]
282
[0.12636398]
283
[0.18072719]
284
[0.15733153]
285
[0.1343144]
286
[0.13320285]
287
[0.13332974]
288
[0.14342057]
289
[0.13586624]
290
[0.13728021]
291
[0.11223149]
292
[0.12715414]
293
[0.14916579]
294
[0.1297103]
295
[0.12795541]
296
[0.13053946]
297
[0.12013725]
298
[0.14210386]
299
[0.14796728]
300
[0.12480803]
301
[0.17633153]
302
[0.12632527]
303
[0.15665899]
304
[0.14251213]
305
[0.12967488]
306
[0.15924125]
307
[0.13276953]
308
[0.12208931]
309
[0.12913321]
310
[0.1491832]
311
[0.16237081]
312
[0.14491693]
313
[0.15677623]
314
[0.13338102]
315
[0.14651981]
316
[0.14089686]
317
[0.13372666]
318
[0.14252407]
319
[0.13446121]
320
[0.12309077]
321
[0.14840023]
322
[0.14484582]
323
[0.13919548]
324
[0.14306019]
325
[0.16513338]
326
[0.12920776]
327
[0.14007841]
328
[0.14344445]
329
[0.13103603]
330
[0.1641762]
331
[0.11788835]
332
[0.12003723]
333
[0.12228303]
334
[0.10989817]
335
[0.11973021]
336
[0.15170479]
337
[0.12611826]
338
[0.10523723]
339
[0.13852123]
340
[0.13626435]
341
[0.13108186]
342
[0.14888257]
343
[0.13430559]
344
[0.11653091]
345
[0.15156761]
346
[0.15584168]
347
[0.1355528]
348
[0.14719768]
349
[0.13611927]
350
[0.1392467]
351
[0.11056402]
352
[0.13563707]
353
[0.15934641]
354
[0.14851735]
355
[0.12735293]
356
[0.14359438]
357
[0.15967187]
358
[0.15845913]
359
[0.13320285]
360
[0.11818621]
361
[0.12605802]
362
[0.15168449]
363
[0.14518811]
364
[0.14889973]
365
[0.13006373]
366
[0.12867426]
367
[0.13919548]
368
[0.14769619]
369
[0.11988589]
370
[0.14526376]
371
[0.14392159]
372
[0.15251244]
373
[0.1165399]
374
[0.1387315]
375
[0.15741069]
376
[0.11788835]
377
[0.13482458]
378
[0.13787394]
379
[0.13400128]
380
[0.1386966]
381
[0.12787607]
382
[0.13878126]
383
[0.11988589]
384
[0.1453811]
385
[0.12346703]
386
[0.13399522]
387
[0.13609771]
388
[0.11060853]
389
[0.14404005]
390
[0.16458115]
391
[0.14891891]
392
[0.13415489]
393
[0.14478332]
394
[0.14900755]
395
[0.11122987]
396
[0.13563536]
397
[0.13053946]
398
[0.10646501]
399
[0.12376148]
400
[0.1518466]
401
[0.15722799]
402
[0.13653209]
403
[0.12578835]
404
[0.12987992]
405
[0.1393834]
406
[0.14785151]
407
[0.1387157]
408
[0.11455911]
409
[0.15118672]
410
[0.17392969]
411
[0.15496483]
412
[0.13982329]
413
[0.15428539]
414
[0.14092678]
415
[0.13560475]
416
[0.16912898]
417
[0.13199877]
418
[0.16634034]
419
[0.13115378]
420
[0.13334642]
421
[0.12454683]
422
[0.13602255]
423
[0.14052718]
424
[0.15055474]
425
[0.14073821]
426
[0.11975]
427
[0.11288034]
428
[0.10457139]
429
[0.13230187]
430
[0.11476901]
431
[0.13421066]
432
[0.1318639]
433
[0.1540141]
434
[0.13921549]
435
[0.15069454]
436
[0.15591962]
437
[0.12321513]
438
[0.15517584]
439
[0.13674925]
440
[0.12012817]
441
[0.11189571]
442
[0.16042496]
443
[0.13781972]
444
[0.16656961]
445
[0.11419808]
446
[0.13934973]
447
[0.13805438]
448
[0.14518811]
449
[0.15983677]
450
[0.13626715]
451
[0.14701035]
452
[0.16170036]
453
[0.16216114]
454
[0.16957869]
455
[0.14455003]
456
[0.13410484]
457
[0.15437622]
458
[0.1491832]
459
[0.13167915]
460
[0.12233839]
461
[0.12435933]
462
[0.14319057]
463
[0.14951831]
464
[0.14081792]
465
[0.13971714]
466
[0.12721022]
467
[0.12854191]
468
[0.12966841]
469
[0.11876627]
470
[0.14052718]
471
[0.12507149]
472
[0.16023495]
473
[0.14452227]
474
[0.11157398]
475
[0.13538141]
476
[0.120569]
477
[0.15817978]
478
[0.12721022]
479
[0.12254928]
480
[0.14219795]
481
[0.14314583]
482
[0.11099371]
483
[0.15567322]
484
[0.12161475]
485
[0.14376086]
486
[0.1608734]
487
[0.14207538]
488
[0.16178646]
489
[0.12799524]
490
[0.14971108]
491
[0.1571322]
492
[0.12876225]
493
[0.1413879]
494
[0.15036317]
495
[0.14062994]
496
[0.12948074]
497
[0.14348635]
498
[0.13545353]
499
[1] 2500   11
[1] 2500   11
[0.13785444]
