LOADING R
R LOADED
[1] "/home/lvanderl/Rlibs2"                         
[2] "/app/software/R/4.3.1-gfbf-2022b/lib/R/library"
[1] "/home/lvanderl/sieveSims"
[1] "gam 10 2"
[1] 0.1006832
[1] 0.1006832
[1] 0.1006832
70.04081632653062
0
[0.14313932]
1
[0.09848068]
2
[0.08844206]
3
[0.05584229]
4
[0.11244214]
5
[0.10501502]
6
[0.07795344]
7
[0.1036388]
8
[0.08427896]
9
[0.1064901]
10
[0.09234999]
11
[0.03809299]
12
[0.09431672]
13
[0.11377978]
14
[0.09034375]
15
[0.07438035]
16
[0.07868118]
17
[0.08616191]
18
[0.10188641]
19
[0.09137638]
20
[0.07187735]
21
[0.10652361]
22
[0.14358465]
23
[0.10253494]
24
[0.07580877]
25
[0.15082018]
26
[0.11429525]
27
[0.12491336]
28
[0.11199017]
29
[0.11682578]
30
[0.0861157]
31
[0.11033216]
32
[0.13515121]
33
[0.08367618]
34
[0.09939622]
35
[0.08860503]
36
[0.08402068]
37
[0.0685539]
38
[0.10358214]
39
[0.08904398]
40
[0.06199706]
41
[0.1288467]
42
[0.08600114]
43
[0.14514272]
44
[0.10745955]
45
[0.0962263]
46
[0.08999006]
47
[0.10878861]
48
[0.11506167]
49
[0.09069181]
50
[0.13310359]
51
[0.10018749]
52
[0.10886846]
53
[0.08542959]
54
[0.1306267]
55
[0.08794079]
56
[0.13424292]
57
[0.08503413]
58
[0.10468003]
59
[0.09547437]
60
[0.10607863]
61
[0.15040141]
62
[0.06935796]
63
[0.13453901]
64
[0.11845656]
65
[0.10604645]
66
[0.09633465]
67
[0.14302197]
68
[0.11108156]
69
[0.08040721]
70
[0.11686585]
71
[0.10349064]
72
[0.14433093]
73
[0.09214899]
74
[0.1130584]
75
[0.12436189]
76
[0.09950095]
77
[0.0794028]
78
[0.09526344]
79
[0.11915855]
80
[0.09203462]
81
[0.13182778]
82
[0.12155424]
83
[0.11839673]
84
[0.09002495]
85
[0.09337252]
86
[0.10868431]
87
[0.13781222]
88
[0.11556391]
89
[0.08204348]
90
[0.11904909]
91
[0.10063756]
92
[0.10387021]
93
[0.08963674]
94
[0.10458751]
95
[0.09562301]
96
[0.07538482]
97
[0.1033858]
98
[0.09900583]
99
[0.11852032]
100
[0.0946202]
101
[0.13214289]
102
[0.06677537]
103
[0.11489512]
104
[0.07492607]
105
[0.09927849]
106
[0.08724368]
107
[0.05517548]
108
[0.07066101]
109
[0.11116494]
110
[0.12959458]
111
[0.07791655]
112
[0.12000231]
113
[0.07211756]
114
[0.07101356]
115
[0.11677939]
116
[0.13052058]
117
[0.10150123]
118
[0.11739371]
119
[0.09899003]
120
[0.09892458]
121
[0.09980235]
122
[0.09085712]
123
[0.07779217]
124
[0.08534261]
125
[0.10433572]
126
[0.08508522]
127
[0.10631244]
128
[0.08743855]
129
[0.10011037]
130
[0.07381702]
131
[0.12497491]
132
[0.12051369]
133
[0.11234117]
134
[0.10047179]
135
[0.07990188]
136
[0.12138666]
137
[0.09725821]
138
[0.08210427]
139
[0.12677317]
140
[0.10412825]
141
[0.09962713]
142
[0.10291523]
143
[0.11054152]
144
[0.12372205]
145
[0.11408726]
146
[0.03520574]
147
[0.08621569]
148
[0.08632025]
149
[0.12143805]
150
[0.07905492]
151
[0.10209374]
152
[0.04475288]
153
[0.08590215]
154
[0.09492821]
155
[0.1160637]
156
[0.10600547]
157
[0.10551914]
158
[0.08371416]
159
[0.09748332]
160
[0.14301272]
161
[0.07678168]
162
[0.10421895]
163
[0.06825367]
164
[0.11105353]
165
[0.13020481]
166
[0.12153665]
167
[0.13349117]
168
[0.11726485]
169
[0.07883865]
170
[0.11959458]
171
[0.11834966]
172
[0.13536397]
173
[0.12182854]
174
[0.10718777]
175
[0.10033244]
176
[0.09283544]
177
[0.12153151]
178
[0.13766679]
179
[0.11852524]
180
[0.09841489]
181
[0.10688251]
182
[0.07739378]
183
[0.10260708]
184
[0.07711571]
185
[0.12008405]
186
[0.11290311]
187
[0.11530612]
188
[0.09396186]
189
[0.09834616]
190
[0.12317586]
191
[0.09947636]
192
[0.08649396]
193
[0.07890049]
194
[0.08696636]
195
[0.09286097]
196
[0.04486196]
197
[0.09288438]
198
[0.07796757]
199
[0.08864268]
200
[0.08820368]
201
[0.09880357]
202
[0.07752611]
203
[0.09590852]
204
[0.10280335]
205
[0.08819234]
206
[0.12645379]
207
[0.10551914]
208
[0.11227496]
209
[0.11128315]
210
[0.08743855]
211
[0.12331921]
212
[0.10903481]
213
[0.11890776]
214
[0.09647884]
215
[0.10208426]
216
[0.08567579]
217
[0.11286635]
218
[0.13819532]
219
[0.09067007]
220
[0.09790797]
221
[0.07036244]
222
[0.06282886]
223
[0.08794079]
224
[0.14029717]
225
[0.07443334]
226
[0.13819401]
227
[0.07890049]
228
[0.09840605]
229
[0.11093581]
230
[0.1329338]
231
[0.07460659]
232
[0.08509945]
233
[0.088322]
234
[0.11054152]
235
[0.11635556]
236
[0.08694544]
237
[0.09622781]
238
[0.1272355]
239
[0.12332502]
240
[0.12310411]
241
[0.09986956]
242
[0.11905688]
243
[0.08028556]
244
[0.10397318]
245
[0.10855774]
246
[0.08514031]
247
[0.1041817]
248
[0.08090945]
249
[0.11266018]
250
[0.10969528]
251
[0.09455897]
252
[0.09786927]
253
[0.10057496]
254
[0.08055573]
255
[0.11059174]
256
[0.0890782]
257
[0.09749091]
258
[0.09982464]
259
[0.07926428]
260
[0.10037378]
261
[0.1003416]
262
[0.06744715]
263
[0.10057637]
264
[0.12347719]
265
[0.10451564]
266
[0.13268884]
267
[0.08040721]
268
[0.10077911]
269
[0.10260507]
270
[0.10285891]
271
[0.12110017]
272
[0.0829184]
273
[0.06922399]
274
[0.06791645]
275
[0.10996281]
276
[0.09016484]
277
[0.08335554]
278
[0.09535912]
279
[0.10646337]
280
[0.1214535]
281
[0.09685747]
282
[0.12332802]
283
[0.13777285]
284
[0.11351072]
285
[0.1054443]
286
[0.10100802]
287
[0.08398646]
288
[0.0783074]
289
[0.10752809]
290
[0.11890207]
291
[0.06433557]
292
[0.15093751]
293
[0.12114966]
294
[0.07710015]
295
[0.08612005]
296
[0.06433557]
297
[0.11945485]
298
[0.11207467]
299
[0.12916959]
300
[0.12221268]
301
[0.0989267]
302
[0.09928282]
303
[0.12402494]
304
[0.10099604]
305
[0.09592287]
306
[0.09154546]
307
[0.08422832]
308
[0.12768633]
309
[0.11634004]
310
[0.12258696]
311
[0.10675377]
312
[0.07228797]
313
[0.09272306]
314
[0.0750655]
315
[0.08241616]
316
[0.10225835]
317
[0.12671503]
318
[0.13232494]
319
[0.10478432]
320
[0.07835403]
321
[0.12392411]
322
[0.08346001]
323
[0.09647884]
324
[0.07727334]
325
[0.06738541]
326
[0.09899003]
327
[0.10535859]
328
[0.09942034]
329
[0.10140525]
330
[0.0721314]
331
[0.12662208]
332
[0.1016114]
333
[0.08534807]
334
[0.10200347]
335
[0.09501959]
336
[0.07992882]
337
[0.08534028]
338
[0.08707246]
339
[0.11690629]
340
[0.0843845]
341
[0.08474453]
342
[0.10211604]
343
[0.10819692]
344
[0.09424996]
345
[0.0894475]
346
[0.09994001]
347
[0.13661201]
348
[0.12988885]
349
[0.07647373]
350
[0.08384614]
351
[0.09949227]
352
[0.11754589]
353
[0.14156158]
354
[0.11054152]
355
[0.12392914]
356
[0.10234588]
357
[0.07827512]
358
[0.12284108]
359
[0.12140348]
360
[0.11020935]
361
[0.10095046]
362
[0.09932166]
363
[0.12915415]
364
[0.11556391]
365
[0.07954933]
366
[0.12873664]
367
[0.12021762]
368
[0.15021915]
369
[0.11506167]
370
[0.10412543]
371
[0.07233522]
372
[0.11470852]
373
[0.08236518]
374
[0.12168303]
375
[0.1162618]
376
[0.08794079]
377
[0.08546473]
378
[0.11565337]
379
[0.06652264]
380
[0.11882831]
381
[0.10445487]
382
[0.12910677]
383
[0.10751978]
384
[0.11663993]
385
[0.10729153]
386
[0.11889181]
387
[0.08361602]
388
[0.09157921]
389
[0.10313538]
390
[0.06372044]
391
[0.11892494]
392
[0.08343419]
393
[0.0957308]
394
[0.11781895]
395
[0.09949227]
396
[0.1093452]
397
[0.08844303]
398
[0.10630604]
399
[0.11782791]
400
[0.11489795]
401
[0.11837932]
402
[0.11405719]
403
[0.06863298]
404
[0.12398451]
405
[0.10100318]
406
[0.11143744]
407
[0.10995231]
408
[0.11958182]
409
[0.07090753]
410
[0.08123068]
411
[0.09429759]
412
[0.08672162]
413
[0.10174247]
414
[0.09626005]
415
[0.10150312]
416
[0.12819969]
417
[0.09373395]
418
[0.10790342]
419
[0.12013082]
420
[0.12183275]
421
[0.07353477]
422
[0.09206443]
423
[0.07036244]
424
[0.06743923]
425
[0.12422312]
426
[0.07103985]
427
[0.08384234]
428
[0.0698602]
429
[0.10703919]
430
[0.13317387]
431
[0.11293292]
432
[0.14969893]
433
[0.09937892]
434
[0.08967076]
435
[0.07076931]
436
[0.1182948]
437
[0.06913982]
438
[0.10255002]
439
[0.09869915]
440
[0.13180414]
441
[0.11657496]
442
[0.10595885]
443
[0.10787174]
444
[0.1155892]
445
[0.11897593]
446
[0.10662706]
447
[0.12183374]
448
[0.10110267]
449
[0.09446989]
450
[0.06023445]
451
[0.09988187]
452
[0.10414515]
453
[0.0754338]
454
[0.11759695]
455
[0.0855362]
456
[0.11036174]
457
[0.08616463]
458
[0.13515121]
459
[0.13183401]
460
[0.12195784]
461
[0.09547437]
462
[0.09844512]
463
[0.09865414]
464
[0.13669747]
465
[0.07337839]
466
[0.09262119]
467
[0.08794079]
468
[0.13914108]
469
[0.10628667]
470
[0.08796474]
471
[0.07438035]
472
[0.12314996]
473
[0.11147705]
474
[0.07237139]
475
[0.12441578]
476
[0.12064368]
477
[0.12950735]
478
[0.10939701]
479
[0.08417784]
480
[0.10169697]
481
[0.12748155]
482
[0.0867403]
483
[0.1143976]
484
[0.06048001]
485
[0.09207873]
486
[0.08110852]
487
[0.11578427]
488
[0.08273453]
489
[0.08350131]
490
[0.10158211]
491
[0.1172503]
492
[0.08807579]
493
[0.09903151]
494
[0.08182443]
495
[0.07246205]
496
[0.12151955]
497
[0.09772413]
498
[0.12879204]
499
[1] 2500   11
[1] 2500   11
[0.10077625]
