LOADING R
R LOADED
[1] "/home/lvanderl/Rlibs2"                         
[2] "/app/software/R/4.3.1-gfbf-2022b/lib/R/library"
[1] "/home/lvanderl/sieveSims"
[1] "xg 20 4"
[1] "histogram binning"
[1] 0.0777551
[1] 0.0777551
[1] "mondrian"
[1] "iso"
[1] 0.0777551
[1] "conditional"
[   10.            11.51395399    13.25711366    15.26417967
    17.57510625    20.23589648    23.29951811    26.82695795
    30.88843596    35.56480306    40.94915062    47.14866363
    54.28675439    62.50551925    71.9685673     82.86427729
    95.40954763   109.8541142    126.48552169   145.63484775
   167.68329368   193.06977289   222.29964825   255.95479227
   294.70517026   339.32217719   390.69399371   449.8432669
   517.94746792   596.36233166   686.648845     790.60432109
   910.29817799  1048.11313415  1206.79264064  1389.49549437
  1599.85871961  1842.06996933  2120.95088792  2442.05309455
  2811.76869797  3237.45754282  3727.59372031  4291.93426013
  4941.71336132  5689.86602902  6551.2855686   7543.12006335
  8685.11373751 10000.        ]
[0.19805296 0.1983342  0.19791312 0.1967491  0.19562042 0.19469518
 0.1932875  0.19199021 0.19096299 0.18912319 0.18762053 0.18537675
 0.1834126  0.18066696 0.177312   0.17412202 0.17119954 0.16751319
 0.16385397 0.15948338 0.15554547 0.15166171 0.14753837 0.14354026
 0.13994943 0.13678345 0.13395987 0.13152505 0.13007751 0.12922446
 0.12870788 0.12878273 0.12869072 0.12874973 0.12868201 0.12866191
 0.12862066 0.12879289 0.12863959 0.12865026 0.12878984 0.12873587
 0.12903025 0.12865394 0.12852247 0.12882643 0.12877682 0.12871514
 0.12869327 0.12883096]
4941.713361323833
0.00020235896477251576
0
[0.61442187]
1
[0.22378903]
2
[0.02616573]
3
[0.00078997]
4
[0.78743839]
5
[0.78743839]
6
[0.57366687]
7
[0.71438697]
8
[0.52060847]
9
[0.78743839]
10
[0.78743839]
11
[0.0023279]
12
[0.78743839]
13
[0.01770714]
14
[0.70208357]
15
[0.15150658]
16
[0.78743839]
17
[0.54137046]
18
[0.28453705]
19
[0.40910894]
20
[0.00617271]
21
[0.09152752]
22
[0.63672178]
23
[0.62441838]
24
[0.60058055]
25
[0.35220573]
26
[0.78743839]
27
[0.78743839]
28
[0.67055612]
29
[0.61903565]
30
[0.67055612]
31
[0.38065734]
32
[0.09767922]
33
[0.73668687]
34
[0.50292234]
35
[0.29453356]
36
[0.48600517]
37
[0.78743839]
38
[0.78743839]
39
[0.33990234]
40
[0.56597725]
41
[0.3283679]
42
[0.58366338]
43
[0.32221621]
44
[0.37450564]
45
[0.78743839]
46
[0.21379252]
47
[0.58827715]
48
[0.04692771]
49
[0.78743839]
50
[0.77667291]
51
[0.21302356]
52
[0.78743839]
53
[0.01847611]
54
[0.29453356]
55
[0.13535837]
56
[0.42602611]
57
[0.78743839]
58
[0.21609941]
59
[0.0246278]
60
[0.37911941]
61
[0.15688932]
62
[0.06615177]
63
[0.56520829]
64
[0.28530602]
65
[0.64671829]
66
[0.17995818]
67
[0.78743839]
68
[0.33682649]
69
[0.08922063]
70
[0.60750121]
71
[0.78743839]
72
[0.42756404]
73
[0.78743839]
74
[0.46601215]
75
[0.39219177]
76
[0.59904263]
77
[0.78743839]
78
[0.78743839]
79
[0.43525366]
80
[0.74130065]
81
[0.47293281]
82
[0.49446376]
83
[0.75898678]
84
[0.3814263]
85
[0.69977669]
86
[0.69208706]
87
[0.78743839]
88
[0.0838379]
89
[0.71438697]
90
[0.78743839]
91
[0.78743839]
92
[0.00078997]
93
[0.78743839]
94
[0.78743839]
95
[0.78743839]
96
[0.11075158]
97
[0.78743839]
98
[0.78743839]
99
[0.78743839]
100
[0.43986743]
101
[0.21917526]
102
[0.77744188]
103
[0.78743839]
104
[0.25993026]
105
[0.53060498]
106
[0.41833649]
107
[0.78743839]
108
[0.0023279]
109
[0.71284904]
110
[0.60211848]
111
[0.00078997]
112
[0.70208357]
113
[0.00078997]
114
[0.75129716]
115
[0.50061545]
116
[0.78743839]
117
[0.04000705]
118
[0.78743839]
119
[0.02616573]
120
[0.30837488]
121
[0.387578]
122
[0.78743839]
123
[0.54290838]
124
[0.23532347]
125
[0.24608894]
126
[0.78743839]
127
[0.183803]
128
[0.12766875]
129
[0.26146819]
130
[0.54829112]
131
[0.53137395]
132
[0.78051772]
133
[0.54982904]
134
[0.28223017]
135
[0.38065734]
136
[0.78743839]
137
[0.60750121]
138
[0.78743839]
139
[0.34989885]
140
[0.5344498]
141
[0.5690531]
142
[0.78743839]
143
[0.13228252]
144
[0.38296423]
145
[0.78743839]
146
[0.01001752]
147
[0.78743839]
148
[0.38450215]
149
[0.78743839]
150
[0.00078997]
151
[0.34836092]
152
[0.0492346]
153
[0.62903216]
154
[0.24378205]
155
[0.67209404]
156
[0.78743839]
157
[0.10075507]
158
[0.78743839]
159
[0.02924158]
160
[0.34605404]
161
[0.40449517]
162
[0.46601215]
163
[0.78743839]
164
[0.76744537]
165
[0.29760941]
166
[0.24839583]
167
[0.78743839]
168
[0.78743839]
169
[0.469088]
170
[0.32298517]
171
[0.78743839]
172
[0.27761639]
173
[0.15842724]
174
[0.78743839]
175
[0.78743839]
176
[0.62903216]
177
[0.78743839]
178
[0.78743839]
179
[0.72745933]
180
[0.78743839]
181
[0.22532696]
182
[0.11382743]
183
[0.64902517]
184
[0.69823876]
185
[0.15458243]
186
[0.37450564]
187
[0.78743839]
188
[0.53675668]
189
[0.55521178]
190
[0.16150309]
191
[0.51753263]
192
[0.51368781]
193
[0.04769667]
194
[0.78743839]
195
[0.55136697]
196
[0.00078997]
197
[0.76821433]
198
[0.78743839]
199
[0.55598074]
200
[0.29914734]
201
[0.15073762]
202
[0.66594235]
203
[0.17611337]
204
[0.56213244]
205
[0.591353]
206
[0.78743839]
207
[0.04077601]
208
[0.4813914]
209
[0.71669386]
210
[0.12843771]
211
[0.35605055]
212
[0.02308988]
213
[0.71361801]
214
[0.05692422]
215
[0.36989187]
216
[0.78743839]
217
[0.46831904]
218
[0.78743839]
219
[0.74745235]
220
[0.78743839]
221
[0.09921714]
222
[0.02001403]
223
[0.01770714]
224
[0.78743839]
225
[0.61057706]
226
[0.47600866]
227
[0.1307446]
228
[0.64979414]
229
[0.30529904]
230
[0.69362499]
231
[0.45140187]
232
[0.49061895]
233
[0.77129018]
234
[0.05000356]
235
[0.56828414]
236
[0.18072715]
237
[0.78743839]
238
[0.46831904]
239
[0.78743839]
240
[0.14304799]
241
[0.78743839]
242
[0.78743839]
243
[0.45293979]
244
[0.78743839]
245
[0.59058404]
246
[0.63057008]
247
[0.78743839]
248
[0.04154497]
249
[0.78743839]
250
[0.34297819]
251
[0.30299215]
252
[0.78743839]
253
[0.77205914]
254
[0.46524319]
255
[0.38373319]
256
[0.78743839]
257
[0.05384837]
258
[0.68901121]
259
[0.76898329]
260
[0.76898329]
261
[0.2814612]
262
[0.78743839]
263
[0.19764432]
264
[0.33528856]
265
[0.39757451]
266
[0.53368083]
267
[0.09460337]
268
[0.38373319]
269
[0.00078997]
270
[0.73514895]
271
[0.78743839]
272
[0.11459639]
273
[0.68132159]
274
[0.78743839]
275
[0.78743839]
276
[0.78743839]
277
[0.39296074]
278
[0.78743839]
279
[0.78743839]
280
[0.48292932]
281
[0.73361103]
282
[0.78743839]
283
[0.44832602]
284
[0.78743839]
285
[0.67978367]
286
[0.27607847]
287
[0.74745235]
288
[0.55751866]
289
[0.06692073]
290
[0.37681253]
291
[0.04000705]
292
[0.4629363]
293
[0.41372272]
294
[0.40603309]
295
[0.56982206]
296
[0.10075507]
297
[0.78743839]
298
[0.65748376]
299
[0.78743839]
300
[0.78743839]
301
[0.56367036]
302
[0.00540375]
303
[0.70131461]
304
[0.58058753]
305
[0.78743839]
306
[0.51676366]
307
[0.78743839]
308
[0.78743839]
309
[0.32682998]
310
[0.15612035]
311
[0.37219875]
312
[0.74283857]
313
[0.41987442]
314
[0.5690531]
315
[0.10536884]
316
[0.7197697]
317
[0.24301309]
318
[0.16227205]
319
[0.78743839]
320
[0.54213942]
321
[0.46524319]
322
[0.78743839]
323
[0.05461733]
324
[0.67516989]
325
[0.32221621]
326
[0.14074111]
327
[0.64594933]
328
[0.34836092]
329
[0.3122197]
330
[0.78743839]
331
[0.16073413]
332
[0.47754659]
333
[0.00078997]
334
[0.12613082]
335
[0.78743839]
336
[0.78743839]
337
[0.54367734]
338
[0.2061029]
339
[0.53598772]
340
[0.00078997]
341
[0.70208357]
342
[0.72899725]
343
[0.60211848]
344
[0.58135649]
345
[0.03923809]
346
[0.21763734]
347
[0.55598074]
348
[0.36297121]
349
[0.78743839]
350
[0.78743839]
351
[0.11767224]
352
[0.56443932]
353
[0.69593187]
354
[0.11767224]
355
[0.2876129]
356
[0.69977669]
357
[0.78743839]
358
[0.31068177]
359
[0.19226158]
360
[0.78743839]
361
[0.55444281]
362
[0.44140536]
363
[0.21533045]
364
[0.05077252]
365
[0.00078997]
366
[0.56828414]
367
[0.16996167]
368
[0.78743839]
369
[0.07691724]
370
[0.41833649]
371
[0.37681253]
372
[0.20148913]
373
[0.7197697]
374
[0.62134253]
375
[0.69285602]
376
[0.06999658]
377
[0.32067828]
378
[0.49523272]
379
[0.4221813]
380
[0.01540026]
381
[0.1530445]
382
[0.78743839]
383
[0.13843422]
384
[0.78743839]
385
[0.78743839]
386
[0.36835394]
387
[0.43909847]
388
[0.78743839]
389
[0.65517687]
390
[0.78743839]
391
[0.74514546]
392
[0.68132159]
393
[0.78743839]
394
[0.78743839]
395
[0.14612384]
396
[0.71438697]
397
[0.07230346]
398
[0.4221813]
399
[0.36835394]
400
[0.18226507]
401
[0.78743839]
402
[0.0653828]
403
[0.00078997]
404
[0.30683696]
405
[0.78743839]
406
[0.23532347]
407
[0.78743839]
408
[0.14227903]
409
[0.59442885]
410
[0.78743839]
411
[0.70592838]
412
[0.78743839]
413
[0.53598772]
414
[0.78743839]
415
[0.78743839]
416
[0.75821782]
417
[0.78743839]
418
[0.60288744]
419
[0.32221621]
420
[0.51214989]
421
[0.21071668]
422
[0.78436254]
423
[0.13228252]
424
[0.54675319]
425
[0.49984649]
426
[0.65594584]
427
[0.76590744]
428
[0.07691724]
429
[0.6159598]
430
[0.38296423]
431
[0.58289442]
432
[0.69670084]
433
[0.58135649]
434
[0.71900074]
435
[0.49292583]
436
[0.44217432]
437
[0.26838885]
438
[0.21763734]
439
[0.67363197]
440
[0.67209404]
441
[0.20379601]
442
[0.78743839]
443
[0.66055961]
444
[0.52368432]
445
[0.78743839]
446
[0.45217083]
447
[0.4629363]
448
[0.22378903]
449
[0.12689979]
450
[0.68978018]
451
[0.78743839]
452
[0.64594933]
453
[0.34759196]
454
[0.56597725]
455
[0.54521527]
456
[0.78743839]
457
[0.34528507]
458
[0.12766875]
459
[0.78743839]
460
[0.78743839]
461
[0.01693818]
462
[0.15765828]
463
[0.62749423]
464
[0.77129018]
465
[0.58597027]
466
[0.15458243]
467
[0.08691375]
468
[0.49215687]
469
[0.78743839]
470
[0.17534441]
471
[0.05307941]
472
[0.53598772]
473
[0.17918922]
474
[0.06307592]
475
[0.76744537]
476
[0.78743839]
477
[0.39603658]
478
[0.27300262]
479
[0.25224064]
480
[0.32990583]
481
[0.57289791]
482
[0.53368083]
483
[0.3283679]
484
[0.62364942]
485
[0.65210102]
486
[0.5221464]
487
[0.35374366]
488
[0.59827366]
489
[0.5752048]
490
[0.31837139]
491
[0.2814612]
492
[0.51368781]
493
[0.591353]
494
[0.58520131]
495
[0.35220573]
496
[0.54598423]
497
[0.78743839]
498
[0.40449517]
499
[0.78743839]
500
[0.05846214]
501
[0.78743839]
502
[0.78743839]
503
[0.24224413]
504
[0.00617271]
505
[0.43832951]
506
[0.14227903]
507
[0.78743839]
508
[0.78743839]
509
[0.78743839]
510
[0.59673574]
511
[0.5036913]
512
[0.78743839]
513
[0.63133904]
514
[0.24455102]
515
[0.78743839]
516
[0.41756753]
517
[0.75514197]
518
[0.4813914]
519
[0.1591962]
520
[0.27684743]
521
[0.55598074]
522
[0.10152403]
523
[0.00078997]
524
[0.43140885]
525
[0.75667989]
526
[0.60750121]
527
[0.30376111]
528
[0.69054914]
529
[0.46216734]
530
[0.78743839]
531
[0.73668687]
532
[0.78743839]
533
[0.23147866]
534
[0.11075158]
535
[0.17842026]
536
[0.4160296]
537
[0.49292583]
538
[0.17534441]
539
[0.77821084]
540
[0.78743839]
541
[0.28299913]
542
[0.50138442]
543
[0.59442885]
544
[0.70439046]
545
[0.12305498]
546
[0.27300262]
547
[0.72053867]
548
[0.55136697]
549
[0.78743839]
550
[0.44525017]
551
[0.36989187]
552
[0.26146819]
553
[0.1937995]
554
[0.62441838]
555
[0.23763035]
556
[0.78743839]
557
[0.24608894]
558
[0.66440442]
559
[0.55290489]
560
[0.61826668]
561
[0.78743839]
562
[0.12536186]
563
[0.12151705]
564
[0.09075856]
565
[0.05615526]
566
[0.51676366]
567
[0.14074111]
568
[0.78743839]
569
[0.00078997]
570
[0.34836092]
571
[0.4467881]
572
[0.16688583]
573
[0.32221621]
574
[0.21763734]
575
[0.24531998]
576
[0.78743839]
577
[0.38219526]
578
[0.35528158]
579
[0.56443932]
580
[0.66440442]
581
[0.63979763]
582
[0.06768969]
583
[0.57212895]
584
[0.7197697]
585
[0.78743839]
586
[0.57212895]
587
[0.09537233]
588
[0.06000007]
589
[0.31375762]
590
[0.78743839]
591
[0.45755357]
592
[0.78743839]
593
[0.41987442]
594
[0.71592489]
595
[0.47985347]
596
[0.68978018]
597
[0.29222668]
598
[0.78743839]
599
[0.24608894]
600
[0.00078997]
601
[0.71361801]
602
[0.64671829]
603
[0.64979414]
604
[0.68132159]
605
[0.55828763]
606
[0.09460337]
607
[0.65133206]
608
[0.00078997]
609
[0.14612384]
610
[0.38680904]
611
[0.35066781]
612
[0.07691724]
613
[0.40910894]
614
[0.60134951]
615
[0.35835743]
616
[0.67670782]
617
[0.20687186]
618
[0.12843771]
619
[0.74206961]
620
[0.6628665]
621
[0.40218828]
622
[0.10306196]
623
[0.63595282]
624
[0.73668687]
625
[0.12997564]
626
[0.67286301]
627
[0.33144375]
628
[0.78743839]
629
[0.71131112]
630
[0.25531649]
631
[0.78743839]
632
[0.00078997]
633
[0.1530445]
634
[0.22840281]
635
[0.70900423]
636
[0.49446376]
637
[0.44371225]
638
[0.19533743]
639
[0.73668687]
640
[0.09460337]
641
[0.24224413]
642
[0.77821084]
643
[0.43371574]
644
[0.78743839]
645
[0.60134951]
646
[0.77744188]
647
[0.15535139]
648
[0.28453705]
649
[0.35605055]
650
[0.45986045]
651
[0.47139489]
652
[0.78743839]
653
[0.1368963]
654
[0.78743839]
655
[0.78743839]
656
[0.04692771]
657
[0.00078997]
658
[0.25070271]
659
[0.38296423]
660
[0.78743839]
661
[0.05846214]
662
[0.7666764]
663
[0.47831555]
664
[0.11459639]
665
[0.34528507]
666
[0.35605055]
667
[0.22609592]
668
[0.29068875]
669
[0.39296074]
670
[0.78743839]
671
[0.43756055]
672
[0.78743839]
673
[0.00078997]
674
[0.02308988]
675
[0.0023279]
676
[0.63979763]
677
[0.19533743]
678
[0.55598074]
679
[0.76898329]
680
[0.31914036]
681
[0.20302705]
682
[0.71361801]
683
[0.45909149]
684
[0.11997913]
685
[0.05154148]
686
[0.71515593]
687
[0.78743839]
688
[0.78743839]
689
[0.50292234]
690
[0.12766875]
691
[0.21071668]
692
[0.41449168]
693
[0.78743839]
694
[0.6382597]
695
[0.26223715]
696
[0.73591791]
697
[0.40757102]
698
[0.78743839]
699
[0.41756753]
700
[0.78743839]
701
[0.00078997]
702
[0.68439744]
703
[0.38065734]
704
[0.47139489]
705
[0.18072715]
706
[0.78743839]
707
[0.1714996]
708
[0.54829112]
709
[0.57828065]
710
[0.78743839]
711
[0.44909498]
712
[0.78743839]
713
[0.49984649]
714
[0.78743839]
715
[0.71900074]
716
[0.78743839]
717
[0.78743839]
718
[0.7728281]
719
[0.10459988]
720
[0.09998611]
721
[0.61057706]
722
[0.26223715]
723
[0.34759196]
724
[0.15688932]
725
[0.75283508]
726
[0.78743839]
727
[0.10998262]
728
[0.51291885]
729
[0.39603658]
730
[0.76436952]
731
[0.45524668]
732
[0.72130763]
733
[0.54521527]
734
[0.78743839]
735
[0.39142281]
736
[0.78743839]
737
[0.41295375]
738
[0.15073762]
739
[0.76052471]
740
[0.23147866]
741
[0.55136697]
742
[0.60442536]
743
[0.18226507]
744
[0.00694167]
745
[0.78743839]
746
[0.78743839]
747
[0.09152752]
748
[0.78743839]
749
[0.2122546]
750
[0.23532347]
751
[0.76052471]
752
[0.73899376]
753
[0.78743839]
754
[0.10306196]
755
[0.73514895]
756
[0.4567846]
757
[0.28684394]
758
[0.71900074]
759
[0.78743839]
760
[0.306068]
761
[0.15535139]
762
[0.78743839]
763
[0.78743839]
764
[0.27223366]
765
[0.78743839]
766
[0.0653828]
767
[0.78743839]
768
[0.74591442]
769
[0.16611686]
770
[0.28684394]
771
[0.591353]
772
[0.33990234]
773
[0.71746282]
774
[0.56751517]
775
[0.18149611]
776
[0.57059102]
777
[0.00078997]
778
[0.08691375]
779
[0.1245929]
780
[0.33298168]
781
[0.00078997]
782
[0.78743839]
783
[0.2184063]
784
[0.25070271]
785
[0.34912989]
786
[0.78743839]
787
[0.32144724]
788
[0.41218479]
789
[0.26069922]
790
[0.78743839]
791
[0.346823]
792
[0.05692422]
793
[0.6444114]
794
[0.69516291]
795
[0.36758498]
796
[0.18457196]
797
[0.38219526]
798
[0.41372272]
799
[0.78743839]
800
[0.78743839]
801
[0.62134253]
802
[0.183803]
803
[0.66055961]
804
[0.72899725]
805
[0.05538629]
806
[0.35528158]
807
[0.29145771]
808
[0.55136697]
809
[0.64671829]
810
[0.15535139]
811
[0.44140536]
812
[0.78743839]
813
[0.00078997]
814
[0.34374715]
815
[0.30914385]
816
[0.36450913]
817
[0.78743839]
818
[0.42525715]
819
[0.78743839]
820
[0.57443583]
821
[0.39911243]
822
[0.22609592]
823
[0.78743839]
824
[0.62595631]
825
[0.18687884]
826
[0.10383092]
827
[0.07845516]
828
[0.78743839]
829
[0.39526762]
830
[0.78743839]
831
[0.78743839]
832
[0.19610639]
833
[0.00078997]
834
[0.16150309]
835
[0.76744537]
836
[0.00078997]
837
[0.56213244]
838
[0.14843073]
839
[0.75514197]
840
[0.46985696]
841
[0.52676017]
842
[0.25377856]
843
[0.45909149]
844
[0.01463129]
845
[0.77513499]
846
[0.78743839]
847
[0.73899376]
848
[0.47831555]
849
[0.78743839]
850
[0.00078997]
851
[0.65440791]
852
[0.7505282]
853
[0.30529904]
854
[0.78743839]
855
[0.00078997]
856
[0.59365989]
857
[0.29145771]
858
[0.6221115]
859
[0.22763385]
860
[0.17226856]
861
[0.60442536]
862
[0.47677762]
863
[0.15458243]
864
[0.78743839]
865
[0.78743839]
866
[0.52906706]
867
[0.6913181]
868
[0.43756055]
869
[0.78666942]
870
[0.78743839]
871
[0.75975574]
872
[0.22378903]
873
[0.00078997]
874
[0.64825621]
875
[0.37066083]
876
[0.78743839]
877
[0.78743839]
878
[0.50522923]
879
[0.35220573]
880
[0.7036215]
881
[0.69439395]
882
[0.67286301]
883
[0.78743839]
884
[0.55444281]
885
[0.49138791]
886
[0.49600168]
887
[0.78743839]
888
[0.35989536]
889
[0.78743839]
890
[0.47600866]
891
[0.06922762]
892
[0.41987442]
893
[0.26146819]
894
[0.50215338]
895
[0.78743839]
896
[0.14612384]
897
[0.46139838]
898
[0.5629014]
899
[0.75821782]
900
[0.78743839]
901
[0.53983253]
902
[0.78743839]
903
[0.30683696]
904
[0.73899376]
905
[0.74668338]
906
[0.52137744]
907
[0.12151705]
908
[0.39603658]
909
[0.25608545]
910
[0.78743839]
911
[0.64364244]
912
[0.78743839]
913
[0.24916479]
914
[0.41449168]
915
[0.54829112]
916
[0.33990234]
917
[0.43140885]
918
[0.58289442]
919
[0.00078997]
920
[0.31452658]
921
[0.00078997]
922
[0.45986045]
923
[0.58520131]
924
[0.07461035]
925
[0.21533045]
926
[0.78590046]
927
[0.78743839]
928
[0.36527809]
929
[0.78743839]
930
[0.25147168]
931
[0.67747678]
932
[0.51830159]
933
[0.41987442]
934
[0.63595282]
935
[0.00078997]
936
[0.14074111]
937
[0.26300611]
938
[0.6505631]
939
[0.69054914]
940
[0.65517687]
941
[0.75591093]
942
[0.06076903]
943
[0.07999309]
944
[0.78743839]
945
[0.32682998]
946
[0.55444281]
947
[0.49215687]
948
[0.61519083]
949
[0.06076903]
950
[0.73899376]
951
[0.09460337]
952
[0.65594584]
953
[0.36835394]
954
[0.47985347]
955
[0.67440093]
956
[0.35374366]
957
[0.01155544]
958
[0.78743839]
959
[0.51061196]
960
[0.73130414]
961
[0.509843]
962
[0.78743839]
963
[0.5221464]
964
[0.09921714]
965
[0.60442536]
966
[0.17534441]
967
[0.78743839]
968
[0.65517687]
969
[0.78743839]
970
[0.6036564]
971
[0.20302705]
972
[0.53598772]
973
[0.77974876]
974
[0.69285602]
975
[0.33067479]
976
[0.62672527]
977
[0.78743839]
978
[0.67132508]
979
[0.37219875]
980
[0.78743839]
981
[0.78743839]
982
[0.78743839]
983
[0.08153101]
984
[0.25608545]
985
[0.76360055]
986
[0.25454753]
987
[0.04615875]
988
[0.66517338]
989
[0.78743839]
990
[0.62749423]
991
[0.31068177]
992
[0.53291187]
993
[0.00078997]
994
[0.52137744]
995
[0.78743839]
996
[0.03231743]
997
[0.36681602]
998
[0.12843771]
999
[0.34374715]
1000
[0.00078997]
1001
[0.78743839]
1002
[0.48369828]
1003
[0.40295725]
1004
[0.57443583]
1005
[0.78743839]
1006
[0.28069224]
1007
[0.24378205]
1008
[0.02078299]
1009
[0.23455451]
1010
[0.03923809]
1011
[0.02308988]
1012
[0.54060149]
1013
[0.1591962]
1014
[0.05307941]
1015
[0.78743839]
1016
[0.13612733]
1017
[0.06768969]
1018
[0.78743839]
1019
[0.63749074]
1020
[0.69516291]
1021
[0.55213593]
1022
[0.05231045]
1023
[0.78743839]
1024
[0.40372621]
1025
[0.37681253]
1026
[0.07691724]
1027
[0.08460686]
1028
[0.49446376]
1029
[0.54060149]
1030
[0.51138093]
1031
[0.59981159]
1032
[0.78743839]
1033
[0.48523621]
1034
[0.3406713]
1035
[0.22994073]
1036
[0.27915432]
1037
[0.550598]
1038
[0.77974876]
1039
[0.4221813]
1040
[0.02385884]
1041
[0.15688932]
1042
[0.08153101]
1043
[0.30529904]
1044
[0.68747329]
1045
[0.57289791]
1046
[0.63902867]
1047
[0.44601913]
1048
[0.08306894]
1049
[0.2714647]
1050
[0.5159947]
1051
[0.49138791]
1052
[0.22148215]
1053
[0.78743839]
1054
[0.38911592]
1055
[0.78743839]
1056
[0.23763035]
1057
[0.78743839]
1058
[0.07845516]
1059
[0.74206961]
1060
[0.00078997]
1061
[0.20148913]
1062
[0.78743839]
1063
[0.31529555]
1064
[0.78743839]
1065
[0.78743839]
1066
[0.78743839]
1067
[0.3591264]
1068
[0.78743839]
1069
[0.41449168]
1070
[0.10921365]
1071
[0.78743839]
1072
[0.78743839]
1073
[0.11305847]
1074
[0.78743839]
1075
[0.49292583]
1076
[0.73668687]
1077
[0.22763385]
1078
[0.1937995]
1079
[0.78743839]
1080
[0.56982206]
1081
[0.0961413]
1082
[0.35681951]
1083
[0.78743839]
1084
[0.46139838]
1085
[0.2937646]
1086
[0.31990932]
1087
[0.78743839]
1088
[0.41833649]
1089
[0.78743839]
1090
[0.28069224]
1091
[0.73361103]
1092
[0.27377158]
1093
[0.76129367]
1094
[0.00078997]
1095
[0.0961413]
1096
[0.2184063]
1097
[0.78743839]
1098
[0.30145422]
1099
[0.44832602]
1100
[0.07461035]
1101
[0.53906357]
1102
[0.06999658]
1103
[0.12613082]
1104
[0.78743839]
1105
[0.23609243]
1106
[0.0430829]
1107
[0.56674621]
1108
[0.11536535]
1109
[0.01463129]
1110
[0.78743839]
1111
[0.36681602]
1112
[0.78743839]
1113
[0.72515244]
1114
[0.18303403]
1115
[0.05846214]
1116
[0.13382045]
1117
[0.51368781]
1118
[0.34144026]
1119
[0.78743839]
1120
[0.45217083]
1121
[0.54060149]
1122
[0.37758149]
1123
[0.73591791]
1124
[0.6567148]
1125
[0.67593885]
1126
[0.77129018]
1127
[0.3814263]
1128
[0.09844818]
1129
[0.78743839]
1130
[0.31375762]
1131
[0.67516989]
1132
[0.78743839]
1133
[0.70592838]
1134
[0.78743839]
1135
[0.00078997]
1136
[0.58289442]
1137
[0.07307243]
1138
[0.78743839]
1139
[0.78743839]
1140
[0.01001752]
1141
[0.10152403]
1142
[0.78743839]
1143
[0.67286301]
1144
[0.78743839]
1145
[0.75283508]
1146
[0.57289791]
1147
[0.52291536]
1148
[0.00078997]
1149
[0.75821782]
1150
[0.36758498]
1151
[0.09691026]
1152
[0.51753263]
1153
[0.33913338]
1154
[0.58289442]
1155
[0.01078648]
1156
[0.15842724]
1157
[0.53060498]
1158
[0.59827366]
1159
[0.04462082]
1160
[0.62288046]
1161
[0.78743839]
1162
[0.24224413]
1163
[0.49753961]
1164
[0.78743839]
1165
[0.69439395]
1166
[0.16688583]
1167
[0.78743839]
1168
[0.32913687]
1169
[0.78743839]
1170
[0.42910196]
1171
[0.77667291]
1172
[0.78743839]
1173
[0.78743839]
1174
[0.78743839]
1175
[0.29453356]
1176
[0.78743839]
1177
[0.14766177]
1178
[0.23763035]
1179
[0.62980112]
1180
[0.74591442]
1181
[0.03616224]
1182
[0.25531649]
1183
[0.35374366]
1184
[0.78743839]
1185
[0.00078997]
1186
[0.78743839]
1187
[0.3122197]
1188
[0.59365989]
1189
[0.78743839]
1190
[0.02847261]
1191
[0.5444463]
1192
[0.17688233]
1193
[0.68593536]
1194
[0.78743839]
1195
[0.22686488]
1196
[0.78743839]
1197
[0.13997215]
1198
[0.46062942]
1199
[0.10536884]
1200
[0.26761988]
1201
[0.34144026]
1202
[0.66517338]
1203
[0.28223017]
1204
[0.50215338]
1205
[0.632108]
1206
[0.75437301]
1207
[0.26761988]
1208
[0.02539677]
1209
[0.19687535]
1210
[0.53291187]
1211
[0.78743839]
1212
[0.63287697]
1213
[0.60058055]
1214
[0.00078997]
1215
[0.4752397]
1216
[0.29530253]
1217
[0.32221621]
1218
[0.78743839]
1219
[0.15227554]
1220
[0.07537931]
1221
[0.28299913]
1222
[0.63287697]
1223
[0.25147168]
1224
[0.66978716]
1225
[0.69516291]
1226
[0.41526064]
1227
[0.78743839]
1228
[0.30222319]
1229
[0.6098081]
1230
[0.54598423]
1231
[0.04231394]
1232
[0.30222319]
1233
[0.54290838]
1234
[0.78743839]
1235
[0.76283159]
1236
[0.45063291]
1237
[0.18457196]
1238
[0.2591613]
1239
[0.00924856]
1240
[0.56751517]
1241
[0.41833649]
1242
[0.64210451]
1243
[0.51830159]
1244
[0.39911243]
1245
[0.34297819]
1246
[0.01540026]
1247
[0.78743839]
1248
[0.0369312]
1249
[0.01155544]
1250
[0.19303054]
1251
[0.11382743]
1252
[0.75206612]
1253
[0.11613431]
1254
[0.306068]
1255
[0.00078997]
1256
[0.78743839]
1257
[0.31375762]
1258
[0.78743839]
1259
[0.78743839]
1260
[0.72899725]
1261
[0.22071318]
1262
[0.47677762]
1263
[0.77052122]
1264
[0.66824923]
1265
[0.78743839]
1266
[0.52906706]
1267
[0.64133555]
1268
[0.36374017]
1269
[0.16688583]
1270
[0.66901819]
1271
[0.00078997]
1272
[0.7728281]
1273
[0.00078997]
1274
[0.59212197]
1275
[0.57904961]
1276
[0.09075856]
1277
[0.57597376]
1278
[0.7320731]
1279
[0.52906706]
1280
[0.66517338]
1281
[0.69670084]
1282
[0.16919271]
1283
[0.78743839]
1284
[0.3122197]
1285
[0.57674272]
1286
[0.06845865]
1287
[0.78743839]
1288
[0.61903565]
1289
[0.43217781]
1290
[0.54137046]
1291
[0.00155893]
1292
[0.19456847]
1293
[0.78743839]
1294
[0.03846912]
1295
[0.11921016]
1296
[0.57289791]
1297
[0.74130065]
1298
[0.78743839]
1299
[0.78743839]
1300
[0.73514895]
1301
[0.31683347]
1302
[0.55213593]
1303
[0.78743839]
1304
[0.10998262]
1305
[0.05769318]
1306
[0.41449168]
1307
[0.30529904]
1308
[0.00078997]
1309
[0.49984649]
1310
[0.34451611]
1311
[0.78743839]
1312
[0.30068526]
1313
[0.64825621]
1314
[0.55136697]
1315
[0.27838536]
1316
[0.46678111]
1317
[0.36143328]
1318
[0.21379252]
1319
[0.05923111]
1320
[0.04538978]
1321
[0.20379601]
1322
[0.06000007]
1323
[0.1245929]
1324
[0.0899896]
1325
[0.35143677]
1326
[0.21994422]
1327
[0.00078997]
1328
[0.00078997]
1329
[0.78743839]
1330
[0.20994771]
1331
[0.01001752]
1332
[0.60903914]
1333
[0.53137395]
1334
[0.35143677]
1335
[0.71669386]
1336
[0.78743839]
1337
[0.39219177]
1338
[0.35220573]
1339
[0.48369828]
1340
[0.20379601]
1341
[0.14151007]
1342
[0.38373319]
1343
[0.67055612]
1344
[0.00078997]
1345
[0.11536535]
1346
[0.78743839]
1347
[0.31683347]
1348
[0.54829112]
1349
[0.03846912]
1350
[0.52060847]
1351
[0.00309686]
1352
[0.16765479]
1353
[0.43063989]
1354
[0.51830159]
1355
[0.11075158]
1356
[0.44217432]
1357
[0.76283159]
1358
[0.68439744]
1359
[0.33759545]
1360
[0.45755357]
1361
[0.7789798]
1362
[0.24455102]
1363
[0.11459639]
1364
[0.78743839]
1365
[0.78743839]
1366
[0.78743839]
1367
[0.4567846]
1368
[0.01540026]
1369
[0.72515244]
1370
[0.77052122]
1371
[0.78743839]
1372
[0.00694167]
1373
[0.78743839]
1374
[0.29914734]
1375
[0.65902168]
1376
[0.78743839]
1377
[0.21379252]
1378
[0.78743839]
1379
[0.00078997]
1380
[0.09767922]
1381
[0.47216385]
1382
[0.69208706]
1383
[0.78743839]
1384
[0.78743839]
1385
[0.78743839]
1386
[0.42448819]
1387
[0.36989187]
1388
[0.57597376]
1389
[0.68055263]
1390
[0.78743839]
1391
[0.58520131]
1392
[0.78743839]
1393
[0.39603658]
1394
[0.74206961]
1395
[0.78743839]
1396
[0.05769318]
1397
[0.7197697]
1398
[0.78743839]
1399
[0.78743839]
1400
[0.78743839]
1401
[0.27223366]
1402
[0.37604357]
1403
[0.47293281]
1404
[0.78743839]
1405
[0.24531998]
1406
[0.64979414]
1407
[0.73591791]
1408
[0.10690677]
1409
[0.78743839]
1410
[0.47831555]
1411
[0.78743839]
1412
[0.78743839]
1413
[0.78743839]
1414
[0.14458592]
1415
[0.78743839]
1416
[0.78743839]
1417
[0.78743839]
1418
[0.63441489]
1419
[0.33298168]
1420
[0.5444463]
1421
[0.13382045]
1422
[0.78743839]
1423
[0.70285253]
1424
[0.31375762]
1425
[0.78743839]
1426
[0.69362499]
1427
[0.31837139]
1428
[0.78743839]
1429
[0.30529904]
1430
[0.27300262]
1431
[0.00463478]
1432
[0.66671131]
1433
[0.0838379]
1434
[0.0246278]
1435
[0.64825621]
1436
[0.78743839]
1437
[0.02232092]
1438
[0.73668687]
1439
[0.21302356]
1440
[0.78743839]
1441
[0.00078997]
1442
[0.18687884]
1443
[0.78743839]
1444
[0.5690531]
1445
[0.13766526]
1446
[0.00078997]
1447
[0.38604008]
1448
[0.42141234]
1449
[0.509843]
1450
[0.64671829]
1451
[0.12536186]
1452
[0.29684045]
1453
[0.02001403]
1454
[0.78743839]
1455
[0.40218828]
1456
[0.65902168]
1457
[0.26069922]
1458
[0.11921016]
1459
[0.19841328]
1460
[0.00078997]
1461
[0.6567148]
1462
[0.78743839]
1463
[0.06384488]
1464
[0.13305148]
1465
[0.77744188]
1466
[0.59442885]
1467
[0.78743839]
1468
[0.33682649]
1469
[0.40680206]
1470
[0.26838885]
1471
[0.78743839]
1472
[0.15535139]
1473
[0.34912989]
1474
[0.63749074]
1475
[0.78743839]
1476
[0.78743839]
1477
[0.05000356]
1478
[0.78743839]
1479
[0.7789798]
1480
[0.44371225]
1481
[0.52445329]
1482
[0.43294677]
1483
[0.03539328]
1484
[0.28838187]
1485
[0.78743839]
1486
[0.54982904]
1487
[0.0653828]
1488
[0.52906706]
1489
[0.58904612]
1490
[0.77590395]
1491
[0.57135998]
1492
[0.16611686]
1493
[0.78743839]
1494
[0.29222668]
1495
[0.71515593]
1496
[0.66824923]
1497
[0.78743839]
1498
[0.76206263]
1499
[0.37219875]
1500
[0.02155195]
1501
[0.64979414]
1502
[0.00078997]
1503
[0.02001403]
1504
[0.00078997]
1505
[0.55213593]
1506
[0.7728281]
1507
[0.04077601]
1508
[0.27992328]
1509
[0.32759894]
1510
[0.78743839]
1511
[0.62288046]
1512
[0.37219875]
1513
[0.78743839]
1514
[0.67440093]
1515
[0.65825272]
1516
[0.70669735]
1517
[0.51138093]
1518
[0.43140885]
1519
[0.78743839]
1520
[0.54752215]
1521
[0.37373668]
1522
[0.06384488]
1523
[0.16688583]
1524
[0.78743839]
1525
[0.78743839]
1526
[0.00078997]
1527
[0.05384837]
1528
[0.66748027]
1529
[0.1937995]
1530
[0.64902517]
1531
[0.18072715]
1532
[0.38065734]
1533
[0.30145422]
1534
[0.1999512]
1535
[0.75975574]
1536
[0.27454054]
1537
[0.78743839]
1538
[0.17534441]
1539
[0.78743839]
1540
[0.13920318]
1541
[0.27300262]
1542
[0.78743839]
1543
[0.02232092]
1544
[0.78743839]
1545
[0.15765828]
1546
[0.49369479]
1547
[0.78743839]
1548
[0.11459639]
1549
[0.35681951]
1550
[0.49600168]
1551
[0.63749074]
1552
[0.31452658]
1553
[0.22302007]
1554
[0.78743839]
1555
[0.00078997]
1556
[0.78743839]
1557
[0.12151705]
1558
[0.1999512]
1559
[0.71823178]
1560
[0.7320731]
1561
[0.49600168]
1562
[0.00078997]
1563
[0.20302705]
1564
[0.18534092]
1565
[0.78743839]
1566
[0.41987442]
1567
[0.75514197]
1568
[0.78743839]
1569
[0.36758498]
1570
[0.78743839]
1571
[0.67440093]
1572
[0.60903914]
1573
[0.428333]
1574
[0.428333]
1575
[0.28223017]
1576
[0.2530096]
1577
[0.48062244]
1578
[0.40295725]
1579
[0.24224413]
1580
[0.05461733]
1581
[0.78743839]
1582
[0.54982904]
1583
[0.30760592]
1584
[0.78743839]
1585
[0.46831904]
1586
[0.78743839]
1587
[0.13997215]
1588
[0.11613431]
1589
[0.1937995]
1590
[0.78743839]
1591
[0.73284206]
1592
[0.3122197]
1593
[0.78743839]
1594
[0.78743839]
1595
[0.36681602]
1596
[0.57289791]
1597
[0.78743839]
1598
[0.71900074]
1599
[0.1714996]
1600
[0.59442885]
1601
[0.78743839]
1602
[0.509843]
1603
[0.44909498]
1604
[0.73130414]
1605
[0.42295026]
1606
[0.62903216]
1607
[0.00078997]
1608
[0.74053169]
1609
[0.78743839]
1610
[0.78743839]
1611
[0.78743839]
1612
[0.46370527]
1613
[0.71900074]
1614
[0.46216734]
1615
[0.08229997]
1616
[0.01155544]
1617
[0.31452658]
1618
[0.78743839]
1619
[0.46601215]
1620
[0.08306894]
1621
[0.00386582]
1622
[0.50446027]
1623
[0.23224762]
1624
[0.61288395]
1625
[0.27223366]
1626
[0.41372272]
1627
[0.10152403]
1628
[0.39296074]
1629
[0.53675668]
1630
[0.51291885]
1631
[0.08537582]
1632
[0.78743839]
1633
[0.70823527]
1634
[0.11613431]
1635
[0.07076554]
1636
[0.15073762]
1637
[0.39219177]
1638
[0.2122546]
1639
[0.21686837]
1640
[0.60134951]
1641
[0.07922413]
1642
[0.17842026]
1643
[0.78743839]
1644
[0.08922063]
1645
[0.18457196]
1646
[0.78743839]
1647
[0.77744188]
1648
[0.41526064]
1649
[0.78743839]
1650
[0.30068526]
1651
[0.59212197]
1652
[0.18534092]
1653
[0.4221813]
1654
[0.20840979]
1655
[0.72438348]
1656
[0.17457545]
1657
[0.78743839]
1658
[0.78743839]
1659
[0.77129018]
1660
[0.78743839]
1661
[0.28530602]
1662
[0.01770714]
1663
[0.78743839]
1664
[0.54906008]
1665
[0.02693469]
1666
[0.75283508]
1667
[0.28684394]
1668
[0.78743839]
1669
[0.78743839]
1670
[0.59212197]
1671
[0.78743839]
1672
[0.33144375]
1673
[0.26915781]
1674
[0.71515593]
1675
[0.54367734]
1676
[0.00078997]
1677
[0.32452309]
1678
[0.00078997]
1679
[0.29760941]
1680
[0.42756404]
1681
[0.3406713]
1682
[0.51676366]
1683
[0.01540026]
1684
[0.78743839]
1685
[0.18534092]
1686
[0.06384488]
1687
[0.58827715]
1688
[0.64825621]
1689
[0.27915432]
1690
[0.78743839]
1691
[0.13535837]
1692
[0.15073762]
1693
[0.78743839]
1694
[0.42371923]
1695
[0.54906008]
1696
[0.75821782]
1697
[0.45986045]
1698
[0.78743839]
1699
[0.20225809]
1700
[0.46139838]
1701
[0.14612384]
1702
[0.20302705]
1703
[0.59212197]
1704
[0.60596329]
1705
[0.35758847]
1706
[0.00078997]
1707
[0.43909847]
1708
[0.23916828]
1709
[0.78743839]
1710
[0.55598074]
1711
[0.78743839]
1712
[0.67593885]
1713
[0.06307592]
1714
[0.47985347]
1715
[0.78743839]
1716
[0.51368781]
1717
[0.10690677]
1718
[0.72745933]
1719
[0.76821433]
1720
[0.71515593]
1721
[0.65594584]
1722
[0.78743839]
1723
[0.41833649]
1724
[0.2999163]
1725
[0.78743839]
1726
[0.05769318]
1727
[0.78743839]
1728
[0.14843073]
1729
[0.31375762]
1730
[0.78743839]
1731
[0.0899896]
1732
[0.35605055]
1733
[0.64594933]
1734
[0.29760941]
1735
[0.78743839]
1736
[0.27838536]
1737
[0.58058753]
1738
[0.32221621]
1739
[0.08922063]
1740
[0.2468579]
1741
[0.78743839]
1742
[0.27992328]
1743
[0.33067479]
1744
[0.78743839]
1745
[0.78743839]
1746
[0.55828763]
1747
[0.06845865]
1748
[0.23686139]
1749
[0.78359357]
1750
[0.36989187]
1751
[0.78743839]
1752
[0.36835394]
1753
[0.78743839]
1754
[0.63057008]
1755
[0.26761988]
1756
[0.53521876]
1757
[0.7789798]
1758
[0.2122546]
1759
[0.27223366]
1760
[0.38680904]
1761
[0.34451611]
1762
[0.78743839]
1763
[0.62134253]
1764
[0.56213244]
1765
[0.78743839]
1766
[0.37681253]
1767
[0.67055612]
1768
[0.1591962]
1769
[0.78743839]
1770
[0.32298517]
1771
[0.45986045]
1772
[0.00078997]
1773
[0.11536535]
1774
[0.78743839]
1775
[0.64518036]
1776
[0.00078997]
1777
[0.73591791]
1778
[0.57751168]
1779
[0.78743839]
1780
[0.78743839]
1781
[0.38604008]
1782
[0.09306545]
1783
[0.36450913]
1784
[0.37066083]
1785
[0.47908451]
1786
[0.23839932]
1787
[0.30760592]
1788
[0.04769667]
1789
[0.71438697]
1790
[0.26069922]
1791
[0.6567148]
1792
[0.26992677]
1793
[0.78743839]
1794
[0.20302705]
1795
[0.09844818]
1796
[0.77436603]
1797
[0.20302705]
1798
[0.13535837]
1799
[0.54137046]
1800
[0.02616573]
1801
[0.53829461]
1802
[0.00078997]
1803
[0.39757451]
1804
[0.3752746]
1805
[0.05000356]
1806
[0.05923111]
1807
[0.54982904]
1808
[0.00078997]
1809
[0.71592489]
1810
[0.32606102]
1811
[0.23609243]
1812
[0.78743839]
1813
[0.00078997]
1814
[0.61288395]
1815
[0.00078997]
1816
[0.36681602]
1817
[0.28223017]
1818
[0.06384488]
1819
[0.75667989]
1820
[0.54906008]
1821
[0.0430829]
1822
[0.78743839]
1823
[0.08306894]
1824
[0.48600517]
1825
[0.00078997]
1826
[0.40295725]
1827
[0.49292583]
1828
[0.78743839]
1829
[0.66978716]
1830
[0.3283679]
1831
[0.14227903]
1832
[0.00078997]
1833
[0.30683696]
1834
[0.05461733]
1835
[0.15535139]
1836
[0.64902517]
1837
[0.15688932]
1838
[0.34605404]
1839
[0.00078997]
1840
[0.78743839]
1841
[0.78743839]
1842
[0.09306545]
1843
[0.66978716]
1844
[0.45447772]
1845
[0.78743839]
1846
[0.15688932]
1847
[0.16073413]
1848
[0.78743839]
1849
[0.16996167]
1850
[0.3998814]
1851
[0.14381696]
1852
[0.30376111]
1853
[0.31068177]
1854
[0.5752048]
1855
[0.52522225]
1856
[0.78743839]
1857
[0.77590395]
1858
[0.73976272]
1859
[0.27377158]
1860
[0.28684394]
1861
[0.45293979]
1862
[0.2530096]
1863
[0.16611686]
1864
[0.14458592]
1865
[0.35220573]
1866
[0.32221621]
1867
[0.78743839]
1868
[0.59673574]
1869
[0.78743839]
1870
[0.05307941]
1871
[0.00771063]
1872
[0.78743839]
1873
[0.42602611]
1874
[0.55751866]
1875
[0.22148215]
1876
[0.40833998]
1877
[0.12151705]
1878
[0.78743839]
1879
[0.52368432]
1880
[0.07461035]
1881
[0.78743839]
1882
[0.39449866]
1883
[0.6098081]
1884
[0.12536186]
1885
[0.36604706]
1886
[0.469088]
1887
[0.47908451]
1888
[0.78743839]
1889
[0.46139838]
1890
[0.28069224]
1891
[0.2530096]
1892
[0.28915083]
1893
[0.44601913]
1894
[0.24993375]
1895
[0.00078997]
1896
[0.17842026]
1897
[0.5629014]
1898
[0.24147517]
1899
[0.29837838]
1900
[0.25454753]
1901
[0.06615177]
1902
[0.15458243]
1903
[0.24531998]
1904
[0.78743839]
1905
[0.17995818]
1906
[0.78743839]
1907
[0.72899725]
1908
[0.78743839]
1909
[0.7382248]
1910
[0.09075856]
1911
[0.78743839]
1912
[0.78743839]
1913
[0.41679857]
1914
[0.3998814]
1915
[0.00078997]
1916
[0.18457196]
1917
[0.70823527]
1918
[0.09229648]
1919
[0.78743839]
1920
[0.00078997]
1921
[0.78743839]
1922
[0.28684394]
1923
[0.43756055]
1924
[0.51983951]
1925
[0.24993375]
1926
[0.17842026]
1927
[0.02232092]
1928
[0.78743839]
1929
[0.78743839]
1930
[0.09691026]
1931
[0.78743839]
1932
[0.71284904]
1933
[0.72745933]
1934
[0.36527809]
1935
[0.03846912]
1936
[0.67132508]
1937
[0.78743839]
1938
[0.63441489]
1939
[0.20456498]
1940
[0.5344498]
1941
[0.09537233]
1942
[0.71361801]
1943
[0.63518385]
1944
[0.4160296]
1945
[0.00078997]
1946
[0.03001054]
1947
[0.68132159]
1948
[0.67978367]
1949
[0.55444281]
1950
[0.20533394]
1951
[0.66132857]
1952
[0.0776862]
1953
[0.60750121]
1954
[0.56674621]
1955
[0.3345196]
1956
[0.20840979]
1957
[0.70746631]
1958
[0.14919969]
1959
[0.13305148]
1960
[0.60134951]
1961
[0.6444114]
1962
[0.08153101]
1963
[0.23763035]
1964
[0.07307243]
1965
[0.78743839]
1966
[0.00078997]
1967
[0.32682998]
1968
[0.13766526]
1969
[0.45986045]
1970
[0.78743839]
1971
[0.7197697]
1972
[0.34759196]
1973
[0.15381347]
1974
[0.6790147]
1975
[0.52676017]
1976
[0.70439046]
1977
[0.03462431]
1978
[0.15688932]
1979
[0.30222319]
1980
[0.41679857]
1981
[0.52983602]
1982
[0.53983253]
1983
[0.51522574]
1984
[0.54137046]
1985
[0.37604357]
1986
[0.24608894]
1987
[0.49061895]
1988
[0.07999309]
1989
[0.75129716]
1990
[0.78743839]
1991
[0.01693818]
1992
[0.75283508]
1993
[0.18918573]
1994
[0.31145073]
1995
[0.02308988]
1996
[0.78743839]
1997
[0.55213593]
1998
[0.05231045]
1999
[0.29453356]
2000
[0.78743839]
2001
[0.02539677]
2002
[0.78743839]
2003
[0.27761639]
2004
[0.05769318]
2005
[0.61903565]
2006
[0.78743839]
2007
[0.33759545]
2008
[0.31837139]
2009
[0.23378554]
2010
[0.28607498]
2011
[0.0369312]
2012
[0.49677064]
2013
[0.32144724]
2014
[0.15688932]
2015
[0.7259214]
2016
[0.78743839]
2017
[0.78743839]
2018
[0.09691026]
2019
[0.78743839]
2020
[0.37604357]
2021
[0.78743839]
2022
[0.05384837]
2023
[0.78743839]
2024
[0.06845865]
2025
[0.72515244]
2026
[0.69977669]
2027
[0.74206961]
2028
[0.21533045]
2029
[0.70900423]
2030
[0.48369828]
2031
[0.02001403]
2032
[0.06999658]
2033
[0.25608545]
2034
[0.78743839]
2035
[0.39526762]
2036
[0.22686488]
2037
[0.50061545]
2038
[0.27300262]
2039
[0.29837838]
2040
[0.17303752]
2041
[0.32759894]
2042
[0.14151007]
2043
[0.55521178]
2044
[0.33913338]
2045
[0.01232441]
2046
[0.1937995]
2047
[0.45063291]
2048
[0.26454403]
2049
[0.78743839]
2050
[0.04615875]
2051
[0.61903565]
2052
[0.78743839]
2053
[0.78743839]
2054
[0.47677762]
2055
[0.38373319]
2056
[0.00078997]
2057
[0.44448121]
2058
[0.632108]
2059
[0.31606451]
2060
[0.14919969]
2061
[0.42987093]
2062
[0.12689979]
2063
[0.51907055]
2064
[0.44140536]
2065
[0.78743839]
2066
[0.12151705]
2067
[0.59058404]
2068
[0.18687884]
2069
[0.39142281]
2070
[0.74822131]
2071
[0.47677762]
2072
[0.35374366]
2073
[0.78743839]
2074
[0.78743839]
2075
[0.37758149]
2076
[0.0492346]
2077
[0.32452309]
2078
[0.17457545]
2079
[0.7259214]
2080
[0.61903565]
2081
[0.48523621]
2082
[0.00078997]
2083
[0.78743839]
2084
[0.00078997]
2085
[0.50907404]
2086
[0.40295725]
2087
[0.23301658]
2088
[0.78743839]
2089
[0.32144724]
2090
[0.51830159]
2091
[0.10459988]
2092
[0.02232092]
2093
[0.78743839]
2094
[0.10306196]
2095
[0.09921714]
2096
[0.62826319]
2097
[0.19226158]
2098
[0.75591093]
2099
[0.06000007]
2100
[0.01155544]
2101
[0.34297819]
2102
[0.78743839]
2103
[0.1122895]
2104
[0.00078997]
2105
[0.44755706]
2106
[0.44371225]
2107
[0.41910545]
2108
[0.20379601]
2109
[0.6851664]
2110
[0.78743839]
2111
[0.44832602]
2112
[0.78743839]
2113
[0.72053867]
2114
[0.03001054]
2115
[0.78743839]
2116
[0.36066432]
2117
[0.62595631]
2118
[0.13458941]
2119
[0.52137744]
2120
[0.20533394]
2121
[0.63979763]
2122
[0.26069922]
2123
[0.78743839]
2124
[0.08076205]
2125
[0.55751866]
2126
[0.15381347]
2127
[0.28838187]
2128
[0.78743839]
2129
[0.5036913]
2130
[0.07076554]
2131
[0.71054216]
2132
[0.41449168]
2133
[0.06153799]
2134
[0.45986045]
2135
[0.40526413]
2136
[0.56367036]
2137
[0.41064687]
2138
[0.58212546]
2139
[0.68670433]
2140
[0.78743839]
2141
[0.53137395]
2142
[0.40603309]
2143
[0.70285253]
2144
[0.78743839]
2145
[0.00078997]
2146
[0.02232092]
2147
[0.78743839]
2148
[0.52445329]
2149
[0.02924158]
2150
[0.63749074]
2151
[0.07307243]
2152
[0.08229997]
2153
[0.36835394]
2154
[0.6505631]
2155
[0.78743839]
2156
[0.78743839]
2157
[0.37450564]
2158
[0.78743839]
2159
[0.10767573]
2160
[0.67132508]
2161
[0.20225809]
2162
[0.68055263]
2163
[0.44217432]
2164
[0.00078997]
2165
[0.01693818]
2166
[0.2591613]
2167
[0.07076554]
2168
[0.66978716]
2169
[0.44140536]
2170
[0.61826668]
2171
[0.64825621]
2172
[0.01386233]
2173
[0.38450215]
2174
[0.66901819]
2175
[0.78743839]
2176
[0.78743839]
2177
[0.36450913]
2178
[0.54521527]
2179
[0.78743839]
2180
[0.01386233]
2181
[0.78743839]
2182
[0.44217432]
2183
[0.78743839]
2184
[0.14843073]
2185
[0.78743839]
2186
[0.7443765]
2187
[0.632108]
2188
[0.16380998]
2189
[0.42064338]
2190
[0.5567497]
2191
[0.38604008]
2192
[0.78743839]
2193
[0.52291536]
2194
[0.04462082]
2195
[0.78743839]
2196
[0.28991979]
2197
[0.13766526]
2198
[0.64518036]
2199
[0.78743839]
2200
[0.2814612]
2201
[0.46831904]
2202
[0.78743839]
2203
[0.428333]
2204
[0.33913338]
2205
[0.53598772]
2206
[0.70823527]
2207
[0.62826319]
2208
[0.00078997]
2209
[0.78743839]
2210
[0.4221813]
2211
[0.67824574]
2212
[0.57981857]
2213
[0.14304799]
2214
[0.78743839]
2215
[0.76206263]
2216
[0.64902517]
2217
[0.24224413]
2218
[0.16842375]
2219
[0.03616224]
2220
[0.52906706]
2221
[0.19841328]
2222
[0.39680555]
2223
[0.72822829]
2224
[0.59442885]
2225
[0.2937646]
2226
[0.05077252]
2227
[0.29684045]
2228
[0.16380998]
2229
[0.5444463]
2230
[0.39449866]
2231
[0.31837139]
2232
[0.37142979]
2233
[0.38450215]
2234
[0.40218828]
2235
[0.27223366]
2236
[0.74360754]
2237
[0.51061196]
2238
[0.00078997]
2239
[0.37835045]
2240
[0.20840979]
2241
[0.56751517]
2242
[0.78743839]
2243
[0.73976272]
2244
[0.10690677]
2245
[0.4875431]
2246
[0.43294677]
2247
[0.42679508]
2248
[0.33144375]
2249
[0.67824574]
2250
[0.08845167]
2251
[0.02616573]
2252
[0.62595631]
2253
[0.16457894]
2254
[0.33913338]
2255
[0.78743839]
2256
[0.09844818]
2257
[0.78743839]
2258
[0.36066432]
2259
[0.15381347]
2260
[0.78743839]
2261
[0.57674272]
2262
[0.19226158]
2263
[0.74206961]
2264
[0.34836092]
2265
[0.49292583]
2266
[0.34836092]
2267
[0.14151007]
2268
[0.78743839]
2269
[0.68747329]
2270
[0.25377856]
2271
[0.5221464]
2272
[0.00078997]
2273
[0.78743839]
2274
[0.19226158]
2275
[0.28915083]
2276
[0.78743839]
2277
[0.15612035]
2278
[0.65363895]
2279
[0.05692422]
2280
[0.55982555]
2281
[0.74975923]
2282
[0.5282981]
2283
[0.78743839]
2284
[0.57212895]
2285
[0.38604008]
2286
[0.27684743]
2287
[0.62288046]
2288
[0.69670084]
2289
[0.40449517]
2290
[0.78743839]
2291
[0.65979065]
2292
[0.59365989]
2293
[0.27223366]
2294
[0.78743839]
2295
[0.1937995]
2296
[0.469088]
2297
[0.43832951]
2298
[0.45909149]
2299
[0.34144026]
2300
[0.70900423]
2301
[0.78743839]
2302
[0.09921714]
2303
[0.01078648]
2304
[0.43679159]
2305
[0.78743839]
2306
[0.6444114]
2307
[0.57981857]
2308
[0.41372272]
2309
[0.76129367]
2310
[0.05000356]
2311
[0.59904263]
2312
[0.78743839]
2313
[0.32913687]
2314
[0.43294677]
2315
[0.25839234]
2316
[0.44371225]
2317
[0.63672178]
2318
[0.00078997]
2319
[0.02847261]
2320
[0.49292583]
2321
[0.17688233]
2322
[0.2061029]
2323
[0.42141234]
2324
[0.54060149]
2325
[0.72745933]
2326
[0.1653479]
2327
[0.78743839]
2328
[0.78743839]
2329
[0.54829112]
2330
[0.09921714]
2331
[0.4221813]
2332
[0.05231045]
2333
[0.78743839]
2334
[0.12766875]
2335
[0.78743839]
2336
[0.48600517]
2337
[0.29068875]
2338
[0.06000007]
2339
[0.54982904]
2340
[0.36681602]
2341
[0.10229299]
2342
[0.06692073]
2343
[0.46139838]
2344
[0.12382394]
2345
[0.25147168]
2346
[0.78743839]
2347
[0.69977669]
2348
[0.71208008]
2349
[0.78743839]
2350
[0.17226856]
2351
[0.78743839]
2352
[0.04077601]
2353
[0.64902517]
2354
[0.2591613]
2355
[0.78743839]
2356
[0.78743839]
2357
[0.51291885]
2358
[0.37066083]
2359
[0.34374715]
2360
[0.78743839]
2361
[0.78743839]
2362
[0.78743839]
2363
[0.65825272]
2364
[0.00078997]
2365
[0.40987791]
2366
[0.78743839]
2367
[0.08614479]
2368
[0.33375064]
2369
[0.78743839]
2370
[0.25147168]
2371
[0.74514546]
2372
[0.25762337]
2373
[0.42141234]
2374
[0.15535139]
2375
[0.78743839]
2376
[0.78743839]
2377
[0.63057008]
2378
[0.78743839]
2379
[0.34989885]
2380
[0.78743839]
2381
[0.78743839]
2382
[0.72361452]
2383
[0.04231394]
2384
[0.78743839]
2385
[0.78743839]
2386
[0.31068177]
2387
[0.46370527]
2388
[0.02385884]
2389
[0.29299564]
2390
[0.38527111]
2391
[0.3591264]
2392
[0.75437301]
2393
[0.78743839]
2394
[0.39296074]
2395
[0.12305498]
2396
[0.78743839]
2397
[0.09998611]
2398
[0.58289442]
2399
[0.49369479]
2400
[0.36143328]
2401
[0.12074809]
2402
[0.57289791]
2403
[0.78743839]
2404
[0.20456498]
2405
[0.78743839]
2406
[0.50907404]
2407
[0.7036215]
2408
[0.5221464]
2409
[0.15073762]
2410
[0.04077601]
2411
[0.01847611]
2412
[0.02155195]
2413
[0.43986743]
2414
[0.32913687]
2415
[0.69977669]
2416
[0.36527809]
2417
[0.46831904]
2418
[0.11382743]
2419
[0.68209055]
2420
[0.29837838]
2421
[0.74591442]
2422
[0.67286301]
2423
[0.64056659]
2424
[0.00078997]
2425
[0.78743839]
2426
[0.62288046]
2427
[0.59212197]
2428
[0.78743839]
2429
[0.16996167]
2430
[0.55982555]
2431
[0.78743839]
2432
[0.78743839]
2433
[0.78743839]
2434
[0.51445678]
2435
[0.0492346]
2436
[0.63979763]
2437
[0.78743839]
2438
[0.25993026]
2439
[0.4344847]
2440
[0.26146819]
2441
[0.16919271]
2442
[0.78743839]
2443
[0.64594933]
2444
[0.51214989]
2445
[0.78743839]
2446
[0.21609941]
2447
[0.66517338]
2448
[0.78743839]
2449
[0.78743839]
2450
[0.67209404]
2451
[0.78743839]
2452
[0.32067828]
2453
[0.32606102]
2454
[0.00078997]
2455
[0.67286301]
2456
[0.78743839]
2457
[0.39834347]
2458
[0.78743839]
2459
[0.78743839]
2460
[0.76975225]
2461
[0.34605404]
2462
[0.77129018]
2463
[0.60288744]
2464
[0.78743839]
2465
[0.10844469]
2466
[0.77513499]
2467
[0.40757102]
2468
[0.21148564]
2469
[0.00078997]
2470
[0.78743839]
2471
[0.00078997]
2472
[0.78743839]
2473
[0.35605055]
2474
[0.78743839]
2475
[0.28915083]
2476
[0.6444114]
2477
[0.3406713]
2478
[0.33144375]
2479
[0.63595282]
2480
[0.76436952]
2481
[0.0961413]
2482
[0.05384837]
2483
[0.2122546]
2484
[0.11767224]
2485
[0.21994422]
2486
[0.78743839]
2487
[0.78743839]
2488
[0.60134951]
2489
[0.78743839]
2490
[0.24455102]
2491
[0.06845865]
2492
[0.35220573]
2493
[0.78743839]
2494
[0.0084796]
2495
[0.78743839]
2496
[0.42371923]
2497
[0.72207659]
2498
[0.51368781]
2499
[0.07537931]
2500
[0.70900423]
2501
[0.12228601]
2502
[0.78743839]
2503
[0.49446376]
2504
[0.632108]
2505
[0.00078997]
2506
[0.10306196]
2507
[0.78743839]
2508
[0.00924856]
2509
[0.00617271]
2510
[0.06845865]
2511
[0.15996516]
2512
[0.75206612]
2513
[0.63287697]
2514
[0.78743839]
2515
[0.75360405]
2516
[0.04692771]
2517
[0.20072017]
2518
[0.78743839]
2519
[0.51983951]
2520
[0.68670433]
2521
[0.78743839]
2522
[0.78743839]
2523
[0.78743839]
2524
[0.40680206]
2525
[0.53368083]
2526
[0.03231743]
2527
[0.02308988]
2528
[0.51214989]
2529
[0.21533045]
2530
[0.33990234]
2531
[0.25531649]
2532
[0.43679159]
2533
[0.78743839]
2534
[0.20764083]
2535
[0.0430829]
2536
[0.78743839]
2537
[0.61519083]
2538
[0.35451262]
2539
[0.49215687]
2540
[0.08537582]
2541
[0.29068875]
2542
[0.00694167]
2543
[0.1184412]
2544
[0.47831555]
2545
[0.04462082]
2546
[0.29068875]
2547
[0.5690531]
2548
[0.78743839]
2549
[0.21533045]
2550
[0.35835743]
2551
[0.2530096]
2552
[0.25993026]
2553
[0.78743839]
2554
[0.42064338]
2555
[0.78743839]
2556
[0.13843422]
2557
[0.43756055]
2558
[0.43832951]
2559
[0.60058055]
2560
[0.63672178]
2561
[0.36297121]
2562
[0.14996866]
2563
[0.78743839]
2564
[0.33375064]
2565
[0.09152752]
2566
[0.50753612]
2567
[0.16457894]
2568
[0.77821084]
2569
[0.67363197]
2570
[0.55982555]
2571
[0.00078997]
2572
[0.40680206]
2573
[0.5344498]
2574
[0.73899376]
2575
[0.30991281]
2576
[0.78743839]
2577
[0.41141583]
2578
[0.05384837]
2579
[0.41833649]
2580
[0.78743839]
2581
[0.17073064]
2582
[0.30760592]
2583
[0.78743839]
2584
[0.04462082]
2585
[0.30529904]
2586
[0.42525715]
2587
[0.469088]
2588
[0.52906706]
2589
[0.68132159]
2590
[0.35220573]
2591
[0.01078648]
2592
[0.32682998]
2593
[0.00463478]
2594
[0.45524668]
2595
[0.78743839]
2596
[0.07461035]
2597
[0.37373668]
2598
[0.78743839]
2599
[0.78743839]
2600
[0.72284555]
2601
[0.70285253]
2602
[0.00078997]
2603
[0.42602611]
2604
[0.78743839]
2605
[0.70823527]
2606
[0.3283679]
2607
[0.53752564]
2608
[0.59596678]
2609
[0.78743839]
2610
[0.52060847]
2611
[0.78743839]
2612
[0.70515942]
2613
[0.78743839]
2614
[0.31068177]
2615
[0.49061895]
2616
[0.6159598]
2617
[0.00309686]
2618
[0.54137046]
2619
[0.43602262]
2620
[0.25070271]
2621
[0.60519432]
2622
[0.71592489]
2623
[0.6505631]
2624
[0.78743839]
2625
[0.44140536]
2626
[0.6851664]
2627
[0.14151007]
2628
[0.62903216]
2629
[0.10383092]
2630
[0.78436254]
2631
[0.78743839]
2632
[0.1184412]
2633
[0.78743839]
2634
[0.45986045]
2635
[0.78743839]
2636
[0.78743839]
2637
[0.31606451]
2638
[0.71284904]
2639
[0.78743839]
2640
[0.78743839]
2641
[0.22686488]
2642
[0.77667291]
2643
[0.3529747]
2644
[0.03308639]
2645
[0.27530951]
2646
[0.13612733]
2647
[0.69593187]
2648
[0.51445678]
2649
[0.13305148]
2650
[0.57059102]
2651
[0.13535837]
2652
[0.53137395]
2653
[0.33067479]
2654
[0.76744537]
2655
[0.49600168]
2656
[0.78743839]
2657
[0.3406713]
2658
[0.40910894]
2659
[0.26608196]
2660
[0.67132508]
2661
[0.78743839]
2662
[0.01924507]
2663
[0.5629014]
2664
[0.51368781]
2665
[0.78743839]
2666
[0.44755706]
2667
[0.61903565]
2668
[0.28069224]
2669
[0.60903914]
2670
[0.78743839]
2671
[0.07845516]
2672
[0.64902517]
2673
[0.09460337]
2674
[0.75360405]
2675
[0.49907753]
2676
[0.56751517]
2677
[0.35758847]
2678
[0.48062244]
2679
[0.13766526]
2680
[0.78743839]
2681
[0.19841328]
2682
[0.60288744]
2683
[0.67363197]
2684
[0.27838536]
2685
[0.10075507]
2686
[0.16227205]
2687
[0.12613082]
2688
[0.45447772]
2689
[0.32375413]
2690
[0.12613082]
2691
[0.78743839]
2692
[0.23993724]
2693
[0.00078997]
2694
[0.28223017]
2695
[0.23532347]
2696
[0.36604706]
2697
[0.21686837]
2698
[0.32990583]
2699
[0.5344498]
2700
[0.05307941]
2701
[0.04769667]
2702
[0.23147866]
2703
[0.42679508]
2704
[0.50907404]
2705
[0.2999163]
2706
[0.00078997]
2707
[0.78743839]
2708
[0.23686139]
2709
[0.48677413]
2710
[0.09844818]
2711
[0.11305847]
2712
[0.63902867]
2713
[0.21071668]
2714
[0.60211848]
2715
[0.50138442]
2716
[0.51291885]
2717
[0.78743839]
2718
[0.43525366]
2719
[0.78743839]
2720
[0.57904961]
2721
[0.73745584]
2722
[0.4567846]
2723
[0.61749772]
2724
[0.78743839]
2725
[0.57828065]
2726
[0.68747329]
2727
[0.1591962]
2728
[0.05615526]
2729
[0.78743839]
2730
[0.14381696]
2731
[0.27530951]
2732
[0.37911941]
2733
[0.78743839]
2734
[0.27607847]
2735
[0.11690328]
2736
[0.40218828]
2737
[0.78743839]
2738
[0.02308988]
2739
[0.53521876]
2740
[0.69054914]
2741
[0.47447074]
2742
[0.78743839]
2743
[0.33144375]
2744
[0.68824225]
2745
[0.13843422]
2746
[0.12228601]
2747
[0.62364942]
2748
[0.38450215]
2749
[0.52137744]
2750
[0.60134951]
2751
[0.25993026]
2752
[0.469088]
2753
[0.78743839]
2754
[0.04615875]
2755
[0.55213593]
2756
[0.78743839]
2757
[0.00078997]
2758
[0.69516291]
2759
[0.17688233]
2760
[0.29068875]
2761
[0.00078997]
2762
[0.31068177]
2763
[0.78743839]
2764
[0.03770016]
2765
[0.78743839]
2766
[0.40757102]
2767
[0.47677762]
2768
[0.25377856]
2769
[0.78743839]
2770
[0.16765479]
2771
[0.76052471]
2772
[0.50522923]
2773
[0.28915083]
2774
[0.68055263]
2775
[0.7851315]
2776
[0.78743839]
2777
[0.04000705]
2778
[0.00078997]
2779
[0.24224413]
2780
[0.30222319]
2781
[0.23301658]
2782
[0.16073413]
2783
[0.26915781]
2784
[0.73284206]
2785
[0.33682649]
2786
[0.58597027]
2787
[0.53983253]
2788
[0.78743839]
2789
[0.64364244]
2790
[0.78743839]
2791
[0.53291187]
2792
[0.03231743]
2793
[0.34759196]
2794
[0.26223715]
2795
[0.17688233]
2796
[0.61826668]
2797
[0.7851315]
2798
[0.74975923]
2799
[0.30453007]
2800
[0.43525366]
2801
[0.24839583]
2802
[0.33528856]
2803
[0.43294677]
2804
[0.78743839]
2805
[0.05692422]
2806
[0.37219875]
2807
[0.78743839]
2808
[0.55828763]
2809
[0.33759545]
2810
[0.7443765]
2811
[0.78743839]
2812
[0.72515244]
2813
[0.78743839]
2814
[0.54829112]
2815
[0.26915781]
2816
[0.09691026]
2817
[0.78743839]
2818
[0.18534092]
2819
[0.78205565]
2820
[0.54906008]
2821
[0.37681253]
2822
[0.29760941]
2823
[0.00078997]
2824
[0.78743839]
2825
[0.51291885]
2826
[0.72515244]
2827
[0.66901819]
2828
[0.78743839]
2829
[0.07537931]
2830
[0.66978716]
2831
[0.68362848]
2832
[0.4467881]
2833
[0.16611686]
2834
[0.43371574]
2835
[0.00078997]
2836
[0.70054565]
2837
[0.78743839]
2838
[0.78743839]
2839
[0.48369828]
2840
[0.71054216]
2841
[0.29299564]
2842
[0.32144724]
2843
[0.3529747]
2844
[0.78051772]
2845
[0.30683696]
2846
[0.59981159]
2847
[0.78743839]
2848
[0.78743839]
2849
[0.68978018]
2850
[0.49984649]
2851
[0.78743839]
2852
[0.36835394]
2853
[0.43986743]
2854
[0.78743839]
2855
[0.04385186]
2856
[0.78743839]
2857
[0.77205914]
2858
[0.78743839]
2859
[0.25762337]
2860
[0.57597376]
2861
[0.78743839]
2862
[0.00078997]
2863
[0.78743839]
2864
[0.78743839]
2865
[0.62134253]
2866
[0.54213942]
2867
[0.78743839]
2868
[0.35989536]
2869
[0.38834696]
2870
[0.34528507]
2871
[0.48446725]
2872
[0.69516291]
2873
[0.42064338]
2874
[0.40833998]
2875
[0.14996866]
2876
[0.52599121]
2877
[0.17688233]
2878
[0.58212546]
2879
[0.78743839]
2880
[0.43525366]
2881
[0.1368963]
2882
[0.78743839]
2883
[0.35758847]
2884
[0.48062244]
2885
[0.78743839]
2886
[0.70746631]
2887
[0.45447772]
2888
[0.78743839]
2889
[0.23378554]
2890
[0.1591962]
2891
[0.62903216]
2892
[0.35451262]
2893
[0.52676017]
2894
[0.72899725]
2895
[0.44294328]
2896
[0.78743839]
2897
[0.10536884]
2898
[0.78743839]
2899
[0.77052122]
2900
[0.07999309]
2901
[0.52368432]
2902
[0.7666764]
2903
[0.37988838]
2904
[0.46524319]
2905
[0.74975923]
2906
[0.78743839]
2907
[0.37296772]
2908
[0.78743839]
2909
[0.78743839]
2910
[0.10690677]
2911
[0.6382597]
2912
[0.78743839]
2913
[0.78743839]
2914
[0.41756753]
2915
[0.19687535]
2916
[0.13535837]
2917
[0.78743839]
2918
[0.28991979]
2919
[0.78743839]
2920
[0.59519782]
2921
[0.183803]
2922
[0.41756753]
2923
[0.78743839]
2924
[0.78743839]
2925
[0.33528856]
2926
[0.76590744]
2927
[0.03539328]
2928
[0.51522574]
2929
[0.10767573]
2930
[0.78743839]
2931
[0.68132159]
2932
[0.33298168]
2933
[0.78743839]
2934
[0.07461035]
2935
[0.42141234]
2936
[0.265313]
2937
[0.78743839]
2938
[0.06999658]
2939
[0.51061196]
2940
[0.19918224]
2941
[0.67670782]
2942
[0.45447772]
2943
[0.78743839]
2944
[0.69900772]
2945
[0.76513848]
2946
[0.27761639]
2947
[0.12536186]
2948
[0.36374017]
2949
[0.00078997]
2950
[0.23147866]
2951
[0.56597725]
2952
[0.18457196]
2953
[0.0307795]
2954
[0.56136347]
2955
[0.77205914]
2956
[0.15612035]
2957
[0.78743839]
2958
[0.32298517]
2959
[0.4875431]
2960
[0.61211499]
2961
[0.53521876]
2962
[0.57212895]
2963
[0.07537931]
2964
[0.49753961]
2965
[0.7259214]
2966
[0.12382394]
2967
[0.78743839]
2968
[0.04000705]
2969
[0.78051772]
2970
[0.38911592]
2971
[0.26761988]
2972
[0.78743839]
2973
[0.78743839]
2974
[0.5752048]
2975
[0.36835394]
2976
[0.77744188]
2977
[0.11075158]
2978
[0.37296772]
2979
[0.41218479]
2980
[0.10844469]
2981
[0.36604706]
2982
[0.34836092]
2983
[0.10306196]
2984
[0.12151705]
2985
[0.78743839]
2986
[0.04692771]
2987
[0.09921714]
2988
[0.78743839]
2989
[0.78743839]
2990
[0.30991281]
2991
[0.0776862]
2992
[0.6098081]
2993
[0.40141932]
2994
[0.78743839]
2995
[0.10613781]
2996
[0.75591093]
2997
[0.00078997]
2998
[0.17995818]
2999
[0.29684045]
3000
[0.1245929]
3001
[0.78205565]
3002
[0.14151007]
3003
[0.44832602]
3004
[0.0961413]
3005
[0.73437999]
3006
[0.66824923]
3007
[0.02616573]
3008
[0.15381347]
3009
[0.60519432]
3010
[0.40218828]
3011
[0.29684045]
3012
[0.62134253]
3013
[0.78743839]
3014
[0.46370527]
3015
[0.2061029]
3016
[0.51907055]
3017
[0.57751168]
3018
[0.19226158]
3019
[0.70900423]
3020
[0.5159947]
3021
[0.63441489]
3022
[0.43679159]
3023
[0.40218828]
3024
[0.18072715]
3025
[0.78743839]
3026
[0.16304101]
3027
[0.22378903]
3028
[0.33913338]
3029
[0.78743839]
3030
[0.52676017]
3031
[0.12151705]
3032
[0.78743839]
3033
[0.25454753]
3034
[0.00078997]
3035
[0.7036215]
3036
[0.78743839]
3037
[0.78743839]
3038
[0.00078997]
3039
[0.44217432]
3040
[0.16688583]
3041
[0.27300262]
3042
[0.17611337]
3043
[0.77590395]
3044
[0.23993724]
3045
[0.78743839]
3046
[0.49677064]
3047
[0.55290489]
3048
[0.77590395]
3049
[0.67132508]
3050
[0.78743839]
3051
[0.07922413]
3052
[0.45524668]
3053
[0.53060498]
3054
[0.09383441]
3055
[0.72669037]
3056
[0.4406364]
3057
[0.58212546]
3058
[0.78743839]
3059
[0.69054914]
3060
[0.77744188]
3061
[0.27530951]
3062
[0.41833649]
3063
[0.78743839]
3064
[0.36450913]
3065
[0.44140536]
3066
[0.11767224]
3067
[0.63287697]
3068
[0.19764432]
3069
[0.14458592]
3070
[0.78743839]
3071
[0.15688932]
3072
[0.57904961]
3073
[0.24301309]
3074
[0.4629363]
3075
[0.78743839]
3076
[0.76821433]
3077
[0.75821782]
3078
[0.06230696]
3079
[0.10075507]
3080
[0.74975923]
3081
[0.4629363]
3082
[0.78743839]
3083
[0.34144026]
3084
[0.61288395]
3085
[0.23763035]
3086
[0.37758149]
3087
[0.469088]
3088
[0.15458243]
3089
[0.34989885]
3090
[0.32606102]
3091
[0.20148913]
3092
[0.75821782]
3093
[0.57674272]
3094
[0.39065385]
3095
[0.5752048]
3096
[0.41064687]
3097
[0.3122197]
3098
[0.20456498]
3099
[0.6974698]
3100
[0.00078997]
3101
[0.05923111]
3102
[0.5690531]
3103
[0.27069573]
3104
[0.23993724]
3105
[0.75437301]
3106
[0.78743839]
3107
[0.52599121]
3108
[0.00078997]
3109
[0.58827715]
3110
[0.73745584]
3111
[0.15996516]
3112
[0.20225809]
3113
[0.1714996]
3114
[0.76821433]
3115
[0.78743839]
3116
[0.78743839]
3117
[0.33298168]
3118
[0.77205914]
3119
[0.5282981]
3120
[0.39219177]
3121
[0.44601913]
3122
[0.12228601]
3123
[0.78743839]
3124
[0.78743839]
3125
[0.19456847]
3126
[0.63595282]
3127
[0.07614828]
3128
[0.05538629]
3129
[0.11767224]
3130
[0.57135998]
3131
[0.31145073]
3132
[0.78743839]
3133
[0.57981857]
3134
[0.78743839]
3135
[0.78743839]
3136
[0.0961413]
3137
[0.29453356]
3138
[0.37758149]
3139
[0.36066432]
3140
[0.19456847]
3141
[0.67132508]
3142
[0.14766177]
3143
[0.68055263]
3144
[0.34989885]
3145
[0.50830508]
3146
[0.65210102]
3147
[0.62134253]
3148
[0.22686488]
3149
[0.44986394]
3150
[0.30376111]
3151
[0.78743839]
3152
[0.62749423]
3153
[0.29914734]
3154
[0.23609243]
3155
[0.00078997]
3156
[0.04077601]
3157
[0.78743839]
3158
[0.24839583]
3159
[0.62441838]
3160
[0.78743839]
3161
[0.07307243]
3162
[0.78743839]
3163
[0.1653479]
3164
[0.78743839]
3165
[0.71054216]
3166
[0.78743839]
3167
[0.35143677]
3168
[0.27761639]
3169
[0.57751168]
3170
[0.62364942]
3171
[0.78743839]
3172
[0.10921365]
3173
[0.38988489]
3174
[0.19226158]
3175
[0.31990932]
3176
[0.24301309]
3177
[0.08537582]
3178
[0.25993026]
3179
[0.78743839]
3180
[0.70823527]
3181
[0.55213593]
3182
[0.76590744]
3183
[0.64518036]
3184
[0.43909847]
3185
[0.50830508]
3186
[0.01386233]
3187
[0.73284206]
3188
[0.34144026]
3189
[0.78743839]
3190
[0.38911592]
3191
[0.66824923]
3192
[0.39680555]
3193
[0.12689979]
3194
[0.49907753]
3195
[0.78743839]
3196
[0.22917177]
3197
[0.15150658]
3198
[0.78743839]
3199
[0.35605055]
3200
[0.48600517]
3201
[0.5344498]
3202
[0.56674621]
3203
[0.78743839]
3204
[0.38065734]
3205
[0.48216036]
3206
[0.05461733]
3207
[0.78743839]
3208
[0.64287348]
3209
[0.31529555]
3210
[0.13535837]
3211
[0.53291187]
3212
[0.15073762]
3213
[0.34836092]
3214
[0.52291536]
3215
[0.47908451]
3216
[0.53368083]
3217
[0.78743839]
3218
[0.18918573]
3219
[0.43832951]
3220
[0.00540375]
3221
[0.78743839]
3222
[0.57135998]
3223
[0.78743839]
3224
[0.62518734]
3225
[0.47062593]
3226
[0.51983951]
3227
[0.43909847]
3228
[0.30991281]
3229
[0.57366687]
3230
[0.39757451]
3231
[0.78743839]
3232
[0.78743839]
3233
[0.31452658]
3234
[0.64902517]
3235
[0.41295375]
3236
[0.21609941]
3237
[0.78743839]
3238
[0.2184063]
3239
[0.65286999]
3240
[0.74206961]
3241
[0.67209404]
3242
[0.05231045]
3243
[0.26377507]
3244
[0.67286301]
3245
[0.24224413]
3246
[0.78743839]
3247
[0.39757451]
3248
[0.51445678]
3249
[0.47216385]
3250
[0.40526413]
3251
[0.43756055]
3252
[0.78743839]
3253
[0.01155544]
3254
[0.78743839]
3255
[0.09075856]
3256
[0.41910545]
3257
[0.66132857]
3258
[0.78128669]
3259
[0.64133555]
3260
[0.47600866]
3261
[0.78743839]
3262
[0.40603309]
3263
[0.2184063]
3264
[0.74745235]
3265
[0.52599121]
3266
[0.09460337]
3267
[0.30683696]
3268
[0.06153799]
3269
[0.52060847]
3270
[0.12766875]
3271
[0.70054565]
3272
[0.53214291]
3273
[0.78743839]
3274
[0.00078997]
3275
[0.7036215]
3276
[0.20917875]
3277
[0.02232092]
3278
[0.62288046]
3279
[0.51830159]
3280
[0.28376809]
3281
[0.48369828]
3282
[0.02385884]
3283
[0.38450215]
3284
[0.56597725]
3285
[0.78743839]
3286
[0.78743839]
3287
[0.76744537]
3288
[0.78743839]
3289
[0.38065734]
3290
[0.44986394]
3291
[0.00078997]
3292
[0.43525366]
3293
[0.50753612]
3294
[0.54982904]
3295
[0.78743839]
3296
[0.05154148]
3297
[0.27684743]
3298
[0.4160296]
3299
[0.78743839]
3300
[0.63595282]
3301
[0.78743839]
3302
[0.05923111]
3303
[0.29607149]
3304
[0.00078997]
3305
[0.78743839]
3306
[0.71592489]
3307
[0.33836441]
3308
[0.47677762]
3309
[0.00078997]
3310
[0.76436952]
3311
[0.78743839]
3312
[0.22994073]
3313
[0.67670782]
3314
[0.50215338]
3315
[0.64748725]
3316
[0.57751168]
3317
[0.49753961]
3318
[0.57289791]
3319
[0.09460337]
3320
[0.07461035]
3321
[0.2814612]
3322
[0.05077252]
3323
[0.36297121]
3324
[0.0653828]
3325
[0.13920318]
3326
[0.69823876]
3327
[0.00078997]
3328
[0.56751517]
3329
[0.33759545]
3330
[0.73668687]
3331
[0.78743839]
3332
[0.06999658]
3333
[0.38911592]
3334
[0.32067828]
3335
[0.62903216]
3336
[0.32067828]
3337
[0.63749074]
3338
[0.78743839]
3339
[0.31068177]
3340
[0.56828414]
3341
[0.78743839]
3342
[0.78743839]
3343
[0.78743839]
3344
[0.78743839]
3345
[0.78743839]
3346
[0.03616224]
3347
[0.59365989]
3348
[0.00078997]
3349
[0.09306545]
3350
[0.13382045]
3351
[0.78743839]
3352
[0.66209753]
3353
[0.61134602]
3354
[0.03923809]
3355
[0.40372621]
3356
[0.78743839]
3357
[0.43525366]
3358
[0.00617271]
3359
[0.34836092]
3360
[0.00924856]
3361
[0.24916479]
3362
[0.78743839]
3363
[0.68593536]
3364
[0.23916828]
3365
[0.52983602]
3366
[0.37988838]
3367
[0.65825272]
3368
[0.41526064]
3369
[0.78743839]
3370
[0.78743839]
3371
[0.78743839]
3372
[0.10383092]
3373
[0.26300611]
3374
[0.78743839]
3375
[0.78743839]
3376
[0.78743839]
3377
[0.00078997]
3378
[0.33221272]
3379
[0.40987791]
3380
[0.39449866]
3381
[0.01770714]
3382
[0.20379601]
3383
[0.78743839]
3384
[0.78743839]
3385
[0.11767224]
3386
[0.00924856]
3387
[0.70669735]
3388
[0.1653479]
3389
[0.2591613]
3390
[0.78743839]
3391
[0.78743839]
3392
[0.13228252]
3393
[0.35528158]
3394
[0.38680904]
3395
[0.02924158]
3396
[0.45370876]
3397
[0.14843073]
3398
[0.78743839]
3399
[0.78743839]
3400
[0.5975047]
3401
[0.22302007]
3402
[0.50522923]
3403
[0.3814263]
3404
[0.78743839]
3405
[0.78743839]
3406
[0.52060847]
3407
[0.24301309]
3408
[0.21686837]
3409
[0.17842026]
3410
[0.39911243]
3411
[0.71823178]
3412
[0.00924856]
3413
[0.6974698]
3414
[0.27300262]
3415
[0.33528856]
3416
[0.78743839]
3417
[0.13458941]
3418
[0.74360754]
3419
[0.37835045]
3420
[0.78743839]
3421
[0.78590046]
3422
[0.17226856]
3423
[0.00078997]
3424
[0.78743839]
3425
[0.78743839]
3426
[0.21302356]
3427
[0.23147866]
3428
[0.75360405]
3429
[0.78436254]
3430
[0.4221813]
3431
[0.73130414]
3432
[0.78743839]
3433
[0.7851315]
3434
[0.42679508]
3435
[0.78743839]
3436
[0.29684045]
3437
[0.04154497]
3438
[0.00540375]
3439
[0.7851315]
3440
[0.22148215]
3441
[0.37219875]
3442
[0.68285952]
3443
[0.00078997]
3444
[0.49369479]
3445
[0.08537582]
3446
[0.10536884]
3447
[0.54906008]
3448
[0.72669037]
3449
[0.33605753]
3450
[0.19456847]
3451
[0.46370527]
3452
[0.38680904]
3453
[0.45909149]
3454
[0.78743839]
3455
[0.61519083]
3456
[0.07230346]
3457
[0.10690677]
3458
[0.00155893]
3459
[0.58904612]
3460
[0.74514546]
3461
[0.45140187]
3462
[0.40295725]
3463
[0.78743839]
3464
[0.00078997]
3465
[0.78743839]
3466
[0.62057357]
3467
[0.78743839]
3468
[0.75591093]
3469
[0.78743839]
3470
[0.05307941]
3471
[0.29530253]
3472
[0.58981508]
3473
[0.26992677]
3474
[0.57751168]
3475
[0.78743839]
3476
[0.65286999]
3477
[0.05538629]
3478
[0.08691375]
3479
[0.78743839]
3480
[0.0369312]
3481
[0.78743839]
3482
[0.78743839]
3483
[0.12613082]
3484
[0.68285952]
3485
[0.78743839]
3486
[0.78743839]
3487
[0.78743839]
3488
[0.74591442]
3489
[0.75514197]
3490
[0.74514546]
3491
[0.07845516]
3492
[0.31298866]
3493
[0.78743839]
3494
[0.73899376]
3495
[0.78743839]
3496
[0.78743839]
3497
[0.62518734]
3498
[0.51522574]
3499
[0.08691375]
3500
[0.41372272]
3501
[0.78743839]
3502
[0.01463129]
3503
[0.78743839]
3504
[0.0492346]
3505
[0.73976272]
3506
[0.09229648]
3507
[0.28530602]
3508
[0.25839234]
3509
[0.33913338]
3510
[0.78743839]
3511
[0.15073762]
3512
[0.78743839]
3513
[0.36604706]
3514
[0.01386233]
3515
[0.78743839]
3516
[0.76283159]
3517
[0.42756404]
3518
[0.62672527]
3519
[0.6505631]
3520
[0.3591264]
3521
[0.5444463]
3522
[0.38219526]
3523
[0.46524319]
3524
[0.67440093]
3525
[0.39526762]
3526
[0.39603658]
3527
[0.75821782]
3528
[0.2530096]
3529
[0.3345196]
3530
[0.40603309]
3531
[0.18918573]
3532
[0.78743839]
3533
[0.3814263]
3534
[0.28915083]
3535
[0.04538978]
3536
[0.20225809]
3537
[0.57981857]
3538
[0.0246278]
3539
[0.78743839]
3540
[0.78743839]
3541
[0.10921365]
3542
[0.02001403]
3543
[0.40218828]
3544
[0.24455102]
3545
[0.12843771]
3546
[0.08537582]
3547
[0.43756055]
3548
[0.78743839]
3549
[0.78743839]
3550
[0.30760592]
3551
[0.37450564]
3552
[0.62672527]
3553
[0.3591264]
3554
[0.78743839]
3555
[0.77205914]
3556
[0.5567497]
3557
[0.6444114]
3558
[0.68439744]
3559
[0.6567148]
3560
[0.31068177]
3561
[0.52137744]
3562
[0.26069922]
3563
[0.27684743]
3564
[0.6567148]
3565
[0.40910894]
3566
[0.78743839]
3567
[0.19918224]
3568
[0.2468579]
3569
[0.78743839]
3570
[0.32529205]
3571
[0.78743839]
3572
[0.09767922]
3573
[0.78743839]
3574
[0.52060847]
3575
[0.5282981]
3576
[0.5159947]
3577
[0.15073762]
3578
[0.76360055]
3579
[0.39065385]
3580
[0.6036564]
3581
[0.63287697]
3582
[0.78743839]
3583
[0.78743839]
3584
[0.52906706]
3585
[0.17688233]
3586
[0.48446725]
3587
[0.78743839]
3588
[0.25993026]
3589
[0.20456498]
3590
[0.72822829]
3591
[0.78743839]
3592
[0.17611337]
3593
[0.68978018]
3594
[0.78743839]
3595
[0.54213942]
3596
[0.78743839]
3597
[0.6790147]
3598
[0.65363895]
3599
[0.11536535]
3600
[0.19456847]
3601
[0.20764083]
3602
[0.34374715]
3603
[0.11536535]
3604
[0.1591962]
3605
[0.78743839]
3606
[0.23070969]
3607
[0.03308639]
3608
[0.13151356]
3609
[0.21533045]
3610
[0.12689979]
3611
[0.29530253]
3612
[0.26377507]
3613
[0.76590744]
3614
[0.3998814]
3615
[0.72515244]
3616
[0.71131112]
3617
[0.30145422]
3618
[0.2061029]
3619
[0.78743839]
3620
[0.64594933]
3621
[0.0838379]
3622
[0.75821782]
3623
[0.00078997]
3624
[0.58289442]
3625
[0.78743839]
3626
[0.00309686]
3627
[0.53752564]
3628
[0.03385535]
3629
[0.78743839]
3630
[0.74283857]
3631
[0.11536535]
3632
[0.29607149]
3633
[0.24531998]
3634
[0.49446376]
3635
[0.51907055]
3636
[0.26685092]
3637
[0.71438697]
3638
[0.16919271]
3639
[0.02539677]
3640
[0.78743839]
3641
[0.13535837]
3642
[0.78743839]
3643
[0.65748376]
3644
[0.32144724]
3645
[0.2122546]
3646
[0.37373668]
3647
[0.16380998]
3648
[0.29684045]
3649
[0.15842724]
3650
[0.00078997]
3651
[0.46831904]
3652
[0.73437999]
3653
[0.78743839]
3654
[0.27300262]
3655
[0.78743839]
3656
[0.72130763]
3657
[0.69823876]
3658
[0.45217083]
3659
[0.51753263]
3660
[0.10075507]
3661
[0.78743839]
3662
[0.64210451]
3663
[0.35681951]
3664
[0.36066432]
3665
[0.39526762]
3666
[0.39449866]
3667
[0.13612733]
3668
[0.20456498]
3669
[0.14689281]
3670
[0.71131112]
3671
[0.00155893]
3672
[0.41372272]
3673
[0.00078997]
3674
[0.1122895]
3675
[0.3814263]
3676
[0.22071318]
3677
[0.15765828]
3678
[0.4467881]
3679
[0.33221272]
3680
[0.17073064]
3681
[0.26838885]
3682
[0.11382743]
3683
[0.59289093]
3684
[0.42910196]
3685
[0.51291885]
3686
[0.54521527]
3687
[0.78743839]
3688
[0.30837488]
3689
[0.53906357]
3690
[0.27454054]
3691
[0.25993026]
3692
[0.38296423]
3693
[0.33682649]
3694
[0.67055612]
3695
[0.42448819]
3696
[0.01770714]
3697
[0.00078997]
3698
[0.40757102]
3699
[0.39680555]
3700
[0.56674621]
3701
[0.33144375]
3702
[0.78743839]
3703
[0.61980461]
3704
[0.69670084]
3705
[0.10383092]
3706
[0.22609592]
3707
[0.38373319]
3708
[0.61749772]
3709
[0.16227205]
3710
[0.75821782]
3711
[0.29453356]
3712
[0.71592489]
3713
[0.65286999]
3714
[0.08229997]
3715
[0.6628665]
3716
[0.74591442]
3717
[0.78743839]
3718
[0.32221621]
3719
[0.00078997]
3720
[0.3122197]
3721
[0.59212197]
3722
[0.51061196]
3723
[0.0023279]
3724
[0.00694167]
3725
[0.42064338]
3726
[0.78743839]
3727
[0.02539677]
3728
[0.78743839]
3729
[0.50446027]
3730
[0.78743839]
3731
[0.34528507]
3732
[0.78743839]
3733
[0.52137744]
3734
[0.14304799]
3735
[0.15535139]
3736
[0.78743839]
3737
[0.26608196]
3738
[0.03616224]
3739
[0.41679857]
3740
[0.55982555]
3741
[0.65902168]
3742
[0.00078997]
3743
[0.15765828]
3744
[0.00078997]
3745
[0.20456498]
3746
[0.6098081]
3747
[0.27454054]
3748
[0.17380649]
3749
[0.74053169]
3750
[0.50522923]
3751
[0.62057357]
3752
[0.78743839]
3753
[0.20148913]
3754
[0.0369312]
3755
[0.65363895]
3756
[0.77205914]
3757
[0.49292583]
3758
[0.78743839]
3759
[0.34297819]
3760
[0.7097732]
3761
[0.5159947]
3762
[0.32375413]
3763
[0.65133206]
3764
[0.07307243]
3765
[0.49523272]
3766
[0.68132159]
3767
[0.70131461]
3768
[0.08845167]
3769
[0.72438348]
3770
[0.10998262]
3771
[0.78359357]
3772
[0.64594933]
3773
[0.19918224]
3774
[0.53983253]
3775
[0.78743839]
3776
[0.02770365]
3777
[0.69977669]
3778
[0.6790147]
3779
[0.59673574]
3780
[0.62595631]
3781
[0.29453356]
3782
[0.00078997]
3783
[0.33067479]
3784
[0.78743839]
3785
[0.50138442]
3786
[0.25762337]
3787
[0.19764432]
3788
[0.49446376]
3789
[0.77744188]
3790
[0.01309337]
3791
[0.05615526]
3792
[0.45832253]
3793
[0.74899027]
3794
[0.63902867]
3795
[0.61749772]
3796
[0.78128669]
3797
[0.18841677]
3798
[0.51983951]
3799
[0.40141932]
3800
[0.78743839]
3801
[0.78743839]
3802
[0.78743839]
3803
[0.55213593]
3804
[0.78743839]
3805
[0.08768271]
3806
[0.5629014]
3807
[0.78743839]
3808
[0.63287697]
3809
[0.59289093]
3810
[0.4813914]
3811
[0.04000705]
3812
[0.09998611]
3813
[0.74975923]
3814
[0.18610988]
3815
[0.76744537]
3816
[0.06307592]
3817
[0.76821433]
3818
[0.42602611]
3819
[0.77205914]
3820
[0.00078997]
3821
[0.73053518]
3822
[0.38450215]
3823
[0.78743839]
3824
[0.2407062]
3825
[0.38450215]
3826
[0.64056659]
3827
[0.68285952]
3828
[0.68439744]
3829
[0.78743839]
3830
[0.78743839]
3831
[0.72822829]
3832
[0.47370178]
3833
[0.74053169]
3834
[0.78743839]
3835
[0.00078997]
3836
[0.76129367]
3837
[0.41679857]
3838
[0.65440791]
3839
[0.21302356]
3840
[0.20840979]
3841
[0.74591442]
3842
[0.73976272]
3843
[0.64825621]
3844
[0.01540026]
3845
[0.42525715]
3846
[0.25608545]
3847
[0.03539328]
3848
[0.16842375]
3849
[0.6221115]
3850
[0.2876129]
3851
[0.78743839]
3852
[0.68132159]
3853
[0.20840979]
3854
[0.78743839]
3855
[0.03770016]
3856
[0.31837139]
3857
[0.54367734]
3858
[0.5444463]
3859
[0.08614479]
3860
[0.67824574]
3861
[0.78743839]
3862
[0.70285253]
3863
[0.56982206]
3864
[0.25839234]
3865
[0.32913687]
3866
[0.00078997]
3867
[0.22917177]
3868
[0.58520131]
3869
[0.50061545]
3870
[0.09306545]
3871
[0.32067828]
3872
[0.5444463]
3873
[0.51522574]
3874
[0.11536535]
3875
[0.78743839]
3876
[0.78743839]
3877
[0.78743839]
3878
[0.61365291]
3879
[0.74591442]
3880
[0.7666764]
3881
[0.49523272]
3882
[0.13997215]
3883
[0.39219177]
3884
[0.6628665]
3885
[0.72053867]
3886
[0.10229299]
3887
[0.07691724]
3888
[0.28453705]
3889
[0.78743839]
3890
[0.11997913]
3891
[0.01770714]
3892
[0.15765828]
3893
[0.74053169]
3894
[0.78743839]
3895
[0.00309686]
3896
[0.04538978]
3897
[0.73668687]
3898
[0.40987791]
3899
[0.12382394]
3900
[0.78743839]
3901
[0.11459639]
3902
[0.42987093]
3903
[0.21609941]
3904
[0.78743839]
3905
[0.40680206]
3906
[0.78743839]
3907
[0.66209753]
3908
[0.11767224]
3909
[0.47677762]
3910
[0.78743839]
3911
[0.11305847]
3912
[0.77205914]
3913
[0.78743839]
3914
[0.23301658]
3915
[0.14535488]
3916
[0.62672527]
3917
[0.08768271]
3918
[0.78128669]
3919
[0.1368963]
3920
[0.54906008]
3921
[0.00463478]
3922
[0.15842724]
3923
[0.65440791]
3924
[0.58597027]
3925
[0.11152054]
3926
[0.17226856]
3927
[0.74822131]
3928
[0.78743839]
3929
[0.26377507]
3930
[0.77974876]
3931
[0.03154846]
3932
[0.43679159]
3933
[0.78743839]
3934
[0.59365989]
3935
[0.32221621]
3936
[0.70592838]
3937
[0.56213244]
3938
[0.49523272]
3939
[0.78743839]
3940
[0.76283159]
3941
[0.40987791]
3942
[0.64902517]
3943
[0.57904961]
3944
[0.30376111]
3945
[0.15073762]
3946
[0.54598423]
3947
[0.27761639]
3948
[0.75437301]
3949
[0.78743839]
3950
[0.62980112]
3951
[0.24608894]
3952
[0.4467881]
3953
[0.78743839]
3954
[0.3937297]
3955
[0.27530951]
3956
[0.75591093]
3957
[0.78743839]
3958
[0.56443932]
3959
[0.6036564]
3960
[0.57212895]
3961
[0.59904263]
3962
[0.76206263]
3963
[0.39834347]
3964
[0.48446725]
3965
[0.09537233]
3966
[0.48292932]
3967
[0.78743839]
3968
[0.07076554]
3969
[0.78743839]
3970
[0.10844469]
3971
[0.44909498]
3972
[0.57212895]
3973
[0.78743839]
3974
[0.64825621]
3975
[0.5690531]
3976
[0.62672527]
3977
[0.33605753]
3978
[0.78743839]
3979
[0.78743839]
3980
[0.24762686]
3981
[0.03308639]
3982
[0.19072366]
3983
[0.00078997]
3984
[0.78743839]
3985
[0.3283679]
3986
[0.78743839]
3987
[0.47600866]
3988
[0.03154846]
3989
[0.78743839]
3990
[0.18303403]
3991
[0.71438697]
3992
[0.00078997]
3993
[0.00078997]
3994
[0.32452309]
3995
[0.53291187]
3996
[0.78743839]
3997
[0.78743839]
3998
[0.02693469]
3999
[0.17534441]
4000
[0.57904961]
4001
[0.47600866]
4002
[0.44525017]
4003
[0.78743839]
4004
[0.78743839]
4005
[0.44448121]
4006
[0.2061029]
4007
[0.00078997]
4008
[0.32759894]
4009
[0.76436952]
4010
[0.04154497]
4011
[0.76975225]
4012
[0.17842026]
4013
[0.78743839]
4014
[0.09691026]
4015
[0.28991979]
4016
[0.28530602]
4017
[0.78743839]
4018
[0.35143677]
4019
[0.73591791]
4020
[0.32606102]
4021
[0.45370876]
4022
[0.63441489]
4023
[0.49446376]
4024
[0.20379601]
4025
[0.13612733]
4026
[0.78743839]
4027
[0.56982206]
4028
[0.42910196]
4029
[0.40372621]
4030
[0.78743839]
4031
[0.21609941]
4032
[0.20148913]
4033
[0.70131461]
4034
[0.33836441]
4035
[0.55982555]
4036
[0.19918224]
4037
[0.78743839]
4038
[0.78743839]
4039
[0.78743839]
4040
[0.01155544]
4041
[0.00078997]
4042
[0.05000356]
4043
[0.33144375]
4044
[0.29760941]
4045
[0.78743839]
4046
[0.78743839]
4047
[0.78743839]
4048
[0.47985347]
4049
[0.52060847]
4050
[0.42602611]
4051
[0.33836441]
4052
[0.06845865]
4053
[0.78743839]
4054
[0.55367385]
4055
[0.52599121]
4056
[0.51214989]
4057
[0.13151356]
4058
[0.78743839]
4059
[0.66824923]
4060
[0.43756055]
4061
[0.33528856]
4062
[0.05000356]
4063
[0.78743839]
4064
[0.61288395]
4065
[0.75898678]
4066
[0.78743839]
4067
[0.3345196]
4068
[0.39065385]
4069
[0.78743839]
4070
[0.05769318]
4071
[0.44140536]
4072
[0.60827017]
4073
[0.10690677]
4074
[0.31375762]
4075
[0.224558]
4076
[0.78743839]
4077
[0.00078997]
4078
[0.14151007]
4079
[0.78743839]
4080
[0.27069573]
4081
[0.17534441]
4082
[0.78743839]
4083
[0.76590744]
4084
[0.37835045]
4085
[0.4160296]
4086
[0.30299215]
4087
[0.78743839]
4088
[0.12920667]
4089
[0.48446725]
4090
[0.30376111]
4091
[0.01540026]
4092
[0.78743839]
4093
[0.32606102]
4094
[0.5036913]
4095
[0.31298866]
4096
[0.15612035]
4097
[0.50292234]
4098
[0.44755706]
4099
[0.72822829]
4100
[0.75975574]
4101
[0.61519083]
4102
[0.05769318]
4103
[0.21379252]
4104
[0.1530445]
4105
[0.02308988]
4106
[0.69823876]
4107
[0.31068177]
4108
[0.47754659]
4109
[0.4752397]
4110
[0.38527111]
4111
[0.78743839]
4112
[0.52445329]
4113
[0.10998262]
4114
[0.06922762]
4115
[0.43832951]
4116
[0.06768969]
4117
[0.57674272]
4118
[0.49215687]
4119
[0.78743839]
4120
[0.632108]
4121
[0.78743839]
4122
[0.62903216]
4123
[0.78590046]
4124
[0.54290838]
4125
[0.45217083]
4126
[0.78743839]
4127
[0.78743839]
4128
[0.50676715]
4129
[0.78743839]
4130
[0.509843]
4131
[0.67516989]
4132
[0.27069573]
4133
[0.78743839]
4134
[0.02155195]
4135
[0.66055961]
4136
[0.78743839]
4137
[0.14381696]
4138
[0.13766526]
4139
[0.00078997]
4140
[0.36450913]
4141
[0.30529904]
4142
[0.78743839]
4143
[0.78743839]
4144
[0.63364593]
4145
[0.62980112]
4146
[0.78743839]
4147
[0.63364593]
4148
[0.10690677]
4149
[0.18457196]
4150
[0.27838536]
4151
[0.78743839]
4152
[0.78743839]
4153
[0.70669735]
4154
[0.77129018]
4155
[0.05231045]
4156
[0.60750121]
4157
[0.57597376]
4158
[0.25608545]
4159
[0.78743839]
4160
[0.00617271]
4161
[0.29222668]
4162
[0.73899376]
4163
[0.27761639]
4164
[0.05538629]
4165
[0.61672876]
4166
[0.38988489]
4167
[0.25839234]
4168
[0.11152054]
4169
[0.78743839]
4170
[0.68055263]
4171
[0.78743839]
4172
[0.78743839]
4173
[0.21686837]
4174
[0.06307592]
4175
[0.78743839]
4176
[0.62288046]
4177
[0.23147866]
4178
[0.35835743]
4179
[0.46831904]
4180
[0.57674272]
4181
[0.04231394]
4182
[0.21763734]
4183
[0.10459988]
4184
[0.78743839]
4185
[0.45217083]
4186
[0.74591442]
4187
[0.68439744]
4188
[0.16457894]
4189
[0.55828763]
4190
[0.10459988]
4191
[0.224558]
4192
[0.72515244]
4193
[0.27300262]
4194
[0.68824225]
4195
[0.22532696]
4196
[0.78743839]
4197
[0.69285602]
4198
[0.72130763]
4199
[0.78743839]
4200
[0.51291885]
4201
[0.23916828]
4202
[0.4344847]
4203
[0.0023279]
4204
[0.42064338]
4205
[0.38296423]
4206
[0.0307795]
4207
[0.0653828]
4208
[0.60442536]
4209
[0.03923809]
4210
[0.36143328]
4211
[0.28607498]
4212
[0.00078997]
4213
[0.04000705]
4214
[0.78743839]
4215
[0.73053518]
4216
[0.22763385]
4217
[0.69285602]
4218
[0.11690328]
4219
[0.72130763]
4220
[0.10536884]
4221
[0.5567497]
4222
[0.78743839]
4223
[0.78743839]
4224
[0.05077252]
4225
[0.57597376]
4226
[0.47370178]
4227
[0.01693818]
4228
[0.6790147]
4229
[0.46524319]
4230
[0.59827366]
4231
[0.10921365]
4232
[0.18149611]
4233
[0.69285602]
4234
[0.78743839]
4235
[0.31298866]
4236
[0.78743839]
4237
[0.19533743]
4238
[0.15842724]
4239
[0.72130763]
4240
[0.23378554]
4241
[0.78743839]
4242
[0.02539677]
4243
[0.55905659]
4244
[0.78743839]
4245
[0.72899725]
4246
[0.78743839]
4247
[0.20072017]
4248
[0.58981508]
4249
[0.10690677]
4250
[0.10459988]
4251
[0.71669386]
4252
[0.68209055]
4253
[0.7728281]
4254
[0.78743839]
4255
[0.15612035]
4256
[0.69670084]
4257
[0.78743839]
4258
[0.23070969]
4259
[0.46985696]
4260
[0.32682998]
4261
[0.0653828]
4262
[0.78743839]
4263
[0.73361103]
4264
[0.00078997]
4265
[0.37604357]
4266
[0.78743839]
4267
[0.78743839]
4268
[0.22071318]
4269
[0.78743839]
4270
[0.43602262]
4271
[0.02693469]
4272
[0.00078997]
4273
[0.06153799]
4274
[0.52752913]
4275
[0.78743839]
4276
[0.78743839]
4277
[0.78743839]
4278
[0.78743839]
4279
[0.78743839]
4280
[0.78743839]
4281
[0.59442885]
4282
[0.67209404]
4283
[0.78743839]
4284
[0.6221115]
4285
[0.02385884]
4286
[0.49907753]
4287
[0.78666942]
4288
[0.08076205]
4289
[0.04538978]
4290
[0.78743839]
4291
[0.04692771]
4292
[0.10383092]
4293
[0.51291885]
4294
[0.55905659]
4295
[0.77590395]
4296
[0.71054216]
4297
[0.05461733]
4298
[0.52676017]
4299
[0.68055263]
4300
[0.78743839]
4301
[0.76360055]
4302
[0.78743839]
4303
[0.30683696]
4304
[0.50676715]
4305
[0.04385186]
4306
[0.75667989]
4307
[0.57981857]
4308
[0.68209055]
4309
[0.78743839]
4310
[0.78743839]
4311
[0.18764781]
4312
[0.06615177]
4313
[0.31606451]
4314
[0.66748027]
4315
[0.01924507]
4316
[0.78128669]
4317
[0.58673923]
4318
[0.78743839]
4319
[0.31760243]
4320
[0.29837838]
4321
[0.09460337]
4322
[0.11921016]
4323
[0.28838187]
4324
[0.3122197]
4325
[0.40141932]
4326
[0.45447772]
4327
[0.78743839]
4328
[0.78743839]
4329
[0.04692771]
4330
[0.15996516]
4331
[0.50830508]
4332
[0.24531998]
4333
[0.31375762]
4334
[0.78743839]
4335
[0.78743839]
4336
[0.04692771]
4337
[0.64671829]
4338
[0.78743839]
4339
[0.1999512]
4340
[0.56597725]
4341
[0.43756055]
4342
[0.12613082]
4343
[0.77590395]
4344
[0.78743839]
4345
[0.78743839]
4346
[0.47139489]
4347
[0.25608545]
4348
[0.36527809]
4349
[0.40833998]
4350
[0.53521876]
4351
[0.65363895]
4352
[0.49215687]
4353
[0.78743839]
4354
[0.57366687]
4355
[0.78743839]
4356
[0.78743839]
4357
[0.18534092]
4358
[0.21533045]
4359
[0.55905659]
4360
[0.72130763]
4361
[0.25762337]
4362
[0.78743839]
4363
[0.38450215]
4364
[0.3345196]
4365
[0.78743839]
4366
[0.10536884]
4367
[0.78743839]
4368
[0.78743839]
4369
[0.78743839]
4370
[0.469088]
4371
[0.78743839]
4372
[0.42371923]
4373
[0.11536535]
4374
[0.78743839]
4375
[0.56443932]
4376
[0.16688583]
4377
[0.21763734]
4378
[0.56751517]
4379
[0.28299913]
4380
[0.16227205]
4381
[0.29453356]
4382
[0.04615875]
4383
[0.64825621]
4384
[0.68901121]
4385
[0.22378903]
4386
[0.78743839]
4387
[0.78743839]
4388
[0.78743839]
4389
[0.63672178]
4390
[0.43525366]
4391
[0.0246278]
4392
[0.78743839]
4393
[0.78743839]
4394
[0.23224762]
4395
[0.78743839]
4396
[0.03154846]
4397
[0.78743839]
4398
[0.09844818]
4399
[0.08153101]
4400
[0.78743839]
4401
[0.0307795]
4402
[0.30453007]
4403
[0.20456498]
4404
[0.24301309]
4405
[0.34451611]
4406
[0.55905659]
4407
[0.50138442]
4408
[0.78743839]
4409
[0.78743839]
4410
[0.39526762]
4411
[0.6098081]
4412
[0.72284555]
4413
[0.08306894]
4414
[0.61672876]
4415
[0.71515593]
4416
[0.69054914]
4417
[0.01463129]
4418
[0.78743839]
4419
[0.00078997]
4420
[0.06845865]
4421
[0.20072017]
4422
[0.62057357]
4423
[0.48369828]
4424
[0.00078997]
4425
[0.27223366]
4426
[0.183803]
4427
[0.67055612]
4428
[0.78743839]
4429
[0.78743839]
4430
[0.12382394]
4431
[0.30837488]
4432
[0.10383092]
4433
[0.78743839]
4434
[0.78743839]
4435
[0.72207659]
4436
[0.67055612]
4437
[0.48292932]
4438
[0.78743839]
4439
[0.05461733]
4440
[0.78743839]
4441
[0.38988489]
4442
[0.63057008]
4443
[0.66440442]
4444
[0.38988489]
4445
[0.13458941]
4446
[0.6505631]
4447
[0.48292932]
4448
[0.42756404]
4449
[0.78743839]
4450
[0.78743839]
4451
[0.19072366]
4452
[0.44601913]
4453
[0.1591962]
4454
[0.5690531]
4455
[0.4221813]
4456
[0.68209055]
4457
[0.78743839]
4458
[0.42987093]
4459
[0.78743839]
4460
[0.20533394]
4461
[0.78743839]
4462
[0.5975047]
4463
[0.32990583]
4464
[0.05615526]
4465
[0.50676715]
4466
[0.78743839]
4467
[0.49215687]
4468
[0.18764781]
4469
[0.38296423]
4470
[0.78743839]
4471
[0.68901121]
4472
[0.78743839]
4473
[0.00078997]
4474
[0.00617271]
4475
[0.5444463]
4476
[0.27992328]
4477
[0.78743839]
4478
[0.60903914]
4479
[0.41526064]
4480
[0.5752048]
4481
[0.78051772]
4482
[0.5444463]
4483
[0.05307941]
4484
[0.36450913]
4485
[0.42910196]
4486
[0.28376809]
4487
[0.54367734]
4488
[0.67286301]
4489
[0.61442187]
4490
[0.31145073]
4491
[0.78743839]
4492
[0.57443583]
4493
[0.47831555]
4494
[0.15688932]
4495
[0.78743839]
4496
[0.10844469]
4497
[0.31068177]
4498
[0.64671829]
4499
[0.71054216]
4500
[0.09921714]
4501
[0.78743839]
4502
[0.78743839]
4503
[0.78743839]
4504
[0.62672527]
4505
[0.53598772]
4506
[0.78743839]
4507
[0.68593536]
4508
[0.78743839]
4509
[0.69670084]
4510
[0.00078997]
4511
[0.22840281]
4512
[0.61134602]
4513
[0.78743839]
4514
[0.6913181]
4515
[0.57135998]
4516
[0.06922762]
4517
[0.54367734]
4518
[0.29760941]
4519
[0.51753263]
4520
[0.51522574]
4521
[0.78359357]
4522
[0.78743839]
4523
[0.00078997]
4524
[0.45370876]
4525
[0.66901819]
4526
[0.3406713]
4527
[0.77744188]
4528
[0.00078997]
4529
[0.12997564]
4530
[0.54521527]
4531
[0.03154846]
4532
[0.64825621]
4533
[0.78743839]
4534
[0.78743839]
4535
[0.66901819]
4536
[0.78743839]
4537
[0.69516291]
4538
[0.67516989]
4539
[0.00078997]
4540
[0.16150309]
4541
[0.68285952]
4542
[0.75821782]
4543
[0.78743839]
4544
[0.78666942]
4545
[0.2407062]
4546
[0.33067479]
4547
[0.78205565]
4548
[0.52752913]
4549
[0.22840281]
4550
[0.28376809]
4551
[0.34297819]
4552
[0.45909149]
4553
[0.78743839]
4554
[0.34374715]
4555
[0.20840979]
4556
[0.38296423]
4557
[0.78743839]
4558
[0.05461733]
4559
[0.7505282]
4560
[0.78743839]
4561
[0.31683347]
4562
[0.78743839]
4563
[0.78743839]
4564
[0.78743839]
4565
[0.78743839]
4566
[0.28607498]
4567
[0.78743839]
4568
[0.18303403]
4569
[0.58981508]
4570
[0.56674621]
4571
[0.25377856]
4572
[0.78743839]
4573
[0.01924507]
4574
[0.78743839]
4575
[0.0776862]
4576
[0.78743839]
4577
[0.02693469]
4578
[0.7197697]
4579
[0.12689979]
4580
[0.11690328]
4581
[0.3345196]
4582
[0.0776862]
4583
[0.00155893]
4584
[0.06615177]
4585
[0.05923111]
4586
[0.78743839]
4587
[0.78743839]
4588
[0.19918224]
4589
[0.63902867]
4590
[0.05000356]
4591
[0.42064338]
4592
[0.59519782]
4593
[0.78436254]
4594
[0.78743839]
4595
[0.04154497]
4596
[0.50599819]
4597
[0.78743839]
4598
[0.22302007]
4599
[0.21609941]
4600
[0.78743839]
4601
[0.69823876]
4602
[0.13843422]
4603
[0.18226507]
4604
[0.56443932]
4605
[0.77974876]
4606
[0.78743839]
4607
[0.51061196]
4608
[0.22148215]
4609
[0.21456149]
4610
[0.78743839]
4611
[0.78743839]
4612
[0.53521876]
4613
[0.49600168]
4614
[0.18226507]
4615
[0.41679857]
4616
[0.70746631]
4617
[0.20533394]
4618
[0.30991281]
4619
[0.306068]
4620
[0.0492346]
4621
[0.6382597]
4622
[0.19764432]
4623
[0.78743839]
4624
[0.78743839]
4625
[0.01847611]
4626
[0.78743839]
4627
[0.25531649]
4628
[0.48908102]
4629
[0.68747329]
4630
[0.66824923]
4631
[0.63595282]
4632
[0.21533045]
4633
[0.01155544]
4634
[0.78743839]
4635
[0.36681602]
4636
[0.78743839]
4637
[0.65825272]
4638
[0.31760243]
4639
[0.30991281]
4640
[0.4160296]
4641
[0.58135649]
4642
[0.53060498]
4643
[0.75744886]
4644
[0.77052122]
4645
[0.28838187]
4646
[0.25377856]
4647
[0.48831206]
4648
[0.19149262]
4649
[0.47831555]
4650
[0.54290838]
4651
[0.16304101]
4652
[0.55828763]
4653
[0.62057357]
4654
[0.09998611]
4655
[0.78743839]
4656
[0.46139838]
4657
[0.33067479]
4658
[0.54598423]
4659
[0.08691375]
4660
[0.47677762]
4661
[0.07230346]
4662
[0.06384488]
4663
[0.78743839]
4664
[0.58443234]
4665
[0.71669386]
4666
[0.11382743]
4667
[0.02924158]
4668
[0.42064338]
4669
[0.27223366]
4670
[0.08306894]
4671
[0.13920318]
4672
[0.57366687]
4673
[0.04077601]
4674
[0.78743839]
4675
[0.00078997]
4676
[0.35758847]
4677
[0.37450564]
4678
[0.17534441]
4679
[0.71054216]
4680
[0.78743839]
4681
[0.30376111]
4682
[0.05769318]
4683
[0.26685092]
4684
[0.0961413]
4685
[0.78743839]
4686
[0.24301309]
4687
[0.58750819]
4688
[0.22532696]
4689
[0.01463129]
4690
[0.50676715]
4691
[0.75360405]
4692
[0.78743839]
4693
[0.27069573]
4694
[0.03231743]
4695
[0.24839583]
4696
[0.47677762]
4697
[0.78743839]
4698
[0.78743839]
4699
[0.14535488]
4700
[0.51522574]
4701
[0.5444463]
4702
[0.35220573]
4703
[0.56597725]
4704
[0.78743839]
4705
[0.09229648]
4706
[0.78743839]
4707
[0.49907753]
4708
[0.70515942]
4709
[0.32913687]
4710
[0.01386233]
4711
[0.16611686]
4712
[0.16842375]
4713
[0.45832253]
4714
[0.45140187]
4715
[0.60134951]
4716
[0.50599819]
4717
[0.78743839]
4718
[0.78743839]
4719
[0.78743839]
4720
[0.62518734]
4721
[0.78743839]
4722
[0.78743839]
4723
[0.00078997]
4724
[0.46678111]
4725
[0.14843073]
4726
[0.78743839]
4727
[0.23147866]
4728
[0.78743839]
4729
[0.3814263]
4730
[0.02232092]
4731
[0.42525715]
4732
[0.63441489]
4733
[0.59442885]
4734
[0.4752397]
4735
[0.14919969]
4736
[0.78743839]
4737
[0.65133206]
4738
[0.64825621]
4739
[0.13612733]
4740
[0.78743839]
4741
[0.19072366]
4742
[0.48984998]
4743
[0.03616224]
4744
[0.62903216]
4745
[0.65594584]
4746
[0.78743839]
4747
[0.68901121]
4748
[0.78743839]
4749
[0.30145422]
4750
[0.78743839]
4751
[0.17380649]
4752
[0.00078997]
4753
[0.70208357]
4754
[0.78743839]
4755
[0.78743839]
4756
[0.15227554]
4757
[0.78743839]
4758
[0.61134602]
4759
[0.04154497]
4760
[0.78743839]
4761
[0.32298517]
4762
[0.17534441]
4763
[0.36835394]
4764
[0.71284904]
4765
[0.56597725]
4766
[0.78743839]
4767
[0.54598423]
4768
[0.78743839]
4769
[0.21533045]
4770
[0.43217781]
4771
[0.49830857]
4772
[0.07614828]
4773
[0.67670782]
4774
[0.64364244]
4775
[0.28453705]
4776
[0.43140885]
4777
[0.78743839]
4778
[0.64748725]
4779
[0.60058055]
4780
[0.37835045]
4781
[0.50830508]
4782
[0.78743839]
4783
[0.63057008]
4784
[0.78743839]
4785
[0.632108]
4786
[0.0430829]
4787
[0.13151356]
4788
[0.03539328]
4789
[0.18534092]
4790
[0.01155544]
4791
[0.77821084]
4792
[0.78743839]
4793
[0.18610988]
4794
[0.09075856]
4795
[0.40449517]
4796
[0.46601215]
4797
[0.77129018]
4798
[0.3752746]
4799
[0.78743839]
4800
[0.78743839]
4801
[0.34989885]
4802
[0.78743839]
4803
[0.39296074]
4804
[0.77436603]
4805
[0.70439046]
4806
[0.2591613]
4807
[0.0084796]
4808
[0.26685092]
4809
[0.08153101]
4810
[0.5567497]
4811
[0.00078997]
4812
[0.68362848]
4813
[0.55598074]
4814
[0.42295026]
4815
[0.78743839]
4816
[0.78743839]
4817
[0.00078997]
4818
[0.01616922]
4819
[0.60058055]
4820
[0.71669386]
4821
[0.65363895]
4822
[0.09383441]
4823
[0.72053867]
4824
[0.78743839]
4825
[0.61519083]
4826
[0.76283159]
4827
[0.3998814]
4828
[0.14151007]
4829
[0.73361103]
4830
[0.05538629]
4831
[0.10613781]
4832
[0.75975574]
4833
[0.00078997]
4834
[0.13612733]
4835
[0.6221115]
4836
[0.47216385]
4837
[0.6974698]
4838
[0.29068875]
4839
[0.78743839]
4840
[0.68055263]
4841
[0.53137395]
4842
[0.14227903]
4843
[0.32682998]
4844
[0.16150309]
4845
[0.60596329]
4846
[0.78743839]
4847
[0.23839932]
4848
[0.78743839]
4849
[0.5752048]
4850
[0.78743839]
4851
[0.62288046]
4852
[0.26377507]
4853
[0.78743839]
4854
[0.78743839]
4855
[0.37604357]
4856
[0.73284206]
4857
[0.78743839]
4858
[0.56828414]
4859
[0.49830857]
4860
[0.387578]
4861
[0.51676366]
4862
[0.29684045]
4863
[0.19226158]
4864
[0.55136697]
4865
[0.01309337]
4866
[0.50446027]
4867
[0.78743839]
4868
[0.00078997]
4869
[0.78743839]
4870
[0.78743839]
4871
[0.0776862]
4872
[0.02924158]
4873
[0.00078997]
4874
[0.54982904]
4875
[0.3752746]
4876
[0.64210451]
4877
[0.14535488]
4878
[0.69516291]
4879
[0.39757451]
4880
[0.78743839]
4881
[0.67824574]
4882
[0.56520829]
4883
[0.52522225]
4884
[0.41756753]
4885
[0.09075856]
4886
[0.77974876]
4887
[0.60288744]
4888
[0.16150309]
4889
[0.01309337]
4890
[0.08153101]
4891
[0.00078997]
4892
[0.78743839]
4893
[0.57443583]
4894
[0.39526762]
4895
[0.32913687]
4896
[0.78743839]
4897
[0.4567846]
4898
[0.78743839]
4899
[0.6505631]
4900
[0.19533743]
4901
[0.78743839]
4902
[0.73053518]
4903
[0.18764781]
4904
[0.59289093]
4905
[0.50753612]
4906
[0.13612733]
4907
[0.5036913]
4908
[0.78743839]
4909
[0.78743839]
4910
[0.78743839]
4911
[0.78743839]
4912
[0.78743839]
4913
[0.75206612]
4914
[0.78743839]
4915
[0.11075158]
4916
[0.43602262]
4917
[0.09152752]
4918
[0.42448819]
4919
[0.01770714]
4920
[0.00078997]
4921
[0.4752397]
4922
[0.41295375]
4923
[0.75975574]
4924
[0.17611337]
4925
[0.09152752]
4926
[0.09998611]
4927
[0.62595631]
4928
[0.16688583]
4929
[0.26454403]
4930
[0.65979065]
4931
[0.45447772]
4932
[0.2530096]
4933
[0.49523272]
4934
[0.10767573]
4935
[0.28299913]
4936
[0.78743839]
4937
[0.78743839]
4938
[0.78743839]
4939
[0.37142979]
4940
[0.23916828]
4941
[0.00463478]
4942
[0.60519432]
4943
[0.30376111]
4944
[0.01693818]
4945
[0.50830508]
4946
[0.13997215]
4947
[0.11997913]
4948
[0.02693469]
4949
[0.78743839]
4950
[0.52752913]
4951
[0.10306196]
4952
[0.12613082]
4953
[0.78743839]
4954
[0.05615526]
4955
[0.59519782]
4956
[0.00078997]
4957
[0.35758847]
4958
[0.78743839]
4959
[0.33990234]
4960
[0.40987791]
4961
[0.03770016]
4962
[0.0492346]
4963
[0.56597725]
4964
[0.78743839]
4965
[0.78743839]
4966
[0.63441489]
4967
[0.78743839]
4968
[0.40603309]
4969
[0.78743839]
4970
[0.51138093]
4971
[0.03846912]
4972
[0.45370876]
4973
[0.78743839]
4974
[0.40526413]
4975
[0.78743839]
4976
[0.33759545]
4977
[0.1245929]
4978
[0.22686488]
4979
[0.21994422]
4980
[0.55982555]
4981
[0.12843771]
4982
[0.32606102]
4983
[0.78743839]
4984
[0.09152752]
4985
[0.61826668]
4986
[0.1937995]
4987
[0.40065036]
4988
[0.05077252]
4989
[0.74283857]
4990
[0.78743839]
4991
[0.74745235]
4992
[0.30683696]
4993
[0.52906706]
4994
[0.28069224]
4995
[0.78743839]
4996
[0.40449517]
4997
[0.78743839]
4998
[0.04769667]
4999
[0.78743839]
[1] 40000    11
[1] 40000    11
