LOADING R
R LOADED
[1] "/home/lvanderl/Rlibs2"                         
[2] "/app/software/R/4.3.1-gfbf-2022b/lib/R/library"
[1] "/home/lvanderl/sieveSims"
[1] "xg 5 1"
[1] "histogram binning"
[1] 0.1005778
[1] 0.1005778
[1] "mondrian"
[1] "iso"
[1] 0.1005778
[1] "conditional"
[   10.            11.51395399    13.25711366    15.26417967
    17.57510625    20.23589648    23.29951811    26.82695795
    30.88843596    35.56480306    40.94915062    47.14866363
    54.28675439    62.50551925    71.9685673     82.86427729
    95.40954763   109.8541142    126.48552169   145.63484775
   167.68329368   193.06977289   222.29964825   255.95479227
   294.70517026   339.32217719   390.69399371   449.8432669
   517.94746792   596.36233166   686.648845     790.60432109
   910.29817799  1048.11313415  1206.79264064  1389.49549437
  1599.85871961  1842.06996933  2120.95088792  2442.05309455
  2811.76869797  3237.45754282  3727.59372031  4291.93426013
  4941.71336132  5689.86602902  6551.2855686   7543.12006335
  8685.11373751 10000.        ]
[0.14652959 0.14258602 0.13867662 0.13647961 0.1360693  0.12610998
 0.13262512 0.12768551 0.1255991  0.13087756 0.12784735 0.12760364
 0.11956749 0.12420132 0.13113508 0.12961815 0.14305242 0.13871068
 0.13253447 0.15543256 0.13365735 0.16276821 0.16909988 0.15954198
 0.17467596 0.18018058 0.25505656 0.28025779 0.27685834 0.3051928
 0.40363328 0.40952884 0.37538554 0.51921673 0.48177657 0.53443789
 0.67048207 0.67443979 0.93163358 0.88891003 1.15809096 1.21315274
 1.11488654 1.50282695 2.2571818  1.75705449 2.24663827 2.79603706
 2.75057235 2.99773357]
54.28675439323859
0.018420699693267165
0
[0.16358738]
1
[0.13503364]
2
[0.16721152]
3
[0.13621353]
4
[0.14065535]
5
[0.10798011]
6
[0.20715248]
7
[0.11442839]
8
[0.12015044]
9
[0.1586764]
10
[0.09612069]
11
[0.14721743]
12
[0.15615702]
13
[0.10660985]
14
[0.13639997]
15
[0.1251432]
16
[0.09333463]
17
[0.14502085]
18
[0.16179894]
19
[0.1182994]
20
[0.09856083]
21
[0.08082608]
22
[0.17887046]
23
[0.10724137]
24
[0.13804298]
25
[0.09165874]
26
[0.18261394]
27
[0.12575772]
28
[0.09392674]
29
[0.17658914]
30
[0.14399434]
31
[0.15512833]
32
[0.18138153]
33
[0.12343388]
34
[0.1432692]
35
[0.10448782]
36
[0.28044868]
37
[0.16950489]
38
[0.16519532]
39
[0.16697121]
40
[0.15387766]
41
[0.19936767]
42
[0.17128886]
43
[0.15482859]
44
[0.11889214]
45
[0.12947453]
46
[0.17959216]
47
[0.09801572]
48
[0.1081802]
49
[0.25372944]
50
[0.15530314]
51
[0.16301106]
52
[0.12984887]
53
[0.15202866]
54
[0.12969344]
55
[0.12129994]
56
[0.12168435]
57
[0.12174981]
58
[0.11772169]
59
[0.06975702]
60
[0.15587489]
61
[0.16570161]
62
[0.1495813]
63
[0.1622868]
64
[0.16402897]
65
[0.20389811]
66
[0.17575515]
67
[0.15930575]
68
[0.11704721]
69
[0.13345321]
70
[0.17924761]
71
[0.15454403]
72
[0.13140134]
73
[0.13604672]
74
[0.1536179]
75
[0.13677765]
76
[0.13111857]
77
[0.17158274]
78
[0.15435291]
79
[0.14591246]
80
[0.13936935]
81
[0.12946236]
82
[0.13846779]
83
[0.12484359]
84
[0.20814162]
85
[0.10490017]
86
[0.20176714]
87
[0.13942025]
88
[0.12593505]
89
[0.1490853]
90
[0.10452401]
91
[0.16739622]
92
[0.14731806]
93
[0.13469736]
94
[0.15374478]
95
[0.15549843]
96
[0.14416719]
97
[0.13414469]
98
[0.17348835]
99
[0.22568282]
100
[0.21323245]
101
[0.12887942]
102
[0.16573867]
103
[0.15535215]
104
[0.24067004]
105
[0.15422963]
106
[0.18902295]
107
[0.13564979]
108
[0.11450594]
109
[0.1554598]
110
[0.11273963]
111
[0.1500689]
112
[0.10844189]
113
[0.14070456]
114
[0.14646158]
115
[0.09306556]
116
[0.11168467]
117
[0.1596082]
118
[0.17940149]
119
[0.09102637]
120
[0.1221035]
121
[0.1761325]
122
[0.11301663]
123
[0.19305484]
124
[0.11659249]
125
[0.14417477]
126
[0.12777596]
127
[0.09817602]
128
[0.16540539]
129
[0.1495014]
130
[0.10654989]
131
[0.18073555]
132
[0.16640181]
133
[0.13023152]
134
[0.11850444]
135
[0.10924109]
136
[0.17756448]
137
[0.132407]
138
[0.15051873]
139
[0.14592247]
140
[0.14292466]
141
[0.15366143]
142
[0.14363462]
143
[0.14473045]
144
[0.13694516]
145
[0.12735131]
146
[0.08196756]
147
[0.08892504]
148
[0.21598197]
149
[0.11749512]
150
[0.06107999]
151
[0.23922112]
152
[0.20082875]
153
[0.15560672]
154
[0.15940117]
155
[0.14044264]
156
[0.09970869]
157
[0.12499528]
158
[0.11351292]
159
[0.11401984]
160
[0.16994578]
161
[0.13663626]
162
[0.15883543]
163
[0.18972445]
164
[0.16542554]
165
[0.14784019]
166
[0.26748515]
167
[0.10949771]
168
[0.18388752]
169
[0.10778469]
170
[0.12322327]
171
[0.16659909]
172
[0.14057367]
173
[0.13398393]
174
[0.15215061]
175
[0.10580905]
176
[0.1470971]
177
[0.18966568]
178
[0.16717784]
179
[0.17151727]
180
[0.1287782]
181
[0.13824788]
182
[0.1776224]
183
[0.1048635]
184
[0.16631772]
185
[0.12085483]
186
[0.11505908]
187
[0.09562668]
188
[0.17970365]
189
[0.07987125]
190
[0.1161614]
191
[0.11285345]
192
[0.14774951]
193
[0.11172241]
194
[0.15009152]
195
[0.13659617]
196
[0.08065044]
197
[0.12152674]
198
[0.09504634]
199
[0.16564052]
200
[0.18794005]
201
[0.13414217]
202
[0.13535613]
203
[0.13985641]
204
[0.13348696]
205
[0.11171548]
206
[0.1409464]
207
[0.09754372]
208
[0.12357222]
209
[0.15266803]
210
[0.17538437]
211
[0.17963897]
212
[0.08279518]
213
[0.09443104]
214
[0.10257632]
215
[0.12880786]
216
[0.15014096]
217
[0.16703092]
218
[0.1383646]
219
[0.1451985]
220
[0.11922663]
221
[0.10713964]
222
[0.16624887]
223
[0.10477948]
224
[0.16719794]
225
[0.11339464]
226
[0.1432362]
227
[0.13099057]
228
[0.13433915]
229
[0.10705134]
230
[0.09778824]
231
[0.11456421]
232
[0.15723492]
233
[0.12726976]
234
[0.10234285]
235
[0.12202611]
236
[0.13657426]
237
[0.15803172]
238
[0.10956929]
239
[0.15825026]
240
[0.11904481]
241
[0.17588787]
242
[0.09838359]
243
[0.13702198]
244
[0.08484978]
245
[0.14958901]
246
[0.15382706]
247
[0.13394714]
248
[0.14903606]
249
[0.14084286]
250
[0.13038851]
251
[0.17340243]
252
[0.14566258]
253
[0.17318374]
254
[0.12277584]
255
[0.17013063]
256
[0.07993061]
257
[0.08839428]
258
[0.15201408]
259
[0.13044334]
260
[0.11944976]
261
[0.12684068]
262
[0.19938817]
263
[0.1323177]
264
[0.14541907]
265
[0.16680118]
266
[0.11287122]
267
[0.11277826]
268
[0.1437677]
269
[0.17064229]
270
[0.0991187]
271
[0.13779167]
272
[0.13251344]
273
[0.13078592]
274
[0.13453626]
275
[0.15827082]
276
[0.15596874]
277
[0.1690589]
278
[0.21437157]
279
[0.13272196]
280
[0.19772812]
281
[0.12573236]
282
[0.16773607]
283
[0.1434835]
284
[0.10578061]
285
[0.08359772]
286
[0.12820122]
287
[0.13629215]
288
[0.13076086]
289
[0.14096948]
290
[0.09518614]
291
[0.10608771]
292
[0.16144343]
293
[0.13781256]
294
[0.14220464]
295
[0.15034337]
296
[0.10713964]
297
[0.1482352]
298
[0.11878327]
299
[0.12453381]
300
[0.18757407]
301
[0.1448592]
302
[0.11653499]
303
[0.16238019]
304
[0.20090637]
305
[0.14955268]
306
[0.13621306]
307
[0.10313075]
308
[0.14006492]
309
[0.12776494]
310
[0.15406913]
311
[0.14071682]
312
[0.12313796]
313
[0.10511616]
314
[0.1491895]
315
[0.12875436]
316
[0.16234297]
317
[0.15632197]
318
[0.18723904]
319
[0.20317355]
320
[0.16612886]
321
[0.14154478]
322
[0.10353205]
323
[0.12754691]
324
[0.11239035]
325
[0.14376885]
326
[0.16083172]
327
[0.15416079]
328
[0.16917116]
329
[0.13893556]
330
[0.13541011]
331
[0.16848166]
332
[0.16637868]
333
[0.14357307]
334
[0.15405656]
335
[0.12129698]
336
[0.12679464]
337
[0.12893339]
338
[0.13822123]
339
[0.11883275]
340
[0.13125745]
341
[0.13372649]
342
[0.16595153]
343
[0.12097746]
344
[0.12436381]
345
[0.13019166]
346
[0.14038887]
347
[0.09565785]
348
[0.10194313]
349
[0.11786996]
350
[0.1587494]
351
[0.19989255]
352
[0.20211781]
353
[0.27191193]
354
[0.10995895]
355
[0.13526049]
356
[0.17673722]
357
[0.10689699]
358
[0.15115682]
359
[0.16000386]
360
[0.16927151]
361
[0.22559655]
362
[0.14326667]
363
[0.24623036]
364
[0.13020776]
365
[0.12930169]
366
[0.13453346]
367
[0.12106799]
368
[0.16307107]
369
[0.12969413]
370
[0.16848572]
371
[0.14580396]
372
[0.13568745]
373
[0.08972531]
374
[0.12734338]
375
[0.17730213]
376
[0.11602562]
377
[0.10761205]
378
[0.2197979]
379
[0.12573993]
380
[0.12337454]
381
[0.16662857]
382
[0.13955304]
383
[0.14164789]
384
[0.13385331]
385
[0.22086043]
386
[0.14971716]
387
[0.22919048]
388
[0.17743302]
389
[0.15203653]
390
[0.08852137]
391
[0.13487098]
392
[0.13642957]
393
[0.14932636]
394
[0.11436508]
395
[0.18416692]
396
[0.13356806]
397
[0.13603423]
398
[0.15099859]
399
[0.12952166]
400
[0.13085649]
401
[0.14272896]
402
[0.10619987]
403
[0.12838842]
404
[0.16542944]
405
[0.13402104]
406
[0.14623052]
407
[0.14206018]
408
[0.16105406]
409
[0.16061099]
410
[0.12820287]
411
[0.20409133]
412
[0.10711433]
413
[0.15527581]
414
[0.13279203]
415
[0.15626104]
416
[0.14053854]
417
[0.14150062]
418
[0.16245534]
419
[0.1165471]
420
[0.12328435]
421
[0.14871298]
422
[0.1860374]
423
[0.22284439]
424
[0.11035375]
425
[0.16172316]
426
[0.16901444]
427
[0.13345247]
428
[0.1776224]
429
[0.14533293]
430
[0.15386502]
431
[0.17805175]
432
[0.11592331]
433
[0.23359069]
434
[0.15806596]
435
[0.13511959]
436
[0.21756477]
437
[0.12611039]
438
[0.10007369]
439
[0.08775318]
440
[0.17905563]
441
[0.15217054]
442
[0.14265853]
443
[0.15313908]
444
[0.16626373]
445
[0.15563194]
446
[0.13540748]
447
[0.16239571]
448
[0.13107807]
449
[0.11622247]
450
[0.14580393]
451
[0.19132111]
452
[0.12880962]
453
[0.13162556]
454
[0.12009485]
455
[0.18627859]
456
[0.11347815]
457
[0.19560397]
458
[0.14556089]
459
[0.14058323]
460
[0.10963763]
461
[0.08956663]
462
[0.12210813]
463
[0.16495141]
464
[0.16741801]
465
[0.08370102]
466
[0.09973127]
467
[0.12499528]
468
[0.18219652]
469
[0.16114891]
470
[0.14585215]
471
[0.10435448]
472
[0.15003118]
473
[0.14648213]
474
[0.10353117]
475
[0.15805641]
476
[0.1066554]
477
[0.13228261]
478
[0.14206869]
479
[0.12804114]
480
[0.15379604]
481
[0.10294548]
482
[0.1578643]
483
[0.20504636]
484
[0.1540279]
485
[0.15895282]
486
[0.10516855]
487
[0.16346548]
488
[0.12832905]
489
[0.16418876]
490
[0.13283407]
491
[0.16455404]
492
[0.11619877]
493
[0.10361753]
494
[0.11869608]
495
[0.13183617]
496
[0.17655257]
497
[0.12029382]
498
[0.19814801]
499
[0.15389232]
500
[0.17114737]
501
[0.16654826]
502
[0.19857537]
503
[0.14095269]
504
[0.14875566]
505
[0.12889575]
506
[0.15422024]
507
[0.19398007]
508
[0.1222362]
509
[0.1543028]
510
[0.14236074]
511
[0.12159769]
512
[0.130472]
513
[0.12656658]
514
[0.12352391]
515
[0.18034895]
516
[0.14951963]
517
[0.14652863]
518
[0.14116384]
519
[0.09809548]
520
[0.13640772]
521
[0.13840889]
522
[0.15600769]
523
[0.10735312]
524
[0.10917612]
525
[0.11205316]
526
[0.09932303]
527
[0.1357578]
528
[0.11363882]
529
[0.1581905]
530
[0.10532015]
531
[0.13830103]
532
[0.13487005]
533
[0.14421377]
534
[0.1668164]
535
[0.13273239]
536
[0.06703457]
537
[0.18556839]
538
[0.09657862]
539
[0.18325565]
540
[0.14465833]
541
[0.14484209]
542
[0.12460776]
543
[0.156952]
544
[0.14241302]
545
[0.1037823]
546
[0.19395074]
547
[0.0918271]
548
[0.15165227]
549
[0.19804722]
550
[0.18590071]
551
[0.13157202]
552
[0.17424]
553
[0.16233074]
554
[0.11577369]
555
[0.1173116]
556
[0.12011535]
557
[0.16481592]
558
[0.16986623]
559
[0.19049616]
560
[0.09546771]
561
[0.10487747]
562
[0.15466146]
563
[0.18464454]
564
[0.15412815]
565
[0.13810554]
566
[0.15468071]
567
[0.13201849]
568
[0.11809013]
569
[0.09338772]
570
[0.15724044]
571
[0.11672576]
572
[0.15756348]
573
[0.1310647]
574
[0.123021]
575
[0.11854389]
576
[0.15577784]
577
[0.12707627]
578
[0.09943442]
579
[0.16869153]
580
[0.11379335]
581
[0.15478046]
582
[0.15381107]
583
[0.17028493]
584
[0.13398553]
585
[0.08296434]
586
[0.12061591]
587
[0.13909183]
588
[0.11083086]
589
[0.12629784]
590
[0.12903734]
591
[0.12676575]
592
[0.15076222]
593
[0.13704077]
594
[0.18124921]
595
[0.13664502]
596
[0.15162404]
597
[0.13892369]
598
[0.11346812]
599
[0.09317878]
600
[0.14447807]
601
[0.11099869]
602
[0.11669611]
603
[0.13947957]
604
[0.15032353]
605
[0.13748]
606
[0.18889965]
607
[0.16628901]
608
[0.09196851]
609
[0.17257505]
610
[0.08572927]
611
[0.13134946]
612
[0.1494293]
613
[0.13940655]
614
[0.15143154]
615
[0.15042062]
616
[0.15326525]
617
[0.14634038]
618
[0.13251344]
619
[0.1772016]
620
[0.17900528]
621
[0.15411616]
622
[0.12969413]
623
[0.17990309]
624
[0.09887995]
625
[0.16190188]
626
[0.11954739]
627
[0.15127803]
628
[0.20797241]
629
[0.14492216]
630
[0.12407382]
631
[0.12936189]
632
[0.08901161]
633
[0.1189225]
634
[0.16229482]
635
[0.14100151]
636
[0.15212125]
637
[0.14802726]
638
[0.10035944]
639
[0.22027334]
640
[0.11653734]
641
[0.11559246]
642
[0.17757719]
643
[0.10633854]
644
[0.12881608]
645
[0.18263779]
646
[0.15574842]
647
[0.13773222]
648
[0.18765657]
649
[0.19219884]
650
[0.11511873]
651
[0.15982565]
652
[0.15089331]
653
[0.10836885]
654
[0.15348333]
655
[0.14064074]
656
[0.15799612]
657
[0.12222731]
658
[0.09795027]
659
[0.15547034]
660
[0.13277877]
661
[0.12076038]
662
[0.15044487]
663
[0.11970983]
664
[0.10432033]
665
[0.10697285]
666
[0.14015275]
667
[0.20573595]
668
[0.10577954]
669
[0.17619392]
670
[0.16784531]
671
[0.13053329]
672
[0.16184821]
673
[0.18507939]
674
[0.12067332]
675
[0.16878072]
676
[0.14642018]
677
[0.14522838]
678
[0.1240661]
679
[0.11811237]
680
[0.0875545]
681
[0.16685621]
682
[0.14150759]
683
[0.19917908]
684
[0.13352361]
685
[0.13886051]
686
[0.12218555]
687
[0.12143586]
688
[0.16642669]
689
[0.07637133]
690
[0.15172681]
691
[0.16893365]
692
[0.22104692]
693
[0.12858528]
694
[0.10393138]
695
[0.13902256]
696
[0.17396292]
697
[0.11544264]
698
[0.10086121]
699
[0.20465672]
700
[0.14698284]
701
[0.12414835]
702
[0.19207514]
703
[0.21653691]
704
[0.1996568]
705
[0.113237]
706
[0.16425632]
707
[0.13994517]
708
[0.14098252]
709
[0.14584302]
710
[0.10923252]
711
[0.12957997]
712
[0.10103947]
713
[0.09108169]
714
[0.18477127]
715
[0.13277389]
716
[0.14509018]
717
[0.2273777]
718
[0.12719292]
719
[0.11747711]
720
[0.09962148]
721
[0.14152773]
722
[0.11082174]
723
[0.12112338]
724
[0.11366251]
725
[0.12232332]
726
[0.17980138]
727
[0.14848953]
728
[0.13922521]
729
[0.12992636]
730
[0.10107682]
731
[0.14842765]
732
[0.18825823]
733
[0.10138464]
734
[0.14042737]
735
[0.1572683]
736
[0.12300464]
737
[0.14860078]
738
[0.13432326]
739
[0.12067179]
740
[0.21388934]
741
[0.12333519]
742
[0.19201406]
743
[0.12096175]
744
[0.10805792]
745
[0.13406376]
746
[0.15708521]
747
[0.13439298]
748
[0.12294228]
749
[0.16131338]
750
[0.1405927]
751
[0.11473339]
752
[0.1516471]
753
[0.12548292]
754
[0.13721229]
755
[0.14841375]
756
[0.12093707]
757
[0.12557866]
758
[0.11693436]
759
[0.14695711]
760
[0.15108544]
761
[0.12749362]
762
[0.17131003]
763
[0.15594653]
764
[0.14293769]
765
[0.12987731]
766
[0.11689352]
767
[0.14013225]
768
[0.14652402]
769
[0.15534243]
770
[0.17508911]
771
[0.13930743]
772
[0.1573329]
773
[0.10709135]
774
[0.13251602]
775
[0.15424999]
776
[0.12296292]
777
[0.09905872]
778
[0.14191114]
779
[0.16589898]
780
[0.11114212]
781
[0.13485825]
782
[0.11295723]
783
[0.09045396]
784
[0.15233891]
785
[0.11934842]
786
[0.11196976]
787
[0.16163887]
788
[0.15541879]
789
[0.14112491]
790
[0.14513666]
791
[0.10447807]
792
[0.1213417]
793
[0.12201859]
794
[0.17954459]
795
[0.14295527]
796
[0.11867888]
797
[0.1050083]
798
[0.11608936]
799
[0.19173985]
800
[0.12775426]
801
[0.23692906]
802
[0.1388368]
803
[0.17663631]
804
[0.14403711]
805
[0.11125243]
806
[0.15800016]
807
[0.13244843]
808
[0.11093767]
809
[0.12823543]
810
[0.13350527]
811
[0.13475803]
812
[0.14110429]
813
[0.11283582]
814
[0.07208399]
815
[0.12913347]
816
[0.0919119]
817
[0.14359944]
818
[0.21722445]
819
[0.18874322]
820
[0.13474383]
821
[0.14119393]
822
[0.12722958]
823
[0.15843781]
824
[0.1477672]
825
[0.1477392]
826
[0.14754976]
827
[0.13063397]
828
[0.15377378]
829
[0.17036771]
830
[0.1318155]
831
[0.15325028]
832
[0.1363924]
833
[0.17623884]
834
[0.12459724]
835
[0.14091296]
836
[0.1775524]
837
[0.16306659]
838
[0.12691982]
839
[0.12316382]
840
[0.17525097]
841
[0.15103313]
842
[0.15682194]
843
[0.18139921]
844
[0.12906747]
845
[0.16361042]
846
[0.13420471]
847
[0.10411767]
848
[0.16680389]
849
[0.14736452]
850
[0.13770517]
851
[0.08508354]
852
[0.18965816]
853
[0.14892091]
854
[0.10202127]
855
[0.11429302]
856
[0.14781693]
857
[0.12568706]
858
[0.12215924]
859
[0.11167685]
860
[0.13421844]
861
[0.15281467]
862
[0.10034571]
863
[0.14501546]
864
[0.11342915]
865
[0.14155823]
866
[0.124084]
867
[0.13734682]
868
[0.10682857]
869
[0.10995693]
870
[0.14117231]
871
[0.12227661]
872
[0.09833793]
873
[0.1262458]
874
[0.13054224]
875
[0.12459334]
876
[0.19607476]
877
[0.17774844]
878
[0.18137742]
879
[0.13900637]
880
[0.16133691]
881
[0.12047188]
882
[0.15076125]
883
[0.1110328]
884
[0.16485698]
885
[0.13461113]
886
[0.09513236]
887
[0.14149611]
888
[0.1402541]
889
[0.14296313]
890
[0.11600714]
891
[0.09388322]
892
[0.10426195]
893
[0.10900698]
894
[0.15348416]
895
[0.17277347]
896
[0.17542208]
897
[0.12693005]
898
[0.13471976]
899
[0.12835154]
900
[0.08915562]
901
[0.14037865]
902
[0.18090712]
903
[0.15719358]
904
[0.09631702]
905
[0.17267596]
906
[0.13153649]
907
[0.1290887]
908
[0.11277219]
909
[0.14301928]
910
[0.11755883]
911
[0.19299924]
912
[0.11524208]
913
[0.15615119]
914
[0.15853232]
915
[0.20921]
916
[0.17511098]
917
[0.19045604]
918
[0.19185436]
919
[0.08313969]
920
[0.10284585]
921
[0.07458576]
922
[0.09856126]
923
[0.15305655]
924
[0.09268111]
925
[0.11313617]
926
[0.13412635]
927
[0.18136286]
928
[0.1222823]
929
[0.10867446]
930
[0.08785673]
931
[0.14237293]
932
[0.10473766]
933
[0.15055721]
934
[0.09132158]
935
[0.09194009]
936
[0.09696814]
937
[0.1425941]
938
[0.11546364]
939
[0.17514784]
940
[0.11594548]
941
[0.17198155]
942
[0.10703798]
943
[0.16352585]
944
[0.13363949]
945
[0.12316035]
946
[0.1252836]
947
[0.13155367]
948
[0.12663652]
949
[0.11537663]
950
[0.21700133]
951
[0.11183849]
952
[0.18428325]
953
[0.14197449]
954
[0.10443738]
955
[0.13989353]
956
[0.14964861]
957
[0.09505372]
958
[0.14157077]
959
[0.14703079]
960
[0.12646765]
961
[0.09147253]
962
[0.13484481]
963
[0.10217926]
964
[0.15130888]
965
[0.14583267]
966
[0.15460233]
967
[0.14665267]
968
[0.22121211]
969
[0.1093245]
970
[0.10694729]
971
[0.13826272]
972
[0.15099432]
973
[0.17927012]
974
[0.14504014]
975
[0.16389444]
976
[0.19115522]
977
[0.09708923]
978
[0.13358099]
979
[0.15407778]
980
[0.16782619]
981
[0.20232189]
982
[0.14346133]
983
[0.13909183]
984
[0.15700655]
985
[0.13505282]
986
[0.12025512]
987
[0.11549259]
988
[0.22695148]
989
[0.1619325]
990
[0.10336359]
991
[0.1079457]
992
[0.12108134]
993
[0.09204607]
994
[0.153539]
995
[0.237589]
996
[0.13406327]
997
[0.12899267]
998
[0.15553049]
999
[0.15833142]
1000
[0.13680666]
1001
[0.08048847]
1002
[0.09886303]
1003
[0.14064004]
1004
[0.14433438]
1005
[0.18781339]
1006
[0.17242511]
1007
[0.1671528]
1008
[0.09112015]
1009
[0.12080987]
1010
[0.12418951]
1011
[0.10997238]
1012
[0.12436356]
1013
[0.13945056]
1014
[0.12503041]
1015
[0.12033495]
1016
[0.15036907]
1017
[0.15130884]
1018
[0.14935387]
1019
[0.09345548]
1020
[0.12739386]
1021
[0.11591928]
1022
[0.12274091]
1023
[0.12690587]
1024
[0.17529477]
1025
[0.16394073]
1026
[0.17386332]
1027
[0.1776224]
1028
[0.21023405]
1029
[0.12557779]
1030
[0.1504096]
1031
[0.13141192]
1032
[0.16465487]
1033
[0.13042118]
1034
[0.14887099]
1035
[0.16888086]
1036
[0.11645425]
1037
[0.08449911]
1038
[0.16007452]
1039
[0.11886549]
1040
[0.11534275]
1041
[0.11687017]
1042
[0.09610428]
1043
[0.11953106]
1044
[0.16273637]
1045
[0.14787767]
1046
[0.13260254]
1047
[0.14512801]
1048
[0.11089872]
1049
[0.13436402]
1050
[0.14994859]
1051
[0.13543177]
1052
[0.14805315]
1053
[0.14084498]
1054
[0.11253179]
1055
[0.18354313]
1056
[0.10114853]
1057
[0.12706628]
1058
[0.13063392]
1059
[0.13215477]
1060
[0.1218772]
1061
[0.14306933]
1062
[0.16665086]
1063
[0.12853819]
1064
[0.11673373]
1065
[0.1946842]
1066
[0.16720285]
1067
[0.16365921]
1068
[0.16121759]
1069
[0.11545365]
1070
[0.18608034]
1071
[0.13851868]
1072
[0.16700004]
1073
[0.13721229]
1074
[0.14856741]
1075
[0.1174178]
1076
[0.15479466]
1077
[0.18332338]
1078
[0.21099131]
1079
[0.13894111]
1080
[0.12707515]
1081
[0.1099532]
1082
[0.13146197]
1083
[0.07482461]
1084
[0.17202503]
1085
[0.12548562]
1086
[0.11343572]
1087
[0.14475265]
1088
[0.16773457]
1089
[0.16199835]
1090
[0.15511414]
1091
[0.17301221]
1092
[0.14733775]
1093
[0.18078326]
1094
[0.09104886]
1095
[0.13157367]
1096
[0.1309687]
1097
[0.157839]
1098
[0.1101805]
1099
[0.16074018]
1100
[0.12405551]
1101
[0.11359114]
1102
[0.11277826]
1103
[0.1052601]
1104
[0.1566132]
1105
[0.13639133]
1106
[0.11979508]
1107
[0.17529831]
1108
[0.1212362]
1109
[0.10326217]
1110
[0.14739154]
1111
[0.11520606]
1112
[0.1344725]
1113
[0.16262376]
1114
[0.119713]
1115
[0.11079929]
1116
[0.159638]
1117
[0.1275858]
1118
[0.1895467]
1119
[0.15990973]
1120
[0.09377373]
1121
[0.15239689]
1122
[0.09691499]
1123
[0.15270167]
1124
[0.20567627]
1125
[0.11675248]
1126
[0.16062963]
1127
[0.14889583]
1128
[0.08364539]
1129
[0.13692971]
1130
[0.11514226]
1131
[0.12462708]
1132
[0.15705944]
1133
[0.14345358]
1134
[0.1536729]
1135
[0.11231567]
1136
[0.1678383]
1137
[0.10619987]
1138
[0.1595697]
1139
[0.22835746]
1140
[0.16535379]
1141
[0.13251344]
1142
[0.12249304]
1143
[0.21514383]
1144
[0.16610392]
1145
[0.13507816]
1146
[0.15385409]
1147
[0.1307343]
1148
[0.10385359]
1149
[0.1424415]
1150
[0.09994308]
1151
[0.10619987]
1152
[0.15487957]
1153
[0.19385012]
1154
[0.10194651]
1155
[0.17569828]
1156
[0.13810454]
1157
[0.16804314]
1158
[0.16137946]
1159
[0.1249261]
1160
[0.21482889]
1161
[0.18515432]
1162
[0.13649746]
1163
[0.12827422]
1164
[0.130625]
1165
[0.14621284]
1166
[0.15664834]
1167
[0.12369806]
1168
[0.10704947]
1169
[0.16370446]
1170
[0.12989412]
1171
[0.18946989]
1172
[0.1013286]
1173
[0.20646974]
1174
[0.13293819]
1175
[0.13773955]
1176
[0.17901373]
1177
[0.16584304]
1178
[0.12855648]
1179
[0.13209359]
1180
[0.12137382]
1181
[0.13068672]
1182
[0.10728467]
1183
[0.10619319]
1184
[0.15303003]
1185
[0.10335262]
1186
[0.13297834]
1187
[0.09161261]
1188
[0.16311447]
1189
[0.13962944]
1190
[0.10868399]
1191
[0.13041117]
1192
[0.13243511]
1193
[0.13734569]
1194
[0.10680493]
1195
[0.12817896]
1196
[0.1593325]
1197
[0.0736893]
1198
[0.13634374]
1199
[0.17198378]
1200
[0.25332326]
1201
[0.10495937]
1202
[0.09227707]
1203
[0.12202775]
1204
[0.142201]
1205
[0.15035471]
1206
[0.14706271]
1207
[0.17973183]
1208
[0.11968526]
1209
[0.20302652]
1210
[0.18350853]
1211
[0.13070321]
1212
[0.16670178]
1213
[0.14960597]
1214
[0.12050356]
1215
[0.13414673]
1216
[0.13084559]
1217
[0.18893479]
1218
[0.09477966]
1219
[0.1637468]
1220
[0.08363349]
1221
[0.1674556]
1222
[0.14939069]
1223
[0.15954964]
1224
[0.17073076]
1225
[0.12683957]
1226
[0.10255127]
1227
[0.14429177]
1228
[0.15867844]
1229
[0.12219714]
1230
[0.151266]
1231
[0.11692812]
1232
[0.1206685]
1233
[0.17286938]
1234
[0.13794051]
1235
[0.17522642]
1236
[0.07011388]
1237
[0.15294032]
1238
[0.12206495]
1239
[0.13568307]
1240
[0.17770189]
1241
[0.09660403]
1242
[0.14619258]
1243
[0.11852355]
1244
[0.10590849]
1245
[0.10232564]
1246
[0.12845821]
1247
[0.1455533]
1248
[0.17621938]
1249
[0.12652237]
1250
[0.19398536]
1251
[0.12593505]
1252
[0.15522852]
1253
[0.14439192]
1254
[0.13818306]
1255
[0.1124826]
1256
[0.15435991]
1257
[0.17017839]
1258
[0.18639251]
1259
[0.12525724]
1260
[0.20750101]
1261
[0.09345131]
1262
[0.13999239]
1263
[0.1523055]
1264
[0.16256]
1265
[0.23234537]
1266
[0.15677463]
1267
[0.18051684]
1268
[0.12568212]
1269
[0.14162038]
1270
[0.13011401]
1271
[0.10944927]
1272
[0.20417798]
1273
[0.09876379]
1274
[0.14526875]
1275
[0.17598537]
1276
[0.10807941]
1277
[0.2023738]
1278
[0.12799047]
1279
[0.12730591]
1280
[0.10026817]
1281
[0.11215046]
1282
[0.09851938]
1283
[0.13997334]
1284
[0.13582234]
1285
[0.12808177]
1286
[0.1052601]
1287
[0.21419277]
1288
[0.1464895]
1289
[0.13905656]
1290
[0.14557467]
1291
[0.19631251]
1292
[0.18165121]
1293
[0.12481602]
1294
[0.14175916]
1295
[0.17574286]
1296
[0.15739691]
1297
[0.13965321]
1298
[0.16049489]
1299
[0.19936022]
1300
[0.15378058]
1301
[0.17963587]
1302
[0.13278562]
1303
[0.17646552]
1304
[0.1212362]
1305
[0.12372604]
1306
[0.13780544]
1307
[0.13662717]
1308
[0.10722839]
1309
[0.15628196]
1310
[0.13382699]
1311
[0.18641883]
1312
[0.20003503]
1313
[0.14880648]
1314
[0.20158676]
1315
[0.14945831]
1316
[0.08426858]
1317
[0.16725675]
1318
[0.22797796]
1319
[0.11860304]
1320
[0.09844321]
1321
[0.12890658]
1322
[0.1109347]
1323
[0.19842621]
1324
[0.11371803]
1325
[0.13957281]
1326
[0.14022191]
1327
[0.08837079]
1328
[0.14702595]
1329
[0.14975616]
1330
[0.15226048]
1331
[0.09636383]
1332
[0.13116901]
1333
[0.15681131]
1334
[0.15043053]
1335
[0.23880597]
1336
[0.16753285]
1337
[0.1310477]
1338
[0.16219954]
1339
[0.10306213]
1340
[0.14793058]
1341
[0.13377993]
1342
[0.10958088]
1343
[0.11955028]
1344
[0.09001697]
1345
[0.15694746]
1346
[0.16240864]
1347
[0.14275672]
1348
[0.13495475]
1349
[0.115861]
1350
[0.1475694]
1351
[0.11530487]
1352
[0.1531059]
1353
[0.10221858]
1354
[0.1358321]
1355
[0.12593505]
1356
[0.14751582]
1357
[0.15817558]
1358
[0.12254053]
1359
[0.13964923]
1360
[0.10905342]
1361
[0.18351011]
1362
[0.13126507]
1363
[0.10619987]
1364
[0.13009647]
1365
[0.14386508]
1366
[0.14062946]
1367
[0.16633628]
1368
[0.13152719]
1369
[0.10106196]
1370
[0.14607011]
1371
[0.08955635]
1372
[0.10297728]
1373
[0.14992662]
1374
[0.20810031]
1375
[0.15427134]
1376
[0.15048475]
1377
[0.16568688]
1378
[0.13735455]
1379
[0.18162759]
1380
[0.11841688]
1381
[0.13373312]
1382
[0.1528297]
1383
[0.12555369]
1384
[0.13014975]
1385
[0.13334246]
1386
[0.14191811]
1387
[0.0978057]
1388
[0.1222164]
1389
[0.10970241]
1390
[0.16121602]
1391
[0.13809846]
1392
[0.12365536]
1393
[0.1476675]
1394
[0.14800795]
1395
[0.14021043]
1396
[0.10567184]
1397
[0.13062197]
1398
[0.17504072]
1399
[0.15446178]
1400
[0.1508271]
1401
[0.11862276]
1402
[0.1143049]
1403
[0.11145202]
1404
[0.16480224]
1405
[0.16367813]
1406
[0.14464258]
1407
[0.12237026]
1408
[0.15600769]
1409
[0.17966787]
1410
[0.16355961]
1411
[0.14410617]
1412
[0.17316649]
1413
[0.12740763]
1414
[0.14187664]
1415
[0.16445855]
1416
[0.15847113]
1417
[0.08569684]
1418
[0.12826339]
1419
[0.13092054]
1420
[0.17073042]
1421
[0.16685302]
1422
[0.17299828]
1423
[0.12995658]
1424
[0.15130617]
1425
[0.13740442]
1426
[0.16848954]
1427
[0.1294808]
1428
[0.17126089]
1429
[0.22853975]
1430
[0.13101122]
1431
[0.12174358]
1432
[0.1567541]
1433
[0.12029643]
1434
[0.09895065]
1435
[0.16279222]
1436
[0.19590384]
1437
[0.091744]
1438
[0.18028648]
1439
[0.13767862]
1440
[0.25410154]
1441
[0.13836261]
1442
[0.2135484]
1443
[0.16488404]
1444
[0.15121072]
1445
[0.09116355]
1446
[0.12822141]
1447
[0.17616494]
1448
[0.13379187]
1449
[0.10635604]
1450
[0.14742262]
1451
[0.13887321]
1452
[0.09834045]
1453
[0.10712892]
1454
[0.21372171]
1455
[0.13132859]
1456
[0.17094907]
1457
[0.15349548]
1458
[0.12875436]
1459
[0.16596897]
1460
[0.13077709]
1461
[0.14344812]
1462
[0.1723837]
1463
[0.08342323]
1464
[0.12511278]
1465
[0.13203241]
1466
[0.15658218]
1467
[0.13584376]
1468
[0.11607308]
1469
[0.12579507]
1470
[0.16759832]
1471
[0.14611129]
1472
[0.13424975]
1473
[0.13117723]
1474
[0.17067378]
1475
[0.18241454]
1476
[0.10312529]
1477
[0.11828912]
1478
[0.10574529]
1479
[0.13251632]
1480
[0.1195399]
1481
[0.13120907]
1482
[0.12287263]
1483
[0.19048623]
1484
[0.15322749]
1485
[0.14936925]
1486
[0.1363536]
1487
[0.11089872]
1488
[0.13010498]
1489
[0.13294192]
1490
[0.13760076]
1491
[0.1675348]
1492
[0.14427815]
1493
[0.15002135]
1494
[0.14479797]
1495
[0.14060224]
1496
[0.13212383]
1497
[0.14272483]
1498
[0.1259145]
1499
[0.11683174]
1500
[0.1457835]
1501
[0.16065321]
1502
[0.0879984]
1503
[0.08174435]
1504
[0.1313189]
1505
[0.13199108]
1506
[0.13192058]
1507
[0.11454324]
1508
[0.10973513]
1509
[0.11610591]
1510
[0.1896735]
1511
[0.17008294]
1512
[0.13263174]
1513
[0.1436356]
1514
[0.14051506]
1515
[0.13133958]
1516
[0.15797808]
1517
[0.18866776]
1518
[0.14172629]
1519
[0.12498328]
1520
[0.1643059]
1521
[0.14185458]
1522
[0.10377856]
1523
[0.17283806]
1524
[0.19353598]
1525
[0.15175252]
1526
[0.10279665]
1527
[0.12441738]
1528
[0.12735153]
1529
[0.10925004]
1530
[0.11337772]
1531
[0.15230442]
1532
[0.1378472]
1533
[0.11935563]
1534
[0.12945306]
1535
[0.13815898]
1536
[0.17217894]
1537
[0.17738029]
1538
[0.17297082]
1539
[0.14818671]
1540
[0.16458884]
1541
[0.17900984]
1542
[0.12879095]
1543
[0.11773364]
1544
[0.12580133]
1545
[0.1515609]
1546
[0.15682337]
1547
[0.14657739]
1548
[0.07424769]
1549
[0.14636093]
1550
[0.16606514]
1551
[0.21545975]
1552
[0.17563886]
1553
[0.12497537]
1554
[0.16430292]
1555
[0.20059424]
1556
[0.16896743]
1557
[0.13366626]
1558
[0.17650731]
1559
[0.1746634]
1560
[0.135845]
1561
[0.21487422]
1562
[0.10727525]
1563
[0.18154408]
1564
[0.11553635]
1565
[0.14825222]
1566
[0.09802583]
1567
[0.1601704]
1568
[0.1453094]
1569
[0.15397784]
1570
[0.12133389]
1571
[0.1242393]
1572
[0.16208626]
1573
[0.13740785]
1574
[0.14029643]
1575
[0.13123591]
1576
[0.09766051]
1577
[0.14914514]
1578
[0.17211155]
1579
[0.10663793]
1580
[0.11214895]
1581
[0.1399519]
1582
[0.14120193]
1583
[0.17128713]
1584
[0.14469265]
1585
[0.18970983]
1586
[0.13295439]
1587
[0.14399447]
1588
[0.12405551]
1589
[0.15132563]
1590
[0.09859846]
1591
[0.16702175]
1592
[0.14740747]
1593
[0.17759824]
1594
[0.14149989]
1595
[0.10349277]
1596
[0.1610984]
1597
[0.16446936]
1598
[0.13474665]
1599
[0.1473273]
1600
[0.09550155]
1601
[0.0997901]
1602
[0.20018403]
1603
[0.12329774]
1604
[0.16573344]
1605
[0.13885525]
1606
[0.1525461]
1607
[0.10813586]
1608
[0.10294324]
1609
[0.13593566]
1610
[0.12929355]
1611
[0.18069434]
1612
[0.14487923]
1613
[0.11873014]
1614
[0.17122178]
1615
[0.13345321]
1616
[0.14026476]
1617
[0.16263124]
1618
[0.13121162]
1619
[0.09612797]
1620
[0.11089872]
1621
[0.14567596]
1622
[0.12235061]
1623
[0.15574654]
1624
[0.11568213]
1625
[0.10027816]
1626
[0.16683599]
1627
[0.14754976]
1628
[0.15080101]
1629
[0.16981359]
1630
[0.23168454]
1631
[0.13533275]
1632
[0.17118268]
1633
[0.13786281]
1634
[0.13533931]
1635
[0.1212362]
1636
[0.25249449]
1637
[0.13783271]
1638
[0.17122815]
1639
[0.12634274]
1640
[0.16104021]
1641
[0.12311574]
1642
[0.17125865]
1643
[0.13474621]
1644
[0.09116355]
1645
[0.16259255]
1646
[0.186271]
1647
[0.117712]
1648
[0.15484634]
1649
[0.13859187]
1650
[0.10205692]
1651
[0.13230237]
1652
[0.23075856]
1653
[0.0675812]
1654
[0.1620251]
1655
[0.21752189]
1656
[0.11284347]
1657
[0.17705555]
1658
[0.17519752]
1659
[0.15257908]
1660
[0.14443268]
1661
[0.14914784]
1662
[0.10744532]
1663
[0.07916712]
1664
[0.11049034]
1665
[0.11365864]
1666
[0.08112466]
1667
[0.140329]
1668
[0.12386749]
1669
[0.14581327]
1670
[0.12152676]
1671
[0.12319287]
1672
[0.15600098]
1673
[0.16302151]
1674
[0.14036795]
1675
[0.1353409]
1676
[0.12432208]
1677
[0.17738344]
1678
[0.1406827]
1679
[0.13767651]
1680
[0.11813818]
1681
[0.11790581]
1682
[0.1672902]
1683
[0.14701017]
1684
[0.14198569]
1685
[0.13165318]
1686
[0.1369752]
1687
[0.12173812]
1688
[0.16501057]
1689
[0.12899376]
1690
[0.1690967]
1691
[0.14547636]
1692
[0.11307785]
1693
[0.11361099]
1694
[0.13210677]
1695
[0.13226888]
1696
[0.15675353]
1697
[0.10194683]
1698
[0.18376925]
1699
[0.12421872]
1700
[0.14358052]
1701
[0.06742078]
1702
[0.16448204]
1703
[0.13150842]
1704
[0.13497739]
1705
[0.12839836]
1706
[0.07902931]
1707
[0.11184897]
1708
[0.18512743]
1709
[0.14679775]
1710
[0.15624302]
1711
[0.12083667]
1712
[0.16512989]
1713
[0.05835651]
1714
[0.13700657]
1715
[0.10121617]
1716
[0.12498252]
1717
[0.16352585]
1718
[0.1000955]
1719
[0.15728808]
1720
[0.15093775]
1721
[0.14782325]
1722
[0.1233833]
1723
[0.14211756]
1724
[0.10521999]
1725
[0.13380616]
1726
[0.14881055]
1727
[0.14506802]
1728
[0.1673807]
1729
[0.17069258]
1730
[0.14905619]
1731
[0.14754976]
1732
[0.10419674]
1733
[0.20607741]
1734
[0.18031908]
1735
[0.1478728]
1736
[0.13906282]
1737
[0.10959523]
1738
[0.12198513]
1739
[0.16446562]
1740
[0.0995201]
1741
[0.13866312]
1742
[0.11608006]
1743
[0.18048575]
1744
[0.12827535]
1745
[0.17134505]
1746
[0.14930779]
1747
[0.15318838]
1748
[0.16437524]
1749
[0.16671764]
1750
[0.1569733]
1751
[0.12167587]
1752
[0.15232011]
1753
[0.13151988]
1754
[0.17265167]
1755
[0.10262313]
1756
[0.10084455]
1757
[0.13176853]
1758
[0.18142774]
1759
[0.17699163]
1760
[0.12645198]
1761
[0.07960753]
1762
[0.17843633]
1763
[0.14918172]
1764
[0.10697148]
1765
[0.17424372]
1766
[0.1461863]
1767
[0.13463454]
1768
[0.10254058]
1769
[0.15869672]
1770
[0.12205366]
1771
[0.12554318]
1772
[0.12835715]
1773
[0.13909183]
1774
[0.13954095]
1775
[0.14151041]
1776
[0.07962336]
1777
[0.12112302]
1778
[0.14597835]
1779
[0.18224552]
1780
[0.10014077]
1781
[0.17427974]
1782
[0.07330792]
1783
[0.13798475]
1784
[0.2038475]
1785
[0.15168402]
1786
[0.16843892]
1787
[0.17232642]
1788
[0.20132661]
1789
[0.16455822]
1790
[0.11558061]
1791
[0.13883875]
1792
[0.17300056]
1793
[0.15362311]
1794
[0.07879775]
1795
[0.10713964]
1796
[0.139218]
1797
[0.12179105]
1798
[0.1716077]
1799
[0.13597432]
1800
[0.17542734]
1801
[0.12907712]
1802
[0.09263815]
1803
[0.17928026]
1804
[0.14949274]
1805
[0.08535746]
1806
[0.08921995]
1807
[0.17858063]
1808
[0.12225895]
1809
[0.1322519]
1810
[0.21210407]
1811
[0.10627827]
1812
[0.15328833]
1813
[0.16072174]
1814
[0.11357975]
1815
[0.15662869]
1816
[0.13890569]
1817
[0.13571664]
1818
[0.09540511]
1819
[0.13362178]
1820
[0.13335898]
1821
[0.08548731]
1822
[0.1359538]
1823
[0.12499528]
1824
[0.15007604]
1825
[0.09964517]
1826
[0.1427345]
1827
[0.10186478]
1828
[0.11421331]
1829
[0.16330545]
1830
[0.15259122]
1831
[0.14255397]
1832
[0.13294527]
1833
[0.18922432]
1834
[0.09745284]
1835
[0.09709527]
1836
[0.09193942]
1837
[0.10977724]
1838
[0.15831586]
1839
[0.12494945]
1840
[0.10431107]
1841
[0.13270046]
1842
[0.10995895]
1843
[0.10263647]
1844
[0.13993417]
1845
[0.15013374]
1846
[0.10588062]
1847
[0.19111109]
1848
[0.15106011]
1849
[0.10751148]
1850
[0.12055581]
1851
[0.11116925]
1852
[0.1536303]
1853
[0.14047412]
1854
[0.12832986]
1855
[0.11235143]
1856
[0.12212913]
1857
[0.12997177]
1858
[0.15296677]
1859
[0.14014143]
1860
[0.14587648]
1861
[0.0869172]
1862
[0.16019554]
1863
[0.0686645]
1864
[0.11395487]
1865
[0.17350929]
1866
[0.17525025]
1867
[0.10689744]
1868
[0.10259539]
1869
[0.11749065]
1870
[0.12029643]
1871
[0.13085086]
1872
[0.12599488]
1873
[0.1194857]
1874
[0.16566235]
1875
[0.1645484]
1876
[0.13747117]
1877
[0.17480309]
1878
[0.17035567]
1879
[0.16711704]
1880
[0.11089872]
1881
[0.12799683]
1882
[0.16442755]
1883
[0.15623109]
1884
[0.09780093]
1885
[0.17274101]
1886
[0.16724171]
1887
[0.13550153]
1888
[0.10217736]
1889
[0.16854302]
1890
[0.10591601]
1891
[0.15625838]
1892
[0.1444279]
1893
[0.10707393]
1894
[0.13482002]
1895
[0.12706909]
1896
[0.10684917]
1897
[0.23919616]
1898
[0.14729099]
1899
[0.1180984]
1900
[0.17970356]
1901
[0.10807941]
1902
[0.1094072]
1903
[0.12108847]
1904
[0.14607061]
1905
[0.10026666]
1906
[0.16430175]
1907
[0.16424705]
1908
[0.15886276]
1909
[0.17265042]
1910
[0.13721229]
1911
[0.14403596]
1912
[0.24299104]
1913
[0.16135719]
1914
[0.15983202]
1915
[0.10250152]
1916
[0.13491556]
1917
[0.12677236]
1918
[0.10432033]
1919
[0.17347617]
1920
[0.10033072]
1921
[0.12491168]
1922
[0.12899691]
1923
[0.09605075]
1924
[0.15399223]
1925
[0.13578328]
1926
[0.11413292]
1927
[0.10936706]
1928
[0.12619632]
1929
[0.1377638]
1930
[0.12969413]
1931
[0.13614931]
1932
[0.14939347]
1933
[0.14027346]
1934
[0.11881621]
1935
[0.13408178]
1936
[0.14411445]
1937
[0.12146988]
1938
[0.11229997]
1939
[0.15482748]
1940
[0.15241387]
1941
[0.11935666]
1942
[0.15677826]
1943
[0.13463779]
1944
[0.15912631]
1945
[0.09904431]
1946
[0.0856883]
1947
[0.17848114]
1948
[0.1554606]
1949
[0.12335901]
1950
[0.155402]
1951
[0.11182181]
1952
[0.13533275]
1953
[0.12981043]
1954
[0.0799834]
1955
[0.1563671]
1956
[0.16210368]
1957
[0.11587979]
1958
[0.14803279]
1959
[0.17611664]
1960
[0.15335373]
1961
[0.10800323]
1962
[0.19265873]
1963
[0.10026171]
1964
[0.1212362]
1965
[0.11330574]
1966
[0.1429894]
1967
[0.13038398]
1968
[0.1288016]
1969
[0.12043072]
1970
[0.1265745]
1971
[0.12903491]
1972
[0.14658363]
1973
[0.12838293]
1974
[0.16271852]
1975
[0.1688684]
1976
[0.16197631]
1977
[0.09515558]
1978
[0.1360718]
1979
[0.15828111]
1980
[0.13818991]
1981
[0.12506131]
1982
[0.14551964]
1983
[0.17378233]
1984
[0.22164085]
1985
[0.18448495]
1986
[0.14806565]
1987
[0.14012479]
1988
[0.12311574]
1989
[0.1743362]
1990
[0.1476647]
1991
[0.10271388]
1992
[0.13267353]
1993
[0.16255782]
1994
[0.24202638]
1995
[0.09833121]
1996
[0.16608097]
1997
[0.08985605]
1998
[0.15036472]
1999
[1] 16000    11
[1] 16000    11
[0.13057062]
