LOADING R
R LOADED
[1] "/home/lvanderl/Rlibs2"                         
[2] "/app/software/R/4.3.1-gfbf-2022b/lib/R/library"
[1] "/home/lvanderl/sieveSims"
[1] "rf 1 4"
[1] 0.03787947
[1] 0.03787947
[1] 0.03787947
37.55102040816327
0
[0.01400762]
1
[0.0072713]
2
[0.18522372]
3
[0.031427]
4
[0.04032053]
5
[0.00917177]
6
[0.07593868]
7
[0.23627934]
8
[0.56130943]
9
[0.12507631]
10
[0.06889228]
11
[0.24438567]
12
[0.6435125]
13
[0.08955669]
14
[0.0640508]
15
[0.05852982]
16
[0.21044641]
17
[0.46010723]
18
[0.01283628]
19
[0.06265036]
20
[0.72555804]
21
[0.16241413]
22
[0.12454203]
23
[0.51554044]
24
[0.16475114]
25
[0.30182608]
26
[0.04889812]
27
[0.11077652]
28
[0.36360262]
29
[0.54655557]
30
[0.09784853]
31
[0.06540267]
32
[0.05599329]
33
[0.07841927]
34
[0.50090277]
35
[0.26384267]
36
[0.43734356]
37
[0.15920349]
38
[0.27054184]
39
[0.23453011]
40
[0.15073099]
41
[0.01121633]
42
[0.10920794]
43
[0.15717816]
44
[0.23634244]
45
[0.64944968]
46
[0.1971918]
47
[0.01334696]
48
[0.21305861]
49
[0.25475995]
50
[0.09000597]
51
[0.02281053]
52
[0.6463257]
53
[0.32143887]
54
[0.10917018]
55
[0.58950709]
56
[0.0317699]
57
[0.64139958]
58
[0.34802497]
59
[0.00749861]
60
[0.02197182]
61
[0.10245749]
62
[0.58466059]
63
[0.13356209]
64
[0.33528068]
65
[0.36518378]
66
[0.08229142]
67
[0.23388028]
68
[0.57270751]
69
[0.72387583]
70
[0.65182581]
71
[0.17716017]
72
[0.04702817]
73
[0.05834784]
74
[0.14357576]
75
[0.41914258]
76
[0.26957364]
77
[0.13860948]
78
[0.09463859]
79
[0.00383815]
80
[0.63329681]
81
[0.3795395]
82
[0.21998372]
83
[0.63577357]
84
[0.54072552]
85
[0.4212934]
86
[0.0123835]
87
[0.41982723]
88
[0.70827968]
89
[0.63634914]
90
[0.05036844]
91
[0.37399832]
92
[0.16128332]
93
[0.16638109]
94
[0.0380026]
95
[0.42928488]
96
[0.5440613]
97
[0.05592508]
98
[0.05498301]
99
[0.14614355]
100
[0.130927]
101
[0.69859153]
102
[0.13104226]
103
[0.39106084]
104
[0.26651712]
105
[0.09934054]
106
[0.10634089]
107
[0.11052732]
108
[0.03190065]
109
[0.13131749]
110
[0.16658084]
111
[0.54180609]
112
[0.01590565]
113
[0.04079653]
114
[0.598399]
115
[0.60705052]
116
[0.39839857]
117
[0.50561947]
118
[0.0700298]
119
[0.28344732]
120
[0.16939158]
121
[0.57434222]
122
[0.61249607]
123
[0.11377162]
124
[0.4269433]
125
[0.17699755]
126
[0.07950574]
127
[0.36639505]
128
[0.25966077]
129
[0.03755392]
130
[0.69234287]
131
[0.00801985]
132
[0.10723908]
133
[0.67711387]
134
[0.10524368]
135
[0.01904126]
136
[0.48600313]
137
[0.47395585]
138
[0.04924931]
139
[0.25146824]
140
[0.01411106]
141
[0.26512377]
142
[0.06570646]
143
[0.57341878]
144
[0.74071462]
145
[0.01785777]
146
[0.10563785]
147
[0.01797813]
148
[0.49170827]
149
[0.63502017]
150
[0.2041334]
151
[0.73973205]
152
[0.32405307]
153
[0.72484127]
154
[0.43742253]
155
[0.26535235]
156
[0.33464319]
157
[0.13122182]
158
[0.00554601]
159
[0.50322558]
160
[0.35559635]
161
[0.08717041]
162
[0.61573759]
163
[0.70839633]
164
[0.34218602]
165
[0.36743362]
166
[0.25649835]
167
[0.74608453]
168
[0.00944725]
169
[0.14178985]
170
[0.18072697]
171
[0.01214497]
172
[0.32142487]
173
[0.02834133]
174
[0.01772111]
175
[0.06500232]
176
[0.1356429]
177
[0.67912782]
178
[0.10208773]
179
[0.19985981]
180
[0.56043116]
181
[0.04491296]
182
[0.07434171]
183
[0.01662947]
184
[0.74889794]
185
[0.59079184]
186
[0.01681037]
187
[0.18537352]
188
[0.65740622]
189
[0.11373395]
190
[0.01124582]
191
[0.39991128]
192
[0.00377754]
193
[0.4776711]
194
[0.01257801]
195
[0.16013109]
196
[0.57092843]
197
[0.21834699]
198
[0.01305078]
199
[0.00634301]
200
[0.13316751]
201
[0.13910801]
202
[0.0163909]
203
[0.29181333]
204
[0.06606425]
205
[0.05505866]
206
[0.13547949]
207
[0.09877249]
208
[0.01723999]
209
[0.29659584]
210
[0.3291891]
211
[0.70325626]
212
[0.0051499]
213
[0.06580329]
214
[0.64301277]
215
[0.37620346]
216
[0.00543296]
217
[0.46701156]
218
[0.31790999]
219
[0.61942975]
220
[0.03412367]
221
[0.05324102]
222
[0.45229199]
223
[0.6209094]
224
[0.00605127]
225
[0.00470656]
226
[0.07544994]
227
[0.13008136]
228
[0.60547664]
229
[0.04399196]
230
[0.43548861]
231
[0.12312348]
232
[0.0185313]
233
[0.62857072]
234
[0.06608492]
235
[0.11805333]
236
[0.01223243]
237
[0.33567971]
238
[0.03186602]
239
[0.03651301]
240
[0.00703476]
241
[0.01521286]
242
[0.03286523]
243
[0.04057991]
244
[0.09545194]
245
[0.17144799]
246
[0.08692178]
247
[0.12513001]
248
[0.64630853]
249
[0.32774378]
250
[0.71685041]
251
[0.19949619]
252
[0.04578135]
253
[0.4270752]
254
[0.14969958]
255
[0.34907461]
256
[0.24574978]
257
[0.14766587]
258
[0.32019443]
259
[0.03835087]
260
[0.35382626]
261
[0.05953018]
262
[0.17901354]
263
[0.02443169]
264
[0.57388938]
265
[0.18534834]
266
[0.49373249]
267
[0.04957134]
268
[0.00527222]
269
[0.46316958]
270
[0.02453978]
271
[0.14580146]
272
[0.01837902]
273
[0.01409702]
274
[0.00736733]
275
[0.34946225]
276
[0.1402542]
277
[0.60653085]
278
[0.02169909]
279
[0.26053263]
280
[0.03665595]
281
[0.22137064]
282
[0.1013331]
283
[0.72104496]
284
[0.53086107]
285
[0.42046931]
286
[0.4420165]
287
[0.02068924]
288
[0.3646737]
289
[0.08626818]
290
[0.03503995]
291
[0.013596]
292
[0.45154069]
293
[0.52711168]
294
[0.44535009]
295
[0.28249445]
296
[0.00645255]
297
[0.24859064]
298
[0.14250323]
299
[0.27875955]
300
[0.56279367]
301
[0.05899316]
302
[0.04628878]
303
[0.66184855]
304
[0.4794009]
305
[0.74495845]
306
[0.06003143]
307
[0.30255225]
308
[0.00453814]
309
[0.70105148]
310
[0.38848829]
311
[0.06235224]
312
[0.0105166]
313
[0.00506682]
314
[0.09986334]
315
[0.02204871]
316
[0.26913518]
317
[0.32885691]
318
[0.01336744]
319
[0.26452759]
320
[0.45350148]
321
[0.1220598]
322
[0.01809617]
323
[0.01912577]
324
[0.05242546]
325
[0.21274622]
326
[0.06634661]
327
[0.55887164]
328
[0.47158759]
329
[0.69715003]
330
[0.14297397]
331
[0.04225083]
332
[0.59815731]
333
[0.07832919]
334
[0.02714814]
335
[0.59262966]
336
[0.02827375]
337
[0.16532397]
338
[0.11912643]
339
[0.56867865]
340
[0.01700553]
341
[0.0726671]
342
[0.2972028]
343
[0.0068621]
344
[0.58730397]
345
[0.00516513]
346
[0.03563391]
347
[0.25709402]
348
[0.67565402]
349
[0.46620815]
350
[0.11046952]
351
[0.63672083]
352
[0.10639689]
353
[0.17077378]
354
[0.25874335]
355
[0.55177927]
356
[0.26208258]
357
[0.20294283]
358
[0.01696437]
359
[0.1340735]
360
[0.12246588]
361
[0.02274987]
362
[0.67825535]
363
[0.26661382]
364
[0.14070623]
365
[0.01036879]
366
[0.26764522]
367
[0.32321543]
368
[0.11419298]
369
[0.06607599]
370
[0.05566313]
371
[0.0080368]
372
[0.02812695]
373
[0.01595038]
374
[0.53869813]
375
[0.05525671]
376
[0.02938619]
377
[0.32769814]
378
[0.10039485]
379
[0.20682439]
380
[0.03033574]
381
[0.39561514]
382
[0.70557097]
383
[0.72902776]
384
[0.04192769]
385
[0.35383596]
386
[0.00744294]
387
[0.21949499]
388
[0.50344974]
389
[0.48982671]
390
[0.3672267]
391
[0.03981629]
392
[0.01308008]
393
[0.06549405]
394
[0.23951955]
395
[0.15839376]
396
[0.74493811]
397
[0.4761038]
398
[0.04186684]
399
[0.11846785]
400
[0.01265027]
401
[0.56213022]
402
[0.15140154]
403
[0.01750241]
404
[0.13916966]
405
[0.75000873]
406
[0.6972357]
407
[0.22400553]
408
[0.1545298]
409
[0.0205962]
410
[0.39354925]
411
[0.0926607]
412
[0.12938758]
413
[0.23278735]
414
[0.38338886]
415
[0.49371614]
416
[0.17759934]
417
[0.32103563]
418
[0.56845793]
419
[0.33985539]
420
[0.08521761]
421
[0.07295429]
422
[0.62063387]
423
[0.30102945]
424
[0.32142976]
425
[0.17249608]
426
[0.05134165]
427
[0.72365121]
428
[0.28351372]
429
[0.61817816]
430
[0.28130627]
431
[0.4851983]
432
[0.33584109]
433
[0.01769563]
434
[0.02412479]
435
[0.16805869]
436
[0.0298637]
437
[0.05899402]
438
[0.20633533]
439
[0.5607649]
440
[0.03665883]
441
[0.01140707]
442
[0.72496794]
443
[0.03441989]
444
[0.00943456]
445
[0.27489398]
446
[0.02961024]
447
[0.06336334]
448
[0.13037092]
449
[0.03305776]
450
[0.31906696]
451
[0.61714498]
452
[0.33286748]
453
[0.51000476]
454
[0.04174755]
455
[0.0262386]
456
[0.18847174]
457
[0.01363515]
458
[0.0283108]
459
[0.02948898]
460
[0.49163533]
461
[0.3328022]
462
[0.10066492]
463
[0.55287928]
464
[0.11398195]
465
[0.0084593]
466
[0.38277883]
467
[0.58626267]
468
[0.19461979]
469
[0.02943824]
470
[0.20256455]
471
[0.72061119]
472
[0.43997009]
473
[0.15947531]
474
[0.02220934]
475
[0.29499749]
476
[0.30444724]
477
[0.15478716]
478
[0.02960881]
479
[0.31762561]
480
[0.01817949]
481
[0.11912802]
482
[0.07154363]
483
[0.29669176]
484
[0.02533339]
485
[0.29900346]
486
[0.02506384]
487
[0.66692191]
488
[0.06230393]
489
[0.54593092]
490
[0.11431943]
491
[0.33215123]
492
[0.07215962]
493
[0.01141141]
494
[0.00910456]
495
[0.00460279]
496
[0.18084049]
497
[0.08343684]
498
[0.0139994]
499
[1] 2500   11
[1] 2500   11
[0.06658147]
