LOADING R
R LOADED
[1] "/home/lvanderl/Rlibs2"                         
[2] "/app/software/R/4.3.1-gfbf-2022b/lib/R/library"
[1] "/home/lvanderl/sieveSims"
[1] "xg 2 2"
[1] 0.0801222
[1] 0.0801222
[1] 0.0801222
9.122448979591837
0
[0.11305706]
1
[0.06779027]
2
[0.09162864]
3
[0.12523145]
4
[0.14092112]
5
[0.16999692]
6
[0.07111017]
7
[0.06905721]
8
[0.10914288]
9
[0.18042855]
10
[0.11027397]
11
[0.09022748]
12
[0.12893437]
13
[0.06783779]
14
[0.1492601]
15
[0.06308918]
16
[0.1555101]
17
[0.06796878]
18
[0.06784584]
19
[0.09404183]
20
[0.15617081]
21
[0.13438822]
22
[0.16294972]
23
[0.18045341]
24
[0.13107285]
25
[0.08974771]
26
[0.10647662]
27
[0.0879707]
28
[0.04804261]
29
[0.16353035]
30
[0.1555515]
31
[0.10260485]
32
[0.13309764]
33
[0.07752766]
34
[0.07703594]
35
[0.13584811]
36
[0.16316064]
37
[0.13863407]
38
[0.04477151]
39
[0.12058751]
40
[0.11207141]
41
[0.11831183]
42
[0.10792097]
43
[0.06502415]
44
[0.16872758]
45
[0.13049603]
46
[0.07050403]
47
[0.13325674]
48
[0.12836322]
49
[0.09279441]
50
[0.12528423]
51
[0.09498265]
52
[0.13778961]
53
[0.05317227]
54
[0.14964865]
55
[0.12610697]
56
[0.13447254]
57
[0.06425126]
58
[0.08465351]
59
[0.10471837]
60
[0.08725829]
61
[0.11031145]
62
[0.14541101]
63
[0.16078226]
64
[0.08143138]
65
[0.07241447]
66
[0.14224356]
67
[0.1539137]
68
[0.11724136]
69
[0.09599136]
70
[0.08351607]
71
[0.13259913]
72
[0.17059111]
73
[0.10607715]
74
[0.16234729]
75
[0.08788675]
76
[0.10570278]
77
[0.1051087]
78
[0.14376552]
79
[0.14447003]
80
[0.11920087]
81
[0.13969771]
82
[0.09105813]
83
[0.13805632]
84
[0.05838267]
85
[0.11784634]
86
[0.12979187]
87
[0.06482687]
88
[0.09126919]
89
[0.09519501]
90
[0.12770045]
91
[0.14997434]
92
[0.13595977]
93
[0.14723317]
94
[0.08046045]
95
[0.09898584]
96
[0.12313625]
97
[0.08066487]
98
[0.08474985]
99
[0.14920091]
100
[0.07653684]
101
[0.09886804]
102
[0.13701838]
103
[0.09579006]
104
[0.14698488]
105
[0.11887995]
106
[0.08066638]
107
[0.12783002]
108
[0.12273229]
109
[0.12672543]
110
[0.13424936]
111
[0.08380673]
112
[0.10706878]
113
[0.08228639]
114
[0.05541885]
115
[0.09496807]
116
[0.10852089]
117
[0.09474463]
118
[0.15531372]
119
[0.10736679]
120
[0.13218325]
121
[0.05365838]
122
[0.07663365]
123
[0.17759818]
124
[0.10742755]
125
[0.11103016]
126
[0.07335708]
127
[0.13661922]
128
[0.12419277]
129
[0.08139714]
130
[0.07045882]
131
[0.10371574]
132
[0.08913775]
133
[0.10424787]
134
[0.11358856]
135
[0.0977947]
136
[0.13185978]
137
[0.17453267]
138
[0.04117335]
139
[0.09664868]
140
[0.15941559]
141
[0.17063333]
142
[0.10848514]
143
[0.08429476]
144
[0.0572844]
145
[0.13497045]
146
[0.04414341]
147
[0.10007157]
148
[0.10744826]
149
[0.0932674]
150
[0.13970005]
151
[0.164733]
152
[0.1212114]
153
[0.0650335]
154
[0.06029754]
155
[0.09114471]
156
[0.06764185]
157
[0.12698245]
158
[0.11778545]
159
[0.0877639]
160
[0.09884203]
161
[0.13216267]
162
[0.08214162]
163
[0.05413623]
164
[0.09208472]
165
[0.15784919]
166
[0.08027167]
167
[0.08291154]
168
[0.15354737]
169
[0.12278123]
170
[0.1328246]
171
[0.12799339]
172
[0.10373995]
173
[0.08932438]
174
[0.08673851]
175
[0.08758515]
176
[0.17374508]
177
[0.06862924]
178
[0.12700809]
179
[0.15466162]
180
[0.11412604]
181
[0.06508627]
182
[0.1284693]
183
[0.09558921]
184
[0.18089781]
185
[0.0985648]
186
[0.06726647]
187
[0.03717494]
188
[0.10934601]
189
[0.06846018]
190
[0.14856016]
191
[0.10333396]
192
[0.14935642]
193
[0.11433641]
194
[0.04500741]
195
[0.1339357]
196
[0.11472893]
197
[0.09248895]
198
[0.10838555]
199
[0.13377147]
200
[0.08820949]
201
[0.15553317]
202
[0.09052094]
203
[0.14413091]
204
[0.11454143]
205
[0.10447844]
206
[0.06377687]
207
[0.13145736]
208
[0.05251281]
209
[0.08141653]
210
[0.12339347]
211
[0.16499081]
212
[0.04130124]
213
[0.09017848]
214
[0.05592767]
215
[0.08067517]
216
[0.07287277]
217
[0.05519571]
218
[0.1043308]
219
[0.08126807]
220
[0.13582899]
221
[0.15912654]
222
[0.16074952]
223
[0.10509267]
224
[0.11735618]
225
[0.11366293]
226
[0.17182994]
227
[0.08591721]
228
[0.07009603]
229
[0.10732328]
230
[0.07177349]
231
[0.11436858]
232
[0.08818875]
233
[0.13020157]
234
[0.07582089]
235
[0.15881639]
236
[0.10184465]
237
[0.16072056]
238
[0.14118556]
239
[0.137168]
240
[0.11969099]
241
[0.10413189]
242
[0.12850316]
243
[0.16578038]
244
[0.11019331]
245
[0.11370003]
246
[0.0721656]
247
[0.05746321]
248
[0.05496906]
249
[0.1309278]
250
[0.06872664]
251
[0.16366386]
252
[0.15417144]
253
[0.0941841]
254
[0.04525057]
255
[0.15074943]
256
[0.1303008]
257
[0.13896804]
258
[0.16084338]
259
[0.12353195]
260
[0.09469347]
261
[0.15216474]
262
[0.15145432]
263
[0.17007783]
264
[0.07800588]
265
[0.14773957]
266
[0.12123051]
267
[0.17439147]
268
[0.07951467]
269
[0.09338175]
270
[0.10235446]
271
[0.07548933]
272
[0.12258958]
273
[0.12974244]
274
[0.10306852]
275
[0.17593289]
276
[0.13910409]
277
[0.0930312]
278
[0.06836375]
279
[0.0791858]
280
[0.15171915]
281
[0.11842637]
282
[0.13773091]
283
[0.13382799]
284
[0.07733609]
285
[0.07959699]
286
[0.05317489]
287
[0.11222837]
288
[0.123879]
289
[0.04867555]
290
[0.03997762]
291
[0.09901932]
292
[0.1200401]
293
[0.1454564]
294
[0.12564726]
295
[0.12829017]
296
[0.08911184]
297
[0.13271816]
298
[0.13079953]
299
[0.06443014]
300
[0.09102475]
301
[0.11773826]
302
[0.10711557]
303
[0.08942899]
304
[0.08897204]
305
[0.14045172]
306
[0.07779636]
307
[0.0955832]
308
[0.08986651]
309
[0.12110563]
310
[0.15727215]
311
[0.12253923]
312
[0.09798767]
313
[0.16098417]
314
[0.09713282]
315
[0.12259228]
316
[0.11133504]
317
[0.16830151]
318
[0.12150638]
319
[0.08531818]
320
[0.04928902]
321
[0.08080181]
322
[0.16688229]
323
[0.07219579]
324
[0.14777891]
325
[0.11033208]
326
[0.15018447]
327
[0.05813238]
328
[0.11910721]
329
[0.09954586]
330
[0.04364809]
331
[0.04423006]
332
[0.07322761]
333
[0.11585466]
334
[0.13693115]
335
[0.14158465]
336
[0.16403427]
337
[0.11370042]
338
[0.12258659]
339
[0.1496176]
340
[0.10264845]
341
[0.13512487]
342
[0.13927671]
343
[0.15122772]
344
[0.10906456]
345
[0.14533102]
346
[0.06520596]
347
[0.17158594]
348
[0.06822096]
349
[0.07704289]
350
[0.13042032]
351
[0.06824763]
352
[0.12371714]
353
[0.07883768]
354
[0.05443783]
355
[0.06988478]
356
[0.10541808]
357
[0.03854868]
358
[0.1059823]
359
[0.17768758]
360
[0.11693687]
361
[0.07086586]
362
[0.16514466]
363
[0.10721841]
364
[0.08237857]
365
[0.11382889]
366
[0.07880297]
367
[0.12905205]
368
[0.13354642]
369
[0.08906022]
370
[0.16494881]
371
[0.10993125]
372
[0.12931768]
373
[0.1042719]
374
[0.07083964]
375
[0.15056938]
376
[0.1715462]
377
[0.09806553]
378
[0.06177491]
379
[0.11964204]
380
[0.10935086]
381
[0.15206727]
382
[0.13130898]
383
[0.09950573]
384
[0.06049966]
385
[0.0980861]
386
[0.10435642]
387
[0.16040313]
388
[0.12198877]
389
[0.08682487]
390
[0.12561989]
391
[0.08703171]
392
[0.13240596]
393
[0.12548036]
394
[0.14430049]
395
[0.04370429]
396
[0.04933145]
397
[0.15531748]
398
[0.08896501]
399
[0.06955153]
400
[0.06210542]
401
[0.12398147]
402
[0.08711189]
403
[0.1056812]
404
[0.07913932]
405
[0.13425502]
406
[0.06549715]
407
[0.10109054]
408
[0.09979548]
409
[0.07490538]
410
[0.0948609]
411
[0.16003441]
412
[0.0938377]
413
[0.06998129]
414
[0.08971178]
415
[0.1411555]
416
[0.12546088]
417
[0.10181762]
418
[0.11528334]
419
[0.06673531]
420
[0.12470231]
421
[0.05112084]
422
[0.16691354]
423
[0.10377621]
424
[0.08316222]
425
[0.08193059]
426
[0.17034286]
427
[0.07337153]
428
[0.14264982]
429
[0.16106986]
430
[0.1010788]
431
[0.09135459]
432
[0.14170911]
433
[0.14126178]
434
[0.08834496]
435
[0.04143233]
436
[0.08356389]
437
[0.12387596]
438
[0.06549072]
439
[0.1718566]
440
[0.14288785]
441
[0.07556122]
442
[0.1351523]
443
[0.0930463]
444
[0.10912638]
445
[0.12701354]
446
[0.1029438]
447
[0.12534321]
448
[0.14754264]
449
[0.15854309]
450
[0.12444713]
451
[0.08533407]
452
[0.0612242]
453
[0.16114265]
454
[0.13240283]
455
[0.06647253]
456
[0.04929969]
457
[0.09001023]
458
[0.09845692]
459
[0.06901721]
460
[0.0783156]
461
[0.12184766]
462
[0.09381416]
463
[0.05342558]
464
[0.15397466]
465
[0.09352101]
466
[0.07479612]
467
[0.07848258]
468
[0.11842708]
469
[0.14592669]
470
[0.0920324]
471
[0.08893268]
472
[0.15064779]
473
[0.10168964]
474
[0.06367323]
475
[0.13213231]
476
[0.10833865]
477
[0.04187344]
478
[0.07024202]
479
[0.10517253]
480
[0.09301587]
481
[0.10168679]
482
[0.11473591]
483
[0.14326232]
484
[0.13268455]
485
[0.12193004]
486
[0.15536913]
487
[0.05027338]
488
[0.16963515]
489
[0.08802772]
490
[0.08223182]
491
[0.12318847]
492
[0.07747776]
493
[0.12199693]
494
[0.13243311]
495
[0.04323865]
496
[0.1340513]
497
[0.13038199]
498
[0.10266417]
499
[0.1081544]
500
[0.05645266]
501
[0.10325065]
502
[0.14916518]
503
[0.08725112]
504
[0.09484139]
505
[0.05277109]
506
[0.07037572]
507
[0.10855031]
508
[0.08195531]
509
[0.08898924]
510
[0.08895645]
511
[0.14879198]
512
[0.06653001]
513
[0.14099098]
514
[0.04894523]
515
[0.07854123]
516
[0.12289393]
517
[0.1329946]
518
[0.11841039]
519
[0.12362278]
520
[0.10923257]
521
[0.12129732]
522
[0.12849486]
523
[0.13293379]
524
[0.0466806]
525
[0.09598704]
526
[0.09572475]
527
[0.05529917]
528
[0.15975334]
529
[0.07802427]
530
[0.16501828]
531
[0.16509943]
532
[0.16672083]
533
[0.08148528]
534
[0.08684265]
535
[0.06945457]
536
[0.1143437]
537
[0.13019666]
538
[0.07235114]
539
[0.14755223]
540
[0.11423046]
541
[0.14208087]
542
[0.16332785]
543
[0.10991197]
544
[0.13318721]
545
[0.07576709]
546
[0.15209493]
547
[0.06483098]
548
[0.12720488]
549
[0.149562]
550
[0.14540085]
551
[0.09908732]
552
[0.07059704]
553
[0.17088344]
554
[0.07041091]
555
[0.1426644]
556
[0.07334623]
557
[0.13961925]
558
[0.12258201]
559
[0.13124244]
560
[0.12727284]
561
[0.13112199]
562
[0.07658881]
563
[0.14572284]
564
[0.08762194]
565
[0.11538096]
566
[0.07481642]
567
[0.11812607]
568
[0.12717971]
569
[0.12487736]
570
[0.12046888]
571
[0.12673892]
572
[0.0714149]
573
[0.05025178]
574
[0.07310485]
575
[0.06378081]
576
[0.0941997]
577
[0.16933622]
578
[0.1569129]
579
[0.06521244]
580
[0.1298279]
581
[0.12016392]
582
[0.12904423]
583
[0.12701748]
584
[0.17117019]
585
[0.14939699]
586
[0.06299098]
587
[0.13499225]
588
[0.1011184]
589
[0.06311396]
590
[0.15125434]
591
[0.15240138]
592
[0.11170902]
593
[0.08676111]
594
[0.11710222]
595
[0.10151275]
596
[0.0899094]
597
[0.13565965]
598
[0.06255685]
599
[0.11361971]
600
[0.08937]
601
[0.15393359]
602
[0.07971737]
603
[0.11572797]
604
[0.13320753]
605
[0.08729246]
606
[0.11999354]
607
[0.12038531]
608
[0.15950861]
609
[0.10220258]
610
[0.10600616]
611
[0.11032658]
612
[0.12398613]
613
[0.16227504]
614
[0.07499403]
615
[0.13169634]
616
[0.0797083]
617
[0.11506091]
618
[0.13510648]
619
[0.08037998]
620
[0.11398621]
621
[0.05861679]
622
[0.10126184]
623
[0.1300113]
624
[0.10123374]
625
[0.09619058]
626
[0.07814825]
627
[0.0784072]
628
[0.11416063]
629
[0.13604063]
630
[0.1286749]
631
[0.08909787]
632
[0.06047972]
633
[0.06594208]
634
[0.14909569]
635
[0.07587283]
636
[0.07716643]
637
[0.09565116]
638
[0.08886134]
639
[0.10148195]
640
[0.12499928]
641
[0.12980636]
642
[0.08606096]
643
[0.12970559]
644
[0.07466662]
645
[0.15953331]
646
[0.04076527]
647
[0.05724522]
648
[0.12393555]
649
[0.09920324]
650
[0.14592036]
651
[0.07068927]
652
[0.05384922]
653
[0.12405928]
654
[0.1168446]
655
[0.11760034]
656
[0.05218456]
657
[0.09029234]
658
[0.14570837]
659
[0.07396221]
660
[0.04894132]
661
[0.11024951]
662
[0.09782775]
663
[0.14537803]
664
[0.0611572]
665
[0.13493572]
666
[0.15756891]
667
[0.15013204]
668
[0.10423005]
669
[0.05536225]
670
[0.10914861]
671
[0.09089634]
672
[0.1304708]
673
[0.11099588]
674
[0.10774198]
675
[0.09723548]
676
[0.16034774]
677
[0.05312592]
678
[0.11257053]
679
[0.11983557]
680
[0.11753496]
681
[0.1012585]
682
[0.04501376]
683
[0.1674365]
684
[0.06735851]
685
[0.10710226]
686
[0.14448725]
687
[0.05067206]
688
[0.15641597]
689
[0.09295237]
690
[0.1526601]
691
[0.08714236]
692
[0.10670563]
693
[0.1411139]
694
[0.15132802]
695
[0.17433165]
696
[0.09968919]
697
[0.0983425]
698
[0.12828311]
699
[0.14741501]
700
[0.18101991]
701
[0.09919793]
702
[0.14847641]
703
[0.09194991]
704
[0.1616338]
705
[0.1011483]
706
[0.0746023]
707
[0.12312718]
708
[0.16736512]
709
[0.0649429]
710
[0.07623238]
711
[0.06912268]
712
[0.10034988]
713
[0.0950229]
714
[0.15086697]
715
[0.0674142]
716
[0.03324031]
717
[0.15979329]
718
[0.07083936]
719
[0.07771044]
720
[0.07806824]
721
[0.11930895]
722
[0.04355769]
723
[0.09965093]
724
[0.05385274]
725
[0.11674163]
726
[0.12456222]
727
[0.09306089]
728
[0.11984894]
729
[0.10330368]
730
[0.15966921]
731
[0.17622091]
732
[0.15223294]
733
[0.14085935]
734
[0.08076645]
735
[0.07573026]
736
[0.17185139]
737
[0.10489083]
738
[0.14584432]
739
[0.09851781]
740
[0.10282694]
741
[0.12348361]
742
[0.14491112]
743
[0.13801269]
744
[0.08735048]
745
[0.09975388]
746
[0.0834184]
747
[0.12750727]
748
[0.12083511]
749
[0.10693259]
750
[0.12763106]
751
[0.12339261]
752
[0.07658031]
753
[0.11933649]
754
[0.16491349]
755
[0.10131207]
756
[0.1332478]
757
[0.12240136]
758
[0.13629219]
759
[0.0716621]
760
[0.13258137]
761
[0.09092097]
762
[0.10616428]
763
[0.10387885]
764
[0.04816443]
765
[0.08990254]
766
[0.1035531]
767
[0.11475106]
768
[0.08817977]
769
[0.13296896]
770
[0.03642552]
771
[0.14041564]
772
[0.1164171]
773
[0.06414924]
774
[0.06985208]
775
[0.08173935]
776
[0.07052976]
777
[0.1341621]
778
[0.1185583]
779
[0.12809635]
780
[0.14989504]
781
[0.13611218]
782
[0.12750834]
783
[0.10063074]
784
[0.14994956]
785
[0.07697156]
786
[0.11721145]
787
[0.13727205]
788
[0.09966302]
789
[0.14203657]
790
[0.08039784]
791
[0.10592637]
792
[0.1590469]
793
[0.0953562]
794
[0.1716828]
795
[0.1370572]
796
[0.07249863]
797
[0.10104961]
798
[0.09046847]
799
[0.10635693]
800
[0.15178274]
801
[0.15868206]
802
[0.09423101]
803
[0.11882216]
804
[0.08304949]
805
[0.12704929]
806
[0.09307831]
807
[0.08893484]
808
[0.11602078]
809
[0.08155086]
810
[0.1128626]
811
[0.09433356]
812
[0.07617155]
813
[0.07705371]
814
[0.12653235]
815
[0.07685521]
816
[0.05700595]
817
[0.03735253]
818
[0.1501868]
819
[0.05927244]
820
[0.12749603]
821
[0.05687476]
822
[0.04419519]
823
[0.13772688]
824
[0.11727785]
825
[0.13280745]
826
[0.13336572]
827
[0.09466339]
828
[0.09996397]
829
[0.09871537]
830
[0.16739027]
831
[0.1119418]
832
[0.12125707]
833
[0.13971229]
834
[0.06111441]
835
[0.13017008]
836
[0.07608918]
837
[0.06572789]
838
[0.11543561]
839
[0.08773918]
840
[0.07346643]
841
[0.09721399]
842
[0.08003531]
843
[0.08333279]
844
[0.10227296]
845
[0.07497603]
846
[0.08232592]
847
[0.14904734]
848
[0.12924302]
849
[0.08061222]
850
[0.11454045]
851
[0.03356099]
852
[0.04520943]
853
[0.11852657]
854
[0.0807199]
855
[0.14755278]
856
[0.08158781]
857
[0.13101561]
858
[0.10512623]
859
[0.10273541]
860
[0.09621456]
861
[0.04599991]
862
[0.09505948]
863
[0.06300022]
864
[0.10602727]
865
[0.07708065]
866
[0.09694913]
867
[0.09132367]
868
[0.06742831]
869
[0.07368119]
870
[0.12930723]
871
[0.04415562]
872
[0.09242653]
873
[0.07130827]
874
[0.12080841]
875
[0.11947285]
876
[0.05124574]
877
[0.08055338]
878
[0.12497971]
879
[0.12878501]
880
[0.10036386]
881
[0.1081805]
882
[0.09995223]
883
[0.16659502]
884
[0.16308186]
885
[0.057536]
886
[0.08795186]
887
[0.11279509]
888
[0.04811779]
889
[0.06667521]
890
[0.09396022]
891
[0.1361983]
892
[0.12647025]
893
[0.13305823]
894
[0.12576237]
895
[0.0777924]
896
[0.08418373]
897
[0.12961051]
898
[0.06496744]
899
[0.10011292]
900
[0.04968386]
901
[0.07731865]
902
[0.09491564]
903
[0.15777973]
904
[0.05081119]
905
[0.14982933]
906
[0.09822783]
907
[0.16956386]
908
[0.09203118]
909
[0.12004556]
910
[0.16543202]
911
[0.04970219]
912
[0.13999259]
913
[0.07539009]
914
[0.10496593]
915
[0.15897043]
916
[0.14570962]
917
[0.14015091]
918
[0.10656452]
919
[0.07184136]
920
[0.08180869]
921
[0.04846786]
922
[0.13056845]
923
[0.14477709]
924
[0.14374108]
925
[0.14215231]
926
[0.073242]
927
[0.05272712]
928
[0.15624922]
929
[0.10672698]
930
[0.06457546]
931
[0.09041511]
932
[0.05799879]
933
[0.09133618]
934
[0.10424864]
935
[0.12016541]
936
[0.09373001]
937
[0.07704148]
938
[0.12376743]
939
[0.07569959]
940
[0.12706523]
941
[0.11824761]
942
[0.05919042]
943
[0.12830823]
944
[0.08995092]
945
[0.10372553]
946
[0.13026094]
947
[0.11966649]
948
[0.1166692]
949
[0.10366133]
950
[0.0517647]
951
[0.12358192]
952
[0.0932495]
953
[0.08846206]
954
[0.1327221]
955
[0.15722794]
956
[0.09952553]
957
[0.07605829]
958
[0.08411559]
959
[0.11609392]
960
[0.03830744]
961
[0.1667077]
962
[0.14930755]
963
[0.09805232]
964
[0.07873895]
965
[0.08865265]
966
[0.14128619]
967
[0.07772268]
968
[0.09979487]
969
[0.14738275]
970
[0.16739383]
971
[0.09700384]
972
[0.16856306]
973
[0.12850048]
974
[0.18022284]
975
[0.03426413]
976
[0.14591881]
977
[0.11264212]
978
[0.10349648]
979
[0.15232462]
980
[0.12497432]
981
[0.16922472]
982
[0.13040277]
983
[0.04856635]
984
[0.14344979]
985
[0.10242338]
986
[0.0909033]
987
[0.05583198]
988
[0.14028738]
989
[0.15678618]
990
[0.07335358]
991
[0.11198854]
992
[0.06760859]
993
[0.13507963]
994
[0.15132184]
995
[0.1024812]
996
[0.05467284]
997
[0.09365644]
998
[0.15846013]
999
[0.08990797]
[1] 5000   11
[1] 5000   11
