LOADING R
R LOADED
[1] "/home/lvanderl/Rlibs2"                         
[2] "/app/software/R/4.3.1-gfbf-2022b/lib/R/library"
[1] "/home/lvanderl/sieveSims"
[1] "gam 5 1"
[1] "histogram binning"
[1] 0.1005778
[1] 0.1005778
[1] "mondrian"
[1] "iso"
[1] 0.1005778
[1] "conditional"
[   10.            11.51395399    13.25711366    15.26417967
    17.57510625    20.23589648    23.29951811    26.82695795
    30.88843596    35.56480306    40.94915062    47.14866363
    54.28675439    62.50551925    71.9685673     82.86427729
    95.40954763   109.8541142    126.48552169   145.63484775
   167.68329368   193.06977289   222.29964825   255.95479227
   294.70517026   339.32217719   390.69399371   449.8432669
   517.94746792   596.36233166   686.648845     790.60432109
   910.29817799  1048.11313415  1206.79264064  1389.49549437
  1599.85871961  1842.06996933  2120.95088792  2442.05309455
  2811.76869797  3237.45754282  3727.59372031  4291.93426013
  4941.71336132  5689.86602902  6551.2855686   7543.12006335
  8685.11373751 10000.        ]
[0.08354059 0.08408952 0.07722422 0.07866961 0.07486108 0.07713069
 0.07065163 0.07695321 0.0723896  0.07338272 0.07789997 0.07635145
 0.07312193 0.07878306 0.07407568 0.08068246 0.09509559 0.10544743
 0.0985567  0.12167534 0.12968511 0.14615128 0.15370773 0.15413174
 0.18382879 0.20657608 0.23338715 0.23373114 0.23332774 0.29844822
 0.32277828 0.33000499 0.43150189 0.4469111  0.58922424 0.50916284
 0.70804127 0.8347288  0.76421651 1.10253058 1.14262683 1.23090096
 1.95760357 1.22432741 2.14522772 1.75446969 2.15832765 3.04647021
 3.51902581 3.85483244]
23.29951810515372
0.04291934260128778
0
[0.18676367]
1
[0.12143945]
2
[0.06250343]
3
[0.06725415]
4
[0.09783611]
5
[0.18718496]
6
[0.15122358]
7
[0.08071804]
8
[0.05033637]
9
[0.11804922]
10
[0.05716957]
11
[0.07997311]
12
[0.09641297]
13
[0.05507329]
14
[0.07534985]
15
[0.07477176]
16
[0.13144529]
17
[0.12130011]
18
[0.08386244]
19
[0.07139989]
20
[0.05295751]
21
[0.10561293]
22
[0.16054692]
23
[0.0798049]
24
[0.0834182]
25
[0.07040978]
26
[0.08355952]
27
[0.06950601]
28
[0.10623946]
29
[0.15750293]
30
[0.08801241]
31
[0.07585699]
32
[0.10248485]
33
[0.07239041]
34
[0.07128682]
35
[0.11113708]
36
[0.08117446]
37
[0.09295795]
38
[0.14971272]
39
[0.11839615]
40
[0.13137908]
41
[0.09532155]
42
[0.0737573]
43
[0.09293443]
44
[0.1168696]
45
[0.11944651]
46
[0.17692489]
47
[0.0830685]
48
[0.08286752]
49
[0.09240794]
50
[0.07936523]
51
[0.09562552]
52
[0.08150896]
53
[0.03672482]
54
[0.08075232]
55
[0.06256396]
56
[0.16206563]
57
[0.05785049]
58
[0.11488564]
59
[0.0341502]
60
[0.1279895]
61
[0.06683199]
62
[0.07652054]
63
[0.08726826]
64
[0.06988754]
65
[0.09581129]
66
[0.08670774]
67
[0.10924716]
68
[0.07023364]
69
[0.07482854]
70
[0.0784606]
71
[0.10091275]
72
[0.06456434]
73
[0.06324627]
74
[0.05652799]
75
[0.07404455]
76
[0.0799042]
77
[0.07368452]
78
[0.08870939]
79
[0.08600106]
80
[0.08152075]
81
[0.12562]
82
[0.0903496]
83
[0.08773975]
84
[0.05480871]
85
[0.06185452]
86
[0.08935497]
87
[0.13260901]
88
[0.07399766]
89
[0.07719191]
90
[0.06282119]
91
[0.09909897]
92
[0.10022887]
93
[0.08422472]
94
[0.09354686]
95
[0.07488164]
96
[0.09831003]
97
[0.06258881]
98
[0.08738938]
99
[0.19417354]
100
[0.07297318]
101
[0.10512442]
102
[0.12419935]
103
[0.10579138]
104
[0.14074142]
105
[0.08406882]
106
[0.09803305]
107
[0.05217742]
108
[0.04995513]
109
[0.06377068]
110
[0.08706948]
111
[0.06829029]
112
[0.07377449]
113
[0.07111009]
114
[0.15795653]
115
[0.1582415]
116
[0.08034542]
117
[0.13404015]
118
[0.21588086]
119
[0.07941887]
120
[0.0677719]
121
[0.10420579]
122
[0.07674865]
123
[0.0824099]
124
[0.09494617]
125
[0.0985614]
126
[0.10985789]
127
[0.09547671]
128
[0.15189417]
129
[0.06708829]
130
[0.09828967]
131
[0.08330233]
132
[0.10775238]
133
[0.06177652]
134
[0.08003649]
135
[0.11208042]
136
[0.15342103]
137
[0.07444701]
138
[0.06816068]
139
[0.12414898]
140
[0.05155124]
141
[0.11203494]
142
[0.09158885]
143
[0.11633117]
144
[0.10777242]
145
[0.09789943]
146
[0.12227703]
147
[0.07881192]
148
[0.0790962]
149
[0.10077421]
150
[0.08493308]
151
[0.13726329]
152
[0.15846819]
153
[0.05782303]
154
[0.07224722]
155
[0.12336814]
156
[0.16318712]
157
[0.06826318]
158
[0.09599014]
159
[0.08577852]
160
[0.09133194]
161
[0.12540988]
162
[0.06721943]
163
[0.06962262]
164
[0.11757375]
165
[0.07092887]
166
[0.07702288]
167
[0.09046126]
168
[0.11548659]
169
[0.09460114]
170
[0.07160709]
171
[0.1450267]
172
[0.15354864]
173
[0.07279755]
174
[0.15842981]
175
[0.0629772]
176
[0.10339609]
177
[0.0997159]
178
[0.10814845]
179
[0.15199235]
180
[0.05497764]
181
[0.07467226]
182
[0.12042762]
183
[0.08876562]
184
[0.14901209]
185
[0.09217361]
186
[0.07396732]
187
[0.08494021]
188
[0.08594926]
189
[0.14714911]
190
[0.08391005]
191
[0.09259649]
192
[0.14459775]
193
[0.18471929]
194
[0.08358387]
195
[0.07858743]
196
[0.12346669]
197
[0.06818344]
198
[0.11132424]
199
[0.13862482]
200
[0.16695578]
201
[0.07507971]
202
[0.11635877]
203
[0.13535699]
204
[0.10413193]
205
[0.09355535]
206
[0.07768767]
207
[0.04224535]
208
[0.10800863]
209
[0.14765319]
210
[0.16566944]
211
[0.09676734]
212
[0.09720542]
213
[0.06357727]
214
[0.06704884]
215
[0.07503924]
216
[0.07946506]
217
[0.18841799]
218
[0.10535484]
219
[0.09172963]
220
[0.12719025]
221
[0.09492756]
222
[0.06783885]
223
[0.06183708]
224
[0.08255316]
225
[0.11665205]
226
[0.04778657]
227
[0.08066682]
228
[0.1505917]
229
[0.05852783]
230
[0.08198565]
231
[0.06132663]
232
[0.07733852]
233
[0.07952218]
234
[0.07952407]
235
[0.11367877]
236
[0.14054121]
237
[0.09779328]
238
[0.14998236]
239
[0.09486181]
240
[0.11793596]
241
[0.09179509]
242
[0.06747151]
243
[0.14114789]
244
[0.06732569]
245
[0.11417002]
246
[0.07039006]
247
[0.11899488]
248
[0.11864333]
249
[0.13141291]
250
[0.08205006]
251
[0.18432776]
252
[0.07313744]
253
[0.09487673]
254
[0.12458847]
255
[0.08135895]
256
[0.06782653]
257
[0.1028384]
258
[0.13671439]
259
[0.11830349]
260
[0.0949034]
261
[0.05355475]
262
[0.11318508]
263
[0.0780535]
264
[0.09084742]
265
[0.09210301]
266
[0.10181593]
267
[0.12881582]
268
[0.10197137]
269
[0.09801728]
270
[0.10373412]
271
[0.08666725]
272
[0.11460821]
273
[0.09410042]
274
[0.09477968]
275
[0.08457267]
276
[0.09227765]
277
[0.12965253]
278
[0.12157705]
279
[0.06715384]
280
[0.0679499]
281
[0.11096288]
282
[0.05600986]
283
[0.08083632]
284
[0.06317365]
285
[0.08275788]
286
[0.09145419]
287
[0.09220272]
288
[0.15402795]
289
[0.13002593]
290
[0.06727389]
291
[0.08939997]
292
[0.18622062]
293
[0.16291827]
294
[0.07476553]
295
[0.08496236]
296
[0.08806415]
297
[0.14476492]
298
[0.10418039]
299
[0.07258418]
300
[0.09701584]
301
[0.08288892]
302
[0.04489861]
303
[0.05460651]
304
[0.10148601]
305
[0.09373943]
306
[0.06894173]
307
[0.04970827]
308
[0.08312432]
309
[0.07628823]
310
[0.1133684]
311
[0.07925559]
312
[0.14354302]
313
[0.07391606]
314
[0.09804637]
315
[0.0614468]
316
[0.06505955]
317
[0.10185625]
318
[0.12757674]
319
[0.09747316]
320
[0.0979625]
321
[0.08410705]
322
[0.08906461]
323
[0.09659537]
324
[0.08489663]
325
[0.06848918]
326
[0.10386081]
327
[0.07134743]
328
[0.08412444]
329
[0.07387708]
330
[0.11426062]
331
[0.08392304]
332
[0.09500706]
333
[0.14679924]
334
[0.08036818]
335
[0.09285449]
336
[0.08135091]
337
[0.07336186]
338
[0.07320421]
339
[0.09138812]
340
[0.05421428]
341
[0.10374538]
342
[0.09732321]
343
[0.08031689]
344
[0.10507841]
345
[0.04538239]
346
[0.07211674]
347
[0.13537301]
348
[0.08096692]
349
[0.06366472]
350
[0.08951299]
351
[0.08631231]
352
[0.13291442]
353
[0.12969051]
354
[0.08969926]
355
[0.07875482]
356
[0.09356118]
357
[0.06917233]
358
[0.12782121]
359
[0.17212182]
360
[0.07665054]
361
[0.09001024]
362
[0.12648181]
363
[0.07145983]
364
[0.08280911]
365
[0.10953705]
366
[0.07973462]
367
[0.08199041]
368
[0.07693774]
369
[0.06569224]
370
[0.10302029]
371
[0.11087682]
372
[0.08290106]
373
[0.09288211]
374
[0.0728193]
375
[0.07071054]
376
[0.12896387]
377
[0.07919209]
378
[0.14154357]
379
[0.1096778]
380
[0.08168557]
381
[0.08442128]
382
[0.0577667]
383
[0.11690394]
384
[0.0794113]
385
[0.07318491]
386
[0.09601908]
387
[0.06415619]
388
[0.08211222]
389
[0.10896633]
390
[0.06956561]
391
[0.09792325]
392
[0.07412435]
393
[0.07909895]
394
[0.10585355]
395
[0.10785684]
396
[0.07795663]
397
[0.1213734]
398
[0.08514393]
399
[0.06340308]
400
[0.09449384]
401
[0.06940931]
402
[0.06391957]
403
[0.0917792]
404
[0.11739854]
405
[0.13751038]
406
[0.09551785]
407
[0.06633253]
408
[0.12988039]
409
[0.07446145]
410
[0.09152614]
411
[0.10013463]
412
[0.06679864]
413
[0.07975191]
414
[0.09924086]
415
[0.09056618]
416
[0.1049269]
417
[0.1064688]
418
[0.11984584]
419
[0.12890487]
420
[0.12766873]
421
[0.0722239]
422
[0.10289964]
423
[0.07437862]
424
[0.08060242]
425
[0.11136768]
426
[0.11017533]
427
[0.14200012]
428
[0.07648969]
429
[0.08361702]
430
[0.07283533]
431
[0.15574543]
432
[0.06136631]
433
[0.08710932]
434
[0.08203247]
435
[0.15092129]
436
[0.08988032]
437
[0.07567522]
438
[0.09354512]
439
[0.09702267]
440
[0.07559133]
441
[0.12620502]
442
[0.08675295]
443
[0.09171499]
444
[0.1073386]
445
[0.12271352]
446
[0.10600514]
447
[0.09169537]
448
[0.09774945]
449
[0.08046729]
450
[0.08793652]
451
[0.07322813]
452
[0.06913948]
453
[0.09527084]
454
[0.08384048]
455
[0.08809183]
456
[0.06387355]
457
[0.10980106]
458
[0.14096677]
459
[0.13653275]
460
[0.08702192]
461
[0.04373122]
462
[0.07047595]
463
[0.10299662]
464
[0.10524051]
465
[0.13371082]
466
[0.09720791]
467
[0.06901453]
468
[0.19636264]
469
[0.07111246]
470
[0.07605691]
471
[0.08430169]
472
[0.13232189]
473
[0.05680238]
474
[0.12921912]
475
[0.11698672]
476
[0.08348124]
477
[0.10854496]
478
[0.09324572]
479
[0.10610478]
480
[0.08148817]
481
[0.08449748]
482
[0.07878142]
483
[0.10105378]
484
[0.11465702]
485
[0.09807443]
486
[0.09101508]
487
[0.11104965]
488
[0.13606952]
489
[0.07224622]
490
[0.05464077]
491
[0.07599302]
492
[0.11450882]
493
[0.07234285]
494
[0.14963623]
495
[0.08308205]
496
[0.12961243]
497
[0.08307695]
498
[0.18567699]
499
[0.09435477]
500
[0.0617419]
501
[0.07920487]
502
[0.1083285]
503
[0.10117925]
504
[0.07110858]
505
[0.07323398]
506
[0.07221479]
507
[0.07405141]
508
[0.09410564]
509
[0.06109916]
510
[0.07932558]
511
[0.09333984]
512
[0.05298337]
513
[0.07707492]
514
[0.07175587]
515
[0.07974935]
516
[0.08844078]
517
[0.0721435]
518
[0.1301888]
519
[0.04881982]
520
[0.15027732]
521
[0.0799048]
522
[0.09728328]
523
[0.07124045]
524
[0.14510992]
525
[0.14570306]
526
[0.0933974]
527
[0.06974902]
528
[0.0699127]
529
[0.06583114]
530
[0.08360139]
531
[0.06461782]
532
[0.09596609]
533
[0.07942873]
534
[0.07774651]
535
[0.11271057]
536
[0.15654096]
537
[0.07428345]
538
[0.08570754]
539
[0.11136597]
540
[0.08663124]
541
[0.07872015]
542
[0.07851792]
543
[0.05913458]
544
[0.08589317]
545
[0.08566394]
546
[0.08928572]
547
[0.07791556]
548
[0.0881103]
549
[0.09772916]
550
[0.09213672]
551
[0.10016852]
552
[0.06699226]
553
[0.12311517]
554
[0.08155619]
555
[0.08149367]
556
[0.09080617]
557
[0.12002883]
558
[0.07936608]
559
[0.09749471]
560
[0.0957314]
561
[0.06588858]
562
[0.07114864]
563
[0.08752487]
564
[0.0755323]
565
[0.09802606]
566
[0.16964232]
567
[0.09225954]
568
[0.0748294]
569
[0.06249166]
570
[0.11688644]
571
[0.08271032]
572
[0.09924958]
573
[0.087876]
574
[0.08476845]
575
[0.07077634]
576
[0.08033995]
577
[0.0798808]
578
[0.09363013]
579
[0.0765976]
580
[0.06270522]
581
[0.08197678]
582
[0.06593458]
583
[0.20213157]
584
[0.0830121]
585
[0.1628704]
586
[0.10897284]
587
[0.0861518]
588
[0.07169244]
589
[0.06851809]
590
[0.11063894]
591
[0.10910564]
592
[0.07484056]
593
[0.09485002]
594
[0.09846337]
595
[0.05912394]
596
[0.09955237]
597
[0.11166852]
598
[0.08711801]
599
[0.07525887]
600
[0.10373854]
601
[0.10436143]
602
[0.1318864]
603
[0.07308657]
604
[0.09964271]
605
[0.08063607]
606
[0.15373303]
607
[0.05845115]
608
[0.05523247]
609
[0.07213796]
610
[0.11513934]
611
[0.12907419]
612
[0.14459672]
613
[0.07292983]
614
[0.06806319]
615
[0.12989248]
616
[0.09024112]
617
[0.07684788]
618
[0.08031385]
619
[0.09208332]
620
[0.0881053]
621
[0.09551657]
622
[0.10582837]
623
[0.11554981]
624
[0.07097628]
625
[0.08580073]
626
[0.14434382]
627
[0.09613142]
628
[0.08821517]
629
[0.08543101]
630
[0.12128945]
631
[0.07748141]
632
[0.05779308]
633
[0.06504293]
634
[0.08012592]
635
[0.18464517]
636
[0.07163789]
637
[0.09073824]
638
[0.09553448]
639
[0.1104819]
640
[0.10306804]
641
[0.09482598]
642
[0.07502922]
643
[0.08611857]
644
[0.11208937]
645
[0.09228714]
646
[0.0908982]
647
[0.06565715]
648
[0.13905049]
649
[0.10152009]
650
[0.107334]
651
[0.06030067]
652
[0.15878096]
653
[0.06677446]
654
[0.08863688]
655
[0.07654121]
656
[0.07172776]
657
[0.08330096]
658
[0.09198529]
659
[0.10824682]
660
[0.12730609]
661
[0.10515326]
662
[0.07474033]
663
[0.07234797]
664
[0.09076712]
665
[0.15358255]
666
[0.08480823]
667
[0.09984727]
668
[0.14539601]
669
[0.07740564]
670
[0.08670935]
671
[0.065606]
672
[0.07574923]
673
[0.16111711]
674
[0.0953264]
675
[0.11767832]
676
[0.07127165]
677
[0.05916154]
678
[0.08126723]
679
[0.07368126]
680
[0.14134329]
681
[0.11558998]
682
[0.0748297]
683
[0.0821245]
684
[0.07476592]
685
[0.06061749]
686
[0.07260429]
687
[0.06905305]
688
[0.097611]
689
[0.07548489]
690
[0.08114883]
691
[0.07928126]
692
[0.16103676]
693
[0.07359463]
694
[0.08324684]
695
[0.06892752]
696
[0.22428401]
697
[0.06777255]
698
[0.11073628]
699
[0.12119082]
700
[0.13712711]
701
[0.04790075]
702
[0.10132077]
703
[0.07423919]
704
[0.15334698]
705
[0.07223447]
706
[0.10304706]
707
[0.07426988]
708
[0.09181416]
709
[0.07541521]
710
[0.09008152]
711
[0.09444613]
712
[0.1192085]
713
[0.06522704]
714
[0.09617567]
715
[0.07100778]
716
[0.07106421]
717
[0.13189352]
718
[0.11222688]
719
[0.07889746]
720
[0.0921673]
721
[0.09704217]
722
[0.09840495]
723
[0.15513681]
724
[0.07589796]
725
[0.12567479]
726
[0.12471539]
727
[0.1552192]
728
[0.06526864]
729
[0.09116387]
730
[0.06486558]
731
[0.08669755]
732
[0.08630666]
733
[0.0487647]
734
[0.0592924]
735
[0.08876811]
736
[0.09394213]
737
[0.11490231]
738
[0.08570319]
739
[0.07904648]
740
[0.10360334]
741
[0.14445263]
742
[0.07737076]
743
[0.10535344]
744
[0.08575159]
745
[0.10671178]
746
[0.10171413]
747
[0.08235825]
748
[0.11694532]
749
[0.08463785]
750
[0.11199028]
751
[0.0910104]
752
[0.10989945]
753
[0.09343673]
754
[0.09856786]
755
[0.06145812]
756
[0.13333273]
757
[0.14040579]
758
[0.10163912]
759
[0.12317373]
760
[0.08905056]
761
[0.08182414]
762
[0.10222998]
763
[0.14547287]
764
[0.18659615]
765
[0.15365477]
766
[0.04554899]
767
[0.08031611]
768
[0.08566666]
769
[0.08657319]
770
[0.06936888]
771
[0.07798673]
772
[0.08344164]
773
[0.07375858]
774
[0.07586106]
775
[0.12321074]
776
[0.06952966]
777
[0.0676258]
778
[0.05655593]
779
[0.07152399]
780
[0.1085901]
781
[0.08823102]
782
[0.06397832]
783
[0.13663871]
784
[0.07883296]
785
[0.18403275]
786
[0.08296459]
787
[0.11327091]
788
[0.12392172]
789
[0.06092651]
790
[0.09097927]
791
[0.13365126]
792
[0.06220953]
793
[0.08376655]
794
[0.06243873]
795
[0.10117947]
796
[0.09601139]
797
[0.09248919]
798
[0.07032989]
799
[0.19662019]
800
[0.07262301]
801
[0.08208159]
802
[0.17648478]
803
[0.09863826]
804
[0.09056994]
805
[0.06755517]
806
[0.07456224]
807
[0.13097622]
808
[0.06979655]
809
[0.08487106]
810
[0.07843756]
811
[0.07617377]
812
[0.11173773]
813
[0.06740617]
814
[0.08507238]
815
[0.07461306]
816
[0.16375247]
817
[0.05564004]
818
[0.11172052]
819
[0.07840062]
820
[0.08480906]
821
[0.10737915]
822
[0.16410745]
823
[0.10316936]
824
[0.08853189]
825
[0.11324196]
826
[0.06807933]
827
[0.11503518]
828
[0.07699392]
829
[0.16178215]
830
[0.12015376]
831
[0.16211462]
832
[0.07461026]
833
[0.14676987]
834
[0.1000424]
835
[0.09285962]
836
[0.06761272]
837
[0.06296106]
838
[0.0791374]
839
[0.09443984]
840
[0.15354382]
841
[0.12883733]
842
[0.08859402]
843
[0.07294072]
844
[0.07410728]
845
[0.08604953]
846
[0.09097029]
847
[0.06833576]
848
[0.09404558]
849
[0.09665895]
850
[0.05400876]
851
[0.13522529]
852
[0.15886857]
853
[0.09933764]
854
[0.13620328]
855
[0.05950451]
856
[0.09261975]
857
[0.07950579]
858
[0.12002145]
859
[0.11078729]
860
[0.10509614]
861
[0.09528371]
862
[0.07543082]
863
[0.10674951]
864
[0.14828162]
865
[0.07013423]
866
[0.09615817]
867
[0.09866194]
868
[0.08089419]
869
[0.07759646]
870
[0.1029136]
871
[0.07162934]
872
[0.09327547]
873
[0.07625828]
874
[0.17566369]
875
[0.12523955]
876
[0.10384558]
877
[0.12290891]
878
[0.11187304]
879
[0.08338461]
880
[0.08857234]
881
[0.10737806]
882
[0.13925796]
883
[0.07557352]
884
[0.06746785]
885
[0.13411786]
886
[0.11444285]
887
[0.09699637]
888
[0.12638532]
889
[0.08331252]
890
[0.07340652]
891
[0.07294135]
892
[0.08304837]
893
[0.09565211]
894
[0.07670159]
895
[0.12291984]
896
[0.14194606]
897
[0.06383119]
898
[0.11009918]
899
[0.10724901]
900
[0.09993812]
901
[0.09107299]
902
[0.06751207]
903
[0.14002721]
904
[0.09081753]
905
[0.1001095]
906
[0.12723752]
907
[0.09439601]
908
[0.0552842]
909
[0.15779298]
910
[0.07294832]
911
[0.12923216]
912
[0.10406815]
913
[0.15291122]
914
[0.13443878]
915
[0.15921091]
916
[0.13248173]
917
[0.10235096]
918
[0.09471104]
919
[0.04773534]
920
[0.08264182]
921
[0.06093828]
922
[0.08101002]
923
[0.11878649]
924
[0.05690305]
925
[0.11597283]
926
[0.15111698]
927
[0.10392911]
928
[0.09038473]
929
[0.08693301]
930
[0.10938705]
931
[0.07958113]
932
[0.10840389]
933
[0.12943759]
934
[0.07306355]
935
[0.05913175]
936
[0.09769041]
937
[0.09829658]
938
[0.11011591]
939
[0.09218949]
940
[0.09867762]
941
[0.07582003]
942
[0.06545305]
943
[0.06320052]
944
[0.09586296]
945
[0.06394894]
946
[0.08405599]
947
[0.08556835]
948
[0.11671771]
949
[0.06517715]
950
[0.11681957]
951
[0.08609563]
952
[0.1612321]
953
[0.14192804]
954
[0.08357411]
955
[0.09737738]
956
[0.07729912]
957
[0.08779827]
958
[0.08738178]
959
[0.08640199]
960
[0.08621327]
961
[0.109218]
962
[0.1127081]
963
[0.12332156]
964
[0.06791747]
965
[0.0911075]
966
[0.08192587]
967
[0.10113324]
968
[0.13216685]
969
[0.1016002]
970
[0.10325395]
971
[0.06239067]
972
[0.07249231]
973
[0.09242698]
974
[0.08301109]
975
[0.11068035]
976
[0.09536427]
977
[0.09449948]
978
[0.09089446]
979
[0.08327829]
980
[0.07583709]
981
[0.06918347]
982
[0.105582]
983
[0.12217123]
984
[0.10958107]
985
[0.08124495]
986
[0.06183946]
987
[0.07525376]
988
[0.08546009]
989
[0.08324658]
990
[0.0949364]
991
[0.13294608]
992
[0.09533093]
993
[0.08065917]
994
[0.12894837]
995
[0.12303761]
996
[0.07138919]
997
[0.0892006]
998
[0.1246398]
999
[0.07850073]
1000
[0.07445364]
1001
[0.11798541]
1002
[0.08246245]
1003
[0.07043452]
1004
[0.07750873]
1005
[0.06379218]
1006
[0.08066639]
1007
[0.16564244]
1008
[0.06894245]
1009
[0.07769055]
1010
[0.07789393]
1011
[0.07798549]
1012
[0.10185058]
1013
[0.08262518]
1014
[0.05931071]
1015
[0.08896256]
1016
[0.08355926]
1017
[0.10084214]
1018
[0.08829729]
1019
[0.12221916]
1020
[0.10896763]
1021
[0.09410778]
1022
[0.06553557]
1023
[0.0760127]
1024
[0.09691244]
1025
[0.08506844]
1026
[0.09079659]
1027
[0.075661]
1028
[0.09516927]
1029
[0.07171431]
1030
[0.09997371]
1031
[0.10564039]
1032
[0.06117489]
1033
[0.08162566]
1034
[0.11536738]
1035
[0.07056495]
1036
[0.07592745]
1037
[0.11373473]
1038
[0.05372909]
1039
[0.09761417]
1040
[0.04543483]
1041
[0.0622555]
1042
[0.08247188]
1043
[0.08123794]
1044
[0.10261445]
1045
[0.09122947]
1046
[0.0758064]
1047
[0.07322328]
1048
[0.09642346]
1049
[0.09071202]
1050
[0.1147355]
1051
[0.10791457]
1052
[0.10600863]
1053
[0.09842617]
1054
[0.05086281]
1055
[0.08009323]
1056
[0.07590112]
1057
[0.08752261]
1058
[0.06901593]
1059
[0.08163536]
1060
[0.18171287]
1061
[0.10484991]
1062
[0.1351066]
1063
[0.07653024]
1064
[0.08526659]
1065
[0.08062961]
1066
[0.12687592]
1067
[0.10431221]
1068
[0.09517765]
1069
[0.08229576]
1070
[0.07983624]
1071
[0.08063726]
1072
[0.07644834]
1073
[0.0754565]
1074
[0.08645133]
1075
[0.0932913]
1076
[0.09540277]
1077
[0.07450722]
1078
[0.1172623]
1079
[0.09014865]
1080
[0.10260769]
1081
[0.05692205]
1082
[0.10164559]
1083
[0.0788354]
1084
[0.13272852]
1085
[0.10187682]
1086
[0.0869681]
1087
[0.06278028]
1088
[0.08990077]
1089
[0.10662581]
1090
[0.08059533]
1091
[0.07654899]
1092
[0.18377964]
1093
[0.06951884]
1094
[0.08058859]
1095
[0.08561084]
1096
[0.10346802]
1097
[0.15348726]
1098
[0.09022352]
1099
[0.11589642]
1100
[0.11967951]
1101
[0.0751336]
1102
[0.07905075]
1103
[0.06460493]
1104
[0.10659419]
1105
[0.17388828]
1106
[0.06280488]
1107
[0.08445244]
1108
[0.07139667]
1109
[0.13946691]
1110
[0.07566568]
1111
[0.0806717]
1112
[0.07667838]
1113
[0.0840835]
1114
[0.08445594]
1115
[0.04311319]
1116
[0.10137819]
1117
[0.07436969]
1118
[0.0753595]
1119
[0.08763209]
1120
[0.07693471]
1121
[0.11731748]
1122
[0.05972779]
1123
[0.08636204]
1124
[0.08708834]
1125
[0.08253702]
1126
[0.07419818]
1127
[0.08002687]
1128
[0.13961328]
1129
[0.09594522]
1130
[0.11875334]
1131
[0.06874886]
1132
[0.09026373]
1133
[0.11962955]
1134
[0.08509007]
1135
[0.07812928]
1136
[0.077329]
1137
[0.06765101]
1138
[0.09139444]
1139
[0.15569715]
1140
[0.07528273]
1141
[0.10064314]
1142
[0.08402031]
1143
[0.07224637]
1144
[0.0709947]
1145
[0.09368579]
1146
[0.12734588]
1147
[0.08340529]
1148
[0.08979267]
1149
[0.07028151]
1150
[0.10185294]
1151
[0.10057632]
1152
[0.09042718]
1153
[0.1213604]
1154
[0.05951092]
1155
[0.12230028]
1156
[0.0615906]
1157
[0.10788911]
1158
[0.08048071]
1159
[0.08474974]
1160
[0.17130216]
1161
[0.14450509]
1162
[0.0792183]
1163
[0.12240065]
1164
[0.07492283]
1165
[0.07306457]
1166
[0.13877522]
1167
[0.08173399]
1168
[0.08860168]
1169
[0.08545313]
1170
[0.08188899]
1171
[0.07959747]
1172
[0.06058241]
1173
[0.1175792]
1174
[0.07516158]
1175
[0.1368572]
1176
[0.08348279]
1177
[0.10328863]
1178
[0.1008561]
1179
[0.07211688]
1180
[0.09361988]
1181
[0.11017712]
1182
[0.11051503]
1183
[0.11305072]
1184
[0.07580969]
1185
[0.05496728]
1186
[0.12307243]
1187
[0.1148206]
1188
[0.06857892]
1189
[0.07985849]
1190
[0.05822114]
1191
[0.07726154]
1192
[0.08841586]
1193
[0.06606521]
1194
[0.06748476]
1195
[0.10609172]
1196
[0.08168452]
1197
[0.1002341]
1198
[0.11300604]
1199
[0.08813877]
1200
[0.08531201]
1201
[0.07776196]
1202
[0.07713934]
1203
[0.09245652]
1204
[0.10186065]
1205
[0.16383207]
1206
[0.1093332]
1207
[0.07730455]
1208
[0.0456052]
1209
[0.08425586]
1210
[0.09167727]
1211
[0.07582516]
1212
[0.080004]
1213
[0.0784507]
1214
[0.05969314]
1215
[0.10335004]
1216
[0.08076233]
1217
[0.09644856]
1218
[0.07706405]
1219
[0.12931407]
1220
[0.07911278]
1221
[0.07555966]
1222
[0.10265234]
1223
[0.06640454]
1224
[0.1282061]
1225
[0.07649602]
1226
[0.06491427]
1227
[0.10079713]
1228
[0.10536227]
1229
[0.12056436]
1230
[0.0889402]
1231
[0.05192186]
1232
[0.0752484]
1233
[0.09886087]
1234
[0.0747534]
1235
[0.06854425]
1236
[0.11298693]
1237
[0.07246466]
1238
[0.06652905]
1239
[0.07346001]
1240
[0.08779781]
1241
[0.0741762]
1242
[0.0677616]
1243
[0.13233265]
1244
[0.09795206]
1245
[0.08738981]
1246
[0.08332852]
1247
[0.07415579]
1248
[0.16643138]
1249
[0.06029702]
1250
[0.08095375]
1251
[0.11051476]
1252
[0.09349208]
1253
[0.11033173]
1254
[0.09545631]
1255
[0.071757]
1256
[0.11061089]
1257
[0.09019574]
1258
[0.10611657]
1259
[0.08451739]
1260
[0.06539133]
1261
[0.08612418]
1262
[0.09671325]
1263
[0.06105618]
1264
[0.08225759]
1265
[0.07103744]
1266
[0.11012591]
1267
[0.11460504]
1268
[0.06807958]
1269
[0.0715469]
1270
[0.10557751]
1271
[0.10660323]
1272
[0.12939456]
1273
[0.03760629]
1274
[0.07760759]
1275
[0.07862558]
1276
[0.08147313]
1277
[0.08834241]
1278
[0.1217998]
1279
[0.08514222]
1280
[0.10059025]
1281
[0.09583841]
1282
[0.10425258]
1283
[0.07840255]
1284
[0.08222706]
1285
[0.09288359]
1286
[0.0698451]
1287
[0.08013955]
1288
[0.07032314]
1289
[0.09227865]
1290
[0.095771]
1291
[0.10327243]
1292
[0.0853789]
1293
[0.08662257]
1294
[0.0372212]
1295
[0.08054019]
1296
[0.1014943]
1297
[0.09206556]
1298
[0.09263547]
1299
[0.08873269]
1300
[0.12297375]
1301
[0.1438061]
1302
[0.08687223]
1303
[0.08672857]
1304
[0.05723294]
1305
[0.09090526]
1306
[0.12100213]
1307
[0.12210269]
1308
[0.11075354]
1309
[0.08091441]
1310
[0.08343743]
1311
[0.08221089]
1312
[0.10719943]
1313
[0.14302765]
1314
[0.06649099]
1315
[0.07727243]
1316
[0.08488472]
1317
[0.08201966]
1318
[0.16049542]
1319
[0.05957321]
1320
[0.06112431]
1321
[0.1417808]
1322
[0.0915255]
1323
[0.06436089]
1324
[0.12767831]
1325
[0.14080985]
1326
[0.07780204]
1327
[0.08030339]
1328
[0.05526345]
1329
[0.08743156]
1330
[0.08748595]
1331
[0.08218048]
1332
[0.08317946]
1333
[0.08835385]
1334
[0.16406013]
1335
[0.07395261]
1336
[0.09379291]
1337
[0.12912088]
1338
[0.14364671]
1339
[0.05904294]
1340
[0.08483802]
1341
[0.08407245]
1342
[0.10106202]
1343
[0.06923263]
1344
[0.14809271]
1345
[0.10536432]
1346
[0.0794526]
1347
[0.08149937]
1348
[0.13186399]
1349
[0.08285028]
1350
[0.08312795]
1351
[0.0494994]
1352
[0.05952262]
1353
[0.06210763]
1354
[0.10053229]
1355
[0.09975055]
1356
[0.05253719]
1357
[0.08533665]
1358
[0.16462407]
1359
[0.06537053]
1360
[0.06680935]
1361
[0.14380364]
1362
[0.07452719]
1363
[0.10854175]
1364
[0.0742078]
1365
[0.08129095]
1366
[0.12673717]
1367
[0.08085324]
1368
[0.06614974]
1369
[0.07563518]
1370
[0.08273215]
1371
[0.07107845]
1372
[0.06207786]
1373
[0.07371509]
1374
[0.07982353]
1375
[0.10449843]
1376
[0.06664125]
1377
[0.08015404]
1378
[0.08375116]
1379
[0.07533362]
1380
[0.0698451]
1381
[0.0757283]
1382
[0.09874724]
1383
[0.07946205]
1384
[0.080687]
1385
[0.09829688]
1386
[0.1198744]
1387
[0.12167966]
1388
[0.09841578]
1389
[0.0791554]
1390
[0.08537678]
1391
[0.13511068]
1392
[0.07652996]
1393
[0.13310051]
1394
[0.07411524]
1395
[0.08587023]
1396
[0.08840344]
1397
[0.06594369]
1398
[0.12934547]
1399
[0.10078491]
1400
[0.13870613]
1401
[0.0984229]
1402
[0.08233594]
1403
[0.07011605]
1404
[0.08945426]
1405
[0.09057694]
1406
[0.07459498]
1407
[0.08732274]
1408
[0.11702885]
1409
[0.19179025]
1410
[0.09086478]
1411
[0.12818454]
1412
[0.10030685]
1413
[0.08773086]
1414
[0.07205309]
1415
[0.10493137]
1416
[0.08546097]
1417
[0.07701188]
1418
[0.06145331]
1419
[0.07258805]
1420
[0.07033722]
1421
[0.1372656]
1422
[0.16900606]
1423
[0.06898446]
1424
[0.10441993]
1425
[0.10251427]
1426
[0.07374921]
1427
[0.07082397]
1428
[0.1135454]
1429
[0.06976739]
1430
[0.08655141]
1431
[0.14968214]
1432
[0.08005818]
1433
[0.05904765]
1434
[0.10387539]
1435
[0.12805213]
1436
[0.09336179]
1437
[0.05771305]
1438
[0.07824333]
1439
[0.074506]
1440
[0.15243533]
1441
[0.05373055]
1442
[0.06934423]
1443
[0.08017963]
1444
[0.125181]
1445
[0.07332645]
1446
[0.03013089]
1447
[0.10792797]
1448
[0.11634054]
1449
[0.11314189]
1450
[0.15583469]
1451
[0.10361592]
1452
[0.07411904]
1453
[0.06304658]
1454
[0.08113088]
1455
[0.08478914]
1456
[0.0974783]
1457
[0.05333256]
1458
[0.11597072]
1459
[0.08778793]
1460
[0.08944485]
1461
[0.10116939]
1462
[0.11968337]
1463
[0.07532744]
1464
[0.06961048]
1465
[0.05978502]
1466
[0.05863888]
1467
[0.15748577]
1468
[0.13540629]
1469
[0.0670795]
1470
[0.16497143]
1471
[0.05766414]
1472
[0.18629459]
1473
[0.15657683]
1474
[0.09880122]
1475
[0.08194955]
1476
[0.08084499]
1477
[0.03565724]
1478
[0.07936807]
1479
[0.08254151]
1480
[0.07969212]
1481
[0.13373972]
1482
[0.0760151]
1483
[0.06232522]
1484
[0.06882564]
1485
[0.10040804]
1486
[0.09276982]
1487
[0.09891518]
1488
[0.19885208]
1489
[0.07578222]
1490
[0.10392195]
1491
[0.07503307]
1492
[0.0798887]
1493
[0.07136758]
1494
[0.07428096]
1495
[0.09883256]
1496
[0.11821297]
1497
[0.08259732]
1498
[0.06830715]
1499
[0.09976022]
1500
[0.11211313]
1501
[0.06360957]
1502
[0.10376229]
1503
[0.05732706]
1504
[0.05565521]
1505
[0.06468629]
1506
[0.07006975]
1507
[0.12133928]
1508
[0.07471971]
1509
[0.07184396]
1510
[0.08288399]
1511
[0.07624615]
1512
[0.12093155]
1513
[0.09594024]
1514
[0.19379599]
1515
[0.07124288]
1516
[0.05810973]
1517
[0.05740701]
1518
[0.0893985]
1519
[0.07071448]
1520
[0.08314828]
1521
[0.07645698]
1522
[0.06595909]
1523
[0.09710892]
1524
[0.12796628]
1525
[0.08684472]
1526
[0.09398005]
1527
[0.17471809]
1528
[0.09081346]
1529
[0.07860707]
1530
[0.07602959]
1531
[0.08848043]
1532
[0.06377741]
1533
[0.11014831]
1534
[0.10194501]
1535
[0.05202002]
1536
[0.11934]
1537
[0.07551268]
1538
[0.18331167]
1539
[0.10458796]
1540
[0.14495558]
1541
[0.07004851]
1542
[0.07821718]
1543
[0.03600404]
1544
[0.08689697]
1545
[0.09250102]
1546
[0.11338597]
1547
[0.0870675]
1548
[0.07815084]
1549
[0.11220788]
1550
[0.1153568]
1551
[0.07392062]
1552
[0.09806134]
1553
[0.0677783]
1554
[0.17227567]
1555
[0.05396977]
1556
[0.0690239]
1557
[0.1034769]
1558
[0.07800867]
1559
[0.07841659]
1560
[0.08770642]
1561
[0.12321581]
1562
[0.095194]
1563
[0.08935332]
1564
[0.08634565]
1565
[0.1023857]
1566
[0.08143277]
1567
[0.0624841]
1568
[0.11942467]
1569
[0.10620955]
1570
[0.06268224]
1571
[0.05336597]
1572
[0.09231155]
1573
[0.06180803]
1574
[0.06366016]
1575
[0.10742323]
1576
[0.05837145]
1577
[0.08074278]
1578
[0.10109731]
1579
[0.14092699]
1580
[0.05730847]
1581
[0.08500791]
1582
[0.07619063]
1583
[0.13168381]
1584
[0.09086354]
1585
[0.09467909]
1586
[0.09611605]
1587
[0.05578702]
1588
[0.07621064]
1589
[0.08572528]
1590
[0.09506063]
1591
[0.07790468]
1592
[0.07899886]
1593
[0.0861939]
1594
[0.09438014]
1595
[0.07910692]
1596
[0.10149823]
1597
[0.09871526]
1598
[0.07910813]
1599
[0.09742699]
1600
[0.07669031]
1601
[0.0896363]
1602
[0.13241275]
1603
[0.10454099]
1604
[0.10004217]
1605
[0.12327836]
1606
[0.0923034]
1607
[0.13507575]
1608
[0.0762214]
1609
[0.1400376]
1610
[0.12703723]
1611
[0.07834845]
1612
[0.06883681]
1613
[0.08419632]
1614
[0.06598644]
1615
[0.1387827]
1616
[0.0768093]
1617
[0.06030953]
1618
[0.1228311]
1619
[0.1037543]
1620
[0.09725403]
1621
[0.0557156]
1622
[0.0907179]
1623
[0.12744491]
1624
[0.12780665]
1625
[0.13520252]
1626
[0.09220394]
1627
[0.16751541]
1628
[0.14667307]
1629
[0.11348666]
1630
[0.07191383]
1631
[0.09725403]
1632
[0.08364535]
1633
[0.07945917]
1634
[0.07912658]
1635
[0.08147313]
1636
[0.14468603]
1637
[0.07416188]
1638
[0.07887327]
1639
[0.08225256]
1640
[0.07166219]
1641
[0.08230371]
1642
[0.0726559]
1643
[0.0724493]
1644
[0.08894829]
1645
[0.07336036]
1646
[0.10938771]
1647
[0.09554214]
1648
[0.12082986]
1649
[0.11645654]
1650
[0.07357714]
1651
[0.08571767]
1652
[0.10070635]
1653
[0.07937755]
1654
[0.11555396]
1655
[0.08346286]
1656
[0.07550419]
1657
[0.07624161]
1658
[0.07504276]
1659
[0.06942687]
1660
[0.06119155]
1661
[0.09763558]
1662
[0.08924867]
1663
[0.12393389]
1664
[0.07498219]
1665
[0.09738728]
1666
[0.11015787]
1667
[0.0738288]
1668
[0.08218479]
1669
[0.11814544]
1670
[0.08259541]
1671
[0.1066407]
1672
[0.08572176]
1673
[0.13128596]
1674
[0.11715429]
1675
[0.0746157]
1676
[0.06294872]
1677
[0.12069602]
1678
[0.04864734]
1679
[0.07486688]
1680
[0.07992231]
1681
[0.06587321]
1682
[0.07554022]
1683
[0.07002371]
1684
[0.10215116]
1685
[0.08190763]
1686
[0.04716883]
1687
[0.1447233]
1688
[0.10488496]
1689
[0.1001849]
1690
[0.07674633]
1691
[0.07612255]
1692
[0.09482363]
1693
[0.07917098]
1694
[0.0815747]
1695
[0.09343705]
1696
[0.05926471]
1697
[0.15944554]
1698
[0.10050793]
1699
[0.07331945]
1700
[0.17010555]
1701
[0.07171365]
1702
[0.10028599]
1703
[0.06764913]
1704
[0.07985449]
1705
[0.06457469]
1706
[0.06059048]
1707
[0.08603974]
1708
[0.12615644]
1709
[0.05826807]
1710
[0.08073463]
1711
[0.07478295]
1712
[0.1173424]
1713
[0.07530807]
1714
[0.16974397]
1715
[0.09679261]
1716
[0.1295628]
1717
[0.08772863]
1718
[0.07144685]
1719
[0.07470605]
1720
[0.05255783]
1721
[0.09345438]
1722
[0.05906581]
1723
[0.06594642]
1724
[0.11175216]
1725
[0.08965186]
1726
[0.09191104]
1727
[0.09610308]
1728
[0.05845987]
1729
[0.07376971]
1730
[0.08899225]
1731
[0.08208188]
1732
[0.05421288]
1733
[0.10387327]
1734
[0.08836303]
1735
[0.09638315]
1736
[0.14023695]
1737
[0.08207508]
1738
[0.12860577]
1739
[0.06236994]
1740
[0.0773718]
1741
[0.10577439]
1742
[0.16769401]
1743
[0.12882043]
1744
[0.13167241]
1745
[0.08029113]
1746
[0.10339028]
1747
[0.11054321]
1748
[0.08237264]
1749
[0.15984714]
1750
[0.08792334]
1751
[0.07715284]
1752
[0.12849823]
1753
[0.1203038]
1754
[0.09206776]
1755
[0.08281946]
1756
[0.11135291]
1757
[0.06167049]
1758
[0.10980754]
1759
[0.10822555]
1760
[0.10859767]
1761
[0.10187791]
1762
[0.11307826]
1763
[0.077262]
1764
[0.06164463]
1765
[0.09094157]
1766
[0.0781025]
1767
[0.07302775]
1768
[0.12280252]
1769
[0.08049461]
1770
[0.0730842]
1771
[0.096448]
1772
[0.07674646]
1773
[0.06898352]
1774
[0.07371581]
1775
[0.0736351]
1776
[0.11500357]
1777
[0.07315747]
1778
[0.10291973]
1779
[0.13874226]
1780
[0.09529797]
1781
[0.14840541]
1782
[0.07067568]
1783
[0.0712729]
1784
[0.13329568]
1785
[0.11704901]
1786
[0.07284419]
1787
[0.10221702]
1788
[0.06597111]
1789
[0.10496832]
1790
[0.07952771]
1791
[0.09394753]
1792
[0.14186608]
1793
[0.10760908]
1794
[0.0928663]
1795
[0.08477467]
1796
[0.0838136]
1797
[0.08000464]
1798
[0.13012627]
1799
[0.09857833]
1800
[0.08840491]
1801
[0.15531672]
1802
[0.13398739]
1803
[0.10443789]
1804
[0.1034294]
1805
[0.05379774]
1806
[0.08310741]
1807
[0.08882678]
1808
[0.05957495]
1809
[0.07337509]
1810
[0.10137399]
1811
[0.06782547]
1812
[0.12024978]
1813
[0.06473687]
1814
[0.06887794]
1815
[0.10215108]
1816
[0.09440499]
1817
[0.06126197]
1818
[0.07835866]
1819
[0.07787611]
1820
[0.10296039]
1821
[0.07493201]
1822
[0.07941422]
1823
[0.09559288]
1824
[0.14083734]
1825
[0.04953742]
1826
[0.09920558]
1827
[0.04978306]
1828
[0.12790178]
1829
[0.10020207]
1830
[0.08051133]
1831
[0.12292212]
1832
[0.0639481]
1833
[0.1250424]
1834
[0.15028768]
1835
[0.10688723]
1836
[0.09135984]
1837
[0.05436743]
1838
[0.0764736]
1839
[0.09496922]
1840
[0.10497974]
1841
[0.07631611]
1842
[0.10329335]
1843
[0.1260785]
1844
[0.09448304]
1845
[0.12786008]
1846
[0.08382412]
1847
[0.08369908]
1848
[0.07477409]
1849
[0.06331818]
1850
[0.09922434]
1851
[0.08142214]
1852
[0.05762216]
1853
[0.08550204]
1854
[0.09207394]
1855
[0.10976344]
1856
[0.20232273]
1857
[0.07064325]
1858
[0.07400828]
1859
[0.08342357]
1860
[0.08454184]
1861
[0.12086168]
1862
[0.07661554]
1863
[0.12194721]
1864
[0.06641399]
1865
[0.11749344]
1866
[0.08769596]
1867
[0.12916589]
1868
[0.1243712]
1869
[0.07813153]
1870
[0.03994446]
1871
[0.11855417]
1872
[0.08013427]
1873
[0.13863108]
1874
[0.18569144]
1875
[0.08297334]
1876
[0.06328093]
1877
[0.13102396]
1878
[0.10282803]
1879
[0.09431647]
1880
[0.07648969]
1881
[0.08723157]
1882
[0.14953405]
1883
[0.09671097]
1884
[0.05690908]
1885
[0.15238831]
1886
[0.11125486]
1887
[0.07542946]
1888
[0.09600958]
1889
[0.17866887]
1890
[0.08474612]
1891
[0.06319405]
1892
[0.06641892]
1893
[0.11835908]
1894
[0.07205847]
1895
[0.06384475]
1896
[0.08508187]
1897
[0.14883485]
1898
[0.06325854]
1899
[0.09826472]
1900
[0.0832397]
1901
[0.06720803]
1902
[0.11559198]
1903
[0.11945526]
1904
[0.09341339]
1905
[0.08418486]
1906
[0.08770982]
1907
[0.09812634]
1908
[0.10341306]
1909
[0.08573028]
1910
[0.08230371]
1911
[0.09651344]
1912
[0.0979611]
1913
[0.14764635]
1914
[0.07841094]
1915
[0.04134751]
1916
[0.08022952]
1917
[0.07038043]
1918
[0.1138655]
1919
[0.11773526]
1920
[0.05830235]
1921
[0.11846221]
1922
[0.08574629]
1923
[0.19261787]
1924
[0.0885344]
1925
[0.07702062]
1926
[0.09806916]
1927
[0.09996257]
1928
[0.07578092]
1929
[0.08562513]
1930
[0.08735868]
1931
[0.07310071]
1932
[0.07145014]
1933
[0.12555923]
1934
[0.09270089]
1935
[0.0604434]
1936
[0.07467803]
1937
[0.07427513]
1938
[0.10350507]
1939
[0.14656712]
1940
[0.08641159]
1941
[0.11021441]
1942
[0.2052035]
1943
[0.14142398]
1944
[0.1101138]
1945
[0.06118876]
1946
[0.05285206]
1947
[0.12747091]
1948
[0.0623431]
1949
[0.07136788]
1950
[0.08913433]
1951
[0.10949736]
1952
[0.09227059]
1953
[0.0816388]
1954
[0.08356982]
1955
[0.07796885]
1956
[0.09449113]
1957
[0.08152667]
1958
[0.05145243]
1959
[0.08445355]
1960
[0.09628993]
1961
[0.06303599]
1962
[0.085626]
1963
[0.07674018]
1964
[0.14708844]
1965
[0.07797595]
1966
[0.03974868]
1967
[0.08962209]
1968
[0.08454528]
1969
[0.07788844]
1970
[0.07049267]
1971
[0.08016812]
1972
[0.07805137]
1973
[0.08956838]
1974
[0.09602334]
1975
[0.11469766]
1976
[0.1054439]
1977
[0.06897058]
1978
[0.0905972]
1979
[0.0769493]
1980
[0.07306378]
1981
[0.10579644]
1982
[0.09564663]
1983
[0.12293373]
1984
[0.07452618]
1985
[0.07412328]
1986
[0.10824491]
1987
[0.09146]
1988
[0.10504899]
1989
[0.10578307]
1990
[0.10769119]
1991
[0.06042056]
1992
[0.09859894]
1993
[0.08319192]
1994
[0.06615344]
1995
[0.05652554]
1996
[0.06840347]
1997
[0.07785496]
1998
[0.10218712]
1999
[0.1225039]
2000
[0.12545229]
2001
[0.07417294]
2002
[0.08359166]
2003
[0.07634001]
2004
[0.02590805]
2005
[0.1394206]
2006
[0.10256657]
2007
[0.12351274]
2008
[0.10192556]
2009
[0.07866809]
2010
[0.07490156]
2011
[0.09582597]
2012
[0.07820158]
2013
[0.07296764]
2014
[0.10173911]
2015
[0.0847878]
2016
[0.09037683]
2017
[0.09595123]
2018
[0.09485979]
2019
[0.12209193]
2020
[0.116501]
2021
[0.11434863]
2022
[0.12356282]
2023
[0.0743666]
2024
[0.05533393]
2025
[0.13035909]
2026
[0.11277372]
2027
[0.06852927]
2028
[0.12988482]
2029
[0.07319457]
2030
[0.11289293]
2031
[0.07585414]
2032
[0.0620019]
2033
[0.07984127]
2034
[0.07757536]
2035
[0.05322718]
2036
[0.09259297]
2037
[0.09503226]
2038
[0.07032888]
2039
[0.17514924]
2040
[0.07339887]
2041
[0.09265622]
2042
[0.08448081]
2043
[0.08082418]
2044
[0.14709364]
2045
[0.04997742]
2046
[0.09051754]
2047
[0.07834577]
2048
[0.16383662]
2049
[0.11197046]
2050
[0.03025559]
2051
[0.08413523]
2052
[0.08584949]
2053
[0.07930604]
2054
[0.08744129]
2055
[0.08389497]
2056
[0.05717872]
2057
[0.07590758]
2058
[0.08033247]
2059
[0.07813332]
2060
[0.07341195]
2061
[0.09977711]
2062
[0.10931474]
2063
[0.07354486]
2064
[0.09709984]
2065
[0.17902865]
2066
[0.08935285]
2067
[0.10023586]
2068
[0.10961902]
2069
[0.07245537]
2070
[0.18754007]
2071
[0.0755528]
2072
[0.08207397]
2073
[0.12372945]
2074
[0.2265269]
2075
[0.1285387]
2076
[0.08560496]
2077
[0.08498064]
2078
[0.16145625]
2079
[0.07630818]
2080
[0.12699305]
2081
[0.07492236]
2082
[0.09125386]
2083
[0.07685798]
2084
[0.07611681]
2085
[0.11117281]
2086
[0.10234749]
2087
[0.08293549]
2088
[0.06499308]
2089
[0.09412883]
2090
[0.08197325]
2091
[0.08179813]
2092
[0.03216448]
2093
[0.1110842]
2094
[0.08372258]
2095
[0.06352505]
2096
[0.06404321]
2097
[0.15264672]
2098
[0.08777994]
2099
[0.10331704]
2100
[0.07601049]
2101
[0.06630767]
2102
[0.06608472]
2103
[0.07581578]
2104
[0.06030465]
2105
[0.10420426]
2106
[0.12492296]
2107
[0.09210223]
2108
[0.07293901]
2109
[0.06961969]
2110
[0.12380817]
2111
[0.08014587]
2112
[0.07783786]
2113
[0.08670653]
2114
[0.04923833]
2115
[0.11693991]
2116
[0.06438717]
2117
[0.07256738]
2118
[0.12824003]
2119
[0.06106904]
2120
[0.09131322]
2121
[0.11574274]
2122
[0.07831094]
2123
[0.09501984]
2124
[0.06403109]
2125
[0.07838607]
2126
[0.08255967]
2127
[0.07045957]
2128
[0.08124173]
2129
[0.08636528]
2130
[0.02827237]
2131
[0.05975751]
2132
[0.12360063]
2133
[0.05669087]
2134
[0.07412291]
2135
[0.09395512]
2136
[0.16044163]
2137
[0.09012207]
2138
[0.08737883]
2139
[0.12167361]
2140
[0.09652351]
2141
[0.09357325]
2142
[0.08208637]
2143
[0.16946248]
2144
[0.06905458]
2145
[0.02966061]
2146
[0.05310643]
2147
[0.10953813]
2148
[0.12469684]
2149
[0.06279817]
2150
[0.08702327]
2151
[0.11549295]
2152
[0.10639034]
2153
[0.12149383]
2154
[0.09020084]
2155
[0.09695325]
2156
[0.06277028]
2157
[0.09011896]
2158
[0.08045443]
2159
[0.11876611]
2160
[0.08272757]
2161
[0.08962995]
2162
[0.15183324]
2163
[0.08256484]
2164
[0.07406942]
2165
[0.05958592]
2166
[0.15758722]
2167
[0.07077311]
2168
[0.09358292]
2169
[0.11022551]
2170
[0.15676342]
2171
[0.06401695]
2172
[0.06026522]
2173
[0.14480194]
2174
[0.0874688]
2175
[0.07872741]
2176
[0.08237445]
2177
[0.091769]
2178
[0.08325701]
2179
[0.10763981]
2180
[0.06060688]
2181
[0.08435254]
2182
[0.08668757]
2183
[0.12702382]
2184
[0.07452671]
2185
[0.07978826]
2186
[0.07769047]
2187
[0.07285272]
2188
[0.1115041]
2189
[0.06503181]
2190
[0.06645617]
2191
[0.09710658]
2192
[0.08322688]
2193
[0.12893328]
2194
[0.06442946]
2195
[0.07913863]
2196
[0.0950069]
2197
[0.05771702]
2198
[0.08765527]
2199
[0.12851975]
2200
[0.11330456]
2201
[0.1030691]
2202
[0.083657]
2203
[0.09460701]
2204
[0.08154671]
2205
[0.05899334]
2206
[0.0749642]
2207
[0.08379524]
2208
[0.15062178]
2209
[0.1379052]
2210
[0.06975485]
2211
[0.09303408]
2212
[0.07677941]
2213
[0.10814185]
2214
[0.08879556]
2215
[0.07326666]
2216
[0.10271897]
2217
[0.07042726]
2218
[0.11368383]
2219
[0.08664371]
2220
[0.07708488]
2221
[0.08065871]
2222
[0.07930002]
2223
[0.08509179]
2224
[0.09632388]
2225
[0.06131215]
2226
[0.11818138]
2227
[0.10626754]
2228
[0.07675954]
2229
[0.10922895]
2230
[0.07581333]
2231
[0.09813346]
2232
[0.08420439]
2233
[0.11671733]
2234
[0.06543735]
2235
[0.08240527]
2236
[0.07309202]
2237
[0.08107001]
2238
[0.08585324]
2239
[0.15903984]
2240
[0.1288678]
2241
[0.07539544]
2242
[0.09666565]
2243
[0.07600128]
2244
[0.10156806]
2245
[0.0919051]
2246
[0.07920528]
2247
[0.06890944]
2248
[0.07145647]
2249
[0.08078102]
2250
[0.07600014]
2251
[0.0583302]
2252
[0.13011911]
2253
[0.07740373]
2254
[0.14572817]
2255
[0.08193336]
2256
[0.08898903]
2257
[0.07560469]
2258
[0.07954623]
2259
[0.07199014]
2260
[0.0563514]
2261
[0.06989036]
2262
[0.11202077]
2263
[0.07062778]
2264
[0.09659419]
2265
[0.1514321]
2266
[0.13089726]
2267
[0.10527965]
2268
[0.0648124]
2269
[0.113267]
2270
[0.07476229]
2271
[0.08154167]
2272
[0.08134008]
2273
[0.07136096]
2274
[0.10028139]
2275
[0.07519005]
2276
[0.0882133]
2277
[0.11787434]
2278
[0.08646569]
2279
[0.07266321]
2280
[0.0774758]
2281
[0.09754684]
2282
[0.07994752]
2283
[0.0927135]
2284
[0.07716724]
2285
[0.07105776]
2286
[0.07331443]
2287
[0.07835659]
2288
[0.06314812]
2289
[0.10442394]
2290
[0.1100757]
2291
[0.09282524]
2292
[0.07979425]
2293
[0.07766163]
2294
[0.11678992]
2295
[0.09289178]
2296
[0.08613311]
2297
[0.13397612]
2298
[0.07045004]
2299
[0.06013829]
2300
[0.07487618]
2301
[0.11753282]
2302
[0.05613894]
2303
[0.07414768]
2304
[0.07862229]
2305
[0.06216717]
2306
[0.08886738]
2307
[0.0829184]
2308
[0.07740055]
2309
[0.10103652]
2310
[0.08712265]
2311
[0.07656224]
2312
[0.05540079]
2313
[0.08533819]
2314
[0.11895091]
2315
[0.10260904]
2316
[0.09569111]
2317
[0.08301076]
2318
[0.11727261]
2319
[0.09801866]
2320
[0.06975134]
2321
[0.08745002]
2322
[0.09657013]
2323
[0.08074369]
2324
[0.06296419]
2325
[0.11637165]
2326
[0.06084666]
2327
[0.10696974]
2328
[0.07930146]
2329
[0.08832373]
2330
[0.16058026]
2331
[0.09428717]
2332
[0.05612597]
2333
[0.09151577]
2334
[0.0725046]
2335
[0.14234553]
2336
[0.10157096]
2337
[0.10613574]
2338
[0.10458532]
2339
[0.076261]
2340
[0.07911349]
2341
[0.11137378]
2342
[0.05846643]
2343
[0.0633349]
2344
[0.06856801]
2345
[0.11074998]
2346
[0.17822843]
2347
[0.09426264]
2348
[0.10841341]
2349
[0.07256782]
2350
[0.07791772]
2351
[0.14821917]
2352
[0.08992593]
2353
[0.09177944]
2354
[0.05855982]
2355
[0.07689281]
2356
[0.11002921]
2357
[0.06249968]
2358
[0.08703527]
2359
[0.12646761]
2360
[0.12886256]
2361
[0.09988451]
2362
[0.12688233]
2363
[0.09703071]
2364
[0.06898673]
2365
[0.06843159]
2366
[0.07589569]
2367
[0.05745612]
2368
[0.07015952]
2369
[0.07632046]
2370
[0.08263294]
2371
[0.07741958]
2372
[0.08340566]
2373
[0.13257194]
2374
[0.07565213]
2375
[0.07942482]
2376
[0.08129197]
2377
[0.08200958]
2378
[0.08615104]
2379
[0.08374027]
2380
[0.07127286]
2381
[0.09888807]
2382
[0.04322638]
2383
[0.05774534]
2384
[0.10457878]
2385
[0.12254174]
2386
[0.05201942]
2387
[0.08700621]
2388
[0.07129808]
2389
[0.07293074]
2390
[0.09360271]
2391
[0.11528307]
2392
[0.06952116]
2393
[0.08951524]
2394
[0.12324552]
2395
[0.07367107]
2396
[0.06135231]
2397
[0.10566384]
2398
[0.09390475]
2399
[0.09014671]
2400
[0.14192998]
2401
[0.07367062]
2402
[0.08333008]
2403
[0.09653058]
2404
[0.05443405]
2405
[0.07670032]
2406
[0.06714892]
2407
[0.15479732]
2408
[0.05873123]
2409
[0.12355591]
2410
[0.06413633]
2411
[0.12181103]
2412
[0.12755529]
2413
[0.09559159]
2414
[0.06780185]
2415
[0.0798614]
2416
[0.05790101]
2417
[0.11228001]
2418
[0.11056193]
2419
[0.08859098]
2420
[0.08226199]
2421
[0.07125201]
2422
[0.07998136]
2423
[0.08242602]
2424
[0.06050248]
2425
[0.08925526]
2426
[0.083927]
2427
[0.13451461]
2428
[0.08080478]
2429
[0.06370237]
2430
[0.06525678]
2431
[0.0743042]
2432
[0.11704935]
2433
[0.12800226]
2434
[0.10206433]
2435
[0.04527882]
2436
[0.09757827]
2437
[0.14994934]
2438
[0.17252659]
2439
[0.09978597]
2440
[0.06294158]
2441
[0.11744412]
2442
[0.09466671]
2443
[0.09450456]
2444
[0.1416497]
2445
[0.06456966]
2446
[0.07987925]
2447
[0.06920727]
2448
[0.10194948]
2449
[0.08911514]
2450
[0.10633109]
2451
[0.11156118]
2452
[0.08890223]
2453
[0.10733157]
2454
[0.08087413]
2455
[0.08645571]
2456
[0.07203944]
2457
[0.07031981]
2458
[0.12226852]
2459
[0.08824806]
2460
[0.06051539]
2461
[0.07954767]
2462
[0.16477452]
2463
[0.08331622]
2464
[0.08171342]
2465
[0.07289616]
2466
[0.09659513]
2467
[0.08091644]
2468
[0.10131848]
2469
[0.10914336]
2470
[0.10658617]
2471
[0.04774936]
2472
[0.08209163]
2473
[0.10979918]
2474
[0.09972019]
2475
[0.1666801]
2476
[0.10168491]
2477
[0.07354578]
2478
[0.10421598]
2479
[0.08994914]
2480
[0.05695415]
2481
[0.08541459]
2482
[0.1591765]
2483
[0.15348755]
2484
[0.11826886]
2485
[0.06705708]
2486
[0.09096756]
2487
[0.13869906]
2488
[0.05214793]
2489
[0.07276441]
2490
[0.06925087]
2491
[0.07107877]
2492
[0.09791724]
2493
[0.0931258]
2494
[0.10998167]
2495
[0.05703489]
2496
[0.07910381]
2497
[0.12006736]
2498
[0.12041283]
2499
[1] 20000    11
[1] 20000    11
[0.09770512]
