LOADING R
R LOADED
[1] "/home/lvanderl/Rlibs2"                         
[2] "/app/software/R/4.3.1-gfbf-2022b/lib/R/library"
[1] "/home/lvanderl/sieveSims"
[1] "rf 20 3"
[1] "histogram binning"
[1] 0.2346837
[1] 0.2346837
[1] "mondrian"
[1] "iso"
[1] 0.2346837
[1] "conditional"
[   10.            11.51395399    13.25711366    15.26417967
    17.57510625    20.23589648    23.29951811    26.82695795
    30.88843596    35.56480306    40.94915062    47.14866363
    54.28675439    62.50551925    71.9685673     82.86427729
    95.40954763   109.8541142    126.48552169   145.63484775
   167.68329368   193.06977289   222.29964825   255.95479227
   294.70517026   339.32217719   390.69399371   449.8432669
   517.94746792   596.36233166   686.648845     790.60432109
   910.29817799  1048.11313415  1206.79264064  1389.49549437
  1599.85871961  1842.06996933  2120.95088792  2442.05309455
  2811.76869797  3237.45754282  3727.59372031  4291.93426013
  4941.71336132  5689.86602902  6551.2855686   7543.12006335
  8685.11373751 10000.        ]
[0.22638448 0.22661921 0.2254833  0.22488724 0.22465605 0.22361126
 0.22212861 0.22089696 0.21951714 0.21768291 0.21575597 0.2140556
 0.21186508 0.20909653 0.2065031  0.20405264 0.20035955 0.19685849
 0.19290285 0.18930375 0.18566937 0.18201653 0.17818066 0.17389844
 0.1704049  0.16707989 0.16388586 0.16150103 0.15918649 0.15752204
 0.1563837  0.15600661 0.15576397 0.15581603 0.15601851 0.15569548
 0.15583996 0.15590127 0.15574458 0.15584722 0.15598145 0.15593184
 0.15590581 0.15592816 0.15582127 0.1558893  0.1559552  0.1558274
 0.15597942 0.15582082]
1389.4954943731373
0.0007196856730011522
0
[0.64078241]
1
[0.24993261]
2
[0.02739134]
3
[0.00121001]
4
[0.79693532]
5
[0.90727091]
6
[0.61647118]
7
[0.74083248]
8
[0.54260244]
9
[0.95589337]
10
[0.83433722]
11
[0.00121001]
12
[0.85584331]
13
[0.03954695]
14
[0.71839134]
15
[0.14801245]
16
[0.86425873]
17
[0.54634263]
18
[0.28546441]
19
[0.4490977]
20
[0.00214506]
21
[0.1096755]
22
[0.66789878]
23
[0.65480812]
24
[0.61553613]
25
[0.37709905]
26
[0.95776347]
27
[0.95028309]
28
[0.71091096]
29
[0.65106793]
30
[0.70436563]
31
[0.38083924]
32
[0.1274414]
33
[0.72680677]
34
[0.49772016]
35
[0.29949012]
36
[0.47901922]
37
[0.88763492]
38
[0.92597186]
39
[0.35746306]
40
[0.57252395]
41
[0.32099621]
42
[0.61927632]
43
[0.31351583]
44
[0.39486495]
45
[0.87828444]
46
[0.22281624]
47
[0.62114642]
48
[0.06011799]
49
[0.82498674]
50
[0.77262409]
51
[0.24525737]
52
[0.88669987]
53
[0.020846]
54
[0.33876211]
55
[0.13398674]
56
[0.44161732]
57
[0.76701381]
58
[0.23684195]
59
[0.01056048]
60
[0.39486495]
61
[0.19289472]
62
[0.0741437]
63
[0.58374452]
64
[0.27050365]
65
[0.68285954]
66
[0.1807391]
67
[0.93532233]
68
[0.36961867]
69
[0.08816942]
70
[0.61553613]
71
[0.95495833]
72
[0.42759161]
73
[0.95402328]
74
[0.49772016]
75
[0.43600704]
76
[0.61647118]
77
[0.95776347]
78
[0.94093262]
79
[0.43881218]
80
[0.74083248]
81
[0.45938322]
82
[0.52296644]
83
[0.80348065]
84
[0.39486495]
85
[0.73615724]
86
[0.70156049]
87
[0.94467281]
88
[0.0937797]
89
[0.73522219]
90
[0.92410176]
91
[0.95776347]
92
[0.00121001]
93
[0.86986902]
94
[0.95776347]
95
[0.95776347]
96
[0.12089607]
97
[0.95776347]
98
[0.89044006]
99
[0.8044157]
100
[0.46031827]
101
[0.24151718]
102
[0.81283113]
103
[0.92690691]
104
[0.22562138]
105
[0.52577158]
106
[0.44816265]
107
[0.92129662]
108
[0.00775534]
109
[0.75485819]
110
[0.61460108]
111
[0.01056048]
112
[0.72493667]
113
[0.00121001]
114
[0.77355914]
115
[0.50987578]
116
[0.94280271]
117
[0.04422219]
118
[0.79132504]
119
[0.04702733]
120
[0.32941164]
121
[0.43974723]
122
[0.95776347]
123
[0.56223843]
124
[0.26115318]
125
[0.25834804]
126
[0.89979053]
127
[0.198505]
128
[0.11809093]
129
[0.2873345]
130
[0.60057537]
131
[0.54166739]
132
[0.79506523]
133
[0.58093938]
134
[0.28826955]
135
[0.38831962]
136
[0.81283113]
137
[0.63049689]
138
[0.95776347]
139
[0.33782706]
140
[0.55101786]
141
[0.59309499]
142
[0.8577134]
143
[0.13492178]
144
[0.40515047]
145
[0.90166063]
146
[0.02365115]
147
[0.82031151]
148
[0.39392991]
149
[0.82405169]
150
[0.0030801]
151
[0.35746306]
152
[0.06853342]
153
[0.67070393]
154
[0.26863356]
155
[0.72493667]
156
[0.94934804]
157
[0.09471475]
158
[0.83901245]
159
[0.04983247]
160
[0.376164]
161
[0.42104628]
162
[0.44816265]
163
[0.95776347]
164
[0.751118]
165
[0.28172422]
166
[0.28172422]
167
[0.87454425]
168
[0.88576482]
169
[0.51735616]
170
[0.32660649]
171
[0.95776347]
172
[0.31538593]
173
[0.16203816]
174
[0.86519378]
175
[0.79693532]
176
[0.64919784]
177
[0.95776347]
178
[0.93625738]
179
[0.7333521]
180
[0.85958349]
181
[0.22936157]
182
[0.13398674]
183
[0.64919784]
184
[0.70062544]
185
[0.15175264]
186
[0.38083924]
187
[0.91755643]
188
[0.58093938]
189
[0.58280947]
190
[0.20598538]
191
[0.51735616]
192
[0.52109635]
193
[0.07881894]
194
[0.95776347]
195
[0.57626414]
196
[0.0049502]
197
[0.75392314]
198
[0.95776347]
199
[0.58748471]
200
[0.30790555]
201
[0.17793396]
202
[0.68192449]
203
[0.15455778]
204
[0.58935481]
205
[0.59683518]
206
[0.95776347]
207
[0.06853342]
208
[0.51922625]
209
[0.74924791]
210
[0.16110311]
211
[0.38925467]
212
[0.04235209]
213
[0.71745629]
214
[0.0760138]
215
[0.39205981]
216
[0.87641435]
217
[0.45564303]
218
[0.90540082]
219
[0.80254561]
220
[0.91194615]
221
[0.09658484]
222
[0.08536427]
223
[0.06666333]
224
[0.86706387]
225
[0.63236698]
226
[0.48930474]
227
[0.14427226]
228
[0.66883383]
229
[0.30603545]
230
[0.69408011]
231
[0.45283789]
232
[0.47247388]
233
[0.81096103]
234
[0.07040352]
235
[0.57719919]
236
[0.19476482]
237
[0.7866498]
238
[0.50520054]
239
[0.95776347]
240
[0.2162709]
241
[0.95776347]
242
[0.78945494]
243
[0.47621407]
244
[0.82872693]
245
[0.60431556]
246
[0.61647118]
247
[0.9110111]
248
[0.04609228]
249
[0.81470122]
250
[0.41543599]
251
[0.34156725]
252
[0.95776347]
253
[0.81563627]
254
[0.47714912]
255
[0.38551448]
256
[0.86706387]
257
[0.06666333]
258
[0.70343058]
259
[0.79880542]
260
[0.8044157]
261
[0.3051004]
262
[0.78290961]
263
[0.20692043]
264
[0.32941164]
265
[0.39954019]
266
[0.55101786]
267
[0.09471475]
268
[0.39299486]
269
[0.00121001]
270
[0.72400163]
271
[0.85958349]
272
[0.12370122]
273
[0.71745629]
274
[0.82872693]
275
[0.95776347]
276
[0.83901245]
277
[0.40421543]
278
[0.95776347]
279
[0.94280271]
280
[0.48369445]
281
[0.76794885]
282
[0.9110111]
283
[0.47527903]
284
[0.83901245]
285
[0.70249554]
286
[0.29200974]
287
[0.73709229]
288
[0.55475805]
289
[0.06011799]
290
[0.40608552]
291
[0.06385818]
292
[0.48556455]
293
[0.41824114]
294
[0.41450095]
295
[0.54447253]
296
[0.12370122]
297
[0.95776347]
298
[0.68659973]
299
[0.83714236]
300
[0.88389473]
301
[0.57626414]
302
[0.00214506]
303
[0.69501516]
304
[0.5379272]
305
[0.81096103]
306
[0.51361597]
307
[0.80535075]
308
[0.95776347]
309
[0.29574993]
310
[0.14240216]
311
[0.38925467]
312
[0.74550772]
313
[0.41824114]
314
[0.58187443]
315
[0.11528579]
316
[0.73054696]
317
[0.27237375]
318
[0.16390825]
319
[0.88108958]
320
[0.57813424]
321
[0.48556455]
322
[0.89979053]
323
[0.07788389]
324
[0.6800544]
325
[0.31445088]
326
[0.17419377]
327
[0.66322355]
328
[0.33221678]
329
[0.29949012]
330
[0.94560785]
331
[0.17886901]
332
[0.51361597]
333
[0.02458619]
334
[0.14240216]
335
[0.87454425]
336
[0.7866498]
337
[0.54727767]
338
[0.22094614]
339
[0.54634263]
340
[0.00588525]
341
[0.70904087]
342
[0.72213153]
343
[0.62582165]
344
[0.61179594]
345
[0.06946847]
346
[0.24619242]
347
[0.55756319]
348
[0.40421543]
349
[0.95776347]
350
[0.90259567]
351
[0.1629732]
352
[0.58467957]
353
[0.73615724]
354
[0.13398674]
355
[0.32567145]
356
[0.71932639]
357
[0.9306471]
358
[0.33689202]
359
[0.2340368]
360
[0.80535075]
361
[0.55943329]
362
[0.46873369]
363
[0.2340368]
364
[0.06292314]
365
[0.00121001]
366
[0.58187443]
367
[0.17606387]
368
[0.95776347]
369
[0.09471475]
370
[0.46125332]
371
[0.38551448]
372
[0.20598538]
373
[0.75859838]
374
[0.62488661]
375
[0.72587172]
376
[0.07694885]
377
[0.35278782]
378
[0.51548606]
379
[0.41263085]
380
[0.01804086]
381
[0.19008958]
382
[0.94747795]
383
[0.15081759]
384
[0.85677835]
385
[0.82498674]
386
[0.39205981]
387
[0.46499351]
388
[0.81002598]
389
[0.65854831]
390
[0.84742788]
391
[0.73896238]
392
[0.70810582]
393
[0.91849148]
394
[0.80067551]
395
[0.16203816]
396
[0.76420866]
397
[0.07788389]
398
[0.45003275]
399
[0.35933315]
400
[0.17419377]
401
[0.93812747]
402
[0.09097456]
403
[0.00121001]
404
[0.3228663]
405
[0.95776347]
406
[0.2695686]
407
[0.84929797]
408
[0.1470774]
409
[0.58093938]
410
[0.95776347]
411
[0.75205305]
412
[0.95776347]
413
[0.58187443]
414
[0.95776347]
415
[0.86893397]
416
[0.77355914]
417
[0.88669987]
418
[0.63236698]
419
[0.36774858]
420
[0.52670663]
421
[0.23777699]
422
[0.79226008]
423
[0.17325873]
424
[0.54353748]
425
[0.54260244]
426
[0.70062544]
427
[0.79600027]
428
[0.08723437]
429
[0.64265251]
430
[0.42011123]
431
[0.60992585]
432
[0.69127497]
433
[0.59964033]
434
[0.75205305]
435
[0.50987578]
436
[0.46312341]
437
[0.29294479]
438
[0.23029662]
439
[0.67818431]
440
[0.68472964]
441
[0.17980406]
442
[0.95776347]
443
[0.65013288]
444
[0.53138187]
445
[0.85397321]
446
[0.47901922]
447
[0.49210988]
448
[0.26395832]
449
[0.14894749]
450
[0.69969039]
451
[0.8399475]
452
[0.67911935]
453
[0.3602682]
454
[0.57719919]
455
[0.55756319]
456
[0.91381624]
457
[0.39673505]
458
[0.14801245]
459
[0.90353072]
460
[0.90072558]
461
[0.03580676]
462
[0.19008958]
463
[0.62769175]
464
[0.8044157]
465
[0.62208146]
466
[0.14894749]
467
[0.1115456]
468
[0.53138187]
469
[0.80815589]
470
[0.22281624]
471
[0.06479323]
472
[0.51455102]
473
[0.18447929]
474
[0.04889743]
475
[0.80161056]
476
[0.80161056]
477
[0.38083924]
478
[0.26863356]
479
[0.2536728]
480
[0.35559296]
481
[0.59870528]
482
[0.53138187]
483
[0.3583981]
484
[0.63236698]
485
[0.66135345]
486
[0.55195291]
487
[0.37429391]
488
[0.60712071]
489
[0.5912249]
490
[0.31445088]
491
[0.29387984]
492
[0.53325196]
493
[0.64078241]
494
[0.59964033]
495
[0.36307334]
496
[0.56784872]
497
[0.95776347]
498
[0.41637104]
499
[0.81844141]
500
[0.05076752]
501
[0.88015454]
502
[0.95589337]
503
[0.23497185]
504
[0.00121001]
505
[0.48182436]
506
[0.16390825]
507
[0.95402328]
508
[0.9110111]
509
[0.95121814]
510
[0.60712071]
511
[0.51081083]
512
[0.83246712]
513
[0.66041841]
514
[0.24525737]
515
[0.92129662]
516
[0.42385142]
517
[0.74270257]
518
[0.52109635]
519
[0.16764844]
520
[0.30416536]
521
[0.59777023]
522
[0.13679188]
523
[0.00121001]
524
[0.42946171]
525
[0.75953343]
526
[0.58748471]
527
[0.32941164]
528
[0.71839134]
529
[0.46405846]
530
[0.95776347]
531
[0.751118]
532
[0.85958349]
533
[0.27704898]
534
[0.12557131]
535
[0.17045358]
536
[0.42291637]
537
[0.52764168]
538
[0.16577835]
539
[0.78103952]
540
[0.88482977]
541
[0.31445088]
542
[0.51174587]
543
[0.59028985]
544
[0.67911935]
545
[0.14801245]
546
[0.25741299]
547
[0.72493667]
548
[0.56410853]
549
[0.92784195]
550
[0.4313318]
551
[0.37709905]
552
[0.28639946]
553
[0.22001109]
554
[0.64919784]
555
[0.27798403]
556
[0.87921949]
557
[0.2340368]
558
[0.67070393]
559
[0.57252395]
560
[0.60992585]
561
[0.88856996]
562
[0.13211664]
563
[0.11809093]
564
[0.10032503]
565
[0.05544276]
566
[0.52390149]
567
[0.14614235]
568
[0.81189608]
569
[0.01897591]
570
[0.37709905]
571
[0.48088931]
572
[0.21346576]
573
[0.35559296]
574
[0.20692043]
575
[0.23216671]
576
[0.9306471]
577
[0.42478647]
578
[0.40141028]
579
[0.61647118]
580
[0.68192449]
581
[0.66509364]
582
[0.08349418]
583
[0.5912249]
584
[0.72026144]
585
[0.7866498]
586
[0.57532909]
587
[0.13866197]
588
[0.06853342]
589
[0.32660649]
590
[0.92316672]
591
[0.48182436]
592
[0.92036157]
593
[0.44722761]
594
[0.73148201]
595
[0.44816265]
596
[0.71278106]
597
[0.29574993]
598
[0.88950501]
599
[0.22936157]
600
[0.00121001]
601
[0.70997592]
602
[0.68846983]
603
[0.65293803]
604
[0.69501516]
605
[0.59309499]
606
[0.0919096]
607
[0.64919784]
608
[0.00121001]
609
[0.1826092]
610
[0.39954019]
611
[0.38270934]
612
[0.13585683]
613
[0.40141028]
614
[0.63610717]
615
[0.35465792]
616
[0.72774182]
617
[0.23310176]
618
[0.12650636]
619
[0.74831286]
620
[0.69127497]
621
[0.42478647]
622
[0.11715588]
623
[0.67163897]
624
[0.72493667]
625
[0.14988254]
626
[0.66883383]
627
[0.3425023]
628
[0.91568634]
629
[0.73241705]
630
[0.26582842]
631
[0.90446577]
632
[0.00962544]
633
[0.1648433]
634
[0.23964709]
635
[0.74083248]
636
[0.50707064]
637
[0.47340893]
638
[0.20224519]
639
[0.74831286]
640
[0.10313017]
641
[0.25460785]
642
[0.82498674]
643
[0.44629256]
644
[0.85490826]
645
[0.60151042]
646
[0.76140352]
647
[0.14240216]
648
[0.30229526]
649
[0.376164]
650
[0.5201613]
651
[0.45844817]
652
[0.81750636]
653
[0.16203816]
654
[0.84555778]
655
[0.88202463]
656
[0.04983247]
657
[0.00121001]
658
[0.29949012]
659
[0.3780341]
660
[0.95776347]
661
[0.04796238]
662
[0.76794885]
663
[0.43974723]
664
[0.11622084]
665
[0.36307334]
666
[0.34624249]
667
[0.21253072]
668
[0.26769851]
669
[0.3958]
670
[0.94093262]
671
[0.4313318]
672
[0.95776347]
673
[0.01243058]
674
[0.02178105]
675
[0.00401515]
676
[0.65854831]
677
[0.20692043]
678
[0.55288796]
679
[0.81002598]
680
[0.3051004]
681
[0.2359069]
682
[0.72587172]
683
[0.47714912]
684
[0.14894749]
685
[0.0741437]
686
[0.75766333]
687
[0.86425873]
688
[0.89231015]
689
[0.50146035]
690
[0.14146712]
691
[0.21440081]
692
[0.44442246]
693
[0.8773494]
694
[0.64171746]
695
[0.25647794]
696
[0.75205305]
697
[0.42104628]
698
[0.95776347]
699
[0.43226685]
700
[0.84555778]
701
[0.00962544]
702
[0.70530068]
703
[0.40141028]
704
[0.50146035]
705
[0.1807391]
706
[0.90540082]
707
[0.19569986]
708
[0.53512206]
709
[0.57626414]
710
[0.85303816]
711
[0.46125332]
712
[0.84462274]
713
[0.51268092]
714
[0.95776347]
715
[0.71465115]
716
[0.91007605]
717
[0.9306471]
718
[0.78010447]
719
[0.12557131]
720
[0.13959702]
721
[0.59870528]
722
[0.28826955]
723
[0.36400839]
724
[0.15923302]
725
[0.74363762]
726
[0.86893397]
727
[0.09938998]
728
[0.51922625]
729
[0.38457943]
730
[0.78571475]
731
[0.46405846]
732
[0.73522219]
733
[0.55662815]
734
[0.95776347]
735
[0.41169581]
736
[0.95776347]
737
[0.39860514]
738
[0.15829797]
739
[0.79880542]
740
[0.24058214]
741
[0.59028985]
742
[0.63610717]
743
[0.20598538]
744
[0.0030801]
745
[0.95776347]
746
[0.81844141]
747
[0.10874046]
748
[0.85210312]
749
[0.26208823]
750
[0.24245223]
751
[0.77916942]
752
[0.74363762]
753
[0.82872693]
754
[0.11528579]
755
[0.73428715]
756
[0.47060379]
757
[0.33128173]
758
[0.72026144]
759
[0.83059703]
760
[0.33502192]
761
[0.14053207]
762
[0.95776347]
763
[0.92316672]
764
[0.26395832]
765
[0.79319513]
766
[0.0563778]
767
[0.90166063]
768
[0.75953343]
769
[0.18821948]
770
[0.27237375]
771
[0.59870528]
772
[0.34998268]
773
[0.71652125]
774
[0.60992585]
775
[0.20785548]
776
[0.58841976]
777
[0.00121001]
778
[0.08536427]
779
[0.14146712]
780
[0.33502192]
781
[0.00121001]
782
[0.9110111]
783
[0.23497185]
784
[0.25554289]
785
[0.37522896]
786
[0.92316672]
787
[0.32099621]
788
[0.45283789]
789
[0.31071069]
790
[0.95776347]
791
[0.35652801]
792
[0.06853342]
793
[0.68940487]
794
[0.71465115]
795
[0.37429391]
796
[0.19102463]
797
[0.38364438]
798
[0.4490977]
799
[0.95776347]
800
[0.86425873]
801
[0.60338052]
802
[0.20224519]
803
[0.69033992]
804
[0.77262409]
805
[0.0563778]
806
[0.37242382]
807
[0.29200974]
808
[0.55756319]
809
[0.62956184]
810
[0.15268768]
811
[0.46966874]
812
[0.95776347]
813
[0.01243058]
814
[0.33034668]
815
[0.34811258]
816
[0.39018972]
817
[0.84555778]
818
[0.4135659]
819
[0.8951153]
820
[0.57252395]
821
[0.40328038]
822
[0.24806252]
823
[0.84649283]
824
[0.6445226]
825
[0.18634939]
826
[0.12650636]
827
[0.1293115]
828
[0.92316672]
829
[0.38644953]
830
[0.81657132]
831
[0.87173911]
832
[0.20972557]
833
[0.00214506]
834
[0.16203816]
835
[0.77449418]
836
[0.00121001]
837
[0.55662815]
838
[0.18447929]
839
[0.75579324]
840
[0.47714912]
841
[0.5379272]
842
[0.28078917]
843
[0.45003275]
844
[0.01897591]
845
[0.81002598]
846
[0.91381624]
847
[0.74737781]
848
[0.48649959]
849
[0.82872693]
850
[0.00121001]
851
[0.68098945]
852
[0.76701381]
853
[0.32380135]
854
[0.85958349]
855
[0.00121001]
856
[0.61647118]
857
[0.30790555]
858
[0.62956184]
859
[0.22562138]
860
[0.19382977]
861
[0.63891232]
862
[0.48088931]
863
[0.17793396]
864
[0.90166063]
865
[0.88015454]
866
[0.52951177]
867
[0.70249554]
868
[0.43226685]
869
[0.79600027]
870
[0.84368769]
871
[0.78384466]
872
[0.24993261]
873
[0.00214506]
874
[0.66041841]
875
[0.38831962]
876
[0.92036157]
877
[0.84275264]
878
[0.51361597]
879
[0.35465792]
880
[0.72213153]
881
[0.73241705]
882
[0.68472964]
883
[0.85210312]
884
[0.573459]
885
[0.53044682]
886
[0.51361597]
887
[0.89137511]
888
[0.36774858]
889
[0.81750636]
890
[0.49959026]
891
[0.07881894]
892
[0.44068227]
893
[0.27424384]
894
[0.51642111]
895
[0.82872693]
896
[0.16764844]
897
[0.45470798]
898
[0.58093938]
899
[0.78197456]
900
[0.95121814]
901
[0.53512206]
902
[0.93906252]
903
[0.3228663]
904
[0.74737781]
905
[0.75018295]
906
[0.53418701]
907
[0.15175264]
908
[0.39018972]
909
[0.27891908]
910
[0.95776347]
911
[0.63704222]
912
[0.8754793]
913
[0.29481488]
914
[0.41543599]
915
[0.52109635]
916
[0.33315183]
917
[0.46405846]
918
[0.6089908]
919
[0.00401515]
920
[0.32754154]
921
[0.00121001]
922
[0.46031827]
923
[0.61834127]
924
[0.07040352]
925
[0.23777699]
926
[0.82405169]
927
[0.83433722]
928
[0.38925467]
929
[0.80254561]
930
[0.26582842]
931
[0.73709229]
932
[0.55288796]
933
[0.42572152]
934
[0.63704222]
935
[0.00121001]
936
[0.15455778]
937
[0.27704898]
938
[0.68472964]
939
[0.70343058]
940
[0.65574317]
941
[0.78290961]
942
[0.06105304]
943
[0.09003951]
944
[0.84088255]
945
[0.33502192]
946
[0.57719919]
947
[0.50146035]
948
[0.63984736]
949
[0.05357266]
950
[0.73802734]
951
[0.08816942]
952
[0.69408011]
953
[0.41637104]
954
[0.50052531]
955
[0.65293803]
956
[0.37429391]
957
[0.01056048]
958
[0.95776347]
959
[0.49585007]
960
[0.74831286]
961
[0.52670663]
962
[0.8221816]
963
[0.54634263]
964
[0.11528579]
965
[0.65013288]
966
[0.18634939]
967
[0.85210312]
968
[0.66322355]
969
[0.9306471]
970
[0.61366604]
971
[0.19944005]
972
[0.55475805]
973
[0.78103952]
974
[0.68940487]
975
[0.35372287]
976
[0.6445226]
977
[0.92129662]
978
[0.67818431]
979
[0.35465792]
980
[0.91007605]
981
[0.81470122]
982
[0.84368769]
983
[0.13492178]
984
[0.29574993]
985
[0.77449418]
986
[0.28078917]
987
[0.08068904]
988
[0.69033992]
989
[0.78571475]
990
[0.64078241]
991
[0.33034668]
992
[0.53979729]
993
[0.00588525]
994
[0.56971881]
995
[0.85584331]
996
[0.06479323]
997
[0.36213829]
998
[0.11341569]
999
[0.38551448]
1000
[0.00121001]
1001
[0.81750636]
1002
[0.49491502]
1003
[0.40328038]
1004
[0.61647118]
1005
[0.87080406]
1006
[0.27891908]
1007
[0.23029662]
1008
[0.01991096]
1009
[0.24432233]
1010
[0.05450771]
1011
[0.02739134]
1012
[0.55475805]
1013
[0.19756996]
1014
[0.0582479]
1015
[0.91849148]
1016
[0.13211664]
1017
[0.07788389]
1018
[0.95776347]
1019
[0.67724926]
1020
[0.74550772]
1021
[0.54073234]
1022
[0.04609228]
1023
[0.84275264]
1024
[0.42665656]
1025
[0.35933315]
1026
[0.11996103]
1027
[0.06946847]
1028
[0.50333045]
1029
[0.57252395]
1030
[0.49304493]
1031
[0.60338052]
1032
[0.87828444]
1033
[0.49210988]
1034
[0.37896915]
1035
[0.22749147]
1036
[0.30603545]
1037
[0.56410853]
1038
[0.80628579]
1039
[0.42478647]
1040
[0.01149553]
1041
[0.18634939]
1042
[0.07133856]
1043
[0.33408687]
1044
[0.67537916]
1045
[0.62395156]
1046
[0.63891232]
1047
[0.44722761]
1048
[0.09658484]
1049
[0.31912612]
1050
[0.53512206]
1051
[0.50052531]
1052
[0.23123166]
1053
[0.83059703]
1054
[0.46405846]
1055
[0.84742788]
1056
[0.22749147]
1057
[0.95776347]
1058
[0.06572828]
1059
[0.79038999]
1060
[0.0049502]
1061
[0.22842652]
1062
[0.85303816]
1063
[0.3425023]
1064
[0.93345224]
1065
[0.92690691]
1066
[0.78758485]
1067
[0.38831962]
1068
[0.88015454]
1069
[0.42665656]
1070
[0.10219513]
1071
[0.81189608]
1072
[0.81750636]
1073
[0.11341569]
1074
[0.85958349]
1075
[0.49772016]
1076
[0.75579324]
1077
[0.23777699]
1078
[0.17419377]
1079
[0.82966198]
1080
[0.61179594]
1081
[0.14801245]
1082
[0.34156725]
1083
[0.86425873]
1084
[0.45751313]
1085
[0.34156725]
1086
[0.31725602]
1087
[0.83433722]
1088
[0.44629256]
1089
[0.95776347]
1090
[0.27050365]
1091
[0.77916942]
1092
[0.26582842]
1093
[0.76701381]
1094
[0.00121001]
1095
[0.10313017]
1096
[0.24712747]
1097
[0.88015454]
1098
[0.31351583]
1099
[0.48836969]
1100
[0.07320866]
1101
[0.57532909]
1102
[0.08723437]
1103
[0.10780541]
1104
[0.80067551]
1105
[0.25741299]
1106
[0.05544276]
1107
[0.60431556]
1108
[0.12650636]
1109
[0.02458619]
1110
[0.84181759]
1111
[0.37896915]
1112
[0.88576482]
1113
[0.72587172]
1114
[0.17886901]
1115
[0.07227361]
1116
[0.1452073]
1117
[0.50052531]
1118
[0.34437239]
1119
[0.82031151]
1120
[0.48743464]
1121
[0.57065386]
1122
[0.40047524]
1123
[0.76514371]
1124
[0.73241705]
1125
[0.70623573]
1126
[0.77729933]
1127
[0.36120325]
1128
[0.14146712]
1129
[0.82124655]
1130
[0.30884059]
1131
[0.68379459]
1132
[0.95776347]
1133
[0.70436563]
1134
[0.9306471]
1135
[0.00121001]
1136
[0.62488661]
1137
[0.08255913]
1138
[0.92690691]
1139
[0.94093262]
1140
[0.00775534]
1141
[0.11061055]
1142
[0.81096103]
1143
[0.67911935]
1144
[0.95776347]
1145
[0.76794885]
1146
[0.57065386]
1147
[0.51268092]
1148
[0.00121001]
1149
[0.79413018]
1150
[0.36868363]
1151
[0.09564979]
1152
[0.53325196]
1153
[0.34998268]
1154
[0.61553613]
1155
[0.01617077]
1156
[0.15175264]
1157
[0.52296644]
1158
[0.60057537]
1159
[0.04889743]
1160
[0.61460108]
1161
[0.85397321]
1162
[0.27798403]
1163
[0.50987578]
1164
[0.92690691]
1165
[0.69127497]
1166
[0.18915453]
1167
[0.95776347]
1168
[0.3425023]
1169
[0.81563627]
1170
[0.45283789]
1171
[0.79319513]
1172
[0.91662138]
1173
[0.90633586]
1174
[0.78945494]
1175
[0.31071069]
1176
[0.91942653]
1177
[0.17512882]
1178
[0.2518027]
1179
[0.63143194]
1180
[0.73615724]
1181
[0.01149553]
1182
[0.27517889]
1183
[0.36494344]
1184
[0.86051854]
1185
[0.00121001]
1186
[0.86612883]
1187
[0.3228663]
1188
[0.61086089]
1189
[0.94747795]
1190
[0.03206657]
1191
[0.53325196]
1192
[0.19944005]
1193
[0.70623573]
1194
[0.80535075]
1195
[0.23310176]
1196
[0.85864845]
1197
[0.15642787]
1198
[0.47995426]
1199
[0.08723437]
1200
[0.27891908]
1201
[0.36774858]
1202
[0.71652125]
1203
[0.29762003]
1204
[0.51642111]
1205
[0.65948336]
1206
[0.77916942]
1207
[0.30042517]
1208
[0.06011799]
1209
[0.23123166]
1210
[0.56036834]
1211
[0.87267416]
1212
[0.66602869]
1213
[0.61927632]
1214
[0.00962544]
1215
[0.48743464]
1216
[0.29387984]
1217
[0.31351583]
1218
[0.95776347]
1219
[0.1293115]
1220
[0.08816942]
1221
[0.31538593]
1222
[0.65013288]
1223
[0.27611394]
1224
[0.67724926]
1225
[0.70623573]
1226
[0.40608552]
1227
[0.83807741]
1228
[0.30790555]
1229
[0.60712071]
1230
[0.54260244]
1231
[0.09938998]
1232
[0.3425023]
1233
[0.56597862]
1234
[0.95776347]
1235
[0.74924791]
1236
[0.45938322]
1237
[0.17138863]
1238
[0.26863356]
1239
[0.02832638]
1240
[0.57626414]
1241
[0.45190284]
1242
[0.65387307]
1243
[0.53138187]
1244
[0.38644953]
1245
[0.34904763]
1246
[0.03019648]
1247
[0.95776347]
1248
[0.03954695]
1249
[0.01430067]
1250
[0.20411529]
1251
[0.11809093]
1252
[0.79226008]
1253
[0.15081759]
1254
[0.33128173]
1255
[0.01056048]
1256
[0.90259567]
1257
[0.31351583]
1258
[0.84555778]
1259
[0.95776347]
1260
[0.71652125]
1261
[0.27050365]
1262
[0.48649959]
1263
[0.83246712]
1264
[0.68192449]
1265
[0.82124655]
1266
[0.53605711]
1267
[0.65106793]
1268
[0.36400839]
1269
[0.1629732]
1270
[0.70997592]
1271
[0.01617077]
1272
[0.79693532]
1273
[0.00401515]
1274
[0.6267567]
1275
[0.55849824]
1276
[0.08349418]
1277
[0.56130338]
1278
[0.78384466]
1279
[0.51735616]
1280
[0.64639269]
1281
[0.69408011]
1282
[0.22281624]
1283
[0.9128812]
1284
[0.33595697]
1285
[0.58093938]
1286
[0.12370122]
1287
[0.95776347]
1288
[0.6622885]
1289
[0.42759161]
1290
[0.55662815]
1291
[0.03954695]
1292
[0.21253072]
1293
[0.95776347]
1294
[0.07881894]
1295
[0.08910446]
1296
[0.58748471]
1297
[0.751118]
1298
[0.82966198]
1299
[0.84181759]
1300
[0.75579324]
1301
[0.35091773]
1302
[0.59590014]
1303
[0.82966198]
1304
[0.11715588]
1305
[0.07507875]
1306
[0.43600704]
1307
[0.31164574]
1308
[0.01243058]
1309
[0.50052531]
1310
[0.3425023]
1311
[0.86332368]
1312
[0.3069705]
1313
[0.65574317]
1314
[0.54634263]
1315
[0.29013965]
1316
[0.46873369]
1317
[0.376164]
1318
[0.22655643]
1319
[0.09003951]
1320
[0.05918295]
1321
[0.22375128]
1322
[0.08723437]
1323
[0.14146712]
1324
[0.10406522]
1325
[0.35372287]
1326
[0.24432233]
1327
[0.01243058]
1328
[0.01430067]
1329
[0.95776347]
1330
[0.22655643]
1331
[0.03674181]
1332
[0.62301651]
1333
[0.54260244]
1334
[0.38738457]
1335
[0.71839134]
1336
[0.93999757]
1337
[0.40047524]
1338
[0.35278782]
1339
[0.53512206]
1340
[0.20879053]
1341
[0.13118159]
1342
[0.3780341]
1343
[0.66041841]
1344
[0.01991096]
1345
[0.14427226]
1346
[0.80254561]
1347
[0.31819107]
1348
[0.54540758]
1349
[0.06105304]
1350
[0.53512206]
1351
[0.00121001]
1352
[0.19382977]
1353
[0.45844817]
1354
[0.54073234]
1355
[0.1274414]
1356
[0.43881218]
1357
[0.77262409]
1358
[0.69408011]
1359
[0.35933315]
1360
[0.47060379]
1361
[0.78758485]
1362
[0.27891908]
1363
[0.13118159]
1364
[0.95776347]
1365
[0.90633586]
1366
[0.84836293]
1367
[0.46499351]
1368
[0.0030801]
1369
[0.71371611]
1370
[0.80161056]
1371
[0.95776347]
1372
[0.01243058]
1373
[0.8221816]
1374
[0.35933315]
1375
[0.6622885]
1376
[0.89885548]
1377
[0.23216671]
1378
[0.95776347]
1379
[0.03674181]
1380
[0.08536427]
1381
[0.44348742]
1382
[0.67818431]
1383
[0.9306471]
1384
[0.82872693]
1385
[0.95776347]
1386
[0.43226685]
1387
[0.42291637]
1388
[0.58748471]
1389
[0.70530068]
1390
[0.90633586]
1391
[0.60151042]
1392
[0.91755643]
1393
[0.40702057]
1394
[0.79974046]
1395
[0.95776347]
1396
[0.0741437]
1397
[0.69033992]
1398
[0.89605034]
1399
[0.90540082]
1400
[0.85584331]
1401
[0.26208823]
1402
[0.42759161]
1403
[0.52296644]
1404
[0.95776347]
1405
[0.27424384]
1406
[0.66415859]
1407
[0.75205305]
1408
[0.13305169]
1409
[0.88856996]
1410
[0.49023978]
1411
[0.95776347]
1412
[0.89044006]
1413
[0.94093262]
1414
[0.16671339]
1415
[0.85303816]
1416
[0.89137511]
1417
[0.94934804]
1418
[0.67070393]
1419
[0.34904763]
1420
[0.55288796]
1421
[0.14894749]
1422
[0.95776347]
1423
[0.70904087]
1424
[0.3069705]
1425
[0.93532233]
1426
[0.71278106]
1427
[0.31725602]
1428
[0.94467281]
1429
[0.30603545]
1430
[0.3069705]
1431
[0.02739134]
1432
[0.70717077]
1433
[0.10219513]
1434
[0.01243058]
1435
[0.63143194]
1436
[0.95776347]
1437
[0.04422219]
1438
[0.75766333]
1439
[0.21440081]
1440
[0.84836293]
1441
[0.00121001]
1442
[0.17045358]
1443
[0.95776347]
1444
[0.55382301]
1445
[0.11061055]
1446
[0.00121001]
1447
[0.39205981]
1448
[0.43226685]
1449
[0.52390149]
1450
[0.71745629]
1451
[0.1452073]
1452
[0.30042517]
1453
[0.02739134]
1454
[0.95776347]
1455
[0.40889066]
1456
[0.67724926]
1457
[0.27237375]
1458
[0.14053207]
1459
[0.17606387]
1460
[0.00962544]
1461
[0.6800544]
1462
[0.95776347]
1463
[0.10313017]
1464
[0.16016806]
1465
[0.81563627]
1466
[0.61179594]
1467
[0.92597186]
1468
[0.36400839]
1469
[0.42478647]
1470
[0.28172422]
1471
[0.82872693]
1472
[0.16671339]
1473
[0.35746306]
1474
[0.63610717]
1475
[0.9306471]
1476
[0.81563627]
1477
[0.07227361]
1478
[0.8773494]
1479
[0.78384466]
1480
[0.45096779]
1481
[0.56410853]
1482
[0.41637104]
1483
[0.02458619]
1484
[0.30416536]
1485
[0.88763492]
1486
[0.58187443]
1487
[0.08910446]
1488
[0.52670663]
1489
[0.59870528]
1490
[0.81283113]
1491
[0.56971881]
1492
[0.19756996]
1493
[0.94373776]
1494
[0.30884059]
1495
[0.71745629]
1496
[0.67724926]
1497
[0.91475129]
1498
[0.76607876]
1499
[0.43320189]
1500
[0.03487172]
1501
[0.66976888]
1502
[0.00121001]
1503
[0.03300162]
1504
[0.00121001]
1505
[0.54727767]
1506
[0.7866498]
1507
[0.06105304]
1508
[0.32006116]
1509
[0.37429391]
1510
[0.88669987]
1511
[0.67537916]
1512
[0.38831962]
1513
[0.95589337]
1514
[0.65854831]
1515
[0.68098945]
1516
[0.69408011]
1517
[0.55288796]
1518
[0.43974723]
1519
[0.95776347]
1520
[0.59683518]
1521
[0.38364438]
1522
[0.08536427]
1523
[0.20318024]
1524
[0.95776347]
1525
[0.95776347]
1526
[0.00121001]
1527
[0.07040352]
1528
[0.66041841]
1529
[0.19663491]
1530
[0.66789878]
1531
[0.18354425]
1532
[0.38831962]
1533
[0.32754154]
1534
[0.24151718]
1535
[0.78758485]
1536
[0.30229526]
1537
[0.90259567]
1538
[0.19756996]
1539
[0.89418025]
1540
[0.15736292]
1541
[0.2873345]
1542
[0.95776347]
1543
[0.01430067]
1544
[0.84555778]
1545
[0.16858349]
1546
[0.51829121]
1547
[0.95776347]
1548
[0.12463626]
1549
[0.3583981]
1550
[0.49397997]
1551
[0.68098945]
1552
[0.32380135]
1553
[0.24432233]
1554
[0.91007605]
1555
[0.00121001]
1556
[0.95776347]
1557
[0.10219513]
1558
[0.20692043]
1559
[0.74176753]
1560
[0.72774182]
1561
[0.50146035]
1562
[0.040482]
1563
[0.20411529]
1564
[0.19289472]
1565
[0.85397321]
1566
[0.45096779]
1567
[0.74270257]
1568
[0.91007605]
1569
[0.35652801]
1570
[0.90540082]
1571
[0.66883383]
1572
[0.60712071]
1573
[0.44161732]
1574
[0.43226685]
1575
[0.32567145]
1576
[0.26489337]
1577
[0.47901922]
1578
[0.40889066]
1579
[0.24993261]
1580
[0.04796238]
1581
[0.95776347]
1582
[0.56317348]
1583
[0.32006116]
1584
[0.85864845]
1585
[0.48275941]
1586
[0.85210312]
1587
[0.16577835]
1588
[0.12370122]
1589
[0.24151718]
1590
[0.85397321]
1591
[0.77355914]
1592
[0.31351583]
1593
[0.91568634]
1594
[0.84088255]
1595
[0.3780341]
1596
[0.56410853]
1597
[0.95776347]
1598
[0.70436563]
1599
[0.17606387]
1600
[0.60057537]
1601
[0.89605034]
1602
[0.5201613]
1603
[0.43320189]
1604
[0.76420866]
1605
[0.42104628]
1606
[0.60992585]
1607
[0.00121001]
1608
[0.77168904]
1609
[0.95776347]
1610
[0.86332368]
1611
[0.81376617]
1612
[0.46031827]
1613
[0.74176753]
1614
[0.49117483]
1615
[0.10126008]
1616
[0.01430067]
1617
[0.33502192]
1618
[0.84555778]
1619
[0.47995426]
1620
[0.0937797]
1621
[0.03487172]
1622
[0.53699215]
1623
[0.26302327]
1624
[0.65667822]
1625
[0.27517889]
1626
[0.43600704]
1627
[0.13118159]
1628
[0.36961867]
1629
[0.57626414]
1630
[0.54727767]
1631
[0.10313017]
1632
[0.85584331]
1633
[0.71091096]
1634
[0.10593532]
1635
[0.08816942]
1636
[0.17232368]
1637
[0.36961867]
1638
[0.20411529]
1639
[0.23216671]
1640
[0.62769175]
1641
[0.09751989]
1642
[0.21159567]
1643
[0.91194615]
1644
[0.08910446]
1645
[0.20972557]
1646
[0.90540082]
1647
[0.77168904]
1648
[0.43787713]
1649
[0.95776347]
1650
[0.31912612]
1651
[0.573459]
1652
[0.18915453]
1653
[0.44722761]
1654
[0.24058214]
1655
[0.70530068]
1656
[0.16764844]
1657
[0.91381624]
1658
[0.86051854]
1659
[0.76701381]
1660
[0.85397321]
1661
[0.28359432]
1662
[0.05357266]
1663
[0.91381624]
1664
[0.56130338]
1665
[0.040482]
1666
[0.74176753]
1667
[0.31538593]
1668
[0.95776347]
1669
[0.95776347]
1670
[0.59028985]
1671
[0.89605034]
1672
[0.34998268]
1673
[0.27517889]
1674
[0.73802734]
1675
[0.55756319]
1676
[0.00121001]
1677
[0.32660649]
1678
[0.00121001]
1679
[0.30042517]
1680
[0.45190284]
1681
[0.33782706]
1682
[0.50707064]
1683
[0.01897591]
1684
[0.92597186]
1685
[0.17512882]
1686
[0.05357266]
1687
[0.59028985]
1688
[0.66883383]
1689
[0.29481488]
1690
[0.91662138]
1691
[0.1274414]
1692
[0.13585683]
1693
[0.86706387]
1694
[0.4668636]
1695
[0.55382301]
1696
[0.76794885]
1697
[0.47247388]
1698
[0.86612883]
1699
[0.218141]
1700
[0.48369445]
1701
[0.16764844]
1702
[0.23871204]
1703
[0.60431556]
1704
[0.59028985]
1705
[0.37335886]
1706
[0.01617077]
1707
[0.44535751]
1708
[0.24432233]
1709
[0.95776347]
1710
[0.58280947]
1711
[0.86612883]
1712
[0.67163897]
1713
[0.08068904]
1714
[0.46218836]
1715
[0.94747795]
1716
[0.53886225]
1717
[0.13024655]
1718
[0.76794885]
1719
[0.74831286]
1720
[0.71371611]
1721
[0.64919784]
1722
[0.81844141]
1723
[0.42104628]
1724
[0.33689202]
1725
[0.89231015]
1726
[0.08162408]
1727
[0.95776347]
1728
[0.13866197]
1729
[0.3406322]
1730
[0.79413018]
1731
[0.13585683]
1732
[0.38551448]
1733
[0.64078241]
1734
[0.33034668]
1735
[0.86238864]
1736
[0.29668498]
1737
[0.58841976]
1738
[0.36774858]
1739
[0.07507875]
1740
[0.2695686]
1741
[0.85584331]
1742
[0.30229526]
1743
[0.33689202]
1744
[0.90540082]
1745
[0.90727091]
1746
[0.57719919]
1747
[0.07040352]
1748
[0.22842652]
1749
[0.79319513]
1750
[0.36774858]
1751
[0.90540082]
1752
[0.37242382]
1753
[0.95776347]
1754
[0.67818431]
1755
[0.27050365]
1756
[0.54727767]
1757
[0.81657132]
1758
[0.21720595]
1759
[0.29855507]
1760
[0.39299486]
1761
[0.35933315]
1762
[0.95402328]
1763
[0.63330203]
1764
[0.6089908]
1765
[0.95776347]
1766
[0.39954019]
1767
[0.68940487]
1768
[0.14894749]
1769
[0.87267416]
1770
[0.31258078]
1771
[0.44442246]
1772
[0.00121001]
1773
[0.15081759]
1774
[0.80909094]
1775
[0.64919784]
1776
[0.00121001]
1777
[0.77449418]
1778
[0.63049689]
1779
[0.94747795]
1780
[0.94934804]
1781
[0.42572152]
1782
[0.09284465]
1783
[0.42572152]
1784
[0.39486495]
1785
[0.48275941]
1786
[0.23310176]
1787
[0.31351583]
1788
[0.04609228]
1789
[0.75298809]
1790
[0.26208823]
1791
[0.69595021]
1792
[0.27517889]
1793
[0.82311665]
1794
[0.22562138]
1795
[0.13305169]
1796
[0.77542923]
1797
[0.25834804]
1798
[0.18354425]
1799
[0.56130338]
1800
[0.04889743]
1801
[0.5556931]
1802
[0.01897591]
1803
[0.43600704]
1804
[0.42198133]
1805
[0.05544276]
1806
[0.05544276]
1807
[0.56784872]
1808
[0.0049502]
1809
[0.72867686]
1810
[0.35933315]
1811
[0.24993261]
1812
[0.95776347]
1813
[0.00962544]
1814
[0.63517213]
1815
[0.00588525]
1816
[0.37148877]
1817
[0.26676346]
1818
[0.05450771]
1819
[0.76140352]
1820
[0.56036834]
1821
[0.06292314]
1822
[0.95776347]
1823
[0.08068904]
1824
[0.49117483]
1825
[0.02739134]
1826
[0.38177429]
1827
[0.50333045]
1828
[0.83527226]
1829
[0.67911935]
1830
[0.35652801]
1831
[0.18167415]
1832
[0.01804086]
1833
[0.30603545]
1834
[0.03300162]
1835
[0.15642787]
1836
[0.67350907]
1837
[0.1826092]
1838
[0.38738457]
1839
[0.01991096]
1840
[0.90446577]
1841
[0.83527226]
1842
[0.04515724]
1843
[0.67537916]
1844
[0.48743464]
1845
[0.84368769]
1846
[0.16951854]
1847
[0.15923302]
1848
[0.95776347]
1849
[0.20505034]
1850
[0.41543599]
1851
[0.16390825]
1852
[0.32754154]
1853
[0.29855507]
1854
[0.59590014]
1855
[0.53699215]
1856
[0.95495833]
1857
[0.79226008]
1858
[0.73522219]
1859
[0.29762003]
1860
[0.30790555]
1861
[0.47995426]
1862
[0.29013965]
1863
[0.18167415]
1864
[0.17512882]
1865
[0.3583981]
1866
[0.33876211]
1867
[0.94373776]
1868
[0.59683518]
1869
[0.83059703]
1870
[0.10687036]
1871
[0.01430067]
1872
[0.83807741]
1873
[0.42946171]
1874
[0.57158891]
1875
[0.25834804]
1876
[0.42104628]
1877
[0.13118159]
1878
[0.95776347]
1879
[0.51642111]
1880
[0.12089607]
1881
[0.85864845]
1882
[0.41730609]
1883
[0.65667822]
1884
[0.15175264]
1885
[0.40421543]
1886
[0.50707064]
1887
[0.49023978]
1888
[0.82779188]
1889
[0.49585007]
1890
[0.29387984]
1891
[0.25741299]
1892
[0.32567145]
1893
[0.47153884]
1894
[0.23964709]
1895
[0.01430067]
1896
[0.1807391]
1897
[0.57906928]
1898
[0.2536728]
1899
[0.3051004]
1900
[0.25273775]
1901
[0.06666333]
1902
[0.1826092]
1903
[0.20879053]
1904
[0.80815589]
1905
[0.22655643]
1906
[0.82405169]
1907
[0.75018295]
1908
[0.95776347]
1909
[0.73802734]
1910
[0.07881894]
1911
[0.95776347]
1912
[0.86706387]
1913
[0.45938322]
1914
[0.43413694]
1915
[0.00121001]
1916
[0.20785548]
1917
[0.72026144]
1918
[0.07694885]
1919
[0.95776347]
1920
[0.00121001]
1921
[0.95776347]
1922
[0.28639946]
1923
[0.46499351]
1924
[0.5379272]
1925
[0.27798403]
1926
[0.17419377]
1927
[0.07227361]
1928
[0.82592179]
1929
[0.95776347]
1930
[0.09658484]
1931
[0.85584331]
1932
[0.72867686]
1933
[0.77542923]
1934
[0.36681353]
1935
[0.04702733]
1936
[0.6978203]
1937
[0.95682842]
1938
[0.65387307]
1939
[0.23777699]
1940
[0.54634263]
1941
[0.0760138]
1942
[0.74924791]
1943
[0.66976888]
1944
[0.45283789]
1945
[0.00121001]
1946
[0.05263762]
1947
[0.68379459]
1948
[0.69875535]
1949
[0.56597862]
1950
[0.22001109]
1951
[0.64358755]
1952
[0.09003951]
1953
[0.61460108]
1954
[0.54540758]
1955
[0.3247364]
1956
[0.18354425]
1957
[0.69688525]
1958
[0.17980406]
1959
[0.1807391]
1960
[0.63891232]
1961
[0.66789878]
1962
[0.08536427]
1963
[0.23497185]
1964
[0.07040352]
1965
[0.9110111]
1966
[0.00121001]
1967
[0.36587848]
1968
[0.13679188]
1969
[0.43881218]
1970
[0.89605034]
1971
[0.70156049]
1972
[0.3425023]
1973
[0.17045358]
1974
[0.7155862]
1975
[0.50894073]
1976
[0.72213153]
1977
[0.02552124]
1978
[0.1629732]
1979
[0.28452936]
1980
[0.45844817]
1981
[0.54447253]
1982
[0.53979729]
1983
[0.52670663]
1984
[0.55008282]
1985
[0.39767009]
1986
[0.25460785]
1987
[0.49023978]
1988
[0.10032503]
1989
[0.7333521]
1990
[0.95776347]
1991
[0.02178105]
1992
[0.76327362]
1993
[0.19569986]
1994
[0.31725602]
1995
[0.01991096]
1996
[0.95776347]
1997
[0.55849824]
1998
[0.07788389]
1999
[0.28265927]
2000
[0.95776347]
2001
[0.05731285]
2002
[0.92690691]
2003
[0.25928308]
2004
[0.06011799]
2005
[0.6267567]
2006
[0.91942653]
2007
[0.376164]
2008
[0.33034668]
2009
[0.23029662]
2010
[0.30416536]
2011
[0.02365115]
2012
[0.52951177]
2013
[0.32099621]
2014
[0.15268768]
2015
[0.72026144]
2016
[0.91849148]
2017
[0.78945494]
2018
[0.12463626]
2019
[0.91755643]
2020
[0.40515047]
2021
[0.8951153]
2022
[0.06572828]
2023
[0.95776347]
2024
[0.08629932]
2025
[0.72306658]
2026
[0.69033992]
2027
[0.75392314]
2028
[0.24712747]
2029
[0.74176753]
2030
[0.49959026]
2031
[0.04141705]
2032
[0.07694885]
2033
[0.26769851]
2034
[0.86425873]
2035
[0.44816265]
2036
[0.28359432]
2037
[0.51455102]
2038
[0.32193126]
2039
[0.31632097]
2040
[0.17793396]
2041
[0.33408687]
2042
[0.17045358]
2043
[0.5556931]
2044
[0.35091773]
2045
[0.02739134]
2046
[0.18447929]
2047
[0.46499351]
2048
[0.26863356]
2049
[0.84462274]
2050
[0.0563778]
2051
[0.62582165]
2052
[0.87080406]
2053
[0.90353072]
2054
[0.48930474]
2055
[0.38551448]
2056
[0.06011799]
2057
[0.46592855]
2058
[0.63236698]
2059
[0.31445088]
2060
[0.17419377]
2061
[0.46405846]
2062
[0.14053207]
2063
[0.5379272]
2064
[0.46218836]
2065
[0.95776347]
2066
[0.15923302]
2067
[0.61647118]
2068
[0.19476482]
2069
[0.39299486]
2070
[0.73709229]
2071
[0.50520054]
2072
[0.34437239]
2073
[0.91194615]
2074
[0.87454425]
2075
[0.38925467]
2076
[0.08255913]
2077
[0.33221678]
2078
[0.17512882]
2079
[0.75392314]
2080
[0.63143194]
2081
[0.50800568]
2082
[0.00121001]
2083
[0.94280271]
2084
[0.01243058]
2085
[0.5379272]
2086
[0.42291637]
2087
[0.24619242]
2088
[0.90446577]
2089
[0.3406322]
2090
[0.573459]
2091
[0.09845494]
2092
[0.01991096]
2093
[0.84742788]
2094
[0.14053207]
2095
[0.12650636]
2096
[0.64171746]
2097
[0.20318024]
2098
[0.75859838]
2099
[0.06292314]
2100
[0.01149553]
2101
[0.3583981]
2102
[0.87173911]
2103
[0.13866197]
2104
[0.01617077]
2105
[0.47434398]
2106
[0.47060379]
2107
[0.42665656]
2108
[0.21440081]
2109
[0.72119648]
2110
[0.85210312]
2111
[0.47901922]
2112
[0.90259567]
2113
[0.70530068]
2114
[0.09003951]
2115
[0.93345224]
2116
[0.37896915]
2117
[0.6267567]
2118
[0.17512882]
2119
[0.48836969]
2120
[0.23216671]
2121
[0.65013288]
2122
[0.29387984]
2123
[0.95776347]
2124
[0.0760138]
2125
[0.56784872]
2126
[0.15923302]
2127
[0.28546441]
2128
[0.85210312]
2129
[0.49865521]
2130
[0.06853342]
2131
[0.74737781]
2132
[0.45564303]
2133
[0.07507875]
2134
[0.47995426]
2135
[0.43787713]
2136
[0.56130338]
2137
[0.41263085]
2138
[0.58654966]
2139
[0.71932639]
2140
[0.95776347]
2141
[0.5556931]
2142
[0.44629256]
2143
[0.72119648]
2144
[0.91942653]
2145
[0.00121001]
2146
[0.02365115]
2147
[0.95776347]
2148
[0.53138187]
2149
[0.04983247]
2150
[0.63891232]
2151
[0.09938998]
2152
[0.07881894]
2153
[0.39205981]
2154
[0.69127497]
2155
[0.8221816]
2156
[0.83153207]
2157
[0.40234533]
2158
[0.95776347]
2159
[0.13211664]
2160
[0.6445226]
2161
[0.20785548]
2162
[0.68566468]
2163
[0.45190284]
2164
[0.0227161]
2165
[0.05263762]
2166
[0.28639946]
2167
[0.1096755]
2168
[0.67818431]
2169
[0.42759161]
2170
[0.61834127]
2171
[0.64545765]
2172
[0.04702733]
2173
[0.40141028]
2174
[0.65293803]
2175
[0.91475129]
2176
[0.94373776]
2177
[0.36213829]
2178
[0.55195291]
2179
[0.93251719]
2180
[0.00962544]
2181
[0.95776347]
2182
[0.46779865]
2183
[0.89698539]
2184
[0.15175264]
2185
[0.92036157]
2186
[0.77449418]
2187
[0.64078241]
2188
[0.14614235]
2189
[0.43507199]
2190
[0.56130338]
2191
[0.40702057]
2192
[0.91662138]
2193
[0.53979729]
2194
[0.05357266]
2195
[0.87641435]
2196
[0.27985413]
2197
[0.15923302]
2198
[0.63610717]
2199
[0.79787037]
2200
[0.29574993]
2201
[0.48743464]
2202
[0.95402328]
2203
[0.44629256]
2204
[0.34998268]
2205
[0.53979729]
2206
[0.67257402]
2207
[0.66135345]
2208
[0.00121001]
2209
[0.93719243]
2210
[0.45190284]
2211
[0.6978203]
2212
[0.61179594]
2213
[0.15549283]
2214
[0.95776347]
2215
[0.80067551]
2216
[0.66322355]
2217
[0.24338728]
2218
[0.14894749]
2219
[0.08910446]
2220
[0.5379272]
2221
[0.19476482]
2222
[0.41076076]
2223
[0.74083248]
2224
[0.59590014]
2225
[0.29387984]
2226
[0.08723437]
2227
[0.30884059]
2228
[0.2162709]
2229
[0.55382301]
2230
[0.39486495]
2231
[0.35091773]
2232
[0.38738457]
2233
[0.40141028]
2234
[0.43694208]
2235
[0.32006116]
2236
[0.79132504]
2237
[0.50426549]
2238
[0.00214506]
2239
[0.4135659]
2240
[0.22375128]
2241
[0.59870528]
2242
[0.84649283]
2243
[0.72493667]
2244
[0.09658484]
2245
[0.48930474]
2246
[0.45377294]
2247
[0.43507199]
2248
[0.36120325]
2249
[0.70717077]
2250
[0.10219513]
2251
[0.03580676]
2252
[0.62301651]
2253
[0.20598538]
2254
[0.34343735]
2255
[0.92690691]
2256
[0.14614235]
2257
[0.85490826]
2258
[0.39205981]
2259
[0.16110311]
2260
[0.95776347]
2261
[0.58280947]
2262
[0.18728444]
2263
[0.77355914]
2264
[0.3958]
2265
[0.53231692]
2266
[0.34343735]
2267
[0.1470774]
2268
[0.83714236]
2269
[0.69221002]
2270
[0.23964709]
2271
[0.54727767]
2272
[0.00121001]
2273
[0.83714236]
2274
[0.21907605]
2275
[0.30136022]
2276
[0.91475129]
2277
[0.17793396]
2278
[0.69314506]
2279
[0.03113153]
2280
[0.56691367]
2281
[0.76981895]
2282
[0.5556931]
2283
[0.95776347]
2284
[0.58654966]
2285
[0.40608552]
2286
[0.26582842]
2287
[0.63891232]
2288
[0.72493667]
2289
[0.39205981]
2290
[0.94560785]
2291
[0.67163897]
2292
[0.59496509]
2293
[0.31632097]
2294
[0.95776347]
2295
[0.25741299]
2296
[0.49304493]
2297
[0.46312341]
2298
[0.48743464]
2299
[0.3406322]
2300
[0.71184601]
2301
[0.82124655]
2302
[0.13959702]
2303
[0.02926143]
2304
[0.42759161]
2305
[0.95776347]
2306
[0.66415859]
2307
[0.60805575]
2308
[0.45003275]
2309
[0.78010447]
2310
[0.0563778]
2311
[0.58935481]
2312
[0.81937646]
2313
[0.33782706]
2314
[0.43226685]
2315
[0.28078917]
2316
[0.45003275]
2317
[0.63610717]
2318
[0.00121001]
2319
[0.03113153]
2320
[0.52670663]
2321
[0.19102463]
2322
[0.21533586]
2323
[0.44535751]
2324
[0.55195291]
2325
[0.72026144]
2326
[0.17512882]
2327
[0.86519378]
2328
[0.82498674]
2329
[0.57252395]
2330
[0.11715588]
2331
[0.40234533]
2332
[0.05076752]
2333
[0.95776347]
2334
[0.12557131]
2335
[0.90259567]
2336
[0.52764168]
2337
[0.30977564]
2338
[0.05076752]
2339
[0.58935481]
2340
[0.39486495]
2341
[0.10406522]
2342
[0.06105304]
2343
[0.45377294]
2344
[0.09564979]
2345
[0.28359432]
2346
[0.95776347]
2347
[0.71091096]
2348
[0.70530068]
2349
[0.95776347]
2350
[0.16764844]
2351
[0.90353072]
2352
[0.06479323]
2353
[0.70530068]
2354
[0.28359432]
2355
[0.84742788]
2356
[0.90259567]
2357
[0.53044682]
2358
[0.38364438]
2359
[0.32941164]
2360
[0.93251719]
2361
[0.83901245]
2362
[0.85958349]
2363
[0.66976888]
2364
[0.00121001]
2365
[0.40982571]
2366
[0.92036157]
2367
[0.10500027]
2368
[0.33595697]
2369
[0.91568634]
2370
[0.28172422]
2371
[0.79226008]
2372
[0.28172422]
2373
[0.41543599]
2374
[0.16203816]
2375
[0.90727091]
2376
[0.92690691]
2377
[0.62488661]
2378
[0.88295968]
2379
[0.37522896]
2380
[0.95776347]
2381
[0.82405169]
2382
[0.71745629]
2383
[0.04796238]
2384
[0.88202463]
2385
[0.82031151]
2386
[0.33782706]
2387
[0.45657808]
2388
[0.06759837]
2389
[0.27985413]
2390
[0.38083924]
2391
[0.3602682]
2392
[0.77636428]
2393
[0.90259567]
2394
[0.42291637]
2395
[0.14894749]
2396
[0.89979053]
2397
[0.10780541]
2398
[0.60712071]
2399
[0.53418701]
2400
[0.39112476]
2401
[0.15549283]
2402
[0.59309499]
2403
[0.91381624]
2404
[0.21720595]
2405
[0.94280271]
2406
[0.49678512]
2407
[0.67631421]
2408
[0.51829121]
2409
[0.15268768]
2410
[0.08536427]
2411
[0.02645629]
2412
[0.03393667]
2413
[0.41824114]
2414
[0.35185277]
2415
[0.68846983]
2416
[0.39954019]
2417
[0.46405846]
2418
[0.1274414]
2419
[0.72493667]
2420
[0.30884059]
2421
[0.72961191]
2422
[0.67163897]
2423
[0.63049689]
2424
[0.01804086]
2425
[0.80815589]
2426
[0.62769175]
2427
[0.5912249]
2428
[0.83246712]
2429
[0.19663491]
2430
[0.57719919]
2431
[0.95776347]
2432
[0.82311665]
2433
[0.93719243]
2434
[0.49959026]
2435
[0.07133856]
2436
[0.65200298]
2437
[0.80909094]
2438
[0.26395832]
2439
[0.47153884]
2440
[0.28826955]
2441
[0.17138863]
2442
[0.85864845]
2443
[0.68566468]
2444
[0.53886225]
2445
[0.82311665]
2446
[0.25273775]
2447
[0.69595021]
2448
[0.93625738]
2449
[0.82779188]
2450
[0.70904087]
2451
[0.85116807]
2452
[0.3228663]
2453
[0.34904763]
2454
[0.00121001]
2455
[0.69314506]
2456
[0.88295968]
2457
[0.43881218]
2458
[0.87080406]
2459
[0.84742788]
2460
[0.76701381]
2461
[0.35278782]
2462
[0.78851989]
2463
[0.59496509]
2464
[0.93158214]
2465
[0.11341569]
2466
[0.77168904]
2467
[0.41450095]
2468
[0.2536728]
2469
[0.0227161]
2470
[0.92597186]
2471
[0.02739134]
2472
[0.83901245]
2473
[0.3583981]
2474
[0.87921949]
2475
[0.29387984]
2476
[0.63330203]
2477
[0.36213829]
2478
[0.32941164]
2479
[0.62395156]
2480
[0.78290961]
2481
[0.11061055]
2482
[0.04328714]
2483
[0.22188119]
2484
[0.16764844]
2485
[0.26021813]
2486
[0.92503681]
2487
[0.90353072]
2488
[0.62395156]
2489
[0.91381624]
2490
[0.27891908]
2491
[0.06853342]
2492
[0.3780341]
2493
[0.85210312]
2494
[0.01336563]
2495
[0.86051854]
2496
[0.45283789]
2497
[0.74083248]
2498
[0.52203139]
2499
[0.08068904]
2500
[0.74644276]
2501
[0.12463626]
2502
[0.9306471]
2503
[0.48649959]
2504
[0.65574317]
2505
[0.00121001]
2506
[0.12089607]
2507
[0.78758485]
2508
[0.05076752]
2509
[0.0227161]
2510
[0.05731285]
2511
[0.18167415]
2512
[0.75672828]
2513
[0.67537916]
2514
[0.81189608]
2515
[0.75298809]
2516
[0.04983247]
2517
[0.21346576]
2518
[0.92129662]
2519
[0.52203139]
2520
[0.67070393]
2521
[0.95776347]
2522
[0.91755643]
2523
[0.92316672]
2524
[0.41543599]
2525
[0.54634263]
2526
[0.08068904]
2527
[0.02645629]
2528
[0.53044682]
2529
[0.22655643]
2530
[0.31351583]
2531
[0.23777699]
2532
[0.46873369]
2533
[0.91007605]
2534
[0.20318024]
2535
[0.04609228]
2536
[0.93625738]
2537
[0.6445226]
2538
[0.34904763]
2539
[0.49678512]
2540
[0.06385818]
2541
[0.30229526]
2542
[0.01336563]
2543
[0.16671339]
2544
[0.45377294]
2545
[0.08068904]
2546
[0.30229526]
2547
[0.60244547]
2548
[0.85490826]
2549
[0.21159567]
2550
[0.37522896]
2551
[0.25460785]
2552
[0.26676346]
2553
[0.95776347]
2554
[0.41917618]
2555
[0.81002598]
2556
[0.14240216]
2557
[0.47247388]
2558
[0.44442246]
2559
[0.62956184]
2560
[0.67444412]
2561
[0.38925467]
2562
[0.18541434]
2563
[0.95776347]
2564
[0.35278782]
2565
[0.11809093]
2566
[0.49210988]
2567
[0.21533586]
2568
[0.82031151]
2569
[0.69595021]
2570
[0.56223843]
2571
[0.00121001]
2572
[0.44535751]
2573
[0.55195291]
2574
[0.74831286]
2575
[0.34624249]
2576
[0.93438728]
2577
[0.44629256]
2578
[0.07133856]
2579
[0.44255237]
2580
[0.82592179]
2581
[0.21440081]
2582
[0.30603545]
2583
[0.95776347]
2584
[0.03767686]
2585
[0.31725602]
2586
[0.42478647]
2587
[0.49210988]
2588
[0.53886225]
2589
[0.68192449]
2590
[0.376164]
2591
[0.02178105]
2592
[0.32754154]
2593
[0.00121001]
2594
[0.49397997]
2595
[0.87080406]
2596
[0.06759837]
2597
[0.41076076]
2598
[0.90727091]
2599
[0.81844141]
2600
[0.75298809]
2601
[0.72213153]
2602
[0.00121001]
2603
[0.42759161]
2604
[0.87360921]
2605
[0.72774182]
2606
[0.35372287]
2607
[0.56691367]
2608
[0.62301651]
2609
[0.88763492]
2610
[0.53325196]
2611
[0.84649283]
2612
[0.7688839]
2613
[0.95776347]
2614
[0.32099621]
2615
[0.51642111]
2616
[0.63797727]
2617
[0.01523572]
2618
[0.54821272]
2619
[0.50052531]
2620
[0.26021813]
2621
[0.60525061]
2622
[0.72119648]
2623
[0.64078241]
2624
[0.87360921]
2625
[0.45003275]
2626
[0.73896238]
2627
[0.16951854]
2628
[0.61834127]
2629
[0.11809093]
2630
[0.79226008]
2631
[0.80535075]
2632
[0.12837645]
2633
[0.94560785]
2634
[0.46125332]
2635
[0.90914101]
2636
[0.89418025]
2637
[0.3425023]
2638
[0.74644276]
2639
[0.87080406]
2640
[0.95776347]
2641
[0.22749147]
2642
[0.78197456]
2643
[0.36494344]
2644
[0.07133856]
2645
[0.2892046]
2646
[0.15362273]
2647
[0.70436563]
2648
[0.54634263]
2649
[0.12370122]
2650
[0.60151042]
2651
[0.16110311]
2652
[0.59309499]
2653
[0.32847659]
2654
[0.76420866]
2655
[0.48836969]
2656
[0.82779188]
2657
[0.3583981]
2658
[0.40608552]
2659
[0.23497185]
2660
[0.70997592]
2661
[0.93345224]
2662
[0.06105304]
2663
[0.57532909]
2664
[0.50333045]
2665
[0.87267416]
2666
[0.45283789]
2667
[0.62301651]
2668
[0.31351583]
2669
[0.61927632]
2670
[0.82311665]
2671
[0.10500027]
2672
[0.68753478]
2673
[0.09097456]
2674
[0.77075399]
2675
[0.49304493]
2676
[0.61366604]
2677
[0.3602682]
2678
[0.49210988]
2679
[0.15923302]
2680
[0.85303816]
2681
[0.2518027]
2682
[0.60244547]
2683
[0.6800544]
2684
[0.25741299]
2685
[0.11902598]
2686
[0.15455778]
2687
[0.09751989]
2688
[0.44722761]
2689
[0.34156725]
2690
[0.13305169]
2691
[0.90259567]
2692
[0.21907605]
2693
[0.00121001]
2694
[0.30884059]
2695
[0.24058214]
2696
[0.38831962]
2697
[0.24619242]
2698
[0.35091773]
2699
[0.5379272]
2700
[0.04796238]
2701
[0.05076752]
2702
[0.23310176]
2703
[0.4313318]
2704
[0.51268092]
2705
[0.27798403]
2706
[0.00775534]
2707
[0.88389473]
2708
[0.27704898]
2709
[0.47714912]
2710
[0.07507875]
2711
[0.1274414]
2712
[0.66135345]
2713
[0.218141]
2714
[0.61834127]
2715
[0.49117483]
2716
[0.5379272]
2717
[0.89605034]
2718
[0.4668636]
2719
[0.89885548]
2720
[0.57813424]
2721
[0.71091096]
2722
[0.47527903]
2723
[0.65200298]
2724
[0.88202463]
2725
[0.58654966]
2726
[0.69408011]
2727
[0.18821948]
2728
[0.07788389]
2729
[0.95028309]
2730
[0.17138863]
2731
[0.30323031]
2732
[0.39112476]
2733
[0.81657132]
2734
[0.27237375]
2735
[0.1470774]
2736
[0.42852666]
2737
[0.84181759]
2738
[0.03019648]
2739
[0.52203139]
2740
[0.71745629]
2741
[0.45377294]
2742
[0.88576482]
2743
[0.36307334]
2744
[0.70343058]
2745
[0.16951854]
2746
[0.11061055]
2747
[0.61834127]
2748
[0.42385142]
2749
[0.56691367]
2750
[0.61647118]
2751
[0.27611394]
2752
[0.46966874]
2753
[0.85023302]
2754
[0.07507875]
2755
[0.57439405]
2756
[0.84836293]
2757
[0.00775534]
2758
[0.72213153]
2759
[0.1807391]
2760
[0.30603545]
2761
[0.01897591]
2762
[0.33315183]
2763
[0.82031151]
2764
[0.08255913]
2765
[0.9128812]
2766
[0.42665656]
2767
[0.50333045]
2768
[0.25647794]
2769
[0.93812747]
2770
[0.19195967]
2771
[0.80815589]
2772
[0.5379272]
2773
[0.30977564]
2774
[0.67163897]
2775
[0.75953343]
2776
[0.86612883]
2777
[0.05263762]
2778
[0.00214506]
2779
[0.25086766]
2780
[0.30884059]
2781
[0.2518027]
2782
[0.20224519]
2783
[0.27611394]
2784
[0.73709229]
2785
[0.39486495]
2786
[0.57813424]
2787
[0.53699215]
2788
[0.81376617]
2789
[0.65387307]
2790
[0.82311665]
2791
[0.5556931]
2792
[0.01897591]
2793
[0.33689202]
2794
[0.28546441]
2795
[0.19289472]
2796
[0.61834127]
2797
[0.80535075]
2798
[0.78477971]
2799
[0.28078917]
2800
[0.44535751]
2801
[0.25741299]
2802
[0.36587848]
2803
[0.43039675]
2804
[0.95776347]
2805
[0.06946847]
2806
[0.3958]
2807
[0.93999757]
2808
[0.57158891]
2809
[0.37709905]
2810
[0.74550772]
2811
[0.95776347]
2812
[0.72213153]
2813
[0.92129662]
2814
[0.58000433]
2815
[0.28172422]
2816
[0.13866197]
2817
[0.95121814]
2818
[0.19008958]
2819
[0.82124655]
2820
[0.59870528]
2821
[0.37709905]
2822
[0.30977564]
2823
[0.00121001]
2824
[0.91849148]
2825
[0.54260244]
2826
[0.75298809]
2827
[0.66509364]
2828
[0.87828444]
2829
[0.10219513]
2830
[0.66135345]
2831
[0.68098945]
2832
[0.46779865]
2833
[0.17980406]
2834
[0.39860514]
2835
[0.02365115]
2836
[0.67163897]
2837
[0.95776347]
2838
[0.82405169]
2839
[0.48369445]
2840
[0.73241705]
2841
[0.31538593]
2842
[0.32941164]
2843
[0.38083924]
2844
[0.75766333]
2845
[0.35933315]
2846
[0.58000433]
2847
[0.79319513]
2848
[0.92316672]
2849
[0.73896238]
2850
[0.54821272]
2851
[0.82779188]
2852
[0.3602682]
2853
[0.48836969]
2854
[0.84088255]
2855
[0.01897591]
2856
[0.82966198]
2857
[0.76514371]
2858
[0.95682842]
2859
[0.30977564]
2860
[0.57719919]
2861
[0.90166063]
2862
[0.00775534]
2863
[0.81002598]
2864
[0.82124655]
2865
[0.65948336]
2866
[0.55662815]
2867
[0.95776347]
2868
[0.42104628]
2869
[0.38083924]
2870
[0.3780341]
2871
[0.47901922]
2872
[0.6978203]
2873
[0.40795562]
2874
[0.42946171]
2875
[0.17232368]
2876
[0.54914777]
2877
[0.22375128]
2878
[0.60618566]
2879
[0.95776347]
2880
[0.44255237]
2881
[0.11996103]
2882
[0.95776347]
2883
[0.36681353]
2884
[0.49865521]
2885
[0.85584331]
2886
[0.71745629]
2887
[0.44816265]
2888
[0.85584331]
2889
[0.26115318]
2890
[0.15923302]
2891
[0.65948336]
2892
[0.37148877]
2893
[0.54821272]
2894
[0.74083248]
2895
[0.46125332]
2896
[0.93906252]
2897
[0.12276617]
2898
[0.83901245]
2899
[0.80722084]
2900
[0.10780541]
2901
[0.53138187]
2902
[0.73522219]
2903
[0.39205981]
2904
[0.47995426]
2905
[0.72493667]
2906
[0.84649283]
2907
[0.39112476]
2908
[0.84742788]
2909
[0.81283113]
2910
[0.10219513]
2911
[0.66789878]
2912
[0.82311665]
2913
[0.86519378]
2914
[0.42665656]
2915
[0.21066062]
2916
[0.17232368]
2917
[0.86893397]
2918
[0.3228663]
2919
[0.80535075]
2920
[0.60338052]
2921
[0.22375128]
2922
[0.42852666]
2923
[0.81376617]
2924
[0.89137511]
2925
[0.32567145]
2926
[0.78197456]
2927
[0.05731285]
2928
[0.50426549]
2929
[0.10219513]
2930
[0.95776347]
2931
[0.70156049]
2932
[0.32754154]
2933
[0.95776347]
2934
[0.10126008]
2935
[0.44629256]
2936
[0.29574993]
2937
[0.95776347]
2938
[0.07788389]
2939
[0.51922625]
2940
[0.21253072]
2941
[0.71652125]
2942
[0.49865521]
2943
[0.8221816]
2944
[0.68846983]
2945
[0.78010447]
2946
[0.30323031]
2947
[0.15268768]
2948
[0.39018972]
2949
[0.01056048]
2950
[0.218141]
2951
[0.6445226]
2952
[0.20131015]
2953
[0.01804086]
2954
[0.5556931]
2955
[0.75953343]
2956
[0.19944005]
2957
[0.94934804]
2958
[0.32847659]
2959
[0.50707064]
2960
[0.63610717]
2961
[0.53605711]
2962
[0.56971881]
2963
[0.06853342]
2964
[0.49678512]
2965
[0.73896238]
2966
[0.12183112]
2967
[0.95308823]
2968
[0.03300162]
2969
[0.78010447]
2970
[0.36213829]
2971
[0.28639946]
2972
[0.84181759]
2973
[0.83714236]
2974
[0.57813424]
2975
[0.38644953]
2976
[0.77168904]
2977
[0.12557131]
2978
[0.36961867]
2979
[0.42104628]
2980
[0.16390825]
2981
[0.39112476]
2982
[0.34624249]
2983
[0.11715588]
2984
[0.13866197]
2985
[0.95776347]
2986
[0.05263762]
2987
[0.0937797]
2988
[0.95776347]
2989
[0.95776347]
2990
[0.33969716]
2991
[0.08816942]
2992
[0.60712071]
2993
[0.44442246]
2994
[0.95308823]
2995
[0.09938998]
2996
[0.7866498]
2997
[0.0049502]
2998
[0.17980406]
2999
[0.29949012]
3000
[0.12837645]
3001
[0.80815589]
3002
[0.16951854]
3003
[0.45657808]
3004
[0.11248065]
3005
[0.79880542]
3006
[0.63704222]
3007
[0.02365115]
3008
[0.14894749]
3009
[0.65761326]
3010
[0.43039675]
3011
[0.29668498]
3012
[0.64919784]
3013
[0.87267416]
3014
[0.44722761]
3015
[0.20318024]
3016
[0.52670663]
3017
[0.59964033]
3018
[0.20318024]
3019
[0.73054696]
3020
[0.56597862]
3021
[0.65293803]
3022
[0.44722761]
3023
[0.4313318]
3024
[0.19382977]
3025
[0.88108958]
3026
[0.1470774]
3027
[0.24899756]
3028
[0.34530744]
3029
[0.94280271]
3030
[0.54914777]
3031
[0.12837645]
3032
[0.83714236]
3033
[0.28639946]
3034
[0.04609228]
3035
[0.70062544]
3036
[0.95776347]
3037
[0.92410176]
3038
[0.03113153]
3039
[0.45844817]
3040
[0.20224519]
3041
[0.2892046]
3042
[0.16110311]
3043
[0.80161056]
3044
[0.29200974]
3045
[0.95215318]
3046
[0.51268092]
3047
[0.58374452]
3048
[0.78010447]
3049
[0.65948336]
3050
[0.8773494]
3051
[0.12183112]
3052
[0.49678512]
3053
[0.51455102]
3054
[0.10313017]
3055
[0.73522219]
3056
[0.43226685]
3057
[0.60431556]
3058
[0.86051854]
3059
[0.70436563]
3060
[0.77355914]
3061
[0.29200974]
3062
[0.43413694]
3063
[0.91007605]
3064
[0.42572152]
3065
[0.47060379]
3066
[0.11061055]
3067
[0.66135345]
3068
[0.18634939]
3069
[0.1293115]
3070
[0.87267416]
3071
[0.17886901]
3072
[0.60618566]
3073
[0.24432233]
3074
[0.47340893]
3075
[0.91475129]
3076
[0.78290961]
3077
[0.78758485]
3078
[0.07320866]
3079
[0.09284465]
3080
[0.77542923]
3081
[0.48930474]
3082
[0.84368769]
3083
[0.39673505]
3084
[0.59403004]
3085
[0.27704898]
3086
[0.40234533]
3087
[0.51268092]
3088
[0.16390825]
3089
[0.376164]
3090
[0.3406322]
3091
[0.19569986]
3092
[0.73896238]
3093
[0.59870528]
3094
[0.40889066]
3095
[0.56597862]
3096
[0.45564303]
3097
[0.33782706]
3098
[0.20411529]
3099
[0.68192449]
3100
[0.00121001]
3101
[0.08162408]
3102
[0.55475805]
3103
[0.25554289]
3104
[0.27424384]
3105
[0.75205305]
3106
[0.95776347]
3107
[0.51735616]
3108
[0.00121001]
3109
[0.60338052]
3110
[0.72493667]
3111
[0.1807391]
3112
[0.23029662]
3113
[0.20411529]
3114
[0.7866498]
3115
[0.95028309]
3116
[0.80722084]
3117
[0.37148877]
3118
[0.78010447]
3119
[0.52670663]
3120
[0.42759161]
3121
[0.45657808]
3122
[0.0919096]
3123
[0.95776347]
3124
[0.80628579]
3125
[0.20879053]
3126
[0.64639269]
3127
[0.08536427]
3128
[0.06946847]
3129
[0.11809093]
3130
[0.56223843]
3131
[0.30790555]
3132
[0.84649283]
3133
[0.5912249]
3134
[0.85864845]
3135
[0.95776347]
3136
[0.0760138]
3137
[0.32380135]
3138
[0.39299486]
3139
[0.32754154]
3140
[0.23029662]
3141
[0.72026144]
3142
[0.15642787]
3143
[0.68566468]
3144
[0.37242382]
3145
[0.52390149]
3146
[0.64545765]
3147
[0.65667822]
3148
[0.22094614]
3149
[0.44348742]
3150
[0.31164574]
3151
[0.95776347]
3152
[0.62301651]
3153
[0.31071069]
3154
[0.23871204]
3155
[0.00121001]
3156
[0.08629932]
3157
[0.82498674]
3158
[0.23684195]
3159
[0.67163897]
3160
[0.9465429]
3161
[0.09751989]
3162
[0.95776347]
3163
[0.18447929]
3164
[0.88295968]
3165
[0.73615724]
3166
[0.84368769]
3167
[0.36400839]
3168
[0.29107469]
3169
[0.62208146]
3170
[0.61927632]
3171
[0.83246712]
3172
[0.1115456]
3173
[0.3958]
3174
[0.21066062]
3175
[0.35559296]
3176
[0.25086766]
3177
[0.10874046]
3178
[0.2714387]
3179
[0.95776347]
3180
[0.68940487]
3181
[0.54260244]
3182
[0.81470122]
3183
[0.65480812]
3184
[0.47995426]
3185
[0.51455102]
3186
[0.04141705]
3187
[0.73241705]
3188
[0.36774858]
3189
[0.83714236]
3190
[0.41076076]
3191
[0.68753478]
3192
[0.42478647]
3193
[0.14053207]
3194
[0.52577158]
3195
[0.95776347]
3196
[0.23216671]
3197
[0.17606387]
3198
[0.81750636]
3199
[0.35933315]
3200
[0.48743464]
3201
[0.55101786]
3202
[0.60244547]
3203
[0.79038999]
3204
[0.40234533]
3205
[0.49210988]
3206
[0.06105304]
3207
[0.86986902]
3208
[0.66789878]
3209
[0.32380135]
3210
[0.1648433]
3211
[0.50707064]
3212
[0.15362273]
3213
[0.3425023]
3214
[0.51922625]
3215
[0.49397997]
3216
[0.5556931]
3217
[0.95776347]
3218
[0.22842652]
3219
[0.42198133]
3220
[0.0386119]
3221
[0.82311665]
3222
[0.56784872]
3223
[0.95121814]
3224
[0.64639269]
3225
[0.47901922]
3226
[0.5023954]
3227
[0.47153884]
3228
[0.30790555]
3229
[0.58467957]
3230
[0.36868363]
3231
[0.80909094]
3232
[0.86332368]
3233
[0.31819107]
3234
[0.67070393]
3235
[0.43881218]
3236
[0.24899756]
3237
[0.95776347]
3238
[0.22936157]
3239
[0.65013288]
3240
[0.75859838]
3241
[0.72400163]
3242
[0.06011799]
3243
[0.2518027]
3244
[0.70249554]
3245
[0.24245223]
3246
[0.95776347]
3247
[0.45190284]
3248
[0.52296644]
3249
[0.50426549]
3250
[0.43974723]
3251
[0.45938322]
3252
[0.92597186]
3253
[0.01804086]
3254
[0.95776347]
3255
[0.10126008]
3256
[0.42385142]
3257
[0.68566468]
3258
[0.78851989]
3259
[0.6622885]
3260
[0.47060379]
3261
[0.91755643]
3262
[0.42385142]
3263
[0.21720595]
3264
[0.7688839]
3265
[0.56784872]
3266
[0.11902598]
3267
[0.31819107]
3268
[0.09751989]
3269
[0.51829121]
3270
[0.13959702]
3271
[0.72400163]
3272
[0.56504357]
3273
[0.9465429]
3274
[0.00121001]
3275
[0.72961191]
3276
[0.20692043]
3277
[0.02645629]
3278
[0.60618566]
3279
[0.55008282]
3280
[0.30042517]
3281
[0.49397997]
3282
[0.04422219]
3283
[0.41824114]
3284
[0.55849824]
3285
[0.85490826]
3286
[0.85303816]
3287
[0.78571475]
3288
[0.88482977]
3289
[0.42011123]
3290
[0.47247388]
3291
[0.00682029]
3292
[0.47527903]
3293
[0.53418701]
3294
[0.57439405]
3295
[0.95776347]
3296
[0.06946847]
3297
[0.31164574]
3298
[0.42572152]
3299
[0.82872693]
3300
[0.67163897]
3301
[0.80909094]
3302
[0.06385818]
3303
[0.32006116]
3304
[0.02926143]
3305
[0.92129662]
3306
[0.73241705]
3307
[0.33595697]
3308
[0.49865521]
3309
[0.00121001]
3310
[0.81002598]
3311
[0.90166063]
3312
[0.24058214]
3313
[0.69595021]
3314
[0.52203139]
3315
[0.65106793]
3316
[0.5556931]
3317
[0.54821272]
3318
[0.59590014]
3319
[0.09564979]
3320
[0.08162408]
3321
[0.31164574]
3322
[0.0741437]
3323
[0.36307334]
3324
[0.05544276]
3325
[0.15736292]
3326
[0.70436563]
3327
[0.00121001]
3328
[0.56784872]
3329
[0.32847659]
3330
[0.77916942]
3331
[0.78384466]
3332
[0.10219513]
3333
[0.39018972]
3334
[0.35372287]
3335
[0.64826279]
3336
[0.3247364]
3337
[0.64078241]
3338
[0.83714236]
3339
[0.32847659]
3340
[0.57439405]
3341
[0.81844141]
3342
[0.95776347]
3343
[0.87828444]
3344
[0.95776347]
3345
[0.95776347]
3346
[0.05544276]
3347
[0.58561462]
3348
[0.00121001]
3349
[0.06011799]
3350
[0.14053207]
3351
[0.95776347]
3352
[0.64545765]
3353
[0.65854831]
3354
[0.03487172]
3355
[0.44161732]
3356
[0.79038999]
3357
[0.44348742]
3358
[0.01991096]
3359
[0.38925467]
3360
[0.01336563]
3361
[0.25460785]
3362
[0.86519378]
3363
[0.69314506]
3364
[0.23310176]
3365
[0.51548606]
3366
[0.40328038]
3367
[0.71278106]
3368
[0.44816265]
3369
[0.8754793]
3370
[0.92036157]
3371
[0.83059703]
3372
[0.12370122]
3373
[0.26582842]
3374
[0.89418025]
3375
[0.95028309]
3376
[0.95776347]
3377
[0.01056048]
3378
[0.32754154]
3379
[0.4135659]
3380
[0.376164]
3381
[0.00121001]
3382
[0.24712747]
3383
[0.95776347]
3384
[0.88856996]
3385
[0.13772693]
3386
[0.04328714]
3387
[0.74083248]
3388
[0.1629732]
3389
[0.29481488]
3390
[0.95776347]
3391
[0.8773494]
3392
[0.13492178]
3393
[0.3583981]
3394
[0.41169581]
3395
[0.06011799]
3396
[0.46779865]
3397
[0.17232368]
3398
[0.81844141]
3399
[0.92223167]
3400
[0.61647118]
3401
[0.22375128]
3402
[0.52390149]
3403
[0.42385142]
3404
[0.92410176]
3405
[0.93532233]
3406
[0.54353748]
3407
[0.28078917]
3408
[0.24338728]
3409
[0.16203816]
3410
[0.44161732]
3411
[0.70530068]
3412
[0.04889743]
3413
[0.72026144]
3414
[0.28546441]
3415
[0.3425023]
3416
[0.95776347]
3417
[0.17045358]
3418
[0.75392314]
3419
[0.37709905]
3420
[0.86519378]
3421
[0.79974046]
3422
[0.19756996]
3423
[0.00121001]
3424
[0.95776347]
3425
[0.95776347]
3426
[0.24525737]
3427
[0.2359069]
3428
[0.74737781]
3429
[0.82311665]
3430
[0.4490977]
3431
[0.6978203]
3432
[0.93999757]
3433
[0.77355914]
3434
[0.42478647]
3435
[0.84555778]
3436
[0.31258078]
3437
[0.07975399]
3438
[0.00121001]
3439
[0.78945494]
3440
[0.22655643]
3441
[0.42852666]
3442
[0.67724926]
3443
[0.01243058]
3444
[0.52764168]
3445
[0.13211664]
3446
[0.10032503]
3447
[0.53418701]
3448
[0.70623573]
3449
[0.34437239]
3450
[0.19102463]
3451
[0.46779865]
3452
[0.40515047]
3453
[0.48556455]
3454
[0.93158214]
3455
[0.61366604]
3456
[0.06011799]
3457
[0.09658484]
3458
[0.00775534]
3459
[0.59496509]
3460
[0.79226008]
3461
[0.51361597]
3462
[0.40421543]
3463
[0.87828444]
3464
[0.0049502]
3465
[0.95776347]
3466
[0.67070393]
3467
[0.8044157]
3468
[0.81376617]
3469
[0.87828444]
3470
[0.09751989]
3471
[0.30136022]
3472
[0.59870528]
3473
[0.29013965]
3474
[0.60712071]
3475
[0.91194615]
3476
[0.66415859]
3477
[0.04983247]
3478
[0.09471475]
3479
[0.95776347]
3480
[0.07975399]
3481
[0.8221816]
3482
[0.95776347]
3483
[0.15642787]
3484
[0.72587172]
3485
[0.81937646]
3486
[0.95776347]
3487
[0.85584331]
3488
[0.74270257]
3489
[0.77542923]
3490
[0.78384466]
3491
[0.06198809]
3492
[0.32567145]
3493
[0.85303816]
3494
[0.75392314]
3495
[0.95776347]
3496
[0.82779188]
3497
[0.65200298]
3498
[0.53605711]
3499
[0.10406522]
3500
[0.42198133]
3501
[0.94186766]
3502
[0.02645629]
3503
[0.95776347]
3504
[0.07227361]
3505
[0.74924791]
3506
[0.13118159]
3507
[0.3051004]
3508
[0.29294479]
3509
[0.31819107]
3510
[0.84275264]
3511
[0.17886901]
3512
[0.86051854]
3513
[0.36494344]
3514
[0.05731285]
3515
[0.87641435]
3516
[0.75672828]
3517
[0.42759161]
3518
[0.65013288]
3519
[0.6622885]
3520
[0.36868363]
3521
[0.54914777]
3522
[0.38738457]
3523
[0.45564303]
3524
[0.72026144]
3525
[0.40608552]
3526
[0.39018972]
3527
[0.75298809]
3528
[0.29387984]
3529
[0.35278782]
3530
[0.43974723]
3531
[0.22375128]
3532
[0.86238864]
3533
[0.36400839]
3534
[0.29481488]
3535
[0.05170257]
3536
[0.23029662]
3537
[0.57158891]
3538
[0.05450771]
3539
[0.95776347]
3540
[0.95776347]
3541
[0.13211664]
3542
[0.04889743]
3543
[0.44068227]
3544
[0.27424384]
3545
[0.15175264]
3546
[0.07694885]
3547
[0.4668636]
3548
[0.86332368]
3549
[0.95776347]
3550
[0.34811258]
3551
[0.40047524]
3552
[0.64078241]
3553
[0.36307334]
3554
[0.91381624]
3555
[0.78290961]
3556
[0.58187443]
3557
[0.65480812]
3558
[0.69033992]
3559
[0.64919784]
3560
[0.31725602]
3561
[0.52296644]
3562
[0.25554289]
3563
[0.2873345]
3564
[0.65574317]
3565
[0.41076076]
3566
[0.86612883]
3567
[0.21253072]
3568
[0.24619242]
3569
[0.86893397]
3570
[0.35652801]
3571
[0.95776347]
3572
[0.12276617]
3573
[0.86706387]
3574
[0.54914777]
3575
[0.5379272]
3576
[0.5023954]
3577
[0.17232368]
3578
[0.78290961]
3579
[0.39860514]
3580
[0.61834127]
3581
[0.67444412]
3582
[0.86332368]
3583
[0.8932452]
3584
[0.56317348]
3585
[0.22375128]
3586
[0.53605711]
3587
[0.95776347]
3588
[0.28826955]
3589
[0.2536728]
3590
[0.70997592]
3591
[0.88856996]
3592
[0.17045358]
3593
[0.70156049]
3594
[0.92971205]
3595
[0.55382301]
3596
[0.91007605]
3597
[0.66135345]
3598
[0.65574317]
3599
[0.11996103]
3600
[0.21253072]
3601
[0.20972557]
3602
[0.33782706]
3603
[0.10687036]
3604
[0.19569986]
3605
[0.80348065]
3606
[0.24245223]
3607
[0.03954695]
3608
[0.1629732]
3609
[0.24899756]
3610
[0.12183112]
3611
[0.33876211]
3612
[0.28546441]
3613
[0.75579324]
3614
[0.40047524]
3615
[0.77262409]
3616
[0.70530068]
3617
[0.32567145]
3618
[0.25086766]
3619
[0.95776347]
3620
[0.65200298]
3621
[0.08068904]
3622
[0.79132504]
3623
[0.00121001]
3624
[0.62021137]
3625
[0.85116807]
3626
[0.04702733]
3627
[0.56036834]
3628
[0.06479323]
3629
[0.82872693]
3630
[0.77355914]
3631
[0.13305169]
3632
[0.31632097]
3633
[0.26115318]
3634
[0.47901922]
3635
[0.51268092]
3636
[0.27985413]
3637
[0.69408011]
3638
[0.19195967]
3639
[0.01897591]
3640
[0.78010447]
3641
[0.15455778]
3642
[0.95776347]
3643
[0.65574317]
3644
[0.33595697]
3645
[0.23029662]
3646
[0.40702057]
3647
[0.19008958]
3648
[0.29855507]
3649
[0.19289472]
3650
[0.01430067]
3651
[0.47153884]
3652
[0.74083248]
3653
[0.82592179]
3654
[0.27891908]
3655
[0.86051854]
3656
[0.70904087]
3657
[0.69969039]
3658
[0.47340893]
3659
[0.50052531]
3660
[0.10219513]
3661
[0.86145359]
3662
[0.66509364]
3663
[0.34998268]
3664
[0.41169581]
3665
[0.42665656]
3666
[0.39392991]
3667
[0.17325873]
3668
[0.21253072]
3669
[0.13211664]
3670
[0.70436563]
3671
[0.03767686]
3672
[0.41543599]
3673
[0.03767686]
3674
[0.11528579]
3675
[0.41169581]
3676
[0.25460785]
3677
[0.19663491]
3678
[0.42011123]
3679
[0.36494344]
3680
[0.18354425]
3681
[0.25554289]
3682
[0.1293115]
3683
[0.59964033]
3684
[0.41263085]
3685
[0.53886225]
3686
[0.56223843]
3687
[0.86425873]
3688
[0.34998268]
3689
[0.55101786]
3690
[0.27704898]
3691
[0.28078917]
3692
[0.39392991]
3693
[0.36681353]
3694
[0.66415859]
3695
[0.41263085]
3696
[0.05731285]
3697
[0.00121001]
3698
[0.40421543]
3699
[0.40421543]
3700
[0.57532909]
3701
[0.35465792]
3702
[0.84929797]
3703
[0.61834127]
3704
[0.71745629]
3705
[0.15175264]
3706
[0.21720595]
3707
[0.4135659]
3708
[0.56597862]
3709
[0.17699892]
3710
[0.81002598]
3711
[0.34904763]
3712
[0.73989743]
3713
[0.64078241]
3714
[0.05918295]
3715
[0.68379459]
3716
[0.80348065]
3717
[0.95776347]
3718
[0.31164574]
3719
[0.03674181]
3720
[0.36307334]
3721
[0.57532909]
3722
[0.52109635]
3723
[0.03487172]
3724
[0.00775534]
3725
[0.43787713]
3726
[0.88482977]
3727
[0.04141705]
3728
[0.82405169]
3729
[0.50894073]
3730
[0.88015454]
3731
[0.34624249]
3732
[0.79787037]
3733
[0.55756319]
3734
[0.12089607]
3735
[0.19382977]
3736
[0.95776347]
3737
[0.2695686]
3738
[0.03206657]
3739
[0.41637104]
3740
[0.57158891]
3741
[0.69033992]
3742
[0.01430067]
3743
[0.17699892]
3744
[0.0030801]
3745
[0.21440081]
3746
[0.62395156]
3747
[0.29574993]
3748
[0.16110311]
3749
[0.78384466]
3750
[0.51548606]
3751
[0.63891232]
3752
[0.80535075]
3753
[0.21533586]
3754
[0.06759837]
3755
[0.66509364]
3756
[0.76794885]
3757
[0.53325196]
3758
[0.83246712]
3759
[0.33502192]
3760
[0.72400163]
3761
[0.52951177]
3762
[0.3228663]
3763
[0.64732774]
3764
[0.15081759]
3765
[0.48836969]
3766
[0.69221002]
3767
[0.70436563]
3768
[0.09751989]
3769
[0.74176753]
3770
[0.06666333]
3771
[0.81189608]
3772
[0.65293803]
3773
[0.23871204]
3774
[0.55756319]
3775
[0.92690691]
3776
[0.07133856]
3777
[0.68753478]
3778
[0.6978203]
3779
[0.61553613]
3780
[0.64919784]
3781
[0.30229526]
3782
[0.02832638]
3783
[0.40141028]
3784
[0.86799892]
3785
[0.53044682]
3786
[0.23310176]
3787
[0.22936157]
3788
[0.53138187]
3789
[0.82124655]
3790
[0.01149553]
3791
[0.06479323]
3792
[0.48182436]
3793
[0.74550772]
3794
[0.65761326]
3795
[0.65387307]
3796
[0.82779188]
3797
[0.20505034]
3798
[0.56036834]
3799
[0.41730609]
3800
[0.81470122]
3801
[0.95776347]
3802
[0.81470122]
3803
[0.57626414]
3804
[0.90446577]
3805
[0.07975399]
3806
[0.56691367]
3807
[0.89418025]
3808
[0.62769175]
3809
[0.55662815]
3810
[0.51268092]
3811
[0.07227361]
3812
[0.11902598]
3813
[0.76140352]
3814
[0.24525737]
3815
[0.81189608]
3816
[0.06105304]
3817
[0.76420866]
3818
[0.44816265]
3819
[0.79413018]
3820
[0.00121001]
3821
[0.74831286]
3822
[0.40702057]
3823
[0.95776347]
3824
[0.22188119]
3825
[0.39954019]
3826
[0.69408011]
3827
[0.72493667]
3828
[0.68659973]
3829
[0.85023302]
3830
[0.92129662]
3831
[0.74083248]
3832
[0.51922625]
3833
[0.72493667]
3834
[0.95776347]
3835
[0.00121001]
3836
[0.76420866]
3837
[0.41730609]
3838
[0.66415859]
3839
[0.19289472]
3840
[0.22468633]
3841
[0.76327362]
3842
[0.77542923]
3843
[0.67444412]
3844
[0.05450771]
3845
[0.44442246]
3846
[0.23216671]
3847
[0.05076752]
3848
[0.19195967]
3849
[0.63797727]
3850
[0.3069705]
3851
[0.85584331]
3852
[0.70904087]
3853
[0.23684195]
3854
[0.81844141]
3855
[0.0741437]
3856
[0.34998268]
3857
[0.56130338]
3858
[0.57719919]
3859
[0.08816942]
3860
[0.71652125]
3861
[0.95776347]
3862
[0.71652125]
3863
[0.55756319]
3864
[0.25834804]
3865
[0.34530744]
3866
[0.00121001]
3867
[0.28172422]
3868
[0.56878376]
3869
[0.50894073]
3870
[0.11341569]
3871
[0.31258078]
3872
[0.55101786]
3873
[0.52764168]
3874
[0.14894749]
3875
[0.82311665]
3876
[0.86051854]
3877
[0.85864845]
3878
[0.60431556]
3879
[0.73241705]
3880
[0.79693532]
3881
[0.4846295]
3882
[0.14333721]
3883
[0.39392991]
3884
[0.69875535]
3885
[0.71652125]
3886
[0.13118159]
3887
[0.11435074]
3888
[0.29762003]
3889
[0.95776347]
3890
[0.13492178]
3891
[0.04328714]
3892
[0.20785548]
3893
[0.76981895]
3894
[0.94373776]
3895
[0.03580676]
3896
[0.03300162]
3897
[0.75205305]
3898
[0.42665656]
3899
[0.13679188]
3900
[0.81376617]
3901
[0.08816942]
3902
[0.45003275]
3903
[0.26863356]
3904
[0.87360921]
3905
[0.45283789]
3906
[0.93719243]
3907
[0.66883383]
3908
[0.12557131]
3909
[0.46592855]
3910
[0.83340217]
3911
[0.14614235]
3912
[0.8044157]
3913
[0.95776347]
3914
[0.29294479]
3915
[0.15455778]
3916
[0.64919784]
3917
[0.08162408]
3918
[0.77542923]
3919
[0.15829797]
3920
[0.56971881]
3921
[0.01056048]
3922
[0.17232368]
3923
[0.69501516]
3924
[0.59964033]
3925
[0.14614235]
3926
[0.1807391]
3927
[0.71839134]
3928
[0.95776347]
3929
[0.28826955]
3930
[0.83246712]
3931
[0.03300162]
3932
[0.45190284]
3933
[0.93999757]
3934
[0.60525061]
3935
[0.33034668]
3936
[0.72867686]
3937
[0.51735616]
3938
[0.49678512]
3939
[0.79880542]
3940
[0.77542923]
3941
[0.44442246]
3942
[0.66789878]
3943
[0.61366604]
3944
[0.32193126]
3945
[0.16764844]
3946
[0.54447253]
3947
[0.3247364]
3948
[0.76046847]
3949
[0.81750636]
3950
[0.6800544]
3951
[0.27050365]
3952
[0.50613559]
3953
[0.948413]
3954
[0.40328038]
3955
[0.28078917]
3956
[0.77823437]
3957
[0.94934804]
3958
[0.58467957]
3959
[0.65480812]
3960
[0.57439405]
3961
[0.59777023]
3962
[0.77542923]
3963
[0.41450095]
3964
[0.51548606]
3965
[0.13211664]
3966
[0.48836969]
3967
[0.82124655]
3968
[0.06292314]
3969
[0.90820596]
3970
[0.12089607]
3971
[0.46405846]
3972
[0.56410853]
3973
[0.95776347]
3974
[0.65761326]
3975
[0.62208146]
3976
[0.61366604]
3977
[0.36494344]
3978
[0.95776347]
3979
[0.94186766]
3980
[0.24712747]
3981
[0.04328714]
3982
[0.21159567]
3983
[0.03767686]
3984
[0.86238864]
3985
[0.36774858]
3986
[0.91475129]
3987
[0.49117483]
3988
[0.03019648]
3989
[0.87080406]
3990
[0.2003751]
3991
[0.70904087]
3992
[0.01523572]
3993
[0.03019648]
3994
[0.32847659]
3995
[0.53138187]
3996
[0.81470122]
3997
[0.95682842]
3998
[0.04609228]
3999
[0.15455778]
4000
[0.58187443]
4001
[0.48836969]
4002
[0.4490977]
4003
[0.90353072]
4004
[0.80254561]
4005
[0.45751313]
4006
[0.21346576]
4007
[0.0030801]
4008
[0.33128173]
4009
[0.77823437]
4010
[0.09003951]
4011
[0.80815589]
4012
[0.14614235]
4013
[0.92784195]
4014
[0.12089607]
4015
[0.30042517]
4016
[0.3228663]
4017
[0.95776347]
4018
[0.34624249]
4019
[0.751118]
4020
[0.33502192]
4021
[0.46125332]
4022
[0.64732774]
4023
[0.50987578]
4024
[0.19382977]
4025
[0.1629732]
4026
[0.95776347]
4027
[0.57626414]
4028
[0.48649959]
4029
[0.41824114]
4030
[0.90820596]
4031
[0.22094614]
4032
[0.18541434]
4033
[0.69221002]
4034
[0.34998268]
4035
[0.5912249]
4036
[0.2340368]
4037
[0.90353072]
4038
[0.79787037]
4039
[0.80909094]
4040
[0.02926143]
4041
[0.00121001]
4042
[0.08442923]
4043
[0.34811258]
4044
[0.33502192]
4045
[0.83246712]
4046
[0.83433722]
4047
[0.8773494]
4048
[0.49772016]
4049
[0.53418701]
4050
[0.44255237]
4051
[0.37055372]
4052
[0.08162408]
4053
[0.82966198]
4054
[0.59215995]
4055
[0.55849824]
4056
[0.51548606]
4057
[0.14614235]
4058
[0.83620731]
4059
[0.70530068]
4060
[0.4313318]
4061
[0.34530744]
4062
[0.04796238]
4063
[0.85210312]
4064
[0.61366604]
4065
[0.78758485]
4066
[0.89979053]
4067
[0.32941164]
4068
[0.42385142]
4069
[0.91662138]
4070
[0.10126008]
4071
[0.45003275]
4072
[0.64639269]
4073
[0.12463626]
4074
[0.30977564]
4075
[0.2536728]
4076
[0.9128812]
4077
[0.00121001]
4078
[0.17980406]
4079
[0.95776347]
4080
[0.29013965]
4081
[0.20131015]
4082
[0.83620731]
4083
[0.7866498]
4084
[0.39673505]
4085
[0.44068227]
4086
[0.31164574]
4087
[0.85116807]
4088
[0.15175264]
4089
[0.51642111]
4090
[0.33128173]
4091
[0.03019648]
4092
[0.88202463]
4093
[0.37055372]
4094
[0.52296644]
4095
[0.32847659]
4096
[0.17138863]
4097
[0.50987578]
4098
[0.45096779]
4099
[0.72587172]
4100
[0.80254561]
4101
[0.66322355]
4102
[0.08255913]
4103
[0.25647794]
4104
[0.14988254]
4105
[0.05357266]
4106
[0.72493667]
4107
[0.3051004]
4108
[0.49585007]
4109
[0.48369445]
4110
[0.44722761]
4111
[0.95776347]
4112
[0.51174587]
4113
[0.13305169]
4114
[0.06385818]
4115
[0.48930474]
4116
[0.09284465]
4117
[0.63143194]
4118
[0.49959026]
4119
[0.83620731]
4120
[0.62488661]
4121
[0.91381624]
4122
[0.63891232]
4123
[0.79880542]
4124
[0.56410853]
4125
[0.43974723]
4126
[0.77262409]
4127
[0.85397321]
4128
[0.52577158]
4129
[0.88482977]
4130
[0.51081083]
4131
[0.72213153]
4132
[0.33128173]
4133
[0.83807741]
4134
[0.03580676]
4135
[0.65761326]
4136
[0.81563627]
4137
[0.16951854]
4138
[0.13492178]
4139
[0.00121001]
4140
[0.36587848]
4141
[0.31164574]
4142
[0.89418025]
4143
[0.9306471]
4144
[0.63049689]
4145
[0.62395156]
4146
[0.87921949]
4147
[0.6445226]
4148
[0.15362273]
4149
[0.19008958]
4150
[0.31819107]
4151
[0.81937646]
4152
[0.90914101]
4153
[0.70810582]
4154
[0.8221816]
4155
[0.10593532]
4156
[0.61460108]
4157
[0.59964033]
4158
[0.27237375]
4159
[0.95776347]
4160
[0.00121001]
4161
[0.3406322]
4162
[0.7688839]
4163
[0.30042517]
4164
[0.07694885]
4165
[0.64545765]
4166
[0.39954019]
4167
[0.2518027]
4168
[0.11061055]
4169
[0.95776347]
4170
[0.67911935]
4171
[0.91568634]
4172
[0.93158214]
4173
[0.23684195]
4174
[0.07133856]
4175
[0.88669987]
4176
[0.63049689]
4177
[0.26769851]
4178
[0.37990419]
4179
[0.45938322]
4180
[0.59590014]
4181
[0.04328714]
4182
[0.2340368]
4183
[0.14146712]
4184
[0.89885548]
4185
[0.4668636]
4186
[0.77262409]
4187
[0.68192449]
4188
[0.15829797]
4189
[0.54821272]
4190
[0.11902598]
4191
[0.24245223]
4192
[0.70623573]
4193
[0.28078917]
4194
[0.70904087]
4195
[0.21907605]
4196
[0.83901245]
4197
[0.67070393]
4198
[0.77355914]
4199
[0.87921949]
4200
[0.53979729]
4201
[0.27985413]
4202
[0.43320189]
4203
[0.01523572]
4204
[0.43881218]
4205
[0.35465792]
4206
[0.00682029]
4207
[0.07975399]
4208
[0.63984736]
4209
[0.04422219]
4210
[0.39205981]
4211
[0.3069705]
4212
[0.00962544]
4213
[0.05450771]
4214
[0.84929797]
4215
[0.73522219]
4216
[0.26115318]
4217
[0.72213153]
4218
[0.12463626]
4219
[0.73054696]
4220
[0.11341569]
4221
[0.59309499]
4222
[0.95776347]
4223
[0.95495833]
4224
[0.07320866]
4225
[0.59496509]
4226
[0.47901922]
4227
[0.03954695]
4228
[0.68659973]
4229
[0.49491502]
4230
[0.59870528]
4231
[0.10500027]
4232
[0.17045358]
4233
[0.75205305]
4234
[0.94560785]
4235
[0.35185277]
4236
[0.95776347]
4237
[0.21533586]
4238
[0.18541434]
4239
[0.72587172]
4240
[0.25554289]
4241
[0.95776347]
4242
[0.0760138]
4243
[0.53605711]
4244
[0.77823437]
4245
[0.73054696]
4246
[0.95776347]
4247
[0.19569986]
4248
[0.6089908]
4249
[0.11248065]
4250
[0.12276617]
4251
[0.7155862]
4252
[0.6800544]
4253
[0.75205305]
4254
[0.88295968]
4255
[0.15829797]
4256
[0.73428715]
4257
[0.82124655]
4258
[0.23964709]
4259
[0.44535751]
4260
[0.28826955]
4261
[0.08536427]
4262
[0.85397321]
4263
[0.75018295]
4264
[0.00121001]
4265
[0.3958]
4266
[0.85677835]
4267
[0.95776347]
4268
[0.25273775]
4269
[0.95308823]
4270
[0.44816265]
4271
[0.03954695]
4272
[0.0049502]
4273
[0.06105304]
4274
[0.54634263]
4275
[0.95776347]
4276
[0.83527226]
4277
[0.95776347]
4278
[0.93625738]
4279
[0.92036157]
4280
[0.82311665]
4281
[0.60805575]
4282
[0.6978203]
4283
[0.95776347]
4284
[0.66602869]
4285
[0.06105304]
4286
[0.53886225]
4287
[0.79600027]
4288
[0.10593532]
4289
[0.07975399]
4290
[0.87360921]
4291
[0.07507875]
4292
[0.15642787]
4293
[0.49117483]
4294
[0.58280947]
4295
[0.81750636]
4296
[0.71839134]
4297
[0.07133856]
4298
[0.55756319]
4299
[0.65480812]
4300
[0.95776347]
4301
[0.79038999]
4302
[0.89792044]
4303
[0.3228663]
4304
[0.49865521]
4305
[0.02178105]
4306
[0.77916942]
4307
[0.62862679]
4308
[0.7155862]
4309
[0.95776347]
4310
[0.82311665]
4311
[0.21533586]
4312
[0.08162408]
4313
[0.32380135]
4314
[0.65761326]
4315
[0.02739134]
4316
[0.80067551]
4317
[0.61553613]
4318
[0.80254561]
4319
[0.32847659]
4320
[0.31258078]
4321
[0.08723437]
4322
[0.11996103]
4323
[0.2714387]
4324
[0.3425023]
4325
[0.40328038]
4326
[0.45844817]
4327
[0.94280271]
4328
[0.89792044]
4329
[0.07694885]
4330
[0.15923302]
4331
[0.52670663]
4332
[0.26676346]
4333
[0.35185277]
4334
[0.95776347]
4335
[0.95776347]
4336
[0.08910446]
4337
[0.65387307]
4338
[0.95776347]
4339
[0.18447929]
4340
[0.56878376]
4341
[0.43694208]
4342
[0.18167415]
4343
[0.76701381]
4344
[0.89605034]
4345
[0.87267416]
4346
[0.47995426]
4347
[0.2892046]
4348
[0.37055372]
4349
[0.42385142]
4350
[0.56784872]
4351
[0.70623573]
4352
[0.47995426]
4353
[0.83433722]
4354
[0.57532909]
4355
[0.928777]
4356
[0.8577134]
4357
[0.22749147]
4358
[0.23216671]
4359
[0.54540758]
4360
[0.72400163]
4361
[0.26489337]
4362
[0.91194615]
4363
[0.39860514]
4364
[0.35746306]
4365
[0.79787037]
4366
[0.11996103]
4367
[0.95776347]
4368
[0.93906252]
4369
[0.86706387]
4370
[0.49210988]
4371
[0.88763492]
4372
[0.46031827]
4373
[0.13679188]
4374
[0.85023302]
4375
[0.58000433]
4376
[0.21159567]
4377
[0.22655643]
4378
[0.56691367]
4379
[0.28265927]
4380
[0.16016806]
4381
[0.29855507]
4382
[0.07694885]
4383
[0.68192449]
4384
[0.69314506]
4385
[0.24993261]
4386
[0.79693532]
4387
[0.88482977]
4388
[0.92129662]
4389
[0.65293803]
4390
[0.42478647]
4391
[0.04515724]
4392
[0.95776347]
4393
[0.81937646]
4394
[0.23777699]
4395
[0.79413018]
4396
[0.03767686]
4397
[0.95776347]
4398
[0.08349418]
4399
[0.07975399]
4400
[0.81750636]
4401
[0.04235209]
4402
[0.28265927]
4403
[0.18915453]
4404
[0.22562138]
4405
[0.37242382]
4406
[0.59309499]
4407
[0.5201613]
4408
[0.95776347]
4409
[0.90727091]
4410
[0.37896915]
4411
[0.66509364]
4412
[0.78197456]
4413
[0.0760138]
4414
[0.61366604]
4415
[0.71091096]
4416
[0.67537916]
4417
[0.0386119]
4418
[0.93438728]
4419
[0.00121001]
4420
[0.11341569]
4421
[0.2162709]
4422
[0.64358755]
4423
[0.47995426]
4424
[0.00214506]
4425
[0.29107469]
4426
[0.1826092]
4427
[0.68940487]
4428
[0.83901245]
4429
[0.84649283]
4430
[0.14801245]
4431
[0.35185277]
4432
[0.1274414]
4433
[0.8399475]
4434
[0.90259567]
4435
[0.77075399]
4436
[0.69314506]
4437
[0.52483654]
4438
[0.92503681]
4439
[0.0563778]
4440
[0.83807741]
4441
[0.41169581]
4442
[0.63517213]
4443
[0.64171746]
4444
[0.39486495]
4445
[0.13772693]
4446
[0.68846983]
4447
[0.50707064]
4448
[0.45003275]
4449
[0.85116807]
4450
[0.93999757]
4451
[0.20411529]
4452
[0.45657808]
4453
[0.15736292]
4454
[0.52483654]
4455
[0.43507199]
4456
[0.70343058]
4457
[0.92503681]
4458
[0.44629256]
4459
[0.95776347]
4460
[0.22468633]
4461
[0.85397321]
4462
[0.63143194]
4463
[0.35465792]
4464
[0.08723437]
4465
[0.53979729]
4466
[0.90259567]
4467
[0.55382301]
4468
[0.21346576]
4469
[0.39112476]
4470
[0.95776347]
4471
[0.6800544]
4472
[0.89698539]
4473
[0.00121001]
4474
[0.01336563]
4475
[0.56504357]
4476
[0.28078917]
4477
[0.81189608]
4478
[0.66976888]
4479
[0.40982571]
4480
[0.57439405]
4481
[0.77355914]
4482
[0.56223843]
4483
[0.07227361]
4484
[0.32941164]
4485
[0.42946171]
4486
[0.28639946]
4487
[0.56410853]
4488
[0.71932639]
4489
[0.60992585]
4490
[0.33876211]
4491
[0.81844141]
4492
[0.58093938]
4493
[0.50987578]
4494
[0.18354425]
4495
[0.95308823]
4496
[0.14427226]
4497
[0.30884059]
4498
[0.64639269]
4499
[0.72680677]
4500
[0.10032503]
4501
[0.93345224]
4502
[0.95682842]
4503
[0.84181759]
4504
[0.62208146]
4505
[0.56691367]
4506
[0.95776347]
4507
[0.6800544]
4508
[0.89605034]
4509
[0.68472964]
4510
[0.01710582]
4511
[0.21440081]
4512
[0.61460108]
4513
[0.85584331]
4514
[0.73989743]
4515
[0.56036834]
4516
[0.11435074]
4517
[0.55943329]
4518
[0.33782706]
4519
[0.56504357]
4520
[0.52483654]
4521
[0.80815589]
4522
[0.89044006]
4523
[0.00121001]
4524
[0.47247388]
4525
[0.69688525]
4526
[0.3406322]
4527
[0.80722084]
4528
[0.00121001]
4529
[0.13866197]
4530
[0.53418701]
4531
[0.05357266]
4532
[0.66509364]
4533
[0.92129662]
4534
[0.83714236]
4535
[0.68940487]
4536
[0.91942653]
4537
[0.71839134]
4538
[0.7333521]
4539
[0.00121001]
4540
[0.15736292]
4541
[0.67070393]
4542
[0.79880542]
4543
[0.95402328]
4544
[0.76701381]
4545
[0.24712747]
4546
[0.34343735]
4547
[0.77542923]
4548
[0.56130338]
4549
[0.22468633]
4550
[0.31071069]
4551
[0.36307334]
4552
[0.44535751]
4553
[0.95776347]
4554
[0.3406322]
4555
[0.25647794]
4556
[0.39018972]
4557
[0.79787037]
4558
[0.04609228]
4559
[0.76607876]
4560
[0.8754793]
4561
[0.34717754]
4562
[0.95776347]
4563
[0.88295968]
4564
[0.95776347]
4565
[0.95776347]
4566
[0.29668498]
4567
[0.92971205]
4568
[0.21159567]
4569
[0.63236698]
4570
[0.59403004]
4571
[0.25834804]
4572
[0.81563627]
4573
[0.08536427]
4574
[0.90540082]
4575
[0.08255913]
4576
[0.92784195]
4577
[0.05544276]
4578
[0.72587172]
4579
[0.13024655]
4580
[0.10500027]
4581
[0.37055372]
4582
[0.0937797]
4583
[0.03487172]
4584
[0.11622084]
4585
[0.0760138]
4586
[0.94934804]
4587
[0.95028309]
4588
[0.18447929]
4589
[0.67818431]
4590
[0.0563778]
4591
[0.46779865]
4592
[0.62488661]
4593
[0.80161056]
4594
[0.8773494]
4595
[0.06479323]
4596
[0.5023954]
4597
[0.83059703]
4598
[0.23684195]
4599
[0.19102463]
4600
[0.95776347]
4601
[0.66789878]
4602
[0.15549283]
4603
[0.17793396]
4604
[0.58374452]
4605
[0.79319513]
4606
[0.95776347]
4607
[0.55849824]
4608
[0.24899756]
4609
[0.2340368]
4610
[0.95776347]
4611
[0.88576482]
4612
[0.53886225]
4613
[0.48369445]
4614
[0.16390825]
4615
[0.43787713]
4616
[0.69127497]
4617
[0.21253072]
4618
[0.33315183]
4619
[0.33502192]
4620
[0.03113153]
4621
[0.66602869]
4622
[0.21066062]
4623
[0.90633586]
4624
[0.95776347]
4625
[0.03206657]
4626
[0.82124655]
4627
[0.29294479]
4628
[0.49585007]
4629
[0.72587172]
4630
[0.70156049]
4631
[0.62956184]
4632
[0.23777699]
4633
[0.0227161]
4634
[0.82498674]
4635
[0.37148877]
4636
[0.86893397]
4637
[0.66322355]
4638
[0.34717754]
4639
[0.3051004]
4640
[0.40702057]
4641
[0.59870528]
4642
[0.573459]
4643
[0.76981895]
4644
[0.80254561]
4645
[0.31819107]
4646
[0.25928308]
4647
[0.51174587]
4648
[0.19663491]
4649
[0.46873369]
4650
[0.52857673]
4651
[0.21440081]
4652
[0.56971881]
4653
[0.61460108]
4654
[0.11341569]
4655
[0.81844141]
4656
[0.46779865]
4657
[0.35933315]
4658
[0.56691367]
4659
[0.10126008]
4660
[0.49491502]
4661
[0.10032503]
4662
[0.09471475]
4663
[0.90072558]
4664
[0.60992585]
4665
[0.74457267]
4666
[0.12370122]
4667
[0.04235209]
4668
[0.45938322]
4669
[0.28826955]
4670
[0.06011799]
4671
[0.15923302]
4672
[0.55849824]
4673
[0.0937797]
4674
[0.94373776]
4675
[0.00121001]
4676
[0.35091773]
4677
[0.37429391]
4678
[0.20879053]
4679
[0.6978203]
4680
[0.95776347]
4681
[0.34156725]
4682
[0.06572828]
4683
[0.30603545]
4684
[0.10593532]
4685
[0.83807741]
4686
[0.28172422]
4687
[0.56691367]
4688
[0.20411529]
4689
[0.01523572]
4690
[0.54260244]
4691
[0.73989743]
4692
[0.82872693]
4693
[0.28826955]
4694
[0.08816942]
4695
[0.25086766]
4696
[0.48836969]
4697
[0.92316672]
4698
[0.83340217]
4699
[0.15736292]
4700
[0.54727767]
4701
[0.55475805]
4702
[0.36961867]
4703
[0.55008282]
4704
[0.92690691]
4705
[0.06759837]
4706
[0.94560785]
4707
[0.5379272]
4708
[0.72213153]
4709
[0.36681353]
4710
[0.06011799]
4711
[0.20972557]
4712
[0.17606387]
4713
[0.46499351]
4714
[0.46499351]
4715
[0.6267567]
4716
[0.55382301]
4717
[0.8577134]
4718
[0.84649283]
4719
[0.84555778]
4720
[0.62862679]
4721
[0.95776347]
4722
[0.95776347]
4723
[0.00214506]
4724
[0.48556455]
4725
[0.1470774]
4726
[0.92597186]
4727
[0.24899756]
4728
[0.85490826]
4729
[0.39767009]
4730
[0.04983247]
4731
[0.42759161]
4732
[0.67631421]
4733
[0.59496509]
4734
[0.48556455]
4735
[0.16577835]
4736
[0.95776347]
4737
[0.70249554]
4738
[0.66602869]
4739
[0.13118159]
4740
[0.85677835]
4741
[0.2162709]
4742
[0.52670663]
4743
[0.0386119]
4744
[0.62956184]
4745
[0.67070393]
4746
[0.88576482]
4747
[0.70436563]
4748
[0.83153207]
4749
[0.30416536]
4750
[0.94747795]
4751
[0.20131015]
4752
[0.00121001]
4753
[0.751118]
4754
[0.80722084]
4755
[0.84462274]
4756
[0.1826092]
4757
[0.928777]
4758
[0.61740623]
4759
[0.04702733]
4760
[0.95776347]
4761
[0.33221678]
4762
[0.17419377]
4763
[0.35933315]
4764
[0.72400163]
4765
[0.55382301]
4766
[0.8044157]
4767
[0.56223843]
4768
[0.87267416]
4769
[0.21066062]
4770
[0.42665656]
4771
[0.51268092]
4772
[0.09471475]
4773
[0.71278106]
4774
[0.66976888]
4775
[0.2873345]
4776
[0.46405846]
4777
[0.95028309]
4778
[0.68192449]
4779
[0.62208146]
4780
[0.39018972]
4781
[0.49117483]
4782
[0.92036157]
4783
[0.63517213]
4784
[0.82405169]
4785
[0.64545765]
4786
[0.0582479]
4787
[0.15829797]
4788
[0.07788389]
4789
[0.20972557]
4790
[0.01710582]
4791
[0.81189608]
4792
[0.95776347]
4793
[0.24899756]
4794
[0.09658484]
4795
[0.43787713]
4796
[0.48556455]
4797
[0.78010447]
4798
[0.38738457]
4799
[0.86425873]
4800
[0.94280271]
4801
[0.376164]
4802
[0.95121814]
4803
[0.37429391]
4804
[0.74550772]
4805
[0.72493667]
4806
[0.27891908]
4807
[0.03954695]
4808
[0.2695686]
4809
[0.08910446]
4810
[0.61647118]
4811
[0.02178105]
4812
[0.69221002]
4813
[0.55943329]
4814
[0.46873369]
4815
[0.95776347]
4816
[0.82592179]
4817
[0.00121001]
4818
[0.01243058]
4819
[0.59403004]
4820
[0.7333521]
4821
[0.68379459]
4822
[0.10687036]
4823
[0.73148201]
4824
[0.81096103]
4825
[0.61179594]
4826
[0.74644276]
4827
[0.40047524]
4828
[0.17232368]
4829
[0.74083248]
4830
[0.10593532]
4831
[0.09003951]
4832
[0.77823437]
4833
[0.00121001]
4834
[0.17232368]
4835
[0.65948336]
4836
[0.54540758]
4837
[0.71932639]
4838
[0.31445088]
4839
[0.83153207]
4840
[0.70249554]
4841
[0.53325196]
4842
[0.16203816]
4843
[0.35652801]
4844
[0.18354425]
4845
[0.62301651]
4846
[0.82498674]
4847
[0.25741299]
4848
[0.88389473]
4849
[0.59496509]
4850
[0.79693532]
4851
[0.62301651]
4852
[0.26582842]
4853
[0.88856996]
4854
[0.92410176]
4855
[0.40515047]
4856
[0.74737781]
4857
[0.77449418]
4858
[0.61273099]
4859
[0.49023978]
4860
[0.40889066]
4861
[0.55195291]
4862
[0.33689202]
4863
[0.20411529]
4864
[0.59028985]
4865
[0.02365115]
4866
[0.49397997]
4867
[0.84462274]
4868
[0.00121001]
4869
[0.81657132]
4870
[0.95402328]
4871
[0.06479323]
4872
[0.0582479]
4873
[0.00214506]
4874
[0.59590014]
4875
[0.39860514]
4876
[0.67911935]
4877
[0.18354425]
4878
[0.71465115]
4879
[0.45096779]
4880
[0.93438728]
4881
[0.69969039]
4882
[0.57252395]
4883
[0.52764168]
4884
[0.42385142]
4885
[0.09003951]
4886
[0.78197456]
4887
[0.6622885]
4888
[0.1807391]
4889
[0.01243058]
4890
[0.09471475]
4891
[0.00121001]
4892
[0.95215318]
4893
[0.58748471]
4894
[0.40047524]
4895
[0.35372287]
4896
[0.85116807]
4897
[0.46312341]
4898
[0.92129662]
4899
[0.63891232]
4900
[0.18634939]
4901
[0.88482977]
4902
[0.73522219]
4903
[0.16764844]
4904
[0.6089908]
4905
[0.52764168]
4906
[0.17045358]
4907
[0.50333045]
4908
[0.88015454]
4909
[0.8399475]
4910
[0.86893397]
4911
[0.95776347]
4912
[0.95776347]
4913
[0.75766333]
4914
[0.95776347]
4915
[0.13305169]
4916
[0.44348742]
4917
[0.10780541]
4918
[0.41450095]
4919
[0.01430067]
4920
[0.00121001]
4921
[0.50800568]
4922
[0.42665656]
4923
[0.76514371]
4924
[0.20692043]
4925
[0.09658484]
4926
[0.13585683]
4927
[0.65761326]
4928
[0.15455778]
4929
[0.26582842]
4930
[0.6800544]
4931
[0.45564303]
4932
[0.26489337]
4933
[0.51922625]
4934
[0.14053207]
4935
[0.29200974]
4936
[0.80909094]
4937
[0.91381624]
4938
[0.93345224]
4939
[0.39018972]
4940
[0.27704898]
4941
[0.01243058]
4942
[0.61927632]
4943
[0.33876211]
4944
[0.06572828]
4945
[0.52764168]
4946
[0.1648433]
4947
[0.14053207]
4948
[0.03487172]
4949
[0.92129662]
4950
[0.52296644]
4951
[0.11528579]
4952
[0.13211664]
4953
[0.94373776]
4954
[0.05263762]
4955
[0.61366604]
4956
[0.00121001]
4957
[0.35933315]
4958
[0.928777]
4959
[0.32941164]
4960
[0.4135659]
4961
[0.03954695]
4962
[0.05544276]
4963
[0.56130338]
4964
[0.95776347]
4965
[0.90446577]
4966
[0.63984736]
4967
[0.95776347]
4968
[0.44722761]
4969
[0.94560785]
4970
[0.51174587]
4971
[0.04983247]
4972
[0.45844817]
4973
[0.95776347]
4974
[0.41543599]
4975
[0.95776347]
4976
[0.38364438]
4977
[0.15081759]
4978
[0.22001109]
4979
[0.23216671]
4980
[0.58935481]
4981
[0.17045358]
4982
[0.36681353]
4983
[0.95776347]
4984
[0.11341569]
4985
[0.67163897]
4986
[0.22188119]
4987
[0.39392991]
4988
[0.06198809]
4989
[0.72774182]
4990
[0.85397321]
4991
[0.751118]
4992
[0.34904763]
4993
[0.53325196]
4994
[0.31258078]
4995
[0.95776347]
4996
[0.41917618]
4997
[0.8221816]
4998
[0.07788389]
4999
[0.95776347]
[1] 40000    11
[1] 40000    11
