LOADING R
R LOADED
[1] "/home/lvanderl/Rlibs2"                         
[2] "/app/software/R/4.3.1-gfbf-2022b/lib/R/library"
[1] "/home/lvanderl/sieveSims"
[1] "rf 5 3"
[1] 0.2201819
[1] 0.2201819
[1] 0.2201819
183.75510204081633
[0.31386416]
[0.07392781]
[0.18559919]
[0.10786096]
[0.27387439]
[0.268093]
[0.43251382]
[0.37074378]
[0.41947905]
[0.42263078]
[0.29207063]
[0.23297951]
[0.24978854]
[0.31588247]
[0.33420554]
[0.28156679]
[0.19562377]
[0.40024017]
[0.25423056]
[0.25020606]
[0.24576826]
[0.17164027]
[0.17269239]
[0.39108095]
[0.20275616]
[0.30679474]
[0.31029512]
[0.19094373]
[0.22974498]
[0.36725159]
[0.17990749]
[0.21002731]
[0.16698729]
[0.26348422]
[0.33885514]
[0.11987593]
[0.28925389]
[0.19448045]
[0.31991207]
[0.54213335]
[0.17782749]
[0.42580899]
[0.37237425]
[0.26644462]
[0.17078848]
[0.28906533]
[0.1698954]
[0.1971399]
[0.29378085]
[0.24006415]
[0.16040874]
[0.22456785]
[0.31655522]
[0.18094622]
[0.29610733]
[0.32053545]
[0.15619752]
[0.26498597]
[0.15419161]
[0.26411813]
[0.27829779]
[0.54213335]
[0.33391275]
[0.4040969]
[0.25772029]
[0.18192761]
[0.47757678]
[0.34316255]
[0.21622393]
[0.22922083]
[0.27115746]
[0.43762245]
[0.27182656]
[0.28788353]
[0.12309511]
[0.29316661]
[0.30306054]
[0.32820444]
[0.22727861]
[0.26128795]
[0.21877983]
[0.26738285]
[0.21625401]
[0.26114118]
[0.36405071]
[0.39312692]
[0.16518125]
[0.29006633]
[0.40661547]
[0.26108263]
[0.11628342]
[0.24137682]
[0.25539682]
[0.31128232]
[0.46284325]
[0.3272314]
[0.25364894]
[0.26205701]
[0.26236715]
[0.34017139]
[0.35173887]
[0.1698954]
[0.34683667]
[0.34203611]
[0.33740248]
[0.13148596]
[0.28317125]
[0.23779059]
[0.2792403]
[0.1723038]
[0.40971963]
[0.32161455]
[0.26309037]
[0.36299111]
[0.26270251]
[0.24865548]
[0.45269162]
[0.25655705]
[0.23654057]
[0.20304785]
[0.31471923]
[0.27174774]
[0.26210275]
[0.19546852]
[0.31297436]
[0.25423056]
[0.4310302]
[0.41185007]
[0.21409866]
[0.38509547]
[0.24972135]
[0.20257969]
[0.3387364]
[0.15739613]
[0.20246622]
[0.35385678]
[0.34532065]
[0.31353687]
[0.28550943]
[0.29610733]
[0.17375462]
[0.47864051]
[0.29391533]
[0.38160574]
[0.19416076]
[0.30281431]
[0.17920135]
[0.39763442]
[0.32550295]
[0.25745509]
[0.3924073]
[0.3249245]
[0.28389328]
[0.46152888]
[0.10882511]
[0.43995901]
[0.25863604]
[0.25132245]
[0.39093405]
[0.43104359]
[0.10207258]
[0.41483884]
[0.37500937]
[0.16640085]
[0.30479397]
[0.36473871]
[0.35019816]
[0.30018406]
[0.32694896]
[0.16890243]
[0.29087274]
[0.28105968]
[0.39440142]
[0.15709972]
[0.19126864]
[0.24220067]
[0.15534352]
[0.23792432]
[0.2825592]
[0.36048979]
[0.36222605]
[0.36473871]
[0.3885852]
[0.1432037]
[0.41481164]
[0.34205545]
[0.22243454]
[0.31252972]
[0.28607833]
[0.33768087]
[0.24841435]
[0.39908233]
[0.28731762]
[0.09312133]
[0.2291951]
[0.41986164]
[0.28102895]
[0.42417852]
[0.20698912]
[0.19685207]
[0.23503704]
[0.36706519]
[0.59158827]
[0.35077978]
[0.27092043]
[0.16670563]
[0.24996508]
[0.25481219]
[0.37791846]
[0.43746467]
[0.21584352]
[0.25888354]
[0.2391084]
[0.15833241]
[0.20479271]
[0.37917794]
[0.17371314]
[0.19093323]
[0.25340464]
[0.48353199]
[0.24355177]
[0.11173322]
[0.31471923]
[0.24201651]
[0.31919969]
[0.17043324]
[0.51908489]
[0.24783272]
[0.21375026]
[0.34612681]
[0.15711225]
[0.36139767]
[0.25672935]
[0.3015949]
[0.12860025]
[0.11698664]
[0.32286194]
[0.55388642]
[0.43542069]
[0.29692559]
[0.23445542]
[0.25251155]
[0.31232068]
[0.3500999]
[0.14670198]
[0.26908034]
[0.25535476]
[0.24215767]
[0.19781325]
[0.23046393]
[0.18210946]
[0.22747596]
[0.37413929]
[0.15092357]
[0.31407352]
[0.36051196]
[0.20095239]
[0.26702624]
[0.23137096]
[0.32365538]
[0.24370664]
[0.13325323]
[0.35048353]
[0.26295489]
[0.15244675]
[0.21422581]
[0.33267074]
[0.37171817]
[0.14926249]
[0.36844069]
[0.28588121]
[0.31165258]
[0.36357546]
[0.23758079]
[0.23815473]
[0.31597608]
[0.17189916]
[0.32725426]
[0.23304717]
[0.16899108]
[0.41987199]
[0.5045543]
[0.22862266]
[0.14291189]
[0.37591743]
[0.34649935]
[0.25364894]
[0.19261812]
[0.17271098]
[0.4153398]
[0.52526632]
[0.23154731]
[0.19186021]
[0.33543609]
[0.18643627]
[0.37210311]
[0.26469976]
[0.25705485]
[0.24949048]
[0.24332406]
[0.10692281]
[0.23458475]
[0.17978297]
[0.22113609]
[0.26748038]
[0.35967783]
[0.3943119]
[0.35404077]
[0.15431269]
[0.13267161]
[0.34554519]
[0.27807706]
[0.31326753]
[0.36822564]
[0.45013005]
[0.13499809]
[0.17991754]
[0.24957759]
[0.18734406]
[0.17971158]
[0.41514359]
[0.16260815]
[0.40405786]
[0.52410308]
[0.29301815]
[0.16000783]
[0.45605333]
[0.2699661]
[0.25364894]
[0.42115602]
[0.27494321]
[0.24492461]
[0.30889977]
[0.17817335]
[0.18618081]
[0.18405756]
[0.34229765]
[0.53104632]
[0.20362947]
[0.34861131]
[0.3091366]
[0.23115368]
[0.32393838]
[0.17048074]
[0.28556368]
[0.31413761]
[0.36532033]
[0.29745845]
[0.24054983]
[0.41444575]
[0.476312]
[0.41999278]
[0.54675684]
[0.24393775]
[0.28738301]
[0.3432187]
[0.3349414]
[0.38306357]
[0.28040354]
[0.33158626]
[0.35284638]
[0.3291772]
[0.29793633]
[0.17978297]
[0.2018846]
[0.25824057]
[0.31973343]
[0.32577004]
[0.29889734]
[0.2740057]
[0.4017086]
[0.29378085]
[0.22165974]
[0.56582127]
[0.36347106]
[0.31808943]
[0.23212893]
[0.31445916]
[0.45335168]
[0.25799951]
[0.31297436]
[0.16815054]
[0.19966057]
[0.52119497]
[0.08471485]
[0.42053975]
[0.34529965]
[0.35716774]
[0.24145883]
[0.27875276]
[0.3377436]
[0.30774938]
[0.32511144]
[0.21338085]
[0.28210511]
[0.26760786]
[0.23988073]
[0.25132245]
[0.25562494]
[0.34240421]
[0.35834087]
[0.32200514]
[0.20013974]
[0.19163553]
[0.40661547]
[0.24691889]
[0.18559919]
[0.3467115]
[0.24317975]
[0.3498603]
[0.30145164]
[0.49166604]
[0.34461888]
[0.34429956]
[0.44102423]
[0.30448739]
[0.22859643]
[0.38094384]
[0.3344793]
[0.28525892]
[0.44805648]
[0.2018846]
[0.32908506]
[0.18152784]
[0.29686538]
[0.14501684]
[0.3155311]
[0.26956535]
[0.37637114]
[0.18612693]
[0.32365768]
[0.26844295]
[0.20366315]
[0.20630822]
[0.22646527]
[0.31303583]
[0.31951677]
[0.16582405]
[0.28912787]
[0.18912672]
[0.26784498]
[0.22747596]
[0.24585868]
[0.24077559]
[0.15395667]
[0.3958293]
[0.15657142]
[0.3711459]
[0.36706519]
[0.25946516]
[0.16840168]
[0.41912524]
[0.23019748]
[0.2393819]
[0.44460818]
[0.31067983]
[0.2849949]
[0.25449259]
[0.26935273]
[0.4089069]
[0.2303322]
[0.25772029]
[0.447329]
[0.22746736]
[0.18773246]
[0.30005313]
[0.1885073]
[0.39149331]
[0.27660824]
[0.45367404]
[0.2152619]
[0.25772029]
[0.28834744]
[0.32577004]
[0.24376137]
[0.34614523]
[0.34951696]
[0.36019641]
[0.32228031]
[0.30657653]
[0.24894838]
[0.24180759]
[0.32411837]
[0.43046197]
[0.22697608]
[0.40854858]
[0.54318564]
[0.23719088]
[0.34311863]
[0.22023187]
[0.45837981]
[0.23794515]
[0.24065568]
[0.30198474]
[0.27462638]
[0.09079484]
[0.13940686]
[0.23403842]
[0.40967869]
[1] 2500   11
[1] 2500   11
[0.51343923]
