LOADING R
R LOADED
[1] "/home/lvanderl/Rlibs2"                         
[2] "/app/software/R/4.3.1-gfbf-2022b/lib/R/library"
[1] "/home/lvanderl/sieveSims"
[1] "rf 2 2"
[1] 0.06066683
[1] 0.06066683
[1] 0.06066683
53.79591836734694
0
[0.17680944]
1
[0.07328796]
2
[0.11932427]
3
[0.28229812]
4
[0.02411671]
5
[0.05554596]
6
[0.13008443]
7
[0.0914622]
8
[0.08046603]
9
[0.03731303]
10
[0.15351333]
11
[0.04274578]
12
[0.14935512]
13
[0.02775531]
14
[0.03359515]
15
[0.08747452]
16
[0.04526616]
17
[0.20884184]
18
[0.12493441]
19
[0.0243401]
20
[0.0572521]
21
[0.11270621]
22
[0.02464647]
23
[0.23978117]
24
[0.04573142]
25
[0.06886009]
26
[0.13534435]
27
[0.05085845]
28
[0.07103486]
29
[0.1147998]
30
[0.10425122]
31
[0.14843788]
32
[0.03284181]
33
[0.16887992]
34
[0.18677472]
35
[0.26563203]
36
[0.07335047]
37
[0.25454083]
38
[0.06067873]
39
[0.09651488]
40
[0.30012536]
41
[0.07756849]
42
[0.04201548]
43
[0.17867095]
44
[0.18328103]
45
[0.14251392]
46
[0.02600606]
47
[0.11960639]
48
[0.04514523]
49
[0.14406112]
50
[0.13488164]
51
[0.06613699]
52
[0.04066775]
53
[0.02363346]
54
[0.06035615]
55
[0.0635524]
56
[0.11225507]
57
[0.18469753]
58
[0.06600184]
59
[0.15268856]
60
[0.08407688]
61
[0.09230473]
62
[0.13144144]
63
[0.0249962]
64
[0.07336512]
65
[0.0962596]
66
[0.06471743]
67
[0.13202735]
68
[0.03727641]
69
[0.05937494]
70
[0.13817841]
71
[0.09707266]
72
[0.07143869]
73
[0.1952628]
74
[0.02605684]
75
[0.05704019]
76
[0.26499049]
77
[0.1105831]
78
[0.13150204]
79
[0.17477782]
80
[0.05366307]
81
[0.07717366]
82
[0.15863398]
83
[0.15911388]
84
[0.13609874]
85
[0.03375834]
86
[0.1143201]
87
[0.18840092]
88
[0.04918839]
89
[0.11876348]
90
[0.12882627]
91
[0.08776577]
92
[0.25747144]
93
[0.15336966]
94
[0.07300849]
95
[0.12483909]
96
[0.03922898]
97
[0.02407663]
98
[0.06050673]
99
[0.1259069]
100
[0.0379126]
101
[0.3308325]
102
[0.03614494]
103
[0.15410841]
104
[0.04843065]
105
[0.04573514]
106
[0.07976124]
107
[0.14356721]
108
[0.13807057]
109
[0.22408113]
110
[0.11317471]
111
[0.25164927]
112
[0.0733917]
113
[0.19336308]
114
[0.12709542]
115
[0.08482016]
116
[0.15368471]
117
[0.03798582]
118
[0.11348415]
119
[0.09633327]
120
[0.03818993]
121
[0.04617644]
122
[0.16223607]
123
[0.14378261]
124
[0.16665607]
125
[0.08596156]
126
[0.23378694]
127
[0.11834408]
128
[0.10312236]
129
[0.15725657]
130
[0.25379985]
131
[0.1512787]
132
[0.08042965]
133
[0.0433293]
134
[0.0865825]
135
[0.06828362]
136
[0.21624332]
137
[0.05401856]
138
[0.23860268]
139
[0.1283522]
140
[0.03038336]
141
[0.02863122]
142
[0.14080059]
143
[0.10947475]
144
[0.15149947]
145
[0.17478912]
146
[0.09414083]
147
[0.11915026]
148
[0.03858448]
149
[0.10816211]
150
[0.04386651]
151
[0.033632]
152
[0.03432107]
153
[0.23028796]
154
[0.16945933]
155
[0.19051426]
156
[0.19968002]
157
[0.06595529]
158
[0.09519743]
159
[0.08989453]
160
[0.0907602]
161
[0.03282124]
162
[0.03112973]
163
[0.04685894]
164
[0.0278919]
165
[0.169328]
166
[0.05604701]
167
[0.0560311]
168
[0.18427863]
169
[0.1771777]
170
[0.03612145]
171
[0.04296962]
172
[0.03587972]
173
[0.16513333]
174
[0.08070489]
175
[0.03467548]
176
[0.12462362]
177
[0.11090533]
178
[0.04472494]
179
[0.18942221]
180
[0.07035043]
181
[0.28063043]
182
[0.12301537]
183
[0.03141373]
184
[0.0247602]
185
[0.0242941]
186
[0.03016141]
187
[0.1674471]
188
[0.17352789]
189
[0.27050115]
190
[0.20540354]
191
[0.06510601]
192
[0.05475989]
193
[0.04714652]
194
[0.02286106]
195
[0.24640884]
196
[0.15935799]
197
[0.03232187]
198
[0.1299453]
199
[0.02448821]
200
[0.20695629]
201
[0.14422008]
202
[0.05740004]
203
[0.078581]
204
[0.16772965]
205
[0.09596755]
206
[0.10208591]
207
[0.05674733]
208
[0.11889951]
209
[0.10216306]
210
[0.11703516]
211
[0.03361211]
212
[0.26561602]
213
[0.03400471]
214
[0.10748687]
215
[0.19896304]
216
[0.03052209]
217
[0.03211734]
218
[0.09838793]
219
[0.04153995]
220
[0.02418767]
221
[0.1003226]
222
[0.11084724]
223
[0.17212772]
224
[0.04435791]
225
[0.31283097]
226
[0.30050644]
227
[0.05846146]
228
[0.06894789]
229
[0.06399939]
230
[0.02483447]
231
[0.08553295]
232
[0.04054101]
233
[0.16484735]
234
[0.02082728]
235
[0.16505968]
236
[0.05400327]
237
[0.22886926]
238
[0.11592505]
239
[0.1600389]
240
[0.14864287]
241
[0.06469012]
242
[0.21899833]
243
[0.05385156]
244
[0.06664969]
245
[0.10193238]
246
[0.22084158]
247
[0.04923366]
248
[0.055291]
249
[0.03536236]
250
[0.10463764]
251
[0.05077502]
252
[0.02847415]
253
[0.04050275]
254
[0.14001131]
255
[0.15869051]
256
[0.09038843]
257
[0.03442768]
258
[0.05214298]
259
[0.10781373]
260
[0.14971416]
261
[0.11619804]
262
[0.12688007]
263
[0.05837653]
264
[0.16460665]
265
[0.03336086]
266
[0.06900815]
267
[0.06896898]
268
[0.12369001]
269
[0.1333702]
270
[0.16783863]
271
[0.17465492]
272
[0.11242151]
273
[0.10479211]
274
[0.03018986]
275
[0.03359808]
276
[0.07490781]
277
[0.05690943]
278
[0.13075155]
279
[0.08675243]
280
[0.02717451]
281
[0.12520285]
282
[0.18417498]
283
[0.06511788]
284
[0.20660426]
285
[0.03142859]
286
[0.12777054]
287
[0.15067236]
288
[0.13448516]
289
[0.06787068]
290
[0.17341549]
291
[0.08668773]
292
[0.117042]
293
[0.09188854]
294
[0.12760208]
295
[0.09519866]
296
[0.02777102]
297
[0.16778966]
298
[0.07138487]
299
[0.20573734]
300
[0.02278241]
301
[0.14955472]
302
[0.09146868]
303
[0.08948647]
304
[0.02843763]
305
[0.0296183]
306
[0.10223263]
307
[0.26315429]
308
[0.02401665]
309
[0.15886293]
310
[0.22225566]
311
[0.25195315]
312
[0.22787898]
313
[0.10101601]
314
[0.10142463]
315
[0.28542729]
316
[0.16252863]
317
[0.17828315]
318
[0.05521287]
319
[0.11618441]
320
[0.03367935]
321
[0.06792898]
322
[0.10758747]
323
[0.08232926]
324
[0.17738427]
325
[0.05651103]
326
[0.10014971]
327
[0.15920248]
328
[0.043906]
329
[0.03129909]
330
[0.1127631]
331
[0.14056119]
332
[0.07756654]
333
[0.07245872]
334
[0.03432357]
335
[0.09512319]
336
[0.07927874]
337
[0.06472698]
338
[0.1848545]
339
[0.08560953]
340
[0.08087826]
341
[0.14229881]
342
[0.13194424]
343
[0.07664372]
344
[0.02809255]
345
[0.05069424]
346
[0.05055917]
347
[0.12893719]
348
[0.09043621]
349
[0.19554425]
350
[0.24202823]
351
[0.12271008]
352
[0.23599478]
353
[0.149911]
354
[0.02833538]
355
[0.17011456]
356
[0.02552098]
357
[0.05647494]
358
[0.15675041]
359
[0.02423504]
360
[0.09846062]
361
[0.15063596]
362
[0.24351052]
363
[0.06859829]
364
[0.09677095]
365
[0.09698622]
366
[0.13547458]
367
[0.0248329]
368
[0.05552021]
369
[0.14434649]
370
[0.13312241]
371
[0.02932109]
372
[0.04919422]
373
[0.1518326]
374
[0.14786997]
375
[0.15288349]
376
[0.13031322]
377
[0.07724465]
378
[0.109781]
379
[0.22353778]
380
[0.05473815]
381
[0.10848913]
382
[0.1031629]
383
[0.14558441]
384
[0.02353746]
385
[0.04253368]
386
[0.1152514]
387
[0.1059944]
388
[0.16918988]
389
[0.26592682]
390
[0.08435046]
391
[0.06397796]
392
[0.1698837]
393
[0.10107871]
394
[0.09978034]
395
[0.16738926]
396
[0.2474264]
397
[0.06074162]
398
[0.14331984]
399
[0.12223417]
400
[0.09064599]
401
[0.03622268]
402
[0.05768187]
403
[0.11842546]
404
[0.04517468]
405
[0.03715895]
406
[0.05458561]
407
[0.12021428]
408
[0.12993888]
409
[0.0485643]
410
[0.11442563]
411
[0.18971221]
412
[0.08120223]
413
[0.08743996]
414
[0.15456325]
415
[0.02912757]
416
[0.04506889]
417
[0.02818391]
418
[0.05438192]
419
[0.12244874]
420
[0.07863532]
421
[0.15662157]
422
[0.15217995]
423
[0.13008918]
424
[0.16152081]
425
[0.04490595]
426
[0.14572924]
427
[0.08193009]
428
[0.18071141]
429
[0.0441997]
430
[0.12004632]
431
[0.15318613]
432
[0.08084024]
433
[0.02549099]
434
[0.07033044]
435
[0.09223556]
436
[0.22308593]
437
[0.03615421]
438
[0.0656747]
439
[0.22250966]
440
[0.16610972]
441
[0.11640595]
442
[0.02448374]
443
[0.08212132]
444
[0.06038731]
445
[0.24348515]
446
[0.07237538]
447
[0.14423767]
448
[0.15882129]
449
[0.10389758]
450
[0.11829511]
451
[0.03859717]
452
[0.13037379]
453
[0.02590665]
454
[0.16983305]
455
[0.13285248]
456
[0.15283868]
457
[0.08867618]
458
[0.3211883]
459
[0.18029021]
460
[0.07815442]
461
[0.10116544]
462
[0.03445255]
463
[0.08660888]
464
[0.09235136]
465
[0.13854574]
466
[0.26071037]
467
[0.09210757]
468
[0.13088103]
469
[0.10266663]
470
[0.18868593]
471
[0.12007356]
472
[0.05348904]
473
[0.1495088]
474
[0.08369407]
475
[0.04351725]
476
[0.1346501]
477
[0.1629849]
478
[0.09138298]
479
[0.06718268]
480
[0.11925286]
481
[0.12449025]
482
[0.02523619]
483
[0.17549501]
484
[0.10872463]
485
[0.04001272]
486
[0.16138516]
487
[0.08828975]
488
[0.17747257]
489
[0.16656956]
490
[0.10431264]
491
[0.24968399]
492
[0.18915002]
493
[0.0383436]
494
[0.20258252]
495
[0.29267217]
496
[0.2145264]
497
[0.05955892]
498
[0.0520302]
499
[0.02806086]
500
[0.05362924]
501
[0.14791646]
502
[0.14839764]
503
[0.10245393]
504
[0.07221206]
505
[0.1893014]
506
[0.16146783]
507
[0.0705329]
508
[0.0729411]
509
[0.03079981]
510
[0.08308838]
511
[0.0330938]
512
[0.11893395]
513
[0.02615337]
514
[0.1092307]
515
[0.09207945]
516
[0.04019892]
517
[0.13550245]
518
[0.09229062]
519
[0.05905887]
520
[0.10777198]
521
[0.15908975]
522
[0.04418407]
523
[0.08381827]
524
[0.12276301]
525
[0.10213462]
526
[0.09335584]
527
[0.05254416]
528
[0.30736052]
529
[0.10518753]
530
[0.03205363]
531
[0.10608357]
532
[0.03553181]
533
[0.09796722]
534
[0.07657388]
535
[0.05183383]
536
[0.07132338]
537
[0.1425551]
538
[0.15182669]
539
[0.0681852]
540
[0.09819345]
541
[0.14641294]
542
[0.22240484]
543
[0.10267744]
544
[0.17012059]
545
[0.08036752]
546
[0.1553819]
547
[0.13128842]
548
[0.04862575]
549
[0.09837006]
550
[0.16646477]
551
[0.03045889]
552
[0.1045727]
553
[0.12659715]
554
[0.05235414]
555
[0.11239395]
556
[0.06992779]
557
[0.17577491]
558
[0.04557801]
559
[0.21819268]
560
[0.05434828]
561
[0.02718823]
562
[0.14625621]
563
[0.28369136]
564
[0.09380063]
565
[0.0776929]
566
[0.12800507]
567
[0.07000043]
568
[0.07168934]
569
[0.11613681]
570
[0.08820439]
571
[0.10107361]
572
[0.20008695]
573
[0.05443041]
574
[0.06250873]
575
[0.08012512]
576
[0.03102119]
577
[0.08906565]
578
[0.03487094]
579
[0.1161592]
580
[0.11404346]
581
[0.05420662]
582
[0.06587957]
583
[0.03229543]
584
[0.09949882]
585
[0.24603017]
586
[0.03994797]
587
[0.2323042]
588
[0.12073817]
589
[0.05512819]
590
[0.14719679]
591
[0.04504329]
592
[0.05514811]
593
[0.18695492]
594
[0.09792531]
595
[0.03986188]
596
[0.20987161]
597
[0.0269374]
598
[0.10739461]
599
[0.12206913]
600
[0.06734417]
601
[0.09738437]
602
[0.19214574]
603
[0.13052666]
604
[0.19904999]
605
[0.22198887]
606
[0.0853237]
607
[0.03138805]
608
[0.02156995]
609
[0.04560377]
610
[0.0631099]
611
[0.04077735]
612
[0.04282513]
613
[0.10318469]
614
[0.13303885]
615
[0.03622185]
616
[0.05941651]
617
[0.03071547]
618
[0.10504844]
619
[0.07504963]
620
[0.04696774]
621
[0.10548798]
622
[0.12344349]
623
[0.22924111]
624
[0.14022166]
625
[0.15286021]
626
[0.11095305]
627
[0.12642535]
628
[0.17780707]
629
[0.02551951]
630
[0.03347912]
631
[0.06669101]
632
[0.12715984]
633
[0.20288128]
634
[0.10004405]
635
[0.1977513]
636
[0.04638234]
637
[0.04099974]
638
[0.16530684]
639
[0.03369058]
640
[0.21557825]
641
[0.2500605]
642
[0.18485507]
643
[0.22573674]
644
[0.14677498]
645
[0.03559875]
646
[0.03780634]
647
[0.07433607]
648
[0.17568059]
649
[0.16741935]
650
[0.07201813]
651
[0.04733725]
652
[0.03136673]
653
[0.02776891]
654
[0.08485754]
655
[0.12797688]
656
[0.24317365]
657
[0.13430476]
658
[0.13841563]
659
[0.03436842]
660
[0.03147534]
661
[0.04707639]
662
[0.13191885]
663
[0.11971542]
664
[0.22391309]
665
[0.27532292]
666
[0.14466488]
667
[0.0245367]
668
[0.16513068]
669
[0.05282766]
670
[0.09108698]
671
[0.0595725]
672
[0.08767725]
673
[0.06225172]
674
[0.04433191]
675
[0.09441416]
676
[0.04956931]
677
[0.13804036]
678
[0.03394796]
679
[0.17892391]
680
[0.19415765]
681
[0.03141482]
682
[0.29806394]
683
[0.07800659]
684
[0.10377502]
685
[0.05329199]
686
[0.17636482]
687
[0.18433995]
688
[0.19735814]
689
[0.03413401]
690
[0.07174058]
691
[0.09736691]
692
[0.0816749]
693
[0.10779017]
694
[0.08596631]
695
[0.04247041]
696
[0.03811286]
697
[0.15093781]
698
[0.09823699]
699
[0.04075864]
700
[0.09289868]
701
[0.02416526]
702
[0.24119914]
703
[0.06285052]
704
[0.06205694]
705
[0.02430252]
706
[0.13417472]
707
[0.08747833]
708
[0.1075365]
709
[0.14858015]
710
[0.19468403]
711
[0.05578221]
712
[0.07217414]
713
[0.05242087]
714
[0.06026698]
715
[0.13621845]
716
[0.06757293]
717
[0.02673429]
718
[0.15047223]
719
[0.07663174]
720
[0.1745035]
721
[0.14943784]
722
[0.03098787]
723
[0.1536528]
724
[0.03175481]
725
[0.1222594]
726
[0.1978359]
727
[0.15418669]
728
[0.04373253]
729
[0.16808123]
730
[0.14119983]
731
[0.22446325]
732
[0.11766425]
733
[0.03899999]
734
[0.11862638]
735
[0.09471031]
736
[0.05676916]
737
[0.09288139]
738
[0.10812401]
739
[0.07212]
740
[0.02731006]
741
[0.05410155]
742
[0.21598632]
743
[0.23593212]
744
[0.09827483]
745
[0.10300917]
746
[0.08917369]
747
[0.19410799]
748
[0.12355783]
749
[0.08474999]
750
[0.05147402]
751
[0.11818203]
752
[0.10507132]
753
[0.14841356]
754
[0.08420659]
755
[0.03699918]
756
[0.05938335]
757
[0.09225938]
758
[0.14706453]
759
[0.08705583]
760
[0.05217107]
761
[0.14781283]
762
[0.08906396]
763
[0.02923961]
764
[0.16136859]
765
[0.0244534]
766
[0.07277725]
767
[0.0390945]
768
[0.0457192]
769
[0.03831365]
770
[0.09696498]
771
[0.21088979]
772
[0.09115414]
773
[0.12281386]
774
[0.15313328]
775
[0.13766441]
776
[0.18698954]
777
[0.03037845]
778
[0.09097886]
779
[0.11841889]
780
[0.14177318]
781
[0.10190856]
782
[0.21960512]
783
[0.23372066]
784
[0.14978313]
785
[0.09036081]
786
[0.21174663]
787
[0.16758906]
788
[0.20414217]
789
[0.05506105]
790
[0.21143542]
791
[0.1235826]
792
[0.04761032]
793
[0.0866115]
794
[0.0750202]
795
[0.05862071]
796
[0.17038646]
797
[0.02691601]
798
[0.18560718]
799
[0.02659688]
800
[0.20181502]
801
[0.03767502]
802
[0.02410796]
803
[0.08963344]
804
[0.06799456]
805
[0.0820778]
806
[0.05416901]
807
[0.07463743]
808
[0.06642457]
809
[0.03075825]
810
[0.1733255]
811
[0.0566776]
812
[0.06867797]
813
[0.02194139]
814
[0.11757781]
815
[0.17440282]
816
[0.12618857]
817
[0.05876274]
818
[0.11734315]
819
[0.14680751]
820
[0.03572038]
821
[0.13549081]
822
[0.02741433]
823
[0.16259547]
824
[0.19246232]
825
[0.23371985]
826
[0.29792644]
827
[0.09346847]
828
[0.16439656]
829
[0.10975805]
830
[0.04692446]
831
[0.14312997]
832
[0.14232904]
833
[0.13662863]
834
[0.10581562]
835
[0.02911415]
836
[0.02959866]
837
[0.06522633]
838
[0.17846666]
839
[0.05711652]
840
[0.17559108]
841
[0.07028307]
842
[0.2281219]
843
[0.22531834]
844
[0.0708266]
845
[0.09909238]
846
[0.04564197]
847
[0.08945126]
848
[0.02383101]
849
[0.06687387]
850
[0.30861238]
851
[0.08336431]
852
[0.1677154]
853
[0.09055498]
854
[0.22504954]
855
[0.18824272]
856
[0.09939828]
857
[0.19758064]
858
[0.12186458]
859
[0.1273618]
860
[0.07923279]
861
[0.13407403]
862
[0.10936401]
863
[0.21968591]
864
[0.03741977]
865
[0.02489313]
866
[0.17326786]
867
[0.1496922]
868
[0.1546311]
869
[0.23237455]
870
[0.17206077]
871
[0.03190282]
872
[0.27488219]
873
[0.03128127]
874
[0.12748]
875
[0.04232357]
876
[0.03385972]
877
[0.06915745]
878
[0.09491448]
879
[0.05676087]
880
[0.03114987]
881
[0.04126076]
882
[0.0620497]
883
[0.03136437]
884
[0.25464125]
885
[0.1047041]
886
[0.13662799]
887
[0.05063007]
888
[0.03075101]
889
[0.11927633]
890
[0.11263966]
891
[0.08829219]
892
[0.03862204]
893
[0.08512894]
894
[0.13828735]
895
[0.14106488]
896
[0.08160104]
897
[0.02572826]
898
[0.20924954]
899
[0.16384295]
900
[0.04436061]
901
[0.07844209]
902
[0.08326834]
903
[0.0609186]
904
[0.1793363]
905
[0.05664511]
906
[0.15231378]
907
[0.08369974]
908
[0.09625139]
909
[0.16412612]
910
[0.21908753]
911
[0.098282]
912
[0.12501464]
913
[0.23887399]
914
[0.06428664]
915
[0.10154404]
916
[0.14593611]
917
[0.10408247]
918
[0.09179719]
919
[0.0406829]
920
[0.22406548]
921
[0.18545471]
922
[0.04457727]
923
[0.10628792]
924
[0.12353361]
925
[0.11415299]
926
[0.13305657]
927
[0.18811206]
928
[0.07446215]
929
[0.04253204]
930
[0.02784361]
931
[0.03130626]
932
[0.03346416]
933
[0.13948257]
934
[0.02759363]
935
[0.02567282]
936
[0.03370911]
937
[0.03325058]
938
[0.12951635]
939
[0.17060594]
940
[0.13832533]
941
[0.05720898]
942
[0.06671907]
943
[0.02607795]
944
[0.0765388]
945
[0.03407055]
946
[0.09737935]
947
[0.05919143]
948
[0.04400035]
949
[0.14569789]
950
[0.08238952]
951
[0.04187991]
952
[0.09678431]
953
[0.06845133]
954
[0.22464507]
955
[0.08511803]
956
[0.10045931]
957
[0.14856453]
958
[0.15179688]
959
[0.22847888]
960
[0.23969545]
961
[0.14346602]
962
[0.05230473]
963
[0.07981798]
964
[0.04695911]
965
[0.09923302]
966
[0.05139383]
967
[0.10319176]
968
[0.06813637]
969
[0.1012706]
970
[0.12027918]
971
[0.02578257]
972
[0.03808209]
973
[0.05567394]
974
[0.15940459]
975
[0.10454632]
976
[0.10495477]
977
[0.23714518]
978
[0.11113421]
979
[0.02525205]
980
[0.02636438]
981
[0.19936417]
982
[0.09494866]
983
[0.06840463]
984
[0.15952574]
985
[0.24783381]
986
[0.05184982]
987
[0.06267573]
988
[0.19191922]
989
[0.05977809]
990
[0.04574042]
991
[0.0948154]
992
[0.06100684]
993
[0.03561951]
994
[0.03464466]
995
[0.20756671]
996
[0.03952227]
997
[0.15170927]
998
[0.10887908]
999
[0.09804694]
[1] 5000   11
[1] 5000   11
