LOADING R
R LOADED
[1] "/home/lvanderl/Rlibs2"                         
[2] "/app/software/R/4.3.1-gfbf-2022b/lib/R/library"
[1] "/home/lvanderl/sieveSims"
[1] "xg 1 2"
[1] "histogram binning"
[1] 0.3147196
[1] 0.3147196
[1] "mondrian"
[1] "iso"
[1] 0.3147196
[1] "conditional"
[   10.            11.51395399    13.25711366    15.26417967
    17.57510625    20.23589648    23.29951811    26.82695795
    30.88843596    35.56480306    40.94915062    47.14866363
    54.28675439    62.50551925    71.9685673     82.86427729
    95.40954763   109.8541142    126.48552169   145.63484775
   167.68329368   193.06977289   222.29964825   255.95479227
   294.70517026   339.32217719   390.69399371   449.8432669
   517.94746792   596.36233166   686.648845     790.60432109
   910.29817799  1048.11313415  1206.79264064  1389.49549437
  1599.85871961  1842.06996933  2120.95088792  2442.05309455
  2811.76869797  3237.45754282  3727.59372031  4291.93426013
  4941.71336132  5689.86602902  6551.2855686   7543.12006335
  8685.11373751 10000.        ]
[ 0.09510659  0.09688745  0.09438387  0.09783693  0.10252307  0.10920883
  0.11499356  0.10803397  0.09369784  0.12990156  0.12790165  0.12043937
  0.15527008  0.15091892  0.13698406  0.15149218  0.22507636  0.21856658
  0.25783615  0.21615312  0.29679867  0.27149725  0.41538453  0.34158184
  0.248576    0.55042325  0.52153349  0.68150296  0.82519666  0.55491686
  0.97635705  1.04840631  1.551443    1.20550993  0.91417683  1.74614279
  2.6513419   2.13818113  2.47620129  2.41904305  3.56845459  4.36280625
  3.02056446  4.30358105  6.21687537  6.24992006 10.23500649 14.06750268
 10.73944252 10.37107897]
30.888435964774818
0.032374575428176434
0
[0.08527279]
1
[0.10964966]
2
[0.14090967]
3
[0.24108113]
4
[0.04040394]
5
[0.03920574]
6
[0.21856518]
7
[0.14870294]
8
[0.16659619]
9
[0.17194675]
10
[0.20286662]
11
[0.22120066]
12
[0.2068831]
13
[0.15116132]
14
[0.2455415]
15
[0.23079092]
16
[0.16005545]
17
[0.2423773]
18
[0.18702425]
19
[0.20520047]
20
[0.06587547]
21
[0.22231997]
22
[0.03618789]
23
[0.06839201]
24
[0.16330355]
25
[0.0900932]
26
[0.10369848]
27
[0.13214087]
28
[0.15078563]
29
[0.21354762]
30
[0.07053743]
31
[0.24465947]
32
[0.21876707]
33
[0.06905736]
34
[0.24258584]
35
[0.10718133]
36
[0.24105455]
37
[0.18410674]
38
[0.2271152]
39
[0.1539091]
40
[0.04848472]
41
[0.24072532]
42
[0.07148128]
43
[0.14661248]
44
[0.06599182]
45
[0.1949339]
46
[0.20075554]
47
[0.06804451]
48
[0.20248175]
49
[0.04602395]
50
[0.07638908]
51
[0.14991118]
52
[0.23337208]
53
[0.12162547]
54
[0.13105424]
55
[0.134191]
56
[0.08459321]
57
[0.18469783]
58
[0.07227323]
59
[0.19784005]
60
[0.20025682]
61
[0.10856709]
62
[0.19640326]
63
[0.06623788]
64
[0.03314047]
65
[0.23178801]
66
[0.23335026]
67
[0.06584572]
68
[0.04187287]
69
[0.06644656]
70
[0.06867889]
71
[0.24578226]
72
[0.0983034]
73
[0.24413047]
74
[0.24257902]
75
[0.07378584]
76
[0.02439214]
77
[0.20792192]
78
[0.13755333]
79
[0.09934901]
80
[0.18886237]
81
[0.21623318]
82
[0.24578048]
83
[0.24571198]
84
[0.21148264]
85
[0.12342202]
86
[0.16217824]
87
[0.16742165]
88
[0.08481231]
89
[0.0627245]
90
[0.20901073]
91
[0.21158946]
92
[0.07287023]
93
[0.06594521]
94
[0.24411443]
95
[0.06615571]
96
[0.14936605]
97
[0.09710746]
98
[0.0752597]
99
[0.09225545]
100
[0.16963323]
101
[0.13756778]
102
[0.23293317]
103
[0.2458273]
104
[0.06744867]
105
[0.21481333]
106
[0.12408932]
107
[0.19735401]
108
[0.23511054]
109
[0.06740847]
110
[0.11827545]
111
[0.12666323]
112
[0.14285652]
113
[0.24539952]
114
[0.24534413]
115
[0.21946881]
116
[0.12897636]
117
[0.06881563]
118
[0.19507153]
119
[0.06548446]
120
[0.10325135]
121
[0.12719987]
122
[0.0607492]
123
[0.14117643]
124
[0.1237311]
125
[0.16127801]
126
[0.1772664]
127
[0.06672603]
128
[0.16532212]
129
[0.08136316]
130
[0.06591289]
131
[0.16864645]
132
[0.15025362]
133
[0.17462006]
134
[0.06831679]
135
[0.21602404]
136
[0.15653313]
137
[0.17875443]
138
[0.1756754]
139
[0.12433576]
140
[0.06253586]
141
[0.22270532]
142
[0.14315354]
143
[0.06631508]
144
[0.24579142]
145
[0.1709651]
146
[0.23073573]
147
[0.1699627]
148
[0.15486783]
149
[0.19713898]
150
[0.06148467]
151
[0.24588303]
152
[0.23849573]
153
[0.19593463]
154
[0.22053505]
155
[0.19397235]
156
[0.20628375]
157
[0.06728963]
158
[0.04933481]
159
[0.13437881]
160
[0.08109106]
161
[0.22310122]
162
[0.20945152]
163
[0.14630119]
164
[0.09440954]
165
[0.05515428]
166
[0.14449531]
167
[0.22258111]
168
[0.17935778]
169
[0.02890593]
170
[0.15649875]
171
[0.13861334]
172
[0.03802854]
173
[0.17980066]
174
[0.19642156]
175
[0.18947967]
176
[0.02475776]
177
[0.06727508]
178
[0.24578977]
179
[0.04785956]
180
[0.24005908]
181
[0.20588863]
182
[0.17027622]
183
[0.06604099]
184
[0.19356878]
185
[0.15232134]
186
[0.13140069]
187
[0.08385645]
188
[0.16877782]
189
[0.18461342]
190
[0.22269605]
191
[0.03687896]
192
[0.19302448]
193
[0.24315431]
194
[0.02590267]
195
[0.07369023]
196
[0.06603814]
197
[0.17564308]
198
[0.18768643]
199
[0.17017274]
200
[0.07983961]
201
[0.17503862]
202
[0.12808032]
203
[0.22073807]
204
[0.09288962]
205
[0.12607249]
206
[0.11865729]
207
[0.04241144]
208
[0.10664926]
209
[0.22644369]
210
[0.19214057]
211
[0.1266378]
212
[0.19330036]
213
[0.16657602]
214
[0.20595841]
215
[0.18330773]
216
[0.06685074]
217
[0.23497903]
218
[0.21981385]
219
[0.2108495]
220
[0.14619281]
221
[0.10371597]
222
[0.21548968]
223
[0.08192521]
224
[0.23039785]
225
[0.11618621]
226
[0.22320461]
227
[0.10061055]
228
[0.06625097]
229
[0.24491125]
230
[0.12836158]
231
[0.11840349]
232
[0.24574246]
233
[0.19775443]
234
[0.05476581]
235
[0.24214534]
236
[0.24099]
237
[0.18374312]
238
[0.08018812]
239
[0.07027239]
240
[0.07645013]
241
[0.24525182]
242
[0.06609398]
243
[0.1159393]
244
[0.23849605]
245
[0.23021527]
246
[0.14120561]
247
[0.23939292]
248
[0.20199059]
249
[0.10803601]
250
[0.21124023]
251
[0.04081913]
252
[0.11222672]
253
[0.16233991]
254
[0.23210302]
255
[0.19732191]
256
[0.15135184]
257
[0.08063409]
258
[0.11918542]
259
[0.23481146]
260
[0.22358514]
261
[0.03381914]
262
[0.07625365]
263
[0.20801618]
264
[0.22947867]
265
[0.0700127]
266
[0.21615784]
267
[0.06716654]
268
[0.21185647]
269
[0.23408051]
270
[0.19100331]
271
[0.06740143]
272
[0.12662646]
273
[0.24395614]
274
[0.23562806]
275
[0.08916615]
276
[0.1923477]
277
[0.06809767]
278
[0.22385428]
279
[0.21909444]
280
[0.11743399]
281
[0.09829058]
282
[0.22657809]
283
[0.24175549]
284
[0.21589611]
285
[0.2025869]
286
[0.2341251]
287
[0.18304782]
288
[0.16492045]
289
[0.06573587]
290
[0.243776]
291
[0.23735326]
292
[0.20718979]
293
[0.23408833]
294
[0.24599002]
295
[0.06603792]
296
[0.09905287]
297
[0.13596153]
298
[0.0465873]
299
[0.06903014]
300
[0.11963454]
301
[0.19313959]
302
[0.22082995]
303
[0.11007086]
304
[0.02981746]
305
[0.13536438]
306
[0.12243397]
307
[0.20999655]
308
[0.17874323]
309
[0.22432406]
310
[0.23041615]
311
[0.08020731]
312
[0.24263433]
313
[0.22121244]
314
[0.2436585]
315
[0.05572273]
316
[0.09930707]
317
[0.10202707]
318
[0.20248849]
319
[0.15410781]
320
[0.05515564]
321
[0.10988959]
322
[0.06451904]
323
[0.03345388]
324
[0.06594297]
325
[0.24249139]
326
[0.20488152]
327
[0.24137718]
328
[0.23895046]
329
[0.06700902]
330
[0.23500303]
331
[0.07265467]
332
[0.16172904]
333
[0.15864233]
334
[0.18047279]
335
[0.24517654]
336
[0.24305054]
337
[0.23365724]
338
[0.19839686]
339
[0.06997965]
340
[0.17968906]
341
[0.06678119]
342
[0.24403933]
343
[0.15989652]
344
[0.24564826]
345
[0.2301296]
346
[0.21577924]
347
[0.24420417]
348
[0.17637828]
349
[0.24446224]
350
[0.16043339]
351
[0.12086935]
352
[0.13706093]
353
[0.08354487]
354
[0.23630452]
355
[0.23445538]
356
[0.05814585]
357
[0.11850817]
358
[0.0691361]
359
[0.08624607]
360
[0.20685478]
361
[0.21440275]
362
[0.05619577]
363
[0.22799833]
364
[0.0911835]
365
[0.24057086]
366
[0.08900695]
367
[0.06584995]
368
[0.19710213]
369
[0.09580278]
370
[0.06648641]
371
[0.23409761]
372
[0.10409792]
373
[0.2325185]
374
[0.06642194]
375
[0.13276091]
376
[0.22134946]
377
[0.10008104]
378
[0.22206997]
379
[0.07733756]
380
[0.0662225]
381
[0.17969186]
382
[0.21624218]
383
[0.17101199]
384
[0.09246909]
385
[0.06940112]
386
[0.23472298]
387
[0.15199491]
388
[0.1109416]
389
[0.09453662]
390
[0.06850056]
391
[0.20303474]
392
[0.08703752]
393
[0.10767048]
394
[0.24444688]
395
[0.22775742]
396
[0.11563808]
397
[0.02934906]
398
[0.06585821]
399
[0.06584888]
400
[0.16190572]
401
[0.18420589]
402
[0.14839956]
403
[0.12444421]
404
[0.12415191]
405
[0.08347841]
406
[0.24402944]
407
[0.17659962]
408
[0.16403927]
409
[0.23359134]
410
[0.15100518]
411
[0.22711444]
412
[0.07172363]
413
[0.16600683]
414
[0.05199231]
415
[0.07863819]
416
[0.07804216]
417
[0.22252815]
418
[0.24075534]
419
[0.24547657]
420
[0.0881914]
421
[0.08705749]
422
[0.0913304]
423
[0.08219982]
424
[0.24168367]
425
[0.21755171]
426
[0.23990028]
427
[0.06676656]
428
[0.24465]
429
[0.24050993]
430
[0.23070778]
431
[0.07719867]
432
[0.16570255]
433
[0.02591349]
434
[0.23156031]
435
[0.14833325]
436
[0.22988127]
437
[0.22854906]
438
[0.07649447]
439
[0.16886406]
440
[0.18479054]
441
[0.09924319]
442
[0.10805196]
443
[0.06750395]
444
[0.0248667]
445
[0.21319191]
446
[0.06854092]
447
[0.13963224]
448
[0.24189331]
449
[0.10028889]
450
[0.0598063]
451
[0.18174008]
452
[0.10205322]
453
[0.05631115]
454
[0.11941129]
455
[0.0977984]
456
[0.15893768]
457
[0.07445712]
458
[0.08782796]
459
[0.08177444]
460
[0.07634506]
461
[0.04635307]
462
[0.16898261]
463
[0.16810731]
464
[0.09719821]
465
[0.07890573]
466
[0.20091989]
467
[0.17108479]
468
[0.0659217]
469
[0.15144936]
470
[0.19546975]
471
[0.23434426]
472
[0.09671756]
473
[0.17252694]
474
[0.17039596]
475
[0.19446497]
476
[0.24512796]
477
[0.20973128]
478
[0.22717617]
479
[0.2197806]
480
[0.10689672]
481
[0.22717633]
482
[0.20009605]
483
[0.07803984]
484
[0.06496938]
485
[0.19451158]
486
[0.24068971]
487
[0.14777599]
488
[0.06810988]
489
[0.22831238]
490
[0.21376418]
491
[0.06657782]
492
[0.10100188]
493
[0.10870237]
494
[0.21568989]
495
[0.07123005]
496
[0.1750497]
497
[0.19268325]
498
[0.20006544]
499
[0.06700628]
500
[0.2448897]
501
[0.09543791]
502
[0.1930778]
503
[0.12968253]
504
[0.14309595]
505
[0.23656986]
506
[0.03703252]
507
[0.22459527]
508
[0.09749573]
509
[0.2303165]
510
[0.1379331]
511
[0.24532499]
512
[0.04297905]
513
[0.23429968]
514
[0.22976274]
515
[0.20817575]
516
[0.11924055]
517
[0.22110032]
518
[0.0563121]
519
[0.15858404]
520
[0.15543535]
521
[0.09770075]
522
[0.24408495]
523
[0.07076495]
524
[0.08079344]
525
[0.23548846]
526
[0.2345882]
527
[0.15841097]
528
[0.24476864]
529
[0.23102951]
530
[0.07260673]
531
[0.05870051]
532
[0.24128597]
533
[0.17359157]
534
[0.24185268]
535
[0.1805324]
536
[0.22924551]
537
[0.19751981]
538
[0.18993027]
539
[0.10791529]
540
[0.24572121]
541
[0.15149269]
542
[0.12771102]
543
[0.10972237]
544
[0.16437012]
545
[0.20353252]
546
[0.24559956]
547
[0.2276871]
548
[0.07952794]
549
[0.14175003]
550
[0.16608323]
551
[0.09218368]
552
[0.0669599]
553
[0.17873565]
554
[0.23666208]
555
[0.22344052]
556
[0.07047788]
557
[0.16083279]
558
[0.07450771]
559
[0.06798677]
560
[0.06932797]
561
[0.14166844]
562
[0.07870727]
563
[0.24457071]
564
[0.21183712]
565
[0.2236852]
566
[0.13087957]
567
[0.15103442]
568
[0.24078451]
569
[0.2428812]
570
[0.24366258]
571
[0.07104206]
572
[0.19626441]
573
[0.17046514]
574
[0.24078156]
575
[0.23477318]
576
[0.08309541]
577
[0.06593019]
578
[0.07659596]
579
[0.24263876]
580
[0.19582846]
581
[0.15400847]
582
[0.12338483]
583
[0.24043534]
584
[0.06723846]
585
[0.05735418]
586
[0.17939682]
587
[0.21004166]
588
[0.19365812]
589
[0.15045951]
590
[0.24580312]
591
[0.19714115]
592
[0.12428058]
593
[0.12829884]
594
[0.16144347]
595
[0.1814362]
596
[0.17285243]
597
[0.17268526]
598
[0.23380931]
599
[0.20008625]
600
[0.12077639]
601
[0.23481029]
602
[0.24152441]
603
[0.024547]
604
[0.12266026]
605
[0.05771586]
606
[0.12041371]
607
[0.24396843]
608
[0.14904336]
609
[0.16577696]
610
[0.23647974]
611
[0.19594616]
612
[0.16831377]
613
[0.18326576]
614
[0.22599676]
615
[0.12753422]
616
[0.1137906]
617
[0.06395591]
618
[0.21259758]
619
[0.12860033]
620
[0.05778493]
621
[0.16612641]
622
[0.21357895]
623
[0.11680834]
624
[0.16869087]
625
[0.09113762]
626
[0.23047715]
627
[0.1196718]
628
[0.18793089]
629
[0.19288302]
630
[0.15941135]
631
[0.23435648]
632
[0.06594052]
633
[0.12355262]
634
[0.15062157]
635
[0.2454763]
636
[0.16782042]
637
[0.1467282]
638
[0.09184998]
639
[0.23553056]
640
[0.06696407]
641
[0.09838883]
642
[0.21881339]
643
[0.21723162]
644
[0.0662381]
645
[0.16220461]
646
[0.06947537]
647
[0.13558414]
648
[0.15442914]
649
[0.1414153]
650
[0.07759028]
651
[0.19294193]
652
[0.21386556]
653
[0.066812]
654
[0.14264498]
655
[0.04009474]
656
[0.05063148]
657
[0.18690589]
658
[0.23540697]
659
[0.16577683]
660
[0.07949179]
661
[0.07788459]
662
[0.24589649]
663
[0.11183935]
664
[0.18924923]
665
[0.10163748]
666
[0.10543979]
667
[0.24580796]
668
[0.10452165]
669
[0.24584866]
670
[0.17621081]
671
[0.23528264]
672
[0.18614639]
673
[0.06424683]
674
[0.23093668]
675
[0.13581031]
676
[0.21651635]
677
[0.05886645]
678
[0.20835619]
679
[0.16271523]
680
[0.13017517]
681
[0.12201389]
682
[0.06972833]
683
[0.12211539]
684
[0.15561596]
685
[0.06557006]
686
[0.03231485]
687
[0.06829015]
688
[0.2145536]
689
[0.21862962]
690
[0.08212795]
691
[0.0372389]
692
[0.06655986]
693
[0.06026711]
694
[0.18632611]
695
[0.22593674]
696
[0.21418522]
697
[0.04186667]
698
[0.24270325]
699
[0.230716]
700
[0.14474665]
701
[0.06548493]
702
[0.04556298]
703
[0.2459629]
704
[0.19226772]
705
[0.08831394]
706
[0.06590156]
707
[0.24521564]
708
[0.23795092]
709
[0.19085752]
710
[0.09050465]
711
[0.06600062]
712
[0.20642176]
713
[0.24593161]
714
[0.24598811]
715
[0.17253611]
716
[0.08291852]
717
[0.09979051]
718
[0.15025725]
719
[0.19365505]
720
[0.20651712]
721
[0.18532337]
722
[0.1499586]
723
[0.13002846]
724
[0.24406054]
725
[0.19051208]
726
[0.17635085]
727
[0.20207574]
728
[0.13821565]
729
[0.22917395]
730
[0.22459112]
731
[0.16976227]
732
[0.23637084]
733
[0.20927278]
734
[0.20771014]
735
[0.24458531]
736
[0.07957306]
737
[0.10265312]
738
[0.23818269]
739
[0.16830004]
740
[0.16958575]
741
[0.15044521]
742
[0.22920886]
743
[0.24099053]
744
[0.06881078]
745
[0.09079506]
746
[0.06585114]
747
[0.11061828]
748
[0.24372827]
749
[0.20558427]
750
[0.06600877]
751
[0.09111797]
752
[0.24112253]
753
[0.23838335]
754
[0.14513364]
755
[0.06760845]
756
[0.02904852]
757
[0.11732541]
758
[0.24416893]
759
[0.06996282]
760
[0.18606371]
761
[0.19263609]
762
[0.24470349]
763
[0.11449976]
764
[0.0795991]
765
[0.08522433]
766
[0.07613577]
767
[0.07640857]
768
[0.11393716]
769
[0.11099077]
770
[0.10974078]
771
[0.2136666]
772
[0.14956517]
773
[0.04505047]
774
[0.21193168]
775
[0.24590252]
776
[0.08676827]
777
[0.03249268]
778
[0.08610691]
779
[0.07086743]
780
[0.06584759]
781
[0.22396792]
782
[0.20467791]
783
[0.24593026]
784
[0.24587533]
785
[0.16553438]
786
[0.10000181]
787
[0.13965701]
788
[0.22364153]
789
[0.24487664]
790
[0.06984619]
791
[0.11049049]
792
[0.20797943]
793
[0.0960695]
794
[0.13621011]
795
[0.24118731]
796
[0.17671717]
797
[0.19758291]
798
[0.04774295]
799
[0.21721323]
800
[0.16383224]
801
[0.16323486]
802
[0.21306268]
803
[0.22318632]
804
[0.11028156]
805
[0.2449394]
806
[0.15383106]
807
[0.02472932]
808
[0.22156628]
809
[0.22946417]
810
[0.05303732]
811
[0.0678557]
812
[0.19916302]
813
[0.04430963]
814
[0.04345135]
815
[0.0936373]
816
[0.24154781]
817
[0.23344703]
818
[0.05092074]
819
[0.07283031]
820
[0.05467533]
821
[0.07117518]
822
[0.18437861]
823
[0.10992711]
824
[0.07803471]
825
[0.07562371]
826
[0.03404644]
827
[0.06586307]
828
[0.15549943]
829
[0.24465582]
830
[0.24246169]
831
[0.24262691]
832
[0.22921585]
833
[0.23605195]
834
[0.23570344]
835
[0.19426365]
836
[0.13474481]
837
[0.24288973]
838
[0.10714068]
839
[0.22137032]
840
[0.07500916]
841
[0.13995209]
842
[0.23017261]
843
[0.08732466]
844
[0.24387393]
845
[0.24024763]
846
[0.24435029]
847
[0.06586434]
848
[0.06760436]
849
[0.14374138]
850
[0.14044958]
851
[0.06621608]
852
[0.19029464]
853
[0.24341632]
854
[0.08864416]
855
[0.08370636]
856
[0.1051265]
857
[0.08892106]
858
[0.09539477]
859
[0.2361192]
860
[0.06712272]
861
[0.11606951]
862
[0.14501181]
863
[0.06736378]
864
[0.05781774]
865
[0.1999229]
866
[0.06636044]
867
[0.15801869]
868
[0.15434106]
869
[0.20387974]
870
[0.09483799]
871
[0.10676952]
872
[0.06137917]
873
[0.21668693]
874
[0.19117287]
875
[0.06637112]
876
[0.08843676]
877
[0.20339261]
878
[0.17189542]
879
[0.22048021]
880
[0.16879124]
881
[0.08109951]
882
[0.10552548]
883
[0.17974334]
884
[0.24361955]
885
[0.09839498]
886
[0.21509685]
887
[0.13553724]
888
[0.06607901]
889
[0.06724787]
890
[0.18350175]
891
[0.19668353]
892
[0.06621428]
893
[0.04514184]
894
[0.15223802]
895
[0.16047579]
896
[0.09286696]
897
[0.23282111]
898
[0.24221313]
899
[0.24513838]
900
[0.06595726]
901
[0.08159979]
902
[0.08929588]
903
[0.1272124]
904
[0.0548807]
905
[0.11905041]
906
[0.06841006]
907
[0.03369963]
908
[0.21010284]
909
[0.18994048]
910
[0.23972787]
911
[0.22833014]
912
[0.09400825]
913
[0.23543132]
914
[0.16115069]
915
[0.24364202]
916
[0.14722514]
917
[0.08766387]
918
[0.07104741]
919
[0.06587962]
920
[0.05486648]
921
[0.03997121]
922
[0.24493587]
923
[0.24341862]
924
[0.1585316]
925
[0.20938933]
926
[0.21207751]
927
[0.23314386]
928
[0.22920855]
929
[0.06220679]
930
[0.23166306]
931
[0.17293609]
932
[0.21219658]
933
[0.24574742]
934
[0.17761511]
935
[0.24212667]
936
[0.03489834]
937
[0.06886393]
938
[0.07026426]
939
[0.07076989]
940
[0.22810603]
941
[0.07573503]
942
[0.24539956]
943
[0.06614055]
944
[0.18822776]
945
[0.24598121]
946
[0.12762213]
947
[0.04781248]
948
[0.09190732]
949
[0.17011551]
950
[0.08599228]
951
[0.08854769]
952
[0.22404059]
953
[0.08935969]
954
[0.24493766]
955
[0.11980582]
956
[0.15149551]
957
[0.21784147]
958
[0.06241618]
959
[0.23913634]
960
[0.08406054]
961
[0.12769691]
962
[0.24562221]
963
[0.23260898]
964
[0.07640381]
965
[0.13271023]
966
[0.091369]
967
[0.23035727]
968
[0.24598852]
969
[0.09091205]
970
[0.23614229]
971
[0.14055043]
972
[0.18268999]
973
[0.21960011]
974
[0.16422539]
975
[0.08300799]
976
[0.24596444]
977
[0.05287403]
978
[0.24586554]
979
[0.17465079]
980
[0.07577287]
981
[0.07905215]
982
[0.06748384]
983
[0.24191105]
984
[0.13051891]
985
[0.24598872]
986
[0.1751976]
987
[0.24464295]
988
[0.13152819]
989
[0.20530726]
990
[0.15611108]
991
[0.21303561]
992
[0.15921214]
993
[0.16433573]
994
[0.16211524]
995
[0.20888463]
996
[0.11206664]
997
[0.20600804]
998
[0.10033282]
999
[0.08765148]
1000
[0.23707743]
1001
[0.19021051]
1002
[0.18660171]
1003
[0.11973028]
1004
[0.24330339]
1005
[0.24041589]
1006
[0.24042459]
1007
[0.07139601]
1008
[0.10410534]
1009
[0.24242377]
1010
[0.1249056]
1011
[0.13896207]
1012
[0.06616132]
1013
[0.03583363]
1014
[0.07611715]
1015
[0.15633104]
1016
[0.14477193]
1017
[0.22156565]
1018
[0.07521681]
1019
[0.15793153]
1020
[0.10319472]
1021
[0.07162791]
1022
[0.06395162]
1023
[0.06062694]
1024
[0.07071633]
1025
[0.24380358]
1026
[0.10643073]
1027
[0.08740151]
1028
[0.09883753]
1029
[0.08152805]
1030
[0.06651776]
1031
[0.13762506]
1032
[0.09545488]
1033
[0.1628283]
1034
[0.13381342]
1035
[0.1556382]
1036
[0.18679474]
1037
[0.06589754]
1038
[0.23267891]
1039
[0.24179738]
1040
[0.14619897]
1041
[0.23193899]
1042
[0.24278891]
1043
[0.13162024]
1044
[0.10832816]
1045
[0.14985843]
1046
[0.06804132]
1047
[0.12199383]
1048
[0.23061589]
1049
[0.22808689]
1050
[0.2117034]
1051
[0.24353714]
1052
[0.20874405]
1053
[0.18673769]
1054
[0.13975345]
1055
[0.07017363]
1056
[0.09006483]
1057
[0.21593304]
1058
[0.2429912]
1059
[0.07477586]
1060
[0.21221048]
1061
[0.22398391]
1062
[0.20484546]
1063
[0.06616922]
1064
[0.16789141]
1065
[0.23940517]
1066
[0.17145074]
1067
[0.1430269]
1068
[0.24366712]
1069
[0.08202546]
1070
[0.12401124]
1071
[0.05485327]
1072
[0.17702251]
1073
[0.11341989]
1074
[0.20803599]
1075
[0.12398992]
1076
[0.06586058]
1077
[0.20434078]
1078
[0.16929868]
1079
[0.23986203]
1080
[0.18811279]
1081
[0.13787803]
1082
[0.12047403]
1083
[0.05484301]
1084
[0.10634091]
1085
[0.1096913]
1086
[0.0350358]
1087
[0.17649972]
1088
[0.21107664]
1089
[0.06608222]
1090
[0.10920834]
1091
[0.17453481]
1092
[0.12689414]
1093
[0.21295445]
1094
[0.03283376]
1095
[0.08142948]
1096
[0.11608806]
1097
[0.06584206]
1098
[0.167531]
1099
[0.16917974]
1100
[0.10358396]
1101
[0.21689537]
1102
[0.06296289]
1103
[0.08579474]
1104
[0.24517963]
1105
[0.0409677]
1106
[0.07863295]
1107
[0.05215561]
1108
[0.24587316]
1109
[0.23241414]
1110
[0.16108734]
1111
[0.21736737]
1112
[0.20360481]
1113
[0.18600126]
1114
[0.02819418]
1115
[0.22343564]
1116
[0.13079701]
1117
[0.11243956]
1118
[0.08769939]
1119
[0.23442043]
1120
[0.23956603]
1121
[0.11578424]
1122
[0.16817208]
1123
[0.07101286]
1124
[0.0718805]
1125
[0.13160743]
1126
[0.13399404]
1127
[0.08337716]
1128
[0.06731608]
1129
[0.24585167]
1130
[0.14039246]
1131
[0.18538122]
1132
[0.13106934]
1133
[0.14828256]
1134
[0.17001688]
1135
[0.07336398]
1136
[0.19710705]
1137
[0.1903219]
1138
[0.24194721]
1139
[0.24399003]
1140
[0.07292638]
1141
[0.22562702]
1142
[0.09878521]
1143
[0.11588375]
1144
[0.20017607]
1145
[0.03611725]
1146
[0.08036263]
1147
[0.09718636]
1148
[0.24476076]
1149
[0.08152429]
1150
[0.23337059]
1151
[0.20603043]
1152
[0.23996525]
1153
[0.23985977]
1154
[0.24168412]
1155
[0.02442559]
1156
[0.07262509]
1157
[0.10935343]
1158
[0.08734983]
1159
[0.02775881]
1160
[0.05627444]
1161
[0.24258044]
1162
[0.24592079]
1163
[0.14821681]
1164
[0.0360469]
1165
[0.23456514]
1166
[0.05226274]
1167
[0.19082713]
1168
[0.14310257]
1169
[0.15577068]
1170
[0.14917765]
1171
[0.23704954]
1172
[0.15122651]
1173
[0.06949018]
1174
[0.05452714]
1175
[0.24227]
1176
[0.08799616]
1177
[0.15756708]
1178
[0.11650734]
1179
[0.11303275]
1180
[0.20913018]
1181
[0.16744602]
1182
[0.09406964]
1183
[0.23927038]
1184
[0.23786436]
1185
[0.15810474]
1186
[0.22093957]
1187
[0.23272462]
1188
[0.15800148]
1189
[0.23710297]
1190
[0.21945714]
1191
[0.18260552]
1192
[0.07895309]
1193
[0.19255031]
1194
[0.13419489]
1195
[0.10510968]
1196
[0.24118852]
1197
[0.18671492]
1198
[0.13808672]
1199
[0.06215495]
1200
[0.14426781]
1201
[0.11330542]
1202
[0.17850113]
1203
[0.22142757]
1204
[0.21913351]
1205
[0.21799737]
1206
[0.24598468]
1207
[0.02532129]
1208
[0.09726129]
1209
[0.19346142]
1210
[0.10357792]
1211
[0.2130466]
1212
[0.09557837]
1213
[0.24006966]
1214
[0.05954495]
1215
[0.10690635]
1216
[0.13267015]
1217
[0.1421327]
1218
[0.20229585]
1219
[0.22259419]
1220
[0.06595555]
1221
[0.06603919]
1222
[0.13945014]
1223
[0.1679163]
1224
[0.24484987]
1225
[0.12221219]
1226
[0.18652197]
1227
[0.15978384]
1228
[0.16925911]
1229
[0.11052733]
1230
[0.05441593]
1231
[0.12511289]
1232
[0.06821461]
1233
[0.11545018]
1234
[0.03642716]
1235
[0.17583015]
1236
[0.21275402]
1237
[0.13271452]
1238
[0.07687126]
1239
[0.24499173]
1240
[0.2121205]
1241
[0.08236377]
1242
[0.24184525]
1243
[0.15312587]
1244
[0.04064012]
1245
[0.06584936]
1246
[0.20595431]
1247
[0.03602351]
1248
[0.20848111]
1249
[0.24501113]
1250
[0.06745869]
1251
[0.14034376]
1252
[0.23393242]
1253
[0.20393385]
1254
[0.24547699]
1255
[0.08447649]
1256
[0.07937197]
1257
[0.18746563]
1258
[0.06731418]
1259
[0.14424853]
1260
[0.23172695]
1261
[0.16562648]
1262
[0.14622247]
1263
[0.11764009]
1264
[0.06615361]
1265
[0.04176092]
1266
[0.24555146]
1267
[0.15809843]
1268
[0.1573004]
1269
[0.21329004]
1270
[0.06251853]
1271
[0.07235424]
1272
[0.15853514]
1273
[0.14462165]
1274
[0.14201873]
1275
[0.07886969]
1276
[0.21221929]
1277
[0.23863177]
1278
[0.12412408]
1279
[0.11488203]
1280
[0.13164145]
1281
[0.07724566]
1282
[0.16447797]
1283
[0.23754982]
1284
[0.09312144]
1285
[0.15145259]
1286
[0.24573782]
1287
[0.12645814]
1288
[0.19352431]
1289
[0.09649356]
1290
[0.06101765]
1291
[0.21903523]
1292
[0.24551997]
1293
[0.08459762]
1294
[0.23783158]
1295
[0.21013901]
1296
[0.13952174]
1297
[0.23171742]
1298
[0.10363741]
1299
[0.03432586]
1300
[0.23773933]
1301
[0.10448191]
1302
[0.2390498]
1303
[0.19355134]
1304
[0.07428202]
1305
[0.06577152]
1306
[0.13970045]
1307
[0.23645163]
1308
[0.21278447]
1309
[0.12960397]
1310
[0.16014647]
1311
[0.24583978]
1312
[0.06724136]
1313
[0.08466296]
1314
[0.14932453]
1315
[0.07214767]
1316
[0.07309782]
1317
[0.12706434]
1318
[0.11598499]
1319
[0.08448981]
1320
[0.17504119]
1321
[0.18244143]
1322
[0.08774168]
1323
[0.06749451]
1324
[0.23915898]
1325
[0.18376698]
1326
[0.17774739]
1327
[0.09626832]
1328
[0.11056014]
1329
[0.06902622]
1330
[0.19742924]
1331
[0.22181349]
1332
[0.17382964]
1333
[0.22766632]
1334
[0.10021909]
1335
[0.09977468]
1336
[0.09362234]
1337
[0.23981293]
1338
[0.15380245]
1339
[0.06585165]
1340
[0.24124962]
1341
[0.14441673]
1342
[0.24449213]
1343
[0.06701054]
1344
[0.13731996]
1345
[0.09656178]
1346
[0.15509297]
1347
[0.06949026]
1348
[0.12260106]
1349
[0.14621735]
1350
[0.10178618]
1351
[0.07198183]
1352
[0.237798]
1353
[0.07530322]
1354
[0.22812709]
1355
[0.09832065]
1356
[0.22007419]
1357
[0.17857253]
1358
[0.14386997]
1359
[0.23263131]
1360
[0.15886393]
1361
[0.17852441]
1362
[0.20859419]
1363
[0.06489758]
1364
[0.14037456]
1365
[0.21771573]
1366
[0.08177646]
1367
[0.07888238]
1368
[0.23172465]
1369
[0.2338744]
1370
[0.07399519]
1371
[0.11978934]
1372
[0.10095479]
1373
[0.2395295]
1374
[0.24158833]
1375
[0.17848045]
1376
[0.22733164]
1377
[0.08942049]
1378
[0.24358432]
1379
[0.22843103]
1380
[0.07443928]
1381
[0.18289376]
1382
[0.1259173]
1383
[0.04914094]
1384
[0.14621467]
1385
[0.09244541]
1386
[0.07632659]
1387
[0.16980738]
1388
[0.06584389]
1389
[0.06590866]
1390
[0.19791833]
1391
[0.24034864]
1392
[0.15551906]
1393
[0.13492702]
1394
[0.24289049]
1395
[0.24292254]
1396
[0.16839586]
1397
[0.22991762]
1398
[0.15440797]
1399
[0.03783381]
1400
[0.14849792]
1401
[0.24562459]
1402
[0.21291139]
1403
[0.16277697]
1404
[0.24532798]
1405
[0.15287604]
1406
[0.06638014]
1407
[0.0660694]
1408
[0.24425522]
1409
[0.21932946]
1410
[0.22956086]
1411
[0.16230412]
1412
[0.03766103]
1413
[0.16339022]
1414
[0.19519794]
1415
[0.21107485]
1416
[0.16539051]
1417
[0.23873628]
1418
[0.18099195]
1419
[0.1610502]
1420
[0.07054911]
1421
[0.12264604]
1422
[0.20879959]
1423
[0.24526343]
1424
[0.19775137]
1425
[0.0796853]
1426
[0.24508135]
1427
[0.22702923]
1428
[0.24311547]
1429
[0.17099733]
1430
[0.12872262]
1431
[0.06547701]
1432
[0.244566]
1433
[0.18940779]
1434
[0.11405645]
1435
[0.11924537]
1436
[0.09496953]
1437
[0.07258591]
1438
[0.24535799]
1439
[0.08369796]
1440
[0.2444323]
1441
[0.18551843]
1442
[0.16927523]
1443
[0.08954715]
1444
[0.08557946]
1445
[0.08315311]
1446
[0.06606652]
1447
[0.15574836]
1448
[0.2367121]
1449
[0.22491665]
1450
[0.06584164]
1451
[0.21073056]
1452
[0.18414914]
1453
[0.13777445]
1454
[0.13213161]
1455
[0.23629392]
1456
[0.10252031]
1457
[0.13115429]
1458
[0.241458]
1459
[0.2447232]
1460
[0.11057618]
1461
[0.09288598]
1462
[0.12085016]
1463
[0.24350349]
1464
[0.16047075]
1465
[0.15058243]
1466
[0.12566671]
1467
[0.227806]
1468
[0.21668946]
1469
[0.17354163]
1470
[0.24598802]
1471
[0.2297884]
1472
[0.10270811]
1473
[0.11743479]
1474
[0.21737716]
1475
[0.23250113]
1476
[0.11021646]
1477
[0.17106225]
1478
[0.15788682]
1479
[0.16520421]
1480
[0.09924776]
1481
[0.16513548]
1482
[0.04282433]
1483
[0.03858549]
1484
[0.20716787]
1485
[0.08616998]
1486
[0.07437885]
1487
[0.0709846]
1488
[0.24328173]
1489
[0.23329822]
1490
[0.06780253]
1491
[0.06588113]
1492
[0.22804024]
1493
[0.03126133]
1494
[0.05789518]
1495
[0.15689242]
1496
[0.21747566]
1497
[0.0718448]
1498
[0.17830059]
1499
[0.19564654]
1500
[0.10478825]
1501
[0.12104735]
1502
[0.11875921]
1503
[0.16908917]
1504
[0.06870079]
1505
[0.21497489]
1506
[0.23316265]
1507
[0.23965699]
1508
[0.08174108]
1509
[0.06667788]
1510
[0.1027803]
1511
[0.23963035]
1512
[0.2397126]
1513
[0.17131263]
1514
[0.02994055]
1515
[0.06620679]
1516
[0.07329633]
1517
[0.17851651]
1518
[0.14739091]
1519
[0.10106981]
1520
[0.22941256]
1521
[0.24091199]
1522
[0.2254085]
1523
[0.22170808]
1524
[0.07296729]
1525
[0.12316982]
1526
[0.03067747]
1527
[0.0659838]
1528
[0.24573063]
1529
[0.19985502]
1530
[0.11180099]
1531
[0.22793198]
1532
[0.24003486]
1533
[0.06808716]
1534
[0.21087483]
1535
[0.04457663]
1536
[0.06650977]
1537
[0.16837039]
1538
[0.23792169]
1539
[0.16409023]
1540
[0.06651174]
1541
[0.06128648]
1542
[0.20488974]
1543
[0.20531822]
1544
[0.24598995]
1545
[0.06618926]
1546
[0.20279806]
1547
[0.06755301]
1548
[0.16766248]
1549
[0.18254682]
1550
[0.06896449]
1551
[0.13552806]
1552
[0.14376424]
1553
[0.05713324]
1554
[0.19839382]
1555
[0.12401674]
1556
[0.11954042]
1557
[0.07195114]
1558
[0.0682467]
1559
[0.12511697]
1560
[0.17450919]
1561
[0.22594199]
1562
[0.12255917]
1563
[0.14799559]
1564
[0.13791192]
1565
[0.24536563]
1566
[0.07396081]
1567
[0.07858846]
1568
[0.1200451]
1569
[0.19048647]
1570
[0.16370871]
1571
[0.18127724]
1572
[0.10810318]
1573
[0.08591152]
1574
[0.19152136]
1575
[0.11985219]
1576
[0.16990535]
1577
[0.21869394]
1578
[0.22132456]
1579
[0.06584668]
1580
[0.13400764]
1581
[0.24167492]
1582
[0.06796215]
1583
[0.23666301]
1584
[0.24375062]
1585
[0.09276519]
1586
[0.11374946]
1587
[0.0759331]
1588
[0.08272136]
1589
[0.19763199]
1590
[0.1882394]
1591
[0.06615434]
1592
[0.14472567]
1593
[0.19239271]
1594
[0.10441258]
1595
[0.23553112]
1596
[0.06807371]
1597
[0.22078652]
1598
[0.24425912]
1599
[0.24580582]
1600
[0.1689658]
1601
[0.16545031]
1602
[0.24554041]
1603
[0.12355029]
1604
[0.11033568]
1605
[0.13684733]
1606
[0.02923728]
1607
[0.17451217]
1608
[0.23489694]
1609
[0.15325213]
1610
[0.08866905]
1611
[0.23735266]
1612
[0.18679191]
1613
[0.17155251]
1614
[0.07863626]
1615
[0.21832293]
1616
[0.22174177]
1617
[0.09197436]
1618
[0.14313621]
1619
[0.12215166]
1620
[0.22483004]
1621
[0.19844849]
1622
[0.14742692]
1623
[0.23469199]
1624
[0.12080068]
1625
[0.14611339]
1626
[0.13422543]
1627
[0.1905302]
1628
[0.24365376]
1629
[0.18888117]
1630
[0.24338125]
1631
[0.22778515]
1632
[0.11913638]
1633
[0.23995415]
1634
[0.11262011]
1635
[0.06986178]
1636
[0.08235696]
1637
[0.19988666]
1638
[0.2426538]
1639
[0.13888184]
1640
[0.10698412]
1641
[0.23805135]
1642
[0.0688822]
1643
[0.16635881]
1644
[0.11782452]
1645
[0.14647153]
1646
[0.06676423]
1647
[0.17712267]
1648
[0.10392163]
1649
[0.24578222]
1650
[0.24111435]
1651
[0.07611527]
1652
[0.11902703]
1653
[0.05012352]
1654
[0.10072967]
1655
[0.1535963]
1656
[0.23768897]
1657
[0.07618292]
1658
[0.20308414]
1659
[0.11650554]
1660
[0.13646701]
1661
[0.24029388]
1662
[0.07768493]
1663
[0.24143273]
1664
[0.19056352]
1665
[0.2200114]
1666
[0.14184447]
1667
[0.06589462]
1668
[0.0761066]
1669
[0.05722608]
1670
[0.23443191]
1671
[0.24386702]
1672
[0.09144781]
1673
[0.08969057]
1674
[0.04179677]
1675
[0.10867958]
1676
[0.22629619]
1677
[0.21126699]
1678
[0.23609787]
1679
[0.06584254]
1680
[0.15542028]
1681
[0.15397998]
1682
[0.06742486]
1683
[0.0667912]
1684
[0.13793468]
1685
[0.24408704]
1686
[0.19264567]
1687
[0.1223564]
1688
[0.24559263]
1689
[0.04771046]
1690
[0.10306485]
1691
[0.14232942]
1692
[0.24582928]
1693
[0.06756112]
1694
[0.02733094]
1695
[0.13648177]
1696
[0.1676842]
1697
[0.24229811]
1698
[0.11453967]
1699
[0.15812674]
1700
[0.06867586]
1701
[0.20082602]
1702
[0.10953518]
1703
[0.24529719]
1704
[0.06751022]
1705
[0.12837678]
1706
[0.08551703]
1707
[0.24378606]
1708
[0.20537894]
1709
[0.07791912]
1710
[0.24123798]
1711
[0.10699617]
1712
[0.24593544]
1713
[0.21512814]
1714
[0.10986002]
1715
[0.19817359]
1716
[0.04534602]
1717
[0.17848178]
1718
[0.02771408]
1719
[0.12401149]
1720
[0.17330648]
1721
[0.09166957]
1722
[0.2262438]
1723
[0.21814546]
1724
[0.10328938]
1725
[0.09252193]
1726
[0.09040505]
1727
[0.23309964]
1728
[0.24135582]
1729
[0.06596115]
1730
[0.18217684]
1731
[0.07864984]
1732
[0.17374958]
1733
[0.19834611]
1734
[0.12046265]
1735
[0.03512216]
1736
[0.16908791]
1737
[0.1312004]
1738
[0.06715204]
1739
[0.11863196]
1740
[0.24141723]
1741
[0.15808799]
1742
[0.22602359]
1743
[0.19128898]
1744
[0.20190481]
1745
[0.03247166]
1746
[0.23060017]
1747
[0.06622841]
1748
[0.18208587]
1749
[0.22893776]
1750
[0.09313294]
1751
[0.10491992]
1752
[0.1084439]
1753
[0.12014258]
1754
[0.24154878]
1755
[0.06821318]
1756
[0.24415467]
1757
[0.20552277]
1758
[0.07193206]
1759
[0.1694049]
1760
[0.23073333]
1761
[0.12058396]
1762
[0.06619416]
1763
[0.23339216]
1764
[0.2418531]
1765
[0.22630465]
1766
[0.18413393]
1767
[0.0720737]
1768
[0.18785152]
1769
[0.21996426]
1770
[0.09311631]
1771
[0.08771884]
1772
[0.20910514]
1773
[0.24186604]
1774
[0.13912358]
1775
[0.0664348]
1776
[0.08301414]
1777
[0.16105631]
1778
[0.22689694]
1779
[0.23689216]
1780
[0.1809471]
1781
[0.1331189]
1782
[0.13789076]
1783
[0.03170784]
1784
[0.17688803]
1785
[0.08258406]
1786
[0.23854183]
1787
[0.07887499]
1788
[0.07094161]
1789
[0.03236052]
1790
[0.19921377]
1791
[0.094878]
1792
[0.21528717]
1793
[0.05570015]
1794
[0.22148332]
1795
[0.17787465]
1796
[0.11622941]
1797
[0.24125979]
1798
[0.07073594]
1799
[0.0867103]
1800
[0.22694912]
1801
[0.21596493]
1802
[0.15621551]
1803
[0.08801156]
1804
[0.17741408]
1805
[0.15880431]
1806
[0.06848341]
1807
[0.07371301]
1808
[0.24445895]
1809
[0.24530117]
1810
[0.05734398]
1811
[0.21105724]
1812
[0.17402827]
1813
[0.16667048]
1814
[0.06899226]
1815
[0.241406]
1816
[0.11176637]
1817
[0.24289709]
1818
[0.09178402]
1819
[0.02769761]
1820
[0.16801939]
1821
[0.1551854]
1822
[0.03404611]
1823
[0.24275304]
1824
[0.24347768]
1825
[0.21803519]
1826
[0.1567803]
1827
[0.03892917]
1828
[0.18122641]
1829
[0.07095758]
1830
[0.07227172]
1831
[0.07387382]
1832
[0.18835318]
1833
[0.06744831]
1834
[0.10859126]
1835
[0.14552786]
1836
[0.1548154]
1837
[0.03997683]
1838
[0.23351169]
1839
[0.18333008]
1840
[0.07154113]
1841
[0.1987171]
1842
[0.2009941]
1843
[0.10753423]
1844
[0.09510044]
1845
[0.17410187]
1846
[0.03587746]
1847
[0.23392918]
1848
[0.05681414]
1849
[0.14351784]
1850
[0.23059541]
1851
[0.24597375]
1852
[0.1166156]
1853
[0.1152762]
1854
[0.23905286]
1855
[0.21979854]
1856
[0.20028025]
1857
[0.24549646]
1858
[0.19659632]
1859
[0.16766292]
1860
[0.2328362]
1861
[0.21523397]
1862
[0.21812768]
1863
[0.13005665]
1864
[0.24512187]
1865
[0.23601952]
1866
[0.15260462]
1867
[0.07236]
1868
[0.08298224]
1869
[0.09680478]
1870
[0.23757466]
1871
[0.14643483]
1872
[0.09965941]
1873
[0.1945285]
1874
[0.04511016]
1875
[0.09676187]
1876
[0.1744961]
1877
[0.17359881]
1878
[0.15288098]
1879
[0.10396679]
1880
[0.06782003]
1881
[0.1400519]
1882
[0.06703723]
1883
[0.23339616]
1884
[0.22543894]
1885
[0.24343006]
1886
[0.07980448]
1887
[0.07030335]
1888
[0.07096618]
1889
[0.10793212]
1890
[0.23828192]
1891
[0.06828308]
1892
[0.07016381]
1893
[0.06625474]
1894
[0.23669561]
1895
[0.20333317]
1896
[0.15710445]
1897
[0.13471249]
1898
[0.13533655]
1899
[0.20368104]
1900
[0.08264826]
1901
[0.16609552]
1902
[0.17609586]
1903
[0.2043365]
1904
[0.06597508]
1905
[0.06584576]
1906
[0.2453515]
1907
[0.06919199]
1908
[0.08271735]
1909
[0.17714776]
1910
[0.16442998]
1911
[0.06626531]
1912
[0.1656649]
1913
[0.1974732]
1914
[0.21768228]
1915
[0.10855691]
1916
[0.16404974]
1917
[0.15502732]
1918
[0.24597319]
1919
[0.20055056]
1920
[0.17302208]
1921
[0.18380145]
1922
[0.23077612]
1923
[0.08746065]
1924
[0.21096702]
1925
[0.24336359]
1926
[0.22350665]
1927
[0.06359413]
1928
[0.06639812]
1929
[0.07817798]
1930
[0.22948741]
1931
[0.14350262]
1932
[0.16173441]
1933
[0.07679864]
1934
[0.09607014]
1935
[0.2297303]
1936
[0.06607482]
1937
[0.22691498]
1938
[0.2321367]
1939
[0.0683766]
1940
[0.08534113]
1941
[0.1170082]
1942
[0.08207717]
1943
[0.24455386]
1944
[0.119946]
1945
[0.08955649]
1946
[0.14626406]
1947
[0.14592903]
1948
[0.24214261]
1949
[0.24242852]
1950
[0.16821094]
1951
[0.21773123]
1952
[0.23563277]
1953
[0.19050645]
1954
[0.24574496]
1955
[0.09672211]
1956
[0.0705198]
1957
[0.10367567]
1958
[0.11312031]
1959
[0.09918771]
1960
[0.08938106]
1961
[0.11048132]
1962
[0.12743612]
1963
[0.18678518]
1964
[0.08749321]
1965
[0.24597267]
1966
[0.19902641]
1967
[0.11646908]
1968
[0.07192467]
1969
[0.1534758]
1970
[0.16983846]
1971
[0.21185834]
1972
[0.07346603]
1973
[0.14389444]
1974
[0.19150088]
1975
[0.07240862]
1976
[0.05293819]
1977
[0.21454211]
1978
[0.17318278]
1979
[0.12200325]
1980
[0.19452399]
1981
[0.13368439]
1982
[0.11385053]
1983
[0.22692783]
1984
[0.06668896]
1985
[0.08284738]
1986
[0.24591705]
1987
[0.24540872]
1988
[0.17014466]
1989
[0.12776306]
1990
[0.12214252]
1991
[0.18668316]
1992
[0.24413776]
1993
[0.15667339]
1994
[0.13708835]
1995
[0.08329772]
1996
[0.23734748]
1997
[0.07275598]
1998
[0.17625792]
1999
[0.04089742]
2000
[0.24125762]
2001
[0.24144509]
2002
[0.24590783]
2003
[0.19167196]
2004
[0.13468216]
2005
[0.03868431]
2006
[0.07276156]
2007
[0.23753157]
2008
[0.0710983]
2009
[0.17090999]
2010
[0.14664081]
2011
[0.22632132]
2012
[0.0731222]
2013
[0.24146498]
2014
[0.14808876]
2015
[0.09316419]
2016
[0.19638047]
2017
[0.12320938]
2018
[0.08496711]
2019
[0.12007803]
2020
[0.24216976]
2021
[0.20654284]
2022
[0.11912473]
2023
[0.2301014]
2024
[0.18587681]
2025
[0.09327538]
2026
[0.06584187]
2027
[0.07859772]
2028
[0.17257665]
2029
[0.06588546]
2030
[0.09672325]
2031
[0.2366171]
2032
[0.06815589]
2033
[0.10254356]
2034
[0.08601153]
2035
[0.11835922]
2036
[0.13098838]
2037
[0.14490061]
2038
[0.08391394]
2039
[0.21434476]
2040
[0.24501539]
2041
[0.19256561]
2042
[0.24585039]
2043
[0.05926593]
2044
[0.24439554]
2045
[0.06785838]
2046
[0.11255648]
2047
[0.24327573]
2048
[0.08767103]
2049
[0.23888736]
2050
[0.21588744]
2051
[0.06723477]
2052
[0.04442313]
2053
[0.06688396]
2054
[0.2451383]
2055
[0.10576323]
2056
[0.08086626]
2057
[0.085542]
2058
[0.04570142]
2059
[0.24586328]
2060
[0.02440441]
2061
[0.24383236]
2062
[0.22638071]
2063
[0.08905415]
2064
[0.14985893]
2065
[0.21594546]
2066
[0.24420227]
2067
[0.22121627]
2068
[0.09403192]
2069
[0.07600636]
2070
[0.24341984]
2071
[0.22609923]
2072
[0.19032099]
2073
[0.06808652]
2074
[0.11859432]
2075
[0.21923489]
2076
[0.14758706]
2077
[0.18261357]
2078
[0.24018154]
2079
[0.09444942]
2080
[0.07698539]
2081
[0.22924236]
2082
[0.20670396]
2083
[0.08965226]
2084
[0.02793105]
2085
[0.19871101]
2086
[0.04932707]
2087
[0.15704845]
2088
[0.23833019]
2089
[0.10673512]
2090
[0.07370572]
2091
[0.23875259]
2092
[0.0983027]
2093
[0.24108894]
2094
[0.08508904]
2095
[0.04449959]
2096
[0.24546301]
2097
[0.2375322]
2098
[0.09058111]
2099
[0.16966513]
2100
[0.10149296]
2101
[0.14560349]
2102
[0.23969061]
2103
[0.14310041]
2104
[0.18638124]
2105
[0.09320105]
2106
[0.06631794]
2107
[0.06612037]
2108
[0.24300588]
2109
[0.2454692]
2110
[0.04543784]
2111
[0.06635457]
2112
[0.24123868]
2113
[0.05756334]
2114
[0.16539744]
2115
[0.17784589]
2116
[0.18118482]
2117
[0.22118721]
2118
[0.1311067]
2119
[0.07381501]
2120
[0.2206628]
2121
[0.13894728]
2122
[0.24276166]
2123
[0.20720999]
2124
[0.17478675]
2125
[0.10006578]
2126
[0.05993513]
2127
[0.17383624]
2128
[0.06584691]
2129
[0.03327535]
2130
[0.2205392]
2131
[0.23992551]
2132
[0.24507266]
2133
[0.05233504]
2134
[0.09743239]
2135
[0.04465767]
2136
[0.10766041]
2137
[0.07525509]
2138
[0.10893291]
2139
[0.24528289]
2140
[0.12205582]
2141
[0.14735095]
2142
[0.21915308]
2143
[0.20201925]
2144
[0.14047189]
2145
[0.05829837]
2146
[0.06549594]
2147
[0.09337262]
2148
[0.07829419]
2149
[0.21367213]
2150
[0.20271307]
2151
[0.23883132]
2152
[0.08028123]
2153
[0.10829244]
2154
[0.1284845]
2155
[0.05543372]
2156
[0.23826696]
2157
[0.10528225]
2158
[0.067572]
2159
[0.2182049]
2160
[0.070828]
2161
[0.22274854]
2162
[0.07811982]
2163
[0.09844443]
2164
[0.20887206]
2165
[0.24070302]
2166
[0.03522524]
2167
[0.06773777]
2168
[0.15360074]
2169
[0.12373146]
2170
[0.08798998]
2171
[0.07657682]
2172
[0.14084469]
2173
[0.06633838]
2174
[0.0505106]
2175
[0.12341721]
2176
[0.19544166]
2177
[0.0687355]
2178
[0.24157522]
2179
[0.03372793]
2180
[0.08215884]
2181
[0.23786829]
2182
[0.21837801]
2183
[0.16543172]
2184
[0.24414206]
2185
[0.08933004]
2186
[0.08397349]
2187
[0.21074916]
2188
[0.23627759]
2189
[0.06909992]
2190
[0.24599002]
2191
[0.06390241]
2192
[0.06612907]
2193
[0.19726507]
2194
[0.07206335]
2195
[0.02683081]
2196
[0.10795271]
2197
[0.20077916]
2198
[0.03559383]
2199
[0.12265353]
2200
[0.22958145]
2201
[0.0489267]
2202
[0.22924945]
2203
[0.24245043]
2204
[0.24376234]
2205
[0.24264064]
2206
[0.15924389]
2207
[0.20670385]
2208
[0.09566546]
2209
[0.22914177]
2210
[0.14913923]
2211
[0.23932895]
2212
[0.23857162]
2213
[0.09997522]
2214
[0.20789925]
2215
[0.21229437]
2216
[0.066502]
2217
[0.22818459]
2218
[0.18913456]
2219
[0.06599005]
2220
[0.06618281]
2221
[0.09255816]
2222
[0.23439338]
2223
[0.10425452]
2224
[0.19432212]
2225
[0.18423449]
2226
[0.23364618]
2227
[0.22029124]
2228
[0.05702049]
2229
[0.10307]
2230
[0.21733997]
2231
[0.02663165]
2232
[0.17771923]
2233
[0.08903922]
2234
[0.2405613]
2235
[0.2362843]
2236
[0.07788892]
2237
[0.0812445]
2238
[0.05179948]
2239
[0.19889486]
2240
[0.09802423]
2241
[0.21451117]
2242
[0.0744921]
2243
[0.24068746]
2244
[0.17412433]
2245
[0.10391151]
2246
[0.24553]
2247
[0.24558186]
2248
[0.24571601]
2249
[0.1118146]
2250
[0.07185496]
2251
[0.14970004]
2252
[0.12192305]
2253
[0.23770815]
2254
[0.12717436]
2255
[0.23694395]
2256
[0.20554606]
2257
[0.23580571]
2258
[0.23557193]
2259
[0.07189068]
2260
[0.16160186]
2261
[0.10478137]
2262
[0.15418891]
2263
[0.22072465]
2264
[0.08007141]
2265
[0.09313871]
2266
[0.06585487]
2267
[0.24311234]
2268
[0.03774385]
2269
[0.02688529]
2270
[0.03415202]
2271
[0.15440995]
2272
[0.13982331]
2273
[0.22061398]
2274
[0.113331]
2275
[0.23255278]
2276
[0.11714164]
2277
[0.22432897]
2278
[0.1990171]
2279
[0.09392893]
2280
[0.11590042]
2281
[0.12004285]
2282
[0.22211079]
2283
[0.23028177]
2284
[0.08058313]
2285
[0.23525645]
2286
[0.17854428]
2287
[0.15770075]
2288
[0.0685312]
2289
[0.02666433]
2290
[0.24562326]
2291
[0.22392507]
2292
[0.21867508]
2293
[0.20249443]
2294
[0.16900724]
2295
[0.05771922]
2296
[0.23428542]
2297
[0.06711358]
2298
[0.05265097]
2299
[0.13242243]
2300
[0.13642805]
2301
[0.20712455]
2302
[0.24527777]
2303
[0.13091037]
2304
[0.03104226]
2305
[0.14277748]
2306
[0.06950237]
2307
[0.10062297]
2308
[0.16818203]
2309
[0.10069192]
2310
[0.23048643]
2311
[0.14933165]
2312
[0.11487159]
2313
[0.24111014]
2314
[0.07683091]
2315
[0.07425838]
2316
[0.06838456]
2317
[0.09134837]
2318
[0.06715555]
2319
[0.23398657]
2320
[0.20576484]
2321
[0.18892272]
2322
[0.24091893]
2323
[0.05128469]
2324
[0.22659676]
2325
[0.12784343]
2326
[0.10447702]
2327
[0.19509754]
2328
[0.08020379]
2329
[0.06601872]
2330
[0.19523952]
2331
[0.16231288]
2332
[0.09625172]
2333
[0.17438565]
2334
[0.12055344]
2335
[0.24572552]
2336
[0.24559453]
2337
[0.11983526]
2338
[0.23973588]
2339
[0.12215139]
2340
[0.22840604]
2341
[0.04393646]
2342
[0.06247598]
2343
[0.13996905]
2344
[0.24022339]
2345
[0.08967081]
2346
[0.14709848]
2347
[0.17474842]
2348
[0.14037752]
2349
[0.24573237]
2350
[0.23119679]
2351
[0.1798255]
2352
[0.05188758]
2353
[0.07005815]
2354
[0.05587353]
2355
[0.21351843]
2356
[0.21753736]
2357
[0.08176511]
2358
[0.10885214]
2359
[0.23931155]
2360
[0.12321582]
2361
[0.11601832]
2362
[0.1019712]
2363
[0.22486396]
2364
[0.06620287]
2365
[0.1115471]
2366
[0.2401719]
2367
[0.10238187]
2368
[0.06748571]
2369
[0.21916735]
2370
[0.15827589]
2371
[0.10508341]
2372
[0.06594291]
2373
[0.23244503]
2374
[0.06984752]
2375
[0.12344314]
2376
[0.06714681]
2377
[0.2429117]
2378
[0.07801563]
2379
[0.17479845]
2380
[0.18616076]
2381
[0.10708477]
2382
[0.07106184]
2383
[0.11650885]
2384
[0.12641596]
2385
[0.0471835]
2386
[0.1796855]
2387
[0.24295737]
2388
[0.24453653]
2389
[0.06587769]
2390
[0.23098237]
2391
[0.08617861]
2392
[0.21128702]
2393
[0.12201822]
2394
[0.15456892]
2395
[0.06653972]
2396
[0.24382921]
2397
[0.24593702]
2398
[0.09940229]
2399
[0.22303068]
2400
[0.20117263]
2401
[0.14782259]
2402
[0.24149652]
2403
[0.06624729]
2404
[0.23619852]
2405
[0.23014106]
2406
[0.207669]
2407
[0.21512123]
2408
[0.24530621]
2409
[0.12630678]
2410
[0.24113852]
2411
[0.24511739]
2412
[0.09822072]
2413
[0.19015576]
2414
[0.20162562]
2415
[0.20317146]
2416
[0.03558098]
2417
[0.24597694]
2418
[0.23370633]
2419
[0.08167681]
2420
[0.23082141]
2421
[0.22823805]
2422
[0.22861891]
2423
[0.1210911]
2424
[0.14871025]
2425
[0.15157828]
2426
[0.24418586]
2427
[0.18339501]
2428
[0.10319018]
2429
[0.1008655]
2430
[0.10031079]
2431
[0.16950329]
2432
[0.23511641]
2433
[0.06687631]
2434
[0.06679235]
2435
[0.19887934]
2436
[0.18413937]
2437
[0.16667221]
2438
[0.07528715]
2439
[0.24597484]
2440
[0.10611144]
2441
[0.04958427]
2442
[0.04560823]
2443
[0.24180575]
2444
[0.22950578]
2445
[0.11238527]
2446
[0.21536264]
2447
[0.15035151]
2448
[0.07305856]
2449
[0.07178018]
2450
[0.0661133]
2451
[0.24056017]
2452
[0.13475442]
2453
[0.20619142]
2454
[0.15353115]
2455
[0.2446957]
2456
[0.23970385]
2457
[0.20497219]
2458
[0.07675148]
2459
[0.06592197]
2460
[0.2124844]
2461
[0.15139049]
2462
[0.24592386]
2463
[0.06602815]
2464
[0.03938684]
2465
[0.22039324]
2466
[0.20913569]
2467
[0.19046323]
2468
[0.15694337]
2469
[0.24459161]
2470
[0.20728016]
2471
[0.23804229]
2472
[0.19132048]
2473
[0.09302037]
2474
[0.19998265]
2475
[0.05975003]
2476
[0.06624682]
2477
[0.06696386]
2478
[0.15236597]
2479
[0.08623127]
2480
[0.20220419]
2481
[0.04836551]
2482
[0.13249651]
2483
[0.10943944]
2484
[0.15274321]
2485
[0.23949045]
2486
[0.06646943]
2487
[0.21129382]
2488
[0.24499457]
2489
[0.07085384]
2490
[0.13887248]
2491
[0.2411138]
2492
[0.18681134]
2493
[0.06718377]
2494
[0.11484118]
2495
[0.24583356]
2496
[0.06678236]
2497
[0.11369045]
2498
[0.06747745]
2499
[0.07182686]
2500
[0.2045913]
2501
[0.12212365]
2502
[0.16972534]
2503
[0.10797426]
2504
[0.23695523]
2505
[0.12619415]
2506
[0.12703909]
2507
[0.24213507]
2508
[0.14903529]
2509
[0.14324163]
2510
[0.22767549]
2511
[0.20233352]
2512
[0.23368867]
2513
[0.24597697]
2514
[0.24335572]
2515
[0.24595779]
2516
[0.16644476]
2517
[0.14381876]
2518
[0.21802697]
2519
[0.14534806]
2520
[0.23699465]
2521
[0.19114285]
2522
[0.098317]
2523
[0.12142131]
2524
[0.20896847]
2525
[0.24029206]
2526
[0.19229922]
2527
[0.22929774]
2528
[0.0733483]
2529
[0.08036286]
2530
[0.24595127]
2531
[0.12390713]
2532
[0.21964183]
2533
[0.11765645]
2534
[0.08909587]
2535
[0.15135106]
2536
[0.20353056]
2537
[0.15376824]
2538
[0.24192183]
2539
[0.06591553]
2540
[0.19901594]
2541
[0.19263174]
2542
[0.07303168]
2543
[0.21557631]
2544
[0.17427187]
2545
[0.04570001]
2546
[0.21240243]
2547
[0.07160845]
2548
[0.2457648]
2549
[0.14133715]
2550
[0.12479008]
2551
[0.08205741]
2552
[0.18766427]
2553
[0.2255192]
2554
[0.14248768]
2555
[0.2452403]
2556
[0.08012752]
2557
[0.16010103]
2558
[0.19339503]
2559
[0.0628372]
2560
[0.24342997]
2561
[0.12043049]
2562
[0.23150943]
2563
[0.22924773]
2564
[0.08410067]
2565
[0.17839158]
2566
[0.24341301]
2567
[0.24588385]
2568
[0.20759195]
2569
[0.16492596]
2570
[0.15660028]
2571
[0.07382571]
2572
[0.08912631]
2573
[0.12635784]
2574
[0.03674991]
2575
[0.1022192]
2576
[0.20020683]
2577
[0.15528094]
2578
[0.11095415]
2579
[0.20421534]
2580
[0.1104077]
2581
[0.19417218]
2582
[0.15577392]
2583
[0.19090521]
2584
[0.10673496]
2585
[0.15370681]
2586
[0.07911363]
2587
[0.22569497]
2588
[0.2089411]
2589
[0.16643151]
2590
[0.07118128]
2591
[0.18840704]
2592
[0.15139997]
2593
[0.08152732]
2594
[0.08166371]
2595
[0.08191172]
2596
[0.24103801]
2597
[0.13867121]
2598
[0.03102815]
2599
[0.07801758]
2600
[0.24242195]
2601
[0.12833393]
2602
[0.24520792]
2603
[0.13703971]
2604
[0.15917425]
2605
[0.15962984]
2606
[0.22607271]
2607
[0.06815702]
2608
[0.2212152]
2609
[0.07402243]
2610
[0.06584864]
2611
[0.24146324]
2612
[0.13217194]
2613
[0.10537774]
2614
[0.06599042]
2615
[0.03864193]
2616
[0.24458303]
2617
[0.07389945]
2618
[0.08085877]
2619
[0.20800361]
2620
[0.16890285]
2621
[0.23711046]
2622
[0.22472375]
2623
[0.10000596]
2624
[0.14015211]
2625
[0.03629327]
2626
[0.23076462]
2627
[0.22950675]
2628
[0.07007696]
2629
[0.06790719]
2630
[0.06867362]
2631
[0.06097416]
2632
[0.23268007]
2633
[0.14659211]
2634
[0.11701084]
2635
[0.20131797]
2636
[0.16453779]
2637
[0.13751007]
2638
[0.23659279]
2639
[0.06690849]
2640
[0.08523478]
2641
[0.06670709]
2642
[0.22525733]
2643
[0.11165844]
2644
[0.23716681]
2645
[0.05221392]
2646
[0.20387445]
2647
[0.23873571]
2648
[0.21440139]
2649
[0.09811227]
2650
[0.07273027]
2651
[0.17589514]
2652
[0.07063808]
2653
[0.24249135]
2654
[0.22952593]
2655
[0.18744534]
2656
[0.07286421]
2657
[0.24598232]
2658
[0.16614587]
2659
[0.09467608]
2660
[0.21437484]
2661
[0.21975858]
2662
[0.24538544]
2663
[0.0997951]
2664
[0.13140128]
2665
[0.13438404]
2666
[0.07091837]
2667
[0.1765689]
2668
[0.22469405]
2669
[0.06908761]
2670
[0.12182683]
2671
[0.22121958]
2672
[0.19105505]
2673
[0.06629187]
2674
[0.19345065]
2675
[0.08709796]
2676
[0.18225313]
2677
[0.22039822]
2678
[0.15594706]
2679
[0.08832086]
2680
[0.15399619]
2681
[0.11470209]
2682
[0.07283264]
2683
[0.16866059]
2684
[0.14608051]
2685
[0.23437986]
2686
[0.18184164]
2687
[0.12927552]
2688
[0.18798562]
2689
[0.24570382]
2690
[0.2203882]
2691
[0.0774217]
2692
[0.06594052]
2693
[0.06550942]
2694
[0.2431277]
2695
[0.20380727]
2696
[0.15405187]
2697
[0.20772609]
2698
[0.23536702]
2699
[0.06706436]
2700
[0.23280476]
2701
[0.09779597]
2702
[0.17020853]
2703
[0.10228551]
2704
[0.08546652]
2705
[0.24575876]
2706
[0.04318975]
2707
[0.12731301]
2708
[0.12553539]
2709
[0.17616601]
2710
[0.07807475]
2711
[0.12544595]
2712
[0.12010789]
2713
[0.12056027]
2714
[0.24506486]
2715
[0.12759532]
2716
[0.11269556]
2717
[0.24328306]
2718
[0.10200125]
2719
[0.22912074]
2720
[0.07376312]
2721
[0.15727637]
2722
[0.20629848]
2723
[0.09312802]
2724
[0.0524667]
2725
[0.03465675]
2726
[0.05611764]
2727
[0.0662076]
2728
[0.06690707]
2729
[0.2037536]
2730
[0.12690315]
2731
[0.23672393]
2732
[0.06804142]
2733
[0.10532149]
2734
[0.23566126]
2735
[0.18843208]
2736
[0.10772939]
2737
[0.18739245]
2738
[0.10651176]
2739
[0.07749422]
2740
[0.24011348]
2741
[0.04785497]
2742
[0.1629791]
2743
[0.0788407]
2744
[0.20893984]
2745
[0.06602223]
2746
[0.06553864]
2747
[0.17366968]
2748
[0.05526383]
2749
[0.2451457]
2750
[0.06588979]
2751
[0.0710807]
2752
[0.05434775]
2753
[0.17153891]
2754
[0.09924842]
2755
[0.22070288]
2756
[0.24589517]
2757
[0.06962731]
2758
[0.23149212]
2759
[0.18413987]
2760
[0.24569857]
2761
[0.07201875]
2762
[0.03038656]
2763
[0.05902665]
2764
[0.09048632]
2765
[0.2078082]
2766
[0.06762529]
2767
[0.07563031]
2768
[0.08241154]
2769
[0.10252755]
2770
[0.07086553]
2771
[0.09221792]
2772
[0.11857876]
2773
[0.09307799]
2774
[0.1463155]
2775
[0.23340527]
2776
[0.02455487]
2777
[0.24338691]
2778
[0.1601258]
2779
[0.08181749]
2780
[0.14977776]
2781
[0.22511312]
2782
[0.17051904]
2783
[0.14551063]
2784
[0.24502653]
2785
[0.05299943]
2786
[0.11428813]
2787
[0.24078455]
2788
[0.13562594]
2789
[0.08268766]
2790
[0.24378254]
2791
[0.12305868]
2792
[0.06795265]
2793
[0.24595483]
2794
[0.04833669]
2795
[0.06696304]
2796
[0.2459512]
2797
[0.1371742]
2798
[0.14939415]
2799
[0.08271377]
2800
[0.23606433]
2801
[0.1264569]
2802
[0.23533756]
2803
[0.10057216]
2804
[0.1047591]
2805
[0.11371745]
2806
[0.24596472]
2807
[0.22900589]
2808
[0.23987848]
2809
[0.2119223]
2810
[0.14220217]
2811
[0.09269203]
2812
[0.08715715]
2813
[0.16441976]
2814
[0.07342069]
2815
[0.21001237]
2816
[0.14228984]
2817
[0.13080838]
2818
[0.08292425]
2819
[0.24331527]
2820
[0.16530603]
2821
[0.24556277]
2822
[0.14457028]
2823
[0.19163415]
2824
[0.24505213]
2825
[0.17592461]
2826
[0.13679501]
2827
[0.13693095]
2828
[0.24056007]
2829
[0.13853805]
2830
[0.11451672]
2831
[0.22146736]
2832
[0.24594391]
2833
[0.18894176]
2834
[0.15137245]
2835
[0.10092849]
2836
[0.15661965]
2837
[0.06622961]
2838
[0.17242089]
2839
[0.21024511]
2840
[0.08323676]
2841
[0.21925059]
2842
[0.19725152]
2843
[0.08193771]
2844
[0.02986388]
2845
[0.17338878]
2846
[0.22841369]
2847
[0.21636205]
2848
[0.2455974]
2849
[0.18759373]
2850
[0.02739702]
2851
[0.24582155]
2852
[0.07183543]
2853
[0.0282554]
2854
[0.18232018]
2855
[0.1626157]
2856
[0.20108564]
2857
[0.23215219]
2858
[0.2419933]
2859
[0.24473223]
2860
[0.21135249]
2861
[0.17392631]
2862
[0.06835872]
2863
[0.24447822]
2864
[0.22979885]
2865
[0.13330065]
2866
[0.10659622]
2867
[0.1143194]
2868
[0.06712655]
2869
[0.15427761]
2870
[0.07063882]
2871
[0.23746048]
2872
[0.23956872]
2873
[0.15326284]
2874
[0.08024387]
2875
[0.08392528]
2876
[0.06783625]
2877
[0.09899568]
2878
[0.18348349]
2879
[0.07940549]
2880
[0.22628567]
2881
[0.23519598]
2882
[0.22418837]
2883
[0.06031234]
2884
[0.09535246]
2885
[0.1324708]
2886
[0.21820766]
2887
[0.19199483]
2888
[0.2337715]
2889
[0.21117503]
2890
[0.24599001]
2891
[0.14605452]
2892
[0.07101411]
2893
[0.2355303]
2894
[0.1163528]
2895
[0.24505883]
2896
[0.24411396]
2897
[0.22176103]
2898
[0.23933225]
2899
[0.09237733]
2900
[0.1655213]
2901
[0.12144063]
2902
[0.15324289]
2903
[0.13553559]
2904
[0.05524689]
2905
[0.2183762]
2906
[0.07171825]
2907
[0.04770061]
2908
[0.17749747]
2909
[0.14918122]
2910
[0.24303435]
2911
[0.24410292]
2912
[0.0663112]
2913
[0.0946401]
2914
[0.14674497]
2915
[0.06616546]
2916
[0.02762829]
2917
[0.18415018]
2918
[0.07157998]
2919
[0.17632794]
2920
[0.03001874]
2921
[0.04478261]
2922
[0.245803]
2923
[0.13827565]
2924
[0.1214111]
2925
[0.06941604]
2926
[0.13784277]
2927
[0.09120259]
2928
[0.06959833]
2929
[0.23974191]
2930
[0.19977059]
2931
[0.17522975]
2932
[0.24180879]
2933
[0.21420908]
2934
[0.20715165]
2935
[0.17133903]
2936
[0.15485932]
2937
[0.23784425]
2938
[0.16388535]
2939
[0.18191749]
2940
[0.10876367]
2941
[0.09767208]
2942
[0.22970539]
2943
[0.0792983]
2944
[0.11363367]
2945
[0.19585613]
2946
[0.2299795]
2947
[0.23684565]
2948
[0.10933835]
2949
[0.06911279]
2950
[0.13416884]
2951
[0.0808744]
2952
[0.11366192]
2953
[0.21048607]
2954
[0.09142796]
2955
[0.21706146]
2956
[0.03484243]
2957
[0.06755565]
2958
[0.13676907]
2959
[0.228614]
2960
[0.2422262]
2961
[0.23914938]
2962
[0.20760572]
2963
[0.225276]
2964
[0.12742273]
2965
[0.15150445]
2966
[0.15937921]
2967
[0.17975514]
2968
[0.07061262]
2969
[0.06670052]
2970
[0.1967374]
2971
[0.24054959]
2972
[0.23961303]
2973
[0.08270713]
2974
[0.08069439]
2975
[0.17294014]
2976
[0.21697441]
2977
[0.17031477]
2978
[0.08949146]
2979
[0.06604971]
2980
[0.10960541]
2981
[0.08368079]
2982
[0.06042199]
2983
[0.20462883]
2984
[0.13488083]
2985
[0.21729279]
2986
[0.16560472]
2987
[0.07231591]
2988
[0.21454748]
2989
[0.19030734]
2990
[0.14691357]
2991
[0.1916165]
2992
[0.16173897]
2993
[0.10339849]
2994
[0.07220773]
2995
[0.09311925]
2996
[0.24317289]
2997
[0.09401252]
2998
[0.07658226]
2999
[0.07653772]
3000
[0.0713031]
3001
[0.22167281]
3002
[0.21050072]
3003
[0.03593951]
3004
[0.17905447]
3005
[0.24570631]
3006
[0.20490832]
3007
[0.15740659]
3008
[0.18511996]
3009
[0.24593863]
3010
[0.06585538]
3011
[0.21508551]
3012
[0.11070065]
3013
[0.17284442]
3014
[0.20199645]
3015
[0.15365046]
3016
[0.24240041]
3017
[0.03907322]
3018
[0.06872313]
3019
[0.17458889]
3020
[0.02612631]
3021
[0.18311948]
3022
[0.24579733]
3023
[0.19663209]
3024
[0.18047098]
3025
[0.1668816]
3026
[0.24005811]
3027
[0.15064094]
3028
[0.24500854]
3029
[0.22147753]
3030
[0.21032967]
3031
[0.06813143]
3032
[0.06640877]
3033
[0.15705316]
3034
[0.10286473]
3035
[0.13294631]
3036
[0.24335954]
3037
[0.09461728]
3038
[0.0654962]
3039
[0.23560169]
3040
[0.10605636]
3041
[0.23142489]
3042
[0.07951554]
3043
[0.23037004]
3044
[0.136559]
3045
[0.04779059]
3046
[0.06590979]
3047
[0.16275947]
3048
[0.03408066]
3049
[0.04652746]
3050
[0.06877823]
3051
[0.21338477]
3052
[0.12721859]
3053
[0.24512702]
3054
[0.09970017]
3055
[0.11306214]
3056
[0.13469586]
3057
[0.10854157]
3058
[0.06589493]
3059
[0.10556179]
3060
[0.24286531]
3061
[0.20793594]
3062
[0.24389578]
3063
[0.18024532]
3064
[0.23440732]
3065
[0.04057712]
3066
[0.23884441]
3067
[0.0985336]
3068
[0.13651579]
3069
[0.22903587]
3070
[0.06588926]
3071
[0.02886517]
3072
[0.24570089]
3073
[0.05798554]
3074
[0.11961255]
3075
[0.05565082]
3076
[0.24427331]
3077
[0.08615043]
3078
[0.18856957]
3079
[0.24586112]
3080
[0.1911216]
3081
[0.23499901]
3082
[0.10452435]
3083
[0.1559575]
3084
[0.24162903]
3085
[0.1667807]
3086
[0.20847973]
3087
[0.08610152]
3088
[0.06470655]
3089
[0.06585776]
3090
[0.0665131]
3091
[0.07118585]
3092
[0.06776234]
3093
[0.08126681]
3094
[0.03917141]
3095
[0.09069554]
3096
[0.16487849]
3097
[0.23963771]
3098
[0.04580806]
3099
[0.17934122]
3100
[0.06561892]
3101
[0.0668668]
3102
[0.07013717]
3103
[0.23131416]
3104
[0.13113899]
3105
[0.04105023]
3106
[0.11567429]
3107
[0.13658014]
3108
[0.06612064]
3109
[0.06584652]
3110
[0.10025162]
3111
[0.12737541]
3112
[0.07247548]
3113
[0.23648978]
3114
[0.0846567]
3115
[0.24425247]
3116
[0.03516761]
3117
[0.06790453]
3118
[0.16164848]
3119
[0.22614062]
3120
[0.23066134]
3121
[0.11616046]
3122
[0.24054858]
3123
[0.2277225]
3124
[0.10717357]
3125
[0.22504325]
3126
[0.22028228]
3127
[0.21233003]
3128
[0.08535833]
3129
[0.07665955]
3130
[0.04794138]
3131
[0.24531142]
3132
[0.237997]
3133
[0.07654526]
3134
[0.19769639]
3135
[0.15073234]
3136
[0.13465427]
3137
[0.11695881]
3138
[0.19707722]
3139
[0.06866256]
3140
[0.20255718]
3141
[0.11195202]
3142
[0.06584253]
3143
[0.06958661]
3144
[0.15597513]
3145
[0.24590255]
3146
[0.17336042]
3147
[0.08152188]
3148
[0.19912075]
3149
[0.20515384]
3150
[0.17060226]
3151
[0.23322926]
3152
[0.22256217]
3153
[0.21416585]
3154
[0.14578823]
3155
[0.06617372]
3156
[0.19890905]
3157
[0.2182011]
3158
[0.21092271]
3159
[0.19418441]
3160
[0.05173013]
3161
[0.03103713]
3162
[0.23127315]
3163
[0.23592707]
3164
[0.24512443]
3165
[0.20750779]
3166
[0.20370672]
3167
[0.2247075]
3168
[0.23584653]
3169
[0.06904995]
3170
[0.06975518]
3171
[0.21670836]
3172
[0.07288995]
3173
[0.15032314]
3174
[0.06342817]
3175
[0.07703493]
3176
[0.24598894]
3177
[0.22241689]
3178
[0.20686577]
3179
[0.09396741]
3180
[0.06621006]
3181
[0.06591265]
3182
[0.07084678]
3183
[0.2458631]
3184
[0.06854642]
3185
[0.20936281]
3186
[0.24536789]
3187
[0.18968767]
3188
[0.15456039]
3189
[0.22958793]
3190
[0.12308108]
3191
[0.13054561]
3192
[0.16114802]
3193
[0.19983947]
3194
[0.22085675]
3195
[0.06715391]
3196
[0.11682182]
3197
[0.24208639]
3198
[0.21157579]
3199
[0.20829673]
3200
[0.17571776]
3201
[0.10187963]
3202
[0.07420558]
3203
[0.23418414]
3204
[0.24536049]
3205
[0.2336459]
3206
[0.10828956]
3207
[0.24552758]
3208
[0.17672881]
3209
[0.1011146]
3210
[0.22690662]
3211
[0.07094146]
3212
[0.06612596]
3213
[0.03327008]
3214
[0.08638447]
3215
[0.12436478]
3216
[0.23709725]
3217
[0.11051511]
3218
[0.08169554]
3219
[0.15510201]
3220
[0.24506438]
3221
[0.23952717]
3222
[0.21861448]
3223
[0.06624873]
3224
[0.24570973]
3225
[0.15857707]
3226
[0.23175993]
3227
[0.21281971]
3228
[0.12933397]
3229
[0.20624614]
3230
[0.19424734]
3231
[0.23056592]
3232
[0.24570836]
3233
[0.21859311]
3234
[0.23267974]
3235
[0.17193998]
3236
[0.21246689]
3237
[0.1851367]
3238
[0.23734852]
3239
[0.22671531]
3240
[0.21819201]
3241
[0.08174147]
3242
[0.2398944]
3243
[0.22682401]
3244
[0.20253621]
3245
[0.19643429]
3246
[0.21490373]
3247
[0.08349199]
3248
[0.07766119]
3249
[0.23571894]
3250
[0.06734183]
3251
[0.07205655]
3252
[0.07550421]
3253
[0.2190245]
3254
[0.24317063]
3255
[0.20391516]
3256
[0.15478662]
3257
[0.08117806]
3258
[0.24449705]
3259
[0.14065248]
3260
[0.23780206]
3261
[0.19150898]
3262
[0.2082193]
3263
[0.13565678]
3264
[0.14669548]
3265
[0.03233796]
3266
[0.23897595]
3267
[0.13950681]
3268
[0.06640055]
3269
[0.10601586]
3270
[0.22521559]
3271
[0.06623624]
3272
[0.12969889]
3273
[0.21242909]
3274
[0.19624836]
3275
[0.24450698]
3276
[0.23563992]
3277
[0.09623098]
3278
[0.18869059]
3279
[0.15125489]
3280
[0.13021429]
3281
[0.24598501]
3282
[0.23081593]
3283
[0.12573273]
3284
[0.08368538]
3285
[0.05971306]
3286
[0.06746756]
3287
[0.22841097]
3288
[0.24566563]
3289
[0.20506918]
3290
[0.0658983]
3291
[0.21702268]
3292
[0.07510827]
3293
[0.05539072]
3294
[0.22572332]
3295
[0.22262447]
3296
[0.24518476]
3297
[0.23040468]
3298
[0.10525224]
3299
[0.24230926]
3300
[0.0658635]
3301
[0.0659886]
3302
[0.06598212]
3303
[0.24424075]
3304
[0.12879332]
3305
[0.24598625]
3306
[0.19305435]
3307
[0.24593035]
3308
[0.23450477]
3309
[0.17139697]
3310
[0.03656433]
3311
[0.20566262]
3312
[0.19650713]
3313
[0.12879258]
3314
[0.10414649]
3315
[0.02999723]
3316
[0.07731191]
3317
[0.16043832]
3318
[0.2458349]
3319
[0.11485182]
3320
[0.24063972]
3321
[0.1599968]
3322
[0.07182711]
3323
[0.24584902]
3324
[0.05834377]
3325
[0.16380287]
3326
[0.20728044]
3327
[0.0725098]
3328
[0.14864059]
3329
[0.19857129]
3330
[0.24598677]
3331
[0.22810191]
3332
[0.16766647]
3333
[0.0818848]
3334
[0.19579694]
3335
[0.06749224]
3336
[0.03329503]
3337
[0.20943312]
3338
[0.0698749]
3339
[0.07446745]
3340
[0.22129058]
3341
[0.23373676]
3342
[0.05202332]
3343
[0.09650043]
3344
[0.06758037]
3345
[0.09805644]
3346
[0.2406502]
3347
[0.2429477]
3348
[0.24488502]
3349
[0.24524]
3350
[0.1800518]
3351
[0.19432481]
3352
[0.23770042]
3353
[0.17804839]
3354
[0.07369886]
3355
[0.20806132]
3356
[0.18725917]
3357
[0.12725681]
3358
[0.08502272]
3359
[0.10110763]
3360
[0.06707246]
3361
[0.11343663]
3362
[0.10693557]
3363
[0.18730455]
3364
[0.083947]
3365
[0.16792088]
3366
[0.11883397]
3367
[0.12569489]
3368
[0.19188579]
3369
[0.22818712]
3370
[0.06751028]
3371
[0.2207687]
3372
[0.15747375]
3373
[0.07649664]
3374
[0.2418098]
3375
[0.13464885]
3376
[0.24413021]
3377
[0.13647599]
3378
[0.09571886]
3379
[0.11019603]
3380
[0.1950206]
3381
[0.24033169]
3382
[0.16704844]
3383
[0.06612534]
3384
[0.07588535]
3385
[0.2155115]
3386
[0.1131613]
3387
[0.07496353]
3388
[0.09500973]
3389
[0.19094365]
3390
[0.15282986]
3391
[0.08443437]
3392
[0.1052248]
3393
[0.06607465]
3394
[0.16714321]
3395
[0.24296896]
3396
[0.12614691]
3397
[0.10467165]
3398
[0.21785521]
3399
[0.1723921]
3400
[0.17393762]
3401
[0.22985451]
3402
[0.02501744]
3403
[0.06669645]
3404
[0.16754287]
3405
[0.24344177]
3406
[0.16077183]
3407
[0.14521329]
3408
[0.10538446]
3409
[0.24563662]
3410
[0.20505928]
3411
[0.04338689]
3412
[0.24479085]
3413
[0.16182217]
3414
[0.06763432]
3415
[0.16548681]
3416
[0.22438629]
3417
[0.23220839]
3418
[0.13576282]
3419
[0.22719668]
3420
[0.09674007]
3421
[0.15882386]
3422
[0.22610517]
3423
[0.177298]
3424
[0.22277022]
3425
[0.12964763]
3426
[0.18549216]
3427
[0.06615161]
3428
[0.1197276]
3429
[0.22896747]
3430
[0.24482531]
3431
[0.13458016]
3432
[0.22274352]
3433
[0.24025084]
3434
[0.16886022]
3435
[0.22714575]
3436
[0.2402731]
3437
[0.06551869]
3438
[0.038065]
3439
[0.05928583]
3440
[0.2437862]
3441
[0.22426328]
3442
[0.10107994]
3443
[0.15323893]
3444
[0.24375769]
3445
[0.21808699]
3446
[0.09160756]
3447
[0.2369386]
3448
[0.06584518]
3449
[0.2356307]
3450
[0.11358758]
3451
[0.06956239]
3452
[0.0959837]
3453
[0.17813511]
3454
[0.18323611]
3455
[0.22882978]
3456
[0.21086956]
3457
[0.19956999]
3458
[0.20860346]
3459
[0.15572748]
3460
[0.16501045]
3461
[0.16225504]
3462
[0.14144797]
3463
[0.07398591]
3464
[0.24057273]
3465
[0.1739884]
3466
[0.06613982]
3467
[0.13137077]
3468
[0.06899394]
3469
[0.08479218]
3470
[0.02461359]
3471
[0.18106909]
3472
[0.15637075]
3473
[0.07234446]
3474
[0.20566863]
3475
[0.13203075]
3476
[0.07833997]
3477
[0.11930412]
3478
[0.24488638]
3479
[0.07541227]
3480
[0.11095602]
3481
[0.06725744]
3482
[0.24598309]
3483
[0.24246861]
3484
[0.10463106]
3485
[0.10227408]
3486
[0.10745558]
3487
[0.15348149]
3488
[0.08362484]
3489
[0.15409463]
3490
[0.20838807]
3491
[0.23394704]
3492
[0.14622601]
3493
[0.24227933]
3494
[0.2421833]
3495
[0.05573539]
3496
[0.02988646]
3497
[0.20858273]
3498
[0.0690423]
3499
[0.17025566]
3500
[0.13370432]
3501
[0.21684942]
3502
[0.22302754]
3503
[0.14091685]
3504
[0.14607013]
3505
[0.18984427]
3506
[0.04355116]
3507
[0.21452751]
3508
[0.13967015]
3509
[0.10696121]
3510
[0.24077298]
3511
[0.05332018]
3512
[0.06617618]
3513
[0.23935307]
3514
[0.16437477]
3515
[0.06591364]
3516
[0.24039395]
3517
[0.15017874]
3518
[0.07549651]
3519
[0.2444582]
3520
[0.14710071]
3521
[0.22271238]
3522
[0.1259346]
3523
[0.08365817]
3524
[0.14069211]
3525
[0.07697876]
3526
[0.22084648]
3527
[0.09493794]
3528
[0.18936907]
3529
[0.20511923]
3530
[0.0909793]
3531
[0.20591715]
3532
[0.06735848]
3533
[0.17884816]
3534
[0.24561883]
3535
[0.22431753]
3536
[0.06954112]
3537
[0.24564899]
3538
[0.07586538]
3539
[0.11167709]
3540
[0.15893579]
3541
[0.1158042]
3542
[0.11010352]
3543
[0.07263237]
3544
[0.18385221]
3545
[0.18322605]
3546
[0.1230029]
3547
[0.14748228]
3548
[0.07882866]
3549
[0.23108809]
3550
[0.22423908]
3551
[0.11942583]
3552
[0.12669078]
3553
[0.24178803]
3554
[0.23421315]
3555
[0.18853451]
3556
[0.23837002]
3557
[0.2106039]
3558
[0.11400584]
3559
[0.2440444]
3560
[0.20360051]
3561
[0.12475294]
3562
[0.06622778]
3563
[0.13686018]
3564
[0.24244284]
3565
[0.1804587]
3566
[0.08323844]
3567
[0.21841799]
3568
[0.03372891]
3569
[0.06862696]
3570
[0.12179259]
3571
[0.0784764]
3572
[0.22254353]
3573
[0.2046669]
3574
[0.06631682]
3575
[0.09204926]
3576
[0.0929038]
3577
[0.08396207]
3578
[0.06902718]
3579
[0.19891697]
3580
[0.13106475]
3581
[0.15607949]
3582
[0.22971289]
3583
[0.15120887]
3584
[0.17416851]
3585
[0.05351838]
3586
[0.16341406]
3587
[0.06813154]
3588
[0.09467367]
3589
[0.09345247]
3590
[0.19309548]
3591
[0.16005716]
3592
[0.10485751]
3593
[0.07096356]
3594
[0.07048613]
3595
[0.03926293]
3596
[0.15261419]
3597
[0.13927274]
3598
[0.24551648]
3599
[0.07835273]
3600
[0.09503659]
3601
[0.21980791]
3602
[0.21332785]
3603
[0.07474929]
3604
[0.06694707]
3605
[0.06990982]
3606
[0.1326776]
3607
[0.15713897]
3608
[0.15652763]
3609
[0.22224091]
3610
[0.12781567]
3611
[0.06748979]
3612
[0.12203949]
3613
[0.22449374]
3614
[0.06739549]
3615
[0.23193842]
3616
[0.12782579]
3617
[0.17908533]
3618
[0.2457495]
3619
[0.11016548]
3620
[0.24597943]
3621
[0.13206507]
3622
[0.06703964]
3623
[0.21904655]
3624
[0.06603586]
3625
[0.23022203]
3626
[0.24077139]
3627
[0.24506104]
3628
[0.06597428]
3629
[0.07350531]
3630
[0.05633553]
3631
[0.23266435]
3632
[0.13139798]
3633
[0.07900283]
3634
[0.08434884]
3635
[0.03116472]
3636
[0.09562453]
3637
[0.24349389]
3638
[0.10831438]
3639
[0.20236051]
3640
[0.09153775]
3641
[0.22241391]
3642
[0.0493598]
3643
[0.07756803]
3644
[0.19617515]
3645
[0.06587786]
3646
[0.13683417]
3647
[0.2442718]
3648
[0.06607237]
3649
[0.09056486]
3650
[0.13515632]
3651
[0.22485179]
3652
[0.24489551]
3653
[0.14963721]
3654
[0.23794057]
3655
[0.07535667]
3656
[0.23864871]
3657
[0.13115361]
3658
[0.07793193]
3659
[0.04979213]
3660
[0.06599611]
3661
[0.09506358]
3662
[0.06561957]
3663
[0.23527791]
3664
[0.05620477]
3665
[0.15973115]
3666
[0.14457922]
3667
[0.13545224]
3668
[0.24544658]
3669
[0.22534924]
3670
[0.15647998]
3671
[0.10597932]
3672
[0.217627]
3673
[0.06743589]
3674
[0.22551575]
3675
[0.22433381]
3676
[0.20910151]
3677
[0.06616679]
3678
[0.21397958]
3679
[0.17033168]
3680
[0.05287269]
3681
[0.17208703]
3682
[0.22921028]
3683
[0.14666274]
3684
[0.24302652]
3685
[0.15576432]
3686
[0.21537148]
3687
[0.22475795]
3688
[0.24112694]
3689
[0.04673737]
3690
[0.06461185]
3691
[0.20788861]
3692
[0.1773821]
3693
[0.20322089]
3694
[0.21947352]
3695
[0.24431641]
3696
[0.2452905]
3697
[0.06672214]
3698
[0.24380675]
3699
[0.17707957]
3700
[0.19554229]
3701
[0.09296683]
3702
[0.22996454]
3703
[0.10475138]
3704
[0.24389823]
3705
[0.21932505]
3706
[0.24210562]
3707
[0.06740265]
3708
[0.07504496]
3709
[0.14359667]
3710
[0.13279213]
3711
[0.16406377]
3712
[0.04370427]
3713
[0.16416023]
3714
[0.24161909]
3715
[0.13876466]
3716
[0.06691961]
3717
[0.14909722]
3718
[0.06666909]
3719
[0.16977647]
3720
[0.07793289]
3721
[0.20300366]
3722
[0.05847791]
3723
[0.10709172]
3724
[0.12792857]
3725
[0.24585007]
3726
[0.12788055]
3727
[0.18856277]
3728
[0.12680142]
3729
[0.21459152]
3730
[0.16306685]
3731
[0.07614093]
3732
[0.24516933]
3733
[0.19387929]
3734
[0.15095388]
3735
[0.22817727]
3736
[0.21391887]
3737
[0.2091333]
3738
[0.10001395]
3739
[0.23445813]
3740
[0.02850851]
3741
[0.11153328]
3742
[0.06685366]
3743
[0.08673492]
3744
[0.15733143]
3745
[0.19953745]
3746
[0.08486893]
3747
[0.04119596]
3748
[0.06794607]
3749
[0.18159564]
3750
[0.17292207]
3751
[0.23797804]
3752
[0.03261596]
3753
[0.12979101]
3754
[0.13804706]
3755
[0.10979489]
3756
[0.10365886]
3757
[0.24598997]
3758
[0.09174764]
3759
[0.1692797]
3760
[0.06246613]
3761
[0.05156102]
3762
[0.21724841]
3763
[0.24595831]
3764
[0.06608631]
3765
[0.08228108]
3766
[0.13273168]
3767
[0.23633464]
3768
[0.06603897]
3769
[0.14657703]
3770
[0.19480068]
3771
[0.24419102]
3772
[0.04085459]
3773
[0.15736105]
3774
[0.19443904]
3775
[0.06715225]
3776
[0.20203772]
3777
[0.23967738]
3778
[0.23302866]
3779
[0.03625253]
3780
[0.16754762]
3781
[0.18586159]
3782
[0.18590411]
3783
[0.12212228]
3784
[0.24484609]
3785
[0.238591]
3786
[0.10051741]
3787
[0.1159027]
3788
[0.19608345]
3789
[0.1474557]
3790
[0.23410678]
3791
[0.0658083]
3792
[0.20487736]
3793
[0.11072681]
3794
[0.09900504]
3795
[0.20579461]
3796
[0.07288884]
3797
[0.06915875]
3798
[0.1394488]
3799
[0.2081816]
3800
[0.19747083]
3801
[0.15137839]
3802
[0.24490748]
3803
[0.08457512]
3804
[0.17140711]
3805
[0.06694035]
3806
[0.17430494]
3807
[0.06593427]
3808
[0.0837027]
3809
[0.1967162]
3810
[0.05823334]
3811
[0.24173048]
3812
[0.06814425]
3813
[0.21176402]
3814
[0.11264415]
3815
[0.12889233]
3816
[0.23826664]
3817
[0.17515467]
3818
[0.08099279]
3819
[0.14916159]
3820
[0.07188958]
3821
[0.09233811]
3822
[0.06690701]
3823
[0.21425036]
3824
[0.23880379]
3825
[0.24358692]
3826
[0.07041314]
3827
[0.23786937]
3828
[0.24085458]
3829
[0.06620532]
3830
[0.2365867]
3831
[0.22855493]
3832
[0.20030004]
3833
[0.11604508]
3834
[0.06796431]
3835
[0.06773567]
3836
[0.17869703]
3837
[0.18958143]
3838
[0.06586151]
3839
[0.22053356]
3840
[0.1792524]
3841
[0.24505557]
3842
[0.10930352]
3843
[0.22040168]
3844
[0.16693592]
3845
[0.17166081]
3846
[0.06485331]
3847
[0.06555364]
3848
[0.1083435]
3849
[0.07070393]
3850
[0.1334515]
3851
[0.10107844]
3852
[0.23537483]
3853
[0.22827383]
3854
[0.24536094]
3855
[0.11035415]
3856
[0.23757171]
3857
[0.09334975]
3858
[0.19303648]
3859
[0.24221665]
3860
[0.05923023]
3861
[0.24093104]
3862
[0.06762384]
3863
[0.18154242]
3864
[0.1221781]
3865
[0.0658866]
3866
[0.06957794]
3867
[0.16613411]
3868
[0.24171855]
3869
[0.20525206]
3870
[0.11652992]
3871
[0.10154289]
3872
[0.04643036]
3873
[0.08664393]
3874
[0.09703851]
3875
[0.22427009]
3876
[0.12965689]
3877
[0.08145891]
3878
[0.2286426]
3879
[0.19803979]
3880
[0.06584165]
3881
[0.03221356]
3882
[0.06604969]
3883
[0.24446127]
3884
[0.0985695]
3885
[0.03395023]
3886
[0.22931214]
3887
[0.23724656]
3888
[0.2435155]
3889
[0.22115591]
3890
[0.11202725]
3891
[0.22866204]
3892
[0.22967697]
3893
[0.17072266]
3894
[0.12519328]
3895
[0.07149291]
3896
[0.08605]
3897
[0.19429718]
3898
[0.16929978]
3899
[0.24529919]
3900
[0.07573554]
3901
[0.15536952]
3902
[0.07158961]
3903
[0.24078162]
3904
[0.20598769]
3905
[0.19140657]
3906
[0.10451178]
3907
[0.07478212]
3908
[0.03460685]
3909
[0.08562736]
3910
[0.18129239]
3911
[0.23533401]
3912
[0.0478697]
3913
[0.24566013]
3914
[0.10436861]
3915
[0.09097595]
3916
[0.03565163]
3917
[0.14889482]
3918
[0.06509794]
3919
[0.15631671]
3920
[0.07538578]
3921
[0.14378263]
3922
[0.11682076]
3923
[0.24531854]
3924
[0.0547612]
3925
[0.0795112]
3926
[0.12445259]
3927
[0.04241038]
3928
[0.05873638]
3929
[0.13287836]
3930
[0.24577081]
3931
[0.06749639]
3932
[0.23933445]
3933
[0.2305956]
3934
[0.10587294]
3935
[0.22470501]
3936
[0.22976232]
3937
[0.24261996]
3938
[0.06624615]
3939
[0.23879988]
3940
[0.11740029]
3941
[0.10682607]
3942
[0.19077966]
3943
[0.18656311]
3944
[0.24584354]
3945
[0.15508454]
3946
[0.06742399]
3947
[0.24535733]
3948
[0.06895351]
3949
[0.13247008]
3950
[0.2348449]
3951
[0.1759487]
3952
[0.07061081]
3953
[0.21838019]
3954
[0.11951045]
3955
[0.18857547]
3956
[0.21196162]
3957
[0.11405885]
3958
[0.20682405]
3959
[0.16069823]
3960
[0.14723439]
3961
[0.06594399]
3962
[0.04318528]
3963
[0.22754193]
3964
[0.0660665]
3965
[0.24568498]
3966
[0.06608239]
3967
[0.21284631]
3968
[0.23995606]
3969
[0.23196135]
3970
[0.14411671]
3971
[0.21849644]
3972
[0.23448582]
3973
[0.12981348]
3974
[0.2456537]
3975
[0.12729198]
3976
[0.24390387]
3977
[0.21984928]
3978
[0.06597883]
3979
[0.23015573]
3980
[0.1195667]
3981
[0.02705325]
3982
[0.106421]
3983
[0.07577137]
3984
[0.23836299]
3985
[0.24537346]
3986
[0.11307654]
3987
[0.09168637]
3988
[0.1184148]
3989
[0.06952435]
3990
[0.07902557]
3991
[0.22985024]
3992
[0.2328523]
3993
[0.1043875]
3994
[0.09807249]
3995
[0.06620005]
3996
[0.076168]
3997
[0.19182694]
3998
[0.11471924]
3999
[0.16118122]
4000
[0.20077908]
4001
[0.19389441]
4002
[0.18216116]
4003
[0.11379887]
4004
[0.06586787]
4005
[0.1602109]
4006
[0.06588751]
4007
[0.13945229]
4008
[0.13231707]
4009
[0.17245897]
4010
[0.22289469]
4011
[0.03706223]
4012
[0.24499989]
4013
[0.19627169]
4014
[0.24580349]
4015
[0.09398931]
4016
[0.21658351]
4017
[0.14488012]
4018
[0.23202454]
4019
[0.20158902]
4020
[0.08828423]
4021
[0.19674744]
4022
[0.0915065]
4023
[0.03408156]
4024
[0.12366652]
4025
[0.12015762]
4026
[0.02676048]
4027
[0.21324709]
4028
[0.21851946]
4029
[0.10540045]
4030
[0.02952585]
4031
[0.2402748]
4032
[0.21749282]
4033
[0.05470844]
4034
[0.06845128]
4035
[0.20204561]
4036
[0.09380072]
4037
[0.18896549]
4038
[0.15969763]
4039
[0.23869244]
4040
[0.08540922]
4041
[0.20115703]
4042
[0.11750546]
4043
[0.14521643]
4044
[0.20832995]
4045
[0.14480506]
4046
[0.11218967]
4047
[0.17249636]
4048
[0.20877164]
4049
[0.24567079]
4050
[0.24432828]
4051
[0.09120909]
4052
[0.22808232]
4053
[0.14342559]
4054
[0.06799301]
4055
[0.06814227]
4056
[0.06461274]
4057
[0.2455315]
4058
[0.19465475]
4059
[0.06644826]
4060
[0.11523618]
4061
[0.24431993]
4062
[0.20735382]
4063
[0.23196773]
4064
[0.16850091]
4065
[0.20197962]
4066
[0.13378728]
4067
[0.03973182]
4068
[0.24078989]
4069
[0.13163333]
4070
[0.06717192]
4071
[0.23177504]
4072
[0.24167047]
4073
[0.16210672]
4074
[0.057688]
4075
[0.22062578]
4076
[0.06599095]
4077
[0.13852041]
4078
[0.18050859]
4079
[0.2343937]
4080
[0.24080884]
4081
[0.08178052]
4082
[0.06616108]
4083
[0.24324555]
4084
[0.05345505]
4085
[0.17544753]
4086
[0.08040171]
4087
[0.06590812]
4088
[0.24507027]
4089
[0.24264067]
4090
[0.13918667]
4091
[0.24406324]
4092
[0.2014234]
4093
[0.17032049]
4094
[0.23595504]
4095
[0.10598155]
4096
[0.03308542]
4097
[0.11022867]
4098
[0.14414298]
4099
[0.07061977]
4100
[0.12297681]
4101
[0.07043251]
4102
[0.20878387]
4103
[0.07253785]
4104
[0.06611733]
4105
[0.18904684]
4106
[0.24565827]
4107
[0.05956838]
4108
[0.16586593]
4109
[0.23130159]
4110
[0.06590955]
4111
[0.12623765]
4112
[0.06926096]
4113
[0.03787727]
4114
[0.23379421]
4115
[0.19369281]
4116
[0.23563277]
4117
[0.06645781]
4118
[0.10347342]
4119
[0.06584204]
4120
[0.11822773]
4121
[0.23219233]
4122
[0.19440909]
4123
[0.19911132]
4124
[0.0888988]
4125
[0.13021746]
4126
[0.15138576]
4127
[0.21366022]
4128
[0.10525498]
4129
[0.06886084]
4130
[0.22099554]
4131
[0.2070152]
4132
[0.06623908]
4133
[0.23005284]
4134
[0.09138098]
4135
[0.1992443]
4136
[0.12489748]
4137
[0.23444087]
4138
[0.23812137]
4139
[0.23532805]
4140
[0.23276772]
4141
[0.24301296]
4142
[0.06677228]
4143
[0.23999096]
4144
[0.07230841]
4145
[0.11974678]
4146
[0.11956354]
4147
[0.22981232]
4148
[0.12142311]
4149
[0.19160205]
4150
[0.05712548]
4151
[0.02596158]
4152
[0.23074084]
4153
[0.15655832]
4154
[0.24016607]
4155
[0.11785872]
4156
[0.21901531]
4157
[0.12525866]
4158
[0.07848607]
4159
[0.23367839]
4160
[0.17765986]
4161
[0.07302593]
4162
[0.20026049]
4163
[0.09081359]
4164
[0.13109075]
4165
[0.22765867]
4166
[0.10047483]
4167
[0.09301046]
4168
[0.17653249]
4169
[0.21925592]
4170
[0.05506605]
4171
[0.06869522]
4172
[0.06888793]
4173
[0.20753683]
4174
[0.22444726]
4175
[0.02892426]
4176
[0.03317436]
4177
[0.21553185]
4178
[0.21324149]
4179
[0.06589394]
4180
[0.13266882]
4181
[0.12884869]
4182
[0.23664881]
4183
[0.13797788]
4184
[0.14121533]
4185
[0.24088535]
4186
[0.24037122]
4187
[0.184392]
4188
[0.06650034]
4189
[0.12805654]
4190
[0.24053282]
4191
[0.0792736]
4192
[0.09097629]
4193
[0.0857169]
4194
[0.11023407]
4195
[0.16491322]
4196
[0.16940088]
4197
[0.04933226]
4198
[0.2134679]
4199
[0.04398245]
4200
[0.07422593]
4201
[0.18707432]
4202
[0.12004957]
4203
[0.24464033]
4204
[0.17356349]
4205
[0.24101115]
4206
[0.0907776]
4207
[0.19368082]
4208
[0.06114486]
4209
[0.06583982]
4210
[0.06768496]
4211
[0.24557374]
4212
[0.08504255]
4213
[0.02473956]
4214
[0.2328656]
4215
[0.21326267]
4216
[0.21639875]
4217
[0.24598061]
4218
[0.10273087]
4219
[0.11258952]
4220
[0.19584034]
4221
[0.15547603]
4222
[0.11703906]
4223
[0.0976767]
4224
[0.15839423]
4225
[0.02490366]
4226
[0.2088185]
4227
[0.22911516]
4228
[0.23652941]
4229
[0.17520374]
4230
[0.16450972]
4231
[0.07453437]
4232
[0.24065561]
4233
[0.14099151]
4234
[0.20116332]
4235
[0.22759163]
4236
[0.23495404]
4237
[0.21571349]
4238
[0.0699016]
4239
[0.24591922]
4240
[0.2454416]
4241
[0.23632582]
4242
[0.17114445]
4243
[0.10836162]
4244
[0.06672836]
4245
[0.24126575]
4246
[0.13623391]
4247
[0.21776791]
4248
[0.24546739]
4249
[0.06584161]
4250
[0.14102566]
4251
[0.24541828]
4252
[0.24515372]
4253
[0.21324949]
4254
[0.07006944]
4255
[0.22196989]
4256
[0.24594291]
4257
[0.06584729]
4258
[0.13104137]
4259
[0.17879348]
4260
[0.24584411]
4261
[0.14823155]
4262
[0.03386052]
4263
[0.08954416]
4264
[0.07691022]
4265
[0.09873256]
4266
[0.17821695]
4267
[0.12952666]
4268
[0.1941023]
4269
[0.23706266]
4270
[0.02923078]
4271
[0.11962951]
4272
[0.16442394]
4273
[0.11843368]
4274
[0.2130625]
4275
[0.20630183]
4276
[0.19853427]
4277
[0.22508611]
4278
[0.02951373]
4279
[0.22156379]
4280
[0.03019036]
4281
[0.24221091]
4282
[0.22791997]
4283
[0.238439]
4284
[0.24228219]
4285
[0.09617256]
4286
[0.06013548]
4287
[0.04992274]
4288
[0.0912853]
4289
[0.24536788]
4290
[0.07225467]
4291
[0.06882555]
4292
[0.14946794]
4293
[0.19495823]
4294
[0.16189972]
4295
[0.07187932]
4296
[0.19416634]
4297
[0.10507073]
4298
[0.10432958]
4299
[0.2344355]
4300
[0.22194918]
4301
[0.06628915]
4302
[0.15519661]
4303
[0.19584513]
4304
[0.23079524]
4305
[0.24044608]
4306
[0.13546059]
4307
[0.06592303]
4308
[0.10614618]
4309
[0.24503379]
4310
[0.07095877]
4311
[0.11256887]
4312
[0.12558686]
4313
[0.21159135]
4314
[0.20478397]
4315
[0.12019332]
4316
[0.23937558]
4317
[0.19944526]
4318
[0.20470978]
4319
[0.23085505]
4320
[0.18288538]
4321
[0.16831377]
4322
[0.08450432]
4323
[0.10482347]
4324
[0.20550887]
4325
[0.23317857]
4326
[0.21812091]
4327
[0.14341497]
4328
[0.18061941]
4329
[0.24177223]
4330
[0.07078375]
4331
[0.21434143]
4332
[0.0660913]
4333
[0.06290518]
4334
[0.24446508]
4335
[0.05733131]
4336
[0.23695256]
4337
[0.05585907]
4338
[0.21033351]
4339
[0.17244935]
4340
[0.12141667]
4341
[0.03167175]
4342
[0.16438083]
4343
[0.08204159]
4344
[0.07009255]
4345
[0.03410974]
4346
[0.07778896]
4347
[0.10206526]
4348
[0.21304885]
4349
[0.04744589]
4350
[0.11513816]
4351
[0.0280836]
4352
[0.22354853]
4353
[0.09802665]
4354
[0.24510528]
4355
[0.14598586]
4356
[0.22255488]
4357
[0.22870128]
4358
[0.20992478]
4359
[0.11050282]
4360
[0.14315905]
4361
[0.07066904]
4362
[0.06623602]
4363
[0.23190141]
4364
[0.14787962]
4365
[0.21200422]
4366
[0.18602592]
4367
[0.20564649]
4368
[0.24316879]
4369
[0.19520403]
4370
[0.09572101]
4371
[0.09866214]
4372
[0.24435626]
4373
[0.17588609]
4374
[0.06621149]
4375
[0.24382311]
4376
[0.11562268]
4377
[0.14523081]
4378
[0.22334815]
4379
[0.18870908]
4380
[0.08395277]
4381
[0.11710518]
4382
[0.23927368]
4383
[0.19308438]
4384
[0.11392177]
4385
[0.14187981]
4386
[0.24587349]
4387
[0.19624896]
4388
[0.24334158]
4389
[0.11602981]
4390
[0.20362923]
4391
[0.08470073]
4392
[0.24540335]
4393
[0.03997902]
4394
[0.24200796]
4395
[0.2433396]
4396
[0.12081945]
4397
[0.16416774]
4398
[0.13135993]
4399
[0.20262056]
4400
[0.24530059]
4401
[0.07733666]
4402
[0.11821597]
4403
[0.0292438]
4404
[0.20423858]
4405
[0.09505469]
4406
[0.09480299]
4407
[0.14453092]
4408
[0.16423836]
4409
[0.03123693]
4410
[0.08690579]
4411
[0.13994564]
4412
[0.06621867]
4413
[0.06668797]
4414
[0.24182858]
4415
[0.08646096]
4416
[0.07458254]
4417
[0.17343119]
4418
[0.08691282]
4419
[0.23766091]
4420
[0.20642003]
4421
[0.03072055]
4422
[0.17076612]
4423
[0.06605497]
4424
[0.15346241]
4425
[0.22499777]
4426
[0.09179583]
4427
[0.12697212]
4428
[0.08521911]
4429
[0.0726714]
4430
[0.2422447]
4431
[0.24597703]
4432
[0.23125898]
4433
[0.0765874]
4434
[0.1805134]
4435
[0.1064903]
4436
[0.02948213]
4437
[0.10847295]
4438
[0.23457659]
4439
[0.07262924]
4440
[0.18393497]
4441
[0.2266373]
4442
[0.22972659]
4443
[0.16086745]
4444
[0.20258514]
4445
[0.12896004]
4446
[0.20054248]
4447
[0.2430874]
4448
[0.09008761]
4449
[0.23346743]
4450
[0.07724175]
4451
[0.23183408]
4452
[0.24531461]
4453
[0.16903813]
4454
[0.17298796]
4455
[0.06822188]
4456
[0.08206739]
4457
[0.11437974]
4458
[0.21539836]
4459
[0.2418144]
4460
[0.1875883]
4461
[0.18681816]
4462
[0.23083225]
4463
[0.07559695]
4464
[0.0669643]
4465
[0.21263438]
4466
[0.19136907]
4467
[0.23425701]
4468
[0.05626738]
4469
[0.10396791]
4470
[0.12422499]
4471
[0.23876464]
4472
[0.06420567]
4473
[0.19779378]
4474
[0.14436409]
4475
[0.18790966]
4476
[0.06609061]
4477
[0.13458788]
4478
[0.12088902]
4479
[0.21635992]
4480
[0.04402891]
4481
[0.07167988]
4482
[0.09629372]
4483
[0.16830175]
4484
[0.07016093]
4485
[0.17150325]
4486
[0.07446165]
4487
[0.17992463]
4488
[0.06991391]
4489
[0.13816507]
4490
[0.07485517]
4491
[0.24097918]
4492
[0.07439268]
4493
[0.06585877]
4494
[0.10905739]
4495
[0.20373804]
4496
[0.11312069]
4497
[0.10833703]
4498
[0.06667677]
4499
[0.23331883]
4500
[0.19701687]
4501
[0.2238978]
4502
[0.06602089]
4503
[0.17265928]
4504
[0.12034968]
4505
[0.06742437]
4506
[0.08872678]
4507
[0.06584428]
4508
[0.24577045]
4509
[0.06728889]
4510
[0.23148598]
4511
[0.24546036]
4512
[0.20302533]
4513
[0.2333028]
4514
[0.08405293]
4515
[0.02932683]
4516
[0.09646368]
4517
[0.11753824]
4518
[0.08698955]
4519
[0.1691564]
4520
[0.18644772]
4521
[0.16800841]
4522
[0.10562172]
4523
[0.06550027]
4524
[0.07667124]
4525
[0.24585209]
4526
[0.22202406]
4527
[0.22280967]
4528
[0.23435688]
4529
[0.09777852]
4530
[0.06818394]
4531
[0.08581267]
4532
[0.22475612]
4533
[0.23065512]
4534
[0.22321858]
4535
[0.20339469]
4536
[0.24566927]
4537
[0.07715273]
4538
[0.14838774]
4539
[0.22177424]
4540
[0.14562565]
4541
[0.22414914]
4542
[0.17977006]
4543
[0.1375539]
4544
[0.06636596]
4545
[0.18399503]
4546
[0.1102064]
4547
[0.21879788]
4548
[0.10251119]
4549
[0.20694088]
4550
[0.2328122]
4551
[0.15106702]
4552
[0.21788685]
4553
[0.06618358]
4554
[0.08021435]
4555
[0.23342681]
4556
[0.17362849]
4557
[0.06611472]
4558
[0.19284015]
4559
[0.21330469]
4560
[0.22070159]
4561
[0.24502527]
4562
[0.24594159]
4563
[0.23630059]
4564
[0.14116217]
4565
[0.22939021]
4566
[0.24351386]
4567
[0.22182618]
4568
[0.15354628]
4569
[0.22856248]
4570
[0.2348638]
4571
[0.24269007]
4572
[0.24511429]
4573
[0.22574222]
4574
[0.24350181]
4575
[0.16184079]
4576
[0.08936328]
4577
[0.19191706]
4578
[0.18970601]
4579
[0.02457753]
4580
[0.12106101]
4581
[0.11379843]
4582
[0.16700783]
4583
[0.12006845]
4584
[0.16248808]
4585
[0.08186693]
4586
[0.24121717]
4587
[0.23979225]
4588
[0.14219961]
4589
[0.06670948]
4590
[0.2333491]
4591
[0.22579335]
4592
[0.13741003]
4593
[0.07744404]
4594
[0.24559345]
4595
[0.07512868]
4596
[0.11836756]
4597
[0.07373644]
4598
[0.13410519]
4599
[0.18912321]
4600
[0.07055338]
4601
[0.09461787]
4602
[0.13348755]
4603
[0.24448093]
4604
[0.06593785]
4605
[0.06622948]
4606
[0.16542167]
4607
[0.03647974]
4608
[0.21723126]
4609
[0.24596386]
4610
[0.23638533]
4611
[0.09117871]
4612
[0.1699766]
4613
[0.08807351]
4614
[0.16990211]
4615
[0.07908112]
4616
[0.24483694]
4617
[0.07437381]
4618
[0.19896545]
4619
[0.05825718]
4620
[0.13989246]
4621
[0.22418774]
4622
[0.24580524]
4623
[0.24291918]
4624
[0.18162663]
4625
[0.13414496]
4626
[0.19685563]
4627
[0.13332922]
4628
[0.0688252]
4629
[0.22791672]
4630
[0.24554542]
4631
[0.23991517]
4632
[0.13568777]
4633
[0.16582477]
4634
[0.10425899]
4635
[0.24563742]
4636
[0.07701785]
4637
[0.20181686]
4638
[0.2358618]
4639
[0.21465055]
4640
[0.06603335]
4641
[0.07826216]
4642
[0.24086881]
4643
[0.23654789]
4644
[0.133253]
4645
[0.078035]
4646
[0.24138607]
4647
[0.07516959]
4648
[0.24589244]
4649
[0.21463672]
4650
[0.1995979]
4651
[0.23200338]
4652
[0.08595353]
4653
[0.23996436]
4654
[0.09581638]
4655
[0.16519724]
4656
[0.17981743]
4657
[0.07475781]
4658
[0.24514709]
4659
[0.24186973]
4660
[0.24353132]
4661
[0.11523532]
4662
[0.22843597]
4663
[0.14595332]
4664
[0.1934441]
4665
[0.04872907]
4666
[0.08331489]
4667
[0.23015123]
4668
[0.09130362]
4669
[0.05387992]
4670
[0.06305894]
4671
[0.22701245]
4672
[0.24534211]
4673
[0.209693]
4674
[0.14459043]
4675
[0.09780067]
4676
[0.0503208]
4677
[0.10575554]
4678
[0.08839529]
4679
[0.23087304]
4680
[0.22487098]
4681
[0.24503139]
4682
[0.21466846]
4683
[0.06629933]
4684
[0.22271838]
4685
[0.09433844]
4686
[0.0849839]
4687
[0.11646352]
4688
[0.24405448]
4689
[0.0657157]
4690
[0.09326278]
4691
[0.1708483]
4692
[0.08163503]
4693
[0.14230308]
4694
[0.14914313]
4695
[0.05449469]
4696
[0.0661327]
4697
[0.21694456]
4698
[0.06687557]
4699
[0.24430785]
4700
[0.06612976]
4701
[0.22388085]
4702
[0.13485907]
4703
[0.23971019]
4704
[0.16569274]
4705
[0.10552585]
4706
[0.05782581]
4707
[0.10522682]
4708
[0.24467544]
4709
[0.15918589]
4710
[0.12534022]
4711
[0.23586663]
4712
[0.13494614]
4713
[0.24391929]
4714
[0.14766242]
4715
[0.065917]
4716
[0.22222657]
4717
[0.06970427]
4718
[0.14075287]
4719
[0.12357246]
4720
[0.07589741]
4721
[0.12446368]
4722
[0.240677]
4723
[0.02934451]
4724
[0.23553436]
4725
[0.24544266]
4726
[0.2424078]
4727
[0.11471707]
4728
[0.14106293]
4729
[0.17409003]
4730
[0.07919465]
4731
[0.11323402]
4732
[0.14574279]
4733
[0.24345215]
4734
[0.09801339]
4735
[0.17394493]
4736
[0.0985438]
4737
[0.07166398]
4738
[0.22531721]
4739
[0.23150451]
4740
[0.24526097]
4741
[0.22888295]
4742
[0.23491004]
4743
[0.11934151]
4744
[0.2107179]
4745
[0.11258181]
4746
[0.2250024]
4747
[0.24153119]
4748
[0.14575145]
4749
[0.22217572]
4750
[0.14544374]
4751
[0.07878113]
4752
[0.10806978]
4753
[0.20250417]
4754
[0.23246324]
4755
[0.06585013]
4756
[0.06639148]
4757
[0.24507239]
4758
[0.13010219]
4759
[0.2277455]
4760
[0.07335909]
4761
[0.0659715]
4762
[0.04943897]
4763
[0.15138268]
4764
[0.12151285]
4765
[0.22431021]
4766
[0.09233728]
4767
[0.23021296]
4768
[0.2319302]
4769
[0.2114549]
4770
[0.0660856]
4771
[0.10040526]
4772
[0.06743369]
4773
[0.0422041]
4774
[0.24365449]
4775
[0.16666882]
4776
[0.14210378]
4777
[0.23303215]
4778
[0.16461142]
4779
[0.06584867]
4780
[0.16614217]
4781
[0.08409213]
4782
[0.19085308]
4783
[0.24398009]
4784
[0.18435074]
4785
[0.10359589]
4786
[0.14859891]
4787
[0.12074014]
4788
[0.14672813]
4789
[0.21673001]
4790
[0.05215178]
4791
[0.16202638]
4792
[0.16198428]
4793
[0.13608275]
4794
[0.07523748]
4795
[0.24452892]
4796
[0.06961151]
4797
[0.06600814]
4798
[0.21482991]
4799
[0.08584316]
4800
[0.23337554]
4801
[0.09345448]
4802
[0.06608709]
4803
[0.06649238]
4804
[0.06518462]
4805
[0.0899666]
4806
[0.21874882]
4807
[0.09245654]
4808
[0.20436186]
4809
[0.08675421]
4810
[0.03106268]
4811
[0.2384584]
4812
[0.1059809]
4813
[0.2008915]
4814
[0.21220362]
4815
[0.13371281]
4816
[0.16846561]
4817
[0.07175859]
4818
[0.11969232]
4819
[0.11811454]
4820
[0.16437024]
4821
[0.07082691]
4822
[0.22128165]
4823
[0.08373676]
4824
[0.0902946]
4825
[0.06398227]
4826
[0.20852969]
4827
[0.16373686]
4828
[0.1693907]
4829
[0.09218321]
4830
[0.20909354]
4831
[0.24047445]
4832
[0.09230547]
4833
[0.10120746]
4834
[0.10465362]
4835
[0.1038438]
4836
[0.24459677]
4837
[0.06942272]
4838
[0.24493798]
4839
[0.02541288]
4840
[0.06589093]
4841
[0.20990747]
4842
[0.20272717]
4843
[0.07748437]
4844
[0.14161262]
4845
[0.04699779]
4846
[0.2289949]
4847
[0.07058812]
4848
[0.14801907]
4849
[0.1338325]
4850
[0.06772751]
4851
[0.07836725]
4852
[0.17099879]
4853
[0.10642767]
4854
[0.22936103]
4855
[0.13890495]
4856
[0.21612379]
4857
[0.06628807]
4858
[0.09447082]
4859
[0.10602318]
4860
[0.13966917]
4861
[0.20296934]
4862
[0.2251024]
4863
[0.24383156]
4864
[0.19137675]
4865
[0.16138247]
4866
[0.06598579]
4867
[0.21073573]
4868
[0.08473655]
4869
[0.13494254]
4870
[0.19052542]
4871
[0.24101901]
4872
[0.24486672]
4873
[0.20842205]
4874
[0.10086893]
4875
[0.06584485]
4876
[0.0500846]
4877
[0.1542271]
4878
[0.23710911]
4879
[0.0854586]
4880
[0.20509448]
4881
[0.06663306]
4882
[0.06628757]
4883
[0.24285838]
4884
[0.06584868]
4885
[0.21829996]
4886
[0.24557858]
4887
[0.24188529]
4888
[0.0869067]
4889
[0.06649573]
4890
[0.18449622]
4891
[0.19240736]
4892
[0.093305]
4893
[0.07274701]
4894
[0.24554021]
4895
[0.20861017]
4896
[0.18542221]
4897
[0.24458463]
4898
[0.12204554]
4899
[0.14427791]
4900
[0.23612586]
4901
[0.24589662]
4902
[0.24504243]
4903
[0.0840922]
4904
[0.23042067]
4905
[0.09340502]
4906
[0.10309873]
4907
[0.24421425]
4908
[0.08057474]
4909
[0.06587482]
4910
[0.21995896]
4911
[0.24563668]
4912
[0.23644368]
4913
[0.2379764]
4914
[0.18824775]
4915
[0.1148121]
4916
[0.13874005]
4917
[0.18295738]
4918
[0.07295288]
4919
[0.09155854]
4920
[0.24216173]
4921
[0.24591983]
4922
[0.22455462]
4923
[0.11536313]
4924
[0.04344647]
4925
[0.0667793]
4926
[0.10993342]
4927
[0.20938722]
4928
[0.23586736]
4929
[0.04355785]
4930
[0.11015904]
4931
[0.10811731]
4932
[0.24580558]
4933
[0.11095807]
4934
[0.06585045]
4935
[0.2028663]
4936
[0.143206]
4937
[0.04782303]
4938
[0.05629085]
4939
[0.1325149]
4940
[0.24374119]
4941
[0.03244603]
4942
[0.18645423]
4943
[0.19184249]
4944
[0.10168746]
4945
[0.24526384]
4946
[0.22342365]
4947
[0.23750605]
4948
[0.0803594]
4949
[0.02568779]
4950
[0.18550142]
4951
[0.21821953]
4952
[0.2390067]
4953
[0.0822552]
4954
[0.22873287]
4955
[0.19185701]
4956
[0.06550878]
4957
[0.21037025]
4958
[0.21166427]
4959
[0.20654353]
4960
[0.17499942]
4961
[0.06556899]
4962
[0.08978768]
4963
[0.18062476]
4964
[0.24469145]
4965
[0.17537797]
4966
[0.06599292]
4967
[0.06687262]
4968
[0.09958333]
4969
[0.1090516]
4970
[0.11905355]
4971
[0.16284907]
4972
[0.21300205]
4973
[0.17965303]
4974
[0.13561616]
4975
[0.0734262]
4976
[0.15106472]
4977
[0.21742408]
4978
[0.0659054]
4979
[0.21501992]
4980
[0.20922764]
4981
[0.19693265]
4982
[0.05208189]
4983
[0.09014377]
4984
[0.14889482]
4985
[0.17537728]
4986
[0.24598516]
4987
[0.24275933]
4988
[0.06625631]
4989
[0.11071368]
4990
[0.1403698]
4991
[0.10145737]
4992
[0.06656845]
4993
[0.1553958]
4994
[0.23058905]
4995
[0.03985085]
4996
[0.23758316]
4997
[0.20742662]
4998
[0.07741163]
4999
[1] 40000    11
[1] 40000    11
[0.22638934]
