LOADING R
R LOADED
[1] "/home/lvanderl/Rlibs2"                         
[2] "/app/software/R/4.3.1-gfbf-2022b/lib/R/library"
[1] "/home/lvanderl/sieveSims"
[1] "rf 3 2"
[1] "histogram binning"
[1] 0.09429459
[1] 0.09429459
[1] "mondrian"
[1] "iso"
[1] 0.09429459
[1] "conditional"
[   10.            11.51395399    13.25711366    15.26417967
    17.57510625    20.23589648    23.29951811    26.82695795
    30.88843596    35.56480306    40.94915062    47.14866363
    54.28675439    62.50551925    71.9685673     82.86427729
    95.40954763   109.8541142    126.48552169   145.63484775
   167.68329368   193.06977289   222.29964825   255.95479227
   294.70517026   339.32217719   390.69399371   449.8432669
   517.94746792   596.36233166   686.648845     790.60432109
   910.29817799  1048.11313415  1206.79264064  1389.49549437
  1599.85871961  1842.06996933  2120.95088792  2442.05309455
  2811.76869797  3237.45754282  3727.59372031  4291.93426013
  4941.71336132  5689.86602902  6551.2855686   7543.12006335
  8685.11373751 10000.        ]
[0.23644259 0.23487818 0.23650508 0.23523806 0.24725541 0.2361988
 0.24858527 0.2485259  0.25212229 0.24778677 0.25483641 0.27739331
 0.25280356 0.26818602 0.26447109 0.2670899  0.28898202 0.28835858
 0.30546603 0.32655483 0.31419765 0.31686023 0.29980098 0.29312948
 0.3698058  0.3788047  0.43974575 0.52526089 0.53772812 0.51158093
 0.80386727 0.80517435 0.82094257 1.04192957 1.03119513 0.89883563
 1.50698613 1.67455713 1.80981055 2.05832077 1.88394987 2.69794917
 2.96416844 3.68273647 3.49562151 4.27912326 4.06227818 6.18529972
 8.27968557 8.19103487]
11.513953993264476
0.08685113737513524
0
[0.13215722]
1
[0.17708436]
2
[0.20515012]
3
[0.17524504]
4
[0.17394024]
5
[0.18775198]
6
[0.14505566]
7
[0.11510827]
8
[0.17584712]
9
[0.14133077]
10
[0.11659953]
11
[0.14467849]
12
[0.12881636]
13
[0.10739994]
14
[0.1577261]
15
[0.12525882]
16
[0.16617427]
17
[0.31574219]
18
[0.13146364]
19
[0.15113507]
20
[0.12641905]
21
[0.24644441]
22
[0.11581443]
23
[0.13287768]
24
[0.12876747]
25
[0.11265174]
26
[0.17462253]
27
[0.27755428]
28
[0.17276861]
29
[0.12419082]
30
[0.04508547]
31
[0.17755195]
32
[0.15035946]
33
[0.20766937]
34
[0.14501397]
35
[0.14157964]
36
[0.21267332]
37
[0.15823349]
38
[0.1632988]
39
[0.17962618]
40
[0.11239213]
41
[0.19769083]
42
[0.1081692]
43
[0.23194451]
44
[0.12737832]
45
[0.13947823]
46
[0.23028846]
47
[0.13609542]
48
[0.13915915]
49
[0.15000407]
50
[0.17553226]
51
[0.14754196]
52
[0.2952376]
53
[0.13010413]
54
[0.13667217]
55
[0.15410817]
56
[0.1561539]
57
[0.12380302]
58
[0.20429775]
59
[0.15118747]
60
[0.17645537]
61
[0.14169577]
62
[0.13976471]
63
[0.25923573]
64
[0.18099519]
65
[0.16462217]
66
[0.06067652]
67
[0.19021211]
68
[0.13151095]
69
[0.17000268]
70
[0.1820218]
71
[0.12520801]
72
[0.10570082]
73
[0.11969203]
74
[0.14293532]
75
[0.17451448]
76
[0.12134247]
77
[0.19744203]
78
[0.14694533]
79
[0.17640856]
80
[0.28694728]
81
[0.14901619]
82
[0.1487396]
83
[0.1950031]
84
[0.10853643]
85
[0.08171333]
86
[0.08934777]
87
[0.11699761]
88
[0.14302516]
89
[0.18212292]
90
[0.1339186]
91
[0.17249477]
92
[0.11510283]
93
[0.23391798]
94
[0.15393857]
95
[0.14871532]
96
[0.23865393]
97
[0.11901383]
98
[0.17471836]
99
[0.23768821]
100
[0.1446742]
101
[0.20867398]
102
[0.20660588]
103
[0.18290697]
104
[0.24705254]
105
[0.26785066]
106
[0.17651141]
107
[0.16116895]
108
[0.14024654]
109
[0.137873]
110
[0.1789622]
111
[0.14577603]
112
[0.16247741]
113
[0.22506399]
114
[0.21615959]
115
[0.21433241]
116
[0.17592328]
117
[0.18282208]
118
[0.11059072]
119
[0.14447419]
120
[0.13792724]
121
[0.10347715]
122
[0.14215056]
123
[0.19885293]
124
[0.19924296]
125
[0.18761646]
126
[0.09943795]
127
[0.08270705]
128
[0.08910354]
129
[0.13690001]
130
[0.16067664]
131
[0.11577139]
132
[0.25049224]
133
[0.14372516]
134
[0.13824792]
135
[0.10694489]
136
[0.05958261]
137
[0.23253025]
138
[0.16693651]
139
[0.20253987]
140
[0.1225207]
141
[0.22944757]
142
[0.13410321]
143
[0.1413528]
144
[0.14754462]
145
[0.13878423]
146
[0.18617261]
147
[0.25397722]
148
[0.15781188]
149
[0.15980393]
150
[0.15111815]
151
[0.14465116]
152
[0.28059056]
153
[0.13516315]
154
[0.17217812]
155
[0.15668207]
156
[0.147341]
157
[0.13831821]
158
[0.14166659]
159
[0.09936565]
160
[0.1538904]
161
[0.18080517]
162
[0.18116542]
163
[0.10738179]
164
[0.26064314]
165
[0.15819982]
166
[0.15520531]
167
[0.14526368]
168
[0.17308371]
169
[0.16871469]
170
[0.20749673]
171
[0.28325864]
172
[0.11938503]
173
[0.20602937]
174
[0.20625516]
175
[0.16238681]
176
[0.15112026]
177
[0.26384693]
178
[0.07393604]
179
[0.30948733]
180
[0.13875115]
181
[0.30903041]
182
[0.11598625]
183
[0.17511913]
184
[0.05755339]
185
[0.15592565]
186
[0.13398929]
187
[0.15713415]
188
[0.19134371]
189
[0.12744419]
190
[0.16933151]
191
[0.21394686]
192
[0.1803578]
193
[0.14720821]
194
[0.18389169]
195
[0.14895603]
196
[0.15771065]
197
[0.14766184]
198
[0.12093778]
199
[0.14757615]
200
[0.08380529]
201
[0.1437121]
202
[0.11949684]
203
[0.13781032]
204
[0.27327394]
205
[0.15644553]
206
[0.12812272]
207
[0.34039942]
208
[0.15517853]
209
[0.18362599]
210
[0.13163839]
211
[0.13006018]
212
[0.1645153]
213
[0.16634155]
214
[0.13390906]
215
[0.10985043]
216
[0.11973192]
217
[0.14314886]
218
[0.14054015]
219
[0.1642791]
220
[0.17167443]
221
[0.08560802]
222
[0.16308488]
223
[0.13850347]
224
[0.13637434]
225
[0.135328]
226
[0.15354696]
227
[0.10368655]
228
[0.14934991]
229
[0.17570055]
230
[0.1599527]
231
[0.22782019]
232
[0.14268655]
233
[0.2148832]
234
[0.12609717]
235
[0.13733198]
236
[0.077553]
237
[0.13722817]
238
[0.13505809]
239
[0.1871887]
240
[0.12969998]
241
[0.21446358]
242
[0.11052528]
243
[0.13934086]
244
[0.11058592]
245
[0.13410718]
246
[0.12664633]
247
[0.16107666]
248
[0.1293669]
249
[0.17209833]
250
[0.12328695]
251
[0.09979392]
252
[0.13639544]
253
[0.1060529]
254
[0.12904416]
255
[0.15340034]
256
[0.21860863]
257
[0.14794172]
258
[0.15688224]
259
[0.09335299]
260
[0.14365579]
261
[0.12346383]
262
[0.12481846]
263
[0.22519321]
264
[0.1761664]
265
[0.14868298]
266
[0.16017816]
267
[0.13660548]
268
[0.16765707]
269
[0.19835404]
270
[0.11240661]
271
[0.13663282]
272
[0.2606148]
273
[0.15754777]
274
[0.13250572]
275
[0.1014067]
276
[0.13363833]
277
[0.18774118]
278
[0.09357571]
279
[0.13460605]
280
[0.16756541]
281
[0.15027829]
282
[0.2477306]
283
[0.19102542]
284
[0.17100172]
285
[0.14444678]
286
[0.09228734]
287
[0.18522456]
288
[0.12792107]
289
[0.13106792]
290
[0.15669698]
291
[0.09445949]
292
[0.13184062]
293
[0.14896819]
294
[0.18896236]
295
[0.13502507]
296
[0.18787448]
297
[0.16455269]
298
[0.13573773]
299
[0.1033092]
300
[0.13707624]
301
[0.10942737]
302
[0.15698053]
303
[0.1471217]
304
[0.11049326]
305
[0.13334427]
306
[0.21912421]
307
[0.22094326]
308
[0.27317268]
309
[0.35339618]
310
[0.18149708]
311
[0.13438757]
312
[0.16406877]
313
[0.20885379]
314
[0.1526952]
315
[0.19523712]
316
[0.19571382]
317
[0.17634449]
318
[0.194209]
319
[0.2754664]
320
[0.15502712]
321
[0.13411493]
322
[0.109388]
323
[0.16924025]
324
[0.13973498]
325
[0.13183074]
326
[0.14179041]
327
[0.12574067]
328
[0.14494565]
329
[0.13215976]
330
[0.18585741]
331
[0.13653214]
332
[0.12702856]
333
[0.07978799]
334
[0.14955115]
335
[0.12666447]
336
[0.18318552]
337
[0.21193621]
338
[0.19643646]
339
[0.18481522]
340
[0.15763911]
341
[0.16709791]
342
[0.19560819]
343
[0.26687067]
344
[0.18820791]
345
[0.21916133]
346
[0.15727595]
347
[0.20282627]
348
[0.22906437]
349
[0.11311835]
350
[0.11814647]
351
[0.17249208]
352
[0.17578656]
353
[0.15683097]
354
[0.12715597]
355
[0.15872785]
356
[0.17352588]
357
[0.1095313]
358
[0.15214531]
359
[0.14859052]
360
[0.17577802]
361
[0.18538048]
362
[0.16439253]
363
[0.13206417]
364
[0.12994381]
365
[0.12498557]
366
[0.1381564]
367
[0.21596471]
368
[0.13760537]
369
[0.15087938]
370
[0.09469508]
371
[0.12718568]
372
[0.16255163]
373
[0.12557978]
374
[0.17607529]
375
[0.07653025]
376
[0.13107105]
377
[0.21630817]
378
[0.19189005]
379
[0.19392141]
380
[0.11833297]
381
[0.1808927]
382
[0.1437128]
383
[0.10279802]
384
[0.21887499]
385
[0.14519252]
386
[0.1530284]
387
[0.14911221]
388
[0.12678136]
389
[0.13342422]
390
[0.12223174]
391
[0.23946494]
392
[0.15549883]
393
[0.13377989]
394
[0.14024718]
395
[0.12493736]
396
[0.17674797]
397
[0.23589764]
398
[0.22654271]
399
[0.15457618]
400
[0.09892979]
401
[0.13573371]
402
[0.15104128]
403
[0.12915021]
404
[0.15767571]
405
[0.15224522]
406
[0.13133309]
407
[0.14776255]
408
[0.14330751]
409
[0.13514044]
410
[0.15675862]
411
[0.13197237]
412
[0.08144656]
413
[0.14317611]
414
[0.23055106]
415
[0.14119312]
416
[0.1365949]
417
[0.12060657]
418
[0.14419843]
419
[0.22314613]
420
[0.17406637]
421
[0.15217566]
422
[0.13539952]
423
[0.13506643]
424
[0.09489959]
425
[0.12262333]
426
[0.1263969]
427
[0.19630735]
428
[0.13734311]
429
[0.13676657]
430
[0.16382276]
431
[0.13498808]
432
[0.16655685]
433
[0.14385948]
434
[0.21718375]
435
[0.18324923]
436
[0.20303267]
437
[0.15342992]
438
[0.13599044]
439
[0.10983163]
440
[0.14691198]
441
[0.22667926]
442
[0.15950543]
443
[0.11096821]
444
[0.11069897]
445
[0.14333429]
446
[0.10693052]
447
[0.20450436]
448
[0.14378285]
449
[0.15959344]
450
[0.25324135]
451
[0.13497714]
452
[0.28044665]
453
[0.14401266]
454
[0.15319517]
455
[0.135582]
456
[0.15118459]
457
[0.11413316]
458
[0.12503818]
459
[0.11286374]
460
[0.12647508]
461
[0.13473245]
462
[0.16037024]
463
[0.24528411]
464
[0.0867627]
465
[0.14330438]
466
[0.18373025]
467
[0.15779079]
468
[0.1705786]
469
[0.16400293]
470
[0.12288491]
471
[0.08340406]
472
[0.09145848]
473
[0.23518669]
474
[0.20552571]
475
[0.13992422]
476
[0.15772258]
477
[0.1472247]
478
[0.24251043]
479
[0.08443276]
480
[0.1241118]
481
[0.19132876]
482
[0.14142344]
483
[0.27099262]
484
[0.13161478]
485
[0.1407898]
486
[0.140868]
487
[0.21018404]
488
[0.14565855]
489
[0.21149522]
490
[0.16840355]
491
[0.14483878]
492
[0.08447051]
493
[0.15135277]
494
[0.2256956]
495
[0.12949936]
496
[0.10086387]
497
[0.18819877]
498
[0.12479204]
499
[0.13495914]
500
[0.1727221]
501
[0.10935324]
502
[0.19612081]
503
[0.17609679]
504
[0.14625351]
505
[0.21630704]
506
[0.26424874]
507
[0.1387574]
508
[0.14376183]
509
[0.12519032]
510
[0.12410621]
511
[0.16290883]
512
[0.24680899]
513
[0.20131515]
514
[0.1377313]
515
[0.20097764]
516
[0.14318519]
517
[0.13441154]
518
[0.1307803]
519
[0.18487226]
520
[0.12996735]
521
[0.23033458]
522
[0.1350318]
523
[0.14087573]
524
[0.16983242]
525
[0.13651926]
526
[0.16924998]
527
[0.16518058]
528
[0.20764109]
529
[0.30016161]
530
[0.21449868]
531
[0.12620879]
532
[0.17441964]
533
[0.15629067]
534
[0.18772106]
535
[0.24220994]
536
[0.14155548]
537
[0.11121388]
538
[0.13793365]
539
[0.16934534]
540
[0.11874146]
541
[0.14032391]
542
[0.27749694]
543
[0.29816171]
544
[0.14017686]
545
[0.14995973]
546
[0.14661574]
547
[0.1357917]
548
[0.1885556]
549
[0.11615918]
550
[0.27432266]
551
[0.15320553]
552
[0.13723437]
553
[0.12647196]
554
[0.09929631]
555
[0.24847177]
556
[0.13004011]
557
[0.17084447]
558
[0.16941439]
559
[0.24684602]
560
[0.13928534]
561
[0.14900814]
562
[0.22661091]
563
[0.16561207]
564
[0.224984]
565
[0.09283565]
566
[0.15555006]
567
[0.15147485]
568
[0.13148787]
569
[0.15798145]
570
[0.15888396]
571
[0.12248214]
572
[0.10193894]
573
[0.21874233]
574
[0.13253313]
575
[0.22117083]
576
[0.15491274]
577
[0.14391693]
578
[0.14747213]
579
[0.13444629]
580
[0.14045922]
581
[0.13488127]
582
[0.22473174]
583
[0.1586925]
584
[0.23714973]
585
[0.11409876]
586
[0.13625978]
587
[0.04840944]
588
[0.1586347]
589
[0.11593506]
590
[0.13648352]
591
[0.12855818]
592
[0.14940242]
593
[0.15308016]
594
[0.14951268]
595
[0.1069735]
596
[0.15796079]
597
[0.13574848]
598
[0.13901613]
599
[0.16464661]
600
[0.11846215]
601
[0.12417195]
602
[0.13228641]
603
[0.24926049]
604
[0.14026094]
605
[0.13559475]
606
[0.16371265]
607
[0.10469423]
608
[0.13867305]
609
[0.13214949]
610
[0.16502778]
611
[0.13223143]
612
[0.10082535]
613
[0.20559992]
614
[0.16698701]
615
[0.11699465]
616
[0.19313644]
617
[0.2740562]
618
[0.16721563]
619
[0.14100347]
620
[0.12529772]
621
[0.13699422]
622
[0.12991884]
623
[0.14244377]
624
[0.13736718]
625
[0.19241601]
626
[0.15548768]
627
[0.22292405]
628
[0.11777744]
629
[0.07385874]
630
[0.13042837]
631
[0.23488254]
632
[0.12958635]
633
[0.16252711]
634
[0.14980194]
635
[0.13328966]
636
[0.16356642]
637
[0.15330242]
638
[0.12139116]
639
[0.18140083]
640
[0.22539285]
641
[0.16667774]
642
[0.14206491]
643
[0.27910364]
644
[0.12464152]
645
[0.18180852]
646
[0.28524592]
647
[0.14532142]
648
[0.13256851]
649
[0.09582189]
650
[0.14173776]
651
[0.16227789]
652
[0.17816573]
653
[0.14102397]
654
[0.1103102]
655
[0.17016906]
656
[0.14804396]
657
[0.13180588]
658
[0.18092075]
659
[0.12744118]
660
[0.12854202]
661
[0.25866156]
662
[0.11888853]
663
[0.15462903]
664
[0.13886641]
665
[0.11025574]
666
[0.11347057]
667
[0.15375235]
668
[0.24466051]
669
[0.11984815]
670
[0.20419989]
671
[0.10198878]
672
[0.17490287]
673
[0.2142331]
674
[0.1410158]
675
[0.12522401]
676
[0.1738011]
677
[0.19473442]
678
[0.24987379]
679
[0.10818382]
680
[0.14144927]
681
[0.13338394]
682
[0.12579272]
683
[0.08702835]
684
[0.17656668]
685
[0.14968759]
686
[0.14652192]
687
[0.19263098]
688
[0.15457627]
689
[0.12852637]
690
[0.067422]
691
[0.23621089]
692
[0.15403756]
693
[0.12846026]
694
[0.08442596]
695
[0.16501222]
696
[0.16904716]
697
[0.12660842]
698
[0.15055278]
699
[0.17097552]
700
[0.21807904]
701
[0.15942987]
702
[0.13277171]
703
[0.14928828]
704
[0.18807215]
705
[0.21694343]
706
[0.14870309]
707
[0.3736264]
708
[0.09331834]
709
[0.14754529]
710
[0.15984211]
711
[0.25109645]
712
[0.08072504]
713
[0.1366377]
714
[0.15869633]
715
[0.17122978]
716
[0.13471841]
717
[0.15544272]
718
[0.13312298]
719
[0.13783223]
720
[0.14187603]
721
[0.21179075]
722
[0.14558718]
723
[0.13797847]
724
[0.16675267]
725
[0.14310906]
726
[0.23286165]
727
[0.16680003]
728
[0.12896707]
729
[0.22308294]
730
[0.20366708]
731
[0.17376781]
732
[0.11137963]
733
[0.11195867]
734
[0.14409221]
735
[0.17200522]
736
[0.16042028]
737
[0.13880968]
738
[0.12057457]
739
[0.14904504]
740
[0.30489066]
741
[0.14794683]
742
[0.14086164]
743
[0.21747872]
744
[0.13125207]
745
[0.1596665]
746
[0.13997347]
747
[0.17586827]
748
[0.15600467]
749
[0.25422208]
750
[0.19340997]
751
[0.21760927]
752
[0.19320436]
753
[0.13111859]
754
[0.14425011]
755
[0.15087859]
756
[0.12172597]
757
[0.13028684]
758
[0.12154648]
759
[0.22470688]
760
[0.14481423]
761
[0.14051012]
762
[0.15786486]
763
[0.17181297]
764
[0.18399808]
765
[0.06679464]
766
[0.20791691]
767
[0.26047634]
768
[0.11808687]
769
[0.14026004]
770
[0.15893003]
771
[0.1272677]
772
[0.1332887]
773
[0.1382044]
774
[0.16675997]
775
[0.16779074]
776
[0.21290751]
777
[0.10916173]
778
[0.14976992]
779
[0.25368348]
780
[0.14060569]
781
[0.15139584]
782
[0.20731426]
783
[0.13259252]
784
[0.14264832]
785
[0.19760051]
786
[0.1553327]
787
[0.08191887]
788
[0.1555218]
789
[0.11125221]
790
[0.15162785]
791
[0.25601806]
792
[0.15225247]
793
[0.14933097]
794
[0.25998601]
795
[0.12946161]
796
[0.18430001]
797
[0.13219989]
798
[0.13661866]
799
[0.0821483]
800
[0.15580606]
801
[0.12332969]
802
[0.25525505]
803
[0.14559415]
804
[0.17997451]
805
[0.18543558]
806
[0.18540444]
807
[0.09871597]
808
[0.2001833]
809
[0.13324526]
810
[0.18451207]
811
[0.20704251]
812
[0.10308827]
813
[0.1635709]
814
[0.19113694]
815
[0.14048198]
816
[0.21054457]
817
[0.24634924]
818
[0.16173359]
819
[0.11132969]
820
[0.1174814]
821
[0.08978207]
822
[0.20081468]
823
[0.16129423]
824
[0.11547509]
825
[0.26566468]
826
[0.15792248]
827
[0.10385144]
828
[0.15219688]
829
[0.13095087]
830
[0.15821572]
831
[0.17075215]
832
[0.1226725]
833
[0.17975312]
834
[0.1328681]
835
[0.13397767]
836
[0.13769683]
837
[0.22593372]
838
[0.13870029]
839
[0.11957707]
840
[0.14855291]
841
[0.16952604]
842
[0.15010971]
843
[0.11292229]
844
[0.14286164]
845
[0.14742013]
846
[0.12887563]
847
[0.16826599]
848
[0.09438128]
849
[0.16598557]
850
[0.12300992]
851
[0.27385298]
852
[0.15055545]
853
[0.1384991]
854
[0.14434233]
855
[0.1596408]
856
[0.12680376]
857
[0.15176979]
858
[0.09919325]
859
[0.11385261]
860
[0.114282]
861
[0.12304933]
862
[0.14356874]
863
[0.10311391]
864
[0.0951043]
865
[0.07619315]
866
[0.11979242]
867
[0.15505818]
868
[0.13509754]
869
[0.09549642]
870
[0.13317917]
871
[0.11681797]
872
[0.13349573]
873
[0.15718538]
874
[0.16774799]
875
[0.17416503]
876
[0.1369275]
877
[0.15615779]
878
[0.16946918]
879
[0.15750967]
880
[0.13885499]
881
[0.15617439]
882
[0.14084331]
883
[0.10369606]
884
[0.17147904]
885
[0.13620458]
886
[0.18646009]
887
[0.1481247]
888
[0.11514971]
889
[0.1267327]
890
[0.1254129]
891
[0.16626561]
892
[0.08985142]
893
[0.18329558]
894
[0.27307974]
895
[0.19201906]
896
[0.11616632]
897
[0.1344566]
898
[0.12684308]
899
[0.12306711]
900
[0.11953074]
901
[0.19470682]
902
[0.14296916]
903
[0.09388865]
904
[0.11448541]
905
[0.15045413]
906
[0.14647819]
907
[0.17619705]
908
[0.27928046]
909
[0.1847804]
910
[0.17681531]
911
[0.20055313]
912
[0.15232162]
913
[0.11859969]
914
[0.0735305]
915
[0.2324578]
916
[0.15312458]
917
[0.08211753]
918
[0.13242137]
919
[0.16133409]
920
[0.21761303]
921
[0.11110898]
922
[0.10097788]
923
[0.1760235]
924
[0.16794181]
925
[0.13836432]
926
[0.21651859]
927
[0.29173873]
928
[0.15825787]
929
[0.07682039]
930
[0.10521952]
931
[0.13663591]
932
[0.13336922]
933
[0.13284752]
934
[0.33186469]
935
[0.14179337]
936
[0.14351631]
937
[0.11076713]
938
[0.08382078]
939
[0.12643406]
940
[0.12185349]
941
[0.11927073]
942
[0.13067512]
943
[0.17016278]
944
[0.19119655]
945
[0.13460325]
946
[0.15398079]
947
[0.10470346]
948
[0.15683774]
949
[0.08566576]
950
[0.20696581]
951
[0.1176181]
952
[0.13427813]
953
[0.1198824]
954
[0.17225147]
955
[0.24592917]
956
[0.13016608]
957
[0.12208606]
958
[0.1279515]
959
[0.16397312]
960
[0.08792155]
961
[0.13865573]
962
[0.13478785]
963
[0.15178943]
964
[0.11591729]
965
[0.09498564]
966
[0.13214069]
967
[0.26750959]
968
[0.15721943]
969
[0.02893621]
970
[0.06348095]
971
[0.16248803]
972
[0.20963503]
973
[0.22739608]
974
[0.15953823]
975
[0.16451267]
976
[0.1114678]
977
[0.14848921]
978
[0.16333511]
979
[0.14129085]
980
[0.0609173]
981
[0.183554]
982
[0.23234407]
983
[0.13007359]
984
[0.1068207]
985
[0.12444351]
986
[0.1723929]
987
[0.12090954]
988
[0.13841918]
989
[0.1470397]
990
[0.10844656]
991
[0.16803848]
992
[0.19105223]
993
[0.19527775]
994
[0.11931137]
995
[0.13793871]
996
[0.12136211]
997
[0.16502338]
998
[0.17669639]
999
[0.17109049]
1000
[0.11111482]
1001
[0.09045289]
1002
[0.19746952]
1003
[0.16545444]
1004
[0.17302027]
1005
[0.13395322]
1006
[0.1473752]
1007
[0.16375749]
1008
[0.15264733]
1009
[0.1676171]
1010
[0.13582584]
1011
[0.15614495]
1012
[0.12449703]
1013
[0.1073281]
1014
[0.16679441]
1015
[0.12894801]
1016
[0.1331153]
1017
[0.17000552]
1018
[0.2194109]
1019
[0.11099825]
1020
[0.12666134]
1021
[0.15968197]
1022
[0.14162588]
1023
[0.10275291]
1024
[0.2012579]
1025
[0.13062592]
1026
[0.13787948]
1027
[0.14044843]
1028
[0.1211044]
1029
[0.11043924]
1030
[0.1282154]
1031
[0.19085379]
1032
[0.19472876]
1033
[0.37127394]
1034
[0.15700089]
1035
[0.12762875]
1036
[0.14659615]
1037
[0.24507364]
1038
[0.10474137]
1039
[0.13921482]
1040
[0.16650978]
1041
[0.12767318]
1042
[0.14585611]
1043
[0.15351601]
1044
[0.16850655]
1045
[0.15360451]
1046
[0.11595614]
1047
[0.10888869]
1048
[0.18284924]
1049
[0.13156663]
1050
[0.13021436]
1051
[0.19032055]
1052
[0.18086466]
1053
[0.09133516]
1054
[0.25336542]
1055
[0.14060146]
1056
[0.14296134]
1057
[0.28437798]
1058
[0.21433273]
1059
[0.2839094]
1060
[0.14341242]
1061
[0.12457851]
1062
[0.13874437]
1063
[0.32757874]
1064
[0.13866362]
1065
[0.11554636]
1066
[0.17731373]
1067
[0.11992657]
1068
[0.14026513]
1069
[0.19060364]
1070
[0.17348792]
1071
[0.09407252]
1072
[0.17992998]
1073
[0.13257651]
1074
[0.24849765]
1075
[0.15179824]
1076
[0.1121477]
1077
[0.19012011]
1078
[0.20364765]
1079
[0.14244242]
1080
[0.13831746]
1081
[0.17476585]
1082
[0.13242334]
1083
[0.19419792]
1084
[0.19642156]
1085
[0.15945179]
1086
[0.13991391]
1087
[0.11256478]
1088
[0.23326991]
1089
[0.13243921]
1090
[0.14047563]
1091
[0.11471194]
1092
[0.09150026]
1093
[0.11777677]
1094
[0.13138336]
1095
[0.15042111]
1096
[0.1650857]
1097
[0.15045686]
1098
[0.22212206]
1099
[0.14662505]
1100
[0.14022276]
1101
[0.11941175]
1102
[0.08143595]
1103
[0.1833005]
1104
[0.13994265]
1105
[0.19842039]
1106
[0.13790762]
1107
[0.1320074]
1108
[0.13351827]
1109
[0.08946498]
1110
[0.16417753]
1111
[0.16189425]
1112
[0.14755113]
1113
[0.22230683]
1114
[0.27838447]
1115
[0.10997296]
1116
[0.13487559]
1117
[0.16623546]
1118
[0.04404486]
1119
[0.17920382]
1120
[0.0941399]
1121
[0.14510372]
1122
[0.23027454]
1123
[0.13941989]
1124
[0.113598]
1125
[0.20819663]
1126
[0.14908077]
1127
[0.16413045]
1128
[0.14479215]
1129
[0.09630248]
1130
[0.11648347]
1131
[0.12729335]
1132
[0.13474291]
1133
[0.14893735]
1134
[0.17825064]
1135
[0.15359306]
1136
[0.15312075]
1137
[0.15243659]
1138
[0.13695658]
1139
[0.06394098]
1140
[0.26501984]
1141
[0.08676659]
1142
[0.09340788]
1143
[0.11529231]
1144
[0.14414798]
1145
[0.04234795]
1146
[0.13148488]
1147
[0.15592361]
1148
[0.14534989]
1149
[0.13463883]
1150
[0.12197085]
1151
[0.14123767]
1152
[0.1551207]
1153
[0.07229414]
1154
[0.12770299]
1155
[0.1372623]
1156
[0.18058865]
1157
[0.15138617]
1158
[0.15387911]
1159
[0.10886217]
1160
[0.10878627]
1161
[0.15817269]
1162
[0.19331288]
1163
[0.12672293]
1164
[0.12707615]
1165
[0.23351305]
1166
[0.13522446]
1167
[0.13922605]
1168
[0.1402027]
1169
[0.11090581]
1170
[0.1683028]
1171
[0.15079483]
1172
[0.14145351]
1173
[0.34581681]
1174
[0.21865384]
1175
[0.14051414]
1176
[0.15682283]
1177
[0.13064127]
1178
[0.1649468]
1179
[0.16521791]
1180
[0.07755043]
1181
[0.16490779]
1182
[0.13276627]
1183
[0.139103]
1184
[0.15064295]
1185
[0.15155474]
1186
[0.18104791]
1187
[0.2439636]
1188
[0.20722332]
1189
[0.11971376]
1190
[0.19533749]
1191
[0.13672327]
1192
[0.12208019]
1193
[0.276474]
1194
[0.16673617]
1195
[0.12125671]
1196
[0.12523532]
1197
[0.18230266]
1198
[0.13586972]
1199
[0.0789728]
1200
[0.16391544]
1201
[0.12940281]
1202
[0.1742459]
1203
[0.13666922]
1204
[0.20969175]
1205
[0.16545442]
1206
[0.10604798]
1207
[0.1553139]
1208
[0.27922925]
1209
[0.15585003]
1210
[0.14142067]
1211
[0.16329498]
1212
[0.15891513]
1213
[0.13518462]
1214
[0.14614483]
1215
[0.12554822]
1216
[0.15291586]
1217
[0.10863469]
1218
[0.15144922]
1219
[0.22791983]
1220
[0.14553457]
1221
[0.18939823]
1222
[0.13861553]
1223
[0.12608157]
1224
[0.20131418]
1225
[0.15605803]
1226
[0.19975191]
1227
[0.19234429]
1228
[0.25382437]
1229
[0.25147219]
1230
[0.14791833]
1231
[0.13406198]
1232
[0.20101359]
1233
[0.13503801]
1234
[0.16206196]
1235
[0.19154894]
1236
[0.13070115]
1237
[0.12939709]
1238
[0.15572855]
1239
[0.20401612]
1240
[0.14565875]
1241
[0.17888232]
1242
[0.14497065]
1243
[0.156554]
1244
[0.16250452]
1245
[0.13353835]
1246
[0.13763301]
1247
[0.11329896]
1248
[0.12194085]
1249
[0.13058171]
1250
[0.08580519]
1251
[0.18631125]
1252
[0.13041739]
1253
[0.13709217]
1254
[0.14505414]
1255
[0.15879695]
1256
[0.15370061]
1257
[0.19683318]
1258
[0.20080465]
1259
[0.09127042]
1260
[0.19382048]
1261
[0.21564848]
1262
[0.17539089]
1263
[0.16221549]
1264
[0.20523273]
1265
[0.14804606]
1266
[0.16786225]
1267
[0.13816335]
1268
[0.14882314]
1269
[0.20519825]
1270
[0.14142232]
1271
[0.12611812]
1272
[0.13798003]
1273
[0.1273553]
1274
[0.14398745]
1275
[0.19799241]
1276
[0.20822214]
1277
[0.18846135]
1278
[0.06934536]
1279
[0.15061883]
1280
[0.12676416]
1281
[0.33091918]
1282
[0.24028793]
1283
[0.21639424]
1284
[0.13128775]
1285
[0.12576264]
1286
[0.13158804]
1287
[0.15162684]
1288
[0.14812901]
1289
[0.15238905]
1290
[0.13577557]
1291
[0.10441185]
1292
[0.08788342]
1293
[0.19272497]
1294
[0.09257836]
1295
[0.12401545]
1296
[0.1629055]
1297
[0.24062045]
1298
[0.09327256]
1299
[0.14643261]
1300
[0.21717124]
1301
[0.14956971]
1302
[0.15810016]
1303
[0.07658714]
1304
[0.06972733]
1305
[0.10884697]
1306
[0.10934157]
1307
[0.13347506]
1308
[0.09548394]
1309
[0.15308101]
1310
[0.27842519]
1311
[0.12487166]
1312
[0.23032829]
1313
[0.11221652]
1314
[0.32356892]
1315
[0.15055182]
1316
[0.18507201]
1317
[0.20041077]
1318
[0.13133938]
1319
[0.22564276]
1320
[0.21297542]
1321
[0.22181332]
1322
[0.16405237]
1323
[0.29121767]
1324
[0.13691695]
1325
[0.10818863]
1326
[0.13221593]
1327
[0.15743331]
1328
[0.11986919]
1329
[0.11025398]
1330
[0.18649989]
1331
[0.12336325]
1332
[0.19485187]
1333
[0.15452725]
1334
[0.12707661]
1335
[0.14780563]
1336
[0.19601542]
1337
[0.09403674]
1338
[0.22304313]
1339
[0.13498314]
1340
[0.11302203]
1341
[0.18074324]
1342
[0.14206957]
1343
[0.12782278]
1344
[0.23730755]
1345
[0.1889204]
1346
[0.14024441]
1347
[0.17864037]
1348
[0.23278058]
1349
[0.13762606]
1350
[0.17503996]
1351
[0.11061593]
1352
[0.21924282]
1353
[0.12916192]
1354
[0.12547647]
1355
[0.10906708]
1356
[0.1367737]
1357
[0.13250365]
1358
[0.19667285]
1359
[0.19497605]
1360
[0.200538]
1361
[0.22425186]
1362
[0.16823398]
1363
[0.13870776]
1364
[0.23434565]
1365
[0.18861882]
1366
[0.1369587]
1367
[0.13720135]
1368
[0.14319133]
1369
[0.23999961]
1370
[0.14126484]
1371
[0.13554442]
1372
[0.26715448]
1373
[0.06339786]
1374
[0.18623147]
1375
[0.14198598]
1376
[0.12817364]
1377
[0.15304501]
1378
[0.16176977]
1379
[0.09946382]
1380
[0.14387999]
1381
[0.13268965]
1382
[0.17110151]
1383
[0.154767]
1384
[0.12672419]
1385
[0.15152843]
1386
[0.16013641]
1387
[0.13921388]
1388
[0.16701151]
1389
[0.1123398]
1390
[0.13232387]
1391
[0.11611006]
1392
[0.14046744]
1393
[0.18909479]
1394
[0.14434382]
1395
[0.17380937]
1396
[0.22741092]
1397
[0.15578657]
1398
[0.16840773]
1399
[0.15841638]
1400
[0.04903899]
1401
[0.13812298]
1402
[0.19979871]
1403
[0.18289016]
1404
[0.16743682]
1405
[0.27022217]
1406
[0.16446926]
1407
[0.11043133]
1408
[0.18561739]
1409
[0.19798473]
1410
[0.09064231]
1411
[0.20050142]
1412
[0.16272299]
1413
[0.06072668]
1414
[0.24451356]
1415
[0.08526308]
1416
[0.2013172]
1417
[0.08632117]
1418
[0.05897369]
1419
[0.21578685]
1420
[0.13422456]
1421
[0.1416661]
1422
[0.20312217]
1423
[0.18994113]
1424
[0.14370081]
1425
[0.08953783]
1426
[0.18876933]
1427
[0.14309894]
1428
[0.14068082]
1429
[0.21352893]
1430
[0.04738502]
1431
[0.17123295]
1432
[0.12318876]
1433
[0.1554465]
1434
[0.2094852]
1435
[0.15060294]
1436
[0.16609127]
1437
[0.18390008]
1438
[0.14597544]
1439
[0.13487495]
1440
[0.10990518]
1441
[0.1518587]
1442
[0.25697272]
1443
[0.15971014]
1444
[0.10110965]
1445
[0.1346056]
1446
[0.12211254]
1447
[0.22594542]
1448
[0.15188673]
1449
[0.15624557]
1450
[0.13458677]
1451
[0.21990045]
1452
[0.12816542]
1453
[0.09892298]
1454
[0.19209646]
1455
[0.16236633]
1456
[0.12028919]
1457
[0.11807767]
1458
[0.13142716]
1459
[0.20051407]
1460
[0.1375363]
1461
[0.21790766]
1462
[0.14677429]
1463
[0.12189021]
1464
[0.12024891]
1465
[0.12520772]
1466
[0.08145498]
1467
[0.17214621]
1468
[0.08289338]
1469
[0.1557291]
1470
[0.13964324]
1471
[0.11230942]
1472
[0.1460705]
1473
[0.15466855]
1474
[0.14453265]
1475
[0.19577719]
1476
[0.10936556]
1477
[0.1108773]
1478
[0.17609051]
1479
[0.15711819]
1480
[0.16033877]
1481
[0.13122328]
1482
[0.15267002]
1483
[0.23634819]
1484
[0.08517156]
1485
[0.17819852]
1486
[0.12290361]
1487
[0.17116867]
1488
[0.13403279]
1489
[0.27630918]
1490
[0.19535934]
1491
[0.15647359]
1492
[0.16894093]
1493
[0.15698715]
1494
[0.11320544]
1495
[0.15679967]
1496
[0.15258102]
1497
[0.1650092]
1498
[0.06795148]
1499
[0.12793725]
1500
[0.1946587]
1501
[0.0829803]
1502
[0.13377202]
1503
[0.13992243]
1504
[0.16938607]
1505
[0.17096166]
1506
[0.10714704]
1507
[0.12892063]
1508
[0.12077912]
1509
[0.12404632]
1510
[0.14044547]
1511
[0.1658257]
1512
[0.13097093]
1513
[0.12200448]
1514
[0.13941931]
1515
[0.14140758]
1516
[0.15344845]
1517
[0.13117815]
1518
[0.15366191]
1519
[0.29760975]
1520
[0.27849272]
1521
[0.14712167]
1522
[0.12680981]
1523
[0.16414337]
1524
[0.16774759]
1525
[0.1597358]
1526
[0.16155115]
1527
[0.14957652]
1528
[0.11227836]
1529
[0.12710484]
1530
[0.07145168]
1531
[0.10966513]
1532
[0.18995949]
1533
[0.2355296]
1534
[0.155817]
1535
[0.1060929]
1536
[0.32806025]
1537
[0.17745629]
1538
[0.1629034]
1539
[0.31004973]
1540
[0.10429139]
1541
[0.15368498]
1542
[0.16316927]
1543
[0.08819751]
1544
[0.16259364]
1545
[0.23179944]
1546
[0.16890044]
1547
[0.18947076]
1548
[0.14054029]
1549
[0.14363718]
1550
[0.17540012]
1551
[0.13885786]
1552
[0.12716228]
1553
[0.2391211]
1554
[0.15036725]
1555
[0.16429731]
1556
[0.21545515]
1557
[0.13328115]
1558
[0.14002879]
1559
[0.17212778]
1560
[0.14560291]
1561
[0.14922805]
1562
[0.07909746]
1563
[0.2773716]
1564
[0.27197731]
1565
[0.17212992]
1566
[0.12643727]
1567
[0.12629784]
1568
[0.20476806]
1569
[0.06065012]
1570
[0.14359027]
1571
[0.16742624]
1572
[0.14880365]
1573
[0.15273485]
1574
[0.13544239]
1575
[0.28892109]
1576
[0.1141509]
1577
[0.08212378]
1578
[0.13726471]
1579
[0.22800507]
1580
[0.12789067]
1581
[0.14761051]
1582
[0.16269095]
1583
[0.16628866]
1584
[0.18118546]
1585
[0.14411572]
1586
[0.07179139]
1587
[0.21467455]
1588
[0.13929033]
1589
[0.13278959]
1590
[0.18049988]
1591
[0.12531906]
1592
[0.14625678]
1593
[0.14072332]
1594
[0.11951822]
1595
[0.14549041]
1596
[0.22204306]
1597
[0.1409389]
1598
[0.18477266]
1599
[0.10381598]
1600
[0.13165869]
1601
[0.18376433]
1602
[0.1077719]
1603
[0.13730933]
1604
[0.13013488]
1605
[0.15486361]
1606
[0.12978348]
1607
[0.18387026]
1608
[0.20659656]
1609
[0.16738564]
1610
[0.15213414]
1611
[0.08812327]
1612
[0.19938753]
1613
[0.28235785]
1614
[0.17549474]
1615
[0.10746481]
1616
[0.14028487]
1617
[0.11246978]
1618
[0.14585208]
1619
[0.1652204]
1620
[0.13284219]
1621
[0.19219623]
1622
[0.12272485]
1623
[0.32475396]
1624
[0.1691618]
1625
[0.16111061]
1626
[0.13594776]
1627
[0.14062185]
1628
[0.13473757]
1629
[0.14736724]
1630
[0.0630469]
1631
[0.1432675]
1632
[0.15851094]
1633
[0.13720158]
1634
[0.14821774]
1635
[0.12161492]
1636
[0.19036593]
1637
[0.15709469]
1638
[0.10962267]
1639
[0.15468414]
1640
[0.15244055]
1641
[0.12338501]
1642
[0.17812322]
1643
[0.19422348]
1644
[0.11602976]
1645
[0.13601979]
1646
[0.23610197]
1647
[0.13829611]
1648
[0.1992514]
1649
[0.10167222]
1650
[0.22042645]
1651
[0.17083088]
1652
[0.10374483]
1653
[0.13651135]
1654
[0.12181737]
1655
[0.19762721]
1656
[0.16646576]
1657
[0.10375986]
1658
[0.18517231]
1659
[0.21916136]
1660
[0.10796353]
1661
[0.23135221]
1662
[0.12911857]
1663
[0.14445435]
1664
[0.1660332]
1665
[0.14401004]
1666
[0.16913956]
1667
[0.20926447]
1668
[0.12069281]
1669
[0.19855548]
1670
[0.13729329]
1671
[0.10946137]
1672
[0.12954445]
1673
[0.16332512]
1674
[0.14537687]
1675
[0.15125311]
1676
[0.14304539]
1677
[0.1009054]
1678
[0.17260814]
1679
[0.19347144]
1680
[0.16572206]
1681
[0.16595054]
1682
[0.16202605]
1683
[0.2431949]
1684
[0.17845231]
1685
[0.11227333]
1686
[0.15014363]
1687
[0.09679157]
1688
[0.11449973]
1689
[0.16380326]
1690
[0.14915532]
1691
[0.2171132]
1692
[0.17662357]
1693
[0.14515382]
1694
[0.1228095]
1695
[0.28510559]
1696
[0.18964942]
1697
[0.2414773]
1698
[0.25541733]
1699
[0.12580347]
1700
[0.16115773]
1701
[0.14688402]
1702
[0.12845418]
1703
[0.10744424]
1704
[0.08077766]
1705
[0.19842115]
1706
[0.07151249]
1707
[0.16401566]
1708
[0.22442364]
1709
[0.13447958]
1710
[0.12562601]
1711
[0.13734104]
1712
[0.12441644]
1713
[0.17880542]
1714
[0.1491324]
1715
[0.15009879]
1716
[0.1310253]
1717
[0.10758846]
1718
[0.14266715]
1719
[0.19707543]
1720
[0.13271893]
1721
[0.14176241]
1722
[0.17117699]
1723
[0.11643315]
1724
[0.21934668]
1725
[0.12690255]
1726
[0.12125868]
1727
[0.16702023]
1728
[0.15081228]
1729
[0.17999768]
1730
[0.16719573]
1731
[0.17107936]
1732
[0.14228658]
1733
[0.28656565]
1734
[0.13771063]
1735
[0.18159811]
1736
[0.13772285]
1737
[0.17972829]
1738
[0.08411075]
1739
[0.13156027]
1740
[0.15407173]
1741
[0.13394196]
1742
[0.15730625]
1743
[0.12485384]
1744
[0.17628287]
1745
[0.2422849]
1746
[0.15286907]
1747
[0.05350718]
1748
[0.19726216]
1749
[0.11701882]
1750
[0.11326119]
1751
[0.12685348]
1752
[0.22629547]
1753
[0.17165977]
1754
[0.05271249]
1755
[0.18188832]
1756
[0.09820977]
1757
[0.12184495]
1758
[0.14624622]
1759
[0.14378824]
1760
[0.26797128]
1761
[0.12150221]
1762
[0.15072705]
1763
[0.14537621]
1764
[0.22055761]
1765
[0.16433847]
1766
[0.13352341]
1767
[0.14902126]
1768
[0.2096182]
1769
[0.13947718]
1770
[0.11851532]
1771
[0.12534539]
1772
[0.15143841]
1773
[0.04977347]
1774
[0.15760378]
1775
[0.27017267]
1776
[0.14033659]
1777
[0.13994163]
1778
[0.14055595]
1779
[0.14906923]
1780
[0.14680049]
1781
[0.16575495]
1782
[0.18369168]
1783
[0.1357947]
1784
[0.10849781]
1785
[0.20810611]
1786
[0.16682553]
1787
[0.09979754]
1788
[0.18821392]
1789
[0.19176898]
1790
[0.22161321]
1791
[0.13566799]
1792
[0.18118759]
1793
[0.23930322]
1794
[0.13984288]
1795
[0.14021606]
1796
[0.15498545]
1797
[0.13499356]
1798
[0.11439284]
1799
[0.21640134]
1800
[0.25628055]
1801
[0.27445416]
1802
[0.20818587]
1803
[0.13579266]
1804
[0.14305197]
1805
[0.09829168]
1806
[0.28559012]
1807
[0.1277357]
1808
[0.20726957]
1809
[0.19573395]
1810
[0.17619245]
1811
[0.15144432]
1812
[0.23437221]
1813
[0.25274722]
1814
[0.14141397]
1815
[0.1318758]
1816
[0.12145557]
1817
[0.19839991]
1818
[0.14118895]
1819
[0.14813737]
1820
[0.12701228]
1821
[0.1984706]
1822
[0.1599394]
1823
[0.20617362]
1824
[0.10090305]
1825
[0.16802705]
1826
[0.14092616]
1827
[0.08830317]
1828
[0.15508904]
1829
[0.17728653]
1830
[0.04218268]
1831
[0.1433795]
1832
[0.14924936]
1833
[0.17099857]
1834
[0.15836279]
1835
[0.13650346]
1836
[0.14946339]
1837
[0.13444032]
1838
[0.10820949]
1839
[0.21034427]
1840
[0.14734209]
1841
[0.14776561]
1842
[0.1478523]
1843
[0.12477396]
1844
[0.28202501]
1845
[0.25546738]
1846
[0.15454157]
1847
[0.12082314]
1848
[0.12792147]
1849
[0.08611702]
1850
[0.12754228]
1851
[0.13060915]
1852
[0.14006089]
1853
[0.11275708]
1854
[0.2258335]
1855
[0.13519032]
1856
[0.1329541]
1857
[0.14384819]
1858
[0.19012656]
1859
[0.11523502]
1860
[0.17223418]
1861
[0.07241212]
1862
[0.13923639]
1863
[0.16461992]
1864
[0.17051623]
1865
[0.19245919]
1866
[0.14803709]
1867
[0.16720606]
1868
[0.15989119]
1869
[0.21781314]
1870
[0.22411385]
1871
[0.12127072]
1872
[0.11748689]
1873
[0.159323]
1874
[0.08620204]
1875
[0.32531113]
1876
[0.14411855]
1877
[0.09017726]
1878
[0.15840275]
1879
[0.12530942]
1880
[0.12902732]
1881
[0.18743488]
1882
[0.14586063]
1883
[0.16098402]
1884
[0.18740928]
1885
[0.11573995]
1886
[0.12163393]
1887
[0.13136937]
1888
[0.14513165]
1889
[0.08619295]
1890
[0.138436]
1891
[0.11614761]
1892
[0.14478682]
1893
[0.13043993]
1894
[0.13265444]
1895
[0.13322485]
1896
[0.1645333]
1897
[0.16220256]
1898
[0.13980139]
1899
[0.18602918]
1900
[0.15581184]
1901
[0.21360144]
1902
[0.10926515]
1903
[0.21187716]
1904
[0.11346606]
1905
[0.14842281]
1906
[0.18152802]
1907
[0.14451699]
1908
[0.1419738]
1909
[0.1395326]
1910
[0.13333808]
1911
[0.20280574]
1912
[0.20370732]
1913
[0.12267455]
1914
[0.18539831]
1915
[0.14158351]
1916
[0.31795135]
1917
[0.0602083]
1918
[0.13880867]
1919
[0.12376263]
1920
[0.12292435]
1921
[0.09741305]
1922
[0.18719929]
1923
[0.14567372]
1924
[0.21886785]
1925
[0.14534003]
1926
[0.14848078]
1927
[0.1448644]
1928
[0.14944956]
1929
[0.15058735]
1930
[0.12982992]
1931
[0.09144852]
1932
[0.1442154]
1933
[0.129232]
1934
[0.24591835]
1935
[0.17983453]
1936
[0.14942343]
1937
[0.11374533]
1938
[0.1309734]
1939
[0.16681449]
1940
[0.1657054]
1941
[0.16465019]
1942
[0.07824599]
1943
[0.15434637]
1944
[0.21589334]
1945
[0.17833129]
1946
[0.14418068]
1947
[0.1422069]
1948
[0.15040089]
1949
[0.23392904]
1950
[0.21346337]
1951
[0.16381771]
1952
[0.07070099]
1953
[0.14111794]
1954
[0.17270201]
1955
[0.14689567]
1956
[0.21006818]
1957
[0.11162171]
1958
[0.14340127]
1959
[0.13679414]
1960
[0.16748358]
1961
[0.15946644]
1962
[0.22902792]
1963
[0.25020566]
1964
[0.18293363]
1965
[0.15524406]
1966
[0.09425753]
1967
[0.12893873]
1968
[0.33984685]
1969
[0.15394682]
1970
[0.13322414]
1971
[0.15759578]
1972
[0.1252273]
1973
[0.22007887]
1974
[0.27508728]
1975
[0.19251145]
1976
[0.14456052]
1977
[0.12507812]
1978
[0.12623959]
1979
[0.1634001]
1980
[0.17378686]
1981
[0.12776032]
1982
[0.15911316]
1983
[0.16358832]
1984
[0.1358234]
1985
[0.12535436]
1986
[0.1429093]
1987
[0.12990372]
1988
[0.19024211]
1989
[0.13860161]
1990
[0.1381546]
1991
[0.20186074]
1992
[0.14041114]
1993
[0.15190986]
1994
[0.14513296]
1995
[0.21765101]
1996
[0.22354066]
1997
[0.12551714]
1998
[0.13708582]
1999
[0.12795698]
2000
[0.26458649]
2001
[0.17969709]
2002
[0.15137395]
2003
[0.17868461]
2004
[0.12986287]
2005
[0.08033758]
2006
[0.1605105]
2007
[0.15867765]
2008
[0.10183924]
2009
[0.14585949]
2010
[0.1827412]
2011
[0.13170565]
2012
[0.07043276]
2013
[0.07799007]
2014
[0.1442236]
2015
[0.15095969]
2016
[0.15856959]
2017
[0.21414183]
2018
[0.22140563]
2019
[0.18364664]
2020
[0.13441069]
2021
[0.12175434]
2022
[0.13033847]
2023
[0.15078083]
2024
[0.14799809]
2025
[0.15867378]
2026
[0.16291816]
2027
[0.05204762]
2028
[0.12971652]
2029
[0.17663202]
2030
[0.17128958]
2031
[0.15432405]
2032
[0.10674845]
2033
[0.0942744]
2034
[0.1267868]
2035
[0.13698556]
2036
[0.14704627]
2037
[0.14632399]
2038
[0.22628592]
2039
[0.13891555]
2040
[0.14919321]
2041
[0.17042489]
2042
[0.15774008]
2043
[0.17422142]
2044
[0.16157651]
2045
[0.19637352]
2046
[0.19887395]
2047
[0.12983319]
2048
[0.11770903]
2049
[0.13760698]
2050
[0.22368089]
2051
[0.14344525]
2052
[0.09023551]
2053
[0.13399105]
2054
[0.13254501]
2055
[0.10640792]
2056
[0.1003021]
2057
[0.14317777]
2058
[0.16828617]
2059
[0.13538254]
2060
[0.14305048]
2061
[0.22609502]
2062
[0.10632647]
2063
[0.142535]
2064
[0.23204555]
2065
[0.15549037]
2066
[0.12330003]
2067
[0.17578855]
2068
[0.12277066]
2069
[0.13192843]
2070
[0.15465206]
2071
[0.15750304]
2072
[0.13078618]
2073
[0.14006374]
2074
[0.13679189]
2075
[0.12151158]
2076
[0.20329887]
2077
[0.15202364]
2078
[0.14409161]
2079
[0.17104532]
2080
[0.33239035]
2081
[0.15182041]
2082
[0.11982978]
2083
[0.13064513]
2084
[0.13299252]
2085
[0.17920046]
2086
[0.15337379]
2087
[0.14142989]
2088
[0.18749468]
2089
[0.06841404]
2090
[0.1477272]
2091
[0.08228567]
2092
[0.14806213]
2093
[0.21153608]
2094
[0.15090052]
2095
[0.22088675]
2096
[0.13818749]
2097
[0.05900616]
2098
[0.29086649]
2099
[0.22237107]
2100
[0.18689265]
2101
[0.1425513]
2102
[0.12892132]
2103
[0.12691336]
2104
[0.1262654]
2105
[0.13381282]
2106
[0.19344142]
2107
[0.13585663]
2108
[0.11522481]
2109
[0.09635338]
2110
[0.17171661]
2111
[0.18872509]
2112
[0.11505647]
2113
[0.23302646]
2114
[0.12736278]
2115
[0.16868657]
2116
[0.14453707]
2117
[0.19083069]
2118
[0.1228953]
2119
[0.20704233]
2120
[0.13829502]
2121
[0.1266349]
2122
[0.24018155]
2123
[0.13606186]
2124
[0.11992443]
2125
[0.12211687]
2126
[0.14062844]
2127
[0.0778234]
2128
[0.14666081]
2129
[0.18134196]
2130
[0.15131081]
2131
[0.15748088]
2132
[0.22631563]
2133
[0.10831785]
2134
[0.13196999]
2135
[0.13833476]
2136
[0.14745044]
2137
[0.15740245]
2138
[0.19871872]
2139
[0.14335893]
2140
[0.36610727]
2141
[0.1364502]
2142
[0.11277281]
2143
[0.20963559]
2144
[0.1908607]
2145
[0.18065815]
2146
[0.1457932]
2147
[0.17163475]
2148
[0.12545425]
2149
[0.15491585]
2150
[0.24615555]
2151
[0.16462057]
2152
[0.13819292]
2153
[0.14940432]
2154
[0.23990163]
2155
[0.10485444]
2156
[0.1910793]
2157
[0.28528162]
2158
[0.16474423]
2159
[0.13089989]
2160
[0.16549618]
2161
[0.17862549]
2162
[0.21544765]
2163
[0.13372474]
2164
[0.08837541]
2165
[0.225941]
2166
[0.14310183]
2167
[0.16526219]
2168
[0.16996406]
2169
[0.11319464]
2170
[0.17781397]
2171
[0.09848991]
2172
[0.08478659]
2173
[0.21353057]
2174
[0.17953843]
2175
[0.19398145]
2176
[0.22939571]
2177
[0.19071071]
2178
[0.15603315]
2179
[0.1895978]
2180
[0.13789734]
2181
[0.12991778]
2182
[0.06191963]
2183
[0.30271857]
2184
[0.17333202]
2185
[0.12585902]
2186
[0.17676769]
2187
[0.26359338]
2188
[0.13832519]
2189
[0.14085806]
2190
[0.1628078]
2191
[0.34428099]
2192
[0.19696136]
2193
[0.15697801]
2194
[0.06570501]
2195
[0.10642549]
2196
[0.10058441]
2197
[0.12263264]
2198
[0.15207191]
2199
[0.0892789]
2200
[0.13884709]
2201
[0.22694214]
2202
[0.12622576]
2203
[0.13490027]
2204
[0.23096552]
2205
[0.11392381]
2206
[0.137383]
2207
[0.11858765]
2208
[0.1589372]
2209
[0.13884905]
2210
[0.13352588]
2211
[0.21103774]
2212
[0.11593461]
2213
[0.12648056]
2214
[0.12160078]
2215
[0.13412599]
2216
[0.15359994]
2217
[0.16091128]
2218
[0.16865538]
2219
[0.14291531]
2220
[0.28695976]
2221
[0.15403321]
2222
[0.13632541]
2223
[0.15558281]
2224
[0.1551947]
2225
[0.12321051]
2226
[0.23003931]
2227
[0.28881474]
2228
[0.13506422]
2229
[0.10620078]
2230
[0.11199763]
2231
[0.15824525]
2232
[0.10832413]
2233
[0.15301857]
2234
[0.18017092]
2235
[0.14727852]
2236
[0.19934713]
2237
[0.10119064]
2238
[0.1082218]
2239
[0.06600281]
2240
[0.18156254]
2241
[0.14054588]
2242
[0.29806715]
2243
[0.14750806]
2244
[0.16139822]
2245
[0.20139534]
2246
[0.1559665]
2247
[0.21193966]
2248
[0.32360862]
2249
[0.18992023]
2250
[0.11109915]
2251
[0.25879564]
2252
[0.14045795]
2253
[0.16421773]
2254
[0.11327765]
2255
[0.13852147]
2256
[0.20299521]
2257
[0.12346494]
2258
[0.20804678]
2259
[0.11996478]
2260
[0.15204151]
2261
[0.11737195]
2262
[0.1366944]
2263
[0.1533666]
2264
[0.15241141]
2265
[0.18079102]
2266
[0.15082455]
2267
[0.18947843]
2268
[0.20035565]
2269
[0.17300891]
2270
[0.13040618]
2271
[0.18488891]
2272
[0.14433221]
2273
[0.12253836]
2274
[0.16309069]
2275
[0.12609001]
2276
[0.14588102]
2277
[0.12265716]
2278
[0.11100225]
2279
[0.20881241]
2280
[0.15772497]
2281
[0.13692445]
2282
[0.15857321]
2283
[0.13237639]
2284
[0.12815979]
2285
[0.09217765]
2286
[0.14721205]
2287
[0.18432114]
2288
[0.15093468]
2289
[0.16099424]
2290
[0.24302313]
2291
[0.16025784]
2292
[0.23699221]
2293
[0.16616438]
2294
[0.07408393]
2295
[0.19162701]
2296
[0.12639308]
2297
[0.20895571]
2298
[0.1501967]
2299
[0.12641404]
2300
[0.1105526]
2301
[0.0728642]
2302
[0.15944]
2303
[0.15440301]
2304
[0.05010909]
2305
[0.13522019]
2306
[0.10268333]
2307
[0.21528363]
2308
[0.11795343]
2309
[0.13883409]
2310
[0.1412122]
2311
[0.15022653]
2312
[0.08402249]
2313
[0.13115422]
2314
[0.18964138]
2315
[0.18514735]
2316
[0.13921153]
2317
[0.12577143]
2318
[0.23284807]
2319
[0.13498845]
2320
[0.15417132]
2321
[0.20069491]
2322
[0.11651123]
2323
[0.16275109]
2324
[0.0832791]
2325
[0.29100784]
2326
[0.1903483]
2327
[0.17659163]
2328
[0.08565806]
2329
[0.28632854]
2330
[0.12602119]
2331
[0.13207183]
2332
[0.06117114]
2333
[0.34156165]
2334
[0.14388466]
2335
[0.0516581]
2336
[0.15489592]
2337
[0.13461073]
2338
[0.22902947]
2339
[0.25372256]
2340
[0.07113503]
2341
[0.14229437]
2342
[0.10349741]
2343
[0.12067987]
2344
[0.13366803]
2345
[0.23394399]
2346
[0.14028101]
2347
[0.1337381]
2348
[0.12162998]
2349
[0.14501069]
2350
[0.13211606]
2351
[0.14134256]
2352
[0.13419918]
2353
[0.21768188]
2354
[0.13904993]
2355
[0.16182271]
2356
[0.17286608]
2357
[0.16023564]
2358
[0.23687874]
2359
[0.12324012]
2360
[0.15466617]
2361
[0.13217811]
2362
[0.23240495]
2363
[0.16578323]
2364
[0.18920501]
2365
[0.22685921]
2366
[0.13644611]
2367
[0.10812063]
2368
[0.12240552]
2369
[0.14819085]
2370
[0.1418575]
2371
[0.18760719]
2372
[0.14012263]
2373
[0.20472532]
2374
[0.13748619]
2375
[0.225336]
2376
[0.1287804]
2377
[0.13636852]
2378
[0.29368809]
2379
[0.10299395]
2380
[0.15247417]
2381
[0.15673765]
2382
[0.20822237]
2383
[0.18851782]
2384
[0.26202595]
2385
[0.22725672]
2386
[0.17933306]
2387
[0.1520603]
2388
[0.11709072]
2389
[0.1562747]
2390
[0.15247412]
2391
[0.15026573]
2392
[0.14140472]
2393
[0.31628095]
2394
[0.20967144]
2395
[0.11822734]
2396
[0.19189815]
2397
[0.14525467]
2398
[0.13073506]
2399
[0.14423839]
2400
[0.07486811]
2401
[0.13185927]
2402
[0.19800764]
2403
[0.10196859]
2404
[0.13230398]
2405
[0.14274257]
2406
[0.14117328]
2407
[0.17549088]
2408
[0.11058552]
2409
[0.18190111]
2410
[0.22540393]
2411
[0.22468382]
2412
[0.13995055]
2413
[0.28322867]
2414
[0.12920402]
2415
[0.08415008]
2416
[0.19180857]
2417
[0.12161439]
2418
[0.14702602]
2419
[0.14135748]
2420
[0.13163548]
2421
[0.05660703]
2422
[0.10040852]
2423
[0.22911855]
2424
[0.09638113]
2425
[0.12345005]
2426
[0.25758246]
2427
[0.23413669]
2428
[0.14400266]
2429
[0.10310843]
2430
[0.19937547]
2431
[0.2483415]
2432
[0.13779549]
2433
[0.17209575]
2434
[0.08144716]
2435
[0.18402048]
2436
[0.14703803]
2437
[0.14244269]
2438
[0.1684852]
2439
[0.1020757]
2440
[0.11229532]
2441
[0.15003207]
2442
[0.13500549]
2443
[0.21915634]
2444
[0.16360908]
2445
[0.13366909]
2446
[0.14582443]
2447
[0.10971109]
2448
[0.15469367]
2449
[0.25579975]
2450
[0.1026929]
2451
[0.12358571]
2452
[0.22980727]
2453
[0.13429613]
2454
[0.09216339]
2455
[0.12583029]
2456
[0.13009035]
2457
[0.17434101]
2458
[0.17916175]
2459
[0.09632584]
2460
[0.15135673]
2461
[0.17616922]
2462
[0.14598666]
2463
[0.16698572]
2464
[0.1464374]
2465
[0.16946757]
2466
[0.18044193]
2467
[0.20124859]
2468
[0.28822294]
2469
[0.18178971]
2470
[0.16678181]
2471
[0.11728067]
2472
[0.1369239]
2473
[0.18497228]
2474
[0.2482999]
2475
[0.19334535]
2476
[0.12896508]
2477
[0.12249668]
2478
[0.16425231]
2479
[0.08922286]
2480
[0.16088538]
2481
[0.14960158]
2482
[0.13408908]
2483
[0.1817375]
2484
[0.15391074]
2485
[0.22650021]
2486
[0.14398852]
2487
[0.23026434]
2488
[0.15788291]
2489
[0.18075284]
2490
[0.25520684]
2491
[0.13111793]
2492
[0.12103669]
2493
[0.11997518]
2494
[0.1568962]
2495
[0.23209925]
2496
[0.09710856]
2497
[0.27479322]
2498
[0.11798574]
2499
[0.15218301]
2500
[0.19950098]
2501
[0.23827754]
2502
[0.18131752]
2503
[0.16085426]
2504
[0.08858939]
2505
[0.17498422]
2506
[0.06748102]
2507
[0.15724333]
2508
[0.13869656]
2509
[0.25228712]
2510
[0.04216458]
2511
[0.12526215]
2512
[0.19777508]
2513
[0.14361585]
2514
[0.12029386]
2515
[0.28861501]
2516
[0.13500369]
2517
[0.20513456]
2518
[0.15861329]
2519
[0.08496888]
2520
[0.13854675]
2521
[0.1390412]
2522
[0.139367]
2523
[0.1288134]
2524
[0.2650334]
2525
[0.15761163]
2526
[0.10897902]
2527
[0.10455878]
2528
[0.12131483]
2529
[0.21623492]
2530
[0.16690845]
2531
[0.14690095]
2532
[0.16747018]
2533
[0.11758467]
2534
[0.17045519]
2535
[0.20853039]
2536
[0.16350259]
2537
[0.25855093]
2538
[0.17033606]
2539
[0.15827434]
2540
[0.13047624]
2541
[0.11990545]
2542
[0.0517043]
2543
[0.13201382]
2544
[0.13443543]
2545
[0.31874331]
2546
[0.16306173]
2547
[0.16446668]
2548
[0.22854944]
2549
[0.23207087]
2550
[0.13089081]
2551
[0.15772511]
2552
[0.13600683]
2553
[0.11607144]
2554
[0.10279664]
2555
[0.19808582]
2556
[0.16996287]
2557
[0.11422931]
2558
[0.18936243]
2559
[0.15247912]
2560
[0.21918558]
2561
[0.16878031]
2562
[0.19694243]
2563
[0.13349036]
2564
[0.20836531]
2565
[0.1809576]
2566
[0.21102479]
2567
[0.18247039]
2568
[0.18104704]
2569
[0.17819513]
2570
[0.12672995]
2571
[0.16425533]
2572
[0.1481175]
2573
[0.15849877]
2574
[0.12568546]
2575
[0.13265883]
2576
[0.22797944]
2577
[0.11481741]
2578
[0.17017211]
2579
[0.15276938]
2580
[0.18475041]
2581
[0.13651602]
2582
[0.17063829]
2583
[0.16013857]
2584
[0.24165746]
2585
[0.24802655]
2586
[0.11437782]
2587
[0.08891499]
2588
[0.17231462]
2589
[0.12953973]
2590
[0.13731428]
2591
[0.22325424]
2592
[0.13432256]
2593
[0.16265205]
2594
[0.132493]
2595
[0.16685812]
2596
[0.23461054]
2597
[0.19529478]
2598
[0.13259257]
2599
[0.12518343]
2600
[0.14532386]
2601
[0.13763738]
2602
[0.12263673]
2603
[0.20308132]
2604
[0.14062088]
2605
[0.14901617]
2606
[0.1575278]
2607
[0.13607394]
2608
[0.15767791]
2609
[0.12562163]
2610
[0.26777691]
2611
[0.13109946]
2612
[0.21021437]
2613
[0.13400393]
2614
[0.1672485]
2615
[0.14400579]
2616
[0.12828666]
2617
[0.10098887]
2618
[0.14031114]
2619
[0.12686854]
2620
[0.13194251]
2621
[0.19676576]
2622
[0.14469972]
2623
[0.18803116]
2624
[0.1605717]
2625
[0.19905888]
2626
[0.10990296]
2627
[0.10870472]
2628
[0.11536321]
2629
[0.29171354]
2630
[0.14403663]
2631
[0.10200547]
2632
[0.13646158]
2633
[0.1873507]
2634
[0.12065011]
2635
[0.09310376]
2636
[0.1289334]
2637
[0.14320828]
2638
[0.12460444]
2639
[0.15251715]
2640
[0.13522457]
2641
[0.167439]
2642
[0.1027919]
2643
[0.14314604]
2644
[0.11741257]
2645
[0.14457022]
2646
[0.14833964]
2647
[0.138282]
2648
[0.21823729]
2649
[0.15462434]
2650
[0.15070255]
2651
[0.08612183]
2652
[0.13073641]
2653
[0.11837078]
2654
[0.15485586]
2655
[0.16388402]
2656
[0.16183532]
2657
[0.11650122]
2658
[0.16166336]
2659
[0.13623891]
2660
[0.093453]
2661
[0.32625657]
2662
[0.21587877]
2663
[0.09184745]
2664
[0.14758025]
2665
[0.12183639]
2666
[0.22064977]
2667
[0.12131102]
2668
[0.16063125]
2669
[0.12977754]
2670
[0.15006153]
2671
[0.18495132]
2672
[0.26012632]
2673
[0.14229541]
2674
[0.10990644]
2675
[0.12697585]
2676
[0.2044408]
2677
[0.11756927]
2678
[0.14707753]
2679
[0.1311214]
2680
[0.14845363]
2681
[0.17815842]
2682
[0.23013753]
2683
[0.1418189]
2684
[0.16573327]
2685
[0.13955322]
2686
[0.11949189]
2687
[0.1474814]
2688
[0.15259012]
2689
[0.16043821]
2690
[0.13437206]
2691
[0.11301465]
2692
[0.14377603]
2693
[0.13276139]
2694
[0.23469222]
2695
[0.12885063]
2696
[0.22077475]
2697
[0.16075085]
2698
[0.11459573]
2699
[0.20470702]
2700
[0.17670463]
2701
[0.25709607]
2702
[0.07869668]
2703
[0.14909886]
2704
[0.18990643]
2705
[0.168278]
2706
[0.1312126]
2707
[0.15022232]
2708
[0.18432028]
2709
[0.13314978]
2710
[0.21695182]
2711
[0.18518011]
2712
[0.11507515]
2713
[0.30264861]
2714
[0.13662731]
2715
[0.10685332]
2716
[0.16854652]
2717
[0.14725177]
2718
[0.14504297]
2719
[0.16489478]
2720
[0.25220471]
2721
[0.10922081]
2722
[0.16628666]
2723
[0.1774965]
2724
[0.12881442]
2725
[0.15123896]
2726
[0.14388293]
2727
[0.1148174]
2728
[0.10451773]
2729
[0.13750649]
2730
[0.11830203]
2731
[0.15684066]
2732
[0.1646435]
2733
[0.10916627]
2734
[0.17194978]
2735
[0.15030265]
2736
[0.25966294]
2737
[0.19142648]
2738
[0.11391411]
2739
[0.12479161]
2740
[0.14329365]
2741
[0.24779305]
2742
[0.16724293]
2743
[0.2531178]
2744
[0.16611389]
2745
[0.1380645]
2746
[0.14556576]
2747
[0.13151099]
2748
[0.17738514]
2749
[0.15397732]
2750
[0.17601242]
2751
[0.14283074]
2752
[0.13614588]
2753
[0.14202393]
2754
[0.12399776]
2755
[0.1818649]
2756
[0.14227546]
2757
[0.15744079]
2758
[0.16122774]
2759
[0.22581116]
2760
[0.11621519]
2761
[0.14755886]
2762
[0.28116581]
2763
[0.14671478]
2764
[0.13161353]
2765
[0.14751557]
2766
[0.17395907]
2767
[0.13605374]
2768
[0.11219386]
2769
[0.14378317]
2770
[0.15625379]
2771
[0.12213106]
2772
[0.12033219]
2773
[0.18027086]
2774
[0.14022701]
2775
[0.1555172]
2776
[0.13302873]
2777
[0.19151]
2778
[0.20764253]
2779
[0.14191526]
2780
[0.14432557]
2781
[0.14008545]
2782
[0.26508418]
2783
[0.11481588]
2784
[0.16632365]
2785
[0.16597247]
2786
[0.08968946]
2787
[0.135457]
2788
[0.22936421]
2789
[0.16651533]
2790
[0.16654792]
2791
[0.12666798]
2792
[0.22184721]
2793
[0.10980252]
2794
[0.14253172]
2795
[0.13408045]
2796
[0.21348595]
2797
[0.18650783]
2798
[0.13218568]
2799
[0.1305557]
2800
[0.21723398]
2801
[0.32261253]
2802
[0.14363556]
2803
[0.09883812]
2804
[0.10167199]
2805
[0.15109248]
2806
[0.11074267]
2807
[0.13377116]
2808
[0.10421515]
2809
[0.14125255]
2810
[0.13101498]
2811
[0.06684142]
2812
[0.09483406]
2813
[0.23165176]
2814
[0.16141556]
2815
[0.13516583]
2816
[0.13584535]
2817
[0.10650833]
2818
[0.11918483]
2819
[0.13251775]
2820
[0.16108124]
2821
[0.12719007]
2822
[0.14401442]
2823
[0.13937299]
2824
[0.17416261]
2825
[0.1837772]
2826
[0.16033195]
2827
[0.18236397]
2828
[0.14021148]
2829
[0.23258013]
2830
[0.15599503]
2831
[0.13550312]
2832
[0.12646317]
2833
[0.13274639]
2834
[0.14660587]
2835
[0.13152691]
2836
[0.1478699]
2837
[0.15283152]
2838
[0.06963339]
2839
[0.18122152]
2840
[0.3206088]
2841
[0.26058088]
2842
[0.22725591]
2843
[0.25758419]
2844
[0.29840429]
2845
[0.13872086]
2846
[0.17978254]
2847
[0.1718325]
2848
[0.06666035]
2849
[0.13523284]
2850
[0.13521267]
2851
[0.16751523]
2852
[0.14510111]
2853
[0.23600909]
2854
[0.2433301]
2855
[0.20751273]
2856
[0.17569477]
2857
[0.24147928]
2858
[0.14624737]
2859
[0.22905343]
2860
[0.21122849]
2861
[0.23123124]
2862
[0.14478718]
2863
[0.18714325]
2864
[0.1491512]
2865
[0.14611633]
2866
[0.12124735]
2867
[0.19620692]
2868
[0.13442245]
2869
[0.14014772]
2870
[0.13144336]
2871
[0.21230343]
2872
[0.23132413]
2873
[0.14939962]
2874
[0.21793877]
2875
[0.08435158]
2876
[0.10691202]
2877
[0.10888922]
2878
[0.1299021]
2879
[0.12539648]
2880
[0.14598736]
2881
[0.10219519]
2882
[0.18793236]
2883
[0.14709736]
2884
[0.10281424]
2885
[0.12042307]
2886
[0.13608909]
2887
[0.14138158]
2888
[0.16390271]
2889
[0.1457396]
2890
[0.19818759]
2891
[0.15699297]
2892
[0.14636994]
2893
[0.09215896]
2894
[0.14351609]
2895
[0.18285317]
2896
[0.20747827]
2897
[0.12131891]
2898
[0.14952402]
2899
[0.12406103]
2900
[0.14233613]
2901
[0.19230485]
2902
[0.10123266]
2903
[0.22705485]
2904
[0.17896417]
2905
[0.17882677]
2906
[0.15598249]
2907
[0.11527177]
2908
[0.19984995]
2909
[0.08667526]
2910
[0.13679445]
2911
[0.12085269]
2912
[0.17675164]
2913
[0.14737758]
2914
[0.25827139]
2915
[0.23962589]
2916
[0.14373261]
2917
[0.1105303]
2918
[0.14800863]
2919
[0.22760025]
2920
[0.1459155]
2921
[0.14347973]
2922
[0.12356966]
2923
[0.12560796]
2924
[0.15112605]
2925
[0.16137079]
2926
[0.17618956]
2927
[0.13523001]
2928
[0.24388274]
2929
[0.22338962]
2930
[0.13536108]
2931
[0.14642496]
2932
[0.18039619]
2933
[0.23328493]
2934
[0.13210343]
2935
[0.12291539]
2936
[0.12392392]
2937
[0.14906698]
2938
[0.18614243]
2939
[0.20244838]
2940
[0.17059356]
2941
[0.16939285]
2942
[0.15318899]
2943
[0.1400371]
2944
[0.138505]
2945
[0.2156443]
2946
[0.13933333]
2947
[0.26368925]
2948
[0.15415279]
2949
[0.10855447]
2950
[0.11643161]
2951
[0.15841359]
2952
[0.10977678]
2953
[0.1397094]
2954
[0.13938198]
2955
[0.10705616]
2956
[0.13117079]
2957
[0.15859367]
2958
[0.1279367]
2959
[0.10153923]
2960
[0.12730853]
2961
[0.19102319]
2962
[0.22257769]
2963
[0.15138683]
2964
[0.12299728]
2965
[0.15385595]
2966
[0.11829541]
2967
[0.14001347]
2968
[0.1514836]
2969
[0.22594595]
2970
[0.14373383]
2971
[0.06628384]
2972
[0.13333066]
2973
[0.22671072]
2974
[0.15528293]
2975
[0.12878774]
2976
[0.12674688]
2977
[0.13905583]
2978
[0.09822501]
2979
[0.11437803]
2980
[0.12714027]
2981
[0.28588196]
2982
[0.11599274]
2983
[0.10195198]
2984
[0.11309188]
2985
[0.12635942]
2986
[0.2837986]
2987
[0.12510658]
2988
[0.20258137]
2989
[0.2001228]
2990
[0.19699766]
2991
[0.23816217]
2992
[0.26858379]
2993
[0.09002407]
2994
[0.11981477]
2995
[0.0534451]
2996
[0.17478084]
2997
[0.03831357]
2998
[0.12319919]
2999
[0.22456521]
3000
[0.15214501]
3001
[0.13410818]
3002
[0.13799357]
3003
[0.11240068]
3004
[0.11678641]
3005
[0.13301505]
3006
[0.11302735]
3007
[0.14374843]
3008
[0.15288238]
3009
[0.14570129]
3010
[0.18258386]
3011
[0.1570285]
3012
[0.30901522]
3013
[0.12151671]
3014
[0.19336836]
3015
[0.10751376]
3016
[0.05994026]
3017
[0.15873739]
3018
[0.12292238]
3019
[0.15006644]
3020
[0.18874203]
3021
[0.09651105]
3022
[0.1322523]
3023
[0.15455339]
3024
[0.21104515]
3025
[0.1383627]
3026
[0.14084175]
3027
[0.13633482]
3028
[0.19182094]
3029
[0.15549186]
3030
[0.18108395]
3031
[0.13253793]
3032
[0.14013261]
3033
[0.13235381]
3034
[0.2610824]
3035
[0.27957467]
3036
[0.25730115]
3037
[0.16116896]
3038
[0.1374223]
3039
[0.13173873]
3040
[0.13594132]
3041
[0.08393981]
3042
[0.14975947]
3043
[0.20502314]
3044
[0.14360824]
3045
[0.13170592]
3046
[0.12605567]
3047
[0.17422354]
3048
[0.13085555]
3049
[0.14479017]
3050
[0.15853794]
3051
[0.17641368]
3052
[0.10821707]
3053
[0.15379248]
3054
[0.1554465]
3055
[0.1418958]
3056
[0.186116]
3057
[0.17336167]
3058
[0.16630905]
3059
[0.17885885]
3060
[0.2302163]
3061
[0.14978567]
3062
[0.1287762]
3063
[0.12389255]
3064
[0.2473198]
3065
[0.17615495]
3066
[0.13607272]
3067
[0.13460432]
3068
[0.16528278]
3069
[0.15801088]
3070
[0.15266723]
3071
[0.1193504]
3072
[0.15993608]
3073
[0.13981173]
3074
[0.17602505]
3075
[0.146271]
3076
[0.16211941]
3077
[0.17627383]
3078
[0.15612507]
3079
[0.19705806]
3080
[0.05866272]
3081
[0.11528405]
3082
[0.11493173]
3083
[0.2057673]
3084
[0.11465132]
3085
[0.22637719]
3086
[0.19904406]
3087
[0.11404692]
3088
[0.1727261]
3089
[0.07961838]
3090
[0.18330109]
3091
[0.13499428]
3092
[0.12301355]
3093
[0.16926262]
3094
[0.13852035]
3095
[0.07465461]
3096
[0.14884253]
3097
[0.14805784]
3098
[0.13516185]
3099
[0.13961533]
3100
[0.11846361]
3101
[0.24932625]
3102
[0.1810815]
3103
[0.10086902]
3104
[0.17421709]
3105
[0.1440233]
3106
[0.15479519]
3107
[0.16448368]
3108
[0.25257289]
3109
[0.12199451]
3110
[0.14846757]
3111
[0.16698743]
3112
[0.22662169]
3113
[0.13613332]
3114
[0.10451069]
3115
[0.16102971]
3116
[0.14221625]
3117
[0.26687924]
3118
[0.12870611]
3119
[0.16936915]
3120
[0.15259445]
3121
[0.12809986]
3122
[0.07795179]
3123
[0.13390542]
3124
[0.21962502]
3125
[0.34134443]
3126
[0.16659424]
3127
[0.13210343]
3128
[0.12405833]
3129
[0.11303314]
3130
[0.16176956]
3131
[0.1372511]
3132
[0.14177806]
3133
[0.22617748]
3134
[0.14623019]
3135
[0.07191885]
3136
[0.12563299]
3137
[0.16508622]
3138
[0.21298289]
3139
[0.16192451]
3140
[0.18099578]
3141
[0.15643547]
3142
[0.15046723]
3143
[0.09319647]
3144
[0.13248571]
3145
[0.15828289]
3146
[0.13103312]
3147
[0.11423403]
3148
[0.12377776]
3149
[0.18670426]
3150
[0.0820593]
3151
[0.08333043]
3152
[0.07176185]
3153
[0.11554387]
3154
[0.18557979]
3155
[0.14462671]
3156
[0.12351247]
3157
[0.11058324]
3158
[0.17240416]
3159
[0.36724693]
3160
[0.28698966]
3161
[0.12812588]
3162
[0.10890211]
3163
[0.13485467]
3164
[0.19978011]
3165
[0.13884261]
3166
[0.11788219]
3167
[0.10316424]
3168
[0.11879214]
3169
[0.09738015]
3170
[0.13024155]
3171
[0.1177719]
3172
[0.14364491]
3173
[0.14777106]
3174
[0.1489643]
3175
[0.14353438]
3176
[0.13606044]
3177
[0.12190199]
3178
[0.11341829]
3179
[0.13866515]
3180
[0.24057289]
3181
[0.14076333]
3182
[0.14898302]
3183
[0.11381473]
3184
[0.11013513]
3185
[0.16589939]
3186
[0.18316922]
3187
[0.10326671]
3188
[0.0744599]
3189
[0.12860979]
3190
[0.19565377]
3191
[0.13041928]
3192
[0.1132925]
3193
[0.16700625]
3194
[0.17694706]
3195
[0.13499665]
3196
[0.25215934]
3197
[0.13507189]
3198
[0.11236283]
3199
[0.15622768]
3200
[0.08319979]
3201
[0.14012277]
3202
[0.14047542]
3203
[0.1236229]
3204
[0.14027602]
3205
[0.1349124]
3206
[0.27776263]
3207
[0.13457762]
3208
[0.16149393]
3209
[0.1716169]
3210
[0.19066804]
3211
[0.15019214]
3212
[0.13349297]
3213
[0.14498929]
3214
[0.1488368]
3215
[0.13880819]
3216
[0.16292527]
3217
[0.18357034]
3218
[0.13332679]
3219
[0.2277164]
3220
[0.21969474]
3221
[0.10707635]
3222
[0.13062502]
3223
[0.22505867]
3224
[0.12387525]
3225
[0.20443386]
3226
[0.16461179]
3227
[0.13810805]
3228
[0.07845068]
3229
[0.12480244]
3230
[0.10581113]
3231
[0.1485437]
3232
[0.11843226]
3233
[0.36092482]
3234
[0.15061107]
3235
[0.17192584]
3236
[0.14564817]
3237
[0.11091576]
3238
[0.14891475]
3239
[0.19448084]
3240
[0.07534324]
3241
[0.1699894]
3242
[0.11293429]
3243
[0.13832232]
3244
[0.17618927]
3245
[0.11960948]
3246
[0.15394263]
3247
[0.19723567]
3248
[0.21832963]
3249
[0.15452811]
3250
[0.11067296]
3251
[0.08182624]
3252
[0.15935661]
3253
[0.15065503]
3254
[0.25943179]
3255
[0.15416412]
3256
[0.23051977]
3257
[0.161998]
3258
[0.16292449]
3259
[0.17360834]
3260
[0.26829351]
3261
[0.12088043]
3262
[0.14695019]
3263
[0.16027097]
3264
[0.12623194]
3265
[0.11608233]
3266
[0.20211722]
3267
[0.18433673]
3268
[0.07490034]
3269
[0.09195504]
3270
[0.14871464]
3271
[0.18537891]
3272
[0.17974891]
3273
[0.11856933]
3274
[0.12536669]
3275
[0.10576833]
3276
[0.10632236]
3277
[0.14242952]
3278
[0.24044244]
3279
[0.17352208]
3280
[0.12090578]
3281
[0.10971192]
3282
[0.14434375]
3283
[0.18328704]
3284
[0.17513605]
3285
[0.16384212]
3286
[0.10649742]
3287
[0.19546174]
3288
[0.20606563]
3289
[0.10154701]
3290
[0.14084488]
3291
[0.20204135]
3292
[0.12057039]
3293
[0.13172664]
3294
[0.1462115]
3295
[0.19604573]
3296
[0.14608094]
3297
[0.22003675]
3298
[0.09861339]
3299
[0.14863437]
3300
[0.13025706]
3301
[0.17843827]
3302
[0.10520815]
3303
[0.13792893]
3304
[0.20621675]
3305
[0.31978632]
3306
[0.13456187]
3307
[0.21215272]
3308
[0.11563969]
3309
[0.14275819]
3310
[0.16164445]
3311
[0.13480307]
3312
[0.25430754]
3313
[0.13748565]
3314
[0.10065628]
3315
[0.13135674]
3316
[0.24306208]
3317
[0.17157767]
3318
[0.16280116]
3319
[0.14529734]
3320
[0.14562762]
3321
[0.13836979]
3322
[0.10314015]
3323
[0.12786501]
3324
[0.11934629]
3325
[0.14004399]
3326
[0.21903786]
3327
[0.14180685]
3328
[0.19076066]
3329
[0.13994333]
3330
[0.13957691]
3331
[0.08127263]
3332
[0.10249306]
3333
[0.12716208]
3334
[0.19726162]
3335
[0.14220977]
3336
[0.12089185]
3337
[0.13784774]
3338
[0.137528]
3339
[0.08821004]
3340
[0.13531215]
3341
[0.15565523]
3342
[0.1311572]
3343
[0.14190956]
3344
[0.09969114]
3345
[0.12601242]
3346
[0.17485037]
3347
[0.15935253]
3348
[0.08470448]
3349
[0.15315778]
3350
[0.11835319]
3351
[0.15442288]
3352
[0.23038737]
3353
[0.17943481]
3354
[0.18398769]
3355
[0.15561752]
3356
[0.13686863]
3357
[0.24375832]
3358
[0.10092724]
3359
[0.04964807]
3360
[0.13056087]
3361
[0.14933383]
3362
[0.13401007]
3363
[0.12708123]
3364
[0.1366858]
3365
[0.20084882]
3366
[0.11238654]
3367
[0.2149635]
3368
[0.15875064]
3369
[0.12384156]
3370
[0.2582445]
3371
[0.19902235]
3372
[0.13657106]
3373
[0.20345589]
3374
[0.19135349]
3375
[0.12338284]
3376
[0.18208838]
3377
[0.12977104]
3378
[0.14785885]
3379
[0.13583741]
3380
[0.15302183]
3381
[0.17297966]
3382
[0.23327593]
3383
[0.14025995]
3384
[0.11065916]
3385
[0.175889]
3386
[0.15152801]
3387
[0.18546457]
3388
[0.20838347]
3389
[0.23315862]
3390
[0.11423102]
3391
[0.14910259]
3392
[0.12969503]
3393
[0.20390742]
3394
[0.16854158]
3395
[0.15335184]
3396
[0.14407262]
3397
[0.13451246]
3398
[0.10624064]
3399
[0.20608963]
3400
[0.13483385]
3401
[0.13602149]
3402
[0.22561353]
3403
[0.14629919]
3404
[0.12205106]
3405
[0.1940507]
3406
[0.20989099]
3407
[0.1436526]
3408
[0.1377589]
3409
[0.10670736]
3410
[0.17495144]
3411
[0.16976393]
3412
[0.09304546]
3413
[0.11648711]
3414
[0.22444276]
3415
[0.06813241]
3416
[0.15847393]
3417
[0.0866543]
3418
[0.14885625]
3419
[0.16556534]
3420
[0.14389517]
3421
[0.14925443]
3422
[0.16623315]
3423
[0.10627188]
3424
[0.15775016]
3425
[0.29319697]
3426
[0.1768869]
3427
[0.13901336]
3428
[0.12475228]
3429
[0.1307675]
3430
[0.24582408]
3431
[0.16140743]
3432
[0.18555382]
3433
[0.15153657]
3434
[0.08113226]
3435
[0.13664969]
3436
[0.08981659]
3437
[0.18039982]
3438
[0.06526811]
3439
[0.13565118]
3440
[0.18724789]
3441
[0.28960317]
3442
[0.15358124]
3443
[0.11414917]
3444
[0.13793161]
3445
[0.14037252]
3446
[0.15662678]
3447
[0.13579683]
3448
[0.11602489]
3449
[0.24041402]
3450
[0.20642871]
3451
[0.15141214]
3452
[0.05944264]
3453
[0.13229685]
3454
[0.17801058]
3455
[0.20156607]
3456
[0.12156693]
3457
[0.20448079]
3458
[0.15386656]
3459
[0.17983006]
3460
[0.21214048]
3461
[0.12308964]
3462
[0.13975972]
3463
[0.09735904]
3464
[0.22682921]
3465
[0.11451512]
3466
[0.11798884]
3467
[0.17011052]
3468
[0.19752967]
3469
[0.15541203]
3470
[0.27571407]
3471
[0.14351089]
3472
[0.17205308]
3473
[0.15711223]
3474
[0.05677994]
3475
[0.10171903]
3476
[0.14130396]
3477
[0.13066856]
3478
[0.15615024]
3479
[0.13813935]
3480
[0.16462809]
3481
[0.10823882]
3482
[0.09130411]
3483
[0.16239069]
3484
[0.17150882]
3485
[0.2108291]
3486
[0.13161183]
3487
[0.15802317]
3488
[0.21611785]
3489
[0.11913189]
3490
[0.12024308]
3491
[0.12361076]
3492
[0.1808575]
3493
[0.13786128]
3494
[0.13794705]
3495
[0.14011813]
3496
[0.21122003]
3497
[0.12130131]
3498
[0.14105195]
3499
[0.13662059]
3500
[0.11877875]
3501
[0.20841384]
3502
[0.14208014]
3503
[0.10084961]
3504
[0.17347175]
3505
[0.14829439]
3506
[0.13769879]
3507
[0.19613169]
3508
[0.15197054]
3509
[0.1058176]
3510
[0.14433808]
3511
[0.126571]
3512
[0.14059953]
3513
[0.13184206]
3514
[0.18496725]
3515
[0.14214979]
3516
[0.14886531]
3517
[0.13924043]
3518
[0.16360089]
3519
[0.14225232]
3520
[0.13242627]
3521
[0.19221887]
3522
[0.16587409]
3523
[0.10659294]
3524
[0.12813572]
3525
[0.10432842]
3526
[0.27877894]
3527
[0.13522215]
3528
[0.24269121]
3529
[0.12916261]
3530
[0.14557268]
3531
[0.16969073]
3532
[0.25663226]
3533
[0.1708808]
3534
[0.1475875]
3535
[0.11234702]
3536
[0.27112655]
3537
[0.13850242]
3538
[0.21642707]
3539
[0.24750963]
3540
[0.15488908]
3541
[0.08969895]
3542
[0.12190356]
3543
[0.16153713]
3544
[0.25022738]
3545
[0.10574287]
3546
[0.11383493]
3547
[0.14642311]
3548
[0.13858991]
3549
[0.14888159]
3550
[0.08336527]
3551
[0.25274565]
3552
[0.1526727]
3553
[0.14430217]
3554
[0.1536627]
3555
[0.16714029]
3556
[0.20865082]
3557
[0.27053501]
3558
[0.21626287]
3559
[0.1486803]
3560
[0.15173425]
3561
[0.17793149]
3562
[0.13313812]
3563
[0.12511799]
3564
[0.17254483]
3565
[0.20682657]
3566
[0.12534547]
3567
[0.15237609]
3568
[0.11740044]
3569
[0.16323608]
3570
[0.27020304]
3571
[0.15763652]
3572
[0.19333351]
3573
[0.18934968]
3574
[0.19553738]
3575
[0.16940338]
3576
[0.15939402]
3577
[0.11761917]
3578
[0.19742871]
3579
[0.26193931]
3580
[0.14030915]
3581
[0.19479836]
3582
[0.15124861]
3583
[0.17512356]
3584
[0.13160634]
3585
[0.13789413]
3586
[0.12504277]
3587
[0.13333753]
3588
[0.11387463]
3589
[0.15031885]
3590
[0.11925851]
3591
[0.12448113]
3592
[0.14679662]
3593
[0.1399534]
3594
[0.19559035]
3595
[0.142082]
3596
[0.19587969]
3597
[0.14546481]
3598
[0.11261172]
3599
[0.1148666]
3600
[0.14895087]
3601
[0.1100206]
3602
[0.15428872]
3603
[0.13064488]
3604
[0.13127975]
3605
[0.20015441]
3606
[0.13424421]
3607
[0.16590381]
3608
[0.13377443]
3609
[0.18777148]
3610
[0.25772507]
3611
[0.130472]
3612
[0.10653208]
3613
[0.14286299]
3614
[0.13749508]
3615
[0.11525231]
3616
[0.19781629]
3617
[0.1571743]
3618
[0.16077696]
3619
[0.23085094]
3620
[0.10029667]
3621
[0.13464072]
3622
[0.16211492]
3623
[0.18544854]
3624
[0.12320285]
3625
[0.14206188]
3626
[0.14147974]
3627
[0.21139176]
3628
[0.22130304]
3629
[0.17262781]
3630
[0.14085792]
3631
[0.17824012]
3632
[0.12813943]
3633
[0.127957]
3634
[0.12468393]
3635
[0.15057941]
3636
[0.22983205]
3637
[0.12798764]
3638
[0.2069734]
3639
[0.16544598]
3640
[0.18061277]
3641
[0.14292192]
3642
[0.09052202]
3643
[0.22119404]
3644
[0.31551451]
3645
[0.16323648]
3646
[0.151012]
3647
[0.16845642]
3648
[0.14349904]
3649
[0.30946169]
3650
[0.22853823]
3651
[0.14061089]
3652
[0.21877849]
3653
[0.11762372]
3654
[0.20502415]
3655
[0.13221312]
3656
[0.17908295]
3657
[0.2341471]
3658
[0.08576247]
3659
[0.17559402]
3660
[0.11028139]
3661
[0.13255935]
3662
[0.13691468]
3663
[0.12930498]
3664
[0.14161129]
3665
[0.18259387]
3666
[0.12124451]
3667
[0.28721528]
3668
[0.25863689]
3669
[0.10378888]
3670
[0.17267533]
3671
[0.1819456]
3672
[0.12368546]
3673
[0.23640802]
3674
[0.13405921]
3675
[0.13953839]
3676
[0.14147978]
3677
[0.24097218]
3678
[0.13601033]
3679
[0.2533315]
3680
[0.12808332]
3681
[0.06944568]
3682
[0.13271722]
3683
[0.14188713]
3684
[0.13048933]
3685
[0.12769005]
3686
[0.16707555]
3687
[0.1860483]
3688
[0.19413018]
3689
[0.20049553]
3690
[0.13039862]
3691
[0.113259]
3692
[0.21483742]
3693
[0.06441212]
3694
[0.15414431]
3695
[0.1855489]
3696
[0.12983834]
3697
[0.17151454]
3698
[0.13781369]
3699
[0.12056879]
3700
[0.1415798]
3701
[0.14676756]
3702
[0.12351576]
3703
[0.07671484]
3704
[0.16532188]
3705
[0.1533595]
3706
[0.11887249]
3707
[0.17109656]
3708
[0.30001484]
3709
[0.17358204]
3710
[0.2667271]
3711
[0.21167816]
3712
[0.13542035]
3713
[0.18159695]
3714
[0.14353207]
3715
[0.13339455]
3716
[0.18626453]
3717
[0.14233058]
3718
[0.13322405]
3719
[0.15226733]
3720
[0.15834254]
3721
[0.13075226]
3722
[0.12070964]
3723
[0.13093534]
3724
[0.20151247]
3725
[0.17804478]
3726
[0.08581642]
3727
[0.14441508]
3728
[0.15752139]
3729
[0.12199769]
3730
[0.1557715]
3731
[0.14386346]
3732
[0.15724464]
3733
[0.11538709]
3734
[0.1193768]
3735
[0.13356371]
3736
[0.2137881]
3737
[0.1373401]
3738
[0.21733961]
3739
[0.13452818]
3740
[0.17333585]
3741
[0.10598725]
3742
[0.14674747]
3743
[0.12936909]
3744
[0.10055132]
3745
[0.1325773]
3746
[0.19680498]
3747
[0.20465652]
3748
[0.15166532]
3749
[0.16816275]
3750
[0.18405393]
3751
[0.13811443]
3752
[0.10195286]
3753
[0.11885254]
3754
[0.11262633]
3755
[0.13188932]
3756
[0.17937361]
3757
[0.09823511]
3758
[0.09484962]
3759
[0.15603229]
3760
[0.21786401]
3761
[0.20388673]
3762
[0.18926932]
3763
[0.13340332]
3764
[0.1122731]
3765
[0.13271834]
3766
[0.27762563]
3767
[0.1381919]
3768
[0.14656505]
3769
[0.11343245]
3770
[0.03619384]
3771
[0.16676556]
3772
[0.14002749]
3773
[0.17457777]
3774
[0.15058197]
3775
[0.10463618]
3776
[0.09872004]
3777
[0.12296607]
3778
[0.1375079]
3779
[0.13042941]
3780
[0.19922258]
3781
[0.2976866]
3782
[0.14835467]
3783
[0.13608289]
3784
[0.25982503]
3785
[0.14080712]
3786
[0.18188507]
3787
[0.09928421]
3788
[0.14391599]
3789
[0.36070973]
3790
[0.1122129]
3791
[0.15155336]
3792
[0.1671915]
3793
[0.15056669]
3794
[0.16183762]
3795
[0.12431104]
3796
[0.17151156]
3797
[0.17560973]
3798
[0.34306728]
3799
[0.10570936]
3800
[0.16998061]
3801
[0.13540589]
3802
[0.21120408]
3803
[0.15498399]
3804
[0.13774531]
3805
[0.21068711]
3806
[0.13687482]
3807
[0.1777396]
3808
[0.11270252]
3809
[0.15077857]
3810
[0.11996643]
3811
[0.13263277]
3812
[0.20428959]
3813
[0.13277559]
3814
[0.10666515]
3815
[0.17061938]
3816
[0.13896545]
3817
[0.33104447]
3818
[0.16862121]
3819
[0.16316646]
3820
[0.11749603]
3821
[0.13824837]
3822
[0.1610965]
3823
[0.11787464]
3824
[0.10617062]
3825
[0.21209685]
3826
[0.09051581]
3827
[0.11635102]
3828
[0.12771014]
3829
[0.23781482]
3830
[0.07841709]
3831
[0.1124108]
3832
[0.16449671]
3833
[0.12626724]
3834
[0.15338753]
3835
[0.17842049]
3836
[0.08006531]
3837
[0.1513456]
3838
[0.13247818]
3839
[0.12890437]
3840
[0.11066788]
3841
[0.12739525]
3842
[0.14955288]
3843
[0.19387596]
3844
[0.12394819]
3845
[0.16986414]
3846
[0.13277814]
3847
[0.14823504]
3848
[0.14167482]
3849
[0.25352969]
3850
[0.13403476]
3851
[0.15065506]
3852
[0.13938234]
3853
[0.19231326]
3854
[0.1302996]
3855
[0.14645899]
3856
[0.13534524]
3857
[0.11462211]
3858
[0.23833207]
3859
[0.10386097]
3860
[0.14068525]
3861
[0.24581287]
3862
[0.11639891]
3863
[0.14147344]
3864
[0.18007731]
3865
[0.14926173]
3866
[0.15221221]
3867
[0.20956345]
3868
[0.16421532]
3869
[0.12775579]
3870
[0.15836077]
3871
[0.21353431]
3872
[0.17828617]
3873
[0.29486981]
3874
[0.24384324]
3875
[0.14023535]
3876
[0.17831905]
3877
[0.16292906]
3878
[0.14663032]
3879
[0.19921041]
3880
[0.16071462]
3881
[0.10220353]
3882
[0.15189105]
3883
[0.08630713]
3884
[0.13246524]
3885
[0.18632091]
3886
[0.12894589]
3887
[0.14268654]
3888
[0.18567553]
3889
[0.15395174]
3890
[0.2599608]
3891
[0.1268479]
3892
[0.12045508]
3893
[0.11137269]
3894
[0.19509309]
3895
[0.13470827]
3896
[0.16664299]
3897
[0.1004135]
3898
[0.13694693]
3899
[0.12270256]
3900
[0.14127489]
3901
[0.15606588]
3902
[0.29315357]
3903
[0.1587515]
3904
[0.17937853]
3905
[0.21634248]
3906
[0.30833505]
3907
[0.16282422]
3908
[0.20422542]
3909
[0.1400342]
3910
[0.1533616]
3911
[0.28827965]
3912
[0.16020058]
3913
[0.2521842]
3914
[0.14830512]
3915
[0.07387262]
3916
[0.09551521]
3917
[0.13870038]
3918
[0.1887412]
3919
[0.12223949]
3920
[0.21621774]
3921
[0.07366585]
3922
[0.19846096]
3923
[0.19696159]
3924
[0.19203605]
3925
[0.15365656]
3926
[0.1782133]
3927
[0.14002365]
3928
[0.2142934]
3929
[0.27018847]
3930
[0.11931641]
3931
[0.16102576]
3932
[0.10839803]
3933
[0.11401751]
3934
[0.12544249]
3935
[0.15384148]
3936
[0.05909271]
3937
[0.18240936]
3938
[0.17034969]
3939
[0.17733393]
3940
[0.21065899]
3941
[0.21754139]
3942
[0.19248122]
3943
[0.09266992]
3944
[0.18474296]
3945
[0.12963493]
3946
[0.10363652]
3947
[0.12631084]
3948
[0.24323497]
3949
[0.13215521]
3950
[0.14493576]
3951
[0.14223683]
3952
[0.12558543]
3953
[0.11428842]
3954
[0.17451073]
3955
[0.21166665]
3956
[0.16033546]
3957
[0.13847636]
3958
[0.2642172]
3959
[0.13999767]
3960
[0.1534747]
3961
[0.14729019]
3962
[0.12048321]
3963
[0.19665968]
3964
[0.10242593]
3965
[0.25999744]
3966
[0.16498975]
3967
[0.12232224]
3968
[0.14136845]
3969
[0.14352988]
3970
[0.15073808]
3971
[0.17159644]
3972
[0.23049369]
3973
[0.12023939]
3974
[0.1391771]
3975
[0.22066281]
3976
[0.14982708]
3977
[0.1001221]
3978
[0.11517215]
3979
[0.19617469]
3980
[0.13483087]
3981
[0.13017377]
3982
[0.19815285]
3983
[0.1325008]
3984
[0.14354108]
3985
[0.14676753]
3986
[0.20072617]
3987
[0.19375383]
3988
[0.13578691]
3989
[0.19164596]
3990
[0.12615936]
3991
[0.16662047]
3992
[0.07487706]
3993
[0.13047178]
3994
[0.10211439]
3995
[0.08747345]
3996
[0.27620965]
3997
[0.16348409]
3998
[0.13654341]
3999
[0.1795498]
4000
[0.20081626]
4001
[0.14789838]
4002
[0.169721]
4003
[0.18878338]
4004
[0.28779773]
4005
[0.13608742]
4006
[0.13634962]
4007
[0.18961674]
4008
[0.12719423]
4009
[0.1527277]
4010
[0.22966798]
4011
[0.1752843]
4012
[0.22235548]
4013
[0.18329615]
4014
[0.14536589]
4015
[0.12462596]
4016
[0.13434027]
4017
[0.17082497]
4018
[0.35400231]
4019
[0.23849739]
4020
[0.18028657]
4021
[0.1245595]
4022
[0.14632218]
4023
[0.15127524]
4024
[0.17765842]
4025
[0.14378252]
4026
[0.13318568]
4027
[0.13674562]
4028
[0.10092622]
4029
[0.12022335]
4030
[0.06233627]
4031
[0.12328284]
4032
[0.1961198]
4033
[0.1673582]
4034
[0.16368623]
4035
[0.19594417]
4036
[0.16681819]
4037
[0.10628329]
4038
[0.12813511]
4039
[0.0565625]
4040
[0.12301594]
4041
[0.20668896]
4042
[0.14607846]
4043
[0.11448448]
4044
[0.12636895]
4045
[0.21783539]
4046
[0.16209042]
4047
[0.10547465]
4048
[0.20685709]
4049
[0.1679182]
4050
[0.12847295]
4051
[0.14048336]
4052
[0.13737007]
4053
[0.12460061]
4054
[0.13802254]
4055
[0.1202581]
4056
[0.13897034]
4057
[0.12512721]
4058
[0.16010574]
4059
[0.13723416]
4060
[0.19395952]
4061
[0.18848546]
4062
[0.16359351]
4063
[0.12376593]
4064
[0.09078784]
4065
[0.08606762]
4066
[0.13494881]
4067
[0.13171384]
4068
[0.1445402]
4069
[0.11916002]
4070
[0.15644657]
4071
[0.17133169]
4072
[0.18320595]
4073
[0.18688793]
4074
[0.27194603]
4075
[0.09115281]
4076
[0.14134335]
4077
[0.14307644]
4078
[0.11725744]
4079
[0.13406362]
4080
[0.12463599]
4081
[0.19344051]
4082
[0.15704448]
4083
[0.15193581]
4084
[0.14409737]
4085
[0.07210123]
4086
[0.1431423]
4087
[0.1646605]
4088
[0.17319831]
4089
[0.09947664]
4090
[0.13859515]
4091
[0.23945248]
4092
[0.13496241]
4093
[0.16873826]
4094
[0.18894841]
4095
[0.17161499]
4096
[0.17365752]
4097
[0.13785576]
4098
[0.13866837]
4099
[0.15379677]
4100
[0.13610961]
4101
[0.15303016]
4102
[0.06777651]
4103
[0.14015473]
4104
[0.17112344]
4105
[0.22202791]
4106
[0.10612368]
4107
[0.21358385]
4108
[0.09257671]
4109
[0.20506146]
4110
[0.09171495]
4111
[0.16463353]
4112
[0.14976884]
4113
[0.2086874]
4114
[0.15638575]
4115
[0.11319872]
4116
[0.1490217]
4117
[0.14073242]
4118
[0.13182181]
4119
[0.23287528]
4120
[0.14993068]
4121
[0.18646551]
4122
[0.1398093]
4123
[0.16045502]
4124
[0.17253248]
4125
[0.10855771]
4126
[0.10123602]
4127
[0.13109039]
4128
[0.23378178]
4129
[0.11212292]
4130
[0.13346029]
4131
[0.21319834]
4132
[0.20139467]
4133
[0.17256478]
4134
[0.16614175]
4135
[0.15031923]
4136
[0.16574401]
4137
[0.20421817]
4138
[0.06910209]
4139
[0.19168621]
4140
[0.17997471]
4141
[0.1148041]
4142
[0.12450387]
4143
[0.15806857]
4144
[0.13290285]
4145
[0.07517183]
4146
[0.13337647]
4147
[0.17258172]
4148
[0.1369387]
4149
[0.15180692]
4150
[0.19192265]
4151
[0.1576202]
4152
[0.12468482]
4153
[0.12794108]
4154
[0.16874185]
4155
[0.04697702]
4156
[0.1869315]
4157
[0.13994863]
4158
[0.06859563]
4159
[0.12937636]
4160
[0.17297201]
4161
[0.23237412]
4162
[0.18111654]
4163
[0.10116767]
4164
[0.16331421]
4165
[0.14009989]
4166
[0.11679409]
4167
[0.24376002]
4168
[0.12657968]
4169
[0.1253009]
4170
[0.12193285]
4171
[0.15012969]
4172
[0.15313115]
4173
[0.13470107]
4174
[0.11376471]
4175
[0.09106469]
4176
[0.13240549]
4177
[0.13952468]
4178
[0.23992675]
4179
[0.13234079]
4180
[0.1317401]
4181
[0.17048073]
4182
[0.12827314]
4183
[0.11802413]
4184
[0.17450276]
4185
[0.16499416]
4186
[0.16191719]
4187
[0.17343534]
4188
[0.1523693]
4189
[0.1259284]
4190
[0.11956142]
4191
[0.13388424]
4192
[0.11833005]
4193
[0.1192518]
4194
[0.14045042]
4195
[0.12343252]
4196
[0.34959412]
4197
[0.16972843]
4198
[0.1716002]
4199
[0.26949333]
4200
[0.224696]
4201
[0.13297222]
4202
[0.11427072]
4203
[0.21526022]
4204
[0.19774651]
4205
[0.14888017]
4206
[0.15643753]
4207
[0.13545355]
4208
[0.20500195]
4209
[0.21302849]
4210
[0.08362335]
4211
[0.13934957]
4212
[0.32146976]
4213
[0.11255459]
4214
[0.14045594]
4215
[0.1262062]
4216
[0.14271649]
4217
[0.15545936]
4218
[0.14917152]
4219
[0.17301869]
4220
[0.15115031]
4221
[0.08571102]
4222
[0.13292794]
4223
[0.13657479]
4224
[0.10365607]
4225
[0.25512425]
4226
[0.10960682]
4227
[0.14978638]
4228
[0.29260146]
4229
[0.13789994]
4230
[0.15729162]
4231
[0.12790611]
4232
[0.22110855]
4233
[0.11912431]
4234
[0.07842675]
4235
[0.17681522]
4236
[0.14435708]
4237
[0.13120273]
4238
[0.18593701]
4239
[0.11597669]
4240
[0.1304016]
4241
[0.18454301]
4242
[0.12912377]
4243
[0.18659469]
4244
[0.13748857]
4245
[0.07991867]
4246
[0.17200343]
4247
[0.15858265]
4248
[0.16567346]
4249
[0.14847708]
4250
[0.14111068]
4251
[0.13881983]
4252
[0.12367327]
4253
[0.10087293]
4254
[0.18252725]
4255
[0.16931069]
4256
[0.1365125]
4257
[0.13228403]
4258
[0.11988916]
4259
[0.20059002]
4260
[0.1424092]
4261
[0.157289]
4262
[0.13993819]
4263
[0.13389515]
4264
[0.20686351]
4265
[0.15368962]
4266
[0.13113558]
4267
[0.14738047]
4268
[0.1949214]
4269
[0.14493221]
4270
[0.14592709]
4271
[0.12207367]
4272
[0.12392405]
4273
[0.14663741]
4274
[0.06375427]
4275
[0.09557328]
4276
[0.17167557]
4277
[0.19395544]
4278
[0.20713291]
4279
[0.15202519]
4280
[0.1533353]
4281
[0.22405538]
4282
[0.13022822]
4283
[0.12701329]
4284
[0.13815689]
4285
[0.13980278]
4286
[0.16842779]
4287
[0.14424799]
4288
[0.18657938]
4289
[0.19187089]
4290
[0.13748272]
4291
[0.22194287]
4292
[0.21506889]
4293
[0.22914089]
4294
[0.15191538]
4295
[0.149754]
4296
[0.22810589]
4297
[0.13780433]
4298
[0.12781295]
4299
[0.15629042]
4300
[0.23527045]
4301
[0.14380388]
4302
[0.1124797]
4303
[0.189035]
4304
[0.11661304]
4305
[0.12925664]
4306
[0.12661317]
4307
[0.13039215]
4308
[0.14031163]
4309
[0.17056091]
4310
[0.20870059]
4311
[0.17539239]
4312
[0.17204851]
4313
[0.17437085]
4314
[0.36629083]
4315
[0.13468386]
4316
[0.17985411]
4317
[0.15615288]
4318
[0.12186085]
4319
[0.16840752]
4320
[0.30541121]
4321
[0.17615849]
4322
[0.07932179]
4323
[0.13226284]
4324
[0.14274699]
4325
[0.12643777]
4326
[0.14127954]
4327
[0.11610293]
4328
[0.09954117]
4329
[0.16623169]
4330
[0.16872128]
4331
[0.17007869]
4332
[0.14164785]
4333
[0.22203183]
4334
[0.14477086]
4335
[0.17018835]
4336
[0.21253778]
4337
[0.19130313]
4338
[0.13958721]
4339
[0.14578093]
4340
[0.13235484]
4341
[0.13251225]
4342
[0.13613315]
4343
[0.14953876]
4344
[0.1295307]
4345
[0.23033696]
4346
[0.15074012]
4347
[0.14625182]
4348
[0.15189123]
4349
[0.13353835]
4350
[0.15382897]
4351
[0.10981483]
4352
[0.16126285]
4353
[0.15696455]
4354
[0.12958187]
4355
[0.11122528]
4356
[0.16493092]
4357
[0.13380953]
4358
[0.12458552]
4359
[0.10731096]
4360
[0.34039593]
4361
[0.2873805]
4362
[0.14202328]
4363
[0.20575709]
4364
[0.16162611]
4365
[0.14610159]
4366
[0.1877078]
4367
[0.14069426]
4368
[0.07326394]
4369
[0.15617009]
4370
[0.08841706]
4371
[0.22857656]
4372
[0.13273198]
4373
[0.16839661]
4374
[0.13045742]
4375
[0.11440683]
4376
[0.1046927]
4377
[0.13738528]
4378
[0.10498126]
4379
[0.13689399]
4380
[0.17479116]
4381
[0.16160631]
4382
[0.18048447]
4383
[0.04546586]
4384
[0.13713429]
4385
[0.13321883]
4386
[0.1311563]
4387
[0.19503938]
4388
[0.10996444]
4389
[0.15389654]
4390
[0.20600903]
4391
[0.11498694]
4392
[0.27427769]
4393
[0.15515096]
4394
[0.09500575]
4395
[0.19084326]
4396
[0.1588972]
4397
[0.14614407]
4398
[0.26110575]
4399
[0.10876035]
4400
[0.10051501]
4401
[0.1017885]
4402
[0.16185329]
4403
[0.1584467]
4404
[0.22055902]
4405
[0.13716093]
4406
[0.10546426]
4407
[0.09261348]
4408
[0.14556114]
4409
[0.12962131]
4410
[0.06908512]
4411
[0.1911126]
4412
[0.1615949]
4413
[0.13007359]
4414
[0.1530136]
4415
[0.13833711]
4416
[0.14276809]
4417
[0.14889042]
4418
[0.13246534]
4419
[0.13971876]
4420
[0.16624061]
4421
[0.11386298]
4422
[0.15641286]
4423
[0.1265893]
4424
[0.15354766]
4425
[0.17798401]
4426
[0.28286498]
4427
[0.10448287]
4428
[0.23598038]
4429
[0.19491118]
4430
[0.16935194]
4431
[0.18975565]
4432
[0.11240378]
4433
[0.14414994]
4434
[0.20406756]
4435
[0.12366513]
4436
[0.06961843]
4437
[0.21603398]
4438
[0.18905257]
4439
[0.13435487]
4440
[0.07829139]
4441
[0.29867459]
4442
[0.17948606]
4443
[0.14365163]
4444
[0.16952225]
4445
[0.12185394]
4446
[0.22331769]
4447
[0.13402125]
4448
[0.13589897]
4449
[0.10609987]
4450
[0.36100206]
4451
[0.18795593]
4452
[0.31338675]
4453
[0.14977208]
4454
[0.32250841]
4455
[0.20077621]
4456
[0.14878195]
4457
[0.23184441]
4458
[0.13833725]
4459
[0.16333612]
4460
[0.12471832]
4461
[0.22597603]
4462
[0.18842517]
4463
[0.15137944]
4464
[0.20491325]
4465
[0.18270323]
4466
[0.10952857]
4467
[0.17891795]
4468
[0.22101366]
4469
[0.25508316]
4470
[0.20489429]
4471
[0.1250301]
4472
[0.13544618]
4473
[0.14219617]
4474
[0.04048337]
4475
[0.12139247]
4476
[0.12860926]
4477
[0.11522188]
4478
[0.1381285]
4479
[0.09958661]
4480
[0.22727993]
4481
[0.2507311]
4482
[0.15680862]
4483
[0.07206148]
4484
[0.18796795]
4485
[0.17357282]
4486
[0.17096592]
4487
[0.13704998]
4488
[0.08161964]
4489
[0.20084352]
4490
[0.16412682]
4491
[0.1418542]
4492
[0.23448888]
4493
[0.16457476]
4494
[0.13746608]
4495
[0.16054582]
4496
[0.14025829]
4497
[0.21275958]
4498
[0.10924718]
4499
[0.14460639]
4500
[0.11457908]
4501
[0.11824148]
4502
[0.1689483]
4503
[0.17585482]
4504
[0.11780212]
4505
[0.14144856]
4506
[0.14150488]
4507
[0.1090899]
4508
[0.08832881]
4509
[0.30286064]
4510
[0.30711146]
4511
[0.13658004]
4512
[0.10991755]
4513
[0.13771265]
4514
[0.12758267]
4515
[0.11911878]
4516
[0.17773152]
4517
[0.19773178]
4518
[0.06120377]
4519
[0.11019417]
4520
[0.12937572]
4521
[0.25033559]
4522
[0.1361019]
4523
[0.13338222]
4524
[0.17057512]
4525
[0.25550926]
4526
[0.15909605]
4527
[0.20957293]
4528
[0.20281416]
4529
[0.18284393]
4530
[0.0807655]
4531
[0.15554662]
4532
[0.1391514]
4533
[0.12487522]
4534
[0.17039813]
4535
[0.22523088]
4536
[0.15462811]
4537
[0.2015669]
4538
[0.20875246]
4539
[0.12746953]
4540
[0.11336137]
4541
[0.13993926]
4542
[0.19909161]
4543
[0.2240962]
4544
[0.13771481]
4545
[0.17836495]
4546
[0.26948805]
4547
[0.15822003]
4548
[0.10767552]
4549
[0.1927528]
4550
[0.13325191]
4551
[0.1337861]
4552
[0.1747139]
4553
[0.19885256]
4554
[0.16965907]
4555
[0.1205261]
4556
[0.13679815]
4557
[0.11511678]
4558
[0.1127306]
4559
[0.22729751]
4560
[0.09405483]
4561
[0.11218769]
4562
[0.13620165]
4563
[0.11931225]
4564
[0.14915738]
4565
[0.16669045]
4566
[0.11217026]
4567
[0.20033857]
4568
[0.13648508]
4569
[0.11017922]
4570
[0.23858328]
4571
[0.1603398]
4572
[0.27825346]
4573
[0.17729571]
4574
[0.18406333]
4575
[0.15416174]
4576
[0.14032328]
4577
[0.16143084]
4578
[0.14219896]
4579
[0.19097718]
4580
[0.1556584]
4581
[0.12880513]
4582
[0.23812762]
4583
[0.08519124]
4584
[0.11028273]
4585
[0.15424551]
4586
[0.11489501]
4587
[0.13553469]
4588
[0.14338081]
4589
[0.15061041]
4590
[0.21894317]
4591
[0.24974612]
4592
[0.07111289]
4593
[0.14088872]
4594
[0.21067195]
4595
[0.16018122]
4596
[0.21570616]
4597
[0.1799547]
4598
[0.14153483]
4599
[0.1382187]
4600
[0.12554333]
4601
[0.12610132]
4602
[0.12895352]
4603
[0.11141791]
4604
[0.1803762]
4605
[0.152851]
4606
[0.14001125]
4607
[0.15444334]
4608
[0.14696827]
4609
[0.17231839]
4610
[0.20686507]
4611
[0.14122902]
4612
[0.17026366]
4613
[0.15167181]
4614
[0.11037991]
4615
[0.05905997]
4616
[0.13778267]
4617
[0.19575406]
4618
[0.16264341]
4619
[0.13760041]
4620
[0.14205795]
4621
[0.13581468]
4622
[0.13966936]
4623
[0.09279899]
4624
[0.12154073]
4625
[0.19314448]
4626
[0.17421625]
4627
[0.17714962]
4628
[0.10285648]
4629
[0.24918641]
4630
[0.14194042]
4631
[0.09937108]
4632
[0.15391205]
4633
[0.13381231]
4634
[0.13370162]
4635
[0.25394457]
4636
[0.15019304]
4637
[0.07357261]
4638
[0.14176259]
4639
[0.12707164]
4640
[0.14173683]
4641
[0.12446499]
4642
[0.17973728]
4643
[0.09217503]
4644
[0.21105582]
4645
[0.17468928]
4646
[0.11745308]
4647
[0.14817774]
4648
[0.11776294]
4649
[0.22525449]
4650
[0.14282549]
4651
[0.23308888]
4652
[0.1335945]
4653
[0.13019329]
4654
[0.12614878]
4655
[0.138139]
4656
[0.14675003]
4657
[0.13847558]
4658
[0.17388367]
4659
[0.09100945]
4660
[0.13931754]
4661
[0.14732717]
4662
[0.14377496]
4663
[0.30483025]
4664
[0.16199429]
4665
[0.19914779]
4666
[0.19881276]
4667
[0.08315964]
4668
[0.10495051]
4669
[0.20897541]
4670
[0.11436284]
4671
[0.14121855]
4672
[0.14497793]
4673
[0.11003189]
4674
[0.13532866]
4675
[0.1607872]
4676
[0.20725864]
4677
[0.2876047]
4678
[0.15440682]
4679
[0.12882086]
4680
[0.14580496]
4681
[0.14114075]
4682
[0.16347984]
4683
[0.09859495]
4684
[0.13460516]
4685
[0.08987452]
4686
[0.12593411]
4687
[0.14988292]
4688
[0.15975706]
4689
[0.14663341]
4690
[0.11487827]
4691
[0.23430183]
4692
[0.11071073]
4693
[0.22884716]
4694
[0.12226363]
4695
[0.13196858]
4696
[0.17839186]
4697
[0.04580956]
4698
[0.13943271]
4699
[0.18105326]
4700
[0.1307709]
4701
[0.14591793]
4702
[0.14061701]
4703
[0.11708691]
4704
[0.17666635]
4705
[0.16356583]
4706
[0.21089284]
4707
[0.12664209]
4708
[0.16896953]
4709
[0.13104294]
4710
[0.16756298]
4711
[0.12334046]
4712
[0.14038108]
4713
[0.17624348]
4714
[0.15069089]
4715
[0.1317227]
4716
[0.12002806]
4717
[0.1204933]
4718
[0.11062197]
4719
[0.0592771]
4720
[0.14543296]
4721
[0.20152184]
4722
[0.11183985]
4723
[0.22624339]
4724
[0.12901013]
4725
[0.18367175]
4726
[0.08882971]
4727
[0.1497354]
4728
[0.2137717]
4729
[0.17345599]
4730
[0.13398559]
4731
[0.12263347]
4732
[0.24584003]
4733
[0.15299208]
4734
[0.25764102]
4735
[0.20735034]
4736
[0.1662842]
4737
[0.10023445]
4738
[0.19431256]
4739
[0.27598261]
4740
[0.23951296]
4741
[0.15614831]
4742
[0.1373287]
4743
[0.16663737]
4744
[0.13853083]
4745
[0.29115552]
4746
[0.13468011]
4747
[0.14080196]
4748
[0.26968132]
4749
[0.15214585]
4750
[0.11287204]
4751
[0.12238164]
4752
[0.18279564]
4753
[0.10835696]
4754
[0.16732135]
4755
[0.15044118]
4756
[0.14300047]
4757
[0.0880832]
4758
[0.12169673]
4759
[0.12477209]
4760
[0.10099139]
4761
[0.15204698]
4762
[0.14005893]
4763
[0.17655681]
4764
[0.1475832]
4765
[0.16364795]
4766
[0.15793042]
4767
[0.14610546]
4768
[0.15527965]
4769
[0.1646375]
4770
[0.13229846]
4771
[0.14325751]
4772
[0.15469683]
4773
[0.16270902]
4774
[0.10285022]
4775
[0.11281483]
4776
[0.17683367]
4777
[0.12886992]
4778
[0.23150275]
4779
[0.24782763]
4780
[0.08726832]
4781
[0.10448038]
4782
[0.14639778]
4783
[0.13314826]
4784
[0.14575221]
4785
[0.19010965]
4786
[0.22180913]
4787
[0.13646595]
4788
[0.18321541]
4789
[0.16893405]
4790
[0.15147178]
4791
[0.14124283]
4792
[0.12336336]
4793
[0.1353298]
4794
[0.22879928]
4795
[0.11576779]
4796
[0.13704914]
4797
[0.09298396]
4798
[0.18317106]
4799
[0.16181248]
4800
[0.17078307]
4801
[0.13568519]
4802
[0.2021437]
4803
[0.13340598]
4804
[0.16112528]
4805
[0.13979484]
4806
[0.17828041]
4807
[0.24657357]
4808
[0.15806477]
4809
[0.14790212]
4810
[0.12754156]
4811
[0.19542909]
4812
[0.16621195]
4813
[0.18883995]
4814
[0.09935184]
4815
[0.08917797]
4816
[0.15291296]
4817
[0.16339605]
4818
[0.1114262]
4819
[0.22059778]
4820
[0.13863536]
4821
[0.16257326]
4822
[0.24179797]
4823
[0.23663722]
4824
[0.13706636]
4825
[0.17592387]
4826
[0.14535297]
4827
[0.22358714]
4828
[0.23843804]
4829
[0.15916938]
4830
[0.27419169]
4831
[0.14187401]
4832
[0.17694009]
4833
[0.16523705]
4834
[0.3050074]
4835
[0.16678223]
4836
[0.16187857]
4837
[0.17824727]
4838
[0.13543329]
4839
[0.13934917]
4840
[0.19226196]
4841
[0.20902604]
4842
[0.13635905]
4843
[0.14390524]
4844
[0.12575597]
4845
[0.16494039]
4846
[0.19220808]
4847
[0.18933104]
4848
[0.14260931]
4849
[0.13935375]
4850
[0.16695942]
4851
[0.12867668]
4852
[0.14183993]
4853
[0.12633452]
4854
[0.14371209]
4855
[0.1601541]
4856
[0.27137142]
4857
[0.13549385]
4858
[0.1563945]
4859
[0.12443087]
4860
[0.16882111]
4861
[0.17487086]
4862
[0.18632534]
4863
[0.12495888]
4864
[0.22358909]
4865
[0.15220266]
4866
[0.15557158]
4867
[0.13633884]
4868
[0.09841853]
4869
[0.1570499]
4870
[0.0977163]
4871
[0.14434041]
4872
[0.13266375]
4873
[0.33462149]
4874
[0.11632879]
4875
[0.14104582]
4876
[0.1252001]
4877
[0.17633232]
4878
[0.15175966]
4879
[0.14948909]
4880
[0.30249309]
4881
[0.15482979]
4882
[0.11737181]
4883
[0.31598327]
4884
[0.25998647]
4885
[0.09113486]
4886
[0.14934489]
4887
[0.16550924]
4888
[0.15412521]
4889
[0.2045459]
4890
[0.07171591]
4891
[0.16815024]
4892
[0.14816044]
4893
[0.09762156]
4894
[0.17648667]
4895
[0.14502109]
4896
[0.16845007]
4897
[0.10701927]
4898
[0.17019846]
4899
[0.13975184]
4900
[0.10878257]
4901
[0.13128044]
4902
[0.11105257]
4903
[0.13348615]
4904
[0.10403528]
4905
[0.18880392]
4906
[0.22769281]
4907
[0.1264017]
4908
[0.12210758]
4909
[0.12583049]
4910
[0.12833763]
4911
[0.24773944]
4912
[0.19435979]
4913
[0.16221445]
4914
[0.14115711]
4915
[0.09302404]
4916
[0.13781109]
4917
[0.16255376]
4918
[0.14932147]
4919
[0.20291674]
4920
[0.14372511]
4921
[0.26878235]
4922
[0.12151763]
4923
[0.18835154]
4924
[0.27549776]
4925
[0.08205901]
4926
[0.19363644]
4927
[0.1329779]
4928
[0.13588142]
4929
[0.19718564]
4930
[0.22102661]
4931
[0.13328972]
4932
[0.1487279]
4933
[0.17709799]
4934
[0.13925646]
4935
[0.14253114]
4936
[0.14210918]
4937
[0.16683385]
4938
[0.09537993]
4939
[0.11155865]
4940
[0.15960462]
4941
[0.15419305]
4942
[0.13653929]
4943
[0.2018926]
4944
[0.12895977]
4945
[0.14738417]
4946
[0.18891807]
4947
[0.09785048]
4948
[0.24091748]
4949
[0.13499108]
4950
[0.18675609]
4951
[0.22856484]
4952
[0.1515771]
4953
[0.17009837]
4954
[0.11441992]
4955
[0.15849735]
4956
[0.1517698]
4957
[0.13695917]
4958
[0.1115964]
4959
[0.17704388]
4960
[0.10918905]
4961
[0.22876236]
4962
[0.13452461]
4963
[0.12213591]
4964
[0.14218993]
4965
[0.17670854]
4966
[0.144839]
4967
[0.2433898]
4968
[0.17335835]
4969
[0.16539765]
4970
[0.13124708]
4971
[0.16320773]
4972
[0.04261514]
4973
[0.1924739]
4974
[0.33803282]
4975
[0.06185201]
4976
[0.13237625]
4977
[0.09580169]
4978
[0.14544111]
4979
[0.22836443]
4980
[0.26582571]
4981
[0.15028361]
4982
[0.16834609]
4983
[0.14847233]
4984
[0.1568392]
4985
[0.1390631]
4986
[0.190444]
4987
[0.13275223]
4988
[0.15151134]
4989
[0.17492691]
4990
[0.14954873]
4991
[0.15226929]
4992
[0.1135676]
4993
[0.2136609]
4994
[0.10414787]
4995
[0.17982263]
4996
[0.14790726]
4997
[0.15711438]
4998
[0.20392165]
4999
[0.12687774]
[1] 40000    11
[1] 40000    11
