LOADING R
R LOADED
[1] "/home/lvanderl/Rlibs2"                         
[2] "/app/software/R/4.3.1-gfbf-2022b/lib/R/library"
[1] "/home/lvanderl/sieveSims"
[1] "xg 5 2"
[1] 0.09015585
[1] 0.09015585
[1] 0.09015585
187.81632653061226
0
[0.22281885]
1
[0.17255203]
2
[0.11401904]
3
[0.19486571]
4
[0.22834074]
5
[0.17907467]
6
[0.18474921]
7
[0.20153201]
8
[0.14568263]
9
[0.24171602]
10
[0.17335728]
11
[0.11697587]
12
[0.12007947]
13
[0.11096531]
14
[0.21265933]
15
[0.19823021]
16
[0.22330606]
17
[0.18606986]
18
[0.16758206]
19
[0.15573803]
20
[0.18028768]
21
[0.20071519]
22
[0.15494406]
23
[0.12678989]
24
[0.13872929]
25
[0.14093127]
26
[0.17805999]
27
[0.1472461]
28
[0.19489653]
29
[0.08590334]
30
[0.19699416]
31
[0.23384832]
32
[0.17586535]
33
[0.17819283]
34
[0.18598091]
35
[0.16426875]
36
[0.17473304]
37
[0.1328766]
38
[0.17349048]
39
[0.20568516]
40
[0.18019825]
41
[0.15432881]
42
[0.22076404]
43
[0.12533732]
44
[0.13161294]
45
[0.15388654]
46
[0.11539738]
47
[0.2152379]
48
[0.08806255]
49
[0.108006]
50
[0.15685366]
51
[0.15598547]
52
[0.1499011]
53
[0.2371047]
54
[0.26201149]
55
[0.17586535]
56
[0.10014392]
57
[0.10795312]
58
[0.14190389]
59
[0.15530913]
60
[0.16392004]
61
[0.15515714]
62
[0.15764213]
63
[0.20394303]
64
[0.16261209]
65
[0.15045785]
66
[0.19905854]
67
[0.21944043]
68
[0.09445568]
69
[0.19243191]
70
[0.22452504]
71
[0.16786681]
72
[0.15177923]
73
[0.0890123]
74
[0.12063742]
75
[0.13274647]
76
[0.16137305]
77
[0.15665256]
78
[0.24152626]
79
[0.22266404]
80
[0.14855592]
81
[0.15567466]
82
[0.15016918]
83
[0.14313557]
84
[0.16344042]
85
[0.18884071]
86
[0.14109198]
87
[0.15890921]
88
[0.12782231]
89
[0.10857605]
90
[0.13257372]
91
[0.20905807]
92
[0.12518007]
93
[0.16237476]
94
[0.19504536]
95
[0.13571869]
96
[0.14936727]
97
[0.15294065]
98
[0.14528936]
99
[0.13360196]
100
[0.22693674]
101
[0.177522]
102
[0.13923942]
103
[0.12977165]
104
[0.13693392]
105
[0.12568117]
106
[0.14048561]
107
[0.16946051]
108
[0.14732618]
109
[0.14857009]
110
[0.1505795]
111
[0.15456249]
112
[0.20192599]
113
[0.19031968]
114
[0.1624463]
115
[0.13283251]
116
[0.15457602]
117
[0.12368067]
118
[0.19865662]
119
[0.15018717]
120
[0.20402851]
121
[0.11276682]
122
[0.21283503]
123
[0.12698935]
124
[0.08889088]
125
[0.20651349]
126
[0.23425466]
127
[0.17586535]
128
[0.21976674]
129
[0.1949169]
130
[0.16393879]
131
[0.09294941]
132
[0.14656303]
133
[0.12573119]
134
[0.10462912]
135
[0.16398129]
136
[0.15426851]
137
[0.11995425]
138
[0.18729078]
139
[0.17669368]
140
[0.2440674]
141
[0.09102206]
142
[0.19916576]
143
[0.13527726]
144
[0.11262982]
145
[0.19138749]
146
[0.11481979]
147
[0.17897788]
148
[0.10462912]
149
[0.14792397]
150
[0.15940345]
151
[0.11456906]
152
[0.13693392]
153
[0.15422274]
154
[0.23136334]
155
[0.11539537]
156
[0.15082518]
157
[0.08309258]
158
[0.15994929]
159
[0.10399986]
160
[0.20817015]
161
[0.15548473]
162
[0.18763324]
163
[0.13994715]
164
[0.1308308]
165
[0.20071519]
166
[0.1187107]
167
[0.08376187]
168
[0.12107172]
169
[0.13371923]
170
[0.10877076]
171
[0.13966574]
172
[0.08806255]
173
[0.09283663]
174
[0.17922416]
175
[0.14889674]
176
[0.16712642]
177
[0.18136496]
178
[0.15965073]
179
[0.15793245]
180
[0.15201603]
181
[0.10794243]
182
[0.2537282]
183
[0.19116527]
184
[0.18143345]
185
[0.14273222]
186
[0.13859058]
187
[0.21523618]
188
[0.1106791]
189
[0.14925659]
190
[0.124509]
191
[0.17610241]
192
[0.11652082]
193
[0.20568516]
194
[0.15311787]
195
[0.10876019]
196
[0.15044798]
197
[0.14342427]
198
[0.10663687]
199
[0.13085689]
200
[0.18994693]
201
[0.12036735]
202
[0.12970934]
203
[0.22887836]
204
[0.14094803]
205
[0.16081626]
206
[0.14708631]
207
[0.11705404]
208
[0.17260827]
209
[0.13598699]
210
[0.19988687]
211
[0.19243191]
212
[0.20734182]
213
[0.12335654]
214
[0.14107556]
215
[0.13635567]
216
[0.21103754]
217
[0.13963754]
218
[0.16722024]
219
[0.10729369]
220
[0.22230427]
221
[0.12533732]
222
[0.16841039]
223
[0.16758206]
224
[0.15192518]
225
[0.18320316]
226
[0.1997486]
227
[0.15267216]
228
[0.11757108]
229
[0.11539738]
230
[0.13503203]
231
[0.16754596]
232
[0.18916585]
233
[0.11912864]
234
[0.18994693]
235
[0.21927979]
236
[0.21314012]
237
[0.15050608]
238
[0.15269138]
239
[0.20455311]
240
[0.13527726]
241
[0.18490622]
242
[0.17840508]
243
[0.09889437]
244
[0.20561122]
245
[0.22723779]
246
[0.17303165]
247
[0.08608712]
248
[0.14687386]
249
[0.14046615]
250
[0.21479677]
251
[0.13693392]
252
[0.14273505]
253
[0.08052904]
254
[0.21038132]
255
[0.16652119]
256
[0.12135541]
257
[0.16095544]
258
[0.18412735]
259
[0.21322414]
260
[0.19681215]
261
[0.18994693]
262
[0.15623154]
263
[0.21645343]
264
[0.15184383]
265
[0.17993954]
266
[0.18575301]
267
[0.15764213]
268
[0.23219167]
269
[0.15581419]
270
[0.11765658]
271
[0.09539785]
272
[0.15929878]
273
[0.21960956]
274
[0.15246964]
275
[0.25181472]
276
[0.10826948]
277
[0.16962509]
278
[0.14015012]
279
[0.2053276]
280
[0.14239746]
281
[0.2267589]
282
[0.10396413]
283
[0.20942048]
284
[0.20862458]
285
[0.1137726]
286
[0.2711231]
287
[0.18647368]
288
[0.13282282]
289
[0.19988687]
290
[0.18414863]
291
[0.14604553]
292
[0.23255681]
293
[0.16095544]
294
[0.15374709]
295
[0.1892456]
296
[0.14604553]
297
[0.24964569]
298
[0.1857675]
299
[0.19190402]
300
[0.23333744]
301
[0.12550367]
302
[0.07361499]
303
[0.16500145]
304
[0.15372634]
305
[0.1655487]
306
[0.16017307]
307
[0.21071971]
308
[0.16726707]
309
[0.17669368]
310
[0.14736528]
311
[0.1129124]
312
[0.14351462]
313
[0.12825059]
314
[0.12013004]
315
[0.1510155]
316
[0.10447549]
317
[0.21231179]
318
[0.16426875]
319
[0.17561202]
320
[0.14238489]
321
[0.15441502]
322
[0.12183984]
323
[0.11125574]
324
[0.13572714]
325
[0.17586535]
326
[0.19657355]
327
[0.19508416]
328
[0.19657355]
329
[0.18218382]
330
[0.16420632]
331
[0.1949169]
332
[0.11007376]
333
[0.16244692]
334
[0.11208407]
335
[0.1577149]
336
[0.11816562]
337
[0.10249496]
338
[0.21645343]
339
[0.12653948]
340
[0.07588542]
341
[0.17295358]
342
[0.18675253]
343
[0.18115058]
344
[0.250375]
345
[0.14107556]
346
[0.19905854]
347
[0.23197128]
348
[0.20485684]
349
[0.08922227]
350
[0.24828711]
351
[0.15847045]
352
[0.17000846]
353
[0.22120488]
354
[0.15847045]
355
[0.17006705]
356
[0.23579564]
357
[0.14766048]
358
[0.15350048]
359
[0.15929878]
360
[0.1513852]
361
[0.21607109]
362
[0.17092836]
363
[0.22225173]
364
[0.12782231]
365
[0.25387101]
366
[0.11371856]
367
[0.18580529]
368
[0.21113369]
369
[0.1891186]
370
[0.1882628]
371
[0.1013158]
372
[0.1071141]
373
[0.1113987]
374
[0.23756108]
375
[0.14013731]
376
[0.19326024]
377
[0.1891186]
378
[0.09936025]
379
[0.20651349]
380
[0.14435858]
381
[0.16509708]
382
[0.26576995]
383
[0.15184383]
384
[0.11824099]
385
[0.13259737]
386
[0.09447949]
387
[0.18264343]
388
[0.14526103]
389
[0.19677801]
390
[0.18526691]
391
[0.13296922]
392
[0.11769238]
393
[0.12848863]
394
[0.2113125]
395
[0.18414863]
396
[0.2213451]
397
[0.16592541]
398
[0.16329772]
399
[0.08806255]
400
[0.12616565]
401
[0.15447618]
402
[0.16012711]
403
[0.1416724]
404
[0.11042742]
405
[0.16757579]
406
[0.20568516]
407
[0.12569688]
408
[0.12782231]
409
[0.18192906]
410
[0.18480897]
411
[0.11741787]
412
[0.19027003]
413
[0.22690709]
414
[0.19712499]
415
[0.12400549]
416
[0.1493847]
417
[0.15760573]
418
[0.12821193]
419
[0.15184383]
420
[0.19351905]
421
[0.14107556]
422
[0.12315259]
423
[0.13279228]
424
[0.14823994]
425
[0.13653637]
426
[0.16200128]
427
[0.16569962]
428
[0.1187107]
429
[0.15927973]
430
[0.1187107]
431
[0.09543424]
432
[0.13534945]
433
[0.23759826]
434
[0.19470834]
435
[0.14880523]
436
[0.15987326]
437
[0.15432881]
438
[0.16344042]
439
[0.14270767]
440
[0.1878901]
441
[0.18994693]
442
[0.19655236]
443
[0.14328653]
444
[0.21711506]
445
[0.14965093]
446
[0.19037392]
447
[0.19055985]
448
[0.12276378]
449
[0.17420869]
450
[0.11955709]
451
[0.13449147]
452
[0.17798137]
453
[0.10214413]
454
[0.20692708]
455
[0.24192903]
456
[0.15309385]
457
[0.18497696]
458
[0.13113562]
459
[0.08145256]
460
[0.15513739]
461
[0.10621987]
462
[0.20817015]
463
[0.12420258]
464
[0.25964982]
465
[0.17383125]
466
[0.09303252]
467
[0.13527726]
468
[0.19808512]
469
[0.10880495]
470
[0.18414863]
471
[0.15184383]
472
[0.12641467]
473
[0.16012711]
474
[0.11788237]
475
[0.08069226]
476
[0.17051795]
477
[0.17402554]
478
[0.11208407]
479
[0.14024723]
480
[0.18249197]
481
[0.14799574]
482
[0.14858904]
483
[0.13113562]
484
[0.17295151]
485
[0.18797353]
486
[0.25560387]
487
[0.11351023]
488
[0.18738381]
489
[0.11014873]
490
[0.14604553]
491
[0.16012711]
492
[0.10127189]
493
[0.14368329]
494
[0.19308062]
495
[0.16841039]
496
[0.14197793]
497
[0.12542818]
498
[0.14642776]
499
[1] 2500   11
[1] 2500   11
[0.16474322]
