LOADING R
R LOADED
[1] "/home/lvanderl/Rlibs2"                         
[2] "/app/software/R/4.3.1-gfbf-2022b/lib/R/library"
[1] "/home/lvanderl/sieveSims"
[1] "xg 3 1.5"
[1] "histogram binning"
[1] 0.1339516
[1] 0.1339516
[1] "mondrian"
[1] "iso"
[1] 0.1339516
[1] "conditional"
[   10.            11.51395399    13.25711366    15.26417967
    17.57510625    20.23589648    23.29951811    26.82695795
    30.88843596    35.56480306    40.94915062    47.14866363
    54.28675439    62.50551925    71.9685673     82.86427729
    95.40954763   109.8541142    126.48552169   145.63484775
   167.68329368   193.06977289   222.29964825   255.95479227
   294.70517026   339.32217719   390.69399371   449.8432669
   517.94746792   596.36233166   686.648845     790.60432109
   910.29817799  1048.11313415  1206.79264064  1389.49549437
  1599.85871961  1842.06996933  2120.95088792  2442.05309455
  2811.76869797  3237.45754282  3727.59372031  4291.93426013
  4941.71336132  5689.86602902  6551.2855686   7543.12006335
  8685.11373751 10000.        ]
[ 0.13079971  0.12409834  0.12288275  0.12972938  0.12623265  0.12944865
  0.12814036  0.13870851  0.12827853  0.11566149  0.14327379  0.14531909
  0.14616601  0.15729445  0.19013543  0.18971503  0.17185102  0.20476912
  0.2166063   0.26765105  0.23153139  0.28531499  0.34367208  0.38382501
  0.43182358  0.39203657  0.47207771  0.64896553  0.6200814   0.65152503
  0.78934438  1.14403999  0.94266717  1.2498814   1.36268142  1.66228512
  1.66652808  1.86765572  1.76731686  2.22940415  3.35756746  3.03880293
  4.2100937   4.38764708  4.71797812  5.75073254  5.68562137  8.08879175
 10.22868856  9.51503336]
35.564803062231285
0.02811768697974231
0
[0.13903314]
1
[0.16092928]
2
[0.11533814]
3
[0.13599079]
4
[0.13577371]
5
[0.21293586]
6
[0.1260008]
7
[0.09379631]
8
[0.11414081]
9
[0.1542496]
10
[0.11751997]
11
[0.11584441]
12
[0.11879102]
13
[0.07629862]
14
[0.09145561]
15
[0.16902809]
16
[0.158214]
17
[0.14029212]
18
[0.13465654]
19
[0.21591164]
20
[0.10321941]
21
[0.0996268]
22
[0.11288046]
23
[0.18544388]
24
[0.21430405]
25
[0.25097572]
26
[0.04714147]
27
[0.23167782]
28
[0.15410551]
29
[0.147388]
30
[0.11580558]
31
[0.12645551]
32
[0.05904786]
33
[0.12123431]
34
[0.2106429]
35
[0.14480297]
36
[0.22324787]
37
[0.05148089]
38
[0.08115781]
39
[0.22569547]
40
[0.13624232]
41
[0.17181848]
42
[0.15920232]
43
[0.16075104]
44
[0.14599335]
45
[0.16352877]
46
[0.19736614]
47
[0.18310996]
48
[0.0902235]
49
[0.18869189]
50
[0.21238162]
51
[0.13300347]
52
[0.16362144]
53
[0.11810561]
54
[0.12476219]
55
[0.20647759]
56
[0.12308086]
57
[0.19441615]
58
[0.13937517]
59
[0.1334481]
60
[0.20505491]
61
[0.16579029]
62
[0.11668282]
63
[0.11163999]
64
[0.19232628]
65
[0.13069563]
66
[0.0777267]
67
[0.11846522]
68
[0.14729732]
69
[0.12402333]
70
[0.08862577]
71
[0.13174399]
72
[0.10193215]
73
[0.15237005]
74
[0.07407367]
75
[0.14177329]
76
[0.12843205]
77
[0.12734928]
78
[0.13973888]
79
[0.2018552]
80
[0.10568282]
81
[0.09954984]
82
[0.13223832]
83
[0.15513775]
84
[0.13753717]
85
[0.14826186]
86
[0.11655348]
87
[0.12582057]
88
[0.14354085]
89
[0.08053656]
90
[0.11421583]
91
[0.10830249]
92
[0.14289493]
93
[0.14241789]
94
[0.19207321]
95
[0.17810882]
96
[0.11506931]
97
[0.09554814]
98
[0.19126044]
99
[0.12250817]
100
[0.10976174]
101
[0.14053195]
102
[0.19601803]
103
[0.1332004]
104
[0.14115294]
105
[0.12909268]
106
[0.08617397]
107
[0.09483133]
108
[0.11863163]
109
[0.11715661]
110
[0.12061268]
111
[0.14795509]
112
[0.1527956]
113
[0.13002703]
114
[0.12227503]
115
[0.10602285]
116
[0.10160557]
117
[0.07696635]
118
[0.10978113]
119
[0.2006458]
120
[0.10997313]
121
[0.17309264]
122
[0.10551735]
123
[0.2348811]
124
[0.22598569]
125
[0.12500612]
126
[0.09980628]
127
[0.11791273]
128
[0.1025544]
129
[0.12221604]
130
[0.10612319]
131
[0.09493264]
132
[0.09884523]
133
[0.16503361]
134
[0.12416841]
135
[0.09730595]
136
[0.09546258]
137
[0.16810897]
138
[0.11436744]
139
[0.12344262]
140
[0.1618308]
141
[0.10933918]
142
[0.11360916]
143
[0.11529951]
144
[0.09939485]
145
[0.13789223]
146
[0.11834592]
147
[0.16399308]
148
[0.12404449]
149
[0.12524799]
150
[0.12749471]
151
[0.18490377]
152
[0.1453162]
153
[0.11903632]
154
[0.11778597]
155
[0.12482674]
156
[0.15611332]
157
[0.1659858]
158
[0.14354116]
159
[0.12844622]
160
[0.10119442]
161
[0.22497166]
162
[0.1625328]
163
[0.20356782]
164
[0.18360044]
165
[0.20916963]
166
[0.22762995]
167
[0.11428309]
168
[0.11486441]
169
[0.11141313]
170
[0.11151238]
171
[0.15761581]
172
[0.10644423]
173
[0.14103017]
174
[0.11319562]
175
[0.11867063]
176
[0.08340346]
177
[0.08955461]
178
[0.11588214]
179
[0.11979837]
180
[0.23506778]
181
[0.13611186]
182
[0.08833083]
183
[0.10388701]
184
[0.11535936]
185
[0.19753853]
186
[0.20887832]
187
[0.13927695]
188
[0.11830375]
189
[0.10481405]
190
[0.19978982]
191
[0.10542463]
192
[0.16321429]
193
[0.10553036]
194
[0.12098094]
195
[0.16716605]
196
[0.10065422]
197
[0.15308255]
198
[0.09289695]
199
[0.12642879]
200
[0.12267422]
201
[0.11776272]
202
[0.16970627]
203
[0.1263955]
204
[0.16530836]
205
[0.17426686]
206
[0.16792998]
207
[0.1671517]
208
[0.0948745]
209
[0.21142515]
210
[0.16758378]
211
[0.18483989]
212
[0.10376118]
213
[0.15082947]
214
[0.20254081]
215
[0.16210212]
216
[0.1163045]
217
[0.14427444]
218
[0.17848877]
219
[0.10515424]
220
[0.14406225]
221
[0.14076433]
222
[0.14129169]
223
[0.11302497]
224
[0.16382815]
225
[0.16986636]
226
[0.13541565]
227
[0.14935905]
228
[0.08374751]
229
[0.14202637]
230
[0.1799741]
231
[0.14539506]
232
[0.11997043]
233
[0.12900713]
234
[0.14532048]
235
[0.11201885]
236
[0.11494581]
237
[0.10724596]
238
[0.11863741]
239
[0.15548217]
240
[0.15348263]
241
[0.20142198]
242
[0.11028607]
243
[0.15537974]
244
[0.14431683]
245
[0.12927381]
246
[0.09648347]
247
[0.10456692]
248
[0.11431314]
249
[0.15174587]
250
[0.09227294]
251
[0.13126531]
252
[0.13613657]
253
[0.16297645]
254
[0.1473621]
255
[0.21055019]
256
[0.20114927]
257
[0.11395142]
258
[0.12184705]
259
[0.21020045]
260
[0.0805863]
261
[0.12558239]
262
[0.11471833]
263
[0.1491809]
264
[0.09257501]
265
[0.08829248]
266
[0.12621219]
267
[0.07132663]
268
[0.11824777]
269
[0.10208138]
270
[0.09391413]
271
[0.09565928]
272
[0.09483469]
273
[0.16765574]
274
[0.12727409]
275
[0.12464066]
276
[0.12673849]
277
[0.16301984]
278
[0.2375703]
279
[0.14040903]
280
[0.17829496]
281
[0.1064607]
282
[0.15351463]
283
[0.122624]
284
[0.17612026]
285
[0.21503848]
286
[0.18131954]
287
[0.13336065]
288
[0.09997943]
289
[0.13343327]
290
[0.13215465]
291
[0.11037584]
292
[0.21868665]
293
[0.14466709]
294
[0.14508476]
295
[0.14664528]
296
[0.10645787]
297
[0.13403947]
298
[0.07714655]
299
[0.11097995]
300
[0.15258958]
301
[0.18512675]
302
[0.11333646]
303
[0.10495316]
304
[0.15019576]
305
[0.13674665]
306
[0.13219023]
307
[0.16397266]
308
[0.13876707]
309
[0.13314985]
310
[0.11249167]
311
[0.10458288]
312
[0.14612539]
313
[0.07603763]
314
[0.13611439]
315
[0.13445839]
316
[0.15593906]
317
[0.11799967]
318
[0.12576006]
319
[0.06931401]
320
[0.1264255]
321
[0.12761781]
322
[0.11716776]
323
[0.09726193]
324
[0.14490032]
325
[0.15752837]
326
[0.16043404]
327
[0.11525991]
328
[0.08371657]
329
[0.15711992]
330
[0.14036917]
331
[0.13155052]
332
[0.10337786]
333
[0.16962036]
334
[0.09113426]
335
[0.16516815]
336
[0.18368439]
337
[0.13979864]
338
[0.17903263]
339
[0.13885935]
340
[0.12845075]
341
[0.13578832]
342
[0.13442239]
343
[0.13218602]
344
[0.10448527]
345
[0.13704638]
346
[0.13372623]
347
[0.12350447]
348
[0.125843]
349
[0.16961902]
350
[0.10713357]
351
[0.14339716]
352
[0.13363083]
353
[0.10741221]
354
[0.17460646]
355
[0.14546952]
356
[0.18638191]
357
[0.14107503]
358
[0.11884498]
359
[0.15157416]
360
[0.09913904]
361
[0.16079237]
362
[0.19783037]
363
[0.19025121]
364
[0.10539475]
365
[0.08083214]
366
[0.15358925]
367
[0.12570549]
368
[0.1208526]
369
[0.07132663]
370
[0.12709917]
371
[0.20971602]
372
[0.0911356]
373
[0.12086718]
374
[0.10182065]
375
[0.11416741]
376
[0.10143885]
377
[0.13898259]
378
[0.11101562]
379
[0.09539916]
380
[0.08737619]
381
[0.1498157]
382
[0.1431945]
383
[0.11337775]
384
[0.1270562]
385
[0.17724059]
386
[0.0979102]
387
[0.12449451]
388
[0.15521208]
389
[0.09452852]
390
[0.10925225]
391
[0.15654613]
392
[0.23506164]
393
[0.09929156]
394
[0.22076462]
395
[0.13258725]
396
[0.14829854]
397
[0.10890331]
398
[0.09903682]
399
[0.18886531]
400
[0.14330491]
401
[0.12880587]
402
[0.1060578]
403
[0.19149054]
404
[0.12132492]
405
[0.18949008]
406
[0.17044932]
407
[0.10916225]
408
[0.1254018]
409
[0.09031723]
410
[0.14035144]
411
[0.17715908]
412
[0.11549975]
413
[0.13858464]
414
[0.11744478]
415
[0.18262163]
416
[0.11152768]
417
[0.13680741]
418
[0.12396458]
419
[0.08884523]
420
[0.12718172]
421
[0.13872595]
422
[0.2175592]
423
[0.2078579]
424
[0.11241193]
425
[0.11430956]
426
[0.18410671]
427
[0.17480521]
428
[0.14646845]
429
[0.1467284]
430
[0.12106887]
431
[0.12382906]
432
[0.11508046]
433
[0.13482742]
434
[0.11698913]
435
[0.1561968]
436
[0.06521559]
437
[0.08409485]
438
[0.10866341]
439
[0.17556684]
440
[0.17139288]
441
[0.13705906]
442
[0.0794812]
443
[0.25219517]
444
[0.16510854]
445
[0.12951007]
446
[0.10249952]
447
[0.15246723]
448
[0.12224926]
449
[0.08122054]
450
[0.13839418]
451
[0.11416396]
452
[0.15580097]
453
[0.13675582]
454
[0.15597467]
455
[0.23113198]
456
[0.11531704]
457
[0.16454069]
458
[0.14608183]
459
[0.24452968]
460
[0.09359182]
461
[0.11442573]
462
[0.09565188]
463
[0.09775803]
464
[0.13371727]
465
[0.20890938]
466
[0.12423181]
467
[0.20892398]
468
[0.17220871]
469
[0.16280801]
470
[0.12355437]
471
[0.10247943]
472
[0.09979292]
473
[0.15410455]
474
[0.15919334]
475
[0.20925781]
476
[0.16096793]
477
[0.1004663]
478
[0.14614685]
479
[0.10490219]
480
[0.14623835]
481
[0.13975779]
482
[0.14312553]
483
[0.13384827]
484
[0.08749202]
485
[0.15661304]
486
[0.17187761]
487
[0.11447453]
488
[0.13422475]
489
[0.07791323]
490
[0.20818724]
491
[0.11127452]
492
[0.12816122]
493
[0.1585626]
494
[0.10346278]
495
[0.13769599]
496
[0.11446861]
497
[0.15430017]
498
[0.17647652]
499
[0.20454005]
500
[0.17665279]
501
[0.15974765]
502
[0.22661779]
503
[0.17624178]
504
[0.13047]
505
[0.24309892]
506
[0.23321571]
507
[0.07195367]
508
[0.14290731]
509
[0.10092267]
510
[0.09266883]
511
[0.0997058]
512
[0.12368288]
513
[0.13056106]
514
[0.11312563]
515
[0.12254476]
516
[0.11702656]
517
[0.22082983]
518
[0.10443017]
519
[0.19839122]
520
[0.22603831]
521
[0.08256634]
522
[0.14249331]
523
[0.12257034]
524
[0.21378853]
525
[0.15017141]
526
[0.15113486]
527
[0.20990264]
528
[0.10031285]
529
[0.09881048]
530
[0.13571809]
531
[0.14718877]
532
[0.12925223]
533
[0.15085669]
534
[0.19419402]
535
[0.14327404]
536
[0.13386895]
537
[0.11655578]
538
[0.1059846]
539
[0.22456286]
540
[0.24005444]
541
[0.17099639]
542
[0.14828583]
543
[0.19068841]
544
[0.11873885]
545
[0.10576035]
546
[0.14430404]
547
[0.10500195]
548
[0.11873777]
549
[0.14499032]
550
[0.15051024]
551
[0.11482685]
552
[0.11179742]
553
[0.10404607]
554
[0.11154745]
555
[0.14959379]
556
[0.16739772]
557
[0.12662133]
558
[0.11075376]
559
[0.15892758]
560
[0.1127154]
561
[0.10777183]
562
[0.12331002]
563
[0.19440299]
564
[0.08108531]
565
[0.14279596]
566
[0.09282623]
567
[0.18223117]
568
[0.22974622]
569
[0.11182423]
570
[0.09560864]
571
[0.18309595]
572
[0.10215106]
573
[0.11979017]
574
[0.17093574]
575
[0.14532243]
576
[0.15372795]
577
[0.08998225]
578
[0.22640617]
579
[0.10584764]
580
[0.1023675]
581
[0.15265142]
582
[0.13451402]
583
[0.16207667]
584
[0.13395027]
585
[0.09718421]
586
[0.14167035]
587
[0.12669847]
588
[0.17949975]
589
[0.11467134]
590
[0.19807442]
591
[0.12219891]
592
[0.14188965]
593
[0.12679208]
594
[0.2507267]
595
[0.14884737]
596
[0.15802677]
597
[0.15347137]
598
[0.15845601]
599
[0.13286569]
600
[0.13361864]
601
[0.11290238]
602
[0.11193344]
603
[0.14435278]
604
[0.10303571]
605
[0.14721555]
606
[0.07815771]
607
[0.15835383]
608
[0.18023075]
609
[0.1406867]
610
[0.16472407]
611
[0.11732804]
612
[0.13866151]
613
[0.12608975]
614
[0.12710973]
615
[0.12108058]
616
[0.13634841]
617
[0.12863596]
618
[0.15338485]
619
[0.14324447]
620
[0.15292794]
621
[0.14880838]
622
[0.13369071]
623
[0.16592667]
624
[0.24253034]
625
[0.20228686]
626
[0.15047075]
627
[0.17778374]
628
[0.21794722]
629
[0.17494445]
630
[0.24809755]
631
[0.11316439]
632
[0.14655723]
633
[0.17552887]
634
[0.14051523]
635
[0.16463173]
636
[0.13534543]
637
[0.11386057]
638
[0.18616437]
639
[0.19419806]
640
[0.07913357]
641
[0.19576014]
642
[0.09671376]
643
[0.21450096]
644
[0.12368541]
645
[0.09824298]
646
[0.17863114]
647
[0.14031489]
648
[0.0873043]
649
[0.18281412]
650
[0.1387829]
651
[0.10498061]
652
[0.14933604]
653
[0.14856878]
654
[0.18874774]
655
[0.24238327]
656
[0.19756507]
657
[0.10233744]
658
[0.22968935]
659
[0.10369872]
660
[0.1022545]
661
[0.09043564]
662
[0.10412597]
663
[0.17936702]
664
[0.07620597]
665
[0.11268558]
666
[0.1423794]
667
[0.18115856]
668
[0.12976201]
669
[0.13335191]
670
[0.15242734]
671
[0.12260903]
672
[0.08794133]
673
[0.13151221]
674
[0.1133222]
675
[0.09107236]
676
[0.11061248]
677
[0.11651192]
678
[0.13697049]
679
[0.16176017]
680
[0.15941057]
681
[0.12685855]
682
[0.161819]
683
[0.10485504]
684
[0.17122171]
685
[0.08441906]
686
[0.15308338]
687
[0.1022383]
688
[0.24971371]
689
[0.14919115]
690
[0.1131716]
691
[0.13924486]
692
[0.17157107]
693
[0.15900907]
694
[0.10063291]
695
[0.21552341]
696
[0.1432265]
697
[0.11079026]
698
[0.11046655]
699
[0.13492192]
700
[0.13804538]
701
[0.22534895]
702
[0.10403864]
703
[0.20560938]
704
[0.10722703]
705
[0.18038818]
706
[0.13211734]
707
[0.09565085]
708
[0.21736686]
709
[0.16175619]
710
[0.10885655]
711
[0.13199845]
712
[0.14192377]
713
[0.12443065]
714
[0.105477]
715
[0.13586058]
716
[0.13613409]
717
[0.1312557]
718
[0.12217581]
719
[0.1328063]
720
[0.14158911]
721
[0.19378862]
722
[0.10474566]
723
[0.11461516]
724
[0.15793274]
725
[0.22745615]
726
[0.12524386]
727
[0.07600806]
728
[0.14685533]
729
[0.08031374]
730
[0.10180269]
731
[0.10827745]
732
[0.12894032]
733
[0.22117649]
734
[0.19372833]
735
[0.10493469]
736
[0.1272156]
737
[0.1165605]
738
[0.08452741]
739
[0.1734862]
740
[0.1326996]
741
[0.19284366]
742
[0.07618024]
743
[0.18831606]
744
[0.12432153]
745
[0.15404236]
746
[0.20905924]
747
[0.14158911]
748
[0.13966351]
749
[0.18632648]
750
[0.12422855]
751
[0.20692503]
752
[0.23572436]
753
[0.09870527]
754
[0.09782563]
755
[0.1253457]
756
[0.13949056]
757
[0.22368221]
758
[0.17531414]
759
[0.11241312]
760
[0.0940432]
761
[0.1207267]
762
[0.11826783]
763
[0.20749142]
764
[0.08846593]
765
[0.13633845]
766
[0.10759712]
767
[0.22006215]
768
[0.16136668]
769
[0.07522211]
770
[0.14448936]
771
[0.20952812]
772
[0.15265814]
773
[0.24183474]
774
[0.15379291]
775
[0.14429033]
776
[0.14503331]
777
[0.10488208]
778
[0.15232366]
779
[0.10387176]
780
[0.12459187]
781
[0.09797501]
782
[0.12882876]
783
[0.21481499]
784
[0.17258107]
785
[0.12090933]
786
[0.10907552]
787
[0.122526]
788
[0.09820229]
789
[0.08321603]
790
[0.12701075]
791
[0.13470977]
792
[0.14849908]
793
[0.12721277]
794
[0.15858521]
795
[0.12269207]
796
[0.10697643]
797
[0.09683918]
798
[0.09772476]
799
[0.12009656]
800
[0.16345866]
801
[0.13613131]
802
[0.15267463]
803
[0.12824605]
804
[0.20217107]
805
[0.09941441]
806
[0.11817459]
807
[0.1466425]
808
[0.13405918]
809
[0.09068502]
810
[0.17593437]
811
[0.18649063]
812
[0.25024123]
813
[0.09615508]
814
[0.17018715]
815
[0.1533897]
816
[0.16486683]
817
[0.11318404]
818
[0.15640266]
819
[0.13681966]
820
[0.16885286]
821
[0.18868011]
822
[0.12550435]
823
[0.21400062]
824
[0.15042447]
825
[0.12847025]
826
[0.11328895]
827
[0.15622713]
828
[0.12904644]
829
[0.08090307]
830
[0.1041671]
831
[0.12349597]
832
[0.12977593]
833
[0.10272411]
834
[0.11904569]
835
[0.13369594]
836
[0.09721673]
837
[0.13560304]
838
[0.1189627]
839
[0.10529347]
840
[0.10635836]
841
[0.19492887]
842
[0.09617032]
843
[0.13343506]
844
[0.10453328]
845
[0.23615215]
846
[0.11318385]
847
[0.14902152]
848
[0.12083224]
849
[0.14311902]
850
[0.10086469]
851
[0.12183733]
852
[0.14405738]
853
[0.18700811]
854
[0.13760122]
855
[0.14085892]
856
[0.09905786]
857
[0.10242483]
858
[0.12179249]
859
[0.09804906]
860
[0.12548126]
861
[0.12395255]
862
[0.16138858]
863
[0.19870564]
864
[0.10353564]
865
[0.11719433]
866
[0.10937867]
867
[0.15933582]
868
[0.12481574]
869
[0.14538206]
870
[0.08794212]
871
[0.16161007]
872
[0.12407602]
873
[0.11928635]
874
[0.13330226]
875
[0.11919444]
876
[0.18325142]
877
[0.14101991]
878
[0.15292615]
879
[0.10377995]
880
[0.17950302]
881
[0.13869539]
882
[0.10474501]
883
[0.1337279]
884
[0.1551012]
885
[0.10887887]
886
[0.13577405]
887
[0.19487111]
888
[0.12559732]
889
[0.15163918]
890
[0.12766473]
891
[0.2139148]
892
[0.09815683]
893
[0.20866076]
894
[0.08273407]
895
[0.1264877]
896
[0.09936028]
897
[0.09899676]
898
[0.14848532]
899
[0.21202747]
900
[0.10843584]
901
[0.21154761]
902
[0.18920906]
903
[0.12601587]
904
[0.12782543]
905
[0.11444781]
906
[0.0946494]
907
[0.08532539]
908
[0.16030076]
909
[0.09955278]
910
[0.13372501]
911
[0.14171623]
912
[0.10570643]
913
[0.12424764]
914
[0.12325241]
915
[0.13423566]
916
[0.11237153]
917
[0.23787286]
918
[0.10321525]
919
[0.13818439]
920
[0.12703122]
921
[0.14190835]
922
[0.12607025]
923
[0.13697195]
924
[0.13242887]
925
[0.12985684]
926
[0.1772917]
927
[0.11858368]
928
[0.14429749]
929
[0.11268298]
930
[0.11370445]
931
[0.12813553]
932
[0.14381072]
933
[0.13467039]
934
[0.1209815]
935
[0.09936746]
936
[0.15235689]
937
[0.13626256]
938
[0.12235508]
939
[0.12053968]
940
[0.13505187]
941
[0.14987908]
942
[0.15232235]
943
[0.13866112]
944
[0.16241778]
945
[0.18815188]
946
[0.11972731]
947
[0.13097129]
948
[0.15158982]
949
[0.12424591]
950
[0.14573168]
951
[0.09474746]
952
[0.18317542]
953
[0.21256506]
954
[0.11415955]
955
[0.16295968]
956
[0.1431306]
957
[0.11840591]
958
[0.17378208]
959
[0.13324883]
960
[0.17024758]
961
[0.13351029]
962
[0.19052128]
963
[0.13591886]
964
[0.14939605]
965
[0.11678525]
966
[0.12660764]
967
[0.121834]
968
[0.15101315]
969
[0.1223775]
970
[0.19558413]
971
[0.12894713]
972
[0.12520848]
973
[0.13430257]
974
[0.24306418]
975
[0.11260566]
976
[0.14976765]
977
[0.20005328]
978
[0.14987325]
979
[0.20969213]
980
[0.1905441]
981
[0.11299316]
982
[0.11039575]
983
[0.10450614]
984
[0.11020191]
985
[0.14844933]
986
[0.15407626]
987
[0.08933978]
988
[0.17774566]
989
[0.12003063]
990
[0.11265367]
991
[0.13573959]
992
[0.16463921]
993
[0.14749092]
994
[0.10806358]
995
[0.11094973]
996
[0.11991543]
997
[0.10494115]
998
[0.12875286]
999
[0.09468268]
1000
[0.14853113]
1001
[0.24203252]
1002
[0.18718393]
1003
[0.09999701]
1004
[0.12246113]
1005
[0.08592448]
1006
[0.09154598]
1007
[0.08412532]
1008
[0.20831452]
1009
[0.12047623]
1010
[0.09064253]
1011
[0.14177594]
1012
[0.13456182]
1013
[0.13073756]
1014
[0.13657958]
1015
[0.10368478]
1016
[0.2115159]
1017
[0.2173684]
1018
[0.11849776]
1019
[0.11474228]
1020
[0.11669603]
1021
[0.1829236]
1022
[0.17270981]
1023
[0.102029]
1024
[0.11510533]
1025
[0.17895107]
1026
[0.19856954]
1027
[0.12402349]
1028
[0.1765273]
1029
[0.18140436]
1030
[0.11588989]
1031
[0.07558433]
1032
[0.12269095]
1033
[0.07825655]
1034
[0.10202883]
1035
[0.19231878]
1036
[0.1038256]
1037
[0.14806772]
1038
[0.16114411]
1039
[0.11854009]
1040
[0.10658058]
1041
[0.12281702]
1042
[0.10690451]
1043
[0.13045387]
1044
[0.16526417]
1045
[0.11834692]
1046
[0.10145551]
1047
[0.1828413]
1048
[0.13670977]
1049
[0.20123879]
1050
[0.10302716]
1051
[0.17214194]
1052
[0.15090818]
1053
[0.1770009]
1054
[0.06999371]
1055
[0.09347165]
1056
[0.1057914]
1057
[0.07421751]
1058
[0.11328061]
1059
[0.1466163]
1060
[0.18378952]
1061
[0.13875002]
1062
[0.16066724]
1063
[0.09700265]
1064
[0.1821441]
1065
[0.12591228]
1066
[0.11185095]
1067
[0.1049981]
1068
[0.09429527]
1069
[0.13956131]
1070
[0.1298787]
1071
[0.16247694]
1072
[0.12817909]
1073
[0.21903402]
1074
[0.17477657]
1075
[0.14203944]
1076
[0.16733298]
1077
[0.14085551]
1078
[0.19480433]
1079
[0.14103236]
1080
[0.11624302]
1081
[0.1027438]
1082
[0.14659477]
1083
[0.06853649]
1084
[0.11574118]
1085
[0.10384432]
1086
[0.12373607]
1087
[0.1268016]
1088
[0.13585106]
1089
[0.19871117]
1090
[0.08999659]
1091
[0.10615297]
1092
[0.16709233]
1093
[0.20843852]
1094
[0.14769526]
1095
[0.14805504]
1096
[0.20830626]
1097
[0.12472474]
1098
[0.10978177]
1099
[0.10733786]
1100
[0.14744051]
1101
[0.16429515]
1102
[0.12155331]
1103
[0.12326603]
1104
[0.1138854]
1105
[0.09140356]
1106
[0.10320762]
1107
[0.13621495]
1108
[0.17014972]
1109
[0.10517081]
1110
[0.10511116]
1111
[0.11115497]
1112
[0.17068374]
1113
[0.13238737]
1114
[0.1122254]
1115
[0.13170122]
1116
[0.14708292]
1117
[0.10011678]
1118
[0.09902083]
1119
[0.1442697]
1120
[0.09513312]
1121
[0.11948097]
1122
[0.1393672]
1123
[0.20745728]
1124
[0.10608979]
1125
[0.14447934]
1126
[0.09101044]
1127
[0.18545387]
1128
[0.12983317]
1129
[0.16482014]
1130
[0.11543169]
1131
[0.14699376]
1132
[0.12303556]
1133
[0.21016803]
1134
[0.12206161]
1135
[0.08419267]
1136
[0.21147956]
1137
[0.1601306]
1138
[0.13204041]
1139
[0.19807953]
1140
[0.16589891]
1141
[0.12684952]
1142
[0.19931871]
1143
[0.23353253]
1144
[0.12972932]
1145
[0.10150121]
1146
[0.10865427]
1147
[0.1710576]
1148
[0.07857143]
1149
[0.11869423]
1150
[0.12946008]
1151
[0.23429655]
1152
[0.1416416]
1153
[0.10596253]
1154
[0.19409883]
1155
[0.16885043]
1156
[0.23116008]
1157
[0.10472566]
1158
[0.08640421]
1159
[0.23605146]
1160
[0.16446821]
1161
[0.1290701]
1162
[0.2323121]
1163
[0.15567511]
1164
[0.13076462]
1165
[0.18144749]
1166
[0.10615368]
1167
[0.1282029]
1168
[0.11116645]
1169
[0.10055404]
1170
[0.12205051]
1171
[0.18859791]
1172
[0.19199552]
1173
[0.08813581]
1174
[0.18942121]
1175
[0.21012415]
1176
[0.10142653]
1177
[0.19637264]
1178
[0.14261146]
1179
[0.17804132]
1180
[0.15814969]
1181
[0.11156988]
1182
[0.15462175]
1183
[0.21500363]
1184
[0.20834968]
1185
[0.09056832]
1186
[0.15375865]
1187
[0.22496703]
1188
[0.21954557]
1189
[0.19398175]
1190
[0.08838135]
1191
[0.22040602]
1192
[0.11524206]
1193
[0.1333273]
1194
[0.1255759]
1195
[0.19696098]
1196
[0.14950256]
1197
[0.12034322]
1198
[0.13829923]
1199
[0.14486444]
1200
[0.14031478]
1201
[0.13195607]
1202
[0.2277364]
1203
[0.21882603]
1204
[0.1211297]
1205
[0.11145515]
1206
[0.12591948]
1207
[0.07122257]
1208
[0.11963472]
1209
[0.11771644]
1210
[0.11248212]
1211
[0.23586092]
1212
[0.09918633]
1213
[0.12804232]
1214
[0.19873406]
1215
[0.21683634]
1216
[0.10470577]
1217
[0.09864118]
1218
[0.1731937]
1219
[0.16861564]
1220
[0.09307865]
1221
[0.12410906]
1222
[0.12720809]
1223
[0.1008483]
1224
[0.16667579]
1225
[0.14738971]
1226
[0.09979017]
1227
[0.12738046]
1228
[0.15519411]
1229
[0.14710163]
1230
[0.19276955]
1231
[0.24300421]
1232
[0.14062097]
1233
[0.15088218]
1234
[0.21483988]
1235
[0.07751582]
1236
[0.13025564]
1237
[0.12054475]
1238
[0.11070641]
1239
[0.09169227]
1240
[0.12623462]
1241
[0.10273156]
1242
[0.13236512]
1243
[0.15200775]
1244
[0.13110391]
1245
[0.12582448]
1246
[0.1904827]
1247
[0.12948131]
1248
[0.11660296]
1249
[0.10342108]
1250
[0.12003371]
1251
[0.13132523]
1252
[0.12657983]
1253
[0.11465094]
1254
[0.12814942]
1255
[0.09889818]
1256
[0.16464466]
1257
[0.1356651]
1258
[0.14548403]
1259
[0.08782015]
1260
[0.10202951]
1261
[0.1290515]
1262
[0.11923422]
1263
[0.13260395]
1264
[0.10983525]
1265
[0.21014408]
1266
[0.17941713]
1267
[0.1183726]
1268
[0.1125743]
1269
[0.1134639]
1270
[0.07193983]
1271
[0.11454887]
1272
[0.1387452]
1273
[0.11144498]
1274
[0.15260902]
1275
[0.12083514]
1276
[0.11133724]
1277
[0.08577102]
1278
[0.15352446]
1279
[0.18147705]
1280
[0.12584757]
1281
[0.14883836]
1282
[0.21278533]
1283
[0.12040857]
1284
[0.10374881]
1285
[0.12985737]
1286
[0.11328895]
1287
[0.09090524]
1288
[0.20293201]
1289
[0.1495612]
1290
[0.09235567]
1291
[0.24772606]
1292
[0.16074074]
1293
[0.23527633]
1294
[0.17266602]
1295
[0.14470298]
1296
[0.118471]
1297
[0.09824809]
1298
[0.08098037]
1299
[0.09477964]
1300
[0.10664789]
1301
[0.13670457]
1302
[0.17332447]
1303
[0.13232041]
1304
[0.20417132]
1305
[0.08131384]
1306
[0.10431514]
1307
[0.11022317]
1308
[0.07062037]
1309
[0.19719155]
1310
[0.11100362]
1311
[0.18993937]
1312
[0.12120601]
1313
[0.12283863]
1314
[0.0904638]
1315
[0.20628403]
1316
[0.15604788]
1317
[0.09919399]
1318
[0.1341372]
1319
[0.07821843]
1320
[0.13449933]
1321
[0.20028362]
1322
[0.17044391]
1323
[0.17575396]
1324
[0.11816828]
1325
[0.15835647]
1326
[0.17382422]
1327
[0.16652598]
1328
[0.12489689]
1329
[0.11020093]
1330
[0.09273807]
1331
[0.15008046]
1332
[0.10122208]
1333
[0.15025887]
1334
[0.12563359]
1335
[0.09402579]
1336
[0.14108418]
1337
[0.18655228]
1338
[0.1489745]
1339
[0.11186552]
1340
[0.17912579]
1341
[0.15710427]
1342
[0.16526773]
1343
[0.17486917]
1344
[0.11171159]
1345
[0.11842239]
1346
[0.20661995]
1347
[0.1364815]
1348
[0.11867345]
1349
[0.21921449]
1350
[0.2370669]
1351
[0.18294971]
1352
[0.14013918]
1353
[0.14229657]
1354
[0.13891107]
1355
[0.08889225]
1356
[0.14419918]
1357
[0.11153029]
1358
[0.10375656]
1359
[0.13554159]
1360
[0.09802613]
1361
[0.08361825]
1362
[0.12645095]
1363
[0.15420676]
1364
[0.18637487]
1365
[0.15930374]
1366
[0.11427593]
1367
[0.14477645]
1368
[0.11247787]
1369
[0.103949]
1370
[0.105267]
1371
[0.14906405]
1372
[0.18881245]
1373
[0.125241]
1374
[0.15132498]
1375
[0.10587516]
1376
[0.19359594]
1377
[0.1261978]
1378
[0.12112024]
1379
[0.14599317]
1380
[0.10645652]
1381
[0.11745244]
1382
[0.12620131]
1383
[0.09570488]
1384
[0.1093965]
1385
[0.14385583]
1386
[0.13847124]
1387
[0.12981935]
1388
[0.15110641]
1389
[0.21514601]
1390
[0.10098241]
1391
[0.12600401]
1392
[0.18865543]
1393
[0.11946574]
1394
[0.14966024]
1395
[0.13260147]
1396
[0.11418087]
1397
[0.11461164]
1398
[0.14451301]
1399
[0.10245075]
1400
[0.1305578]
1401
[0.1737604]
1402
[0.11606007]
1403
[0.16741039]
1404
[0.12942228]
1405
[0.14122067]
1406
[0.14216322]
1407
[0.11190705]
1408
[0.08583716]
1409
[0.15361308]
1410
[0.0810925]
1411
[0.17031438]
1412
[0.09804268]
1413
[0.10933539]
1414
[0.12259148]
1415
[0.17404387]
1416
[0.23114684]
1417
[0.17444563]
1418
[0.11252558]
1419
[0.09990476]
1420
[0.07702517]
1421
[0.17595093]
1422
[0.20062035]
1423
[0.16245496]
1424
[0.14085032]
1425
[0.08973719]
1426
[0.15036849]
1427
[0.09564109]
1428
[0.15955802]
1429
[0.22627112]
1430
[0.10120679]
1431
[0.18572202]
1432
[0.13517812]
1433
[0.1659858]
1434
[0.09155938]
1435
[0.17649795]
1436
[0.13165602]
1437
[0.06591505]
1438
[0.19223817]
1439
[0.19285709]
1440
[0.21448341]
1441
[0.12339495]
1442
[0.10430947]
1443
[0.17387738]
1444
[0.13511071]
1445
[0.2175113]
1446
[0.13623352]
1447
[0.09285158]
1448
[0.07503093]
1449
[0.15029439]
1450
[0.2507393]
1451
[0.15594859]
1452
[0.24683972]
1453
[0.14603317]
1454
[0.13184831]
1455
[0.22422135]
1456
[0.22466704]
1457
[0.11635907]
1458
[0.19652142]
1459
[0.2313284]
1460
[0.15053156]
1461
[0.21328023]
1462
[0.10461608]
1463
[0.14466154]
1464
[0.18769626]
1465
[0.14752428]
1466
[0.11557375]
1467
[0.18280919]
1468
[0.10796606]
1469
[0.0815958]
1470
[0.14556633]
1471
[0.09458214]
1472
[0.10414249]
1473
[0.19521798]
1474
[0.14178551]
1475
[0.13578426]
1476
[0.18409552]
1477
[0.20074064]
1478
[0.14773417]
1479
[0.07815148]
1480
[0.12090873]
1481
[0.08568837]
1482
[0.13209157]
1483
[0.12695115]
1484
[0.14047297]
1485
[0.13276022]
1486
[0.08871105]
1487
[0.10840961]
1488
[0.0953419]
1489
[0.11542746]
1490
[0.11163488]
1491
[0.10305679]
1492
[0.11239501]
1493
[0.13789035]
1494
[0.18302782]
1495
[0.11745674]
1496
[0.13586399]
1497
[0.10762371]
1498
[0.1302459]
1499
[0.2122602]
1500
[0.09543212]
1501
[0.09017998]
1502
[0.10446694]
1503
[0.11091162]
1504
[0.16584396]
1505
[0.19328004]
1506
[0.18892651]
1507
[0.14510525]
1508
[0.16381047]
1509
[0.1302331]
1510
[0.15153235]
1511
[0.14912001]
1512
[0.19416464]
1513
[0.22442129]
1514
[0.14723351]
1515
[0.09285119]
1516
[0.13878428]
1517
[0.24699185]
1518
[0.23678403]
1519
[0.14315152]
1520
[0.11360095]
1521
[0.13607466]
1522
[0.14817313]
1523
[0.10280727]
1524
[0.11813575]
1525
[0.1301204]
1526
[0.17078235]
1527
[0.10823964]
1528
[0.09956544]
1529
[0.15528953]
1530
[0.12394459]
1531
[0.17071753]
1532
[0.14069757]
1533
[0.10532399]
1534
[0.11912371]
1535
[0.1081569]
1536
[0.19432982]
1537
[0.14045538]
1538
[0.15205267]
1539
[0.15134324]
1540
[0.10360079]
1541
[0.19299833]
1542
[0.09545394]
1543
[0.15243706]
1544
[0.15218391]
1545
[0.10751253]
1546
[0.12420266]
1547
[0.12718163]
1548
[0.0996268]
1549
[0.13138207]
1550
[0.10649269]
1551
[0.13204912]
1552
[0.1325547]
1553
[0.12443977]
1554
[0.15062612]
1555
[0.11535998]
1556
[0.14969563]
1557
[0.17575747]
1558
[0.11858728]
1559
[0.12184934]
1560
[0.2433772]
1561
[0.11337119]
1562
[0.13696321]
1563
[0.15695615]
1564
[0.13660594]
1565
[0.17746855]
1566
[0.14942673]
1567
[0.09875217]
1568
[0.14812772]
1569
[0.13517274]
1570
[0.15224859]
1571
[0.1153104]
1572
[0.13226129]
1573
[0.12256874]
1574
[0.1197868]
1575
[0.13878464]
1576
[0.22436493]
1577
[0.10833596]
1578
[0.13767845]
1579
[0.08580508]
1580
[0.11607369]
1581
[0.14270234]
1582
[0.12078094]
1583
[0.09858846]
1584
[0.14436309]
1585
[0.13040249]
1586
[0.12709135]
1587
[0.106076]
1588
[0.14052638]
1589
[0.14668601]
1590
[0.19164449]
1591
[0.11821482]
1592
[0.12189766]
1593
[0.13073151]
1594
[0.0643446]
1595
[0.20860666]
1596
[0.18358671]
1597
[0.11342343]
1598
[0.14158765]
1599
[0.15510342]
1600
[0.15528158]
1601
[0.10219008]
1602
[0.23382133]
1603
[0.14978474]
1604
[0.16853306]
1605
[0.13141365]
1606
[0.12948844]
1607
[0.17408351]
1608
[0.12440891]
1609
[0.12881965]
1610
[0.13380744]
1611
[0.11156898]
1612
[0.16499523]
1613
[0.16740659]
1614
[0.09600689]
1615
[0.12597815]
1616
[0.21517342]
1617
[0.13434721]
1618
[0.1182422]
1619
[0.169616]
1620
[0.16793754]
1621
[0.14145025]
1622
[0.19325034]
1623
[0.20940612]
1624
[0.15576601]
1625
[0.10833696]
1626
[0.12905045]
1627
[0.09937713]
1628
[0.12219558]
1629
[0.09866302]
1630
[0.10766101]
1631
[0.11816849]
1632
[0.12024721]
1633
[0.12467278]
1634
[0.2280819]
1635
[0.13670977]
1636
[0.12004694]
1637
[0.10016707]
1638
[0.13274546]
1639
[0.19090295]
1640
[0.09860233]
1641
[0.11231308]
1642
[0.14002948]
1643
[0.20973116]
1644
[0.18940663]
1645
[0.15219939]
1646
[0.16644355]
1647
[0.13985247]
1648
[0.11740634]
1649
[0.17269015]
1650
[0.09871807]
1651
[0.24094633]
1652
[0.12143373]
1653
[0.10475005]
1654
[0.10884533]
1655
[0.11171147]
1656
[0.145198]
1657
[0.13052777]
1658
[0.15210712]
1659
[0.13002061]
1660
[0.11797746]
1661
[0.14391462]
1662
[0.12324973]
1663
[0.13518479]
1664
[0.13350998]
1665
[0.12504893]
1666
[0.13518222]
1667
[0.1446131]
1668
[0.11763177]
1669
[0.11645303]
1670
[0.1850673]
1671
[0.14819134]
1672
[0.13651071]
1673
[0.1496806]
1674
[0.17118583]
1675
[0.13948215]
1676
[0.13267019]
1677
[0.12567699]
1678
[0.11746832]
1679
[0.11312556]
1680
[0.13091302]
1681
[0.15654922]
1682
[0.09450015]
1683
[0.11694555]
1684
[0.08194995]
1685
[0.17628582]
1686
[0.09396283]
1687
[0.04826429]
1688
[0.18070538]
1689
[0.14747068]
1690
[0.10951566]
1691
[0.09699015]
1692
[0.15868792]
1693
[0.14811084]
1694
[0.07754294]
1695
[0.17465841]
1696
[0.10601652]
1697
[0.08773455]
1698
[0.10956761]
1699
[0.15785053]
1700
[0.14324916]
1701
[0.14362412]
1702
[0.10100002]
1703
[0.16326433]
1704
[0.17732259]
1705
[0.154566]
1706
[0.13830454]
1707
[0.13455493]
1708
[0.12213219]
1709
[0.11296115]
1710
[0.15865326]
1711
[0.15380916]
1712
[0.06072194]
1713
[0.12114885]
1714
[0.11691747]
1715
[0.16177997]
1716
[0.11206974]
1717
[0.11472919]
1718
[0.10123514]
1719
[0.11733121]
1720
[0.14208924]
1721
[0.19274943]
1722
[0.23059965]
1723
[0.10262346]
1724
[0.14452696]
1725
[0.12766275]
1726
[0.1164885]
1727
[0.17020855]
1728
[0.13248023]
1729
[0.08315964]
1730
[0.12481798]
1731
[0.10632563]
1732
[0.09519014]
1733
[0.10434558]
1734
[0.14812359]
1735
[0.21743039]
1736
[0.10455802]
1737
[0.19312401]
1738
[0.14480465]
1739
[0.16891341]
1740
[0.16592503]
1741
[0.15372837]
1742
[0.19578857]
1743
[0.10230638]
1744
[0.09255986]
1745
[0.05325548]
1746
[0.1478449]
1747
[0.12499936]
1748
[0.1360256]
1749
[0.2367812]
1750
[0.08572066]
1751
[0.2006241]
1752
[0.17133471]
1753
[0.14599072]
1754
[0.14730867]
1755
[0.19137063]
1756
[0.13514265]
1757
[0.18951198]
1758
[0.18349923]
1759
[0.12314506]
1760
[0.12096752]
1761
[0.1219513]
1762
[0.10358616]
1763
[0.13524871]
1764
[0.17149688]
1765
[0.19633026]
1766
[0.13767414]
1767
[0.1495103]
1768
[0.1246876]
1769
[0.13389291]
1770
[0.15182243]
1771
[0.21217943]
1772
[0.08179681]
1773
[0.11964941]
1774
[0.21728372]
1775
[0.13035172]
1776
[0.12246934]
1777
[0.13654741]
1778
[0.10349625]
1779
[0.1155703]
1780
[0.11310832]
1781
[0.1446857]
1782
[0.14843072]
1783
[0.13650819]
1784
[0.21861766]
1785
[0.15401731]
1786
[0.19780572]
1787
[0.10092324]
1788
[0.13755445]
1789
[0.1333994]
1790
[0.14602583]
1791
[0.14759348]
1792
[0.14191449]
1793
[0.20507352]
1794
[0.17147698]
1795
[0.11426481]
1796
[0.10870573]
1797
[0.12044509]
1798
[0.10568021]
1799
[0.11150193]
1800
[0.11429176]
1801
[0.13941267]
1802
[0.17830257]
1803
[0.1412202]
1804
[0.19618605]
1805
[0.22251877]
1806
[0.10616551]
1807
[0.15417519]
1808
[0.11185132]
1809
[0.15035152]
1810
[0.13782411]
1811
[0.1510188]
1812
[0.21742316]
1813
[0.11420168]
1814
[0.12183517]
1815
[0.07915282]
1816
[0.13738458]
1817
[0.08245848]
1818
[0.13824912]
1819
[0.10657324]
1820
[0.20652349]
1821
[0.14289994]
1822
[0.11467787]
1823
[0.12890283]
1824
[0.12986653]
1825
[0.1122523]
1826
[0.13018494]
1827
[0.14604909]
1828
[0.22735667]
1829
[0.13443923]
1830
[0.10358589]
1831
[0.15281838]
1832
[0.11112084]
1833
[0.08972819]
1834
[0.1889389]
1835
[0.12668525]
1836
[0.10232281]
1837
[0.09678925]
1838
[0.16000708]
1839
[0.11208494]
1840
[0.14851949]
1841
[0.17625214]
1842
[0.17671162]
1843
[0.08698122]
1844
[0.14428143]
1845
[0.10479278]
1846
[0.15510778]
1847
[0.12751149]
1848
[0.1810588]
1849
[0.16597475]
1850
[0.11660979]
1851
[0.15525395]
1852
[0.14031881]
1853
[0.15752831]
1854
[0.20068089]
1855
[0.24755394]
1856
[0.13327118]
1857
[0.09512597]
1858
[0.13711106]
1859
[0.09264555]
1860
[0.09652148]
1861
[0.13959342]
1862
[0.10327047]
1863
[0.13088065]
1864
[0.10689157]
1865
[0.13779087]
1866
[0.11760027]
1867
[0.17557226]
1868
[0.09135476]
1869
[0.15993374]
1870
[0.12012002]
1871
[0.17766827]
1872
[0.14952129]
1873
[0.12295157]
1874
[0.15126509]
1875
[0.1820998]
1876
[0.13810073]
1877
[0.12899329]
1878
[0.14352323]
1879
[0.14403664]
1880
[0.11914415]
1881
[0.18562277]
1882
[0.1463483]
1883
[0.08515642]
1884
[0.16857314]
1885
[0.22816543]
1886
[0.142913]
1887
[0.13636004]
1888
[0.09217038]
1889
[0.145071]
1890
[0.1170975]
1891
[0.13238225]
1892
[0.21192162]
1893
[0.22165822]
1894
[0.09731059]
1895
[0.11920297]
1896
[0.11546281]
1897
[0.10438501]
1898
[0.11663082]
1899
[0.18026578]
1900
[0.15434155]
1901
[0.12890283]
1902
[0.24060962]
1903
[0.10377997]
1904
[0.18821519]
1905
[0.12552265]
1906
[0.19609296]
1907
[0.14399004]
1908
[0.14006467]
1909
[0.12986529]
1910
[0.0996268]
1911
[0.11181481]
1912
[0.20918631]
1913
[0.09639225]
1914
[0.10380961]
1915
[0.24507607]
1916
[0.07182124]
1917
[0.19024041]
1918
[0.14158911]
1919
[0.11511332]
1920
[0.11255197]
1921
[0.10398591]
1922
[0.11148182]
1923
[0.10307447]
1924
[0.12585704]
1925
[0.1483227]
1926
[0.20382047]
1927
[0.13949726]
1928
[0.2424046]
1929
[0.11539817]
1930
[0.10450614]
1931
[0.12274079]
1932
[0.12899262]
1933
[0.10366013]
1934
[0.15016305]
1935
[0.10169176]
1936
[0.11189581]
1937
[0.12098456]
1938
[0.11123257]
1939
[0.20229724]
1940
[0.13464235]
1941
[0.09084397]
1942
[0.13875797]
1943
[0.12073935]
1944
[0.2201595]
1945
[0.07978577]
1946
[0.17928869]
1947
[0.07743727]
1948
[0.14285619]
1949
[0.10151376]
1950
[0.11899292]
1951
[0.11872035]
1952
[0.10450614]
1953
[0.13317407]
1954
[0.10959309]
1955
[0.15832019]
1956
[0.10399398]
1957
[0.09389393]
1958
[0.1870701]
1959
[0.09599409]
1960
[0.12853681]
1961
[0.22170625]
1962
[0.11036134]
1963
[0.10196751]
1964
[0.13378217]
1965
[0.09393414]
1966
[0.11550587]
1967
[0.14986466]
1968
[0.1492247]
1969
[0.19326945]
1970
[0.14561338]
1971
[0.08878389]
1972
[0.11330912]
1973
[0.10645323]
1974
[0.2245906]
1975
[0.12414168]
1976
[0.23535537]
1977
[0.13515136]
1978
[0.10218295]
1979
[0.06858044]
1980
[0.15160987]
1981
[0.1435149]
1982
[0.10365242]
1983
[0.12481229]
1984
[0.16041004]
1985
[0.12150093]
1986
[0.10205827]
1987
[0.12905408]
1988
[0.13670977]
1989
[0.14800593]
1990
[0.17303133]
1991
[0.07674548]
1992
[0.14490429]
1993
[0.09785921]
1994
[0.18222426]
1995
[0.07670339]
1996
[0.11629714]
1997
[0.13729005]
1998
[0.10256029]
1999
[0.13586632]
[1] 16000    11
[1] 16000    11
