LOADING R
R LOADED
[1] "/home/lvanderl/Rlibs2"                         
[2] "/app/software/R/4.3.1-gfbf-2022b/lib/R/library"
[1] "/home/lvanderl/sieveSims"
[1] "rf 1 2.5"
[1] "histogram binning"
[1] 0.04179425
[1] 0.04179425
[1] "mondrian"
[1] "iso"
[1] 0.04179425
[1] "conditional"
[   10.            11.51395399    13.25711366    15.26417967
    17.57510625    20.23589648    23.29951811    26.82695795
    30.88843596    35.56480306    40.94915062    47.14866363
    54.28675439    62.50551925    71.9685673     82.86427729
    95.40954763   109.8541142    126.48552169   145.63484775
   167.68329368   193.06977289   222.29964825   255.95479227
   294.70517026   339.32217719   390.69399371   449.8432669
   517.94746792   596.36233166   686.648845     790.60432109
   910.29817799  1048.11313415  1206.79264064  1389.49549437
  1599.85871961  1842.06996933  2120.95088792  2442.05309455
  2811.76869797  3237.45754282  3727.59372031  4291.93426013
  4941.71336132  5689.86602902  6551.2855686   7543.12006335
  8685.11373751 10000.        ]
[ 0.10146266  0.10275507  0.10204084  0.11461663  0.10509909  0.11501005
  0.10885493  0.10997384  0.12620744  0.11941702  0.13014275  0.11690197
  0.16467506  0.1502011   0.11855661  0.15768615  0.20586092  0.16885633
  0.17384138  0.18957769  0.22030822  0.23131852  0.24156914  0.19151182
  0.27083212  0.41048224  0.45120471  0.54804389  0.56750117  0.68830552
  0.77429153  0.78846418  0.98283342  1.2688327   1.45855003  1.89272152
  1.50629794  1.9908515   1.50799433  1.87413707  2.22240215  4.13894334
  4.91774144  4.28044684  5.30087719  7.34475488  5.52308867 11.87088807
  6.5928226   6.73014825]
10.0
0.1
0
[0.12175972]
1
[0.11221531]
2
[0.11192921]
3
[0.1398201]
4
[0.09138231]
5
[0.17062496]
6
[0.12331278]
7
[0.15706943]
8
[0.11224926]
9
[0.10623326]
10
[0.06691454]
11
[0.11828749]
12
[0.14613932]
13
[0.17061954]
14
[0.1734424]
15
[0.06463603]
16
[0.07003165]
17
[0.12699879]
18
[0.13660896]
19
[0.17344644]
20
[0.1639062]
21
[0.1298333]
22
[0.17130029]
23
[0.11430384]
24
[0.04191067]
25
[0.11251765]
26
[0.08743562]
27
[0.17198052]
28
[0.11233424]
29
[0.16157057]
30
[0.06200748]
31
[0.0912706]
32
[0.17277277]
33
[0.03559887]
34
[0.12357953]
35
[0.12891216]
36
[0.16770046]
37
[0.06290883]
38
[0.13576694]
39
[0.15857409]
40
[0.13270429]
41
[0.11704827]
42
[0.07793065]
43
[0.15515486]
44
[0.15820576]
45
[0.16808864]
46
[0.17346007]
47
[0.1123831]
48
[0.1297653]
49
[0.16481401]
50
[0.16278908]
51
[0.17195572]
52
[0.11362993]
53
[0.13729746]
54
[0.15697174]
55
[0.15729038]
56
[0.10504222]
57
[0.04994261]
58
[0.17326187]
59
[0.1719081]
60
[0.05258953]
61
[0.06328066]
62
[0.16824382]
63
[0.14157984]
64
[0.09989228]
65
[0.05828698]
66
[0.17319436]
67
[0.14481219]
68
[0.11295282]
69
[0.14399576]
70
[0.11555845]
71
[0.1620409]
72
[0.0433521]
73
[0.17314706]
74
[0.11656464]
75
[0.11974326]
76
[0.11408099]
77
[0.09395167]
78
[0.15754411]
79
[0.07771116]
80
[0.11236456]
81
[0.16379182]
82
[0.07092687]
83
[0.10596667]
84
[0.17022464]
85
[0.16032407]
86
[0.17346596]
87
[0.05228373]
88
[0.157754]
89
[0.12563424]
90
[0.11238871]
91
[0.07171904]
92
[0.11438857]
93
[0.15813044]
94
[0.13506337]
95
[0.10571875]
96
[0.17295335]
97
[0.11231052]
98
[0.05294545]
99
[0.17334603]
100
[0.17211683]
101
[0.15122257]
102
[0.11240441]
103
[0.15575796]
104
[0.11648448]
105
[0.11245872]
106
[0.04189638]
107
[0.16538878]
108
[0.11149708]
109
[0.07076443]
110
[0.16331548]
111
[0.13772241]
112
[0.15191497]
113
[0.12481758]
114
[0.16867783]
115
[0.14504052]
116
[0.11987855]
117
[0.15603567]
118
[0.1734145]
119
[0.11424479]
120
[0.04383804]
121
[0.15516989]
122
[0.11553163]
123
[0.15602634]
124
[0.14218064]
125
[0.1536109]
126
[0.17300691]
127
[0.08297886]
128
[0.0780006]
129
[0.14189174]
130
[0.17335223]
131
[0.13795689]
132
[0.11390614]
133
[0.16868155]
134
[0.13448284]
135
[0.12089066]
136
[0.1122066]
137
[0.1005864]
138
[0.08249251]
139
[0.16541794]
140
[0.05708793]
141
[0.16267914]
142
[0.1155913]
143
[0.08087417]
144
[0.11286126]
145
[0.03936055]
146
[0.11304359]
147
[0.17075965]
148
[0.16758586]
149
[0.16714163]
150
[0.17311107]
151
[0.11313908]
152
[0.12838186]
153
[0.09988816]
154
[0.17149864]
155
[0.11451511]
156
[0.12640919]
157
[0.15431636]
158
[0.14801742]
159
[0.1662484]
160
[0.10381799]
161
[0.07558152]
162
[0.09627481]
163
[0.15645443]
164
[0.13517508]
165
[0.17126784]
166
[0.12099472]
167
[0.14571773]
168
[0.11562211]
169
[0.11327159]
170
[0.1140381]
171
[0.10335583]
172
[0.11230906]
173
[0.17202336]
174
[0.11247433]
175
[0.17344812]
176
[0.13276237]
177
[0.11416599]
178
[0.15442729]
179
[0.07101247]
180
[0.14223108]
181
[0.17201213]
182
[0.10025866]
183
[0.16041791]
184
[0.11857579]
185
[0.16940033]
186
[0.0888773]
187
[0.10647871]
188
[0.11461049]
189
[0.11511367]
190
[0.05767333]
191
[0.13506803]
192
[0.11262264]
193
[0.17257891]
194
[0.11342022]
195
[0.11289791]
196
[0.14497947]
197
[0.15172037]
198
[0.15333665]
199
[0.17251257]
200
[0.16566987]
201
[0.11285893]
202
[0.16698434]
203
[0.15700409]
204
[0.17039959]
205
[0.07135356]
206
[0.14723682]
207
[0.13453847]
208
[0.17302274]
209
[0.08862114]
210
[0.07937529]
211
[0.1650876]
212
[0.16194256]
213
[0.06982124]
214
[0.1667125]
215
[0.13236688]
216
[0.07446815]
217
[0.13254413]
218
[0.12039866]
219
[0.11651789]
220
[0.14191332]
221
[0.10232562]
222
[0.16773443]
223
[0.11137531]
224
[0.11866155]
225
[0.17293746]
226
[0.11689264]
227
[0.17331496]
228
[0.12223535]
229
[0.12170669]
230
[0.11348163]
231
[0.10929853]
232
[0.11228417]
233
[0.09810679]
234
[0.04920107]
235
[0.0664129]
236
[0.10351864]
237
[0.07867927]
238
[0.09528846]
239
[0.16544619]
240
[0.14494906]
241
[0.16520549]
242
[0.17230939]
243
[0.0748276]
244
[0.1508913]
245
[0.05349486]
246
[0.13909624]
247
[0.11220601]
248
[0.11150573]
249
[0.11235449]
250
[0.11230974]
251
[0.11705695]
252
[0.11436811]
253
[0.03802767]
254
[0.09038168]
255
[0.17142674]
256
[0.17150617]
257
[0.13214934]
258
[0.17294602]
259
[0.17336807]
260
[0.12747101]
261
[0.11426802]
262
[0.13047773]
263
[0.1086787]
264
[0.11269559]
265
[0.1707261]
266
[0.11694949]
267
[0.04587833]
268
[0.17218566]
269
[0.1514507]
270
[0.08648585]
271
[0.15097407]
272
[0.17173062]
273
[0.0792594]
274
[0.17346641]
275
[0.1101808]
276
[0.1626727]
277
[0.07749182]
278
[0.11418098]
279
[0.10536155]
280
[0.06764969]
281
[0.1490034]
282
[0.1126027]
283
[0.16747513]
284
[0.14820004]
285
[0.09196145]
286
[0.11222989]
287
[0.15078786]
288
[0.07659994]
289
[0.13797355]
290
[0.11471454]
291
[0.16506399]
292
[0.1567521]
293
[0.13797052]
294
[0.15106209]
295
[0.1654565]
296
[0.13481984]
297
[0.15000663]
298
[0.15148331]
299
[0.06540643]
300
[0.16548639]
301
[0.16970111]
302
[0.11615691]
303
[0.11364269]
304
[0.1730466]
305
[0.17215981]
306
[0.13605139]
307
[0.14227862]
308
[0.15673047]
309
[0.1732432]
310
[0.11220806]
311
[0.15735141]
312
[0.12645789]
313
[0.08993414]
314
[0.14675741]
315
[0.03297919]
316
[0.16917471]
317
[0.17151962]
318
[0.11223874]
319
[0.10669112]
320
[0.12422825]
321
[0.12686725]
322
[0.04464333]
323
[0.11353553]
324
[0.03747763]
325
[0.11240933]
326
[0.1208073]
327
[0.17271852]
328
[0.12595872]
329
[0.11630438]
330
[0.17345661]
331
[0.11431]
332
[0.16534586]
333
[0.11944186]
334
[0.11745815]
335
[0.08896468]
336
[0.17171651]
337
[0.14341792]
338
[0.13999917]
339
[0.11278721]
340
[0.17122991]
341
[0.15681937]
342
[0.13615259]
343
[0.15677887]
344
[0.13935837]
345
[0.1717559]
346
[0.11283425]
347
[0.12587442]
348
[0.17303667]
349
[0.13154664]
350
[0.11829526]
351
[0.12761407]
352
[0.11532883]
353
[0.15266848]
354
[0.17341759]
355
[0.17304486]
356
[0.16472554]
357
[0.17265665]
358
[0.10038081]
359
[0.1580159]
360
[0.1290687]
361
[0.14212633]
362
[0.14968601]
363
[0.17308159]
364
[0.07080879]
365
[0.13909185]
366
[0.16128869]
367
[0.12560819]
368
[0.15251575]
369
[0.14353947]
370
[0.13322277]
371
[0.16563362]
372
[0.17148677]
373
[0.11236149]
374
[0.14853943]
375
[0.11258095]
376
[0.08570643]
377
[0.07255213]
378
[0.16980501]
379
[0.10998034]
380
[0.13666164]
381
[0.1566005]
382
[0.1718261]
383
[0.16661753]
384
[0.15967663]
385
[0.05221813]
386
[0.16191657]
387
[0.06758822]
388
[0.15536141]
389
[0.17235934]
390
[0.11272895]
391
[0.16412666]
392
[0.11236123]
393
[0.11296234]
394
[0.12655543]
395
[0.15088815]
396
[0.17346332]
397
[0.11339963]
398
[0.10855994]
399
[0.05866507]
400
[0.1435857]
401
[0.14326309]
402
[0.1451094]
403
[0.16608387]
404
[0.13386376]
405
[0.15902344]
406
[0.1729587]
407
[0.1734296]
408
[0.16418216]
409
[0.17035458]
410
[0.13956647]
411
[0.1269377]
412
[0.16582972]
413
[0.12437565]
414
[0.1396305]
415
[0.11701148]
416
[0.15718665]
417
[0.11225783]
418
[0.13683552]
419
[0.15539369]
420
[0.14229223]
421
[0.17343375]
422
[0.113211]
423
[0.1159474]
424
[0.16407073]
425
[0.06712159]
426
[0.04035941]
427
[0.08007289]
428
[0.14089026]
429
[0.11516551]
430
[0.07817647]
431
[0.17147821]
432
[0.16765419]
433
[0.0734231]
434
[0.16553069]
435
[0.16034225]
436
[0.17332039]
437
[0.07102617]
438
[0.12395619]
439
[0.17165844]
440
[0.12555975]
441
[0.14417677]
442
[0.15450919]
443
[0.11227609]
444
[0.07272012]
445
[0.13742555]
446
[0.05596472]
447
[0.12541548]
448
[0.07087688]
449
[0.16165305]
450
[0.1715888]
451
[0.07012199]
452
[0.15806734]
453
[0.16968539]
454
[0.13542878]
455
[0.16380041]
456
[0.11247544]
457
[0.17076573]
458
[0.1321226]
459
[0.13585187]
460
[0.1334373]
461
[0.12388578]
462
[0.08893907]
463
[0.16392101]
464
[0.14089908]
465
[0.15106333]
466
[0.09427343]
467
[0.12512722]
468
[0.17256561]
469
[0.14918554]
470
[0.11809235]
471
[0.11912571]
472
[0.12601455]
473
[0.17189997]
474
[0.04126357]
475
[0.13523013]
476
[0.158265]
477
[0.1121996]
478
[0.05059676]
479
[0.16980403]
480
[0.15004864]
481
[0.15237388]
482
[0.173309]
483
[0.16679565]
484
[0.11336511]
485
[0.17209728]
486
[0.16286066]
487
[0.17320495]
488
[0.167946]
489
[0.12731196]
490
[0.17346404]
491
[0.13500125]
492
[0.112294]
493
[0.11145099]
494
[0.11944458]
495
[0.13067412]
496
[0.11274716]
497
[0.09210715]
498
[0.12606816]
499
[0.13303672]
500
[0.11140292]
501
[0.11301392]
502
[0.09473451]
503
[0.12053338]
504
[0.14925461]
505
[0.04748449]
506
[0.17149144]
507
[0.12369443]
508
[0.17201358]
509
[0.1435464]
510
[0.08913524]
511
[0.051267]
512
[0.11677664]
513
[0.11311409]
514
[0.13364156]
515
[0.03471226]
516
[0.11493931]
517
[0.13703643]
518
[0.17165754]
519
[0.16289676]
520
[0.11383141]
521
[0.17333659]
522
[0.17111626]
523
[0.13007998]
524
[0.1671106]
525
[0.16727303]
526
[0.06915971]
527
[0.16804948]
528
[0.11326384]
529
[0.17311161]
530
[0.14001905]
531
[0.17071593]
532
[0.15427308]
533
[0.16762024]
534
[0.17191448]
535
[0.132395]
536
[0.13806945]
537
[0.11289355]
538
[0.14426357]
539
[0.17345527]
540
[0.06049493]
541
[0.11609557]
542
[0.11385077]
543
[0.13041318]
544
[0.12166504]
545
[0.07703202]
546
[0.04431669]
547
[0.12008064]
548
[0.05542536]
549
[0.13050445]
550
[0.17247263]
551
[0.11492766]
552
[0.11249613]
553
[0.1226073]
554
[0.16713596]
555
[0.14409092]
556
[0.1264475]
557
[0.11232119]
558
[0.10512309]
559
[0.11901114]
560
[0.11236232]
561
[0.11733927]
562
[0.13975267]
563
[0.16930175]
564
[0.11266261]
565
[0.07246926]
566
[0.16273296]
567
[0.16672705]
568
[0.04936715]
569
[0.13321204]
570
[0.11703864]
571
[0.11480241]
572
[0.17064969]
573
[0.05962232]
574
[0.14537516]
575
[0.16009199]
576
[0.11226018]
577
[0.09670847]
578
[0.11289341]
579
[0.15928418]
580
[0.10607812]
581
[0.17017061]
582
[0.10082739]
583
[0.12477357]
584
[0.11893502]
585
[0.15116441]
586
[0.03632345]
587
[0.12636223]
588
[0.17266188]
589
[0.11224819]
590
[0.17335208]
591
[0.06828704]
592
[0.13757119]
593
[0.1530866]
594
[0.06595612]
595
[0.12063548]
596
[0.06451792]
597
[0.16809618]
598
[0.11252322]
599
[0.15819094]
600
[0.17312677]
601
[0.11426492]
602
[0.04276818]
603
[0.15200849]
604
[0.17324121]
605
[0.11381095]
606
[0.13186633]
607
[0.16618669]
608
[0.15480121]
609
[0.11258525]
610
[0.1269456]
611
[0.06423353]
612
[0.11916321]
613
[0.11433325]
614
[0.11329051]
615
[0.15410305]
616
[0.07846454]
617
[0.17334076]
618
[0.15605924]
619
[0.12438951]
620
[0.03705126]
621
[0.15238651]
622
[0.16476585]
623
[0.16645361]
624
[0.04185258]
625
[0.1300604]
626
[0.11443036]
627
[0.17325768]
628
[0.1573985]
629
[0.07367427]
630
[0.16727358]
631
[0.11248946]
632
[0.16641374]
633
[0.13572094]
634
[0.10320605]
635
[0.1127748]
636
[0.15320833]
637
[0.14379125]
638
[0.03436726]
639
[0.17344787]
640
[0.17018519]
641
[0.12743262]
642
[0.14127199]
643
[0.11977271]
644
[0.17165957]
645
[0.06148742]
646
[0.04424821]
647
[0.15897602]
648
[0.12763413]
649
[0.16608582]
650
[0.13781302]
651
[0.11510206]
652
[0.03992732]
653
[0.12958594]
654
[0.15059782]
655
[0.15467045]
656
[0.16906203]
657
[0.12492683]
658
[0.0636821]
659
[0.14885233]
660
[0.16055255]
661
[0.16488858]
662
[0.11244713]
663
[0.17232206]
664
[0.12044688]
665
[0.04645859]
666
[0.11480441]
667
[0.13486367]
668
[0.17009183]
669
[0.15452303]
670
[0.1726706]
671
[0.13492472]
672
[0.07001927]
673
[0.03495553]
674
[0.14249524]
675
[0.15397423]
676
[0.16881207]
677
[0.14278739]
678
[0.11259293]
679
[0.13856076]
680
[0.15695973]
681
[0.14979982]
682
[0.14408484]
683
[0.13980377]
684
[0.11284838]
685
[0.16563369]
686
[0.11887611]
687
[0.11230099]
688
[0.13128774]
689
[0.16998039]
690
[0.11756812]
691
[0.12493698]
692
[0.15985236]
693
[0.12444731]
694
[0.1727909]
695
[0.12319846]
696
[0.13766793]
697
[0.1674795]
698
[0.11676019]
699
[0.147965]
700
[0.06408182]
701
[0.16301892]
702
[0.11549085]
703
[0.17044597]
704
[0.07443337]
705
[0.0623398]
706
[0.16258635]
707
[0.12467275]
708
[0.12785897]
709
[0.15587598]
710
[0.13409583]
711
[0.16834392]
712
[0.04289872]
713
[0.12050531]
714
[0.15945731]
715
[0.1426632]
716
[0.15686333]
717
[0.11307966]
718
[0.15659261]
719
[0.13802242]
720
[0.04594291]
721
[0.11221936]
722
[0.1707516]
723
[0.1092346]
724
[0.13005197]
725
[0.16422356]
726
[0.12872611]
727
[0.07082061]
728
[0.14567658]
729
[0.16069229]
730
[0.15165309]
731
[0.15797744]
732
[0.05539942]
733
[0.11222877]
734
[0.07401104]
735
[0.13268103]
736
[0.11601909]
737
[0.09527857]
738
[0.08750832]
739
[0.0913924]
740
[0.11379639]
741
[0.15385837]
742
[0.16727986]
743
[0.1145302]
744
[0.16982787]
745
[0.16343334]
746
[0.14082987]
747
[0.11472875]
748
[0.04514461]
749
[0.16662273]
750
[0.15473091]
751
[0.11246022]
752
[0.11297619]
753
[0.13935047]
754
[0.17332898]
755
[0.09403655]
756
[0.16873689]
757
[0.15494878]
758
[0.1134799]
759
[0.13555446]
760
[0.11611627]
761
[0.1130288]
762
[0.15938736]
763
[0.11532558]
764
[0.12798165]
765
[0.17059398]
766
[0.11364566]
767
[0.11325904]
768
[0.1434026]
769
[0.15310683]
770
[0.12886386]
771
[0.14952563]
772
[0.12095485]
773
[0.17052734]
774
[0.11448516]
775
[0.11901899]
776
[0.11478072]
777
[0.17069324]
778
[0.1122004]
779
[0.17011084]
780
[0.1437216]
781
[0.14590149]
782
[0.12850068]
783
[0.15922723]
784
[0.17034528]
785
[0.11278995]
786
[0.04340784]
787
[0.09853028]
788
[0.12504651]
789
[0.17141088]
790
[0.08869266]
791
[0.10847978]
792
[0.16188248]
793
[0.11447404]
794
[0.16948586]
795
[0.16162092]
796
[0.17328803]
797
[0.13375741]
798
[0.1533416]
799
[0.10382676]
800
[0.17259217]
801
[0.17108386]
802
[0.16905832]
803
[0.11475215]
804
[0.1713817]
805
[0.17287102]
806
[0.04765975]
807
[0.11300917]
808
[0.14427288]
809
[0.11360742]
810
[0.1142543]
811
[0.13279316]
812
[0.13749895]
813
[0.11395371]
814
[0.04415864]
815
[0.14628499]
816
[0.17180831]
817
[0.17346141]
818
[0.17320197]
819
[0.14299027]
820
[0.04296007]
821
[0.16004375]
822
[0.11426727]
823
[0.15473711]
824
[0.04854087]
825
[0.12868116]
826
[0.11897791]
827
[0.1031303]
828
[0.15172618]
829
[0.12764157]
830
[0.0452871]
831
[0.16950247]
832
[0.16073715]
833
[0.14703922]
834
[0.15755045]
835
[0.12210489]
836
[0.09207499]
837
[0.13696757]
838
[0.14690056]
839
[0.16920682]
840
[0.11246383]
841
[0.10078595]
842
[0.1255424]
843
[0.04091219]
844
[0.16268767]
845
[0.16053935]
846
[0.14883619]
847
[0.16991295]
848
[0.12346671]
849
[0.09357832]
850
[0.17197906]
851
[0.15635443]
852
[0.07597871]
853
[0.13635235]
854
[0.16966664]
855
[0.16842414]
856
[0.16292156]
857
[0.15337598]
858
[0.11228816]
859
[0.13846028]
860
[0.11494767]
861
[0.03459288]
862
[0.1716631]
863
[0.11272365]
864
[0.11900204]
865
[0.16869885]
866
[0.13520222]
867
[0.10130781]
868
[0.17261206]
869
[0.07020541]
870
[0.11337704]
871
[0.17303764]
872
[0.13191106]
873
[0.15543546]
874
[0.17133347]
875
[0.17331777]
876
[0.14494122]
877
[0.1513146]
878
[0.13313234]
879
[0.0401794]
880
[0.11249847]
881
[0.0643519]
882
[0.14858555]
883
[0.11493233]
884
[0.12407151]
885
[0.16199305]
886
[0.17262429]
887
[0.12921418]
888
[0.16725423]
889
[0.15307679]
890
[0.11450365]
891
[0.04607143]
892
[0.11516004]
893
[0.16210929]
894
[0.16724453]
895
[0.1127151]
896
[0.15868138]
897
[0.15765421]
898
[0.11299397]
899
[0.04878433]
900
[0.05955414]
901
[0.11229127]
902
[0.16208903]
903
[0.1492343]
904
[0.1240724]
905
[0.03810117]
906
[0.17335176]
907
[0.17336459]
908
[0.16494164]
909
[0.06638456]
910
[0.173433]
911
[0.11402446]
912
[0.11652562]
913
[0.11822608]
914
[0.14511009]
915
[0.07210787]
916
[0.11846305]
917
[0.13714495]
918
[0.03464607]
919
[0.1725518]
920
[0.10832227]
921
[0.16990071]
922
[0.07411071]
923
[0.11231857]
924
[0.16763562]
925
[0.16353543]
926
[0.1706022]
927
[0.11295804]
928
[0.03410546]
929
[0.1456037]
930
[0.11272289]
931
[0.14014478]
932
[0.17297115]
933
[0.16509259]
934
[0.0623589]
935
[0.15764478]
936
[0.14145245]
937
[0.16297605]
938
[0.11225288]
939
[0.16097447]
940
[0.09549109]
941
[0.09770914]
942
[0.15773713]
943
[0.0815904]
944
[0.15608125]
945
[0.14439016]
946
[0.15850941]
947
[0.17346419]
948
[0.17108841]
949
[0.1179056]
950
[0.17323219]
951
[0.12029894]
952
[0.112938]
953
[0.06414686]
954
[0.05658644]
955
[0.14266381]
956
[0.1236219]
957
[0.16771649]
958
[0.12182962]
959
[0.16384466]
960
[0.13367536]
961
[0.11811148]
962
[0.12294964]
963
[0.15020892]
964
[0.11727097]
965
[0.09763781]
966
[0.11104706]
967
[0.17340734]
968
[0.13138929]
969
[0.12006173]
970
[0.11335559]
971
[0.16194935]
972
[0.12174975]
973
[0.1637749]
974
[0.17089751]
975
[0.09348161]
976
[0.04982814]
977
[0.11230315]
978
[0.11643066]
979
[0.11121849]
980
[0.1514735]
981
[0.11263007]
982
[0.14404576]
983
[0.17084933]
984
[0.12084816]
985
[0.04181041]
986
[0.0487075]
987
[0.10027064]
988
[0.05326208]
989
[0.15484545]
990
[0.06799384]
991
[0.17234328]
992
[0.16660454]
993
[0.11233353]
994
[0.10350039]
995
[0.11336894]
996
[0.17276632]
997
[0.16892882]
998
[0.15854305]
999
[0.13915839]
1000
[0.08377161]
1001
[0.07095668]
1002
[0.15050256]
1003
[0.13168651]
1004
[0.15019838]
1005
[0.15666583]
1006
[0.11376441]
1007
[0.1444087]
1008
[0.12303313]
1009
[0.13025923]
1010
[0.12126243]
1011
[0.13840957]
1012
[0.11344984]
1013
[0.05896209]
1014
[0.14440901]
1015
[0.10308324]
1016
[0.16895425]
1017
[0.12014196]
1018
[0.13054103]
1019
[0.1333747]
1020
[0.07117223]
1021
[0.13644075]
1022
[0.14696282]
1023
[0.17276966]
1024
[0.07986307]
1025
[0.172775]
1026
[0.03500609]
1027
[0.1682]
1028
[0.1208337]
1029
[0.16816595]
1030
[0.1728679]
1031
[0.13553546]
1032
[0.1146333]
1033
[0.15626326]
1034
[0.17346408]
1035
[0.17279207]
1036
[0.03662893]
1037
[0.11422171]
1038
[0.13084902]
1039
[0.10462279]
1040
[0.14949211]
1041
[0.17208503]
1042
[0.1719591]
1043
[0.13015209]
1044
[0.15460933]
1045
[0.0490986]
1046
[0.12659889]
1047
[0.12588955]
1048
[0.1624334]
1049
[0.13831033]
1050
[0.15446987]
1051
[0.04575612]
1052
[0.17194073]
1053
[0.11459944]
1054
[0.11238447]
1055
[0.15886231]
1056
[0.11222265]
1057
[0.14066144]
1058
[0.10496595]
1059
[0.13553944]
1060
[0.14178234]
1061
[0.17242929]
1062
[0.16046383]
1063
[0.13661626]
1064
[0.14728461]
1065
[0.11309756]
1066
[0.11189804]
1067
[0.15749552]
1068
[0.11221646]
1069
[0.13282557]
1070
[0.04833281]
1071
[0.1734398]
1072
[0.1127035]
1073
[0.12133531]
1074
[0.09909592]
1075
[0.11589205]
1076
[0.1536125]
1077
[0.07928082]
1078
[0.1129372]
1079
[0.1291509]
1080
[0.11344685]
1081
[0.04542866]
1082
[0.16664298]
1083
[0.11232945]
1084
[0.09281448]
1085
[0.17153727]
1086
[0.11720027]
1087
[0.06011053]
1088
[0.12937457]
1089
[0.14145084]
1090
[0.17012268]
1091
[0.1295783]
1092
[0.12494298]
1093
[0.08366757]
1094
[0.17223411]
1095
[0.0763294]
1096
[0.11487072]
1097
[0.17266503]
1098
[0.11516616]
1099
[0.08457629]
1100
[0.14856237]
1101
[0.16359802]
1102
[0.11865382]
1103
[0.17093902]
1104
[0.05497867]
1105
[0.17032394]
1106
[0.15075523]
1107
[0.09489311]
1108
[0.16588352]
1109
[0.17160267]
1110
[0.17008371]
1111
[0.14118075]
1112
[0.17344059]
1113
[0.12901907]
1114
[0.11228664]
1115
[0.13964221]
1116
[0.14988276]
1117
[0.08846072]
1118
[0.17339355]
1119
[0.03437508]
1120
[0.13625184]
1121
[0.0655851]
1122
[0.1688411]
1123
[0.146559]
1124
[0.0467995]
1125
[0.14669214]
1126
[0.17080358]
1127
[0.12345155]
1128
[0.11226671]
1129
[0.12815693]
1130
[0.04330694]
1131
[0.15841022]
1132
[0.11233354]
1133
[0.16527855]
1134
[0.04997355]
1135
[0.12245692]
1136
[0.11401443]
1137
[0.12396999]
1138
[0.16248355]
1139
[0.1080881]
1140
[0.07542961]
1141
[0.12096262]
1142
[0.09355957]
1143
[0.14369325]
1144
[0.1357911]
1145
[0.16466028]
1146
[0.15336784]
1147
[0.12960561]
1148
[0.14521571]
1149
[0.05557151]
1150
[0.16132998]
1151
[0.14601553]
1152
[0.17339634]
1153
[0.12141675]
1154
[0.16934352]
1155
[0.13668692]
1156
[0.05969985]
1157
[0.14722352]
1158
[0.14848485]
1159
[0.11558678]
1160
[0.09132882]
1161
[0.14920017]
1162
[0.10801144]
1163
[0.12655103]
1164
[0.16709297]
1165
[0.1130671]
1166
[0.11317009]
1167
[0.04835139]
1168
[0.15563889]
1169
[0.17165116]
1170
[0.17242146]
1171
[0.12268202]
1172
[0.112202]
1173
[0.16983598]
1174
[0.05897135]
1175
[0.16848839]
1176
[0.11221337]
1177
[0.1444821]
1178
[0.16514742]
1179
[0.15832707]
1180
[0.15403624]
1181
[0.16614418]
1182
[0.0424238]
1183
[0.1621374]
1184
[0.11254283]
1185
[0.1678927]
1186
[0.11395575]
1187
[0.12058618]
1188
[0.16950167]
1189
[0.05104636]
1190
[0.16537257]
1191
[0.1530083]
1192
[0.12165291]
1193
[0.11434715]
1194
[0.14295822]
1195
[0.14802561]
1196
[0.03387792]
1197
[0.16541888]
1198
[0.06195781]
1199
[0.05089216]
1200
[0.03846952]
1201
[0.11241031]
1202
[0.11602453]
1203
[0.17312918]
1204
[0.036992]
1205
[0.17257413]
1206
[0.12534601]
1207
[0.1724828]
1208
[0.1634645]
1209
[0.13365143]
1210
[0.03878086]
1211
[0.07179175]
1212
[0.036519]
1213
[0.14772447]
1214
[0.16027691]
1215
[0.10409513]
1216
[0.0913464]
1217
[0.03361655]
1218
[0.03844767]
1219
[0.12077069]
1220
[0.16869822]
1221
[0.06180388]
1222
[0.12871318]
1223
[0.14977593]
1224
[0.17186257]
1225
[0.10451857]
1226
[0.06806394]
1227
[0.15232072]
1228
[0.13915574]
1229
[0.116905]
1230
[0.11236058]
1231
[0.12900685]
1232
[0.11863639]
1233
[0.14387437]
1234
[0.1727256]
1235
[0.16776559]
1236
[0.16448092]
1237
[0.12060639]
1238
[0.12584585]
1239
[0.11384848]
1240
[0.11291967]
1241
[0.11451867]
1242
[0.11346691]
1243
[0.17239722]
1244
[0.11238287]
1245
[0.17335925]
1246
[0.11472347]
1247
[0.0745766]
1248
[0.12468975]
1249
[0.1505236]
1250
[0.12395256]
1251
[0.09461938]
1252
[0.14637232]
1253
[0.15319532]
1254
[0.15503904]
1255
[0.1182451]
1256
[0.17242525]
1257
[0.11331484]
1258
[0.1126074]
1259
[0.17338817]
1260
[0.14252695]
1261
[0.06542704]
1262
[0.16401205]
1263
[0.15535447]
1264
[0.0405132]
1265
[0.15668889]
1266
[0.07174925]
1267
[0.13309555]
1268
[0.11063844]
1269
[0.07027843]
1270
[0.1124839]
1271
[0.06129734]
1272
[0.05883556]
1273
[0.10697382]
1274
[0.11555927]
1275
[0.12221155]
1276
[0.16685129]
1277
[0.08630905]
1278
[0.17342223]
1279
[0.11225079]
1280
[0.1279964]
1281
[0.13788145]
1282
[0.11528079]
1283
[0.11579193]
1284
[0.13284609]
1285
[0.11422108]
1286
[0.16437913]
1287
[0.15372398]
1288
[0.0978986]
1289
[0.13775639]
1290
[0.11740252]
1291
[0.14446212]
1292
[0.04417264]
1293
[0.13857795]
1294
[0.1237885]
1295
[0.11681094]
1296
[0.11996713]
1297
[0.04714919]
1298
[0.11220642]
1299
[0.11225533]
1300
[0.12148094]
1301
[0.16775259]
1302
[0.11247663]
1303
[0.1663348]
1304
[0.14038713]
1305
[0.13202494]
1306
[0.16061142]
1307
[0.17196934]
1308
[0.11349525]
1309
[0.12205332]
1310
[0.15464886]
1311
[0.13754207]
1312
[0.16007079]
1313
[0.11509178]
1314
[0.16676657]
1315
[0.0512306]
1316
[0.1033068]
1317
[0.11222395]
1318
[0.16320654]
1319
[0.15355328]
1320
[0.11513993]
1321
[0.17205903]
1322
[0.17314501]
1323
[0.12145868]
1324
[0.15613064]
1325
[0.16196258]
1326
[0.13159969]
1327
[0.11469513]
1328
[0.15792346]
1329
[0.1394647]
1330
[0.06930553]
1331
[0.14250212]
1332
[0.12595865]
1333
[0.17263365]
1334
[0.16257577]
1335
[0.13549348]
1336
[0.164831]
1337
[0.15465228]
1338
[0.14992391]
1339
[0.17213058]
1340
[0.11345437]
1341
[0.17096381]
1342
[0.17344377]
1343
[0.17304034]
1344
[0.17215704]
1345
[0.14090058]
1346
[0.0846097]
1347
[0.14018611]
1348
[0.14755603]
1349
[0.14286646]
1350
[0.12413686]
1351
[0.07382261]
1352
[0.08780896]
1353
[0.10954445]
1354
[0.16777266]
1355
[0.11228881]
1356
[0.13530318]
1357
[0.12308365]
1358
[0.04562718]
1359
[0.11360958]
1360
[0.16974448]
1361
[0.12110704]
1362
[0.15992196]
1363
[0.16220723]
1364
[0.09053837]
1365
[0.11118329]
1366
[0.05580262]
1367
[0.16313638]
1368
[0.16327794]
1369
[0.14635866]
1370
[0.16297298]
1371
[0.05040562]
1372
[0.14815217]
1373
[0.11540745]
1374
[0.15585851]
1375
[0.12330654]
1376
[0.05942045]
1377
[0.15217619]
1378
[0.11743197]
1379
[0.15752627]
1380
[0.17289912]
1381
[0.09694006]
1382
[0.10793082]
1383
[0.17143108]
1384
[0.13363401]
1385
[0.15763358]
1386
[0.14824525]
1387
[0.04778035]
1388
[0.17283073]
1389
[0.110816]
1390
[0.14463511]
1391
[0.05555568]
1392
[0.16434247]
1393
[0.15520773]
1394
[0.06798674]
1395
[0.12312257]
1396
[0.17098296]
1397
[0.16635365]
1398
[0.13567257]
1399
[0.14882048]
1400
[0.11311469]
1401
[0.15512652]
1402
[0.16278753]
1403
[0.09845825]
1404
[0.12767232]
1405
[0.04189638]
1406
[0.11269786]
1407
[0.03920423]
1408
[0.16689346]
1409
[0.15885184]
1410
[0.06592262]
1411
[0.15079831]
1412
[0.11903699]
1413
[0.14578288]
1414
[0.13705562]
1415
[0.11501637]
1416
[0.14541129]
1417
[0.09316493]
1418
[0.05450032]
1419
[0.1122445]
1420
[0.11647152]
1421
[0.1122075]
1422
[0.16648152]
1423
[0.13373005]
1424
[0.07073655]
1425
[0.13178441]
1426
[0.04763849]
1427
[0.17301539]
1428
[0.03524072]
1429
[0.06211996]
1430
[0.04296124]
1431
[0.15515349]
1432
[0.16979025]
1433
[0.1374538]
1434
[0.15617012]
1435
[0.15667714]
1436
[0.16286557]
1437
[0.11240711]
1438
[0.11132236]
1439
[0.15383263]
1440
[0.17188171]
1441
[0.16867709]
1442
[0.13122251]
1443
[0.17108374]
1444
[0.17296354]
1445
[0.11344048]
1446
[0.15685874]
1447
[0.12130443]
1448
[0.11251487]
1449
[0.05789272]
1450
[0.04777604]
1451
[0.08124208]
1452
[0.11097316]
1453
[0.15789329]
1454
[0.07067277]
1455
[0.09276973]
1456
[0.17156922]
1457
[0.15601013]
1458
[0.16116181]
1459
[0.17083013]
1460
[0.13099072]
1461
[0.1727974]
1462
[0.11405091]
1463
[0.1282415]
1464
[0.05600967]
1465
[0.17253183]
1466
[0.07205274]
1467
[0.11254725]
1468
[0.15075174]
1469
[0.15773403]
1470
[0.16966197]
1471
[0.12162681]
1472
[0.17089493]
1473
[0.09337807]
1474
[0.162726]
1475
[0.13740587]
1476
[0.15347841]
1477
[0.1607026]
1478
[0.11321662]
1479
[0.12671599]
1480
[0.12064769]
1481
[0.09140273]
1482
[0.10554421]
1483
[0.15877099]
1484
[0.11670223]
1485
[0.11841959]
1486
[0.13364547]
1487
[0.12347318]
1488
[0.17261848]
1489
[0.13124893]
1490
[0.06363523]
1491
[0.08136183]
1492
[0.14648755]
1493
[0.17289297]
1494
[0.17337261]
1495
[0.1253266]
1496
[0.13861394]
1497
[0.15943116]
1498
[0.112645]
1499
[0.17210418]
1500
[0.165942]
1501
[0.15079329]
1502
[0.11804155]
1503
[0.11472125]
1504
[0.16150522]
1505
[0.14929678]
1506
[0.12564674]
1507
[0.16416563]
1508
[0.1145231]
1509
[0.11427578]
1510
[0.12591867]
1511
[0.1649507]
1512
[0.04833917]
1513
[0.11300435]
1514
[0.08809452]
1515
[0.17344412]
1516
[0.16745536]
1517
[0.11279093]
1518
[0.14447605]
1519
[0.12030207]
1520
[0.05674971]
1521
[0.17346353]
1522
[0.17267027]
1523
[0.11232699]
1524
[0.03341787]
1525
[0.11288924]
1526
[0.11053865]
1527
[0.07783971]
1528
[0.08608902]
1529
[0.14680693]
1530
[0.16063773]
1531
[0.17273946]
1532
[0.04819775]
1533
[0.11342254]
1534
[0.12270228]
1535
[0.08122836]
1536
[0.12662936]
1537
[0.07256921]
1538
[0.17346643]
1539
[0.1217806]
1540
[0.15219693]
1541
[0.14292985]
1542
[0.11389904]
1543
[0.12835524]
1544
[0.11083958]
1545
[0.15836195]
1546
[0.1733363]
1547
[0.17167064]
1548
[0.1680291]
1549
[0.16954066]
1550
[0.16179935]
1551
[0.15254844]
1552
[0.16517584]
1553
[0.1347584]
1554
[0.16804169]
1555
[0.10509473]
1556
[0.07159037]
1557
[0.17085379]
1558
[0.17301618]
1559
[0.1389535]
1560
[0.11521074]
1561
[0.14810117]
1562
[0.16052694]
1563
[0.08469749]
1564
[0.11333648]
1565
[0.05480345]
1566
[0.1150676]
1567
[0.08179639]
1568
[0.17277035]
1569
[0.16339539]
1570
[0.15655071]
1571
[0.07397809]
1572
[0.15500619]
1573
[0.14020824]
1574
[0.12691581]
1575
[0.1375585]
1576
[0.16325825]
1577
[0.11431889]
1578
[0.17237744]
1579
[0.06513602]
1580
[0.11181497]
1581
[0.16757467]
1582
[0.09648378]
1583
[0.1246095]
1584
[0.09108377]
1585
[0.16574014]
1586
[0.11221357]
1587
[0.17345446]
1588
[0.17341368]
1589
[0.15832479]
1590
[0.17088154]
1591
[0.04726991]
1592
[0.11372818]
1593
[0.07334242]
1594
[0.10247804]
1595
[0.04601157]
1596
[0.03424598]
1597
[0.16269021]
1598
[0.09526008]
1599
[0.15049771]
1600
[0.17343091]
1601
[0.11220946]
1602
[0.17065761]
1603
[0.11256832]
1604
[0.17301069]
1605
[0.1400733]
1606
[0.13168455]
1607
[0.13402109]
1608
[0.1288021]
1609
[0.16883855]
1610
[0.14458618]
1611
[0.17127725]
1612
[0.06979182]
1613
[0.14973527]
1614
[0.12301451]
1615
[0.11763182]
1616
[0.11139196]
1617
[0.16253099]
1618
[0.12583194]
1619
[0.15935872]
1620
[0.11422387]
1621
[0.04156816]
1622
[0.1663625]
1623
[0.15442199]
1624
[0.12355323]
1625
[0.16550371]
1626
[0.11219937]
1627
[0.15456612]
1628
[0.15626802]
1629
[0.13940358]
1630
[0.17345328]
1631
[0.16139866]
1632
[0.14593163]
1633
[0.13294219]
1634
[0.16479747]
1635
[0.11270281]
1636
[0.11220304]
1637
[0.14684467]
1638
[0.1734383]
1639
[0.13700027]
1640
[0.15084338]
1641
[0.11223736]
1642
[0.11430475]
1643
[0.17346482]
1644
[0.06968367]
1645
[0.11896611]
1646
[0.11254642]
1647
[0.15826916]
1648
[0.1124616]
1649
[0.11215404]
1650
[0.11797092]
1651
[0.17055051]
1652
[0.06489071]
1653
[0.13893328]
1654
[0.12521245]
1655
[0.1716824]
1656
[0.11364219]
1657
[0.13057834]
1658
[0.15867289]
1659
[0.15388146]
1660
[0.11387478]
1661
[0.10845337]
1662
[0.13004454]
1663
[0.10256527]
1664
[0.12816951]
1665
[0.17195088]
1666
[0.16597864]
1667
[0.17131941]
1668
[0.14125787]
1669
[0.11318253]
1670
[0.05933513]
1671
[0.12082647]
1672
[0.10464569]
1673
[0.11500311]
1674
[0.11635075]
1675
[0.11116132]
1676
[0.1118657]
1677
[0.13329587]
1678
[0.14022789]
1679
[0.10571484]
1680
[0.0884632]
1681
[0.0733831]
1682
[0.16183265]
1683
[0.09789175]
1684
[0.03737717]
1685
[0.12693118]
1686
[0.12144534]
1687
[0.06133435]
1688
[0.12301436]
1689
[0.11642631]
1690
[0.1349778]
1691
[0.16900791]
1692
[0.16582548]
1693
[0.14776656]
1694
[0.14464568]
1695
[0.15103774]
1696
[0.03623236]
1697
[0.14347567]
1698
[0.17220403]
1699
[0.17156269]
1700
[0.16173109]
1701
[0.11117771]
1702
[0.0815013]
1703
[0.17086545]
1704
[0.16754514]
1705
[0.15392419]
1706
[0.1123192]
1707
[0.11599301]
1708
[0.05148888]
1709
[0.16494059]
1710
[0.11440245]
1711
[0.12504606]
1712
[0.1733222]
1713
[0.16738497]
1714
[0.03903484]
1715
[0.14837758]
1716
[0.15596936]
1717
[0.07561711]
1718
[0.12049333]
1719
[0.14741343]
1720
[0.04568275]
1721
[0.05865057]
1722
[0.13363334]
1723
[0.15784704]
1724
[0.11585332]
1725
[0.11356204]
1726
[0.14703896]
1727
[0.05215384]
1728
[0.09059787]
1729
[0.11307076]
1730
[0.10608622]
1731
[0.15592162]
1732
[0.0830713]
1733
[0.16909102]
1734
[0.13552018]
1735
[0.11793506]
1736
[0.0785494]
1737
[0.11235267]
1738
[0.16874719]
1739
[0.17339638]
1740
[0.11227043]
1741
[0.086419]
1742
[0.11264073]
1743
[0.11241939]
1744
[0.14732627]
1745
[0.17177271]
1746
[0.12118724]
1747
[0.1550667]
1748
[0.08286724]
1749
[0.13934217]
1750
[0.16397672]
1751
[0.07914468]
1752
[0.12335487]
1753
[0.1685514]
1754
[0.13197193]
1755
[0.17331626]
1756
[0.13278652]
1757
[0.17315091]
1758
[0.13324972]
1759
[0.11481076]
1760
[0.16650556]
1761
[0.17049061]
1762
[0.11639406]
1763
[0.14923516]
1764
[0.14452214]
1765
[0.12441665]
1766
[0.16783205]
1767
[0.12969776]
1768
[0.17337559]
1769
[0.13150975]
1770
[0.11782542]
1771
[0.11818357]
1772
[0.03748771]
1773
[0.17330329]
1774
[0.1682979]
1775
[0.09097456]
1776
[0.11555727]
1777
[0.17315718]
1778
[0.16491491]
1779
[0.13236479]
1780
[0.0969915]
1781
[0.17075127]
1782
[0.11601621]
1783
[0.10438441]
1784
[0.17131132]
1785
[0.13461623]
1786
[0.12231163]
1787
[0.12232601]
1788
[0.16514045]
1789
[0.112769]
1790
[0.0510467]
1791
[0.112212]
1792
[0.11293291]
1793
[0.16634356]
1794
[0.11502792]
1795
[0.1177095]
1796
[0.14220597]
1797
[0.13367859]
1798
[0.12156705]
1799
[0.16840492]
1800
[0.15576689]
1801
[0.1731512]
1802
[0.11146921]
1803
[0.17111321]
1804
[0.06683351]
1805
[0.14149647]
1806
[0.05065052]
1807
[0.05420373]
1808
[0.16426166]
1809
[0.1165198]
1810
[0.13337952]
1811
[0.05911073]
1812
[0.11221569]
1813
[0.11226791]
1814
[0.13985116]
1815
[0.14356995]
1816
[0.17346477]
1817
[0.12435447]
1818
[0.16837843]
1819
[0.16398202]
1820
[0.12342589]
1821
[0.03567155]
1822
[0.15681731]
1823
[0.11674584]
1824
[0.16427973]
1825
[0.11283625]
1826
[0.07002219]
1827
[0.12643587]
1828
[0.12608715]
1829
[0.17122956]
1830
[0.17318035]
1831
[0.11221915]
1832
[0.06506725]
1833
[0.15013492]
1834
[0.12771706]
1835
[0.15939708]
1836
[0.11221027]
1837
[0.14357576]
1838
[0.17255365]
1839
[0.0640064]
1840
[0.12783476]
1841
[0.09935722]
1842
[0.07970642]
1843
[0.15356832]
1844
[0.14777564]
1845
[0.08858024]
1846
[0.14221286]
1847
[0.12270569]
1848
[0.12200968]
1849
[0.11329563]
1850
[0.03875644]
1851
[0.13105569]
1852
[0.11001588]
1853
[0.14672156]
1854
[0.11284695]
1855
[0.14066206]
1856
[0.11219942]
1857
[0.11385947]
1858
[0.07428484]
1859
[0.15571327]
1860
[0.11969094]
1861
[0.17324546]
1862
[0.15173927]
1863
[0.11564895]
1864
[0.16713584]
1865
[0.11340794]
1866
[0.08167776]
1867
[0.13513981]
1868
[0.11333494]
1869
[0.06817186]
1870
[0.03462891]
1871
[0.15078644]
1872
[0.16450999]
1873
[0.13702444]
1874
[0.04190978]
1875
[0.17131393]
1876
[0.11446473]
1877
[0.12200569]
1878
[0.17340262]
1879
[0.12989422]
1880
[0.14390197]
1881
[0.13090762]
1882
[0.13915837]
1883
[0.13936425]
1884
[0.17267865]
1885
[0.12040101]
1886
[0.16978754]
1887
[0.1155272]
1888
[0.13720154]
1889
[0.09841249]
1890
[0.11892623]
1891
[0.0450282]
1892
[0.15120641]
1893
[0.05135942]
1894
[0.12848331]
1895
[0.15329699]
1896
[0.16847268]
1897
[0.16357826]
1898
[0.04607313]
1899
[0.11943358]
1900
[0.05446762]
1901
[0.13156251]
1902
[0.08055375]
1903
[0.17341866]
1904
[0.13891245]
1905
[0.08703461]
1906
[0.1073514]
1907
[0.12710824]
1908
[0.13649501]
1909
[0.1136105]
1910
[0.16041682]
1911
[0.13374213]
1912
[0.16651992]
1913
[0.169654]
1914
[0.14316002]
1915
[0.04899614]
1916
[0.12533994]
1917
[0.17346052]
1918
[0.1664361]
1919
[0.11720514]
1920
[0.13363155]
1921
[0.11364118]
1922
[0.11454236]
1923
[0.16285898]
1924
[0.17338532]
1925
[0.16042843]
1926
[0.13612181]
1927
[0.16083834]
1928
[0.14570536]
1929
[0.16397323]
1930
[0.08909962]
1931
[0.12934444]
1932
[0.17273119]
1933
[0.11307222]
1934
[0.13285397]
1935
[0.12574409]
1936
[0.12344755]
1937
[0.11627557]
1938
[0.11528596]
1939
[0.05809487]
1940
[0.17050219]
1941
[0.11313835]
1942
[0.16510217]
1943
[0.1023963]
1944
[0.13902542]
1945
[0.17194362]
1946
[0.11204508]
1947
[0.1302397]
1948
[0.08072053]
1949
[0.11567371]
1950
[0.13456443]
1951
[0.11219948]
1952
[0.11222928]
1953
[0.15517939]
1954
[0.1713687]
1955
[0.04181395]
1956
[0.11246661]
1957
[0.16322019]
1958
[0.12615742]
1959
[0.16007398]
1960
[0.14307383]
1961
[0.047976]
1962
[0.13349368]
1963
[0.13840299]
1964
[0.11256191]
1965
[0.09198042]
1966
[0.11145799]
1967
[0.04847095]
1968
[0.03490806]
1969
[0.1131751]
1970
[0.16257096]
1971
[0.14520481]
1972
[0.1371078]
1973
[0.12425651]
1974
[0.10879554]
1975
[0.13708701]
1976
[0.16862016]
1977
[0.11397641]
1978
[0.1691137]
1979
[0.11109353]
1980
[0.17245807]
1981
[0.10285126]
1982
[0.15861071]
1983
[0.06364258]
1984
[0.17334009]
1985
[0.17316045]
1986
[0.11440601]
1987
[0.12513936]
1988
[0.15660302]
1989
[0.14010017]
1990
[0.07380462]
1991
[0.11137306]
1992
[0.12775078]
1993
[0.11230838]
1994
[0.16342588]
1995
[0.17147412]
1996
[0.1728472]
1997
[0.16613827]
1998
[0.11603693]
1999
[0.1185392]
2000
[0.11520473]
2001
[0.17098894]
2002
[0.11247338]
2003
[0.1085029]
2004
[0.09494575]
2005
[0.15485527]
2006
[0.11346421]
2007
[0.17345678]
2008
[0.16939491]
2009
[0.12650158]
2010
[0.17315238]
2011
[0.12400174]
2012
[0.13656927]
2013
[0.11141513]
2014
[0.16279426]
2015
[0.05209465]
2016
[0.0676676]
2017
[0.17219347]
2018
[0.10708484]
2019
[0.16494889]
2020
[0.04292927]
2021
[0.16378264]
2022
[0.12373902]
2023
[0.16213471]
2024
[0.11194209]
2025
[0.11223666]
2026
[0.17050759]
2027
[0.17193374]
2028
[0.14634569]
2029
[0.1165782]
2030
[0.16478413]
2031
[0.16095384]
2032
[0.11137707]
2033
[0.17178266]
2034
[0.17259655]
2035
[0.13437508]
2036
[0.11567467]
2037
[0.12713123]
2038
[0.11882207]
2039
[0.11422804]
2040
[0.08699577]
2041
[0.09088659]
2042
[0.14583194]
2043
[0.173418]
2044
[0.15535913]
2045
[0.11451805]
2046
[0.10438163]
2047
[0.15650385]
2048
[0.10583595]
2049
[0.14319428]
2050
[0.113349]
2051
[0.08141274]
2052
[0.11434083]
2053
[0.11942954]
2054
[0.16494861]
2055
[0.03644408]
2056
[0.09679665]
2057
[0.16869031]
2058
[0.16241911]
2059
[0.12096724]
2060
[0.17266161]
2061
[0.11273992]
2062
[0.16981773]
2063
[0.17119875]
2064
[0.14326669]
2065
[0.13996569]
2066
[0.14983749]
2067
[0.0455699]
2068
[0.15651595]
2069
[0.17282388]
2070
[0.17346253]
2071
[0.11318911]
2072
[0.10927779]
2073
[0.13505327]
2074
[0.14859001]
2075
[0.11349853]
2076
[0.11534956]
2077
[0.16917734]
2078
[0.13135108]
2079
[0.15110274]
2080
[0.06646736]
2081
[0.11394347]
2082
[0.11727284]
2083
[0.15364184]
2084
[0.11496351]
2085
[0.14096748]
2086
[0.11460301]
2087
[0.15467173]
2088
[0.05316356]
2089
[0.12273445]
2090
[0.11296991]
2091
[0.05656753]
2092
[0.11717584]
2093
[0.16990516]
2094
[0.05685109]
2095
[0.03407867]
2096
[0.12048752]
2097
[0.11550948]
2098
[0.1201497]
2099
[0.11319445]
2100
[0.14692846]
2101
[0.06779739]
2102
[0.17266459]
2103
[0.11219937]
2104
[0.13073714]
2105
[0.14182582]
2106
[0.11219937]
2107
[0.17224473]
2108
[0.0453573]
2109
[0.14610863]
2110
[0.15936868]
2111
[0.15850668]
2112
[0.12759552]
2113
[0.15800527]
2114
[0.15933855]
2115
[0.13511739]
2116
[0.1143286]
2117
[0.14327666]
2118
[0.17274017]
2119
[0.17328649]
2120
[0.06578018]
2121
[0.17337969]
2122
[0.04501193]
2123
[0.05270766]
2124
[0.05760474]
2125
[0.11547632]
2126
[0.1732566]
2127
[0.11222382]
2128
[0.12314983]
2129
[0.11315577]
2130
[0.17302154]
2131
[0.17218249]
2132
[0.09001024]
2133
[0.05969059]
2134
[0.14158184]
2135
[0.15926749]
2136
[0.13397407]
2137
[0.17291971]
2138
[0.1653312]
2139
[0.12554864]
2140
[0.11219981]
2141
[0.16560195]
2142
[0.04548614]
2143
[0.05367324]
2144
[0.1176369]
2145
[0.08392324]
2146
[0.11453776]
2147
[0.14709639]
2148
[0.112318]
2149
[0.12835004]
2150
[0.16312191]
2151
[0.17262488]
2152
[0.12512291]
2153
[0.16119896]
2154
[0.11772438]
2155
[0.14708774]
2156
[0.1420591]
2157
[0.12129816]
2158
[0.16077791]
2159
[0.16031895]
2160
[0.1734639]
2161
[0.11220717]
2162
[0.03432296]
2163
[0.16967207]
2164
[0.17299187]
2165
[0.14255987]
2166
[0.17041989]
2167
[0.11282615]
2168
[0.13413563]
2169
[0.13975995]
2170
[0.12467337]
2171
[0.169732]
2172
[0.17307815]
2173
[0.13386699]
2174
[0.11136694]
2175
[0.13867269]
2176
[0.04862844]
2177
[0.16649535]
2178
[0.11793906]
2179
[0.09384876]
2180
[0.067783]
2181
[0.16405709]
2182
[0.17250037]
2183
[0.14394302]
2184
[0.16454711]
2185
[0.03507215]
2186
[0.10704668]
2187
[0.11530932]
2188
[0.11238757]
2189
[0.17308478]
2190
[0.12532482]
2191
[0.12487381]
2192
[0.09302395]
2193
[0.08671587]
2194
[0.17279838]
2195
[0.11491673]
2196
[0.11646606]
2197
[0.11220033]
2198
[0.17236428]
2199
[0.11087847]
2200
[0.06079925]
2201
[0.10068282]
2202
[0.16179384]
2203
[0.11556555]
2204
[0.03285074]
2205
[0.15870238]
2206
[0.11735909]
2207
[0.08841135]
2208
[0.13894635]
2209
[0.17343762]
2210
[0.03680664]
2211
[0.16932981]
2212
[0.13772082]
2213
[0.11221336]
2214
[0.11230038]
2215
[0.1276225]
2216
[0.15369154]
2217
[0.13786007]
2218
[0.11542701]
2219
[0.0510638]
2220
[0.12608299]
2221
[0.1133352]
2222
[0.12070583]
2223
[0.16586965]
2224
[0.10803299]
2225
[0.17346636]
2226
[0.11276502]
2227
[0.17070098]
2228
[0.17172098]
2229
[0.13596486]
2230
[0.14129307]
2231
[0.12596006]
2232
[0.09860856]
2233
[0.12268136]
2234
[0.08860861]
2235
[0.07087548]
2236
[0.14568833]
2237
[0.16105248]
2238
[0.11374742]
2239
[0.14286483]
2240
[0.12600324]
2241
[0.16998845]
2242
[0.05122985]
2243
[0.09337565]
2244
[0.11599856]
2245
[0.17339249]
2246
[0.13144731]
2247
[0.17227682]
2248
[0.11263195]
2249
[0.15722812]
2250
[0.11223518]
2251
[0.17306438]
2252
[0.14408082]
2253
[0.16043012]
2254
[0.14754018]
2255
[0.11241338]
2256
[0.16591276]
2257
[0.11223531]
2258
[0.11749483]
2259
[0.1122143]
2260
[0.17314386]
2261
[0.11826425]
2262
[0.15266317]
2263
[0.14133344]
2264
[0.13457974]
2265
[0.04274644]
2266
[0.03603913]
2267
[0.06588182]
2268
[0.11274283]
2269
[0.16069479]
2270
[0.09601363]
2271
[0.12445954]
2272
[0.12877847]
2273
[0.15643056]
2274
[0.12838112]
2275
[0.11832658]
2276
[0.15147252]
2277
[0.1181401]
2278
[0.1675745]
2279
[0.07413985]
2280
[0.05338599]
2281
[0.05144634]
2282
[0.1342895]
2283
[0.16985046]
2284
[0.11939952]
2285
[0.16077059]
2286
[0.161075]
2287
[0.16890778]
2288
[0.11465978]
2289
[0.05709127]
2290
[0.10028981]
2291
[0.13690882]
2292
[0.11253769]
2293
[0.11347089]
2294
[0.14625013]
2295
[0.11308578]
2296
[0.1199592]
2297
[0.04520391]
2298
[0.16398202]
2299
[0.15995502]
2300
[0.16955399]
2301
[0.08209034]
2302
[0.15026075]
2303
[0.16522944]
2304
[0.09955454]
2305
[0.15690564]
2306
[0.14227444]
2307
[0.12295955]
2308
[0.14071376]
2309
[0.1097546]
2310
[0.1439031]
2311
[0.1489574]
2312
[0.10424199]
2313
[0.12589543]
2314
[0.17089726]
2315
[0.10307893]
2316
[0.12378872]
2317
[0.1626611]
2318
[0.11279061]
2319
[0.08469949]
2320
[0.09216857]
2321
[0.09334453]
2322
[0.13037413]
2323
[0.08032964]
2324
[0.11865461]
2325
[0.06711678]
2326
[0.11230751]
2327
[0.11454211]
2328
[0.13498535]
2329
[0.16069133]
2330
[0.05802068]
2331
[0.17292872]
2332
[0.11137743]
2333
[0.12616978]
2334
[0.11682182]
2335
[0.13077909]
2336
[0.12750542]
2337
[0.14402846]
2338
[0.11356317]
2339
[0.17312631]
2340
[0.04371543]
2341
[0.15836638]
2342
[0.11370757]
2343
[0.16832428]
2344
[0.13401139]
2345
[0.16038767]
2346
[0.13412079]
2347
[0.13446625]
2348
[0.12370345]
2349
[0.13531299]
2350
[0.1177324]
2351
[0.16813491]
2352
[0.15332625]
2353
[0.14845127]
2354
[0.15159654]
2355
[0.11358014]
2356
[0.15015576]
2357
[0.16236302]
2358
[0.06726538]
2359
[0.15312573]
2360
[0.15107973]
2361
[0.15437443]
2362
[0.1124434]
2363
[0.11491013]
2364
[0.12098108]
2365
[0.11294749]
2366
[0.06156257]
2367
[0.15544298]
2368
[0.17137861]
2369
[0.17062087]
2370
[0.14730047]
2371
[0.06058695]
2372
[0.11368826]
2373
[0.16999077]
2374
[0.17262127]
2375
[0.04403729]
2376
[0.16183326]
2377
[0.14232785]
2378
[0.16633101]
2379
[0.10148157]
2380
[0.11314264]
2381
[0.13140494]
2382
[0.17260024]
2383
[0.13079929]
2384
[0.16437032]
2385
[0.12374783]
2386
[0.040531]
2387
[0.12029119]
2388
[0.16253899]
2389
[0.12327447]
2390
[0.11219969]
2391
[0.17296925]
2392
[0.14335211]
2393
[0.11379287]
2394
[0.17038598]
2395
[0.04918306]
2396
[0.16528522]
2397
[0.14643027]
2398
[0.16410342]
2399
[0.15378951]
2400
[0.14178007]
2401
[0.12963987]
2402
[0.17270462]
2403
[0.04339635]
2404
[0.11258549]
2405
[0.06848296]
2406
[0.12333539]
2407
[0.15667315]
2408
[0.12620543]
2409
[0.08332346]
2410
[0.08810116]
2411
[0.17220802]
2412
[0.11904549]
2413
[0.11222113]
2414
[0.13261462]
2415
[0.15255957]
2416
[0.13854441]
2417
[0.11524331]
2418
[0.13336872]
2419
[0.14362221]
2420
[0.04761965]
2421
[0.16883212]
2422
[0.11482446]
2423
[0.06929436]
2424
[0.17177076]
2425
[0.14756091]
2426
[0.16517726]
2427
[0.15098006]
2428
[0.1644306]
2429
[0.16461247]
2430
[0.16149874]
2431
[0.15337681]
2432
[0.14297067]
2433
[0.15664898]
2434
[0.14158654]
2435
[0.11137867]
2436
[0.17342788]
2437
[0.11267151]
2438
[0.07392369]
2439
[0.16180517]
2440
[0.05610124]
2441
[0.14626683]
2442
[0.11176836]
2443
[0.16924258]
2444
[0.05975001]
2445
[0.1413891]
2446
[0.10185134]
2447
[0.10701578]
2448
[0.11406875]
2449
[0.07965857]
2450
[0.12210323]
2451
[0.13054547]
2452
[0.17297083]
2453
[0.17294731]
2454
[0.16909867]
2455
[0.08687238]
2456
[0.10718922]
2457
[0.16520837]
2458
[0.14924579]
2459
[0.13179819]
2460
[0.17055053]
2461
[0.1508948]
2462
[0.17053455]
2463
[0.15353995]
2464
[0.14192512]
2465
[0.13131043]
2466
[0.16560357]
2467
[0.11534628]
2468
[0.11620495]
2469
[0.15857909]
2470
[0.17327858]
2471
[0.10765146]
2472
[0.17221828]
2473
[0.14713081]
2474
[0.17111732]
2475
[0.118276]
2476
[0.11310894]
2477
[0.17232756]
2478
[0.10220388]
2479
[0.12632696]
2480
[0.17334608]
2481
[0.11543691]
2482
[0.11137837]
2483
[0.17214717]
2484
[0.12877739]
2485
[0.14450954]
2486
[0.11787508]
2487
[0.15208709]
2488
[0.1650818]
2489
[0.14567957]
2490
[0.11222819]
2491
[0.17290254]
2492
[0.16343035]
2493
[0.15800215]
2494
[0.1703164]
2495
[0.14634724]
2496
[0.15138788]
2497
[0.10638691]
2498
[0.12584198]
2499
[0.17280268]
2500
[0.11362009]
2501
[0.16360896]
2502
[0.08634629]
2503
[0.10382105]
2504
[0.14293367]
2505
[0.11523765]
2506
[0.13784448]
2507
[0.13477708]
2508
[0.11956828]
2509
[0.12057223]
2510
[0.14519439]
2511
[0.11876325]
2512
[0.17332667]
2513
[0.12310815]
2514
[0.15698488]
2515
[0.14534098]
2516
[0.04359236]
2517
[0.11332063]
2518
[0.15393927]
2519
[0.17290929]
2520
[0.15241521]
2521
[0.12243394]
2522
[0.12935648]
2523
[0.17185963]
2524
[0.16761821]
2525
[0.14567798]
2526
[0.03663221]
2527
[0.07237977]
2528
[0.1728043]
2529
[0.17207623]
2530
[0.07802078]
2531
[0.11621062]
2532
[0.14480283]
2533
[0.12802857]
2534
[0.11219994]
2535
[0.15928124]
2536
[0.11229323]
2537
[0.13435651]
2538
[0.11364816]
2539
[0.11607031]
2540
[0.11198001]
2541
[0.16941936]
2542
[0.16757404]
2543
[0.15042495]
2544
[0.15610531]
2545
[0.17176413]
2546
[0.11255429]
2547
[0.1314239]
2548
[0.11244348]
2549
[0.14690817]
2550
[0.15086389]
2551
[0.05631048]
2552
[0.0823731]
2553
[0.11761128]
2554
[0.12940787]
2555
[0.16838199]
2556
[0.11607763]
2557
[0.09054373]
2558
[0.1730386]
2559
[0.13894384]
2560
[0.15145905]
2561
[0.11306456]
2562
[0.11373832]
2563
[0.11710042]
2564
[0.14103736]
2565
[0.11221272]
2566
[0.11414533]
2567
[0.11491962]
2568
[0.11224344]
2569
[0.13695118]
2570
[0.17264307]
2571
[0.04115173]
2572
[0.16705084]
2573
[0.15102881]
2574
[0.14568766]
2575
[0.15013406]
2576
[0.11230195]
2577
[0.14622128]
2578
[0.05519841]
2579
[0.14712545]
2580
[0.11419577]
2581
[0.1680835]
2582
[0.04524841]
2583
[0.11540474]
2584
[0.11340494]
2585
[0.17247715]
2586
[0.11106025]
2587
[0.16965763]
2588
[0.11287395]
2589
[0.13789273]
2590
[0.05009259]
2591
[0.1373369]
2592
[0.11277976]
2593
[0.13296751]
2594
[0.14813606]
2595
[0.11449927]
2596
[0.13211834]
2597
[0.12648335]
2598
[0.07312137]
2599
[0.14934448]
2600
[0.12323559]
2601
[0.09009157]
2602
[0.17123753]
2603
[0.15881768]
2604
[0.11225255]
2605
[0.06534542]
2606
[0.0925934]
2607
[0.13803814]
2608
[0.09182155]
2609
[0.11300078]
2610
[0.11524817]
2611
[0.16881285]
2612
[0.15347362]
2613
[0.07056809]
2614
[0.03852087]
2615
[0.09319553]
2616
[0.04658605]
2617
[0.16871655]
2618
[0.17101583]
2619
[0.07507547]
2620
[0.15085031]
2621
[0.11228192]
2622
[0.16081642]
2623
[0.1648353]
2624
[0.08581014]
2625
[0.12739388]
2626
[0.12450127]
2627
[0.11337519]
2628
[0.03592397]
2629
[0.08878288]
2630
[0.13089257]
2631
[0.11335454]
2632
[0.1644051]
2633
[0.11892996]
2634
[0.16874626]
2635
[0.16269437]
2636
[0.16120522]
2637
[0.11467219]
2638
[0.11441135]
2639
[0.09388121]
2640
[0.11220094]
2641
[0.16892951]
2642
[0.08413944]
2643
[0.11244933]
2644
[0.11175044]
2645
[0.0553668]
2646
[0.13197094]
2647
[0.11860211]
2648
[0.05697982]
2649
[0.11284924]
2650
[0.1177519]
2651
[0.11018867]
2652
[0.11229121]
2653
[0.13214964]
2654
[0.13718794]
2655
[0.16207874]
2656
[0.16767926]
2657
[0.15636798]
2658
[0.11381643]
2659
[0.12255804]
2660
[0.13525865]
2661
[0.11277747]
2662
[0.12118669]
2663
[0.11247838]
2664
[0.06502604]
2665
[0.11238797]
2666
[0.15533262]
2667
[0.16910175]
2668
[0.14623783]
2669
[0.10927737]
2670
[0.12944949]
2671
[0.05096336]
2672
[0.0840442]
2673
[0.11436007]
2674
[0.05141606]
2675
[0.12922234]
2676
[0.14383333]
2677
[0.1324333]
2678
[0.09348462]
2679
[0.17300002]
2680
[0.10905001]
2681
[0.11537352]
2682
[0.17346563]
2683
[0.14101236]
2684
[0.15343203]
2685
[0.16676409]
2686
[0.14504347]
2687
[0.08645201]
2688
[0.14833252]
2689
[0.17346612]
2690
[0.16558729]
2691
[0.16516294]
2692
[0.05872258]
2693
[0.17263303]
2694
[0.16714847]
2695
[0.11413098]
2696
[0.0952626]
2697
[0.11266418]
2698
[0.16428133]
2699
[0.14510069]
2700
[0.12797493]
2701
[0.06494505]
2702
[0.11410406]
2703
[0.17346643]
2704
[0.17084084]
2705
[0.0653469]
2706
[0.11370015]
2707
[0.11597209]
2708
[0.16369422]
2709
[0.15142323]
2710
[0.17245872]
2711
[0.16058381]
2712
[0.16710555]
2713
[0.09334082]
2714
[0.17341261]
2715
[0.12950766]
2716
[0.12418959]
2717
[0.1243594]
2718
[0.03933178]
2719
[0.16998968]
2720
[0.072036]
2721
[0.14669869]
2722
[0.13607428]
2723
[0.11120258]
2724
[0.1678357]
2725
[0.12766663]
2726
[0.16962729]
2727
[0.11226205]
2728
[0.12559108]
2729
[0.11476371]
2730
[0.16590334]
2731
[0.12233681]
2732
[0.16484283]
2733
[0.12632567]
2734
[0.08631478]
2735
[0.11466844]
2736
[0.11233933]
2737
[0.17187032]
2738
[0.11799159]
2739
[0.16454513]
2740
[0.13693598]
2741
[0.03958214]
2742
[0.08845716]
2743
[0.15817558]
2744
[0.11649153]
2745
[0.15595223]
2746
[0.15998254]
2747
[0.12791857]
2748
[0.17031947]
2749
[0.12607049]
2750
[0.11255904]
2751
[0.11352471]
2752
[0.17252788]
2753
[0.15008039]
2754
[0.16139058]
2755
[0.14653564]
2756
[0.17034535]
2757
[0.15414793]
2758
[0.09555457]
2759
[0.17341945]
2760
[0.14218694]
2761
[0.11192902]
2762
[0.16848042]
2763
[0.08901113]
2764
[0.12160297]
2765
[0.16368221]
2766
[0.16059128]
2767
[0.12160642]
2768
[0.16436659]
2769
[0.12948386]
2770
[0.14332099]
2771
[0.13581082]
2772
[0.13095715]
2773
[0.17201371]
2774
[0.16388605]
2775
[0.173226]
2776
[0.1061806]
2777
[0.062796]
2778
[0.13867043]
2779
[0.13374728]
2780
[0.14247233]
2781
[0.11724519]
2782
[0.05532304]
2783
[0.12384304]
2784
[0.11219947]
2785
[0.11221342]
2786
[0.15044868]
2787
[0.16432828]
2788
[0.11491937]
2789
[0.14220401]
2790
[0.15266158]
2791
[0.12361453]
2792
[0.13175423]
2793
[0.15779715]
2794
[0.11995933]
2795
[0.16790243]
2796
[0.15803323]
2797
[0.14042761]
2798
[0.13050603]
2799
[0.12718422]
2800
[0.05926814]
2801
[0.12324476]
2802
[0.1531041]
2803
[0.10335127]
2804
[0.14358619]
2805
[0.17134377]
2806
[0.14226042]
2807
[0.12792724]
2808
[0.1240282]
2809
[0.16655927]
2810
[0.05371522]
2811
[0.17173737]
2812
[0.15941767]
2813
[0.14807711]
2814
[0.04866898]
2815
[0.05581881]
2816
[0.16283073]
2817
[0.1733917]
2818
[0.07491449]
2819
[0.14385367]
2820
[0.13803962]
2821
[0.17204276]
2822
[0.11543253]
2823
[0.06483591]
2824
[0.17342379]
2825
[0.11287749]
2826
[0.12030767]
2827
[0.16849496]
2828
[0.11322261]
2829
[0.10224009]
2830
[0.16553623]
2831
[0.06426098]
2832
[0.14575435]
2833
[0.16882865]
2834
[0.15365042]
2835
[0.06330949]
2836
[0.11502318]
2837
[0.11292142]
2838
[0.11310284]
2839
[0.13171613]
2840
[0.17264464]
2841
[0.12917063]
2842
[0.13633949]
2843
[0.09417663]
2844
[0.17205018]
2845
[0.13790557]
2846
[0.14768899]
2847
[0.15516457]
2848
[0.12685032]
2849
[0.17328389]
2850
[0.16736625]
2851
[0.12256948]
2852
[0.12983878]
2853
[0.15672671]
2854
[0.1734251]
2855
[0.17132392]
2856
[0.14529675]
2857
[0.11664392]
2858
[0.14750493]
2859
[0.07358124]
2860
[0.13857859]
2861
[0.03702045]
2862
[0.14529076]
2863
[0.14173945]
2864
[0.08185961]
2865
[0.13722685]
2866
[0.04452902]
2867
[0.15537266]
2868
[0.12989088]
2869
[0.11556161]
2870
[0.11402075]
2871
[0.17341375]
2872
[0.13843423]
2873
[0.11263584]
2874
[0.09685357]
2875
[0.06020067]
2876
[0.05556319]
2877
[0.07789799]
2878
[0.12219108]
2879
[0.17202703]
2880
[0.10484075]
2881
[0.16906342]
2882
[0.11604881]
2883
[0.15354172]
2884
[0.17069483]
2885
[0.09800218]
2886
[0.17341834]
2887
[0.11317505]
2888
[0.12577632]
2889
[0.1535935]
2890
[0.06414814]
2891
[0.10436652]
2892
[0.11551076]
2893
[0.16415444]
2894
[0.12592692]
2895
[0.12521202]
2896
[0.11514744]
2897
[0.17227354]
2898
[0.11180189]
2899
[0.03602581]
2900
[0.05862608]
2901
[0.17291573]
2902
[0.11413699]
2903
[0.0850775]
2904
[0.14840304]
2905
[0.15727642]
2906
[0.16618216]
2907
[0.17138453]
2908
[0.11901214]
2909
[0.17332021]
2910
[0.17343078]
2911
[0.14303803]
2912
[0.15942188]
2913
[0.11227094]
2914
[0.14872455]
2915
[0.17278532]
2916
[0.12450501]
2917
[0.11353215]
2918
[0.1582048]
2919
[0.12669477]
2920
[0.11254333]
2921
[0.11274796]
2922
[0.16101917]
2923
[0.11353404]
2924
[0.13147049]
2925
[0.13053312]
2926
[0.04946576]
2927
[0.15288887]
2928
[0.1126029]
2929
[0.11515092]
2930
[0.11871839]
2931
[0.15230567]
2932
[0.04041715]
2933
[0.12860066]
2934
[0.15524625]
2935
[0.06967282]
2936
[0.16454404]
2937
[0.12257633]
2938
[0.13093631]
2939
[0.16737406]
2940
[0.13696246]
2941
[0.12814538]
2942
[0.17346173]
2943
[0.1365754]
2944
[0.16109728]
2945
[0.15565317]
2946
[0.07458667]
2947
[0.07290589]
2948
[0.11732587]
2949
[0.10244734]
2950
[0.16092376]
2951
[0.15971908]
2952
[0.16870893]
2953
[0.12416852]
2954
[0.12014909]
2955
[0.17271703]
2956
[0.04352855]
2957
[0.13459244]
2958
[0.1493131]
2959
[0.17301503]
2960
[0.16828067]
2961
[0.04867764]
2962
[0.16482567]
2963
[0.11396018]
2964
[0.1580905]
2965
[0.15742373]
2966
[0.17261854]
2967
[0.1129706]
2968
[0.14686498]
2969
[0.05719943]
2970
[0.12402916]
2971
[0.12292786]
2972
[0.11311278]
2973
[0.12608788]
2974
[0.11864734]
2975
[0.07481967]
2976
[0.11438788]
2977
[0.16146698]
2978
[0.17253776]
2979
[0.11936626]
2980
[0.07800911]
2981
[0.11866888]
2982
[0.14332106]
2983
[0.14728578]
2984
[0.16717032]
2985
[0.15993834]
2986
[0.13769878]
2987
[0.16311142]
2988
[0.11220936]
2989
[0.17151431]
2990
[0.11937327]
2991
[0.16911729]
2992
[0.06961866]
2993
[0.1586382]
2994
[0.14673413]
2995
[0.14738832]
2996
[0.17235272]
2997
[0.13621703]
2998
[0.15759632]
2999
[0.17189998]
3000
[0.12714205]
3001
[0.08929628]
3002
[0.14634988]
3003
[0.11695719]
3004
[0.16740296]
3005
[0.17212516]
3006
[0.11246122]
3007
[0.08462254]
3008
[0.17136184]
3009
[0.12222639]
3010
[0.13996675]
3011
[0.11246446]
3012
[0.16069028]
3013
[0.17213913]
3014
[0.17340155]
3015
[0.1343177]
3016
[0.1137651]
3017
[0.11274195]
3018
[0.11314251]
3019
[0.12144996]
3020
[0.11272656]
3021
[0.16195916]
3022
[0.17258316]
3023
[0.11273094]
3024
[0.04975275]
3025
[0.12490475]
3026
[0.11577643]
3027
[0.16931553]
3028
[0.12017542]
3029
[0.14209274]
3030
[0.17257871]
3031
[0.16939779]
3032
[0.13559387]
3033
[0.15470383]
3034
[0.1115135]
3035
[0.06274568]
3036
[0.04695532]
3037
[0.12047208]
3038
[0.15655969]
3039
[0.12529576]
3040
[0.16665352]
3041
[0.10279862]
3042
[0.16976177]
3043
[0.12653537]
3044
[0.12818765]
3045
[0.16709901]
3046
[0.11435928]
3047
[0.16187894]
3048
[0.12997862]
3049
[0.11281877]
3050
[0.16774118]
3051
[0.13614749]
3052
[0.11397548]
3053
[0.14977688]
3054
[0.12965421]
3055
[0.09967807]
3056
[0.10075424]
3057
[0.11278323]
3058
[0.15918447]
3059
[0.1209054]
3060
[0.16480302]
3061
[0.0518752]
3062
[0.15146889]
3063
[0.11411217]
3064
[0.13866525]
3065
[0.15557964]
3066
[0.10090139]
3067
[0.10631299]
3068
[0.17187971]
3069
[0.13817423]
3070
[0.11319368]
3071
[0.07423459]
3072
[0.15866326]
3073
[0.16668925]
3074
[0.08460482]
3075
[0.17346024]
3076
[0.11677681]
3077
[0.14735296]
3078
[0.15787167]
3079
[0.1637597]
3080
[0.12965566]
3081
[0.13966237]
3082
[0.14360511]
3083
[0.1204532]
3084
[0.14143093]
3085
[0.07738411]
3086
[0.11975809]
3087
[0.17188923]
3088
[0.1509435]
3089
[0.17200992]
3090
[0.06329871]
3091
[0.07686212]
3092
[0.159645]
3093
[0.16367709]
3094
[0.07320781]
3095
[0.0780288]
3096
[0.09583608]
3097
[0.15286324]
3098
[0.11492631]
3099
[0.15169489]
3100
[0.16885515]
3101
[0.11322284]
3102
[0.17344832]
3103
[0.03341834]
3104
[0.15073316]
3105
[0.09948289]
3106
[0.11460699]
3107
[0.12928521]
3108
[0.16559922]
3109
[0.17346098]
3110
[0.09908124]
3111
[0.03445152]
3112
[0.11522586]
3113
[0.11905087]
3114
[0.13051704]
3115
[0.06295328]
3116
[0.13092514]
3117
[0.17100928]
3118
[0.11274156]
3119
[0.124346]
3120
[0.16443109]
3121
[0.15384812]
3122
[0.09168184]
3123
[0.17340819]
3124
[0.11861593]
3125
[0.14088377]
3126
[0.11299913]
3127
[0.11331173]
3128
[0.14120451]
3129
[0.13132292]
3130
[0.0596586]
3131
[0.14756145]
3132
[0.15292749]
3133
[0.17062706]
3134
[0.05325978]
3135
[0.16381761]
3136
[0.0951184]
3137
[0.16521394]
3138
[0.14751973]
3139
[0.07846213]
3140
[0.04027501]
3141
[0.14925847]
3142
[0.13943652]
3143
[0.16363276]
3144
[0.15977035]
3145
[0.04304722]
3146
[0.14385931]
3147
[0.11366186]
3148
[0.11393417]
3149
[0.13476612]
3150
[0.16423176]
3151
[0.11221045]
3152
[0.16630633]
3153
[0.09197314]
3154
[0.12248282]
3155
[0.03551806]
3156
[0.1133836]
3157
[0.10371404]
3158
[0.15599424]
3159
[0.1122064]
3160
[0.17324479]
3161
[0.06699061]
3162
[0.05624805]
3163
[0.11288741]
3164
[0.1408809]
3165
[0.17305086]
3166
[0.17026732]
3167
[0.03351946]
3168
[0.12386029]
3169
[0.17346615]
3170
[0.15775342]
3171
[0.17113379]
3172
[0.16112534]
3173
[0.14408556]
3174
[0.16317113]
3175
[0.15648526]
3176
[0.11678599]
3177
[0.0431481]
3178
[0.06784]
3179
[0.12233415]
3180
[0.05960164]
3181
[0.1585345]
3182
[0.11278064]
3183
[0.17279303]
3184
[0.16991243]
3185
[0.12923853]
3186
[0.17175645]
3187
[0.12818357]
3188
[0.12072394]
3189
[0.17161832]
3190
[0.12255276]
3191
[0.11759221]
3192
[0.12927583]
3193
[0.07750166]
3194
[0.11573709]
3195
[0.11517182]
3196
[0.11888558]
3197
[0.16708774]
3198
[0.17323621]
3199
[0.13240785]
3200
[0.16735839]
3201
[0.17236413]
3202
[0.03780017]
3203
[0.14449775]
3204
[0.11340594]
3205
[0.16181633]
3206
[0.1165672]
3207
[0.04760485]
3208
[0.12322749]
3209
[0.17168384]
3210
[0.1734621]
3211
[0.13834332]
3212
[0.14447063]
3213
[0.14016699]
3214
[0.09256305]
3215
[0.11343128]
3216
[0.15334301]
3217
[0.11565006]
3218
[0.13490162]
3219
[0.16679368]
3220
[0.11458649]
3221
[0.17256718]
3222
[0.1138488]
3223
[0.13652007]
3224
[0.12107719]
3225
[0.06657062]
3226
[0.11564545]
3227
[0.14745092]
3228
[0.17243648]
3229
[0.16284722]
3230
[0.11224577]
3231
[0.0910555]
3232
[0.10494896]
3233
[0.13688747]
3234
[0.13420733]
3235
[0.11678664]
3236
[0.11370452]
3237
[0.12851113]
3238
[0.0788496]
3239
[0.17076483]
3240
[0.17014982]
3241
[0.12570026]
3242
[0.04864678]
3243
[0.12245148]
3244
[0.13196328]
3245
[0.17310975]
3246
[0.09096016]
3247
[0.0406326]
3248
[0.16444267]
3249
[0.14291187]
3250
[0.11289354]
3251
[0.04407889]
3252
[0.08521221]
3253
[0.13683115]
3254
[0.14228023]
3255
[0.1142495]
3256
[0.16391245]
3257
[0.17333187]
3258
[0.11248071]
3259
[0.08475061]
3260
[0.15910835]
3261
[0.15602675]
3262
[0.03610732]
3263
[0.11046884]
3264
[0.16746939]
3265
[0.17257813]
3266
[0.14254309]
3267
[0.11476135]
3268
[0.05203247]
3269
[0.17025712]
3270
[0.16648796]
3271
[0.15354841]
3272
[0.16718739]
3273
[0.17271509]
3274
[0.08988778]
3275
[0.11231461]
3276
[0.16457278]
3277
[0.16912718]
3278
[0.11619163]
3279
[0.17343418]
3280
[0.16992117]
3281
[0.17327148]
3282
[0.15927124]
3283
[0.11932058]
3284
[0.16288352]
3285
[0.11744991]
3286
[0.08360845]
3287
[0.11678812]
3288
[0.17000293]
3289
[0.13192398]
3290
[0.15589454]
3291
[0.11997148]
3292
[0.09232423]
3293
[0.17307362]
3294
[0.17025013]
3295
[0.07326626]
3296
[0.11357423]
3297
[0.10488155]
3298
[0.12472103]
3299
[0.12653536]
3300
[0.16631186]
3301
[0.11528617]
3302
[0.14353947]
3303
[0.04393269]
3304
[0.09215526]
3305
[0.17269272]
3306
[0.11329752]
3307
[0.14275055]
3308
[0.06272238]
3309
[0.14506865]
3310
[0.1729799]
3311
[0.13740119]
3312
[0.11219944]
3313
[0.16148379]
3314
[0.11740351]
3315
[0.13275762]
3316
[0.13188055]
3317
[0.17040048]
3318
[0.12326005]
3319
[0.15916626]
3320
[0.12550844]
3321
[0.11683411]
3322
[0.12685721]
3323
[0.17287402]
3324
[0.16832013]
3325
[0.11804928]
3326
[0.08163372]
3327
[0.12408585]
3328
[0.13377418]
3329
[0.11436943]
3330
[0.16073583]
3331
[0.16400122]
3332
[0.13264917]
3333
[0.13330656]
3334
[0.14046265]
3335
[0.13025578]
3336
[0.11266719]
3337
[0.16662731]
3338
[0.10050953]
3339
[0.11719438]
3340
[0.11440401]
3341
[0.15647798]
3342
[0.11300147]
3343
[0.17028678]
3344
[0.14088373]
3345
[0.11355482]
3346
[0.06224371]
3347
[0.09674438]
3348
[0.13090841]
3349
[0.06580485]
3350
[0.11347921]
3351
[0.16873513]
3352
[0.14726353]
3353
[0.17176913]
3354
[0.07747074]
3355
[0.13621542]
3356
[0.07653086]
3357
[0.11629663]
3358
[0.16633583]
3359
[0.05326087]
3360
[0.08365449]
3361
[0.06815062]
3362
[0.12275974]
3363
[0.14496259]
3364
[0.11479858]
3365
[0.04284076]
3366
[0.09732003]
3367
[0.04568806]
3368
[0.14652271]
3369
[0.046941]
3370
[0.17282549]
3371
[0.1432554]
3372
[0.16764288]
3373
[0.1516728]
3374
[0.04212399]
3375
[0.14232808]
3376
[0.10516508]
3377
[0.16320737]
3378
[0.13475238]
3379
[0.16372779]
3380
[0.17338553]
3381
[0.13107511]
3382
[0.1266969]
3383
[0.1122581]
3384
[0.15757365]
3385
[0.11755198]
3386
[0.11907321]
3387
[0.164031]
3388
[0.11938363]
3389
[0.16446936]
3390
[0.17162232]
3391
[0.14339034]
3392
[0.16958133]
3393
[0.16580238]
3394
[0.13444054]
3395
[0.11410822]
3396
[0.1056083]
3397
[0.13016266]
3398
[0.11493229]
3399
[0.12434945]
3400
[0.16324693]
3401
[0.04665591]
3402
[0.17165828]
3403
[0.16970016]
3404
[0.12947026]
3405
[0.078333]
3406
[0.129633]
3407
[0.16759126]
3408
[0.11359087]
3409
[0.09221095]
3410
[0.16517738]
3411
[0.16958612]
3412
[0.1641958]
3413
[0.05447318]
3414
[0.14114338]
3415
[0.17333796]
3416
[0.14590285]
3417
[0.1319638]
3418
[0.09250551]
3419
[0.13755524]
3420
[0.13460546]
3421
[0.05986151]
3422
[0.10462102]
3423
[0.16580748]
3424
[0.16037624]
3425
[0.11302265]
3426
[0.0686501]
3427
[0.14035931]
3428
[0.14026408]
3429
[0.13202868]
3430
[0.16890881]
3431
[0.11315464]
3432
[0.03386195]
3433
[0.03763746]
3434
[0.16910845]
3435
[0.17341845]
3436
[0.14489761]
3437
[0.15635033]
3438
[0.17285239]
3439
[0.11234357]
3440
[0.05880137]
3441
[0.03822068]
3442
[0.10422253]
3443
[0.17227604]
3444
[0.16122413]
3445
[0.16371123]
3446
[0.17230018]
3447
[0.14087674]
3448
[0.17112795]
3449
[0.11963483]
3450
[0.16554097]
3451
[0.13395328]
3452
[0.11385568]
3453
[0.17310838]
3454
[0.11220431]
3455
[0.15438583]
3456
[0.11695177]
3457
[0.12265665]
3458
[0.14930672]
3459
[0.04450656]
3460
[0.15071076]
3461
[0.15966805]
3462
[0.16374574]
3463
[0.16766708]
3464
[0.17303323]
3465
[0.0583053]
3466
[0.13291075]
3467
[0.11399383]
3468
[0.13684381]
3469
[0.12468805]
3470
[0.13740037]
3471
[0.11255424]
3472
[0.17345404]
3473
[0.08197754]
3474
[0.07370169]
3475
[0.1523239]
3476
[0.12109161]
3477
[0.07301828]
3478
[0.11982844]
3479
[0.15226419]
3480
[0.1123634]
3481
[0.17303191]
3482
[0.14940612]
3483
[0.11323182]
3484
[0.04319753]
3485
[0.03329661]
3486
[0.17273238]
3487
[0.11813925]
3488
[0.1431212]
3489
[0.11227942]
3490
[0.17177052]
3491
[0.1138143]
3492
[0.13562392]
3493
[0.16130975]
3494
[0.14414629]
3495
[0.10257562]
3496
[0.14699271]
3497
[0.06059591]
3498
[0.11386736]
3499
[0.08428311]
3500
[0.09774262]
3501
[0.15656555]
3502
[0.17031665]
3503
[0.11918275]
3504
[0.08186069]
3505
[0.11219996]
3506
[0.11227806]
3507
[0.15411608]
3508
[0.12272529]
3509
[0.16151138]
3510
[0.13103992]
3511
[0.17338399]
3512
[0.11262306]
3513
[0.04252901]
3514
[0.03654643]
3515
[0.15483798]
3516
[0.11347661]
3517
[0.12309271]
3518
[0.12508633]
3519
[0.11058105]
3520
[0.11632551]
3521
[0.11816552]
3522
[0.11260588]
3523
[0.15770514]
3524
[0.13488657]
3525
[0.11249034]
3526
[0.04148321]
3527
[0.13901705]
3528
[0.17177314]
3529
[0.09416026]
3530
[0.09153161]
3531
[0.17239813]
3532
[0.08062577]
3533
[0.12293355]
3534
[0.16710695]
3535
[0.12314478]
3536
[0.11221965]
3537
[0.14154596]
3538
[0.14520498]
3539
[0.11237705]
3540
[0.15846587]
3541
[0.06392661]
3542
[0.14747133]
3543
[0.11291749]
3544
[0.1686698]
3545
[0.17077319]
3546
[0.1083764]
3547
[0.13687392]
3548
[0.12704979]
3549
[0.16946483]
3550
[0.06621081]
3551
[0.13037461]
3552
[0.14987308]
3553
[0.12357514]
3554
[0.1491625]
3555
[0.12756679]
3556
[0.11671213]
3557
[0.16988806]
3558
[0.1687147]
3559
[0.04269786]
3560
[0.06582693]
3561
[0.1186418]
3562
[0.16547539]
3563
[0.09337277]
3564
[0.12144779]
3565
[0.13412928]
3566
[0.14871288]
3567
[0.0497683]
3568
[0.09106966]
3569
[0.16561208]
3570
[0.04996149]
3571
[0.15875291]
3572
[0.13719148]
3573
[0.11289787]
3574
[0.05530743]
3575
[0.11252676]
3576
[0.17338841]
3577
[0.04770357]
3578
[0.11260332]
3579
[0.13186545]
3580
[0.12903593]
3581
[0.16450688]
3582
[0.08619107]
3583
[0.17256365]
3584
[0.17346571]
3585
[0.11155163]
3586
[0.14409265]
3587
[0.11302522]
3588
[0.16811662]
3589
[0.13143658]
3590
[0.073137]
3591
[0.16532595]
3592
[0.11554791]
3593
[0.12652095]
3594
[0.12265737]
3595
[0.15428077]
3596
[0.16791647]
3597
[0.11249283]
3598
[0.17312221]
3599
[0.12679383]
3600
[0.11535977]
3601
[0.15841538]
3602
[0.15194635]
3603
[0.14195318]
3604
[0.14288773]
3605
[0.12441401]
3606
[0.11222071]
3607
[0.14615445]
3608
[0.14063031]
3609
[0.07767686]
3610
[0.1132511]
3611
[0.03561051]
3612
[0.13452748]
3613
[0.12091232]
3614
[0.09313695]
3615
[0.15019562]
3616
[0.13554901]
3617
[0.1709674]
3618
[0.13692397]
3619
[0.06982173]
3620
[0.11265582]
3621
[0.17213486]
3622
[0.11381316]
3623
[0.11528178]
3624
[0.15305619]
3625
[0.14341771]
3626
[0.11516027]
3627
[0.1692363]
3628
[0.1674758]
3629
[0.16046897]
3630
[0.16960706]
3631
[0.11345178]
3632
[0.1150526]
3633
[0.17306411]
3634
[0.09524711]
3635
[0.16452771]
3636
[0.11477771]
3637
[0.11249269]
3638
[0.17300316]
3639
[0.1683706]
3640
[0.14245475]
3641
[0.12919499]
3642
[0.14520555]
3643
[0.11154989]
3644
[0.11229613]
3645
[0.12093081]
3646
[0.1685832]
3647
[0.07963508]
3648
[0.1647918]
3649
[0.11505737]
3650
[0.12584091]
3651
[0.12538668]
3652
[0.16087871]
3653
[0.173308]
3654
[0.1225475]
3655
[0.16403975]
3656
[0.13474196]
3657
[0.12461115]
3658
[0.11584123]
3659
[0.15370227]
3660
[0.11403335]
3661
[0.11701375]
3662
[0.06816426]
3663
[0.13353609]
3664
[0.17092378]
3665
[0.10088034]
3666
[0.14566485]
3667
[0.11220256]
3668
[0.1695141]
3669
[0.11286386]
3670
[0.11840135]
3671
[0.03347345]
3672
[0.12078203]
3673
[0.16326528]
3674
[0.16808751]
3675
[0.11450712]
3676
[0.13623516]
3677
[0.16557706]
3678
[0.04055932]
3679
[0.11342794]
3680
[0.16659538]
3681
[0.10555716]
3682
[0.08659863]
3683
[0.17233313]
3684
[0.04822394]
3685
[0.1733293]
3686
[0.13726083]
3687
[0.15048896]
3688
[0.12616235]
3689
[0.15853156]
3690
[0.17152063]
3691
[0.15761105]
3692
[0.11836971]
3693
[0.11355076]
3694
[0.1478873]
3695
[0.1676791]
3696
[0.17308549]
3697
[0.06194086]
3698
[0.17317548]
3699
[0.16216056]
3700
[0.17024515]
3701
[0.05160916]
3702
[0.04385711]
3703
[0.17150866]
3704
[0.16409096]
3705
[0.16833201]
3706
[0.05241813]
3707
[0.07841554]
3708
[0.07608967]
3709
[0.12272686]
3710
[0.17340776]
3711
[0.13823891]
3712
[0.1134337]
3713
[0.15765097]
3714
[0.17243156]
3715
[0.11228971]
3716
[0.05669697]
3717
[0.15111591]
3718
[0.17004022]
3719
[0.1299309]
3720
[0.15386667]
3721
[0.11580132]
3722
[0.11647367]
3723
[0.13948843]
3724
[0.13342819]
3725
[0.14099519]
3726
[0.05931134]
3727
[0.12505898]
3728
[0.14679995]
3729
[0.13921302]
3730
[0.11360667]
3731
[0.15727327]
3732
[0.12734729]
3733
[0.173454]
3734
[0.0612607]
3735
[0.16252453]
3736
[0.11626662]
3737
[0.17112207]
3738
[0.10653502]
3739
[0.14040534]
3740
[0.14259373]
3741
[0.10166416]
3742
[0.11451869]
3743
[0.07377926]
3744
[0.17026336]
3745
[0.14552127]
3746
[0.16082528]
3747
[0.15896402]
3748
[0.04979978]
3749
[0.11610986]
3750
[0.14891818]
3751
[0.16083155]
3752
[0.14255992]
3753
[0.17032956]
3754
[0.14304621]
3755
[0.167699]
3756
[0.17262157]
3757
[0.13231563]
3758
[0.09549632]
3759
[0.17190804]
3760
[0.08506314]
3761
[0.15856982]
3762
[0.13917668]
3763
[0.15226799]
3764
[0.16937488]
3765
[0.16927636]
3766
[0.14808607]
3767
[0.13363379]
3768
[0.16926354]
3769
[0.08830313]
3770
[0.16131536]
3771
[0.17037847]
3772
[0.12816492]
3773
[0.15734497]
3774
[0.13169981]
3775
[0.06308817]
3776
[0.1364846]
3777
[0.16857699]
3778
[0.03823924]
3779
[0.12336568]
3780
[0.14511353]
3781
[0.14692842]
3782
[0.16290719]
3783
[0.039102]
3784
[0.1637179]
3785
[0.13107885]
3786
[0.04281123]
3787
[0.14582776]
3788
[0.14864464]
3789
[0.13079135]
3790
[0.14159314]
3791
[0.11240155]
3792
[0.16759186]
3793
[0.16317814]
3794
[0.09369833]
3795
[0.09747316]
3796
[0.06788077]
3797
[0.09717266]
3798
[0.13881137]
3799
[0.16097188]
3800
[0.13717699]
3801
[0.07173365]
3802
[0.11224641]
3803
[0.16920487]
3804
[0.10579137]
3805
[0.11928176]
3806
[0.13774924]
3807
[0.06902175]
3808
[0.12543111]
3809
[0.12967291]
3810
[0.07875185]
3811
[0.17299433]
3812
[0.16442282]
3813
[0.13428772]
3814
[0.17295205]
3815
[0.12375023]
3816
[0.13010304]
3817
[0.03538095]
3818
[0.14253021]
3819
[0.11486679]
3820
[0.13792205]
3821
[0.14678711]
3822
[0.15495659]
3823
[0.13501762]
3824
[0.11220145]
3825
[0.17098818]
3826
[0.15624127]
3827
[0.07034862]
3828
[0.17346574]
3829
[0.04144054]
3830
[0.1122301]
3831
[0.17256868]
3832
[0.16707452]
3833
[0.17150563]
3834
[0.11611813]
3835
[0.11029664]
3836
[0.17299948]
3837
[0.11416582]
3838
[0.03309425]
3839
[0.11595434]
3840
[0.17326317]
3841
[0.1192556]
3842
[0.12344364]
3843
[0.14991729]
3844
[0.1731265]
3845
[0.11267971]
3846
[0.09918614]
3847
[0.06721459]
3848
[0.12795719]
3849
[0.0334344]
3850
[0.10632551]
3851
[0.17173618]
3852
[0.11379033]
3853
[0.1142756]
3854
[0.14348843]
3855
[0.12951179]
3856
[0.13287087]
3857
[0.1691058]
3858
[0.04151346]
3859
[0.11485787]
3860
[0.11753916]
3861
[0.11233777]
3862
[0.04110125]
3863
[0.09929605]
3864
[0.11372526]
3865
[0.06477717]
3866
[0.16883064]
3867
[0.08916316]
3868
[0.1386586]
3869
[0.05486551]
3870
[0.15994934]
3871
[0.12078813]
3872
[0.12095297]
3873
[0.11238942]
3874
[0.11527078]
3875
[0.04760519]
3876
[0.16093832]
3877
[0.045779]
3878
[0.12659851]
3879
[0.11292012]
3880
[0.11220644]
3881
[0.17241863]
3882
[0.16227838]
3883
[0.13624814]
3884
[0.16101336]
3885
[0.11221627]
3886
[0.15409414]
3887
[0.16705554]
3888
[0.0425766]
3889
[0.12426431]
3890
[0.03498]
3891
[0.12814407]
3892
[0.17284428]
3893
[0.17343495]
3894
[0.16668184]
3895
[0.11244634]
3896
[0.16621898]
3897
[0.11682924]
3898
[0.13234642]
3899
[0.11246201]
3900
[0.10536502]
3901
[0.17160346]
3902
[0.13119619]
3903
[0.05119932]
3904
[0.1724269]
3905
[0.11533099]
3906
[0.11387936]
3907
[0.11884185]
3908
[0.12577787]
3909
[0.13564542]
3910
[0.07191073]
3911
[0.1731741]
3912
[0.14231702]
3913
[0.1154197]
3914
[0.13043948]
3915
[0.14773585]
3916
[0.16024751]
3917
[0.12791268]
3918
[0.12112059]
3919
[0.11277587]
3920
[0.11241526]
3921
[0.1520485]
3922
[0.14953086]
3923
[0.14758574]
3924
[0.13607829]
3925
[0.16869634]
3926
[0.13507508]
3927
[0.04376388]
3928
[0.13093967]
3929
[0.13606466]
3930
[0.15464428]
3931
[0.11159056]
3932
[0.15608258]
3933
[0.05304688]
3934
[0.12042486]
3935
[0.11310705]
3936
[0.11249578]
3937
[0.11233208]
3938
[0.12836391]
3939
[0.15742443]
3940
[0.12438737]
3941
[0.17031411]
3942
[0.17344995]
3943
[0.13499856]
3944
[0.15857562]
3945
[0.1721403]
3946
[0.1184352]
3947
[0.17282482]
3948
[0.17124606]
3949
[0.16976024]
3950
[0.11221805]
3951
[0.12740567]
3952
[0.10484664]
3953
[0.17320085]
3954
[0.06247972]
3955
[0.15929782]
3956
[0.14224435]
3957
[0.10889998]
3958
[0.16676351]
3959
[0.16769948]
3960
[0.16732051]
3961
[0.14277207]
3962
[0.12854985]
3963
[0.15476306]
3964
[0.14388382]
3965
[0.16031903]
3966
[0.12666849]
3967
[0.07091303]
3968
[0.1729197]
3969
[0.17258257]
3970
[0.16234355]
3971
[0.04540186]
3972
[0.16308282]
3973
[0.11531786]
3974
[0.11537672]
3975
[0.11440363]
3976
[0.1689424]
3977
[0.17314022]
3978
[0.1576753]
3979
[0.16591358]
3980
[0.11425882]
3981
[0.11632741]
3982
[0.17343548]
3983
[0.16530401]
3984
[0.14712984]
3985
[0.14376097]
3986
[0.09071367]
3987
[0.15103449]
3988
[0.12029113]
3989
[0.04035262]
3990
[0.15388504]
3991
[0.12297805]
3992
[0.163218]
3993
[0.04706173]
3994
[0.12608697]
3995
[0.16819628]
3996
[0.12690877]
3997
[0.16997722]
3998
[0.16420076]
3999
[0.1126303]
4000
[0.11359427]
4001
[0.13363133]
4002
[0.16987417]
4003
[0.17313977]
4004
[0.15755973]
4005
[0.15393077]
4006
[0.14244724]
4007
[0.14950921]
4008
[0.12367809]
4009
[0.11981152]
4010
[0.11499853]
4011
[0.16913616]
4012
[0.16080757]
4013
[0.12945192]
4014
[0.12937186]
4015
[0.11894823]
4016
[0.16075722]
4017
[0.08105823]
4018
[0.13129836]
4019
[0.13913147]
4020
[0.13705782]
4021
[0.17092876]
4022
[0.17288343]
4023
[0.16089085]
4024
[0.15694408]
4025
[0.15982311]
4026
[0.11421389]
4027
[0.14488016]
4028
[0.15479833]
4029
[0.17294502]
4030
[0.12437686]
4031
[0.16360351]
4032
[0.12606035]
4033
[0.14508888]
4034
[0.15852846]
4035
[0.13104681]
4036
[0.09125336]
4037
[0.1702312]
4038
[0.16132118]
4039
[0.12770909]
4040
[0.11153957]
4041
[0.11358624]
4042
[0.15300674]
4043
[0.1345597]
4044
[0.16816035]
4045
[0.14100145]
4046
[0.12617094]
4047
[0.15821013]
4048
[0.11279643]
4049
[0.12026988]
4050
[0.1223222]
4051
[0.17325858]
4052
[0.15472675]
4053
[0.16220343]
4054
[0.11227214]
4055
[0.16174014]
4056
[0.16550791]
4057
[0.1418821]
4058
[0.13791911]
4059
[0.05341114]
4060
[0.12132642]
4061
[0.16171417]
4062
[0.16181711]
4063
[0.16982163]
4064
[0.15842839]
4065
[0.17308677]
4066
[0.08227526]
4067
[0.11242539]
4068
[0.14956566]
4069
[0.11374136]
4070
[0.04972687]
4071
[0.09469997]
4072
[0.16778566]
4073
[0.17343594]
4074
[0.16559856]
4075
[0.09047391]
4076
[0.13793271]
4077
[0.11403481]
4078
[0.06601862]
4079
[0.11801622]
4080
[0.11258637]
4081
[0.03497193]
4082
[0.11310075]
4083
[0.09468471]
4084
[0.16064642]
4085
[0.16284198]
4086
[0.12786957]
4087
[0.15340678]
4088
[0.17159287]
4089
[0.15929824]
4090
[0.15447239]
4091
[0.07437616]
4092
[0.1137011]
4093
[0.1650133]
4094
[0.13909624]
4095
[0.05858582]
4096
[0.057791]
4097
[0.04370718]
4098
[0.11296987]
4099
[0.16581739]
4100
[0.1204825]
4101
[0.12808789]
4102
[0.16917669]
4103
[0.16695156]
4104
[0.12296254]
4105
[0.16184825]
4106
[0.11794601]
4107
[0.14211371]
4108
[0.11603628]
4109
[0.112215]
4110
[0.1242808]
4111
[0.14611815]
4112
[0.13208985]
4113
[0.11395688]
4114
[0.16839703]
4115
[0.13134631]
4116
[0.11220196]
4117
[0.11289714]
4118
[0.04760935]
4119
[0.16560881]
4120
[0.11231048]
4121
[0.16250458]
4122
[0.16479578]
4123
[0.1201077]
4124
[0.08797093]
4125
[0.15935646]
4126
[0.05770866]
4127
[0.03925319]
4128
[0.17072948]
4129
[0.14622122]
4130
[0.11223539]
4131
[0.11156587]
4132
[0.17334566]
4133
[0.06066722]
4134
[0.14006959]
4135
[0.16996389]
4136
[0.14817391]
4137
[0.08585879]
4138
[0.14676097]
4139
[0.0534716]
4140
[0.127833]
4141
[0.11459522]
4142
[0.16313628]
4143
[0.1633825]
4144
[0.17313353]
4145
[0.07493438]
4146
[0.15844605]
4147
[0.14783472]
4148
[0.13430036]
4149
[0.07983816]
4150
[0.17268581]
4151
[0.14670671]
4152
[0.15731985]
4153
[0.14022335]
4154
[0.16716918]
4155
[0.17341373]
4156
[0.16100927]
4157
[0.12598665]
4158
[0.13443743]
4159
[0.15177052]
4160
[0.11137911]
4161
[0.0627641]
4162
[0.14712768]
4163
[0.07012634]
4164
[0.11469552]
4165
[0.17324827]
4166
[0.13281628]
4167
[0.14897462]
4168
[0.1096868]
4169
[0.15545274]
4170
[0.1397281]
4171
[0.12712238]
4172
[0.14890401]
4173
[0.11600939]
4174
[0.17309913]
4175
[0.14876593]
4176
[0.06167509]
4177
[0.11222055]
4178
[0.16521791]
4179
[0.10166432]
4180
[0.13956554]
4181
[0.16113478]
4182
[0.14619142]
4183
[0.11395429]
4184
[0.14515252]
4185
[0.15711048]
4186
[0.13647943]
4187
[0.17345166]
4188
[0.11221196]
4189
[0.14295769]
4190
[0.15532931]
4191
[0.11798325]
4192
[0.11544966]
4193
[0.07010743]
4194
[0.15813748]
4195
[0.17061445]
4196
[0.15933723]
4197
[0.0733955]
4198
[0.17339406]
4199
[0.13872912]
4200
[0.1129547]
4201
[0.04584424]
4202
[0.11438882]
4203
[0.11145251]
4204
[0.1621029]
4205
[0.11228038]
4206
[0.13320404]
4207
[0.14837657]
4208
[0.15598536]
4209
[0.17293537]
4210
[0.16884816]
4211
[0.03682378]
4212
[0.11388812]
4213
[0.11296991]
4214
[0.05352189]
4215
[0.17342989]
4216
[0.13441652]
4217
[0.07101873]
4218
[0.11221337]
4219
[0.15588439]
4220
[0.07368074]
4221
[0.17090122]
4222
[0.15477532]
4223
[0.13221753]
4224
[0.11201228]
4225
[0.16920151]
4226
[0.07256722]
4227
[0.17145645]
4228
[0.16529088]
4229
[0.17300137]
4230
[0.16490305]
4231
[0.17225905]
4232
[0.13007009]
4233
[0.11236884]
4234
[0.16235108]
4235
[0.16759394]
4236
[0.11876357]
4237
[0.11255168]
4238
[0.11444472]
4239
[0.11519646]
4240
[0.03648699]
4241
[0.16950187]
4242
[0.13122624]
4243
[0.15673707]
4244
[0.0760132]
4245
[0.11382353]
4246
[0.1649592]
4247
[0.14502615]
4248
[0.16669671]
4249
[0.16190866]
4250
[0.13767669]
4251
[0.12992961]
4252
[0.16923873]
4253
[0.15145445]
4254
[0.16824416]
4255
[0.16439287]
4256
[0.11387182]
4257
[0.16785097]
4258
[0.11226695]
4259
[0.11231494]
4260
[0.12500108]
4261
[0.14246114]
4262
[0.15714851]
4263
[0.08477127]
4264
[0.1135141]
4265
[0.14975442]
4266
[0.05507039]
4267
[0.11894799]
4268
[0.15358457]
4269
[0.17004533]
4270
[0.16703521]
4271
[0.17298483]
4272
[0.11357385]
4273
[0.09348555]
4274
[0.13231369]
4275
[0.11702687]
4276
[0.06222687]
4277
[0.1260112]
4278
[0.14092812]
4279
[0.04588106]
4280
[0.03385485]
4281
[0.11247123]
4282
[0.03408939]
4283
[0.11220988]
4284
[0.17121099]
4285
[0.16990098]
4286
[0.13149754]
4287
[0.16962735]
4288
[0.12349367]
4289
[0.15358995]
4290
[0.11348509]
4291
[0.13637497]
4292
[0.15831048]
4293
[0.06161528]
4294
[0.13017886]
4295
[0.07288069]
4296
[0.12233794]
4297
[0.11221887]
4298
[0.16938853]
4299
[0.09203797]
4300
[0.09440745]
4301
[0.11301839]
4302
[0.14907525]
4303
[0.16398367]
4304
[0.12828338]
4305
[0.11353368]
4306
[0.16889683]
4307
[0.16911304]
4308
[0.11509795]
4309
[0.06755256]
4310
[0.1557853]
4311
[0.15518505]
4312
[0.15782509]
4313
[0.13039929]
4314
[0.17331186]
4315
[0.17178826]
4316
[0.1527338]
4317
[0.17344531]
4318
[0.13118937]
4319
[0.08684236]
4320
[0.04886072]
4321
[0.1617441]
4322
[0.13641562]
4323
[0.11462433]
4324
[0.12193743]
4325
[0.1730452]
4326
[0.16457361]
4327
[0.11638088]
4328
[0.12968658]
4329
[0.11497491]
4330
[0.1365958]
4331
[0.08199712]
4332
[0.11233245]
4333
[0.1127659]
4334
[0.11220092]
4335
[0.16683348]
4336
[0.15520784]
4337
[0.07235081]
4338
[0.13075698]
4339
[0.17143842]
4340
[0.13756198]
4341
[0.08058379]
4342
[0.1333579]
4343
[0.17339037]
4344
[0.17279229]
4345
[0.12327729]
4346
[0.12209017]
4347
[0.12602421]
4348
[0.12086854]
4349
[0.14723548]
4350
[0.12228991]
4351
[0.17246866]
4352
[0.11914783]
4353
[0.17125601]
4354
[0.03540995]
4355
[0.12481361]
4356
[0.0926807]
4357
[0.1270947]
4358
[0.16212424]
4359
[0.12234531]
4360
[0.14026074]
4361
[0.13148719]
4362
[0.14343919]
4363
[0.1329843]
4364
[0.14246293]
4365
[0.11985925]
4366
[0.10634111]
4367
[0.17197804]
4368
[0.04442314]
4369
[0.1571108]
4370
[0.11223494]
4371
[0.03392756]
4372
[0.13069221]
4373
[0.11258774]
4374
[0.05073685]
4375
[0.11223085]
4376
[0.16010866]
4377
[0.15903686]
4378
[0.11150409]
4379
[0.15525098]
4380
[0.04951783]
4381
[0.12581073]
4382
[0.15159764]
4383
[0.11317038]
4384
[0.16010564]
4385
[0.12694619]
4386
[0.03886513]
4387
[0.13371851]
4388
[0.16837569]
4389
[0.11304607]
4390
[0.1120084]
4391
[0.1646147]
4392
[0.16089712]
4393
[0.16863339]
4394
[0.13720285]
4395
[0.16602391]
4396
[0.11305442]
4397
[0.11478284]
4398
[0.11241476]
4399
[0.14465567]
4400
[0.11583234]
4401
[0.13711732]
4402
[0.16430667]
4403
[0.13353086]
4404
[0.15353168]
4405
[0.17345989]
4406
[0.080981]
4407
[0.17329963]
4408
[0.17345682]
4409
[0.14086831]
4410
[0.07481238]
4411
[0.11459083]
4412
[0.14284712]
4413
[0.07048822]
4414
[0.13347456]
4415
[0.15003877]
4416
[0.11243457]
4417
[0.0640222]
4418
[0.12372087]
4419
[0.03970925]
4420
[0.14068534]
4421
[0.11646089]
4422
[0.15350925]
4423
[0.1123713]
4424
[0.11792576]
4425
[0.11830955]
4426
[0.17005207]
4427
[0.14109837]
4428
[0.09284775]
4429
[0.11229908]
4430
[0.11340681]
4431
[0.05913531]
4432
[0.1496011]
4433
[0.1556837]
4434
[0.16708579]
4435
[0.03693793]
4436
[0.1592727]
4437
[0.12698564]
4438
[0.11223696]
4439
[0.16077178]
4440
[0.11690097]
4441
[0.1587616]
4442
[0.05122877]
4443
[0.15190142]
4444
[0.12400335]
4445
[0.12513266]
4446
[0.06934137]
4447
[0.07932794]
4448
[0.15626136]
4449
[0.12430749]
4450
[0.17342197]
4451
[0.14436102]
4452
[0.15065388]
4453
[0.15991375]
4454
[0.15862575]
4455
[0.15854397]
4456
[0.15170786]
4457
[0.1475079]
4458
[0.14391548]
4459
[0.17314557]
4460
[0.13326887]
4461
[0.09486128]
4462
[0.17341437]
4463
[0.09198561]
4464
[0.16983194]
4465
[0.16431814]
4466
[0.11333357]
4467
[0.11499695]
4468
[0.11386826]
4469
[0.11537657]
4470
[0.17286706]
4471
[0.17002127]
4472
[0.11251238]
4473
[0.16354965]
4474
[0.03761063]
4475
[0.15770507]
4476
[0.05132988]
4477
[0.1466219]
4478
[0.17166327]
4479
[0.11469716]
4480
[0.17140278]
4481
[0.16112271]
4482
[0.14749827]
4483
[0.16733592]
4484
[0.15443591]
4485
[0.05625424]
4486
[0.06791292]
4487
[0.09730652]
4488
[0.15150489]
4489
[0.11313049]
4490
[0.17311022]
4491
[0.11855265]
4492
[0.11221532]
4493
[0.12523752]
4494
[0.14471991]
4495
[0.13098088]
4496
[0.16095277]
4497
[0.1359125]
4498
[0.11312258]
4499
[0.05679137]
4500
[0.04218495]
4501
[0.11318942]
4502
[0.15096977]
4503
[0.12009834]
4504
[0.17309653]
4505
[0.15305296]
4506
[0.06518588]
4507
[0.1228856]
4508
[0.08741374]
4509
[0.10851249]
4510
[0.12118076]
4511
[0.16708206]
4512
[0.13704284]
4513
[0.10881687]
4514
[0.1317087]
4515
[0.11371993]
4516
[0.17342486]
4517
[0.15508789]
4518
[0.1622064]
4519
[0.12605149]
4520
[0.14883496]
4521
[0.14802592]
4522
[0.16822996]
4523
[0.11453126]
4524
[0.16424464]
4525
[0.13764215]
4526
[0.1731232]
4527
[0.12829282]
4528
[0.05835495]
4529
[0.1132705]
4530
[0.04616286]
4531
[0.17142532]
4532
[0.14574566]
4533
[0.09146684]
4534
[0.11285594]
4535
[0.06168648]
4536
[0.17130029]
4537
[0.11899014]
4538
[0.03304781]
4539
[0.17189061]
4540
[0.17082609]
4541
[0.12620359]
4542
[0.10702496]
4543
[0.17158937]
4544
[0.15446313]
4545
[0.17247449]
4546
[0.15270746]
4547
[0.12827705]
4548
[0.16050299]
4549
[0.16595886]
4550
[0.11809386]
4551
[0.11225473]
4552
[0.11826199]
4553
[0.08142133]
4554
[0.11228407]
4555
[0.14121948]
4556
[0.11670779]
4557
[0.13758502]
4558
[0.06616032]
4559
[0.06451623]
4560
[0.16449143]
4561
[0.14349341]
4562
[0.11335018]
4563
[0.13522053]
4564
[0.15393166]
4565
[0.16757546]
4566
[0.11738854]
4567
[0.11286345]
4568
[0.1162144]
4569
[0.15445024]
4570
[0.15085609]
4571
[0.16028097]
4572
[0.12392214]
4573
[0.11323171]
4574
[0.0760445]
4575
[0.10066113]
4576
[0.12178304]
4577
[0.12553436]
4578
[0.11299319]
4579
[0.17346638]
4580
[0.11515475]
4581
[0.17344998]
4582
[0.15501602]
4583
[0.11491044]
4584
[0.17346617]
4585
[0.12339415]
4586
[0.0339791]
4587
[0.11269348]
4588
[0.06549445]
4589
[0.11730048]
4590
[0.15120131]
4591
[0.15680552]
4592
[0.13791994]
4593
[0.1134845]
4594
[0.0697216]
4595
[0.11138486]
4596
[0.1456591]
4597
[0.13599507]
4598
[0.10834247]
4599
[0.16277121]
4600
[0.08910835]
4601
[0.16067014]
4602
[0.14039785]
4603
[0.14415326]
4604
[0.09598836]
4605
[0.11250005]
4606
[0.16282894]
4607
[0.14636849]
4608
[0.16941183]
4609
[0.14277695]
4610
[0.15172094]
4611
[0.11259804]
4612
[0.04150011]
4613
[0.17320006]
4614
[0.17310559]
4615
[0.13211533]
4616
[0.15752483]
4617
[0.14749714]
4618
[0.11332881]
4619
[0.17153732]
4620
[0.11174726]
4621
[0.15135323]
4622
[0.130976]
4623
[0.17334529]
4624
[0.11426208]
4625
[0.11866942]
4626
[0.12788358]
4627
[0.15323111]
4628
[0.14707197]
4629
[0.12211133]
4630
[0.11684416]
4631
[0.1438495]
4632
[0.1646462]
4633
[0.12376317]
4634
[0.10783396]
4635
[0.13555354]
4636
[0.08995198]
4637
[0.12492822]
4638
[0.11258126]
4639
[0.09637167]
4640
[0.07740739]
4641
[0.0481596]
4642
[0.16690673]
4643
[0.11586303]
4644
[0.07368798]
4645
[0.11270001]
4646
[0.12400188]
4647
[0.11278304]
4648
[0.12250518]
4649
[0.10818025]
4650
[0.09928382]
4651
[0.17214079]
4652
[0.16654616]
4653
[0.11221963]
4654
[0.12895691]
4655
[0.11525647]
4656
[0.12565797]
4657
[0.1205938]
4658
[0.13039456]
4659
[0.12350293]
4660
[0.079457]
4661
[0.11613607]
4662
[0.10893729]
4663
[0.11411524]
4664
[0.10636748]
4665
[0.15790686]
4666
[0.11686322]
4667
[0.16489609]
4668
[0.11232699]
4669
[0.17166444]
4670
[0.09297894]
4671
[0.17339388]
4672
[0.1187767]
4673
[0.11726472]
4674
[0.17016047]
4675
[0.08128003]
4676
[0.1213919]
4677
[0.15860883]
4678
[0.14901289]
4679
[0.0859169]
4680
[0.07525416]
4681
[0.14552679]
4682
[0.11270789]
4683
[0.16664946]
4684
[0.04542734]
4685
[0.14065768]
4686
[0.03970843]
4687
[0.11219946]
4688
[0.1378562]
4689
[0.11613342]
4690
[0.05014447]
4691
[0.1727438]
4692
[0.07725053]
4693
[0.17251787]
4694
[0.172171]
4695
[0.17172027]
4696
[0.09208688]
4697
[0.14891175]
4698
[0.06202664]
4699
[0.14924372]
4700
[0.15338833]
4701
[0.11385437]
4702
[0.13103055]
4703
[0.11427112]
4704
[0.11236223]
4705
[0.11242945]
4706
[0.14480141]
4707
[0.05291311]
4708
[0.05409887]
4709
[0.14817934]
4710
[0.15872048]
4711
[0.08861373]
4712
[0.17345655]
4713
[0.05624436]
4714
[0.11392282]
4715
[0.13140769]
4716
[0.13451697]
4717
[0.03693047]
4718
[0.08827853]
4719
[0.06996101]
4720
[0.12923164]
4721
[0.12170238]
4722
[0.10471782]
4723
[0.17307318]
4724
[0.14808923]
4725
[0.14369786]
4726
[0.10953406]
4727
[0.16813276]
4728
[0.17106396]
4729
[0.17344502]
4730
[0.15104707]
4731
[0.16959348]
4732
[0.04919722]
4733
[0.04750956]
4734
[0.05154925]
4735
[0.06848578]
4736
[0.06285965]
4737
[0.11437607]
4738
[0.1706473]
4739
[0.09410122]
4740
[0.11268414]
4741
[0.1721742]
4742
[0.15790703]
4743
[0.15504176]
4744
[0.17105225]
4745
[0.1140839]
4746
[0.16816001]
4747
[0.07073335]
4748
[0.11078362]
4749
[0.1682655]
4750
[0.12245743]
4751
[0.11838672]
4752
[0.16547777]
4753
[0.12039732]
4754
[0.1706046]
4755
[0.11454072]
4756
[0.10461624]
4757
[0.12390585]
4758
[0.05005164]
4759
[0.1688223]
4760
[0.06030461]
4761
[0.09675524]
4762
[0.12081376]
4763
[0.12560629]
4764
[0.07018833]
4765
[0.04794405]
4766
[0.12811535]
4767
[0.0796295]
4768
[0.14249271]
4769
[0.05100029]
4770
[0.16282562]
4771
[0.17048971]
4772
[0.15482719]
4773
[0.15321286]
4774
[0.07909404]
4775
[0.13134728]
4776
[0.17274969]
4777
[0.14382323]
4778
[0.1572274]
4779
[0.17097865]
4780
[0.16950757]
4781
[0.11318878]
4782
[0.11281882]
4783
[0.17313273]
4784
[0.13325218]
4785
[0.11332994]
4786
[0.12115776]
4787
[0.15577794]
4788
[0.15416895]
4789
[0.04081665]
4790
[0.11228573]
4791
[0.11689659]
4792
[0.17250138]
4793
[0.16397642]
4794
[0.17180134]
4795
[0.09730972]
4796
[0.13907738]
4797
[0.11536512]
4798
[0.14914471]
4799
[0.12369662]
4800
[0.15940447]
4801
[0.11427652]
4802
[0.15619386]
4803
[0.17215764]
4804
[0.17158507]
4805
[0.14221082]
4806
[0.15914542]
4807
[0.10553254]
4808
[0.09071843]
4809
[0.11275808]
4810
[0.13071768]
4811
[0.1680138]
4812
[0.14276717]
4813
[0.16044752]
4814
[0.11221119]
4815
[0.06797944]
4816
[0.15429971]
4817
[0.15058968]
4818
[0.11228664]
4819
[0.15523793]
4820
[0.16665119]
4821
[0.1583347]
4822
[0.11379314]
4823
[0.17160823]
4824
[0.12242153]
4825
[0.16800858]
4826
[0.15301601]
4827
[0.16518285]
4828
[0.11445244]
4829
[0.17346135]
4830
[0.0748932]
4831
[0.08741957]
4832
[0.12307433]
4833
[0.16575816]
4834
[0.11243266]
4835
[0.11255937]
4836
[0.15380381]
4837
[0.1345287]
4838
[0.12877214]
4839
[0.11464697]
4840
[0.09119406]
4841
[0.15502537]
4842
[0.11284605]
4843
[0.16654321]
4844
[0.16596246]
4845
[0.11234555]
4846
[0.10733535]
4847
[0.1122698]
4848
[0.05116281]
4849
[0.17038261]
4850
[0.17081]
4851
[0.07228001]
4852
[0.0359761]
4853
[0.05751704]
4854
[0.11220447]
4855
[0.03723591]
4856
[0.16883575]
4857
[0.15198562]
4858
[0.12709769]
4859
[0.17040423]
4860
[0.1279767]
4861
[0.14900694]
4862
[0.17152934]
4863
[0.17015751]
4864
[0.17073208]
4865
[0.17038495]
4866
[0.11530717]
4867
[0.0575202]
4868
[0.17309989]
4869
[0.13295518]
4870
[0.13304734]
4871
[0.05152948]
4872
[0.11220551]
4873
[0.05056035]
4874
[0.15373706]
4875
[0.03741136]
4876
[0.1276859]
4877
[0.07228278]
4878
[0.13232263]
4879
[0.11592651]
4880
[0.14949821]
4881
[0.15139461]
4882
[0.05598748]
4883
[0.15534943]
4884
[0.11454437]
4885
[0.16644377]
4886
[0.11318164]
4887
[0.060907]
4888
[0.1727393]
4889
[0.07880363]
4890
[0.09833339]
4891
[0.13488806]
4892
[0.14487526]
4893
[0.17081289]
4894
[0.12018162]
4895
[0.12098512]
4896
[0.11631125]
4897
[0.10663055]
4898
[0.16852586]
4899
[0.14613959]
4900
[0.12786875]
4901
[0.05987715]
4902
[0.137461]
4903
[0.14570556]
4904
[0.13751448]
4905
[0.05131509]
4906
[0.16228205]
4907
[0.17278462]
4908
[0.11088092]
4909
[0.15348842]
4910
[0.12438954]
4911
[0.10571224]
4912
[0.15782502]
4913
[0.17165378]
4914
[0.11455284]
4915
[0.1415428]
4916
[0.12082075]
4917
[0.10792609]
4918
[0.15520031]
4919
[0.16981458]
4920
[0.11554093]
4921
[0.16460763]
4922
[0.05110967]
4923
[0.06081712]
4924
[0.13722001]
4925
[0.17061903]
4926
[0.16089792]
4927
[0.11815332]
4928
[0.16941546]
4929
[0.16038406]
4930
[0.13939525]
4931
[0.16313883]
4932
[0.11220077]
4933
[0.17148084]
4934
[0.11870042]
4935
[0.11252797]
4936
[0.14812149]
4937
[0.10711794]
4938
[0.10116654]
4939
[0.105632]
4940
[0.11698226]
4941
[0.07300568]
4942
[0.0983492]
4943
[0.13814972]
4944
[0.13045581]
4945
[0.1625764]
4946
[0.15299352]
4947
[0.11421918]
4948
[0.08904013]
4949
[0.11853555]
4950
[0.17249411]
4951
[0.15832317]
4952
[0.16501616]
4953
[0.1125816]
4954
[0.11954484]
4955
[0.13756825]
4956
[0.05471102]
4957
[0.16244221]
4958
[0.16563111]
4959
[0.15584778]
4960
[0.1359269]
4961
[0.12960792]
4962
[0.15918632]
4963
[0.15023908]
4964
[0.13308379]
4965
[0.1363029]
4966
[0.17306137]
4967
[0.12317495]
4968
[0.17342743]
4969
[0.14250132]
4970
[0.0460219]
4971
[0.10493264]
4972
[0.12753997]
4973
[0.11190018]
4974
[0.13263449]
4975
[0.1313299]
4976
[0.14027775]
4977
[0.1303672]
4978
[0.05269128]
4979
[0.14534108]
4980
[0.08805823]
4981
[0.14810846]
4982
[0.12887562]
4983
[0.17241557]
4984
[0.12330609]
4985
[0.08667616]
4986
[0.10939199]
4987
[0.17223472]
4988
[0.14314699]
4989
[0.11269285]
4990
[0.1259532]
4991
[0.11278629]
4992
[0.11248871]
4993
[0.16663704]
4994
[0.11325629]
4995
[0.14234078]
4996
[0.15100881]
4997
[0.16595824]
4998
[0.06533365]
4999
[0.17333467]
[1] 40000    11
[1] 40000    11
