LOADING R
R LOADED
[1] "/home/lvanderl/Rlibs2"                         
[2] "/app/software/R/4.3.1-gfbf-2022b/lib/R/library"
[1] "/home/lvanderl/sieveSims"
[1] "gam 2 4"
[1] 0.06510706
[1] 0.06510706
[1] 0.06510706
9.122448979591837
0
[0.07312235]
1
[0.06759319]
2
[0.08927501]
3
[0.09272951]
4
[0.09518966]
5
[0.09406232]
6
[0.09329272]
7
[0.08286411]
8
[0.07216032]
9
[0.06734863]
10
[0.08248563]
11
[0.06089369]
12
[0.09534096]
13
[0.07771915]
14
[0.09519177]
15
[0.06715732]
16
[0.08803366]
17
[0.10012582]
18
[0.07205144]
19
[0.09803637]
20
[0.06683802]
21
[0.09144014]
22
[0.09439631]
23
[0.06355247]
24
[0.07164805]
25
[0.09406027]
26
[0.07835528]
27
[0.07606354]
28
[0.08838086]
29
[0.08427451]
30
[0.06895167]
31
[0.08322398]
32
[0.06574443]
33
[0.07257804]
34
[0.08791178]
35
[0.06248918]
36
[0.07768175]
37
[0.0735372]
38
[0.07625677]
39
[0.09753086]
40
[0.07258612]
41
[0.07818529]
42
[0.08150773]
43
[0.08655657]
44
[0.07293362]
45
[0.07920057]
46
[0.06671767]
47
[0.10021926]
48
[0.07742586]
49
[0.08101873]
50
[0.06367043]
51
[0.08184718]
52
[0.0661458]
53
[0.09282442]
54
[0.07801337]
55
[0.06896841]
56
[0.08277342]
57
[0.07846426]
58
[0.06499951]
59
[0.07848864]
60
[0.09713139]
61
[0.09504632]
62
[0.07808055]
63
[0.09692666]
64
[0.09731423]
65
[0.07046633]
66
[0.06477127]
67
[0.08125862]
68
[0.09790062]
69
[0.07464652]
70
[0.0635216]
71
[0.08030657]
72
[0.07723384]
73
[0.07608147]
74
[0.09306664]
75
[0.09665985]
76
[0.08500018]
77
[0.07549419]
78
[0.09226015]
79
[0.07145875]
80
[0.08289688]
81
[0.0883294]
82
[0.09535385]
83
[0.09203393]
84
[0.07260499]
85
[0.09768533]
86
[0.07503525]
87
[0.09925703]
88
[0.07895713]
89
[0.08765572]
90
[0.0704687]
91
[0.07536003]
92
[0.05081717]
93
[0.09830395]
94
[0.0922383]
95
[0.0928088]
96
[0.09078453]
97
[0.06695718]
98
[0.068812]
99
[0.09979137]
100
[0.08996978]
101
[0.06641786]
102
[0.09455526]
103
[0.06973695]
104
[0.07795616]
105
[0.08875136]
106
[0.08285678]
107
[0.09086244]
108
[0.04294135]
109
[0.07158108]
110
[0.0868641]
111
[0.07832775]
112
[0.08466298]
113
[0.08119195]
114
[0.07998713]
115
[0.08950908]
116
[0.0936344]
117
[0.07780413]
118
[0.06357332]
119
[0.06488678]
120
[0.08199064]
121
[0.07853945]
122
[0.09354076]
123
[0.07568233]
124
[0.09651141]
125
[0.06970647]
126
[0.07645647]
127
[0.08553249]
128
[0.09781037]
129
[0.09448375]
130
[0.07333817]
131
[0.0681464]
132
[0.07500992]
133
[0.09711912]
134
[0.08180083]
135
[0.06679031]
136
[0.08329506]
137
[0.09935314]
138
[0.0954713]
139
[0.08334822]
140
[0.07007351]
141
[0.09072147]
142
[0.08467544]
143
[0.09838018]
144
[0.06422586]
145
[0.08956486]
146
[0.05930854]
147
[0.09718827]
148
[0.08394841]
149
[0.09801834]
150
[0.08838671]
151
[0.08317958]
152
[0.09145121]
153
[0.08621168]
154
[0.08508296]
155
[0.06035645]
156
[0.08404597]
157
[0.09885066]
158
[0.07883096]
159
[0.0782852]
160
[0.077593]
161
[0.08672898]
162
[0.07398154]
163
[0.09571812]
164
[0.08937482]
165
[0.08710332]
166
[0.07959415]
167
[0.06737781]
168
[0.09830729]
169
[0.09621174]
170
[0.09011684]
171
[0.08752853]
172
[0.09068294]
173
[0.09653179]
174
[0.07119784]
175
[0.09264265]
176
[0.08306679]
177
[0.07324032]
178
[0.07918275]
179
[0.07796602]
180
[0.07274288]
181
[0.08880497]
182
[0.09304971]
183
[0.09970352]
184
[0.07898193]
185
[0.08520844]
186
[0.07511714]
187
[0.07291836]
188
[0.0583823]
189
[0.09841379]
190
[0.06704249]
191
[0.0946668]
192
[0.06446957]
193
[0.0829622]
194
[0.06529351]
195
[0.06383854]
196
[0.06114572]
197
[0.08769844]
198
[0.08827582]
199
[0.08653949]
200
[0.09442346]
201
[0.07337538]
202
[0.06680972]
203
[0.06605208]
204
[0.08328023]
205
[0.06855916]
206
[0.08549111]
207
[0.08686902]
208
[0.08644293]
209
[0.08540518]
210
[0.09869308]
211
[0.09791907]
212
[0.0675924]
213
[0.08732403]
214
[0.08893631]
215
[0.09871606]
216
[0.07111104]
217
[0.07141594]
218
[0.09630026]
219
[0.07211803]
220
[0.10011517]
221
[0.09196812]
222
[0.06391003]
223
[0.08352013]
224
[0.08265237]
225
[0.09733059]
226
[0.08311592]
227
[0.07493537]
228
[0.08047047]
229
[0.08442365]
230
[0.07928781]
231
[0.06898749]
232
[0.0813241]
233
[0.08799098]
234
[0.08585517]
235
[0.06305352]
236
[0.06905891]
237
[0.08840745]
238
[0.07805076]
239
[0.08997405]
240
[0.07366372]
241
[0.08641979]
242
[0.08731505]
243
[0.0898242]
244
[0.0581712]
245
[0.09885611]
246
[0.07949161]
247
[0.08049632]
248
[0.08545687]
249
[0.09244089]
250
[0.09558091]
251
[0.0941615]
252
[0.08734164]
253
[0.06344863]
254
[0.07538794]
255
[0.0905192]
256
[0.09340114]
257
[0.06853925]
258
[0.09338451]
259
[0.09866714]
260
[0.09923725]
261
[0.07807573]
262
[0.06948039]
263
[0.09444408]
264
[0.09772326]
265
[0.09862774]
266
[0.09211172]
267
[0.06363806]
268
[0.08270174]
269
[0.09294136]
270
[0.08425254]
271
[0.09985592]
272
[0.07899681]
273
[0.07078072]
274
[0.09584493]
275
[0.08697756]
276
[0.06123143]
277
[0.08781386]
278
[0.0955724]
279
[0.09649071]
280
[0.09313668]
281
[0.09927363]
282
[0.09095795]
283
[0.05530502]
284
[0.07848352]
285
[0.065692]
286
[0.06859632]
287
[0.09536794]
288
[0.09968006]
289
[0.08390052]
290
[0.09636749]
291
[0.08234163]
292
[0.082801]
293
[0.05724826]
294
[0.08887248]
295
[0.06707606]
296
[0.06200133]
297
[0.08289655]
298
[0.0865486]
299
[0.08294705]
300
[0.07755307]
301
[0.09966542]
302
[0.08919502]
303
[0.10021311]
304
[0.09193091]
305
[0.08788763]
306
[0.09921354]
307
[0.07418978]
308
[0.07551673]
309
[0.08016659]
310
[0.0686193]
311
[0.06841098]
312
[0.09906228]
313
[0.09578357]
314
[0.05580437]
315
[0.09939349]
316
[0.09556112]
317
[0.09411298]
318
[0.0988539]
319
[0.09908216]
320
[0.09823541]
321
[0.06853298]
322
[0.0802457]
323
[0.08722336]
324
[0.08327065]
325
[0.09761285]
326
[0.07401798]
327
[0.06291719]
328
[0.0966686]
329
[0.09999768]
330
[0.09162417]
331
[0.08535814]
332
[0.07280934]
333
[0.08456519]
334
[0.08105896]
335
[0.08638794]
336
[0.06647146]
337
[0.06624822]
338
[0.09901789]
339
[0.09708033]
340
[0.06185338]
341
[0.09307929]
342
[0.08734232]
343
[0.07560882]
344
[0.08856182]
345
[0.09067696]
346
[0.08748492]
347
[0.09338917]
348
[0.09544801]
349
[0.08585807]
350
[0.09312822]
351
[0.07684172]
352
[0.08629832]
353
[0.09703107]
354
[0.09040164]
355
[0.05492658]
356
[0.08844003]
357
[0.09034166]
358
[0.07659549]
359
[0.06223405]
360
[0.0900724]
361
[0.09566321]
362
[0.07438575]
363
[0.06299521]
364
[0.08339764]
365
[0.06646531]
366
[0.07436354]
367
[0.07622684]
368
[0.07201249]
369
[0.08810633]
370
[0.09165469]
371
[0.09751682]
372
[0.06378999]
373
[0.08719069]
374
[0.07107142]
375
[0.09570333]
376
[0.08792481]
377
[0.08821413]
378
[0.09110707]
379
[0.07811368]
380
[0.08742343]
381
[0.064488]
382
[0.08123601]
383
[0.08289022]
384
[0.0699692]
385
[0.0947455]
386
[0.0955282]
387
[0.07980051]
388
[0.09957022]
389
[0.07639541]
390
[0.09622181]
391
[0.08874538]
392
[0.09883837]
393
[0.06494654]
394
[0.06883977]
395
[0.08109285]
396
[0.08400049]
397
[0.08005185]
398
[0.06685959]
399
[0.08468167]
400
[0.08745752]
401
[0.09422817]
402
[0.06377237]
403
[0.0918742]
404
[0.06449452]
405
[0.07421085]
406
[0.06520594]
407
[0.07913032]
408
[0.08668611]
409
[0.08041554]
410
[0.06760616]
411
[0.07776547]
412
[0.07117826]
413
[0.08641427]
414
[0.08911671]
415
[0.07234011]
416
[0.07906679]
417
[0.06522712]
418
[0.10026839]
419
[0.0990511]
420
[0.08239848]
421
[0.07808407]
422
[0.08934925]
423
[0.06936526]
424
[0.065096]
425
[0.08581806]
426
[0.10016062]
427
[0.09264476]
428
[0.09245625]
429
[0.08435601]
430
[0.07214288]
431
[0.06628202]
432
[0.08303815]
433
[0.09107782]
434
[0.09746351]
435
[0.08044171]
436
[0.08538335]
437
[0.08837025]
438
[0.09578238]
439
[0.09439066]
440
[0.08844403]
441
[0.08109921]
442
[0.07009156]
443
[0.08079704]
444
[0.08450258]
445
[0.07071231]
446
[0.08161022]
447
[0.07194063]
448
[0.09438345]
449
[0.09916161]
450
[0.09069582]
451
[0.08077489]
452
[0.09807149]
453
[0.09249531]
454
[0.08973104]
455
[0.09058394]
456
[0.08026848]
457
[0.06884909]
458
[0.07314925]
459
[0.07336885]
460
[0.06396008]
461
[0.08294487]
462
[0.07214672]
463
[0.08440004]
464
[0.09062618]
465
[0.10009284]
466
[0.09405698]
467
[0.08931923]
468
[0.08746344]
469
[0.06591738]
470
[0.06381583]
471
[0.05540007]
472
[0.0953325]
473
[0.07175795]
474
[0.05587805]
475
[0.06873597]
476
[0.07542581]
477
[0.06866182]
478
[0.08166766]
479
[0.08271341]
480
[0.08678701]
481
[0.06832526]
482
[0.0937967]
483
[0.08915258]
484
[0.09095751]
485
[0.09336637]
486
[0.09687572]
487
[0.06674444]
488
[0.1000662]
489
[0.08324842]
490
[0.07560739]
491
[0.08490979]
492
[0.07926614]
493
[0.09084901]
494
[0.0836943]
495
[0.10018255]
496
[0.08884449]
497
[0.08034157]
498
[0.05847069]
499
[1] 2500   11
[1] 2500   11
[0.08818387]
