LOADING R
R LOADED
[1] "/home/lvanderl/Rlibs2"                         
[2] "/app/software/R/4.3.1-gfbf-2022b/lib/R/library"
[1] "/home/lvanderl/sieveSims"
[1] "xg 2 3"
[1] 0.06909675
[1] 0.06909675
[1] 0.06909675
45.673469387755105
[0.35800542]
[0.37339634]
[0.23131236]
[0.07477318]
[0.05475281]
[0.42499198]
[0.46586503]
[0.35427707]
[0.24668046]
[0.289514]
[0.17293328]
[0.16691829]
[0.42280832]
[0.20073339]
[0.14518322]
[0.29408042]
[0.11217107]
[0.37183234]
[0.16881572]
[0.29440697]
[0.09973555]
[0.0733787]
[0.2196826]
[0.40403809]
[0.14871563]
[0.18517263]
[0.20775426]
[0.32292567]
[0.12086701]
[0.15371624]
[0.20846327]
[0.22132036]
[0.39731449]
[0.35436467]
[0.28705249]
[0.20577019]
[0.1046053]
[0.26277715]
[0.21671308]
[0.37264491]
[0.38922816]
[0.38498384]
[0.11993899]
[0.20602078]
[0.20182111]
[0.16520662]
[0.41643193]
[0.21193761]
[0.25002138]
[0.27944539]
[0.24220154]
[0.17059273]
[0.11795975]
[0.39866089]
[0.22700146]
[0.11935447]
[0.11862445]
[0.13197839]
[0.37800026]
[0.08497362]
[0.2232756]
[0.35055131]
[0.27704439]
[0.20854293]
[0.24005426]
[0.39099234]
[0.24718823]
[0.22446279]
[0.2693006]
[0.24315872]
[0.31748564]
[0.1771343]
[0.26063687]
[0.09128058]
[0.27138024]
[0.28242185]
[0.35569191]
[0.14869843]
[0.332418]
[0.41976064]
[0.20470488]
[0.27151314]
[0.2365226]
[0.11459131]
[0.26181718]
[0.31499879]
[0.21239489]
[0.2689245]
[0.1332332]
[0.37124897]
[0.09681876]
[0.34800779]
[0.15774829]
[0.40261285]
[0.25173606]
[0.31060324]
[0.28037284]
[0.11466162]
[0.08463773]
[0.33613175]
[0.24622798]
[0.14012728]
[0.24104585]
[0.17431156]
[0.40572447]
[0.14741589]
[0.19174772]
[0.107014]
[0.0823065]
[0.12013344]
[0.19854998]
[0.1208151]
[0.16170914]
[0.34477967]
[0.26221721]
[0.16864952]
[0.16959823]
[0.20851814]
[0.17338722]
[0.15908701]
[0.38559857]
[0.13700248]
[0.34561081]
[0.10621569]
[0.17622873]
[0.09874765]
[0.17657286]
[0.08095445]
[0.30021135]
[0.1622775]
[0.15356336]
[0.17373556]
[0.15283179]
[0.36371042]
[0.18876374]
[0.37683061]
[0.15021861]
[0.12983568]
[0.17227957]
[0.38998681]
[0.19374892]
[0.21487286]
[0.29354104]
[0.07524584]
[0.27913557]
[0.22534297]
[0.19267469]
[0.08890881]
[0.40703185]
[0.2041272]
[0.16643264]
[0.44671204]
[0.13709396]
[0.29311923]
[0.23067013]
[0.19761863]
[0.18516063]
[0.30295937]
[0.27636532]
[0.20079661]
[0.16559986]
[0.15352603]
[0.16768608]
[0.34721986]
[0.15941951]
[0.41053]
[0.20828729]
[0.31860733]
[0.1236884]
[0.20354278]
[0.2714425]
[0.18593817]
[0.17688453]
[0.19642159]
[0.09810489]
[0.32978852]
[0.29415389]
[0.32118677]
[0.20956847]
[0.13458237]
[0.33427083]
[0.14574563]
[0.41733959]
[0.34116853]
[0.33184626]
[0.22255551]
[0.35160492]
[0.1581812]
[0.20411372]
[0.3452358]
[0.2332539]
[0.19861634]
[0.15114025]
[0.36873995]
[0.30873213]
[0.16071956]
[0.286676]
[0.29531592]
[0.23483526]
[0.38745518]
[0.25496934]
[0.39120703]
[0.16285833]
[0.230861]
[0.30091342]
[0.29322822]
[0.19596035]
[0.21527448]
[0.2246474]
[0.34188063]
[0.3217914]
[0.06167073]
[0.33109748]
[0.14505388]
[0.38225263]
[0.29616767]
[0.26696206]
[0.12850031]
[0.08483435]
[0.41673972]
[0.20663502]
[0.12380246]
[0.36005323]
[0.10524264]
[0.13716207]
[0.3153564]
[0.09711889]
[0.30393156]
[0.09639561]
[0.27335842]
[0.26961924]
[0.13648667]
[0.23454616]
[0.21718443]
[0.31372403]
[0.23971048]
[0.24543368]
[0.15880584]
[0.11027949]
[0.20405601]
[0.32278307]
[0.13556957]
[0.34277003]
[0.33004418]
[0.32232845]
[0.33384191]
[0.21119817]
[0.33894766]
[0.27029041]
[0.27927326]
[0.19834502]
[0.10736518]
[0.21306058]
[0.09047249]
[0.41604517]
[0.14136547]
[0.22468908]
[0.36970514]
[0.35774476]
[0.38032218]
[0.33196192]
[0.05843454]
[0.32727785]
[0.38525243]
[0.38082935]
[0.27321072]
[0.40351575]
[0.29152462]
[0.17550419]
[0.20187885]
[0.10811318]
[0.21115073]
[0.17771023]
[0.27181099]
[0.15343855]
[0.23723837]
[0.28992236]
[0.38057204]
[0.35667251]
[0.21563001]
[0.17078631]
[0.45522462]
[0.13528696]
[0.18332826]
[0.14905597]
[0.16134876]
[0.29666866]
[0.14151568]
[0.18224932]
[0.22299602]
[0.40566595]
[0.15350222]
[0.24167785]
[0.28681833]
[0.16412146]
[0.41861248]
[0.25176391]
[0.35014161]
[0.23655144]
[0.19959487]
[0.37341828]
[0.20202633]
[0.11123221]
[0.28507733]
[0.35504443]
[0.35304359]
[0.09629685]
[0.35704212]
[0.19071143]
[0.29933679]
[0.10006455]
[0.19750087]
[0.30149515]
[0.08423083]
[0.14835813]
[0.29980107]
[0.14615463]
[0.12465705]
[0.26449601]
[0.08693483]
[0.44071292]
[0.17767777]
[0.26581981]
[0.13885024]
[0.11042631]
[0.32137762]
[0.20017654]
[0.16884535]
[0.25091147]
[0.31556942]
[0.06773233]
[0.08868535]
[0.2551543]
[0.21219818]
[0.1787022]
[0.34982328]
[0.20711704]
[0.10727385]
[0.27813302]
[0.21713273]
[0.12590883]
[0.34891932]
[0.26513593]
[0.36975161]
[0.12009191]
[0.27415117]
[0.28918124]
[0.22142931]
[0.22045554]
[0.17798487]
[0.23613956]
[0.29018547]
[0.12253976]
[0.27618031]
[0.22238115]
[0.26368699]
[0.27829567]
[0.29814526]
[0.20632188]
[0.10508875]
[0.14189554]
[0.32683772]
[0.31872242]
[0.22384005]
[0.25291696]
[0.10893801]
[0.16205875]
[0.19026734]
[0.15761505]
[0.16484623]
[0.10884178]
[0.23858435]
[0.15484911]
[0.14751249]
[0.11263199]
[0.39418237]
[0.1375949]
[0.43294907]
[0.45449209]
[0.36977273]
[0.34801629]
[0.19073137]
[0.06506155]
[0.24189218]
[0.34676989]
[0.18659609]
[0.23060161]
[0.14988643]
[0.3527149]
[0.15211202]
[0.16809175]
[0.16273052]
[0.29115334]
[0.19334679]
[0.33837434]
[0.36842148]
[0.18355475]
[0.08180992]
[0.26700058]
[0.18891285]
[0.18007969]
[0.41316933]
[0.19790104]
[0.12442511]
[0.24322865]
[0.17949754]
[0.14842053]
[0.36824173]
[0.0869804]
[0.30218561]
[0.20427874]
[0.21986521]
[0.31432179]
[0.25171103]
[0.10403918]
[0.08597146]
[0.36594297]
[0.32699616]
[0.31880519]
[0.18967088]
[0.35586869]
[0.11353425]
[0.07136421]
[0.2967435]
[0.28391421]
[0.11544092]
[0.36617738]
[0.37645621]
[0.2712556]
[0.17111646]
[0.21308281]
[0.10956037]
[0.32979062]
[0.09686055]
[0.29170245]
[0.35488742]
[0.20819283]
[0.29081587]
[0.31608656]
[0.21782867]
[0.23448896]
[0.3225662]
[0.11731001]
[0.20376097]
[0.33591254]
[0.07747734]
[0.21877038]
[0.33712751]
[0.27968063]
[0.14225086]
[0.07564125]
[0.28241286]
[0.07458797]
[0.27764623]
[0.27210253]
[0.09291333]
[0.16670712]
[0.26602479]
[0.30675895]
[0.10461082]
[0.36918558]
[0.16025856]
[0.25071887]
[0.10315281]
[0.15179704]
[0.23984875]
[0.13732935]
[0.30889807]
[0.2516521]
[0.23778796]
[0.10437455]
[0.13805916]
[0.39783084]
[0.38771035]
[0.26546445]
[0.30601557]
[0.08647462]
[0.1404754]
[0.26555574]
[0.27040641]
[0.11542588]
[0.21309962]
[0.25784836]
[0.05711362]
[0.26731871]
[0.13198661]
[0.15316362]
[0.24314746]
[0.1575397]
[0.19050105]
[0.15940369]
[0.43342622]
[0.26916928]
[0.29028811]
[0.20606743]
[0.14450388]
[0.15852023]
[0.25360129]
[0.20415356]
[0.1034753]
[1] 2500   11
[1] 2500   11
