LOADING R
R LOADED
[1] "/home/lvanderl/Rlibs2"                         
[2] "/app/software/R/4.3.1-gfbf-2022b/lib/R/library"
[1] "/home/lvanderl/sieveSims"
[1] "xg 5 1.5"
[1] "histogram binning"
[1] 0.4268934
[1] 0.4268934
[1] "mondrian"
[1] "iso"
[1] 0.4268934
[1] "conditional"
[   10.            11.51395399    13.25711366    15.26417967
    17.57510625    20.23589648    23.29951811    26.82695795
    30.88843596    35.56480306    40.94915062    47.14866363
    54.28675439    62.50551925    71.9685673     82.86427729
    95.40954763   109.8541142    126.48552169   145.63484775
   167.68329368   193.06977289   222.29964825   255.95479227
   294.70517026   339.32217719   390.69399371   449.8432669
   517.94746792   596.36233166   686.648845     790.60432109
   910.29817799  1048.11313415  1206.79264064  1389.49549437
  1599.85871961  1842.06996933  2120.95088792  2442.05309455
  2811.76869797  3237.45754282  3727.59372031  4291.93426013
  4941.71336132  5689.86602902  6551.2855686   7543.12006335
  8685.11373751 10000.        ]
[0.1982765  0.19746542 0.19631342 0.1944471  0.1941425  0.19340507
 0.19213779 0.19773635 0.19356809 0.19276057 0.19594896 0.20116333
 0.19721838 0.20366873 0.21198482 0.19438097 0.20609423 0.20554761
 0.21660929 0.20897033 0.24024759 0.25380237 0.23779452 0.2984921
 0.26123015 0.26082014 0.33821622 0.31651392 0.37495961 0.40751975
 0.51221269 0.50402792 0.57735772 0.63375263 0.58179094 0.57566186
 0.77241965 0.80201217 0.8883825  1.26826478 1.21354789 1.38713994
 1.59186244 1.65511887 1.88967742 1.98436662 2.51507872 2.589357
 2.63226504 3.69575653]
23.29951810515372
0.04291934260128778
0
[0.16655045]
1
[0.16071807]
2
[0.19879831]
3
[0.15544758]
4
[0.1557673]
5
[0.20786819]
6
[0.17653296]
7
[0.16514006]
8
[0.17378025]
9
[0.17127831]
10
[0.17698732]
11
[0.17676757]
12
[0.18593476]
13
[0.13499863]
14
[0.17747781]
15
[0.15896765]
16
[0.15368201]
17
[0.16591095]
18
[0.13055531]
19
[0.15707961]
20
[0.13035825]
21
[0.15534483]
22
[0.14652454]
23
[0.14283837]
24
[0.15209575]
25
[0.18613023]
26
[0.17892917]
27
[0.178628]
28
[0.17092315]
29
[0.20896917]
30
[0.13092063]
31
[0.14519312]
32
[0.16581283]
33
[0.16372287]
34
[0.19725287]
35
[0.14056967]
36
[0.15713035]
37
[0.17152846]
38
[0.19346079]
39
[0.17471812]
40
[0.14385596]
41
[0.17567877]
42
[0.16342834]
43
[0.15960596]
44
[0.18063075]
45
[0.13462948]
46
[0.20500438]
47
[0.15279105]
48
[0.13308013]
49
[0.17580376]
50
[0.12094397]
51
[0.13828603]
52
[0.17988333]
53
[0.17586052]
54
[0.14346406]
55
[0.14889621]
56
[0.18266745]
57
[0.07509597]
58
[0.16477801]
59
[0.09974799]
60
[0.1114425]
61
[0.14099201]
62
[0.15091424]
63
[0.19462949]
64
[0.15933722]
65
[0.15886031]
66
[0.16740357]
67
[0.16270224]
68
[0.20018645]
69
[0.1276782]
70
[0.18718221]
71
[0.17996442]
72
[0.18312296]
73
[0.14444656]
74
[0.17286202]
75
[0.16473812]
76
[0.17133472]
77
[0.16993363]
78
[0.16734593]
79
[0.16521785]
80
[0.18252676]
81
[0.15771225]
82
[0.16244746]
83
[0.16228169]
84
[0.18384284]
85
[0.18768766]
86
[0.17465696]
87
[0.16313911]
88
[0.14371764]
89
[0.13796199]
90
[0.2225178]
91
[0.24727156]
92
[0.16711708]
93
[0.15266703]
94
[0.14675958]
95
[0.2062214]
96
[0.16416547]
97
[0.19350068]
98
[0.17512613]
99
[0.18404774]
100
[0.1020593]
101
[0.13533118]
102
[0.13627424]
103
[0.14152949]
104
[0.14628004]
105
[0.24254541]
106
[0.15448512]
107
[0.19482523]
108
[0.15277959]
109
[0.17375996]
110
[0.11905158]
111
[0.1402872]
112
[0.11573907]
113
[0.15538444]
114
[0.1742662]
115
[0.19124658]
116
[0.14219808]
117
[0.1497677]
118
[0.23237404]
119
[0.16722879]
120
[0.15919954]
121
[0.17328089]
122
[0.1714247]
123
[0.21310621]
124
[0.14818119]
125
[0.1446595]
126
[0.15344748]
127
[0.1744714]
128
[0.14848288]
129
[0.13098858]
130
[0.19760147]
131
[0.1708772]
132
[0.12590639]
133
[0.20396846]
134
[0.2046942]
135
[0.19525801]
136
[0.15046576]
137
[0.07949389]
138
[0.13531183]
139
[0.15130127]
140
[0.18686391]
141
[0.11801894]
142
[0.18698652]
143
[0.16040298]
144
[0.18327221]
145
[0.17999931]
146
[0.07693543]
147
[0.20696628]
148
[0.15414562]
149
[0.18230009]
150
[0.11753905]
151
[0.15316322]
152
[0.13836818]
153
[0.14825727]
154
[0.16851906]
155
[0.16183741]
156
[0.15851062]
157
[0.15267971]
158
[0.1507889]
159
[0.17066207]
160
[0.17949181]
161
[0.14407396]
162
[0.16058581]
163
[0.22936185]
164
[0.16854282]
165
[0.19333055]
166
[0.16476606]
167
[0.19383165]
168
[0.15004659]
169
[0.19070984]
170
[0.15533937]
171
[0.14814853]
172
[0.1778476]
173
[0.16003855]
174
[0.19903204]
175
[0.14909852]
176
[0.14113445]
177
[0.14363575]
178
[0.16468829]
179
[0.19574532]
180
[0.17158295]
181
[0.16529124]
182
[0.20034938]
183
[0.1574111]
184
[0.17109204]
185
[0.1844778]
186
[0.22352998]
187
[0.16440867]
188
[0.09911358]
189
[0.18128597]
190
[0.17522446]
191
[0.16696395]
192
[0.14219296]
193
[0.16684991]
194
[0.11891007]
195
[0.15575424]
196
[0.13358421]
197
[0.11151492]
198
[0.16610827]
199
[0.18930894]
200
[0.17960919]
201
[0.14339768]
202
[0.13203984]
203
[0.18712419]
204
[0.14724412]
205
[0.16552263]
206
[0.22735761]
207
[0.11841137]
208
[0.15405941]
209
[0.15834633]
210
[0.18273504]
211
[0.17840816]
212
[0.15072193]
213
[0.168483]
214
[0.14404117]
215
[0.18132934]
216
[0.18306818]
217
[0.10538649]
218
[0.15729053]
219
[0.17583469]
220
[0.16786181]
221
[0.12804821]
222
[0.12137984]
223
[0.17595294]
224
[0.19131453]
225
[0.14935846]
226
[0.18941844]
227
[0.14821058]
228
[0.12210892]
229
[0.152794]
230
[0.19105744]
231
[0.16840488]
232
[0.18358823]
233
[0.12467207]
234
[0.12794902]
235
[0.16601741]
236
[0.18662346]
237
[0.15018732]
238
[0.18429716]
239
[0.18777629]
240
[0.15310082]
241
[0.12219232]
242
[0.19127226]
243
[0.2146172]
244
[0.20257681]
245
[0.15871434]
246
[0.18287338]
247
[0.17365562]
248
[0.17604636]
249
[0.20483543]
250
[0.12402897]
251
[0.17004237]
252
[0.17170662]
253
[0.17265527]
254
[0.17310175]
255
[0.16025974]
256
[0.1778074]
257
[0.14695024]
258
[0.14499701]
259
[0.2039575]
260
[0.19687827]
261
[0.16698547]
262
[0.19357139]
263
[0.17770745]
264
[0.17331562]
265
[0.1127391]
266
[0.15110267]
267
[0.14243449]
268
[0.14501387]
269
[0.13125186]
270
[0.15115315]
271
[0.18553408]
272
[0.15676871]
273
[0.16211495]
274
[0.19067719]
275
[0.16081532]
276
[0.18844707]
277
[0.15486237]
278
[0.15930225]
279
[0.16104695]
280
[0.18133634]
281
[0.16943256]
282
[0.1959998]
283
[0.20944677]
284
[0.17457437]
285
[0.16926296]
286
[0.15123284]
287
[0.13498731]
288
[0.261642]
289
[0.15755007]
290
[0.18145613]
291
[0.1543399]
292
[0.18395784]
293
[0.16494289]
294
[0.15464373]
295
[0.17381322]
296
[0.15666322]
297
[0.20206694]
298
[0.13370194]
299
[0.16453889]
300
[0.18401404]
301
[0.18348477]
302
[0.13485555]
303
[0.16595708]
304
[0.15882392]
305
[0.16634899]
306
[0.17116231]
307
[0.15800906]
308
[0.19207453]
309
[0.18233827]
310
[0.1746039]
311
[0.20386172]
312
[0.1978946]
313
[0.16491486]
314
[0.14503232]
315
[0.15375833]
316
[0.19696855]
317
[0.14544154]
318
[0.16982344]
319
[0.18270171]
320
[0.15767031]
321
[0.17747958]
322
[0.18550531]
323
[0.14067172]
324
[0.13230791]
325
[0.09230739]
326
[0.17267943]
327
[0.13452969]
328
[0.1116105]
329
[0.1520299]
330
[0.17058563]
331
[0.14518898]
332
[0.18706433]
333
[0.13665924]
334
[0.15814041]
335
[0.2284187]
336
[0.16561828]
337
[0.11105297]
338
[0.16929765]
339
[0.18365034]
340
[0.16387306]
341
[0.17295788]
342
[0.17948522]
343
[0.14518132]
344
[0.1706354]
345
[0.16354752]
346
[0.14481154]
347
[0.1735877]
348
[0.18199935]
349
[0.13912674]
350
[0.16912288]
351
[0.1689755]
352
[0.16344775]
353
[0.19150955]
354
[0.14786732]
355
[0.11388514]
356
[0.17148095]
357
[0.19475863]
358
[0.15509395]
359
[0.16864752]
360
[0.19004211]
361
[0.15421867]
362
[0.11313842]
363
[0.17506895]
364
[0.19548512]
365
[0.16275446]
366
[0.16825193]
367
[0.15228376]
368
[0.19020952]
369
[0.15526604]
370
[0.15127346]
371
[0.14139546]
372
[0.17441805]
373
[0.13296837]
374
[0.13663249]
375
[0.15946058]
376
[0.16262933]
377
[0.1355617]
378
[0.16429067]
379
[0.17517807]
380
[0.12203967]
381
[0.13697831]
382
[0.14929434]
383
[0.19457328]
384
[0.12000695]
385
[0.16600788]
386
[0.19768673]
387
[0.1319246]
388
[0.14015431]
389
[0.14332846]
390
[0.15656243]
391
[0.26863997]
392
[0.17123913]
393
[0.1628552]
394
[0.14920681]
395
[0.16027044]
396
[0.18398991]
397
[0.12708829]
398
[0.14706384]
399
[0.18173163]
400
[0.10610781]
401
[0.15176732]
402
[0.18409192]
403
[0.06970606]
404
[0.17222651]
405
[0.16332625]
406
[0.15791068]
407
[0.18350905]
408
[0.14442048]
409
[0.17406139]
410
[0.19006935]
411
[0.14395237]
412
[0.14990315]
413
[0.22384073]
414
[0.16533579]
415
[0.14152596]
416
[0.16955081]
417
[0.1728742]
418
[0.15310947]
419
[0.19487052]
420
[0.1538565]
421
[0.17265069]
422
[0.15189661]
423
[0.20745747]
424
[0.19029493]
425
[0.14045583]
426
[0.18382779]
427
[0.22711863]
428
[0.150775]
429
[0.16104401]
430
[0.1708513]
431
[0.16828951]
432
[0.1683158]
433
[0.21699152]
434
[0.18050919]
435
[0.14929573]
436
[0.1563773]
437
[0.17941832]
438
[0.13041417]
439
[0.1923076]
440
[0.14918787]
441
[0.16688261]
442
[0.17675829]
443
[0.16835205]
444
[0.14475699]
445
[0.22338223]
446
[0.18364586]
447
[0.17725261]
448
[0.1750784]
449
[0.21051785]
450
[0.17224902]
451
[0.17598278]
452
[0.19933087]
453
[0.19581585]
454
[0.160472]
455
[0.19058692]
456
[0.13379148]
457
[0.18051715]
458
[0.17848975]
459
[0.13599845]
460
[0.16982353]
461
[0.16009145]
462
[0.20662928]
463
[0.14731233]
464
[0.15544655]
465
[0.17207528]
466
[0.16765065]
467
[0.18926966]
468
[0.16355766]
469
[0.1326868]
470
[0.16956256]
471
[0.13765143]
472
[0.16880677]
473
[0.18335915]
474
[0.15116032]
475
[0.16046353]
476
[0.13576632]
477
[0.16141835]
478
[0.15596661]
479
[0.17130946]
480
[0.19720009]
481
[0.20432769]
482
[0.16880884]
483
[0.15766267]
484
[0.18702455]
485
[0.17154736]
486
[0.11410854]
487
[0.14818881]
488
[0.1861905]
489
[0.13559884]
490
[0.1449705]
491
[0.16118033]
492
[0.12861713]
493
[0.17640821]
494
[0.17138296]
495
[0.13497876]
496
[0.14258149]
497
[0.17801186]
498
[0.19785056]
499
[0.27109127]
500
[0.16317378]
501
[0.15078281]
502
[0.20320335]
503
[0.16833836]
504
[0.18967552]
505
[0.18362586]
506
[0.14074518]
507
[0.17229674]
508
[0.15329628]
509
[0.19184078]
510
[0.17060429]
511
[0.12979341]
512
[0.15500843]
513
[0.12800489]
514
[0.1532233]
515
[0.16234845]
516
[0.13414134]
517
[0.16992164]
518
[0.14394444]
519
[0.16613843]
520
[0.21475121]
521
[0.17643797]
522
[0.14060907]
523
[0.17624009]
524
[0.14433742]
525
[0.16035129]
526
[0.16842129]
527
[0.20795096]
528
[0.10744193]
529
[0.17196455]
530
[0.14448499]
531
[0.14389849]
532
[0.15642086]
533
[0.16344141]
534
[0.14829936]
535
[0.17568201]
536
[0.18209454]
537
[0.13122082]
538
[0.13175221]
539
[0.17037541]
540
[0.14950196]
541
[0.14816903]
542
[0.16678314]
543
[0.14525545]
544
[0.23986072]
545
[0.19695507]
546
[0.14970546]
547
[0.12290537]
548
[0.18005216]
549
[0.16919438]
550
[0.18603848]
551
[0.16543207]
552
[0.17022901]
553
[0.13927477]
554
[0.13695038]
555
[0.13284711]
556
[0.15581097]
557
[0.11840056]
558
[0.19904858]
559
[0.13847111]
560
[0.15234173]
561
[0.16560924]
562
[0.18401208]
563
[0.12282687]
564
[0.17555007]
565
[0.10450076]
566
[0.19882625]
567
[0.16112684]
568
[0.17506526]
569
[0.14709228]
570
[0.14238513]
571
[0.11920183]
572
[0.1751229]
573
[0.17447185]
574
[0.16596207]
575
[0.18531052]
576
[0.16258516]
577
[0.16010852]
578
[0.17555474]
579
[0.14775961]
580
[0.15511735]
581
[0.14273532]
582
[0.14046138]
583
[0.13297801]
584
[0.13404448]
585
[0.14756338]
586
[0.16672602]
587
[0.17242476]
588
[0.15473751]
589
[0.18914969]
590
[0.14994873]
591
[0.17066556]
592
[0.1585612]
593
[0.13243657]
594
[0.16087057]
595
[0.16710192]
596
[0.14783131]
597
[0.19828628]
598
[0.13313907]
599
[0.148342]
600
[0.1715022]
601
[0.18247602]
602
[0.17455379]
603
[0.22702366]
604
[0.16180329]
605
[0.15276818]
606
[0.15911551]
607
[0.18541879]
608
[0.13109905]
609
[0.16794123]
610
[0.1527808]
611
[0.17385955]
612
[0.16104024]
613
[0.17597473]
614
[0.13481062]
615
[0.16530273]
616
[0.16761466]
617
[0.17764057]
618
[0.15563028]
619
[0.16377462]
620
[0.11941672]
621
[0.14427078]
622
[0.17970925]
623
[0.13981417]
624
[0.17682476]
625
[0.14167811]
626
[0.15955035]
627
[0.17102296]
628
[0.11879695]
629
[0.17496499]
630
[0.19190781]
631
[0.18553425]
632
[0.15688528]
633
[0.16503451]
634
[0.15430074]
635
[0.11747526]
636
[0.13313235]
637
[0.20159315]
638
[0.20973409]
639
[0.13842905]
640
[0.16296498]
641
[0.16323346]
642
[0.19976962]
643
[0.17466278]
644
[0.13353642]
645
[0.18353356]
646
[0.18266199]
647
[0.15048049]
648
[0.17101124]
649
[0.19646829]
650
[0.19082033]
651
[0.15196694]
652
[0.1882963]
653
[0.14784859]
654
[0.21759548]
655
[0.14166892]
656
[0.15719872]
657
[0.14682219]
658
[0.16993147]
659
[0.15068769]
660
[0.18026021]
661
[0.18251845]
662
[0.15536376]
663
[0.14795889]
664
[0.14060302]
665
[0.16295831]
666
[0.18548235]
667
[0.21412157]
668
[0.20062068]
669
[0.18023281]
670
[0.18331577]
671
[0.17008959]
672
[0.2173496]
673
[0.15807774]
674
[0.17390587]
675
[0.14955091]
676
[0.14337687]
677
[0.11632202]
678
[0.21000921]
679
[0.14635303]
680
[0.17057056]
681
[0.15768286]
682
[0.11175916]
683
[0.17088054]
684
[0.16549818]
685
[0.11314722]
686
[0.16223935]
687
[0.14269864]
688
[0.14977144]
689
[0.20143402]
690
[0.171943]
691
[0.1510062]
692
[0.18664324]
693
[0.1898923]
694
[0.125107]
695
[0.11886214]
696
[0.15047249]
697
[0.16236196]
698
[0.13201213]
699
[0.13352967]
700
[0.13976301]
701
[0.1784564]
702
[0.15827022]
703
[0.1525957]
704
[0.13879893]
705
[0.18645264]
706
[0.20779242]
707
[0.14011624]
708
[0.16089021]
709
[0.15531181]
710
[0.15847517]
711
[0.13685019]
712
[0.1676733]
713
[0.12542454]
714
[0.18178847]
715
[0.2055245]
716
[0.16459883]
717
[0.13628098]
718
[0.16123605]
719
[0.13889088]
720
[0.17094995]
721
[0.15936569]
722
[0.12146245]
723
[0.18698332]
724
[0.16765015]
725
[0.19331793]
726
[0.1722479]
727
[0.20989204]
728
[0.15311506]
729
[0.1711371]
730
[0.19046694]
731
[0.1755921]
732
[0.16412178]
733
[0.17607988]
734
[0.16899921]
735
[0.18020615]
736
[0.16393279]
737
[0.15846508]
738
[0.1616539]
739
[0.18876477]
740
[0.16517826]
741
[0.17094994]
742
[0.18448017]
743
[0.19264183]
744
[0.15779584]
745
[0.19575396]
746
[0.14074578]
747
[0.18768429]
748
[0.20439973]
749
[0.18014952]
750
[0.15482076]
751
[0.1788578]
752
[0.13104299]
753
[0.1704535]
754
[0.14950591]
755
[0.17728937]
756
[0.1626151]
757
[0.14881082]
758
[0.18056378]
759
[0.17820162]
760
[0.17067879]
761
[0.17704235]
762
[0.15139294]
763
[0.16734546]
764
[0.17918892]
765
[0.1945106]
766
[0.20754678]
767
[0.16256035]
768
[0.16792827]
769
[0.16615851]
770
[0.14656518]
771
[0.14383289]
772
[0.14023966]
773
[0.11704456]
774
[0.16715837]
775
[0.15371863]
776
[0.17222009]
777
[0.19851055]
778
[0.19953491]
779
[0.17377306]
780
[0.21005305]
781
[0.1350602]
782
[0.15047351]
783
[0.1756734]
784
[0.14314913]
785
[0.17593339]
786
[0.16697552]
787
[0.15770523]
788
[0.16953279]
789
[0.17714012]
790
[0.18713674]
791
[0.15364808]
792
[0.14609208]
793
[0.16114991]
794
[0.18489965]
795
[0.14596835]
796
[0.15853154]
797
[0.18188759]
798
[0.08094648]
799
[0.14195539]
800
[0.17257465]
801
[0.1556527]
802
[0.16220745]
803
[0.18210493]
804
[0.23484673]
805
[0.17093872]
806
[0.18316376]
807
[0.1716623]
808
[0.18104719]
809
[0.17061749]
810
[0.19031055]
811
[0.13261562]
812
[0.15387326]
813
[0.13487565]
814
[0.18840489]
815
[0.1700445]
816
[0.16615555]
817
[0.17262783]
818
[0.165284]
819
[0.17385502]
820
[0.15472963]
821
[0.20018832]
822
[0.15988272]
823
[0.18349391]
824
[0.16353698]
825
[0.12421593]
826
[0.14956384]
827
[0.15079133]
828
[0.18046588]
829
[0.14594952]
830
[0.17870267]
831
[0.15046876]
832
[0.23674768]
833
[0.12792602]
834
[0.13975851]
835
[0.16220405]
836
[0.14383183]
837
[0.16530616]
838
[0.18528423]
839
[0.14511368]
840
[0.17194974]
841
[0.11245048]
842
[0.18650933]
843
[0.16736942]
844
[0.15033487]
845
[0.14873286]
846
[0.15143563]
847
[0.18880648]
848
[0.17872438]
849
[0.10466525]
850
[0.12987066]
851
[0.17183334]
852
[0.18906955]
853
[0.18736387]
854
[0.18306734]
855
[0.12551053]
856
[0.18925058]
857
[0.13547216]
858
[0.16628139]
859
[0.15393129]
860
[0.18617837]
861
[0.16356184]
862
[0.21247694]
863
[0.16596586]
864
[0.18482342]
865
[0.14811769]
866
[0.14491379]
867
[0.18415705]
868
[0.18275595]
869
[0.17300121]
870
[0.20805424]
871
[0.17449339]
872
[0.07932804]
873
[0.174314]
874
[0.18542885]
875
[0.15438908]
876
[0.1537806]
877
[0.22915633]
878
[0.2108854]
879
[0.16084792]
880
[0.14516698]
881
[0.18272807]
882
[0.15711012]
883
[0.19415395]
884
[0.13270761]
885
[0.15747215]
886
[0.18173066]
887
[0.16595378]
888
[0.18598464]
889
[0.16245381]
890
[0.16702167]
891
[0.18198372]
892
[0.15214561]
893
[0.18743849]
894
[0.16397068]
895
[0.1814042]
896
[0.19208523]
897
[0.17344799]
898
[0.16407167]
899
[0.15970998]
900
[0.12689607]
901
[0.17112646]
902
[0.14834874]
903
[0.20614219]
904
[0.1701121]
905
[0.10067086]
906
[0.17163462]
907
[0.1578868]
908
[0.17168061]
909
[0.14791052]
910
[0.15196683]
911
[0.13237001]
912
[0.14221421]
913
[0.1552224]
914
[0.16321111]
915
[0.17008697]
916
[0.16113357]
917
[0.19986334]
918
[0.16102094]
919
[0.13057814]
920
[0.20334799]
921
[0.1279097]
922
[0.15023263]
923
[0.11761292]
924
[0.14862061]
925
[0.1217831]
926
[0.20398466]
927
[0.19160681]
928
[0.14745095]
929
[0.11608949]
930
[0.21208919]
931
[0.1579546]
932
[0.18175402]
933
[0.18559363]
934
[0.16850267]
935
[0.15883417]
936
[0.15727414]
937
[0.17506456]
938
[0.17430503]
939
[0.16105752]
940
[0.12767517]
941
[0.17636444]
942
[0.16744225]
943
[0.14949184]
944
[0.17214132]
945
[0.15932832]
946
[0.19731396]
947
[0.19036796]
948
[0.1422801]
949
[0.08918918]
950
[0.13980779]
951
[0.18653184]
952
[0.20758167]
953
[0.16591779]
954
[0.17374819]
955
[0.19055693]
956
[0.11842301]
957
[0.07831344]
958
[0.15272388]
959
[0.18198715]
960
[0.13585695]
961
[0.19372396]
962
[0.17470999]
963
[0.21130946]
964
[0.19213985]
965
[0.15609081]
966
[0.16939416]
967
[0.1978644]
968
[0.17332046]
969
[0.14407782]
970
[0.16088039]
971
[0.14737154]
972
[0.2179062]
973
[0.16645006]
974
[0.14306318]
975
[0.1571315]
976
[0.09747619]
977
[0.17256485]
978
[0.13456986]
979
[0.17923621]
980
[0.21538144]
981
[0.16252391]
982
[0.1819925]
983
[0.16296498]
984
[0.20870897]
985
[0.19273409]
986
[0.1896131]
987
[0.18909292]
988
[0.17461915]
989
[0.19910427]
990
[0.16288872]
991
[0.18764936]
992
[0.10005852]
993
[0.11210508]
994
[0.14562674]
995
[0.24898304]
996
[0.15504174]
997
[0.16114585]
998
[0.15908329]
999
[0.17452668]
1000
[0.15133715]
1001
[0.13319713]
1002
[0.17405277]
1003
[0.15096026]
1004
[0.15461591]
1005
[0.14408213]
1006
[0.14799307]
1007
[0.16921452]
1008
[0.14123495]
1009
[0.17524743]
1010
[0.13120646]
1011
[0.11634947]
1012
[0.16874929]
1013
[0.13374567]
1014
[0.17787165]
1015
[0.1272844]
1016
[0.18173632]
1017
[0.18644321]
1018
[0.20136974]
1019
[0.17111033]
1020
[0.18609238]
1021
[0.16829923]
1022
[0.16529846]
1023
[0.15534301]
1024
[0.1526422]
1025
[0.15406997]
1026
[0.15679428]
1027
[0.17836284]
1028
[0.153674]
1029
[0.20050532]
1030
[0.17459602]
1031
[0.15924473]
1032
[0.16630271]
1033
[0.12886545]
1034
[0.20029352]
1035
[0.15266102]
1036
[0.15903938]
1037
[0.13685153]
1038
[0.18134277]
1039
[0.16801713]
1040
[0.14459032]
1041
[0.09921434]
1042
[0.13092483]
1043
[0.16110584]
1044
[0.19316285]
1045
[0.17749934]
1046
[0.19040212]
1047
[0.14745087]
1048
[0.11933769]
1049
[0.17578684]
1050
[0.17038958]
1051
[0.16496724]
1052
[0.1773436]
1053
[0.20496787]
1054
[0.13115207]
1055
[0.20504937]
1056
[0.1480597]
1057
[0.18758326]
1058
[0.11997927]
1059
[0.18498547]
1060
[0.18956004]
1061
[0.20971527]
1062
[0.18509825]
1063
[0.17214565]
1064
[0.16863362]
1065
[0.18193813]
1066
[0.18187176]
1067
[0.17770605]
1068
[0.15543426]
1069
[0.14537317]
1070
[0.16720402]
1071
[0.16180631]
1072
[0.16527156]
1073
[0.14489366]
1074
[0.10546982]
1075
[0.18692354]
1076
[0.13911294]
1077
[0.185239]
1078
[0.21351799]
1079
[0.18756278]
1080
[0.159749]
1081
[0.13622404]
1082
[0.1529667]
1083
[0.16945868]
1084
[0.21911962]
1085
[0.16481845]
1086
[0.17872114]
1087
[0.17726502]
1088
[0.11299775]
1089
[0.14604549]
1090
[0.12701514]
1091
[0.21977285]
1092
[0.17691721]
1093
[0.18043036]
1094
[0.13409149]
1095
[0.12433486]
1096
[0.16940806]
1097
[0.13700933]
1098
[0.16474893]
1099
[0.13455572]
1100
[0.15398289]
1101
[0.18586945]
1102
[0.20907382]
1103
[0.15479315]
1104
[0.15375539]
1105
[0.16583084]
1106
[0.16842098]
1107
[0.19748231]
1108
[0.15952982]
1109
[0.14155081]
1110
[0.16397679]
1111
[0.1621179]
1112
[0.16490882]
1113
[0.15436847]
1114
[0.16840539]
1115
[0.09990075]
1116
[0.18999628]
1117
[0.14502369]
1118
[0.14812329]
1119
[0.18360441]
1120
[0.17276861]
1121
[0.16353729]
1122
[0.19900076]
1123
[0.21028188]
1124
[0.15196366]
1125
[0.13908026]
1126
[0.16010908]
1127
[0.16370895]
1128
[0.10971402]
1129
[0.13781027]
1130
[0.16725174]
1131
[0.11201979]
1132
[0.13610194]
1133
[0.1899203]
1134
[0.13964391]
1135
[0.10457639]
1136
[0.22738891]
1137
[0.15007096]
1138
[0.15509368]
1139
[0.20936374]
1140
[0.12694046]
1141
[0.18057425]
1142
[0.25247714]
1143
[0.12824021]
1144
[0.17138798]
1145
[0.15648726]
1146
[0.2030245]
1147
[0.18329794]
1148
[0.14216445]
1149
[0.16141084]
1150
[0.16551625]
1151
[0.15526604]
1152
[0.18944605]
1153
[0.16856714]
1154
[0.17717357]
1155
[0.15670635]
1156
[0.15351506]
1157
[0.14120013]
1158
[0.17912968]
1159
[0.17974322]
1160
[0.15849184]
1161
[0.12709619]
1162
[0.18793195]
1163
[0.14720308]
1164
[0.20975673]
1165
[0.19006482]
1166
[0.19684889]
1167
[0.09899116]
1168
[0.22292087]
1169
[0.14028537]
1170
[0.16366072]
1171
[0.16032049]
1172
[0.17172717]
1173
[0.22871278]
1174
[0.16255087]
1175
[0.17027353]
1176
[0.14048943]
1177
[0.10029061]
1178
[0.20965973]
1179
[0.18664699]
1180
[0.16943818]
1181
[0.13887374]
1182
[0.13735388]
1183
[0.13461239]
1184
[0.1775932]
1185
[0.18633991]
1186
[0.1583647]
1187
[0.17183927]
1188
[0.19700042]
1189
[0.18511448]
1190
[0.12129213]
1191
[0.16254709]
1192
[0.16210452]
1193
[0.15986113]
1194
[0.19446636]
1195
[0.10789959]
1196
[0.18897923]
1197
[0.15187853]
1198
[0.18475573]
1199
[0.15693784]
1200
[0.15668375]
1201
[0.15696777]
1202
[0.17045616]
1203
[0.15926659]
1204
[0.24717913]
1205
[0.18046734]
1206
[0.16594166]
1207
[0.16609944]
1208
[0.11809063]
1209
[0.17892251]
1210
[0.15550213]
1211
[0.16023264]
1212
[0.14411509]
1213
[0.16833965]
1214
[0.20838855]
1215
[0.1575378]
1216
[0.12352987]
1217
[0.16744558]
1218
[0.18681371]
1219
[0.17330869]
1220
[0.15468855]
1221
[0.22586348]
1222
[0.17893217]
1223
[0.16659943]
1224
[0.1508004]
1225
[0.14325228]
1226
[0.15071331]
1227
[0.15378798]
1228
[0.20810631]
1229
[0.15920282]
1230
[0.17924292]
1231
[0.15620551]
1232
[0.15817597]
1233
[0.17030269]
1234
[0.13732613]
1235
[0.18910684]
1236
[0.28092286]
1237
[0.19506109]
1238
[0.14996344]
1239
[0.17433372]
1240
[0.17263305]
1241
[0.1789529]
1242
[0.18065409]
1243
[0.14117519]
1244
[0.1516553]
1245
[0.14342316]
1246
[0.18484675]
1247
[0.12786477]
1248
[0.19683207]
1249
[0.1050633]
1250
[0.11889227]
1251
[0.17082589]
1252
[0.17904743]
1253
[0.16386568]
1254
[0.16184824]
1255
[0.18058394]
1256
[0.19713039]
1257
[0.17259626]
1258
[0.14695882]
1259
[0.13584981]
1260
[0.12348513]
1261
[0.18577438]
1262
[0.14645813]
1263
[0.17975816]
1264
[0.16376902]
1265
[0.14001304]
1266
[0.19374126]
1267
[0.13348006]
1268
[0.19105317]
1269
[0.15502758]
1270
[0.14648001]
1271
[0.16053964]
1272
[0.14926625]
1273
[0.14212521]
1274
[0.18745832]
1275
[0.18420905]
1276
[0.11805453]
1277
[0.15322088]
1278
[0.15261253]
1279
[0.18147463]
1280
[0.20906655]
1281
[0.1683001]
1282
[0.13035929]
1283
[0.12151142]
1284
[0.17977202]
1285
[0.19461028]
1286
[0.14692553]
1287
[0.20211944]
1288
[0.13281758]
1289
[0.15990276]
1290
[0.16800097]
1291
[0.14767894]
1292
[0.12583719]
1293
[0.17341632]
1294
[0.16941376]
1295
[0.2077949]
1296
[0.18125148]
1297
[0.23581315]
1298
[0.17232655]
1299
[0.17217574]
1300
[0.17996049]
1301
[0.20560818]
1302
[0.19272123]
1303
[0.13357208]
1304
[0.18163074]
1305
[0.15440761]
1306
[0.15826844]
1307
[0.17536237]
1308
[0.19184456]
1309
[0.13695666]
1310
[0.21810417]
1311
[0.21554405]
1312
[0.18466767]
1313
[0.15394406]
1314
[0.20652504]
1315
[0.1522325]
1316
[0.17380091]
1317
[0.20427177]
1318
[0.17100224]
1319
[0.18901929]
1320
[0.16139998]
1321
[0.16909767]
1322
[0.15665736]
1323
[0.18913272]
1324
[0.16457852]
1325
[0.16187865]
1326
[0.14650564]
1327
[0.16274937]
1328
[0.13900338]
1329
[0.15335192]
1330
[0.1312222]
1331
[0.22815302]
1332
[0.15252869]
1333
[0.16465185]
1334
[0.18692315]
1335
[0.19554451]
1336
[0.20828609]
1337
[0.16797931]
1338
[0.16976832]
1339
[0.12542547]
1340
[0.17819786]
1341
[0.1813363]
1342
[0.18310157]
1343
[0.13940214]
1344
[0.16000196]
1345
[0.16029693]
1346
[0.19304358]
1347
[0.2586554]
1348
[0.13274195]
1349
[0.09875847]
1350
[0.20688591]
1351
[0.12356022]
1352
[0.15048447]
1353
[0.12799059]
1354
[0.15598256]
1355
[0.16087352]
1356
[0.17365565]
1357
[0.14167055]
1358
[0.13646213]
1359
[0.1881045]
1360
[0.18366601]
1361
[0.12353126]
1362
[0.1612699]
1363
[0.1044131]
1364
[0.17293304]
1365
[0.19751339]
1366
[0.19142459]
1367
[0.15852001]
1368
[0.15781397]
1369
[0.15627628]
1370
[0.17513349]
1371
[0.13702424]
1372
[0.13085783]
1373
[0.16085865]
1374
[0.14784509]
1375
[0.17025946]
1376
[0.17771307]
1377
[0.17179368]
1378
[0.15453464]
1379
[0.15779258]
1380
[0.14820869]
1381
[0.18131582]
1382
[0.19806618]
1383
[0.168985]
1384
[0.13673569]
1385
[0.14862906]
1386
[0.1348301]
1387
[0.14582493]
1388
[0.16774408]
1389
[0.16988575]
1390
[0.17234613]
1391
[0.13971776]
1392
[0.14457856]
1393
[0.20019041]
1394
[0.15339463]
1395
[0.19571093]
1396
[0.13089761]
1397
[0.1230023]
1398
[0.15462147]
1399
[0.12641455]
1400
[0.21138248]
1401
[0.16055777]
1402
[0.19043279]
1403
[0.11560632]
1404
[0.15711423]
1405
[0.1589045]
1406
[0.14782623]
1407
[0.19519826]
1408
[0.13885262]
1409
[0.1705907]
1410
[0.18266753]
1411
[0.15542071]
1412
[0.19177736]
1413
[0.15135243]
1414
[0.18232413]
1415
[0.1797383]
1416
[0.1306691]
1417
[0.17742321]
1418
[0.16618445]
1419
[0.14964699]
1420
[0.17464471]
1421
[0.15306562]
1422
[0.17476209]
1423
[0.1347893]
1424
[0.16262772]
1425
[0.1554335]
1426
[0.16310738]
1427
[0.19511043]
1428
[0.14268482]
1429
[0.17408929]
1430
[0.16332241]
1431
[0.18362455]
1432
[0.16487306]
1433
[0.1738718]
1434
[0.16575041]
1435
[0.12793648]
1436
[0.13772834]
1437
[0.14756599]
1438
[0.09720053]
1439
[0.16089172]
1440
[0.16991507]
1441
[0.15962018]
1442
[0.17220405]
1443
[0.15424621]
1444
[0.15006416]
1445
[0.13437872]
1446
[0.122423]
1447
[0.16891323]
1448
[0.17895003]
1449
[0.18441749]
1450
[0.16006523]
1451
[0.17175517]
1452
[0.16484447]
1453
[0.15610507]
1454
[0.16240153]
1455
[0.16652694]
1456
[0.14356513]
1457
[0.17949174]
1458
[0.23462023]
1459
[0.14133668]
1460
[0.16677296]
1461
[0.22511169]
1462
[0.1896593]
1463
[0.13936306]
1464
[0.15473356]
1465
[0.1101802]
1466
[0.2173186]
1467
[0.15138379]
1468
[0.17177049]
1469
[0.20852213]
1470
[0.17595082]
1471
[0.18146443]
1472
[0.13459936]
1473
[0.13024454]
1474
[0.18978009]
1475
[0.14062317]
1476
[0.14814254]
1477
[0.16143938]
1478
[0.15719099]
1479
[0.1649666]
1480
[0.16877121]
1481
[0.17992352]
1482
[0.16753236]
1483
[0.15966379]
1484
[0.15130857]
1485
[0.15484989]
1486
[0.18476592]
1487
[0.12511189]
1488
[0.16673479]
1489
[0.14638678]
1490
[0.17043469]
1491
[0.1874076]
1492
[0.18445832]
1493
[0.16913044]
1494
[0.13938989]
1495
[0.13478329]
1496
[0.19880191]
1497
[0.1405363]
1498
[0.13568221]
1499
[0.17688771]
1500
[0.19165092]
1501
[0.12227258]
1502
[0.14787328]
1503
[0.13125005]
1504
[0.15608912]
1505
[0.10228288]
1506
[0.18720008]
1507
[0.20616148]
1508
[0.11710619]
1509
[0.17586453]
1510
[0.14641178]
1511
[0.17229104]
1512
[0.12489161]
1513
[0.16946333]
1514
[0.1256661]
1515
[0.16933812]
1516
[0.17127851]
1517
[0.19013533]
1518
[0.18373454]
1519
[0.18955064]
1520
[0.11118913]
1521
[0.16815657]
1522
[0.1328152]
1523
[0.16444746]
1524
[0.14461273]
1525
[0.14895018]
1526
[0.17841655]
1527
[0.14873062]
1528
[0.169779]
1529
[0.18826626]
1530
[0.19459695]
1531
[0.14557628]
1532
[0.2336782]
1533
[0.16409656]
1534
[0.15583622]
1535
[0.18409172]
1536
[0.14941539]
1537
[0.16155245]
1538
[0.1556216]
1539
[0.17121077]
1540
[0.12430944]
1541
[0.17560218]
1542
[0.14218945]
1543
[0.13520418]
1544
[0.19728593]
1545
[0.18059667]
1546
[0.15218128]
1547
[0.18597053]
1548
[0.14564238]
1549
[0.20401741]
1550
[0.16532474]
1551
[0.20045068]
1552
[0.15513459]
1553
[0.15975003]
1554
[0.17279365]
1555
[0.15344136]
1556
[0.15058134]
1557
[0.15023475]
1558
[0.16148355]
1559
[0.18323591]
1560
[0.20534141]
1561
[0.19854411]
1562
[0.1993961]
1563
[0.12883628]
1564
[0.15759699]
1565
[0.14525771]
1566
[0.15725906]
1567
[0.18279318]
1568
[0.15459825]
1569
[0.18643895]
1570
[0.1622016]
1571
[0.1737668]
1572
[0.16577131]
1573
[0.1812205]
1574
[0.14429094]
1575
[0.17868564]
1576
[0.19393607]
1577
[0.14503488]
1578
[0.15889164]
1579
[0.14889896]
1580
[0.17341539]
1581
[0.13096456]
1582
[0.18224508]
1583
[0.16457851]
1584
[0.18706975]
1585
[0.18263288]
1586
[0.12527435]
1587
[0.17324168]
1588
[0.17136888]
1589
[0.13044901]
1590
[0.1971242]
1591
[0.16506676]
1592
[0.20373852]
1593
[0.207679]
1594
[0.15842745]
1595
[0.17420949]
1596
[0.15011008]
1597
[0.16259891]
1598
[0.21178566]
1599
[0.17996554]
1600
[0.19559611]
1601
[0.22340584]
1602
[0.19471076]
1603
[0.156732]
1604
[0.18146328]
1605
[0.16862959]
1606
[0.14132592]
1607
[0.13140469]
1608
[0.17778659]
1609
[0.19483268]
1610
[0.15390773]
1611
[0.15848251]
1612
[0.20350027]
1613
[0.18615778]
1614
[0.09096902]
1615
[0.17515495]
1616
[0.11283229]
1617
[0.18086106]
1618
[0.12970024]
1619
[0.15203662]
1620
[0.150775]
1621
[0.16177511]
1622
[0.17338733]
1623
[0.18293344]
1624
[0.17830115]
1625
[0.11581899]
1626
[0.16328301]
1627
[0.19329569]
1628
[0.1520724]
1629
[0.14737441]
1630
[0.18210437]
1631
[0.15975709]
1632
[0.17723091]
1633
[0.161616]
1634
[0.15006101]
1635
[0.14628395]
1636
[0.18027121]
1637
[0.15850339]
1638
[0.14774485]
1639
[0.15070153]
1640
[0.09583132]
1641
[0.17643811]
1642
[0.13808278]
1643
[0.17437653]
1644
[0.16424813]
1645
[0.1902704]
1646
[0.17234093]
1647
[0.16359127]
1648
[0.18581409]
1649
[0.19250914]
1650
[0.17614063]
1651
[0.18888545]
1652
[0.13698368]
1653
[0.16144774]
1654
[0.16537666]
1655
[0.14698562]
1656
[0.10889627]
1657
[0.16097486]
1658
[0.1399493]
1659
[0.17874677]
1660
[0.15732805]
1661
[0.16592863]
1662
[0.15333461]
1663
[0.16343752]
1664
[0.19528205]
1665
[0.17321148]
1666
[0.19531682]
1667
[0.18469753]
1668
[0.17880822]
1669
[0.15119282]
1670
[0.14145938]
1671
[0.17368109]
1672
[0.13076531]
1673
[0.16506085]
1674
[0.15878272]
1675
[0.17024516]
1676
[0.14660849]
1677
[0.16390265]
1678
[0.14974741]
1679
[0.16743766]
1680
[0.16278234]
1681
[0.18647231]
1682
[0.17767844]
1683
[0.14996225]
1684
[0.14403995]
1685
[0.12785962]
1686
[0.16643273]
1687
[0.16417502]
1688
[0.10209424]
1689
[0.17073755]
1690
[0.17620317]
1691
[0.15625047]
1692
[0.17724158]
1693
[0.09848111]
1694
[0.15760759]
1695
[0.19754624]
1696
[0.18049955]
1697
[0.17592316]
1698
[0.19290216]
1699
[0.18522144]
1700
[0.17030671]
1701
[0.19235105]
1702
[0.14512469]
1703
[0.17721235]
1704
[0.12193079]
1705
[0.11815948]
1706
[0.15745826]
1707
[0.13652037]
1708
[0.16781364]
1709
[0.12802581]
1710
[0.17646267]
1711
[0.17375859]
1712
[0.13480763]
1713
[0.15228281]
1714
[0.12760389]
1715
[0.21412903]
1716
[0.14484447]
1717
[0.18429985]
1718
[0.18031772]
1719
[0.20116205]
1720
[0.17243221]
1721
[0.15423534]
1722
[0.17089976]
1723
[0.18185775]
1724
[0.1398288]
1725
[0.17595349]
1726
[0.1784405]
1727
[0.18671154]
1728
[0.15408428]
1729
[0.16329355]
1730
[0.1828348]
1731
[0.19365565]
1732
[0.18597476]
1733
[0.17154051]
1734
[0.18265756]
1735
[0.17944465]
1736
[0.14213332]
1737
[0.1378197]
1738
[0.13949205]
1739
[0.17515495]
1740
[0.10587879]
1741
[0.18031596]
1742
[0.12882639]
1743
[0.18626546]
1744
[0.15617707]
1745
[0.1540275]
1746
[0.16570624]
1747
[0.14692553]
1748
[0.17638541]
1749
[0.12752678]
1750
[0.12950769]
1751
[0.18149533]
1752
[0.16428701]
1753
[0.15762639]
1754
[0.17427638]
1755
[0.16221537]
1756
[0.12430526]
1757
[0.14444331]
1758
[0.21876085]
1759
[0.15821533]
1760
[0.16562517]
1761
[0.20816109]
1762
[0.15267942]
1763
[0.16093981]
1764
[0.18451073]
1765
[0.18096001]
1766
[0.18540801]
1767
[0.17770399]
1768
[0.15569738]
1769
[0.18802181]
1770
[0.16552686]
1771
[0.16730361]
1772
[0.14558705]
1773
[0.1809038]
1774
[0.15926527]
1775
[0.11114977]
1776
[0.1363798]
1777
[0.16104243]
1778
[0.15550984]
1779
[0.1546597]
1780
[0.15650291]
1781
[0.1676355]
1782
[0.17066391]
1783
[0.1776057]
1784
[0.191421]
1785
[0.27039135]
1786
[0.16568745]
1787
[0.15224818]
1788
[0.15992309]
1789
[0.15858861]
1790
[0.19194822]
1791
[0.16397188]
1792
[0.13713264]
1793
[0.11558673]
1794
[0.20647163]
1795
[0.16873918]
1796
[0.18447755]
1797
[0.18734359]
1798
[0.16734402]
1799
[0.14651592]
1800
[0.15162909]
1801
[0.18263983]
1802
[0.15398133]
1803
[0.14471333]
1804
[0.1809941]
1805
[0.16775903]
1806
[0.14533534]
1807
[0.19214602]
1808
[0.14015885]
1809
[0.17941785]
1810
[0.17348292]
1811
[0.18650497]
1812
[0.17252299]
1813
[0.14836758]
1814
[0.17510463]
1815
[0.10779196]
1816
[0.17793849]
1817
[0.13915399]
1818
[0.16681184]
1819
[0.14560692]
1820
[0.17929795]
1821
[0.14685339]
1822
[0.18156949]
1823
[0.15590762]
1824
[0.14884621]
1825
[0.16848697]
1826
[0.18491495]
1827
[0.14780589]
1828
[0.15579269]
1829
[0.13036577]
1830
[0.17236851]
1831
[0.18172537]
1832
[0.17247307]
1833
[0.14134559]
1834
[0.11016271]
1835
[0.19694569]
1836
[0.17847019]
1837
[0.17643994]
1838
[0.19802842]
1839
[0.12499354]
1840
[0.18562137]
1841
[0.16294629]
1842
[0.12791802]
1843
[0.16589011]
1844
[0.1629035]
1845
[0.1869679]
1846
[0.16967026]
1847
[0.15435919]
1848
[0.18397224]
1849
[0.17373419]
1850
[0.17339173]
1851
[0.17522508]
1852
[0.15224592]
1853
[0.1444586]
1854
[0.1569197]
1855
[0.17019957]
1856
[0.17628988]
1857
[0.20298616]
1858
[0.12141137]
1859
[0.19360653]
1860
[0.17426357]
1861
[0.23664099]
1862
[0.19528527]
1863
[0.1811459]
1864
[0.14890166]
1865
[0.14342696]
1866
[0.16312673]
1867
[0.14204477]
1868
[0.17150976]
1869
[0.16644482]
1870
[0.10907244]
1871
[0.16365384]
1872
[0.19260058]
1873
[0.17827213]
1874
[0.15705872]
1875
[0.19646063]
1876
[0.17560819]
1877
[0.21766145]
1878
[0.13134671]
1879
[0.16330209]
1880
[0.18670335]
1881
[0.14672582]
1882
[0.16612876]
1883
[0.19415083]
1884
[0.19574047]
1885
[0.1571823]
1886
[0.18278243]
1887
[0.15004241]
1888
[0.14804881]
1889
[0.15746807]
1890
[0.1800742]
1891
[0.18292869]
1892
[0.18557516]
1893
[0.15951733]
1894
[0.13270664]
1895
[0.10648356]
1896
[0.18373059]
1897
[0.13505647]
1898
[0.1446005]
1899
[0.11495068]
1900
[0.18222962]
1901
[0.11068708]
1902
[0.15521384]
1903
[0.14631333]
1904
[0.15428997]
1905
[0.14529673]
1906
[0.17354799]
1907
[0.16938315]
1908
[0.14961382]
1909
[0.11929766]
1910
[0.2431622]
1911
[0.17637247]
1912
[0.1907514]
1913
[0.18286744]
1914
[0.18927857]
1915
[0.13695088]
1916
[0.17538278]
1917
[0.1044297]
1918
[0.179646]
1919
[0.16911683]
1920
[0.16262697]
1921
[0.12578562]
1922
[0.1633124]
1923
[0.16967356]
1924
[0.17094893]
1925
[0.16667712]
1926
[0.18714576]
1927
[0.11806025]
1928
[0.17439925]
1929
[0.15225632]
1930
[0.1533168]
1931
[0.1338148]
1932
[0.1646968]
1933
[0.18684464]
1934
[0.1667239]
1935
[0.14044262]
1936
[0.1344881]
1937
[0.17147108]
1938
[0.19186586]
1939
[0.20442185]
1940
[0.14060129]
1941
[0.17328582]
1942
[0.15481909]
1943
[0.10758343]
1944
[0.18033352]
1945
[0.15403338]
1946
[0.16060195]
1947
[0.20895145]
1948
[0.12356018]
1949
[0.16847]
1950
[0.13301568]
1951
[0.14384121]
1952
[0.17323022]
1953
[0.14991522]
1954
[0.15798726]
1955
[0.19266982]
1956
[0.13447438]
1957
[0.18474069]
1958
[0.15752477]
1959
[0.1605791]
1960
[0.14253733]
1961
[0.1794636]
1962
[0.1392266]
1963
[0.14202209]
1964
[0.12639504]
1965
[0.19544176]
1966
[0.15413084]
1967
[0.16586866]
1968
[0.16235977]
1969
[0.19021316]
1970
[0.21683288]
1971
[0.15583757]
1972
[0.13706075]
1973
[0.20366269]
1974
[0.1496917]
1975
[0.15088854]
1976
[0.1418577]
1977
[0.11988639]
1978
[0.20183169]
1979
[0.14905902]
1980
[0.14182893]
1981
[0.25034138]
1982
[0.14298389]
1983
[0.14863958]
1984
[0.14113376]
1985
[0.11253192]
1986
[0.16294864]
1987
[0.16402382]
1988
[0.12645073]
1989
[0.14668704]
1990
[0.18675477]
1991
[0.14371562]
1992
[0.16243021]
1993
[0.14243827]
1994
[0.17957417]
1995
[0.18250552]
1996
[0.15476985]
1997
[0.14835748]
1998
[0.12226184]
1999
[1] 16000    11
[1] 16000    11
[0.12289441]
