LOADING R
R LOADED
[1] "/home/lvanderl/Rlibs2"                         
[2] "/app/software/R/4.3.1-gfbf-2022b/lib/R/library"
[1] "/home/lvanderl/sieveSims"
[1] "rf 3 3"
[1] "histogram binning"
[1] 0.1906472
[1] 0.1906472
[1] "mondrian"
[1] "iso"
[1] 0.1906472
[1] "conditional"
[   10.            11.51395399    13.25711366    15.26417967
    17.57510625    20.23589648    23.29951811    26.82695795
    30.88843596    35.56480306    40.94915062    47.14866363
    54.28675439    62.50551925    71.9685673     82.86427729
    95.40954763   109.8541142    126.48552169   145.63484775
   167.68329368   193.06977289   222.29964825   255.95479227
   294.70517026   339.32217719   390.69399371   449.8432669
   517.94746792   596.36233166   686.648845     790.60432109
   910.29817799  1048.11313415  1206.79264064  1389.49549437
  1599.85871961  1842.06996933  2120.95088792  2442.05309455
  2811.76869797  3237.45754282  3727.59372031  4291.93426013
  4941.71336132  5689.86602902  6551.2855686   7543.12006335
  8685.11373751 10000.        ]
[0.33998898 0.34061306 0.34181974 0.34315756 0.34042402 0.35407625
 0.34370185 0.35066779 0.36117523 0.35801389 0.36638168 0.36819597
 0.36492255 0.37811711 0.40503593 0.4034164  0.41983389 0.40639555
 0.4129191  0.42582733 0.46422017 0.42848483 0.44771854 0.48143211
 0.56085041 0.52731419 0.70061646 0.818229   0.62871096 0.68439897
 0.8318928  0.83123769 0.78875221 1.35281978 1.1479529  1.64653979
 1.93448454 2.16831224 2.16383277 2.30202237 2.35719613 3.23692801
 3.50412831 2.83552841 3.75531871 4.6153443  5.30322779 6.39770465
 6.84441909 7.66168377]
10.0
0.1
0
[0.18937939]
1
[0.13935112]
2
[0.27327783]
3
[0.30790736]
4
[0.32626596]
5
[0.24105933]
6
[0.17448631]
7
[0.41384403]
8
[0.29652453]
9
[0.2053108]
10
[0.24501633]
11
[0.26772597]
12
[0.28134748]
13
[0.17641228]
14
[0.29337456]
15
[0.16311447]
16
[0.23971012]
17
[0.21926361]
18
[0.250814]
19
[0.28074186]
20
[0.24639184]
21
[0.30614928]
22
[0.26871856]
23
[0.34519597]
24
[0.26848107]
25
[0.19697829]
26
[0.20880986]
27
[0.1611084]
28
[0.14082513]
29
[0.36296315]
30
[0.20760789]
31
[0.28595672]
32
[0.2249908]
33
[0.27485806]
34
[0.19457819]
35
[0.21523021]
36
[0.1871133]
37
[0.28767832]
38
[0.29752105]
39
[0.28592361]
40
[0.30265739]
41
[0.14853594]
42
[0.20952352]
43
[0.1272694]
44
[0.19774396]
45
[0.13576522]
46
[0.22586193]
47
[0.17760755]
48
[0.29904162]
49
[0.1820142]
50
[0.32019845]
51
[0.21902942]
52
[0.26932331]
53
[0.22558047]
54
[0.23439862]
55
[0.13659883]
56
[0.30006928]
57
[0.34254654]
58
[0.30234215]
59
[0.07974269]
60
[0.26002586]
61
[0.19903745]
62
[0.23788659]
63
[0.25865122]
64
[0.14123451]
65
[0.31115]
66
[0.31522016]
67
[0.16445952]
68
[0.31974563]
69
[0.36499707]
70
[0.20902586]
71
[0.18867765]
72
[0.31887268]
73
[0.22733483]
74
[0.27336352]
75
[0.24572921]
76
[0.23135034]
77
[0.188761]
78
[0.39353453]
79
[0.07864661]
80
[0.18631023]
81
[0.35482994]
82
[0.08488484]
83
[0.31901409]
84
[0.29753623]
85
[0.27383478]
86
[0.2945881]
87
[0.30006924]
88
[0.19613401]
89
[0.26920304]
90
[0.32138574]
91
[0.20470082]
92
[0.18542151]
93
[0.17233782]
94
[0.23361176]
95
[0.11165833]
96
[0.37083953]
97
[0.23621699]
98
[0.172887]
99
[0.19628214]
100
[0.24866158]
101
[0.28699833]
102
[0.20275424]
103
[0.14238426]
104
[0.10903088]
105
[0.15872731]
106
[0.31801575]
107
[0.19841197]
108
[0.31256403]
109
[0.17640109]
110
[0.16482474]
111
[0.13481623]
112
[0.18598535]
113
[0.25161322]
114
[0.47401761]
115
[0.12630408]
116
[0.14244839]
117
[0.2699895]
118
[0.39485584]
119
[0.27924258]
120
[0.35658331]
121
[0.17440904]
122
[0.24723292]
123
[0.23888119]
124
[0.30861441]
125
[0.15240232]
126
[0.07356636]
127
[0.09902643]
128
[0.19956956]
129
[0.08329189]
130
[0.17787635]
131
[0.28375813]
132
[0.18794555]
133
[0.34207307]
134
[0.30453328]
135
[0.33479899]
136
[0.28344419]
137
[0.13666035]
138
[0.15674525]
139
[0.44075667]
140
[0.09103438]
141
[0.33781313]
142
[0.35014119]
143
[0.26611279]
144
[0.15222405]
145
[0.22451974]
146
[0.22110026]
147
[0.14535198]
148
[0.28329378]
149
[0.21322959]
150
[0.16588486]
151
[0.26311584]
152
[0.29344027]
153
[0.31811288]
154
[0.32032843]
155
[0.06876961]
156
[0.23482685]
157
[0.32273923]
158
[0.26396074]
159
[0.26752184]
160
[0.18851559]
161
[0.21259955]
162
[0.08027652]
163
[0.15712882]
164
[0.2937626]
165
[0.19847012]
166
[0.19245209]
167
[0.29569756]
168
[0.25171093]
169
[0.22350349]
170
[0.1028692]
171
[0.24755918]
172
[0.32523906]
173
[0.2307012]
174
[0.28401052]
175
[0.28849346]
176
[0.28961257]
177
[0.12480653]
178
[0.23657139]
179
[0.24200435]
180
[0.22206877]
181
[0.09663108]
182
[0.36824955]
183
[0.24795339]
184
[0.17800926]
185
[0.39228634]
186
[0.37501227]
187
[0.27697475]
188
[0.3159313]
189
[0.37659047]
190
[0.36574871]
191
[0.18468362]
192
[0.22149222]
193
[0.21976417]
194
[0.23699769]
195
[0.18015721]
196
[0.35667866]
197
[0.30414876]
198
[0.16817508]
199
[0.21644724]
200
[0.28090453]
201
[0.19944846]
202
[0.19570565]
203
[0.30256834]
204
[0.20441909]
205
[0.24420344]
206
[0.19710047]
207
[0.37930422]
208
[0.20964132]
209
[0.28441248]
210
[0.27976038]
211
[0.23220073]
212
[0.25599585]
213
[0.17002524]
214
[0.27457474]
215
[0.26932131]
216
[0.32789386]
217
[0.28694785]
218
[0.36681203]
219
[0.20711201]
220
[0.40570165]
221
[0.13939422]
222
[0.31284304]
223
[0.26408056]
224
[0.24889424]
225
[0.20341417]
226
[0.20998619]
227
[0.16719606]
228
[0.26861261]
229
[0.12904774]
230
[0.10961641]
231
[0.25438469]
232
[0.28040181]
233
[0.31049539]
234
[0.25461759]
235
[0.19128911]
236
[0.18013901]
237
[0.26532841]
238
[0.17321656]
239
[0.25476173]
240
[0.22847897]
241
[0.33021597]
242
[0.18714953]
243
[0.29172738]
244
[0.28977651]
245
[0.19066759]
246
[0.23526788]
247
[0.21995473]
248
[0.20550652]
249
[0.25761541]
250
[0.18687277]
251
[0.22352206]
252
[0.15027695]
253
[0.18340308]
254
[0.20462717]
255
[0.23188993]
256
[0.18676702]
257
[0.08628957]
258
[0.20345625]
259
[0.27140416]
260
[0.23832333]
261
[0.25925247]
262
[0.29887495]
263
[0.25359254]
264
[0.15740204]
265
[0.23135976]
266
[0.30495783]
267
[0.22122629]
268
[0.22648342]
269
[0.21625019]
270
[0.32224712]
271
[0.33744204]
272
[0.16804818]
273
[0.12874286]
274
[0.24206554]
275
[0.20112897]
276
[0.27021469]
277
[0.26431569]
278
[0.11490104]
279
[0.11659747]
280
[0.24743101]
281
[0.13712254]
282
[0.31869988]
283
[0.22215762]
284
[0.17643524]
285
[0.22059121]
286
[0.22711883]
287
[0.23127769]
288
[0.32124264]
289
[0.36384666]
290
[0.27557367]
291
[0.14819119]
292
[0.33279451]
293
[0.33096195]
294
[0.17765289]
295
[0.39206122]
296
[0.14581593]
297
[0.32847276]
298
[0.32120724]
299
[0.18654687]
300
[0.35864237]
301
[0.32662563]
302
[0.20644072]
303
[0.24833614]
304
[0.26033295]
305
[0.13359499]
306
[0.26021133]
307
[0.08888686]
308
[0.31375894]
309
[0.37406934]
310
[0.34781099]
311
[0.31466568]
312
[0.12836414]
313
[0.13913653]
314
[0.34909372]
315
[0.35329087]
316
[0.250135]
317
[0.35936441]
318
[0.24384059]
319
[0.18503776]
320
[0.18874492]
321
[0.24703186]
322
[0.24518011]
323
[0.23520975]
324
[0.28896869]
325
[0.20897054]
326
[0.38221082]
327
[0.30482598]
328
[0.24202606]
329
[0.19524013]
330
[0.35264156]
331
[0.09482084]
332
[0.2346266]
333
[0.15246069]
334
[0.33011751]
335
[0.28736029]
336
[0.25718694]
337
[0.26524113]
338
[0.25100837]
339
[0.27557328]
340
[0.19775828]
341
[0.24726421]
342
[0.11094883]
343
[0.17337862]
344
[0.22010875]
345
[0.24748462]
346
[0.23503415]
347
[0.31251619]
348
[0.22660896]
349
[0.18446737]
350
[0.13607341]
351
[0.1919402]
352
[0.19748077]
353
[0.30260996]
354
[0.21988787]
355
[0.28407858]
356
[0.34254]
357
[0.22414757]
358
[0.39494794]
359
[0.37221025]
360
[0.23368537]
361
[0.22189326]
362
[0.18446423]
363
[0.24016108]
364
[0.20341589]
365
[0.23545612]
366
[0.29274512]
367
[0.20302403]
368
[0.31514901]
369
[0.22164595]
370
[0.1730842]
371
[0.13419648]
372
[0.10660437]
373
[0.33244317]
374
[0.2577145]
375
[0.3372824]
376
[0.26624906]
377
[0.30547175]
378
[0.29219238]
379
[0.26449594]
380
[0.11643098]
381
[0.2552345]
382
[0.43494584]
383
[0.24465559]
384
[0.26326424]
385
[0.24642134]
386
[0.36321572]
387
[0.26309442]
388
[0.254697]
389
[0.25074043]
390
[0.32889748]
391
[0.20978959]
392
[0.29244905]
393
[0.22966606]
394
[0.26811751]
395
[0.25337423]
396
[0.17261637]
397
[0.27671378]
398
[0.2763205]
399
[0.21888864]
400
[0.30785893]
401
[0.25790639]
402
[0.17195419]
403
[0.34882422]
404
[0.09022548]
405
[0.26012404]
406
[0.26057108]
407
[0.17408238]
408
[0.12107225]
409
[0.27138982]
410
[0.15346571]
411
[0.32994858]
412
[0.2009465]
413
[0.27239845]
414
[0.17009905]
415
[0.25598271]
416
[0.27692067]
417
[0.19571804]
418
[0.26086246]
419
[0.25886388]
420
[0.25466735]
421
[0.24984651]
422
[0.2114209]
423
[0.29144195]
424
[0.13334881]
425
[0.18512661]
426
[0.32226613]
427
[0.20700778]
428
[0.32771769]
429
[0.25094029]
430
[0.34070039]
431
[0.13137185]
432
[0.33751106]
433
[0.17602719]
434
[0.23542638]
435
[0.31667304]
436
[0.20760599]
437
[0.22126316]
438
[0.31953159]
439
[0.29881775]
440
[0.15780412]
441
[0.24333663]
442
[0.35796943]
443
[0.3286582]
444
[0.25727457]
445
[0.1543802]
446
[0.30654312]
447
[0.18538419]
448
[0.21953218]
449
[0.20571135]
450
[0.1119951]
451
[0.23482122]
452
[0.32293755]
453
[0.2453208]
454
[0.21720558]
455
[0.25012257]
456
[0.19551316]
457
[0.20500054]
458
[0.29449347]
459
[0.23633239]
460
[0.39114698]
461
[0.27502286]
462
[0.08615259]
463
[0.26650769]
464
[0.20335937]
465
[0.34706126]
466
[0.32378758]
467
[0.15627358]
468
[0.24227673]
469
[0.24205901]
470
[0.31888093]
471
[0.14685982]
472
[0.33766373]
473
[0.20736627]
474
[0.22872824]
475
[0.17164784]
476
[0.19170417]
477
[0.3081198]
478
[0.26997228]
479
[0.25902712]
480
[0.40111364]
481
[0.30788985]
482
[0.16903755]
483
[0.22390747]
484
[0.31818155]
485
[0.32961586]
486
[0.26519889]
487
[0.17913993]
488
[0.22967708]
489
[0.23752534]
490
[0.1848626]
491
[0.23587831]
492
[0.12227287]
493
[0.20786033]
494
[0.23049834]
495
[0.2335129]
496
[0.15676005]
497
[0.18079463]
498
[0.15723332]
499
[0.28242914]
500
[0.28549474]
501
[0.24474525]
502
[0.0970406]
503
[0.20970548]
504
[0.23540936]
505
[0.23978594]
506
[0.43965379]
507
[0.15939213]
508
[0.30961948]
509
[0.10179469]
510
[0.2241172]
511
[0.20061429]
512
[0.18501179]
513
[0.29828769]
514
[0.22132692]
515
[0.28443501]
516
[0.15984864]
517
[0.20299836]
518
[0.26464956]
519
[0.25468807]
520
[0.11126985]
521
[0.34508859]
522
[0.24004751]
523
[0.19287385]
524
[0.23894915]
525
[0.31688566]
526
[0.15204526]
527
[0.26904428]
528
[0.22686886]
529
[0.27257245]
530
[0.27935984]
531
[0.2191474]
532
[0.24003688]
533
[0.27256032]
534
[0.31545833]
535
[0.14781504]
536
[0.26982828]
537
[0.17438413]
538
[0.17356255]
539
[0.26791826]
540
[0.31218469]
541
[0.10398463]
542
[0.31909007]
543
[0.37473389]
544
[0.29915954]
545
[0.25123594]
546
[0.25521065]
547
[0.28302357]
548
[0.20324369]
549
[0.22790448]
550
[0.23887929]
551
[0.14658995]
552
[0.28323855]
553
[0.0964268]
554
[0.13761071]
555
[0.29392213]
556
[0.2537794]
557
[0.30452969]
558
[0.18442261]
559
[0.16640267]
560
[0.10399872]
561
[0.12319747]
562
[0.2757709]
563
[0.26480587]
564
[0.36234388]
565
[0.16979164]
566
[0.21438463]
567
[0.15561981]
568
[0.14626315]
569
[0.29667938]
570
[0.16983269]
571
[0.27401346]
572
[0.33587701]
573
[0.1563181]
574
[0.16266111]
575
[0.26947653]
576
[0.23542081]
577
[0.2795701]
578
[0.24531833]
579
[0.19343284]
580
[0.21005986]
581
[0.11189641]
582
[0.29921568]
583
[0.31644919]
584
[0.26306679]
585
[0.24699804]
586
[0.20581972]
587
[0.21307659]
588
[0.21797149]
589
[0.24244577]
590
[0.22116017]
591
[0.14044693]
592
[0.13113937]
593
[0.3231292]
594
[0.35631539]
595
[0.18010917]
596
[0.28034465]
597
[0.1358885]
598
[0.18474896]
599
[0.1681887]
600
[0.35956378]
601
[0.21794779]
602
[0.2092474]
603
[0.2688231]
604
[0.33672151]
605
[0.09089294]
606
[0.25041315]
607
[0.1961928]
608
[0.24396104]
609
[0.33776049]
610
[0.13388674]
611
[0.29290756]
612
[0.21937577]
613
[0.28717628]
614
[0.18066107]
615
[0.14192718]
616
[0.28778355]
617
[0.26451473]
618
[0.41436856]
619
[0.20649521]
620
[0.27248345]
621
[0.30754096]
622
[0.26583858]
623
[0.23302703]
624
[0.28164563]
625
[0.25944632]
626
[0.20090357]
627
[0.15422928]
628
[0.22617334]
629
[0.24837705]
630
[0.28680586]
631
[0.30400284]
632
[0.24360156]
633
[0.21423103]
634
[0.21770591]
635
[0.23958013]
636
[0.27566805]
637
[0.15360794]
638
[0.24779275]
639
[0.36260924]
640
[0.20521819]
641
[0.23060354]
642
[0.30557618]
643
[0.25601593]
644
[0.2333238]
645
[0.2754582]
646
[0.30531797]
647
[0.11981867]
648
[0.26886985]
649
[0.27647368]
650
[0.29694846]
651
[0.12691634]
652
[0.2246798]
653
[0.34309528]
654
[0.26346816]
655
[0.20968181]
656
[0.28690565]
657
[0.4036924]
658
[0.24990547]
659
[0.34231728]
660
[0.2764236]
661
[0.16561079]
662
[0.20688586]
663
[0.34384485]
664
[0.19417546]
665
[0.32144671]
666
[0.05426648]
667
[0.21835871]
668
[0.22421236]
669
[0.22857407]
670
[0.18233033]
671
[0.28816321]
672
[0.22657474]
673
[0.39627003]
674
[0.2611766]
675
[0.33651528]
676
[0.27636912]
677
[0.14369012]
678
[0.18251238]
679
[0.29112888]
680
[0.23248237]
681
[0.2682584]
682
[0.3229487]
683
[0.25287524]
684
[0.17878451]
685
[0.18843729]
686
[0.38026088]
687
[0.22547485]
688
[0.21347866]
689
[0.33194621]
690
[0.33046744]
691
[0.19048647]
692
[0.29810341]
693
[0.34937093]
694
[0.17255869]
695
[0.26739114]
696
[0.28650526]
697
[0.36114173]
698
[0.24649869]
699
[0.0848366]
700
[0.26096392]
701
[0.36778614]
702
[0.33098702]
703
[0.13514689]
704
[0.19860392]
705
[0.16070138]
706
[0.19702714]
707
[0.24717453]
708
[0.28083472]
709
[0.28475905]
710
[0.24023281]
711
[0.22572719]
712
[0.08495968]
713
[0.26209981]
714
[0.29543697]
715
[0.19074976]
716
[0.19404507]
717
[0.21665908]
718
[0.27360531]
719
[0.32686573]
720
[0.10237239]
721
[0.29347517]
722
[0.39111954]
723
[0.22676228]
724
[0.29966296]
725
[0.18162204]
726
[0.23379106]
727
[0.31410883]
728
[0.28010356]
729
[0.23005079]
730
[0.23478343]
731
[0.32144425]
732
[0.11245447]
733
[0.12953766]
734
[0.36111411]
735
[0.30811105]
736
[0.32264131]
737
[0.31726285]
738
[0.2367598]
739
[0.28899217]
740
[0.14972732]
741
[0.22441572]
742
[0.27304707]
743
[0.27651054]
744
[0.21141746]
745
[0.30474137]
746
[0.16528819]
747
[0.28390353]
748
[0.3345586]
749
[0.29374629]
750
[0.27868211]
751
[0.42185616]
752
[0.30039454]
753
[0.1848168]
754
[0.2494642]
755
[0.29563309]
756
[0.12514715]
757
[0.28450777]
758
[0.08621258]
759
[0.04005953]
760
[0.25767002]
761
[0.34336657]
762
[0.21934687]
763
[0.14466993]
764
[0.29228374]
765
[0.16348134]
766
[0.0711889]
767
[0.17748882]
768
[0.21055727]
769
[0.19053794]
770
[0.23890715]
771
[0.23801781]
772
[0.25620067]
773
[0.19966885]
774
[0.1837612]
775
[0.139592]
776
[0.259239]
777
[0.30732893]
778
[0.23939346]
779
[0.23748411]
780
[0.2149623]
781
[0.24055059]
782
[0.19217111]
783
[0.25724548]
784
[0.05513214]
785
[0.21599072]
786
[0.21203009]
787
[0.30257378]
788
[0.32177704]
789
[0.23085392]
790
[0.10778013]
791
[0.25228735]
792
[0.28210283]
793
[0.28113924]
794
[0.26521022]
795
[0.27267328]
796
[0.30969561]
797
[0.36744067]
798
[0.15422925]
799
[0.1574255]
800
[0.31880096]
801
[0.10208621]
802
[0.26634795]
803
[0.20951251]
804
[0.23878854]
805
[0.15681344]
806
[0.30458055]
807
[0.26048981]
808
[0.34469198]
809
[0.26491459]
810
[0.19396333]
811
[0.26405573]
812
[0.23917849]
813
[0.28669408]
814
[0.23242884]
815
[0.42443345]
816
[0.19431878]
817
[0.04740135]
818
[0.32054177]
819
[0.13451176]
820
[0.216947]
821
[0.24611738]
822
[0.16715659]
823
[0.2194012]
824
[0.2226941]
825
[0.14650277]
826
[0.33261834]
827
[0.20917792]
828
[0.22280401]
829
[0.16354357]
830
[0.17593026]
831
[0.33996837]
832
[0.22251944]
833
[0.12347832]
834
[0.35547708]
835
[0.30658113]
836
[0.29608339]
837
[0.28227918]
838
[0.26030403]
839
[0.28730104]
840
[0.23141777]
841
[0.26820928]
842
[0.32020079]
843
[0.2008514]
844
[0.32505319]
845
[0.19427209]
846
[0.21024363]
847
[0.26153389]
848
[0.24528359]
849
[0.15512613]
850
[0.36388668]
851
[0.226269]
852
[0.3640133]
853
[0.16525221]
854
[0.34001129]
855
[0.24202367]
856
[0.20105158]
857
[0.13448647]
858
[0.27948959]
859
[0.08786569]
860
[0.33178814]
861
[0.20394677]
862
[0.32911403]
863
[0.28125233]
864
[0.31755297]
865
[0.2356705]
866
[0.22981565]
867
[0.33763432]
868
[0.36434246]
869
[0.20992369]
870
[0.35214465]
871
[0.14697756]
872
[0.17496997]
873
[0.22153261]
874
[0.29615405]
875
[0.27508209]
876
[0.17900516]
877
[0.26134747]
878
[0.29344758]
879
[0.17369199]
880
[0.12840537]
881
[0.25465113]
882
[0.28384442]
883
[0.17758711]
884
[0.20768134]
885
[0.14298192]
886
[0.16377383]
887
[0.27200426]
888
[0.3309725]
889
[0.38514816]
890
[0.15569759]
891
[0.34863612]
892
[0.24617956]
893
[0.23950803]
894
[0.11426856]
895
[0.3343408]
896
[0.23840798]
897
[0.30486176]
898
[0.3694306]
899
[0.33189163]
900
[0.1951812]
901
[0.23795557]
902
[0.22566615]
903
[0.20359324]
904
[0.11344223]
905
[0.17883211]
906
[0.16821099]
907
[0.19262741]
908
[0.28234147]
909
[0.36813393]
910
[0.20195704]
911
[0.23415246]
912
[0.32483662]
913
[0.18138493]
914
[0.24652643]
915
[0.08328699]
916
[0.34977563]
917
[0.09135403]
918
[0.2596572]
919
[0.31957615]
920
[0.17539977]
921
[0.14971375]
922
[0.35040068]
923
[0.35905792]
924
[0.29501403]
925
[0.20219712]
926
[0.23925432]
927
[0.24882554]
928
[0.28013285]
929
[0.09255336]
930
[0.25956576]
931
[0.09328942]
932
[0.21033572]
933
[0.25782802]
934
[0.0973337]
935
[0.31488515]
936
[0.24758862]
937
[0.23011022]
938
[0.15296531]
939
[0.27725285]
940
[0.37503873]
941
[0.24723112]
942
[0.20241934]
943
[0.20717919]
944
[0.31900772]
945
[0.24547649]
946
[0.35273457]
947
[0.28301414]
948
[0.32452199]
949
[0.3092915]
950
[0.33312761]
951
[0.2668707]
952
[0.31259776]
953
[0.28398729]
954
[0.14455598]
955
[0.37936849]
956
[0.20042228]
957
[0.25259043]
958
[0.29363935]
959
[0.23531633]
960
[0.08199896]
961
[0.32643657]
962
[0.28309642]
963
[0.22402955]
964
[0.19143473]
965
[0.2486924]
966
[0.28707186]
967
[0.30597786]
968
[0.11216017]
969
[0.37443673]
970
[0.25958428]
971
[0.27352507]
972
[0.25425696]
973
[0.15358834]
974
[0.26196485]
975
[0.11640322]
976
[0.27516261]
977
[0.29206685]
978
[0.2228704]
979
[0.23110066]
980
[0.2660314]
981
[0.27718001]
982
[0.31604238]
983
[0.22141786]
984
[0.23077369]
985
[0.34543905]
986
[0.16661042]
987
[0.25403376]
988
[0.13167092]
989
[0.18741018]
990
[0.27372067]
991
[0.32370093]
992
[0.15041727]
993
[0.33747881]
994
[0.31737082]
995
[0.23969819]
996
[0.26320361]
997
[0.27633403]
998
[0.26917756]
999
[0.24514757]
1000
[0.24024496]
1001
[0.27971905]
1002
[0.32840571]
1003
[0.23942908]
1004
[0.24497793]
1005
[0.12346355]
1006
[0.29677966]
1007
[0.30902792]
1008
[0.15566625]
1009
[0.11891376]
1010
[0.11549052]
1011
[0.21836018]
1012
[0.15345245]
1013
[0.29198911]
1014
[0.29903321]
1015
[0.15167064]
1016
[0.27185483]
1017
[0.38372654]
1018
[0.29386683]
1019
[0.06638169]
1020
[0.31657918]
1021
[0.25421233]
1022
[0.20494673]
1023
[0.29350666]
1024
[0.36855237]
1025
[0.12981942]
1026
[0.22914118]
1027
[0.21997374]
1028
[0.39134138]
1029
[0.2029319]
1030
[0.26516158]
1031
[0.09163409]
1032
[0.21270699]
1033
[0.27286349]
1034
[0.22139202]
1035
[0.25676766]
1036
[0.29421637]
1037
[0.36540647]
1038
[0.3162458]
1039
[0.21522963]
1040
[0.34532794]
1041
[0.17281103]
1042
[0.31584366]
1043
[0.39733463]
1044
[0.29722838]
1045
[0.22641824]
1046
[0.20858344]
1047
[0.18318761]
1048
[0.24640065]
1049
[0.27350878]
1050
[0.23184936]
1051
[0.05843347]
1052
[0.18719676]
1053
[0.39281345]
1054
[0.12950802]
1055
[0.18867302]
1056
[0.23739218]
1057
[0.18897422]
1058
[0.36631187]
1059
[0.22143533]
1060
[0.25318068]
1061
[0.13814229]
1062
[0.25055203]
1063
[0.35941344]
1064
[0.29609933]
1065
[0.12129518]
1066
[0.26487201]
1067
[0.38116119]
1068
[0.15145115]
1069
[0.26651545]
1070
[0.26895037]
1071
[0.13567461]
1072
[0.25301827]
1073
[0.32139272]
1074
[0.33223223]
1075
[0.24034419]
1076
[0.15882714]
1077
[0.18662205]
1078
[0.24241204]
1079
[0.15142068]
1080
[0.40617918]
1081
[0.21160841]
1082
[0.35921867]
1083
[0.35823672]
1084
[0.31178005]
1085
[0.26142306]
1086
[0.05782042]
1087
[0.22385779]
1088
[0.17838282]
1089
[0.19585418]
1090
[0.1433138]
1091
[0.30286136]
1092
[0.10520407]
1093
[0.36792251]
1094
[0.18192948]
1095
[0.32486811]
1096
[0.18464493]
1097
[0.26032598]
1098
[0.10201944]
1099
[0.18975327]
1100
[0.16575164]
1101
[0.24969038]
1102
[0.26310282]
1103
[0.21496864]
1104
[0.16983743]
1105
[0.26206843]
1106
[0.22892685]
1107
[0.26465304]
1108
[0.27634983]
1109
[0.03571223]
1110
[0.08033704]
1111
[0.27568482]
1112
[0.27557556]
1113
[0.22159481]
1114
[0.19170763]
1115
[0.24671618]
1116
[0.19093289]
1117
[0.17208446]
1118
[0.29471069]
1119
[0.34098813]
1120
[0.17138296]
1121
[0.21413519]
1122
[0.20963009]
1123
[0.26081724]
1124
[0.20758476]
1125
[0.35394342]
1126
[0.30574814]
1127
[0.24775961]
1128
[0.27327312]
1129
[0.31938562]
1130
[0.3264669]
1131
[0.21454743]
1132
[0.22370326]
1133
[0.2808026]
1134
[0.31276286]
1135
[0.28402056]
1136
[0.25292337]
1137
[0.2574178]
1138
[0.15822085]
1139
[0.30250588]
1140
[0.26945102]
1141
[0.24091282]
1142
[0.06208551]
1143
[0.41565472]
1144
[0.36525625]
1145
[0.25076965]
1146
[0.0458721]
1147
[0.21401097]
1148
[0.30144983]
1149
[0.20186928]
1150
[0.22841046]
1151
[0.28543122]
1152
[0.21261619]
1153
[0.19664822]
1154
[0.19025872]
1155
[0.25777294]
1156
[0.28729132]
1157
[0.26053251]
1158
[0.33065467]
1159
[0.17839749]
1160
[0.27216835]
1161
[0.20104296]
1162
[0.3046049]
1163
[0.34380914]
1164
[0.25977294]
1165
[0.15960778]
1166
[0.29098086]
1167
[0.21803588]
1168
[0.07160243]
1169
[0.31820593]
1170
[0.27568719]
1171
[0.23408244]
1172
[0.17251648]
1173
[0.19172524]
1174
[0.20950911]
1175
[0.14204953]
1176
[0.24044471]
1177
[0.36327572]
1178
[0.05570315]
1179
[0.31090964]
1180
[0.26978408]
1181
[0.10386143]
1182
[0.27517382]
1183
[0.25960912]
1184
[0.21960077]
1185
[0.17274616]
1186
[0.19106077]
1187
[0.1562398]
1188
[0.14507689]
1189
[0.2105332]
1190
[0.16196707]
1191
[0.29819737]
1192
[0.25056001]
1193
[0.23848804]
1194
[0.29156683]
1195
[0.29503236]
1196
[0.16038282]
1197
[0.30976906]
1198
[0.14280742]
1199
[0.24146815]
1200
[0.12199395]
1201
[0.27811113]
1202
[0.18958663]
1203
[0.17195062]
1204
[0.14712748]
1205
[0.1844562]
1206
[0.18107573]
1207
[0.19554342]
1208
[0.23880728]
1209
[0.33770671]
1210
[0.33972155]
1211
[0.1923615]
1212
[0.24193773]
1213
[0.31731314]
1214
[0.27216597]
1215
[0.28510031]
1216
[0.16540103]
1217
[0.25982919]
1218
[0.42381595]
1219
[0.22780585]
1220
[0.25730434]
1221
[0.20889763]
1222
[0.08402675]
1223
[0.22141135]
1224
[0.2351379]
1225
[0.31762879]
1226
[0.16685539]
1227
[0.2739491]
1228
[0.36495121]
1229
[0.27493293]
1230
[0.29742441]
1231
[0.17483473]
1232
[0.19144166]
1233
[0.27573738]
1234
[0.22605622]
1235
[0.27073058]
1236
[0.28936938]
1237
[0.27944431]
1238
[0.18935705]
1239
[0.07849007]
1240
[0.07750487]
1241
[0.18996395]
1242
[0.41793992]
1243
[0.24789647]
1244
[0.24052713]
1245
[0.23114753]
1246
[0.18675202]
1247
[0.1504534]
1248
[0.10420554]
1249
[0.0929845]
1250
[0.31084315]
1251
[0.22180425]
1252
[0.16603713]
1253
[0.33317266]
1254
[0.19501207]
1255
[0.2816584]
1256
[0.14604821]
1257
[0.20553692]
1258
[0.31637866]
1259
[0.26824837]
1260
[0.30814119]
1261
[0.42848464]
1262
[0.29734163]
1263
[0.17981092]
1264
[0.18036615]
1265
[0.26597463]
1266
[0.18424895]
1267
[0.26443338]
1268
[0.1234089]
1269
[0.34297587]
1270
[0.08670946]
1271
[0.31551224]
1272
[0.31205605]
1273
[0.22727863]
1274
[0.22886628]
1275
[0.22504024]
1276
[0.28214332]
1277
[0.29094597]
1278
[0.17866076]
1279
[0.25397012]
1280
[0.37362524]
1281
[0.22126513]
1282
[0.13769214]
1283
[0.25217819]
1284
[0.28917422]
1285
[0.26739451]
1286
[0.22953691]
1287
[0.23539427]
1288
[0.11061159]
1289
[0.28755808]
1290
[0.25937979]
1291
[0.21250772]
1292
[0.27641573]
1293
[0.164732]
1294
[0.34507619]
1295
[0.24081451]
1296
[0.14489032]
1297
[0.24593049]
1298
[0.23650205]
1299
[0.27205928]
1300
[0.23961722]
1301
[0.1783308]
1302
[0.26627757]
1303
[0.30334404]
1304
[0.21765327]
1305
[0.30908089]
1306
[0.3321529]
1307
[0.15184743]
1308
[0.21636257]
1309
[0.16632626]
1310
[0.32864534]
1311
[0.33289722]
1312
[0.2191414]
1313
[0.21387217]
1314
[0.19200563]
1315
[0.26340736]
1316
[0.17542396]
1317
[0.2824639]
1318
[0.06659894]
1319
[0.23427687]
1320
[0.31822818]
1321
[0.22392456]
1322
[0.27797672]
1323
[0.24027412]
1324
[0.39750917]
1325
[0.27460626]
1326
[0.21341288]
1327
[0.1907893]
1328
[0.16441154]
1329
[0.13303122]
1330
[0.27829505]
1331
[0.23394164]
1332
[0.2543252]
1333
[0.35168276]
1334
[0.25975926]
1335
[0.22176975]
1336
[0.28904542]
1337
[0.26740508]
1338
[0.12044747]
1339
[0.22132803]
1340
[0.23933436]
1341
[0.24763366]
1342
[0.08156396]
1343
[0.12155667]
1344
[0.28901304]
1345
[0.26751628]
1346
[0.30358514]
1347
[0.15929028]
1348
[0.26323476]
1349
[0.19109708]
1350
[0.2921248]
1351
[0.17833855]
1352
[0.2957509]
1353
[0.06773369]
1354
[0.10230762]
1355
[0.24469923]
1356
[0.26598695]
1357
[0.24772965]
1358
[0.27023411]
1359
[0.33009326]
1360
[0.19476018]
1361
[0.32095585]
1362
[0.26705537]
1363
[0.32059735]
1364
[0.2118566]
1365
[0.2949395]
1366
[0.32262847]
1367
[0.21616024]
1368
[0.32557071]
1369
[0.31621343]
1370
[0.20821686]
1371
[0.15610948]
1372
[0.17620133]
1373
[0.34998982]
1374
[0.22363254]
1375
[0.32595959]
1376
[0.20857681]
1377
[0.31573355]
1378
[0.3270395]
1379
[0.15932607]
1380
[0.29946519]
1381
[0.33009121]
1382
[0.2834432]
1383
[0.29785966]
1384
[0.25222751]
1385
[0.19624334]
1386
[0.1493648]
1387
[0.17165972]
1388
[0.24638029]
1389
[0.28110566]
1390
[0.2368992]
1391
[0.14427721]
1392
[0.18161565]
1393
[0.22910445]
1394
[0.30848394]
1395
[0.37752532]
1396
[0.2974586]
1397
[0.28661743]
1398
[0.13337804]
1399
[0.29894074]
1400
[0.34475902]
1401
[0.23422085]
1402
[0.18137514]
1403
[0.17790203]
1404
[0.19638993]
1405
[0.30258649]
1406
[0.21778696]
1407
[0.21367579]
1408
[0.34684877]
1409
[0.19817125]
1410
[0.25111333]
1411
[0.24563679]
1412
[0.16055801]
1413
[0.13811792]
1414
[0.31917054]
1415
[0.33073364]
1416
[0.09962981]
1417
[0.24457279]
1418
[0.23181061]
1419
[0.18384788]
1420
[0.23769415]
1421
[0.25746354]
1422
[0.28248507]
1423
[0.28433094]
1424
[0.26615743]
1425
[0.21225813]
1426
[0.24909313]
1427
[0.13520595]
1428
[0.27060196]
1429
[0.26512144]
1430
[0.30310425]
1431
[0.23502987]
1432
[0.2491256]
1433
[0.21901563]
1434
[0.25303172]
1435
[0.31719681]
1436
[0.24433597]
1437
[0.10295681]
1438
[0.21570999]
1439
[0.16508026]
1440
[0.32581757]
1441
[0.08000609]
1442
[0.24363822]
1443
[0.2523976]
1444
[0.08911492]
1445
[0.18566516]
1446
[0.11270451]
1447
[0.27636672]
1448
[0.37093066]
1449
[0.26254396]
1450
[0.09060303]
1451
[0.35868793]
1452
[0.1235706]
1453
[0.12116524]
1454
[0.23163305]
1455
[0.310182]
1456
[0.0949342]
1457
[0.19682404]
1458
[0.14474155]
1459
[0.26518]
1460
[0.28498243]
1461
[0.22477235]
1462
[0.21738051]
1463
[0.30249191]
1464
[0.19620967]
1465
[0.16381574]
1466
[0.18441892]
1467
[0.2223234]
1468
[0.27293654]
1469
[0.12081505]
1470
[0.18798544]
1471
[0.19122817]
1472
[0.21839253]
1473
[0.22650807]
1474
[0.20814692]
1475
[0.14792321]
1476
[0.29261638]
1477
[0.31630938]
1478
[0.12660213]
1479
[0.24780607]
1480
[0.27512141]
1481
[0.1125487]
1482
[0.15845653]
1483
[0.0977748]
1484
[0.23144559]
1485
[0.2490245]
1486
[0.41033397]
1487
[0.26684484]
1488
[0.17230583]
1489
[0.1936977]
1490
[0.31215555]
1491
[0.05224494]
1492
[0.23561205]
1493
[0.25597456]
1494
[0.23527384]
1495
[0.22966192]
1496
[0.34999778]
1497
[0.19071906]
1498
[0.19989227]
1499
[0.12612565]
1500
[0.16002572]
1501
[0.33903934]
1502
[0.34322818]
1503
[0.31625099]
1504
[0.32478281]
1505
[0.15138288]
1506
[0.33840273]
1507
[0.15794472]
1508
[0.08875779]
1509
[0.08200445]
1510
[0.2893343]
1511
[0.17602318]
1512
[0.19736752]
1513
[0.28838545]
1514
[0.19356286]
1515
[0.25985767]
1516
[0.27595203]
1517
[0.25806411]
1518
[0.3835082]
1519
[0.27187277]
1520
[0.24780772]
1521
[0.13445719]
1522
[0.18288058]
1523
[0.16781825]
1524
[0.30507436]
1525
[0.27645337]
1526
[0.22609052]
1527
[0.19948471]
1528
[0.25946286]
1529
[0.25781723]
1530
[0.11420908]
1531
[0.25377031]
1532
[0.23304706]
1533
[0.19964896]
1534
[0.12026302]
1535
[0.38353679]
1536
[0.36112723]
1537
[0.23149889]
1538
[0.32176041]
1539
[0.17381599]
1540
[0.14019142]
1541
[0.2296591]
1542
[0.28648887]
1543
[0.10606293]
1544
[0.30689095]
1545
[0.21342969]
1546
[0.10882606]
1547
[0.2490712]
1548
[0.21970007]
1549
[0.37409445]
1550
[0.20320659]
1551
[0.25383593]
1552
[0.17128467]
1553
[0.27405805]
1554
[0.24054757]
1555
[0.29587799]
1556
[0.13513534]
1557
[0.2554571]
1558
[0.18978088]
1559
[0.18888642]
1560
[0.31382624]
1561
[0.17845063]
1562
[0.22841875]
1563
[0.08179678]
1564
[0.25709712]
1565
[0.31270664]
1566
[0.19359951]
1567
[0.272602]
1568
[0.45848942]
1569
[0.2497873]
1570
[0.21561858]
1571
[0.17617696]
1572
[0.295702]
1573
[0.28137792]
1574
[0.24542794]
1575
[0.26125064]
1576
[0.35839443]
1577
[0.17995868]
1578
[0.22458394]
1579
[0.23137774]
1580
[0.24953243]
1581
[0.13251109]
1582
[0.29266712]
1583
[0.13315784]
1584
[0.19169146]
1585
[0.25388514]
1586
[0.22011501]
1587
[0.23197911]
1588
[0.18361046]
1589
[0.21421313]
1590
[0.319741]
1591
[0.21059015]
1592
[0.17872652]
1593
[0.18105106]
1594
[0.26256957]
1595
[0.30575935]
1596
[0.17713263]
1597
[0.2700851]
1598
[0.34454769]
1599
[0.26318397]
1600
[0.2018042]
1601
[0.32527539]
1602
[0.32388142]
1603
[0.29085775]
1604
[0.13167405]
1605
[0.26268076]
1606
[0.17441055]
1607
[0.23695575]
1608
[0.24696752]
1609
[0.12991627]
1610
[0.22680016]
1611
[0.27336164]
1612
[0.23866891]
1613
[0.22119397]
1614
[0.32052798]
1615
[0.2615773]
1616
[0.32945149]
1617
[0.30501006]
1618
[0.15037359]
1619
[0.2439757]
1620
[0.27836825]
1621
[0.2423032]
1622
[0.33517681]
1623
[0.10225593]
1624
[0.31335211]
1625
[0.32686295]
1626
[0.37480818]
1627
[0.26327789]
1628
[0.165482]
1629
[0.30316784]
1630
[0.32831255]
1631
[0.25978559]
1632
[0.19970392]
1633
[0.15287804]
1634
[0.31675905]
1635
[0.26289319]
1636
[0.16984709]
1637
[0.37185127]
1638
[0.20253172]
1639
[0.33112334]
1640
[0.26080784]
1641
[0.32125933]
1642
[0.17821671]
1643
[0.26985993]
1644
[0.27135842]
1645
[0.22048296]
1646
[0.27823975]
1647
[0.23138268]
1648
[0.34015887]
1649
[0.14931218]
1650
[0.19358054]
1651
[0.1572129]
1652
[0.20189947]
1653
[0.24492214]
1654
[0.22037392]
1655
[0.1570328]
1656
[0.25689268]
1657
[0.12417576]
1658
[0.21329181]
1659
[0.26395715]
1660
[0.24912651]
1661
[0.16663443]
1662
[0.25506511]
1663
[0.36610014]
1664
[0.18809948]
1665
[0.26315962]
1666
[0.24233581]
1667
[0.16894042]
1668
[0.20080949]
1669
[0.27510069]
1670
[0.21973294]
1671
[0.26127455]
1672
[0.25815976]
1673
[0.16278165]
1674
[0.283749]
1675
[0.21752165]
1676
[0.1490637]
1677
[0.22636443]
1678
[0.30563459]
1679
[0.29451567]
1680
[0.23612941]
1681
[0.2707932]
1682
[0.24365588]
1683
[0.20420598]
1684
[0.31557464]
1685
[0.31674388]
1686
[0.1110145]
1687
[0.24992484]
1688
[0.30089178]
1689
[0.21253911]
1690
[0.3199199]
1691
[0.26727801]
1692
[0.23034948]
1693
[0.23241269]
1694
[0.11248798]
1695
[0.16720856]
1696
[0.16048006]
1697
[0.21474233]
1698
[0.21620499]
1699
[0.30729238]
1700
[0.19629783]
1701
[0.20932266]
1702
[0.23161539]
1703
[0.28460834]
1704
[0.12273823]
1705
[0.25659583]
1706
[0.23768094]
1707
[0.20369579]
1708
[0.27342604]
1709
[0.29314835]
1710
[0.2522218]
1711
[0.24394912]
1712
[0.14501379]
1713
[0.20767374]
1714
[0.41505388]
1715
[0.19844241]
1716
[0.2265431]
1717
[0.11205814]
1718
[0.16107625]
1719
[0.15445863]
1720
[0.26876543]
1721
[0.32082467]
1722
[0.26349282]
1723
[0.26855065]
1724
[0.30298689]
1725
[0.14973533]
1726
[0.26386634]
1727
[0.18693003]
1728
[0.18348964]
1729
[0.27678683]
1730
[0.16010247]
1731
[0.29507852]
1732
[0.26937798]
1733
[0.27449742]
1734
[0.27861081]
1735
[0.26816793]
1736
[0.15744888]
1737
[0.32376579]
1738
[0.34459243]
1739
[0.23139886]
1740
[0.16671017]
1741
[0.30122269]
1742
[0.25177564]
1743
[0.39147223]
1744
[0.17627401]
1745
[0.23404436]
1746
[0.2845668]
1747
[0.25717581]
1748
[0.36695819]
1749
[0.26433462]
1750
[0.22237487]
1751
[0.31748768]
1752
[0.32821565]
1753
[0.250216]
1754
[0.24798568]
1755
[0.08320255]
1756
[0.18046871]
1757
[0.20925807]
1758
[0.26189202]
1759
[0.20052448]
1760
[0.24825495]
1761
[0.22383557]
1762
[0.22698397]
1763
[0.14736659]
1764
[0.2931796]
1765
[0.17869452]
1766
[0.26424604]
1767
[0.23149381]
1768
[0.30679115]
1769
[0.28714908]
1770
[0.35102896]
1771
[0.2722723]
1772
[0.20874406]
1773
[0.21914771]
1774
[0.28581697]
1775
[0.16224481]
1776
[0.15300527]
1777
[0.29650286]
1778
[0.16627592]
1779
[0.36467142]
1780
[0.17246198]
1781
[0.19659377]
1782
[0.21078337]
1783
[0.25998181]
1784
[0.31591845]
1785
[0.32222699]
1786
[0.09329099]
1787
[0.22208332]
1788
[0.21758405]
1789
[0.1318617]
1790
[0.26614433]
1791
[0.22825917]
1792
[0.13418293]
1793
[0.23175682]
1794
[0.39273485]
1795
[0.175941]
1796
[0.18477258]
1797
[0.24065915]
1798
[0.34865569]
1799
[0.09127553]
1800
[0.29144556]
1801
[0.1977846]
1802
[0.05156479]
1803
[0.35396898]
1804
[0.13453803]
1805
[0.13379703]
1806
[0.23151997]
1807
[0.32025943]
1808
[0.16199055]
1809
[0.39601552]
1810
[0.10159036]
1811
[0.3162471]
1812
[0.22345781]
1813
[0.22577486]
1814
[0.08720024]
1815
[0.26618942]
1816
[0.36483975]
1817
[0.29818265]
1818
[0.20605531]
1819
[0.07371205]
1820
[0.20521368]
1821
[0.3087582]
1822
[0.21935817]
1823
[0.32994525]
1824
[0.22915352]
1825
[0.15701744]
1826
[0.13971963]
1827
[0.35137321]
1828
[0.21082213]
1829
[0.14169156]
1830
[0.21029208]
1831
[0.18953555]
1832
[0.3395687]
1833
[0.10952777]
1834
[0.31467036]
1835
[0.23344079]
1836
[0.11584308]
1837
[0.20526155]
1838
[0.21426816]
1839
[0.18757748]
1840
[0.09449571]
1841
[0.13851373]
1842
[0.25086069]
1843
[0.21082863]
1844
[0.2270313]
1845
[0.26062253]
1846
[0.23730297]
1847
[0.25452028]
1848
[0.38370639]
1849
[0.12543682]
1850
[0.1969483]
1851
[0.25672112]
1852
[0.2635739]
1853
[0.1609474]
1854
[0.25387204]
1855
[0.2728258]
1856
[0.23611076]
1857
[0.3909622]
1858
[0.13008249]
1859
[0.22829022]
1860
[0.14561203]
1861
[0.14260441]
1862
[0.28503887]
1863
[0.16387051]
1864
[0.27073101]
1865
[0.25172747]
1866
[0.32313997]
1867
[0.27121423]
1868
[0.26491854]
1869
[0.14480251]
1870
[0.28641063]
1871
[0.16993449]
1872
[0.18407287]
1873
[0.35238434]
1874
[0.27614479]
1875
[0.2545745]
1876
[0.24507153]
1877
[0.39813798]
1878
[0.27384573]
1879
[0.36517034]
1880
[0.28716454]
1881
[0.19686552]
1882
[0.18908658]
1883
[0.15899715]
1884
[0.25766017]
1885
[0.29072015]
1886
[0.25983967]
1887
[0.24233452]
1888
[0.14161198]
1889
[0.26447274]
1890
[0.26986475]
1891
[0.20034609]
1892
[0.19164456]
1893
[0.14598689]
1894
[0.27369608]
1895
[0.23512682]
1896
[0.25675194]
1897
[0.28074641]
1898
[0.1213925]
1899
[0.14565838]
1900
[0.26066433]
1901
[0.15800533]
1902
[0.28520937]
1903
[0.18349246]
1904
[0.31689449]
1905
[0.17515902]
1906
[0.20708569]
1907
[0.13487547]
1908
[0.34015623]
1909
[0.09977014]
1910
[0.32888696]
1911
[0.28637892]
1912
[0.15061743]
1913
[0.2083462]
1914
[0.29369255]
1915
[0.33855273]
1916
[0.07028429]
1917
[0.23190005]
1918
[0.15673757]
1919
[0.2614303]
1920
[0.15759486]
1921
[0.1916383]
1922
[0.34801417]
1923
[0.30117523]
1924
[0.26759099]
1925
[0.20994973]
1926
[0.2496639]
1927
[0.2270527]
1928
[0.11079114]
1929
[0.46938712]
1930
[0.08266941]
1931
[0.28054733]
1932
[0.24391466]
1933
[0.28438214]
1934
[0.24983345]
1935
[0.2226433]
1936
[0.25736897]
1937
[0.26577807]
1938
[0.25909314]
1939
[0.12298049]
1940
[0.19983497]
1941
[0.22093842]
1942
[0.23709287]
1943
[0.15006803]
1944
[0.28603502]
1945
[0.15137638]
1946
[0.24236444]
1947
[0.18677227]
1948
[0.26019463]
1949
[0.16307691]
1950
[0.14832568]
1951
[0.32544362]
1952
[0.14273633]
1953
[0.19279384]
1954
[0.28870989]
1955
[0.33638871]
1956
[0.24338217]
1957
[0.11976911]
1958
[0.3222075]
1959
[0.1957178]
1960
[0.24534921]
1961
[0.26101961]
1962
[0.20060338]
1963
[0.25568583]
1964
[0.17073215]
1965
[0.2037889]
1966
[0.18809213]
1967
[0.21701653]
1968
[0.19920845]
1969
[0.22860247]
1970
[0.2831077]
1971
[0.24163527]
1972
[0.42558013]
1973
[0.24636066]
1974
[0.25927166]
1975
[0.21776771]
1976
[0.27250199]
1977
[0.25801866]
1978
[0.10516811]
1979
[0.25543257]
1980
[0.25241351]
1981
[0.14368264]
1982
[0.29196048]
1983
[0.23735704]
1984
[0.20535861]
1985
[0.3249574]
1986
[0.37407838]
1987
[0.21803861]
1988
[0.30630769]
1989
[0.19180574]
1990
[0.33083865]
1991
[0.25001408]
1992
[0.14361838]
1993
[0.25298925]
1994
[0.32297472]
1995
[0.26435765]
1996
[0.22384938]
1997
[0.22814283]
1998
[0.21732588]
1999
[0.328104]
[1] 16000    11
[1] 16000    11
