LOADING R
R LOADED
[1] "/home/lvanderl/Rlibs2"                         
[2] "/app/software/R/4.3.1-gfbf-2022b/lib/R/library"
[1] "/home/lvanderl/sieveSims"
[1] "xg 3 3"
[1] "histogram binning"
[1] 0.08941306
[1] 0.08941306
[1] "mondrian"
[1] "iso"
[1] 0.08941306
[1] "conditional"
[   10.            11.51395399    13.25711366    15.26417967
    17.57510625    20.23589648    23.29951811    26.82695795
    30.88843596    35.56480306    40.94915062    47.14866363
    54.28675439    62.50551925    71.9685673     82.86427729
    95.40954763   109.8541142    126.48552169   145.63484775
   167.68329368   193.06977289   222.29964825   255.95479227
   294.70517026   339.32217719   390.69399371   449.8432669
   517.94746792   596.36233166   686.648845     790.60432109
   910.29817799  1048.11313415  1206.79264064  1389.49549437
  1599.85871961  1842.06996933  2120.95088792  2442.05309455
  2811.76869797  3237.45754282  3727.59372031  4291.93426013
  4941.71336132  5689.86602902  6551.2855686   7543.12006335
  8685.11373751 10000.        ]
[0.30683139 0.30375198 0.30915754 0.31427416 0.32111377 0.31929724
 0.32855275 0.31998457 0.33312666 0.33690198 0.3276851  0.34224475
 0.33973115 0.35551681 0.35902989 0.37122317 0.34973692 0.36859053
 0.40088274 0.41969638 0.39518339 0.40706724 0.39801358 0.48289347
 0.51461441 0.52431897 0.58781488 0.5709598  0.78936486 0.67903663
 0.88852572 0.94395214 1.07168032 1.22335576 1.23556854 1.45790063
 1.78144    1.79281033 2.44276167 2.20228741 2.23570796 2.72678903
 2.85240868 3.2065888  3.05481906 4.86905552 5.9538336  6.3175828
 7.08264115 9.83174462]
11.513953993264476
0.08685113737513524
0
[0.27894039]
1
[0.08032949]
2
[0.20336113]
3
[0.13669526]
4
[0.20654312]
5
[0.22496833]
6
[0.15701423]
7
[0.15785591]
8
[0.16612417]
9
[0.23724666]
10
[0.29365873]
11
[0.13745106]
12
[0.12580138]
13
[0.26844242]
14
[0.12520848]
15
[0.23243821]
16
[0.34193444]
17
[0.24573387]
18
[0.23732361]
19
[0.10235754]
20
[0.1276696]
21
[0.09274773]
22
[0.21968484]
23
[0.05212212]
24
[0.12868086]
25
[0.17980666]
26
[0.16669985]
27
[0.15264847]
28
[0.18774198]
29
[0.29397697]
30
[0.18762037]
31
[0.21288774]
32
[0.18562999]
33
[0.13354299]
34
[0.09911006]
35
[0.21487965]
36
[0.21414818]
37
[0.21375833]
38
[0.1128646]
39
[0.14282154]
40
[0.28991419]
41
[0.1783933]
42
[0.19403489]
43
[0.28588861]
44
[0.19831337]
45
[0.11303319]
46
[0.17589143]
47
[0.21539158]
48
[0.40299371]
49
[0.09469014]
50
[0.13671566]
51
[0.1568956]
52
[0.25705701]
53
[0.20859909]
54
[0.23531479]
55
[0.1011908]
56
[0.26075548]
57
[0.12728203]
58
[0.11598843]
59
[0.15302533]
60
[0.37095857]
61
[0.27297649]
62
[0.20695101]
63
[0.07435087]
64
[0.33486103]
65
[0.19675916]
66
[0.20896943]
67
[0.17296859]
68
[0.16001641]
69
[0.10627292]
70
[0.15408275]
71
[0.12201659]
72
[0.16034805]
73
[0.18955726]
74
[0.22400535]
75
[0.08520356]
76
[0.12901216]
77
[0.25830573]
78
[0.21718423]
79
[0.10247547]
80
[0.18607771]
81
[0.25779333]
82
[0.20735945]
83
[0.25735026]
84
[0.22455474]
85
[0.24975163]
86
[0.09607005]
87
[0.30348589]
88
[0.15704665]
89
[0.25887042]
90
[0.18951357]
91
[0.10763108]
92
[0.20759433]
93
[0.13408081]
94
[0.12148589]
95
[0.32781296]
96
[0.20879671]
97
[0.35467297]
98
[0.32913064]
99
[0.08636235]
100
[0.10674048]
101
[0.0929384]
102
[0.13939188]
103
[0.17326907]
104
[0.21550441]
105
[0.15737766]
106
[0.35567215]
107
[0.11834193]
108
[0.33369521]
109
[0.30796977]
110
[0.15172715]
111
[0.20004528]
112
[0.1977521]
113
[0.16212254]
114
[0.14950174]
115
[0.14493987]
116
[0.34142826]
117
[0.13780955]
118
[0.16114865]
119
[0.10388672]
120
[0.13041676]
121
[0.10554058]
122
[0.27010027]
123
[0.19482342]
124
[0.19456069]
125
[0.28997735]
126
[0.1109532]
127
[0.28018877]
128
[0.13384315]
129
[0.16027147]
130
[0.09478094]
131
[0.13896052]
132
[0.15089907]
133
[0.09058426]
134
[0.11847802]
135
[0.15642409]
136
[0.20432718]
137
[0.2803467]
138
[0.25091564]
139
[0.12077307]
140
[0.1341593]
141
[0.16928763]
142
[0.14866314]
143
[0.30790445]
144
[0.19776354]
145
[0.15216987]
146
[0.28822794]
147
[0.08266359]
148
[0.24170093]
149
[0.17088088]
150
[0.22667572]
151
[0.25637299]
152
[0.07160927]
153
[0.12230946]
154
[0.13699226]
155
[0.29137754]
156
[0.1277822]
157
[0.26365287]
158
[0.09175538]
159
[0.22496415]
160
[0.11182115]
161
[0.12619773]
162
[0.07106602]
163
[0.28621736]
164
[0.13521407]
165
[0.13807534]
166
[0.23964524]
167
[0.26103855]
168
[0.20636274]
169
[0.30247079]
170
[0.24962463]
171
[0.13762691]
172
[0.27257058]
173
[0.14654888]
174
[0.12434446]
175
[0.1504019]
176
[0.10086173]
177
[0.28269603]
178
[0.13855828]
179
[0.23314586]
180
[0.14790709]
181
[0.09166681]
182
[0.1436156]
183
[0.15048378]
184
[0.19141494]
185
[0.12916482]
186
[0.21856368]
187
[0.14490345]
188
[0.10404089]
189
[0.39401305]
190
[0.19114654]
191
[0.11381132]
192
[0.15040141]
193
[0.25412817]
194
[0.18101865]
195
[0.05273671]
196
[0.35871467]
197
[0.3007228]
198
[0.09309035]
199
[0.26749258]
200
[0.30549577]
201
[0.22782002]
202
[0.19495512]
203
[0.16782302]
204
[0.16235211]
205
[0.17032869]
206
[0.26970653]
207
[0.19567764]
208
[0.13615103]
209
[0.27057715]
210
[0.22861621]
211
[0.10684446]
212
[0.11994666]
213
[0.23956746]
214
[0.18881094]
215
[0.13056525]
216
[0.13791835]
217
[0.2022237]
218
[0.14258647]
219
[0.17045205]
220
[0.10560559]
221
[0.18812658]
222
[0.11526545]
223
[0.13967361]
224
[0.1783011]
225
[0.17585548]
226
[0.1399694]
227
[0.18628303]
228
[0.20082621]
229
[0.17380289]
230
[0.16213957]
231
[0.17624908]
232
[0.30491981]
233
[0.12936992]
234
[0.20440914]
235
[0.1378452]
236
[0.17572212]
237
[0.15038473]
238
[0.22963831]
239
[0.1945822]
240
[0.41289001]
241
[0.142397]
242
[0.38962756]
243
[0.24244642]
244
[0.3210029]
245
[0.17263926]
246
[0.31661005]
247
[0.34766013]
248
[0.20701529]
249
[0.10476856]
250
[0.1911364]
251
[0.27166534]
252
[0.16689997]
253
[0.2044117]
254
[0.2351156]
255
[0.15862283]
256
[0.12498597]
257
[0.0825119]
258
[0.1873524]
259
[0.14193998]
260
[0.25036495]
261
[0.22720733]
262
[0.12116022]
263
[0.2515958]
264
[0.27465264]
265
[0.22798663]
266
[0.13898898]
267
[0.14451481]
268
[0.16565313]
269
[0.10789328]
270
[0.2091179]
271
[0.10964419]
272
[0.12908926]
273
[0.15471151]
274
[0.10011257]
275
[0.09274028]
276
[0.15473798]
277
[0.33257521]
278
[0.19532509]
279
[0.13999605]
280
[0.14581859]
281
[0.10493366]
282
[0.09658084]
283
[0.24726756]
284
[0.16861924]
285
[0.22886106]
286
[0.16173339]
287
[0.14513351]
288
[0.1198452]
289
[0.18522233]
290
[0.15603266]
291
[0.16367949]
292
[0.20881442]
293
[0.24177061]
294
[0.14212818]
295
[0.11685336]
296
[0.22991558]
297
[0.15270833]
298
[0.2146269]
299
[0.13674601]
300
[0.14480675]
301
[0.15039264]
302
[0.15677649]
303
[0.39279354]
304
[0.09778085]
305
[0.11337114]
306
[0.11499064]
307
[0.09337423]
308
[0.29552543]
309
[0.27306332]
310
[0.15964582]
311
[0.26937976]
312
[0.14104939]
313
[0.13893624]
314
[0.16262106]
315
[0.15557706]
316
[0.15351124]
317
[0.14324039]
318
[0.23402298]
319
[0.30218917]
320
[0.14355994]
321
[0.21426319]
322
[0.11599102]
323
[0.10841704]
324
[0.32938011]
325
[0.29174019]
326
[0.13982071]
327
[0.27069933]
328
[0.41614575]
329
[0.3255709]
330
[0.06724268]
331
[0.14173824]
332
[0.15980723]
333
[0.14203729]
334
[0.20777835]
335
[0.20567377]
336
[0.22249337]
337
[0.19030193]
338
[0.03318489]
339
[0.12420383]
340
[0.20589572]
341
[0.22925169]
342
[0.28170533]
343
[0.1623204]
344
[0.23246081]
345
[0.20630152]
346
[0.13980701]
347
[0.12808906]
348
[0.1622208]
349
[0.25717814]
350
[0.26975533]
351
[0.13988281]
352
[0.27502502]
353
[0.19718121]
354
[0.09727652]
355
[0.11795752]
356
[0.18234912]
357
[0.19482076]
358
[0.14273232]
359
[0.26699461]
360
[0.16994998]
361
[0.20117382]
362
[0.16290046]
363
[0.20400374]
364
[0.09856493]
365
[0.07466533]
366
[0.0805077]
367
[0.30622116]
368
[0.08819595]
369
[0.19380727]
370
[0.11049614]
371
[0.4314325]
372
[0.12296028]
373
[0.21027476]
374
[0.16036535]
375
[0.03871062]
376
[0.23577343]
377
[0.12570426]
378
[0.08365392]
379
[0.11563719]
380
[0.17158926]
381
[0.27075207]
382
[0.2151851]
383
[0.22180771]
384
[0.13032328]
385
[0.07566288]
386
[0.16639178]
387
[0.18123189]
388
[0.20068468]
389
[0.07906459]
390
[0.16651514]
391
[0.15241016]
392
[0.20156218]
393
[0.15070775]
394
[0.21295475]
395
[0.21954747]
396
[0.12021163]
397
[0.1338731]
398
[0.29358681]
399
[0.16105578]
400
[0.20176348]
401
[0.19255731]
402
[0.11711591]
403
[0.20908898]
404
[0.10443606]
405
[0.30363931]
406
[0.14413634]
407
[0.21050995]
408
[0.09895247]
409
[0.11982811]
410
[0.23149768]
411
[0.21612248]
412
[0.26832928]
413
[0.14156521]
414
[0.2398286]
415
[0.25358888]
416
[0.21828964]
417
[0.18380786]
418
[0.0820756]
419
[0.33944408]
420
[0.2306221]
421
[0.16390692]
422
[0.16363517]
423
[0.11916522]
424
[0.20417909]
425
[0.34080326]
426
[0.0802012]
427
[0.23655242]
428
[0.22917727]
429
[0.1519534]
430
[0.18914823]
431
[0.17028818]
432
[0.19643681]
433
[0.19677663]
434
[0.08848335]
435
[0.15392195]
436
[0.18495687]
437
[0.26850886]
438
[0.07135789]
439
[0.18687039]
440
[0.13150894]
441
[0.13590886]
442
[0.09381187]
443
[0.16930425]
444
[0.11233351]
445
[0.23425878]
446
[0.29139385]
447
[0.15277395]
448
[0.10170715]
449
[0.1725676]
450
[0.1508785]
451
[0.28161028]
452
[0.19427374]
453
[0.13171366]
454
[0.17356265]
455
[0.2380244]
456
[0.12758611]
457
[0.12519654]
458
[0.14279078]
459
[0.12581769]
460
[0.15587216]
461
[0.12211124]
462
[0.18746068]
463
[0.17943917]
464
[0.18072527]
465
[0.09371623]
466
[0.10073134]
467
[0.27069293]
468
[0.05664265]
469
[0.27290734]
470
[0.12086438]
471
[0.29248972]
472
[0.1094026]
473
[0.21823893]
474
[0.3659552]
475
[0.15420006]
476
[0.09333643]
477
[0.30327802]
478
[0.11618996]
479
[0.12744692]
480
[0.15358212]
481
[0.17533471]
482
[0.20050998]
483
[0.14203806]
484
[0.13774839]
485
[0.17550872]
486
[0.15977611]
487
[0.21912867]
488
[0.19051895]
489
[0.1379021]
490
[0.21685915]
491
[0.12699392]
492
[0.16239871]
493
[0.14580433]
494
[0.27840558]
495
[0.13449929]
496
[0.08734712]
497
[0.10333379]
498
[0.20878175]
499
[0.14177896]
500
[0.11357822]
501
[0.1939085]
502
[0.11749111]
503
[0.21256009]
504
[0.21269306]
505
[0.07686258]
506
[0.20012922]
507
[0.11473276]
508
[0.11195532]
509
[0.17303242]
510
[0.07054268]
511
[0.19843608]
512
[0.15793282]
513
[0.33522873]
514
[0.16268588]
515
[0.12680569]
516
[0.1513866]
517
[0.15639819]
518
[0.15325057]
519
[0.12556359]
520
[0.13245208]
521
[0.19643824]
522
[0.29094635]
523
[0.12923334]
524
[0.27197114]
525
[0.25567703]
526
[0.14297811]
527
[0.26884272]
528
[0.14960656]
529
[0.27269429]
530
[0.25028458]
531
[0.2247987]
532
[0.14832362]
533
[0.35767463]
534
[0.08971888]
535
[0.23930538]
536
[0.16267137]
537
[0.19342057]
538
[0.12297428]
539
[0.38216178]
540
[0.16168232]
541
[0.12404342]
542
[0.15227133]
543
[0.18666322]
544
[0.25769612]
545
[0.15234696]
546
[0.16789459]
547
[0.22778734]
548
[0.22700442]
549
[0.33092484]
550
[0.1290227]
551
[0.0787796]
552
[0.17381035]
553
[0.34084104]
554
[0.30281132]
555
[0.21072431]
556
[0.32404342]
557
[0.08646131]
558
[0.27806781]
559
[0.15829723]
560
[0.23705274]
561
[0.14023397]
562
[0.1997274]
563
[0.2746596]
564
[0.040919]
565
[0.21443089]
566
[0.07541647]
567
[0.11309678]
568
[0.22342227]
569
[0.20212024]
570
[0.24281293]
571
[0.1270528]
572
[0.10205291]
573
[0.11553949]
574
[0.15570679]
575
[0.18088135]
576
[0.16185576]
577
[0.14468949]
578
[0.17540708]
579
[0.20851527]
580
[0.18417379]
581
[0.06949439]
582
[0.17897442]
583
[0.11535483]
584
[0.15660976]
585
[0.23581331]
586
[0.30997145]
587
[0.20443237]
588
[0.17530775]
589
[0.13858057]
590
[0.30818557]
591
[0.14005309]
592
[0.08380481]
593
[0.15746493]
594
[0.18953152]
595
[0.14136971]
596
[0.1482364]
597
[0.06692734]
598
[0.19723758]
599
[0.15613516]
600
[0.26072017]
601
[0.25263942]
602
[0.28714708]
603
[0.21825611]
604
[0.183234]
605
[0.09372489]
606
[0.17044743]
607
[0.19386722]
608
[0.19131188]
609
[0.09569387]
610
[0.22343845]
611
[0.16432305]
612
[0.08575599]
613
[0.29033075]
614
[0.27509706]
615
[0.09661607]
616
[0.15706602]
617
[0.41703294]
618
[0.14075731]
619
[0.19175243]
620
[0.19419845]
621
[0.09212823]
622
[0.16541528]
623
[0.21565801]
624
[0.21395327]
625
[0.09538589]
626
[0.22896981]
627
[0.0900198]
628
[0.12256152]
629
[0.29364773]
630
[0.16232769]
631
[0.17865108]
632
[0.28508692]
633
[0.17223167]
634
[0.14302237]
635
[0.16751527]
636
[0.23255022]
637
[0.16397355]
638
[0.14082625]
639
[0.13593733]
640
[0.13891478]
641
[0.12909986]
642
[0.23368599]
643
[0.12970855]
644
[0.19149792]
645
[0.14693649]
646
[0.0921443]
647
[0.20786048]
648
[0.20019644]
649
[0.13297019]
650
[0.16675244]
651
[0.19091537]
652
[0.16076732]
653
[0.23448838]
654
[0.23500189]
655
[0.24513227]
656
[0.31137753]
657
[0.12499586]
658
[0.1152092]
659
[0.32138576]
660
[0.15465787]
661
[0.15498941]
662
[0.16797438]
663
[0.0975148]
664
[0.13438159]
665
[0.17397174]
666
[0.11367451]
667
[0.18186507]
668
[0.15504018]
669
[0.16903816]
670
[0.18453061]
671
[0.10001476]
672
[0.09178912]
673
[0.1406105]
674
[0.26314769]
675
[0.21508504]
676
[0.16092088]
677
[0.12534435]
678
[0.04740638]
679
[0.20579379]
680
[0.27677609]
681
[0.19369265]
682
[0.18821413]
683
[0.40766652]
684
[0.12504326]
685
[0.16487921]
686
[0.24570172]
687
[0.14824011]
688
[0.28679127]
689
[0.21595534]
690
[0.18503669]
691
[0.26771087]
692
[0.1730084]
693
[0.11056393]
694
[0.27367971]
695
[0.27161988]
696
[0.12628884]
697
[0.20825527]
698
[0.16078333]
699
[0.10866247]
700
[0.14945338]
701
[0.3075546]
702
[0.19359636]
703
[0.15033895]
704
[0.09901237]
705
[0.11918078]
706
[0.26157027]
707
[0.12533606]
708
[0.14347998]
709
[0.23961923]
710
[0.32842608]
711
[0.14116264]
712
[0.14754996]
713
[0.25835737]
714
[0.09854394]
715
[0.06332695]
716
[0.16616139]
717
[0.13277252]
718
[0.18340494]
719
[0.07356313]
720
[0.15324227]
721
[0.15193289]
722
[0.14407756]
723
[0.23990375]
724
[0.07244178]
725
[0.11573775]
726
[0.23655438]
727
[0.09355333]
728
[0.18151256]
729
[0.21809726]
730
[0.19651053]
731
[0.14896451]
732
[0.21926823]
733
[0.16608468]
734
[0.11641549]
735
[0.12930232]
736
[0.32434809]
737
[0.32407429]
738
[0.17724711]
739
[0.18561828]
740
[0.20452796]
741
[0.05244032]
742
[0.2611815]
743
[0.30554182]
744
[0.10480524]
745
[0.26687234]
746
[0.23404899]
747
[0.14402798]
748
[0.42495274]
749
[0.14798606]
750
[0.26377006]
751
[0.16172499]
752
[0.14143794]
753
[0.13674431]
754
[0.15938993]
755
[0.33199434]
756
[0.15621039]
757
[0.24049264]
758
[0.20719648]
759
[0.18738621]
760
[0.20379209]
761
[0.07435452]
762
[0.21575784]
763
[0.1338717]
764
[0.15917254]
765
[0.23433918]
766
[0.18128154]
767
[0.09217868]
768
[0.2948137]
769
[0.23789479]
770
[0.17152242]
771
[0.11016099]
772
[0.22909228]
773
[0.22827361]
774
[0.31494493]
775
[0.13956233]
776
[0.17499789]
777
[0.19564458]
778
[0.06799383]
779
[0.19193657]
780
[0.21785207]
781
[0.15239353]
782
[0.06421301]
783
[0.19908224]
784
[0.16503902]
785
[0.17582517]
786
[0.16174587]
787
[0.27268702]
788
[0.08590264]
789
[0.16323455]
790
[0.13031187]
791
[0.1207224]
792
[0.2105735]
793
[0.28048865]
794
[0.20174569]
795
[0.14608828]
796
[0.22033891]
797
[0.25084126]
798
[0.21350651]
799
[0.25948454]
800
[0.19281008]
801
[0.09210148]
802
[0.131711]
803
[0.16966745]
804
[0.17270693]
805
[0.11807908]
806
[0.1953153]
807
[0.18603132]
808
[0.38664257]
809
[0.10205551]
810
[0.13781117]
811
[0.12676637]
812
[0.31444834]
813
[0.28650333]
814
[0.17746295]
815
[0.06937995]
816
[0.4095098]
817
[0.09160986]
818
[0.23542776]
819
[0.16795766]
820
[0.26225243]
821
[0.13013781]
822
[0.29079345]
823
[0.1852953]
824
[0.17659044]
825
[0.29102045]
826
[0.23524989]
827
[0.19053082]
828
[0.12273505]
829
[0.28756546]
830
[0.22304932]
831
[0.40401419]
832
[0.05390055]
833
[0.17439695]
834
[0.25918971]
835
[0.10316559]
836
[0.12693034]
837
[0.22107154]
838
[0.13078279]
839
[0.11731929]
840
[0.27322845]
841
[0.22852559]
842
[0.17362372]
843
[0.42238939]
844
[0.15726815]
845
[0.22906534]
846
[0.17675923]
847
[0.26614145]
848
[0.12931408]
849
[0.41526153]
850
[0.21630071]
851
[0.1947752]
852
[0.13222493]
853
[0.18538575]
854
[0.17243017]
855
[0.10138499]
856
[0.36675633]
857
[0.23078809]
858
[0.08121474]
859
[0.14621206]
860
[0.17405151]
861
[0.0913952]
862
[0.12826239]
863
[0.06838312]
864
[0.14627771]
865
[0.06688305]
866
[0.33603979]
867
[0.18874249]
868
[0.18741424]
869
[0.09271905]
870
[0.10042573]
871
[0.18981049]
872
[0.1509191]
873
[0.06811063]
874
[0.12376174]
875
[0.11860422]
876
[0.14931725]
877
[0.08282293]
878
[0.30086522]
879
[0.25542028]
880
[0.09077698]
881
[0.35730859]
882
[0.41612756]
883
[0.09583894]
884
[0.25352513]
885
[0.17598992]
886
[0.14611575]
887
[0.11242343]
888
[0.24846526]
889
[0.3848439]
890
[0.17446663]
891
[0.17894566]
892
[0.33479317]
893
[0.19188791]
894
[0.18038411]
895
[0.20425931]
896
[0.17328212]
897
[0.08246226]
898
[0.08940062]
899
[0.25560736]
900
[0.16624818]
901
[0.13126723]
902
[0.16829245]
903
[0.22478502]
904
[0.13907641]
905
[0.09649869]
906
[0.22946936]
907
[0.18374505]
908
[0.24567015]
909
[0.27218175]
910
[0.05949464]
911
[0.06397518]
912
[0.24962745]
913
[0.17425567]
914
[0.25446984]
915
[0.07026661]
916
[0.2695083]
917
[0.12592897]
918
[0.2201114]
919
[0.32591585]
920
[0.13792476]
921
[0.21711387]
922
[0.28504736]
923
[0.09916674]
924
[0.13179679]
925
[0.1802282]
926
[0.11215984]
927
[0.24205982]
928
[0.16696949]
929
[0.29981375]
930
[0.15133895]
931
[0.35669867]
932
[0.21482368]
933
[0.26967097]
934
[0.16222764]
935
[0.05607729]
936
[0.19942417]
937
[0.13056071]
938
[0.22275333]
939
[0.10241673]
940
[0.2066589]
941
[0.18003054]
942
[0.23487905]
943
[0.16815065]
944
[0.11607008]
945
[0.14345731]
946
[0.14971918]
947
[0.29073335]
948
[0.18521926]
949
[0.17130409]
950
[0.18095563]
951
[0.15215042]
952
[0.12250885]
953
[0.1431754]
954
[0.10673909]
955
[0.07054956]
956
[0.25679861]
957
[0.09656894]
958
[0.18343881]
959
[0.20999133]
960
[0.10494026]
961
[0.15772707]
962
[0.13679876]
963
[0.2566993]
964
[0.26144722]
965
[0.13179795]
966
[0.1943886]
967
[0.1831616]
968
[0.20683584]
969
[0.25951833]
970
[0.08120266]
971
[0.1894987]
972
[0.16331001]
973
[0.1273668]
974
[0.11822269]
975
[0.12627654]
976
[0.1085376]
977
[0.19758764]
978
[0.29198457]
979
[0.24111139]
980
[0.15307791]
981
[0.401019]
982
[0.28058623]
983
[0.25216351]
984
[0.2172085]
985
[0.1152559]
986
[0.20652007]
987
[0.13811657]
988
[0.14590399]
989
[0.28347963]
990
[0.15973898]
991
[0.145383]
992
[0.31644608]
993
[0.21242899]
994
[0.17865671]
995
[0.1037379]
996
[0.24734148]
997
[0.15492304]
998
[0.06831373]
999
[0.15126216]
1000
[0.17428371]
1001
[0.10812746]
1002
[0.20826137]
1003
[0.08629615]
1004
[0.10020078]
1005
[0.10361137]
1006
[0.17662574]
1007
[0.18434594]
1008
[0.20921128]
1009
[0.1992028]
1010
[0.15328162]
1011
[0.07738047]
1012
[0.21910347]
1013
[0.16746214]
1014
[0.04508224]
1015
[0.27411932]
1016
[0.12288825]
1017
[0.14202104]
1018
[0.09859446]
1019
[0.07988439]
1020
[0.21886559]
1021
[0.16589642]
1022
[0.19919759]
1023
[0.13335133]
1024
[0.11155023]
1025
[0.22146138]
1026
[0.2891566]
1027
[0.15935385]
1028
[0.099893]
1029
[0.10652434]
1030
[0.18554096]
1031
[0.16700963]
1032
[0.17044998]
1033
[0.24612732]
1034
[0.15206072]
1035
[0.17744298]
1036
[0.27050214]
1037
[0.17182045]
1038
[0.24009528]
1039
[0.11328675]
1040
[0.32060141]
1041
[0.12536195]
1042
[0.27986298]
1043
[0.13400032]
1044
[0.0788956]
1045
[0.20222953]
1046
[0.15247598]
1047
[0.24588197]
1048
[0.19895527]
1049
[0.13263896]
1050
[0.12336876]
1051
[0.08696992]
1052
[0.13839499]
1053
[0.20038704]
1054
[0.33871458]
1055
[0.41482215]
1056
[0.12742326]
1057
[0.16447524]
1058
[0.12791117]
1059
[0.14876925]
1060
[0.21988152]
1061
[0.24300038]
1062
[0.14794542]
1063
[0.11563299]
1064
[0.24327442]
1065
[0.16520499]
1066
[0.20246523]
1067
[0.23308481]
1068
[0.23850993]
1069
[0.04850569]
1070
[0.10884361]
1071
[0.22540931]
1072
[0.08000558]
1073
[0.23702786]
1074
[0.20140962]
1075
[0.20626298]
1076
[0.15056332]
1077
[0.14239434]
1078
[0.16897011]
1079
[0.0943871]
1080
[0.36188556]
1081
[0.32282595]
1082
[0.14474033]
1083
[0.22516773]
1084
[0.17969876]
1085
[0.12275536]
1086
[0.15585642]
1087
[0.21366876]
1088
[0.1351191]
1089
[0.14693573]
1090
[0.16940385]
1091
[0.11785748]
1092
[0.18760498]
1093
[0.2779212]
1094
[0.23710899]
1095
[0.2352723]
1096
[0.29893065]
1097
[0.15150839]
1098
[0.13020407]
1099
[0.3302266]
1100
[0.11583127]
1101
[0.23731461]
1102
[0.2270581]
1103
[0.22748633]
1104
[0.13933629]
1105
[0.19567577]
1106
[0.18842832]
1107
[0.22861437]
1108
[0.20932212]
1109
[0.11201826]
1110
[0.27077698]
1111
[0.11155056]
1112
[0.12602041]
1113
[0.18989834]
1114
[0.23417507]
1115
[0.28462517]
1116
[0.07490517]
1117
[0.14944332]
1118
[0.20729848]
1119
[0.1033099]
1120
[0.13981339]
1121
[0.3797665]
1122
[0.13842097]
1123
[0.11684633]
1124
[0.13215514]
1125
[0.15778986]
1126
[0.12519453]
1127
[0.23701438]
1128
[0.17955011]
1129
[0.0995671]
1130
[0.19600169]
1131
[0.32542143]
1132
[0.17874184]
1133
[0.18034627]
1134
[0.32635165]
1135
[0.30504174]
1136
[0.10343746]
1137
[0.2302993]
1138
[0.16446906]
1139
[0.1691873]
1140
[0.18006636]
1141
[0.31923941]
1142
[0.17761703]
1143
[0.15482158]
1144
[0.22193337]
1145
[0.18648074]
1146
[0.33240571]
1147
[0.103657]
1148
[0.26330226]
1149
[0.31880877]
1150
[0.18997581]
1151
[0.19631649]
1152
[0.20329812]
1153
[0.21154857]
1154
[0.41732742]
1155
[0.0999629]
1156
[0.13568898]
1157
[0.09550653]
1158
[0.2968681]
1159
[0.2209342]
1160
[0.28914525]
1161
[0.11938096]
1162
[0.23590097]
1163
[0.27995385]
1164
[0.15328845]
1165
[0.18077256]
1166
[0.20839194]
1167
[0.14185059]
1168
[0.11770372]
1169
[0.15742289]
1170
[0.16636566]
1171
[0.20536692]
1172
[0.20340083]
1173
[0.08291122]
1174
[0.08333722]
1175
[0.14693541]
1176
[0.22424591]
1177
[0.15255366]
1178
[0.18590528]
1179
[0.23004273]
1180
[0.25419564]
1181
[0.18325409]
1182
[0.25843285]
1183
[0.17981002]
1184
[0.20481333]
1185
[0.1385329]
1186
[0.14126774]
1187
[0.07031622]
1188
[0.12466592]
1189
[0.35525018]
1190
[0.17459339]
1191
[0.13675293]
1192
[0.25824782]
1193
[0.09316534]
1194
[0.14643848]
1195
[0.29784786]
1196
[0.1399318]
1197
[0.06831486]
1198
[0.19181563]
1199
[0.16647152]
1200
[0.2673894]
1201
[0.21622297]
1202
[0.20385573]
1203
[0.27453574]
1204
[0.22984458]
1205
[0.0747955]
1206
[0.18517083]
1207
[0.21193917]
1208
[0.25727259]
1209
[0.18794401]
1210
[0.28098774]
1211
[0.17458016]
1212
[0.17021753]
1213
[0.21287609]
1214
[0.11739268]
1215
[0.30776921]
1216
[0.17832401]
1217
[0.16406041]
1218
[0.15477179]
1219
[0.06951664]
1220
[0.11689863]
1221
[0.18451125]
1222
[0.27295242]
1223
[0.12300855]
1224
[0.13081591]
1225
[0.28847912]
1226
[0.28516404]
1227
[0.18571026]
1228
[0.30097504]
1229
[0.19597354]
1230
[0.16010653]
1231
[0.2001996]
1232
[0.15597338]
1233
[0.1746433]
1234
[0.17119348]
1235
[0.20152826]
1236
[0.19647801]
1237
[0.17718688]
1238
[0.07737]
1239
[0.12721778]
1240
[0.21721338]
1241
[0.22457337]
1242
[0.27335082]
1243
[0.16442772]
1244
[0.19278368]
1245
[0.18137032]
1246
[0.11990511]
1247
[0.29442153]
1248
[0.2302729]
1249
[0.17043942]
1250
[0.23864601]
1251
[0.1766193]
1252
[0.20698655]
1253
[0.16705653]
1254
[0.31984281]
1255
[0.10088984]
1256
[0.15390143]
1257
[0.11935022]
1258
[0.13484268]
1259
[0.11143956]
1260
[0.08605057]
1261
[0.20942168]
1262
[0.2101617]
1263
[0.16408802]
1264
[0.11778764]
1265
[0.28191371]
1266
[0.15373299]
1267
[0.20477036]
1268
[0.2731364]
1269
[0.15955487]
1270
[0.11394156]
1271
[0.20074298]
1272
[0.38712659]
1273
[0.22589748]
1274
[0.14544133]
1275
[0.2400056]
1276
[0.1500401]
1277
[0.23787336]
1278
[0.27927628]
1279
[0.12210361]
1280
[0.16769654]
1281
[0.14737363]
1282
[0.29443869]
1283
[0.21355229]
1284
[0.18393167]
1285
[0.13009215]
1286
[0.15808923]
1287
[0.12753521]
1288
[0.17495528]
1289
[0.17869743]
1290
[0.19087016]
1291
[0.20692296]
1292
[0.22186292]
1293
[0.1830438]
1294
[0.32482892]
1295
[0.28923329]
1296
[0.08130164]
1297
[0.19404982]
1298
[0.2079036]
1299
[0.17821734]
1300
[0.22279362]
1301
[0.15684742]
1302
[0.32768879]
1303
[0.19439824]
1304
[0.27061418]
1305
[0.24153066]
1306
[0.14140547]
1307
[0.19361067]
1308
[0.10899892]
1309
[0.15679809]
1310
[0.13306604]
1311
[0.11960564]
1312
[0.07886282]
1313
[0.12199521]
1314
[0.10959829]
1315
[0.11108444]
1316
[0.15721042]
1317
[0.11641102]
1318
[0.21955841]
1319
[0.17561076]
1320
[0.21751238]
1321
[0.25249897]
1322
[0.10155738]
1323
[0.17160986]
1324
[0.15500327]
1325
[0.14293789]
1326
[0.24257094]
1327
[0.19798854]
1328
[0.03456083]
1329
[0.13682713]
1330
[0.16795343]
1331
[0.35951431]
1332
[0.15149215]
1333
[0.14109135]
1334
[0.09129902]
1335
[0.17376925]
1336
[0.12451602]
1337
[0.12551506]
1338
[0.15252766]
1339
[0.09257292]
1340
[0.19066824]
1341
[0.21790988]
1342
[0.17257718]
1343
[0.23060496]
1344
[0.08991015]
1345
[0.13138463]
1346
[0.11100133]
1347
[0.14760676]
1348
[0.11311421]
1349
[0.11341652]
1350
[0.22645341]
1351
[0.17571354]
1352
[0.10360036]
1353
[0.29690292]
1354
[0.24374778]
1355
[0.18712093]
1356
[0.20196417]
1357
[0.32219892]
1358
[0.41625853]
1359
[0.13590525]
1360
[0.1973727]
1361
[0.1832642]
1362
[0.24130124]
1363
[0.08067951]
1364
[0.19617236]
1365
[0.24405389]
1366
[0.26642062]
1367
[0.11831275]
1368
[0.1993216]
1369
[0.11491042]
1370
[0.21152604]
1371
[0.08555527]
1372
[0.11976069]
1373
[0.19866547]
1374
[0.40197221]
1375
[0.15639378]
1376
[0.1546209]
1377
[0.21335421]
1378
[0.283662]
1379
[0.1331673]
1380
[0.16303756]
1381
[0.21933313]
1382
[0.27433089]
1383
[0.1886994]
1384
[0.15684491]
1385
[0.19695287]
1386
[0.09703948]
1387
[0.06205753]
1388
[0.12718608]
1389
[0.19770636]
1390
[0.13159169]
1391
[0.14144278]
1392
[0.30129357]
1393
[0.17990856]
1394
[0.10762956]
1395
[0.16822011]
1396
[0.17257519]
1397
[0.19567899]
1398
[0.22008397]
1399
[0.16716963]
1400
[0.14921558]
1401
[0.18192496]
1402
[0.12710206]
1403
[0.09516913]
1404
[0.19896696]
1405
[0.11998954]
1406
[0.2280289]
1407
[0.31086103]
1408
[0.15400392]
1409
[0.17166575]
1410
[0.22864959]
1411
[0.09996157]
1412
[0.13353136]
1413
[0.25140627]
1414
[0.18043596]
1415
[0.11898613]
1416
[0.30257725]
1417
[0.08203998]
1418
[0.19206749]
1419
[0.24660733]
1420
[0.08750439]
1421
[0.2139441]
1422
[0.22413582]
1423
[0.24533521]
1424
[0.1495986]
1425
[0.30688337]
1426
[0.27452506]
1427
[0.15252629]
1428
[0.11803203]
1429
[0.1722991]
1430
[0.1020842]
1431
[0.2522896]
1432
[0.12658913]
1433
[0.08816237]
1434
[0.20902731]
1435
[0.28105131]
1436
[0.09284181]
1437
[0.20144701]
1438
[0.11607131]
1439
[0.32446041]
1440
[0.38643862]
1441
[0.285551]
1442
[0.1313298]
1443
[0.1549768]
1444
[0.13307668]
1445
[0.06890971]
1446
[0.08461419]
1447
[0.18454579]
1448
[0.29532985]
1449
[0.05670396]
1450
[0.10105313]
1451
[0.10519984]
1452
[0.20784375]
1453
[0.19484331]
1454
[0.23393478]
1455
[0.13106807]
1456
[0.1881348]
1457
[0.23002244]
1458
[0.24188214]
1459
[0.24548555]
1460
[0.15594364]
1461
[0.18946078]
1462
[0.14391781]
1463
[0.26713954]
1464
[0.21826495]
1465
[0.1560908]
1466
[0.25846486]
1467
[0.23352602]
1468
[0.28162309]
1469
[0.19856784]
1470
[0.25824694]
1471
[0.20371074]
1472
[0.22497188]
1473
[0.18538397]
1474
[0.14802286]
1475
[0.1759595]
1476
[0.32775605]
1477
[0.22317081]
1478
[0.16761304]
1479
[0.12330005]
1480
[0.17133045]
1481
[0.14998839]
1482
[0.07407096]
1483
[0.19663982]
1484
[0.14635052]
1485
[0.22264548]
1486
[0.42082653]
1487
[0.20268875]
1488
[0.28731493]
1489
[0.14588605]
1490
[0.14232303]
1491
[0.11842139]
1492
[0.13373045]
1493
[0.10468159]
1494
[0.14433235]
1495
[0.12947544]
1496
[0.13282936]
1497
[0.31519177]
1498
[0.26160196]
1499
[0.13236782]
1500
[0.16254798]
1501
[0.12472278]
1502
[0.16870954]
1503
[0.13814271]
1504
[0.16704641]
1505
[0.25523808]
1506
[0.18091357]
1507
[0.19917254]
1508
[0.1654921]
1509
[0.29812746]
1510
[0.17453093]
1511
[0.12194889]
1512
[0.27107649]
1513
[0.16441707]
1514
[0.1821112]
1515
[0.10784887]
1516
[0.29292148]
1517
[0.12167377]
1518
[0.23235967]
1519
[0.14014865]
1520
[0.25760282]
1521
[0.16561775]
1522
[0.12152133]
1523
[0.19595098]
1524
[0.20579573]
1525
[0.17359651]
1526
[0.24856594]
1527
[0.23502591]
1528
[0.18397371]
1529
[0.23150339]
1530
[0.13983399]
1531
[0.17053854]
1532
[0.14603685]
1533
[0.13772889]
1534
[0.17991174]
1535
[0.31570005]
1536
[0.09900619]
1537
[0.08669211]
1538
[0.22034303]
1539
[0.16835888]
1540
[0.20284421]
1541
[0.15117973]
1542
[0.20859465]
1543
[0.15018896]
1544
[0.19994938]
1545
[0.18386473]
1546
[0.10286934]
1547
[0.13049625]
1548
[0.14551112]
1549
[0.14318173]
1550
[0.1304463]
1551
[0.4305191]
1552
[0.12382623]
1553
[0.21760893]
1554
[0.13141848]
1555
[0.11534004]
1556
[0.12148213]
1557
[0.22873117]
1558
[0.1700222]
1559
[0.18227245]
1560
[0.25465529]
1561
[0.2612396]
1562
[0.12681763]
1563
[0.09137917]
1564
[0.10804762]
1565
[0.1743606]
1566
[0.14944774]
1567
[0.21923332]
1568
[0.14428864]
1569
[0.15207762]
1570
[0.14859941]
1571
[0.12150342]
1572
[0.13474323]
1573
[0.28333886]
1574
[0.20070667]
1575
[0.20199395]
1576
[0.18368421]
1577
[0.07443103]
1578
[0.10486179]
1579
[0.17127264]
1580
[0.16338139]
1581
[0.1272725]
1582
[0.13632109]
1583
[0.11322636]
1584
[0.37438506]
1585
[0.15068964]
1586
[0.20191404]
1587
[0.1090999]
1588
[0.26990733]
1589
[0.06989688]
1590
[0.1628891]
1591
[0.1052515]
1592
[0.11820108]
1593
[0.0398959]
1594
[0.1337812]
1595
[0.13082693]
1596
[0.13919378]
1597
[0.33747012]
1598
[0.07341055]
1599
[0.10886045]
1600
[0.1772149]
1601
[0.16228742]
1602
[0.14385912]
1603
[0.21130499]
1604
[0.10745085]
1605
[0.12836969]
1606
[0.20278312]
1607
[0.20925621]
1608
[0.10317916]
1609
[0.17369978]
1610
[0.14861544]
1611
[0.11649472]
1612
[0.16237258]
1613
[0.09551217]
1614
[0.19730209]
1615
[0.09926156]
1616
[0.14814371]
1617
[0.1275236]
1618
[0.25693963]
1619
[0.37114293]
1620
[0.11749963]
1621
[0.14778525]
1622
[0.33425586]
1623
[0.13597407]
1624
[0.14815509]
1625
[0.252878]
1626
[0.20487745]
1627
[0.13305768]
1628
[0.20938573]
1629
[0.13705132]
1630
[0.20415076]
1631
[0.14551246]
1632
[0.24850237]
1633
[0.16677204]
1634
[0.22280343]
1635
[0.16186942]
1636
[0.21717142]
1637
[0.26301581]
1638
[0.31165288]
1639
[0.10736566]
1640
[0.23442547]
1641
[0.07992962]
1642
[0.24090834]
1643
[0.17158801]
1644
[0.14504047]
1645
[0.22112029]
1646
[0.20111821]
1647
[0.40545879]
1648
[0.12873035]
1649
[0.16108993]
1650
[0.26687904]
1651
[0.172574]
1652
[0.16968274]
1653
[0.21013977]
1654
[0.18302275]
1655
[0.2715975]
1656
[0.06760276]
1657
[0.19162406]
1658
[0.20514739]
1659
[0.15361889]
1660
[0.27786067]
1661
[0.11304085]
1662
[0.09627704]
1663
[0.12348732]
1664
[0.1576566]
1665
[0.19948218]
1666
[0.17249572]
1667
[0.19084231]
1668
[0.23301514]
1669
[0.20155697]
1670
[0.28264474]
1671
[0.22163218]
1672
[0.08615247]
1673
[0.28451954]
1674
[0.16042937]
1675
[0.1439486]
1676
[0.15195684]
1677
[0.19057877]
1678
[0.10187372]
1679
[0.09550892]
1680
[0.11235723]
1681
[0.08773648]
1682
[0.19242074]
1683
[0.33572112]
1684
[0.2792259]
1685
[0.235767]
1686
[0.18983626]
1687
[0.15262159]
1688
[0.1273928]
1689
[0.18145465]
1690
[0.22916675]
1691
[0.16986031]
1692
[0.08031264]
1693
[0.19054838]
1694
[0.07689356]
1695
[0.06726212]
1696
[0.19647094]
1697
[0.30345421]
1698
[0.07939118]
1699
[0.1150523]
1700
[0.14680069]
1701
[0.14615091]
1702
[0.161947]
1703
[0.20209755]
1704
[0.14220497]
1705
[0.13241298]
1706
[0.13282107]
1707
[0.09391992]
1708
[0.21675306]
1709
[0.22172296]
1710
[0.04992134]
1711
[0.23121466]
1712
[0.26884271]
1713
[0.16449912]
1714
[0.22547106]
1715
[0.09145291]
1716
[0.18610893]
1717
[0.24240695]
1718
[0.14075206]
1719
[0.15919964]
1720
[0.0932948]
1721
[0.37628033]
1722
[0.1857772]
1723
[0.30865926]
1724
[0.13862495]
1725
[0.18380396]
1726
[0.15443939]
1727
[0.16789463]
1728
[0.16405914]
1729
[0.15650236]
1730
[0.26651061]
1731
[0.20315469]
1732
[0.13262469]
1733
[0.15033285]
1734
[0.12636708]
1735
[0.17522749]
1736
[0.23604438]
1737
[0.14362813]
1738
[0.18018133]
1739
[0.3612452]
1740
[0.20696516]
1741
[0.23922473]
1742
[0.18100938]
1743
[0.1162014]
1744
[0.12758106]
1745
[0.33347228]
1746
[0.21788682]
1747
[0.19735271]
1748
[0.1252476]
1749
[0.19686416]
1750
[0.31661978]
1751
[0.19383747]
1752
[0.18576937]
1753
[0.19950939]
1754
[0.22298559]
1755
[0.21994771]
1756
[0.18295398]
1757
[0.17600996]
1758
[0.20583813]
1759
[0.23366313]
1760
[0.12982591]
1761
[0.0709574]
1762
[0.24327496]
1763
[0.25593541]
1764
[0.08080456]
1765
[0.16038565]
1766
[0.20767722]
1767
[0.19765115]
1768
[0.22486471]
1769
[0.16773854]
1770
[0.1288299]
1771
[0.05586761]
1772
[0.09778584]
1773
[0.18966308]
1774
[0.12439176]
1775
[0.3320531]
1776
[0.13031188]
1777
[0.12178677]
1778
[0.1485951]
1779
[0.2159485]
1780
[0.10927574]
1781
[0.23213058]
1782
[0.23837036]
1783
[0.13574339]
1784
[0.20916684]
1785
[0.10548824]
1786
[0.15741041]
1787
[0.31535904]
1788
[0.22975382]
1789
[0.25870279]
1790
[0.19999803]
1791
[0.136503]
1792
[0.22555017]
1793
[0.14425389]
1794
[0.18008309]
1795
[0.15869404]
1796
[0.09361683]
1797
[0.12913716]
1798
[0.16553989]
1799
[0.22224541]
1800
[0.16106354]
1801
[0.20661865]
1802
[0.10134726]
1803
[0.21339996]
1804
[0.20392771]
1805
[0.21602595]
1806
[0.15570177]
1807
[0.08929601]
1808
[0.10369635]
1809
[0.19843708]
1810
[0.12382449]
1811
[0.17801535]
1812
[0.25397018]
1813
[0.20202014]
1814
[0.21958371]
1815
[0.18873897]
1816
[0.13570001]
1817
[0.27462456]
1818
[0.1487334]
1819
[0.14612891]
1820
[0.16506474]
1821
[0.12710525]
1822
[0.16287918]
1823
[0.19354808]
1824
[0.18920543]
1825
[0.27351839]
1826
[0.0870493]
1827
[0.0805512]
1828
[0.20688796]
1829
[0.22310944]
1830
[0.15536677]
1831
[0.11567481]
1832
[0.14043819]
1833
[0.30019628]
1834
[0.15985894]
1835
[0.20563379]
1836
[0.16768336]
1837
[0.15653154]
1838
[0.2080317]
1839
[0.16021488]
1840
[0.16658535]
1841
[0.1591481]
1842
[0.08723191]
1843
[0.32782668]
1844
[0.13866217]
1845
[0.08409155]
1846
[0.18598273]
1847
[0.09499203]
1848
[0.27496506]
1849
[0.27488387]
1850
[0.21509957]
1851
[0.14501298]
1852
[0.08929151]
1853
[0.100681]
1854
[0.25346742]
1855
[0.24660717]
1856
[0.3056431]
1857
[0.1154184]
1858
[0.26485143]
1859
[0.12269723]
1860
[0.12168504]
1861
[0.18732043]
1862
[0.10867923]
1863
[0.35493733]
1864
[0.14854614]
1865
[0.25676337]
1866
[0.15737416]
1867
[0.099491]
1868
[0.22831497]
1869
[0.24864681]
1870
[0.08156829]
1871
[0.20646588]
1872
[0.19419122]
1873
[0.15510974]
1874
[0.14359694]
1875
[0.18497138]
1876
[0.21869782]
1877
[0.13614189]
1878
[0.19816326]
1879
[0.1266997]
1880
[0.20882039]
1881
[0.29570056]
1882
[0.14014649]
1883
[0.1579646]
1884
[0.16604179]
1885
[0.26835288]
1886
[0.23044649]
1887
[0.30198468]
1888
[0.11852647]
1889
[0.21900694]
1890
[0.14722809]
1891
[0.13208092]
1892
[0.16450694]
1893
[0.28105044]
1894
[0.15374312]
1895
[0.17546178]
1896
[0.06727631]
1897
[0.33795927]
1898
[0.14177534]
1899
[0.26365893]
1900
[0.25123994]
1901
[0.15874481]
1902
[0.20432984]
1903
[0.26223437]
1904
[0.13423835]
1905
[0.35083439]
1906
[0.246563]
1907
[0.14636584]
1908
[0.25555153]
1909
[0.33566928]
1910
[0.22107031]
1911
[0.13485177]
1912
[0.40307293]
1913
[0.14727426]
1914
[0.10888414]
1915
[0.18756906]
1916
[0.32564724]
1917
[0.14680358]
1918
[0.19534925]
1919
[0.32844852]
1920
[0.17039065]
1921
[0.23396861]
1922
[0.17905194]
1923
[0.19166433]
1924
[0.21722276]
1925
[0.11289606]
1926
[0.28065909]
1927
[0.31590401]
1928
[0.17630881]
1929
[0.15179574]
1930
[0.17842845]
1931
[0.22455142]
1932
[0.0774459]
1933
[0.15903566]
1934
[0.2497778]
1935
[0.13103399]
1936
[0.21312756]
1937
[0.16621512]
1938
[0.15657013]
1939
[0.2567573]
1940
[0.23950919]
1941
[0.23507903]
1942
[0.21521811]
1943
[0.3263444]
1944
[0.22022772]
1945
[0.12927966]
1946
[0.39992209]
1947
[0.16411445]
1948
[0.18817152]
1949
[0.15562561]
1950
[0.21585997]
1951
[0.25923729]
1952
[0.08816237]
1953
[0.21973422]
1954
[0.18624859]
1955
[0.27063884]
1956
[0.18829317]
1957
[0.24994754]
1958
[0.28845808]
1959
[0.14365881]
1960
[0.12547807]
1961
[0.20288491]
1962
[0.16513223]
1963
[0.38211195]
1964
[0.23225521]
1965
[0.18509791]
1966
[0.12744458]
1967
[0.16847759]
1968
[0.24082093]
1969
[0.24546794]
1970
[0.23923997]
1971
[0.21367207]
1972
[0.16811397]
1973
[0.20699173]
1974
[0.1236952]
1975
[0.17910609]
1976
[0.06701489]
1977
[0.14009458]
1978
[0.20649356]
1979
[0.10579611]
1980
[0.16995293]
1981
[0.11476753]
1982
[0.12492332]
1983
[0.27554819]
1984
[0.08874647]
1985
[0.20321397]
1986
[0.27334173]
1987
[0.33110285]
1988
[0.31089783]
1989
[0.16644493]
1990
[0.13846697]
1991
[0.08767187]
1992
[0.1611975]
1993
[0.22605366]
1994
[0.19485519]
1995
[0.42469925]
1996
[0.11789865]
1997
[0.13310929]
1998
[0.18541791]
1999
[0.2196943]
2000
[0.18825167]
2001
[0.18813822]
2002
[0.0940493]
2003
[0.11651688]
2004
[0.20338686]
2005
[0.16010138]
2006
[0.18221037]
2007
[0.17484507]
2008
[0.09083501]
2009
[0.12043386]
2010
[0.14321328]
2011
[0.15170245]
2012
[0.19185047]
2013
[0.17677409]
2014
[0.30115803]
2015
[0.2065492]
2016
[0.25740261]
2017
[0.11519554]
2018
[0.21000459]
2019
[0.29366104]
2020
[0.09897452]
2021
[0.19914182]
2022
[0.27771806]
2023
[0.19934885]
2024
[0.21413299]
2025
[0.22826987]
2026
[0.0595981]
2027
[0.15068576]
2028
[0.18512735]
2029
[0.18442274]
2030
[0.03967686]
2031
[0.41809862]
2032
[0.158706]
2033
[0.31395646]
2034
[0.21703234]
2035
[0.1751269]
2036
[0.10719051]
2037
[0.13256057]
2038
[0.07138714]
2039
[0.1428566]
2040
[0.1623519]
2041
[0.0800284]
2042
[0.17480927]
2043
[0.15540087]
2044
[0.1346203]
2045
[0.23757554]
2046
[0.32069173]
2047
[0.28800363]
2048
[0.19923519]
2049
[0.11523394]
2050
[0.16079742]
2051
[0.12945263]
2052
[0.12403151]
2053
[0.17763252]
2054
[0.15359189]
2055
[0.31280461]
2056
[0.13346459]
2057
[0.33798134]
2058
[0.21904357]
2059
[0.21881343]
2060
[0.14903187]
2061
[0.17644079]
2062
[0.17022299]
2063
[0.17622047]
2064
[0.39162011]
2065
[0.12832853]
2066
[0.30483214]
2067
[0.22797973]
2068
[0.2005917]
2069
[0.15797016]
2070
[0.23608404]
2071
[0.10776308]
2072
[0.14848898]
2073
[0.13478266]
2074
[0.23446106]
2075
[0.30280544]
2076
[0.23313986]
2077
[0.29212303]
2078
[0.35486251]
2079
[0.27369556]
2080
[0.22559359]
2081
[0.2354609]
2082
[0.30515471]
2083
[0.18991921]
2084
[0.098206]
2085
[0.23632857]
2086
[0.19775168]
2087
[0.34262106]
2088
[0.14917239]
2089
[0.17660201]
2090
[0.13487246]
2091
[0.14339842]
2092
[0.22699122]
2093
[0.27833515]
2094
[0.13518801]
2095
[0.18681859]
2096
[0.24843775]
2097
[0.22390084]
2098
[0.23461439]
2099
[0.12725182]
2100
[0.08166021]
2101
[0.13207469]
2102
[0.17180084]
2103
[0.27867067]
2104
[0.27663665]
2105
[0.13773441]
2106
[0.19835067]
2107
[0.09550609]
2108
[0.27776746]
2109
[0.2191451]
2110
[0.08167596]
2111
[0.22582806]
2112
[0.14585013]
2113
[0.15470853]
2114
[0.23144698]
2115
[0.30647739]
2116
[0.27300482]
2117
[0.18386604]
2118
[0.14275005]
2119
[0.23776326]
2120
[0.21888924]
2121
[0.26662369]
2122
[0.21911215]
2123
[0.1146481]
2124
[0.1032545]
2125
[0.27231856]
2126
[0.39552554]
2127
[0.37307322]
2128
[0.10961363]
2129
[0.2496125]
2130
[0.23382962]
2131
[0.16979595]
2132
[0.24002267]
2133
[0.13138142]
2134
[0.21544127]
2135
[0.1958278]
2136
[0.1130777]
2137
[0.17972917]
2138
[0.15014829]
2139
[0.16435111]
2140
[0.26367584]
2141
[0.27738599]
2142
[0.04861173]
2143
[0.19506708]
2144
[0.23350507]
2145
[0.16761593]
2146
[0.15727009]
2147
[0.22805228]
2148
[0.16690157]
2149
[0.14376092]
2150
[0.07201812]
2151
[0.12458132]
2152
[0.3095136]
2153
[0.20327838]
2154
[0.2029555]
2155
[0.28797954]
2156
[0.13734612]
2157
[0.24451316]
2158
[0.08505895]
2159
[0.22725192]
2160
[0.2212733]
2161
[0.0942029]
2162
[0.10596282]
2163
[0.18455818]
2164
[0.14807177]
2165
[0.29666275]
2166
[0.31691689]
2167
[0.06641969]
2168
[0.08006365]
2169
[0.1432771]
2170
[0.11492008]
2171
[0.10144833]
2172
[0.18981821]
2173
[0.21741275]
2174
[0.20902363]
2175
[0.25464818]
2176
[0.13286071]
2177
[0.16649668]
2178
[0.31192455]
2179
[0.29061321]
2180
[0.20087513]
2181
[0.37883379]
2182
[0.14687732]
2183
[0.1281843]
2184
[0.11451288]
2185
[0.13498985]
2186
[0.24930821]
2187
[0.10434951]
2188
[0.11191707]
2189
[0.15947244]
2190
[0.14824792]
2191
[0.11566936]
2192
[0.2303623]
2193
[0.18971407]
2194
[0.1760576]
2195
[0.36333849]
2196
[0.19695515]
2197
[0.13015022]
2198
[0.11659543]
2199
[0.21582852]
2200
[0.20963082]
2201
[0.27420346]
2202
[0.25916367]
2203
[0.23434467]
2204
[0.1357519]
2205
[0.12709354]
2206
[0.31444395]
2207
[0.17284135]
2208
[0.28097541]
2209
[0.13514152]
2210
[0.26233736]
2211
[0.2924447]
2212
[0.28258998]
2213
[0.14266295]
2214
[0.18193526]
2215
[0.14232265]
2216
[0.25985849]
2217
[0.15868321]
2218
[0.10743459]
2219
[0.09120942]
2220
[0.14258792]
2221
[0.16345737]
2222
[0.204311]
2223
[0.18228492]
2224
[0.10266212]
2225
[0.18641894]
2226
[0.08598902]
2227
[0.15556219]
2228
[0.23524834]
2229
[0.29204448]
2230
[0.36394456]
2231
[0.14748245]
2232
[0.17318627]
2233
[0.16864548]
2234
[0.18954957]
2235
[0.277544]
2236
[0.33838002]
2237
[0.16657973]
2238
[0.23321888]
2239
[0.14436242]
2240
[0.19776098]
2241
[0.06356584]
2242
[0.14303902]
2243
[0.23941886]
2244
[0.23903943]
2245
[0.25306747]
2246
[0.19208334]
2247
[0.34586232]
2248
[0.19154134]
2249
[0.151967]
2250
[0.21319769]
2251
[0.32152298]
2252
[0.17671932]
2253
[0.27132583]
2254
[0.1443495]
2255
[0.16633541]
2256
[0.15062244]
2257
[0.23369454]
2258
[0.15353654]
2259
[0.34987814]
2260
[0.26650974]
2261
[0.15894159]
2262
[0.08868981]
2263
[0.14455476]
2264
[0.107999]
2265
[0.22173542]
2266
[0.15379079]
2267
[0.21537781]
2268
[0.26211035]
2269
[0.06376245]
2270
[0.15143747]
2271
[0.25749253]
2272
[0.17393453]
2273
[0.18486846]
2274
[0.39262196]
2275
[0.09421925]
2276
[0.23318219]
2277
[0.17281462]
2278
[0.1688557]
2279
[0.20207734]
2280
[0.34437497]
2281
[0.14834003]
2282
[0.16981621]
2283
[0.23037195]
2284
[0.46429574]
2285
[0.28385929]
2286
[0.2571574]
2287
[0.1992707]
2288
[0.15244263]
2289
[0.10935895]
2290
[0.12504424]
2291
[0.17745758]
2292
[0.15476917]
2293
[0.18770302]
2294
[0.12495183]
2295
[0.28699034]
2296
[0.17148408]
2297
[0.21004657]
2298
[0.29460141]
2299
[0.0808243]
2300
[0.13743755]
2301
[0.15382695]
2302
[0.20281185]
2303
[0.21962752]
2304
[0.16031331]
2305
[0.40819626]
2306
[0.1034305]
2307
[0.10239164]
2308
[0.3790176]
2309
[0.17212401]
2310
[0.16821082]
2311
[0.21405903]
2312
[0.12388381]
2313
[0.21571581]
2314
[0.14004773]
2315
[0.20236024]
2316
[0.10488827]
2317
[0.17313594]
2318
[0.33070046]
2319
[0.28136895]
2320
[0.14186739]
2321
[0.18732654]
2322
[0.19124012]
2323
[0.12745784]
2324
[0.12145247]
2325
[0.19765899]
2326
[0.23349812]
2327
[0.1567256]
2328
[0.23569671]
2329
[0.09291022]
2330
[0.15915522]
2331
[0.10715436]
2332
[0.3133234]
2333
[0.1295079]
2334
[0.22448789]
2335
[0.24903251]
2336
[0.1888571]
2337
[0.16383805]
2338
[0.22600441]
2339
[0.16867495]
2340
[0.22752346]
2341
[0.16149539]
2342
[0.17153093]
2343
[0.22249893]
2344
[0.23142922]
2345
[0.22380083]
2346
[0.30116328]
2347
[0.14312977]
2348
[0.2414399]
2349
[0.17451221]
2350
[0.11718132]
2351
[0.14483352]
2352
[0.18351082]
2353
[0.30044481]
2354
[0.13361481]
2355
[0.20889903]
2356
[0.12050137]
2357
[0.22435013]
2358
[0.21822456]
2359
[0.21183744]
2360
[0.18342166]
2361
[0.08044115]
2362
[0.22640251]
2363
[0.28072802]
2364
[0.18452912]
2365
[0.15695029]
2366
[0.20415559]
2367
[0.19306446]
2368
[0.37475217]
2369
[0.18030183]
2370
[0.23154997]
2371
[0.13669393]
2372
[0.09027782]
2373
[0.31337054]
2374
[0.20965001]
2375
[0.29467374]
2376
[0.38952049]
2377
[0.11375476]
2378
[0.20199281]
2379
[0.07519632]
2380
[0.29196604]
2381
[0.18372507]
2382
[0.10456467]
2383
[0.22564842]
2384
[0.29447975]
2385
[0.21388995]
2386
[0.21108965]
2387
[0.23297256]
2388
[0.21145033]
2389
[0.0991776]
2390
[0.21212452]
2391
[0.18759486]
2392
[0.12013325]
2393
[0.19081113]
2394
[0.28596154]
2395
[0.14920385]
2396
[0.14064328]
2397
[0.21197441]
2398
[0.29899442]
2399
[0.24063152]
2400
[0.15831367]
2401
[0.15658465]
2402
[0.11448072]
2403
[0.28391808]
2404
[0.17530876]
2405
[0.11947804]
2406
[0.28786978]
2407
[0.16670895]
2408
[0.15420774]
2409
[0.14137097]
2410
[0.11494806]
2411
[0.18390955]
2412
[0.17501106]
2413
[0.23996631]
2414
[0.26558166]
2415
[0.19735755]
2416
[0.11936924]
2417
[0.28811861]
2418
[0.3032846]
2419
[0.20051275]
2420
[0.11055139]
2421
[0.26157301]
2422
[0.06640568]
2423
[0.29766065]
2424
[0.20318889]
2425
[0.18572182]
2426
[0.10945719]
2427
[0.17241612]
2428
[0.09717199]
2429
[0.10915931]
2430
[0.19354662]
2431
[0.19231732]
2432
[0.18123644]
2433
[0.16744049]
2434
[0.09035818]
2435
[0.13296728]
2436
[0.09951866]
2437
[0.22214492]
2438
[0.14390376]
2439
[0.17709229]
2440
[0.19981459]
2441
[0.16814773]
2442
[0.0818698]
2443
[0.28289586]
2444
[0.15836441]
2445
[0.28513362]
2446
[0.12762986]
2447
[0.19873132]
2448
[0.24312593]
2449
[0.09808445]
2450
[0.1557471]
2451
[0.21929829]
2452
[0.15751599]
2453
[0.13439199]
2454
[0.33653074]
2455
[0.18994025]
2456
[0.23655776]
2457
[0.13576988]
2458
[0.1792974]
2459
[0.14990774]
2460
[0.15401615]
2461
[0.19110682]
2462
[0.27984992]
2463
[0.17933394]
2464
[0.11678702]
2465
[0.11775027]
2466
[0.187815]
2467
[0.14033186]
2468
[0.12008205]
2469
[0.21795432]
2470
[0.12834806]
2471
[0.08448255]
2472
[0.11009901]
2473
[0.13923792]
2474
[0.24080098]
2475
[0.11130833]
2476
[0.12586293]
2477
[0.18630739]
2478
[0.1691741]
2479
[0.17486959]
2480
[0.16190999]
2481
[0.17030862]
2482
[0.21587472]
2483
[0.16940803]
2484
[0.23577992]
2485
[0.09059889]
2486
[0.1150904]
2487
[0.36104587]
2488
[0.11525324]
2489
[0.21337419]
2490
[0.11135427]
2491
[0.15822221]
2492
[0.1444955]
2493
[0.43294824]
2494
[0.31061773]
2495
[0.16165927]
2496
[0.15061391]
2497
[0.21170652]
2498
[0.13447483]
2499
[0.11179382]
2500
[0.19265819]
2501
[0.17496541]
2502
[0.21721761]
2503
[0.17664922]
2504
[0.13651001]
2505
[0.19419763]
2506
[0.22198387]
2507
[0.16858483]
2508
[0.07274161]
2509
[0.17157493]
2510
[0.22362114]
2511
[0.14210937]
2512
[0.30857823]
2513
[0.17835124]
2514
[0.07305645]
2515
[0.10056421]
2516
[0.17915846]
2517
[0.197357]
2518
[0.27683473]
2519
[0.20721654]
2520
[0.21065785]
2521
[0.2157924]
2522
[0.21222076]
2523
[0.31104905]
2524
[0.20862516]
2525
[0.24850727]
2526
[0.28974826]
2527
[0.26233831]
2528
[0.12422467]
2529
[0.26646592]
2530
[0.179207]
2531
[0.16575781]
2532
[0.12591074]
2533
[0.12960271]
2534
[0.08021354]
2535
[0.14554112]
2536
[0.16090051]
2537
[0.21054351]
2538
[0.22529248]
2539
[0.25903366]
2540
[0.13703639]
2541
[0.36705201]
2542
[0.07935402]
2543
[0.2892545]
2544
[0.20745559]
2545
[0.21076496]
2546
[0.13494178]
2547
[0.17382408]
2548
[0.13783581]
2549
[0.16730867]
2550
[0.15048411]
2551
[0.10458794]
2552
[0.21784344]
2553
[0.15841204]
2554
[0.09798997]
2555
[0.23734104]
2556
[0.15000689]
2557
[0.1643292]
2558
[0.13596902]
2559
[0.25270072]
2560
[0.09663097]
2561
[0.10160899]
2562
[0.25900178]
2563
[0.13864063]
2564
[0.17388487]
2565
[0.15963146]
2566
[0.15832363]
2567
[0.34516878]
2568
[0.190265]
2569
[0.24345853]
2570
[0.14041129]
2571
[0.15967192]
2572
[0.18270777]
2573
[0.21178915]
2574
[0.31300437]
2575
[0.22545754]
2576
[0.34976861]
2577
[0.38717362]
2578
[0.18352009]
2579
[0.11599334]
2580
[0.15322134]
2581
[0.192]
2582
[0.17179684]
2583
[0.26327309]
2584
[0.24095742]
2585
[0.17791467]
2586
[0.10827785]
2587
[0.13240995]
2588
[0.28279052]
2589
[0.07439035]
2590
[0.15300511]
2591
[0.16835872]
2592
[0.21989871]
2593
[0.36817422]
2594
[0.14953616]
2595
[0.09930976]
2596
[0.26706983]
2597
[0.28600283]
2598
[0.2114344]
2599
[0.11101016]
2600
[0.21031511]
2601
[0.0551935]
2602
[0.10598602]
2603
[0.29882751]
2604
[0.15796742]
2605
[0.22809395]
2606
[0.18986008]
2607
[0.16125246]
2608
[0.22191015]
2609
[0.22581093]
2610
[0.20948778]
2611
[0.18600191]
2612
[0.19735389]
2613
[0.13009788]
2614
[0.13062337]
2615
[0.11623149]
2616
[0.12634365]
2617
[0.24126135]
2618
[0.21928806]
2619
[0.22644526]
2620
[0.1008877]
2621
[0.12102145]
2622
[0.1289186]
2623
[0.26719392]
2624
[0.15515589]
2625
[0.12276867]
2626
[0.25556053]
2627
[0.27474139]
2628
[0.15674924]
2629
[0.36052458]
2630
[0.24212655]
2631
[0.15843471]
2632
[0.23303754]
2633
[0.13457181]
2634
[0.142275]
2635
[0.12571863]
2636
[0.11262888]
2637
[0.36246473]
2638
[0.14269068]
2639
[0.22742423]
2640
[0.05658277]
2641
[0.12158109]
2642
[0.15759616]
2643
[0.21901323]
2644
[0.18150978]
2645
[0.10268725]
2646
[0.24133053]
2647
[0.19211288]
2648
[0.10074085]
2649
[0.13624424]
2650
[0.32951866]
2651
[0.10408131]
2652
[0.24658605]
2653
[0.15300231]
2654
[0.14014767]
2655
[0.28244682]
2656
[0.22571355]
2657
[0.21668178]
2658
[0.12018588]
2659
[0.17060879]
2660
[0.2622231]
2661
[0.16433825]
2662
[0.29868811]
2663
[0.14343556]
2664
[0.17701017]
2665
[0.14073332]
2666
[0.10342845]
2667
[0.21994291]
2668
[0.40807052]
2669
[0.32921771]
2670
[0.1346601]
2671
[0.2323478]
2672
[0.1904962]
2673
[0.16307026]
2674
[0.35771179]
2675
[0.25096007]
2676
[0.26113651]
2677
[0.15257068]
2678
[0.10784758]
2679
[0.39685892]
2680
[0.19096385]
2681
[0.19427216]
2682
[0.08824702]
2683
[0.20036728]
2684
[0.31113333]
2685
[0.24916357]
2686
[0.17190064]
2687
[0.1624278]
2688
[0.1399944]
2689
[0.29676792]
2690
[0.19679508]
2691
[0.15594827]
2692
[0.11633531]
2693
[0.08149563]
2694
[0.29372116]
2695
[0.15977678]
2696
[0.15697934]
2697
[0.06197769]
2698
[0.21368491]
2699
[0.1817972]
2700
[0.15268105]
2701
[0.08373025]
2702
[0.16102565]
2703
[0.30980563]
2704
[0.22830024]
2705
[0.16138948]
2706
[0.13681192]
2707
[0.1558364]
2708
[0.21763309]
2709
[0.14139556]
2710
[0.18441881]
2711
[0.18792311]
2712
[0.14051473]
2713
[0.13888046]
2714
[0.09888093]
2715
[0.20471078]
2716
[0.2791673]
2717
[0.16896235]
2718
[0.13409582]
2719
[0.15949983]
2720
[0.27943908]
2721
[0.11710164]
2722
[0.24327593]
2723
[0.37950878]
2724
[0.20776694]
2725
[0.2936731]
2726
[0.17895632]
2727
[0.1787811]
2728
[0.1972524]
2729
[0.29928399]
2730
[0.13771794]
2731
[0.19217138]
2732
[0.35473704]
2733
[0.16025113]
2734
[0.26315061]
2735
[0.24590536]
2736
[0.13421949]
2737
[0.12470474]
2738
[0.14759273]
2739
[0.20117768]
2740
[0.15500576]
2741
[0.11659527]
2742
[0.21300069]
2743
[0.09891434]
2744
[0.20030981]
2745
[0.29945531]
2746
[0.25691596]
2747
[0.12704521]
2748
[0.12461864]
2749
[0.31543869]
2750
[0.25274293]
2751
[0.12807149]
2752
[0.11721253]
2753
[0.25351317]
2754
[0.06789705]
2755
[0.06979439]
2756
[0.20047813]
2757
[0.20213871]
2758
[0.24484864]
2759
[0.07631675]
2760
[0.35162527]
2761
[0.23299489]
2762
[0.10012016]
2763
[0.13532762]
2764
[0.14302073]
2765
[0.15927465]
2766
[0.16591594]
2767
[0.09638655]
2768
[0.22276442]
2769
[0.16388942]
2770
[0.07984529]
2771
[0.1272901]
2772
[0.17796912]
2773
[0.16869185]
2774
[0.15188473]
2775
[0.20540102]
2776
[0.16103366]
2777
[0.25012268]
2778
[0.18769918]
2779
[0.23617624]
2780
[0.16047817]
2781
[0.12703335]
2782
[0.14630953]
2783
[0.11216302]
2784
[0.12832844]
2785
[0.08767443]
2786
[0.07680514]
2787
[0.27199139]
2788
[0.10013713]
2789
[0.16721654]
2790
[0.22394453]
2791
[0.21845299]
2792
[0.13884899]
2793
[0.0899619]
2794
[0.28394676]
2795
[0.23258596]
2796
[0.13792359]
2797
[0.23563848]
2798
[0.36696923]
2799
[0.27493998]
2800
[0.26275611]
2801
[0.17053326]
2802
[0.14801705]
2803
[0.14253683]
2804
[0.14187483]
2805
[0.12621494]
2806
[0.26166095]
2807
[0.16251367]
2808
[0.30658823]
2809
[0.11217484]
2810
[0.14897263]
2811
[0.12190831]
2812
[0.1291216]
2813
[0.08191509]
2814
[0.29316554]
2815
[0.33248224]
2816
[0.20273634]
2817
[0.34780242]
2818
[0.26502185]
2819
[0.13548936]
2820
[0.19594958]
2821
[0.33308654]
2822
[0.14975866]
2823
[0.24471522]
2824
[0.11539157]
2825
[0.32328986]
2826
[0.07817768]
2827
[0.14431081]
2828
[0.22778847]
2829
[0.1309234]
2830
[0.16659123]
2831
[0.11112907]
2832
[0.19260899]
2833
[0.25238351]
2834
[0.34373251]
2835
[0.09073441]
2836
[0.13345003]
2837
[0.13908781]
2838
[0.11986667]
2839
[0.15721694]
2840
[0.35171154]
2841
[0.14788775]
2842
[0.28196828]
2843
[0.20741332]
2844
[0.38486163]
2845
[0.15913681]
2846
[0.13039649]
2847
[0.15835269]
2848
[0.16383209]
2849
[0.12269156]
2850
[0.12133071]
2851
[0.12984291]
2852
[0.1319266]
2853
[0.36787095]
2854
[0.15135045]
2855
[0.08869827]
2856
[0.13804219]
2857
[0.14765974]
2858
[0.32493825]
2859
[0.0748486]
2860
[0.23615226]
2861
[0.18557469]
2862
[0.25396718]
2863
[0.20794751]
2864
[0.27995442]
2865
[0.33452499]
2866
[0.24030006]
2867
[0.2003102]
2868
[0.31158711]
2869
[0.09824581]
2870
[0.18553755]
2871
[0.18182794]
2872
[0.31930692]
2873
[0.12216982]
2874
[0.21520997]
2875
[0.15102821]
2876
[0.10746765]
2877
[0.18526501]
2878
[0.14148507]
2879
[0.13850959]
2880
[0.18500226]
2881
[0.16110831]
2882
[0.16964663]
2883
[0.2262961]
2884
[0.16620309]
2885
[0.21104092]
2886
[0.27193775]
2887
[0.12188643]
2888
[0.15940655]
2889
[0.27459114]
2890
[0.13643555]
2891
[0.17081233]
2892
[0.13821818]
2893
[0.30394787]
2894
[0.23010159]
2895
[0.12043981]
2896
[0.09094839]
2897
[0.14724234]
2898
[0.22054445]
2899
[0.2848743]
2900
[0.22620818]
2901
[0.26718869]
2902
[0.22027521]
2903
[0.18628813]
2904
[0.09665667]
2905
[0.18402727]
2906
[0.1344168]
2907
[0.3021494]
2908
[0.33544339]
2909
[0.14448734]
2910
[0.16439957]
2911
[0.18020126]
2912
[0.18202031]
2913
[0.23906612]
2914
[0.15258797]
2915
[0.09674072]
2916
[0.16694213]
2917
[0.14284664]
2918
[0.14588434]
2919
[0.18588001]
2920
[0.16046452]
2921
[0.16249151]
2922
[0.24943455]
2923
[0.34727019]
2924
[0.30281074]
2925
[0.12745885]
2926
[0.22896553]
2927
[0.23686491]
2928
[0.19079473]
2929
[0.24967158]
2930
[0.15292214]
2931
[0.14918999]
2932
[0.3065044]
2933
[0.12941244]
2934
[0.16714451]
2935
[0.28893895]
2936
[0.08971851]
2937
[0.30877724]
2938
[0.16831653]
2939
[0.08441632]
2940
[0.2957967]
2941
[0.09820366]
2942
[0.15501064]
2943
[0.10849941]
2944
[0.19840644]
2945
[0.1494025]
2946
[0.29875748]
2947
[0.2192488]
2948
[0.06832034]
2949
[0.18306053]
2950
[0.27200724]
2951
[0.12258662]
2952
[0.2848632]
2953
[0.16439977]
2954
[0.10235503]
2955
[0.2243206]
2956
[0.12508437]
2957
[0.23806607]
2958
[0.18980394]
2959
[0.17148384]
2960
[0.20143918]
2961
[0.11202624]
2962
[0.19024068]
2963
[0.12488655]
2964
[0.06718479]
2965
[0.18487225]
2966
[0.25670038]
2967
[0.20053134]
2968
[0.25627287]
2969
[0.15513837]
2970
[0.17655269]
2971
[0.12854978]
2972
[0.22640336]
2973
[0.24154657]
2974
[0.14553408]
2975
[0.20359207]
2976
[0.24349423]
2977
[0.17738337]
2978
[0.14974443]
2979
[0.13943563]
2980
[0.15094695]
2981
[0.13358953]
2982
[0.14462586]
2983
[0.182293]
2984
[0.1547809]
2985
[0.13715193]
2986
[0.15840691]
2987
[0.21764584]
2988
[0.20197555]
2989
[0.27046795]
2990
[0.07221504]
2991
[0.17972129]
2992
[0.28941927]
2993
[0.14662262]
2994
[0.08569362]
2995
[0.1401157]
2996
[0.11293483]
2997
[0.21721555]
2998
[0.09714752]
2999
[0.16180156]
3000
[0.1455176]
3001
[0.12694289]
3002
[0.20966227]
3003
[0.08949365]
3004
[0.30399712]
3005
[0.27229934]
3006
[0.33574695]
3007
[0.22948298]
3008
[0.09750715]
3009
[0.26439788]
3010
[0.17225003]
3011
[0.32113036]
3012
[0.20921069]
3013
[0.16310137]
3014
[0.38617666]
3015
[0.1518611]
3016
[0.18063314]
3017
[0.17421473]
3018
[0.28501935]
3019
[0.2404421]
3020
[0.22428214]
3021
[0.16829765]
3022
[0.12493239]
3023
[0.13309876]
3024
[0.11980002]
3025
[0.27944851]
3026
[0.20731496]
3027
[0.22360206]
3028
[0.21346273]
3029
[0.14825843]
3030
[0.24441202]
3031
[0.37750514]
3032
[0.10937758]
3033
[0.20232134]
3034
[0.16785764]
3035
[0.16738055]
3036
[0.30634102]
3037
[0.10522246]
3038
[0.25850766]
3039
[0.21602675]
3040
[0.3075014]
3041
[0.17609038]
3042
[0.13288226]
3043
[0.19381466]
3044
[0.13258636]
3045
[0.04442752]
3046
[0.23818037]
3047
[0.13330329]
3048
[0.18879862]
3049
[0.15073823]
3050
[0.2051632]
3051
[0.25284102]
3052
[0.36468083]
3053
[0.10757905]
3054
[0.17519365]
3055
[0.18661695]
3056
[0.15986115]
3057
[0.17094878]
3058
[0.15384679]
3059
[0.22829213]
3060
[0.17820867]
3061
[0.13868889]
3062
[0.2115056]
3063
[0.07581063]
3064
[0.17271134]
3065
[0.15057397]
3066
[0.1946229]
3067
[0.25529531]
3068
[0.10593764]
3069
[0.22330664]
3070
[0.28143832]
3071
[0.14821493]
3072
[0.33982665]
3073
[0.11245712]
3074
[0.23359072]
3075
[0.20481147]
3076
[0.07462554]
3077
[0.34868588]
3078
[0.1480698]
3079
[0.19632263]
3080
[0.15777393]
3081
[0.10580699]
3082
[0.13345206]
3083
[0.22615759]
3084
[0.28561325]
3085
[0.29059708]
3086
[0.14746851]
3087
[0.06153188]
3088
[0.19042858]
3089
[0.16639046]
3090
[0.09848323]
3091
[0.11491515]
3092
[0.12119279]
3093
[0.17358972]
3094
[0.27410177]
3095
[0.27304272]
3096
[0.32775176]
3097
[0.12716884]
3098
[0.08098833]
3099
[0.19599255]
3100
[0.09443502]
3101
[0.21694854]
3102
[0.41735625]
3103
[0.1901902]
3104
[0.07833873]
3105
[0.20104918]
3106
[0.24967185]
3107
[0.17932734]
3108
[0.14015331]
3109
[0.1370695]
3110
[0.2107716]
3111
[0.12702769]
3112
[0.20042722]
3113
[0.11288321]
3114
[0.24214953]
3115
[0.29382872]
3116
[0.16206437]
3117
[0.37093748]
3118
[0.17852251]
3119
[0.27699906]
3120
[0.11764249]
3121
[0.1383271]
3122
[0.25233591]
3123
[0.27023386]
3124
[0.21775944]
3125
[0.15712574]
3126
[0.24382682]
3127
[0.21996696]
3128
[0.17954249]
3129
[0.17934915]
3130
[0.0989434]
3131
[0.2046228]
3132
[0.24593751]
3133
[0.11213059]
3134
[0.10485708]
3135
[0.2413929]
3136
[0.29509772]
3137
[0.26756397]
3138
[0.15958492]
3139
[0.17241058]
3140
[0.21827362]
3141
[0.22315101]
3142
[0.18560265]
3143
[0.18655833]
3144
[0.33465413]
3145
[0.15987377]
3146
[0.16998845]
3147
[0.16005994]
3148
[0.24111452]
3149
[0.14394647]
3150
[0.10218273]
3151
[0.1486497]
3152
[0.15394506]
3153
[0.14434681]
3154
[0.25731181]
3155
[0.16164193]
3156
[0.15056839]
3157
[0.15075324]
3158
[0.1474433]
3159
[0.28121048]
3160
[0.14488511]
3161
[0.25784594]
3162
[0.14025163]
3163
[0.19860275]
3164
[0.16468946]
3165
[0.21369256]
3166
[0.15626131]
3167
[0.11418698]
3168
[0.26314105]
3169
[0.17536699]
3170
[0.20283941]
3171
[0.09332499]
3172
[0.29054044]
3173
[0.2917071]
3174
[0.08760924]
3175
[0.22151458]
3176
[0.12484397]
3177
[0.23113705]
3178
[0.16531937]
3179
[0.18424977]
3180
[0.14860832]
3181
[0.12902101]
3182
[0.30582527]
3183
[0.11131451]
3184
[0.13766856]
3185
[0.09863849]
3186
[0.15024487]
3187
[0.19122124]
3188
[0.27601275]
3189
[0.16815297]
3190
[0.20212624]
3191
[0.24530476]
3192
[0.20169244]
3193
[0.33959759]
3194
[0.23043508]
3195
[0.30381253]
3196
[0.17741287]
3197
[0.20446956]
3198
[0.17039838]
3199
[0.15205333]
3200
[0.18968509]
3201
[0.22927525]
3202
[0.18234419]
3203
[0.19926581]
3204
[0.11942763]
3205
[0.18903077]
3206
[0.18183346]
3207
[0.24190152]
3208
[0.16365488]
3209
[0.14110139]
3210
[0.17736803]
3211
[0.24317842]
3212
[0.14616235]
3213
[0.13616876]
3214
[0.04286722]
3215
[0.19454236]
3216
[0.15499802]
3217
[0.31371027]
3218
[0.18876561]
3219
[0.24417451]
3220
[0.24646268]
3221
[0.13111904]
3222
[0.23481081]
3223
[0.29998677]
3224
[0.17717272]
3225
[0.19010604]
3226
[0.18007156]
3227
[0.09303065]
3228
[0.17604848]
3229
[0.19171586]
3230
[0.21659959]
3231
[0.26824743]
3232
[0.14746878]
3233
[0.14984318]
3234
[0.06700841]
3235
[0.11568665]
3236
[0.20759679]
3237
[0.34247446]
3238
[0.15433503]
3239
[0.11513658]
3240
[0.17875196]
3241
[0.16849471]
3242
[0.31410559]
3243
[0.24570901]
3244
[0.13592441]
3245
[0.14772873]
3246
[0.17677684]
3247
[0.25042993]
3248
[0.24048881]
3249
[0.33913156]
3250
[0.28645464]
3251
[0.16445846]
3252
[0.09258344]
3253
[0.11872369]
3254
[0.226811]
3255
[0.14363665]
3256
[0.16416183]
3257
[0.27770475]
3258
[0.10191025]
3259
[0.13974721]
3260
[0.22876256]
3261
[0.17012313]
3262
[0.09006807]
3263
[0.10521758]
3264
[0.10445714]
3265
[0.30540061]
3266
[0.10051617]
3267
[0.2103888]
3268
[0.19270342]
3269
[0.36140545]
3270
[0.15994145]
3271
[0.1179402]
3272
[0.09562111]
3273
[0.15116059]
3274
[0.16912488]
3275
[0.17384252]
3276
[0.12792563]
3277
[0.17879701]
3278
[0.26612782]
3279
[0.16631022]
3280
[0.25515346]
3281
[0.1159896]
3282
[0.2253063]
3283
[0.09137136]
3284
[0.32962865]
3285
[0.1469805]
3286
[0.14814805]
3287
[0.27323692]
3288
[0.15673626]
3289
[0.15972884]
3290
[0.13873019]
3291
[0.11151394]
3292
[0.2519327]
3293
[0.23103475]
3294
[0.25949591]
3295
[0.24003698]
3296
[0.30710805]
3297
[0.06859962]
3298
[0.32566248]
3299
[0.23951158]
3300
[0.18754266]
3301
[0.10376954]
3302
[0.16110766]
3303
[0.10977913]
3304
[0.1476325]
3305
[0.26848329]
3306
[0.28823313]
3307
[0.19021564]
3308
[0.13813832]
3309
[0.30181384]
3310
[0.16739283]
3311
[0.23212778]
3312
[0.15537315]
3313
[0.11526151]
3314
[0.10992685]
3315
[0.17160741]
3316
[0.22212385]
3317
[0.13774792]
3318
[0.18451391]
3319
[0.16965987]
3320
[0.13622281]
3321
[0.19522412]
3322
[0.16832594]
3323
[0.27247315]
3324
[0.21866632]
3325
[0.25868034]
3326
[0.14514534]
3327
[0.19458152]
3328
[0.20618947]
3329
[0.09987]
3330
[0.13823221]
3331
[0.18540814]
3332
[0.10615715]
3333
[0.36010378]
3334
[0.23088989]
3335
[0.15310803]
3336
[0.15353289]
3337
[0.2251355]
3338
[0.27510816]
3339
[0.1570021]
3340
[0.1121295]
3341
[0.25367411]
3342
[0.21158698]
3343
[0.24102063]
3344
[0.15024345]
3345
[0.3065264]
3346
[0.30540514]
3347
[0.25889339]
3348
[0.12738569]
3349
[0.17917399]
3350
[0.22988712]
3351
[0.16847054]
3352
[0.15947363]
3353
[0.17934043]
3354
[0.19088574]
3355
[0.10971903]
3356
[0.16503869]
3357
[0.08127937]
3358
[0.16198581]
3359
[0.1451769]
3360
[0.31892637]
3361
[0.29138506]
3362
[0.12682251]
3363
[0.10212057]
3364
[0.19954501]
3365
[0.1424859]
3366
[0.18994869]
3367
[0.17665116]
3368
[0.15816962]
3369
[0.14037603]
3370
[0.2814252]
3371
[0.15284747]
3372
[0.26687888]
3373
[0.09429009]
3374
[0.15560348]
3375
[0.15039987]
3376
[0.17070241]
3377
[0.10342717]
3378
[0.14089033]
3379
[0.27577453]
3380
[0.20380253]
3381
[0.14281434]
3382
[0.2007485]
3383
[0.12225728]
3384
[0.22992424]
3385
[0.1094816]
3386
[0.25876723]
3387
[0.23001775]
3388
[0.27716666]
3389
[0.24321128]
3390
[0.39104785]
3391
[0.22030453]
3392
[0.1080263]
3393
[0.15988881]
3394
[0.15965341]
3395
[0.05374162]
3396
[0.21542639]
3397
[0.1952745]
3398
[0.17689748]
3399
[0.26320555]
3400
[0.13270718]
3401
[0.11992446]
3402
[0.29545324]
3403
[0.44831804]
3404
[0.08080161]
3405
[0.1313309]
3406
[0.13390487]
3407
[0.09583115]
3408
[0.21757639]
3409
[0.16719421]
3410
[0.22659169]
3411
[0.20510788]
3412
[0.04728387]
3413
[0.06911349]
3414
[0.19187449]
3415
[0.14803499]
3416
[0.28236724]
3417
[0.20338339]
3418
[0.19571897]
3419
[0.18769191]
3420
[0.08804223]
3421
[0.3592981]
3422
[0.15917733]
3423
[0.09588156]
3424
[0.16276084]
3425
[0.12484072]
3426
[0.2117798]
3427
[0.16675437]
3428
[0.14996852]
3429
[0.14685687]
3430
[0.19336614]
3431
[0.07024063]
3432
[0.1476951]
3433
[0.09163601]
3434
[0.12348645]
3435
[0.27440729]
3436
[0.26085034]
3437
[0.08352302]
3438
[0.37919773]
3439
[0.26994691]
3440
[0.17239457]
3441
[0.13666993]
3442
[0.15399445]
3443
[0.27330234]
3444
[0.29669723]
3445
[0.16291013]
3446
[0.11519923]
3447
[0.20685156]
3448
[0.13473692]
3449
[0.06170804]
3450
[0.19149466]
3451
[0.10750561]
3452
[0.2749102]
3453
[0.19661291]
3454
[0.20813418]
3455
[0.26941199]
3456
[0.27861811]
3457
[0.09551529]
3458
[0.21406419]
3459
[0.20932944]
3460
[0.11755266]
3461
[0.17376398]
3462
[0.3260902]
3463
[0.11650732]
3464
[0.15403646]
3465
[0.13699996]
3466
[0.21693792]
3467
[0.2355523]
3468
[0.1945664]
3469
[0.12155338]
3470
[0.1933042]
3471
[0.18634682]
3472
[0.20094581]
3473
[0.10630434]
3474
[0.14596079]
3475
[0.17899472]
3476
[0.3693657]
3477
[0.16549681]
3478
[0.19628603]
3479
[0.11286798]
3480
[0.18104664]
3481
[0.14101466]
3482
[0.30681695]
3483
[0.17163544]
3484
[0.1198498]
3485
[0.36281309]
3486
[0.12255478]
3487
[0.28567999]
3488
[0.14320316]
3489
[0.28698924]
3490
[0.20090218]
3491
[0.17200624]
3492
[0.17048338]
3493
[0.17622983]
3494
[0.17639704]
3495
[0.09561918]
3496
[0.14009318]
3497
[0.14612534]
3498
[0.33979525]
3499
[0.1500401]
3500
[0.18110436]
3501
[0.04730186]
3502
[0.13770137]
3503
[0.13382562]
3504
[0.32968229]
3505
[0.1813771]
3506
[0.28252737]
3507
[0.11602255]
3508
[0.18493421]
3509
[0.28567515]
3510
[0.21542154]
3511
[0.29408787]
3512
[0.19867992]
3513
[0.19909678]
3514
[0.14611828]
3515
[0.13619652]
3516
[0.18735932]
3517
[0.08783595]
3518
[0.110558]
3519
[0.13718215]
3520
[0.20868377]
3521
[0.23647064]
3522
[0.19809564]
3523
[0.12526231]
3524
[0.25045065]
3525
[0.1369346]
3526
[0.16393632]
3527
[0.25238514]
3528
[0.23270515]
3529
[0.33787816]
3530
[0.10327968]
3531
[0.11360893]
3532
[0.164881]
3533
[0.12628598]
3534
[0.17991401]
3535
[0.18023188]
3536
[0.07128601]
3537
[0.32802751]
3538
[0.08959767]
3539
[0.08878382]
3540
[0.09024934]
3541
[0.28324064]
3542
[0.09835228]
3543
[0.30358813]
3544
[0.08582333]
3545
[0.22866058]
3546
[0.11281285]
3547
[0.21835748]
3548
[0.17683716]
3549
[0.22896564]
3550
[0.21157855]
3551
[0.17893021]
3552
[0.17309666]
3553
[0.29851176]
3554
[0.32877899]
3555
[0.16086372]
3556
[0.21587665]
3557
[0.2352]
3558
[0.14548456]
3559
[0.12421619]
3560
[0.32330175]
3561
[0.17002176]
3562
[0.086618]
3563
[0.15311331]
3564
[0.22448096]
3565
[0.05917942]
3566
[0.24903117]
3567
[0.14447267]
3568
[0.25726572]
3569
[0.21809381]
3570
[0.18580925]
3571
[0.21575088]
3572
[0.20260742]
3573
[0.14168022]
3574
[0.13004096]
3575
[0.17144164]
3576
[0.13322311]
3577
[0.2746246]
3578
[0.17525029]
3579
[0.13542202]
3580
[0.30880145]
3581
[0.10663171]
3582
[0.20072995]
3583
[0.0763935]
3584
[0.13712272]
3585
[0.27645741]
3586
[0.11891445]
3587
[0.14704303]
3588
[0.24050981]
3589
[0.14203852]
3590
[0.10032295]
3591
[0.09901845]
3592
[0.1877379]
3593
[0.21163979]
3594
[0.06512013]
3595
[0.10984024]
3596
[0.09157915]
3597
[0.20001985]
3598
[0.14359929]
3599
[0.12937427]
3600
[0.19164462]
3601
[0.17195]
3602
[0.11754112]
3603
[0.19421293]
3604
[0.20833756]
3605
[0.19865144]
3606
[0.14469409]
3607
[0.09874917]
3608
[0.18919655]
3609
[0.34380504]
3610
[0.11135875]
3611
[0.15001364]
3612
[0.27903622]
3613
[0.16315127]
3614
[0.13385117]
3615
[0.1625392]
3616
[0.15013168]
3617
[0.03708368]
3618
[0.10453469]
3619
[0.17303625]
3620
[0.09270813]
3621
[0.25015122]
3622
[0.16164485]
3623
[0.18517109]
3624
[0.15621905]
3625
[0.17800193]
3626
[0.16933548]
3627
[0.25235929]
3628
[0.07344679]
3629
[0.15484428]
3630
[0.18721659]
3631
[0.13861935]
3632
[0.23584318]
3633
[0.13990595]
3634
[0.29626011]
3635
[0.10483869]
3636
[0.20793509]
3637
[0.42616412]
3638
[0.17300401]
3639
[0.08421966]
3640
[0.20275935]
3641
[0.25483157]
3642
[0.3097148]
3643
[0.14346095]
3644
[0.13677149]
3645
[0.17694227]
3646
[0.13592142]
3647
[0.12669643]
3648
[0.20467344]
3649
[0.23132905]
3650
[0.1960123]
3651
[0.17379321]
3652
[0.15761804]
3653
[0.22941341]
3654
[0.12529152]
3655
[0.25247984]
3656
[0.13056444]
3657
[0.13884571]
3658
[0.18257738]
3659
[0.38520658]
3660
[0.19186582]
3661
[0.21078982]
3662
[0.19913066]
3663
[0.29517681]
3664
[0.20616062]
3665
[0.24149805]
3666
[0.13121983]
3667
[0.13600763]
3668
[0.34071224]
3669
[0.15292621]
3670
[0.13361549]
3671
[0.14054277]
3672
[0.16257914]
3673
[0.12271682]
3674
[0.23240823]
3675
[0.35240495]
3676
[0.20201924]
3677
[0.1613931]
3678
[0.11061706]
3679
[0.14997454]
3680
[0.19149967]
3681
[0.18330088]
3682
[0.26028129]
3683
[0.12532079]
3684
[0.31770731]
3685
[0.25431338]
3686
[0.18542494]
3687
[0.08297589]
3688
[0.16058603]
3689
[0.17314375]
3690
[0.15304375]
3691
[0.28689942]
3692
[0.16545264]
3693
[0.29057435]
3694
[0.20862538]
3695
[0.15259616]
3696
[0.19932975]
3697
[0.2529346]
3698
[0.25455076]
3699
[0.14896414]
3700
[0.25752198]
3701
[0.14293565]
3702
[0.16726943]
3703
[0.15737508]
3704
[0.11613907]
3705
[0.08976264]
3706
[0.42828512]
3707
[0.1115022]
3708
[0.07605599]
3709
[0.19769444]
3710
[0.29951121]
3711
[0.16912849]
3712
[0.08560021]
3713
[0.27647864]
3714
[0.21484672]
3715
[0.20502887]
3716
[0.1205528]
3717
[0.16043368]
3718
[0.10418078]
3719
[0.3384304]
3720
[0.1420319]
3721
[0.25231881]
3722
[0.08523647]
3723
[0.18025927]
3724
[0.22461177]
3725
[0.11342046]
3726
[0.22751762]
3727
[0.38780909]
3728
[0.1640718]
3729
[0.20948185]
3730
[0.25760922]
3731
[0.21007107]
3732
[0.18880661]
3733
[0.19601473]
3734
[0.0823017]
3735
[0.0979051]
3736
[0.29731934]
3737
[0.15153199]
3738
[0.16668473]
3739
[0.11480094]
3740
[0.18444951]
3741
[0.21356297]
3742
[0.27688859]
3743
[0.16936333]
3744
[0.17911541]
3745
[0.2070365]
3746
[0.20568923]
3747
[0.27591368]
3748
[0.0475024]
3749
[0.15422088]
3750
[0.17867004]
3751
[0.2637151]
3752
[0.15369323]
3753
[0.24258318]
3754
[0.26927209]
3755
[0.32483787]
3756
[0.15163262]
3757
[0.19521194]
3758
[0.20645277]
3759
[0.2176411]
3760
[0.18306638]
3761
[0.10599023]
3762
[0.27616102]
3763
[0.1500234]
3764
[0.08301807]
3765
[0.18936223]
3766
[0.23461507]
3767
[0.10734994]
3768
[0.20586635]
3769
[0.17706073]
3770
[0.12086198]
3771
[0.18001008]
3772
[0.18856941]
3773
[0.10434637]
3774
[0.13759104]
3775
[0.16246688]
3776
[0.0976505]
3777
[0.09823449]
3778
[0.21419225]
3779
[0.22786883]
3780
[0.21997152]
3781
[0.16016876]
3782
[0.14300665]
3783
[0.24649459]
3784
[0.20921166]
3785
[0.25090556]
3786
[0.1817321]
3787
[0.09675539]
3788
[0.1564879]
3789
[0.30209011]
3790
[0.08031235]
3791
[0.260689]
3792
[0.1355534]
3793
[0.14812944]
3794
[0.10445615]
3795
[0.19120414]
3796
[0.19856498]
3797
[0.14995733]
3798
[0.1082233]
3799
[0.19525358]
3800
[0.25524269]
3801
[0.17425139]
3802
[0.06029613]
3803
[0.1664071]
3804
[0.11004325]
3805
[0.14175608]
3806
[0.20159065]
3807
[0.12817877]
3808
[0.12005874]
3809
[0.1260509]
3810
[0.23676146]
3811
[0.22548353]
3812
[0.13854645]
3813
[0.30167832]
3814
[0.17501067]
3815
[0.17102488]
3816
[0.17968894]
3817
[0.32087948]
3818
[0.22353988]
3819
[0.18383167]
3820
[0.32345283]
3821
[0.23691343]
3822
[0.16953987]
3823
[0.25882897]
3824
[0.16731656]
3825
[0.21338534]
3826
[0.11410389]
3827
[0.08984702]
3828
[0.16072182]
3829
[0.21101771]
3830
[0.08988681]
3831
[0.17366609]
3832
[0.19447983]
3833
[0.17170201]
3834
[0.15244769]
3835
[0.21887401]
3836
[0.14226087]
3837
[0.17195508]
3838
[0.14801118]
3839
[0.13666847]
3840
[0.14280857]
3841
[0.28538136]
3842
[0.2357656]
3843
[0.11274303]
3844
[0.18882245]
3845
[0.15866549]
3846
[0.16068756]
3847
[0.23062819]
3848
[0.28859426]
3849
[0.15020605]
3850
[0.15531541]
3851
[0.2549777]
3852
[0.32349873]
3853
[0.15073823]
3854
[0.20340732]
3855
[0.13069178]
3856
[0.28477604]
3857
[0.3300117]
3858
[0.15404067]
3859
[0.10720909]
3860
[0.1287745]
3861
[0.08256486]
3862
[0.10573251]
3863
[0.21977449]
3864
[0.15477198]
3865
[0.09829967]
3866
[0.20272624]
3867
[0.14656962]
3868
[0.20293374]
3869
[0.23493346]
3870
[0.13474325]
3871
[0.16007818]
3872
[0.1688691]
3873
[0.13573914]
3874
[0.20273933]
3875
[0.27519554]
3876
[0.21311114]
3877
[0.18541931]
3878
[0.29393517]
3879
[0.1361823]
3880
[0.19102062]
3881
[0.13248896]
3882
[0.11995954]
3883
[0.33084818]
3884
[0.13024113]
3885
[0.36116041]
3886
[0.24348777]
3887
[0.29771932]
3888
[0.20739781]
3889
[0.30990362]
3890
[0.17697647]
3891
[0.2999787]
3892
[0.20514561]
3893
[0.1615161]
3894
[0.18585953]
3895
[0.15834979]
3896
[0.10898732]
3897
[0.12766747]
3898
[0.1892166]
3899
[0.22419465]
3900
[0.19197075]
3901
[0.12615673]
3902
[0.20985638]
3903
[0.11186313]
3904
[0.37690122]
3905
[0.17200799]
3906
[0.11814663]
3907
[0.36674553]
3908
[0.16924244]
3909
[0.14286901]
3910
[0.14457074]
3911
[0.13521619]
3912
[0.1928408]
3913
[0.11355996]
3914
[0.2484407]
3915
[0.29071584]
3916
[0.15266842]
3917
[0.08212552]
3918
[0.30100664]
3919
[0.11280949]
3920
[0.11265277]
3921
[0.16903905]
3922
[0.06719833]
3923
[0.15876484]
3924
[0.19888072]
3925
[0.17666012]
3926
[0.27052489]
3927
[0.18488446]
3928
[0.15606067]
3929
[0.16404061]
3930
[0.24462042]
3931
[0.16958731]
3932
[0.07822187]
3933
[0.12026272]
3934
[0.18626412]
3935
[0.1696646]
3936
[0.28112194]
3937
[0.12238788]
3938
[0.26619641]
3939
[0.16972359]
3940
[0.13564104]
3941
[0.11460278]
3942
[0.27203988]
3943
[0.16092746]
3944
[0.28806071]
3945
[0.15009648]
3946
[0.12730086]
3947
[0.10569736]
3948
[0.21528271]
3949
[0.33661296]
3950
[0.07431781]
3951
[0.08716399]
3952
[0.35236618]
3953
[0.11593295]
3954
[0.15028038]
3955
[0.11536164]
3956
[0.14792601]
3957
[0.1352816]
3958
[0.14696528]
3959
[0.1053736]
3960
[0.15299478]
3961
[0.24952061]
3962
[0.28413865]
3963
[0.15260303]
3964
[0.15575848]
3965
[0.14230399]
3966
[0.22425327]
3967
[0.13882446]
3968
[0.11182643]
3969
[0.19996334]
3970
[0.13269416]
3971
[0.11315204]
3972
[0.25607143]
3973
[0.15441224]
3974
[0.12806995]
3975
[0.10958071]
3976
[0.08014296]
3977
[0.13482428]
3978
[0.15707086]
3979
[0.13959572]
3980
[0.12164189]
3981
[0.07387987]
3982
[0.15156339]
3983
[0.12524011]
3984
[0.17391214]
3985
[0.10989225]
3986
[0.16396171]
3987
[0.18781419]
3988
[0.14441393]
3989
[0.20957018]
3990
[0.09026331]
3991
[0.13720032]
3992
[0.25002077]
3993
[0.1104386]
3994
[0.22383662]
3995
[0.26719273]
3996
[0.30304921]
3997
[0.21316131]
3998
[0.2290597]
3999
[0.17330103]
4000
[0.18894791]
4001
[0.20881305]
4002
[0.11500777]
4003
[0.0928746]
4004
[0.2943461]
4005
[0.21376991]
4006
[0.12995675]
4007
[0.35308597]
4008
[0.15385685]
4009
[0.19872287]
4010
[0.11725071]
4011
[0.23215091]
4012
[0.14905551]
4013
[0.20209418]
4014
[0.21639988]
4015
[0.10237081]
4016
[0.10268601]
4017
[0.22786784]
4018
[0.2230167]
4019
[0.31762909]
4020
[0.22298581]
4021
[0.19784948]
4022
[0.1412676]
4023
[0.22783483]
4024
[0.20603387]
4025
[0.12138766]
4026
[0.19278233]
4027
[0.1207747]
4028
[0.21804241]
4029
[0.25762766]
4030
[0.16358268]
4031
[0.22247616]
4032
[0.13197566]
4033
[0.18174366]
4034
[0.10453589]
4035
[0.19941532]
4036
[0.25976373]
4037
[0.12532601]
4038
[0.11572434]
4039
[0.18220577]
4040
[0.32361845]
4041
[0.09131213]
4042
[0.13695455]
4043
[0.10816737]
4044
[0.28536376]
4045
[0.18222895]
4046
[0.11624408]
4047
[0.14711126]
4048
[0.31096097]
4049
[0.11943716]
4050
[0.14087895]
4051
[0.25215707]
4052
[0.16307552]
4053
[0.26686275]
4054
[0.10737718]
4055
[0.07814672]
4056
[0.1101192]
4057
[0.11958611]
4058
[0.14269136]
4059
[0.09742729]
4060
[0.19054182]
4061
[0.09001059]
4062
[0.22949592]
4063
[0.19026046]
4064
[0.12653919]
4065
[0.10807962]
4066
[0.31293059]
4067
[0.34645231]
4068
[0.12818883]
4069
[0.28632396]
4070
[0.08018576]
4071
[0.29525458]
4072
[0.17659264]
4073
[0.1752677]
4074
[0.11886698]
4075
[0.15257187]
4076
[0.12706708]
4077
[0.12861186]
4078
[0.17190965]
4079
[0.20610061]
4080
[0.10146982]
4081
[0.13028554]
4082
[0.15871855]
4083
[0.28292509]
4084
[0.23279533]
4085
[0.12544754]
4086
[0.15198403]
4087
[0.14626926]
4088
[0.13710485]
4089
[0.25920599]
4090
[0.20946276]
4091
[0.22673031]
4092
[0.19438356]
4093
[0.21028941]
4094
[0.15929148]
4095
[0.19131284]
4096
[0.18293514]
4097
[0.23916799]
4098
[0.25872925]
4099
[0.3417144]
4100
[0.30546999]
4101
[0.16758673]
4102
[0.14463057]
4103
[0.1312885]
4104
[0.33011727]
4105
[0.09227762]
4106
[0.10052755]
4107
[0.21117834]
4108
[0.22570659]
4109
[0.13559498]
4110
[0.33537906]
4111
[0.09390661]
4112
[0.18956849]
4113
[0.18899065]
4114
[0.29562193]
4115
[0.2256826]
4116
[0.21215733]
4117
[0.09237429]
4118
[0.20995366]
4119
[0.28912654]
4120
[0.20529456]
4121
[0.2024138]
4122
[0.0740064]
4123
[0.21777212]
4124
[0.19892467]
4125
[0.11436745]
4126
[0.17181079]
4127
[0.27409713]
4128
[0.20771083]
4129
[0.16974999]
4130
[0.28179251]
4131
[0.12461911]
4132
[0.24085477]
4133
[0.25690846]
4134
[0.13337473]
4135
[0.21528947]
4136
[0.10332832]
4137
[0.37337532]
4138
[0.13948199]
4139
[0.15912297]
4140
[0.0896805]
4141
[0.28876474]
4142
[0.08944384]
4143
[0.25210661]
4144
[0.20002602]
4145
[0.27102688]
4146
[0.10925065]
4147
[0.28611789]
4148
[0.05206801]
4149
[0.15135164]
4150
[0.26988039]
4151
[0.10443833]
4152
[0.18546397]
4153
[0.1396824]
4154
[0.11429855]
4155
[0.22377558]
4156
[0.16015428]
4157
[0.17098145]
4158
[0.19710555]
4159
[0.07740884]
4160
[0.18060817]
4161
[0.11920867]
4162
[0.31498491]
4163
[0.24561345]
4164
[0.26837774]
4165
[0.15120092]
4166
[0.29844226]
4167
[0.19354087]
4168
[0.12099985]
4169
[0.08370677]
4170
[0.27824261]
4171
[0.09466736]
4172
[0.17069331]
4173
[0.15518795]
4174
[0.09838984]
4175
[0.13869327]
4176
[0.14221421]
4177
[0.34965579]
4178
[0.18896549]
4179
[0.12575253]
4180
[0.20554788]
4181
[0.28655769]
4182
[0.19794321]
4183
[0.267864]
4184
[0.09493447]
4185
[0.17629544]
4186
[0.16818383]
4187
[0.23222124]
4188
[0.16974272]
4189
[0.36399051]
4190
[0.14149177]
4191
[0.14581727]
4192
[0.17117613]
4193
[0.14673195]
4194
[0.14567844]
4195
[0.18098318]
4196
[0.17517194]
4197
[0.16386332]
4198
[0.1843978]
4199
[0.1644985]
4200
[0.19830862]
4201
[0.12449104]
4202
[0.15764619]
4203
[0.15813013]
4204
[0.24718046]
4205
[0.31219084]
4206
[0.19236011]
4207
[0.21299547]
4208
[0.17081373]
4209
[0.17730877]
4210
[0.14859599]
4211
[0.14629964]
4212
[0.25980292]
4213
[0.21849528]
4214
[0.2416441]
4215
[0.16064908]
4216
[0.27659195]
4217
[0.17520464]
4218
[0.28445666]
4219
[0.16512824]
4220
[0.23233584]
4221
[0.11457288]
4222
[0.21947652]
4223
[0.13973667]
4224
[0.11586631]
4225
[0.19414474]
4226
[0.14718249]
4227
[0.10510368]
4228
[0.17248493]
4229
[0.27811028]
4230
[0.23743495]
4231
[0.30218395]
4232
[0.32931534]
4233
[0.10840695]
4234
[0.14510755]
4235
[0.0865592]
4236
[0.30644908]
4237
[0.25381877]
4238
[0.21141859]
4239
[0.09090555]
4240
[0.11901003]
4241
[0.23578562]
4242
[0.18616119]
4243
[0.16852773]
4244
[0.10455743]
4245
[0.27394106]
4246
[0.13045913]
4247
[0.13155439]
4248
[0.13619517]
4249
[0.20084798]
4250
[0.18906556]
4251
[0.17525986]
4252
[0.13682779]
4253
[0.17838885]
4254
[0.16350616]
4255
[0.16451541]
4256
[0.13412316]
4257
[0.11145505]
4258
[0.09897513]
4259
[0.17575179]
4260
[0.09317857]
4261
[0.16118943]
4262
[0.12340457]
4263
[0.16053939]
4264
[0.15416159]
4265
[0.26381519]
4266
[0.23063059]
4267
[0.16944769]
4268
[0.29696007]
4269
[0.18226697]
4270
[0.16588048]
4271
[0.19298957]
4272
[0.17505925]
4273
[0.21528797]
4274
[0.14355696]
4275
[0.20489182]
4276
[0.2303683]
4277
[0.06823963]
4278
[0.17617274]
4279
[0.15159569]
4280
[0.13936416]
4281
[0.13587714]
4282
[0.32642448]
4283
[0.11252359]
4284
[0.37221779]
4285
[0.1447054]
4286
[0.22326132]
4287
[0.187239]
4288
[0.26277549]
4289
[0.25062276]
4290
[0.11424068]
4291
[0.06530696]
4292
[0.14760788]
4293
[0.361572]
4294
[0.1435001]
4295
[0.15620579]
4296
[0.07768566]
4297
[0.10440814]
4298
[0.24669911]
4299
[0.23997677]
4300
[0.11033262]
4301
[0.14963183]
4302
[0.0937977]
4303
[0.15841593]
4304
[0.24844639]
4305
[0.17608387]
4306
[0.14914199]
4307
[0.2003968]
4308
[0.20324777]
4309
[0.32659173]
4310
[0.12944638]
4311
[0.21107364]
4312
[0.09762859]
4313
[0.36095707]
4314
[0.11643955]
4315
[0.1418571]
4316
[0.12688767]
4317
[0.07380866]
4318
[0.18077979]
4319
[0.12466576]
4320
[0.29963374]
4321
[0.17823538]
4322
[0.14210428]
4323
[0.19541814]
4324
[0.10562258]
4325
[0.26356083]
4326
[0.0686475]
4327
[0.12832019]
4328
[0.16515446]
4329
[0.06972575]
4330
[0.2290495]
4331
[0.13068691]
4332
[0.0919893]
4333
[0.25535054]
4334
[0.14477259]
4335
[0.10261885]
4336
[0.02344372]
4337
[0.19348936]
4338
[0.20904802]
4339
[0.14138542]
4340
[0.18993648]
4341
[0.14400495]
4342
[0.11127169]
4343
[0.16295106]
4344
[0.32173991]
4345
[0.20843779]
4346
[0.21874297]
4347
[0.25730568]
4348
[0.15425836]
4349
[0.17173278]
4350
[0.20522736]
4351
[0.18363082]
4352
[0.13360362]
4353
[0.33899645]
4354
[0.09968223]
4355
[0.18992473]
4356
[0.19177165]
4357
[0.17611272]
4358
[0.1889672]
4359
[0.23863996]
4360
[0.27241054]
4361
[0.27747651]
4362
[0.28584712]
4363
[0.11515832]
4364
[0.10143164]
4365
[0.19113805]
4366
[0.22408495]
4367
[0.23906827]
4368
[0.20748044]
4369
[0.12516812]
4370
[0.12515621]
4371
[0.17182711]
4372
[0.21586257]
4373
[0.20590704]
4374
[0.09914456]
4375
[0.29235599]
4376
[0.18698567]
4377
[0.18519974]
4378
[0.28288146]
4379
[0.15243883]
4380
[0.08206916]
4381
[0.14920971]
4382
[0.20804215]
4383
[0.13774562]
4384
[0.2205738]
4385
[0.11623807]
4386
[0.16043121]
4387
[0.18166664]
4388
[0.23668633]
4389
[0.127852]
4390
[0.3570095]
4391
[0.14115863]
4392
[0.23106808]
4393
[0.10296986]
4394
[0.19388354]
4395
[0.15062556]
4396
[0.22514311]
4397
[0.23725234]
4398
[0.08524574]
4399
[0.23606524]
4400
[0.20572697]
4401
[0.16160531]
4402
[0.19566447]
4403
[0.17858667]
4404
[0.24611433]
4405
[0.17051382]
4406
[0.19607353]
4407
[0.21975117]
4408
[0.1543097]
4409
[0.17100535]
4410
[0.14039426]
4411
[0.13114579]
4412
[0.11020127]
4413
[0.12186812]
4414
[0.1637852]
4415
[0.46695971]
4416
[0.21522381]
4417
[0.17755606]
4418
[0.4157899]
4419
[0.32767076]
4420
[0.26544292]
4421
[0.12106398]
4422
[0.27869653]
4423
[0.09007469]
4424
[0.13162627]
4425
[0.21690284]
4426
[0.1945785]
4427
[0.20976787]
4428
[0.1128934]
4429
[0.37054303]
4430
[0.2671053]
4431
[0.12164347]
4432
[0.12852473]
4433
[0.13094494]
4434
[0.07007217]
4435
[0.32086065]
4436
[0.25601847]
4437
[0.09276421]
4438
[0.25342553]
4439
[0.18110471]
4440
[0.17080756]
4441
[0.25567941]
4442
[0.17291945]
4443
[0.13000524]
4444
[0.19042759]
4445
[0.11420823]
4446
[0.10760592]
4447
[0.13215597]
4448
[0.32234449]
4449
[0.23749975]
4450
[0.20517613]
4451
[0.24448439]
4452
[0.17159241]
4453
[0.10642818]
4454
[0.1716282]
4455
[0.30837714]
4456
[0.20617718]
4457
[0.13583957]
4458
[0.15750051]
4459
[0.21567025]
4460
[0.28513443]
4461
[0.20179761]
4462
[0.14795969]
4463
[0.08144001]
4464
[0.06885173]
4465
[0.05636078]
4466
[0.19527608]
4467
[0.15971166]
4468
[0.1363757]
4469
[0.05881731]
4470
[0.18181589]
4471
[0.31214331]
4472
[0.2087092]
4473
[0.1674472]
4474
[0.14031279]
4475
[0.11414693]
4476
[0.14796616]
4477
[0.14191637]
4478
[0.35846947]
4479
[0.14925993]
4480
[0.2225688]
4481
[0.32595349]
4482
[0.16018148]
4483
[0.06315826]
4484
[0.21877247]
4485
[0.15141455]
4486
[0.16463364]
4487
[0.19496317]
4488
[0.14324353]
4489
[0.23922273]
4490
[0.0656694]
4491
[0.18623343]
4492
[0.22404379]
4493
[0.15566331]
4494
[0.11631761]
4495
[0.16952755]
4496
[0.14995088]
4497
[0.1867926]
4498
[0.2593895]
4499
[0.18325564]
4500
[0.22651528]
4501
[0.17538589]
4502
[0.15966136]
4503
[0.21959538]
4504
[0.14325571]
4505
[0.09636446]
4506
[0.16643883]
4507
[0.27966811]
4508
[0.17345195]
4509
[0.32960083]
4510
[0.16202409]
4511
[0.09668406]
4512
[0.11144566]
4513
[0.18484645]
4514
[0.10831296]
4515
[0.1657299]
4516
[0.075733]
4517
[0.15624246]
4518
[0.16913445]
4519
[0.06181584]
4520
[0.22547504]
4521
[0.11484547]
4522
[0.25450685]
4523
[0.33498909]
4524
[0.31147181]
4525
[0.224744]
4526
[0.19139101]
4527
[0.08075282]
4528
[0.15026901]
4529
[0.14741311]
4530
[0.32711214]
4531
[0.07374487]
4532
[0.18440906]
4533
[0.27666253]
4534
[0.18651522]
4535
[0.33004567]
4536
[0.16753509]
4537
[0.12724472]
4538
[0.0548545]
4539
[0.29338291]
4540
[0.16663338]
4541
[0.1513693]
4542
[0.11700921]
4543
[0.1141207]
4544
[0.09799608]
4545
[0.15189084]
4546
[0.18799341]
4547
[0.16230063]
4548
[0.08128403]
4549
[0.15720719]
4550
[0.12939409]
4551
[0.19468182]
4552
[0.20304469]
4553
[0.21549136]
4554
[0.1429755]
4555
[0.24009301]
4556
[0.20142613]
4557
[0.27139845]
4558
[0.12320993]
4559
[0.15955063]
4560
[0.04144274]
4561
[0.12902323]
4562
[0.15941906]
4563
[0.14387533]
4564
[0.1608542]
4565
[0.19116319]
4566
[0.11300613]
4567
[0.17002874]
4568
[0.16352037]
4569
[0.21987434]
4570
[0.27650839]
4571
[0.14642962]
4572
[0.14329614]
4573
[0.3110729]
4574
[0.17022378]
4575
[0.12214344]
4576
[0.23104931]
4577
[0.14952739]
4578
[0.12621869]
4579
[0.13807224]
4580
[0.09454515]
4581
[0.18415841]
4582
[0.09603903]
4583
[0.1446623]
4584
[0.36183298]
4585
[0.1574609]
4586
[0.13536778]
4587
[0.14764717]
4588
[0.14426013]
4589
[0.15068823]
4590
[0.22932009]
4591
[0.23392425]
4592
[0.10008679]
4593
[0.14440829]
4594
[0.16331565]
4595
[0.22258868]
4596
[0.19083593]
4597
[0.10334701]
4598
[0.1810534]
4599
[0.20708659]
4600
[0.19623649]
4601
[0.25109329]
4602
[0.13826384]
4603
[0.23508923]
4604
[0.21629225]
4605
[0.2057421]
4606
[0.08237361]
4607
[0.1206315]
4608
[0.16963929]
4609
[0.36202993]
4610
[0.21518667]
4611
[0.19820909]
4612
[0.05517972]
4613
[0.12971535]
4614
[0.21246603]
4615
[0.15414845]
4616
[0.20907513]
4617
[0.35223195]
4618
[0.35219276]
4619
[0.30683865]
4620
[0.17487634]
4621
[0.3429725]
4622
[0.09048798]
4623
[0.11021505]
4624
[0.15682272]
4625
[0.10260826]
4626
[0.14668949]
4627
[0.10664006]
4628
[0.08258384]
4629
[0.2416776]
4630
[0.21478319]
4631
[0.16142925]
4632
[0.20412076]
4633
[0.29638179]
4634
[0.08744236]
4635
[0.24682175]
4636
[0.41789995]
4637
[0.12556867]
4638
[0.12929553]
4639
[0.08055465]
4640
[0.23760816]
4641
[0.2631119]
4642
[0.3004751]
4643
[0.16342542]
4644
[0.16403985]
4645
[0.22579668]
4646
[0.2007451]
4647
[0.12504565]
4648
[0.2600436]
4649
[0.17733333]
4650
[0.14774088]
4651
[0.18197886]
4652
[0.19814913]
4653
[0.37319118]
4654
[0.21584092]
4655
[0.26113856]
4656
[0.20685477]
4657
[0.21331457]
4658
[0.2086722]
4659
[0.27092307]
4660
[0.11761856]
4661
[0.16714451]
4662
[0.19833491]
4663
[0.13179413]
4664
[0.1849452]
4665
[0.262625]
4666
[0.36098342]
4667
[0.08595551]
4668
[0.1533147]
4669
[0.14292888]
4670
[0.24027758]
4671
[0.43686483]
4672
[0.18047024]
4673
[0.35188435]
4674
[0.30938602]
4675
[0.14290877]
4676
[0.12529443]
4677
[0.19813712]
4678
[0.33457875]
4679
[0.27651647]
4680
[0.10925679]
4681
[0.16073803]
4682
[0.19872019]
4683
[0.17738994]
4684
[0.18555113]
4685
[0.18898226]
4686
[0.07532368]
4687
[0.10351509]
4688
[0.14706651]
4689
[0.31128662]
4690
[0.13950542]
4691
[0.16538744]
4692
[0.19805444]
4693
[0.15000629]
4694
[0.32306534]
4695
[0.11566113]
4696
[0.24885412]
4697
[0.14204562]
4698
[0.26937342]
4699
[0.22763606]
4700
[0.21408996]
4701
[0.28773475]
4702
[0.16621674]
4703
[0.07881541]
4704
[0.22284531]
4705
[0.2088994]
4706
[0.34160262]
4707
[0.24956854]
4708
[0.22623593]
4709
[0.18146851]
4710
[0.08359723]
4711
[0.19875365]
4712
[0.22944876]
4713
[0.08313672]
4714
[0.13736918]
4715
[0.11977816]
4716
[0.17356427]
4717
[0.15115328]
4718
[0.1477176]
4719
[0.20087862]
4720
[0.3632488]
4721
[0.26717711]
4722
[0.21289726]
4723
[0.25639647]
4724
[0.13689024]
4725
[0.2119296]
4726
[0.16554961]
4727
[0.13141776]
4728
[0.34332598]
4729
[0.11827548]
4730
[0.14323599]
4731
[0.18021846]
4732
[0.32557713]
4733
[0.14196303]
4734
[0.11860003]
4735
[0.0994728]
4736
[0.16621843]
4737
[0.20703797]
4738
[0.2155552]
4739
[0.21024215]
4740
[0.19916084]
4741
[0.17220326]
4742
[0.10377198]
4743
[0.14245216]
4744
[0.13736985]
4745
[0.28854817]
4746
[0.15989798]
4747
[0.15550209]
4748
[0.1121663]
4749
[0.17583877]
4750
[0.11795627]
4751
[0.22090284]
4752
[0.14198532]
4753
[0.07641209]
4754
[0.14168151]
4755
[0.25505313]
4756
[0.0982991]
4757
[0.2827646]
4758
[0.15110816]
4759
[0.2131489]
4760
[0.12853576]
4761
[0.1184869]
4762
[0.08199823]
4763
[0.14670984]
4764
[0.16664568]
4765
[0.12142984]
4766
[0.18222361]
4767
[0.25797184]
4768
[0.10704847]
4769
[0.13161981]
4770
[0.3066226]
4771
[0.28256275]
4772
[0.13400586]
4773
[0.1372686]
4774
[0.18941068]
4775
[0.11546622]
4776
[0.17767534]
4777
[0.24415524]
4778
[0.22251273]
4779
[0.24699574]
4780
[0.05089754]
4781
[0.13441866]
4782
[0.11611337]
4783
[0.35430526]
4784
[0.1911661]
4785
[0.09389223]
4786
[0.29263329]
4787
[0.34347657]
4788
[0.12624726]
4789
[0.19275606]
4790
[0.13925356]
4791
[0.10735918]
4792
[0.16565395]
4793
[0.14256568]
4794
[0.17032206]
4795
[0.36394629]
4796
[0.2477402]
4797
[0.20785059]
4798
[0.05922062]
4799
[0.24763761]
4800
[0.09950892]
4801
[0.16315638]
4802
[0.09978582]
4803
[0.16784594]
4804
[0.1423844]
4805
[0.26730069]
4806
[0.2329741]
4807
[0.20893975]
4808
[0.10560294]
4809
[0.12765149]
4810
[0.18704976]
4811
[0.22980441]
4812
[0.12089305]
4813
[0.1783756]
4814
[0.2333572]
4815
[0.1126501]
4816
[0.15888906]
4817
[0.19041137]
4818
[0.22704192]
4819
[0.20007447]
4820
[0.29728384]
4821
[0.21736591]
4822
[0.11003776]
4823
[0.19915844]
4824
[0.2814415]
4825
[0.19072862]
4826
[0.15910115]
4827
[0.15200146]
4828
[0.2592027]
4829
[0.3168734]
4830
[0.08615008]
4831
[0.23244463]
4832
[0.23756068]
4833
[0.10650027]
4834
[0.20439589]
4835
[0.13499611]
4836
[0.22779712]
4837
[0.27378239]
4838
[0.31279595]
4839
[0.11030376]
4840
[0.20205804]
4841
[0.10308441]
4842
[0.14533651]
4843
[0.21561607]
4844
[0.13158684]
4845
[0.21102434]
4846
[0.30910137]
4847
[0.12192067]
4848
[0.06504666]
4849
[0.21237694]
4850
[0.16958836]
4851
[0.15837681]
4852
[0.07162282]
4853
[0.20349178]
4854
[0.16764841]
4855
[0.13902119]
4856
[0.17410375]
4857
[0.10089198]
4858
[0.23284309]
4859
[0.13093287]
4860
[0.2254151]
4861
[0.19614404]
4862
[0.17062702]
4863
[0.14736012]
4864
[0.14931744]
4865
[0.18070043]
4866
[0.12857359]
4867
[0.24413457]
4868
[0.2525019]
4869
[0.1883807]
4870
[0.11880398]
4871
[0.32603214]
4872
[0.22544869]
4873
[0.12827301]
4874
[0.16873209]
4875
[0.11376726]
4876
[0.2161275]
4877
[0.23450279]
4878
[0.18316395]
4879
[0.24360308]
4880
[0.10312981]
4881
[0.2180933]
4882
[0.22816058]
4883
[0.1705672]
4884
[0.10221701]
4885
[0.1120625]
4886
[0.29700563]
4887
[0.25370574]
4888
[0.24234111]
4889
[0.22439132]
4890
[0.12136505]
4891
[0.29445155]
4892
[0.15418601]
4893
[0.23936131]
4894
[0.19177174]
4895
[0.11898231]
4896
[0.12699268]
4897
[0.18304754]
4898
[0.1015049]
4899
[0.13851788]
4900
[0.24353846]
4901
[0.08317338]
4902
[0.28808685]
4903
[0.06287308]
4904
[0.11951866]
4905
[0.1714192]
4906
[0.13128347]
4907
[0.13869691]
4908
[0.13863229]
4909
[0.10977053]
4910
[0.11473956]
4911
[0.14839809]
4912
[0.21153286]
4913
[0.21172001]
4914
[0.15336646]
4915
[0.12812724]
4916
[0.10581177]
4917
[0.22468771]
4918
[0.20723747]
4919
[0.16022903]
4920
[0.16265381]
4921
[0.23175332]
4922
[0.27274418]
4923
[0.17120916]
4924
[0.15027373]
4925
[0.16638049]
4926
[0.38420976]
4927
[0.27035795]
4928
[0.09501128]
4929
[0.16015968]
4930
[0.06577843]
4931
[0.19747321]
4932
[0.16779413]
4933
[0.16261527]
4934
[0.18237678]
4935
[0.18476967]
4936
[0.1650346]
4937
[0.17022685]
4938
[0.1529074]
4939
[0.1447233]
4940
[0.17914346]
4941
[0.13231899]
4942
[0.16541128]
4943
[0.27592071]
4944
[0.15985356]
4945
[0.41821256]
4946
[0.23520523]
4947
[0.13661465]
4948
[0.17659713]
4949
[0.12330453]
4950
[0.25509094]
4951
[0.18264612]
4952
[0.10603227]
4953
[0.10783259]
4954
[0.18911609]
4955
[0.18513086]
4956
[0.12159069]
4957
[0.38338163]
4958
[0.16293448]
4959
[0.31335599]
4960
[0.41050292]
4961
[0.15310804]
4962
[0.351366]
4963
[0.12949353]
4964
[0.20345927]
4965
[0.40335718]
4966
[0.19285819]
4967
[0.18429341]
4968
[0.13892992]
4969
[0.31149625]
4970
[0.23140351]
4971
[0.14621663]
4972
[0.15739617]
4973
[0.25284125]
4974
[0.21494246]
4975
[0.1726791]
4976
[0.20359801]
4977
[0.120403]
4978
[0.29984261]
4979
[0.35915653]
4980
[0.17477207]
4981
[0.29847428]
4982
[0.15104481]
4983
[0.20319901]
4984
[0.14201135]
4985
[0.16421446]
4986
[0.11390093]
4987
[0.12594328]
4988
[0.18443094]
4989
[0.27240815]
4990
[0.14001873]
4991
[0.18431933]
4992
[0.21811649]
4993
[0.25646396]
4994
[0.1126981]
4995
[0.15629539]
4996
[0.15467512]
4997
[0.20470303]
4998
[0.18674984]
4999
[0.102883]
[1] 40000    11
[1] 40000    11
