LOADING R
R LOADED
[1] "/home/lvanderl/Rlibs2"                         
[2] "/app/software/R/4.3.1-gfbf-2022b/lib/R/library"
[1] "/home/lvanderl/sieveSims"
[1] "xg 1 2"
[1] "histogram binning"
[1] 0.06507979
[1] 0.06507979
[1] "mondrian"
[1] "iso"
[1] 0.06507979
[1] "conditional"
[   10.            11.51395399    13.25711366    15.26417967
    17.57510625    20.23589648    23.29951811    26.82695795
    30.88843596    35.56480306    40.94915062    47.14866363
    54.28675439    62.50551925    71.9685673     82.86427729
    95.40954763   109.8541142    126.48552169   145.63484775
   167.68329368   193.06977289   222.29964825   255.95479227
   294.70517026   339.32217719   390.69399371   449.8432669
   517.94746792   596.36233166   686.648845     790.60432109
   910.29817799  1048.11313415  1206.79264064  1389.49549437
  1599.85871961  1842.06996933  2120.95088792  2442.05309455
  2811.76869797  3237.45754282  3727.59372031  4291.93426013
  4941.71336132  5689.86602902  6551.2855686   7543.12006335
  8685.11373751 10000.        ]
[ 0.14177452  0.14256703  0.15413586  0.14992097  0.14736732  0.15087197
  0.14384883  0.15339868  0.18259276  0.16149396  0.150755    0.17991984
  0.17646736  0.19413946  0.17865917  0.20348543  0.192168    0.25494321
  0.28174899  0.28841782  0.20071317  0.31332225  0.49353714  0.31261383
  0.41691596  0.45815138  0.39929135  0.64612716  0.5601187   0.65996053
  0.91495419  0.81721791  1.42900164  0.92409614  1.76481065  1.81545883
  2.24976167  2.46239921  2.70120187  4.31728305  2.94423738  3.97062049
  5.02048584  3.86745654  5.3836384   7.84341585  6.90292353  7.84740359
  6.81951771 14.64350674]
10.0
0.1
0
[0.28131803]
1
[0.21929305]
2
[0.14547513]
3
[0.25899323]
4
[0.25518446]
5
[0.16241082]
6
[0.23481945]
7
[0.04006896]
8
[0.17670518]
9
[0.28028052]
10
[0.15939054]
11
[0.27232837]
12
[0.05593817]
13
[0.08965986]
14
[0.16733637]
15
[0.15105186]
16
[0.03178047]
17
[0.15418344]
18
[0.21445049]
19
[0.18820598]
20
[0.15590217]
21
[0.24977817]
22
[0.266777]
23
[0.23359994]
24
[0.26160844]
25
[0.27939917]
26
[0.17666149]
27
[0.03523913]
28
[0.27089427]
29
[0.24814868]
30
[0.2116913]
31
[0.19968367]
32
[0.23516865]
33
[0.09637283]
34
[0.1737107]
35
[0.24198951]
36
[0.27791046]
37
[0.21963702]
38
[0.22897761]
39
[0.09463428]
40
[0.21518576]
41
[0.03476527]
42
[0.27138037]
43
[0.17312263]
44
[0.27549565]
45
[0.27043138]
46
[0.19733343]
47
[0.19628194]
48
[0.24173337]
49
[0.14753734]
50
[0.28166927]
51
[0.14915862]
52
[0.17599755]
53
[0.25964357]
54
[0.05034864]
55
[0.19105087]
56
[0.10795897]
57
[0.21213177]
58
[0.02833421]
59
[0.16853196]
60
[0.21671366]
61
[0.16705929]
62
[0.26427531]
63
[0.06107871]
64
[0.28165479]
65
[0.25511013]
66
[0.20602182]
67
[0.19384219]
68
[0.13799307]
69
[0.14908455]
70
[0.17146449]
71
[0.2587994]
72
[0.24119875]
73
[0.24160605]
74
[0.21293317]
75
[0.14726032]
76
[0.27261018]
77
[0.27464439]
78
[0.15413529]
79
[0.1580665]
80
[0.14866706]
81
[0.14789063]
82
[0.27645518]
83
[0.28158175]
84
[0.28054929]
85
[0.28058218]
86
[0.27128471]
87
[0.19525912]
88
[0.23683653]
89
[0.03919232]
90
[0.09453316]
91
[0.27650761]
92
[0.20774061]
93
[0.22711056]
94
[0.27524924]
95
[0.27491718]
96
[0.05666731]
97
[0.14240089]
98
[0.1466261]
99
[0.15774901]
100
[0.27192311]
101
[0.2814883]
102
[0.27154952]
103
[0.20074759]
104
[0.07772899]
105
[0.27481863]
106
[0.18085809]
107
[0.1568967]
108
[0.26962398]
109
[0.19871241]
110
[0.19196378]
111
[0.25711642]
112
[0.16101335]
113
[0.05388484]
114
[0.23954312]
115
[0.21339777]
116
[0.12493591]
117
[0.27898591]
118
[0.04628723]
119
[0.08935953]
120
[0.17944654]
121
[0.27647987]
122
[0.27627265]
123
[0.23596115]
124
[0.14719428]
125
[0.25489703]
126
[0.09998961]
127
[0.13318927]
128
[0.25007348]
129
[0.18531288]
130
[0.20686578]
131
[0.28145647]
132
[0.08244462]
133
[0.27487291]
134
[0.03461052]
135
[0.11945599]
136
[0.2534132]
137
[0.05380071]
138
[0.13547161]
139
[0.21745331]
140
[0.26423998]
141
[0.26746956]
142
[0.26856398]
143
[0.07098944]
144
[0.11575179]
145
[0.27450791]
146
[0.06083171]
147
[0.24948534]
148
[0.06811934]
149
[0.27261096]
150
[0.25547021]
151
[0.15146043]
152
[0.19863894]
153
[0.16950138]
154
[0.16257337]
155
[0.24501078]
156
[0.28100163]
157
[0.14673141]
158
[0.20451786]
159
[0.12854925]
160
[0.2324949]
161
[0.27732411]
162
[0.07074128]
163
[0.28091279]
164
[0.17747865]
165
[0.08411632]
166
[0.14725223]
167
[0.18772785]
168
[0.14873734]
169
[0.14747762]
170
[0.04136093]
171
[0.16874377]
172
[0.28026178]
173
[0.17740384]
174
[0.24953195]
175
[0.24394396]
176
[0.13494159]
177
[0.06497362]
178
[0.27023995]
179
[0.15031195]
180
[0.20801766]
181
[0.16004501]
182
[0.28164488]
183
[0.23305942]
184
[0.19196555]
185
[0.17726687]
186
[0.20948115]
187
[0.14843017]
188
[0.19690887]
189
[0.05405189]
190
[0.16242761]
191
[0.15767441]
192
[0.26481898]
193
[0.18432732]
194
[0.23398078]
195
[0.20366897]
196
[0.18562444]
197
[0.12981879]
198
[0.28152076]
199
[0.16022274]
200
[0.2816774]
201
[0.14928714]
202
[0.18957985]
203
[0.26660686]
204
[0.04031271]
205
[0.14308007]
206
[0.0903]
207
[0.24456114]
208
[0.15272729]
209
[0.27359786]
210
[0.25443388]
211
[0.28123796]
212
[0.17232075]
213
[0.06679821]
214
[0.26880576]
215
[0.21954751]
216
[0.22053196]
217
[0.21509534]
218
[0.27618437]
219
[0.21695714]
220
[0.16515852]
221
[0.28084278]
222
[0.27122924]
223
[0.24658329]
224
[0.14649442]
225
[0.25631555]
226
[0.27629548]
227
[0.28124334]
228
[0.15259244]
229
[0.21734823]
230
[0.28145321]
231
[0.19108966]
232
[0.26409528]
233
[0.22776978]
234
[0.27902338]
235
[0.16806434]
236
[0.16367593]
237
[0.28166921]
238
[0.16494249]
239
[0.2810125]
240
[0.15162035]
241
[0.26705687]
242
[0.28123222]
243
[0.2073746]
244
[0.23944231]
245
[0.13262109]
246
[0.28161809]
247
[0.26063563]
248
[0.16054998]
249
[0.19767835]
250
[0.28167683]
251
[0.15415403]
252
[0.23918801]
253
[0.1070109]
254
[0.11490817]
255
[0.17256235]
256
[0.24605967]
257
[0.07561297]
258
[0.23920665]
259
[0.11693156]
260
[0.09025828]
261
[0.26443568]
262
[0.27895197]
263
[0.22566098]
264
[0.1355378]
265
[0.27404315]
266
[0.26179819]
267
[0.15565441]
268
[0.19507518]
269
[0.2061301]
270
[0.20027245]
271
[0.2598518]
272
[0.28161793]
273
[0.27360493]
274
[0.19644418]
275
[0.10254227]
276
[0.15048808]
277
[0.16902245]
278
[0.18737323]
279
[0.05670577]
280
[0.0923638]
281
[0.16550504]
282
[0.1781844]
283
[0.07889908]
284
[0.03299941]
285
[0.22299383]
286
[0.1267086]
287
[0.25031537]
288
[0.14915023]
289
[0.1858005]
290
[0.24574468]
291
[0.23496569]
292
[0.14666502]
293
[0.05116827]
294
[0.17469923]
295
[0.25595715]
296
[0.15259634]
297
[0.26059609]
298
[0.05662174]
299
[0.2598408]
300
[0.2816558]
301
[0.15373175]
302
[0.27788839]
303
[0.27633751]
304
[0.15648184]
305
[0.16066333]
306
[0.07357578]
307
[0.28139376]
308
[0.11850567]
309
[0.253311]
310
[0.24049158]
311
[0.14860135]
312
[0.10599811]
313
[0.2567664]
314
[0.24100939]
315
[0.16716346]
316
[0.14651411]
317
[0.15769325]
318
[0.23855436]
319
[0.14564736]
320
[0.27929543]
321
[0.27463418]
322
[0.28142422]
323
[0.2755374]
324
[0.25174822]
325
[0.19106237]
326
[0.21438965]
327
[0.27392524]
328
[0.15145971]
329
[0.15551594]
330
[0.14755874]
331
[0.14657224]
332
[0.23718208]
333
[0.2383641]
334
[0.08836317]
335
[0.19034254]
336
[0.24350084]
337
[0.2326801]
338
[0.27495149]
339
[0.21954241]
340
[0.23964253]
341
[0.28166823]
342
[0.14737789]
343
[0.13340879]
344
[0.1157377]
345
[0.26602043]
346
[0.14668488]
347
[0.16917552]
348
[0.20495077]
349
[0.27589164]
350
[0.25112309]
351
[0.20638188]
352
[0.14702556]
353
[0.16206525]
354
[0.24600593]
355
[0.27991766]
356
[0.1465041]
357
[0.22536257]
358
[0.11933815]
359
[0.25893195]
360
[0.10035478]
361
[0.06987454]
362
[0.28159109]
363
[0.2413781]
364
[0.27619793]
365
[0.10550191]
366
[0.28147375]
367
[0.2541733]
368
[0.27911]
369
[0.28025383]
370
[0.28167603]
371
[0.20479027]
372
[0.21244124]
373
[0.11429286]
374
[0.1803427]
375
[0.27360276]
376
[0.20732039]
377
[0.05514824]
378
[0.14883398]
379
[0.04942198]
380
[0.25414401]
381
[0.26373583]
382
[0.23071451]
383
[0.21592264]
384
[0.22709571]
385
[0.1503043]
386
[0.27713886]
387
[0.22905573]
388
[0.16105064]
389
[0.17699666]
390
[0.05453027]
391
[0.14918222]
392
[0.14704814]
393
[0.03068239]
394
[0.18930694]
395
[0.20112604]
396
[0.1747998]
397
[0.06335441]
398
[0.28131884]
399
[0.17315002]
400
[0.23936787]
401
[0.2774206]
402
[0.18551487]
403
[0.27707216]
404
[0.15113341]
405
[0.21551914]
406
[0.27431411]
407
[0.17317874]
408
[0.13185666]
409
[0.19481102]
410
[0.26654845]
411
[0.19119743]
412
[0.18504914]
413
[0.28161996]
414
[0.14282763]
415
[0.26377717]
416
[0.16350143]
417
[0.04525988]
418
[0.23280572]
419
[0.19792704]
420
[0.14983294]
421
[0.27699724]
422
[0.14961272]
423
[0.27297232]
424
[0.27505037]
425
[0.23188347]
426
[0.27722278]
427
[0.22393266]
428
[0.27957244]
429
[0.2342125]
430
[0.14780592]
431
[0.12900327]
432
[0.21367146]
433
[0.28012874]
434
[0.16471418]
435
[0.25880168]
436
[0.26679991]
437
[0.24046949]
438
[0.16396332]
439
[0.1670718]
440
[0.15013657]
441
[0.11066518]
442
[0.08418389]
443
[0.27980609]
444
[0.26037163]
445
[0.15031107]
446
[0.15849824]
447
[0.27828959]
448
[0.18381697]
449
[0.22595106]
450
[0.27192841]
451
[0.16939972]
452
[0.188423]
453
[0.2403572]
454
[0.14683791]
455
[0.18720765]
456
[0.14811057]
457
[0.06869491]
458
[0.1486941]
459
[0.21629181]
460
[0.15895263]
461
[0.15722752]
462
[0.16399913]
463
[0.11291455]
464
[0.14666726]
465
[0.27372879]
466
[0.18398387]
467
[0.18346703]
468
[0.14768946]
469
[0.17072205]
470
[0.19577292]
471
[0.27777421]
472
[0.1319556]
473
[0.28083343]
474
[0.08468881]
475
[0.13895543]
476
[0.0484759]
477
[0.27763354]
478
[0.28050987]
479
[0.24058876]
480
[0.10083206]
481
[0.24016848]
482
[0.27141981]
483
[0.1291795]
484
[0.25448601]
485
[0.26506909]
486
[0.15046129]
487
[0.26498245]
488
[0.25774142]
489
[0.28165624]
490
[0.26349165]
491
[0.09311403]
492
[0.22037121]
493
[0.1479053]
494
[0.22403795]
495
[0.03561966]
496
[0.07692245]
497
[0.14695907]
498
[0.13149969]
499
[0.14993591]
500
[0.27566333]
501
[0.27213363]
502
[0.26625982]
503
[0.15102943]
504
[0.11086241]
505
[0.26961686]
506
[0.27986999]
507
[0.08043227]
508
[0.09902759]
509
[0.1764072]
510
[0.28078395]
511
[0.19200487]
512
[0.16026317]
513
[0.26730892]
514
[0.18178193]
515
[0.14720503]
516
[0.1405144]
517
[0.04034343]
518
[0.26228698]
519
[0.15806118]
520
[0.15398152]
521
[0.15356028]
522
[0.16954761]
523
[0.21482753]
524
[0.24327715]
525
[0.1622737]
526
[0.25524353]
527
[0.22400594]
528
[0.15186697]
529
[0.15604343]
530
[0.14653524]
531
[0.03117548]
532
[0.22287947]
533
[0.1119521]
534
[0.23584408]
535
[0.1317676]
536
[0.15649433]
537
[0.26872705]
538
[0.04607308]
539
[0.28026735]
540
[0.19501321]
541
[0.25819942]
542
[0.21778814]
543
[0.23403461]
544
[0.2342312]
545
[0.2548679]
546
[0.1596946]
547
[0.05823544]
548
[0.03284354]
549
[0.16453387]
550
[0.21568749]
551
[0.27967948]
552
[0.25888152]
553
[0.18315624]
554
[0.26641232]
555
[0.27986347]
556
[0.28092426]
557
[0.20095493]
558
[0.08529401]
559
[0.28120763]
560
[0.1794286]
561
[0.1627174]
562
[0.19038117]
563
[0.14881219]
564
[0.18522811]
565
[0.27890927]
566
[0.03600344]
567
[0.07330941]
568
[0.14970884]
569
[0.25155065]
570
[0.21266411]
571
[0.07556233]
572
[0.23732689]
573
[0.26008956]
574
[0.25709103]
575
[0.20301927]
576
[0.19563013]
577
[0.22335753]
578
[0.26507917]
579
[0.23813033]
580
[0.20425378]
581
[0.14709346]
582
[0.17382027]
583
[0.16560472]
584
[0.24807504]
585
[0.04342231]
586
[0.20290057]
587
[0.25731152]
588
[0.27884658]
589
[0.27913112]
590
[0.098902]
591
[0.24785369]
592
[0.1343621]
593
[0.16482587]
594
[0.26147582]
595
[0.19670576]
596
[0.1472605]
597
[0.24561159]
598
[0.16133497]
599
[0.26644711]
600
[0.06241809]
601
[0.27617449]
602
[0.2770561]
603
[0.27570877]
604
[0.03093251]
605
[0.09615096]
606
[0.16292533]
607
[0.09577012]
608
[0.2267594]
609
[0.17834265]
610
[0.18058889]
611
[0.03982982]
612
[0.147166]
613
[0.27810552]
614
[0.21447902]
615
[0.28162802]
616
[0.11068108]
617
[0.28161368]
618
[0.14741567]
619
[0.16033017]
620
[0.10126802]
621
[0.26306879]
622
[0.04169803]
623
[0.26771477]
624
[0.25466763]
625
[0.10226268]
626
[0.21408452]
627
[0.27497841]
628
[0.16594987]
629
[0.23426859]
630
[0.21415774]
631
[0.2646103]
632
[0.14765653]
633
[0.28036393]
634
[0.14687145]
635
[0.28156564]
636
[0.20355856]
637
[0.17981512]
638
[0.25587261]
639
[0.0631841]
640
[0.27916665]
641
[0.28120514]
642
[0.28110718]
643
[0.25449326]
644
[0.07694604]
645
[0.27987311]
646
[0.25482998]
647
[0.24658175]
648
[0.27739887]
649
[0.26757638]
650
[0.2502158]
651
[0.24300747]
652
[0.13249495]
653
[0.25099058]
654
[0.16470652]
655
[0.19874703]
656
[0.04912238]
657
[0.06504093]
658
[0.15732023]
659
[0.2680258]
660
[0.26044775]
661
[0.15971748]
662
[0.04997529]
663
[0.18701529]
664
[0.26539825]
665
[0.18329942]
666
[0.22862181]
667
[0.27876554]
668
[0.21948976]
669
[0.17116066]
670
[0.20558761]
671
[0.14649277]
672
[0.19814055]
673
[0.05136738]
674
[0.22715061]
675
[0.03401918]
676
[0.19293642]
677
[0.05379891]
678
[0.23467031]
679
[0.1112682]
680
[0.14097479]
681
[0.165169]
682
[0.27766632]
683
[0.22466957]
684
[0.21797567]
685
[0.17800615]
686
[0.28010901]
687
[0.04698754]
688
[0.23476418]
689
[0.27372834]
690
[0.27259357]
691
[0.22300073]
692
[0.10862914]
693
[0.23004342]
694
[0.20403584]
695
[0.17857827]
696
[0.26921704]
697
[0.08662625]
698
[0.02954824]
699
[0.2806016]
700
[0.2760607]
701
[0.17810979]
702
[0.28122103]
703
[0.19626397]
704
[0.14769933]
705
[0.08191129]
706
[0.16809278]
707
[0.18688363]
708
[0.26702254]
709
[0.15801984]
710
[0.25632311]
711
[0.1451422]
712
[0.06964526]
713
[0.11816747]
714
[0.21718752]
715
[0.18039371]
716
[0.1938494]
717
[0.15657642]
718
[0.23570527]
719
[0.04462016]
720
[0.20980461]
721
[0.16657605]
722
[0.1589797]
723
[0.16626376]
724
[0.28167474]
725
[0.24039855]
726
[0.25894655]
727
[0.2620488]
728
[0.06663156]
729
[0.2598486]
730
[0.23589771]
731
[0.27945484]
732
[0.16766214]
733
[0.28033323]
734
[0.2100831]
735
[0.02860092]
736
[0.2810084]
737
[0.25663822]
738
[0.28163974]
739
[0.19518701]
740
[0.18146039]
741
[0.17355437]
742
[0.17233893]
743
[0.17424854]
744
[0.04280138]
745
[0.14726248]
746
[0.22820415]
747
[0.09492563]
748
[0.15737318]
749
[0.10958105]
750
[0.24020991]
751
[0.26098788]
752
[0.2796616]
753
[0.27931888]
754
[0.11462]
755
[0.19383475]
756
[0.16966898]
757
[0.26914187]
758
[0.14726204]
759
[0.21260777]
760
[0.07799734]
761
[0.18794583]
762
[0.23700131]
763
[0.15263408]
764
[0.20514192]
765
[0.0291163]
766
[0.2268777]
767
[0.28140198]
768
[0.12076294]
769
[0.28161914]
770
[0.28117931]
771
[0.16608572]
772
[0.2596534]
773
[0.04992864]
774
[0.05914235]
775
[0.22014805]
776
[0.25837534]
777
[0.19285389]
778
[0.24323336]
779
[0.27540326]
780
[0.27051915]
781
[0.19828944]
782
[0.17644823]
783
[0.14989794]
784
[0.04083777]
785
[0.03063143]
786
[0.23813593]
787
[0.19875755]
788
[0.04060085]
789
[0.27252565]
790
[0.27650734]
791
[0.18260708]
792
[0.162183]
793
[0.27726087]
794
[0.08306841]
795
[0.27571694]
796
[0.24565761]
797
[0.17502252]
798
[0.22341061]
799
[0.20476998]
800
[0.15030376]
801
[0.27513708]
802
[0.20061355]
803
[0.21898137]
804
[0.13788578]
805
[0.23453721]
806
[0.25685326]
807
[0.17061036]
808
[0.23765533]
809
[0.23791228]
810
[0.20358391]
811
[0.05186574]
812
[0.05214505]
813
[0.20252656]
814
[0.27671206]
815
[0.27563383]
816
[0.27895481]
817
[0.23022842]
818
[0.11132988]
819
[0.27697848]
820
[0.225648]
821
[0.03350065]
822
[0.20126849]
823
[0.13345107]
824
[0.2261526]
825
[0.15902006]
826
[0.20327103]
827
[0.14625017]
828
[0.16191799]
829
[0.23534643]
830
[0.27287689]
831
[0.26151889]
832
[0.24952366]
833
[0.24525692]
834
[0.26111068]
835
[0.28012199]
836
[0.02972577]
837
[0.25919139]
838
[0.08316515]
839
[0.14684723]
840
[0.06656599]
841
[0.1095437]
842
[0.15722524]
843
[0.19534045]
844
[0.26513671]
845
[0.03000499]
846
[0.17824891]
847
[0.2756793]
848
[0.28021073]
849
[0.1913866]
850
[0.15761162]
851
[0.25087589]
852
[0.27995468]
853
[0.1565687]
854
[0.26609794]
855
[0.22388546]
856
[0.25940094]
857
[0.149667]
858
[0.2656247]
859
[0.26261063]
860
[0.09262478]
861
[0.24961551]
862
[0.23353998]
863
[0.26449008]
864
[0.14973731]
865
[0.18159243]
866
[0.26365502]
867
[0.19102188]
868
[0.21841445]
869
[0.13498885]
870
[0.2803091]
871
[0.25662808]
872
[0.27464619]
873
[0.15287768]
874
[0.23706631]
875
[0.21673595]
876
[0.28137767]
877
[0.23789387]
878
[0.02993587]
879
[0.22880387]
880
[0.16760849]
881
[0.15296512]
882
[0.05916193]
883
[0.28093446]
884
[0.0528938]
885
[0.25722541]
886
[0.16373769]
887
[0.09567362]
888
[0.20459075]
889
[0.11593116]
890
[0.27153028]
891
[0.22056465]
892
[0.2087688]
893
[0.28130674]
894
[0.22328552]
895
[0.17486169]
896
[0.03471627]
897
[0.23236358]
898
[0.2753051]
899
[0.23001714]
900
[0.18874555]
901
[0.28137744]
902
[0.22857225]
903
[0.19134812]
904
[0.2692324]
905
[0.15391082]
906
[0.22990225]
907
[0.14614731]
908
[0.28153441]
909
[0.28156808]
910
[0.20445019]
911
[0.07798126]
912
[0.26211932]
913
[0.27801941]
914
[0.24052008]
915
[0.22181937]
916
[0.14720353]
917
[0.27882698]
918
[0.15410652]
919
[0.17362123]
920
[0.11211811]
921
[0.25488564]
922
[0.14695276]
923
[0.05919328]
924
[0.26228156]
925
[0.23322743]
926
[0.21978302]
927
[0.25634647]
928
[0.2050425]
929
[0.26285965]
930
[0.27975496]
931
[0.28150469]
932
[0.24252077]
933
[0.26158274]
934
[0.08426763]
935
[0.24159981]
936
[0.27735833]
937
[0.28167718]
938
[0.15544191]
939
[0.26536864]
940
[0.19079814]
941
[0.14951471]
942
[0.24808842]
943
[0.25022918]
944
[0.1612408]
945
[0.24521456]
946
[0.07138316]
947
[0.27994024]
948
[0.19815768]
949
[0.07217814]
950
[0.1471327]
951
[0.12266361]
952
[0.27095556]
953
[0.25651336]
954
[0.13821248]
955
[0.02907519]
956
[0.16207475]
957
[0.15631073]
958
[0.25634477]
959
[0.14897041]
960
[0.24012849]
961
[0.18369047]
962
[0.18729569]
963
[0.12575421]
964
[0.10970182]
965
[0.24151914]
966
[0.22830377]
967
[0.26604256]
968
[0.21185486]
969
[0.03616214]
970
[0.27914444]
971
[0.15754096]
972
[0.11150443]
973
[0.25655864]
974
[0.27655977]
975
[0.14719748]
976
[0.09297902]
977
[0.1685437]
978
[0.03189678]
979
[0.16127727]
980
[0.14713928]
981
[0.27780168]
982
[0.09649605]
983
[0.19688249]
984
[0.27172335]
985
[0.23559765]
986
[0.14345197]
987
[0.20140036]
988
[0.15872763]
989
[0.17396222]
990
[0.13565064]
991
[0.11057954]
992
[0.11941013]
993
[0.20160996]
994
[0.27991592]
995
[0.18348413]
996
[0.17330614]
997
[0.14673105]
998
[0.21535278]
999
[0.27061837]
1000
[0.23609559]
1001
[0.27924558]
1002
[0.18254386]
1003
[0.22902161]
1004
[0.27245319]
1005
[0.17477217]
1006
[0.18675151]
1007
[0.19388668]
1008
[0.16123008]
1009
[0.14652739]
1010
[0.1937498]
1011
[0.26460931]
1012
[0.26987258]
1013
[0.22670671]
1014
[0.22783353]
1015
[0.17541891]
1016
[0.1730869]
1017
[0.17525666]
1018
[0.22415031]
1019
[0.20273592]
1020
[0.05992006]
1021
[0.17426615]
1022
[0.18331457]
1023
[0.23786083]
1024
[0.17753319]
1025
[0.28167734]
1026
[0.27751525]
1027
[0.16323592]
1028
[0.1466245]
1029
[0.28160728]
1030
[0.16437368]
1031
[0.23459616]
1032
[0.21393793]
1033
[0.16537625]
1034
[0.25596147]
1035
[0.23496]
1036
[0.17486136]
1037
[0.23285523]
1038
[0.21632576]
1039
[0.1477589]
1040
[0.17715095]
1041
[0.19787448]
1042
[0.14562064]
1043
[0.27616753]
1044
[0.26786688]
1045
[0.22863288]
1046
[0.25439834]
1047
[0.14709275]
1048
[0.23495932]
1049
[0.24355147]
1050
[0.14858365]
1051
[0.21454192]
1052
[0.26804125]
1053
[0.25193587]
1054
[0.10629931]
1055
[0.15870236]
1056
[0.24393615]
1057
[0.16622493]
1058
[0.27343882]
1059
[0.207708]
1060
[0.24703802]
1061
[0.23424266]
1062
[0.15127133]
1063
[0.27564555]
1064
[0.28119626]
1065
[0.09980792]
1066
[0.27978226]
1067
[0.18680343]
1068
[0.04242003]
1069
[0.16085681]
1070
[0.27217905]
1071
[0.27922816]
1072
[0.17928775]
1073
[0.17262186]
1074
[0.17244091]
1075
[0.21662971]
1076
[0.15227614]
1077
[0.14767189]
1078
[0.23980902]
1079
[0.14725771]
1080
[0.14986047]
1081
[0.25771774]
1082
[0.28148478]
1083
[0.17724303]
1084
[0.2765434]
1085
[0.18076047]
1086
[0.15518381]
1087
[0.17198084]
1088
[0.27308608]
1089
[0.12443222]
1090
[0.21700527]
1091
[0.28112003]
1092
[0.14658258]
1093
[0.17995771]
1094
[0.12260792]
1095
[0.04361471]
1096
[0.27229558]
1097
[0.28161154]
1098
[0.14941173]
1099
[0.04852895]
1100
[0.23950609]
1101
[0.23196076]
1102
[0.26769789]
1103
[0.17694181]
1104
[0.13947054]
1105
[0.22828647]
1106
[0.14721176]
1107
[0.16361934]
1108
[0.2027563]
1109
[0.18612913]
1110
[0.23209393]
1111
[0.27745831]
1112
[0.17312455]
1113
[0.16584546]
1114
[0.24765531]
1115
[0.19777377]
1116
[0.25886085]
1117
[0.18614146]
1118
[0.26681274]
1119
[0.15388272]
1120
[0.22522847]
1121
[0.27872387]
1122
[0.25853913]
1123
[0.04230246]
1124
[0.28021724]
1125
[0.23212745]
1126
[0.09549478]
1127
[0.15689964]
1128
[0.12417486]
1129
[0.08347649]
1130
[0.27078256]
1131
[0.1480412]
1132
[0.20550561]
1133
[0.14702135]
1134
[0.18639706]
1135
[0.27344006]
1136
[0.06136863]
1137
[0.22687533]
1138
[0.25180001]
1139
[0.25516272]
1140
[0.21410371]
1141
[0.25569443]
1142
[0.2635917]
1143
[0.11811262]
1144
[0.2079915]
1145
[0.07183576]
1146
[0.18275344]
1147
[0.22612072]
1148
[0.21626011]
1149
[0.28164378]
1150
[0.28029363]
1151
[0.19763079]
1152
[0.12122815]
1153
[0.14850864]
1154
[0.14682108]
1155
[0.27803933]
1156
[0.13216258]
1157
[0.17121536]
1158
[0.20792437]
1159
[0.08852186]
1160
[0.07690067]
1161
[0.19349402]
1162
[0.17726581]
1163
[0.18675738]
1164
[0.23044903]
1165
[0.14988667]
1166
[0.18206173]
1167
[0.18224213]
1168
[0.2713951]
1169
[0.23123265]
1170
[0.27510997]
1171
[0.27552652]
1172
[0.26937795]
1173
[0.15107689]
1174
[0.24700675]
1175
[0.07568313]
1176
[0.15151893]
1177
[0.25763787]
1178
[0.2713867]
1179
[0.15832514]
1180
[0.14691589]
1181
[0.14821236]
1182
[0.2697382]
1183
[0.05354656]
1184
[0.1504634]
1185
[0.26098091]
1186
[0.18935556]
1187
[0.23172643]
1188
[0.2810778]
1189
[0.27497116]
1190
[0.13871567]
1191
[0.11411946]
1192
[0.159356]
1193
[0.19903607]
1194
[0.24911727]
1195
[0.28167684]
1196
[0.14653348]
1197
[0.24530986]
1198
[0.21527964]
1199
[0.24491964]
1200
[0.15876701]
1201
[0.18527836]
1202
[0.27581438]
1203
[0.21462932]
1204
[0.1896182]
1205
[0.18792992]
1206
[0.20828791]
1207
[0.23618993]
1208
[0.14722532]
1209
[0.21768592]
1210
[0.26370866]
1211
[0.28167618]
1212
[0.0528015]
1213
[0.17562515]
1214
[0.27831055]
1215
[0.2535165]
1216
[0.26634305]
1217
[0.1052402]
1218
[0.14745339]
1219
[0.26820504]
1220
[0.26129631]
1221
[0.05681776]
1222
[0.18807119]
1223
[0.25643628]
1224
[0.19920452]
1225
[0.18794066]
1226
[0.22196546]
1227
[0.22603816]
1228
[0.24361907]
1229
[0.25183085]
1230
[0.28159874]
1231
[0.2626483]
1232
[0.25441707]
1233
[0.10656213]
1234
[0.14279919]
1235
[0.28167097]
1236
[0.19403577]
1237
[0.14800587]
1238
[0.12042647]
1239
[0.14799113]
1240
[0.08044568]
1241
[0.23102395]
1242
[0.14977464]
1243
[0.20510632]
1244
[0.1465266]
1245
[0.21851635]
1246
[0.2712448]
1247
[0.0998744]
1248
[0.06757523]
1249
[0.23130939]
1250
[0.27924543]
1251
[0.26482158]
1252
[0.28167691]
1253
[0.27530894]
1254
[0.25051648]
1255
[0.23181103]
1256
[0.14664998]
1257
[0.27168255]
1258
[0.19266116]
1259
[0.1876852]
1260
[0.05913529]
1261
[0.26470314]
1262
[0.27265655]
1263
[0.18836087]
1264
[0.2809062]
1265
[0.14649282]
1266
[0.25453436]
1267
[0.16015158]
1268
[0.15343112]
1269
[0.14984299]
1270
[0.14742485]
1271
[0.20580588]
1272
[0.14643172]
1273
[0.27874404]
1274
[0.14011502]
1275
[0.12873691]
1276
[0.28025383]
1277
[0.27111009]
1278
[0.10487267]
1279
[0.04573826]
1280
[0.18769091]
1281
[0.04575175]
1282
[0.22637892]
1283
[0.22538172]
1284
[0.24797101]
1285
[0.17007668]
1286
[0.12635457]
1287
[0.26553801]
1288
[0.26885592]
1289
[0.18440537]
1290
[0.28152955]
1291
[0.12693931]
1292
[0.10506683]
1293
[0.20715682]
1294
[0.17643084]
1295
[0.23144643]
1296
[0.12095963]
1297
[0.14675861]
1298
[0.26396346]
1299
[0.0646686]
1300
[0.28035648]
1301
[0.19034868]
1302
[0.27435767]
1303
[0.28037812]
1304
[0.09988496]
1305
[0.27936123]
1306
[0.0961367]
1307
[0.14948864]
1308
[0.21850458]
1309
[0.18823841]
1310
[0.02946481]
1311
[0.24704386]
1312
[0.28086449]
1313
[0.28096376]
1314
[0.16954312]
1315
[0.12511401]
1316
[0.09174555]
1317
[0.27815591]
1318
[0.07311562]
1319
[0.15013518]
1320
[0.14575355]
1321
[0.14675589]
1322
[0.14993709]
1323
[0.28011857]
1324
[0.14561052]
1325
[0.12830707]
1326
[0.2373719]
1327
[0.25832691]
1328
[0.20617846]
1329
[0.24416874]
1330
[0.14809573]
1331
[0.19113357]
1332
[0.1690901]
1333
[0.1726949]
1334
[0.22399485]
1335
[0.21865596]
1336
[0.22278704]
1337
[0.15651982]
1338
[0.2808097]
1339
[0.09671953]
1340
[0.18948543]
1341
[0.23482785]
1342
[0.14982345]
1343
[0.27867818]
1344
[0.17578556]
1345
[0.25763472]
1346
[0.19002069]
1347
[0.14649199]
1348
[0.26328251]
1349
[0.22628969]
1350
[0.28109147]
1351
[0.10097622]
1352
[0.2465171]
1353
[0.15887082]
1354
[0.16290966]
1355
[0.26104739]
1356
[0.14675112]
1357
[0.11322055]
1358
[0.19364026]
1359
[0.27495954]
1360
[0.28158544]
1361
[0.25344859]
1362
[0.170467]
1363
[0.27017939]
1364
[0.24213825]
1365
[0.23082014]
1366
[0.26156527]
1367
[0.27348393]
1368
[0.12978829]
1369
[0.19314662]
1370
[0.18313462]
1371
[0.1430216]
1372
[0.23211156]
1373
[0.1548066]
1374
[0.27933334]
1375
[0.21964775]
1376
[0.10338369]
1377
[0.22204681]
1378
[0.22525881]
1379
[0.24070696]
1380
[0.16065946]
1381
[0.16230553]
1382
[0.26029429]
1383
[0.20044704]
1384
[0.0331824]
1385
[0.17843852]
1386
[0.20472716]
1387
[0.25546534]
1388
[0.274658]
1389
[0.05817742]
1390
[0.20291929]
1391
[0.25719993]
1392
[0.28086799]
1393
[0.03084865]
1394
[0.24472568]
1395
[0.25049269]
1396
[0.19835221]
1397
[0.04597608]
1398
[0.14853794]
1399
[0.16776752]
1400
[0.17929767]
1401
[0.2812743]
1402
[0.04110494]
1403
[0.15228712]
1404
[0.2241454]
1405
[0.03638586]
1406
[0.22773593]
1407
[0.24618489]
1408
[0.24718577]
1409
[0.27596441]
1410
[0.28167244]
1411
[0.14736014]
1412
[0.23525304]
1413
[0.18090393]
1414
[0.13054822]
1415
[0.20409109]
1416
[0.27675729]
1417
[0.11548843]
1418
[0.18150732]
1419
[0.1501744]
1420
[0.14735022]
1421
[0.2761622]
1422
[0.23319508]
1423
[0.2770145]
1424
[0.25376302]
1425
[0.19384176]
1426
[0.27730098]
1427
[0.26401173]
1428
[0.06669796]
1429
[0.26896795]
1430
[0.16726071]
1431
[0.13671033]
1432
[0.25540572]
1433
[0.23287186]
1434
[0.23355314]
1435
[0.22074386]
1436
[0.14716742]
1437
[0.27058048]
1438
[0.27898292]
1439
[0.16603585]
1440
[0.23276746]
1441
[0.27735073]
1442
[0.28066485]
1443
[0.23702324]
1444
[0.1466793]
1445
[0.20114976]
1446
[0.20247403]
1447
[0.20474402]
1448
[0.08233077]
1449
[0.14801301]
1450
[0.21152779]
1451
[0.18072137]
1452
[0.14497071]
1453
[0.15284143]
1454
[0.11021331]
1455
[0.26788982]
1456
[0.09226229]
1457
[0.17251888]
1458
[0.1781786]
1459
[0.23266727]
1460
[0.07867822]
1461
[0.24491894]
1462
[0.22660262]
1463
[0.04539864]
1464
[0.1019906]
1465
[0.07415551]
1466
[0.20148636]
1467
[0.22993297]
1468
[0.20508081]
1469
[0.24625639]
1470
[0.05533469]
1471
[0.24024408]
1472
[0.04134378]
1473
[0.2810482]
1474
[0.14184792]
1475
[0.12148255]
1476
[0.15625342]
1477
[0.16541063]
1478
[0.27590211]
1479
[0.22460461]
1480
[0.17048578]
1481
[0.13019099]
1482
[0.14854375]
1483
[0.21385725]
1484
[0.14721365]
1485
[0.15780491]
1486
[0.27853953]
1487
[0.11241119]
1488
[0.24967309]
1489
[0.26775368]
1490
[0.1554129]
1491
[0.25926546]
1492
[0.12093339]
1493
[0.17901793]
1494
[0.14823961]
1495
[0.15189391]
1496
[0.27819667]
1497
[0.2282165]
1498
[0.20439464]
1499
[0.14993106]
1500
[0.14284265]
1501
[0.27364886]
1502
[0.21200252]
1503
[0.14744397]
1504
[0.25757387]
1505
[0.24882568]
1506
[0.0495026]
1507
[0.11961669]
1508
[0.14873929]
1509
[0.28073027]
1510
[0.26414845]
1511
[0.07512175]
1512
[0.15331405]
1513
[0.27971063]
1514
[0.27085019]
1515
[0.28115861]
1516
[0.27389549]
1517
[0.22194486]
1518
[0.22983005]
1519
[0.20700974]
1520
[0.04794123]
1521
[0.15160495]
1522
[0.1454901]
1523
[0.23238207]
1524
[0.2320561]
1525
[0.15259394]
1526
[0.26378918]
1527
[0.27479902]
1528
[0.17759769]
1529
[0.17352115]
1530
[0.26062216]
1531
[0.28089203]
1532
[0.23857817]
1533
[0.2604635]
1534
[0.19767949]
1535
[0.25500745]
1536
[0.26739319]
1537
[0.20872175]
1538
[0.27651785]
1539
[0.28160407]
1540
[0.28161765]
1541
[0.14676045]
1542
[0.14966597]
1543
[0.17081738]
1544
[0.2404037]
1545
[0.21579677]
1546
[0.03204397]
1547
[0.14678904]
1548
[0.22527106]
1549
[0.26125364]
1550
[0.21920506]
1551
[0.16325254]
1552
[0.14678149]
1553
[0.27021252]
1554
[0.14795245]
1555
[0.21185395]
1556
[0.20462165]
1557
[0.24330924]
1558
[0.0335409]
1559
[0.25035826]
1560
[0.2624225]
1561
[0.13143507]
1562
[0.27747031]
1563
[0.15080105]
1564
[0.17715181]
1565
[0.27353479]
1566
[0.15863749]
1567
[0.16470169]
1568
[0.21324006]
1569
[0.0703539]
1570
[0.23462853]
1571
[0.23614178]
1572
[0.14776133]
1573
[0.1494387]
1574
[0.19918748]
1575
[0.25560824]
1576
[0.25583368]
1577
[0.16768025]
1578
[0.0826319]
1579
[0.25356304]
1580
[0.14584463]
1581
[0.27927599]
1582
[0.14651152]
1583
[0.1500091]
1584
[0.16773208]
1585
[0.16310383]
1586
[0.20916026]
1587
[0.27882906]
1588
[0.16819663]
1589
[0.20514788]
1590
[0.03827725]
1591
[0.25223432]
1592
[0.27845713]
1593
[0.1944063]
1594
[0.11480902]
1595
[0.28017673]
1596
[0.1496126]
1597
[0.2802926]
1598
[0.28158913]
1599
[0.15624359]
1600
[0.28093214]
1601
[0.27694572]
1602
[0.19397207]
1603
[0.11266277]
1604
[0.19408191]
1605
[0.23567206]
1606
[0.11288365]
1607
[0.15955226]
1608
[0.25346271]
1609
[0.14807821]
1610
[0.16147155]
1611
[0.20616956]
1612
[0.2482166]
1613
[0.1356495]
1614
[0.1817179]
1615
[0.20784107]
1616
[0.24589809]
1617
[0.26477381]
1618
[0.18256543]
1619
[0.12890404]
1620
[0.24954494]
1621
[0.12477759]
1622
[0.02804803]
1623
[0.18300095]
1624
[0.07294436]
1625
[0.18494024]
1626
[0.26682192]
1627
[0.17656791]
1628
[0.14740045]
1629
[0.27890875]
1630
[0.24308958]
1631
[0.26667125]
1632
[0.1547674]
1633
[0.26535791]
1634
[0.26151789]
1635
[0.22039951]
1636
[0.28106225]
1637
[0.14635006]
1638
[0.13935715]
1639
[0.25228351]
1640
[0.16156322]
1641
[0.04373628]
1642
[0.2593334]
1643
[0.27951011]
1644
[0.20035106]
1645
[0.14666502]
1646
[0.23100255]
1647
[0.13179616]
1648
[0.06674278]
1649
[0.20879954]
1650
[0.24059865]
1651
[0.21703846]
1652
[0.14924515]
1653
[0.20545477]
1654
[0.28155802]
1655
[0.15839502]
1656
[0.2665467]
1657
[0.07360675]
1658
[0.17687877]
1659
[0.26241392]
1660
[0.20410887]
1661
[0.2698461]
1662
[0.27798897]
1663
[0.20552043]
1664
[0.27244684]
1665
[0.16373621]
1666
[0.15950369]
1667
[0.21583712]
1668
[0.1131001]
1669
[0.16170701]
1670
[0.18476033]
1671
[0.16177122]
1672
[0.24443427]
1673
[0.14795854]
1674
[0.27617844]
1675
[0.07270087]
1676
[0.1063284]
1677
[0.08846382]
1678
[0.20691028]
1679
[0.24906968]
1680
[0.25456754]
1681
[0.27765868]
1682
[0.23796559]
1683
[0.21936795]
1684
[0.28050384]
1685
[0.04801745]
1686
[0.18257575]
1687
[0.21023775]
1688
[0.14882909]
1689
[0.15490105]
1690
[0.25176504]
1691
[0.14723067]
1692
[0.20824073]
1693
[0.28167092]
1694
[0.2803186]
1695
[0.14858416]
1696
[0.2815201]
1697
[0.05683012]
1698
[0.27748828]
1699
[0.24481619]
1700
[0.28151993]
1701
[0.21280916]
1702
[0.21046882]
1703
[0.28083609]
1704
[0.14483933]
1705
[0.13063711]
1706
[0.23861727]
1707
[0.14423561]
1708
[0.20269069]
1709
[0.26753993]
1710
[0.28090406]
1711
[0.2419747]
1712
[0.26295454]
1713
[0.19323201]
1714
[0.04713475]
1715
[0.27881902]
1716
[0.19558571]
1717
[0.28139179]
1718
[0.08620091]
1719
[0.22671358]
1720
[0.27381226]
1721
[0.27810107]
1722
[0.25707754]
1723
[0.27813884]
1724
[0.27400529]
1725
[0.19336435]
1726
[0.2149813]
1727
[0.18279337]
1728
[0.14391639]
1729
[0.2498354]
1730
[0.2509461]
1731
[0.26774607]
1732
[0.17650207]
1733
[0.24075817]
1734
[0.05478125]
1735
[0.28117753]
1736
[0.26088125]
1737
[0.2770411]
1738
[0.14835994]
1739
[0.25086712]
1740
[0.28140369]
1741
[0.1760663]
1742
[0.25805275]
1743
[0.12185686]
1744
[0.27560181]
1745
[0.23999972]
1746
[0.26695101]
1747
[0.16326495]
1748
[0.17799061]
1749
[0.17711945]
1750
[0.1514967]
1751
[0.21940466]
1752
[0.15350064]
1753
[0.2744699]
1754
[0.07704615]
1755
[0.19908439]
1756
[0.12744396]
1757
[0.28156731]
1758
[0.21255128]
1759
[0.28094144]
1760
[0.05997622]
1761
[0.19783322]
1762
[0.17739804]
1763
[0.14687166]
1764
[0.14989841]
1765
[0.28000485]
1766
[0.18634362]
1767
[0.27786916]
1768
[0.24183477]
1769
[0.26035302]
1770
[0.17338787]
1771
[0.19424242]
1772
[0.16555067]
1773
[0.17656593]
1774
[0.19003587]
1775
[0.18504465]
1776
[0.27203621]
1777
[0.26990058]
1778
[0.03572963]
1779
[0.20567324]
1780
[0.28120445]
1781
[0.28156506]
1782
[0.27935348]
1783
[0.09408783]
1784
[0.08236854]
1785
[0.14827923]
1786
[0.24704573]
1787
[0.16419699]
1788
[0.27838552]
1789
[0.26881664]
1790
[0.13138576]
1791
[0.14296265]
1792
[0.15067681]
1793
[0.21620656]
1794
[0.03572463]
1795
[0.14356783]
1796
[0.27424712]
1797
[0.16764491]
1798
[0.20489595]
1799
[0.12684273]
1800
[0.23664038]
1801
[0.05576393]
1802
[0.24780738]
1803
[0.26764671]
1804
[0.25252727]
1805
[0.1531622]
1806
[0.20900484]
1807
[0.28127958]
1808
[0.14557193]
1809
[0.23203649]
1810
[0.28024585]
1811
[0.27172702]
1812
[0.24572416]
1813
[0.15671811]
1814
[0.28005178]
1815
[0.14740518]
1816
[0.0601751]
1817
[0.22920092]
1818
[0.14707477]
1819
[0.28010064]
1820
[0.15899545]
1821
[0.19964867]
1822
[0.27837801]
1823
[0.21834584]
1824
[0.15415579]
1825
[0.19932782]
1826
[0.10875546]
1827
[0.27800482]
1828
[0.24432748]
1829
[0.24256349]
1830
[0.214571]
1831
[0.19380066]
1832
[0.16163022]
1833
[0.26566383]
1834
[0.27717536]
1835
[0.23268019]
1836
[0.20152497]
1837
[0.28066476]
1838
[0.23057876]
1839
[0.16087086]
1840
[0.2535773]
1841
[0.17877619]
1842
[0.13435986]
1843
[0.02867564]
1844
[0.19452783]
1845
[0.16714482]
1846
[0.17838064]
1847
[0.18997953]
1848
[0.20785349]
1849
[0.2813443]
1850
[0.11397415]
1851
[0.2503134]
1852
[0.27802282]
1853
[0.16345341]
1854
[0.16606839]
1855
[0.18903281]
1856
[0.2812153]
1857
[0.14951902]
1858
[0.03576588]
1859
[0.25930051]
1860
[0.24348052]
1861
[0.0351626]
1862
[0.14321469]
1863
[0.26629609]
1864
[0.0292591]
1865
[0.14518797]
1866
[0.21468355]
1867
[0.28022639]
1868
[0.15498219]
1869
[0.21293158]
1870
[0.27139866]
1871
[0.23595831]
1872
[0.22313525]
1873
[0.22192334]
1874
[0.26111418]
1875
[0.28041412]
1876
[0.17826697]
1877
[0.28146248]
1878
[0.20288312]
1879
[0.16272674]
1880
[0.06907548]
1881
[0.06820323]
1882
[0.25419402]
1883
[0.28086506]
1884
[0.27816722]
1885
[0.25502874]
1886
[0.19223943]
1887
[0.16577461]
1888
[0.15735084]
1889
[0.23774949]
1890
[0.27673153]
1891
[0.26659289]
1892
[0.09003206]
1893
[0.2270192]
1894
[0.23658257]
1895
[0.15261038]
1896
[0.26386101]
1897
[0.12058356]
1898
[0.16429005]
1899
[0.15070098]
1900
[0.22492407]
1901
[0.20868537]
1902
[0.16224196]
1903
[0.1894596]
1904
[0.14648923]
1905
[0.19867214]
1906
[0.19077182]
1907
[0.15252392]
1908
[0.11398175]
1909
[0.2772531]
1910
[0.14807934]
1911
[0.03104949]
1912
[0.28159072]
1913
[0.19481649]
1914
[0.25567992]
1915
[0.03490604]
1916
[0.20351286]
1917
[0.28097029]
1918
[0.24128539]
1919
[0.28022868]
1920
[0.2673596]
1921
[0.28063588]
1922
[0.16438411]
1923
[0.27474231]
1924
[0.1575164]
1925
[0.19643476]
1926
[0.03461803]
1927
[0.16282884]
1928
[0.25987006]
1929
[0.17519296]
1930
[0.19048205]
1931
[0.07137817]
1932
[0.2055898]
1933
[0.27898132]
1934
[0.26039673]
1935
[0.26171459]
1936
[0.14709383]
1937
[0.25046725]
1938
[0.10473733]
1939
[0.07040513]
1940
[0.16697808]
1941
[0.25808077]
1942
[0.17105045]
1943
[0.26849431]
1944
[0.27963225]
1945
[0.05958852]
1946
[0.27561516]
1947
[0.2816774]
1948
[0.20782721]
1949
[0.21615956]
1950
[0.15018005]
1951
[0.26664025]
1952
[0.16566318]
1953
[0.14666215]
1954
[0.15091583]
1955
[0.28163443]
1956
[0.23837465]
1957
[0.25381231]
1958
[0.04435902]
1959
[0.26906595]
1960
[0.26911974]
1961
[0.28166178]
1962
[0.24951431]
1963
[0.1891693]
1964
[0.10448349]
1965
[0.08054517]
1966
[0.26245279]
1967
[0.26406857]
1968
[0.26906073]
1969
[0.2814302]
1970
[0.17781189]
1971
[0.22976469]
1972
[0.09167486]
1973
[0.22051782]
1974
[0.23336605]
1975
[0.23735054]
1976
[0.17037132]
1977
[0.16742125]
1978
[0.14278374]
1979
[0.28145124]
1980
[0.06851378]
1981
[0.14471207]
1982
[0.23670835]
1983
[0.2447886]
1984
[0.19430441]
1985
[0.2804968]
1986
[0.02959148]
1987
[0.22177075]
1988
[0.22547115]
1989
[0.27937481]
1990
[0.14658572]
1991
[0.14703389]
1992
[0.09965635]
1993
[0.14790201]
1994
[0.03734423]
1995
[0.16391944]
1996
[0.16102348]
1997
[0.26956519]
1998
[0.13169387]
1999
[0.23887836]
2000
[0.25086927]
2001
[0.08771003]
2002
[0.28083057]
2003
[0.222045]
2004
[0.217809]
2005
[0.14741267]
2006
[0.14673069]
2007
[0.16267758]
2008
[0.28103408]
2009
[0.23022498]
2010
[0.26867751]
2011
[0.20477555]
2012
[0.13772634]
2013
[0.2706416]
2014
[0.27057894]
2015
[0.12394175]
2016
[0.20097176]
2017
[0.27623645]
2018
[0.25366437]
2019
[0.20151667]
2020
[0.27827762]
2021
[0.21767405]
2022
[0.16353522]
2023
[0.15341491]
2024
[0.17707273]
2025
[0.17546943]
2026
[0.18710478]
2027
[0.13525784]
2028
[0.28022354]
2029
[0.16925137]
2030
[0.15031533]
2031
[0.22952383]
2032
[0.12969886]
2033
[0.26774808]
2034
[0.15102706]
2035
[0.27058394]
2036
[0.28105697]
2037
[0.04779947]
2038
[0.28000836]
2039
[0.17446477]
2040
[0.24918401]
2041
[0.27209964]
2042
[0.15403512]
2043
[0.25190676]
2044
[0.28131968]
2045
[0.27393402]
2046
[0.22986634]
2047
[0.12477819]
2048
[0.26473766]
2049
[0.22494081]
2050
[0.27716524]
2051
[0.26578597]
2052
[0.1928418]
2053
[0.23154222]
2054
[0.22040312]
2055
[0.16577921]
2056
[0.27383498]
2057
[0.11768077]
2058
[0.22807853]
2059
[0.14928859]
2060
[0.08956131]
2061
[0.2418906]
2062
[0.15061831]
2063
[0.05770868]
2064
[0.06904946]
2065
[0.15745464]
2066
[0.21088401]
2067
[0.26132491]
2068
[0.11741924]
2069
[0.20480949]
2070
[0.14676376]
2071
[0.25606488]
2072
[0.06659114]
2073
[0.0795328]
2074
[0.23403293]
2075
[0.28124327]
2076
[0.25058696]
2077
[0.137925]
2078
[0.23790249]
2079
[0.28106785]
2080
[0.22956376]
2081
[0.15905814]
2082
[0.27300998]
2083
[0.14700258]
2084
[0.10994864]
2085
[0.27489931]
2086
[0.11484484]
2087
[0.24084602]
2088
[0.07503321]
2089
[0.12583312]
2090
[0.27170021]
2091
[0.24397859]
2092
[0.24689545]
2093
[0.25190655]
2094
[0.27355787]
2095
[0.27591947]
2096
[0.16529107]
2097
[0.11931957]
2098
[0.20200613]
2099
[0.2751963]
2100
[0.27184877]
2101
[0.21573435]
2102
[0.25942699]
2103
[0.2527517]
2104
[0.2033891]
2105
[0.16939234]
2106
[0.26090444]
2107
[0.11478266]
2108
[0.18809746]
2109
[0.14735867]
2110
[0.16438329]
2111
[0.14706588]
2112
[0.28061259]
2113
[0.20296973]
2114
[0.14674388]
2115
[0.1554999]
2116
[0.23611972]
2117
[0.14678593]
2118
[0.09155069]
2119
[0.28152407]
2120
[0.09924847]
2121
[0.03600069]
2122
[0.27727965]
2123
[0.2336031]
2124
[0.15002587]
2125
[0.18477721]
2126
[0.21712866]
2127
[0.17771908]
2128
[0.23899581]
2129
[0.27806674]
2130
[0.19998703]
2131
[0.04606842]
2132
[0.2803364]
2133
[0.19442405]
2134
[0.03244698]
2135
[0.28145534]
2136
[0.27163582]
2137
[0.05366362]
2138
[0.2391374]
2139
[0.27812614]
2140
[0.16110276]
2141
[0.21471032]
2142
[0.04072387]
2143
[0.26522697]
2144
[0.14697328]
2145
[0.16857053]
2146
[0.25099707]
2147
[0.18986265]
2148
[0.03244918]
2149
[0.17676187]
2150
[0.20427751]
2151
[0.2698982]
2152
[0.25165893]
2153
[0.28046423]
2154
[0.15530408]
2155
[0.1533137]
2156
[0.27940638]
2157
[0.16903959]
2158
[0.2312526]
2159
[0.06465079]
2160
[0.08704112]
2161
[0.2771273]
2162
[0.28166595]
2163
[0.28081576]
2164
[0.21821383]
2165
[0.2552142]
2166
[0.28019675]
2167
[0.07234658]
2168
[0.27373075]
2169
[0.2815903]
2170
[0.15904335]
2171
[0.26451552]
2172
[0.27912148]
2173
[0.24238706]
2174
[0.2463331]
2175
[0.09376258]
2176
[0.2813287]
2177
[0.14681465]
2178
[0.18049227]
2179
[0.21193112]
2180
[0.14547222]
2181
[0.22400945]
2182
[0.14142818]
2183
[0.27133182]
2184
[0.16544751]
2185
[0.27546244]
2186
[0.26602487]
2187
[0.2584518]
2188
[0.15012079]
2189
[0.21707765]
2190
[0.1423787]
2191
[0.16860102]
2192
[0.19432406]
2193
[0.16953756]
2194
[0.27880715]
2195
[0.20770888]
2196
[0.27904278]
2197
[0.17565511]
2198
[0.15316556]
2199
[0.16774042]
2200
[0.07139072]
2201
[0.08880816]
2202
[0.1804314]
2203
[0.25239719]
2204
[0.12346539]
2205
[0.19517364]
2206
[0.2296315]
2207
[0.12510589]
2208
[0.2763242]
2209
[0.05485348]
2210
[0.06059413]
2211
[0.28158838]
2212
[0.23448076]
2213
[0.08766519]
2214
[0.05538806]
2215
[0.05416888]
2216
[0.15886888]
2217
[0.23184788]
2218
[0.26363786]
2219
[0.22307341]
2220
[0.24221403]
2221
[0.25061665]
2222
[0.21561682]
2223
[0.22659211]
2224
[0.20584266]
2225
[0.27236987]
2226
[0.13093194]
2227
[0.17006039]
2228
[0.24027599]
2229
[0.27197912]
2230
[0.27360295]
2231
[0.22235309]
2232
[0.27215001]
2233
[0.08264255]
2234
[0.15319455]
2235
[0.03938041]
2236
[0.14668011]
2237
[0.24567046]
2238
[0.20654612]
2239
[0.04445754]
2240
[0.26512757]
2241
[0.28165278]
2242
[0.14717938]
2243
[0.19332926]
2244
[0.22374505]
2245
[0.27923646]
2246
[0.27844499]
2247
[0.2816354]
2248
[0.0730257]
2249
[0.17528289]
2250
[0.27396111]
2251
[0.09223739]
2252
[0.04649877]
2253
[0.15381352]
2254
[0.19288998]
2255
[0.16792332]
2256
[0.08222251]
2257
[0.25286499]
2258
[0.27075675]
2259
[0.25547283]
2260
[0.0503226]
2261
[0.14674694]
2262
[0.11225274]
2263
[0.22232693]
2264
[0.11094911]
2265
[0.22452803]
2266
[0.27866357]
2267
[0.14653282]
2268
[0.19183106]
2269
[0.23494788]
2270
[0.18563931]
2271
[0.16710792]
2272
[0.06196116]
2273
[0.27919376]
2274
[0.28023494]
2275
[0.28144006]
2276
[0.14648915]
2277
[0.27726568]
2278
[0.2096338]
2279
[0.2516347]
2280
[0.07932201]
2281
[0.28158867]
2282
[0.19712137]
2283
[0.22033085]
2284
[0.14203949]
2285
[0.11122064]
2286
[0.18679972]
2287
[0.15234076]
2288
[0.1744874]
2289
[0.12418072]
2290
[0.20835664]
2291
[0.27976308]
2292
[0.15351983]
2293
[0.17800113]
2294
[0.25339763]
2295
[0.25563988]
2296
[0.21827872]
2297
[0.10106244]
2298
[0.26745776]
2299
[0.23249185]
2300
[0.16541927]
2301
[0.27338571]
2302
[0.24729771]
2303
[0.27800009]
2304
[0.14882855]
2305
[0.19470153]
2306
[0.25517439]
2307
[0.19733203]
2308
[0.14962788]
2309
[0.26894425]
2310
[0.25538409]
2311
[0.06724552]
2312
[0.16617752]
2313
[0.24384287]
2314
[0.19166402]
2315
[0.15483185]
2316
[0.1534714]
2317
[0.12865957]
2318
[0.21138407]
2319
[0.19308227]
2320
[0.26888595]
2321
[0.2032271]
2322
[0.10581355]
2323
[0.26889797]
2324
[0.23211855]
2325
[0.10089511]
2326
[0.21214675]
2327
[0.28167362]
2328
[0.25596515]
2329
[0.27899033]
2330
[0.27230015]
2331
[0.06524292]
2332
[0.14570986]
2333
[0.05080897]
2334
[0.2549029]
2335
[0.1467993]
2336
[0.28155669]
2337
[0.24770384]
2338
[0.17072456]
2339
[0.15668873]
2340
[0.15202793]
2341
[0.18690799]
2342
[0.16572456]
2343
[0.15007983]
2344
[0.27673587]
2345
[0.14739139]
2346
[0.24674741]
2347
[0.24859087]
2348
[0.16796712]
2349
[0.08520305]
2350
[0.28115358]
2351
[0.22396579]
2352
[0.19934738]
2353
[0.20281637]
2354
[0.25725378]
2355
[0.10340896]
2356
[0.18062396]
2357
[0.27863989]
2358
[0.1901323]
2359
[0.28151978]
2360
[0.18599713]
2361
[0.11774651]
2362
[0.08041713]
2363
[0.15430626]
2364
[0.21772407]
2365
[0.28131575]
2366
[0.18912434]
2367
[0.27623727]
2368
[0.18976664]
2369
[0.14335017]
2370
[0.13735424]
2371
[0.16282111]
2372
[0.27020349]
2373
[0.25051545]
2374
[0.17908888]
2375
[0.24933918]
2376
[0.25629081]
2377
[0.23256182]
2378
[0.09884374]
2379
[0.14671401]
2380
[0.20165477]
2381
[0.19483289]
2382
[0.18170216]
2383
[0.1709262]
2384
[0.27741133]
2385
[0.21976752]
2386
[0.05340791]
2387
[0.28167116]
2388
[0.08309137]
2389
[0.17900247]
2390
[0.27705437]
2391
[0.1689793]
2392
[0.16425203]
2393
[0.18051832]
2394
[0.1530417]
2395
[0.09032676]
2396
[0.16330497]
2397
[0.19914602]
2398
[0.26352737]
2399
[0.2779239]
2400
[0.19849267]
2401
[0.15278483]
2402
[0.22212057]
2403
[0.21089651]
2404
[0.22888351]
2405
[0.1511769]
2406
[0.15105805]
2407
[0.25245847]
2408
[0.16969614]
2409
[0.16829639]
2410
[0.19610567]
2411
[0.2736294]
2412
[0.25254967]
2413
[0.13573559]
2414
[0.27790999]
2415
[0.10152183]
2416
[0.25850117]
2417
[0.26775629]
2418
[0.04983424]
2419
[0.218692]
2420
[0.07797485]
2421
[0.24353126]
2422
[0.28063757]
2423
[0.24889144]
2424
[0.27921489]
2425
[0.26453491]
2426
[0.19552145]
2427
[0.24780112]
2428
[0.21076388]
2429
[0.05121421]
2430
[0.23563723]
2431
[0.14913707]
2432
[0.28119878]
2433
[0.27762611]
2434
[0.10540461]
2435
[0.26873057]
2436
[0.22352263]
2437
[0.28167009]
2438
[0.22131113]
2439
[0.27117238]
2440
[0.16202734]
2441
[0.12917418]
2442
[0.17222976]
2443
[0.26903559]
2444
[0.2302261]
2445
[0.27882327]
2446
[0.06193406]
2447
[0.17521062]
2448
[0.27881324]
2449
[0.24653665]
2450
[0.20822181]
2451
[0.09879843]
2452
[0.28109835]
2453
[0.14391644]
2454
[0.18687218]
2455
[0.25852633]
2456
[0.28014952]
2457
[0.26169702]
2458
[0.1501848]
2459
[0.03685091]
2460
[0.14652273]
2461
[0.24522434]
2462
[0.26310238]
2463
[0.14652844]
2464
[0.12770745]
2465
[0.03958842]
2466
[0.17079385]
2467
[0.24270349]
2468
[0.07618127]
2469
[0.14578922]
2470
[0.25896169]
2471
[0.16007783]
2472
[0.22340003]
2473
[0.19485668]
2474
[0.1471766]
2475
[0.26829505]
2476
[0.27309218]
2477
[0.17905343]
2478
[0.17888254]
2479
[0.16292437]
2480
[0.18479795]
2481
[0.21695606]
2482
[0.2635408]
2483
[0.226647]
2484
[0.15480975]
2485
[0.27166658]
2486
[0.15297803]
2487
[0.27527484]
2488
[0.21141188]
2489
[0.07628055]
2490
[0.17371339]
2491
[0.22504153]
2492
[0.20141487]
2493
[0.24147991]
2494
[0.27309315]
2495
[0.28044421]
2496
[0.16930422]
2497
[0.1900208]
2498
[0.25920633]
2499
[0.27562914]
2500
[0.26832176]
2501
[0.1868804]
2502
[0.25655675]
2503
[0.22536227]
2504
[0.22357381]
2505
[0.22128742]
2506
[0.09250811]
2507
[0.2348337]
2508
[0.24182943]
2509
[0.0560292]
2510
[0.2117733]
2511
[0.23334919]
2512
[0.27904575]
2513
[0.27699151]
2514
[0.09895039]
2515
[0.28156724]
2516
[0.14828625]
2517
[0.23037548]
2518
[0.17891686]
2519
[0.16808314]
2520
[0.28159363]
2521
[0.25444073]
2522
[0.27216018]
2523
[0.09753414]
2524
[0.26317529]
2525
[0.25381713]
2526
[0.20501255]
2527
[0.06571853]
2528
[0.20678754]
2529
[0.15354841]
2530
[0.18197506]
2531
[0.15917179]
2532
[0.16229016]
2533
[0.21795228]
2534
[0.26280696]
2535
[0.25369819]
2536
[0.17296986]
2537
[0.26937487]
2538
[0.05396988]
2539
[0.22816497]
2540
[0.14684297]
2541
[0.15208054]
2542
[0.05620716]
2543
[0.09311072]
2544
[0.04306747]
2545
[0.04640208]
2546
[0.14649396]
2547
[0.22110688]
2548
[0.28162725]
2549
[0.18792073]
2550
[0.12042862]
2551
[0.23198554]
2552
[0.05107614]
2553
[0.09352676]
2554
[0.28014485]
2555
[0.25661918]
2556
[0.14653032]
2557
[0.11162178]
2558
[0.28153281]
2559
[0.08847668]
2560
[0.04301088]
2561
[0.19605718]
2562
[0.21661501]
2563
[0.27222177]
2564
[0.20897319]
2565
[0.23259088]
2566
[0.2683832]
2567
[0.14750523]
2568
[0.14682277]
2569
[0.24635807]
2570
[0.18573467]
2571
[0.1635901]
2572
[0.26985416]
2573
[0.23751649]
2574
[0.14697603]
2575
[0.17893536]
2576
[0.2633033]
2577
[0.07203254]
2578
[0.26197231]
2579
[0.27929084]
2580
[0.26168168]
2581
[0.17653123]
2582
[0.28091059]
2583
[0.27748051]
2584
[0.04729026]
2585
[0.27313087]
2586
[0.27958143]
2587
[0.22926429]
2588
[0.14666237]
2589
[0.27842015]
2590
[0.27813865]
2591
[0.20386144]
2592
[0.25243061]
2593
[0.27907914]
2594
[0.28124537]
2595
[0.05420198]
2596
[0.24152892]
2597
[0.08734816]
2598
[0.14154597]
2599
[0.21199118]
2600
[0.27951068]
2601
[0.28092526]
2602
[0.27796263]
2603
[0.2813836]
2604
[0.23599466]
2605
[0.28106135]
2606
[0.22857033]
2607
[0.19663019]
2608
[0.2138922]
2609
[0.03280503]
2610
[0.27980196]
2611
[0.26001117]
2612
[0.27242909]
2613
[0.22622105]
2614
[0.17169264]
2615
[0.2256991]
2616
[0.25117875]
2617
[0.2771742]
2618
[0.26977939]
2619
[0.26671536]
2620
[0.14535227]
2621
[0.28115735]
2622
[0.27588471]
2623
[0.14728503]
2624
[0.14679727]
2625
[0.15779639]
2626
[0.27329024]
2627
[0.11022476]
2628
[0.27090932]
2629
[0.19384766]
2630
[0.10606164]
2631
[0.09307495]
2632
[0.27433119]
2633
[0.17232353]
2634
[0.04711438]
2635
[0.1516151]
2636
[0.27033841]
2637
[0.18190656]
2638
[0.20855797]
2639
[0.20372072]
2640
[0.19019532]
2641
[0.2522389]
2642
[0.14738077]
2643
[0.27449139]
2644
[0.27756803]
2645
[0.24807654]
2646
[0.28093964]
2647
[0.1627117]
2648
[0.14722573]
2649
[0.2420194]
2650
[0.20390533]
2651
[0.05165987]
2652
[0.27272611]
2653
[0.1469784]
2654
[0.16104365]
2655
[0.23492231]
2656
[0.04629455]
2657
[0.13774627]
2658
[0.21346371]
2659
[0.26786929]
2660
[0.13553105]
2661
[0.18930111]
2662
[0.13691464]
2663
[0.25237491]
2664
[0.16928917]
2665
[0.0537397]
2666
[0.05905982]
2667
[0.27638336]
2668
[0.15369834]
2669
[0.16564505]
2670
[0.14928133]
2671
[0.25752288]
2672
[0.27071439]
2673
[0.17878911]
2674
[0.15638106]
2675
[0.03996771]
2676
[0.22825838]
2677
[0.22768121]
2678
[0.16051684]
2679
[0.18332786]
2680
[0.1293035]
2681
[0.26422144]
2682
[0.13207233]
2683
[0.06360447]
2684
[0.03862043]
2685
[0.26107699]
2686
[0.25897111]
2687
[0.23396185]
2688
[0.26529994]
2689
[0.21430516]
2690
[0.11472527]
2691
[0.04437652]
2692
[0.03079698]
2693
[0.25237244]
2694
[0.18717038]
2695
[0.26254077]
2696
[0.23242774]
2697
[0.26765905]
2698
[0.24158345]
2699
[0.2260779]
2700
[0.14548309]
2701
[0.19242525]
2702
[0.22732251]
2703
[0.14733922]
2704
[0.21873888]
2705
[0.12842253]
2706
[0.13869656]
2707
[0.25273021]
2708
[0.27307299]
2709
[0.28025859]
2710
[0.1339541]
2711
[0.15278545]
2712
[0.21835918]
2713
[0.15505728]
2714
[0.23465403]
2715
[0.16560347]
2716
[0.19595044]
2717
[0.10264583]
2718
[0.24181069]
2719
[0.151428]
2720
[0.21217511]
2721
[0.2647507]
2722
[0.10059355]
2723
[0.1815022]
2724
[0.25108656]
2725
[0.25914651]
2726
[0.16308814]
2727
[0.24544505]
2728
[0.25863116]
2729
[0.13456899]
2730
[0.1674095]
2731
[0.27944093]
2732
[0.03234961]
2733
[0.15796401]
2734
[0.25763946]
2735
[0.26878847]
2736
[0.0308483]
2737
[0.27205703]
2738
[0.03462502]
2739
[0.25357065]
2740
[0.14748239]
2741
[0.18659854]
2742
[0.05244357]
2743
[0.28104934]
2744
[0.19292188]
2745
[0.24321995]
2746
[0.12259602]
2747
[0.17609938]
2748
[0.19823864]
2749
[0.19474632]
2750
[0.06214934]
2751
[0.13044501]
2752
[0.1475105]
2753
[0.06632092]
2754
[0.14534262]
2755
[0.15580263]
2756
[0.2536361]
2757
[0.27792028]
2758
[0.26081186]
2759
[0.27924733]
2760
[0.22991963]
2761
[0.27694173]
2762
[0.2241097]
2763
[0.23886985]
2764
[0.1860605]
2765
[0.25221441]
2766
[0.15589187]
2767
[0.24664647]
2768
[0.14703578]
2769
[0.18740972]
2770
[0.24013814]
2771
[0.15769801]
2772
[0.21826369]
2773
[0.27884986]
2774
[0.22955998]
2775
[0.04339482]
2776
[0.26149537]
2777
[0.16843643]
2778
[0.17014845]
2779
[0.14655752]
2780
[0.22575304]
2781
[0.17169392]
2782
[0.22064888]
2783
[0.27112867]
2784
[0.26446611]
2785
[0.05801757]
2786
[0.19026184]
2787
[0.24892719]
2788
[0.16869398]
2789
[0.25360256]
2790
[0.26610077]
2791
[0.20109748]
2792
[0.03601072]
2793
[0.27781306]
2794
[0.1474454]
2795
[0.1783299]
2796
[0.25017989]
2797
[0.19946275]
2798
[0.13161141]
2799
[0.27547914]
2800
[0.13974663]
2801
[0.07119423]
2802
[0.27897985]
2803
[0.26071202]
2804
[0.27219363]
2805
[0.2710339]
2806
[0.18882261]
2807
[0.14869995]
2808
[0.26246208]
2809
[0.20459544]
2810
[0.26198786]
2811
[0.10314485]
2812
[0.18783761]
2813
[0.22594169]
2814
[0.24077747]
2815
[0.21185592]
2816
[0.16032021]
2817
[0.15079972]
2818
[0.28061824]
2819
[0.27583543]
2820
[0.26878201]
2821
[0.08188384]
2822
[0.14688976]
2823
[0.14548998]
2824
[0.0575214]
2825
[0.25157541]
2826
[0.24645502]
2827
[0.25599541]
2828
[0.16960138]
2829
[0.14574108]
2830
[0.28149035]
2831
[0.04882819]
2832
[0.07294404]
2833
[0.10179372]
2834
[0.21091223]
2835
[0.25447966]
2836
[0.28157706]
2837
[0.26849055]
2838
[0.08933282]
2839
[0.15702415]
2840
[0.16294482]
2841
[0.24235539]
2842
[0.27174215]
2843
[0.21179149]
2844
[0.20373148]
2845
[0.1767567]
2846
[0.14650158]
2847
[0.27310288]
2848
[0.28027543]
2849
[0.27951446]
2850
[0.21000385]
2851
[0.15202521]
2852
[0.23466324]
2853
[0.27995871]
2854
[0.08079778]
2855
[0.26797183]
2856
[0.26609943]
2857
[0.23440217]
2858
[0.27515493]
2859
[0.16112018]
2860
[0.14877617]
2861
[0.26460852]
2862
[0.19559227]
2863
[0.27760538]
2864
[0.17208052]
2865
[0.15192217]
2866
[0.25140237]
2867
[0.2204234]
2868
[0.16701374]
2869
[0.16022133]
2870
[0.12195386]
2871
[0.28084698]
2872
[0.14779758]
2873
[0.28167663]
2874
[0.11505573]
2875
[0.28167497]
2876
[0.19312968]
2877
[0.23573913]
2878
[0.14829186]
2879
[0.06343377]
2880
[0.14944303]
2881
[0.14987009]
2882
[0.27921239]
2883
[0.15228438]
2884
[0.14989067]
2885
[0.18662782]
2886
[0.14742822]
2887
[0.2232673]
2888
[0.15039177]
2889
[0.27088745]
2890
[0.14073476]
2891
[0.11833544]
2892
[0.19374253]
2893
[0.18792134]
2894
[0.23009836]
2895
[0.16654567]
2896
[0.2520785]
2897
[0.24259446]
2898
[0.16373255]
2899
[0.28167528]
2900
[0.20234691]
2901
[0.20209594]
2902
[0.20385465]
2903
[0.17733502]
2904
[0.20254261]
2905
[0.2813724]
2906
[0.2202738]
2907
[0.26400939]
2908
[0.14675749]
2909
[0.11108319]
2910
[0.25990953]
2911
[0.19578822]
2912
[0.24382144]
2913
[0.2791512]
2914
[0.20937817]
2915
[0.10444226]
2916
[0.19750411]
2917
[0.13577416]
2918
[0.23701505]
2919
[0.14799221]
2920
[0.13169243]
2921
[0.03697046]
2922
[0.24308121]
2923
[0.22767686]
2924
[0.18925859]
2925
[0.18687841]
2926
[0.23676515]
2927
[0.06831036]
2928
[0.12139368]
2929
[0.23442277]
2930
[0.24855338]
2931
[0.16077423]
2932
[0.23760036]
2933
[0.28113425]
2934
[0.04005666]
2935
[0.05580486]
2936
[0.16390338]
2937
[0.147174]
2938
[0.26814788]
2939
[0.18968062]
2940
[0.22683858]
2941
[0.25167351]
2942
[0.19696704]
2943
[0.16472468]
2944
[0.14692856]
2945
[0.2803629]
2946
[0.15563656]
2947
[0.17886274]
2948
[0.14705476]
2949
[0.27057254]
2950
[0.17286795]
2951
[0.24255889]
2952
[0.25370309]
2953
[0.17165043]
2954
[0.17439991]
2955
[0.12074248]
2956
[0.14876817]
2957
[0.1707902]
2958
[0.25077466]
2959
[0.14670603]
2960
[0.23811185]
2961
[0.17401601]
2962
[0.14649268]
2963
[0.22378583]
2964
[0.25771182]
2965
[0.26856488]
2966
[0.2253167]
2967
[0.24686491]
2968
[0.21272102]
2969
[0.0896538]
2970
[0.2333364]
2971
[0.24114878]
2972
[0.1491275]
2973
[0.1830023]
2974
[0.28054743]
2975
[0.28143325]
2976
[0.15571545]
2977
[0.09914977]
2978
[0.22413323]
2979
[0.03631447]
2980
[0.24117692]
2981
[0.246]
2982
[0.14737343]
2983
[0.14685868]
2984
[0.21490186]
2985
[0.20453754]
2986
[0.18943519]
2987
[0.24874646]
2988
[0.26913808]
2989
[0.14327422]
2990
[0.2649689]
2991
[0.11494257]
2992
[0.2546521]
2993
[0.15432249]
2994
[0.21495112]
2995
[0.25045857]
2996
[0.15625378]
2997
[0.21505484]
2998
[0.16210989]
2999
[0.20219036]
3000
[0.28108664]
3001
[0.11240729]
3002
[0.15960256]
3003
[0.26458909]
3004
[0.10417049]
3005
[0.04589712]
3006
[0.23358205]
3007
[0.17462623]
3008
[0.19785014]
3009
[0.22179375]
3010
[0.22166145]
3011
[0.26067205]
3012
[0.24660837]
3013
[0.23265163]
3014
[0.23579381]
3015
[0.06718108]
3016
[0.15116318]
3017
[0.1476944]
3018
[0.10264231]
3019
[0.27076519]
3020
[0.224579]
3021
[0.20193179]
3022
[0.20150208]
3023
[0.21898619]
3024
[0.17300055]
3025
[0.28144701]
3026
[0.09686675]
3027
[0.24383157]
3028
[0.17643963]
3029
[0.26454182]
3030
[0.17067747]
3031
[0.21190662]
3032
[0.22017686]
3033
[0.18178734]
3034
[0.13232395]
3035
[0.27520381]
3036
[0.218592]
3037
[0.14995674]
3038
[0.27876946]
3039
[0.24870656]
3040
[0.27839224]
3041
[0.20256428]
3042
[0.23530515]
3043
[0.26981468]
3044
[0.184201]
3045
[0.28157039]
3046
[0.24089301]
3047
[0.16998165]
3048
[0.24982585]
3049
[0.15009453]
3050
[0.17654142]
3051
[0.0484094]
3052
[0.19976529]
3053
[0.24928416]
3054
[0.17653456]
3055
[0.15904397]
3056
[0.14766684]
3057
[0.27159294]
3058
[0.19040275]
3059
[0.24428521]
3060
[0.10746955]
3061
[0.27172549]
3062
[0.23768854]
3063
[0.25960544]
3064
[0.0591301]
3065
[0.17497479]
3066
[0.28009558]
3067
[0.17036966]
3068
[0.21258083]
3069
[0.24777798]
3070
[0.24720176]
3071
[0.14249192]
3072
[0.22038234]
3073
[0.27487413]
3074
[0.27516287]
3075
[0.16865236]
3076
[0.21521339]
3077
[0.24568743]
3078
[0.27001865]
3079
[0.24379533]
3080
[0.23648716]
3081
[0.24509973]
3082
[0.22349966]
3083
[0.27292898]
3084
[0.28167703]
3085
[0.08641924]
3086
[0.15200547]
3087
[0.28004127]
3088
[0.16244106]
3089
[0.28101324]
3090
[0.15348578]
3091
[0.08985913]
3092
[0.21931994]
3093
[0.2780582]
3094
[0.14896461]
3095
[0.16459121]
3096
[0.14841318]
3097
[0.183894]
3098
[0.14927262]
3099
[0.28101831]
3100
[0.23879506]
3101
[0.1665891]
3102
[0.19927313]
3103
[0.17210015]
3104
[0.19863511]
3105
[0.27394978]
3106
[0.20677682]
3107
[0.15456466]
3108
[0.1498795]
3109
[0.13831049]
3110
[0.22433743]
3111
[0.27687526]
3112
[0.27965239]
3113
[0.18285284]
3114
[0.28142575]
3115
[0.06407223]
3116
[0.23807162]
3117
[0.28124561]
3118
[0.27956321]
3119
[0.17233009]
3120
[0.28166237]
3121
[0.14845258]
3122
[0.22536184]
3123
[0.04877464]
3124
[0.28062574]
3125
[0.27614176]
3126
[0.14769725]
3127
[0.17087833]
3128
[0.15672263]
3129
[0.25302188]
3130
[0.28026039]
3131
[0.20081656]
3132
[0.22165761]
3133
[0.23071719]
3134
[0.21169384]
3135
[0.2115885]
3136
[0.16477475]
3137
[0.27991676]
3138
[0.20497102]
3139
[0.25441074]
3140
[0.26082466]
3141
[0.04661904]
3142
[0.25502453]
3143
[0.14688104]
3144
[0.033305]
3145
[0.15318273]
3146
[0.14950166]
3147
[0.27754086]
3148
[0.07826059]
3149
[0.14694203]
3150
[0.06207097]
3151
[0.11395011]
3152
[0.08844119]
3153
[0.15329237]
3154
[0.14710911]
3155
[0.2731915]
3156
[0.18448813]
3157
[0.14836779]
3158
[0.21317872]
3159
[0.09680049]
3160
[0.25314404]
3161
[0.09985239]
3162
[0.09783121]
3163
[0.17014005]
3164
[0.26432702]
3165
[0.27234178]
3166
[0.22395435]
3167
[0.09152031]
3168
[0.12952737]
3169
[0.07150522]
3170
[0.23694319]
3171
[0.2795329]
3172
[0.28106084]
3173
[0.26828022]
3174
[0.26236823]
3175
[0.24089066]
3176
[0.26644602]
3177
[0.2783364]
3178
[0.13517208]
3179
[0.03330375]
3180
[0.14972383]
3181
[0.28073999]
3182
[0.11670634]
3183
[0.19326212]
3184
[0.23074974]
3185
[0.20909233]
3186
[0.16744008]
3187
[0.27844484]
3188
[0.15030916]
3189
[0.19161742]
3190
[0.27489032]
3191
[0.15407137]
3192
[0.2183187]
3193
[0.25748328]
3194
[0.23592305]
3195
[0.13782814]
3196
[0.16492549]
3197
[0.23833574]
3198
[0.27569804]
3199
[0.20772783]
3200
[0.24953186]
3201
[0.18268394]
3202
[0.21077585]
3203
[0.15000648]
3204
[0.28121745]
3205
[0.28130271]
3206
[0.12902578]
3207
[0.15264092]
3208
[0.28166128]
3209
[0.23846484]
3210
[0.2393072]
3211
[0.17913782]
3212
[0.26115389]
3213
[0.17636524]
3214
[0.21963164]
3215
[0.03963959]
3216
[0.13269294]
3217
[0.19339042]
3218
[0.05839783]
3219
[0.23434077]
3220
[0.23648518]
3221
[0.14674541]
3222
[0.16734452]
3223
[0.12975955]
3224
[0.13379369]
3225
[0.25576669]
3226
[0.18368094]
3227
[0.11316804]
3228
[0.27621666]
3229
[0.23428956]
3230
[0.16618115]
3231
[0.2774071]
3232
[0.10238644]
3233
[0.24488187]
3234
[0.15356133]
3235
[0.18214665]
3236
[0.0892684]
3237
[0.25034239]
3238
[0.24683185]
3239
[0.24655299]
3240
[0.20486821]
3241
[0.03828968]
3242
[0.26685378]
3243
[0.23450469]
3244
[0.17583119]
3245
[0.13801621]
3246
[0.17666617]
3247
[0.1853283]
3248
[0.24784973]
3249
[0.07313484]
3250
[0.27773213]
3251
[0.28146384]
3252
[0.15990668]
3253
[0.23997788]
3254
[0.1845782]
3255
[0.16245329]
3256
[0.19046987]
3257
[0.18924196]
3258
[0.18651517]
3259
[0.23183156]
3260
[0.17033884]
3261
[0.19092113]
3262
[0.25784619]
3263
[0.25987513]
3264
[0.15127299]
3265
[0.16718807]
3266
[0.27492922]
3267
[0.11680754]
3268
[0.03942691]
3269
[0.09728909]
3270
[0.18812863]
3271
[0.27943011]
3272
[0.27858431]
3273
[0.07145165]
3274
[0.23766582]
3275
[0.25818126]
3276
[0.24709248]
3277
[0.1524121]
3278
[0.27845558]
3279
[0.14938108]
3280
[0.15316934]
3281
[0.14764284]
3282
[0.25572231]
3283
[0.23975131]
3284
[0.25965011]
3285
[0.19271561]
3286
[0.26758164]
3287
[0.14691822]
3288
[0.1940917]
3289
[0.14551078]
3290
[0.18304265]
3291
[0.09260978]
3292
[0.1113644]
3293
[0.26824706]
3294
[0.24052708]
3295
[0.20905553]
3296
[0.22498365]
3297
[0.26691779]
3298
[0.14747213]
3299
[0.19850973]
3300
[0.27716386]
3301
[0.0300141]
3302
[0.27524972]
3303
[0.03513318]
3304
[0.15400753]
3305
[0.26873356]
3306
[0.14506956]
3307
[0.2680165]
3308
[0.14788562]
3309
[0.14765677]
3310
[0.05084293]
3311
[0.06095025]
3312
[0.14682524]
3313
[0.24204594]
3314
[0.26632958]
3315
[0.1471032]
3316
[0.21787682]
3317
[0.26377382]
3318
[0.14720517]
3319
[0.16634797]
3320
[0.25927923]
3321
[0.25230721]
3322
[0.22791055]
3323
[0.1986461]
3324
[0.25984905]
3325
[0.16730437]
3326
[0.0792935]
3327
[0.17758052]
3328
[0.14905391]
3329
[0.2681625]
3330
[0.28146242]
3331
[0.21835812]
3332
[0.19681165]
3333
[0.1894611]
3334
[0.13070928]
3335
[0.20959127]
3336
[0.1761083]
3337
[0.27308067]
3338
[0.16510033]
3339
[0.22994995]
3340
[0.15051954]
3341
[0.07394723]
3342
[0.27652364]
3343
[0.12276393]
3344
[0.26124887]
3345
[0.21102307]
3346
[0.25038451]
3347
[0.14928432]
3348
[0.20656497]
3349
[0.26179282]
3350
[0.14778479]
3351
[0.12845475]
3352
[0.2448411]
3353
[0.08667828]
3354
[0.18635622]
3355
[0.06756264]
3356
[0.05639425]
3357
[0.253649]
3358
[0.24875454]
3359
[0.06633888]
3360
[0.23580504]
3361
[0.28006568]
3362
[0.27134108]
3363
[0.14734597]
3364
[0.24088144]
3365
[0.151964]
3366
[0.17583723]
3367
[0.26518005]
3368
[0.27481632]
3369
[0.20100458]
3370
[0.16957378]
3371
[0.07250795]
3372
[0.2221262]
3373
[0.1472166]
3374
[0.23468446]
3375
[0.09425045]
3376
[0.16971244]
3377
[0.1729316]
3378
[0.04107846]
3379
[0.19555697]
3380
[0.24459511]
3381
[0.03895691]
3382
[0.27183455]
3383
[0.272917]
3384
[0.17681755]
3385
[0.26775509]
3386
[0.27906394]
3387
[0.25244662]
3388
[0.0380953]
3389
[0.17884425]
3390
[0.11164326]
3391
[0.16034166]
3392
[0.24266122]
3393
[0.03396066]
3394
[0.26573181]
3395
[0.03290786]
3396
[0.05216713]
3397
[0.1665081]
3398
[0.07819923]
3399
[0.04479249]
3400
[0.2712085]
3401
[0.13250283]
3402
[0.27318092]
3403
[0.17214117]
3404
[0.22271185]
3405
[0.28167501]
3406
[0.18005863]
3407
[0.14713653]
3408
[0.18370823]
3409
[0.19177067]
3410
[0.24305794]
3411
[0.04678459]
3412
[0.27867109]
3413
[0.26954868]
3414
[0.26970246]
3415
[0.12108696]
3416
[0.26623023]
3417
[0.14986708]
3418
[0.13687911]
3419
[0.17371323]
3420
[0.26301931]
3421
[0.17294317]
3422
[0.26088714]
3423
[0.06574232]
3424
[0.05533724]
3425
[0.14708467]
3426
[0.27514565]
3427
[0.23783918]
3428
[0.17496234]
3429
[0.22461442]
3430
[0.27594758]
3431
[0.26463475]
3432
[0.25751426]
3433
[0.08951704]
3434
[0.2465422]
3435
[0.04618434]
3436
[0.14709831]
3437
[0.27550773]
3438
[0.27773594]
3439
[0.27788071]
3440
[0.23334594]
3441
[0.18158832]
3442
[0.21702843]
3443
[0.27298284]
3444
[0.08542148]
3445
[0.17099305]
3446
[0.13131202]
3447
[0.03987092]
3448
[0.16924729]
3449
[0.08343396]
3450
[0.26448622]
3451
[0.27863937]
3452
[0.28160007]
3453
[0.03667079]
3454
[0.12794118]
3455
[0.11689628]
3456
[0.25056512]
3457
[0.27262854]
3458
[0.261068]
3459
[0.14505368]
3460
[0.22117218]
3461
[0.2809223]
3462
[0.16919507]
3463
[0.03236695]
3464
[0.0310175]
3465
[0.15805351]
3466
[0.11407317]
3467
[0.20413477]
3468
[0.14748056]
3469
[0.27779644]
3470
[0.24308046]
3471
[0.27405071]
3472
[0.22678566]
3473
[0.05242103]
3474
[0.148481]
3475
[0.27022744]
3476
[0.12609222]
3477
[0.27500772]
3478
[0.2537724]
3479
[0.27742663]
3480
[0.21186222]
3481
[0.16675995]
3482
[0.27180557]
3483
[0.28067114]
3484
[0.14936601]
3485
[0.20094786]
3486
[0.28155116]
3487
[0.20082387]
3488
[0.27650403]
3489
[0.28138897]
3490
[0.27790119]
3491
[0.05002157]
3492
[0.1905301]
3493
[0.18214865]
3494
[0.28162244]
3495
[0.2233618]
3496
[0.15837997]
3497
[0.24023111]
3498
[0.23663794]
3499
[0.11726289]
3500
[0.27416791]
3501
[0.10210913]
3502
[0.15847592]
3503
[0.21947515]
3504
[0.26903344]
3505
[0.14799561]
3506
[0.14748758]
3507
[0.17448195]
3508
[0.21454435]
3509
[0.19794121]
3510
[0.21916511]
3511
[0.04705076]
3512
[0.24633345]
3513
[0.25903249]
3514
[0.15027978]
3515
[0.06890696]
3516
[0.26776645]
3517
[0.20864072]
3518
[0.16868715]
3519
[0.27389185]
3520
[0.23127389]
3521
[0.22957042]
3522
[0.14652236]
3523
[0.26918153]
3524
[0.23243277]
3525
[0.23599758]
3526
[0.09873893]
3527
[0.16301022]
3528
[0.2816582]
3529
[0.26101275]
3530
[0.25780802]
3531
[0.24242033]
3532
[0.15833781]
3533
[0.07702279]
3534
[0.03037242]
3535
[0.22117915]
3536
[0.24024444]
3537
[0.09082655]
3538
[0.15485138]
3539
[0.26760548]
3540
[0.17658421]
3541
[0.19472002]
3542
[0.17310101]
3543
[0.20566814]
3544
[0.1279405]
3545
[0.25770058]
3546
[0.27953896]
3547
[0.25283038]
3548
[0.28118012]
3549
[0.0390985]
3550
[0.20854538]
3551
[0.15440846]
3552
[0.15575633]
3553
[0.09276534]
3554
[0.16862092]
3555
[0.19852182]
3556
[0.17119261]
3557
[0.20584765]
3558
[0.17485045]
3559
[0.14808218]
3560
[0.16171016]
3561
[0.27755522]
3562
[0.13886512]
3563
[0.0719466]
3564
[0.16588655]
3565
[0.28166673]
3566
[0.23316155]
3567
[0.24374849]
3568
[0.15315219]
3569
[0.19785966]
3570
[0.27357441]
3571
[0.21988864]
3572
[0.23061971]
3573
[0.2193348]
3574
[0.23899271]
3575
[0.20917684]
3576
[0.26868314]
3577
[0.14745458]
3578
[0.26154928]
3579
[0.26996979]
3580
[0.22274155]
3581
[0.04564281]
3582
[0.10360391]
3583
[0.27373664]
3584
[0.12675664]
3585
[0.07522519]
3586
[0.2816762]
3587
[0.27170231]
3588
[0.14734166]
3589
[0.27987852]
3590
[0.28133361]
3591
[0.28133317]
3592
[0.03778885]
3593
[0.17690612]
3594
[0.17209966]
3595
[0.2789107]
3596
[0.25642953]
3597
[0.17003586]
3598
[0.17763338]
3599
[0.20688563]
3600
[0.13008751]
3601
[0.15377888]
3602
[0.25821897]
3603
[0.21386642]
3604
[0.23239181]
3605
[0.21022003]
3606
[0.24511575]
3607
[0.27056837]
3608
[0.14721114]
3609
[0.06908795]
3610
[0.20545477]
3611
[0.22714388]
3612
[0.17948709]
3613
[0.27310415]
3614
[0.22406696]
3615
[0.03795473]
3616
[0.24998182]
3617
[0.14697075]
3618
[0.23038729]
3619
[0.16187291]
3620
[0.25546263]
3621
[0.24951431]
3622
[0.15892132]
3623
[0.27681004]
3624
[0.16366558]
3625
[0.23659275]
3626
[0.16723266]
3627
[0.26214228]
3628
[0.23226018]
3629
[0.06681506]
3630
[0.17310453]
3631
[0.23244841]
3632
[0.14710391]
3633
[0.16023787]
3634
[0.27675952]
3635
[0.25378572]
3636
[0.17931324]
3637
[0.11939915]
3638
[0.05093624]
3639
[0.03190031]
3640
[0.2812148]
3641
[0.23871683]
3642
[0.0431897]
3643
[0.17388811]
3644
[0.13738462]
3645
[0.18834694]
3646
[0.25675263]
3647
[0.28077261]
3648
[0.14710239]
3649
[0.20669753]
3650
[0.26094682]
3651
[0.15388232]
3652
[0.27773297]
3653
[0.18428533]
3654
[0.14787291]
3655
[0.17173628]
3656
[0.22897343]
3657
[0.14771833]
3658
[0.27677422]
3659
[0.24963711]
3660
[0.11109353]
3661
[0.22669184]
3662
[0.16257457]
3663
[0.25437785]
3664
[0.19351771]
3665
[0.21690084]
3666
[0.14998278]
3667
[0.18259812]
3668
[0.20215703]
3669
[0.2780588]
3670
[0.27394014]
3671
[0.27495662]
3672
[0.21682846]
3673
[0.27060568]
3674
[0.14712582]
3675
[0.16494275]
3676
[0.24023072]
3677
[0.14654252]
3678
[0.04007662]
3679
[0.14030472]
3680
[0.2816593]
3681
[0.24709791]
3682
[0.04501619]
3683
[0.27417591]
3684
[0.16664206]
3685
[0.05653981]
3686
[0.18285168]
3687
[0.20586761]
3688
[0.18079089]
3689
[0.19189937]
3690
[0.07644694]
3691
[0.09156204]
3692
[0.27118591]
3693
[0.20694193]
3694
[0.28167742]
3695
[0.23290289]
3696
[0.15816318]
3697
[0.20901589]
3698
[0.20677109]
3699
[0.08225795]
3700
[0.25006788]
3701
[0.24956709]
3702
[0.12231902]
3703
[0.22925957]
3704
[0.28121619]
3705
[0.16339822]
3706
[0.15150451]
3707
[0.03135871]
3708
[0.28089549]
3709
[0.12249379]
3710
[0.23746768]
3711
[0.16249086]
3712
[0.04396609]
3713
[0.18766135]
3714
[0.27707821]
3715
[0.14357831]
3716
[0.20510098]
3717
[0.21508356]
3718
[0.27516181]
3719
[0.14977098]
3720
[0.06558561]
3721
[0.20002544]
3722
[0.22903659]
3723
[0.18031486]
3724
[0.21497534]
3725
[0.15755984]
3726
[0.25136629]
3727
[0.26864394]
3728
[0.18250081]
3729
[0.25024361]
3730
[0.26125965]
3731
[0.23146325]
3732
[0.10756479]
3733
[0.26597759]
3734
[0.25645028]
3735
[0.23749305]
3736
[0.25085173]
3737
[0.14764077]
3738
[0.25868811]
3739
[0.28002969]
3740
[0.27250597]
3741
[0.16544045]
3742
[0.22599399]
3743
[0.08181239]
3744
[0.15756384]
3745
[0.144828]
3746
[0.28137974]
3747
[0.10303966]
3748
[0.27956359]
3749
[0.28142442]
3750
[0.24852328]
3751
[0.26302061]
3752
[0.17493406]
3753
[0.1122334]
3754
[0.14691799]
3755
[0.11739336]
3756
[0.10691591]
3757
[0.16576592]
3758
[0.18226682]
3759
[0.15388549]
3760
[0.27029626]
3761
[0.14757232]
3762
[0.27907493]
3763
[0.1010033]
3764
[0.27727242]
3765
[0.28155259]
3766
[0.17784738]
3767
[0.1154151]
3768
[0.19829925]
3769
[0.18167781]
3770
[0.03414535]
3771
[0.14747467]
3772
[0.1542903]
3773
[0.06581562]
3774
[0.24111887]
3775
[0.03801374]
3776
[0.27912549]
3777
[0.25018152]
3778
[0.05701889]
3779
[0.21913452]
3780
[0.14897155]
3781
[0.18471984]
3782
[0.27587156]
3783
[0.20119065]
3784
[0.22047768]
3785
[0.17832705]
3786
[0.27360619]
3787
[0.27594309]
3788
[0.16387133]
3789
[0.19197688]
3790
[0.17811886]
3791
[0.26007701]
3792
[0.11910693]
3793
[0.23386386]
3794
[0.27718142]
3795
[0.28087585]
3796
[0.16610508]
3797
[0.15246153]
3798
[0.17808788]
3799
[0.27097232]
3800
[0.14441156]
3801
[0.28027715]
3802
[0.27852554]
3803
[0.15614278]
3804
[0.2797687]
3805
[0.091]
3806
[0.10122407]
3807
[0.16055709]
3808
[0.22558821]
3809
[0.17571584]
3810
[0.07245267]
3811
[0.18838731]
3812
[0.26797852]
3813
[0.20783458]
3814
[0.17742987]
3815
[0.1828951]
3816
[0.07303323]
3817
[0.28157693]
3818
[0.15968178]
3819
[0.27675495]
3820
[0.09730976]
3821
[0.26364135]
3822
[0.22529204]
3823
[0.28160774]
3824
[0.17536469]
3825
[0.25939539]
3826
[0.14949462]
3827
[0.25835722]
3828
[0.16197883]
3829
[0.17363183]
3830
[0.20341584]
3831
[0.26870765]
3832
[0.28103412]
3833
[0.15792628]
3834
[0.02939983]
3835
[0.27752591]
3836
[0.2245782]
3837
[0.22704404]
3838
[0.22822402]
3839
[0.22034735]
3840
[0.20554651]
3841
[0.23644503]
3842
[0.16959857]
3843
[0.27931853]
3844
[0.16083621]
3845
[0.05643761]
3846
[0.24965137]
3847
[0.0800458]
3848
[0.06739239]
3849
[0.06916045]
3850
[0.05091201]
3851
[0.24328662]
3852
[0.20139195]
3853
[0.08569027]
3854
[0.24755277]
3855
[0.19816867]
3856
[0.1510999]
3857
[0.19343407]
3858
[0.18533092]
3859
[0.05045838]
3860
[0.22827607]
3861
[0.06941202]
3862
[0.1646312]
3863
[0.16736736]
3864
[0.28113388]
3865
[0.15712613]
3866
[0.14548882]
3867
[0.15261722]
3868
[0.19685225]
3869
[0.19281747]
3870
[0.21299018]
3871
[0.25988574]
3872
[0.03643278]
3873
[0.24595036]
3874
[0.17564589]
3875
[0.24948768]
3876
[0.27588465]
3877
[0.18974813]
3878
[0.22951212]
3879
[0.20141817]
3880
[0.2425606]
3881
[0.25068593]
3882
[0.2029293]
3883
[0.15571944]
3884
[0.21006989]
3885
[0.08474817]
3886
[0.2018031]
3887
[0.24664953]
3888
[0.19584705]
3889
[0.10310061]
3890
[0.2652381]
3891
[0.2306116]
3892
[0.22408227]
3893
[0.28031563]
3894
[0.27500465]
3895
[0.26028922]
3896
[0.13104026]
3897
[0.16399357]
3898
[0.21555779]
3899
[0.21859721]
3900
[0.14974018]
3901
[0.22446617]
3902
[0.16106942]
3903
[0.27148624]
3904
[0.20945802]
3905
[0.20504388]
3906
[0.1645552]
3907
[0.06579971]
3908
[0.22300014]
3909
[0.27684579]
3910
[0.23474962]
3911
[0.02811331]
3912
[0.28105367]
3913
[0.26616751]
3914
[0.04137759]
3915
[0.22756926]
3916
[0.19169373]
3917
[0.10412537]
3918
[0.25796851]
3919
[0.27020032]
3920
[0.18820932]
3921
[0.0486268]
3922
[0.28043382]
3923
[0.15909345]
3924
[0.25263711]
3925
[0.19082646]
3926
[0.2162006]
3927
[0.12571366]
3928
[0.2538137]
3929
[0.15360042]
3930
[0.15462177]
3931
[0.03120485]
3932
[0.18183343]
3933
[0.20139736]
3934
[0.17644378]
3935
[0.27838395]
3936
[0.23903995]
3937
[0.03786321]
3938
[0.06158925]
3939
[0.14677588]
3940
[0.26741469]
3941
[0.24119445]
3942
[0.14657141]
3943
[0.21201293]
3944
[0.14722007]
3945
[0.12264725]
3946
[0.26340814]
3947
[0.13014895]
3948
[0.28161274]
3949
[0.2080984]
3950
[0.18227153]
3951
[0.18802147]
3952
[0.06820235]
3953
[0.17171136]
3954
[0.2812575]
3955
[0.2434488]
3956
[0.16296256]
3957
[0.27970885]
3958
[0.26483048]
3959
[0.22629441]
3960
[0.16269026]
3961
[0.19507979]
3962
[0.2680756]
3963
[0.26881851]
3964
[0.18707359]
3965
[0.14660449]
3966
[0.1611933]
3967
[0.20005597]
3968
[0.16341583]
3969
[0.27885356]
3970
[0.28021673]
3971
[0.22896724]
3972
[0.09038721]
3973
[0.15811034]
3974
[0.03261828]
3975
[0.22872996]
3976
[0.26995905]
3977
[0.22935623]
3978
[0.27471246]
3979
[0.14900699]
3980
[0.21032225]
3981
[0.11805985]
3982
[0.26046434]
3983
[0.278305]
3984
[0.26636091]
3985
[0.07521979]
3986
[0.18129213]
3987
[0.17452975]
3988
[0.21573477]
3989
[0.21271719]
3990
[0.20938728]
3991
[0.13820631]
3992
[0.14442652]
3993
[0.27320447]
3994
[0.1287633]
3995
[0.24416336]
3996
[0.1918712]
3997
[0.24473554]
3998
[0.02683337]
3999
[0.24683118]
4000
[0.16906099]
4001
[0.10922971]
4002
[0.1723449]
4003
[0.24930196]
4004
[0.1519552]
4005
[0.26670017]
4006
[0.25506471]
4007
[0.15832672]
4008
[0.26826793]
4009
[0.16458994]
4010
[0.17523013]
4011
[0.09498721]
4012
[0.22070579]
4013
[0.16731405]
4014
[0.21248524]
4015
[0.27591811]
4016
[0.22952362]
4017
[0.27273505]
4018
[0.21091489]
4019
[0.14651422]
4020
[0.17232224]
4021
[0.19481704]
4022
[0.26731917]
4023
[0.1607378]
4024
[0.09496034]
4025
[0.03016277]
4026
[0.27048241]
4027
[0.15896438]
4028
[0.09687304]
4029
[0.26631857]
4030
[0.17966802]
4031
[0.15877917]
4032
[0.1491864]
4033
[0.23281937]
4034
[0.10248693]
4035
[0.17460738]
4036
[0.02919721]
4037
[0.28118318]
4038
[0.14589456]
4039
[0.22060769]
4040
[0.14642154]
4041
[0.18392236]
4042
[0.18885823]
4043
[0.2428642]
4044
[0.03487379]
4045
[0.27913255]
4046
[0.21534183]
4047
[0.28092718]
4048
[0.14689458]
4049
[0.16100207]
4050
[0.17228065]
4051
[0.10575107]
4052
[0.23815011]
4053
[0.2699713]
4054
[0.27417523]
4055
[0.22366982]
4056
[0.10612676]
4057
[0.16065553]
4058
[0.24897499]
4059
[0.27174267]
4060
[0.17570923]
4061
[0.25432495]
4062
[0.17055933]
4063
[0.27700753]
4064
[0.17536146]
4065
[0.14559199]
4066
[0.19993844]
4067
[0.1271125]
4068
[0.08065632]
4069
[0.27971091]
4070
[0.27953896]
4071
[0.14881216]
4072
[0.25477707]
4073
[0.20002675]
4074
[0.28106588]
4075
[0.03915792]
4076
[0.16933678]
4077
[0.11456845]
4078
[0.2776978]
4079
[0.18696931]
4080
[0.19620526]
4081
[0.24679111]
4082
[0.27504294]
4083
[0.15187912]
4084
[0.23180306]
4085
[0.25898601]
4086
[0.24406725]
4087
[0.15456549]
4088
[0.0741312]
4089
[0.10072538]
4090
[0.22429787]
4091
[0.27813101]
4092
[0.24975255]
4093
[0.1431097]
4094
[0.19293665]
4095
[0.21497147]
4096
[0.15367032]
4097
[0.12144035]
4098
[0.22624472]
4099
[0.16494368]
4100
[0.15722254]
4101
[0.16187572]
4102
[0.18138287]
4103
[0.27913916]
4104
[0.11978031]
4105
[0.2626184]
4106
[0.20814638]
4107
[0.22121529]
4108
[0.2760773]
4109
[0.09138178]
4110
[0.25369207]
4111
[0.23041605]
4112
[0.22041365]
4113
[0.16875802]
4114
[0.03958739]
4115
[0.24847628]
4116
[0.27838468]
4117
[0.16761703]
4118
[0.16571438]
4119
[0.17883333]
4120
[0.26073433]
4121
[0.0309439]
4122
[0.21146427]
4123
[0.16951939]
4124
[0.0422235]
4125
[0.02822369]
4126
[0.15337326]
4127
[0.07241079]
4128
[0.07602212]
4129
[0.19944432]
4130
[0.22696312]
4131
[0.09563423]
4132
[0.21323033]
4133
[0.08597317]
4134
[0.27934938]
4135
[0.26656742]
4136
[0.28157402]
4137
[0.04437602]
4138
[0.19953676]
4139
[0.07729294]
4140
[0.04763544]
4141
[0.16411302]
4142
[0.26573248]
4143
[0.20751062]
4144
[0.25141502]
4145
[0.20990259]
4146
[0.27701308]
4147
[0.25949705]
4148
[0.25669693]
4149
[0.25919878]
4150
[0.1842538]
4151
[0.27403297]
4152
[0.1981544]
4153
[0.27665923]
4154
[0.26560664]
4155
[0.23191621]
4156
[0.09259532]
4157
[0.27893097]
4158
[0.23936704]
4159
[0.21747448]
4160
[0.14548686]
4161
[0.27355229]
4162
[0.2762297]
4163
[0.15099695]
4164
[0.15409409]
4165
[0.15471879]
4166
[0.16679253]
4167
[0.07528433]
4168
[0.10291416]
4169
[0.20582001]
4170
[0.21984953]
4171
[0.17543936]
4172
[0.15085362]
4173
[0.18818058]
4174
[0.15285297]
4175
[0.13934819]
4176
[0.26875482]
4177
[0.23155655]
4178
[0.23398524]
4179
[0.2478253]
4180
[0.27568306]
4181
[0.18906765]
4182
[0.21339981]
4183
[0.28157874]
4184
[0.2009225]
4185
[0.16907204]
4186
[0.03430032]
4187
[0.28080873]
4188
[0.24440125]
4189
[0.15543017]
4190
[0.22902654]
4191
[0.18602148]
4192
[0.27192456]
4193
[0.14666524]
4194
[0.04317891]
4195
[0.27112552]
4196
[0.20716149]
4197
[0.24137166]
4198
[0.27423509]
4199
[0.26529446]
4200
[0.27381384]
4201
[0.16152726]
4202
[0.22549126]
4203
[0.23721884]
4204
[0.06211475]
4205
[0.16283947]
4206
[0.27832365]
4207
[0.18081496]
4208
[0.28163015]
4209
[0.17140493]
4210
[0.27345971]
4211
[0.16870552]
4212
[0.26127409]
4213
[0.11625886]
4214
[0.27224548]
4215
[0.14870647]
4216
[0.2812824]
4217
[0.26939534]
4218
[0.16422073]
4219
[0.26792465]
4220
[0.22573973]
4221
[0.27608491]
4222
[0.18862084]
4223
[0.20178125]
4224
[0.26723252]
4225
[0.1533327]
4226
[0.18821158]
4227
[0.22892397]
4228
[0.28114994]
4229
[0.03748962]
4230
[0.28013229]
4231
[0.16417092]
4232
[0.20644743]
4233
[0.25438971]
4234
[0.15199376]
4235
[0.28091175]
4236
[0.16943909]
4237
[0.28121316]
4238
[0.1545296]
4239
[0.27836241]
4240
[0.27917771]
4241
[0.12192368]
4242
[0.13519877]
4243
[0.09378685]
4244
[0.19307766]
4245
[0.27527527]
4246
[0.14973437]
4247
[0.19618654]
4248
[0.21486184]
4249
[0.06062491]
4250
[0.15062275]
4251
[0.15718283]
4252
[0.19939448]
4253
[0.20195983]
4254
[0.25850062]
4255
[0.26279174]
4256
[0.21028896]
4257
[0.16315822]
4258
[0.22545444]
4259
[0.2187479]
4260
[0.14909674]
4261
[0.05897476]
4262
[0.15592549]
4263
[0.28122523]
4264
[0.14929117]
4265
[0.26661752]
4266
[0.27654149]
4267
[0.2184743]
4268
[0.15754221]
4269
[0.17934657]
4270
[0.14768264]
4271
[0.19440653]
4272
[0.14548669]
4273
[0.27357614]
4274
[0.14728058]
4275
[0.27829405]
4276
[0.15668409]
4277
[0.05098268]
4278
[0.27291747]
4279
[0.24580043]
4280
[0.14748384]
4281
[0.19160051]
4282
[0.04466914]
4283
[0.12543466]
4284
[0.16760108]
4285
[0.23624618]
4286
[0.27170699]
4287
[0.17223296]
4288
[0.25224529]
4289
[0.02865973]
4290
[0.26351053]
4291
[0.20321456]
4292
[0.18813758]
4293
[0.20273361]
4294
[0.15256918]
4295
[0.16215534]
4296
[0.20960623]
4297
[0.21343742]
4298
[0.19281821]
4299
[0.1529747]
4300
[0.2687151]
4301
[0.18421636]
4302
[0.24220798]
4303
[0.21263098]
4304
[0.25653794]
4305
[0.18441378]
4306
[0.27307603]
4307
[0.25905233]
4308
[0.26996415]
4309
[0.07066199]
4310
[0.1509608]
4311
[0.25814184]
4312
[0.2171711]
4313
[0.26046086]
4314
[0.25882876]
4315
[0.14900343]
4316
[0.27422479]
4317
[0.23729701]
4318
[0.11749924]
4319
[0.22189017]
4320
[0.27732081]
4321
[0.1528956]
4322
[0.1949888]
4323
[0.27816139]
4324
[0.25400958]
4325
[0.21514868]
4326
[0.2329899]
4327
[0.23909912]
4328
[0.2120863]
4329
[0.2672135]
4330
[0.19291473]
4331
[0.26096181]
4332
[0.21698847]
4333
[0.03761468]
4334
[0.15083352]
4335
[0.17251806]
4336
[0.24168446]
4337
[0.27299725]
4338
[0.03476986]
4339
[0.18191382]
4340
[0.28118236]
4341
[0.15809349]
4342
[0.27430289]
4343
[0.26948644]
4344
[0.28157286]
4345
[0.28153472]
4346
[0.17683129]
4347
[0.18117127]
4348
[0.24161704]
4349
[0.09607237]
4350
[0.26660487]
4351
[0.27572744]
4352
[0.11259167]
4353
[0.25645411]
4354
[0.2622723]
4355
[0.16682277]
4356
[0.23549288]
4357
[0.16256118]
4358
[0.07307326]
4359
[0.18143083]
4360
[0.19434875]
4361
[0.15265303]
4362
[0.25701328]
4363
[0.19596706]
4364
[0.07876416]
4365
[0.15393311]
4366
[0.13097162]
4367
[0.17003747]
4368
[0.17728273]
4369
[0.27454762]
4370
[0.28163982]
4371
[0.11431357]
4372
[0.17141711]
4373
[0.22782603]
4374
[0.1617432]
4375
[0.17264643]
4376
[0.2338255]
4377
[0.13796994]
4378
[0.14886522]
4379
[0.11175386]
4380
[0.15499758]
4381
[0.26167071]
4382
[0.15344651]
4383
[0.24586438]
4384
[0.03791645]
4385
[0.2375375]
4386
[0.25818417]
4387
[0.15567479]
4388
[0.28081959]
4389
[0.27428629]
4390
[0.15263047]
4391
[0.18183889]
4392
[0.23488093]
4393
[0.20515573]
4394
[0.22928572]
4395
[0.27647453]
4396
[0.15442968]
4397
[0.07355049]
4398
[0.24074863]
4399
[0.28025383]
4400
[0.26655464]
4401
[0.26772975]
4402
[0.16963248]
4403
[0.06742218]
4404
[0.21408539]
4405
[0.06295266]
4406
[0.04524706]
4407
[0.27399377]
4408
[0.27979047]
4409
[0.26411944]
4410
[0.27789479]
4411
[0.2544135]
4412
[0.23585012]
4413
[0.2602374]
4414
[0.15113304]
4415
[0.25916384]
4416
[0.26354919]
4417
[0.15555207]
4418
[0.27506333]
4419
[0.17290938]
4420
[0.23974959]
4421
[0.27389128]
4422
[0.14974957]
4423
[0.24914543]
4424
[0.0820281]
4425
[0.27968901]
4426
[0.24223205]
4427
[0.14649334]
4428
[0.14952705]
4429
[0.09151567]
4430
[0.08911961]
4431
[0.16451293]
4432
[0.04662776]
4433
[0.19954913]
4434
[0.08577271]
4435
[0.17508416]
4436
[0.22913572]
4437
[0.26341603]
4438
[0.27930522]
4439
[0.27760624]
4440
[0.2150271]
4441
[0.28162577]
4442
[0.09842316]
4443
[0.07882225]
4444
[0.25018952]
4445
[0.24706001]
4446
[0.2428009]
4447
[0.26455655]
4448
[0.27889555]
4449
[0.27596213]
4450
[0.20036558]
4451
[0.26376572]
4452
[0.27055035]
4453
[0.22476985]
4454
[0.11383966]
4455
[0.15636731]
4456
[0.22266522]
4457
[0.28167565]
4458
[0.27371989]
4459
[0.21630661]
4460
[0.05722354]
4461
[0.24234499]
4462
[0.24357934]
4463
[0.16670302]
4464
[0.14578373]
4465
[0.25679063]
4466
[0.26451986]
4467
[0.26941977]
4468
[0.14726526]
4469
[0.26858713]
4470
[0.20968714]
4471
[0.26061447]
4472
[0.18605693]
4473
[0.09705135]
4474
[0.27459515]
4475
[0.12329897]
4476
[0.1310099]
4477
[0.18148177]
4478
[0.27169782]
4479
[0.25965882]
4480
[0.26724708]
4481
[0.25934204]
4482
[0.27936128]
4483
[0.22328448]
4484
[0.2692593]
4485
[0.19030892]
4486
[0.1949741]
4487
[0.14648973]
4488
[0.21069044]
4489
[0.19701649]
4490
[0.1421783]
4491
[0.03414941]
4492
[0.23123125]
4493
[0.16581894]
4494
[0.22000619]
4495
[0.24278148]
4496
[0.22847789]
4497
[0.2667461]
4498
[0.2040424]
4499
[0.15986529]
4500
[0.14626452]
4501
[0.19274582]
4502
[0.26794172]
4503
[0.27826837]
4504
[0.2420401]
4505
[0.26311811]
4506
[0.27649598]
4507
[0.04515372]
4508
[0.16507777]
4509
[0.27645727]
4510
[0.2788103]
4511
[0.15659909]
4512
[0.15242191]
4513
[0.2778275]
4514
[0.16410706]
4515
[0.23133927]
4516
[0.23376638]
4517
[0.27221452]
4518
[0.16861124]
4519
[0.20068736]
4520
[0.27504408]
4521
[0.25810231]
4522
[0.17869289]
4523
[0.2711363]
4524
[0.17623568]
4525
[0.26702346]
4526
[0.08568521]
4527
[0.27868408]
4528
[0.04804165]
4529
[0.05896579]
4530
[0.24741035]
4531
[0.27737921]
4532
[0.07404746]
4533
[0.26112645]
4534
[0.2362104]
4535
[0.15583097]
4536
[0.21475233]
4537
[0.09874245]
4538
[0.22038445]
4539
[0.16738126]
4540
[0.14706142]
4541
[0.27837395]
4542
[0.25516997]
4543
[0.08260999]
4544
[0.14854794]
4545
[0.15768152]
4546
[0.21630825]
4547
[0.14709645]
4548
[0.16286503]
4549
[0.20191914]
4550
[0.25498408]
4551
[0.27208392]
4552
[0.27909514]
4553
[0.16716552]
4554
[0.27510799]
4555
[0.2223274]
4556
[0.28157443]
4557
[0.14714141]
4558
[0.25381729]
4559
[0.25554556]
4560
[0.27468352]
4561
[0.19831824]
4562
[0.17810819]
4563
[0.21978767]
4564
[0.14718632]
4565
[0.17896767]
4566
[0.23048126]
4567
[0.25980831]
4568
[0.04776974]
4569
[0.09810782]
4570
[0.17410401]
4571
[0.28147383]
4572
[0.26444622]
4573
[0.22200217]
4574
[0.12563954]
4575
[0.15691176]
4576
[0.16357471]
4577
[0.19158322]
4578
[0.26760571]
4579
[0.09969508]
4580
[0.25984763]
4581
[0.10590132]
4582
[0.22237607]
4583
[0.22285343]
4584
[0.23235737]
4585
[0.24043358]
4586
[0.23692579]
4587
[0.2816373]
4588
[0.19385859]
4589
[0.18254976]
4590
[0.0580018]
4591
[0.05799763]
4592
[0.10961901]
4593
[0.14905932]
4594
[0.15677306]
4595
[0.23388428]
4596
[0.18131019]
4597
[0.28030709]
4598
[0.04778116]
4599
[0.27585996]
4600
[0.05339327]
4601
[0.26360242]
4602
[0.24340767]
4603
[0.27886512]
4604
[0.2231133]
4605
[0.16057817]
4606
[0.27272444]
4607
[0.27207003]
4608
[0.1640577]
4609
[0.0985082]
4610
[0.28099012]
4611
[0.2026978]
4612
[0.27260596]
4613
[0.14936585]
4614
[0.06992785]
4615
[0.23591914]
4616
[0.07795895]
4617
[0.27551777]
4618
[0.23071983]
4619
[0.12607079]
4620
[0.24685513]
4621
[0.21935065]
4622
[0.26905939]
4623
[0.16030043]
4624
[0.22125658]
4625
[0.20797879]
4626
[0.27354141]
4627
[0.05825033]
4628
[0.28166434]
4629
[0.21030044]
4630
[0.25890082]
4631
[0.21142168]
4632
[0.22706616]
4633
[0.1459277]
4634
[0.12561479]
4635
[0.15050407]
4636
[0.19561451]
4637
[0.24438549]
4638
[0.12191636]
4639
[0.27936628]
4640
[0.21892327]
4641
[0.26439327]
4642
[0.14937463]
4643
[0.15545751]
4644
[0.15514857]
4645
[0.26918693]
4646
[0.25331734]
4647
[0.25540581]
4648
[0.1895891]
4649
[0.24665066]
4650
[0.25184088]
4651
[0.23316689]
4652
[0.19223741]
4653
[0.26534799]
4654
[0.19000328]
4655
[0.25938379]
4656
[0.21960481]
4657
[0.16591162]
4658
[0.2791768]
4659
[0.14660265]
4660
[0.27833233]
4661
[0.24522507]
4662
[0.04077153]
4663
[0.28092166]
4664
[0.28072634]
4665
[0.27188292]
4666
[0.12647061]
4667
[0.07183174]
4668
[0.27773858]
4669
[0.11398083]
4670
[0.23877404]
4671
[0.14961608]
4672
[0.04862035]
4673
[0.14557372]
4674
[0.04699392]
4675
[0.27241045]
4676
[0.25850715]
4677
[0.17618973]
4678
[0.14973399]
4679
[0.28167671]
4680
[0.06629137]
4681
[0.14795819]
4682
[0.06056712]
4683
[0.26975047]
4684
[0.08722827]
4685
[0.21935369]
4686
[0.19292182]
4687
[0.19239649]
4688
[0.18927261]
4689
[0.2327007]
4690
[0.26369063]
4691
[0.22656183]
4692
[0.2667216]
4693
[0.2654383]
4694
[0.18373657]
4695
[0.22387698]
4696
[0.18901954]
4697
[0.16460013]
4698
[0.28135179]
4699
[0.17831969]
4700
[0.16976765]
4701
[0.24947242]
4702
[0.08109235]
4703
[0.13293307]
4704
[0.24263211]
4705
[0.15908723]
4706
[0.03842415]
4707
[0.26395344]
4708
[0.17988961]
4709
[0.15836288]
4710
[0.065084]
4711
[0.14736059]
4712
[0.16273327]
4713
[0.25772986]
4714
[0.16029484]
4715
[0.2718212]
4716
[0.14780325]
4717
[0.1659309]
4718
[0.14663403]
4719
[0.15599254]
4720
[0.26261146]
4721
[0.07334867]
4722
[0.04215858]
4723
[0.24511722]
4724
[0.03913706]
4725
[0.28114556]
4726
[0.22473715]
4727
[0.16595474]
4728
[0.28142148]
4729
[0.28165625]
4730
[0.20988251]
4731
[0.17779978]
4732
[0.2174739]
4733
[0.20029869]
4734
[0.21732498]
4735
[0.26481798]
4736
[0.06585379]
4737
[0.26741416]
4738
[0.1528007]
4739
[0.12190961]
4740
[0.2813275]
4741
[0.16742832]
4742
[0.23489129]
4743
[0.14570854]
4744
[0.20437916]
4745
[0.21943485]
4746
[0.18736049]
4747
[0.24178765]
4748
[0.14851902]
4749
[0.14816414]
4750
[0.20448293]
4751
[0.1466007]
4752
[0.25236091]
4753
[0.21945917]
4754
[0.11878436]
4755
[0.2729807]
4756
[0.10707424]
4757
[0.2660091]
4758
[0.28092705]
4759
[0.27397171]
4760
[0.28060967]
4761
[0.27843842]
4762
[0.23124708]
4763
[0.15720904]
4764
[0.20463346]
4765
[0.22866768]
4766
[0.20545433]
4767
[0.25184291]
4768
[0.18075292]
4769
[0.24244706]
4770
[0.25553378]
4771
[0.26444505]
4772
[0.25450139]
4773
[0.19588354]
4774
[0.28166193]
4775
[0.26248442]
4776
[0.25324992]
4777
[0.16114944]
4778
[0.28154779]
4779
[0.28071303]
4780
[0.24681282]
4781
[0.18289306]
4782
[0.28164514]
4783
[0.22362168]
4784
[0.20818691]
4785
[0.28164277]
4786
[0.27939929]
4787
[0.17062728]
4788
[0.2369185]
4789
[0.02811824]
4790
[0.27909074]
4791
[0.13816604]
4792
[0.26031632]
4793
[0.16358195]
4794
[0.27021189]
4795
[0.25897419]
4796
[0.14721788]
4797
[0.18509764]
4798
[0.14654742]
4799
[0.20665681]
4800
[0.241328]
4801
[0.15227005]
4802
[0.28085511]
4803
[0.26424245]
4804
[0.15705783]
4805
[0.28166191]
4806
[0.27326621]
4807
[0.20532454]
4808
[0.20748006]
4809
[0.04282076]
4810
[0.24218553]
4811
[0.15916129]
4812
[0.24699295]
4813
[0.09145484]
4814
[0.25089565]
4815
[0.17317308]
4816
[0.23286352]
4817
[0.15055384]
4818
[0.03270048]
4819
[0.28101349]
4820
[0.2372859]
4821
[0.26561083]
4822
[0.24995742]
4823
[0.14701711]
4824
[0.03347233]
4825
[0.15294304]
4826
[0.16872739]
4827
[0.16226118]
4828
[0.16186979]
4829
[0.14656809]
4830
[0.25094405]
4831
[0.21501715]
4832
[0.27685508]
4833
[0.16804308]
4834
[0.26367851]
4835
[0.27672583]
4836
[0.22986124]
4837
[0.28057814]
4838
[0.19858415]
4839
[0.03050604]
4840
[0.22434362]
4841
[0.20827613]
4842
[0.17268008]
4843
[0.25579528]
4844
[0.28139351]
4845
[0.097484]
4846
[0.15975047]
4847
[0.24801765]
4848
[0.27767824]
4849
[0.0525338]
4850
[0.20834902]
4851
[0.27440758]
4852
[0.21991191]
4853
[0.16261393]
4854
[0.269056]
4855
[0.23075713]
4856
[0.10142047]
4857
[0.18090174]
4858
[0.07106575]
4859
[0.25016045]
4860
[0.08576388]
4861
[0.0545393]
4862
[0.24954326]
4863
[0.24451797]
4864
[0.26892448]
4865
[0.22590989]
4866
[0.10271677]
4867
[0.0385056]
4868
[0.16696582]
4869
[0.17929138]
4870
[0.14661051]
4871
[0.1297601]
4872
[0.24122781]
4873
[0.25439985]
4874
[0.08141752]
4875
[0.16709292]
4876
[0.27616822]
4877
[0.04133688]
4878
[0.028387]
4879
[0.13289796]
4880
[0.24504615]
4881
[0.26510476]
4882
[0.17983059]
4883
[0.28140377]
4884
[0.2704866]
4885
[0.16717937]
4886
[0.27571338]
4887
[0.14684816]
4888
[0.14725367]
4889
[0.16397329]
4890
[0.14914631]
4891
[0.15859804]
4892
[0.1496522]
4893
[0.16537894]
4894
[0.15455574]
4895
[0.25438418]
4896
[0.07408734]
4897
[0.24281816]
4898
[0.1509539]
4899
[0.16847593]
4900
[0.23695148]
4901
[0.2816]
4902
[0.27605496]
4903
[0.14657141]
4904
[0.05331285]
4905
[0.14923281]
4906
[0.18188068]
4907
[0.14781905]
4908
[0.22823989]
4909
[0.26548992]
4910
[0.13489117]
4911
[0.14988913]
4912
[0.1494172]
4913
[0.1466475]
4914
[0.20603733]
4915
[0.15421716]
4916
[0.28097679]
4917
[0.09128158]
4918
[0.0967403]
4919
[0.1540939]
4920
[0.1842138]
4921
[0.15613205]
4922
[0.266752]
4923
[0.14704505]
4924
[0.16445446]
4925
[0.28128636]
4926
[0.24507398]
4927
[0.19282374]
4928
[0.13642469]
4929
[0.15633077]
4930
[0.25417264]
4931
[0.14837267]
4932
[0.10261366]
4933
[0.17293269]
4934
[0.0497621]
4935
[0.24572444]
4936
[0.23305925]
4937
[0.22063215]
4938
[0.28167469]
4939
[0.22679334]
4940
[0.18978787]
4941
[0.04080416]
4942
[0.18796614]
4943
[0.1794476]
4944
[0.11583162]
4945
[0.21900719]
4946
[0.15213661]
4947
[0.26587277]
4948
[0.16440936]
4949
[0.27315723]
4950
[0.05056115]
4951
[0.14793141]
4952
[0.25999509]
4953
[0.17280591]
4954
[0.23057373]
4955
[0.21446643]
4956
[0.15897495]
4957
[0.20178605]
4958
[0.26859594]
4959
[0.14653391]
4960
[0.27586407]
4961
[0.14784087]
4962
[0.14792129]
4963
[0.26448888]
4964
[0.22929799]
4965
[0.14702731]
4966
[0.23136126]
4967
[0.24257567]
4968
[0.28142454]
4969
[0.15201584]
4970
[0.25472361]
4971
[0.27686098]
4972
[0.04304145]
4973
[0.2814037]
4974
[0.28120261]
4975
[0.14943594]
4976
[0.25144366]
4977
[0.1854552]
4978
[0.22799341]
4979
[0.27277036]
4980
[0.18267787]
4981
[0.25108849]
4982
[0.27243164]
4983
[0.05746971]
4984
[0.23157841]
4985
[0.12650778]
4986
[0.03702352]
4987
[0.25309522]
4988
[0.27302748]
4989
[0.1647547]
4990
[0.25196765]
4991
[0.13889799]
4992
[0.21326793]
4993
[0.19357858]
4994
[0.21568816]
4995
[0.26163238]
4996
[0.20914084]
4997
[0.14747773]
4998
[0.14666465]
4999
[0.24360952]
[1] 40000    11
[1] 40000    11
