LOADING R
R LOADED
[1] "/home/lvanderl/Rlibs2"                         
[2] "/app/software/R/4.3.1-gfbf-2022b/lib/R/library"
[1] "/home/lvanderl/sieveSims"
[1] "gam 10 4"
[1] 0.06971974
[1] 0.06971974
[1] 0.06971974
37.55102040816327
0
[0.1120028]
1
[0.09056257]
2
[0.0772145]
3
[0.06911123]
4
[0.1129165]
5
[0.10947003]
6
[0.12124521]
7
[0.11888152]
8
[0.12095113]
9
[0.08831439]
10
[0.09142369]
11
[0.09414087]
12
[0.12640729]
13
[0.09299317]
14
[0.12115528]
15
[0.12889515]
16
[0.10893412]
17
[0.12220984]
18
[0.10814169]
19
[0.11401462]
20
[0.07521951]
21
[0.07611179]
22
[0.09200794]
23
[0.08153447]
24
[0.11638223]
25
[0.11185434]
26
[0.09874657]
27
[0.09507094]
28
[0.07934045]
29
[0.10790847]
30
[0.09940227]
31
[0.10878727]
32
[0.09436505]
33
[0.07832021]
34
[0.08542135]
35
[0.08358107]
36
[0.10663483]
37
[0.0867577]
38
[0.0956933]
39
[0.10572023]
40
[0.08994815]
41
[0.10371624]
42
[0.09165508]
43
[0.09937302]
44
[0.09890767]
45
[0.11881171]
46
[0.15487012]
47
[0.11694846]
48
[0.10586648]
49
[0.09446169]
50
[0.09655825]
51
[0.09351286]
52
[0.08963206]
53
[0.09001174]
54
[0.09946238]
55
[0.13309127]
56
[0.08680483]
57
[0.07195935]
58
[0.1036833]
59
[0.09353502]
60
[0.07965282]
61
[0.13117254]
62
[0.08648846]
63
[0.11092046]
64
[0.08039009]
65
[0.07107939]
66
[0.11315421]
67
[0.09216301]
68
[0.10637063]
69
[0.09089256]
70
[0.11829292]
71
[0.11308495]
72
[0.12161775]
73
[0.11266985]
74
[0.10236392]
75
[0.11971382]
76
[0.086607]
77
[0.12018036]
78
[0.10950553]
79
[0.1294282]
80
[0.10948748]
81
[0.14462543]
82
[0.1064063]
83
[0.10782726]
84
[0.07417782]
85
[0.13204348]
86
[0.12219673]
87
[0.12992938]
88
[0.10317793]
89
[0.11751815]
90
[0.11078583]
91
[0.10791733]
92
[0.1117896]
93
[0.11783629]
94
[0.1216392]
95
[0.11169809]
96
[0.08353877]
97
[0.09880517]
98
[0.10873395]
99
[0.11985982]
100
[0.12387984]
101
[0.13613951]
102
[0.11946807]
103
[0.09218792]
104
[0.07686775]
105
[0.09562185]
106
[0.07919727]
107
[0.11471807]
108
[0.10347559]
109
[0.1197387]
110
[0.10802745]
111
[0.10126314]
112
[0.09686422]
113
[0.08471217]
114
[0.09859404]
115
[0.09226564]
116
[0.07960856]
117
[0.08648846]
118
[0.10168289]
119
[0.08120355]
120
[0.11654972]
121
[0.10112477]
122
[0.09216529]
123
[0.10270768]
124
[0.11256494]
125
[0.09031892]
126
[0.14427446]
127
[0.10592331]
128
[0.10196809]
129
[0.09002236]
130
[0.08779292]
131
[0.13277023]
132
[0.08992833]
133
[0.09919582]
134
[0.13726408]
135
[0.11711621]
136
[0.08197319]
137
[0.103458]
138
[0.07413331]
139
[0.10050202]
140
[0.09695444]
141
[0.08535188]
142
[0.10275438]
143
[0.12111875]
144
[0.07675571]
145
[0.10946065]
146
[0.09078758]
147
[0.09193435]
148
[0.09464926]
149
[0.12415263]
150
[0.10178835]
151
[0.09463964]
152
[0.07239535]
153
[0.12795082]
154
[0.10809783]
155
[0.11926054]
156
[0.0897338]
157
[0.09997835]
158
[0.1182749]
159
[0.08736885]
160
[0.13992585]
161
[0.11429526]
162
[0.11891651]
163
[0.11296573]
164
[0.09632757]
165
[0.11980879]
166
[0.11191887]
167
[0.10405186]
168
[0.10215159]
169
[0.09854105]
170
[0.09855452]
171
[0.11283988]
172
[0.11292139]
173
[0.0945064]
174
[0.12301743]
175
[0.1140972]
176
[0.09620233]
177
[0.1132486]
178
[0.08609667]
179
[0.10986399]
180
[0.07187758]
181
[0.11625055]
182
[0.08100156]
183
[0.09872615]
184
[0.12087033]
185
[0.1112899]
186
[0.13085993]
187
[0.09107622]
188
[0.09658026]
189
[0.1035576]
190
[0.14314062]
191
[0.09556862]
192
[0.11726206]
193
[0.1067473]
194
[0.11950817]
195
[0.11191639]
196
[0.07499011]
197
[0.1347934]
198
[0.09611302]
199
[0.12234396]
200
[0.11042242]
201
[0.12425901]
202
[0.12107187]
203
[0.11408689]
204
[0.11197773]
205
[0.12085246]
206
[0.08702882]
207
[0.10322403]
208
[0.12166081]
209
[0.10565539]
210
[0.11888129]
211
[0.12718038]
212
[0.07151454]
213
[0.06353416]
214
[0.07768027]
215
[0.12136392]
216
[0.09154013]
217
[0.08587053]
218
[0.10555401]
219
[0.11215339]
220
[0.11148726]
221
[0.12962148]
222
[0.08120355]
223
[0.09353502]
224
[0.11086333]
225
[0.10255772]
226
[0.12161553]
227
[0.06566119]
228
[0.12964334]
229
[0.13643213]
230
[0.12833968]
231
[0.09300942]
232
[0.11663515]
233
[0.10073286]
234
[0.07503781]
235
[0.13973409]
236
[0.11590329]
237
[0.10952105]
238
[0.10215863]
239
[0.11583226]
240
[0.13611599]
241
[0.08361984]
242
[0.08534479]
243
[0.12731202]
244
[0.11216157]
245
[0.10845893]
246
[0.09455354]
247
[0.11024893]
248
[0.07679945]
249
[0.09712704]
250
[0.09231418]
251
[0.07717986]
252
[0.11059465]
253
[0.10698221]
254
[0.09539254]
255
[0.10848502]
256
[0.14682337]
257
[0.07591863]
258
[0.09704883]
259
[0.12266444]
260
[0.10285053]
261
[0.07479029]
262
[0.1025686]
263
[0.08363134]
264
[0.10691591]
265
[0.09480873]
266
[0.08605519]
267
[0.10927495]
268
[0.10053903]
269
[0.08387462]
270
[0.11117977]
271
[0.09754545]
272
[0.12807045]
273
[0.10002006]
274
[0.07133005]
275
[0.14860344]
276
[0.11123865]
277
[0.10653489]
278
[0.13510335]
279
[0.13602347]
280
[0.10624691]
281
[0.11208418]
282
[0.1146723]
283
[0.12834284]
284
[0.119823]
285
[0.10650132]
286
[0.07827733]
287
[0.1067392]
288
[0.10826284]
289
[0.0882501]
290
[0.12498122]
291
[0.0926542]
292
[0.10285775]
293
[0.12286257]
294
[0.08501268]
295
[0.11387117]
296
[0.07672367]
297
[0.11941364]
298
[0.11226828]
299
[0.10879076]
300
[0.09049022]
301
[0.09350167]
302
[0.09837341]
303
[0.10676167]
304
[0.10084119]
305
[0.1162231]
306
[0.10051945]
307
[0.08438531]
308
[0.10061147]
309
[0.07585961]
310
[0.11063457]
311
[0.10155414]
312
[0.10475603]
313
[0.11069731]
314
[0.08359757]
315
[0.10127795]
316
[0.08777057]
317
[0.11571626]
318
[0.11084841]
319
[0.09728812]
320
[0.09553453]
321
[0.11098997]
322
[0.07314795]
323
[0.08736928]
324
[0.10787372]
325
[0.10423]
326
[0.12174655]
327
[0.10467155]
328
[0.09451699]
329
[0.1077753]
330
[0.1298453]
331
[0.11596442]
332
[0.08657046]
333
[0.0973074]
334
[0.0958971]
335
[0.09295674]
336
[0.0884524]
337
[0.10730347]
338
[0.10215951]
339
[0.09801812]
340
[0.08644211]
341
[0.08489261]
342
[0.11241137]
343
[0.09968186]
344
[0.10150673]
345
[0.09793498]
346
[0.10318549]
347
[0.09192553]
348
[0.09932885]
349
[0.12148137]
350
[0.1352129]
351
[0.12804661]
352
[0.13386413]
353
[0.12031429]
354
[0.08958987]
355
[0.11992963]
356
[0.1128383]
357
[0.08582665]
358
[0.08250256]
359
[0.08726461]
360
[0.11060669]
361
[0.11079099]
362
[0.0933882]
363
[0.12308517]
364
[0.06182552]
365
[0.06827279]
366
[0.08474834]
367
[0.10264347]
368
[0.10941417]
369
[0.08182922]
370
[0.10270324]
371
[0.11661686]
372
[0.09961155]
373
[0.12636836]
374
[0.07239049]
375
[0.10210838]
376
[0.06799126]
377
[0.09636609]
378
[0.10628057]
379
[0.08123128]
380
[0.09107008]
381
[0.09922096]
382
[0.09555056]
383
[0.10295266]
384
[0.11982526]
385
[0.11588415]
386
[0.09946092]
387
[0.10553413]
388
[0.1318266]
389
[0.07918762]
390
[0.0915902]
391
[0.08011481]
392
[0.0999794]
393
[0.10015804]
394
[0.10375482]
395
[0.1006079]
396
[0.1385332]
397
[0.07855883]
398
[0.09160082]
399
[0.12658624]
400
[0.12454066]
401
[0.10903195]
402
[0.07888818]
403
[0.0876988]
404
[0.1041633]
405
[0.14323126]
406
[0.09644884]
407
[0.09444088]
408
[0.0895356]
409
[0.10744982]
410
[0.10127062]
411
[0.09192544]
412
[0.10405833]
413
[0.11186495]
414
[0.09459792]
415
[0.10718209]
416
[0.13198157]
417
[0.09701823]
418
[0.09449815]
419
[0.08833848]
420
[0.09093198]
421
[0.10920176]
422
[0.09733254]
423
[0.09386324]
424
[0.10245491]
425
[0.09440375]
426
[0.11029404]
427
[0.10369362]
428
[0.09881993]
429
[0.12665064]
430
[0.09653828]
431
[0.11373849]
432
[0.10666223]
433
[0.10180418]
434
[0.08117155]
435
[0.1120644]
436
[0.13737618]
437
[0.13360199]
438
[0.08584914]
439
[0.10373175]
440
[0.12708526]
441
[0.11800017]
442
[0.1257362]
443
[0.09637814]
444
[0.09450502]
445
[0.12440332]
446
[0.09100737]
447
[0.08997753]
448
[0.10184472]
449
[0.1147265]
450
[0.09423893]
451
[0.10578853]
452
[0.1321324]
453
[0.1191569]
454
[0.11392173]
455
[0.08709353]
456
[0.12033154]
457
[0.08623074]
458
[0.10685944]
459
[0.13445612]
460
[0.11243495]
461
[0.08913092]
462
[0.09876626]
463
[0.11890174]
464
[0.08041944]
465
[0.10815477]
466
[0.11710787]
467
[0.12348287]
468
[0.10259396]
469
[0.11304544]
470
[0.1200363]
471
[0.09881993]
472
[0.0874888]
473
[0.08762357]
474
[0.11643632]
475
[0.10370386]
476
[0.11029321]
477
[0.08806976]
478
[0.11348461]
479
[0.11968667]
480
[0.12105324]
481
[0.10635247]
482
[0.09150608]
483
[0.10201442]
484
[0.1218029]
485
[0.10096392]
486
[0.11155995]
487
[0.10219888]
488
[0.10372851]
489
[0.1195223]
490
[0.07991087]
491
[0.11076148]
492
[0.10407651]
493
[0.08517277]
494
[0.1074245]
495
[0.11235937]
496
[0.09316478]
497
[0.15288215]
498
[0.08287658]
499
[0.1378548]
[1] 2500   11
[1] 2500   11
