LOADING R
R LOADED
[1] "/home/lvanderl/Rlibs2"                         
[2] "/app/software/R/4.3.1-gfbf-2022b/lib/R/library"
[1] "/home/lvanderl/sieveSims"
[1] "rf 2 2.5"
[1] "histogram binning"
[1] 0.1446916
[1] 0.1446916
[1] "mondrian"
[1] "iso"
[1] 0.1446916
[1] "conditional"
[   10.            11.51395399    13.25711366    15.26417967
    17.57510625    20.23589648    23.29951811    26.82695795
    30.88843596    35.56480306    40.94915062    47.14866363
    54.28675439    62.50551925    71.9685673     82.86427729
    95.40954763   109.8541142    126.48552169   145.63484775
   167.68329368   193.06977289   222.29964825   255.95479227
   294.70517026   339.32217719   390.69399371   449.8432669
   517.94746792   596.36233166   686.648845     790.60432109
   910.29817799  1048.11313415  1206.79264064  1389.49549437
  1599.85871961  1842.06996933  2120.95088792  2442.05309455
  2811.76869797  3237.45754282  3727.59372031  4291.93426013
  4941.71336132  5689.86602902  6551.2855686   7543.12006335
  8685.11373751 10000.        ]
[ 0.3404217   0.33969552  0.33998677  0.33883533  0.34138176  0.34971927
  0.35970156  0.34470218  0.35469526  0.35684101  0.35511495  0.34225238
  0.40217247  0.39763527  0.36949784  0.3891626   0.38253897  0.4308014
  0.41035842  0.39894178  0.45732888  0.43700306  0.58718451  0.50036467
  0.46787373  0.61338791  0.65569628  0.64889355  0.89251288  1.00792924
  0.85046164  0.97888946  1.19467209  1.11949678  1.44238695  1.95226893
  2.04250305  2.31984509  2.58583943  2.18508382  2.61945712  3.13938179
  4.18099604  6.01226898  5.24397532  6.72364149  7.59373269 10.17136009
 10.05323673 12.92694899]
15.264179671752334
0.0655128556859551
0
[0.13430814]
1
[0.06436772]
2
[0.26599493]
3
[0.26858075]
4
[0.22944793]
5
[0.13596143]
6
[0.32858057]
7
[0.06838595]
8
[0.22245661]
9
[0.22693885]
10
[0.28188652]
11
[0.25704071]
12
[0.10291013]
13
[0.21088593]
14
[0.05586186]
15
[0.23366665]
16
[0.18063074]
17
[0.21681897]
18
[0.0601621]
19
[0.17452117]
20
[0.19213784]
21
[0.17082908]
22
[0.23891179]
23
[0.19357029]
24
[0.22335592]
25
[0.27902749]
26
[0.21153472]
27
[0.23096071]
28
[0.23180237]
29
[0.16027509]
30
[0.08183452]
31
[0.13301287]
32
[0.24230484]
33
[0.26365009]
34
[0.10376548]
35
[0.40243815]
36
[0.04793258]
37
[0.28968533]
38
[0.1903896]
39
[0.40070227]
40
[0.25047238]
41
[0.23328604]
42
[0.2165929]
43
[0.14426086]
44
[0.21410944]
45
[0.16629473]
46
[0.18542622]
47
[0.27432274]
48
[0.24255022]
49
[0.22893818]
50
[0.23992134]
51
[0.13660298]
52
[0.35479502]
53
[0.16546732]
54
[0.26046453]
55
[0.21088133]
56
[0.40392527]
57
[0.17806049]
58
[0.23496103]
59
[0.25164351]
60
[0.20023888]
61
[0.221126]
62
[0.34340615]
63
[0.10925393]
64
[0.21179155]
65
[0.39320082]
66
[0.25496039]
67
[0.34172119]
68
[0.45579998]
69
[0.21410127]
70
[0.23841644]
71
[0.21612474]
72
[0.20134388]
73
[0.20430155]
74
[0.2239682]
75
[0.49350873]
76
[0.20053259]
77
[0.2460038]
78
[0.19595874]
79
[0.43745994]
80
[0.21671336]
81
[0.242356]
82
[0.08105263]
83
[0.24888784]
84
[0.22191086]
85
[0.19815324]
86
[0.19757077]
87
[0.24892005]
88
[0.23682591]
89
[0.24114516]
90
[0.22093188]
91
[0.24024705]
92
[0.36755213]
93
[0.2947256]
94
[0.19765655]
95
[0.21675763]
96
[0.19372575]
97
[0.19381698]
98
[0.25590605]
99
[0.2814886]
100
[0.41413531]
101
[0.30919171]
102
[0.26261226]
103
[0.25135542]
104
[0.21471451]
105
[0.24592158]
106
[0.11362085]
107
[0.44944139]
108
[0.23045937]
109
[0.31098515]
110
[0.17524796]
111
[0.23933879]
112
[0.07381781]
113
[0.20330829]
114
[0.45204916]
115
[0.41737348]
116
[0.18793385]
117
[0.10470117]
118
[0.2352773]
119
[0.19582203]
120
[0.16072137]
121
[0.21597124]
122
[0.30065437]
123
[0.18497271]
124
[0.15554857]
125
[0.2028106]
126
[0.32056677]
127
[0.25850888]
128
[0.21428924]
129
[0.2034143]
130
[0.11518122]
131
[0.20770363]
132
[0.12353877]
133
[0.0761674]
134
[0.19276728]
135
[0.21124484]
136
[0.25845233]
137
[0.29314716]
138
[0.23767517]
139
[0.22526839]
140
[0.1891503]
141
[0.21219346]
142
[0.21334888]
143
[0.31929856]
144
[0.20136847]
145
[0.20810334]
146
[0.06969983]
147
[0.07897261]
148
[0.14188098]
149
[0.27320051]
150
[0.20183157]
151
[0.28813591]
152
[0.16481727]
153
[0.27954843]
154
[0.21003933]
155
[0.26092578]
156
[0.16112688]
157
[0.06560871]
158
[0.31867211]
159
[0.23449482]
160
[0.08818091]
161
[0.23077994]
162
[0.22267634]
163
[0.10197311]
164
[0.37671201]
165
[0.05139565]
166
[0.22048725]
167
[0.37897093]
168
[0.18199595]
169
[0.38522924]
170
[0.22843417]
171
[0.23677511]
172
[0.18613667]
173
[0.16563587]
174
[0.22844983]
175
[0.17932359]
176
[0.27525987]
177
[0.09848303]
178
[0.24195879]
179
[0.22845871]
180
[0.23570931]
181
[0.16532815]
182
[0.01158504]
183
[0.19722715]
184
[0.23189167]
185
[0.19949594]
186
[0.10939554]
187
[0.11062783]
188
[0.21643136]
189
[0.33242583]
190
[0.16472451]
191
[0.19836965]
192
[0.16849]
193
[0.30554536]
194
[0.24944825]
195
[0.20588577]
196
[0.20829274]
197
[0.15776016]
198
[0.09057489]
199
[0.23669732]
200
[0.11547599]
201
[0.15080439]
202
[0.1970112]
203
[0.39740233]
204
[0.16483026]
205
[0.17960326]
206
[0.25126396]
207
[0.17940751]
208
[0.27820994]
209
[0.28007484]
210
[0.2819286]
211
[0.18163273]
212
[0.22898426]
213
[0.33419717]
214
[0.33152178]
215
[0.11722961]
216
[0.13433634]
217
[0.37434197]
218
[0.31978242]
219
[0.16883539]
220
[0.24240848]
221
[0.17206977]
222
[0.10987099]
223
[0.13410798]
224
[0.29396796]
225
[0.24180195]
226
[0.3615713]
227
[0.2289333]
228
[0.23159856]
229
[0.27927082]
230
[0.20306446]
231
[0.23371519]
232
[0.220723]
233
[0.18005984]
234
[0.19726327]
235
[0.14818447]
236
[0.20003288]
237
[0.21872437]
238
[0.20936883]
239
[0.16409786]
240
[0.18911913]
241
[0.20560403]
242
[0.18798719]
243
[0.15282079]
244
[0.29302681]
245
[0.19444013]
246
[0.29112547]
247
[0.03122233]
248
[0.30177733]
249
[0.19381439]
250
[0.20352672]
251
[0.23567811]
252
[0.15987027]
253
[0.25480358]
254
[0.27902304]
255
[0.18879143]
256
[0.13180771]
257
[0.06792977]
258
[0.20455978]
259
[0.14387558]
260
[0.17700428]
261
[0.07318975]
262
[0.16343363]
263
[0.3174774]
264
[0.29905693]
265
[0.2496123]
266
[0.24251455]
267
[0.2376865]
268
[0.10482576]
269
[0.2431578]
270
[0.16657498]
271
[0.10473693]
272
[0.31488679]
273
[0.31105867]
274
[0.26236767]
275
[0.16099817]
276
[0.23463908]
277
[0.2096876]
278
[0.236038]
279
[0.22945012]
280
[0.3684951]
281
[0.06470879]
282
[0.18403894]
283
[0.24626263]
284
[0.20253174]
285
[0.20106135]
286
[0.27330037]
287
[0.23093487]
288
[0.17220035]
289
[0.28736332]
290
[0.26680446]
291
[0.41218798]
292
[0.23566321]
293
[0.2462529]
294
[0.32167048]
295
[0.31860994]
296
[0.29989633]
297
[0.20029796]
298
[0.2727448]
299
[0.26694727]
300
[0.12841308]
301
[0.2482672]
302
[0.06483021]
303
[0.21903824]
304
[0.24131209]
305
[0.18853324]
306
[0.25798078]
307
[0.06986689]
308
[0.26794261]
309
[0.09226549]
310
[0.25537723]
311
[0.09027188]
312
[0.19438336]
313
[0.25352793]
314
[0.23680987]
315
[0.24447076]
316
[0.18660661]
317
[0.24881816]
318
[0.19660137]
319
[0.10268996]
320
[0.2430362]
321
[0.18591579]
322
[0.24089729]
323
[0.12150493]
324
[0.24025641]
325
[0.26754016]
326
[0.23259003]
327
[0.29661478]
328
[0.25404837]
329
[0.23741543]
330
[0.10150273]
331
[0.04359718]
332
[0.15107716]
333
[0.24859675]
334
[0.23575596]
335
[0.27093448]
336
[0.16182978]
337
[0.12459314]
338
[0.15152588]
339
[0.26731836]
340
[0.13863305]
341
[0.23600126]
342
[0.30831676]
343
[0.39405306]
344
[0.18672037]
345
[0.44212804]
346
[0.19113504]
347
[0.27320889]
348
[0.21364482]
349
[0.11446753]
350
[0.22954765]
351
[0.27797162]
352
[0.22412671]
353
[0.20818178]
354
[0.16238497]
355
[0.07085239]
356
[0.22067606]
357
[0.03174843]
358
[0.24870893]
359
[0.26581207]
360
[0.18182098]
361
[0.25548017]
362
[0.19522632]
363
[0.25181643]
364
[0.19843888]
365
[0.24832002]
366
[0.23202391]
367
[0.4775862]
368
[0.12678381]
369
[0.12822682]
370
[0.14356694]
371
[0.53820427]
372
[0.21976984]
373
[0.14092743]
374
[0.29527931]
375
[0.21546768]
376
[0.22961743]
377
[0.22842299]
378
[0.16901548]
379
[0.20451233]
380
[0.19649732]
381
[0.24713412]
382
[0.36260036]
383
[0.21568268]
384
[0.24550427]
385
[0.18026843]
386
[0.21412603]
387
[0.48986883]
388
[0.19371556]
389
[0.22172694]
390
[0.13246493]
391
[0.15148123]
392
[0.33545316]
393
[0.20082214]
394
[0.11837975]
395
[0.23877737]
396
[0.10563155]
397
[0.19643461]
398
[0.2430299]
399
[0.52356639]
400
[0.26324608]
401
[0.15445041]
402
[0.33618685]
403
[0.2335121]
404
[0.41378264]
405
[0.18676207]
406
[0.37718513]
407
[0.25547795]
408
[0.19706591]
409
[0.31285662]
410
[0.17968626]
411
[0.19935697]
412
[0.11206006]
413
[0.18057122]
414
[0.10075483]
415
[0.21321116]
416
[0.1616887]
417
[0.2220246]
418
[0.40664301]
419
[0.17658999]
420
[0.24453702]
421
[0.24305575]
422
[0.14820701]
423
[0.15717452]
424
[0.23448728]
425
[0.24629418]
426
[0.17005202]
427
[0.24703549]
428
[0.15060256]
429
[0.18267136]
430
[0.16628401]
431
[0.09447346]
432
[0.24522568]
433
[0.21031455]
434
[0.17457579]
435
[0.11250333]
436
[0.16511935]
437
[0.14558906]
438
[0.27179047]
439
[0.33046262]
440
[0.22304171]
441
[0.2046465]
442
[0.05770757]
443
[0.21282605]
444
[0.13775078]
445
[0.26337117]
446
[0.23346666]
447
[0.24856337]
448
[0.26789441]
449
[0.43785643]
450
[0.08732888]
451
[0.2171492]
452
[0.41224723]
453
[0.25912937]
454
[0.28134568]
455
[0.38098351]
456
[0.26969089]
457
[0.22378456]
458
[0.19985795]
459
[0.22361708]
460
[0.19831308]
461
[0.43862224]
462
[0.20648133]
463
[0.02463171]
464
[0.34091426]
465
[0.14565984]
466
[0.22710224]
467
[0.12332077]
468
[0.2152428]
469
[0.17185444]
470
[0.15972413]
471
[0.18034976]
472
[0.23097754]
473
[0.12569818]
474
[0.19525338]
475
[0.19410655]
476
[0.31342525]
477
[0.2851756]
478
[0.15092939]
479
[0.15811253]
480
[0.19024155]
481
[0.16058598]
482
[0.0812962]
483
[0.27022996]
484
[0.26835315]
485
[0.05194014]
486
[0.11113683]
487
[0.21938614]
488
[0.02801586]
489
[0.2228773]
490
[0.28602962]
491
[0.24384516]
492
[0.192307]
493
[0.22987017]
494
[0.2593385]
495
[0.22729987]
496
[0.40894354]
497
[0.21348248]
498
[0.38374623]
499
[0.15856793]
500
[0.13158043]
501
[0.1070405]
502
[0.04643814]
503
[0.22712123]
504
[0.25010929]
505
[0.1195639]
506
[0.23262973]
507
[0.45091584]
508
[0.19822096]
509
[0.240436]
510
[0.26881596]
511
[0.18179075]
512
[0.20701335]
513
[0.18713358]
514
[0.17386393]
515
[0.21418076]
516
[0.19332626]
517
[0.37675415]
518
[0.22120941]
519
[0.34053754]
520
[0.36925112]
521
[0.08238216]
522
[0.20073172]
523
[0.20945917]
524
[0.2354963]
525
[0.1357813]
526
[0.2491431]
527
[0.13482896]
528
[0.10692776]
529
[0.1157572]
530
[0.21767646]
531
[0.09477537]
532
[0.27259613]
533
[0.11127586]
534
[0.06359718]
535
[0.24498599]
536
[0.20869016]
537
[0.20862695]
538
[0.28051579]
539
[0.09822172]
540
[0.19368807]
541
[0.25507884]
542
[0.43311493]
543
[0.29127278]
544
[0.18648587]
545
[0.22740516]
546
[0.20968702]
547
[0.14894468]
548
[0.20103287]
549
[0.23260421]
550
[0.11929594]
551
[0.20082726]
552
[0.20582964]
553
[0.3608066]
554
[0.09727271]
555
[0.22118626]
556
[0.18577883]
557
[0.24278673]
558
[0.26257633]
559
[0.29464177]
560
[0.33961484]
561
[0.30357436]
562
[0.22641204]
563
[0.15275943]
564
[0.21059958]
565
[0.52683792]
566
[0.06136921]
567
[0.33724765]
568
[0.19915046]
569
[0.1203467]
570
[0.24719122]
571
[0.19978041]
572
[0.19176969]
573
[0.17865153]
574
[0.17028751]
575
[0.28674127]
576
[0.24488664]
577
[0.32483931]
578
[0.16504759]
579
[0.34712]
580
[0.12244111]
581
[0.2375657]
582
[0.19046054]
583
[0.20490421]
584
[0.20264634]
585
[0.2644529]
586
[0.25066046]
587
[0.20526313]
588
[0.27588332]
589
[0.23867737]
590
[0.0884275]
591
[0.09037041]
592
[0.28354306]
593
[0.23123578]
594
[0.02742125]
595
[0.25891697]
596
[0.19923796]
597
[0.16677221]
598
[0.17517455]
599
[0.32442199]
600
[0.20050788]
601
[0.19642074]
602
[0.22381236]
603
[0.16935974]
604
[0.24527637]
605
[0.16492523]
606
[0.24634787]
607
[0.53313258]
608
[0.25423164]
609
[0.16869794]
610
[0.15834958]
611
[0.24121006]
612
[0.08759681]
613
[0.25082971]
614
[0.32388178]
615
[0.24915342]
616
[0.18132495]
617
[0.03638513]
618
[0.20337026]
619
[0.14125868]
620
[0.22448787]
621
[0.25790466]
622
[0.18788463]
623
[0.2200621]
624
[0.25635147]
625
[0.0919848]
626
[0.2447731]
627
[0.53878735]
628
[0.24690177]
629
[0.18731544]
630
[0.16338168]
631
[0.31596718]
632
[0.09441188]
633
[0.1358562]
634
[0.22704792]
635
[0.195816]
636
[0.17623371]
637
[0.23749023]
638
[0.19805879]
639
[0.1996496]
640
[0.18294221]
641
[0.14838266]
642
[0.20565081]
643
[0.40169337]
644
[0.22562725]
645
[0.40394705]
646
[0.19757645]
647
[0.30869573]
648
[0.15597071]
649
[0.19027562]
650
[0.28199638]
651
[0.25552147]
652
[0.06563776]
653
[0.1773792]
654
[0.23019836]
655
[0.33718894]
656
[0.22857606]
657
[0.12061753]
658
[0.11051255]
659
[0.16562922]
660
[0.2784203]
661
[0.22066148]
662
[0.48334605]
663
[0.24338277]
664
[0.16999225]
665
[0.25479917]
666
[0.27726732]
667
[0.1940113]
668
[0.15486632]
669
[0.22769208]
670
[0.24475187]
671
[0.18274298]
672
[0.21119466]
673
[0.22689716]
674
[0.23849486]
675
[0.2305432]
676
[0.21952496]
677
[0.21767452]
678
[0.25290246]
679
[0.23521875]
680
[0.24183233]
681
[0.16880476]
682
[0.32143947]
683
[0.32852261]
684
[0.0906923]
685
[0.16545174]
686
[0.26339417]
687
[0.19749863]
688
[0.34760702]
689
[0.20006288]
690
[0.15874248]
691
[0.17162574]
692
[0.10679331]
693
[0.25849741]
694
[0.14657145]
695
[0.36413465]
696
[0.22058726]
697
[0.33332689]
698
[0.24451853]
699
[0.16181707]
700
[0.08943873]
701
[0.17210565]
702
[0.21932212]
703
[0.26816116]
704
[0.1897945]
705
[0.13236911]
706
[0.19624844]
707
[0.30143884]
708
[0.39976964]
709
[0.16068814]
710
[0.20084196]
711
[0.28294295]
712
[0.24249065]
713
[0.34185455]
714
[0.05257866]
715
[0.23650482]
716
[0.26918068]
717
[0.19363845]
718
[0.23006665]
719
[0.25934562]
720
[0.24703077]
721
[0.10833441]
722
[0.25135457]
723
[0.19270414]
724
[0.37104614]
725
[0.17195433]
726
[0.15747806]
727
[0.2528418]
728
[0.19560792]
729
[0.28000609]
730
[0.47235212]
731
[0.22048564]
732
[0.14557812]
733
[0.24699371]
734
[0.18234894]
735
[0.22327591]
736
[0.20841708]
737
[0.17156849]
738
[0.05597021]
739
[0.15835846]
740
[0.16927933]
741
[0.25658547]
742
[0.22083426]
743
[0.21584543]
744
[0.17776864]
745
[0.19444695]
746
[0.30523735]
747
[0.15334691]
748
[0.17709565]
749
[0.25294783]
750
[0.22712417]
751
[0.1497553]
752
[0.07284689]
753
[0.07246191]
754
[0.51804532]
755
[0.18932512]
756
[0.34922104]
757
[0.22238813]
758
[0.38765742]
759
[0.30378297]
760
[0.14804336]
761
[0.1823055]
762
[0.07365814]
763
[0.18652721]
764
[0.37126601]
765
[0.2964725]
766
[0.19311741]
767
[0.1836049]
768
[0.33425132]
769
[0.21456526]
770
[0.25084653]
771
[0.3529502]
772
[0.26186857]
773
[0.20915509]
774
[0.09226113]
775
[0.11499924]
776
[0.1611516]
777
[0.25649006]
778
[0.27094773]
779
[0.40381674]
780
[0.12300474]
781
[0.12553115]
782
[0.33852493]
783
[0.22900083]
784
[0.28933859]
785
[0.29403602]
786
[0.20692926]
787
[0.26885627]
788
[0.24650984]
789
[0.19595207]
790
[0.05136072]
791
[0.18740215]
792
[0.26231928]
793
[0.24193865]
794
[0.43684641]
795
[0.23839829]
796
[0.20570484]
797
[0.24633027]
798
[0.25921893]
799
[0.1916394]
800
[0.31035196]
801
[0.45904078]
802
[0.22198996]
803
[0.18890019]
804
[0.25032926]
805
[0.31909582]
806
[0.17846389]
807
[0.1592907]
808
[0.17071995]
809
[0.2141239]
810
[0.17855845]
811
[0.29355047]
812
[0.16267414]
813
[0.15406962]
814
[0.26803992]
815
[0.15971841]
816
[0.18540292]
817
[0.22748858]
818
[0.24683921]
819
[0.19602453]
820
[0.27840001]
821
[0.18866714]
822
[0.24449894]
823
[0.23774603]
824
[0.25119791]
825
[0.23185691]
826
[0.18630237]
827
[0.09418771]
828
[0.20825469]
829
[0.21414042]
830
[0.33510614]
831
[0.21610085]
832
[0.20810285]
833
[0.2469694]
834
[0.15071996]
835
[0.25640035]
836
[0.24628311]
837
[0.34726657]
838
[0.20924434]
839
[0.3971063]
840
[0.13699349]
841
[0.20212599]
842
[0.23404396]
843
[0.17045428]
844
[0.10782801]
845
[0.3356255]
846
[0.1593011]
847
[0.08072686]
848
[0.06944985]
849
[0.19560505]
850
[0.12930477]
851
[0.24103469]
852
[0.30601417]
853
[0.23908397]
854
[0.28015779]
855
[0.12720498]
856
[0.39267807]
857
[0.47851654]
858
[0.09166868]
859
[0.23977685]
860
[0.41279414]
861
[0.2365846]
862
[0.23503816]
863
[0.18879743]
864
[0.15336796]
865
[0.21811835]
866
[0.23574547]
867
[0.22607784]
868
[0.24022263]
869
[0.06767204]
870
[0.15695045]
871
[0.35049923]
872
[0.22080737]
873
[0.1518649]
874
[0.21489188]
875
[0.16800375]
876
[0.13328123]
877
[0.20075571]
878
[0.15692393]
879
[0.15531828]
880
[0.28811096]
881
[0.16696959]
882
[0.15542235]
883
[0.28069329]
884
[0.22587159]
885
[0.11134409]
886
[0.09147328]
887
[0.22106726]
888
[0.17093212]
889
[0.13705112]
890
[0.15960592]
891
[0.21893517]
892
[0.18609359]
893
[0.16189422]
894
[0.25024023]
895
[0.17677081]
896
[0.22267238]
897
[0.21389986]
898
[0.16240912]
899
[0.25113919]
900
[0.19991594]
901
[0.17277184]
902
[0.23200629]
903
[0.16997073]
904
[0.23074745]
905
[0.27147771]
906
[0.48622965]
907
[0.08502527]
908
[0.22971765]
909
[0.28954088]
910
[0.26236729]
911
[0.28498333]
912
[0.23267498]
913
[0.14294942]
914
[0.1515503]
915
[0.15855363]
916
[0.2346547]
917
[0.1341301]
918
[0.27763005]
919
[0.45388461]
920
[0.25323254]
921
[0.14499828]
922
[0.21876167]
923
[0.11122568]
924
[0.31643439]
925
[0.46704797]
926
[0.23161363]
927
[0.16802042]
928
[0.17607228]
929
[0.26073169]
930
[0.23152213]
931
[0.22456125]
932
[0.18424369]
933
[0.11197644]
934
[0.27154692]
935
[0.2463118]
936
[0.12183626]
937
[0.15334379]
938
[0.25422065]
939
[0.086948]
940
[0.23047197]
941
[0.20914716]
942
[0.15582885]
943
[0.2171295]
944
[0.25023283]
945
[0.35838492]
946
[0.17256651]
947
[0.26834147]
948
[0.43112155]
949
[0.23932998]
950
[0.09667781]
951
[0.1765499]
952
[0.27236944]
953
[0.29708042]
954
[0.18136014]
955
[0.24718385]
956
[0.21865531]
957
[0.18603936]
958
[0.14912333]
959
[0.23327569]
960
[0.3429935]
961
[0.12448583]
962
[0.47594571]
963
[0.48987484]
964
[0.25250337]
965
[0.30756887]
966
[0.11019525]
967
[0.32825627]
968
[0.15013493]
969
[0.17784458]
970
[0.21651668]
971
[0.2303617]
972
[0.23454091]
973
[0.22482582]
974
[0.22613388]
975
[0.23593169]
976
[0.20639172]
977
[0.22778782]
978
[0.20209687]
979
[0.16257642]
980
[0.23686433]
981
[0.21663313]
982
[0.35285826]
983
[0.2428513]
984
[0.23106978]
985
[0.23235825]
986
[0.25427577]
987
[0.15160943]
988
[0.49548833]
989
[0.23275531]
990
[0.24916789]
991
[0.23099466]
992
[0.26356199]
993
[0.15514651]
994
[0.32788287]
995
[0.26788103]
996
[0.10889636]
997
[0.22122679]
998
[0.17333039]
999
[0.20703442]
1000
[0.27596691]
1001
[0.20286686]
1002
[0.4522046]
1003
[0.27093313]
1004
[0.19380475]
1005
[0.22391864]
1006
[0.23519092]
1007
[0.42541857]
1008
[0.15905924]
1009
[0.25487781]
1010
[0.19611407]
1011
[0.12481171]
1012
[0.53953649]
1013
[0.21476146]
1014
[0.2268529]
1015
[0.23398268]
1016
[0.04493275]
1017
[0.16266198]
1018
[0.33649494]
1019
[0.25676034]
1020
[0.35414235]
1021
[0.16422655]
1022
[0.20281039]
1023
[0.39840366]
1024
[0.22963305]
1025
[0.27373025]
1026
[0.16853831]
1027
[0.12015902]
1028
[0.44896684]
1029
[0.04867696]
1030
[0.09666032]
1031
[0.30348911]
1032
[0.24323836]
1033
[0.26516914]
1034
[0.13348084]
1035
[0.34452299]
1036
[0.23749965]
1037
[0.23817668]
1038
[0.2469893]
1039
[0.15299855]
1040
[0.14625782]
1041
[0.08479257]
1042
[0.22144657]
1043
[0.40916956]
1044
[0.15613035]
1045
[0.25320126]
1046
[0.03429731]
1047
[0.42381691]
1048
[0.14818356]
1049
[0.22515178]
1050
[0.16747389]
1051
[0.188249]
1052
[0.28891117]
1053
[0.20471561]
1054
[0.09022628]
1055
[0.21940981]
1056
[0.18317809]
1057
[0.1807827]
1058
[0.17754012]
1059
[0.20239967]
1060
[0.28841975]
1061
[0.18380293]
1062
[0.17916974]
1063
[0.21803362]
1064
[0.20222327]
1065
[0.31234885]
1066
[0.26198584]
1067
[0.2819543]
1068
[0.23883652]
1069
[0.11751444]
1070
[0.37330901]
1071
[0.17449889]
1072
[0.19869214]
1073
[0.1535482]
1074
[0.16576369]
1075
[0.26363471]
1076
[0.3079373]
1077
[0.21251892]
1078
[0.24324576]
1079
[0.07630165]
1080
[0.20718187]
1081
[0.02211682]
1082
[0.22580624]
1083
[0.2329616]
1084
[0.29097242]
1085
[0.20782156]
1086
[0.23314573]
1087
[0.28076878]
1088
[0.29357777]
1089
[0.12289878]
1090
[0.23238264]
1091
[0.14262426]
1092
[0.14871694]
1093
[0.23980125]
1094
[0.17266947]
1095
[0.20408073]
1096
[0.13860993]
1097
[0.17863978]
1098
[0.26161362]
1099
[0.22776875]
1100
[0.22559151]
1101
[0.0848994]
1102
[0.14667841]
1103
[0.2648873]
1104
[0.17187339]
1105
[0.12007167]
1106
[0.25286557]
1107
[0.23374441]
1108
[0.39621506]
1109
[0.21040269]
1110
[0.1805595]
1111
[0.27272749]
1112
[0.21588031]
1113
[0.27577153]
1114
[0.2364347]
1115
[0.12246678]
1116
[0.14814934]
1117
[0.46382241]
1118
[0.12026228]
1119
[0.22598692]
1120
[0.15732532]
1121
[0.22643758]
1122
[0.23511176]
1123
[0.24973827]
1124
[0.07516284]
1125
[0.2439038]
1126
[0.23778646]
1127
[0.261071]
1128
[0.25401235]
1129
[0.29925961]
1130
[0.1592133]
1131
[0.21368317]
1132
[0.16857605]
1133
[0.18494412]
1134
[0.18752419]
1135
[0.17202822]
1136
[0.2110717]
1137
[0.40018532]
1138
[0.24527028]
1139
[0.20801367]
1140
[0.17067934]
1141
[0.17774877]
1142
[0.25043455]
1143
[0.1273752]
1144
[0.21603817]
1145
[0.37560355]
1146
[0.22183557]
1147
[0.15542113]
1148
[0.12518701]
1149
[0.23105669]
1150
[0.24789017]
1151
[0.24978149]
1152
[0.22673194]
1153
[0.24741691]
1154
[0.24499973]
1155
[0.20323338]
1156
[0.08666798]
1157
[0.35396133]
1158
[0.34018904]
1159
[0.42985915]
1160
[0.15179976]
1161
[0.06596422]
1162
[0.27285418]
1163
[0.29404712]
1164
[0.05655236]
1165
[0.16216371]
1166
[0.17376687]
1167
[0.20220023]
1168
[0.33266524]
1169
[0.2235732]
1170
[0.17768544]
1171
[0.17794519]
1172
[0.43906444]
1173
[0.09764823]
1174
[0.27714414]
1175
[0.39296135]
1176
[0.13932743]
1177
[0.23502406]
1178
[0.2568105]
1179
[0.12510956]
1180
[0.31327121]
1181
[0.18327878]
1182
[0.26876041]
1183
[0.11588312]
1184
[0.28383636]
1185
[0.05357221]
1186
[0.24407685]
1187
[0.25047905]
1188
[0.20222897]
1189
[0.24445668]
1190
[0.24708972]
1191
[0.29791365]
1192
[0.21802989]
1193
[0.17331351]
1194
[0.20990045]
1195
[0.17838521]
1196
[0.27695535]
1197
[0.15399437]
1198
[0.23839165]
1199
[0.30189522]
1200
[0.20000213]
1201
[0.2505121]
1202
[0.23321913]
1203
[0.21997087]
1204
[0.14297411]
1205
[0.067119]
1206
[0.26311542]
1207
[0.19301857]
1208
[0.24922461]
1209
[0.21326517]
1210
[0.24162635]
1211
[0.27134971]
1212
[0.16818185]
1213
[0.16129115]
1214
[0.22942047]
1215
[0.10900681]
1216
[0.24501215]
1217
[0.28944313]
1218
[0.47187409]
1219
[0.49116708]
1220
[0.14315031]
1221
[0.21605922]
1222
[0.11778556]
1223
[0.19781799]
1224
[0.30981841]
1225
[0.21448903]
1226
[0.15165491]
1227
[0.24410642]
1228
[0.13999356]
1229
[0.2400273]
1230
[0.09066504]
1231
[0.17046085]
1232
[0.10403024]
1233
[0.16614731]
1234
[0.18432245]
1235
[0.176668]
1236
[0.09748921]
1237
[0.18946405]
1238
[0.20210012]
1239
[0.22550273]
1240
[0.23621134]
1241
[0.08184752]
1242
[0.17568895]
1243
[0.12342754]
1244
[0.06107813]
1245
[0.13814635]
1246
[0.37448269]
1247
[0.17283227]
1248
[0.15469089]
1249
[0.19452165]
1250
[0.27903755]
1251
[0.18622938]
1252
[0.13110388]
1253
[0.42154889]
1254
[0.18200948]
1255
[0.14962947]
1256
[0.13501091]
1257
[0.19345311]
1258
[0.25329428]
1259
[0.26223006]
1260
[0.13525198]
1261
[0.22320368]
1262
[0.22243254]
1263
[0.18497178]
1264
[0.13295956]
1265
[0.17911921]
1266
[0.26309075]
1267
[0.26345493]
1268
[0.14624642]
1269
[0.24022034]
1270
[0.22916015]
1271
[0.4427514]
1272
[0.05048128]
1273
[0.15800411]
1274
[0.2487113]
1275
[0.43689577]
1276
[0.20623952]
1277
[0.18727413]
1278
[0.35342604]
1279
[0.15880768]
1280
[0.23616122]
1281
[0.12732253]
1282
[0.34724202]
1283
[0.1806721]
1284
[0.34032279]
1285
[0.15372231]
1286
[0.10706058]
1287
[0.16227895]
1288
[0.48325001]
1289
[0.34413902]
1290
[0.38116417]
1291
[0.24314629]
1292
[0.15190257]
1293
[0.2405583]
1294
[0.39560424]
1295
[0.21093842]
1296
[0.18524582]
1297
[0.16068018]
1298
[0.37502832]
1299
[0.21160635]
1300
[0.20134107]
1301
[0.21624055]
1302
[0.11630574]
1303
[0.25168506]
1304
[0.17940084]
1305
[0.17053593]
1306
[0.2384759]
1307
[0.26235702]
1308
[0.1205485]
1309
[0.21504242]
1310
[0.18720262]
1311
[0.22455145]
1312
[0.1268344]
1313
[0.19355341]
1314
[0.14411348]
1315
[0.23008933]
1316
[0.21455475]
1317
[0.29980856]
1318
[0.21812434]
1319
[0.24066844]
1320
[0.20819185]
1321
[0.23744157]
1322
[0.16410836]
1323
[0.1865128]
1324
[0.20774168]
1325
[0.21623447]
1326
[0.23839138]
1327
[0.20745933]
1328
[0.31890765]
1329
[0.18697624]
1330
[0.18152128]
1331
[0.225861]
1332
[0.24819066]
1333
[0.42717363]
1334
[0.17735969]
1335
[0.15728426]
1336
[0.24618909]
1337
[0.20824663]
1338
[0.46621447]
1339
[0.23922429]
1340
[0.08610262]
1341
[0.17897524]
1342
[0.28298407]
1343
[0.27228884]
1344
[0.22256267]
1345
[0.21503796]
1346
[0.21441751]
1347
[0.19643135]
1348
[0.17836653]
1349
[0.17499655]
1350
[0.30703406]
1351
[0.41464725]
1352
[0.26175076]
1353
[0.15336208]
1354
[0.22810085]
1355
[0.28735213]
1356
[0.30486979]
1357
[0.19006268]
1358
[0.14469754]
1359
[0.25646549]
1360
[0.20745966]
1361
[0.03351278]
1362
[0.10969387]
1363
[0.25161089]
1364
[0.20588107]
1365
[0.23940412]
1366
[0.21204687]
1367
[0.31301316]
1368
[0.13435472]
1369
[0.39704943]
1370
[0.21895335]
1371
[0.16391827]
1372
[0.1556494]
1373
[0.40885044]
1374
[0.14260819]
1375
[0.21380299]
1376
[0.21019128]
1377
[0.24454977]
1378
[0.34586086]
1379
[0.18129786]
1380
[0.04523439]
1381
[0.16088278]
1382
[0.1849496]
1383
[0.38418108]
1384
[0.25145663]
1385
[0.21367299]
1386
[0.26524003]
1387
[0.28024149]
1388
[0.30321817]
1389
[0.22448703]
1390
[0.25452099]
1391
[0.27760818]
1392
[0.16014814]
1393
[0.17798723]
1394
[0.23394112]
1395
[0.27158488]
1396
[0.27948898]
1397
[0.19313124]
1398
[0.33976471]
1399
[0.19344982]
1400
[0.21339674]
1401
[0.15775044]
1402
[0.27947664]
1403
[0.25396624]
1404
[0.45300547]
1405
[0.11785621]
1406
[0.14656492]
1407
[0.23465137]
1408
[0.18668333]
1409
[0.23720811]
1410
[0.06873083]
1411
[0.34457286]
1412
[0.13289857]
1413
[0.16028361]
1414
[0.29024994]
1415
[0.24538224]
1416
[0.24371324]
1417
[0.1803593]
1418
[0.24310963]
1419
[0.21083877]
1420
[0.23673249]
1421
[0.20832394]
1422
[0.13586577]
1423
[0.10980822]
1424
[0.25397089]
1425
[0.10130831]
1426
[0.21367333]
1427
[0.24271665]
1428
[0.11949397]
1429
[0.25589228]
1430
[0.50544492]
1431
[0.20509238]
1432
[0.17399203]
1433
[0.38356872]
1434
[0.14745573]
1435
[0.3741941]
1436
[0.17108665]
1437
[0.12829135]
1438
[0.25757075]
1439
[0.45391618]
1440
[0.27938601]
1441
[0.19309084]
1442
[0.27804545]
1443
[0.26782869]
1444
[0.28601583]
1445
[0.1654727]
1446
[0.2760434]
1447
[0.16420107]
1448
[0.23056911]
1449
[0.40692581]
1450
[0.09505456]
1451
[0.22742237]
1452
[0.20291673]
1453
[0.19440168]
1454
[0.2187354]
1455
[0.21418519]
1456
[0.33371528]
1457
[0.23754898]
1458
[0.12166188]
1459
[0.18558799]
1460
[0.26072343]
1461
[0.09754159]
1462
[0.17846287]
1463
[0.10462938]
1464
[0.07177106]
1465
[0.2217925]
1466
[0.24046654]
1467
[0.19231325]
1468
[0.3111683]
1469
[0.23163937]
1470
[0.14499523]
1471
[0.24596677]
1472
[0.17228159]
1473
[0.14315355]
1474
[0.21313002]
1475
[0.2488372]
1476
[0.18930035]
1477
[0.10666716]
1478
[0.22804758]
1479
[0.04228904]
1480
[0.25238443]
1481
[0.23711083]
1482
[0.20238625]
1483
[0.22104657]
1484
[0.2342393]
1485
[0.18261074]
1486
[0.34133372]
1487
[0.17972512]
1488
[0.21045973]
1489
[0.1411442]
1490
[0.27260951]
1491
[0.17383167]
1492
[0.21957096]
1493
[0.18054151]
1494
[0.33677302]
1495
[0.18604683]
1496
[0.2290494]
1497
[0.21733175]
1498
[0.17521171]
1499
[0.16402311]
1500
[0.07715681]
1501
[0.15169665]
1502
[0.28096988]
1503
[0.17947748]
1504
[0.1284723]
1505
[0.29775316]
1506
[0.37378185]
1507
[0.2095758]
1508
[0.0850115]
1509
[0.2341133]
1510
[0.33560298]
1511
[0.12528573]
1512
[0.10203451]
1513
[0.30266413]
1514
[0.14549979]
1515
[0.10639805]
1516
[0.22080111]
1517
[0.22885497]
1518
[0.16301103]
1519
[0.2651819]
1520
[0.24348378]
1521
[0.10600109]
1522
[0.24971226]
1523
[0.23563181]
1524
[0.14305913]
1525
[0.40272679]
1526
[0.28203663]
1527
[0.10472675]
1528
[0.1853897]
1529
[0.25855498]
1530
[0.20104661]
1531
[0.21984587]
1532
[0.20411623]
1533
[0.12671305]
1534
[0.22769393]
1535
[0.22943562]
1536
[0.11921273]
1537
[0.15845438]
1538
[0.17712131]
1539
[0.25911068]
1540
[0.43481696]
1541
[0.23625379]
1542
[0.18473129]
1543
[0.1305436]
1544
[0.24668325]
1545
[0.25249888]
1546
[0.25339959]
1547
[0.44521213]
1548
[0.20563362]
1549
[0.18023737]
1550
[0.05044184]
1551
[0.22700091]
1552
[0.22810695]
1553
[0.23079792]
1554
[0.22038372]
1555
[0.19995946]
1556
[0.1481794]
1557
[0.35141299]
1558
[0.2294938]
1559
[0.14233061]
1560
[0.41784126]
1561
[0.14394553]
1562
[0.18004932]
1563
[0.21928345]
1564
[0.21736325]
1565
[0.26646199]
1566
[0.3392232]
1567
[0.21157434]
1568
[0.20375757]
1569
[0.23439615]
1570
[0.23946508]
1571
[0.22520503]
1572
[0.2235721]
1573
[0.25331185]
1574
[0.15504651]
1575
[0.05447531]
1576
[0.19023403]
1577
[0.19846707]
1578
[0.17169034]
1579
[0.23183785]
1580
[0.11403523]
1581
[0.12389831]
1582
[0.25475857]
1583
[0.22408768]
1584
[0.21480402]
1585
[0.22579879]
1586
[0.36838349]
1587
[0.21059548]
1588
[0.18909169]
1589
[0.23823879]
1590
[0.25015295]
1591
[0.22282705]
1592
[0.21787562]
1593
[0.23883083]
1594
[0.21513601]
1595
[0.17942598]
1596
[0.17885238]
1597
[0.23375919]
1598
[0.23591383]
1599
[0.23216229]
1600
[0.46891178]
1601
[0.18564714]
1602
[0.25408045]
1603
[0.24322206]
1604
[0.44810644]
1605
[0.22745642]
1606
[0.13044069]
1607
[0.17176449]
1608
[0.21382029]
1609
[0.23912604]
1610
[0.42433857]
1611
[0.17638054]
1612
[0.28436655]
1613
[0.16426887]
1614
[0.07588722]
1615
[0.20509951]
1616
[0.18971258]
1617
[0.31098547]
1618
[0.22216631]
1619
[0.15673375]
1620
[0.1524168]
1621
[0.24392246]
1622
[0.3077648]
1623
[0.24210108]
1624
[0.29306266]
1625
[0.14038924]
1626
[0.1825606]
1627
[0.12498999]
1628
[0.17091641]
1629
[0.31569629]
1630
[0.23261789]
1631
[0.13246007]
1632
[0.17147182]
1633
[0.18539112]
1634
[0.13113939]
1635
[0.22316798]
1636
[0.41862044]
1637
[0.15870764]
1638
[0.18215998]
1639
[0.16374823]
1640
[0.19712835]
1641
[0.13256058]
1642
[0.1632143]
1643
[0.12091737]
1644
[0.2046293]
1645
[0.23062503]
1646
[0.20376585]
1647
[0.26051419]
1648
[0.22811785]
1649
[0.48237974]
1650
[0.06507197]
1651
[0.21340209]
1652
[0.06462506]
1653
[0.34068851]
1654
[0.30248861]
1655
[0.42977497]
1656
[0.20990176]
1657
[0.33414584]
1658
[0.20967207]
1659
[0.21775775]
1660
[0.24271906]
1661
[0.18124803]
1662
[0.22632662]
1663
[0.24843352]
1664
[0.19664217]
1665
[0.20391304]
1666
[0.16058137]
1667
[0.15009912]
1668
[0.23724832]
1669
[0.13186089]
1670
[0.25170562]
1671
[0.24509456]
1672
[0.24007676]
1673
[0.18327801]
1674
[0.24027735]
1675
[0.24991973]
1676
[0.23239035]
1677
[0.25768516]
1678
[0.2406867]
1679
[0.20823394]
1680
[0.22089799]
1681
[0.16038919]
1682
[0.17120762]
1683
[0.3531984]
1684
[0.0393853]
1685
[0.10362984]
1686
[0.21858887]
1687
[0.03503431]
1688
[0.23949739]
1689
[0.15341265]
1690
[0.21021156]
1691
[0.21650732]
1692
[0.32652536]
1693
[0.24495357]
1694
[0.2835599]
1695
[0.10591828]
1696
[0.05664057]
1697
[0.27668982]
1698
[0.2212395]
1699
[0.29126513]
1700
[0.18065462]
1701
[0.39389727]
1702
[0.21807324]
1703
[0.23624863]
1704
[0.22204102]
1705
[0.23598107]
1706
[0.44940696]
1707
[0.26573725]
1708
[0.1314482]
1709
[0.27804952]
1710
[0.32268881]
1711
[0.07599528]
1712
[0.20915018]
1713
[0.20077737]
1714
[0.03677059]
1715
[0.26593599]
1716
[0.26910709]
1717
[0.20806477]
1718
[0.24824774]
1719
[0.05809591]
1720
[0.31748344]
1721
[0.24013925]
1722
[0.21291905]
1723
[0.41672868]
1724
[0.20236771]
1725
[0.20622214]
1726
[0.13829809]
1727
[0.19557084]
1728
[0.209858]
1729
[0.10198077]
1730
[0.12981461]
1731
[0.05472965]
1732
[0.44775986]
1733
[0.1567802]
1734
[0.25290454]
1735
[0.17485852]
1736
[0.11283245]
1737
[0.06835207]
1738
[0.08024108]
1739
[0.16390705]
1740
[0.32435174]
1741
[0.21030945]
1742
[0.1898408]
1743
[0.29174058]
1744
[0.29475912]
1745
[0.22684682]
1746
[0.19678021]
1747
[0.2425245]
1748
[0.21878956]
1749
[0.29281134]
1750
[0.06200404]
1751
[0.17208011]
1752
[0.05648459]
1753
[0.34299668]
1754
[0.15269972]
1755
[0.2405174]
1756
[0.17574754]
1757
[0.2329268]
1758
[0.40460549]
1759
[0.15854958]
1760
[0.23365566]
1761
[0.1552139]
1762
[0.40036671]
1763
[0.34176077]
1764
[0.19275898]
1765
[0.23895283]
1766
[0.27073971]
1767
[0.228596]
1768
[0.13937047]
1769
[0.20589778]
1770
[0.18957622]
1771
[0.24284812]
1772
[0.06332344]
1773
[0.07881404]
1774
[0.18100519]
1775
[0.07261638]
1776
[0.19897118]
1777
[0.29201323]
1778
[0.24423798]
1779
[0.14322583]
1780
[0.40178612]
1781
[0.23254271]
1782
[0.21228702]
1783
[0.19402133]
1784
[0.22155705]
1785
[0.50942412]
1786
[0.20121213]
1787
[0.24757292]
1788
[0.12265006]
1789
[0.16723812]
1790
[0.22501667]
1791
[0.07475138]
1792
[0.24509169]
1793
[0.19111319]
1794
[0.23276205]
1795
[0.24492495]
1796
[0.37537804]
1797
[0.2383338]
1798
[0.23140757]
1799
[0.15055345]
1800
[0.25346651]
1801
[0.30508623]
1802
[0.0938378]
1803
[0.21060009]
1804
[0.20541017]
1805
[0.2341483]
1806
[0.42493556]
1807
[0.19055135]
1808
[0.14473153]
1809
[0.30708204]
1810
[0.17853922]
1811
[0.13031139]
1812
[0.31191455]
1813
[0.20459611]
1814
[0.16778867]
1815
[0.17097404]
1816
[0.27656684]
1817
[0.28825604]
1818
[0.10841941]
1819
[0.22823447]
1820
[0.24102237]
1821
[0.24155152]
1822
[0.24709211]
1823
[0.23889358]
1824
[0.12754777]
1825
[0.21589367]
1826
[0.15242883]
1827
[0.23726719]
1828
[0.42798874]
1829
[0.23202615]
1830
[0.44600182]
1831
[0.17898306]
1832
[0.06939756]
1833
[0.32020273]
1834
[0.28515011]
1835
[0.17930958]
1836
[0.2673244]
1837
[0.2347803]
1838
[0.22196648]
1839
[0.28475938]
1840
[0.16843778]
1841
[0.15214419]
1842
[0.25124013]
1843
[0.11474168]
1844
[0.20396907]
1845
[0.22289925]
1846
[0.19357852]
1847
[0.18800889]
1848
[0.2678424]
1849
[0.04545139]
1850
[0.1811137]
1851
[0.1797502]
1852
[0.44053151]
1853
[0.07369988]
1854
[0.21471478]
1855
[0.19189968]
1856
[0.2608172]
1857
[0.41757262]
1858
[0.1684007]
1859
[0.34956236]
1860
[0.26639412]
1861
[0.32123249]
1862
[0.29053304]
1863
[0.22291575]
1864
[0.14187198]
1865
[0.47152301]
1866
[0.32667142]
1867
[0.1979195]
1868
[0.21977935]
1869
[0.25137202]
1870
[0.1657213]
1871
[0.20098144]
1872
[0.19487862]
1873
[0.22477214]
1874
[0.18634201]
1875
[0.21859797]
1876
[0.2434508]
1877
[0.19922478]
1878
[0.16947304]
1879
[0.1246718]
1880
[0.17117691]
1881
[0.23495994]
1882
[0.13817344]
1883
[0.45251144]
1884
[0.38314131]
1885
[0.28431599]
1886
[0.24115356]
1887
[0.23574849]
1888
[0.22596686]
1889
[0.23907545]
1890
[0.16304768]
1891
[0.13542637]
1892
[0.25332499]
1893
[0.24538022]
1894
[0.20506551]
1895
[0.37637141]
1896
[0.27307918]
1897
[0.15187931]
1898
[0.21502607]
1899
[0.23694787]
1900
[0.19105373]
1901
[0.23910924]
1902
[0.3363564]
1903
[0.11476883]
1904
[0.13586122]
1905
[0.37123587]
1906
[0.45810915]
1907
[0.11766564]
1908
[0.21662243]
1909
[0.10771967]
1910
[0.18509618]
1911
[0.24481371]
1912
[0.20707635]
1913
[0.19726763]
1914
[0.12667254]
1915
[0.09952791]
1916
[0.2236688]
1917
[0.23698588]
1918
[0.18204954]
1919
[0.13028965]
1920
[0.21898905]
1921
[0.26658188]
1922
[0.21676276]
1923
[0.23761316]
1924
[0.19177976]
1925
[0.1305931]
1926
[0.032612]
1927
[0.1314126]
1928
[0.14285915]
1929
[0.07667885]
1930
[0.06442166]
1931
[0.23147363]
1932
[0.20685952]
1933
[0.42487651]
1934
[0.17275405]
1935
[0.15026495]
1936
[0.22488806]
1937
[0.12443646]
1938
[0.28064329]
1939
[0.19942851]
1940
[0.18691207]
1941
[0.24012408]
1942
[0.21681953]
1943
[0.17149506]
1944
[0.38988285]
1945
[0.24885788]
1946
[0.09324744]
1947
[0.14389598]
1948
[0.34536227]
1949
[0.20571889]
1950
[0.19780475]
1951
[0.24393554]
1952
[0.24784395]
1953
[0.08486241]
1954
[0.25351628]
1955
[0.1350847]
1956
[0.29167353]
1957
[0.25600453]
1958
[0.19133102]
1959
[0.11491079]
1960
[0.27049366]
1961
[0.24711746]
1962
[0.24433875]
1963
[0.19427217]
1964
[0.17358304]
1965
[0.14459219]
1966
[0.1540483]
1967
[0.17662163]
1968
[0.15975761]
1969
[0.19901678]
1970
[0.22334394]
1971
[0.27907152]
1972
[0.26073438]
1973
[0.20889009]
1974
[0.33276523]
1975
[0.25961318]
1976
[0.16665965]
1977
[0.23686437]
1978
[0.23124801]
1979
[0.2436254]
1980
[0.21017302]
1981
[0.09288291]
1982
[0.20785323]
1983
[0.13114476]
1984
[0.28477564]
1985
[0.13277077]
1986
[0.2499222]
1987
[0.31413612]
1988
[0.23969751]
1989
[0.18043617]
1990
[0.1653387]
1991
[0.31631285]
1992
[0.39693062]
1993
[0.33347275]
1994
[0.23333904]
1995
[0.15797593]
1996
[0.24911967]
1997
[0.26189674]
1998
[0.23934755]
1999
[0.11520864]
2000
[0.26117858]
2001
[0.20989787]
2002
[0.2565076]
2003
[0.18057731]
2004
[0.20954961]
2005
[0.24404754]
2006
[0.25143515]
2007
[0.4701518]
2008
[0.26377203]
2009
[0.21764375]
2010
[0.23005993]
2011
[0.11813921]
2012
[0.37663862]
2013
[0.13155521]
2014
[0.19123268]
2015
[0.15553955]
2016
[0.28679418]
2017
[0.22527233]
2018
[0.12896833]
2019
[0.25168742]
2020
[0.1836471]
2021
[0.19706106]
2022
[0.47460592]
2023
[0.283263]
2024
[0.3617876]
2025
[0.18548551]
2026
[0.26549483]
2027
[0.35855044]
2028
[0.36192385]
2029
[0.22023857]
2030
[0.24295706]
2031
[0.28034798]
2032
[0.46421126]
2033
[0.12109853]
2034
[0.23601834]
2035
[0.28248214]
2036
[0.18979583]
2037
[0.15735745]
2038
[0.13768473]
2039
[0.10314971]
2040
[0.16870361]
2041
[0.07911464]
2042
[0.16899994]
2043
[0.21479605]
2044
[0.2174573]
2045
[0.30525492]
2046
[0.16761844]
2047
[0.18055915]
2048
[0.1265598]
2049
[0.42586786]
2050
[0.13514119]
2051
[0.24742572]
2052
[0.1248257]
2053
[0.15576987]
2054
[0.15533121]
2055
[0.3965648]
2056
[0.21607393]
2057
[0.21449836]
2058
[0.08204757]
2059
[0.05669867]
2060
[0.17377475]
2061
[0.26062919]
2062
[0.19635955]
2063
[0.16240324]
2064
[0.22917002]
2065
[0.18511999]
2066
[0.28814505]
2067
[0.10403097]
2068
[0.53446644]
2069
[0.24769144]
2070
[0.21995083]
2071
[0.36317613]
2072
[0.25189914]
2073
[0.19707771]
2074
[0.14961282]
2075
[0.28724321]
2076
[0.15535076]
2077
[0.18317545]
2078
[0.39647856]
2079
[0.20899802]
2080
[0.181448]
2081
[0.05637307]
2082
[0.18223376]
2083
[0.2976692]
2084
[0.22114434]
2085
[0.22644342]
2086
[0.23857469]
2087
[0.22633291]
2088
[0.20788597]
2089
[0.27133897]
2090
[0.30861472]
2091
[0.09825775]
2092
[0.20097303]
2093
[0.23710642]
2094
[0.26853633]
2095
[0.29043963]
2096
[0.1504862]
2097
[0.33593656]
2098
[0.23165087]
2099
[0.23219724]
2100
[0.21020493]
2101
[0.17079709]
2102
[0.20406659]
2103
[0.2078089]
2104
[0.31694824]
2105
[0.16043681]
2106
[0.20290464]
2107
[0.20138367]
2108
[0.3442295]
2109
[0.30092321]
2110
[0.21839517]
2111
[0.18052855]
2112
[0.33373059]
2113
[0.32089553]
2114
[0.19714313]
2115
[0.15855452]
2116
[0.08527345]
2117
[0.23555814]
2118
[0.27100264]
2119
[0.24893995]
2120
[0.16817832]
2121
[0.18276724]
2122
[0.29172415]
2123
[0.08225666]
2124
[0.22982476]
2125
[0.25783405]
2126
[0.24285226]
2127
[0.16518844]
2128
[0.15993139]
2129
[0.24645199]
2130
[0.30698887]
2131
[0.33839685]
2132
[0.13673609]
2133
[0.29766707]
2134
[0.08950604]
2135
[0.37497245]
2136
[0.27556798]
2137
[0.39539585]
2138
[0.14654624]
2139
[0.28853944]
2140
[0.17141375]
2141
[0.19693061]
2142
[0.4197014]
2143
[0.22445873]
2144
[0.24625196]
2145
[0.35355151]
2146
[0.21220768]
2147
[0.15118271]
2148
[0.27006489]
2149
[0.23627798]
2150
[0.21556527]
2151
[0.42915556]
2152
[0.2328485]
2153
[0.21773336]
2154
[0.34535792]
2155
[0.19845747]
2156
[0.10673544]
2157
[0.23920974]
2158
[0.16594061]
2159
[0.35906606]
2160
[0.15671977]
2161
[0.09776265]
2162
[0.15235007]
2163
[0.107838]
2164
[0.23633223]
2165
[0.22569814]
2166
[0.40698266]
2167
[0.14677701]
2168
[0.29413943]
2169
[0.19550755]
2170
[0.17102378]
2171
[0.29175732]
2172
[0.05924168]
2173
[0.29564838]
2174
[0.27107584]
2175
[0.32575722]
2176
[0.46832525]
2177
[0.2627422]
2178
[0.20515234]
2179
[0.33281327]
2180
[0.27618665]
2181
[0.1265202]
2182
[0.16212074]
2183
[0.20948539]
2184
[0.21475907]
2185
[0.3545876]
2186
[0.1946057]
2187
[0.221552]
2188
[0.1798533]
2189
[0.13302735]
2190
[0.17276209]
2191
[0.21222797]
2192
[0.17028956]
2193
[0.23472934]
2194
[0.22018595]
2195
[0.19245847]
2196
[0.06463094]
2197
[0.37339555]
2198
[0.17594636]
2199
[0.25409076]
2200
[0.09187269]
2201
[0.12492508]
2202
[0.48530228]
2203
[0.13410453]
2204
[0.20366341]
2205
[0.07107276]
2206
[0.12659743]
2207
[0.31002654]
2208
[0.17474545]
2209
[0.19330677]
2210
[0.32263736]
2211
[0.22771035]
2212
[0.06745276]
2213
[0.18220265]
2214
[0.12179238]
2215
[0.36577679]
2216
[0.24622312]
2217
[0.126988]
2218
[0.2487965]
2219
[0.04231105]
2220
[0.1313457]
2221
[0.22082395]
2222
[0.06517049]
2223
[0.28934204]
2224
[0.05644009]
2225
[0.23067588]
2226
[0.13317444]
2227
[0.28233655]
2228
[0.24036535]
2229
[0.20902944]
2230
[0.17476019]
2231
[0.25051956]
2232
[0.23451359]
2233
[0.11115329]
2234
[0.2202199]
2235
[0.51936204]
2236
[0.2115747]
2237
[0.10359211]
2238
[0.17978835]
2239
[0.31512695]
2240
[0.30986807]
2241
[0.22245431]
2242
[0.30494644]
2243
[0.21033579]
2244
[0.17224271]
2245
[0.21764529]
2246
[0.42436019]
2247
[0.20221417]
2248
[0.09422638]
2249
[0.3951381]
2250
[0.18788429]
2251
[0.37795449]
2252
[0.22476651]
2253
[0.23224303]
2254
[0.29289022]
2255
[0.21553037]
2256
[0.26644094]
2257
[0.18116348]
2258
[0.15156713]
2259
[0.24977201]
2260
[0.19138185]
2261
[0.19167661]
2262
[0.04330823]
2263
[0.3084851]
2264
[0.25838277]
2265
[0.220804]
2266
[0.19700975]
2267
[0.45144666]
2268
[0.25028189]
2269
[0.2161554]
2270
[0.22084997]
2271
[0.24062454]
2272
[0.20654214]
2273
[0.21941433]
2274
[0.16252728]
2275
[0.22470408]
2276
[0.15999543]
2277
[0.21599842]
2278
[0.25261157]
2279
[0.12068731]
2280
[0.16977824]
2281
[0.21882846]
2282
[0.04143323]
2283
[0.31775508]
2284
[0.41175499]
2285
[0.15583509]
2286
[0.06988928]
2287
[0.16800214]
2288
[0.22344346]
2289
[0.18924984]
2290
[0.31548774]
2291
[0.15055444]
2292
[0.28582806]
2293
[0.13728139]
2294
[0.14956316]
2295
[0.24335281]
2296
[0.23272479]
2297
[0.18050439]
2298
[0.31107766]
2299
[0.48710921]
2300
[0.046371]
2301
[0.22735085]
2302
[0.17589941]
2303
[0.15471487]
2304
[0.40180928]
2305
[0.14505266]
2306
[0.21941513]
2307
[0.227067]
2308
[0.20591079]
2309
[0.15840577]
2310
[0.21696708]
2311
[0.24932764]
2312
[0.31318895]
2313
[0.13675708]
2314
[0.13885394]
2315
[0.11907712]
2316
[0.20929996]
2317
[0.38383372]
2318
[0.27833808]
2319
[0.32062886]
2320
[0.22510532]
2321
[0.23637036]
2322
[0.09571343]
2323
[0.14856457]
2324
[0.19027023]
2325
[0.14845891]
2326
[0.02861066]
2327
[0.35337313]
2328
[0.2956012]
2329
[0.21206945]
2330
[0.26327996]
2331
[0.24596194]
2332
[0.27182414]
2333
[0.20944986]
2334
[0.2456566]
2335
[0.4081576]
2336
[0.12523134]
2337
[0.41858672]
2338
[0.44208398]
2339
[0.21605888]
2340
[0.2277078]
2341
[0.05807174]
2342
[0.2539616]
2343
[0.19043528]
2344
[0.24827419]
2345
[0.26495459]
2346
[0.32742144]
2347
[0.13151815]
2348
[0.1941343]
2349
[0.18991604]
2350
[0.19890834]
2351
[0.21286261]
2352
[0.09982243]
2353
[0.20417886]
2354
[0.13370993]
2355
[0.31537279]
2356
[0.19145104]
2357
[0.21660149]
2358
[0.10227215]
2359
[0.14795328]
2360
[0.23442241]
2361
[0.21604251]
2362
[0.24757276]
2363
[0.25144169]
2364
[0.22788018]
2365
[0.23353421]
2366
[0.27679885]
2367
[0.25011615]
2368
[0.24103688]
2369
[0.20572478]
2370
[0.23186281]
2371
[0.17809871]
2372
[0.19366598]
2373
[0.29877463]
2374
[0.18075103]
2375
[0.16074253]
2376
[0.17711976]
2377
[0.07424383]
2378
[0.2321729]
2379
[0.31659859]
2380
[0.23018486]
2381
[0.26551543]
2382
[0.3100388]
2383
[0.28544134]
2384
[0.18128921]
2385
[0.20735046]
2386
[0.16151738]
2387
[0.22534735]
2388
[0.23295083]
2389
[0.09391861]
2390
[0.15677031]
2391
[0.24672928]
2392
[0.33705644]
2393
[0.27791624]
2394
[0.18009596]
2395
[0.10021306]
2396
[0.25384693]
2397
[0.17489797]
2398
[0.13811635]
2399
[0.20910234]
2400
[0.21454246]
2401
[0.23067569]
2402
[0.12503759]
2403
[0.24136933]
2404
[0.14889528]
2405
[0.22764243]
2406
[0.36085223]
2407
[0.17470486]
2408
[0.17685426]
2409
[0.23984677]
2410
[0.18255332]
2411
[0.26754388]
2412
[0.27797354]
2413
[0.1628857]
2414
[0.12739588]
2415
[0.24934565]
2416
[0.09333317]
2417
[0.4508249]
2418
[0.23779126]
2419
[0.25261655]
2420
[0.03929411]
2421
[0.29929907]
2422
[0.27969052]
2423
[0.33566797]
2424
[0.40654608]
2425
[0.14979099]
2426
[0.08519511]
2427
[0.46143042]
2428
[0.33748231]
2429
[0.33897402]
2430
[0.14806897]
2431
[0.35948568]
2432
[0.20904692]
2433
[0.16817539]
2434
[0.02844962]
2435
[0.22140845]
2436
[0.18752356]
2437
[0.15777445]
2438
[0.18749805]
2439
[0.32560051]
2440
[0.15430076]
2441
[0.22162977]
2442
[0.16152896]
2443
[0.22368843]
2444
[0.39919426]
2445
[0.15843279]
2446
[0.24180651]
2447
[0.22333901]
2448
[0.20069447]
2449
[0.31500951]
2450
[0.21067829]
2451
[0.41544514]
2452
[0.12474405]
2453
[0.16080297]
2454
[0.20948648]
2455
[0.23073867]
2456
[0.20480524]
2457
[0.22076583]
2458
[0.19943935]
2459
[0.26546615]
2460
[0.13056094]
2461
[0.16521389]
2462
[0.24244908]
2463
[0.27665025]
2464
[0.24573761]
2465
[0.1072208]
2466
[0.31519693]
2467
[0.24957175]
2468
[0.0547116]
2469
[0.16913989]
2470
[0.30029895]
2471
[0.05269929]
2472
[0.2644131]
2473
[0.23384474]
2474
[0.13161309]
2475
[0.20350587]
2476
[0.03922408]
2477
[0.22948715]
2478
[0.21554427]
2479
[0.18702759]
2480
[0.08698912]
2481
[0.12411924]
2482
[0.07044519]
2483
[0.22387799]
2484
[0.22545788]
2485
[0.23685437]
2486
[0.20168534]
2487
[0.20889499]
2488
[0.28562089]
2489
[0.2716662]
2490
[0.45056062]
2491
[0.20637437]
2492
[0.24360581]
2493
[0.15629856]
2494
[0.18547565]
2495
[0.21665704]
2496
[0.14981641]
2497
[0.2303018]
2498
[0.16126157]
2499
[0.18133325]
2500
[0.25505069]
2501
[0.20502214]
2502
[0.34484516]
2503
[0.11467455]
2504
[0.42867957]
2505
[0.03866064]
2506
[0.35212214]
2507
[0.24855119]
2508
[0.23135151]
2509
[0.28171431]
2510
[0.14627374]
2511
[0.20583643]
2512
[0.34235508]
2513
[0.19975754]
2514
[0.08583299]
2515
[0.24461166]
2516
[0.15749835]
2517
[0.14923893]
2518
[0.14874174]
2519
[0.30077159]
2520
[0.30391332]
2521
[0.47977868]
2522
[0.17198573]
2523
[0.24367332]
2524
[0.26548062]
2525
[0.3438972]
2526
[0.18345992]
2527
[0.03706783]
2528
[0.18078473]
2529
[0.17829001]
2530
[0.15794479]
2531
[0.2816073]
2532
[0.21709278]
2533
[0.18376825]
2534
[0.24682684]
2535
[0.17825909]
2536
[0.11291871]
2537
[0.08898261]
2538
[0.10016919]
2539
[0.21899468]
2540
[0.14371673]
2541
[0.12306521]
2542
[0.10876616]
2543
[0.1956989]
2544
[0.14298588]
2545
[0.29715974]
2546
[0.08877611]
2547
[0.09179692]
2548
[0.1465252]
2549
[0.19041734]
2550
[0.17144624]
2551
[0.25322038]
2552
[0.24586081]
2553
[0.08680709]
2554
[0.30253119]
2555
[0.2600214]
2556
[0.14184535]
2557
[0.20883593]
2558
[0.08203439]
2559
[0.30777059]
2560
[0.08959213]
2561
[0.18185227]
2562
[0.14796333]
2563
[0.11595874]
2564
[0.20230228]
2565
[0.20985312]
2566
[0.2748297]
2567
[0.15800005]
2568
[0.23883472]
2569
[0.19094502]
2570
[0.22674376]
2571
[0.16129941]
2572
[0.15284911]
2573
[0.20509097]
2574
[0.24255516]
2575
[0.11640815]
2576
[0.27086446]
2577
[0.18417658]
2578
[0.09954076]
2579
[0.2769807]
2580
[0.02343665]
2581
[0.1725957]
2582
[0.18686859]
2583
[0.15794302]
2584
[0.2342187]
2585
[0.14634457]
2586
[0.16820232]
2587
[0.41495603]
2588
[0.20756602]
2589
[0.20655059]
2590
[0.23310639]
2591
[0.23535462]
2592
[0.46134441]
2593
[0.42566091]
2594
[0.09783483]
2595
[0.29139704]
2596
[0.06055043]
2597
[0.18491841]
2598
[0.32841339]
2599
[0.15135245]
2600
[0.04708629]
2601
[0.24805538]
2602
[0.05134035]
2603
[0.24812444]
2604
[0.5077948]
2605
[0.26137068]
2606
[0.23361511]
2607
[0.22141342]
2608
[0.14054487]
2609
[0.2088794]
2610
[0.39697792]
2611
[0.07686247]
2612
[0.21998285]
2613
[0.20631556]
2614
[0.18190848]
2615
[0.21776012]
2616
[0.06947396]
2617
[0.2713908]
2618
[0.207495]
2619
[0.29206507]
2620
[0.24575975]
2621
[0.40964462]
2622
[0.18902901]
2623
[0.28092941]
2624
[0.18296808]
2625
[0.13670632]
2626
[0.18871926]
2627
[0.27013128]
2628
[0.18941399]
2629
[0.27963277]
2630
[0.19428132]
2631
[0.27842993]
2632
[0.13349929]
2633
[0.21453375]
2634
[0.30961188]
2635
[0.23173245]
2636
[0.47604378]
2637
[0.14246173]
2638
[0.31607939]
2639
[0.23509626]
2640
[0.25059581]
2641
[0.34978608]
2642
[0.24801729]
2643
[0.0381302]
2644
[0.08472073]
2645
[0.22922178]
2646
[0.24809681]
2647
[0.51239346]
2648
[0.23553511]
2649
[0.37754805]
2650
[0.19348151]
2651
[0.33358876]
2652
[0.25852804]
2653
[0.1839486]
2654
[0.02650331]
2655
[0.34693948]
2656
[0.13268752]
2657
[0.09044729]
2658
[0.10935017]
2659
[0.13316463]
2660
[0.21703922]
2661
[0.15328402]
2662
[0.10844445]
2663
[0.18255392]
2664
[0.17063961]
2665
[0.21679875]
2666
[0.30670163]
2667
[0.10415311]
2668
[0.3602656]
2669
[0.10294843]
2670
[0.03521524]
2671
[0.19642286]
2672
[0.2240206]
2673
[0.18573961]
2674
[0.28487307]
2675
[0.23741529]
2676
[0.08634955]
2677
[0.19155451]
2678
[0.19118406]
2679
[0.19142823]
2680
[0.21854968]
2681
[0.14519633]
2682
[0.24143661]
2683
[0.18320774]
2684
[0.18917923]
2685
[0.22758747]
2686
[0.18862145]
2687
[0.33612099]
2688
[0.34155421]
2689
[0.19783016]
2690
[0.07186896]
2691
[0.24356223]
2692
[0.25994233]
2693
[0.2381418]
2694
[0.32431437]
2695
[0.24943787]
2696
[0.15605093]
2697
[0.21202765]
2698
[0.20361909]
2699
[0.14731171]
2700
[0.32543462]
2701
[0.1157033]
2702
[0.17391129]
2703
[0.20584942]
2704
[0.22779617]
2705
[0.16127645]
2706
[0.23627896]
2707
[0.07803166]
2708
[0.19010239]
2709
[0.19847143]
2710
[0.16545394]
2711
[0.16289911]
2712
[0.29557555]
2713
[0.02401279]
2714
[0.25490449]
2715
[0.30063409]
2716
[0.22326836]
2717
[0.26082075]
2718
[0.29566495]
2719
[0.22489718]
2720
[0.1314869]
2721
[0.25093113]
2722
[0.17700137]
2723
[0.14023645]
2724
[0.27100598]
2725
[0.33711244]
2726
[0.24274299]
2727
[0.09359495]
2728
[0.22542203]
2729
[0.20887691]
2730
[0.08972999]
2731
[0.21211913]
2732
[0.18996875]
2733
[0.28145188]
2734
[0.16535001]
2735
[0.15364265]
2736
[0.06215309]
2737
[0.11211054]
2738
[0.22424722]
2739
[0.22606845]
2740
[0.21455198]
2741
[0.2483374]
2742
[0.28510562]
2743
[0.28349454]
2744
[0.2431715]
2745
[0.2318052]
2746
[0.26881894]
2747
[0.17672457]
2748
[0.21748197]
2749
[0.25158482]
2750
[0.22864135]
2751
[0.19018327]
2752
[0.27640426]
2753
[0.18709265]
2754
[0.22737701]
2755
[0.32560947]
2756
[0.17359817]
2757
[0.22993106]
2758
[0.20691179]
2759
[0.22112436]
2760
[0.14958399]
2761
[0.35355421]
2762
[0.09059254]
2763
[0.17341023]
2764
[0.2080735]
2765
[0.180534]
2766
[0.43055577]
2767
[0.35674309]
2768
[0.11644535]
2769
[0.23266088]
2770
[0.2364033]
2771
[0.23290612]
2772
[0.12320415]
2773
[0.10027137]
2774
[0.14960673]
2775
[0.1131515]
2776
[0.36383695]
2777
[0.19580678]
2778
[0.36502473]
2779
[0.02480659]
2780
[0.17733067]
2781
[0.07551098]
2782
[0.08694903]
2783
[0.16566689]
2784
[0.34025686]
2785
[0.19268576]
2786
[0.15861614]
2787
[0.25146285]
2788
[0.21635767]
2789
[0.28801309]
2790
[0.20654993]
2791
[0.24277614]
2792
[0.22448879]
2793
[0.16462625]
2794
[0.16205853]
2795
[0.0926039]
2796
[0.24009813]
2797
[0.25306904]
2798
[0.2398214]
2799
[0.19799876]
2800
[0.44535502]
2801
[0.17938222]
2802
[0.25783156]
2803
[0.24747991]
2804
[0.12933921]
2805
[0.18204245]
2806
[0.16832617]
2807
[0.26130404]
2808
[0.23464518]
2809
[0.10128069]
2810
[0.268405]
2811
[0.24442573]
2812
[0.21089416]
2813
[0.1668204]
2814
[0.23360958]
2815
[0.27914928]
2816
[0.47178801]
2817
[0.23583215]
2818
[0.12231744]
2819
[0.16429732]
2820
[0.20609739]
2821
[0.12471229]
2822
[0.30710304]
2823
[0.21304614]
2824
[0.19174058]
2825
[0.19315165]
2826
[0.52248238]
2827
[0.16179331]
2828
[0.22688292]
2829
[0.1608833]
2830
[0.2174914]
2831
[0.22937778]
2832
[0.03280972]
2833
[0.17085639]
2834
[0.23065268]
2835
[0.4861121]
2836
[0.18292801]
2837
[0.20740658]
2838
[0.15971527]
2839
[0.25989855]
2840
[0.28873892]
2841
[0.24352993]
2842
[0.27977902]
2843
[0.25761296]
2844
[0.18585053]
2845
[0.50118118]
2846
[0.16610291]
2847
[0.26473758]
2848
[0.16799935]
2849
[0.40263469]
2850
[0.19921156]
2851
[0.2211476]
2852
[0.13710606]
2853
[0.21168432]
2854
[0.26728488]
2855
[0.1127098]
2856
[0.21302027]
2857
[0.19271626]
2858
[0.39039411]
2859
[0.24346889]
2860
[0.15909104]
2861
[0.29898385]
2862
[0.23436058]
2863
[0.23725317]
2864
[0.20696705]
2865
[0.23980256]
2866
[0.2124726]
2867
[0.25489921]
2868
[0.37700776]
2869
[0.05648801]
2870
[0.14718576]
2871
[0.2012147]
2872
[0.05251641]
2873
[0.2275435]
2874
[0.21496547]
2875
[0.16461044]
2876
[0.20923517]
2877
[0.19035024]
2878
[0.26800664]
2879
[0.29315109]
2880
[0.09734008]
2881
[0.07172081]
2882
[0.43475113]
2883
[0.10365859]
2884
[0.21701975]
2885
[0.44505654]
2886
[0.17902851]
2887
[0.18977626]
2888
[0.15870636]
2889
[0.30508307]
2890
[0.24971159]
2891
[0.11768662]
2892
[0.20620441]
2893
[0.28778152]
2894
[0.16041373]
2895
[0.27300503]
2896
[0.0693777]
2897
[0.20234138]
2898
[0.18733809]
2899
[0.29130085]
2900
[0.15796268]
2901
[0.23433721]
2902
[0.11600575]
2903
[0.22317319]
2904
[0.2026553]
2905
[0.19531241]
2906
[0.18000557]
2907
[0.23752303]
2908
[0.21413642]
2909
[0.24067984]
2910
[0.09806373]
2911
[0.13606938]
2912
[0.15224397]
2913
[0.23913364]
2914
[0.25548076]
2915
[0.3590347]
2916
[0.21641699]
2917
[0.2484458]
2918
[0.18096595]
2919
[0.24523515]
2920
[0.41307588]
2921
[0.09503516]
2922
[0.187621]
2923
[0.3046382]
2924
[0.15311294]
2925
[0.3831307]
2926
[0.08660604]
2927
[0.25222099]
2928
[0.2415397]
2929
[0.1391731]
2930
[0.20994449]
2931
[0.20088746]
2932
[0.33156497]
2933
[0.14619651]
2934
[0.14395031]
2935
[0.26696206]
2936
[0.05862332]
2937
[0.22695595]
2938
[0.23871539]
2939
[0.16792643]
2940
[0.20424921]
2941
[0.22898676]
2942
[0.24127385]
2943
[0.53016368]
2944
[0.14896794]
2945
[0.22366898]
2946
[0.24801432]
2947
[0.21992818]
2948
[0.29515475]
2949
[0.24218916]
2950
[0.22808686]
2951
[0.27038501]
2952
[0.32222847]
2953
[0.21127792]
2954
[0.3663759]
2955
[0.10741553]
2956
[0.13738662]
2957
[0.28058995]
2958
[0.45308942]
2959
[0.08695232]
2960
[0.19128514]
2961
[0.24707836]
2962
[0.0398037]
2963
[0.21349652]
2964
[0.23255021]
2965
[0.25156013]
2966
[0.25758615]
2967
[0.21711137]
2968
[0.20406182]
2969
[0.20106062]
2970
[0.26382035]
2971
[0.21035682]
2972
[0.10542616]
2973
[0.19659676]
2974
[0.23737161]
2975
[0.12000115]
2976
[0.23167479]
2977
[0.26703023]
2978
[0.13287171]
2979
[0.33723296]
2980
[0.23577532]
2981
[0.21022162]
2982
[0.28888693]
2983
[0.2231715]
2984
[0.28219064]
2985
[0.18528044]
2986
[0.25332217]
2987
[0.11106995]
2988
[0.4175661]
2989
[0.15742635]
2990
[0.18707457]
2991
[0.25885274]
2992
[0.1081701]
2993
[0.20395986]
2994
[0.09077576]
2995
[0.17197184]
2996
[0.28353591]
2997
[0.27143877]
2998
[0.19244261]
2999
[0.05920618]
3000
[0.22269554]
3001
[0.14121858]
3002
[0.1853592]
3003
[0.16363127]
3004
[0.20819518]
3005
[0.08220582]
3006
[0.10010257]
3007
[0.21271248]
3008
[0.14257051]
3009
[0.24094613]
3010
[0.20067474]
3011
[0.14791279]
3012
[0.21582093]
3013
[0.21944818]
3014
[0.21319977]
3015
[0.06316886]
3016
[0.23647767]
3017
[0.22263669]
3018
[0.2771223]
3019
[0.29409311]
3020
[0.1931808]
3021
[0.24577418]
3022
[0.16289594]
3023
[0.23051104]
3024
[0.18977622]
3025
[0.25488179]
3026
[0.22316353]
3027
[0.23205945]
3028
[0.17591987]
3029
[0.28274114]
3030
[0.15972474]
3031
[0.32556829]
3032
[0.09732282]
3033
[0.24912656]
3034
[0.20369398]
3035
[0.17420785]
3036
[0.25957789]
3037
[0.23417034]
3038
[0.24120858]
3039
[0.2349363]
3040
[0.23936809]
3041
[0.16716071]
3042
[0.15586119]
3043
[0.24841864]
3044
[0.22463296]
3045
[0.27851628]
3046
[0.12106195]
3047
[0.20521339]
3048
[0.29219366]
3049
[0.14517742]
3050
[0.23925545]
3051
[0.4177286]
3052
[0.07079235]
3053
[0.14109883]
3054
[0.25522057]
3055
[0.14634799]
3056
[0.1316794]
3057
[0.23541614]
3058
[0.18916201]
3059
[0.20966578]
3060
[0.28273238]
3061
[0.16227806]
3062
[0.23405457]
3063
[0.23771761]
3064
[0.11378608]
3065
[0.22387566]
3066
[0.26599219]
3067
[0.12028468]
3068
[0.20747553]
3069
[0.22344839]
3070
[0.20519185]
3071
[0.2567477]
3072
[0.26854899]
3073
[0.31691665]
3074
[0.15026941]
3075
[0.18100043]
3076
[0.24117616]
3077
[0.25268851]
3078
[0.20279297]
3079
[0.24736249]
3080
[0.17971645]
3081
[0.27919324]
3082
[0.20840308]
3083
[0.23171482]
3084
[0.21255964]
3085
[0.26739915]
3086
[0.24705313]
3087
[0.17165079]
3088
[0.4131402]
3089
[0.1867088]
3090
[0.16329889]
3091
[0.24608419]
3092
[0.1428334]
3093
[0.23067272]
3094
[0.14584482]
3095
[0.17673165]
3096
[0.05440142]
3097
[0.23172328]
3098
[0.34772801]
3099
[0.26669149]
3100
[0.20958143]
3101
[0.27941422]
3102
[0.12068343]
3103
[0.19606613]
3104
[0.15350337]
3105
[0.17783775]
3106
[0.34096729]
3107
[0.14241438]
3108
[0.19554071]
3109
[0.27729721]
3110
[0.19998298]
3111
[0.11424377]
3112
[0.20061138]
3113
[0.23506849]
3114
[0.24786245]
3115
[0.36134593]
3116
[0.17907706]
3117
[0.13450183]
3118
[0.18110375]
3119
[0.12358194]
3120
[0.06466996]
3121
[0.20134863]
3122
[0.25505875]
3123
[0.16245202]
3124
[0.25149983]
3125
[0.0601006]
3126
[0.23874579]
3127
[0.29876621]
3128
[0.15291346]
3129
[0.19940098]
3130
[0.20020267]
3131
[0.18646655]
3132
[0.27743613]
3133
[0.22154499]
3134
[0.1402484]
3135
[0.25192826]
3136
[0.11068948]
3137
[0.02613281]
3138
[0.46620655]
3139
[0.2182782]
3140
[0.06354717]
3141
[0.3433578]
3142
[0.14378134]
3143
[0.08036786]
3144
[0.24741799]
3145
[0.18029392]
3146
[0.2693042]
3147
[0.17675829]
3148
[0.0490247]
3149
[0.27690976]
3150
[0.07083833]
3151
[0.21069423]
3152
[0.23049806]
3153
[0.24561943]
3154
[0.46206225]
3155
[0.08920949]
3156
[0.14436728]
3157
[0.20677486]
3158
[0.21092944]
3159
[0.17876543]
3160
[0.22050352]
3161
[0.26246009]
3162
[0.47311634]
3163
[0.12421878]
3164
[0.24328917]
3165
[0.22292143]
3166
[0.24458206]
3167
[0.18921868]
3168
[0.17887363]
3169
[0.22200874]
3170
[0.0647211]
3171
[0.17885743]
3172
[0.25193363]
3173
[0.04464376]
3174
[0.25700795]
3175
[0.33296706]
3176
[0.41598057]
3177
[0.17755315]
3178
[0.36025641]
3179
[0.27370234]
3180
[0.20754456]
3181
[0.28137284]
3182
[0.15188557]
3183
[0.26781461]
3184
[0.12320367]
3185
[0.12550748]
3186
[0.28439344]
3187
[0.21694918]
3188
[0.16198201]
3189
[0.17327216]
3190
[0.25872545]
3191
[0.27248242]
3192
[0.16204151]
3193
[0.24457119]
3194
[0.39069277]
3195
[0.1259802]
3196
[0.30322723]
3197
[0.26843766]
3198
[0.15897364]
3199
[0.29121476]
3200
[0.13034939]
3201
[0.4593448]
3202
[0.09620648]
3203
[0.16505278]
3204
[0.08173498]
3205
[0.16009678]
3206
[0.31304018]
3207
[0.17825636]
3208
[0.2113166]
3209
[0.16543719]
3210
[0.19615114]
3211
[0.17006668]
3212
[0.27653231]
3213
[0.22543566]
3214
[0.27463066]
3215
[0.18669949]
3216
[0.24840223]
3217
[0.24925506]
3218
[0.19872178]
3219
[0.31225941]
3220
[0.29312322]
3221
[0.44512837]
3222
[0.41842447]
3223
[0.24716339]
3224
[0.23344635]
3225
[0.0264997]
3226
[0.10637358]
3227
[0.16594376]
3228
[0.17193111]
3229
[0.4351855]
3230
[0.23330094]
3231
[0.18463645]
3232
[0.19472121]
3233
[0.18727518]
3234
[0.14111619]
3235
[0.35035845]
3236
[0.15301262]
3237
[0.30536323]
3238
[0.23143793]
3239
[0.18198853]
3240
[0.44496379]
3241
[0.21757454]
3242
[0.26809979]
3243
[0.38111303]
3244
[0.23378537]
3245
[0.15611276]
3246
[0.3639751]
3247
[0.2017832]
3248
[0.408836]
3249
[0.30208806]
3250
[0.12253006]
3251
[0.19033898]
3252
[0.29788328]
3253
[0.31425113]
3254
[0.15868244]
3255
[0.16614994]
3256
[0.18845049]
3257
[0.24964521]
3258
[0.20892095]
3259
[0.31799561]
3260
[0.17187118]
3261
[0.17416882]
3262
[0.27675796]
3263
[0.20341724]
3264
[0.26772885]
3265
[0.13559489]
3266
[0.29671852]
3267
[0.24239189]
3268
[0.23242071]
3269
[0.40252524]
3270
[0.31682368]
3271
[0.35887556]
3272
[0.20216138]
3273
[0.23268702]
3274
[0.05432535]
3275
[0.19194872]
3276
[0.21247328]
3277
[0.22487568]
3278
[0.12478577]
3279
[0.40005645]
3280
[0.16355097]
3281
[0.2310856]
3282
[0.1068234]
3283
[0.11169167]
3284
[0.34455655]
3285
[0.22133982]
3286
[0.2328575]
3287
[0.05896041]
3288
[0.13694215]
3289
[0.15407491]
3290
[0.25942611]
3291
[0.20769242]
3292
[0.22890688]
3293
[0.20549278]
3294
[0.17859165]
3295
[0.34022751]
3296
[0.25562244]
3297
[0.22143738]
3298
[0.16093493]
3299
[0.19442635]
3300
[0.18364032]
3301
[0.07556268]
3302
[0.47595785]
3303
[0.28854446]
3304
[0.20954845]
3305
[0.0895234]
3306
[0.25552523]
3307
[0.04876847]
3308
[0.18190234]
3309
[0.48662572]
3310
[0.30593406]
3311
[0.25110815]
3312
[0.11361423]
3313
[0.36307054]
3314
[0.17478066]
3315
[0.07757591]
3316
[0.21310414]
3317
[0.23223691]
3318
[0.19409982]
3319
[0.24071025]
3320
[0.20407491]
3321
[0.26325187]
3322
[0.13585329]
3323
[0.24344743]
3324
[0.25553448]
3325
[0.36029401]
3326
[0.21196747]
3327
[0.20235253]
3328
[0.1169115]
3329
[0.22910152]
3330
[0.19177674]
3331
[0.25314706]
3332
[0.2317478]
3333
[0.30269055]
3334
[0.21029831]
3335
[0.1665259]
3336
[0.41675813]
3337
[0.30153431]
3338
[0.14578297]
3339
[0.19556031]
3340
[0.23165613]
3341
[0.16366927]
3342
[0.17737827]
3343
[0.19854651]
3344
[0.05183992]
3345
[0.31776883]
3346
[0.19581643]
3347
[0.15122521]
3348
[0.10599996]
3349
[0.26304665]
3350
[0.02598139]
3351
[0.18111005]
3352
[0.16274096]
3353
[0.1790578]
3354
[0.27995676]
3355
[0.12009041]
3356
[0.13307709]
3357
[0.15747753]
3358
[0.26581661]
3359
[0.12767074]
3360
[0.25764522]
3361
[0.25176569]
3362
[0.32663846]
3363
[0.18378257]
3364
[0.12722143]
3365
[0.14151254]
3366
[0.11336076]
3367
[0.0579251]
3368
[0.23531413]
3369
[0.13199751]
3370
[0.23641031]
3371
[0.35645551]
3372
[0.22306794]
3373
[0.43710639]
3374
[0.15479396]
3375
[0.21244377]
3376
[0.33603]
3377
[0.22138785]
3378
[0.16296173]
3379
[0.16162828]
3380
[0.23829566]
3381
[0.22863307]
3382
[0.12030379]
3383
[0.40440236]
3384
[0.20570073]
3385
[0.19802046]
3386
[0.22774518]
3387
[0.10798591]
3388
[0.13809178]
3389
[0.42826373]
3390
[0.13656738]
3391
[0.11308183]
3392
[0.17323726]
3393
[0.46384308]
3394
[0.166339]
3395
[0.20529281]
3396
[0.24016533]
3397
[0.13384693]
3398
[0.07708483]
3399
[0.04168854]
3400
[0.17974306]
3401
[0.18499336]
3402
[0.13786739]
3403
[0.36039168]
3404
[0.23599131]
3405
[0.28934579]
3406
[0.23783122]
3407
[0.19303728]
3408
[0.32132175]
3409
[0.24159926]
3410
[0.19808822]
3411
[0.14251624]
3412
[0.14336713]
3413
[0.09940609]
3414
[0.19474977]
3415
[0.24961149]
3416
[0.39142296]
3417
[0.23596708]
3418
[0.46967003]
3419
[0.22955438]
3420
[0.24112277]
3421
[0.3844348]
3422
[0.21857541]
3423
[0.03924562]
3424
[0.23271191]
3425
[0.11387223]
3426
[0.40190922]
3427
[0.24074204]
3428
[0.23213214]
3429
[0.0954102]
3430
[0.19061097]
3431
[0.1870098]
3432
[0.4200767]
3433
[0.2060636]
3434
[0.17862227]
3435
[0.18664182]
3436
[0.34635949]
3437
[0.20626233]
3438
[0.13703915]
3439
[0.23671843]
3440
[0.22676975]
3441
[0.23307925]
3442
[0.22964942]
3443
[0.24683999]
3444
[0.24496347]
3445
[0.08591339]
3446
[0.24412778]
3447
[0.48192769]
3448
[0.17792383]
3449
[0.1622608]
3450
[0.21718604]
3451
[0.23520262]
3452
[0.05999271]
3453
[0.18167941]
3454
[0.14764887]
3455
[0.12314834]
3456
[0.17191931]
3457
[0.19496178]
3458
[0.22964924]
3459
[0.1425038]
3460
[0.18065185]
3461
[0.06806199]
3462
[0.09398608]
3463
[0.16465588]
3464
[0.21793049]
3465
[0.27483394]
3466
[0.18707627]
3467
[0.24442912]
3468
[0.14019771]
3469
[0.4245003]
3470
[0.18023529]
3471
[0.16470612]
3472
[0.24536004]
3473
[0.08196666]
3474
[0.23503452]
3475
[0.19341135]
3476
[0.19768491]
3477
[0.18555201]
3478
[0.2453115]
3479
[0.21398378]
3480
[0.13975905]
3481
[0.16098349]
3482
[0.17099566]
3483
[0.26324824]
3484
[0.09296843]
3485
[0.26152105]
3486
[0.44264266]
3487
[0.20465282]
3488
[0.21512354]
3489
[0.21421817]
3490
[0.20071265]
3491
[0.14560619]
3492
[0.19509966]
3493
[0.18898661]
3494
[0.20225957]
3495
[0.24236283]
3496
[0.45434532]
3497
[0.14094707]
3498
[0.21855808]
3499
[0.16390705]
3500
[0.21301606]
3501
[0.51444828]
3502
[0.10765598]
3503
[0.39333183]
3504
[0.11947607]
3505
[0.3641453]
3506
[0.20194602]
3507
[0.30881565]
3508
[0.21635974]
3509
[0.20837691]
3510
[0.46437229]
3511
[0.17659891]
3512
[0.20089923]
3513
[0.26224032]
3514
[0.24908628]
3515
[0.29907477]
3516
[0.13478995]
3517
[0.17943441]
3518
[0.09709996]
3519
[0.22473054]
3520
[0.37760122]
3521
[0.2379035]
3522
[0.16312655]
3523
[0.21552517]
3524
[0.25467775]
3525
[0.32056727]
3526
[0.26473148]
3527
[0.24134618]
3528
[0.12275031]
3529
[0.22584714]
3530
[0.24892906]
3531
[0.03855462]
3532
[0.22181909]
3533
[0.30018191]
3534
[0.03058875]
3535
[0.2129795]
3536
[0.17468935]
3537
[0.18763202]
3538
[0.24079842]
3539
[0.11402558]
3540
[0.35944059]
3541
[0.23267451]
3542
[0.21128206]
3543
[0.08698562]
3544
[0.20923922]
3545
[0.1498516]
3546
[0.16027855]
3547
[0.15315817]
3548
[0.25894745]
3549
[0.21846429]
3550
[0.41025649]
3551
[0.41223414]
3552
[0.19875185]
3553
[0.205394]
3554
[0.07916822]
3555
[0.26580178]
3556
[0.16884098]
3557
[0.28060596]
3558
[0.18084496]
3559
[0.19320379]
3560
[0.21356775]
3561
[0.12013223]
3562
[0.0747619]
3563
[0.23735509]
3564
[0.13810916]
3565
[0.17782491]
3566
[0.23284269]
3567
[0.20952938]
3568
[0.20250045]
3569
[0.18420291]
3570
[0.20629564]
3571
[0.12476789]
3572
[0.24132077]
3573
[0.16925036]
3574
[0.25058226]
3575
[0.22920051]
3576
[0.15870933]
3577
[0.50329324]
3578
[0.20006069]
3579
[0.2603603]
3580
[0.17622824]
3581
[0.11371331]
3582
[0.14494651]
3583
[0.27193148]
3584
[0.22310279]
3585
[0.37967666]
3586
[0.2204]
3587
[0.22813317]
3588
[0.40338402]
3589
[0.240025]
3590
[0.37756465]
3591
[0.2201794]
3592
[0.21686376]
3593
[0.14495188]
3594
[0.38960173]
3595
[0.14936134]
3596
[0.24371617]
3597
[0.17732585]
3598
[0.47758677]
3599
[0.1539271]
3600
[0.0565373]
3601
[0.17872019]
3602
[0.256309]
3603
[0.16762083]
3604
[0.18707918]
3605
[0.17338716]
3606
[0.16046639]
3607
[0.3186428]
3608
[0.19867062]
3609
[0.31583934]
3610
[0.20958136]
3611
[0.22893399]
3612
[0.21760368]
3613
[0.25178999]
3614
[0.11489269]
3615
[0.11617423]
3616
[0.17136851]
3617
[0.14151209]
3618
[0.4243678]
3619
[0.11967389]
3620
[0.20669186]
3621
[0.23587225]
3622
[0.10960069]
3623
[0.17111804]
3624
[0.33354049]
3625
[0.21450251]
3626
[0.23358328]
3627
[0.19953806]
3628
[0.24249274]
3629
[0.24111272]
3630
[0.1163728]
3631
[0.21809184]
3632
[0.14047377]
3633
[0.21778317]
3634
[0.14936712]
3635
[0.21444309]
3636
[0.23357669]
3637
[0.33031655]
3638
[0.30029734]
3639
[0.1228098]
3640
[0.15232975]
3641
[0.09346738]
3642
[0.40459606]
3643
[0.20120807]
3644
[0.20908952]
3645
[0.16725063]
3646
[0.15437506]
3647
[0.15736893]
3648
[0.20920802]
3649
[0.25339824]
3650
[0.28791765]
3651
[0.35813354]
3652
[0.14793914]
3653
[0.15997335]
3654
[0.25298011]
3655
[0.14409427]
3656
[0.26862574]
3657
[0.23746402]
3658
[0.15381952]
3659
[0.21885334]
3660
[0.24328313]
3661
[0.23763016]
3662
[0.32552649]
3663
[0.19664484]
3664
[0.22147965]
3665
[0.3895562]
3666
[0.23180949]
3667
[0.13434819]
3668
[0.25712822]
3669
[0.22365921]
3670
[0.27428263]
3671
[0.20883761]
3672
[0.42858625]
3673
[0.22743188]
3674
[0.19890804]
3675
[0.10229693]
3676
[0.2121929]
3677
[0.23559465]
3678
[0.43711349]
3679
[0.26936917]
3680
[0.20193869]
3681
[0.3463794]
3682
[0.13570049]
3683
[0.26400705]
3684
[0.41418229]
3685
[0.2765397]
3686
[0.14793095]
3687
[0.38376904]
3688
[0.07143241]
3689
[0.25980012]
3690
[0.22323957]
3691
[0.22912085]
3692
[0.21794171]
3693
[0.2212465]
3694
[0.21824204]
3695
[0.18554375]
3696
[0.19247329]
3697
[0.21037508]
3698
[0.25056091]
3699
[0.23213558]
3700
[0.21375926]
3701
[0.24660735]
3702
[0.4009278]
3703
[0.25184079]
3704
[0.21606493]
3705
[0.26516105]
3706
[0.24907023]
3707
[0.08708515]
3708
[0.21742547]
3709
[0.36212378]
3710
[0.25528362]
3711
[0.21207728]
3712
[0.16947148]
3713
[0.11673576]
3714
[0.21161654]
3715
[0.08961245]
3716
[0.20279436]
3717
[0.27586169]
3718
[0.24474511]
3719
[0.21358471]
3720
[0.26195159]
3721
[0.22300496]
3722
[0.25962689]
3723
[0.22854862]
3724
[0.25395285]
3725
[0.19834144]
3726
[0.098779]
3727
[0.14537697]
3728
[0.12089962]
3729
[0.40457274]
3730
[0.29959012]
3731
[0.23263246]
3732
[0.27070187]
3733
[0.41480343]
3734
[0.34846525]
3735
[0.19808144]
3736
[0.31274084]
3737
[0.22022685]
3738
[0.21817066]
3739
[0.23570181]
3740
[0.14237151]
3741
[0.3526218]
3742
[0.26535]
3743
[0.2041071]
3744
[0.16259307]
3745
[0.33845019]
3746
[0.17200238]
3747
[0.18181502]
3748
[0.36258205]
3749
[0.27866425]
3750
[0.25674674]
3751
[0.221431]
3752
[0.10665204]
3753
[0.23149465]
3754
[0.15925648]
3755
[0.23242187]
3756
[0.20803747]
3757
[0.21123768]
3758
[0.22681036]
3759
[0.15471654]
3760
[0.16039836]
3761
[0.33660762]
3762
[0.26882653]
3763
[0.24175673]
3764
[0.15922429]
3765
[0.14177253]
3766
[0.20615734]
3767
[0.21045761]
3768
[0.17735848]
3769
[0.21524764]
3770
[0.4705151]
3771
[0.17013863]
3772
[0.25318381]
3773
[0.2328536]
3774
[0.08016713]
3775
[0.20615328]
3776
[0.21111446]
3777
[0.13217293]
3778
[0.23855853]
3779
[0.19293693]
3780
[0.18136675]
3781
[0.17402258]
3782
[0.20250767]
3783
[0.18794653]
3784
[0.2986153]
3785
[0.13206635]
3786
[0.24315988]
3787
[0.14233905]
3788
[0.15564134]
3789
[0.20873946]
3790
[0.13920832]
3791
[0.216642]
3792
[0.22966232]
3793
[0.24485079]
3794
[0.2122569]
3795
[0.20967639]
3796
[0.17140967]
3797
[0.14068256]
3798
[0.20084946]
3799
[0.1655742]
3800
[0.22283323]
3801
[0.08348158]
3802
[0.26835223]
3803
[0.24080654]
3804
[0.20137078]
3805
[0.03993338]
3806
[0.2385592]
3807
[0.19167818]
3808
[0.11831385]
3809
[0.33257967]
3810
[0.20572593]
3811
[0.23616134]
3812
[0.49816177]
3813
[0.07575551]
3814
[0.36841338]
3815
[0.14023379]
3816
[0.27277733]
3817
[0.41526338]
3818
[0.2451429]
3819
[0.17919373]
3820
[0.34749581]
3821
[0.41695726]
3822
[0.34300058]
3823
[0.19730779]
3824
[0.20968163]
3825
[0.25723563]
3826
[0.33250528]
3827
[0.17278131]
3828
[0.18165472]
3829
[0.48536073]
3830
[0.1655175]
3831
[0.23160338]
3832
[0.21889536]
3833
[0.17950989]
3834
[0.18607534]
3835
[0.24247249]
3836
[0.33379568]
3837
[0.25274455]
3838
[0.25066446]
3839
[0.20559022]
3840
[0.14405381]
3841
[0.16855315]
3842
[0.21599002]
3843
[0.235444]
3844
[0.32478171]
3845
[0.27503689]
3846
[0.47525797]
3847
[0.31168022]
3848
[0.15867594]
3849
[0.12690279]
3850
[0.4199822]
3851
[0.27944014]
3852
[0.23556334]
3853
[0.47716459]
3854
[0.16918842]
3855
[0.14321501]
3856
[0.31837195]
3857
[0.20450867]
3858
[0.23750795]
3859
[0.184516]
3860
[0.28521446]
3861
[0.24086272]
3862
[0.13586877]
3863
[0.14852491]
3864
[0.20105621]
3865
[0.28192204]
3866
[0.19174549]
3867
[0.28429625]
3868
[0.20908668]
3869
[0.30913874]
3870
[0.18870094]
3871
[0.21448598]
3872
[0.14543695]
3873
[0.29893844]
3874
[0.4324741]
3875
[0.11901755]
3876
[0.28931451]
3877
[0.20318586]
3878
[0.15979572]
3879
[0.43716428]
3880
[0.20465782]
3881
[0.1260338]
3882
[0.24349562]
3883
[0.20781527]
3884
[0.18798521]
3885
[0.25648172]
3886
[0.23487264]
3887
[0.50771564]
3888
[0.24492719]
3889
[0.26865631]
3890
[0.22302004]
3891
[0.17367391]
3892
[0.27137355]
3893
[0.24797192]
3894
[0.25559638]
3895
[0.15982743]
3896
[0.20574319]
3897
[0.31669653]
3898
[0.19644197]
3899
[0.30075651]
3900
[0.17431545]
3901
[0.11036776]
3902
[0.12474929]
3903
[0.26750515]
3904
[0.26581321]
3905
[0.17759894]
3906
[0.2385405]
3907
[0.16992708]
3908
[0.20072439]
3909
[0.11743706]
3910
[0.13246255]
3911
[0.14334903]
3912
[0.19288278]
3913
[0.21627659]
3914
[0.14105558]
3915
[0.23447757]
3916
[0.21753136]
3917
[0.05358788]
3918
[0.473642]
3919
[0.24629352]
3920
[0.10197123]
3921
[0.20719456]
3922
[0.28220091]
3923
[0.1816202]
3924
[0.20524662]
3925
[0.15739631]
3926
[0.17336328]
3927
[0.23243158]
3928
[0.05296632]
3929
[0.16258816]
3930
[0.20864577]
3931
[0.08215609]
3932
[0.12518925]
3933
[0.3631471]
3934
[0.2022242]
3935
[0.09832453]
3936
[0.23712126]
3937
[0.24331252]
3938
[0.33047403]
3939
[0.22929549]
3940
[0.11962462]
3941
[0.34840647]
3942
[0.23994187]
3943
[0.15768088]
3944
[0.21969367]
3945
[0.0669244]
3946
[0.17100466]
3947
[0.12759845]
3948
[0.25864]
3949
[0.21583427]
3950
[0.10744159]
3951
[0.50958733]
3952
[0.14682149]
3953
[0.28223609]
3954
[0.08410417]
3955
[0.04972745]
3956
[0.31098937]
3957
[0.16602442]
3958
[0.21629123]
3959
[0.32796243]
3960
[0.16980933]
3961
[0.21410768]
3962
[0.1557535]
3963
[0.21083051]
3964
[0.33201935]
3965
[0.21392746]
3966
[0.24121766]
3967
[0.23536994]
3968
[0.19072435]
3969
[0.18170131]
3970
[0.43202906]
3971
[0.2427703]
3972
[0.18998218]
3973
[0.19740204]
3974
[0.28541283]
3975
[0.40875178]
3976
[0.20466999]
3977
[0.09483252]
3978
[0.17940986]
3979
[0.05145476]
3980
[0.27135676]
3981
[0.20027891]
3982
[0.2408151]
3983
[0.19975639]
3984
[0.08703149]
3985
[0.20609003]
3986
[0.17508214]
3987
[0.24085803]
3988
[0.24134509]
3989
[0.06460483]
3990
[0.18479895]
3991
[0.16019053]
3992
[0.22074849]
3993
[0.33470475]
3994
[0.47390021]
3995
[0.20994885]
3996
[0.13323362]
3997
[0.23444532]
3998
[0.24176794]
3999
[0.21708398]
4000
[0.39738698]
4001
[0.24859425]
4002
[0.23194883]
4003
[0.27746129]
4004
[0.0675222]
4005
[0.18485608]
4006
[0.19072315]
4007
[0.19122613]
4008
[0.35447754]
4009
[0.22425253]
4010
[0.23852459]
4011
[0.18034371]
4012
[0.26832457]
4013
[0.23136091]
4014
[0.29059617]
4015
[0.36702439]
4016
[0.13201637]
4017
[0.19599545]
4018
[0.25075662]
4019
[0.28267565]
4020
[0.16171686]
4021
[0.20146004]
4022
[0.17502272]
4023
[0.27248557]
4024
[0.20369544]
4025
[0.3598555]
4026
[0.19051417]
4027
[0.21360453]
4028
[0.29029231]
4029
[0.24268887]
4030
[0.25494815]
4031
[0.53623002]
4032
[0.20063974]
4033
[0.21062638]
4034
[0.20874468]
4035
[0.11817345]
4036
[0.25408344]
4037
[0.13905562]
4038
[0.29694824]
4039
[0.23400174]
4040
[0.06606039]
4041
[0.17567459]
4042
[0.23038012]
4043
[0.21164018]
4044
[0.21726233]
4045
[0.17173571]
4046
[0.47575428]
4047
[0.31623333]
4048
[0.25033955]
4049
[0.22080324]
4050
[0.22526475]
4051
[0.2945881]
4052
[0.23155673]
4053
[0.17817084]
4054
[0.13551164]
4055
[0.23332694]
4056
[0.50518406]
4057
[0.14531843]
4058
[0.19936615]
4059
[0.29819621]
4060
[0.38972886]
4061
[0.1095953]
4062
[0.25225165]
4063
[0.24254055]
4064
[0.17146328]
4065
[0.24698297]
4066
[0.34420345]
4067
[0.23980175]
4068
[0.22266039]
4069
[0.24978357]
4070
[0.28969497]
4071
[0.20233221]
4072
[0.2055326]
4073
[0.32242282]
4074
[0.07368287]
4075
[0.14120185]
4076
[0.20061026]
4077
[0.21099476]
4078
[0.15779427]
4079
[0.23727035]
4080
[0.29153479]
4081
[0.29504568]
4082
[0.26504126]
4083
[0.22706567]
4084
[0.09706462]
4085
[0.37764256]
4086
[0.25924512]
4087
[0.22344975]
4088
[0.34721189]
4089
[0.16983364]
4090
[0.4358938]
4091
[0.24863475]
4092
[0.27338686]
4093
[0.1408258]
4094
[0.15396921]
4095
[0.26890576]
4096
[0.2442323]
4097
[0.32566877]
4098
[0.26973654]
4099
[0.03340156]
4100
[0.20205886]
4101
[0.24222335]
4102
[0.21711616]
4103
[0.18929804]
4104
[0.51295723]
4105
[0.30265852]
4106
[0.16090917]
4107
[0.22218408]
4108
[0.22247193]
4109
[0.24121605]
4110
[0.31996809]
4111
[0.24721331]
4112
[0.23433879]
4113
[0.19509287]
4114
[0.21572199]
4115
[0.03491639]
4116
[0.17881343]
4117
[0.27002695]
4118
[0.2448001]
4119
[0.41546253]
4120
[0.24320816]
4121
[0.3060893]
4122
[0.39729429]
4123
[0.39302829]
4124
[0.2325053]
4125
[0.28757904]
4126
[0.23871639]
4127
[0.39584572]
4128
[0.1824992]
4129
[0.23033287]
4130
[0.15464041]
4131
[0.14268317]
4132
[0.13224543]
4133
[0.1845576]
4134
[0.29308361]
4135
[0.06514754]
4136
[0.17322917]
4137
[0.10084856]
4138
[0.06147035]
4139
[0.29848133]
4140
[0.24741712]
4141
[0.11728698]
4142
[0.16899057]
4143
[0.21702949]
4144
[0.21058071]
4145
[0.1545985]
4146
[0.20147519]
4147
[0.14197895]
4148
[0.34185772]
4149
[0.22911641]
4150
[0.20303089]
4151
[0.08520492]
4152
[0.23915297]
4153
[0.13505199]
4154
[0.26022173]
4155
[0.20915439]
4156
[0.22936583]
4157
[0.28398954]
4158
[0.1415272]
4159
[0.51934395]
4160
[0.09562909]
4161
[0.21500519]
4162
[0.21561732]
4163
[0.18458755]
4164
[0.23137526]
4165
[0.07020911]
4166
[0.23758426]
4167
[0.37876288]
4168
[0.27161824]
4169
[0.23765062]
4170
[0.24229991]
4171
[0.21476794]
4172
[0.27638102]
4173
[0.11389557]
4174
[0.2689836]
4175
[0.28429625]
4176
[0.23365006]
4177
[0.22446565]
4178
[0.11509471]
4179
[0.31581844]
4180
[0.31879798]
4181
[0.24853012]
4182
[0.18120351]
4183
[0.31851262]
4184
[0.23390402]
4185
[0.27730431]
4186
[0.24182105]
4187
[0.22358619]
4188
[0.23394814]
4189
[0.24830553]
4190
[0.2028698]
4191
[0.17636786]
4192
[0.21873372]
4193
[0.21344455]
4194
[0.04412551]
4195
[0.22463684]
4196
[0.19226983]
4197
[0.2334539]
4198
[0.22309522]
4199
[0.25057468]
4200
[0.14276179]
4201
[0.39500161]
4202
[0.2382165]
4203
[0.18692587]
4204
[0.19254393]
4205
[0.15896262]
4206
[0.15130352]
4207
[0.27847472]
4208
[0.18880404]
4209
[0.17837856]
4210
[0.22437119]
4211
[0.13669428]
4212
[0.38945003]
4213
[0.1766802]
4214
[0.20334701]
4215
[0.32529567]
4216
[0.20074504]
4217
[0.32420044]
4218
[0.17987742]
4219
[0.18570186]
4220
[0.26832541]
4221
[0.21858519]
4222
[0.19984701]
4223
[0.28608588]
4224
[0.23349945]
4225
[0.19870214]
4226
[0.29848528]
4227
[0.2764531]
4228
[0.17092459]
4229
[0.26823133]
4230
[0.13269652]
4231
[0.13472808]
4232
[0.25612253]
4233
[0.21774223]
4234
[0.25473866]
4235
[0.21030312]
4236
[0.25238169]
4237
[0.20346061]
4238
[0.14395448]
4239
[0.46117927]
4240
[0.17724156]
4241
[0.15259071]
4242
[0.23814391]
4243
[0.20290433]
4244
[0.12463614]
4245
[0.26570866]
4246
[0.10745195]
4247
[0.08857579]
4248
[0.23205129]
4249
[0.06689943]
4250
[0.16399153]
4251
[0.41423625]
4252
[0.23013036]
4253
[0.16607511]
4254
[0.19414437]
4255
[0.30883666]
4256
[0.19171895]
4257
[0.27421917]
4258
[0.10157086]
4259
[0.23302851]
4260
[0.17122376]
4261
[0.16202715]
4262
[0.13909779]
4263
[0.18170984]
4264
[0.09015262]
4265
[0.25149141]
4266
[0.19902181]
4267
[0.09041187]
4268
[0.20101731]
4269
[0.16229787]
4270
[0.27792971]
4271
[0.23732776]
4272
[0.18706223]
4273
[0.20428907]
4274
[0.23815254]
4275
[0.20375844]
4276
[0.1948765]
4277
[0.18410668]
4278
[0.05196685]
4279
[0.20825325]
4280
[0.31041695]
4281
[0.13462549]
4282
[0.16136771]
4283
[0.20143441]
4284
[0.20567984]
4285
[0.21386927]
4286
[0.48055368]
4287
[0.2279682]
4288
[0.22018086]
4289
[0.29892126]
4290
[0.1350232]
4291
[0.08735987]
4292
[0.39862066]
4293
[0.25710187]
4294
[0.22248318]
4295
[0.19304313]
4296
[0.17596414]
4297
[0.21317462]
4298
[0.17666266]
4299
[0.29700567]
4300
[0.30511886]
4301
[0.24356021]
4302
[0.09933604]
4303
[0.06133999]
4304
[0.08056435]
4305
[0.25890088]
4306
[0.12676354]
4307
[0.16366392]
4308
[0.18345493]
4309
[0.17210111]
4310
[0.15136461]
4311
[0.24964233]
4312
[0.12142143]
4313
[0.20396323]
4314
[0.06200941]
4315
[0.33008597]
4316
[0.12372884]
4317
[0.24931008]
4318
[0.26605826]
4319
[0.24340473]
4320
[0.19113801]
4321
[0.33319432]
4322
[0.26978893]
4323
[0.20537784]
4324
[0.24321726]
4325
[0.20294949]
4326
[0.17363738]
4327
[0.1758139]
4328
[0.09577016]
4329
[0.11187595]
4330
[0.12337559]
4331
[0.19198309]
4332
[0.21580005]
4333
[0.21613617]
4334
[0.15878179]
4335
[0.3046149]
4336
[0.21560039]
4337
[0.24860991]
4338
[0.1931848]
4339
[0.17442147]
4340
[0.24182545]
4341
[0.13087838]
4342
[0.36661713]
4343
[0.19224288]
4344
[0.24257199]
4345
[0.31792136]
4346
[0.11215462]
4347
[0.26554145]
4348
[0.11813599]
4349
[0.17504037]
4350
[0.19998507]
4351
[0.26891187]
4352
[0.29380279]
4353
[0.24168962]
4354
[0.24524741]
4355
[0.40468539]
4356
[0.2550656]
4357
[0.16788749]
4358
[0.48376237]
4359
[0.21384699]
4360
[0.24345294]
4361
[0.14893205]
4362
[0.13243509]
4363
[0.22797199]
4364
[0.10683068]
4365
[0.16373644]
4366
[0.10291954]
4367
[0.14156581]
4368
[0.19585697]
4369
[0.20112333]
4370
[0.22724511]
4371
[0.05054354]
4372
[0.16661507]
4373
[0.2746892]
4374
[0.0498101]
4375
[0.31725102]
4376
[0.10592383]
4377
[0.04505668]
4378
[0.06854213]
4379
[0.15482002]
4380
[0.298345]
4381
[0.17119721]
4382
[0.0784631]
4383
[0.15689913]
4384
[0.24892375]
4385
[0.18012205]
4386
[0.24964818]
4387
[0.19299163]
4388
[0.24703343]
4389
[0.20880443]
4390
[0.35501287]
4391
[0.2134552]
4392
[0.17246]
4393
[0.26457118]
4394
[0.13864428]
4395
[0.12140686]
4396
[0.0829387]
4397
[0.17814115]
4398
[0.15015446]
4399
[0.14152463]
4400
[0.20547027]
4401
[0.21172212]
4402
[0.27413443]
4403
[0.22846631]
4404
[0.17997687]
4405
[0.21351851]
4406
[0.23222344]
4407
[0.42919724]
4408
[0.12345007]
4409
[0.164915]
4410
[0.34940374]
4411
[0.3382426]
4412
[0.2215912]
4413
[0.37133617]
4414
[0.34289634]
4415
[0.45568623]
4416
[0.25298815]
4417
[0.17037682]
4418
[0.17564063]
4419
[0.13709363]
4420
[0.16196904]
4421
[0.28267048]
4422
[0.30007254]
4423
[0.28383977]
4424
[0.25522713]
4425
[0.21907828]
4426
[0.36418046]
4427
[0.33391823]
4428
[0.11037697]
4429
[0.18904475]
4430
[0.09898601]
4431
[0.15765875]
4432
[0.22374131]
4433
[0.12080476]
4434
[0.238938]
4435
[0.10560216]
4436
[0.24596278]
4437
[0.17365468]
4438
[0.23070593]
4439
[0.24330164]
4440
[0.50916936]
4441
[0.22709242]
4442
[0.13547829]
4443
[0.25450054]
4444
[0.19768623]
4445
[0.17849165]
4446
[0.15286022]
4447
[0.1767056]
4448
[0.15420909]
4449
[0.35007824]
4450
[0.1630121]
4451
[0.23165681]
4452
[0.17453294]
4453
[0.46439014]
4454
[0.16115816]
4455
[0.22400229]
4456
[0.20246891]
4457
[0.0676437]
4458
[0.32540873]
4459
[0.22723424]
4460
[0.2703455]
4461
[0.33705591]
4462
[0.20172434]
4463
[0.20090285]
4464
[0.10790071]
4465
[0.11079944]
4466
[0.32238811]
4467
[0.21172578]
4468
[0.31566489]
4469
[0.22842004]
4470
[0.14294928]
4471
[0.18955955]
4472
[0.18691277]
4473
[0.19530347]
4474
[0.07790776]
4475
[0.18247075]
4476
[0.34921154]
4477
[0.24470238]
4478
[0.20987569]
4479
[0.31864376]
4480
[0.29086838]
4481
[0.36830466]
4482
[0.27702679]
4483
[0.24444809]
4484
[0.08733744]
4485
[0.19880545]
4486
[0.17607012]
4487
[0.25611053]
4488
[0.1864944]
4489
[0.27103696]
4490
[0.26579889]
4491
[0.22002486]
4492
[0.19926975]
4493
[0.06085697]
4494
[0.24956761]
4495
[0.16713117]
4496
[0.2635393]
4497
[0.39621045]
4498
[0.08900388]
4499
[0.29258148]
4500
[0.26791878]
4501
[0.22949717]
4502
[0.14503067]
4503
[0.15142843]
4504
[0.22191313]
4505
[0.16408273]
4506
[0.30089393]
4507
[0.20029711]
4508
[0.06793773]
4509
[0.32343616]
4510
[0.13755111]
4511
[0.20534317]
4512
[0.18603919]
4513
[0.13253698]
4514
[0.25152583]
4515
[0.10008122]
4516
[0.11500241]
4517
[0.27738563]
4518
[0.16099152]
4519
[0.17107975]
4520
[0.46933997]
4521
[0.1298008]
4522
[0.14421803]
4523
[0.25741288]
4524
[0.23088547]
4525
[0.24536014]
4526
[0.4136438]
4527
[0.23801396]
4528
[0.15874049]
4529
[0.21236695]
4530
[0.24784617]
4531
[0.27355422]
4532
[0.18290988]
4533
[0.17180107]
4534
[0.17613952]
4535
[0.25524867]
4536
[0.24221843]
4537
[0.23559727]
4538
[0.08443137]
4539
[0.22586504]
4540
[0.18763769]
4541
[0.24425019]
4542
[0.41927596]
4543
[0.12533388]
4544
[0.13150035]
4545
[0.23066661]
4546
[0.38722022]
4547
[0.30396089]
4548
[0.3873837]
4549
[0.32730708]
4550
[0.23542206]
4551
[0.22085854]
4552
[0.15211104]
4553
[0.35229657]
4554
[0.30944841]
4555
[0.20866337]
4556
[0.22842531]
4557
[0.18666092]
4558
[0.20963024]
4559
[0.32729894]
4560
[0.17712374]
4561
[0.14399875]
4562
[0.26780684]
4563
[0.18122552]
4564
[0.22034283]
4565
[0.31399171]
4566
[0.17349773]
4567
[0.28657733]
4568
[0.03777376]
4569
[0.22757001]
4570
[0.39731331]
4571
[0.24413107]
4572
[0.23136251]
4573
[0.23780903]
4574
[0.17590063]
4575
[0.25751515]
4576
[0.18653949]
4577
[0.23134109]
4578
[0.22309378]
4579
[0.25068886]
4580
[0.2435671]
4581
[0.24604485]
4582
[0.40510704]
4583
[0.1196286]
4584
[0.14999781]
4585
[0.32715043]
4586
[0.34425254]
4587
[0.35634705]
4588
[0.10113387]
4589
[0.15916479]
4590
[0.24251728]
4591
[0.13642703]
4592
[0.13727155]
4593
[0.11852486]
4594
[0.14548444]
4595
[0.23459719]
4596
[0.17968103]
4597
[0.2249511]
4598
[0.15942482]
4599
[0.24523355]
4600
[0.22309721]
4601
[0.41319305]
4602
[0.37961434]
4603
[0.23241058]
4604
[0.20139912]
4605
[0.42947427]
4606
[0.25194069]
4607
[0.37763233]
4608
[0.24085691]
4609
[0.18958997]
4610
[0.19990287]
4611
[0.24716165]
4612
[0.28851489]
4613
[0.15926459]
4614
[0.20237286]
4615
[0.2536184]
4616
[0.19054565]
4617
[0.17011758]
4618
[0.17846733]
4619
[0.35695967]
4620
[0.12175084]
4621
[0.28062639]
4622
[0.0761692]
4623
[0.19647345]
4624
[0.25332546]
4625
[0.23700885]
4626
[0.19356883]
4627
[0.24462082]
4628
[0.23962269]
4629
[0.27657782]
4630
[0.37418828]
4631
[0.2541795]
4632
[0.10296645]
4633
[0.26365775]
4634
[0.20693604]
4635
[0.31603346]
4636
[0.2391767]
4637
[0.34300684]
4638
[0.11376031]
4639
[0.15222172]
4640
[0.21515777]
4641
[0.29819678]
4642
[0.18214135]
4643
[0.33339715]
4644
[0.22365042]
4645
[0.35540761]
4646
[0.2833668]
4647
[0.32008886]
4648
[0.3067133]
4649
[0.15059545]
4650
[0.18782057]
4651
[0.23549733]
4652
[0.16288831]
4653
[0.06498004]
4654
[0.24758316]
4655
[0.29311342]
4656
[0.30112068]
4657
[0.24244106]
4658
[0.2595519]
4659
[0.20425353]
4660
[0.24597306]
4661
[0.13548382]
4662
[0.25099099]
4663
[0.21504471]
4664
[0.12058919]
4665
[0.12258973]
4666
[0.28769638]
4667
[0.21428586]
4668
[0.13271139]
4669
[0.21335529]
4670
[0.1365388]
4671
[0.19684187]
4672
[0.28522508]
4673
[0.19064469]
4674
[0.17190437]
4675
[0.11627723]
4676
[0.39368067]
4677
[0.24995973]
4678
[0.31653339]
4679
[0.21569339]
4680
[0.22327228]
4681
[0.20436352]
4682
[0.17119028]
4683
[0.13889163]
4684
[0.37232121]
4685
[0.23569793]
4686
[0.12633659]
4687
[0.1788179]
4688
[0.23274016]
4689
[0.25966335]
4690
[0.1421931]
4691
[0.25342834]
4692
[0.24233751]
4693
[0.2244824]
4694
[0.27326326]
4695
[0.22919622]
4696
[0.23608569]
4697
[0.11780806]
4698
[0.16115187]
4699
[0.25564958]
4700
[0.22472575]
4701
[0.20849059]
4702
[0.19250868]
4703
[0.17700604]
4704
[0.20468552]
4705
[0.27215143]
4706
[0.16480108]
4707
[0.09295586]
4708
[0.25498875]
4709
[0.12171563]
4710
[0.22758004]
4711
[0.18360678]
4712
[0.26348438]
4713
[0.23697701]
4714
[0.18955929]
4715
[0.19162485]
4716
[0.25148409]
4717
[0.27151202]
4718
[0.16989559]
4719
[0.13343944]
4720
[0.18973617]
4721
[0.20450028]
4722
[0.23713027]
4723
[0.3563046]
4724
[0.16863127]
4725
[0.31442222]
4726
[0.26321214]
4727
[0.21641806]
4728
[0.22871084]
4729
[0.20226891]
4730
[0.145102]
4731
[0.23659493]
4732
[0.18248027]
4733
[0.32257173]
4734
[0.37245083]
4735
[0.20653969]
4736
[0.13957549]
4737
[0.14732367]
4738
[0.22667542]
4739
[0.17166106]
4740
[0.25541183]
4741
[0.24167245]
4742
[0.17130321]
4743
[0.18475956]
4744
[0.27990349]
4745
[0.33761757]
4746
[0.17373343]
4747
[0.23073553]
4748
[0.20463748]
4749
[0.18122737]
4750
[0.19388079]
4751
[0.32301139]
4752
[0.2560737]
4753
[0.24576753]
4754
[0.22059879]
4755
[0.27458621]
4756
[0.18351334]
4757
[0.10795079]
4758
[0.23734675]
4759
[0.33552429]
4760
[0.22577541]
4761
[0.28486933]
4762
[0.26428966]
4763
[0.20641118]
4764
[0.19157415]
4765
[0.31097217]
4766
[0.20433524]
4767
[0.18516773]
4768
[0.18073496]
4769
[0.44804756]
4770
[0.17584745]
4771
[0.15160869]
4772
[0.24533113]
4773
[0.20432199]
4774
[0.50117165]
4775
[0.10355522]
4776
[0.4503218]
4777
[0.23477533]
4778
[0.22460901]
4779
[0.15373626]
4780
[0.22648693]
4781
[0.22668733]
4782
[0.15667468]
4783
[0.25917638]
4784
[0.24587288]
4785
[0.25435333]
4786
[0.18351023]
4787
[0.29950343]
4788
[0.29640251]
4789
[0.25762666]
4790
[0.19765818]
4791
[0.25003324]
4792
[0.20044574]
4793
[0.23000866]
4794
[0.19860293]
4795
[0.23325283]
4796
[0.21906976]
4797
[0.26711409]
4798
[0.15073943]
4799
[0.19675166]
4800
[0.27138586]
4801
[0.05450616]
4802
[0.23765811]
4803
[0.10297635]
4804
[0.1242127]
4805
[0.19045208]
4806
[0.20635794]
4807
[0.14500942]
4808
[0.43816382]
4809
[0.30299946]
4810
[0.1913849]
4811
[0.20759336]
4812
[0.19578566]
4813
[0.21662199]
4814
[0.09659791]
4815
[0.29854134]
4816
[0.22611754]
4817
[0.3182665]
4818
[0.36965579]
4819
[0.21939889]
4820
[0.22700088]
4821
[0.06035533]
4822
[0.2269212]
4823
[0.29230833]
4824
[0.11557573]
4825
[0.09964531]
4826
[0.2400282]
4827
[0.44818752]
4828
[0.23606701]
4829
[0.19087802]
4830
[0.20926327]
4831
[0.15651839]
4832
[0.20775095]
4833
[0.34374767]
4834
[0.23192328]
4835
[0.26744763]
4836
[0.23699466]
4837
[0.23996696]
4838
[0.29779647]
4839
[0.30262915]
4840
[0.22895732]
4841
[0.2489613]
4842
[0.21810553]
4843
[0.1567217]
4844
[0.25197948]
4845
[0.21688926]
4846
[0.23643415]
4847
[0.17097016]
4848
[0.21969841]
4849
[0.20005989]
4850
[0.11600605]
4851
[0.23893085]
4852
[0.23525548]
4853
[0.18051297]
4854
[0.23936521]
4855
[0.12298642]
4856
[0.13343091]
4857
[0.17435623]
4858
[0.20206218]
4859
[0.1426483]
4860
