LOADING R
R LOADED
[1] "/home/lvanderl/Rlibs2"                         
[2] "/app/software/R/4.3.1-gfbf-2022b/lib/R/library"
[1] "/home/lvanderl/sieveSims"
[1] "xg 5 1"
[1] 0.1100446
[1] 0.1100446
[1] 0.1100446
25.367346938775512
0
[0.10606233]
1
[0.10218076]
2
[0.1091848]
3
[0.10026539]
4
[0.09047636]
5
[0.08866411]
6
[0.11175105]
7
[0.10425084]
8
[0.10361671]
9
[0.09803993]
10
[0.09590894]
11
[0.09601508]
12
[0.10945762]
13
[0.09094494]
14
[0.11522613]
15
[0.1044036]
16
[0.097492]
17
[0.10002477]
18
[0.10553725]
19
[0.10806291]
20
[0.10042665]
21
[0.09746518]
22
[0.10705951]
23
[0.09503793]
24
[0.08425542]
25
[0.10728412]
26
[0.10600048]
27
[0.11443998]
28
[0.11175371]
29
[0.11040951]
30
[0.09294256]
31
[0.09761562]
32
[0.09089871]
33
[0.09938159]
34
[0.10848323]
35
[0.10113415]
36
[0.1084989]
37
[0.10738249]
38
[0.11076533]
39
[0.11038786]
40
[0.09152798]
41
[0.10565375]
42
[0.10490036]
43
[0.10460762]
44
[0.10651634]
45
[0.09312342]
46
[0.09565165]
47
[0.11096843]
48
[0.10372957]
49
[0.10658387]
50
[0.09322765]
51
[0.11192915]
52
[0.08818535]
53
[0.09491426]
54
[0.10769291]
55
[0.10225666]
56
[0.10443662]
57
[0.10335657]
58
[0.09052057]
59
[0.09090097]
60
[0.10205988]
61
[0.09444949]
62
[0.09366708]
63
[0.09927871]
64
[0.1154098]
65
[0.10076411]
66
[0.09635925]
67
[0.09363081]
68
[0.09868612]
69
[0.10120632]
70
[0.09351727]
71
[0.10015406]
72
[0.09727548]
73
[0.10341397]
74
[0.09632891]
75
[0.09530577]
76
[0.11182797]
77
[0.10722725]
78
[0.09273791]
79
[0.10123807]
80
[0.10376302]
81
[0.09531646]
82
[0.09670377]
83
[0.10517722]
84
[0.10781044]
85
[0.11100658]
86
[0.09549915]
87
[0.10367048]
88
[0.09533011]
89
[0.10354236]
90
[0.09442995]
91
[0.10038656]
92
[0.09930565]
93
[0.10557423]
94
[0.0962022]
95
[0.1073051]
96
[0.08752833]
97
[0.10762511]
98
[0.0967879]
99
[0.09426398]
100
[0.10697301]
101
[0.11245365]
102
[0.10462619]
103
[0.09874231]
104
[0.08416677]
105
[0.10672211]
106
[0.0959656]
107
[0.10717493]
108
[0.1125282]
109
[0.09201045]
110
[0.08890126]
111
[0.09773084]
112
[0.09543798]
113
[0.10428745]
114
[0.11806724]
115
[0.11609723]
116
[0.10758857]
117
[0.09103384]
118
[0.1155815]
119
[0.09098565]
120
[0.08947934]
121
[0.1000038]
122
[0.10927843]
123
[0.09981307]
124
[0.09426909]
125
[0.09535851]
126
[0.10218188]
127
[0.11445795]
128
[0.10899201]
129
[0.11177368]
130
[0.09061116]
131
[0.09561701]
132
[0.09530178]
133
[0.09484615]
134
[0.09464961]
135
[0.10067407]
136
[0.09143396]
137
[0.10817175]
138
[0.11327058]
139
[0.1056641]
140
[0.09580138]
141
[0.1012299]
142
[0.08887093]
143
[0.10206849]
144
[0.10620527]
145
[0.11046193]
146
[0.09804662]
147
[0.09996428]
148
[0.10715504]
149
[0.10002376]
150
[0.09581979]
151
[0.08582992]
152
[0.0969629]
153
[0.09514413]
154
[0.10924896]
155
[0.11074858]
156
[0.08295541]
157
[0.10941503]
158
[0.10871333]
159
[0.09453164]
160
[0.08962752]
161
[0.09693269]
162
[0.09756116]
163
[0.09335103]
164
[0.09825586]
165
[0.09617648]
166
[0.09145726]
167
[0.10940825]
168
[0.10681776]
169
[0.10219851]
170
[0.10877236]
171
[0.09232658]
172
[0.09258191]
173
[0.10263272]
174
[0.09972485]
175
[0.09872766]
176
[0.10928554]
177
[0.09087916]
178
[0.1060198]
179
[0.11854006]
180
[0.08964496]
181
[0.09748519]
182
[0.10325479]
183
[0.09651378]
184
[0.09652924]
185
[0.10208561]
186
[0.08693275]
187
[0.11379035]
188
[0.11088692]
189
[0.10322224]
190
[0.09175572]
191
[0.09834748]
192
[0.10376434]
193
[0.10400806]
194
[0.09551175]
195
[0.10290528]
196
[0.09711471]
197
[0.11337357]
198
[0.09152925]
199
[0.11247062]
200
[0.07871195]
201
[0.09698278]
202
[0.09885141]
203
[0.0974979]
204
[0.10059087]
205
[0.0913054]
206
[0.08724847]
207
[0.10981152]
208
[0.10662315]
209
[0.09794711]
210
[0.10440816]
211
[0.10930014]
212
[0.09472183]
213
[0.10587542]
214
[0.09484341]
215
[0.10326852]
216
[0.10415565]
217
[0.10318453]
218
[0.09792616]
219
[0.10319307]
220
[0.10452291]
221
[0.09641004]
222
[0.09033412]
223
[0.10536293]
224
[0.10516806]
225
[0.11244561]
226
[0.10318659]
227
[0.10951823]
228
[0.09263042]
229
[0.10405932]
230
[0.10315897]
231
[0.09019454]
232
[0.10341122]
233
[0.1008601]
234
[0.10446238]
235
[0.09034068]
236
[0.1013413]
237
[0.08968134]
238
[0.09825871]
239
[0.10081772]
240
[0.10120152]
241
[0.10143031]
242
[0.10764978]
243
[0.08750263]
244
[0.09722426]
245
[0.10007095]
246
[0.07830124]
247
[0.09333593]
248
[0.10599532]
249
[0.10757693]
250
[0.0967662]
251
[0.10126321]
252
[0.10554808]
253
[0.10565539]
254
[0.10372758]
255
[0.094495]
256
[0.10460535]
257
[0.08281451]
258
[0.11635432]
259
[0.11101369]
260
[0.10463476]
261
[0.09751393]
262
[0.09628114]
263
[0.09902352]
264
[0.09222673]
265
[0.10522637]
266
[0.09357438]
267
[0.11491747]
268
[0.11031016]
269
[0.10424595]
270
[0.09462423]
271
[0.08294631]
272
[0.09372517]
273
[0.10102823]
274
[0.10817438]
275
[0.10187329]
276
[0.09260031]
277
[0.11029012]
278
[0.10847668]
279
[0.09711108]
280
[0.10102796]
281
[0.11138285]
282
[0.08671318]
283
[0.09625477]
284
[0.0964919]
285
[0.11003233]
286
[0.09591598]
287
[0.10307446]
288
[0.0884568]
289
[0.10463261]
290
[0.1144948]
291
[0.09154511]
292
[0.10031797]
293
[0.09542237]
294
[0.09115847]
295
[0.08960449]
296
[0.10097564]
297
[0.10302977]
298
[0.09395194]
299
[0.09711814]
300
[0.10811796]
301
[0.10942572]
302
[0.09543216]
303
[0.11262448]
304
[0.1075958]
305
[0.09769887]
306
[0.11029981]
307
[0.10937289]
308
[0.1023809]
309
[0.10873153]
310
[0.10248251]
311
[0.09940941]
312
[0.10126674]
313
[0.09822412]
314
[0.09014064]
315
[0.10972103]
316
[0.10831881]
317
[0.10792072]
318
[0.10963482]
319
[0.09167602]
320
[0.10512382]
321
[0.09058447]
322
[0.11771723]
323
[0.09677882]
324
[0.10066101]
325
[0.08891538]
326
[0.10262554]
327
[0.09623018]
328
[0.11492072]
329
[0.09662392]
330
[0.10244044]
331
[0.10561602]
332
[0.08545664]
333
[0.1024009]
334
[0.10294432]
335
[0.11032936]
336
[0.11314559]
337
[0.10882565]
338
[0.10511034]
339
[0.1037091]
340
[0.0988523]
341
[0.10229617]
342
[0.09679899]
343
[0.10613744]
344
[0.10095269]
345
[0.10796629]
346
[0.07894726]
347
[0.10619645]
348
[0.0853048]
349
[0.10667772]
350
[0.10585795]
351
[0.08877299]
352
[0.08989466]
353
[0.08617779]
354
[0.09742437]
355
[0.10918196]
356
[0.08637348]
357
[0.11730901]
358
[0.08266174]
359
[0.08919034]
360
[0.11180625]
361
[0.09733321]
362
[0.09953143]
363
[0.091545]
364
[0.09617033]
365
[0.09196076]
366
[0.11529752]
367
[0.09868584]
368
[0.08777501]
369
[0.09271017]
370
[0.10428206]
371
[0.09582895]
372
[0.10448122]
373
[0.08808981]
374
[0.10338674]
375
[0.11532044]
376
[0.08813239]
377
[0.10172985]
378
[0.08649423]
379
[0.09749709]
380
[0.09572851]
381
[0.09580999]
382
[0.08465663]
383
[0.09677484]
384
[0.09247595]
385
[0.09596172]
386
[0.08862455]
387
[0.10039839]
388
[0.10126271]
389
[0.09737408]
390
[0.11078276]
391
[0.09043108]
392
[0.09948901]
393
[0.10426149]
394
[0.10896007]
395
[0.08710061]
396
[0.09602932]
397
[0.09684915]
398
[0.09522728]
399
[0.10326722]
400
[0.09948784]
401
[0.1036342]
402
[0.1119532]
403
[0.09926675]
404
[0.09982126]
405
[0.10996789]
406
[0.1031204]
407
[0.10327389]
408
[0.10936858]
409
[0.09419474]
410
[0.11382019]
411
[0.09056963]
412
[0.10938216]
413
[0.09310506]
414
[0.10321435]
415
[0.08978995]
416
[0.10203355]
417
[0.09302705]
418
[0.09975306]
419
[0.09180058]
420
[0.11004871]
421
[0.08991204]
422
[0.10685443]
423
[0.10516936]
424
[0.11307638]
425
[0.1094655]
426
[0.08277607]
427
[0.10272696]
428
[0.08553642]
429
[0.10253483]
430
[0.1062306]
431
[0.10577454]
432
[0.09940806]
433
[0.09477507]
434
[0.11627925]
435
[0.09828791]
436
[0.10102183]
437
[0.09309413]
438
[0.10305206]
439
[0.10413859]
440
[0.09550353]
441
[0.10023907]
442
[0.09980014]
443
[0.10679513]
444
[0.10686586]
445
[0.08472625]
446
[0.10287658]
447
[0.09093276]
448
[0.09657172]
449
[0.10502452]
450
[0.1052679]
451
[0.098892]
452
[0.10420879]
453
[0.11633208]
454
[0.09951909]
455
[0.09556185]
456
[0.11623781]
457
[0.0956007]
458
[0.09658291]
459
[0.10033699]
460
[0.11767003]
461
[0.09078234]
462
[0.10994586]
463
[0.10259168]
464
[0.09212436]
465
[0.10502226]
466
[0.11099355]
467
[0.10901732]
468
[0.111226]
469
[0.11452856]
470
[0.08913732]
471
[0.10580026]
472
[0.09910158]
473
[0.09221455]
474
[0.11024049]
475
[0.08384291]
476
[0.09735312]
477
[0.09311175]
478
[0.10142324]
479
[0.10397676]
480
[0.10247285]
481
[0.10589952]
482
[0.08906503]
483
[0.10459556]
484
[0.10466991]
485
[0.09466392]
486
[0.09312363]
487
[0.09858018]
488
[0.08743715]
489
[0.09541752]
490
[0.09180581]
491
[0.09966188]
492
[0.10431357]
493
[0.10444751]
494
[0.10839258]
495
[0.11243695]
496
[0.1051214]
497
[0.10047661]
498
[0.09734555]
499
[0.10071301]
500
[0.09267598]
501
[0.1062534]
502
[0.09189755]
503
[0.09557751]
504
[0.10466775]
505
[0.0922645]
506
[0.1013538]
507
[0.10492527]
508
[0.09988699]
509
[0.10348949]
510
[0.10575587]
511
[0.08714516]
512
[0.10619359]
513
[0.1001549]
514
[0.08329556]
515
[0.09753436]
516
[0.10647842]
517
[0.10548127]
518
[0.08475026]
519
[0.0912848]
520
[0.10188508]
521
[0.09646388]
522
[0.10027798]
523
[0.08688162]
524
[0.09554097]
525
[0.09016641]
526
[0.09839692]
527
[0.1081535]
528
[0.1086871]
529
[0.09036451]
530
[0.1034397]
531
[0.11341105]
532
[0.09682507]
533
[0.11408028]
534
[0.09046304]
535
[0.10503088]
536
[0.09943881]
537
[0.09392534]
538
[0.10921909]
539
[0.1028605]
540
[0.10011853]
541
[0.10690345]
542
[0.1070933]
543
[0.09454574]
544
[0.10348794]
545
[0.11037768]
546
[0.1072321]
547
[0.11492804]
548
[0.10308046]
549
[0.09951865]
550
[0.10572407]
551
[0.10418808]
552
[0.11125595]
553
[0.1001068]
554
[0.09294784]
555
[0.0910705]
556
[0.1015072]
557
[0.09985717]
558
[0.1147501]
559
[0.09305659]
560
[0.10972614]
561
[0.10790108]
562
[0.09523111]
563
[0.11113795]
564
[0.09655607]
565
[0.09896188]
566
[0.09659762]
567
[0.11116219]
568
[0.10303905]
569
[0.10169575]
570
[0.10203194]
571
[0.10484101]
572
[0.09957404]
573
[0.09446915]
574
[0.09733997]
575
[0.08058808]
576
[0.10125339]
577
[0.10824204]
578
[0.10569204]
579
[0.09229478]
580
[0.10646971]
581
[0.11103874]
582
[0.09986667]
583
[0.10975417]
584
[0.09455285]
585
[0.10387746]
586
[0.10449024]
587
[0.09711705]
588
[0.10064896]
589
[0.10735183]
590
[0.08622296]
591
[0.10416309]
592
[0.10527337]
593
[0.118407]
594
[0.11244283]
595
[0.09296099]
596
[0.09005252]
597
[0.10214412]
598
[0.08958035]
599
[0.09899169]
600
[0.10281712]
601
[0.08517591]
602
[0.11502912]
603
[0.09048287]
604
[0.09473261]
605
[0.09768332]
606
[0.11230582]
607
[0.08799431]
608
[0.0922396]
609
[0.09368132]
610
[0.10911036]
611
[0.08917251]
612
[0.09302792]
613
[0.08101856]
614
[0.10883118]
615
[0.10426735]
616
[0.10897015]
617
[0.10301416]
618
[0.10905527]
619
[0.10571335]
620
[0.10684967]
621
[0.11621857]
622
[0.10523993]
623
[0.09674317]
624
[0.10451341]
625
[0.08739373]
626
[0.10045328]
627
[0.10228075]
628
[0.11085032]
629
[0.08625891]
630
[0.0970711]
631
[0.11547168]
632
[0.09474442]
633
[0.09785215]
634
[0.10430485]
635
[0.09853372]
636
[0.10061476]
637
[0.09833225]
638
[0.11583014]
639
[0.09884446]
640
[0.11165291]
641
[0.10559193]
642
[0.09548313]
643
[0.09709837]
644
[0.10559559]
645
[0.10058567]
646
[0.10267124]
647
[0.11715959]
648
[0.10408486]
649
[0.09374641]
650
[0.08228075]
651
[0.10106217]
652
[0.10363651]
653
[0.10408265]
654
[0.10327438]
655
[0.10855765]
656
[0.10429701]
657
[0.09806524]
658
[0.1053934]
659
[0.10879659]
660
[0.0980137]
661
[0.08436408]
662
[0.10007835]
663
[0.10662642]
664
[0.10456229]
665
[0.11104411]
666
[0.09583913]
667
[0.09622571]
668
[0.08775554]
669
[0.10319262]
670
[0.1066823]
671
[0.10599181]
672
[0.0941293]
673
[0.09275407]
674
[0.10719365]
675
[0.09351502]
676
[0.09766703]
677
[0.09154663]
678
[0.09043027]
679
[0.09486864]
680
[0.10494713]
681
[0.08147573]
682
[0.09947783]
683
[0.09374297]
684
[0.09940704]
685
[0.09191449]
686
[0.08781539]
687
[0.08297987]
688
[0.10882707]
689
[0.10690693]
690
[0.0955299]
691
[0.10144753]
692
[0.09264831]
693
[0.11180963]
694
[0.09447579]
695
[0.10420136]
696
[0.10000561]
697
[0.09797641]
698
[0.10440459]
699
[0.08558912]
700
[0.09810321]
701
[0.09602556]
702
[0.11105184]
703
[0.09033031]
704
[0.11328648]
705
[0.110093]
706
[0.09245825]
707
[0.09201384]
708
[0.09980463]
709
[0.10138192]
710
[0.09497542]
711
[0.08615155]
712
[0.09575336]
713
[0.10794424]
714
[0.10821037]
715
[0.11046528]
716
[0.10882261]
717
[0.10543594]
718
[0.11369615]
719
[0.09997072]
720
[0.1112535]
721
[0.11066432]
722
[0.10039485]
723
[0.10369221]
724
[0.11169255]
725
[0.10082528]
726
[0.10126765]
727
[0.10313362]
728
[0.08825669]
729
[0.09307403]
730
[0.09784286]
731
[0.10639758]
732
[0.09025713]
733
[0.10086501]
734
[0.10162646]
735
[0.1085926]
736
[0.09661697]
737
[0.1013438]
738
[0.09135763]
739
[0.09180282]
740
[0.10588025]
741
[0.10469753]
742
[0.08279703]
743
[0.08961052]
744
[0.09934734]
745
[0.08721571]
746
[0.0996237]
747
[0.10067875]
748
[0.10236054]
749
[0.11006724]
750
[0.10164169]
751
[0.09402729]
752
[0.09786945]
753
[0.11449223]
754
[0.10345097]
755
[0.09839054]
756
[0.09782468]
757
[0.10042187]
758
[0.10059949]
759
[0.09012854]
760
[0.09895067]
761
[0.10850627]
762
[0.08829895]
763
[0.10692071]
764
[0.09438556]
765
[0.10491796]
766
[0.09398957]
767
[0.09305415]
768
[0.09960949]
769
[0.10998837]
770
[0.10714406]
771
[0.10157413]
772
[0.09748011]
773
[0.11246885]
774
[0.10622136]
775
[0.09870174]
776
[0.08693336]
777
[0.10639046]
778
[0.09990049]
779
[0.09479466]
780
[0.09456762]
781
[0.10118951]
782
[0.10646895]
783
[0.09004725]
784
[0.09747729]
785
[0.09640717]
786
[0.10786314]
787
[0.10673633]
788
[0.09355846]
789
[0.10146382]
790
[0.10606872]
791
[0.10214187]
792
[0.09164288]
793
[0.10892899]
794
[0.08606721]
795
[0.08726727]
796
[0.09181831]
797
[0.11015332]
798
[0.10359833]
799
[0.09334493]
800
[0.09754511]
801
[0.10693346]
802
[0.1008751]
803
[0.10608096]
804
[0.11546097]
805
[0.11220087]
806
[0.11303507]
807
[0.10095589]
808
[0.10332537]
809
[0.09620048]
810
[0.10592903]
811
[0.08328863]
812
[0.08855625]
813
[0.1028591]
814
[0.09487369]
815
[0.08345475]
816
[0.09039811]
817
[0.10059666]
818
[0.10253867]
819
[0.08645059]
820
[0.11149319]
821
[0.09020799]
822
[0.10265829]
823
[0.11282704]
824
[0.10666473]
825
[0.10381324]
826
[0.09643634]
827
[0.10076949]
828
[0.09491686]
829
[0.09491631]
830
[0.10153747]
831
[0.09360098]
832
[0.10860261]
833
[0.09875998]
834
[0.08877589]
835
[0.10543964]
836
[0.10702453]
837
[0.11401041]
838
[0.09561783]
839
[0.10477939]
840
[0.09249785]
841
[0.0893592]
842
[0.11162639]
843
[0.10095626]
844
[0.10422362]
845
[0.10321438]
846
[0.10984173]
847
[0.09054824]
848
[0.08802357]
849
[0.09143284]
850
[0.10116873]
851
[0.08240231]
852
[0.09202299]
853
[0.09979838]
854
[0.10519592]
855
[0.10766648]
856
[0.10442883]
857
[0.10127029]
858
[0.08920333]
859
[0.08983206]
860
[0.09826474]
861
[0.10430192]
862
[0.09171739]
863
[0.10267344]
864
[0.11330379]
865
[0.11976516]
866
[0.08983613]
867
[0.10982133]
868
[0.08551608]
869
[0.09597174]
870
[0.10240707]
871
[0.0911607]
872
[0.10493342]
873
[0.10174417]
874
[0.11116163]
875
[0.10850271]
876
[0.10991407]
877
[0.09281509]
878
[0.10429148]
879
[0.10616098]
880
[0.10816543]
881
[0.10248335]
882
[0.09741477]
883
[0.09996277]
884
[0.11384982]
885
[0.09943962]
886
[0.10399342]
887
[0.11118868]
888
[0.10329113]
889
[0.10772547]
890
[0.10060805]
891
[0.09210115]
892
[0.11358013]
893
[0.10737131]
894
[0.10485791]
895
[0.10583234]
896
[0.11150087]
897
[0.10638809]
898
[0.08762442]
899
[0.09739492]
900
[0.10291763]
901
[0.10823285]
902
[0.10255532]
903
[0.10972476]
904
[0.08913589]
905
[0.09856589]
906
[0.10775274]
907
[0.10146131]
908
[0.10014696]
909
[0.10314265]
910
[0.11094042]
911
[0.09989758]
912
[0.09968786]
913
[0.09925113]
914
[0.09566962]
915
[0.11279942]
916
[0.09821689]
917
[0.09499911]
918
[0.09361152]
919
[0.09251834]
920
[0.09968888]
921
[0.10800182]
922
[0.11348327]
923
[0.09771938]
924
[0.10044448]
925
[0.10222326]
926
[0.1074035]
927
[0.10495875]
928
[0.09097604]
929
[0.10349239]
930
[0.10202957]
931
[0.09909516]
932
[0.11161921]
933
[0.10037207]
934
[0.10530734]
935
[0.09375016]
936
[0.08283235]
937
[0.11039268]
938
[0.0929414]
939
[0.07952607]
940
[0.09920019]
941
[0.10535541]
942
[0.0940331]
943
[0.08684225]
944
[0.09618005]
945
[0.09860943]
946
[0.10562269]
947
[0.10311422]
948
[0.11657488]
949
[0.11236103]
950
[0.08556016]
951
[0.11188875]
952
[0.09367702]
953
[0.10635006]
954
[0.10251496]
955
[0.09711167]
956
[0.11780866]
957
[0.09960819]
958
[0.09714916]
959
[0.10778482]
960
[0.09392701]
961
[0.10593303]
962
[0.08331813]
963
[0.10454701]
964
[0.11097371]
965
[0.0938256]
966
[0.1033255]
967
[0.11071531]
968
[0.09350942]
969
[0.11645813]
970
[0.10748158]
971
[0.09864588]
972
[0.08296385]
973
[0.10563889]
974
[0.11357654]
975
[0.10890434]
976
[0.09515854]
977
[0.09813621]
978
[0.09448531]
979
[0.10557159]
980
[0.1093888]
981
[0.09976642]
982
[0.08389704]
983
[0.10316505]
984
[0.1094804]
985
[0.09737877]
986
[0.09069541]
987
[0.0886554]
988
[0.11346281]
989
[0.11117748]
990
[0.11100506]
991
[0.10838863]
992
[0.10634435]
993
[0.10325577]
994
[0.09233054]
995
[0.09379008]
996
[0.1082644]
997
[0.1066664]
998
[0.10567679]
999
[0.10285672]
[1] 5000   11
[1] 5000   11
