LOADING R
R LOADED
[1] "/home/lvanderl/Rlibs2"                         
[2] "/app/software/R/4.3.1-gfbf-2022b/lib/R/library"
[1] "/home/lvanderl/sieveSims"
[1] "xg 5 5"
[1] 0.1412551
[1] 0.1412551
[1] 0.1412551
[   10.            11.51395399    13.25711366    15.26417967
    17.57510625    20.23589648    23.29951811    26.82695795
    30.88843596    35.56480306    40.94915062    47.14866363
    54.28675439    62.50551925    71.9685673     82.86427729
    95.40954763   109.8541142    126.48552169   145.63484775
   167.68329368   193.06977289   222.29964825   255.95479227
   294.70517026   339.32217719   390.69399371   449.8432669
   517.94746792   596.36233166   686.648845     790.60432109
   910.29817799  1048.11313415  1206.79264064  1389.49549437
  1599.85871961  1842.06996933  2120.95088792  2442.05309455
  2811.76869797  3237.45754282  3727.59372031  4291.93426013
  4941.71336132  5689.86602902  6551.2855686   7543.12006335
  8685.11373751 10000.        ]
[0.43218649 0.43144109 0.43526406 0.43993916 0.44364892 0.44480274
 0.44542013 0.44424463 0.44793883 0.46096185 0.45522287 0.45751108
 0.46577482 0.46707201 0.46960833 0.48171357 0.47041106 0.49326429
 0.51462891 0.5062235  0.46746371 0.5033148  0.46380788 0.53251267
 0.51333274 0.54883435 0.56805856 0.55735156 0.47734892 0.54386593
 0.57393483 0.57640543 0.60021577 0.65682007 0.64809634 0.69988499
 0.84555891 0.8003009  0.79595899 1.16735805 1.155747   1.35432111
 1.26021831 1.46930828 1.62536129 1.84372025 2.09220647 1.81472094
 2.38254246 2.81117408]
11.513953993264476
0.08685113737513524
0
[0.17945436]
1
[0.38998328]
2
[0.23793942]
3
[0.36458213]
4
[0.29517086]
5
[0.2397921]
6
[0.26468816]
7
[0.34564233]
8
[0.32897957]
9
[0.20001511]
10
[0.19399247]
11
[0.21398156]
12
[0.34260463]
13
[0.21603763]
14
[0.25269608]
15
[0.35000484]
16
[0.30305108]
17
[0.28842717]
18
[0.34633993]
19
[0.20457016]
20
[0.34863425]
21
[0.27602813]
22
[0.4131225]
23
[0.25987254]
24
[0.27835413]
25
[0.41099884]
26
[0.38570239]
27
[0.23367098]
28
[0.18471135]
29
[0.20332145]
30
[0.15465142]
31
[0.17429797]
32
[0.19116276]
33
[0.24850747]
34
[0.24996153]
35
[0.23746929]
36
[0.24810371]
37
[0.30613262]
38
[0.27257902]
39
[0.37125025]
40
[0.21785425]
41
[0.43744498]
42
[0.29202299]
43
[0.27405327]
44
[0.24832729]
45
[0.35757526]
46
[0.32305842]
47
[0.385509]
48
[0.23448299]
49
[0.29253607]
50
[0.27783219]
51
[0.37812046]
52
[0.29702668]
53
[0.27759613]
54
[0.27818767]
55
[0.3822305]
56
[0.3438222]
57
[0.29007041]
58
[0.17453725]
59
[0.34887714]
60
[0.38214642]
61
[0.24323312]
62
[0.27018212]
63
[0.20924574]
64
[0.16323976]
65
[0.25135572]
66
[0.32815789]
67
[0.14808617]
68
[0.1679185]
69
[0.35067688]
70
[0.32878655]
71
[0.40583698]
72
[0.40323151]
73
[0.21349459]
74
[0.31268457]
75
[0.15074941]
76
[0.33236089]
77
[0.28618531]
78
[0.27603659]
79
[0.36828893]
80
[0.28988213]
81
[0.28379094]
82
[0.32384685]
83
[0.17176366]
84
[0.30102957]
85
[0.24524741]
86
[0.32399726]
87
[0.12135259]
88
[0.19024102]
89
[0.18163204]
90
[0.30266186]
91
[0.32391806]
92
[0.45525304]
93
[0.33504368]
94
[0.292048]
95
[0.21990072]
96
[0.38751162]
97
[0.23032767]
98
[0.28150178]
99
[0.35203936]
100
[0.30310675]
101
[0.40154872]
102
[0.36804461]
103
[0.35493999]
104
[0.37182349]
105
[0.3172685]
106
[0.37174881]
107
[0.41847848]
108
[0.25802821]
109
[0.2764935]
110
[0.2174311]
111
[0.2758561]
112
[0.4587786]
113
[0.22619993]
114
[0.3641447]
115
[0.30056058]
116
[0.16497443]
117
[0.22310468]
118
[0.09085183]
119
[0.31955095]
120
[0.33969541]
121
[0.19972846]
122
[0.26217022]
123
[0.32500931]
124
[0.35121166]
125
[0.20326676]
126
[0.23072877]
127
[0.50947528]
128
[0.18350325]
129
[0.1249975]
130
[0.37345242]
131
[0.36903579]
132
[0.41004366]
133
[0.1275279]
134
[0.25133368]
135
[0.1889795]
136
[0.24341828]
137
[0.31101995]
138
[0.28187606]
139
[0.16731478]
140
[0.4036573]
141
[0.2426572]
142
[0.20405591]
143
[0.27568868]
144
[0.30393904]
145
[0.393411]
146
[0.31239359]
147
[0.27080413]
148
[0.32927713]
149
[0.16612318]
150
[0.32235139]
151
[0.3908993]
152
[0.25793417]
153
[0.40430248]
154
[0.38226823]
155
[0.33592706]
156
[0.18436551]
157
[0.29444192]
158
[0.26467158]
159
[0.27409072]
160
[0.27752916]
161
[0.2903333]
162
[0.31388923]
163
[0.33776498]
164
[0.2207318]
165
[0.22710047]
166
[0.21026044]
167
[0.35447529]
168
[0.21942714]
169
[0.33185538]
170
[0.38258191]
171
[0.27066858]
172
[0.11859902]
173
[0.21059073]
174
[0.3333561]
175
[0.46204137]
176
[0.21298846]
177
[0.34465632]
178
[0.27553219]
179
[0.38662417]
180
[0.18414986]
181
[0.35034625]
182
[0.23158478]
183
[0.37109615]
184
[0.20961417]
185
[0.34566915]
186
[0.39050876]
187
[0.3023762]
188
[0.23001441]
189
[0.33866201]
190
[0.34396456]
191
[0.19455971]
192
[0.35525037]
193
[0.16749776]
194
[0.28093844]
195
[0.2135843]
196
[0.27457851]
197
[0.21168935]
198
[0.20729093]
199
[0.18601297]
200
[0.16887238]
201
[0.21276025]
202
[0.35947265]
203
[0.25769766]
204
[0.37571004]
205
[0.23698711]
206
[0.39978248]
207
[0.28658318]
208
[0.3585407]
209
[0.43160009]
210
[0.31059673]
211
[0.23693041]
212
[0.2387524]
213
[0.12670059]
214
[0.20494629]
215
[0.34481632]
216
[0.22809269]
217
[0.24855843]
218
[0.30307112]
219
[0.31467245]
220
[0.16822039]
221
[0.32223404]
222
[0.22070549]
223
[0.15538914]
224
[0.43053047]
225
[0.25712172]
226
[0.26858578]
227
[0.31208281]
228
[0.25541853]
229
[0.28198148]
230
[0.20185384]
231
[0.16432414]
232
[0.14560438]
233
[0.24276319]
234
[0.41798373]
235
[0.18700879]
236
[0.25582196]
237
[0.11202234]
238
[0.33352062]
239
[0.23720484]
240
[0.26191949]
241
[0.32848275]
242
[0.24254059]
243
[0.29444206]
244
[0.21352979]
245
[0.41684932]
246
[0.16398774]
247
[0.19099852]
248
[0.4191121]
249
[0.28832689]
250
[0.26682326]
251
[0.35105274]
252
[0.36713864]
253
[0.23835317]
254
[0.19813171]
255
[0.45554989]
256
[0.36301865]
257
[0.09159988]
258
[0.19916902]
259
[0.21287348]
260
[0.34290884]
261
[0.19166517]
262
[0.28362812]
263
[0.16800964]
264
[0.15989153]
265
[0.32029879]
266
[0.16263743]
267
[0.26632555]
268
[0.15569223]
269
[0.41352282]
270
[0.34362583]
271
[0.2897233]
272
[0.27928903]
273
[0.15150345]
274
[0.31497335]
275
[0.16411271]
276
[0.30554438]
277
[0.47358752]
278
[0.36145031]
279
[0.3672312]
280
[0.41351718]
281
[0.14498283]
282
[0.46651339]
283
[0.43093104]
284
[0.17469076]
285
[0.32367165]
286
[0.21121073]
287
[0.28714003]
288
[0.43103067]
289
[0.13059396]
290
[0.3077926]
291
[0.26168691]
292
[0.2986039]
293
[0.32703884]
294
[0.26030318]
295
[0.27650229]
296
[0.21369465]
297
[0.22253631]
298
[0.33159548]
299
[0.29371121]
300
[0.19561754]
301
[0.15140078]
302
[0.22474449]
303
[0.50227066]
304
[0.48022571]
305
[0.40313011]
306
[0.38829223]
307
[0.34031545]
308
[0.28076213]
309
[0.21301331]
310
[0.2241478]
311
[0.18949612]
312
[0.264925]
313
[0.16563114]
314
[0.27283064]
315
[0.13628155]
316
[0.21650982]
317
[0.30202752]
318
[0.25530375]
319
[0.27527162]
320
[0.38686659]
321
[0.19179517]
322
[0.28900835]
323
[0.31425119]
324
[0.28262283]
325
[0.37346114]
326
[0.24942397]
327
[0.17391743]
328
[0.33126493]
329
[0.26316154]
330
[0.26122365]
331
[0.24160031]
332
[0.28120593]
333
[0.34122119]
334
[0.24892792]
335
[0.33929561]
336
[0.30819038]
337
[0.35107254]
338
[0.32058609]
339
[0.32661305]
340
[0.18329216]
341
[0.31314155]
342
[0.36870194]
343
[0.22433575]
344
[0.28973452]
345
[0.15588599]
346
[0.38610544]
347
[0.18381848]
348
[0.36534968]
349
[0.19739953]
350
[0.39962202]
351
[0.2389935]
352
[0.16106556]
353
[0.21278103]
354
[0.24567883]
355
[0.23992426]
356
[0.28001324]
357
[0.26360882]
358
[0.20436116]
359
[0.13641699]
360
[0.20253453]
361
[0.33779133]
362
[0.29005921]
363
[0.43368059]
364
[0.41646877]
365
[0.40691803]
366
[0.26174033]
367
[0.40653951]
368
[0.34983926]
369
[0.26625409]
370
[0.38051087]
371
[0.38838792]
372
[0.30923245]
373
[0.26259849]
374
[0.17891894]
375
[0.28420325]
376
[0.17348094]
377
[0.28595992]
378
[0.44950731]
379
[0.26690254]
380
[0.10735332]
381
[0.12302998]
382
[0.23212767]
383
[0.22213673]
384
[0.27573556]
385
[0.17017597]
386
[0.34663905]
387
[0.20736773]
388
[0.17101928]
389
[0.36700859]
390
[0.50640724]
391
[0.21967063]
392
[0.31295282]
393
[0.24876049]
394
[0.23692588]
395
[0.30535011]
396
[0.24697827]
397
[0.30976512]
398
[0.17335976]
399
[0.40270897]
400
[0.12751983]
401
[0.20266163]
402
[0.32311328]
403
[0.24652673]
404
[0.10332678]
405
[0.31111562]
406
[0.35964088]
407
[0.14729552]
408
[0.24718866]
409
[0.34043862]
410
[0.27341226]
411
[0.28027325]
412
[0.16732313]
413
[0.14619262]
414
[0.39554756]
415
[0.30610854]
416
[0.25667856]
417
[0.23528781]
418
[0.22743358]
419
[0.42851188]
420
[0.35207509]
421
[0.33882262]
422
[0.23038334]
423
[0.38494302]
424
[0.25402114]
425
[0.26665325]
426
[0.25413778]
427
[0.32869247]
428
[0.33272872]
429
[0.32968486]
430
[0.26591257]
431
[0.27968424]
432
[0.24097864]
433
[0.26443068]
434
[0.320619]
435
[0.32978739]
436
[0.26110506]
437
[0.31561802]
438
[0.19728995]
439
[0.33326154]
440
[0.18321353]
441
[0.27564191]
442
[0.24199886]
443
[0.22579436]
444
[0.21231408]
445
[0.3378769]
446
[0.34370096]
447
[0.49167556]
448
[0.25845834]
449
[0.17091939]
450
[0.18674572]
451
[0.43129698]
452
[0.27957698]
453
[0.29023144]
454
[0.39901637]
455
[0.38582717]
456
[0.36240479]
457
[0.2621127]
458
[0.37824016]
459
[0.30928329]
460
[0.36731697]
461
[0.48147757]
462
[0.33216242]
463
[0.19115063]
464
[0.37539984]
465
[0.36545082]
466
[0.18950272]
467
[0.27354111]
468
[0.330033]
469
[0.22299152]
470
[0.13740734]
471
[0.27429598]
472
[0.2130458]
473
[0.33004549]
474
[0.23514561]
475
[0.2988473]
476
[0.26237947]
477
[0.15692847]
478
[0.24179691]
479
[0.2220381]
480
[0.24378144]
481
[0.23815733]
482
[0.33836061]
483
[0.36921494]
484
[0.31775274]
485
[0.43309871]
486
[0.39378653]
487
[0.36700589]
488
[0.27980984]
489
[0.345851]
490
[0.20418497]
491
[0.1711328]
492
[0.25257829]
493
[0.17512688]
494
[0.31395011]
495
[0.19070782]
496
[0.20260913]
497
[0.29096352]
498
[0.20752195]
499
[0.38045503]
500
[0.18997066]
501
[0.2051829]
502
[0.36218949]
503
[0.19254099]
504
[0.22172859]
505
[0.2177706]
506
[0.15505188]
507
[0.26294284]
508
[0.23900854]
509
[0.35688969]
510
[0.2486554]
511
[0.29182461]
512
[0.34183197]
513
[0.23309426]
514
[0.22595585]
515
[0.30998914]
516
[0.42179417]
517
[0.18453841]
518
[0.36231548]
519
[0.40902003]
520
[0.50505741]
521
[0.34994448]
522
[0.20825125]
523
[0.16708875]
524
[0.35206633]
525
[0.41181459]
526
[0.14210277]
527
[0.27235585]
528
[0.28241149]
529
[0.27806417]
530
[0.19166558]
531
[0.20706053]
532
[0.29047192]
533
[0.22626968]
534
[0.23453932]
535
[0.27342438]
536
[0.17291139]
537
[0.28209719]
538
[0.24701602]
539
[0.33304968]
540
[0.11803321]
541
[0.36200852]
542
[0.19500083]
543
[0.3753787]
544
[0.38056466]
545
[0.36816529]
546
[0.40333937]
547
[0.1275098]
548
[0.22113809]
549
[0.24242251]
550
[0.46226975]
551
[0.25796353]
552
[0.30931652]
553
[0.2163603]
554
[0.49562313]
555
[0.2396448]
556
[0.34838846]
557
[0.31332837]
558
[0.20687688]
559
[0.28171884]
560
[0.35387066]
561
[0.28164864]
562
[0.34520029]
563
[0.24053745]
564
[0.15758245]
565
[0.26015847]
566
[0.21142202]
567
[0.29140897]
568
[0.328759]
569
[0.19844802]
570
[0.35417787]
571
[0.27110588]
572
[0.12720197]
573
[0.2734569]
574
[0.1996874]
575
[0.30529371]
576
[0.48024748]
577
[0.30192017]
578
[0.25542614]
579
[0.14669208]
580
[0.36793869]
581
[0.33449116]
582
[0.27320809]
583
[0.31356779]
584
[0.22280285]
585
[0.26555754]
586
[0.42052006]
587
[0.2469106]
588
[0.25807508]
589
[0.32399483]
590
[0.23012074]
591
[0.37899733]
592
[0.25117784]
593
[0.28714151]
594
[0.27641686]
595
[0.31061003]
596
[0.17315926]
597
[0.20413995]
598
[0.25502834]
599
[0.40369754]
600
[0.29027772]
601
[0.11107354]
602
[0.26201836]
603
[0.38831637]
604
[0.41229155]
605
[0.39195364]
606
[0.42099567]
607
[0.3978994]
608
[0.32032162]
609
[0.13767973]
610
[0.31873601]
611
[0.3487769]
612
[0.1920822]
613
[0.2066012]
614
[0.17788942]
615
[0.26851299]
616
[0.17483026]
617
[0.15158371]
618
[0.44915725]
619
[0.267548]
620
[0.23864436]
621
[0.15656042]
622
[0.22176594]
623
[0.17388247]
624
[0.38317532]
625
[0.1228306]
626
[0.40313455]
627
[0.29815562]
628
[0.1062861]
629
[0.4501414]
630
[0.25833447]
631
[0.28812368]
632
[0.23359546]
633
[0.39133984]
634
[0.35320536]
635
[0.26865522]
636
[0.24538004]
637
[0.4062307]
638
[0.18868981]
639
[0.30593648]
640
[0.23120033]
641
[0.21134195]
642
[0.3616983]
643
[0.13699766]
644
[0.34160905]
645
[0.41259822]
646
[0.4578509]
647
[0.23001189]
648
[0.28993935]
649
[0.23460191]
650
[0.43515128]
651
[0.27492549]
652
[0.22718487]
653
[0.34165625]
654
[0.29391225]
655
[0.29931077]
656
[0.24497014]
657
[0.45349683]
658
[0.22232234]
659
[0.27676887]
660
[0.30637479]
661
[0.36705151]
662
[0.33923975]
663
[0.08219493]
664
[0.24143201]
665
[0.38509402]
666
[0.22259644]
667
[0.1732177]
668
[0.24500195]
669
[0.28664772]
670
[0.24960279]
671
[0.35994192]
672
[0.18897182]
673
[0.28940586]
674
[0.21312513]
675
[0.2542204]
676
[0.27879821]
677
[0.40544644]
678
[0.25556036]
679
[0.33545322]
680
[0.34253504]
681
[0.2645638]
682
[0.16308882]
683
[0.29356183]
684
[0.29575131]
685
[0.15932346]
686
[0.25804895]
687
[0.2447368]
688
[0.27392363]
689
[0.3171744]
690
[0.31070116]
691
[0.22504973]
692
[0.33043615]
693
[0.2751792]
694
[0.24904417]
695
[0.20286689]
696
[0.31784201]
697
[0.36255019]
698
[0.20065915]
699
[0.23684812]
700
[0.18167198]
701
[0.43286099]
702
[0.31204012]
703
[0.40238208]
704
[0.31769879]
705
[0.36737474]
706
[0.21517278]
707
[0.34787868]
708
[0.21015192]
709
[0.15246862]
710
[0.18148607]
711
[0.31261471]
712
[0.17503612]
713
[0.24900592]
714
[0.16103412]
715
[0.45256896]
716
[0.2097143]
717
[0.24366325]
718
[0.28684737]
719
[0.20928842]
720
[0.27886761]
721
[0.33076358]
722
[0.30264118]
723
[0.13873522]
724
[0.21605161]
725
[0.2457475]
726
[0.28082058]
727
[0.20497917]
728
[0.29891968]
729
[0.23208579]
730
[0.26670243]
731
[0.41617663]
732
[0.29955468]
733
[0.23584018]
734
[0.1748626]
735
[0.26879799]
736
[0.53458716]
737
[0.26783365]
738
[0.17750102]
739
[0.28450669]
740
[0.22786089]
741
[0.27731018]
742
[0.2433241]
743
[0.258178]
744
[0.17357051]
745
[0.2513602]
746
[0.19069193]
747
[0.52463785]
748
[0.31540292]
749
[0.32740519]
750
[0.21298406]
751
[0.23655363]
752
[0.28733884]
753
[0.33841202]
754
[0.40346305]
755
[0.32402894]
756
[0.22527405]
757
[0.32605258]
758
[0.27117329]
759
[0.38834333]
760
[0.21225276]
761
[0.41933106]
762
[0.23148386]
763
[0.33521487]
764
[0.16413198]
765
[0.18716258]
766
[0.14435764]
767
[0.24913776]
768
[0.20387817]
769
[0.37610199]
770
[0.0708272]
771
[0.25577947]
772
[0.13964948]
773
[0.18381048]
774
[0.29716944]
775
[0.18905166]
776
[0.15450859]
777
[0.39122866]
778
[0.40669108]
779
[0.31883349]
780
[0.19610178]
781
[0.17792985]
782
[0.35263686]
783
[0.30522188]
784
[0.26511574]
785
[0.36116673]
786
[0.34834987]
787
[0.10968713]
788
[0.27315435]
789
[0.18407505]
790
[0.34031809]
791
[0.34179143]
792
[0.24547963]
793
[0.35824602]
794
[0.35820174]
795
[0.34285028]
796
[0.35047233]
797
[0.17886563]
798
[0.24327819]
799
[0.27610323]
800
[0.20384828]
801
[0.42912417]
802
[0.35972434]
803
[0.32067987]
804
[0.25853706]
805
[0.26732023]
806
[0.22347896]
807
[0.22907606]
808
[0.25922433]
809
[0.21569474]
810
[0.22476871]
811
[0.43316064]
812
[0.18532881]
813
[0.35395827]
814
[0.32034867]
815
[0.38675477]
816
[0.41020531]
817
[0.35566443]
818
[0.23090176]
819
[0.26994766]
820
[0.28722277]
821
[0.18588813]
822
[0.39228902]
823
[0.37088133]
824
[0.13502447]
825
[0.32655289]
826
[0.23353903]
827
[0.30939838]
828
[0.29137163]
829
[0.28258581]
830
[0.18972801]
831
[0.32384182]
832
[0.31922339]
833
[0.2651486]
834
[0.16293583]
835
[0.17175258]
836
[0.29884274]
837
[0.24771658]
838
[0.27540879]
839
[0.18246419]
840
[0.37499571]
841
[0.23347877]
842
[0.2250727]
843
[0.28704918]
844
[0.2471309]
845
[0.21157033]
846
[0.2346437]
847
[0.32279758]
848
[0.38865304]
849
[0.23695699]
850
[0.42182363]
851
[0.18291912]
852
[0.16948729]
853
[0.29750298]
854
[0.35515836]
855
[0.36200352]
856
[0.4048251]
857
[0.36318436]
858
[0.41049258]
859
[0.25205748]
860
[0.17402415]
861
[0.16936742]
862
[0.20761044]
863
[0.34306067]
864
[0.27861421]
865
[0.37327218]
866
[0.18733735]
867
[0.27421823]
868
[0.17635228]
869
[0.28297025]
870
[0.35093007]
871
[0.30747446]
872
[0.2282456]
873
[0.26754625]
874
[0.12427798]
875
[0.27802982]
876
[0.2952715]
877
[0.3292077]
878
[0.2784704]
879
[0.25692982]
880
[0.2781352]
881
[0.31239073]
882
[0.21450158]
883
[0.34942682]
884
[0.26235321]
885
[0.29631513]
886
[0.45575517]
887
[0.32698705]
888
[0.26243585]
889
[0.16701907]
890
[0.25339981]
891
[0.29374021]
892
[0.21354173]
893
[0.27062548]
894
[0.30208464]
895
[0.34612158]
896
[0.30196567]
897
[0.40340901]
898
[0.25814793]
899
[0.2282591]
900
[0.46985822]
901
[0.47602757]
902
[0.33058546]
903
[0.19259829]
904
[0.33699844]
905
[0.27776456]
906
[0.23142126]
907
[0.37264516]
908
[0.26897514]
909
[0.29106038]
910
[0.33021716]
911
[0.21157316]
912
[0.19757995]
913
[0.2171752]
914
[0.43154522]
915
[0.32638571]
916
[0.41054627]
917
[0.36681904]
918
[0.33471261]
919
[0.30778266]
920
[0.31334588]
921
[0.29746905]
922
[0.13261865]
923
[0.29022623]
924
[0.21694681]
925
[0.14879354]
926
[0.22390953]
927
[0.18632203]
928
[0.32867259]
929
[0.41913521]
930
[0.36627004]
931
[0.35473978]
932
[0.2107958]
933
[0.36221559]
934
[0.38913964]
935
[0.3146565]
936
[0.26637701]
937
[0.35359386]
938
[0.35634336]
939
[0.27876266]
940
[0.1772102]
941
[0.25173727]
942
[0.301966]
943
[0.2635951]
944
[0.25613204]
945
[0.15210201]
946
[0.1509388]
947
[0.37518905]
948
[0.34389558]
949
[0.29420178]
950
[0.46753787]
951
[0.24983726]
952
[0.22735153]
953
[0.33112669]
954
[0.49048118]
955
[0.27705028]
956
[0.34139964]
957
[0.16431461]
958
[0.38351461]
959
[0.25555751]
960
[0.29836903]
961
[0.18395063]
962
[0.24615744]
963
[0.19358164]
964
[0.21879153]
965
[0.22616253]
966
[0.3213115]
967
[0.29311434]
968
[0.21665613]
969
[0.38263492]
970
[0.31102954]
971
[0.27796738]
972
[0.31064784]
973
[0.17485424]
974
[0.15687886]
975
[0.2905561]
976
[0.17886157]
977
[0.19469868]
978
[0.26879894]
979
[0.34889541]
980
[0.22516041]
981
[0.28575536]
982
[0.14253084]
983
[0.25428865]
984
[0.24415046]
985
[0.31295435]
986
[0.15391234]
987
[0.40892176]
988
[0.25788002]
989
[0.4120413]
990
[0.16325703]
991
[0.40279054]
992
[0.34146831]
993
[0.32090033]
994
[0.19967148]
995
[0.23228837]
996
[0.23488883]
997
[0.15958084]
998
[0.19411434]
999
[0.21996419]
[1] 5000   11
[1] 5000   11
