LOADING R
R LOADED
[1] "/home/lvanderl/Rlibs2"                         
[2] "/app/software/R/4.3.1-gfbf-2022b/lib/R/library"
[1] "/home/lvanderl/sieveSims"
[1] "rf 5 2"
[1] 0.2803758
[1] 0.2803758
[1] 0.2803758
[   10.            11.51395399    13.25711366    15.26417967
    17.57510625    20.23589648    23.29951811    26.82695795
    30.88843596    35.56480306    40.94915062    47.14866363
    54.28675439    62.50551925    71.9685673     82.86427729
    95.40954763   109.8541142    126.48552169   145.63484775
   167.68329368   193.06977289   222.29964825   255.95479227
   294.70517026   339.32217719   390.69399371   449.8432669
   517.94746792   596.36233166   686.648845     790.60432109
   910.29817799  1048.11313415  1206.79264064  1389.49549437
  1599.85871961  1842.06996933  2120.95088792  2442.05309455
  2811.76869797  3237.45754282  3727.59372031  4291.93426013
  4941.71336132  5689.86602902  6551.2855686   7543.12006335
  8685.11373751 10000.        ]
[0.28572103 0.28653943 0.28435657 0.28664392 0.28587714 0.28971206
 0.28675295 0.28352048 0.28295146 0.2796641  0.27492255 0.28489856
 0.27101902 0.27616722 0.2723776  0.26398795 0.26199493 0.26717104
 0.2778326  0.24410679 0.25570675 0.28418426 0.26833295 0.26504597
 0.27739785 0.25280647 0.27443783 0.27782887 0.30977845 0.32579325
 0.38159344 0.44026099 0.55826966 0.51415103 0.46959031 0.67662415
 0.71759122 0.80567892 0.64098984 0.89468149 1.13733031 1.07826574
 1.55063476 1.29873391 1.41263435 1.46923659 2.2865418  1.98941427
 3.02343946 4.71638028]
145.63484775012444
0
[0.1856758]
1
[0.20826649]
2
[0.21531224]
3
[0.17424698]
4
[0.25244149]
5
[0.30658611]
6
[0.30632114]
7
[0.2555545]
8
[0.11979656]
9
[0.30819235]
10
[0.25661963]
11
[0.16020508]
12
[0.12055236]
13
[0.22600308]
14
[0.23804812]
15
[0.13204954]
16
[0.20958497]
17
[0.10511108]
18
[0.14559608]
19
[0.06987904]
20
[0.10037652]
21
[0.23706773]
22
[0.12555088]
23
[0.2273571]
24
[0.17049413]
25
[0.34869208]
26
[0.24224482]
27
[0.20590037]
28
[0.16767595]
29
[0.25234333]
30
[0.16439794]
31
[0.18463122]
32
[0.26726904]
33
[0.15781495]
34
[0.11777699]
35
[0.13663681]
36
[0.34558228]
37
[0.20823944]
38
[0.25434522]
39
[0.07360183]
40
[0.30478478]
41
[0.15737428]
42
[0.28957104]
43
[0.12257345]
44
[0.28594021]
45
[0.23983002]
46
[0.11582264]
47
[0.23596408]
48
[0.21755369]
49
[0.14750937]
50
[0.18057046]
51
[0.2278596]
52
[0.25615661]
53
[0.19521571]
54
[0.09367324]
55
[0.21304396]
56
[0.22309734]
57
[0.12846163]
58
[0.32896466]
59
[0.16303957]
60
[0.2572167]
61
[0.11143971]
62
[0.21578954]
63
[0.27973362]
64
[0.19851259]
65
[0.09566292]
66
[0.25354117]
67
[0.37564855]
68
[0.33966281]
69
[0.22196708]
70
[0.2256972]
71
[0.28384922]
72
[0.10013887]
73
[0.20305388]
74
[0.21078999]
75
[0.16078857]
76
[0.27964444]
77
[0.08748703]
78
[0.1570542]
79
[0.18198556]
80
[0.27664594]
81
[0.17491807]
82
[0.16259387]
83
[0.23335728]
84
[0.1846776]
85
[0.24909942]
86
[0.23948591]
87
[0.22796843]
88
[0.16980118]
89
[0.16252646]
90
[0.27558128]
91
[0.15134845]
92
[0.19840643]
93
[0.18169395]
94
[0.16019287]
95
[0.15875739]
96
[0.22745822]
97
[0.22020358]
98
[0.26384883]
99
[0.21619986]
100
[0.22010139]
101
[0.17252046]
102
[0.21338972]
103
[0.23542194]
104
[0.14015234]
105
[0.18889623]
106
[0.25356531]
107
[0.17271849]
108
[0.16882946]
109
[0.16282278]
110
[0.179098]
111
[0.23471414]
112
[0.27116529]
113
[0.14805008]
114
[0.16312178]
115
[0.14136378]
116
[0.13865172]
117
[0.16371421]
118
[0.26509777]
119
[0.1498826]
120
[0.10666821]
121
[0.23086854]
122
[0.1207197]
123
[0.11388552]
124
[0.26867966]
125
[0.19031715]
126
[0.21554469]
127
[0.23681488]
128
[0.23500855]
129
[0.24034248]
130
[0.25587446]
131
[0.17171785]
132
[0.23761924]
133
[0.23242182]
134
[0.05339194]
135
[0.17062024]
136
[0.19883434]
137
[0.27000518]
138
[0.16544298]
139
[0.11796216]
140
[0.21872371]
141
[0.32666214]
142
[0.18386103]
143
[0.20686642]
144
[0.214249]
145
[0.27764644]
146
[0.17602558]
147
[0.24795631]
148
[0.31151524]
149
[0.23443107]
150
[0.21280224]
151
[0.18831348]
152
[0.17412655]
153
[0.20646244]
154
[0.25027605]
155
[0.18936914]
156
[0.13916228]
157
[0.17529232]
158
[0.19600744]
159
[0.11377777]
160
[0.18024212]
161
[0.15429313]
162
[0.20817585]
163
[0.14049409]
164
[0.20580887]
165
[0.29119427]
166
[0.13879371]
167
[0.20583076]
168
[0.10800103]
169
[0.12194372]
170
[0.25276542]
171
[0.26678817]
172
[0.16549709]
173
[0.18696101]
174
[0.2140445]
175
[0.24415863]
176
[0.27970713]
177
[0.21936257]
178
[0.1471967]
179
[0.16537634]
180
[0.15897653]
181
[0.25036478]
182
[0.20137527]
183
[0.21756962]
184
[0.08412474]
185
[0.19588413]
186
[0.18691383]
187
[0.28356139]
188
[0.17656048]
189
[0.17640445]
190
[0.20686642]
191
[0.14741081]
192
[0.40509748]
193
[0.18490183]
194
[0.28715791]
195
[0.19446504]
196
[0.25723609]
197
[0.17763312]
198
[0.17810474]
199
[0.15183149]
200
[0.13928835]
201
[0.22265347]
202
[0.26581621]
203
[0.18696101]
204
[0.22748702]
205
[0.16516545]
206
[0.28543493]
207
[0.2611345]
208
[0.19436555]
209
[0.33413552]
210
[0.14028626]
211
[0.27130254]
212
[0.16860703]
213
[0.13677238]
214
[0.16362364]
215
[0.14418083]
216
[0.09441178]
217
[0.08554895]
218
[0.12010033]
219
[0.15862537]
220
[0.25784163]
221
[0.27413298]
222
[0.24255925]
223
[0.27616815]
224
[0.15698805]
225
[0.16405984]
226
[0.30255041]
227
[0.16225085]
228
[0.19604599]
229
[0.11862554]
230
[0.15901983]
231
[0.15023875]
232
[0.25972448]
233
[0.21932097]
234
[0.13204954]
235
[0.22894467]
236
[0.10733938]
237
[0.33989322]
238
[0.13746429]
239
[0.22912879]
240
[0.31531658]
241
[0.24955431]
242
[0.23448653]
243
[0.16080486]
244
[0.31160877]
245
[0.16300016]
246
[0.11366079]
247
[0.18986411]
248
[0.20674846]
249
[0.24658546]
250
[0.21486988]
251
[0.12790398]
252
[0.15337434]
253
[0.24325158]
254
[0.17414026]
255
[0.19009295]
256
[0.33142871]
257
[0.1780379]
258
[0.15095394]
259
[0.25312681]
260
[0.10147706]
261
[0.27019175]
262
[0.21773285]
263
[0.12640369]
264
[0.18321718]
265
[0.15568183]
266
[0.17684284]
267
[0.17529232]
268
[0.17533517]
269
[0.13344992]
270
[0.26827901]
271
[0.22413167]
272
[0.16225085]
273
[0.11284527]
274
[0.10539916]
275
[0.10672037]
276
[0.17837013]
277
[0.19205992]
278
[0.23993248]
279
[0.12237549]
280
[0.23954447]
281
[0.24910817]
282
[0.22016331]
283
[0.19728987]
284
[0.33610512]
285
[0.2031958]
286
[0.10381945]
287
[0.22624279]
288
[0.23889439]
289
[0.17391954]
290
[0.20253821]
291
[0.26595951]
292
[0.23979459]
293
[0.22388319]
294
[0.29886683]
295
[0.19357719]
296
[0.21646126]
297
[0.14568372]
298
[0.23164171]
299
[0.16751928]
300
[0.18120665]
301
[0.24218609]
302
[0.2870083]
303
[0.19349856]
304
[0.17691759]
305
[0.16159604]
306
[0.11666964]
307
[0.08290429]
308
[0.12047945]
309
[0.1868541]
310
[0.24393167]
311
[0.19336544]
312
[0.17265041]
313
[0.23728202]
314
[0.25714915]
315
[0.10390741]
316
[0.16701728]
317
[0.08112156]
318
[0.20618003]
319
[0.11153353]
320
[0.23981598]
321
[0.22771867]
322
[0.17508819]
323
[0.15813249]
324
[0.17433635]
325
[0.2114547]
326
[0.28717445]
327
[0.22617993]
328
[0.20654934]
329
[0.11420152]
330
[0.15368545]
331
[0.13273593]
332
[0.31416733]
333
[0.15129965]
334
[0.24461806]
335
[0.24128052]
336
[0.13991915]
337
[0.23993749]
338
[0.21195974]
339
[0.1387113]
340
[0.25572815]
341
[0.15190809]
342
[0.2569797]
343
[0.19576355]
344
[0.20242297]
345
[0.24053443]
346
[0.13229567]
347
[0.24723084]
348
[0.18107832]
349
[0.19824373]
350
[0.19610386]
351
[0.1773515]
352
[0.29076313]
353
[0.31345897]
354
[0.22059429]
355
[0.19362922]
356
[0.2190274]
357
[0.18239439]
358
[0.17901025]
359
[0.23897553]
360
[0.21489888]
361
[0.18407101]
362
[0.13783359]
363
[0.17403696]
364
[0.21066394]
365
[0.14310941]
366
[0.22182096]
367
[0.20411819]
368
[0.11195819]
369
[0.23569494]
370
[0.18258136]
371
[0.22762648]
372
[0.08169513]
373
[0.12849132]
374
[0.18845918]
375
[0.26289879]
376
[0.24197476]
377
[0.13342527]
378
[0.22147166]
379
[0.32591698]
380
[0.18489699]
381
[0.22883101]
382
[0.27904592]
383
[0.1567597]
384
[0.18636239]
385
[0.19103808]
386
[0.28805964]
387
[0.11387977]
388
[0.20830826]
389
[0.10344136]
390
[0.20981046]
391
[0.22451603]
392
[0.13991167]
393
[0.16040562]
394
[0.21670426]
395
[0.21304396]
396
[0.18521771]
397
[0.19107937]
398
[0.19372123]
399
[0.21267525]
400
[0.19647891]
401
[0.26003079]
402
[0.22059429]
403
[0.15827515]
404
[0.16806146]
405
[0.18815671]
406
[0.13605263]
407
[0.23679559]
408
[0.09567069]
409
[0.21057436]
410
[0.27852708]
411
[0.21862964]
412
[0.25068406]
413
[0.11963188]
414
[0.19456423]
415
[0.15804432]
416
[0.24383302]
417
[0.18729908]
418
[0.12401331]
419
[0.21596669]
420
[0.23804305]
421
[0.1780379]
422
[0.20047789]
423
[0.17941068]
424
[0.09663676]
425
[0.2827752]
426
[0.22936935]
427
[0.09138077]
428
[0.26315068]
429
[0.20192917]
430
[0.06738019]
431
[0.18593879]
432
[0.21118573]
433
[0.23314549]
434
[0.14783146]
435
[0.24183298]
436
[0.27755828]
437
[0.19500406]
438
[0.16524819]
439
[0.18564082]
440
[0.15522786]
441
[0.18245893]
442
[0.17079918]
443
[0.13494434]
444
[0.21369588]
445
[0.16184817]
446
[0.17360187]
447
[0.08140258]
448
[0.24207401]
449
[0.21167118]
450
[0.15895205]
451
[0.09903892]
452
[0.17289942]
453
[0.22782676]
454
[0.26363106]
455
[0.11070781]
456
[0.14941937]
457
[0.1267639]
458
[0.16258665]
459
[0.20967443]
460
[0.18874298]
461
[0.249463]
462
[0.14349924]
463
[0.18883134]
464
[0.16004057]
465
[0.14775748]
466
[0.20755281]
467
[0.2610915]
468
[0.27238978]
469
[0.13724256]
470
[0.2006916]
471
[0.13575351]
472
[0.2318347]
473
[0.23157658]
474
[0.14086671]
475
[0.17981775]
476
[0.19660063]
477
[0.22202323]
478
[0.22705436]
479
[0.27095313]
480
[0.12382092]
481
[0.22314602]
482
[0.26167709]
483
[0.22025144]
484
[0.21536363]
485
[0.23303429]
486
[0.20975949]
487
[0.22858761]
488
[0.12446694]
489
[0.24892695]
490
[0.16103696]
491
[0.19583247]
492
[0.17872232]
493
[0.2692401]
494
[0.19041703]
495
[0.31935256]
496
[0.27060996]
497
[0.15550946]
498
[0.1952044]
499
[0.24511066]
500
[0.19887277]
501
[0.13393646]
502
[0.18977509]
503
[0.20322888]
504
[0.12492743]
505
[0.12613335]
506
[0.11283052]
507
[0.21321598]
508
[0.15057526]
509
[0.22687148]
510
[0.10337198]
511
[0.11780151]
512
[0.21515465]
513
[0.18735625]
514
[0.16371116]
515
[0.17094108]
516
[0.12055798]
517
[0.19554957]
518
[0.20632351]
519
[0.14639483]
520
[0.16459329]
521
[0.26037445]
522
[0.11624834]
523
[0.16121969]
524
[0.2423955]
525
[0.19278299]
526
[0.21601284]
527
[0.21781834]
528
[0.20163675]
529
[0.21583859]
530
[0.15995967]
531
[0.2020564]
532
[0.23343023]
533
[0.24979733]
534
[0.21235757]
535
[0.15470052]
536
[0.23498549]
537
[0.17255336]
538
[0.09673847]
539
[0.16781076]
540
[0.11290111]
541
[0.36607918]
542
[0.19237822]
543
[0.2010528]
544
[0.35210018]
545
[0.24324527]
546
[0.18130216]
547
[0.1635332]
548
[0.12993103]
549
[0.12202564]
550
[0.20090495]
551
[0.22173774]
552
[0.35682725]
553
[0.23492207]
554
[0.19221806]
555
[0.19014072]
556
[0.18629781]
557
[0.17357781]
558
[0.24392374]
559
[0.23596628]
560
[0.14219009]
561
[0.26234636]
562
[0.19588413]
563
[0.12312642]
564
[0.15401413]
565
[0.22371265]
566
[0.24994131]
567
[0.21716232]
568
[0.17327729]
569
[0.21654918]
570
[0.14828377]
571
[0.33462149]
572
[0.13062233]
573
[0.16090932]
574
[0.09292511]
575
[0.26843477]
576
[0.15063628]
577
[0.16487878]
578
[0.17290871]
579
[0.18923276]
580
[0.14128592]
581
[0.1707244]
582
[0.24915916]
583
[0.16510299]
584
[0.16931154]
585
[0.19401782]
586
[0.143056]
587
[0.18352905]
588
[0.20868839]
589
[0.17335269]
590
[0.25808147]
591
[0.15550455]
592
[0.36194724]
593
[0.15345318]
594
[0.16833412]
595
[0.19440861]
596
[0.14277017]
597
[0.19977679]
598
[0.2088344]
599
[0.18144869]
600
[0.14470657]
601
[0.23308672]
602
[0.17884939]
603
[0.17919426]
604
[0.35499701]
605
[0.16412724]
606
[0.14509101]
607
[0.2428517]
608
[0.15504029]
609
[0.15126855]
610
[0.25119361]
611
[0.17308336]
612
[0.20618003]
613
[0.16252841]
614
[0.17739839]
615
[0.15230659]
616
[0.26053629]
617
[0.16883712]
618
[0.09704348]
619
[0.17151869]
620
[0.27982387]
621
[0.15455504]
622
[0.16225085]
623
[0.20868517]
624
[0.21787869]
625
[0.34277232]
626
[0.23875369]
627
[0.18529188]
628
[0.20814388]
629
[0.17325197]
630
[0.14988811]
631
[0.19489902]
632
[0.25383203]
633
[0.20618583]
634
[0.32439877]
635
[0.32041053]
636
[0.17596344]
637
[0.18330371]
638
[0.08812036]
639
[0.11854956]
640
[0.18970659]
641
[0.27932861]
642
[0.26047191]
643
[0.16632446]
644
[0.28144313]
645
[0.1893586]
646
[0.1765095]
647
[0.26040511]
648
[0.13471606]
649
[0.19747498]
650
[0.25018523]
651
[0.18955954]
652
[0.15266473]
653
[0.2404997]
654
[0.18069066]
655
[0.21200022]
656
[0.2190018]
657
[0.17358568]
658
[0.14869066]
659
[0.19352712]
660
[0.12119961]
661
[0.22293107]
662
[0.24902644]
663
[0.28537538]
664
[0.16430158]
665
[0.22959935]
666
[0.19870009]
667
[0.20906863]
668
[0.17034153]
669
[0.22029706]
670
[0.07605399]
671
[0.22027428]
672
[0.23490588]
673
[0.20693061]
674
[0.26510387]
675
[0.17199199]
676
[0.35497826]
677
[0.22176762]
678
[0.28779218]
679
[0.36858997]
680
[0.29729743]
681
[0.16548602]
682
[0.13185078]
683
[0.2587448]
684
[0.19588413]
685
[0.26315068]
686
[0.24738726]
687
[0.11341886]
688
[0.1788028]
689
[0.27670687]
690
[0.27001462]
691
[0.20588454]
692
[0.13214753]
693
[0.19315209]
694
[0.12566262]
695
[0.22144269]
696
[0.1535263]
697
[0.28352807]
698
[0.22113532]
699
[0.22265481]
700
[0.11800447]
701
[0.19947914]
702
[0.2318372]
703
[0.28643923]
704
[0.09738792]
705
[0.14919977]
706
[0.15019033]
707
[0.31394379]
708
[0.24499685]
709
[0.29178717]
710
[0.16483503]
711
[0.25881369]
712
[0.29471401]
713
[0.26479551]
714
[0.19109049]
715
[0.28095085]
716
[0.13605601]
717
[0.27805013]
718
[0.20915405]
719
[0.13204954]
720
[0.13204954]
721
[0.08358213]
722
[0.1963217]
723
[0.21919448]
724
[0.2295174]
725
[0.18797019]
726
[0.20508936]
727
[0.15813249]
728
[0.2474929]
729
[0.26297482]
730
[0.16704935]
731
[0.05527985]
732
[0.12304464]
733
[0.16646291]
734
[0.20301981]
735
[0.21114012]
736
[0.15118579]
737
[0.19185097]
738
[0.15813249]
739
[0.17781205]
740
[0.2120762]
741
[0.25459096]
742
[0.09266891]
743
[0.19137699]
744
[0.17643352]
745
[0.16481796]
746
[0.21477835]
747
[0.19519469]
748
[0.26299482]
749
[0.20075835]
750
[0.07933594]
751
[0.30349625]
752
[0.15729842]
753
[0.21640393]
754
[0.27619216]
755
[0.19212034]
756
[0.17495227]
757
[0.28188624]
758
[0.14369861]
759
[0.23895572]
760
[0.22265769]
761
[0.25628675]
762
[0.21504543]
763
[0.11557958]
764
[0.30665073]
765
[0.13993737]
766
[0.22471265]
767
[0.29613806]
768
[0.19202078]
769
[0.2816833]
770
[0.27683342]
771
[0.225698]
772
[0.16762055]
773
[0.27440732]
774
[0.21417818]
775
[0.14782005]
776
[0.24440682]
777
[0.19822368]
778
[0.2089256]
779
[0.17871316]
780
[0.17013694]
781
[0.21300675]
782
[0.11533645]
783
[0.16232119]
784
[0.21203264]
785
[0.238166]
786
[0.12939736]
787
[0.28320213]
788
[0.27168271]
789
[0.1120572]
790
[0.24898873]
791
[0.27999251]
792
[0.32415344]
793
[0.22720203]
794
[0.14471293]
795
[0.13856865]
796
[0.19313855]
797
[0.29377284]
798
[0.13449742]
799
[0.19721442]
800
[0.23314643]
801
[0.23953411]
802
[0.18970659]
803
[0.14068764]
804
[0.24404109]
805
[0.1506501]
806
[0.163351]
807
[0.23246487]
808
[0.15398559]
809
[0.16276261]
810
[0.20961199]
811
[0.17833489]
812
[0.17047513]
813
[0.22117105]
814
[0.14051976]
815
[0.05771402]
816
[0.17193468]
817
[0.15150547]
818
[0.17120314]
819
[0.17037565]
820
[0.14189705]
821
[0.25383934]
822
[0.26852746]
823
[0.18472636]
824
[0.21507499]
825
[0.08658489]
826
[0.21441675]
827
[0.29609757]
828
[0.21345021]
829
[0.18320002]
830
[0.20822885]
831
[0.16662389]
832
[0.16274974]
833
[0.22499081]
834
[0.30021593]
835
[0.23603615]
836
[0.13654665]
837
[0.15659966]
838
[0.30845265]
839
[0.16964346]
840
[0.25326573]
841
[0.25211693]
842
[0.26167963]
843
[0.248479]
844
[0.2467236]
845
[0.22076083]
846
[0.23635563]
847
[0.1278608]
848
[0.1413232]
849
[0.22006927]
850
[0.14407161]
851
[0.19681446]
852
[0.21226644]
853
[0.22714312]
854
[0.16031878]
855
[0.29425885]
856
[0.16611213]
857
[0.10463466]
858
[0.26965694]
859
[0.1527352]
860
[0.28992002]
861
[0.19795989]
862
[0.15160755]
863
[0.13752687]
864
[0.21052648]
865
[0.11852133]
866
[0.15671204]
867
[0.27203253]
868
[0.16097468]
869
[0.12828203]
870
[0.14921566]
871
[0.26310213]
872
[0.20741135]
873
[0.32823775]
874
[0.21966919]
875
[0.21520395]
876
[0.21195104]
877
[0.25288679]
878
[0.10485151]
879
[0.10921721]
880
[0.24093107]
881
[0.13261384]
882
[0.22046406]
883
[0.19116866]
884
[0.19168804]
885
[0.17645956]
886
[0.12561074]
887
[0.25552337]
888
[0.17467072]
889
[0.21099132]
890
[0.19501584]
891
[0.11636355]
892
[0.1689691]
893
[0.21752638]
894
[0.17996338]
895
[0.09862407]
896
[0.15538692]
897
[0.26212443]
898
[0.25853313]
899
[0.17882015]
900
[0.12302145]
901
[0.16243074]
902
[0.19266582]
903
[0.14241357]
904
[0.3237136]
905
[0.22727716]
906
[0.24561876]
907
[0.14849325]
908
[0.1874007]
909
[0.17239445]
910
[0.25810005]
911
[0.27090145]
912
[0.17657748]
913
[0.12010417]
914
[0.19297911]
915
[0.15513318]
916
[0.18433504]
917
[0.16871093]
918
[0.20096983]
919
[0.18984951]
920
[0.13677511]
921
[0.24743276]
922
[0.06125918]
923
[0.1969639]
924
[0.12244003]
925
[0.27167896]
926
[0.24828427]
927
[0.21241216]
928
[0.20515675]
929
[0.18755782]
930
[0.19562484]
931
[0.23847717]
932
[0.13932465]
933
[0.14640211]
934
[0.24416329]
935
[0.22510152]
936
[0.16773559]
937
[0.2007259]
938
[0.20605426]
939
[0.31667472]
940
[0.12674581]
941
[0.22371796]
942
[0.1323463]
943
[0.07645167]
944
[0.29675106]
945
[0.14612531]
946
[0.18277917]
947
[0.18217922]
948
[0.21389466]
949
[0.17375006]
950
[0.0865835]
951
[0.11078483]
952
[0.0543833]
953
[0.17410312]
954
[0.32068726]
955
[0.25850752]
956
[0.30878125]
957
[0.18741851]
958
[0.12624166]
959
[0.24945693]
960
[0.17948235]
961
[0.28721238]
962
[0.34111826]
963
[0.21182764]
964
[0.12038085]
965
[0.22025481]
966
[0.21716232]
967
[0.18011137]
968
[0.15014146]
969
[0.11275609]
970
[0.21271682]
971
[0.20338902]
972
[0.22396933]
973
[0.26453898]
974
[0.25474187]
975
[0.19980011]
976
[0.06730235]
977
[0.23573457]
978
[0.21193164]
979
[0.22202499]
980
[0.11103145]
981
[0.15504033]
982
[0.26408671]
983
[0.16362364]
984
[0.27555687]
985
[0.25277265]
986
[0.1722666]
987
[0.15533803]
988
[0.2649487]
989
[0.27639699]
990
[0.20103305]
991
[0.19554954]
992
[0.1831997]
993
[0.24140001]
994
[0.24607007]
995
[0.13372035]
996
[0.15821748]
997
[0.20547281]
998
[0.17460593]
999
[0.09189075]
[1] 5000   11
[1] 5000   11
