LOADING R
R LOADED
[1] "/home/lvanderl/Rlibs2"                         
[2] "/app/software/R/4.3.1-gfbf-2022b/lib/R/library"
[1] "/home/lvanderl/sieveSims"
[1] "rf 20 2"
[1] "histogram binning"
[1] 0.03596264
[1] 0.03596264
[1] "mondrian"
[1] "iso"
[1] 0.03596264
[1] "conditional"
[   10.            11.51395399    13.25711366    15.26417967
    17.57510625    20.23589648    23.29951811    26.82695795
    30.88843596    35.56480306    40.94915062    47.14866363
    54.28675439    62.50551925    71.9685673     82.86427729
    95.40954763   109.8541142    126.48552169   145.63484775
   167.68329368   193.06977289   222.29964825   255.95479227
   294.70517026   339.32217719   390.69399371   449.8432669
   517.94746792   596.36233166   686.648845     790.60432109
   910.29817799  1048.11313415  1206.79264064  1389.49549437
  1599.85871961  1842.06996933  2120.95088792  2442.05309455
  2811.76869797  3237.45754282  3727.59372031  4291.93426013
  4941.71336132  5689.86602902  6551.2855686   7543.12006335
  8685.11373751 10000.        ]
[0.22779853 0.22694332 0.22609172 0.2252929  0.22481697 0.2241627
 0.22241126 0.22146167 0.21994997 0.21821614 0.2166086  0.21447649
 0.21201221 0.20977604 0.20661583 0.20406893 0.20020759 0.19694266
 0.19274577 0.1886986  0.1849445  0.18109576 0.17733076 0.17372546
 0.170201   0.16708814 0.16436488 0.16184459 0.16013725 0.15854152
 0.1577796  0.15728167 0.15731556 0.15711949 0.15706422 0.15724571
 0.1572854  0.15707133 0.15723735 0.1571918  0.15713271 0.15727509
 0.15737112 0.1569171  0.15709073 0.15722554 0.15725506 0.15722238
 0.15710939 0.15710195]
4291.934260128778
0.0002329951810515372
0
[0.64287453]
1
[0.25956404]
2
[0.01181458]
3
[0.00446891]
4
[0.68427741]
5
[0.68427741]
6
[0.62350867]
7
[0.68427741]
8
[0.54070292]
9
[0.68427741]
10
[0.68427741]
11
[0.00847564]
12
[0.68427741]
13
[0.03518717]
14
[0.68427741]
15
[0.1533857]
16
[0.68427741]
17
[0.53402504]
18
[0.28694337]
19
[0.40914863]
20
[0.01782468]
21
[0.11532177]
22
[0.67960289]
23
[0.66290818]
24
[0.60347502]
25
[0.3817693]
26
[0.68427741]
27
[0.68427741]
28
[0.68427741]
29
[0.64621347]
30
[0.68427741]
31
[0.41916545]
32
[0.101966]
33
[0.68427741]
34
[0.55138753]
35
[0.3023025]
36
[0.47192073]
37
[0.68427741]
38
[0.68427741]
39
[0.34971547]
40
[0.56541109]
41
[0.30831259]
42
[0.60013608]
43
[0.34370537]
44
[0.39979959]
45
[0.68427741]
46
[0.21415444]
47
[0.64153896]
48
[0.0739189]
49
[0.68427741]
50
[0.68427741]
51
[0.23285251]
52
[0.68427741]
53
[0.045204]
54
[0.31832942]
55
[0.13936215]
56
[0.43185343]
57
[0.68427741]
58
[0.20547319]
59
[0.03251602]
60
[0.39646065]
61
[0.15806022]
62
[0.08126457]
63
[0.55071975]
64
[0.28093327]
65
[0.65556251]
66
[0.18543954]
67
[0.68427741]
68
[0.35772893]
69
[0.08727466]
70
[0.63218992]
71
[0.68427741]
72
[0.42050103]
73
[0.68427741]
74
[0.48861543]
75
[0.43051785]
76
[0.61549521]
77
[0.68427741]
78
[0.68427741]
79
[0.4391991]
80
[0.68427741]
81
[0.51532697]
82
[0.53736398]
83
[0.68427741]
84
[0.41849766]
85
[0.68427741]
86
[0.68427741]
87
[0.68427741]
88
[0.08927803]
89
[0.68427741]
90
[0.68427741]
91
[0.68427741]
92
[0.01047901]
93
[0.68427741]
94
[0.68427741]
95
[0.68427741]
96
[0.1533857]
97
[0.68427741]
98
[0.68427741]
99
[0.68427741]
100
[0.47459188]
101
[0.24019818]
102
[0.68427741]
103
[0.68427741]
104
[0.23685924]
105
[0.53268946]
106
[0.40848084]
107
[0.68427741]
108
[0.02583814]
109
[0.68427741]
110
[0.62016973]
111
[0.0224992]
112
[0.68427741]
113
[0.01248237]
114
[0.68427741]
115
[0.50531014]
116
[0.68427741]
117
[0.05922755]
118
[0.68427741]
119
[0.0739189]
120
[0.34370537]
121
[0.4051419]
122
[0.68427741]
123
[0.55205532]
124
[0.24153376]
125
[0.25288616]
126
[0.68427741]
127
[0.22150011]
128
[0.12400302]
129
[0.27625875]
130
[0.59212262]
131
[0.55005196]
132
[0.68427741]
133
[0.54003513]
134
[0.27959769]
135
[0.40714526]
136
[0.68427741]
137
[0.64554569]
138
[0.68427741]
139
[0.35839671]
140
[0.55873321]
141
[0.59946829]
142
[0.68427741]
143
[0.11198283]
144
[0.39312171]
145
[0.68427741]
146
[0.02450256]
147
[0.68427741]
148
[0.39111834]
149
[0.68427741]
150
[0.00112997]
151
[0.37709479]
152
[0.04854294]
153
[0.64220674]
154
[0.24821164]
155
[0.68160625]
156
[0.68427741]
157
[0.12600638]
158
[0.68427741]
159
[0.02383477]
160
[0.37709479]
161
[0.40580968]
162
[0.46390727]
163
[0.68427741]
164
[0.68427741]
165
[0.31298711]
166
[0.26624193]
167
[0.68427741]
168
[0.68427741]
169
[0.51265581]
170
[0.33101739]
171
[0.68427741]
172
[0.31165153]
173
[0.16540589]
174
[0.68427741]
175
[0.68427741]
176
[0.67960289]
177
[0.68427741]
178
[0.68427741]
179
[0.68427741]
180
[0.68427741]
181
[0.21482223]
182
[0.11198283]
183
[0.64220674]
184
[0.68427741]
185
[0.16139916]
186
[0.37909815]
187
[0.68427741]
188
[0.56607888]
189
[0.58945147]
190
[0.17408714]
191
[0.50731351]
192
[0.49996784]
193
[0.0505463]
194
[0.68427741]
195
[0.58077022]
196
[0.00112997]
197
[0.68427741]
198
[0.68427741]
199
[0.59279041]
200
[0.28827894]
201
[0.1593958]
202
[0.66958607]
203
[0.17742608]
204
[0.56607888]
205
[0.63419328]
206
[0.68427741]
207
[0.05922755]
208
[0.49395774]
209
[0.68427741]
210
[0.14871119]
211
[0.38510825]
212
[0.04186506]
213
[0.68427741]
214
[0.0906136]
215
[0.39045055]
216
[0.68427741]
217
[0.44721256]
218
[0.68427741]
219
[0.68427741]
220
[0.68427741]
221
[0.10597273]
222
[0.05254967]
223
[0.0792612]
224
[0.68427741]
225
[0.63953559]
226
[0.50130341]
227
[0.14670782]
228
[0.64888463]
229
[0.31098374]
230
[0.68427741]
231
[0.47392409]
232
[0.51065245]
233
[0.68427741]
234
[0.08927803]
235
[0.54470965]
236
[0.1821006]
237
[0.68427741]
238
[0.47659524]
239
[0.68427741]
240
[0.16674147]
241
[0.68427741]
242
[0.68427741]
243
[0.46924957]
244
[0.68427741]
245
[0.6048106]
246
[0.62684761]
247
[0.68427741]
248
[0.04253285]
249
[0.68427741]
250
[0.36908133]
251
[0.30363807]
252
[0.68427741]
253
[0.68427741]
254
[0.47659524]
255
[0.43252122]
256
[0.68427741]
257
[0.04921073]
258
[0.68427741]
259
[0.68427741]
260
[0.68427741]
261
[0.3136549]
262
[0.68427741]
263
[0.2108155]
264
[0.33702749]
265
[0.41382314]
266
[0.51465918]
267
[0.11131504]
268
[0.40180295]
269
[0.00112997]
270
[0.68427741]
271
[0.68427741]
272
[0.13001311]
273
[0.68427741]
274
[0.68427741]
275
[0.68427741]
276
[0.68427741]
277
[0.41716209]
278
[0.68427741]
279
[0.68427741]
280
[0.5019712]
281
[0.68427741]
282
[0.68427741]
283
[0.4732563]
284
[0.68427741]
285
[0.68427741]
286
[0.29028231]
287
[0.68427741]
288
[0.54537744]
289
[0.06657322]
290
[0.38711161]
291
[0.07659005]
292
[0.46257169]
293
[0.42918227]
294
[0.41315536]
295
[0.60681396]
296
[0.11665735]
297
[0.68427741]
298
[0.68093847]
299
[0.68427741]
300
[0.68427741]
301
[0.58678032]
302
[0.04253285]
303
[0.68427741]
304
[0.57809907]
305
[0.68427741]
306
[0.50464235]
307
[0.68427741]
308
[0.68427741]
309
[0.3363597]
310
[0.16340253]
311
[0.38510825]
312
[0.68427741]
313
[0.42383997]
314
[0.58678032]
315
[0.10664052]
316
[0.68427741]
317
[0.27759433]
318
[0.18477175]
319
[0.68427741]
320
[0.55606205]
321
[0.48594428]
322
[0.68427741]
323
[0.0679088]
324
[0.68427741]
325
[0.30697701]
326
[0.17809387]
327
[0.67826731]
328
[0.33502412]
329
[0.33302076]
330
[0.68427741]
331
[0.18944627]
332
[0.49729668]
333
[0.01982804]
334
[0.17809387]
335
[0.68427741]
336
[0.68427741]
337
[0.55205532]
338
[0.2108155]
339
[0.56140436]
340
[0.02049583]
341
[0.68427741]
342
[0.68427741]
343
[0.65355915]
344
[0.63552886]
345
[0.06256649]
346
[0.23418809]
347
[0.54404186]
348
[0.39579286]
349
[0.68427741]
350
[0.68427741]
351
[0.1533857]
352
[0.58945147]
353
[0.66557934]
354
[0.1193285]
355
[0.2909501]
356
[0.68427741]
357
[0.68427741]
358
[0.3537222]
359
[0.24153376]
360
[0.68427741]
361
[0.57943464]
362
[0.46257169]
363
[0.22283569]
364
[0.07325111]
365
[0.00112997]
366
[0.59011926]
367
[0.15205013]
368
[0.68427741]
369
[0.11665735]
370
[0.44454141]
371
[0.39111834]
372
[0.2221679]
373
[0.68427741]
374
[0.61749858]
375
[0.68427741]
376
[0.06657322]
377
[0.31098374]
378
[0.5360284]
379
[0.4164943]
380
[0.01114679]
381
[0.19679194]
382
[0.68427741]
383
[0.16473811]
384
[0.68427741]
385
[0.68427741]
386
[0.35572556]
387
[0.48928322]
388
[0.68427741]
389
[0.68427741]
390
[0.68427741]
391
[0.68427741]
392
[0.68427741]
393
[0.68427741]
394
[0.68427741]
395
[0.15405349]
396
[0.68427741]
397
[0.07258332]
398
[0.42050103]
399
[0.40647747]
400
[0.193453]
401
[0.68427741]
402
[0.09261697]
403
[0.00112997]
404
[0.31699384]
405
[0.68427741]
406
[0.25288616]
407
[0.68427741]
408
[0.16874484]
409
[0.57876686]
410
[0.68427741]
411
[0.68427741]
412
[0.68427741]
413
[0.55405869]
414
[0.68427741]
415
[0.68427741]
416
[0.68427741]
417
[0.68427741]
418
[0.6335255]
419
[0.35839671]
420
[0.54137071]
421
[0.20947992]
422
[0.68427741]
423
[0.136691]
424
[0.58611253]
425
[0.52801494]
426
[0.66691491]
427
[0.68427741]
428
[0.10530495]
429
[0.62417646]
430
[0.41782987]
431
[0.60748175]
432
[0.66891828]
433
[0.5821058]
434
[0.68427741]
435
[0.54137071]
436
[0.4565616]
437
[0.27024866]
438
[0.22617463]
439
[0.68427741]
440
[0.68427741]
441
[0.19879531]
442
[0.68427741]
443
[0.67359279]
444
[0.49195438]
445
[0.68427741]
446
[0.48394092]
447
[0.46457505]
448
[0.23018136]
449
[0.16407032]
450
[0.68427741]
451
[0.68427741]
452
[0.67559616]
453
[0.36707796]
454
[0.54604523]
455
[0.57208897]
456
[0.68427741]
457
[0.35305441]
458
[0.1420333]
459
[0.68427741]
460
[0.68427741]
461
[0.01381795]
462
[0.20280204]
463
[0.66157261]
464
[0.68427741]
465
[0.59546156]
466
[0.17275156]
467
[0.11799292]
468
[0.49262216]
469
[0.68427741]
470
[0.23084915]
471
[0.04119727]
472
[0.55539426]
473
[0.16874484]
474
[0.04186506]
475
[0.68427741]
476
[0.68427741]
477
[0.41181978]
478
[0.28160106]
479
[0.26023183]
480
[0.32033278]
481
[0.58611253]
482
[0.52601158]
483
[0.36574239]
484
[0.61950194]
485
[0.68227404]
486
[0.524676]
487
[0.38510825]
488
[0.61950194]
489
[0.59145483]
490
[0.33569191]
491
[0.29762798]
492
[0.54604523]
493
[0.61215627]
494
[0.61482742]
495
[0.37375585]
496
[0.59746493]
497
[0.68427741]
498
[0.42851449]
499
[0.68427741]
500
[0.05388525]
501
[0.68427741]
502
[0.68427741]
503
[0.22951357]
504
[0.00981122]
505
[0.47192073]
506
[0.16674147]
507
[0.68427741]
508
[0.68427741]
509
[0.68427741]
510
[0.58344137]
511
[0.5133236]
512
[0.68427741]
513
[0.66090482]
514
[0.25288616]
515
[0.68427741]
516
[0.42985006]
517
[0.68427741]
518
[0.51265581]
519
[0.17742608]
520
[0.25822847]
521
[0.55472648]
522
[0.12266744]
523
[0.00847564]
524
[0.40781305]
525
[0.68427741]
526
[0.5988005]
527
[0.32233615]
528
[0.68427741]
529
[0.48594428]
530
[0.68427741]
531
[0.68427741]
532
[0.68427741]
533
[0.25488953]
534
[0.13268427]
535
[0.19879531]
536
[0.42851449]
537
[0.49796447]
538
[0.16941262]
539
[0.68427741]
540
[0.68427741]
541
[0.31699384]
542
[0.48260534]
543
[0.59546156]
544
[0.68427741]
545
[0.13869436]
546
[0.28761115]
547
[0.68427741]
548
[0.53402504]
549
[0.68427741]
550
[0.45188708]
551
[0.40380632]
552
[0.27759433]
553
[0.2048054]
554
[0.66090482]
555
[0.26490635]
556
[0.68427741]
557
[0.28160106]
558
[0.66557934]
559
[0.57008561]
560
[0.63686444]
561
[0.68427741]
562
[0.1593958]
563
[0.13001311]
564
[0.13936215]
565
[0.03652275]
566
[0.52066927]
567
[0.18543954]
568
[0.68427741]
569
[0.00580449]
570
[0.36040008]
571
[0.44587698]
572
[0.20213425]
573
[0.34303758]
574
[0.20947992]
575
[0.25221837]
576
[0.68427741]
577
[0.41782987]
578
[0.36173566]
579
[0.61082069]
580
[0.68427741]
581
[0.66157261]
582
[0.07124774]
583
[0.59212262]
584
[0.68427741]
585
[0.68427741]
586
[0.58410916]
587
[0.10997946]
588
[0.08193236]
589
[0.31165153]
590
[0.68427741]
591
[0.46123611]
592
[0.68427741]
593
[0.43652795]
594
[0.68427741]
595
[0.48661207]
596
[0.68427741]
597
[0.32701066]
598
[0.68427741]
599
[0.23018136]
600
[0.00112997]
601
[0.68427741]
602
[0.67492837]
603
[0.67092164]
604
[0.66557934]
605
[0.57008561]
606
[0.11999629]
607
[0.65556251]
608
[0.00112997]
609
[0.15538907]
610
[0.41449093]
611
[0.3590645]
612
[0.11198283]
613
[0.40313853]
614
[0.61482742]
615
[0.39846401]
616
[0.68427741]
617
[0.20547319]
618
[0.15806022]
619
[0.68427741]
620
[0.64955242]
621
[0.42517554]
622
[0.13468763]
623
[0.65756588]
624
[0.68427741]
625
[0.14937897]
626
[0.68427741]
627
[0.35973229]
628
[0.68427741]
629
[0.68427741]
630
[0.28761115]
631
[0.68427741]
632
[0.01315016]
633
[0.1821006]
634
[0.24754386]
635
[0.68427741]
636
[0.52000148]
637
[0.43986689]
638
[0.19879531]
639
[0.68427741]
640
[0.10463716]
641
[0.24954722]
642
[0.68427741]
643
[0.42450776]
644
[0.68427741]
645
[0.58010243]
646
[0.68427741]
647
[0.20614098]
648
[0.31832942]
649
[0.34504095]
650
[0.45923275]
651
[0.46390727]
652
[0.68427741]
653
[0.16273474]
654
[0.68427741]
655
[0.68427741]
656
[0.08861024]
657
[0.02316698]
658
[0.26624193]
659
[0.38243709]
660
[0.68427741]
661
[0.03585496]
662
[0.68427741]
663
[0.48861543]
664
[0.12400302]
665
[0.36040008]
666
[0.38577603]
667
[0.22817799]
668
[0.29362125]
669
[0.42116881]
670
[0.68427741]
671
[0.467914]
672
[0.68427741]
673
[0.0164891]
674
[0.05388525]
675
[0.00112997]
676
[0.66090482]
677
[0.20947992]
678
[0.55539426]
679
[0.68427741]
680
[0.3136549]
681
[0.20881213]
682
[0.68427741]
683
[0.45389044]
684
[0.13936215]
685
[0.07057995]
686
[0.68427741]
687
[0.68427741]
688
[0.68427741]
689
[0.5019712]
690
[0.1707482]
691
[0.21749338]
692
[0.44454141]
693
[0.68427741]
694
[0.65355915]
695
[0.28761115]
696
[0.68427741]
697
[0.42116881]
698
[0.68427741]
699
[0.43652795]
700
[0.68427741]
701
[0.00647228]
702
[0.68427741]
703
[0.39178613]
704
[0.50063562]
705
[0.17876166]
706
[0.68427741]
707
[0.1881107]
708
[0.58611253]
709
[0.5821058]
710
[0.68427741]
711
[0.45522602]
712
[0.68427741]
713
[0.49996784]
714
[0.68427741]
715
[0.68427741]
716
[0.68427741]
717
[0.68427741]
718
[0.68427741]
719
[0.12867754]
720
[0.12600638]
721
[0.59479377]
722
[0.28026548]
723
[0.42250439]
724
[0.15405349]
725
[0.68427741]
726
[0.68427741]
727
[0.12800975]
728
[0.50798129]
729
[0.376427]
730
[0.68427741]
731
[0.48260534]
732
[0.68427741]
733
[0.52734716]
734
[0.68427741]
735
[0.42383997]
736
[0.68427741]
737
[0.41782987]
738
[0.16340253]
739
[0.68427741]
740
[0.26423856]
741
[0.54270629]
742
[0.6562303]
743
[0.20079867]
744
[0.02984487]
745
[0.68427741]
746
[0.68427741]
747
[0.09862706]
748
[0.68427741]
749
[0.24353713]
750
[0.22684242]
751
[0.68427741]
752
[0.68427741]
753
[0.68427741]
754
[0.10730831]
755
[0.68427741]
756
[0.4846087]
757
[0.34837989]
758
[0.68427741]
759
[0.68427741]
760
[0.32567509]
761
[0.15138234]
762
[0.68427741]
763
[0.68427741]
764
[0.2448727]
765
[0.68427741]
766
[0.07191553]
767
[0.68427741]
768
[0.68427741]
769
[0.18677512]
770
[0.29829577]
771
[0.58611253]
772
[0.36440681]
773
[0.68427741]
774
[0.57876686]
775
[0.19478858]
776
[0.62818319]
777
[0.00112997]
778
[0.11665735]
779
[0.17475493]
780
[0.34704431]
781
[0.00112997]
782
[0.68427741]
783
[0.23685924]
784
[0.27559096]
785
[0.37909815]
786
[0.68427741]
787
[0.33302076]
788
[0.41449093]
789
[0.29696019]
790
[0.68427741]
791
[0.33034961]
792
[0.0906136]
793
[0.62951877]
794
[0.68427741]
795
[0.36440681]
796
[0.19745973]
797
[0.43118564]
798
[0.44988371]
799
[0.68427741]
800
[0.68427741]
801
[0.63753223]
802
[0.16941262]
803
[0.68427741]
804
[0.68427741]
805
[0.05455303]
806
[0.33235297]
807
[0.28827894]
808
[0.55940099]
809
[0.65355915]
810
[0.18009724]
811
[0.4906188]
812
[0.68427741]
813
[0.00780785]
814
[0.34303758]
815
[0.29963134]
816
[0.38911498]
817
[0.68427741]
818
[0.45589381]
819
[0.68427741]
820
[0.57542791]
821
[0.41181978]
822
[0.21482223]
823
[0.68427741]
824
[0.64354232]
825
[0.19612416]
826
[0.12667417]
827
[0.11999629]
828
[0.68427741]
829
[0.40848084]
830
[0.68427741]
831
[0.68427741]
832
[0.2221679]
833
[0.04587179]
834
[0.16607368]
835
[0.68427741]
836
[0.00112997]
837
[0.55205532]
838
[0.17809387]
839
[0.68427741]
840
[0.48661207]
841
[0.57275676]
842
[0.26357077]
843
[0.45589381]
844
[0.03585496]
845
[0.68427741]
846
[0.68427741]
847
[0.68427741]
848
[0.49930005]
849
[0.68427741]
850
[0.00112997]
851
[0.65422693]
852
[0.68427741]
853
[0.32367172]
854
[0.68427741]
855
[0.00112997]
856
[0.62083752]
857
[0.31098374]
858
[0.63486107]
859
[0.23886261]
860
[0.21482223]
861
[0.63953559]
862
[0.46924957]
863
[0.16073138]
864
[0.68427741]
865
[0.68427741]
866
[0.54671302]
867
[0.68427741]
868
[0.4565616]
869
[0.68427741]
870
[0.68427741]
871
[0.68427741]
872
[0.23285251]
873
[0.01315016]
874
[0.6562303]
875
[0.38911498]
876
[0.68427741]
877
[0.68427741]
878
[0.52334043]
879
[0.36440681]
880
[0.68427741]
881
[0.68427741]
882
[0.68427741]
883
[0.68427741]
884
[0.57943464]
885
[0.50798129]
886
[0.53001831]
887
[0.68427741]
888
[0.34170201]
889
[0.68427741]
890
[0.51399139]
891
[0.05722419]
892
[0.42918227]
893
[0.28026548]
894
[0.49529332]
895
[0.68427741]
896
[0.18543954]
897
[0.49262216]
898
[0.55472648]
899
[0.68427741]
900
[0.68427741]
901
[0.53135389]
902
[0.68427741]
903
[0.30163471]
904
[0.68427741]
905
[0.68427741]
906
[0.53536062]
907
[0.17809387]
908
[0.37442363]
909
[0.30096692]
910
[0.68427741]
911
[0.66825049]
912
[0.68427741]
913
[0.28961452]
914
[0.45522602]
915
[0.58544474]
916
[0.33569191]
917
[0.45722938]
918
[0.59946829]
919
[0.00981122]
920
[0.3363597]
921
[0.00112997]
922
[0.46924957]
923
[0.60948512]
924
[0.06724101]
925
[0.26156741]
926
[0.68427741]
927
[0.68427741]
928
[0.376427]
929
[0.68427741]
930
[0.26824529]
931
[0.68427741]
932
[0.51799812]
933
[0.40380632]
934
[0.64955242]
935
[0.00847564]
936
[0.14871119]
937
[0.27892991]
938
[0.68027068]
939
[0.68427741]
940
[0.68427741]
941
[0.68427741]
942
[0.08193236]
943
[0.11665735]
944
[0.68427741]
945
[0.34904768]
946
[0.56140436]
947
[0.4732563]
948
[0.60948512]
949
[0.06456986]
950
[0.68427741]
951
[0.10664052]
952
[0.68093847]
953
[0.3817693]
954
[0.45522602]
955
[0.64888463]
956
[0.37175248]
957
[0.01849247]
958
[0.68427741]
959
[0.52267264]
960
[0.68427741]
961
[0.51532697]
962
[0.68427741]
963
[0.56340772]
964
[0.10864389]
965
[0.60681396]
966
[0.16407032]
967
[0.68427741]
968
[0.68160625]
969
[0.68427741]
970
[0.6221731]
971
[0.22817799]
972
[0.53469283]
973
[0.68427741]
974
[0.68427741]
975
[0.33969864]
976
[0.6388678]
977
[0.68427741]
978
[0.68160625]
979
[0.35973229]
980
[0.68427741]
981
[0.68427741]
982
[0.68427741]
983
[0.07592226]
984
[0.2962924]
985
[0.68427741]
986
[0.29028231]
987
[0.06390207]
988
[0.68427741]
989
[0.68427741]
990
[0.64287453]
991
[0.34236979]
992
[0.55806542]
993
[0.01047901]
994
[0.55138753]
995
[0.68427741]
996
[0.06390207]
997
[0.39245392]
998
[0.13535542]
999
[0.38711161]
[1] 8000   11
[1] 8000   11
