LOADING R
R LOADED
[1] "/home/lvanderl/Rlibs2"                         
[2] "/app/software/R/4.3.1-gfbf-2022b/lib/R/library"
[1] "/home/lvanderl/sieveSims"
[1] "xg 1 1"
[1] "histogram binning"
[1] 0.2040344
[1] 0.2040344
[1] "mondrian"
[1] "iso"
[1] 0.2040344
[1] "conditional"
[   10.            11.51395399    13.25711366    15.26417967
    17.57510625    20.23589648    23.29951811    26.82695795
    30.88843596    35.56480306    40.94915062    47.14866363
    54.28675439    62.50551925    71.9685673     82.86427729
    95.40954763   109.8541142    126.48552169   145.63484775
   167.68329368   193.06977289   222.29964825   255.95479227
   294.70517026   339.32217719   390.69399371   449.8432669
   517.94746792   596.36233166   686.648845     790.60432109
   910.29817799  1048.11313415  1206.79264064  1389.49549437
  1599.85871961  1842.06996933  2120.95088792  2442.05309455
  2811.76869797  3237.45754282  3727.59372031  4291.93426013
  4941.71336132  5689.86602902  6551.2855686   7543.12006335
  8685.11373751 10000.        ]
[ 0.07594689  0.07548982  0.08441632  0.08433719  0.09170643  0.07664814
  0.08795497  0.09864694  0.1009634   0.10407785  0.10662137  0.10985511
  0.10770636  0.11021088  0.13074198  0.11562349  0.17788501  0.19642166
  0.19777665  0.18963312  0.13561479  0.20450219  0.21178008  0.32639098
  0.36264472  0.27856694  0.34779435  0.51100062  0.59780479  0.57972515
  0.79572161  0.74678875  0.93657464  1.18285293  0.69826766  1.22551466
  1.74059107  1.98602867  3.10277371  2.4416267   2.64497581  2.54005729
  3.29977959  5.46555076  4.87692537  7.22959917  7.58105033  7.0198933
  9.27743318 12.06067373]
11.513953993264476
0.08685113737513524
0
[0.09880842]
1
[0.21285832]
2
[0.15813098]
3
[0.07132574]
4
[0.17929965]
5
[0.16723199]
6
[0.03829921]
7
[0.11473389]
8
[0.03381778]
9
[0.23252112]
10
[0.14228263]
11
[0.1360145]
12
[0.05739839]
13
[0.19273441]
14
[0.10172558]
15
[0.17934894]
16
[0.03870122]
17
[0.0333773]
18
[0.21699817]
19
[0.11818156]
20
[0.20638252]
21
[0.17100516]
22
[0.13024302]
23
[0.1327888]
24
[0.17260941]
25
[0.19534224]
26
[0.15197573]
27
[0.23125094]
28
[0.16470581]
29
[0.21625132]
30
[0.22320154]
31
[0.1935205]
32
[0.0366664]
33
[0.03433489]
34
[0.19159154]
35
[0.18956051]
36
[0.07393934]
37
[0.05251584]
38
[0.2059726]
39
[0.19910244]
40
[0.20854895]
41
[0.23299636]
42
[0.08197314]
43
[0.07998921]
44
[0.21898441]
45
[0.05563767]
46
[0.19203218]
47
[0.22792765]
48
[0.13383617]
49
[0.17751904]
50
[0.10579818]
51
[0.21655831]
52
[0.04418002]
53
[0.03425034]
54
[0.23252384]
55
[0.05134382]
56
[0.14912197]
57
[0.2279203]
58
[0.14397067]
59
[0.16263075]
60
[0.22828854]
61
[0.19992998]
62
[0.0870549]
63
[0.21897621]
64
[0.11063955]
65
[0.16258832]
66
[0.08486844]
67
[0.1709275]
68
[0.10269819]
69
[0.17674961]
70
[0.06490614]
71
[0.070444]
72
[0.10820851]
73
[0.06541452]
74
[0.23756846]
75
[0.16486794]
76
[0.23760698]
77
[0.16064966]
78
[0.22528807]
79
[0.2332765]
80
[0.08115325]
81
[0.19614196]
82
[0.23602064]
83
[0.1476013]
84
[0.22869406]
85
[0.14546252]
86
[0.13567918]
87
[0.20258271]
88
[0.10567936]
89
[0.20869964]
90
[0.20613249]
91
[0.20128871]
92
[0.19107683]
93
[0.13770076]
94
[0.08485871]
95
[0.22115154]
96
[0.10841261]
97
[0.14515074]
98
[0.12992518]
99
[0.07687109]
100
[0.06144703]
101
[0.17824334]
102
[0.17044772]
103
[0.23209852]
104
[0.16738388]
105
[0.22376831]
106
[0.20944405]
107
[0.23651623]
108
[0.22660288]
109
[0.14296656]
110
[0.13463058]
111
[0.19397616]
112
[0.19647232]
113
[0.23692626]
114
[0.07521033]
115
[0.07871588]
116
[0.13979633]
117
[0.08520125]
118
[0.22725328]
119
[0.08368992]
120
[0.17180992]
121
[0.07628845]
122
[0.03402675]
123
[0.20975735]
124
[0.23156667]
125
[0.18907291]
126
[0.23833334]
127
[0.16342992]
128
[0.08512927]
129
[0.20441992]
130
[0.11235127]
131
[0.21105341]
132
[0.07899664]
133
[0.11808357]
134
[0.21945356]
135
[0.03664339]
136
[0.06762352]
137
[0.13012879]
138
[0.19520928]
139
[0.22094842]
140
[0.15664886]
141
[0.05233007]
142
[0.18331104]
143
[0.23780511]
144
[0.12547777]
145
[0.15318258]
146
[0.22943988]
147
[0.1311901]
148
[0.06955261]
149
[0.22417852]
150
[0.1225362]
151
[0.03475706]
152
[0.23497223]
153
[0.0776804]
154
[0.11056595]
155
[0.2334617]
156
[0.04574181]
157
[0.1780122]
158
[0.03443049]
159
[0.03944041]
160
[0.05451954]
161
[0.18442492]
162
[0.1356009]
163
[0.06612828]
164
[0.20981723]
165
[0.10604119]
166
[0.2340184]
167
[0.21378438]
168
[0.13704656]
169
[0.17968516]
170
[0.06780678]
171
[0.18004983]
172
[0.18145505]
173
[0.04155119]
174
[0.19067111]
175
[0.09573631]
176
[0.1684722]
177
[0.15760537]
178
[0.09083626]
179
[0.05003]
180
[0.2369918]
181
[0.09631122]
182
[0.21775858]
183
[0.21831973]
184
[0.10305954]
185
[0.23463807]
186
[0.21625123]
187
[0.16003567]
188
[0.04595757]
189
[0.17672405]
190
[0.03571069]
191
[0.19288337]
192
[0.09563482]
193
[0.06092506]
194
[0.17732714]
195
[0.23841623]
196
[0.2320123]
197
[0.23245671]
198
[0.17390959]
199
[0.07991926]
200
[0.23077477]
201
[0.18025161]
202
[0.2367568]
203
[0.17200774]
204
[0.0865901]
205
[0.11300584]
206
[0.23448148]
207
[0.23548785]
208
[0.22764492]
209
[0.20301663]
210
[0.08909671]
211
[0.0407002]
212
[0.13656467]
213
[0.19659913]
214
[0.17654211]
215
[0.10668944]
216
[0.23598545]
217
[0.19184581]
218
[0.04189075]
219
[0.23869271]
220
[0.1895869]
221
[0.13542059]
222
[0.05794735]
223
[0.15175771]
224
[0.14211451]
225
[0.13875709]
226
[0.10870468]
227
[0.13871642]
228
[0.15597705]
229
[0.09098589]
230
[0.10564245]
231
[0.0807208]
232
[0.23695966]
233
[0.23250626]
234
[0.2178163]
235
[0.22194869]
236
[0.22337746]
237
[0.08284177]
238
[0.21551408]
239
[0.07686605]
240
[0.21628966]
241
[0.13837079]
242
[0.03395764]
243
[0.11250758]
244
[0.12321444]
245
[0.20212211]
246
[0.17630112]
247
[0.18819457]
248
[0.09245851]
249
[0.05329664]
250
[0.1370824]
251
[0.18420168]
252
[0.21855654]
253
[0.1081523]
254
[0.20674509]
255
[0.16254502]
256
[0.04967039]
257
[0.23591829]
258
[0.18217314]
259
[0.23349849]
260
[0.08063667]
261
[0.03477033]
262
[0.23870902]
263
[0.05388319]
264
[0.12498338]
265
[0.18230741]
266
[0.08669648]
267
[0.1793219]
268
[0.05408429]
269
[0.17415489]
270
[0.18585698]
271
[0.17092241]
272
[0.10315016]
273
[0.03499394]
274
[0.21616024]
275
[0.03965153]
276
[0.07287381]
277
[0.22079186]
278
[0.0564143]
279
[0.16475881]
280
[0.17610949]
281
[0.08042113]
282
[0.10880966]
283
[0.23120532]
284
[0.23547073]
285
[0.20524278]
286
[0.03850548]
287
[0.20817199]
288
[0.04151534]
289
[0.23692641]
290
[0.10761598]
291
[0.13659553]
292
[0.18873519]
293
[0.1411117]
294
[0.23584892]
295
[0.04706427]
296
[0.17148394]
297
[0.23731068]
298
[0.10304783]
299
[0.15357683]
300
[0.23409398]
301
[0.05018946]
302
[0.22457312]
303
[0.0720738]
304
[0.18282279]
305
[0.235345]
306
[0.23202573]
307
[0.05842353]
308
[0.15927312]
309
[0.22826803]
310
[0.11091953]
311
[0.23775702]
312
[0.04150613]
313
[0.23826178]
314
[0.08435881]
315
[0.11476808]
316
[0.10952543]
317
[0.03598395]
318
[0.15668141]
319
[0.12250902]
320
[0.18440735]
321
[0.05466078]
322
[0.22683179]
323
[0.1832441]
324
[0.0665221]
325
[0.07614376]
326
[0.16070445]
327
[0.23869232]
328
[0.12111085]
329
[0.23852934]
330
[0.21082699]
331
[0.0544357]
332
[0.20710673]
333
[0.23039188]
334
[0.23866546]
335
[0.1813355]
336
[0.19705758]
337
[0.03433306]
338
[0.23862116]
339
[0.16123992]
340
[0.20540841]
341
[0.09554009]
342
[0.23760407]
343
[0.22883105]
344
[0.08216082]
345
[0.23414794]
346
[0.06532988]
347
[0.18855937]
348
[0.04609599]
349
[0.0812884]
350
[0.20500655]
351
[0.13788691]
352
[0.22467855]
353
[0.18703169]
354
[0.23753223]
355
[0.12928301]
356
[0.20684769]
357
[0.0457992]
358
[0.04807111]
359
[0.15258755]
360
[0.17358029]
361
[0.19842516]
362
[0.08074401]
363
[0.03677165]
364
[0.09230424]
365
[0.22496051]
366
[0.15577527]
367
[0.10756566]
368
[0.23585063]
369
[0.23854713]
370
[0.14182409]
371
[0.23870828]
372
[0.14973761]
373
[0.22483394]
374
[0.04600843]
375
[0.055925]
376
[0.23127684]
377
[0.03640951]
378
[0.03445514]
379
[0.10404792]
380
[0.14647929]
381
[0.2183395]
382
[0.22209139]
383
[0.08579242]
384
[0.22260412]
385
[0.23819316]
386
[0.23664556]
387
[0.18358414]
388
[0.04377192]
389
[0.23836163]
390
[0.07202704]
391
[0.23863257]
392
[0.06506884]
393
[0.22844498]
394
[0.22340579]
395
[0.22344893]
396
[0.23477625]
397
[0.23048502]
398
[0.15133467]
399
[0.20581507]
400
[0.23432993]
401
[0.19348517]
402
[0.22990941]
403
[0.03494597]
404
[0.12038236]
405
[0.15531623]
406
[0.19245917]
407
[0.09571548]
408
[0.12997919]
409
[0.13409856]
410
[0.15435499]
411
[0.15882957]
412
[0.2386386]
413
[0.13802366]
414
[0.07879838]
415
[0.08269532]
416
[0.08310023]
417
[0.2155561]
418
[0.1370514]
419
[0.22902889]
420
[0.2029306]
421
[0.06953495]
422
[0.18566621]
423
[0.09548084]
424
[0.21698413]
425
[0.19585045]
426
[0.11466306]
427
[0.21004476]
428
[0.22521229]
429
[0.13381052]
430
[0.18759022]
431
[0.03342779]
432
[0.15733624]
433
[0.09085188]
434
[0.16861523]
435
[0.21954867]
436
[0.06161251]
437
[0.22875016]
438
[0.18603429]
439
[0.23584388]
440
[0.13052496]
441
[0.03366373]
442
[0.17506621]
443
[0.13213914]
444
[0.21943823]
445
[0.08675609]
446
[0.13984691]
447
[0.23473955]
448
[0.03575226]
449
[0.22083344]
450
[0.2088565]
451
[0.19058141]
452
[0.22328909]
453
[0.03833304]
454
[0.04167638]
455
[0.05322108]
456
[0.11778752]
457
[0.18433934]
458
[0.19755237]
459
[0.23731053]
460
[0.18135435]
461
[0.20074022]
462
[0.23867334]
463
[0.04309974]
464
[0.11363991]
465
[0.09672618]
466
[0.08676095]
467
[0.06569966]
468
[0.07219831]
469
[0.05435445]
470
[0.13140348]
471
[0.14243493]
472
[0.08557389]
473
[0.11136588]
474
[0.19693897]
475
[0.11923223]
476
[0.23427781]
477
[0.07957871]
478
[0.09131646]
479
[0.10020214]
480
[0.09878186]
481
[0.21613816]
482
[0.19000683]
483
[0.11557963]
484
[0.23430141]
485
[0.23818568]
486
[0.1455059]
487
[0.10797041]
488
[0.17894199]
489
[0.22978953]
490
[0.18677561]
491
[0.16438042]
492
[0.04742307]
493
[0.23202455]
494
[0.18959482]
495
[0.19980672]
496
[0.15043788]
497
[0.2300314]
498
[0.20835529]
499
[0.20073669]
500
[0.06532655]
501
[0.04208169]
502
[0.21339186]
503
[0.21650501]
504
[0.19183904]
505
[0.14040437]
506
[0.06754468]
507
[0.04004304]
508
[0.23011168]
509
[0.23086626]
510
[0.10448273]
511
[0.07687519]
512
[0.1927371]
513
[0.09502316]
514
[0.07349645]
515
[0.2362923]
516
[0.15129517]
517
[0.22408339]
518
[0.12029767]
519
[0.15883928]
520
[0.21020843]
521
[0.21201312]
522
[0.04625965]
523
[0.03816602]
524
[0.2220452]
525
[0.09812382]
526
[0.03620406]
527
[0.07608018]
528
[0.20737201]
529
[0.20022606]
530
[0.03982232]
531
[0.14386438]
532
[0.04270277]
533
[0.186288]
534
[0.04242228]
535
[0.08920242]
536
[0.18263962]
537
[0.23708963]
538
[0.21961226]
539
[0.17595468]
540
[0.23052675]
541
[0.23566136]
542
[0.18152417]
543
[0.13284381]
544
[0.08140681]
545
[0.03541581]
546
[0.07661536]
547
[0.15618903]
548
[0.23252558]
549
[0.10733431]
550
[0.14900413]
551
[0.21669178]
552
[0.07854073]
553
[0.1114212]
554
[0.04853748]
555
[0.20914016]
556
[0.17217909]
557
[0.21239712]
558
[0.18085765]
559
[0.17315149]
560
[0.07846782]
561
[0.20263838]
562
[0.22221164]
563
[0.21311327]
564
[0.14283542]
565
[0.22936123]
566
[0.06439512]
567
[0.03997036]
568
[0.1979671]
569
[0.22904469]
570
[0.1421871]
571
[0.1233417]
572
[0.11088282]
573
[0.17797375]
574
[0.03761657]
575
[0.21904501]
576
[0.22237103]
577
[0.04889656]
578
[0.03455292]
579
[0.0832599]
580
[0.23850695]
581
[0.03356534]
582
[0.03600795]
583
[0.1046339]
584
[0.22372626]
585
[0.1478844]
586
[0.05736635]
587
[0.23218787]
588
[0.1288041]
589
[0.23275823]
590
[0.22108401]
591
[0.12343146]
592
[0.04974591]
593
[0.10605569]
594
[0.21762458]
595
[0.19700052]
596
[0.23412622]
597
[0.23184858]
598
[0.03486836]
599
[0.14827839]
600
[0.23481642]
601
[0.22195801]
602
[0.10572393]
603
[0.03593673]
604
[0.12472278]
605
[0.23843662]
606
[0.227856]
607
[0.07376984]
608
[0.17240654]
609
[0.23777322]
610
[0.23713122]
611
[0.04484447]
612
[0.22835466]
613
[0.15672016]
614
[0.03592014]
615
[0.06458647]
616
[0.13757956]
617
[0.09034152]
618
[0.21922019]
619
[0.05382951]
620
[0.11432088]
621
[0.079575]
622
[0.06895539]
623
[0.2327778]
624
[0.16859543]
625
[0.23270507]
626
[0.17403914]
627
[0.23860441]
628
[0.0336343]
629
[0.16027704]
630
[0.16060798]
631
[0.06696984]
632
[0.19638866]
633
[0.15956912]
634
[0.23391541]
635
[0.09700944]
636
[0.03655437]
637
[0.03375735]
638
[0.23847156]
639
[0.16152708]
640
[0.09421091]
641
[0.22641663]
642
[0.14962228]
643
[0.17067955]
644
[0.05838762]
645
[0.23869243]
646
[0.16438491]
647
[0.11999089]
648
[0.22134134]
649
[0.03595316]
650
[0.23247683]
651
[0.21393308]
652
[0.13995753]
653
[0.08019207]
654
[0.23672193]
655
[0.20031684]
656
[0.1617815]
657
[0.23438874]
658
[0.06679409]
659
[0.06236855]
660
[0.03720841]
661
[0.20353949]
662
[0.19073595]
663
[0.23190083]
664
[0.23544351]
665
[0.07159121]
666
[0.10552447]
667
[0.1811995]
668
[0.21667403]
669
[0.17834393]
670
[0.15491559]
671
[0.07864356]
672
[0.10828634]
673
[0.21032822]
674
[0.08576107]
675
[0.15305693]
676
[0.22570085]
677
[0.23003672]
678
[0.23785501]
679
[0.07299059]
680
[0.19687834]
681
[0.17077475]
682
[0.12815611]
683
[0.13523588]
684
[0.09816047]
685
[0.04639493]
686
[0.20942953]
687
[0.23771242]
688
[0.1613323]
689
[0.03723207]
690
[0.22522474]
691
[0.04139348]
692
[0.15176401]
693
[0.23497546]
694
[0.12605016]
695
[0.23758031]
696
[0.15687428]
697
[0.0668195]
698
[0.21041197]
699
[0.20708449]
700
[0.17493687]
701
[0.11448064]
702
[0.0383789]
703
[0.04533385]
704
[0.15653687]
705
[0.06649275]
706
[0.10486706]
707
[0.04696794]
708
[0.13585163]
709
[0.23858664]
710
[0.23446468]
711
[0.18994642]
712
[0.22855583]
713
[0.194088]
714
[0.23718799]
715
[0.17760898]
716
[0.03897353]
717
[0.13166054]
718
[0.1120429]
719
[0.23669633]
720
[0.10319276]
721
[0.23167347]
722
[0.21398218]
723
[0.16580072]
724
[0.08761109]
725
[0.2202904]
726
[0.06238878]
727
[0.12520439]
728
[0.05283976]
729
[0.12329421]
730
[0.07009972]
731
[0.21880403]
732
[0.09628234]
733
[0.22423323]
734
[0.22339226]
735
[0.22097667]
736
[0.2378235]
737
[0.09508232]
738
[0.23834801]
739
[0.18265056]
740
[0.07124261]
741
[0.13837721]
742
[0.11931883]
743
[0.18861897]
744
[0.08077395]
745
[0.18819381]
746
[0.16447535]
747
[0.15471078]
748
[0.22833301]
749
[0.08242924]
750
[0.18606996]
751
[0.23868803]
752
[0.16934267]
753
[0.13620745]
754
[0.07893989]
755
[0.12639057]
756
[0.2383322]
757
[0.18080238]
758
[0.22821557]
759
[0.04356555]
760
[0.23663513]
761
[0.13476416]
762
[0.22276357]
763
[0.06710244]
764
[0.03948424]
765
[0.08267957]
766
[0.20862617]
767
[0.2062981]
768
[0.052744]
769
[0.15224648]
770
[0.10803378]
771
[0.1129844]
772
[0.09792418]
773
[0.09636943]
774
[0.16472014]
775
[0.17412615]
776
[0.06935884]
777
[0.21499212]
778
[0.07473051]
779
[0.12422606]
780
[0.21929388]
781
[0.0393112]
782
[0.0433535]
783
[0.19290729]
784
[0.20337331]
785
[0.08321791]
786
[0.20097265]
787
[0.22562225]
788
[0.23249136]
789
[0.23869387]
790
[0.09147217]
791
[0.08827722]
792
[0.22516664]
793
[0.09279522]
794
[0.21024515]
795
[0.05135205]
796
[0.19788473]
797
[0.04810462]
798
[0.20306099]
799
[0.23076906]
800
[0.08646666]
801
[0.1972156]
802
[0.23793884]
803
[0.13606694]
804
[0.07033005]
805
[0.05117741]
806
[0.18753638]
807
[0.16929097]
808
[0.17247924]
809
[0.14624232]
810
[0.0543196]
811
[0.0389025]
812
[0.23871126]
813
[0.16646057]
814
[0.04595566]
815
[0.05335311]
816
[0.21534798]
817
[0.19219924]
818
[0.21974784]
819
[0.09708095]
820
[0.20007785]
821
[0.09296044]
822
[0.22536469]
823
[0.1277583]
824
[0.04147952]
825
[0.23425717]
826
[0.1468342]
827
[0.11245201]
828
[0.2180796]
829
[0.23223802]
830
[0.18100821]
831
[0.23615038]
832
[0.19940213]
833
[0.23147525]
834
[0.0381701]
835
[0.2339198]
836
[0.23657051]
837
[0.05447399]
838
[0.23835576]
839
[0.14633889]
840
[0.20120707]
841
[0.2386492]
842
[0.16118679]
843
[0.19340635]
844
[0.11946796]
845
[0.09698028]
846
[0.12369895]
847
[0.23864598]
848
[0.09722634]
849
[0.09999399]
850
[0.12233062]
851
[0.06713603]
852
[0.11739908]
853
[0.20349163]
854
[0.09088439]
855
[0.23351588]
856
[0.11218127]
857
[0.07029508]
858
[0.23578995]
859
[0.23395939]
860
[0.09741194]
861
[0.04662857]
862
[0.05321565]
863
[0.21412391]
864
[0.22349793]
865
[0.13716555]
866
[0.20805312]
867
[0.23410072]
868
[0.05111122]
869
[0.13838659]
870
[0.23150156]
871
[0.06538888]
872
[0.2368104]
873
[0.23687767]
874
[0.09425858]
875
[0.19968686]
876
[0.11723265]
877
[0.1136091]
878
[0.23144]
879
[0.10577293]
880
[0.19173672]
881
[0.06749477]
882
[0.09275939]
883
[0.14845772]
884
[0.16810932]
885
[0.21446658]
886
[0.20660465]
887
[0.11283919]
888
[0.083215]
889
[0.21511496]
890
[0.23456768]
891
[0.21671252]
892
[0.2012035]
893
[0.19590956]
894
[0.23795191]
895
[0.05503249]
896
[0.16977614]
897
[0.1668068]
898
[0.11934587]
899
[0.03976286]
900
[0.22079074]
901
[0.22106807]
902
[0.05936074]
903
[0.04778038]
904
[0.11132303]
905
[0.07976413]
906
[0.22837722]
907
[0.07387597]
908
[0.21725173]
909
[0.23741509]
910
[0.21988188]
911
[0.18523877]
912
[0.0349488]
913
[0.20938435]
914
[0.13808327]
915
[0.04127647]
916
[0.04557987]
917
[0.10609829]
918
[0.05428538]
919
[0.22906217]
920
[0.18738647]
921
[0.12133765]
922
[0.0398063]
923
[0.10321126]
924
[0.16540909]
925
[0.04192366]
926
[0.06252499]
927
[0.1327947]
928
[0.22534852]
929
[0.05634113]
930
[0.17761275]
931
[0.23667452]
932
[0.03561982]
933
[0.10446057]
934
[0.14999538]
935
[0.23649783]
936
[0.08446216]
937
[0.10216338]
938
[0.23666544]
939
[0.20699236]
940
[0.11568581]
941
[0.22340375]
942
[0.05262222]
943
[0.04768927]
944
[0.23722648]
945
[0.072722]
946
[0.10689184]
947
[0.03695426]
948
[0.08586362]
949
[0.21860812]
950
[0.19464716]
951
[0.18969188]
952
[0.14663525]
953
[0.12367382]
954
[0.21576833]
955
[0.23139237]
956
[0.21093542]
957
[0.0825654]
958
[0.03947392]
959
[0.18275962]
960
[0.05137511]
961
[0.20736019]
962
[0.18995581]
963
[0.18333784]
964
[0.21054052]
965
[0.05633226]
966
[0.04664955]
967
[0.13220363]
968
[0.23139764]
969
[0.19048773]
970
[0.06176194]
971
[0.15111834]
972
[0.12507919]
973
[0.22930502]
974
[0.0403082]
975
[0.22046373]
976
[0.14331604]
977
[0.0685014]
978
[0.05686971]
979
[0.15203574]
980
[0.19702372]
981
[0.04033045]
982
[0.20835361]
983
[0.2283222]
984
[0.17135986]
985
[0.1457919]
986
[0.19588377]
987
[0.17132753]
988
[0.16408407]
989
[0.17983739]
990
[0.17071101]
991
[0.16704135]
992
[0.15837808]
993
[0.12235574]
994
[0.13280401]
995
[0.1172883]
996
[0.23685194]
997
[0.1718138]
998
[0.18631657]
999
[0.22589462]
1000
[0.21288612]
1001
[0.15405261]
1002
[0.20447452]
1003
[0.13553974]
1004
[0.05279123]
1005
[0.23871022]
1006
[0.23569031]
1007
[0.22535653]
1008
[0.20612012]
1009
[0.04588426]
1010
[0.18755081]
1011
[0.03344287]
1012
[0.0390777]
1013
[0.23713896]
1014
[0.03291566]
1015
[0.05823141]
1016
[0.13466287]
1017
[0.07958949]
1018
[0.23852401]
1019
[0.04282932]
1020
[0.21770792]
1021
[0.20283999]
1022
[0.17224787]
1023
[0.18545129]
1024
[0.23585666]
1025
[0.20739236]
1026
[0.15977234]
1027
[0.23099155]
1028
[0.21970183]
1029
[0.04244751]
1030
[0.21890448]
1031
[0.06204976]
1032
[0.22553783]
1033
[0.12094564]
1034
[0.06984913]
1035
[0.22185357]
1036
[0.16608187]
1037
[0.03584945]
1038
[0.17153617]
1039
[0.21137778]
1040
[0.04129354]
1041
[0.19415263]
1042
[0.04874475]
1043
[0.04738447]
1044
[0.03641428]
1045
[0.056014]
1046
[0.22791639]
1047
[0.1462641]
1048
[0.07863542]
1049
[0.20817726]
1050
[0.07387527]
1051
[0.1960038]
1052
[0.20270136]
1053
[0.17484864]
1054
[0.19132835]
1055
[0.0761738]
1056
[0.14861437]
1057
[0.17255877]
1058
[0.1306928]
1059
[0.10622059]
1060
[0.20401682]
1061
[0.23459322]
1062
[0.22363088]
1063
[0.23430233]
1064
[0.09858874]
1065
[0.04679117]
1066
[0.23744394]
1067
[0.03359968]
1068
[0.13553308]
1069
[0.12787702]
1070
[0.04864912]
1071
[0.23843357]
1072
[0.23064991]
1073
[0.20893808]
1074
[0.06327017]
1075
[0.18374785]
1076
[0.1906706]
1077
[0.2279742]
1078
[0.15088798]
1079
[0.15861874]
1080
[0.05843529]
1081
[0.23258557]
1082
[0.15670987]
1083
[0.13646319]
1084
[0.23865865]
1085
[0.22938081]
1086
[0.16447745]
1087
[0.0601512]
1088
[0.17497074]
1089
[0.07790039]
1090
[0.16266815]
1091
[0.23016798]
1092
[0.2104335]
1093
[0.04789738]
1094
[0.10641462]
1095
[0.23313336]
1096
[0.23571356]
1097
[0.04633497]
1098
[0.03943255]
1099
[0.23802332]
1100
[0.11783367]
1101
[0.17588687]
1102
[0.20195026]
1103
[0.09675061]
1104
[0.23608408]
1105
[0.2372535]
1106
[0.20910099]
1107
[0.18923824]
1108
[0.12613504]
1109
[0.15415951]
1110
[0.19418188]
1111
[0.23687809]
1112
[0.03469351]
1113
[0.09670305]
1114
[0.06151273]
1115
[0.23667294]
1116
[0.04018533]
1117
[0.16165129]
1118
[0.13389207]
1119
[0.04183318]
1120
[0.23529885]
1121
[0.04778442]
1122
[0.21866014]
1123
[0.11826506]
1124
[0.08500974]
1125
[0.05185939]
1126
[0.04726936]
1127
[0.14026514]
1128
[0.07488118]
1129
[0.14978277]
1130
[0.23027961]
1131
[0.06577733]
1132
[0.17440426]
1133
[0.16798579]
1134
[0.09449209]
1135
[0.19245486]
1136
[0.133633]
1137
[0.17974644]
1138
[0.18313856]
1139
[0.15985954]
1140
[0.21452637]
1141
[0.14468797]
1142
[0.20134365]
1143
[0.08707174]
1144
[0.17530462]
1145
[0.0383419]
1146
[0.17417719]
1147
[0.23759483]
1148
[0.04263383]
1149
[0.06307464]
1150
[0.0492596]
1151
[0.09439399]
1152
[0.23715276]
1153
[0.05724822]
1154
[0.15880365]
1155
[0.11218839]
1156
[0.17883987]
1157
[0.13991123]
1158
[0.05435673]
1159
[0.07483889]
1160
[0.21627549]
1161
[0.08765492]
1162
[0.07783215]
1163
[0.22919139]
1164
[0.10570599]
1165
[0.0529228]
1166
[0.22609685]
1167
[0.11935615]
1168
[0.09839087]
1169
[0.0463934]
1170
[0.22201596]
1171
[0.05960302]
1172
[0.05979359]
1173
[0.14345112]
1174
[0.09422513]
1175
[0.13903063]
1176
[0.21276756]
1177
[0.18869053]
1178
[0.22186726]
1179
[0.16336993]
1180
[0.20846834]
1181
[0.17969029]
1182
[0.03597783]
1183
[0.13208808]
1184
[0.17834999]
1185
[0.03518978]
1186
[0.03415559]
1187
[0.12399863]
1188
[0.19127506]
1189
[0.06346287]
1190
[0.232688]
1191
[0.12347384]
1192
[0.0565993]
1193
[0.09663511]
1194
[0.22438577]
1195
[0.21273988]
1196
[0.15486832]
1197
[0.21669274]
1198
[0.11827307]
1199
[0.16206117]
1200
[0.14903257]
1201
[0.08808182]
1202
[0.22700026]
1203
[0.23277297]
1204
[0.11960648]
1205
[0.15680362]
1206
[0.18541779]
1207
[0.12110863]
1208
[0.0904658]
1209
[0.21846699]
1210
[0.08127409]
1211
[0.14032835]
1212
[0.15635571]
1213
[0.09731049]
1214
[0.1397815]
1215
[0.22292734]
1216
[0.07119765]
1217
[0.20337128]
1218
[0.08214049]
1219
[0.13604598]
1220
[0.20440093]
1221
[0.20167889]
1222
[0.15406273]
1223
[0.20987778]
1224
[0.03690519]
1225
[0.16773071]
1226
[0.06874659]
1227
[0.10107863]
1228
[0.23731021]
1229
[0.21711544]
1230
[0.04599401]
1231
[0.13976363]
1232
[0.17780733]
1233
[0.15772792]
1234
[0.22683134]
1235
[0.21322995]
1236
[0.22748899]
1237
[0.050304]
1238
[0.18649069]
1239
[0.18359]
1240
[0.0600678]
1241
[0.20073449]
1242
[0.05429296]
1243
[0.18817604]
1244
[0.14430175]
1245
[0.03610001]
1246
[0.21125502]
1247
[0.07906096]
1248
[0.06332094]
1249
[0.21019534]
1250
[0.23784603]
1251
[0.11955162]
1252
[0.1439612]
1253
[0.03786859]
1254
[0.03691947]
1255
[0.10123049]
1256
[0.04786408]
1257
[0.11718882]
1258
[0.04518417]
1259
[0.10977938]
1260
[0.21263944]
1261
[0.10861595]
1262
[0.22393137]
1263
[0.03342761]
1264
[0.22228341]
1265
[0.04543765]
1266
[0.13383673]
1267
[0.17100338]
1268
[0.20912312]
1269
[0.23587304]
1270
[0.23839522]
1271
[0.05524762]
1272
[0.13438601]
1273
[0.23538322]
1274
[0.09843536]
1275
[0.19080803]
1276
[0.07222132]
1277
[0.07888952]
1278
[0.22690443]
1279
[0.23863965]
1280
[0.20574492]
1281
[0.10099677]
1282
[0.15083875]
1283
[0.17162302]
1284
[0.20724766]
1285
[0.08703138]
1286
[0.23186452]
1287
[0.08484847]
1288
[0.23233741]
1289
[0.04751752]
1290
[0.19350042]
1291
[0.23595488]
1292
[0.21937094]
1293
[0.09783504]
1294
[0.10996608]
1295
[0.19013219]
1296
[0.09226924]
1297
[0.22936842]
1298
[0.04566488]
1299
[0.08999274]
1300
[0.09286755]
1301
[0.19868378]
1302
[0.22350804]
1303
[0.04907946]
1304
[0.23431482]
1305
[0.10702599]
1306
[0.21797213]
1307
[0.15532001]
1308
[0.07165899]
1309
[0.0638659]
1310
[0.18878065]
1311
[0.17860516]
1312
[0.07863879]
1313
[0.23499228]
1314
[0.04768683]
1315
[0.21784379]
1316
[0.1997216]
1317
[0.16046757]
1318
[0.04593305]
1319
[0.04753372]
1320
[0.18544559]
1321
[0.19632991]
1322
[0.08922631]
1323
[0.10503765]
1324
[0.089374]
1325
[0.23635104]
1326
[0.2385894]
1327
[0.23044757]
1328
[0.12270462]
1329
[0.23131812]
1330
[0.03732781]
1331
[0.03357069]
1332
[0.16225523]
1333
[0.03445337]
1334
[0.04206919]
1335
[0.12604495]
1336
[0.18795076]
1337
[0.11198114]
1338
[0.23845431]
1339
[0.20290163]
1340
[0.13319369]
1341
[0.21894795]
1342
[0.03915102]
1343
[0.04333046]
1344
[0.07994251]
1345
[0.14700809]
1346
[0.04085328]
1347
[0.16112569]
1348
[0.1012878]
1349
[0.0434978]
1350
[0.23562048]
1351
[0.15626345]
1352
[0.04951025]
1353
[0.17335847]
1354
[0.04336854]
1355
[0.07614969]
1356
[0.08021167]
1357
[0.05142862]
1358
[0.23504218]
1359
[0.22165616]
1360
[0.23870903]
1361
[0.23188705]
1362
[0.17528198]
1363
[0.04616327]
1364
[0.16444347]
1365
[0.09358807]
1366
[0.15847238]
1367
[0.09728344]
1368
[0.13465132]
1369
[0.03883604]
1370
[0.0497411]
1371
[0.17569777]
1372
[0.03947313]
1373
[0.18455023]
1374
[0.14769038]
1375
[0.21809181]
1376
[0.1241244]
1377
[0.03434912]
1378
[0.04160788]
1379
[0.20281792]
1380
[0.17998898]
1381
[0.1384124]
1382
[0.06178141]
1383
[0.23861658]
1384
[0.22744898]
1385
[0.12733075]
1386
[0.16843763]
1387
[0.19572218]
1388
[0.08286086]
1389
[0.14069558]
1390
[0.16449475]
1391
[0.11960223]
1392
[0.05533756]
1393
[0.1094038]
1394
[0.1424838]
1395
[0.03793551]
1396
[0.15269218]
1397
[0.04527788]
1398
[0.12145405]
1399
[0.18143565]
1400
[0.12328035]
1401
[0.05557987]
1402
[0.21039222]
1403
[0.09817509]
1404
[0.23809241]
1405
[0.23851676]
1406
[0.19847941]
1407
[0.23869761]
1408
[0.21039058]
1409
[0.12651897]
1410
[0.03875386]
1411
[0.23867693]
1412
[0.23765289]
1413
[0.1029818]
1414
[0.08299647]
1415
[0.11438492]
1416
[0.23598648]
1417
[0.17389217]
1418
[0.05526637]
1419
[0.09900033]
1420
[0.06016013]
1421
[0.16395305]
1422
[0.15282124]
1423
[0.13129074]
1424
[0.22842358]
1425
[0.06749737]
1426
[0.09403019]
1427
[0.23560046]
1428
[0.15684158]
1429
[0.05603681]
1430
[0.06088855]
1431
[0.23296879]
1432
[0.2045811]
1433
[0.1761161]
1434
[0.22934901]
1435
[0.08155466]
1436
[0.09157569]
1437
[0.16909248]
1438
[0.04710586]
1439
[0.03764015]
1440
[0.08414814]
1441
[0.16834578]
1442
[0.22685457]
1443
[0.16269989]
1444
[0.07493173]
1445
[0.22303223]
1446
[0.13026288]
1447
[0.23871059]
1448
[0.0785491]
1449
[0.12165531]
1450
[0.22765636]
1451
[0.23808732]
1452
[0.19539259]
1453
[0.04008655]
1454
[0.18461909]
1455
[0.1781591]
1456
[0.15756826]
1457
[0.14061328]
1458
[0.12939561]
1459
[0.15705443]
1460
[0.07162769]
1461
[0.20439382]
1462
[0.11075366]
1463
[0.20255196]
1464
[0.23053236]
1465
[0.23728055]
1466
[0.11260761]
1467
[0.10138063]
1468
[0.13692131]
1469
[0.07637028]
1470
[0.21517971]
1471
[0.17456342]
1472
[0.2374322]
1473
[0.18094472]
1474
[0.10857769]
1475
[0.05367901]
1476
[0.08119417]
1477
[0.0374662]
1478
[0.22006071]
1479
[0.22116496]
1480
[0.13998784]
1481
[0.22278048]
1482
[0.23837462]
1483
[0.03321281]
1484
[0.1033829]
1485
[0.0571399]
1486
[0.06847916]
1487
[0.05880467]
1488
[0.04944693]
1489
[0.18934999]
1490
[0.23105908]
1491
[0.10808066]
1492
[0.23584354]
1493
[0.20306472]
1494
[0.23701503]
1495
[0.07134915]
1496
[0.19619226]
1497
[0.03945284]
1498
[0.23790691]
1499
[0.19778725]
1500
[0.16163374]
1501
[0.03780966]
1502
[0.23665182]
1503
[0.08540873]
1504
[0.04391334]
1505
[0.0376354]
1506
[0.19067698]
1507
[0.04148564]
1508
[0.23862438]
1509
[0.04606848]
1510
[0.2367689]
1511
[0.18989869]
1512
[0.04120367]
1513
[0.0578892]
1514
[0.21024258]
1515
[0.03394901]
1516
[0.0679225]
1517
[0.06724502]
1518
[0.23706903]
1519
[0.16703756]
1520
[0.05423952]
1521
[0.076773]
1522
[0.16041121]
1523
[0.070204]
1524
[0.06647532]
1525
[0.20225841]
1526
[0.05867505]
1527
[0.12287784]
1528
[0.22811194]
1529
[0.16613363]
1530
[0.2119073]
1531
[0.22395782]
1532
[0.23456476]
1533
[0.22022008]
1534
[0.11707132]
1535
[0.17067187]
1536
[0.16615125]
1537
[0.20050621]
1538
[0.19111076]
1539
[0.128096]
1540
[0.16964592]
1541
[0.14740245]
1542
[0.20971023]
1543
[0.03397278]
1544
[0.09219307]
1545
[0.23869173]
1546
[0.17661549]
1547
[0.08463701]
1548
[0.23639754]
1549
[0.04625197]
1550
[0.20287508]
1551
[0.03645913]
1552
[0.18703466]
1553
[0.23761175]
1554
[0.19628737]
1555
[0.22292393]
1556
[0.23708354]
1557
[0.12677398]
1558
[0.0456938]
1559
[0.12793574]
1560
[0.09361071]
1561
[0.20082096]
1562
[0.22709224]
1563
[0.03395686]
1564
[0.21459715]
1565
[0.18878795]
1566
[0.23827655]
1567
[0.16424702]
1568
[0.14323232]
1569
[0.08169724]
1570
[0.23132786]
1571
[0.23676151]
1572
[0.0391291]
1573
[0.03515689]
1574
[0.13558823]
1575
[0.16235128]
1576
[0.08863456]
1577
[0.14566403]
1578
[0.18386113]
1579
[0.23826339]
1580
[0.04584402]
1581
[0.06035574]
1582
[0.0884302]
1583
[0.23846344]
1584
[0.06285715]
1585
[0.04581163]
1586
[0.11423836]
1587
[0.03695205]
1588
[0.23235575]
1589
[0.1832506]
1590
[0.09314774]
1591
[0.13981387]
1592
[0.20339552]
1593
[0.14826309]
1594
[0.18275302]
1595
[0.14046128]
1596
[0.23407762]
1597
[0.22713526]
1598
[0.06143978]
1599
[0.1053378]
1600
[0.1685481]
1601
[0.11969052]
1602
[0.23780666]
1603
[0.19992725]
1604
[0.03543562]
1605
[0.23046071]
1606
[0.2290474]
1607
[0.04868776]
1608
[0.04696726]
1609
[0.13018513]
1610
[0.13997137]
1611
[0.09414596]
1612
[0.12492608]
1613
[0.11391713]
1614
[0.13986775]
1615
[0.05118416]
1616
[0.17119171]
1617
[0.22318405]
1618
[0.20132971]
1619
[0.13107316]
1620
[0.21989359]
1621
[0.10999996]
1622
[0.17081835]
1623
[0.2088649]
1624
[0.06864149]
1625
[0.15193953]
1626
[0.23637539]
1627
[0.16614579]
1628
[0.07080238]
1629
[0.04726302]
1630
[0.14463442]
1631
[0.04498062]
1632
[0.06341138]
1633
[0.11855732]
1634
[0.11915746]
1635
[0.11870461]
1636
[0.1193647]
1637
[0.13816737]
1638
[0.22534543]
1639
[0.06129586]
1640
[0.22112231]
1641
[0.23705159]
1642
[0.22188835]
1643
[0.14778727]
1644
[0.23823218]
1645
[0.13254388]
1646
[0.07125443]
1647
[0.0787182]
1648
[0.12084535]
1649
[0.23008884]
1650
[0.04992191]
1651
[0.20848649]
1652
[0.22892895]
1653
[0.04230843]
1654
[0.12258627]
1655
[0.21227611]
1656
[0.13398867]
1657
[0.0872854]
1658
[0.03345081]
1659
[0.23476664]
1660
[0.13146301]
1661
[0.03652763]
1662
[0.23671257]
1663
[0.22649471]
1664
[0.20834647]
1665
[0.19886246]
1666
[0.23485964]
1667
[0.2335175]
1668
[0.09905203]
1669
[0.21380327]
1670
[0.04390361]
1671
[0.23033118]
1672
[0.03590737]
1673
[0.12872522]
1674
[0.08494233]
1675
[0.10204773]
1676
[0.19947246]
1677
[0.19092458]
1678
[0.17647904]
1679
[0.04243118]
1680
[0.15025112]
1681
[0.05592154]
1682
[0.03327004]
1683
[0.10837812]
1684
[0.09317567]
1685
[0.15927013]
1686
[0.21280137]
1687
[0.066605]
1688
[0.21288292]
1689
[0.08555988]
1690
[0.1014068]
1691
[0.0480293]
1692
[0.23742657]
1693
[0.18858836]
1694
[0.15627963]
1695
[0.13849143]
1696
[0.04392227]
1697
[0.20077843]
1698
[0.04848218]
1699
[0.15937163]
1700
[0.22639914]
1701
[0.23841094]
1702
[0.05216644]
1703
[0.13750983]
1704
[0.12434915]
1705
[0.13812163]
1706
[0.20788761]
1707
[0.096816]
1708
[0.05128259]
1709
[0.15956352]
1710
[0.09463775]
1711
[0.19005907]
1712
[0.23355363]
1713
[0.12954451]
1714
[0.22406813]
1715
[0.20995687]
1716
[0.19123341]
1717
[0.21748655]
1718
[0.2205742]
1719
[0.17578195]
1720
[0.07963604]
1721
[0.05869554]
1722
[0.08572784]
1723
[0.23783987]
1724
[0.18722501]
1725
[0.1449738]
1726
[0.07892153]
1727
[0.06890992]
1728
[0.23850579]
1729
[0.22665169]
1730
[0.16013418]
1731
[0.08756119]
1732
[0.20723915]
1733
[0.06159801]
1734
[0.03445101]
1735
[0.18818106]
1736
[0.08253012]
1737
[0.09568428]
1738
[0.18514581]
1739
[0.17070324]
1740
[0.23183515]
1741
[0.10610153]
1742
[0.04806063]
1743
[0.05317126]
1744
[0.0568711]
1745
[0.21941119]
1746
[0.16374936]
1747
[0.08915166]
1748
[0.1296509]
1749
[0.16713105]
1750
[0.20486346]
1751
[0.23145519]
1752
[0.10089019]
1753
[0.20084316]
1754
[0.13727197]
1755
[0.03992817]
1756
[0.23817937]
1757
[0.11547747]
1758
[0.2089956]
1759
[0.15413541]
1760
[0.15536337]
1761
[0.16977273]
1762
[0.17680432]
1763
[0.060666]
1764
[0.0360392]
1765
[0.04707556]
1766
[0.0635152]
1767
[0.17981655]
1768
[0.10524571]
1769
[0.18496413]
1770
[0.0986095]
1771
[0.03908126]
1772
[0.22391368]
1773
[0.2383714]
1774
[0.14172572]
1775
[0.15463897]
1776
[0.17276666]
1777
[0.07834274]
1778
[0.05376884]
1779
[0.23777639]
1780
[0.15668832]
1781
[0.11861846]
1782
[0.03886356]
1783
[0.14708612]
1784
[0.07717257]
1785
[0.03795608]
1786
[0.23837938]
1787
[0.15288249]
1788
[0.16752821]
1789
[0.14376119]
1790
[0.11495349]
1791
[0.06350373]
1792
[0.16331343]
1793
[0.20616281]
1794
[0.17964117]
1795
[0.23863105]
1796
[0.13759077]
1797
[0.0390878]
1798
[0.10920118]
1799
[0.05966985]
1800
[0.15516313]
1801
[0.23860751]
1802
[0.0761516]
1803
[0.2008517]
1804
[0.15713605]
1805
[0.12789501]
1806
[0.04272417]
1807
[0.22491176]
1808
[0.1756263]
1809
[0.17480529]
1810
[0.05668262]
1811
[0.10346454]
1812
[0.12257467]
1813
[0.03971042]
1814
[0.0337577]
1815
[0.15704993]
1816
[0.19475921]
1817
[0.1907518]
1818
[0.20765209]
1819
[0.23165827]
1820
[0.04292795]
1821
[0.13584256]
1822
[0.07974197]
1823
[0.03524465]
1824
[0.21502728]
1825
[0.08282385]
1826
[0.2277622]
1827
[0.08708236]
1828
[0.12258263]
1829
[0.14542866]
1830
[0.06618516]
1831
[0.04827312]
1832
[0.23665572]
1833
[0.20611042]
1834
[0.23458301]
1835
[0.23734523]
1836
[0.23617282]
1837
[0.22398241]
1838
[0.13785161]
1839
[0.15094427]
1840
[0.09766388]
1841
[0.15354732]
1842
[0.1773784]
1843
[0.09694425]
1844
[0.23223003]
1845
[0.19627421]
1846
[0.10132937]
1847
[0.23867565]
1848
[0.07101223]
1849
[0.03344945]
1850
[0.21843005]
1851
[0.10641816]
1852
[0.0479463]
1853
[0.19008962]
1854
[0.15687159]
1855
[0.0577096]
1856
[0.07743417]
1857
[0.23564373]
1858
[0.10575543]
1859
[0.18756875]
1860
[0.03425643]
1861
[0.21184537]
1862
[0.06705799]
1863
[0.15027057]
1864
[0.03401276]
1865
[0.13017621]
1866
[0.15104443]
1867
[0.0779917]
1868
[0.17093639]
1869
[0.22717309]
1870
[0.2056032]
1871
[0.12046016]
1872
[0.05923141]
1873
[0.1510779]
1874
[0.23780135]
1875
[0.18375005]
1876
[0.09137123]
1877
[0.05304488]
1878
[0.17511913]
1879
[0.22491676]
1880
[0.2323415]
1881
[0.23506204]
1882
[0.22034313]
1883
[0.07398986]
1884
[0.16761226]
1885
[0.17081579]
1886
[0.13707729]
1887
[0.14334232]
1888
[0.23124214]
1889
[0.05533344]
1890
[0.03773777]
1891
[0.09340559]
1892
[0.11406773]
1893
[0.17629575]
1894
[0.21032702]
1895
[0.17552103]
1896
[0.23363903]
1897
[0.04942541]
1898
[0.23755934]
1899
[0.1403802]
1900
[0.05152638]
1901
[0.23258817]
1902
[0.18203213]
1903
[0.21667121]
1904
[0.10672747]
1905
[0.04729083]
1906
[0.18745759]
1907
[0.19323346]
1908
[0.18986105]
1909
[0.09777517]
1910
[0.22492994]
1911
[0.22156436]
1912
[0.23158824]
1913
[0.149953]
1914
[0.2053275]
1915
[0.23692544]
1916
[0.23837075]
1917
[0.22821921]
1918
[0.16839987]
1919
[0.1983665]
1920
[0.23608383]
1921
[0.21207373]
1922
[0.211684]
1923
[0.17932393]
1924
[0.23731643]
1925
[0.14248259]
1926
[0.19580261]
1927
[0.11682996]
1928
[0.23464441]
1929
[0.21512205]
1930
[0.1712498]
1931
[0.09102861]
1932
[0.15824182]
1933
[0.19995983]
1934
[0.10457362]
1935
[0.23221063]
1936
[0.11865352]
1937
[0.15557662]
1938
[0.19809171]
1939
[0.04898634]
1940
[0.17777996]
1941
[0.2380175]
1942
[0.07417639]
1943
[0.16008107]
1944
[0.20216568]
1945
[0.13465128]
1946
[0.14817954]
1947
[0.12470888]
1948
[0.17537683]
1949
[0.17906417]
1950
[0.06640889]
1951
[0.2370465]
1952
[0.12353521]
1953
[0.20696311]
1954
[0.0420294]
1955
[0.18537458]
1956
[0.08263585]
1957
[0.2368888]
1958
[0.21135799]
1959
[0.22599913]
1960
[0.17727078]
1961
[0.23185185]
1962
[0.07728936]
1963
[0.13637382]
1964
[0.18130052]
1965
[0.23804532]
1966
[0.04985982]
1967
[0.22922637]
1968
[0.20382238]
1969
[0.05392857]
1970
[0.06489949]
1971
[0.09447457]
1972
[0.0920405]
1973
[0.10325226]
1974
[0.23569152]
1975
[0.22593928]
1976
[0.22887726]
1977
[0.12500545]
1978
[0.23791683]
1979
[0.05424337]
1980
[0.17209101]
1981
[0.08035026]
1982
[0.07885058]
1983
[0.06422157]
1984
[0.16238549]
1985
[0.07295688]
1986
[0.22668132]
1987
[0.23081344]
1988
[0.14073395]
1989
[0.17668247]
1990
[0.20402172]
1991
[0.21959932]
1992
[0.05735899]
1993
[0.21773821]
1994
[0.10390799]
1995
[0.23652883]
1996
[0.20584936]
1997
[0.13676235]
1998
[0.06882121]
1999
[0.11789508]
2000
[0.03477655]
2001
[0.22639267]
2002
[0.05262686]
2003
[0.21999465]
2004
[0.2186769]
2005
[0.2199788]
2006
[0.22488803]
2007
[0.2377737]
2008
[0.14332337]
2009
[0.18238178]
2010
[0.19963488]
2011
[0.23678026]
2012
[0.20562148]
2013
[0.23105533]
2014
[0.22467242]
2015
[0.23498579]
2016
[0.14947971]
2017
[0.17686781]
2018
[0.05030803]
2019
[0.20297595]
2020
[0.22370053]
2021
[0.11328162]
2022
[0.13996097]
2023
[0.18859643]
2024
[0.23691783]
2025
[0.19169719]
2026
[0.05826493]
2027
[0.2382611]
2028
[0.0759486]
2029
[0.16709963]
2030
[0.05691704]
2031
[0.18000623]
2032
[0.16613575]
2033
[0.11223372]
2034
[0.04036041]
2035
[0.19828783]
2036
[0.1839991]
2037
[0.06569164]
2038
[0.09202236]
2039
[0.06148108]
2040
[0.23760103]
2041
[0.09991589]
2042
[0.16836646]
2043
[0.23434196]
2044
[0.05339264]
2045
[0.20492003]
2046
[0.04079152]
2047
[0.09778237]
2048
[0.04583692]
2049
[0.23625719]
2050
[0.23621337]
2051
[0.1297668]
2052
[0.18747294]
2053
[0.12239139]
2054
[0.07451848]
2055
[0.08702413]
2056
[0.05711066]
2057
[0.06696534]
2058
[0.23797405]
2059
[0.19148392]
2060
[0.18481542]
2061
[0.05305101]
2062
[0.05272538]
2063
[0.22414388]
2064
[0.1035415]
2065
[0.03680092]
2066
[0.23460715]
2067
[0.07656131]
2068
[0.12052208]
2069
[0.23485295]
2070
[0.03381987]
2071
[0.1367249]
2072
[0.19305831]
2073
[0.22162021]
2074
[0.04481437]
2075
[0.10121615]
2076
[0.23674212]
2077
[0.19984561]
2078
[0.04305478]
2079
[0.11806802]
2080
[0.04663826]
2081
[0.10201148]
2082
[0.05123475]
2083
[0.06323857]
2084
[0.23227614]
2085
[0.06190891]
2086
[0.04261586]
2087
[0.21816646]
2088
[0.18467375]
2089
[0.19143752]
2090
[0.08787978]
2091
[0.23776577]
2092
[0.22221511]
2093
[0.04054368]
2094
[0.2070375]
2095
[0.05174226]
2096
[0.0478763]
2097
[0.1552304]
2098
[0.06310965]
2099
[0.05689931]
2100
[0.05090225]
2101
[0.23047231]
2102
[0.22339418]
2103
[0.22174814]
2104
[0.07205004]
2105
[0.13625114]
2106
[0.18436386]
2107
[0.07347749]
2108
[0.0388559]
2109
[0.15034925]
2110
[0.23544861]
2111
[0.04092236]
2112
[0.22893324]
2113
[0.1819299]
2114
[0.04556778]
2115
[0.03514004]
2116
[0.0501561]
2117
[0.04280872]
2118
[0.14119933]
2119
[0.0895338]
2120
[0.07659973]
2121
[0.17459863]
2122
[0.23420505]
2123
[0.18311223]
2124
[0.23161744]
2125
[0.19927285]
2126
[0.03601569]
2127
[0.2245995]
2128
[0.09245556]
2129
[0.23369543]
2130
[0.1090723]
2131
[0.18708185]
2132
[0.21679732]
2133
[0.03331581]
2134
[0.22614308]
2135
[0.12312404]
2136
[0.15927358]
2137
[0.12548818]
2138
[0.14217733]
2139
[0.15570802]
2140
[0.2285752]
2141
[0.22450491]
2142
[0.05129134]
2143
[0.0959015]
2144
[0.08555095]
2145
[0.23680237]
2146
[0.2366693]
2147
[0.20376226]
2148
[0.22107267]
2149
[0.04285361]
2150
[0.22243133]
2151
[0.23664889]
2152
[0.1355718]
2153
[0.13502207]
2154
[0.18032236]
2155
[0.14922368]
2156
[0.04799214]
2157
[0.1968935]
2158
[0.22684768]
2159
[0.07832671]
2160
[0.08573785]
2161
[0.2320678]
2162
[0.17874922]
2163
[0.23462417]
2164
[0.09550479]
2165
[0.15921821]
2166
[0.03572134]
2167
[0.06484319]
2168
[0.21742489]
2169
[0.03570747]
2170
[0.21641126]
2171
[0.17986681]
2172
[0.03935522]
2173
[0.13353208]
2174
[0.22486237]
2175
[0.20017731]
2176
[0.23870795]
2177
[0.05166259]
2178
[0.20678591]
2179
[0.20010539]
2180
[0.14597916]
2181
[0.06749507]
2182
[0.14856863]
2183
[0.23643021]
2184
[0.06269797]
2185
[0.04823396]
2186
[0.23793991]
2187
[0.11593637]
2188
[0.19271317]
2189
[0.23732292]
2190
[0.233291]
2191
[0.13163927]
2192
[0.15783164]
2193
[0.11363671]
2194
[0.03921941]
2195
[0.15397175]
2196
[0.04941147]
2197
[0.05922729]
2198
[0.03877056]
2199
[0.22525772]
2200
[0.16177204]
2201
[0.10943473]
2202
[0.23327979]
2203
[0.06240711]
2204
[0.11976768]
2205
[0.08308831]
2206
[0.05798882]
2207
[0.21628653]
2208
[0.1172744]
2209
[0.23694441]
2210
[0.08618759]
2211
[0.22027451]
2212
[0.11993202]
2213
[0.08753238]
2214
[0.0523058]
2215
[0.23792118]
2216
[0.17692364]
2217
[0.21312795]
2218
[0.05526342]
2219
[0.08562262]
2220
[0.23744277]
2221
[0.09755682]
2222
[0.15447641]
2223
[0.10829878]
2224
[0.05627477]
2225
[0.23737783]
2226
[0.23586675]
2227
[0.05338645]
2228
[0.03487504]
2229
[0.07375806]
2230
[0.16313217]
2231
[0.21897008]
2232
[0.03516323]
2233
[0.2314521]
2234
[0.22669062]
2235
[0.09674493]
2236
[0.03795556]
2237
[0.07233981]
2238
[0.0994289]
2239
[0.23817606]
2240
[0.05508634]
2241
[0.21225087]
2242
[0.03922878]
2243
[0.17812578]
2244
[0.17879269]
2245
[0.20503831]
2246
[0.21835869]
2247
[0.13288085]
2248
[0.23091178]
2249
[0.17958566]
2250
[0.23174126]
2251
[0.22332046]
2252
[0.07884492]
2253
[0.23444433]
2254
[0.12061764]
2255
[0.22613704]
2256
[0.18973922]
2257
[0.20364865]
2258
[0.04997986]
2259
[0.04360334]
2260
[0.12712733]
2261
[0.21759415]
2262
[0.17845912]
2263
[0.19828838]
2264
[0.03476742]
2265
[0.14917737]
2266
[0.08081071]
2267
[0.17843623]
2268
[0.18254937]
2269
[0.2351518]
2270
[0.22287914]
2271
[0.16549889]
2272
[0.23387201]
2273
[0.23827199]
2274
[0.10873102]
2275
[0.11313034]
2276
[0.1820712]
2277
[0.04517751]
2278
[0.056618]
2279
[0.16960468]
2280
[0.08691458]
2281
[0.05715136]
2282
[0.06222773]
2283
[0.10538061]
2284
[0.04953191]
2285
[0.13022257]
2286
[0.09434496]
2287
[0.07144734]
2288
[0.2238978]
2289
[0.05384219]
2290
[0.23865365]
2291
[0.14458355]
2292
[0.08814203]
2293
[0.05681358]
2294
[0.15162754]
2295
[0.14850246]
2296
[0.19075698]
2297
[0.21079495]
2298
[0.23793641]
2299
[0.23094718]
2300
[0.03519509]
2301
[0.2364696]
2302
[0.23735554]
2303
[0.08976436]
2304
[0.05786151]
2305
[0.19741162]
2306
[0.04091928]
2307
[0.19001003]
2308
[0.07587525]
2309
[0.23870763]
2310
[0.23519848]
2311
[0.14631949]
2312
[0.23780852]
2313
[0.0799358]
2314
[0.21738904]
2315
[0.14424014]
2316
[0.09685166]
2317
[0.09877646]
2318
[0.23552478]
2319
[0.23412036]
2320
[0.06360432]
2321
[0.12040785]
2322
[0.13625846]
2323
[0.1594341]
2324
[0.07645077]
2325
[0.05248572]
2326
[0.05835279]
2327
[0.04507486]
2328
[0.23859141]
2329
[0.23219122]
2330
[0.04389721]
2331
[0.05723295]
2332
[0.0595751]
2333
[0.19198979]
2334
[0.19326635]
2335
[0.21111617]
2336
[0.238524]
2337
[0.23800032]
2338
[0.15684273]
2339
[0.14589305]
2340
[0.18432846]
2341
[0.04485774]
2342
[0.09866285]
2343
[0.22139411]
2344
[0.07699964]
2345
[0.098625]
2346
[0.15084868]
2347
[0.23787297]
2348
[0.2323211]
2349
[0.23681811]
2350
[0.07089952]
2351
[0.11747298]
2352
[0.04685144]
2353
[0.14856852]
2354
[0.18453463]
2355
[0.21671727]
2356
[0.23537072]
2357
[0.09201388]
2358
[0.14623267]
2359
[0.050167]
2360
[0.05818383]
2361
[0.04341181]
2362
[0.05998007]
2363
[0.17460043]
2364
[0.03414469]
2365
[0.17091775]
2366
[0.09469451]
2367
[0.10431936]
2368
[0.17546811]
2369
[0.03392419]
2370
[0.10769794]
2371
[0.1106471]
2372
[0.05275087]
2373
[0.23745499]
2374
[0.19637058]
2375
[0.06018381]
2376
[0.23081068]
2377
[0.20466005]
2378
[0.10778235]
2379
[0.06399004]
2380
[0.23723592]
2381
[0.07598986]
2382
[0.2313102]
2383
[0.23690408]
2384
[0.11182586]
2385
[0.1447228]
2386
[0.2243971]
2387
[0.03619659]
2388
[0.23558072]
2389
[0.13944683]
2390
[0.05196413]
2391
[0.23072746]
2392
[0.20379492]
2393
[0.07946834]
2394
[0.08684405]
2395
[0.15947422]
2396
[0.21222549]
2397
[0.079591]
2398
[0.23429935]
2399
[0.20255736]
2400
[0.22126446]
2401
[0.03822936]
2402
[0.05932515]
2403
[0.18870881]
2404
[0.07144279]
2405
[0.03433194]
2406
[0.23219555]
2407
[0.15632792]
2408
[0.19952853]
2409
[0.06454774]
2410
[0.19095318]
2411
[0.22613366]
2412
[0.09640839]
2413
[0.17410913]
2414
[0.05809276]
2415
[0.15220678]
2416
[0.03908451]
2417
[0.17153182]
2418
[0.14643784]
2419
[0.21523937]
2420
[0.23836756]
2421
[0.23425473]
2422
[0.06781927]
2423
[0.065725]
2424
[0.08349455]
2425
[0.13693611]
2426
[0.1622971]
2427
[0.13458503]
2428
[0.16186703]
2429
[0.18250417]
2430
[0.22563545]
2431
[0.2106807]
2432
[0.1873481]
2433
[0.13979278]
2434
[0.14085642]
2435
[0.22387816]
2436
[0.03611408]
2437
[0.13767834]
2438
[0.21993107]
2439
[0.23788947]
2440
[0.1900388]
2441
[0.05974477]
2442
[0.21932732]
2443
[0.08546392]
2444
[0.0783863]
2445
[0.09745097]
2446
[0.13511304]
2447
[0.20579154]
2448
[0.04466813]
2449
[0.10895103]
2450
[0.16587333]
2451
[0.14110177]
2452
[0.21272222]
2453
[0.23166634]
2454
[0.16488052]
2455
[0.23811236]
2456
[0.23126486]
2457
[0.08565492]
2458
[0.22110166]
2459
[0.16258654]
2460
[0.11908164]
2461
[0.20754507]
2462
[0.07301717]
2463
[0.08422173]
2464
[0.22683262]
2465
[0.20044515]
2466
[0.08530048]
2467
[0.0901393]
2468
[0.22958081]
2469
[0.22338767]
2470
[0.05125004]
2471
[0.05409438]
2472
[0.2099172]
2473
[0.13013475]
2474
[0.23005449]
2475
[0.12131576]
2476
[0.12886291]
2477
[0.15770692]
2478
[0.17445793]
2479
[0.09543273]
2480
[0.10253597]
2481
[0.03386925]
2482
[0.18493445]
2483
[0.23794867]
2484
[0.23627508]
2485
[0.17461263]
2486
[0.19779078]
2487
[0.23812526]
2488
[0.11981588]
2489
[0.03698989]
2490
[0.0987174]
2491
[0.06640314]
2492
[0.03768901]
2493
[0.21985625]
2494
[0.1239422]
2495
[0.03766288]
2496
[0.04260972]
2497
[0.18157333]
2498
[0.23541026]
2499
[0.2032507]
2500
[0.08985048]
2501
[0.22643251]
2502
[0.2082346]
2503
[0.22207535]
2504
[0.20633405]
2505
[0.12931091]
2506
[0.1727667]
2507
[0.22262322]
2508
[0.09746228]
2509
[0.2367157]
2510
[0.22494961]
2511
[0.10484526]
2512
[0.15554554]
2513
[0.18586106]
2514
[0.19017053]
2515
[0.22900089]
2516
[0.14318936]
2517
[0.23392607]
2518
[0.03469661]
2519
[0.22064176]
2520
[0.17328997]
2521
[0.20807974]
2522
[0.12965939]
2523
[0.20968182]
2524
[0.15481079]
2525
[0.05921702]
2526
[0.23491569]
2527
[0.07086271]
2528
[0.15797495]
2529
[0.21492772]
2530
[0.04348225]
2531
[0.04600297]
2532
[0.12876398]
2533
[0.20395911]
2534
[0.21544423]
2535
[0.16988614]
2536
[0.10549678]
2537
[0.19066522]
2538
[0.22488357]
2539
[0.23543089]
2540
[0.13964865]
2541
[0.03578866]
2542
[0.17945114]
2543
[0.13987873]
2544
[0.05605208]
2545
[0.23510281]
2546
[0.20165733]
2547
[0.09121803]
2548
[0.23437652]
2549
[0.10016964]
2550
[0.1989856]
2551
[0.22847492]
2552
[0.14591332]
2553
[0.16997931]
2554
[0.11861596]
2555
[0.19218793]
2556
[0.18286655]
2557
[0.03776118]
2558
[0.21763763]
2559
[0.05624605]
2560
[0.17863188]
2561
[0.11022509]
2562
[0.04299718]
2563
[0.07895538]
2564
[0.15949922]
2565
[0.07933388]
2566
[0.12729366]
2567
[0.11288849]
2568
[0.23513817]
2569
[0.07856269]
2570
[0.22386366]
2571
[0.05899039]
2572
[0.16284507]
2573
[0.16655304]
2574
[0.12774126]
2575
[0.04082528]
2576
[0.08331116]
2577
[0.06950665]
2578
[0.16431272]
2579
[0.04331347]
2580
[0.22635856]
2581
[0.22537494]
2582
[0.11725287]
2583
[0.09624298]
2584
[0.11248647]
2585
[0.08091755]
2586
[0.23368766]
2587
[0.20931872]
2588
[0.14371841]
2589
[0.07963697]
2590
[0.15684601]
2591
[0.03868704]
2592
[0.16976254]
2593
[0.12442692]
2594
[0.23854555]
2595
[0.10148015]
2596
[0.04528061]
2597
[0.03629378]
2598
[0.21880985]
2599
[0.1035376]
2600
[0.22150912]
2601
[0.15752062]
2602
[0.19571255]
2603
[0.23784495]
2604
[0.1624452]
2605
[0.21926952]
2606
[0.21323826]
2607
[0.07012236]
2608
[0.16813125]
2609
[0.14692477]
2610
[0.18860984]
2611
[0.10855648]
2612
[0.23315724]
2613
[0.14141194]
2614
[0.14479274]
2615
[0.155839]
2616
[0.23335817]
2617
[0.23378673]
2618
[0.15083486]
2619
[0.04625692]
2620
[0.17613325]
2621
[0.22879868]
2622
[0.12165251]
2623
[0.23550949]
2624
[0.13938154]
2625
[0.03883349]
2626
[0.05831211]
2627
[0.09364249]
2628
[0.20929471]
2629
[0.04165697]
2630
[0.2162771]
2631
[0.14753616]
2632
[0.06486509]
2633
[0.21964972]
2634
[0.12053211]
2635
[0.23281416]
2636
[0.13289257]
2637
[0.17470813]
2638
[0.23361089]
2639
[0.08315005]
2640
[0.17368935]
2641
[0.16813322]
2642
[0.21176681]
2643
[0.20009377]
2644
[0.226739]
2645
[0.16090829]
2646
[0.0783976]
2647
[0.1833395]
2648
[0.13142596]
2649
[0.23623732]
2650
[0.15015585]
2651
[0.22841735]
2652
[0.23677686]
2653
[0.06827167]
2654
[0.11622504]
2655
[0.04291258]
2656
[0.19205957]
2657
[0.13638666]
2658
[0.03840243]
2659
[0.12537076]
2660
[0.23773016]
2661
[0.20368703]
2662
[0.06171179]
2663
[0.16231633]
2664
[0.16090203]
2665
[0.09030788]
2666
[0.06961958]
2667
[0.10929758]
2668
[0.216658]
2669
[0.21565164]
2670
[0.07756502]
2671
[0.15615982]
2672
[0.23748107]
2673
[0.18745676]
2674
[0.12410352]
2675
[0.04610321]
2676
[0.18571586]
2677
[0.05925482]
2678
[0.0334658]
2679
[0.19676679]
2680
[0.18559775]
2681
[0.2383911]
2682
[0.13866339]
2683
[0.03859059]
2684
[0.21126416]
2685
[0.08511719]
2686
[0.23731405]
2687
[0.03777173]
2688
[0.08579751]
2689
[0.14057137]
2690
[0.1609608]
2691
[0.04441626]
2692
[0.14026958]
2693
[0.1636497]
2694
[0.1276538]
2695
[0.12867799]
2696
[0.19327599]
2697
[0.03910772]
2698
[0.05356059]
2699
[0.05087705]
2700
[0.0640699]
2701
[0.22747666]
2702
[0.18386939]
2703
[0.10468492]
2704
[0.11320231]
2705
[0.16200511]
2706
[0.19236989]
2707
[0.21659202]
2708
[0.04651407]
2709
[0.19957498]
2710
[0.22892162]
2711
[0.10254546]
2712
[0.05494559]
2713
[0.23698301]
2714
[0.12651731]
2715
[0.06896597]
2716
[0.23416948]
2717
[0.1961773]
2718
[0.03544737]
2719
[0.03331777]
2720
[0.06491077]
2721
[0.1172308]
2722
[0.03691608]
2723
[0.14874595]
2724
[0.22972525]
2725
[0.23734247]
2726
[0.2150851]
2727
[0.22397584]
2728
[0.06714659]
2729
[0.08300396]
2730
[0.21623132]
2731
[0.03376991]
2732
[0.16175727]
2733
[0.03964443]
2734
[0.21552111]
2735
[0.11743374]
2736
[0.13279594]
2737
[0.04190151]
2738
[0.04578946]
2739
[0.0467279]
2740
[0.16703201]
2741
[0.23331449]
2742
[0.1681357]
2743
[0.03576099]
2744
[0.04610663]
2745
[0.12855485]
2746
[0.21605214]
2747
[0.03945029]
2748
[0.18919977]
2749
[0.06510569]
2750
[0.23069878]
2751
[0.20376083]
2752
[0.21942418]
2753
[0.05123862]
2754
[0.16788276]
2755
[0.07316447]
2756
[0.10541239]
2757
[0.09334315]
2758
[0.21788679]
2759
[0.12602284]
2760
[0.03580908]
2761
[0.13888957]
2762
[0.22945389]
2763
[0.10571672]
2764
[0.23195726]
2765
[0.10861122]
2766
[0.04214818]
2767
[0.10936074]
2768
[0.23799514]
2769
[0.14747508]
2770
[0.06057355]
2771
[0.23392457]
2772
[0.07736853]
2773
[0.21566398]
2774
[0.15119276]
2775
[0.17136133]
2776
[0.03861625]
2777
[0.0752815]
2778
[0.18016802]
2779
[0.0821831]
2780
[0.07163197]
2781
[0.2365448]
2782
[0.16682985]
2783
[0.15784215]
2784
[0.08150143]
2785
[0.06173731]
2786
[0.03575848]
2787
[0.03724663]
2788
[0.08158423]
2789
[0.12936463]
2790
[0.21206731]
2791
[0.17724789]
2792
[0.04145077]
2793
[0.1655859]
2794
[0.12460726]
2795
[0.15399692]
2796
[0.16382861]
2797
[0.04076006]
2798
[0.15099527]
2799
[0.06609391]
2800
[0.23798318]
2801
[0.06091154]
2802
[0.21652275]
2803
[0.22158252]
2804
[0.15574085]
2805
[0.1003146]
2806
[0.21836237]
2807
[0.18791823]
2808
[0.22500518]
2809
[0.23849087]
2810
[0.10866503]
2811
[0.04897858]
2812
[0.20968196]
2813
[0.05258452]
2814
[0.23320155]
2815
[0.18659357]
2816
[0.15912974]
2817
[0.06639693]
2818
[0.21362815]
2819
[0.09061047]
2820
[0.06552632]
2821
[0.21793123]
2822
[0.23509663]
2823
[0.15727127]
2824
[0.07045571]
2825
[0.18751688]
2826
[0.21075667]
2827
[0.21116907]
2828
[0.21395736]
2829
[0.23597938]
2830
[0.03735109]
2831
[0.16604927]
2832
[0.21164703]
2833
[0.0656465]
2834
[0.2038035]
2835
[0.15554319]
2836
[0.07441675]
2837
[0.03834239]
2838
[0.2352011]
2839
[0.08090744]
2840
[0.22834548]
2841
[0.17925884]
2842
[0.23243859]
2843
[0.03387296]
2844
[0.20016912]
2845
[0.04020585]
2846
[0.056866]
2847
[0.21909955]
2848
[0.11360956]
2849
[0.03451893]
2850
[0.19818974]
2851
[0.03570421]
2852
[0.18089316]
2853
[0.181236]
2854
[0.23652278]
2855
[0.04840969]
2856
[0.17071792]
2857
[0.05085324]
2858
[0.16761204]
2859
[0.07249498]
2860
[0.18592817]
2861
[0.23574873]
2862
[0.09703285]
2863
[0.18603127]
2864
[0.03339805]
2865
[0.05274261]
2866
[0.1366497]
2867
[0.23253097]
2868
[0.15964571]
2869
[0.17613438]
2870
[0.18125471]
2871
[0.23761582]
2872
[0.23641175]
2873
[0.09105214]
2874
[0.16482104]
2875
[0.22580864]
2876
[0.038173]
2877
[0.04992637]
2878
[0.05183728]
2879
[0.22475623]
2880
[0.13058016]
2881
[0.20336937]
2882
[0.23835589]
2883
[0.23360463]
2884
[0.20434239]
2885
[0.17967564]
2886
[0.23755255]
2887
[0.20105975]
2888
[0.17794062]
2889
[0.07415838]
2890
[0.05345939]
2891
[0.23364717]
2892
[0.19238323]
2893
[0.23694369]
2894
[0.23859337]
2895
[0.06990682]
2896
[0.03483807]
2897
[0.1426733]
2898
[0.03506821]
2899
[0.14621367]
2900
[0.23712961]
2901
[0.11008778]
2902
[0.17133758]
2903
[0.22963086]
2904
[0.08628777]
2905
[0.19933234]
2906
[0.09155827]
2907
[0.17437927]
2908
[0.06876335]
2909
[0.19011953]
2910
[0.21732504]
2911
[0.09938946]
2912
[0.21883714]
2913
[0.13600959]
2914
[0.19155602]
2915
[0.23088221]
2916
[0.21321941]
2917
[0.05027676]
2918
[0.03404995]
2919
[0.19700413]
2920
[0.0483767]
2921
[0.23660062]
2922
[0.17657959]
2923
[0.06627808]
2924
[0.23427036]
2925
[0.20027983]
2926
[0.13140271]
2927
[0.16067625]
2928
[0.05863586]
2929
[0.22041128]
2930
[0.12434621]
2931
[0.11353748]
2932
[0.17296916]
2933
[0.08337813]
2934
[0.23503205]
2935
[0.04583883]
2936
[0.20155789]
2937
[0.22302188]
2938
[0.20374213]
2939
[0.1049832]
2940
[0.04006578]
2941
[0.14308358]
2942
[0.23869858]
2943
[0.20580378]
2944
[0.04820169]
2945
[0.14534695]
2946
[0.07911183]
2947
[0.23867389]
2948
[0.03563935]
2949
[0.174486]
2950
[0.12175778]
2951
[0.11037435]
2952
[0.08359891]
2953
[0.22416815]
2954
[0.09494638]
2955
[0.15949362]
2956
[0.23266583]
2957
[0.08104153]
2958
[0.23822096]
2959
[0.22726327]
2960
[0.21015452]
2961
[0.22391173]
2962
[0.0396377]
2963
[0.11783089]
2964
[0.05356233]
2965
[0.11475742]
2966
[0.23523177]
2967
[0.04489403]
2968
[0.04382074]
2969
[0.18294307]
2970
[0.18698507]
2971
[0.06149146]
2972
[0.08356888]
2973
[0.04063226]
2974
[0.07155901]
2975
[0.11378069]
2976
[0.19076168]
2977
[0.23286496]
2978
[0.08509745]
2979
[0.06380368]
2980
[0.21941395]
2981
[0.05276557]
2982
[0.22170628]
2983
[0.04313266]
2984
[0.23662779]
2985
[0.2387073]
2986
[0.1587567]
2987
[0.22234414]
2988
[0.2372906]
2989
[0.21368713]
2990
[0.23846816]
2991
[0.2293305]
2992
[0.15901198]
2993
[0.18602169]
2994
[0.20800827]
2995
[0.04018691]
2996
[0.22100547]
2997
[0.2327995]
2998
[0.20274938]
2999
[0.22932844]
3000
[0.2019921]
3001
[0.04866417]
3002
[0.0459852]
3003
[0.0863328]
3004
[0.10396554]
3005
[0.11173328]
3006
[0.23463183]
3007
[0.15648776]
3008
[0.21477233]
3009
[0.05639965]
3010
[0.16484486]
3011
[0.23123249]
3012
[0.05831583]
3013
[0.12170928]
3014
[0.06347027]
3015
[0.22964907]
3016
[0.12858672]
3017
[0.09645786]
3018
[0.1084809]
3019
[0.04134228]
3020
[0.1737821]
3021
[0.19571696]
3022
[0.18687092]
3023
[0.10000285]
3024
[0.18034167]
3025
[0.04685883]
3026
[0.06362761]
3027
[0.21114169]
3028
[0.15306889]
3029
[0.15807477]
3030
[0.09972829]
3031
[0.19948135]
3032
[0.10888187]
3033
[0.04899071]
3034
[0.16509287]
3035
[0.18991367]
3036
[0.19249069]
3037
[0.05472204]
3038
[0.18501367]
3039
[0.238559]
3040
[0.23471029]
3041
[0.18226687]
3042
[0.1527312]
3043
[0.14303696]
3044
[0.21836752]
3045
[0.23529429]
3046
[0.07880705]
3047
[0.06906754]
3048
[0.20479111]
3049
[0.22570684]
3050
[0.22145659]
3051
[0.1117818]
3052
[0.08131619]
3053
[0.08320566]
3054
[0.22720072]
3055
[0.05235771]
3056
[0.10014435]
3057
[0.22935431]
3058
[0.22206243]
3059
[0.07261323]
3060
[0.19505163]
3061
[0.16453023]
3062
[0.22662214]
3063
[0.18498261]
3064
[0.18544471]
3065
[0.23705589]
3066
[0.0824407]
3067
[0.1904217]
3068
[0.21600774]
3069
[0.05798174]
3070
[0.17428873]
3071
[0.12088179]
3072
[0.17264547]
3073
[0.12449699]
3074
[0.18600922]
3075
[0.13661157]
3076
[0.20498982]
3077
[0.17723966]
3078
[0.19738393]
3079
[0.07284332]
3080
[0.03857113]
3081
[0.04037715]
3082
[0.16486212]
3083
[0.23870927]
3084
[0.09957895]
3085
[0.0866978]
3086
[0.04275672]
3087
[0.22346906]
3088
[0.21567141]
3089
[0.07354939]
3090
[0.03418024]
3091
[0.09687266]
3092
[0.12143674]
3093
[0.16967654]
3094
[0.23796348]
3095
[0.23622792]
3096
[0.21895459]
3097
[0.23870652]
3098
[0.14766893]
3099
[0.07142775]
3100
[0.0449462]
3101
[0.15936951]
3102
[0.16921668]
3103
[0.04068251]
3104
[0.21482839]
3105
[0.16253469]
3106
[0.23561802]
3107
[0.22059772]
3108
[0.19853275]
3109
[0.18695088]
3110
[0.23861184]
3111
[0.19152985]
3112
[0.10046396]
3113
[0.09244378]
3114
[0.23675799]
3115
[0.15320845]
3116
[0.08779879]
3117
[0.08747168]
3118
[0.06545226]
3119
[0.23696419]
3120
[0.03825252]
3121
[0.11140017]
3122
[0.04772487]
3123
[0.23280243]
3124
[0.13573032]
3125
[0.1796092]
3126
[0.05545269]
3127
[0.16724704]
3128
[0.20015319]
3129
[0.22790954]
3130
[0.13472968]
3131
[0.21115826]
3132
[0.15700883]
3133
[0.23236839]
3134
[0.23057352]
3135
[0.18945435]
3136
[0.03934967]
3137
[0.2252665]
3138
[0.15426757]
3139
[0.21219443]
3140
[0.05228897]
3141
[0.2135908]
3142
[0.16816065]
3143
[0.19248429]
3144
[0.23114556]
3145
[0.19741044]
3146
[0.23409266]
3147
[0.03446225]
3148
[0.13334757]
3149
[0.12034375]
3150
[0.09500047]
3151
[0.15312881]
3152
[0.03924363]
3153
[0.23846644]
3154
[0.05182704]
3155
[0.07969454]
3156
[0.18672573]
3157
[0.11213164]
3158
[0.23870609]
3159
[0.16703467]
3160
[0.0598375]
3161
[0.17176027]
3162
[0.13382749]
3163
[0.22767466]
3164
[0.11931437]
3165
[0.11550422]
3166
[0.09635898]
3167
[0.20702968]
3168
[0.1538663]
3169
[0.23167289]
3170
[0.03487884]
3171
[0.14665576]
3172
[0.197804]
3173
[0.21646362]
3174
[0.20310695]
3175
[0.23354497]
3176
[0.08033257]
3177
[0.10595676]
3178
[0.17342945]
3179
[0.18986591]
3180
[0.21306735]
3181
[0.22975593]
3182
[0.08696113]
3183
[0.10049305]
3184
[0.12656249]
3185
[0.19506294]
3186
[0.21216155]
3187
[0.12107169]
3188
[0.23152476]
3189
[0.15260167]
3190
[0.14280994]
3191
[0.13737432]
3192
[0.20527382]
3193
[0.23867619]
3194
[0.1733605]
3195
[0.2267868]
3196
[0.11616644]
3197
[0.07572825]
3198
[0.2380428]
3199
[0.21634106]
3200
[0.17312431]
3201
[0.22351831]
3202
[0.14857184]
3203
[0.11452721]
3204
[0.2373427]
3205
[0.21760827]
3206
[0.19910712]
3207
[0.03875598]
3208
[0.13321891]
3209
[0.03408215]
3210
[0.1936761]
3211
[0.21021461]
3212
[0.12589666]
3213
[0.20016822]
3214
[0.22191567]
3215
[0.04106626]
3216
[0.23481079]
3217
[0.07216866]
3218
[0.23737811]
3219
[0.19848647]
3220
[0.23680062]
3221
[0.08855714]
3222
[0.23694728]
3223
[0.2182009]
3224
[0.21809725]
3225
[0.2152181]
3226
[0.1297858]
3227
[0.1966549]
3228
[0.15362669]
3229
[0.228536]
3230
[0.11286741]
3231
[0.15783652]
3232
[0.21014544]
3233
[0.21431918]
3234
[0.13024944]
3235
[0.19932398]
3236
[0.21336091]
3237
[0.23621808]
3238
[0.18025528]
3239
[0.04976954]
3240
[0.20607166]
3241
[0.20905282]
3242
[0.23573818]
3243
[0.09437413]
3244
[0.18937861]
3245
[0.15187893]
3246
[0.19402651]
3247
[0.22152028]
3248
[0.13051616]
3249
[0.20388952]
3250
[0.19273747]
3251
[0.13494501]
3252
[0.22032349]
3253
[0.21397187]
3254
[0.17941543]
3255
[0.13436432]
3256
[0.20377979]
3257
[0.21767316]
3258
[0.21112519]
3259
[0.06503472]
3260
[0.14124711]
3261
[0.23640561]
3262
[0.04057435]
3263
[0.09025906]
3264
[0.1036617]
3265
[0.20356036]
3266
[0.18581031]
3267
[0.0443977]
3268
[0.22945148]
3269
[0.19798843]
3270
[0.0654785]
3271
[0.14147027]
3272
[0.21410565]
3273
[0.07720255]
3274
[0.14878492]
3275
[0.03913734]
3276
[0.16851193]
3277
[0.04824765]
3278
[0.23184893]
3279
[0.13119684]
3280
[0.17906236]
3281
[0.10786949]
3282
[0.20613763]
3283
[0.04666229]
3284
[0.22764327]
3285
[0.1718247]
3286
[0.09263179]
3287
[0.16942394]
3288
[0.15088901]
3289
[0.19874297]
3290
[0.08654877]
3291
[0.16446827]
3292
[0.15216322]
3293
[0.17405887]
3294
[0.05167966]
3295
[0.22554317]
3296
[0.23102182]
3297
[0.16781817]
3298
[0.19364001]
3299
[0.20157576]
3300
[0.16563359]
3301
[0.22479921]
3302
[0.21982793]
3303
[0.20950184]
3304
[0.2218136]
3305
[0.06616227]
3306
[0.08924937]
3307
[0.23834101]
3308
[0.23694524]
3309
[0.23352183]
3310
[0.03370356]
3311
[0.18998203]
3312
[0.20606755]
3313
[0.10967581]
3314
[0.23097155]
3315
[0.17134531]
3316
[0.18079014]
3317
[0.19804129]
3318
[0.20320367]
3319
[0.05826234]
3320
[0.07137103]
3321
[0.23706447]
3322
[0.22351789]
3323
[0.07976421]
3324
[0.12069847]
3325
[0.2382506]
3326
[0.06700905]
3327
[0.06128359]
3328
[0.2229176]
3329
[0.15372324]
3330
[0.11928035]
3331
[0.22285133]
3332
[0.11932872]
3333
[0.15998005]
3334
[0.03767398]
3335
[0.07417399]
3336
[0.06221911]
3337
[0.22831717]
3338
[0.05385761]
3339
[0.23669569]
3340
[0.06952027]
3341
[0.11814744]
3342
[0.0466372]
3343
[0.03976439]
3344
[0.03485642]
3345
[0.033507]
3346
[0.21068233]
3347
[0.20335378]
3348
[0.16188034]
3349
[0.2182902]
3350
[0.04681108]
3351
[0.03569328]
3352
[0.1197874]
3353
[0.11488312]
3354
[0.10221664]
3355
[0.14473939]
3356
[0.10169673]
3357
[0.083675]
3358
[0.13707324]
3359
[0.05653577]
3360
[0.12997626]
3361
[0.18939923]
3362
[0.06633388]
3363
[0.05614179]
3364
[0.10298385]
3365
[0.13366503]
3366
[0.14996973]
3367
[0.15694157]
3368
[0.10212451]
3369
[0.23433393]
3370
[0.19009658]
3371
[0.23636833]
3372
[0.20243815]
3373
[0.20243273]
3374
[0.04806492]
3375
[0.16077687]
3376
[0.15068702]
3377
[0.18754763]
3378
[0.14882382]
3379
[0.03432679]
3380
[0.17436794]
3381
[0.23547766]
3382
[0.07301443]
3383
[0.09908724]
3384
[0.21979071]
3385
[0.23407144]
3386
[0.23538597]
3387
[0.10206582]
3388
[0.23843299]
3389
[0.12059619]
3390
[0.05429789]
3391
[0.03767764]
3392
[0.10056582]
3393
[0.17252241]
3394
[0.06093332]
3395
[0.09418916]
3396
[0.15059789]
3397
[0.23372749]
3398
[0.22538912]
3399
[0.04157192]
3400
[0.06085925]
3401
[0.2119221]
3402
[0.1548052]
3403
[0.22000791]
3404
[0.13247371]
3405
[0.12170337]
3406
[0.21671353]
3407
[0.1594925]
3408
[0.06013091]
3409
[0.08893326]
3410
[0.15279271]
3411
[0.22218587]
3412
[0.17571808]
3413
[0.11893416]
3414
[0.08101084]
3415
[0.11773003]
3416
[0.04738426]
3417
[0.238686]
3418
[0.23828092]
3419
[0.05432791]
3420
[0.22186245]
3421
[0.16173593]
3422
[0.03384546]
3423
[0.05044609]
3424
[0.21645682]
3425
[0.05718899]
3426
[0.12989074]
3427
[0.16003834]
3428
[0.09348867]
3429
[0.1805387]
3430
[0.07943702]
3431
[0.22730532]
3432
[0.17855205]
3433
[0.08447619]
3434
[0.05785735]
3435
[0.13306479]
3436
[0.051173]
3437
[0.21524205]
3438
[0.20518064]
3439
[0.03342807]
3440
[0.23060522]
3441
[0.15238656]
3442
[0.21096627]
3443
[0.19201688]
3444
[0.13046091]
3445
[0.18256644]
3446
[0.23597413]
3447
[0.04073007]
3448
[0.12047921]
3449
[0.22574703]
3450
[0.208956]
3451
[0.1777521]
3452
[0.0385639]
3453
[0.16798974]
3454
[0.06508345]
3455
[0.16215134]
3456
[0.23520586]
3457
[0.20444454]
3458
[0.05306454]
3459
[0.13741971]
3460
[0.15191513]
3461
[0.11297295]
3462
[0.17293192]
3463
[0.23163274]
3464
[0.16631811]
3465
[0.21539221]
3466
[0.23815052]
3467
[0.21338557]
3468
[0.23209377]
3469
[0.1691282]
3470
[0.23731753]
3471
[0.05106856]
3472
[0.13879263]
3473
[0.20681186]
3474
[0.21330688]
3475
[0.03887305]
3476
[0.11761739]
3477
[0.22770962]
3478
[0.23634043]
3479
[0.05898045]
3480
[0.18197808]
3481
[0.16004755]
3482
[0.18673788]
3483
[0.10725586]
3484
[0.21860038]
3485
[0.21890118]
3486
[0.18402272]
3487
[0.23243488]
3488
[0.20064204]
3489
[0.13708167]
3490
[0.15747825]
3491
[0.14955951]
3492
[0.11097824]
3493
[0.18364394]
3494
[0.20548827]
3495
[0.10219977]
3496
[0.14736156]
3497
[0.15409426]
3498
[0.14674691]
3499
[0.22475047]
3500
[0.06028037]
3501
[0.17033652]
3502
[0.04309859]
3503
[0.03891769]
3504
[0.17843287]
3505
[0.11516321]
3506
[0.06972018]
3507
[0.21360243]
3508
[0.18941562]
3509
[0.03471857]
3510
[0.1234203]
3511
[0.19130542]
3512
[0.15317622]
3513
[0.05993297]
3514
[0.20785215]
3515
[0.03932556]
3516
[0.03632712]
3517
[0.23633634]
3518
[0.04253371]
3519
[0.07938067]
3520
[0.05889613]
3521
[0.07292452]
3522
[0.23495234]
3523
[0.08676621]
3524
[0.16098847]
3525
[0.15977516]
3526
[0.18191906]
3527
[0.22339018]
3528
[0.177358]
3529
[0.16955574]
3530
[0.18771651]
3531
[0.09041901]
3532
[0.05881938]
3533
[0.20728292]
3534
[0.09744276]
3535
[0.1652239]
3536
[0.19627503]
3537
[0.20920599]
3538
[0.22769885]
3539
[0.23806159]
3540
[0.20124771]
3541
[0.09757417]
3542
[0.23372739]
3543
[0.15592196]
3544
[0.1246484]
3545
[0.1742915]
3546
[0.04284242]
3547
[0.11790446]
3548
[0.22918005]
3549
[0.12656228]
3550
[0.20369836]
3551
[0.12793738]
3552
[0.05709651]
3553
[0.07015909]
3554
[0.21328158]
3555
[0.16015782]
3556
[0.03714677]
3557
[0.0371473]
3558
[0.23170219]
3559
[0.13700806]
3560
[0.19554353]
3561
[0.23758239]
3562
[0.23829319]
3563
[0.2248625]
3564
[0.05987236]
3565
[0.05371744]
3566
[0.22893114]
3567
[0.23661452]
3568
[0.09160893]
3569
[0.19663586]
3570
[0.23420222]
3571
[0.23817274]
3572
[0.21683852]
3573
[0.22793032]
3574
[0.05992839]
3575
[0.23854177]
3576
[0.191409]
3577
[0.13954607]
3578
[0.16873323]
3579
[0.08266323]
3580
[0.15261031]
3581
[0.21749308]
3582
[0.21200267]
3583
[0.23868879]
3584
[0.11929891]
3585
[0.03557886]
3586
[0.06767238]
3587
[0.08580211]
3588
[0.17585855]
3589
[0.23197078]
3590
[0.17881056]
3591
[0.19928593]
3592
[0.03541356]
3593
[0.14767134]
3594
[0.23102089]
3595
[0.04467378]
3596
[0.12975]
3597
[0.23414567]
3598
[0.12777955]
3599
[0.10421409]
3600
[0.03932332]
3601
[0.05200891]
3602
[0.2215722]
3603
[0.20372385]
3604
[0.03356818]
3605
[0.23587419]
3606
[0.23464262]
3607
[0.20401437]
3608
[0.0572799]
3609
[0.13814715]
3610
[0.14456301]
3611
[0.19163744]
3612
[0.05337452]
3613
[0.20203607]
3614
[0.21425864]
3615
[0.23735135]
3616
[0.20305534]
3617
[0.06792442]
3618
[0.22812043]
3619
[0.08500813]
3620
[0.13026552]
3621
[0.13683881]
3622
[0.16118278]
3623
[0.23403746]
3624
[0.23580834]
3625
[0.23859594]
3626
[0.03414853]
3627
[0.13518579]
3628
[0.22617678]
3629
[0.23867652]
3630
[0.21050531]
3631
[0.21788755]
3632
[0.1960482]
3633
[0.05846955]
3634
[0.20025462]
3635
[0.23330838]
3636
[0.03399154]
3637
[0.19904753]
3638
[0.18922843]
3639
[0.2350709]
3640
[0.17151508]
3641
[0.11972202]
3642
[0.15833813]
3643
[0.04262923]
3644
[0.22822109]
3645
[0.13763837]
3646
[0.04132306]
3647
[0.13201835]
3648
[0.17731205]
3649
[0.13629034]
3650
[0.23646778]
3651
[0.23480272]
3652
[0.23818033]
3653
[0.03487038]
3654
[0.14404857]
3655
[0.23223232]
3656
[0.11731497]
3657
[0.055814]
3658
[0.2337513]
3659
[0.14009187]
3660
[0.23734105]
3661
[0.18226953]
3662
[0.1483834]
3663
[0.17806997]
3664
[0.14572436]
3665
[0.09152748]
3666
[0.23401817]
3667
[0.19474625]
3668
[0.15259586]
3669
[0.23597217]
3670
[0.22025968]
3671
[0.19205875]
3672
[0.09853401]
3673
[0.03629827]
3674
[0.09883544]
3675
[0.19429536]
3676
[0.21322142]
3677
[0.08717786]
3678
[0.23862857]
3679
[0.16283996]
3680
[0.20304012]
3681
[0.23222759]
3682
[0.21137167]
3683
[0.03366233]
3684
[0.04987005]
3685
[0.18769303]
3686
[0.21723552]
3687
[0.11483335]
3688
[0.04887873]
3689
[0.23713504]
3690
[0.18034025]
3691
[0.14652919]
3692
[0.10523211]
3693
[0.21247658]
3694
[0.09442859]
3695
[0.06589661]
3696
[0.08151373]
3697
[0.21997976]
3698
[0.23728672]
3699
[0.10956481]
3700
[0.1133408]
3701
[0.18471922]
3702
[0.04502907]
3703
[0.23117435]
3704
[0.03947976]
3705
[0.22065352]
3706
[0.13050485]
3707
[0.21875527]
3708
[0.18681449]
3709
[0.13297131]
3710
[0.0650708]
3711
[0.0824551]
3712
[0.04062738]
3713
[0.19337346]
3714
[0.23448989]
3715
[0.05619243]
3716
[0.03523734]
3717
[0.19424676]
3718
[0.2341018]
3719
[0.23264962]
3720
[0.23871073]
3721
[0.13666053]
3722
[0.13740572]
3723
[0.22791569]
3724
[0.07047718]
3725
[0.13166151]
3726
[0.19200891]
3727
[0.23622367]
3728
[0.13069584]
3729
[0.05402875]
3730
[0.17806685]
3731
[0.03797734]
3732
[0.17950219]
3733
[0.14042024]
3734
[0.09300614]
3735
[0.2184802]
3736
[0.19595334]
3737
[0.23534509]
3738
[0.0374911]
3739
[0.04689724]
3740
[0.23658559]
3741
[0.23742457]
3742
[0.04452533]
3743
[0.10255284]
3744
[0.17118079]
3745
[0.05821091]
3746
[0.0578527]
3747
[0.04621895]
3748
[0.21025099]
3749
[0.16916152]
3750
[0.21147191]
3751
[0.14470431]
3752
[0.07244839]
3753
[0.22504948]
3754
[0.07581943]
3755
[0.09957007]
3756
[0.21855349]
3757
[0.04976299]
3758
[0.06733971]
3759
[0.20811555]
3760
[0.19598324]
3761
[0.17547987]
3762
[0.11771406]
3763
[0.05858214]
3764
[0.20355283]
3765
[0.08704487]
3766
[0.05525014]
3767
[0.16110285]
3768
[0.10916798]
3769
[0.23763047]
3770
[0.19284269]
3771
[0.18894045]
3772
[0.05419678]
3773
[0.11311741]
3774
[0.15160171]
3775
[0.10324585]
3776
[0.04375144]
3777
[0.2378646]
3778
[0.03751315]
3779
[0.20851416]
3780
[0.235287]
3781
[0.22951596]
3782
[0.04778467]
3783
[0.17002503]
3784
[0.05038173]
3785
[0.03832235]
3786
[0.21842909]
3787
[0.20062036]
3788
[0.17658798]
3789
[0.23557168]
3790
[0.06789009]
3791
[0.07862771]
3792
[0.10357386]
3793
[0.2195429]
3794
[0.17066481]
3795
[0.06507372]
3796
[0.19258183]
3797
[0.08564037]
3798
[0.03382635]
3799
[0.10150533]
3800
[0.05944024]
3801
[0.22174961]
3802
[0.05578787]
3803
[0.10251793]
3804
[0.16874736]
3805
[0.22259504]
3806
[0.0546343]
3807
[0.04436888]
3808
[0.08180672]
3809
[0.21794954]
3810
[0.16532566]
3811
[0.22578162]
3812
[0.23834058]
3813
[0.09554164]
3814
[0.23204962]
3815
[0.23348829]
3816
[0.23527494]
3817
[0.17320686]
3818
[0.03962828]
3819
[0.22207928]
3820
[0.23539511]
3821
[0.20864742]
3822
[0.13379656]
3823
[0.14527161]
3824
[0.13520348]
3825
[0.17060505]
3826
[0.03940362]
3827
[0.23366327]
3828
[0.19678902]
3829
[0.1697289]
3830
[0.2242606]
3831
[0.19051559]
3832
[0.10823815]
3833
[0.07557059]
3834
[0.05781516]
3835
[0.16774047]
3836
[0.22846974]
3837
[0.07790822]
3838
[0.2358238]
3839
[0.2387077]
3840
[0.22147691]
3841
[0.23725051]
3842
[0.09685078]
3843
[0.23871121]
3844
[0.22255928]
3845
[0.19394126]
3846
[0.14242471]
3847
[0.06924888]
3848
[0.21671671]
3849
[0.19640811]
3850
[0.23550907]
3851
[0.10496803]
3852
[0.23846961]
3853
[0.23793406]
3854
[0.22178727]
3855
[0.22718108]
3856
[0.03815584]
3857
[0.22760437]
3858
[0.14992396]
3859
[0.12375855]
3860
[0.19765168]
3861
[0.19252556]
3862
[0.1372267]
3863
[0.11985135]
3864
[0.07651254]
3865
[0.23795953]
3866
[0.16781183]
3867
[0.05145246]
3868
[0.19662332]
3869
[0.04510458]
3870
[0.22047274]
3871
[0.08055562]
3872
[0.19387333]
3873
[0.12205053]
3874
[0.20686884]
3875
[0.08306078]
3876
[0.22724274]
3877
[0.04725163]
3878
[0.08343187]
3879
[0.07888433]
3880
[0.2131261]
3881
[0.22896432]
3882
[0.0940679]
3883
[0.10338645]
3884
[0.07141836]
3885
[0.17545157]
3886
[0.03405975]
3887
[0.23806058]
3888
[0.04165225]
3889
[0.17748254]
3890
[0.23779391]
3891
[0.11765826]
3892
[0.18413957]
3893
[0.07843585]
3894
[0.17984665]
3895
[0.06225023]
3896
[0.19056136]
3897
[0.23416825]
3898
[0.12853212]
3899
[0.23869267]
3900
[0.21426903]
3901
[0.22611314]
3902
[0.10634684]
3903
[0.14184242]
3904
[0.23611024]
3905
[0.22339625]
3906
[0.22835061]
3907
[0.23779969]
3908
[0.19757855]
3909
[0.03321175]
3910
[0.21554479]
3911
[0.23863755]
3912
[0.15034077]
3913
[0.09524975]
3914
[0.03622117]
3915
[0.22837126]
3916
[0.1028099]
3917
[0.2240606]
3918
[0.1906577]
3919
[0.15090419]
3920
[0.2321255]
3921
[0.17512581]
3922
[0.15650304]
3923
[0.21513608]
3924
[0.20912291]
3925
[0.11772824]
3926
[0.05364743]
3927
[0.23864524]
3928
[0.21685499]
3929
[0.2150668]
3930
[0.22734849]
3931
[0.10902981]
3932
[0.17688209]
3933
[0.2313797]
3934
[0.20864679]
3935
[0.04074749]
3936
[0.1652654]
3937
[0.19766785]
3938
[0.15684196]
3939
[0.09247701]
3940
[0.0728165]
3941
[0.1304209]
3942
[0.03559842]
3943
[0.2354124]
3944
[0.12515205]
3945
[0.08201436]
3946
[0.20723499]
3947
[0.03837411]
3948
[0.05626894]
3949
[0.13546967]
3950
[0.22501603]
3951
[0.19821301]
3952
[0.18834944]
3953
[0.16268682]
3954
[0.11325829]
3955
[0.2219757]
3956
[0.11257311]
3957
[0.19456237]
3958
[0.0997113]
3959
[0.23404927]
3960
[0.22335669]
3961
[0.13663015]
3962
[0.16226441]
3963
[0.23533795]
3964
[0.20249403]
3965
[0.23827081]
3966
[0.23209714]
3967
[0.06240867]
3968
[0.14835115]
3969
[0.21052948]
3970
[0.04444083]
3971
[0.23126413]
3972
[0.20524529]
3973
[0.1009884]
3974
[0.03923998]
3975
[0.03837014]
3976
[0.19429]
3977
[0.07738234]
3978
[0.07306041]
3979
[0.15668322]
3980
[0.20334479]
3981
[0.22823885]
3982
[0.23192157]
3983
[0.0985377]
3984
[0.06427103]
3985
[0.10096018]
3986
[0.16502413]
3987
[0.23804935]
3988
[0.09079212]
3989
[0.2281997]
3990
[0.19984966]
3991
[0.23642425]
3992
[0.09880601]
3993
[0.072365]
3994
[0.13881774]
3995
[0.23103226]
3996
[0.14364067]
3997
[0.05953195]
3998
[0.22162951]
3999
[0.14518777]
4000
[0.14197774]
4001
[0.11997408]
4002
[0.18157082]
4003
[0.20809751]
4004
[0.06551295]
4005
[0.07051486]
4006
[0.04727509]
4007
[0.14103928]
4008
[0.11500103]
4009
[0.21570653]
4010
[0.23527459]
4011
[0.12536405]
4012
[0.23326847]
4013
[0.18041701]
4014
[0.11954398]
4015
[0.20588296]
4016
[0.17205864]
4017
[0.15551131]
4018
[0.12934622]
4019
[0.10805295]
4020
[0.04477537]
4021
[0.04438107]
4022
[0.16591468]
4023
[0.06515951]
4024
[0.2355338]
4025
[0.06218897]
4026
[0.09858993]
4027
[0.06372426]
4028
[0.06732966]
4029
[0.14890945]
4030
[0.22662039]
4031
[0.22403741]
4032
[0.09244293]
4033
[0.07678091]
4034
[0.17789681]
4035
[0.1646279]
4036
[0.04260904]
4037
[0.21878563]
4038
[0.11892584]
4039
[0.18275846]
4040
[0.21080111]
4041
[0.03935396]
4042
[0.04286835]
4043
[0.07882542]
4044
[0.23369299]
4045
[0.08333681]
4046
[0.06435908]
4047
[0.15175533]
4048
[0.17364028]
4049
[0.20438944]
4050
[0.07001913]
4051
[0.19627464]
4052
[0.04419318]
4053
[0.03871385]
4054
[0.23849776]
4055
[0.19722447]
4056
[0.16891102]
4057
[0.22773194]
4058
[0.21039852]
4059
[0.18764552]
4060
[0.08778969]
4061
[0.15998753]
4062
[0.05107051]
4063
[0.0911437]
4064
[0.20747423]
4065
[0.05894235]
4066
[0.22597947]
4067
[0.04266281]
4068
[0.06305449]
4069
[0.2346226]
4070
[0.22261843]
4071
[0.22402501]
4072
[0.04346396]
4073
[0.1914348]
4074
[0.21584467]
4075
[0.1058026]
4076
[0.05357327]
4077
[0.09508043]
4078
[0.20841973]
4079
[0.04146279]
4080
[0.23681918]
4081
[0.03719912]
4082
[0.1403746]
4083
[0.23869911]
4084
[0.23817106]
4085
[0.0497912]
4086
[0.23763769]
4087
[0.05884048]
4088
[0.11891633]
4089
[0.16435303]
4090
[0.07533545]
4091
[0.15044176]
4092
[0.07279545]
4093
[0.13825836]
4094
[0.20820168]
4095
[0.11220267]
4096
[0.10020919]
4097
[0.14913759]
4098
[0.11735727]
4099
[0.23293785]
4100
[0.07321093]
4101
[0.06215079]
4102
[0.14109987]
4103
[0.09755603]
4104
[0.04951048]
4105
[0.03214487]
4106
[0.09985117]
4107
[0.23375964]
4108
[0.20596375]
4109
[0.13483991]
4110
[0.16211573]
4111
[0.08563585]
4112
[0.06428465]
4113
[0.1183583]
4114
[0.22305128]
4115
[0.18743066]
4116
[0.04906131]
4117
[0.13377184]
4118
[0.13079502]
4119
[0.15727823]
4120
[0.10726799]
4121
[0.0516991]
4122
[0.04776924]
4123
[0.21068853]
4124
[0.23692028]
4125
[0.15122502]
4126
[0.08177588]
4127
[0.23850454]
4128
[0.0744065]
4129
[0.13911249]
4130
[0.08585885]
4131
[0.04351813]
4132
[0.2264609]
4133
[0.07108304]
4134
[0.23683588]
4135
[0.06326884]
4136
[0.15243651]
4137
[0.15245354]
4138
[0.04190582]
4139
[0.10468946]
4140
[0.18455017]
4141
[0.22591571]
4142
[0.23512091]
4143
[0.12092737]
4144
[0.18890955]
4145
[0.23769565]
4146
[0.1869978]
4147
[0.18665353]
4148
[0.22178042]
4149
[0.23867837]
4150
[0.12259217]
4151
[0.07686771]
4152
[0.15910902]
4153
[0.10243312]
4154
[0.13670384]
4155
[0.23449523]
4156
[0.15061804]
4157
[0.18095994]
4158
[0.10907101]
4159
[0.23840316]
4160
[0.09616206]
4161
[0.20108845]
4162
[0.21911975]
4163
[0.20888189]
4164
[0.23462595]
4165
[0.16642011]
4166
[0.04717486]
4167
[0.20200974]
4168
[0.07482825]
4169
[0.04975949]
4170
[0.14188919]
4171
[0.23527529]
4172
[0.06686821]
4173
[0.15915373]
4174
[0.03960065]
4175
[0.05142426]
4176
[0.05195456]
4177
[0.23748607]
4178
[0.03441239]
4179
[0.17474645]
4180
[0.04125377]
4181
[0.21496773]
4182
[0.05300533]
4183
[0.16298362]
4184
[0.20394039]
4185
[0.06354346]
4186
[0.0692437]
4187
[0.06846632]
4188
[0.14630701]
4189
[0.09872816]
4190
[0.07035366]
4191
[0.05646278]
4192
[0.03786168]
4193
[0.13592384]
4194
[0.23871091]
4195
[0.1905018]
4196
[0.10643964]
4197
[0.08632564]
4198
[0.10445326]
4199
[0.04349485]
4200
[0.10540773]
4201
[0.23131773]
4202
[0.13673741]
4203
[0.20920284]
4204
[0.21209628]
4205
[0.06489845]
4206
[0.1250774]
4207
[0.1383806]
4208
[0.07910392]
4209
[0.12082521]
4210
[0.20296584]
4211
[0.1439597]
4212
[0.14905513]
4213
[0.23616352]
4214
[0.23365004]
4215
[0.21777803]
4216
[0.22084355]
4217
[0.14846871]
4218
[0.12192449]
4219
[0.05989585]
4220
[0.22697416]
4221
[0.18647314]
4222
[0.23436402]
4223
[0.0397041]
4224
[0.23590314]
4225
[0.21299439]
4226
[0.0908363]
4227
[0.03443791]
4228
[0.23302764]
4229
[0.16496278]
4230
[0.18090488]
4231
[0.12408862]
4232
[0.22746613]
4233
[0.18620986]
4234
[0.23550772]
4235
[0.15326097]
4236
[0.09879022]
4237
[0.11694612]
4238
[0.22453266]
4239
[0.15390728]
4240
[0.06794329]
4241
[0.06606384]
4242
[0.23350754]
4243
[0.06914057]
4244
[0.05811175]
4245
[0.2387104]
4246
[0.08143921]
4247
[0.09762323]
4248
[0.09322897]
4249
[0.16814868]
4250
[0.09510197]
4251
[0.10705913]
4252
[0.22934058]
4253
[0.09287384]
4254
[0.09773243]
4255
[0.17825122]
4256
[0.21003128]
4257
[0.23777411]
4258
[0.05205008]
4259
[0.14436661]
4260
[0.1772707]
4261
[0.04621698]
4262
[0.08213037]
4263
[0.23563624]
4264
[0.21382595]
4265
[0.04616873]
4266
[0.0719673]
4267
[0.05687444]
4268
[0.05324299]
4269
[0.23353456]
4270
[0.04741794]
4271
[0.03369185]
4272
[0.21592471]
4273
[0.03211222]
4274
[0.04406661]
4275
[0.23179452]
4276
[0.0898433]
4277
[0.23656462]
4278
[0.09989745]
4279
[0.13590544]
4280
[0.19923581]
4281
[0.09355315]
4282
[0.14739045]
4283
[0.10655013]
4284
[0.22198749]
4285
[0.19486497]
4286
[0.05129932]
4287
[0.16422766]
4288
[0.23799541]
4289
[0.07223666]
4290
[0.11060323]
4291
[0.23677743]
4292
[0.11737197]
4293
[0.19382012]
4294
[0.04603717]
4295
[0.18815953]
4296
[0.1104614]
4297
[0.05346305]
4298
[0.20535758]
4299
[0.11480362]
4300
[0.16167156]
4301
[0.03502116]
4302
[0.16143533]
4303
[0.23799075]
4304
[0.12854369]
4305
[0.09835461]
4306
[0.15441173]
4307
[0.11391539]
4308
[0.21936763]
4309
[0.16978901]
4310
[0.04881554]
4311
[0.18944348]
4312
[0.23245104]
4313
[0.20193511]
4314
[0.13648804]
4315
[0.0870799]
4316
[0.22511612]
4317
[0.06655104]
4318
[0.1882883]
4319
[0.04191864]
4320
[0.11548311]
4321
[0.05750043]
4322
[0.22101741]
4323
[0.06165022]
4324
[0.21706553]
4325
[0.07473603]
4326
[0.15669661]
4327
[0.03626046]
4328
[0.23124493]
4329
[0.21960729]
4330
[0.11051898]
4331
[0.05674778]
4332
[0.18237778]
4333
[0.21209375]
4334
[0.15881992]
4335
[0.23859796]
4336
[0.0761339]
4337
[0.10516331]
4338
[0.11655715]
4339
[0.0685091]
4340
[0.20022336]
4341
[0.09367029]
4342
[0.13325135]
4343
[0.23782142]
4344
[0.1790958]
4345
[0.22245164]
4346
[0.16820905]
4347
[0.17439223]
4348
[0.17944449]
4349
[0.14012132]
4350
[0.23651085]
4351
[0.18438941]
4352
[0.2350857]
4353
[0.05327717]
4354
[0.14475851]
4355
[0.10844147]
4356
[0.04052265]
4357
[0.1182582]
4358
[0.11548612]
4359
[0.23540723]
4360
[0.03953773]
4361
[0.22174035]
4362
[0.08042969]
4363
[0.23417558]
4364
[0.05236498]
4365
[0.23660831]
4366
[0.07606234]
4367
[0.23834038]
4368
[0.21814862]
4369
[0.1105814]
4370
[0.16352088]
4371
[0.20391989]
4372
[0.19314447]
4373
[0.18511124]
4374
[0.06439892]
4375
[0.04491905]
4376
[0.22092565]
4377
[0.23732961]
4378
[0.23781148]
4379
[0.20663476]
4380
[0.19649605]
4381
[0.19044134]
4382
[0.09323062]
4383
[0.03868229]
4384
[0.0609975]
4385
[0.04604977]
4386
[0.23360232]
4387
[0.15038411]
4388
[0.18625637]
4389
[0.17049185]
4390
[0.20979215]
4391
[0.19291662]
4392
[0.20373871]
4393
[0.22003582]
4394
[0.09879425]
4395
[0.11241942]
4396
[0.22635626]
4397
[0.22968298]
4398
[0.09993641]
4399
[0.06271875]
4400
[0.2382838]
4401
[0.09824841]
4402
[0.22661778]
4403
[0.06202369]
4404
[0.046126]
4405
[0.18778094]
4406
[0.14758952]
4407
[0.22773659]
4408
[0.21635945]
4409
[0.03606441]
4410
[0.11338005]
4411
[0.22937564]
4412
[0.03887322]
4413
[0.1894197]
4414
[0.23586298]
4415
[0.15116015]
4416
[0.20906914]
4417
[0.05447803]
4418
[0.06905455]
4419
[0.05128004]
4420
[0.23610407]
4421
[0.22568976]
4422
[0.16980684]
4423
[0.11175381]
4424
[0.18499227]
4425
[0.03734252]
4426
[0.03921562]
4427
[0.23519025]
4428
[0.23855764]
4429
[0.22816988]
4430
[0.21057757]
4431
[0.19979527]
4432
[0.07271292]
4433
[0.03504017]
4434
[0.09474456]
4435
[0.10867176]
4436
[0.22902593]
4437
[0.13678774]
4438
[0.23394765]
4439
[0.05878432]
4440
[0.06004197]
4441
[0.17566888]
4442
[0.09589127]
4443
[0.11439374]
4444
[0.20479673]
4445
[0.102423]
4446
[0.16181112]
4447
[0.22195886]
4448
[0.23628951]
4449
[0.23622879]
4450
[0.14011573]
4451
[0.14336316]
4452
[0.15572425]
4453
[0.19667234]
4454
[0.12258705]
4455
[0.09713848]
4456
[0.19069902]
4457
[0.19236765]
4458
[0.12809101]
4459
[0.10362205]
4460
[0.04050177]
4461
[0.03623278]
4462
[0.12031255]
4463
[0.06680088]
4464
[0.15363559]
4465
[0.08919388]
4466
[0.03634942]
4467
[0.07642828]
4468
[0.03985338]
4469
[0.23337914]
4470
[0.23103322]
4471
[0.12594572]
4472
[0.19767098]
4473
[0.23317847]
4474
[0.14601137]
4475
[0.22403389]
4476
[0.21215592]
4477
[0.23316258]
4478
[0.21221926]
4479
[0.03891436]
4480
[0.08760343]
4481
[0.1272281]
4482
[0.09681909]
4483
[0.13239428]
4484
[0.17330468]
4485
[0.04210384]
4486
[0.1268612]
4487
[0.20006125]
4488
[0.22986721]
4489
[0.11734395]
4490
[0.2177433]
4491
[0.090026]
4492
[0.13345664]
4493
[0.03349226]
4494
[0.16099401]
4495
[0.05737694]
4496
[0.03381301]
4497
[0.23765809]
4498
[0.17575802]
4499
[0.07556249]
4500
[0.22924285]
4501
[0.17536144]
4502
[0.14240365]
4503
[0.22806622]
4504
[0.20113683]
4505
[0.06623951]
4506
[0.09606572]
4507
[0.13097484]
4508
[0.08674888]
4509
[0.2257751]
4510
[0.06631185]
4511
[0.1913354]
4512
[0.21007198]
4513
[0.21461629]
4514
[0.12238003]
4515
[0.07299398]
4516
[0.21037684]
4517
[0.23437155]
4518
[0.14257271]
4519
[0.16820665]
4520
[0.1911338]
4521
[0.09045664]
4522
[0.0518555]
4523
[0.23658248]
4524
[0.20075291]
4525
[0.19805046]
4526
[0.08559547]
4527
[0.09824357]
4528
[0.20182744]
4529
[0.23712807]
4530
[0.0645164]
4531
[0.12326501]
4532
[0.2221868]
4533
[0.10920593]
4534
[0.12510843]
4535
[0.18157915]
4536
[0.13346196]
4537
[0.07839099]
4538
[0.14816313]
4539
[0.0629137]
4540
[0.09494159]
4541
[0.15530304]
4542
[0.04894615]
4543
[0.0805766]
4544
[0.0897423]
4545
[0.19813678]
4546
[0.12890588]
4547
[0.1992843]
4548
[0.07505156]
4549
[0.23817954]
4550
[0.2385292]
4551
[0.10533894]
4552
[0.08426531]
4553
[0.05892454]
4554
[0.17425691]
4555
[0.17085148]
4556
[0.21969502]
4557
[0.2375189]
4558
[0.2369264]
4559
[0.10826318]
4560
[0.13761638]
4561
[0.23532965]
4562
[0.11561634]
4563
[0.05429522]
4564
[0.16656167]
4565
[0.21931032]
4566
[0.1164921]
4567
[0.1125917]
4568
[0.08446258]
4569
[0.03761615]
4570
[0.12464418]
4571
[0.1292911]
4572
[0.22687995]
4573
[0.20108393]
4574
[0.04666644]
4575
[0.05683026]
4576
[0.23869756]
4577
[0.03537994]
4578
[0.12374875]
4579
[0.20780415]
4580
[0.08007191]
4581
[0.23774465]
4582
[0.20195682]
4583
[0.03245194]
4584
[0.07727991]
4585
[0.21578261]
4586
[0.08361153]
4587
[0.07737564]
4588
[0.1842408]
4589
[0.15381381]
4590
[0.03530813]
4591
[0.09457173]
4592
[0.19911794]
4593
[0.23826535]
4594
[0.18132927]
4595
[0.11917667]
4596
[0.23038744]
4597
[0.19179101]
4598
[0.05057459]
4599
[0.0515727]
4600
[0.18141242]
4601
[0.23699677]
4602
[0.23398981]
4603
[0.13659507]
4604
[0.16214366]
4605
[0.18988292]
4606
[0.04659257]
4607
[0.03477362]
4608
[0.22699831]
4609
[0.16233666]
4610
[0.2110333]
4611
[0.22572136]
4612
[0.09395003]
4613
[0.23281338]
4614
[0.23831304]
4615
[0.08628811]
4616
[0.18927598]
4617
[0.17798998]
4618
[0.14149753]
4619
[0.08148405]
4620
[0.23121996]
4621
[0.05261504]
4622
[0.14782059]
4623
[0.08186171]
4624
[0.19916893]
4625
[0.20778345]
4626
[0.13534914]
4627
[0.07329928]
4628
[0.1716731]
4629
[0.11712287]
4630
[0.12592076]
4631
[0.07362787]
4632
[0.21445019]
4633
[0.20829867]
4634
[0.04133942]
4635
[0.12448114]
4636
[0.19687965]
4637
[0.16991714]
4638
[0.23496367]
4639
[0.03447409]
4640
[0.19663161]
4641
[0.04185767]
4642
[0.03373334]
4643
[0.04796089]
4644
[0.16752183]
4645
[0.16152257]
4646
[0.22139076]
4647
[0.07743251]
4648
[0.23831158]
4649
[0.04394011]
4650
[0.20523447]
4651
[0.19897337]
4652
[0.13380463]
4653
[0.23423575]
4654
[0.22362132]
4655
[0.093103]
4656
[0.21011662]
4657
[0.15007797]
4658
[0.23859527]
4659
[0.08195708]
4660
[0.18741617]
4661
[0.19765527]
4662
[0.19638826]
4663
[0.11414354]
4664
[0.22622903]
4665
[0.11809165]
4666
[0.16507393]
4667
[0.03519384]
4668
[0.18317271]
4669
[0.093442]
4670
[0.11125758]
4671
[0.18688486]
4672
[0.12900139]
4673
[0.18768712]
4674
[0.06315437]
4675
[0.06869196]
4676
[0.23247349]
4677
[0.03589827]
4678
[0.13255304]
4679
[0.11467777]
4680
[0.0486845]
4681
[0.23813572]
4682
[0.09152718]
4683
[0.21236534]
4684
[0.07826302]
4685
[0.19941134]
4686
[0.20301135]
4687
[0.18463484]
4688
[0.09962759]
4689
[0.07575593]
4690
[0.1699701]
4691
[0.20321765]
4692
[0.16132039]
4693
[0.23870814]
4694
[0.16318429]
4695
[0.07678355]
4696
[0.08559293]
4697
[0.23799122]
4698
[0.15502608]
4699
[0.16905734]
4700
[0.22318208]
4701
[0.19521993]
4702
[0.14474725]
4703
[0.18431245]
4704
[0.22933251]
4705
[0.0955185]
4706
[0.07220757]
4707
[0.10167575]
4708
[0.23812467]
4709
[0.04916555]
4710
[0.1814167]
4711
[0.04066262]
4712
[0.22222447]
4713
[0.0427376]
4714
[0.12515126]
4715
[0.23804617]
4716
[0.14468355]
4717
[0.12101202]
4718
[0.19397946]
4719
[0.04117178]
4720
[0.23860742]
4721
[0.05958286]
4722
[0.06513625]
4723
[0.04904555]
4724
[0.09199963]
4725
[0.06558344]
4726
[0.03323966]
4727
[0.08421869]
4728
[0.14156772]
4729
[0.23857871]
4730
[0.18980812]
4731
[0.10977554]
4732
[0.20114843]
4733
[0.21413967]
4734
[0.23469863]
4735
[0.21805304]
4736
[0.1568103]
4737
[0.07655983]
4738
[0.19169319]
4739
[0.0766553]
4740
[0.0796424]
4741
[0.22267629]
4742
[0.23866487]
4743
[0.22843618]
4744
[0.12833593]
4745
[0.18736472]
4746
[0.03770052]
4747
[0.04699484]
4748
[0.11197491]
4749
[0.05875334]
4750
[0.19884338]
4751
[0.08671949]
4752
[0.22667983]
4753
[0.11680761]
4754
[0.14731426]
4755
[0.10547157]
4756
[0.04196568]
4757
[0.07050584]
4758
[0.18301921]
4759
[0.23480762]
4760
[0.23236742]
4761
[0.20534238]
4762
[0.18920035]
4763
[0.20427943]
4764
[0.15719637]
4765
[0.23828686]
4766
[0.15071353]
4767
[0.18817646]
4768
[0.2281264]
4769
[0.22650158]
4770
[0.22305999]
4771
[0.18822831]
4772
[0.04380224]
4773
[0.05479883]
4774
[0.08935205]
4775
[0.22672495]
4776
[0.1151536]
4777
[0.23355149]
4778
[0.1224403]
4779
[0.18936814]
4780
[0.10230633]
4781
[0.2338026]
4782
[0.0750796]
4783
[0.0985301]
4784
[0.21755114]
4785
[0.23369937]
4786
[0.13926475]
4787
[0.07591429]
4788
[0.14771442]
4789
[0.07154148]
4790
[0.21499642]
4791
[0.15253828]
4792
[0.20394694]
4793
[0.10867446]
4794
[0.04771043]
4795
[0.0573664]
4796
[0.12388543]
4797
[0.06990967]
4798
[0.08522546]
4799
[0.23117243]
4800
[0.04884574]
4801
[0.11744088]
4802
[0.0562674]
4803
[0.19503291]
4804
[0.22959505]
4805
[0.04036389]
4806
[0.15566318]
4807
[0.2188884]
4808
[0.07647037]
4809
[0.04278299]
4810
[0.15682672]
4811
[0.20956408]
4812
[0.2369894]
4813
[0.06601411]
4814
[0.13630755]
4815
[0.22375549]
4816
[0.21311051]
4817
[0.204137]
4818
[0.19537806]
4819
[0.22648126]
4820
[0.23224585]
4821
[0.22468879]
4822
[0.09549962]
4823
[0.22637467]
4824
[0.12476761]
4825
[0.08843017]
4826
[0.09001425]
4827
[0.22222831]
4828
[0.12722967]
4829
[0.16774847]
4830
[0.22552947]
4831
[0.2053484]
4832
[0.21899258]
4833
[0.1024628]
4834
[0.17446067]
4835
[0.21090907]
4836
[0.13179333]
4837
[0.16328943]
4838
[0.2009519]
4839
[0.23363004]
4840
[0.23031823]
4841
[0.11450451]
4842
[0.20995336]
4843
[0.06953322]
4844
[0.23854912]
4845
[0.12024118]
4846
[0.14787021]
4847
[0.2217154]
4848
[0.21015003]
4849
[0.09818758]
4850
[0.21656633]
4851
[0.23817096]
4852
[0.07382295]
4853
[0.22460105]
4854
[0.18222148]
4855
[0.23120624]
4856
[0.17100896]
4857
[0.0886027]
4858
[0.07803156]
4859
[0.14177796]
4860
[0.042422]
4861
[0.1104547]
4862
[0.09130877]
4863
[0.15204235]
4864
[0.15906331]
4865
[0.04141876]
4866
[0.23809885]
4867
[0.15823313]
4868
[0.22045216]
4869
[0.08194062]
4870
[0.10108263]
4871
[0.10105659]
4872
[0.18804126]
4873
[0.06704983]
4874
[0.23571682]
4875
[0.07875596]
4876
[0.23633299]
4877
[0.23552226]
4878
[0.09663694]
4879
[0.05337481]
4880
[0.15434877]
4881
[0.04628793]
4882
[0.03949696]
4883
[0.22023152]
4884
[0.10723677]
4885
[0.06145174]
4886
[0.186868]
4887
[0.17782514]
4888
[0.1196883]
4889
[0.03673234]
4890
[0.04606061]
4891
[0.23690304]
4892
[0.10391662]
4893
[0.23634925]
4894
[0.16634156]
4895
[0.03542507]
4896
[0.17383117]
4897
[0.05654258]
4898
[0.05001115]
4899
[0.23000869]
4900
[0.0482786]
4901
[0.07233247]
4902
[0.23143561]
4903
[0.09248576]
4904
[0.18706689]
4905
[0.21748106]
4906
[0.23645721]
4907
[0.18624141]
4908
[0.17882252]
4909
[0.08603557]
4910
[0.22925472]
4911
[0.0506693]
4912
[0.09754271]
4913
[0.14389443]
4914
[0.13707057]
4915
[0.13940272]
4916
[0.21493285]
4917
[0.21943811]
4918
[0.23134418]
4919
[0.16679894]
4920
[0.13826097]
4921
[0.23406685]
4922
[0.17617529]
4923
[0.188847]
4924
[0.05696074]
4925
[0.04422994]
4926
[0.23301002]
4927
[0.0449899]
4928
[0.10622625]
4929
[0.06414713]
4930
[0.12839534]
4931
[0.16417676]
4932
[0.06320765]
4933
[0.23594917]
4934
[0.22720132]
4935
[0.23818981]
4936
[0.06113021]
4937
[0.1536535]
4938
[0.05028212]
4939
[0.03813025]
4940
[0.16164216]
4941
[0.18436591]
4942
[0.22375753]
4943
[0.17769004]
4944
[0.07896075]
4945
[0.07919951]
4946
[0.21777857]
4947
[0.05598992]
4948
[0.23560506]
4949
[0.04678864]
4950
[0.23545674]
4951
[0.14898245]
4952
[0.19129191]
4953
[0.22662995]
4954
[0.21222666]
4955
[0.23586426]
4956
[0.11611976]
4957
[0.11610578]
4958
[0.07776599]
4959
[0.20655765]
4960
[0.14169531]
4961
[0.03841504]
4962
[0.04268544]
4963
[0.20907642]
4964
[0.21133138]
4965
[0.13379404]
4966
[0.16631982]
4967
[0.23666273]
4968
[0.12465556]
4969
[0.2386297]
4970
[0.23871067]
4971
[0.17843459]
4972
[0.19334427]
4973
[0.16753948]
4974
[0.08610497]
4975
[0.14376777]
4976
[0.22634871]
4977
[0.23755145]
4978
[0.15293803]
4979
[0.2086071]
4980
[0.19953844]
4981
[0.1282739]
4982
[0.17749715]
4983
[0.07067764]
4984
[0.07097]
4985
[0.19916154]
4986
[0.18234363]
4987
[0.22086635]
4988
[0.08673285]
4989
[0.20720814]
4990
[0.19296608]
4991
[0.14187613]
4992
[0.13984178]
4993
[0.08427284]
4994
[0.22044305]
4995
[0.13962676]
4996
[0.20109025]
4997
[0.22247652]
4998
[0.21523809]
4999
[0.19576009]
[1] 40000    11
[1] 40000    11
