LOADING R
R LOADED
[1] "/home/lvanderl/Rlibs2"                         
[2] "/app/software/R/4.3.1-gfbf-2022b/lib/R/library"
[1] "/home/lvanderl/sieveSims"
[1] "rf 3 2"
[1] "histogram binning"
[1] 0.1166199
[1] 0.1166199
[1] "mondrian"
[1] "iso"
[1] 0.1166199
[1] "conditional"
[   10.            11.51395399    13.25711366    15.26417967
    17.57510625    20.23589648    23.29951811    26.82695795
    30.88843596    35.56480306    40.94915062    47.14866363
    54.28675439    62.50551925    71.9685673     82.86427729
    95.40954763   109.8541142    126.48552169   145.63484775
   167.68329368   193.06977289   222.29964825   255.95479227
   294.70517026   339.32217719   390.69399371   449.8432669
   517.94746792   596.36233166   686.648845     790.60432109
   910.29817799  1048.11313415  1206.79264064  1389.49549437
  1599.85871961  1842.06996933  2120.95088792  2442.05309455
  2811.76869797  3237.45754282  3727.59372031  4291.93426013
  4941.71336132  5689.86602902  6551.2855686   7543.12006335
  8685.11373751 10000.        ]
[0.2699678  0.27187729 0.27403408 0.27385283 0.27978246 0.28639962
 0.28024522 0.28465034 0.27473637 0.30959823 0.29425149 0.29954576
 0.28862021 0.29538349 0.30485643 0.28923175 0.34720795 0.34107771
 0.40067691 0.37871415 0.35161389 0.35416591 0.46586625 0.47790343
 0.50877232 0.53425573 0.51531366 0.59832774 0.68350031 0.85641761
 0.74926281 0.91953246 0.91566141 1.26834764 1.05967833 1.88351652
 1.53950246 1.65547097 2.39060079 2.76409664 2.32511284 2.59165657
 4.59003789 3.64671785 5.37547167 5.97829664 5.45658455 6.21008165
 9.14039566 9.55226106]
10.0
0.1
0
[0.24476293]
1
[0.23941563]
2
[0.23854893]
3
[0.19043846]
4
[0.15044578]
5
[0.20731624]
6
[0.23269223]
7
[0.14418512]
8
[0.22097731]
9
[0.16560061]
10
[0.20195271]
11
[0.18246719]
12
[0.35922019]
13
[0.1773798]
14
[0.18211587]
15
[0.18553216]
16
[0.18950738]
17
[0.1901773]
18
[0.19199726]
19
[0.20549085]
20
[0.24197057]
21
[0.14428465]
22
[0.26810673]
23
[0.15369964]
24
[0.07925828]
25
[0.09486219]
26
[0.26114403]
27
[0.21494316]
28
[0.21942588]
29
[0.19990341]
30
[0.12633847]
31
[0.20163577]
32
[0.21586278]
33
[0.21271965]
34
[0.328626]
35
[0.1656479]
36
[0.18639551]
37
[0.11083006]
38
[0.14144055]
39
[0.17578006]
40
[0.21915876]
41
[0.22777949]
42
[0.19316143]
43
[0.19584018]
44
[0.24687448]
45
[0.19439513]
46
[0.14994406]
47
[0.20075917]
48
[0.15196871]
49
[0.19307389]
50
[0.10813492]
51
[0.32170664]
52
[0.25752319]
53
[0.1950353]
54
[0.20650148]
55
[0.19204159]
56
[0.17879387]
57
[0.19546511]
58
[0.24676043]
59
[0.19229262]
60
[0.31944931]
61
[0.22643003]
62
[0.16738646]
63
[0.18465941]
64
[0.19467483]
65
[0.37676481]
66
[0.15162235]
67
[0.31021377]
68
[0.1773436]
69
[0.23516065]
70
[0.17012807]
71
[0.22081681]
72
[0.11972775]
73
[0.21778483]
74
[0.1888809]
75
[0.12857391]
76
[0.24821141]
77
[0.12923574]
78
[0.1926892]
79
[0.12971517]
80
[0.18648564]
81
[0.20655501]
82
[0.28388647]
83
[0.19128707]
84
[0.27404998]
85
[0.17869536]
86
[0.21332322]
87
[0.19119472]
88
[0.21454045]
89
[0.21862316]
90
[0.19277141]
91
[0.19590613]
92
[0.21687979]
93
[0.20105743]
94
[0.19724616]
95
[0.09779121]
96
[0.23265149]
97
[0.1449731]
98
[0.32502555]
99
[0.17138158]
100
[0.13395976]
101
[0.19811617]
102
[0.14837548]
103
[0.14128345]
104
[0.16739233]
105
[0.19731707]
106
[0.29281805]
107
[0.17896642]
108
[0.1918608]
109
[0.12859582]
110
[0.2244308]
111
[0.21669045]
112
[0.19985302]
113
[0.20172142]
114
[0.22344985]
115
[0.20120537]
116
[0.12682134]
117
[0.27449055]
118
[0.21767023]
119
[0.23373865]
120
[0.19594395]
121
[0.2268256]
122
[0.19292321]
123
[0.18607512]
124
[0.17654017]
125
[0.18512439]
126
[0.24041797]
127
[0.19277055]
128
[0.19865973]
129
[0.18365065]
130
[0.24148087]
131
[0.20203252]
132
[0.29321528]
133
[0.3498288]
134
[0.2141006]
135
[0.16639314]
136
[0.24444895]
137
[0.15804618]
138
[0.30891559]
139
[0.13822446]
140
[0.2368817]
141
[0.35191805]
142
[0.22586334]
143
[0.18835077]
144
[0.1720406]
145
[0.22378422]
146
[0.25830443]
147
[0.2031186]
148
[0.17653372]
149
[0.16477335]
150
[0.17390661]
151
[0.18307479]
152
[0.08845285]
153
[0.19207164]
154
[0.15466627]
155
[0.19208607]
156
[0.19784174]
157
[0.16939025]
158
[0.14800413]
159
[0.17748061]
160
[0.30900989]
161
[0.16514004]
162
[0.18613102]
163
[0.20283166]
164
[0.2141502]
165
[0.14171957]
166
[0.19101713]
167
[0.12236321]
168
[0.16076889]
169
[0.20474313]
170
[0.19510471]
171
[0.20496578]
172
[0.17052311]
173
[0.1590448]
174
[0.16744581]
175
[0.23214116]
176
[0.21336533]
177
[0.13622217]
178
[0.18366583]
179
[0.22477401]
180
[0.25492902]
181
[0.17928303]
182
[0.20261364]
183
[0.16488483]
184
[0.19205947]
185
[0.20868199]
186
[0.1608666]
187
[0.15995508]
188
[0.18526875]
189
[0.13593338]
190
[0.22223214]
191
[0.17217688]
192
[0.15367844]
193
[0.1637712]
194
[0.14562757]
195
[0.1758754]
196
[0.2126588]
197
[0.22085174]
198
[0.20548201]
199
[0.17369308]
200
[0.23342578]
201
[0.23782971]
202
[0.18083134]
203
[0.16690875]
204
[0.21831636]
205
[0.14233329]
206
[0.22412132]
207
[0.17147532]
208
[0.18519048]
209
[0.17627666]
210
[0.18588243]
211
[0.21180117]
212
[0.19496157]
213
[0.19868312]
214
[0.17107959]
215
[0.19493293]
216
[0.19033266]
217
[0.20601795]
218
[0.20125299]
219
[0.2621638]
220
[0.16253642]
221
[0.18514233]
222
[0.16292052]
223
[0.21838693]
224
[0.16828317]
225
[0.27982563]
226
[0.18605655]
227
[0.20931254]
228
[0.13762327]
229
[0.1785491]
230
[0.33968993]
231
[0.19157095]
232
[0.27977129]
233
[0.14561083]
234
[0.17001936]
235
[0.17956332]
236
[0.14670695]
237
[0.20549409]
238
[0.23403311]
239
[0.23313315]
240
[0.21640021]
241
[0.20548759]
242
[0.20029125]
243
[0.19799512]
244
[0.18794865]
245
[0.17829104]
246
[0.19287493]
247
[0.31653536]
248
[0.2546715]
249
[0.27672638]
250
[0.2959377]
251
[0.1885372]
252
[0.09396337]
253
[0.25087999]
254
[0.21157205]
255
[0.21127344]
256
[0.13964373]
257
[0.19680306]
258
[0.26063444]
259
[0.26626785]
260
[0.10521492]
261
[0.1602219]
262
[0.15994593]
263
[0.12363506]
264
[0.3815487]
265
[0.28035585]
266
[0.20127317]
267
[0.18164306]
268
[0.19800985]
269
[0.19499011]
270
[0.19969489]
271
[0.18019116]
272
[0.18103845]
273
[0.15356808]
274
[0.22226548]
275
[0.15087464]
276
[0.20147795]
277
[0.17426156]
278
[0.14566041]
279
[0.17256889]
280
[0.20346866]
281
[0.21439627]
282
[0.28680444]
283
[0.19159807]
284
[0.2247266]
285
[0.14816277]
286
[0.33661762]
287
[0.30128634]
288
[0.21411979]
289
[0.19220404]
290
[0.29066487]
291
[0.18050439]
292
[0.18870295]
293
[0.20093682]
294
[0.13775161]
295
[0.32896705]
296
[0.19681641]
297
[0.16942456]
298
[0.16871376]
299
[0.22814856]
300
[0.2387307]
301
[0.23162991]
302
[0.1767125]
303
[0.21094961]
304
[0.1673966]
305
[0.15837721]
306
[0.24781522]
307
[0.17080474]
308
[0.14974197]
309
[0.19874084]
310
[0.35190756]
311
[0.17187939]
312
[0.1861803]
313
[0.19457367]
314
[0.25369861]
315
[0.08769959]
316
[0.20384742]
317
[0.13670445]
318
[0.15131047]
319
[0.28316743]
320
[0.13750943]
321
[0.19630503]
322
[0.19584281]
323
[0.16465769]
324
[0.14922726]
325
[0.37628096]
326
[0.10767509]
327
[0.20877434]
328
[0.27283971]
329
[0.18385166]
330
[0.08846918]
331
[0.20565193]
332
[0.22626642]
333
[0.18410326]
334
[0.20674244]
335
[0.15843742]
336
[0.18741701]
337
[0.20071238]
338
[0.16973045]
339
[0.19768655]
340
[0.19459498]
341
[0.23673341]
342
[0.19879775]
343
[0.24401241]
344
[0.21712562]
345
[0.18877172]
346
[0.18016844]
347
[0.16262403]
348
[0.31147445]
349
[0.16391875]
350
[0.34795774]
351
[0.19254972]
352
[0.11027187]
353
[0.15613227]
354
[0.16182177]
355
[0.18995584]
356
[0.173636]
357
[0.09302635]
358
[0.24095606]
359
[0.18664037]
360
[0.19222217]
361
[0.19753765]
362
[0.20655421]
363
[0.16897225]
364
[0.24857361]
365
[0.14718839]
366
[0.17705168]
367
[0.31382362]
368
[0.24683505]
369
[0.16800356]
370
[0.22099559]
371
[0.20389842]
372
[0.17282982]
373
[0.21530374]
374
[0.14422122]
375
[0.18693008]
376
[0.14564587]
377
[0.0955381]
378
[0.32308053]
379
[0.17386134]
380
[0.19538897]
381
[0.21347146]
382
[0.22711016]
383
[0.24466317]
384
[0.33661986]
385
[0.11677952]
386
[0.16298425]
387
[0.19970183]
388
[0.18122763]
389
[0.24494849]
390
[0.17841973]
391
[0.22948009]
392
[0.18844127]
393
[0.25249244]
394
[0.24703972]
395
[0.29387598]
396
[0.20805147]
397
[0.09995065]
398
[0.18703444]
399
[0.18706723]
400
[0.20023215]
401
[0.24766126]
402
[0.17765297]
403
[0.18266159]
404
[0.1800811]
405
[0.1769856]
406
[0.19430662]
407
[0.21084683]
408
[0.22088828]
409
[0.1804618]
410
[0.22870258]
411
[0.19539856]
412
[0.21367986]
413
[0.2183152]
414
[0.16837454]
415
[0.17160655]
416
[0.17070627]
417
[0.13486437]
418
[0.17846084]
419
[0.15210181]
420
[0.23976321]
421
[0.17311654]
422
[0.18631969]
423
[0.17412642]
424
[0.30151093]
425
[0.18288702]
426
[0.22717326]
427
[0.18112308]
428
[0.11734469]
429
[0.18909254]
430
[0.31652589]
431
[0.23656902]
432
[0.17098474]
433
[0.19967811]
434
[0.18445184]
435
[0.22274079]
436
[0.15616925]
437
[0.16203738]
438
[0.21808668]
439
[0.2373537]
440
[0.20038701]
441
[0.18692342]
442
[0.19930535]
443
[0.20168441]
444
[0.17470203]
445
[0.31640309]
446
[0.13303526]
447
[0.26644958]
448
[0.19865066]
449
[0.23821537]
450
[0.20118527]
451
[0.18010933]
452
[0.1515677]
453
[0.25931434]
454
[0.17510764]
455
[0.16496418]
456
[0.17436456]
457
[0.15827526]
458
[0.14663573]
459
[0.17127063]
460
[0.22663059]
461
[0.1295254]
462
[0.24580377]
463
[0.20473752]
464
[0.21269686]
465
[0.17597967]
466
[0.16176397]
467
[0.2594222]
468
[0.16888931]
469
[0.17079171]
470
[0.32464484]
471
[0.20928203]
472
[0.17704216]
473
[0.14908202]
474
[0.20966171]
475
[0.20213323]
476
[0.21131926]
477
[0.20745695]
478
[0.18134278]
479
[0.19545155]
480
[0.11845459]
481
[0.19275146]
482
[0.09263501]
483
[0.16306239]
484
[0.25957235]
485
[0.30271193]
486
[0.24757178]
487
[0.1976857]
488
[0.25591838]
489
[0.19582066]
490
[0.19464755]
491
[0.20582074]
492
[0.22610933]
493
[0.18807361]
494
[0.1163767]
495
[0.14315642]
496
[0.20304603]
497
[0.17181318]
498
[0.22327993]
499
[0.16404667]
500
[0.15842413]
501
[0.36146668]
502
[0.18697084]
503
[0.15144592]
504
[0.28336071]
505
[0.20132521]
506
[0.31842338]
507
[0.23449289]
508
[0.1652165]
509
[0.2038883]
510
[0.20588524]
511
[0.22825782]
512
[0.18162162]
513
[0.14009377]
514
[0.21434291]
515
[0.22275231]
516
[0.19744481]
517
[0.14605756]
518
[0.19612066]
519
[0.22002334]
520
[0.23529475]
521
[0.17621198]
522
[0.18059497]
523
[0.34457364]
524
[0.20908276]
525
[0.16554185]
526
[0.17949189]
527
[0.24135044]
528
[0.23311223]
529
[0.19013161]
530
[0.20109741]
531
[0.16987069]
532
[0.19145487]
533
[0.18686235]
534
[0.23209358]
535
[0.21870375]
536
[0.19042291]
537
[0.21074083]
538
[0.18521163]
539
[0.2858694]
540
[0.19787197]
541
[0.19227818]
542
[0.18922444]
543
[0.1627676]
544
[0.14926828]
545
[0.27791007]
546
[0.17884856]
547
[0.23163827]
548
[0.18449255]
549
[0.20713976]
550
[0.18750286]
551
[0.19676291]
552
[0.16642158]
553
[0.24381462]
554
[0.20377258]
555
[0.23913486]
556
[0.20543869]
557
[0.1444847]
558
[0.18586799]
559
[0.15265847]
560
[0.16318583]
561
[0.14709284]
562
[0.19951283]
563
[0.1620499]
564
[0.23507289]
565
[0.18460562]
566
[0.2393715]
567
[0.1919296]
568
[0.19660753]
569
[0.16787279]
570
[0.16716109]
571
[0.16486406]
572
[0.26410048]
573
[0.25361951]
574
[0.22579692]
575
[0.10716062]
576
[0.19343111]
577
[0.20425421]
578
[0.17235334]
579
[0.17908907]
580
[0.1608081]
581
[0.2341672]
582
[0.27030082]
583
[0.16880807]
584
[0.24934162]
585
[0.32374466]
586
[0.21450021]
587
[0.14131409]
588
[0.22405189]
589
[0.19763591]
590
[0.19799419]
591
[0.18025846]
592
[0.21593149]
593
[0.14549735]
594
[0.33964491]
595
[0.09203036]
596
[0.18706289]
597
[0.27885684]
598
[0.10417641]
599
[0.23668149]
600
[0.21199793]
601
[0.23002548]
602
[0.21324926]
603
[0.27507376]
604
[0.18764791]
605
[0.20226455]
606
[0.25486361]
607
[0.16952945]
608
[0.17254885]
609
[0.17624051]
610
[0.18419221]
611
[0.1441703]
612
[0.30837599]
613
[0.18155045]
614
[0.17906131]
615
[0.17341569]
616
[0.21363582]
617
[0.21665152]
618
[0.18127308]
619
[0.12414942]
620
[0.13605968]
621
[0.13085543]
622
[0.27063321]
623
[0.19478695]
624
[0.28203747]
625
[0.17468306]
626
[0.16323533]
627
[0.13586915]
628
[0.18709927]
629
[0.21123088]
630
[0.41151883]
631
[0.15219933]
632
[0.1569012]
633
[0.21369006]
634
[0.33444074]
635
[0.20758807]
636
[0.28069993]
637
[0.179717]
638
[0.17540183]
639
[0.21134944]
640
[0.23204978]
641
[0.1653559]
642
[0.08665955]
643
[0.11231508]
644
[0.15397363]
645
[0.092661]
646
[0.15019765]
647
[0.19115737]
648
[0.17916365]
649
[0.26813543]
650
[0.22738431]
651
[0.28247946]
652
[0.21620229]
653
[0.14310426]
654
[0.15075893]
655
[0.3837496]
656
[0.11612146]
657
[0.25522414]
658
[0.27191357]
659
[0.2195956]
660
[0.14901344]
661
[0.19062106]
662
[0.18560876]
663
[0.16258292]
664
[0.21924613]
665
[0.1822151]
666
[0.17712531]
667
[0.18538264]
668
[0.24520002]
669
[0.29692172]
670
[0.23089739]
671
[0.08910336]
672
[0.22066832]
673
[0.28678684]
674
[0.23699781]
675
[0.23731909]
676
[0.16039686]
677
[0.1997894]
678
[0.1098897]
679
[0.15301496]
680
[0.20151056]
681
[0.18743922]
682
[0.17662705]
683
[0.23328634]
684
[0.1980469]
685
[0.16340195]
686
[0.13259745]
687
[0.17683324]
688
[0.2372803]
689
[0.21085134]
690
[0.19725311]
691
[0.23331492]
692
[0.25658363]
693
[0.13088318]
694
[0.20679401]
695
[0.20679059]
696
[0.20740701]
697
[0.12118672]
698
[0.3237401]
699
[0.18659435]
700
[0.17021005]
701
[0.31586883]
702
[0.29243339]
703
[0.19139583]
704
[0.23026569]
705
[0.29694634]
706
[0.30105069]
707
[0.19805545]
708
[0.17535539]
709
[0.17882554]
710
[0.18158678]
711
[0.18366899]
712
[0.30836768]
713
[0.22995175]
714
[0.14324247]
715
[0.1901382]
716
[0.19931535]
717
[0.1959551]
718
[0.18484329]
719
[0.22816472]
720
[0.22201821]
721
[0.19867666]
722
[0.19239061]
723
[0.33388244]
724
[0.18961735]
725
[0.20616406]
726
[0.21424115]
727
[0.19269014]
728
[0.19036991]
729
[0.15312606]
730
[0.20562428]
731
[0.19889315]
732
[0.26065776]
733
[0.27652616]
734
[0.33291798]
735
[0.17902329]
736
[0.34530795]
737
[0.1427468]
738
[0.23496819]
739
[0.20225337]
740
[0.18518017]
741
[0.15277442]
742
[0.18685354]
743
[0.17598416]
744
[0.20120771]
745
[0.13297776]
746
[0.11843498]
747
[0.20077066]
748
[0.20230887]
749
[0.22830146]
750
[0.2039776]
751
[0.17105866]
752
[0.15527002]
753
[0.21499133]
754
[0.1543007]
755
[0.1814103]
756
[0.16959496]
757
[0.30991565]
758
[0.16257772]
759
[0.21000374]
760
[0.21059896]
761
[0.14958012]
762
[0.18833365]
763
[0.19127243]
764
[0.15611854]
765
[0.18778715]
766
[0.1642924]
767
[0.18206112]
768
[0.1577186]
769
[0.20362529]
770
[0.17373869]
771
[0.19464344]
772
[0.18446136]
773
[0.11639403]
774
[0.1931829]
775
[0.20136023]
776
[0.19618122]
777
[0.20399158]
778
[0.26897078]
779
[0.20445094]
780
[0.14910645]
781
[0.16768912]
782
[0.24065846]
783
[0.19283313]
784
[0.19761274]
785
[0.17887005]
786
[0.23997566]
787
[0.24639297]
788
[0.1627482]
789
[0.14472616]
790
[0.20316269]
791
[0.18983073]
792
[0.17524418]
793
[0.18166393]
794
[0.13892643]
795
[0.1061382]
796
[0.23308977]
797
[0.16457815]
798
[0.25940967]
799
[0.19641107]
800
[0.14572952]
801
[0.22377405]
802
[0.19252322]
803
[0.19608231]
804
[0.28643892]
805
[0.28739725]
806
[0.21814736]
807
[0.16679153]
808
[0.27974946]
809
[0.25103244]
810
[0.19847564]
811
[0.3157532]
812
[0.16331003]
813
[0.23624884]
814
[0.28440217]
815
[0.18120239]
816
[0.26655498]
817
[0.23265926]
818
[0.18356612]
819
[0.20150688]
820
[0.18837918]
821
[0.15115174]
822
[0.19598838]
823
[0.09828642]
824
[0.2463707]
825
[0.30807176]
826
[0.28516722]
827
[0.26619923]
828
[0.14619698]
829
[0.12716738]
830
[0.27767787]
831
[0.26027361]
832
[0.20896912]
833
[0.27887353]
834
[0.18679649]
835
[0.20285381]
836
[0.153504]
837
[0.17408563]
838
[0.19812543]
839
[0.17346984]
840
[0.23682362]
841
[0.16092293]
842
[0.29984024]
843
[0.26666432]
844
[0.20545606]
845
[0.16472357]
846
[0.26882707]
847
[0.10425547]
848
[0.16666639]
849
[0.14928117]
850
[0.24125811]
851
[0.21481456]
852
[0.18138196]
853
[0.20081522]
854
[0.18291305]
855
[0.24416237]
856
[0.16013882]
857
[0.1811378]
858
[0.1051764]
859
[0.14912418]
860
[0.18300456]
861
[0.18347172]
862
[0.17997839]
863
[0.23645956]
864
[0.17723682]
865
[0.1519442]
866
[0.15189402]
867
[0.19301367]
868
[0.2171389]
869
[0.23362278]
870
[0.20029231]
871
[0.24655214]
872
[0.27400356]
873
[0.2126997]
874
[0.32750758]
875
[0.30036351]
876
[0.1895329]
877
[0.21506793]
878
[0.14892392]
879
[0.20217429]
880
[0.1879812]
881
[0.19924164]
882
[0.21762605]
883
[0.18035628]
884
[0.25649639]
885
[0.16046616]
886
[0.13121395]
887
[0.12320652]
888
[0.13678877]
889
[0.23240078]
890
[0.18381846]
891
[0.26214658]
892
[0.19368359]
893
[0.29194639]
894
[0.27139281]
895
[0.18195745]
896
[0.11711098]
897
[0.19260069]
898
[0.36714635]
899
[0.20462664]
900
[0.24318998]
901
[0.18916171]
902
[0.2894417]
903
[0.1948818]
904
[0.21781389]
905
[0.21358863]
906
[0.22876673]
907
[0.15426184]
908
[0.21959905]
909
[0.18782505]
910
[0.1985928]
911
[0.18616272]
912
[0.19618004]
913
[0.19041117]
914
[0.18863613]
915
[0.18245615]
916
[0.23007961]
917
[0.18492326]
918
[0.13552706]
919
[0.2476309]
920
[0.11629198]
921
[0.18297579]
922
[0.18764251]
923
[0.1422405]
924
[0.1401938]
925
[0.21015071]
926
[0.15524283]
927
[0.27170288]
928
[0.1868818]
929
[0.18709689]
930
[0.16736954]
931
[0.18298717]
932
[0.23638042]
933
[0.19955665]
934
[0.19381253]
935
[0.20067547]
936
[0.18276287]
937
[0.19229907]
938
[0.19665772]
939
[0.20856256]
940
[0.14514565]
941
[0.19831821]
942
[0.22286037]
943
[0.15599248]
944
[0.24510073]
945
[0.17253818]
946
[0.31260372]
947
[0.15441474]
948
[0.268549]
949
[0.13678759]
950
[0.17040228]
951
[0.22961095]
952
[0.18231515]
953
[0.20005225]
954
[0.25456091]
955
[0.21214629]
956
[0.15191201]
957
[0.23925629]
958
[0.28330748]
959
[0.23836052]
960
[0.1937446]
961
[0.17775634]
962
[0.22188122]
963
[0.14954834]
964
[0.18583444]
965
[0.22188426]
966
[0.13116992]
967
[0.17561338]
968
[0.25930778]
969
[0.17448554]
970
[0.16546957]
971
[0.22307729]
972
[0.15248594]
973
[0.16836844]
974
[0.21587093]
975
[0.17155758]
976
[0.31140854]
977
[0.19858686]
978
[0.11315348]
979
[0.22289323]
980
[0.18755522]
981
[0.26712147]
982
[0.2390028]
983
[0.17671285]
984
[0.17092226]
985
[0.19800062]
986
[0.24342173]
987
[0.14086348]
988
[0.26588974]
989
[0.17907339]
990
[0.17096296]
991
[0.1779833]
992
[0.16580793]
993
[0.20525403]
994
[0.19200922]
995
[0.18065751]
996
[0.33361403]
997
[0.21265234]
998
[0.1373817]
999
[0.20869406]
1000
[0.27677709]
1001
[0.27422664]
1002
[0.18083871]
1003
[0.1762441]
1004
[0.19646387]
1005
[0.21046458]
1006
[0.16628616]
1007
[0.16876953]
1008
[0.10471396]
1009
[0.18049109]
1010
[0.20025965]
1011
[0.18562971]
1012
[0.15278442]
1013
[0.14816075]
1014
[0.15622397]
1015
[0.2685971]
1016
[0.20684539]
1017
[0.1931237]
1018
[0.11672273]
1019
[0.19146062]
1020
[0.21499116]
1021
[0.17998076]
1022
[0.37287646]
1023
[0.17214622]
1024
[0.21800187]
1025
[0.10406975]
1026
[0.20372969]
1027
[0.18380159]
1028
[0.18511154]
1029
[0.20865906]
1030
[0.18143378]
1031
[0.1954522]
1032
[0.1556836]
1033
[0.1914251]
1034
[0.18901446]
1035
[0.22649667]
1036
[0.10275419]
1037
[0.2522231]
1038
[0.20045046]
1039
[0.19524021]
1040
[0.19806059]
1041
[0.22864459]
1042
[0.14448519]
1043
[0.20065355]
1044
[0.19227822]
1045
[0.25019379]
1046
[0.20078388]
1047
[0.19674969]
1048
[0.19545812]
1049
[0.19565024]
1050
[0.26166708]
1051
[0.16257364]
1052
[0.18818976]
1053
[0.16197437]
1054
[0.15838791]
1055
[0.21458895]
1056
[0.2708432]
1057
[0.10998765]
1058
[0.23935411]
1059
[0.31681817]
1060
[0.27185196]
1061
[0.20975714]
1062
[0.17955643]
1063
[0.21447399]
1064
[0.18443412]
1065
[0.20146061]
1066
[0.18053729]
1067
[0.11538004]
1068
[0.19237385]
1069
[0.10558534]
1070
[0.15581783]
1071
[0.21467461]
1072
[0.21528003]
1073
[0.22187529]
1074
[0.1446294]
1075
[0.15983146]
1076
[0.11773838]
1077
[0.14216192]
1078
[0.21563356]
1079
[0.24166401]
1080
[0.28537211]
1081
[0.189178]
1082
[0.18192797]
1083
[0.16363656]
1084
[0.15620025]
1085
[0.26676918]
1086
[0.17810671]
1087
[0.20064879]
1088
[0.26277944]
1089
[0.12591851]
1090
[0.18375056]
1091
[0.18800186]
1092
[0.17994713]
1093
[0.20304372]
1094
[0.19018446]
1095
[0.18694817]
1096
[0.17876575]
1097
[0.13662633]
1098
[0.2068736]
1099
[0.2237846]
1100
[0.1862862]
1101
[0.19842947]
1102
[0.19152079]
1103
[0.14932424]
1104
[0.17372866]
1105
[0.20205718]
1106
[0.19139245]
1107
[0.16267687]
1108
[0.15710049]
1109
[0.24330884]
1110
[0.26916699]
1111
[0.15334848]
1112
[0.1922864]
1113
[0.14262703]
1114
[0.17592422]
1115
[0.14062352]
1116
[0.28713807]
1117
[0.20729435]
1118
[0.16235382]
1119
[0.21880341]
1120
[0.23484483]
1121
[0.11591823]
1122
[0.17281666]
1123
[0.19321731]
1124
[0.2088116]
1125
[0.23951282]
1126
[0.15473603]
1127
[0.22196353]
1128
[0.16466017]
1129
[0.2085168]
1130
[0.1538776]
1131
[0.15600765]
1132
[0.22267601]
1133
[0.2214135]
1134
[0.34052036]
1135
[0.16974772]
1136
[0.24491211]
1137
[0.24578166]
1138
[0.18358787]
1139
[0.20048394]
1140
[0.20994278]
1141
[0.17930854]
1142
[0.17038966]
1143
[0.17860555]
1144
[0.21635743]
1145
[0.18231091]
1146
[0.24994257]
1147
[0.25155733]
1148
[0.2005548]
1149
[0.19617021]
1150
[0.21305548]
1151
[0.21702168]
1152
[0.2284962]
1153
[0.16869609]
1154
[0.17946231]
1155
[0.30960423]
1156
[0.18208587]
1157
[0.22399468]
1158
[0.22599159]
1159
[0.17784724]
1160
[0.18361781]
1161
[0.23670583]
1162
[0.20989832]
1163
[0.14311102]
1164
[0.20265035]
1165
[0.18944794]
1166
[0.22294552]
1167
[0.12918089]
1168
[0.16769123]
1169
[0.26500367]
1170
[0.19417708]
1171
[0.15639641]
1172
[0.23385372]
1173
[0.34319984]
1174
[0.2020373]
1175
[0.29050311]
1176
[0.19115745]
1177
[0.16390511]
1178
[0.18387834]
1179
[0.26131919]
1180
[0.21839688]
1181
[0.23001]
1182
[0.07232348]
1183
[0.19058473]
1184
[0.20158432]
1185
[0.1992729]
1186
[0.16200772]
1187
[0.1955366]
1188
[0.20443792]
1189
[0.35104644]
1190
[0.20040425]
1191
[0.24389451]
1192
[0.21000975]
1193
[0.14377111]
1194
[0.18606543]
1195
[0.21425796]
1196
[0.21994271]
1197
[0.2195739]
1198
[0.22542477]
1199
[0.18868357]
1200
[0.18610791]
1201
[0.17430489]
1202
[0.3317629]
1203
[0.18077541]
1204
[0.19741403]
1205
[0.265159]
1206
[0.24369396]
1207
[0.17326465]
1208
[0.21087933]
1209
[0.25781791]
1210
[0.17647857]
1211
[0.19652068]
1212
[0.22240431]
1213
[0.33697238]
1214
[0.2265368]
1215
[0.11097203]
1216
[0.17742321]
1217
[0.31948382]
1218
[0.25824969]
1219
[0.15057053]
1220
[0.15833]
1221
[0.17616436]
1222
[0.19164823]
1223
[0.22575968]
1224
[0.24643727]
1225
[0.23564321]
1226
[0.22846181]
1227
[0.19164175]
1228
[0.10928193]
1229
[0.18300377]
1230
[0.23276651]
1231
[0.18229476]
1232
[0.18153598]
1233
[0.17511054]
1234
[0.1949178]
1235
[0.25375262]
1236
[0.12686155]
1237
[0.20840051]
1238
[0.33279755]
1239
[0.19796614]
1240
[0.20875208]
1241
[0.14836959]
1242
[0.17371583]
1243
[0.2624004]
1244
[0.19700608]
1245
[0.19246118]
1246
[0.18263158]
1247
[0.23351687]
1248
[0.13650176]
1249
[0.15097368]
1250
[0.28958579]
1251
[0.23489464]
1252
[0.24462637]
1253
[0.24731465]
1254
[0.22657193]
1255
[0.23093456]
1256
[0.14573187]
1257
[0.21061949]
1258
[0.18932076]
1259
[0.19963631]
1260
[0.18941203]
1261
[0.22991856]
1262
[0.17862292]
1263
[0.23965954]
1264
[0.23486302]
1265
[0.20198335]
1266
[0.20946463]
1267
[0.35911735]
1268
[0.22439916]
1269
[0.19462262]
1270
[0.19327139]
1271
[0.23386312]
1272
[0.12218882]
1273
[0.19104237]
1274
[0.11154491]
1275
[0.05661688]
1276
[0.19082094]
1277
[0.25623985]
1278
[0.16546621]
1279
[0.13876465]
1280
[0.19790364]
1281
[0.16501645]
1282
[0.09767524]
1283
[0.17406403]
1284
[0.15678135]
1285
[0.15165819]
1286
[0.16411634]
1287
[0.18348085]
1288
[0.22405205]
1289
[0.20682846]
1290
[0.15455537]
1291
[0.15535358]
1292
[0.2146932]
1293
[0.22339281]
1294
[0.16859101]
1295
[0.17230826]
1296
[0.16334102]
1297
[0.22843638]
1298
[0.19763712]
1299
[0.22337054]
1300
[0.06822752]
1301
[0.16761511]
1302
[0.17867882]
1303
[0.22495928]
1304
[0.26943407]
1305
[0.1603681]
1306
[0.12949151]
1307
[0.19608409]
1308
[0.1878822]
1309
[0.19679629]
1310
[0.20076527]
1311
[0.24175168]
1312
[0.21218704]
1313
[0.28603042]
1314
[0.1671102]
1315
[0.16398376]
1316
[0.25100191]
1317
[0.11022849]
1318
[0.22950512]
1319
[0.15083819]
1320
[0.19996557]
1321
[0.14967439]
1322
[0.20421434]
1323
[0.20163493]
1324
[0.27122171]
1325
[0.18882142]
1326
[0.16704613]
1327
[0.18873224]
1328
[0.20616966]
1329
[0.19665669]
1330
[0.1900522]
1331
[0.35450122]
1332
[0.14323281]
1333
[0.06110371]
1334
[0.24029703]
1335
[0.15786393]
1336
[0.16888411]
1337
[0.19944666]
1338
[0.12745437]
1339
[0.2003247]
1340
[0.17892995]
1341
[0.15513977]
1342
[0.23855667]
1343
[0.19953014]
1344
[0.16368269]
1345
[0.17323979]
1346
[0.18322559]
1347
[0.27511719]
1348
[0.16651394]
1349
[0.13817607]
1350
[0.31620009]
1351
[0.21952541]
1352
[0.21810134]
1353
[0.19572791]
1354
[0.18456544]
1355
[0.20852209]
1356
[0.17051817]
1357
[0.20388436]
1358
[0.2278692]
1359
[0.19391889]
1360
[0.3092096]
1361
[0.16616995]
1362
[0.19201353]
1363
[0.17859714]
1364
[0.22610651]
1365
[0.14974325]
1366
[0.30690862]
1367
[0.22005245]
1368
[0.29912238]
1369
[0.175128]
1370
[0.24725194]
1371
[0.22598746]
1372
[0.19063812]
1373
[0.15504328]
1374
[0.20682168]
1375
[0.11466033]
1376
[0.23488052]
1377
[0.1642392]
1378
[0.24065979]
1379
[0.19015305]
1380
[0.23824694]
1381
[0.20498833]
1382
[0.18347849]
1383
[0.26143902]
1384
[0.28321066]
1385
[0.17339756]
1386
[0.31293008]
1387
[0.14929903]
1388
[0.15343732]
1389
[0.17771452]
1390
[0.21318318]
1391
[0.20586645]
1392
[0.17906251]
1393
[0.19430231]
1394
[0.24503802]
1395
[0.18276478]
1396
[0.14888513]
1397
[0.19606927]
1398
[0.25201907]
1399
[0.16770352]
1400
[0.19335177]
1401
[0.16293895]
1402
[0.15475764]
1403
[0.24939058]
1404
[0.25504171]
1405
[0.32431825]
1406
[0.17129154]
1407
[0.26840968]
1408
[0.20237588]
1409
[0.17941265]
1410
[0.14223408]
1411
[0.26300718]
1412
[0.19044691]
1413
[0.20807491]
1414
[0.30018064]
1415
[0.2427431]
1416
[0.19125068]
1417
[0.17241773]
1418
[0.1612613]
1419
[0.20598064]
1420
[0.1377289]
1421
[0.149358]
1422
[0.17847825]
1423
[0.21142179]
1424
[0.26365132]
1425
[0.28834958]
1426
[0.17352755]
1427
[0.17051062]
1428
[0.23279778]
1429
[0.17481905]
1430
[0.21243023]
1431
[0.08841866]
1432
[0.26249742]
1433
[0.11826504]
1434
[0.1831311]
1435
[0.25637954]
1436
[0.17294067]
1437
[0.16502998]
1438
[0.27939449]
1439
[0.26609379]
1440
[0.21478389]
1441
[0.18039037]
1442
[0.19219074]
1443
[0.20208]
1444
[0.19424026]
1445
[0.1077489]
1446
[0.19698546]
1447
[0.11224986]
1448
[0.15495635]
1449
[0.22206691]
1450
[0.11448179]
1451
[0.24190278]
1452
[0.17196034]
1453
[0.21248641]
1454
[0.18092879]
1455
[0.20657663]
1456
[0.31048399]
1457
[0.18083686]
1458
[0.19654161]
1459
[0.18082615]
1460
[0.21812089]
1461
[0.18351491]
1462
[0.24874482]
1463
[0.18840247]
1464
[0.22856769]
1465
[0.22025556]
1466
[0.24098718]
1467
[0.18181353]
1468
[0.24649242]
1469
[0.21457509]
1470
[0.16643083]
1471
[0.31944529]
1472
[0.20014712]
1473
[0.1956447]
1474
[0.20554033]
1475
[0.17284055]
1476
[0.10502929]
1477
[0.24145156]
1478
[0.25187855]
1479
[0.16956946]
1480
[0.19001946]
1481
[0.19770099]
1482
[0.2472622]
1483
[0.20409172]
1484
[0.14113855]
1485
[0.33164974]
1486
[0.23189714]
1487
[0.18546212]
1488
[0.18997765]
1489
[0.16466954]
1490
[0.20073853]
1491
[0.12094572]
1492
[0.20125425]
1493
[0.24614013]
1494
[0.18902809]
1495
[0.20624795]
1496
[0.18363572]
1497
[0.22377681]
1498
[0.26239363]
1499
[0.16571113]
1500
[0.18228824]
1501
[0.27763131]
1502
[0.13768509]
1503
[0.19797927]
1504
[0.10607536]
1505
[0.17982438]
1506
[0.2115891]
1507
[0.2531344]
1508
[0.17526457]
1509
[0.29059779]
1510
[0.26628064]
1511
[0.16564379]
1512
[0.2224273]
1513
[0.22071624]
1514
[0.20120185]
1515
[0.17620582]
1516
[0.19713855]
1517
[0.19658173]
1518
[0.25750104]
1519
[0.18259994]
1520
[0.21184986]
1521
[0.12584125]
1522
[0.20860913]
1523
[0.26204869]
1524
[0.15941577]
1525
[0.13047991]
1526
[0.12521553]
1527
[0.18495315]
1528
[0.17517514]
1529
[0.25980598]
1530
[0.21216102]
1531
[0.14916064]
1532
[0.20099195]
1533
[0.34044199]
1534
[0.20452468]
1535
[0.08498456]
1536
[0.24283551]
1537
[0.19767319]
1538
[0.16842615]
1539
[0.25223924]
1540
[0.3057623]
1541
[0.15519271]
1542
[0.18304783]
1543
[0.17027624]
1544
[0.31210352]
1545
[0.1646724]
1546
[0.19492906]
1547
[0.10961642]
1548
[0.17023712]
1549
[0.20223784]
1550
[0.16627027]
1551
[0.25476354]
1552
[0.19928196]
1553
[0.2968487]
1554
[0.23406719]
1555
[0.17602009]
1556
[0.25923094]
1557
[0.17585083]
1558
[0.22373911]
1559
[0.33220079]
1560
[0.25959253]
1561
[0.16224146]
1562
[0.18848389]
1563
[0.20682995]
1564
[0.20000115]
1565
[0.19311777]
1566
[0.16610805]
1567
[0.08097773]
1568
[0.16921193]
1569
[0.31761407]
1570
[0.13872346]
1571
[0.2113622]
1572
[0.18388326]
1573
[0.20791105]
1574
[0.30163792]
1575
[0.22490206]
1576
[0.22350306]
1577
[0.15387903]
1578
[0.19212092]
1579
[0.30323853]
1580
[0.20956621]
1581
[0.13102986]
1582
[0.20376298]
1583
[0.32165704]
1584
[0.14300625]
1585
[0.19784422]
1586
[0.18353526]
1587
[0.15308756]
1588
[0.19245673]
1589
[0.23604937]
1590
[0.26644467]
1591
[0.22898494]
1592
[0.17673283]
1593
[0.16782313]
1594
[0.17591771]
1595
[0.12977973]
1596
[0.33208492]
1597
[0.2220665]
1598
[0.2830449]
1599
[0.28063227]
1600
[0.23667537]
1601
[0.17936612]
1602
[0.07764185]
1603
[0.19963745]
1604
[0.17324681]
1605
[0.17639572]
1606
[0.15222958]
1607
[0.20960527]
1608
[0.12495581]
1609
[0.28971098]
1610
[0.18517996]
1611
[0.23871458]
1612
[0.18432896]
1613
[0.1907567]
1614
[0.11056627]
1615
[0.1880543]
1616
[0.1713963]
1617
[0.23299856]
1618
[0.18504828]
1619
[0.19604844]
1620
[0.12915977]
1621
[0.21372152]
1622
[0.19646196]
1623
[0.21149322]
1624
[0.19243141]
1625
[0.05739272]
1626
[0.09697028]
1627
[0.20471564]
1628
[0.23426768]
1629
[0.17039313]
1630
[0.1921173]
1631
[0.17117038]
1632
[0.16932342]
1633
[0.16607351]
1634
[0.20080407]
1635
[0.25200571]
1636
[0.1363808]
1637
[0.19495992]
1638
[0.19956377]
1639
[0.20838569]
1640
[0.20368916]
1641
[0.2949704]
1642
[0.2705154]
1643
[0.1997017]
1644
[0.22328366]
1645
[0.22974151]
1646
[0.24356412]
1647
[0.19298118]
1648
[0.20584581]
1649
[0.1948974]
1650
[0.28720476]
1651
[0.25417011]
1652
[0.21037912]
1653
[0.20233177]
1654
[0.14851557]
1655
[0.26576402]
1656
[0.22347429]
1657
[0.17489387]
1658
[0.07150183]
1659
[0.35568975]
1660
[0.32242018]
1661
[0.19189476]
1662
[0.05018449]
1663
[0.20717007]
1664
[0.21375349]
1665
[0.18056972]
1666
[0.16894819]
1667
[0.20724395]
1668
[0.17199997]
1669
[0.15949611]
1670
[0.15108434]
1671
[0.22278894]
1672
[0.21479339]
1673
[0.20095312]
1674
[0.26759352]
1675
[0.19673885]
1676
[0.17762618]
1677
[0.21036876]
1678
[0.23256435]
1679
[0.3089688]
1680
[0.22898728]
1681
[0.17227744]
1682
[0.19657826]
1683
[0.18967398]
1684
[0.08256362]
1685
[0.24736432]
1686
[0.190289]
1687
[0.1708973]
1688
[0.14226294]
1689
[0.21376972]
1690
[0.18726341]
1691
[0.12444946]
1692
[0.17703467]
1693
[0.30095852]
1694
[0.06636851]
1695
[0.24321127]
1696
[0.19510984]
1697
[0.10556652]
1698
[0.23309095]
1699
[0.18106394]
1700
[0.23336657]
1701
[0.15721958]
1702
[0.1893066]
1703
[0.16358153]
1704
[0.1313654]
1705
[0.1976029]
1706
[0.18531596]
1707
[0.20253515]
1708
[0.1803221]
1709
[0.1959438]
1710
[0.24210738]
1711
[0.20560558]
1712
[0.16991965]
1713
[0.23773046]
1714
[0.158694]
1715
[0.17534497]
1716
[0.14954881]
1717
[0.20941338]
1718
[0.18671782]
1719
[0.13617546]
1720
[0.16492875]
1721
[0.19216253]
1722
[0.17642042]
1723
[0.20910162]
1724
[0.18344101]
1725
[0.25391293]
1726
[0.2578149]
1727
[0.15145396]
1728
[0.21860105]
1729
[0.28174979]
1730
[0.23461099]
1731
[0.24118482]
1732
[0.13573111]
1733
[0.2280255]
1734
[0.36131325]
1735
[0.17660607]
1736
[0.2018872]
1737
[0.19449622]
1738
[0.10873426]
1739
[0.19083527]
1740
[0.18989939]
1741
[0.25747766]
1742
[0.18461199]
1743
[0.25718483]
1744
[0.2810211]
1745
[0.2154533]
1746
[0.22223299]
1747
[0.155126]
1748
[0.14866173]
1749
[0.2028517]
1750
[0.17246815]
1751
[0.19658486]
1752
[0.19943557]
1753
[0.18778268]
1754
[0.18556938]
1755
[0.10814358]
1756
[0.10406744]
1757
[0.16494053]
1758
[0.35251587]
1759
[0.21711805]
1760
[0.1664213]
1761
[0.18530475]
1762
[0.16658057]
1763
[0.1601651]
1764
[0.11256376]
1765
[0.09480662]
1766
[0.24965561]
1767
[0.18762579]
1768
[0.17469775]
1769
[0.24946102]
1770
[0.18383624]
1771
[0.20977817]
1772
[0.14966683]
1773
[0.19289371]
1774
[0.2240083]
1775
[0.20192135]
1776
[0.21044464]
1777
[0.37103353]
1778
[0.20388586]
1779
[0.15707921]
1780
[0.17659455]
1781
[0.2067024]
1782
[0.14685862]
1783
[0.19622526]
1784
[0.13405209]
1785
[0.26945896]
1786
[0.10578416]
1787
[0.26759889]
1788
[0.21401025]
1789
[0.19795091]
1790
[0.22908685]
1791
[0.17765644]
1792
[0.19198633]
1793
[0.20801113]
1794
[0.18532963]
1795
[0.18030443]
1796
[0.30103311]
1797
[0.20259665]
1798
[0.12190856]
1799
[0.17631486]
1800
[0.23715561]
1801
[0.2145421]
1802
[0.17273138]
1803
[0.1990769]
1804
[0.13986169]
1805
[0.25039255]
1806
[0.17145877]
1807
[0.16364428]
1808
[0.22163182]
1809
[0.16956457]
1810
[0.27630593]
1811
[0.22841104]
1812
[0.16186962]
1813
[0.19276756]
1814
[0.18793187]
1815
[0.23689379]
1816
[0.19652852]
1817
[0.16610289]
1818
[0.20359482]
1819
[0.25244914]
1820
[0.15663889]
1821
[0.23872277]
1822
[0.24829902]
1823
[0.17609408]
1824
[0.16435727]
1825
[0.13478352]
1826
[0.23795757]
1827
[0.25342974]
1828
[0.1784546]
1829
[0.17607063]
1830
[0.16151763]
1831
[0.19380381]
1832
[0.18870769]
1833
[0.22992835]
1834
[0.07508334]
1835
[0.17859425]
1836
[0.22757744]
1837
[0.18075064]
1838
[0.21677653]
1839
[0.18035557]
1840
[0.31680372]
1841
[0.1906227]
1842
[0.17423391]
1843
[0.16962907]
1844
[0.16316836]
1845
[0.15527682]
1846
[0.18928184]
1847
[0.19374655]
1848
[0.20060208]
1849
[0.29707953]
1850
[0.19150978]
1851
[0.221806]
1852
[0.1981568]
1853
[0.24283846]
1854
[0.13453156]
1855
[0.15749342]
1856
[0.20894303]
1857
[0.2157877]
1858
[0.10168221]
1859
[0.12465102]
1860
[0.23325235]
1861
[0.18530539]
1862
[0.21668649]
1863
[0.14197514]
1864
[0.1922358]
1865
[0.16348555]
1866
[0.1991867]
1867
[0.1599846]
1868
[0.20290086]
1869
[0.09561338]
1870
[0.1226934]
1871
[0.21489933]
1872
[0.22278669]
1873
[0.2014921]
1874
[0.18537101]
1875
[0.2636685]
1876
[0.20592249]
1877
[0.22544753]
1878
[0.24688564]
1879
[0.23394499]
1880
[0.19122335]
1881
[0.25357069]
1882
[0.26180482]
1883
[0.20839371]
1884
[0.29402867]
1885
[0.22254849]
1886
[0.16126215]
1887
[0.15553289]
1888
[0.165554]
1889
[0.25938722]
1890
[0.19682518]
1891
[0.22445105]
1892
[0.21556059]
1893
[0.25288]
1894
[0.26278551]
1895
[0.17582845]
1896
[0.25787524]
1897
[0.24805965]
1898
[0.24498548]
1899
[0.21106664]
1900
[0.18099278]
1901
[0.19235791]
1902
[0.15366754]
1903
[0.16959637]
1904
[0.19403774]
1905
[0.19610542]
1906
[0.19246786]
1907
[0.14723203]
1908
[0.15518113]
1909
[0.17710229]
1910
[0.22546023]
1911
[0.34602927]
1912
[0.23935738]
1913
[0.20272848]
1914
[0.1533938]
1915
[0.20462812]
1916
[0.285673]
1917
[0.1811587]
1918
[0.19541413]
1919
[0.18281503]
1920
[0.14736684]
1921
[0.20897319]
1922
[0.18106632]
1923
[0.1782309]
1924
[0.25720352]
1925
[0.14947824]
1926
[0.19806772]
1927
[0.20078538]
1928
[0.17111522]
1929
[0.16022132]
1930
[0.25451564]
1931
[0.29660976]
1932
[0.11672483]
1933
[0.21340619]
1934
[0.20705149]
1935
[0.14961472]
1936
[0.20922317]
1937
[0.1825389]
1938
[0.19237015]
1939
[0.21320697]
1940
[0.20515533]
1941
[0.15308175]
1942
[0.19264602]
1943
[0.14199617]
1944
[0.207554]
1945
[0.18647865]
1946
[0.21765309]
1947
[0.22055784]
1948
[0.17291811]
1949
[0.19663911]
1950
[0.20937782]
1951
[0.2331242]
1952
[0.17318583]
1953
[0.11388973]
1954
[0.16730324]
1955
[0.13416348]
1956
[0.24191987]
1957
[0.11195623]
1958
[0.18053003]
1959
[0.19781005]
1960
[0.10184123]
1961
[0.1716123]
1962
[0.12683067]
1963
[0.21578203]
1964
[0.28959012]
1965
[0.18060661]
1966
[0.11605288]
1967
[0.30783783]
1968
[0.15231422]
1969
[0.15010497]
1970
[0.22915245]
1971
[0.25040356]
1972
[0.12461039]
1973
[0.17710035]
1974
[0.12044332]
1975
[0.22670317]
1976
[0.19662299]
1977
[0.15906578]
1978
[0.15803936]
1979
[0.24699342]
1980
[0.18847781]
1981
[0.19021966]
1982
[0.18655788]
1983
[0.22805845]
1984
[0.18790665]
1985
[0.14406948]
1986
[0.14178749]
1987
[0.17726144]
1988
[0.17733077]
1989
[0.17824986]
1990
[0.15870682]
1991
[0.16333651]
1992
[0.22376438]
1993
[0.23110619]
1994
[0.13117035]
1995
[0.20651265]
1996
[0.19739807]
1997
[0.11565314]
1998
[0.1736149]
1999
[0.11649176]
[1] 16000    11
[1] 16000    11
