LOADING R
R LOADED
[1] "/home/lvanderl/Rlibs2"                         
[2] "/app/software/R/4.3.1-gfbf-2022b/lib/R/library"
[1] "/home/lvanderl/sieveSims"
[1] "gam 1 1"
[1] "histogram binning"
[1] 0.1060854
[1] 0.1060854
[1] "mondrian"
[1] "iso"
[1] 0.1060854
[1] "conditional"
[   10.            11.51395399    13.25711366    15.26417967
    17.57510625    20.23589648    23.29951811    26.82695795
    30.88843596    35.56480306    40.94915062    47.14866363
    54.28675439    62.50551925    71.9685673     82.86427729
    95.40954763   109.8541142    126.48552169   145.63484775
   167.68329368   193.06977289   222.29964825   255.95479227
   294.70517026   339.32217719   390.69399371   449.8432669
   517.94746792   596.36233166   686.648845     790.60432109
   910.29817799  1048.11313415  1206.79264064  1389.49549437
  1599.85871961  1842.06996933  2120.95088792  2442.05309455
  2811.76869797  3237.45754282  3727.59372031  4291.93426013
  4941.71336132  5689.86602902  6551.2855686   7543.12006335
  8685.11373751 10000.        ]
[ 0.11506325  0.11447988  0.11622484  0.11911243  0.13441261  0.12890448
  0.1355817   0.14826765  0.13750588  0.1581632   0.16346483  0.17662603
  0.19388027  0.17979691  0.16074745  0.1946747   0.19450367  0.23419287
  0.21366013  0.25512399  0.27672594  0.25764234  0.34789284  0.35178671
  0.44769845  0.45102723  0.68665719  0.396347    0.41135917  0.72871571
  0.9647247   0.8414463   1.25934205  1.47234187  1.78520641  1.51038628
  2.06639382  2.38335585  1.83454487  1.95312714  3.42292292  3.84951689
  2.60975554  5.42191599  5.12411962  7.32548006  8.19586366  7.35002969
  6.52333002 13.82919956]
11.513953993264476
0.08685113737513524
0
[0.2583571]
1
[0.34586786]
2
[0.03554124]
3
[0.27889601]
4
[0.24865472]
5
[0.30592933]
6
[0.22135212]
7
[0.04747783]
8
[0.0593088]
9
[0.36138309]
10
[0.36716525]
11
[0.12334757]
12
[0.19728156]
13
[0.05606295]
14
[0.36742257]
15
[0.28799376]
16
[0.11877653]
17
[0.04434829]
18
[0.22797321]
19
[0.30990712]
20
[0.15425907]
21
[0.07193847]
22
[0.33963783]
23
[0.16083065]
24
[0.36526855]
25
[0.3113837]
26
[0.13580394]
27
[0.21319568]
28
[0.25911973]
29
[0.24835344]
30
[0.03672959]
31
[0.2635026]
32
[0.35550951]
33
[0.02945981]
34
[0.14340286]
35
[0.32226149]
36
[0.24948394]
37
[0.21089801]
38
[0.06375522]
39
[0.31181432]
40
[0.1692771]
41
[0.1146854]
42
[0.12870507]
43
[0.29356999]
44
[0.33892635]
45
[0.21326691]
46
[0.3654739]
47
[0.08378779]
48
[0.04546749]
49
[0.05069668]
50
[0.06213758]
51
[0.12811939]
52
[0.26740471]
53
[0.24573069]
54
[0.15569171]
55
[0.1030588]
56
[0.28130987]
57
[0.34181598]
58
[0.23648198]
59
[0.28819592]
60
[0.07415099]
61
[0.28225771]
62
[0.32258365]
63
[0.15423901]
64
[0.03259412]
65
[0.11300429]
66
[0.31588784]
67
[0.36661179]
68
[0.19838286]
69
[0.27394668]
70
[0.10424796]
71
[0.17211672]
72
[0.33209295]
73
[0.3349592]
74
[0.34687025]
75
[0.122143]
76
[0.27110505]
77
[0.18535215]
78
[0.36134638]
79
[0.05551669]
80
[0.1449247]
81
[0.04484593]
82
[0.36711229]
83
[0.35387524]
84
[0.27283556]
85
[0.21190062]
86
[0.19923485]
87
[0.1469395]
88
[0.35511206]
89
[0.14163915]
90
[0.16350803]
91
[0.3670808]
92
[0.15675303]
93
[0.09487039]
94
[0.12980579]
95
[0.03507257]
96
[0.08232532]
97
[0.18347892]
98
[0.36816535]
99
[0.27810148]
100
[0.36735302]
101
[0.31778904]
102
[0.1023628]
103
[0.36196886]
104
[0.08050069]
105
[0.36452824]
106
[0.34880246]
107
[0.15684235]
108
[0.28713628]
109
[0.36818254]
110
[0.17550676]
111
[0.04562107]
112
[0.36687533]
113
[0.18738829]
114
[0.365134]
115
[0.31901329]
116
[0.06515607]
117
[0.35921472]
118
[0.06682955]
119
[0.21678947]
120
[0.14412939]
121
[0.36323776]
122
[0.05423739]
123
[0.36391818]
124
[0.35688977]
125
[0.27834908]
126
[0.15066207]
127
[0.18046508]
128
[0.15466184]
129
[0.14617731]
130
[0.12876935]
131
[0.33471344]
132
[0.23786187]
133
[0.30661655]
134
[0.3373905]
135
[0.03166349]
136
[0.16683079]
137
[0.33785398]
138
[0.18100353]
139
[0.17193675]
140
[0.26772676]
141
[0.34077819]
142
[0.05329853]
143
[0.27596407]
144
[0.25779386]
145
[0.21333596]
146
[0.29525709]
147
[0.17845843]
148
[0.36379028]
149
[0.3048355]
150
[0.12071778]
151
[0.35136533]
152
[0.36348814]
153
[0.16835372]
154
[0.3681829]
155
[0.04049157]
156
[0.10869168]
157
[0.12489767]
158
[0.30846729]
159
[0.1619989]
160
[0.13477825]
161
[0.17505917]
162
[0.24691065]
163
[0.35906769]
164
[0.11687456]
165
[0.16900437]
166
[0.34010817]
167
[0.22688856]
168
[0.32968996]
169
[0.17483877]
170
[0.12345058]
171
[0.29233763]
172
[0.31202014]
173
[0.19314417]
174
[0.28151739]
175
[0.10809272]
176
[0.12388772]
177
[0.05048738]
178
[0.36584236]
179
[0.11933828]
180
[0.06928283]
181
[0.0873953]
182
[0.28794562]
183
[0.33551484]
184
[0.34422657]
185
[0.24145989]
186
[0.28352899]
187
[0.06202]
188
[0.23476283]
189
[0.10791259]
190
[0.16950724]
191
[0.18007397]
192
[0.36006512]
193
[0.32036469]
194
[0.30803681]
195
[0.10561151]
196
[0.0771173]
197
[0.30362148]
198
[0.14278428]
199
[0.33554085]
200
[0.07542747]
201
[0.33688916]
202
[0.34329096]
203
[0.35372162]
204
[0.11612394]
205
[0.14753913]
206
[0.05812038]
207
[0.13298521]
208
[0.08781079]
209
[0.36504496]
210
[0.25430165]
211
[0.04157921]
212
[0.11818798]
213
[0.33858489]
214
[0.32362111]
215
[0.25234175]
216
[0.3236682]
217
[0.19628262]
218
[0.29841206]
219
[0.25051307]
220
[0.19006156]
221
[0.05633382]
222
[0.05934394]
223
[0.24964249]
224
[0.22413023]
225
[0.26658002]
226
[0.27076979]
227
[0.35714056]
228
[0.36035645]
229
[0.36562293]
230
[0.23398582]
231
[0.05705394]
232
[0.04001662]
233
[0.16361015]
234
[0.36660828]
235
[0.24754787]
236
[0.36557775]
237
[0.36586639]
238
[0.08109724]
239
[0.36624576]
240
[0.23338183]
241
[0.03581244]
242
[0.0821363]
243
[0.29694002]
244
[0.3549352]
245
[0.31283148]
246
[0.27362282]
247
[0.06263497]
248
[0.26749481]
249
[0.25366148]
250
[0.2681001]
251
[0.3266949]
252
[0.32835617]
253
[0.3545203]
254
[0.3561761]
255
[0.27142457]
256
[0.1251043]
257
[0.33981053]
258
[0.10632847]
259
[0.27502452]
260
[0.15785819]
261
[0.36739572]
262
[0.18312451]
263
[0.10044871]
264
[0.24963516]
265
[0.2508419]
266
[0.33726306]
267
[0.14731782]
268
[0.02937934]
269
[0.27389954]
270
[0.27062604]
271
[0.20664196]
272
[0.2802179]
273
[0.27571553]
274
[0.10812451]
275
[0.15786551]
276
[0.29121702]
277
[0.27116974]
278
[0.32738813]
279
[0.11780067]
280
[0.13935421]
281
[0.35324227]
282
[0.18652688]
283
[0.05776342]
284
[0.18652687]
285
[0.36657184]
286
[0.03459715]
287
[0.1166618]
288
[0.0879346]
289
[0.16265366]
290
[0.27403526]
291
[0.05216599]
292
[0.20012974]
293
[0.293873]
294
[0.24679164]
295
[0.10146942]
296
[0.19892107]
297
[0.02870252]
298
[0.3368471]
299
[0.21684443]
300
[0.17673292]
301
[0.06933941]
302
[0.3661754]
303
[0.09422881]
304
[0.22553476]
305
[0.20182764]
306
[0.09072229]
307
[0.35535816]
308
[0.20294823]
309
[0.23962695]
310
[0.10499681]
311
[0.19511718]
312
[0.28854235]
313
[0.32465264]
314
[0.04471455]
315
[0.12021578]
316
[0.09017297]
317
[0.25105994]
318
[0.35112148]
319
[0.1633676]
320
[0.23819758]
321
[0.33765311]
322
[0.15444713]
323
[0.35993]
324
[0.08411241]
325
[0.21345392]
326
[0.28945617]
327
[0.30887682]
328
[0.18147995]
329
[0.0646624]
330
[0.18720299]
331
[0.08670667]
332
[0.1505426]
333
[0.04719381]
334
[0.36752209]
335
[0.33486351]
336
[0.35975995]
337
[0.20334668]
338
[0.06830496]
339
[0.12036456]
340
[0.36598005]
341
[0.0523556]
342
[0.22110428]
343
[0.31192006]
344
[0.17702681]
345
[0.0526597]
346
[0.0558295]
347
[0.30431733]
348
[0.09050367]
349
[0.26735599]
350
[0.35769286]
351
[0.132175]
352
[0.08879395]
353
[0.35411477]
354
[0.08029045]
355
[0.06691295]
356
[0.0326068]
357
[0.09561852]
358
[0.05365479]
359
[0.14866119]
360
[0.25394269]
361
[0.1311495]
362
[0.09410625]
363
[0.29349489]
364
[0.09060387]
365
[0.05913603]
366
[0.02993345]
367
[0.29063534]
368
[0.12325606]
369
[0.36754098]
370
[0.27986449]
371
[0.19009476]
372
[0.14463675]
373
[0.24296576]
374
[0.27068104]
375
[0.35654067]
376
[0.3125312]
377
[0.13851376]
378
[0.3596483]
379
[0.19517747]
380
[0.23898422]
381
[0.35426884]
382
[0.24676399]
383
[0.22259288]
384
[0.25274965]
385
[0.29160626]
386
[0.35955846]
387
[0.15340966]
388
[0.0487876]
389
[0.10603059]
390
[0.27261896]
391
[0.32145995]
392
[0.34341367]
393
[0.32177448]
394
[0.08664984]
395
[0.32543292]
396
[0.14915968]
397
[0.31530131]
398
[0.04000124]
399
[0.31771035]
400
[0.32406514]
401
[0.16820329]
402
[0.2469705]
403
[0.20139626]
404
[0.36571169]
405
[0.31933296]
406
[0.18829842]
407
[0.33597021]
408
[0.26492606]
409
[0.28490092]
410
[0.1372057]
411
[0.0439771]
412
[0.04305431]
413
[0.32568072]
414
[0.26302098]
415
[0.16619416]
416
[0.34129538]
417
[0.33393362]
418
[0.05144519]
419
[0.15949855]
420
[0.13317829]
421
[0.12114858]
422
[0.21382253]
423
[0.11557701]
424
[0.32593618]
425
[0.12972133]
426
[0.07924202]
427
[0.36705606]
428
[0.35634269]
429
[0.3513745]
430
[0.09045717]
431
[0.22478798]
432
[0.24913433]
433
[0.09138006]
434
[0.30860567]
435
[0.04542747]
436
[0.17013441]
437
[0.21655123]
438
[0.21804575]
439
[0.35933232]
440
[0.13774137]
441
[0.30892404]
442
[0.36271546]
443
[0.11292145]
444
[0.35361108]
445
[0.32944071]
446
[0.3532672]
447
[0.20635923]
448
[0.36811703]
449
[0.0486907]
450
[0.06742176]
451
[0.12735321]
452
[0.3271309]
453
[0.30505014]
454
[0.25481944]
455
[0.3087559]
456
[0.32973123]
457
[0.08609991]
458
[0.17935611]
459
[0.09693911]
460
[0.15188339]
461
[0.28880076]
462
[0.04462353]
463
[0.34929347]
464
[0.07905618]
465
[0.23163847]
466
[0.36624872]
467
[0.35071099]
468
[0.32431538]
469
[0.08310387]
470
[0.36811896]
471
[0.03688496]
472
[0.23665148]
473
[0.32030445]
474
[0.09106199]
475
[0.31423158]
476
[0.32354592]
477
[0.35689285]
478
[0.19580861]
479
[0.19240963]
480
[0.04931498]
481
[0.36229216]
482
[0.36690279]
483
[0.13587078]
484
[0.14031369]
485
[0.36722105]
486
[0.04585165]
487
[0.36027923]
488
[0.36469163]
489
[0.34493918]
490
[0.34543976]
491
[0.1026261]
492
[0.24295545]
493
[0.06496823]
494
[0.2270933]
495
[0.06491649]
496
[0.09259183]
497
[0.14048236]
498
[0.04058814]
499
[0.34137093]
500
[0.06124635]
501
[0.1686]
502
[0.15504062]
503
[0.06006978]
504
[0.07104521]
505
[0.23463278]
506
[0.06237838]
507
[0.14922393]
508
[0.15948462]
509
[0.06134036]
510
[0.15675223]
511
[0.29959739]
512
[0.19325007]
513
[0.34354277]
514
[0.34274832]
515
[0.36757982]
516
[0.28501048]
517
[0.16765452]
518
[0.12951897]
519
[0.21136347]
520
[0.29411602]
521
[0.04988413]
522
[0.0448254]
523
[0.04903295]
524
[0.13220987]
525
[0.10102942]
526
[0.0860154]
527
[0.1436281]
528
[0.18091549]
529
[0.09566673]
530
[0.22907624]
531
[0.35997189]
532
[0.0583035]
533
[0.31824579]
534
[0.13313028]
535
[0.26261361]
536
[0.05324431]
537
[0.23286064]
538
[0.32074994]
539
[0.15308291]
540
[0.04039572]
541
[0.11053105]
542
[0.3648105]
543
[0.35701298]
544
[0.04357168]
545
[0.13615596]
546
[0.3547249]
547
[0.11592712]
548
[0.36691623]
549
[0.12276834]
550
[0.0734922]
551
[0.34293693]
552
[0.1402111]
553
[0.36708078]
554
[0.16920732]
555
[0.35892742]
556
[0.22628678]
557
[0.04861111]
558
[0.34157859]
559
[0.36241335]
560
[0.08085288]
561
[0.09239859]
562
[0.34672204]
563
[0.27032823]
564
[0.08747976]
565
[0.34858535]
566
[0.36119044]
567
[0.30261304]
568
[0.11129629]
569
[0.04990683]
570
[0.11987526]
571
[0.05803941]
572
[0.28663433]
573
[0.22861596]
574
[0.09450782]
575
[0.21930146]
576
[0.271]
577
[0.162241]
578
[0.11676968]
579
[0.2708036]
580
[0.34739317]
581
[0.22813154]
582
[0.27141348]
583
[0.13677647]
584
[0.14083651]
585
[0.36387693]
586
[0.1992187]
587
[0.06616288]
588
[0.12275525]
589
[0.02944992]
590
[0.19607281]
591
[0.17621769]
592
[0.25732323]
593
[0.35220804]
594
[0.14925722]
595
[0.32354734]
596
[0.08566996]
597
[0.26529306]
598
[0.32639675]
599
[0.25429891]
600
[0.34285139]
601
[0.17054274]
602
[0.1352964]
603
[0.36798852]
604
[0.14769645]
605
[0.21463158]
606
[0.12649439]
607
[0.0881717]
608
[0.03566286]
609
[0.35027237]
610
[0.03902633]
611
[0.30393226]
612
[0.23425124]
613
[0.32715144]
614
[0.31848371]
615
[0.35908257]
616
[0.08464518]
617
[0.19493428]
618
[0.18161413]
619
[0.18195169]
620
[0.11117936]
621
[0.22582264]
622
[0.35782408]
623
[0.27454584]
624
[0.28758279]
625
[0.33787076]
626
[0.12594459]
627
[0.0502934]
628
[0.25924037]
629
[0.25744115]
630
[0.23855644]
631
[0.13818555]
632
[0.04245876]
633
[0.14780714]
634
[0.19154446]
635
[0.36181821]
636
[0.06888434]
637
[0.36321354]
638
[0.31005418]
639
[0.34148117]
640
[0.25423272]
641
[0.26858495]
642
[0.10777909]
643
[0.13738112]
644
[0.16919239]
645
[0.34825237]
646
[0.14881362]
647
[0.25628928]
648
[0.03294496]
649
[0.23716587]
650
[0.36365839]
651
[0.36661015]
652
[0.35028504]
653
[0.04802153]
654
[0.19833732]
655
[0.36421467]
656
[0.10281708]
657
[0.36401457]
658
[0.17148359]
659
[0.32063295]
660
[0.10313374]
661
[0.32991138]
662
[0.15591761]
663
[0.11325593]
664
[0.17997095]
665
[0.13963643]
666
[0.17258391]
667
[0.36806069]
668
[0.1610865]
669
[0.35596311]
670
[0.12008167]
671
[0.34551377]
672
[0.20221684]
673
[0.11174442]
674
[0.15531896]
675
[0.30524424]
676
[0.03062357]
677
[0.07523298]
678
[0.07116624]
679
[0.23798699]
680
[0.07153383]
681
[0.07057265]
682
[0.20880019]
683
[0.27725352]
684
[0.09734722]
685
[0.18373283]
686
[0.19163863]
687
[0.04574089]
688
[0.36128641]
689
[0.05819651]
690
[0.13083404]
691
[0.22383658]
692
[0.04569745]
693
[0.32405137]
694
[0.22114197]
695
[0.05171567]
696
[0.14820636]
697
[0.04217923]
698
[0.1509316]
699
[0.10635264]
700
[0.33229378]
701
[0.03042252]
702
[0.08554512]
703
[0.25561421]
704
[0.13153065]
705
[0.35976]
706
[0.35533158]
707
[0.35891973]
708
[0.26668131]
709
[0.2641121]
710
[0.35688216]
711
[0.03812615]
712
[0.06881561]
713
[0.16663843]
714
[0.36188884]
715
[0.19212534]
716
[0.13744553]
717
[0.05226108]
718
[0.15096924]
719
[0.3625002]
720
[0.17203793]
721
[0.20330172]
722
[0.29025773]
723
[0.07314804]
724
[0.36817836]
725
[0.05616456]
726
[0.12690068]
727
[0.05079529]
728
[0.14314272]
729
[0.34082631]
730
[0.06043626]
731
[0.08723245]
732
[0.19082657]
733
[0.35874929]
734
[0.32454337]
735
[0.09510711]
736
[0.31774875]
737
[0.2183131]
738
[0.08445019]
739
[0.04002846]
740
[0.27221564]
741
[0.3372909]
742
[0.1778447]
743
[0.1524521]
744
[0.25609352]
745
[0.10731097]
746
[0.16984004]
747
[0.31422646]
748
[0.12673466]
749
[0.24815759]
750
[0.14678803]
751
[0.33208415]
752
[0.17584145]
753
[0.36509095]
754
[0.18018418]
755
[0.33878919]
756
[0.08783378]
757
[0.21548113]
758
[0.22467084]
759
[0.34747305]
760
[0.36788737]
761
[0.32809608]
762
[0.3266663]
763
[0.15282784]
764
[0.35702539]
765
[0.2444776]
766
[0.3323534]
767
[0.36816531]
768
[0.24782766]
769
[0.26790917]
770
[0.13916143]
771
[0.23077301]
772
[0.12576754]
773
[0.16286658]
774
[0.36687498]
775
[0.07731595]
776
[0.3669009]
777
[0.10346928]
778
[0.15708057]
779
[0.36190535]
780
[0.17110426]
781
[0.18349255]
782
[0.07539038]
783
[0.10214398]
784
[0.09543203]
785
[0.31709682]
786
[0.31625178]
787
[0.12445836]
788
[0.31040103]
789
[0.27345066]
790
[0.03351003]
791
[0.28599337]
792
[0.36519909]
793
[0.28869903]
794
[0.36779594]
795
[0.36788548]
796
[0.20762472]
797
[0.19757]
798
[0.10669846]
799
[0.14794722]
800
[0.34361368]
801
[0.07401277]
802
[0.24486828]
803
[0.04718164]
804
[0.19537055]
805
[0.36403899]
806
[0.22661952]
807
[0.34814064]
808
[0.12618924]
809
[0.28891528]
810
[0.06581306]
811
[0.3651002]
812
[0.0890663]
813
[0.08042607]
814
[0.35211517]
815
[0.20832534]
816
[0.24947212]
817
[0.36123772]
818
[0.24297751]
819
[0.1077084]
820
[0.30868385]
821
[0.03744534]
822
[0.31831296]
823
[0.2989589]
824
[0.35378703]
825
[0.23723753]
826
[0.12874854]
827
[0.30419032]
828
[0.36801678]
829
[0.14622858]
830
[0.32139583]
831
[0.17323763]
832
[0.1472847]
833
[0.36423878]
834
[0.20419874]
835
[0.07141508]
836
[0.20016004]
837
[0.07937523]
838
[0.16662515]
839
[0.169251]
840
[0.09073569]
841
[0.08916876]
842
[0.24381623]
843
[0.30660931]
844
[0.33491332]
845
[0.13537157]
846
[0.32805974]
847
[0.04725931]
848
[0.14627156]
849
[0.29541541]
850
[0.33428769]
851
[0.36766665]
852
[0.3623896]
853
[0.05291334]
854
[0.124346]
855
[0.03371461]
856
[0.03178108]
857
[0.10462818]
858
[0.26275913]
859
[0.24599438]
860
[0.26985015]
861
[0.04879961]
862
[0.08637331]
863
[0.33854078]
864
[0.29699899]
865
[0.14248238]
866
[0.25384096]
867
[0.28131024]
868
[0.34430636]
869
[0.08697256]
870
[0.26065684]
871
[0.11909086]
872
[0.13932124]
873
[0.33516802]
874
[0.05586181]
875
[0.03637868]
876
[0.3354865]
877
[0.11101221]
878
[0.17352923]
879
[0.356124]
880
[0.08779756]
881
[0.12443831]
882
[0.36665987]
883
[0.3585594]
884
[0.16700665]
885
[0.03900934]
886
[0.25197844]
887
[0.28476006]
888
[0.16922003]
889
[0.18941068]
890
[0.09031687]
891
[0.18504753]
892
[0.31840952]
893
[0.35845715]
894
[0.18553731]
895
[0.35096004]
896
[0.070707]
897
[0.0375251]
898
[0.2627922]
899
[0.03579892]
900
[0.19406667]
901
[0.06967373]
902
[0.05825899]
903
[0.1216598]
904
[0.097662]
905
[0.14306291]
906
[0.34943406]
907
[0.04200893]
908
[0.31107373]
909
[0.34764552]
910
[0.29133604]
911
[0.36505901]
912
[0.36400284]
913
[0.24317232]
914
[0.044693]
915
[0.30327491]
916
[0.28749327]
917
[0.32646057]
918
[0.25242444]
919
[0.33954205]
920
[0.36544316]
921
[0.16463908]
922
[0.25493758]
923
[0.33719682]
924
[0.14632025]
925
[0.08118002]
926
[0.29872715]
927
[0.2906675]
928
[0.35625202]
929
[0.25086505]
930
[0.36046901]
931
[0.32406397]
932
[0.20335595]
933
[0.32728335]
934
[0.33628296]
935
[0.22737572]
936
[0.34348009]
937
[0.18361515]
938
[0.16430913]
939
[0.24632679]
940
[0.32867947]
941
[0.03692922]
942
[0.19811472]
943
[0.02871588]
944
[0.33804671]
945
[0.30863099]
946
[0.1737584]
947
[0.14978085]
948
[0.08398854]
949
[0.14612827]
950
[0.26794942]
951
[0.28677219]
952
[0.1263292]
953
[0.25009069]
954
[0.36740605]
955
[0.35934965]
956
[0.30082537]
957
[0.26855317]
958
[0.34607873]
959
[0.27246343]
960
[0.29026548]
961
[0.04950964]
962
[0.28554875]
963
[0.07139242]
964
[0.2009734]
965
[0.28867621]
966
[0.10394977]
967
[0.30735758]
968
[0.3673243]
969
[0.28483685]
970
[0.05164005]
971
[0.36607121]
972
[0.34386848]
973
[0.15633549]
974
[0.07701094]
975
[0.33162327]
976
[0.33483915]
977
[0.34163046]
978
[0.03771647]
979
[0.3541229]
980
[0.33363746]
981
[0.32375932]
982
[0.09564069]
983
[0.25210387]
984
[0.21464112]
985
[0.36632522]
986
[0.03068433]
987
[0.2575581]
988
[0.2676182]
989
[0.18958806]
990
[0.22258844]
991
[0.36463811]
992
[0.18969869]
993
[0.20248106]
994
[0.34586962]
995
[0.30725415]
996
[0.13724023]
997
[0.04715899]
998
[0.09642699]
999
[1] 8000   11
[1] 8000   11
[0.13754705]
