LOADING R
R LOADED
[1] "/home/lvanderl/Rlibs2"                         
[2] "/app/software/R/4.3.1-gfbf-2022b/lib/R/library"
[1] "/home/lvanderl/sieveSims"
[1] "gam 5 1"
[1] "histogram binning"
[1] 0.134127
[1] 0.134127
[1] "mondrian"
[1] "iso"
[1] 0.134127
[1] "conditional"
[   10.            11.51395399    13.25711366    15.26417967
    17.57510625    20.23589648    23.29951811    26.82695795
    30.88843596    35.56480306    40.94915062    47.14866363
    54.28675439    62.50551925    71.9685673     82.86427729
    95.40954763   109.8541142    126.48552169   145.63484775
   167.68329368   193.06977289   222.29964825   255.95479227
   294.70517026   339.32217719   390.69399371   449.8432669
   517.94746792   596.36233166   686.648845     790.60432109
   910.29817799  1048.11313415  1206.79264064  1389.49549437
  1599.85871961  1842.06996933  2120.95088792  2442.05309455
  2811.76869797  3237.45754282  3727.59372031  4291.93426013
  4941.71336132  5689.86602902  6551.2855686   7543.12006335
  8685.11373751 10000.        ]
[0.07609912 0.07614373 0.07503017 0.07411633 0.07200145 0.0718609
 0.07326426 0.07074048 0.07015329 0.07526378 0.0689262  0.07184779
 0.07709355 0.0762561  0.0877406  0.08812552 0.07372674 0.084305
 0.10924621 0.10648729 0.11244807 0.12354133 0.0961657  0.1424522
 0.15345181 0.18162958 0.19821653 0.19959663 0.28587606 0.27853526
 0.3019557  0.32563456 0.39963869 0.37471468 0.49890148 0.54847752
 0.55205499 0.63995715 0.8270738  0.7593715  1.09996726 1.06624116
 1.30899294 1.50382854 1.6281441  1.8882576  1.92943319 2.39262431
 2.47262936 3.19598018]
40.94915062380425
0.02442053094548651
0
[0.06872902]
1
[0.09867872]
2
[0.11024768]
3
[0.09882822]
4
[0.07725859]
5
[0.07791041]
6
[0.05743671]
7
[0.09552387]
8
[0.07451858]
9
[0.10084529]
10
[0.06068918]
11
[0.04932395]
12
[0.04902986]
13
[0.09542285]
14
[0.07986067]
15
[0.0549129]
16
[0.07069561]
17
[0.08317039]
18
[0.12003997]
19
[0.07595651]
20
[0.07433172]
21
[0.05298116]
22
[0.0972931]
23
[0.07790433]
24
[0.07008429]
25
[0.06987687]
26
[0.08979785]
27
[0.05510402]
28
[0.07220936]
29
[0.0787917]
30
[0.08528954]
31
[0.09015882]
32
[0.07199745]
33
[0.10059714]
34
[0.08537963]
35
[0.07729434]
36
[0.09140523]
37
[0.0803415]
38
[0.09004416]
39
[0.08134673]
40
[0.1032487]
41
[0.11319914]
42
[0.05349382]
43
[0.10114687]
44
[0.06557744]
45
[0.05378078]
46
[0.0762761]
47
[0.07286934]
48
[0.07850995]
49
[0.09346445]
50
[0.08368677]
51
[0.08637082]
52
[0.09109119]
53
[0.01825035]
54
[0.07481331]
55
[0.064921]
56
[0.07038549]
57
[0.07671076]
58
[0.07352043]
59
[0.08518164]
60
[0.09215539]
61
[0.09302757]
62
[0.04556314]
63
[0.06095604]
64
[0.08002697]
65
[0.09914825]
66
[0.10172546]
67
[0.07842972]
68
[0.12105533]
69
[0.06618945]
70
[0.07401183]
71
[0.06501178]
72
[0.09437863]
73
[0.07361921]
74
[0.10104443]
75
[0.06098723]
76
[0.06455855]
77
[0.06106677]
78
[0.10750094]
79
[0.08423897]
80
[0.06388305]
81
[0.07715843]
82
[0.09350617]
83
[0.11475783]
84
[0.09953623]
85
[0.11270009]
86
[0.07019585]
87
[0.08370749]
88
[0.08086214]
89
[0.08713108]
90
[0.093876]
91
[0.07391659]
92
[0.06769077]
93
[0.103506]
94
[0.12653922]
95
[0.07872706]
96
[0.09488586]
97
[0.07803367]
98
[0.11550121]
99
[0.12593552]
100
[0.06658136]
101
[0.05858798]
102
[0.10600018]
103
[0.11854314]
104
[0.07956963]
105
[0.07439469]
106
[0.0614708]
107
[0.1181506]
108
[0.08112325]
109
[0.08687292]
110
[0.07481351]
111
[0.06515285]
112
[0.08779032]
113
[0.05434867]
114
[0.09110991]
115
[0.05451466]
116
[0.06716182]
117
[0.06692371]
118
[0.1282012]
119
[0.11976733]
120
[0.10445793]
121
[0.06174747]
122
[0.06795558]
123
[0.14978742]
124
[0.07343913]
125
[0.0925801]
126
[0.1265361]
127
[0.09425786]
128
[0.06692165]
129
[0.08837837]
130
[0.06519474]
131
[0.06954476]
132
[0.09217572]
133
[0.06314905]
134
[0.06710495]
135
[0.12864646]
136
[0.086917]
137
[0.11199949]
138
[0.07528112]
139
[0.05584247]
140
[0.09833387]
141
[0.06036914]
142
[0.07536719]
143
[0.09958576]
144
[0.10389538]
145
[0.07191884]
146
[0.12175006]
147
[0.09733875]
148
[0.11359017]
149
[0.13200995]
150
[0.07799339]
151
[0.07079942]
152
[0.05815158]
153
[0.1108382]
154
[0.07728807]
155
[0.08233307]
156
[0.10867504]
157
[0.0705902]
158
[0.09746013]
159
[0.06902499]
160
[0.07655373]
161
[0.07686134]
162
[0.06349812]
163
[0.10077985]
164
[0.08968803]
165
[0.07610244]
166
[0.07524716]
167
[0.06900827]
168
[0.05195457]
169
[0.07784866]
170
[0.12499928]
171
[0.09186118]
172
[0.06989023]
173
[0.05338034]
174
[0.06718188]
175
[0.08805359]
176
[0.08721167]
177
[0.080956]
178
[0.06682062]
179
[0.05565415]
180
[0.05770535]
181
[0.0745399]
182
[0.06308612]
183
[0.0576585]
184
[0.07901927]
185
[0.08220899]
186
[0.13006722]
187
[0.11396817]
188
[0.11408206]
189
[0.11471664]
190
[0.0827792]
191
[0.07929386]
192
[0.07956338]
193
[0.06537374]
194
[0.09072983]
195
[0.08062727]
196
[0.05899574]
197
[0.07404125]
198
[0.06752072]
199
[0.05648003]
200
[0.08636169]
201
[0.0911148]
202
[0.0705121]
203
[0.09328121]
204
[0.06561116]
205
[0.0724492]
206
[0.10344765]
207
[0.04553275]
208
[0.09422327]
209
[0.06914086]
210
[0.0692742]
211
[0.06761731]
212
[0.0956451]
213
[0.08197805]
214
[0.1004496]
215
[0.06919961]
216
[0.0813635]
217
[0.08240198]
218
[0.09853]
219
[0.13987646]
220
[0.077339]
221
[0.11387909]
222
[0.06243148]
223
[0.05854733]
224
[0.06764786]
225
[0.07665379]
226
[0.08179601]
227
[0.05538266]
228
[0.16450288]
229
[0.08307558]
230
[0.0787822]
231
[0.07308905]
232
[0.07843489]
233
[0.05880412]
234
[0.04404815]
235
[0.07352541]
236
[0.07169142]
237
[0.0564483]
238
[0.07274677]
239
[0.0851999]
240
[0.09713846]
241
[0.1894419]
242
[0.08968468]
243
[0.07423608]
244
[0.07026165]
245
[0.05855533]
246
[0.10373186]
247
[0.06192184]
248
[0.17854547]
249
[0.06259351]
250
[0.08627613]
251
[0.08535821]
252
[0.11059726]
253
[0.08475286]
254
[0.0861017]
255
[0.06347526]
256
[0.07409334]
257
[0.08694636]
258
[0.08098226]
259
[0.13873571]
260
[0.0903756]
261
[0.07513517]
262
[0.0916126]
263
[0.07482631]
264
[0.08258827]
265
[0.06635905]
266
[0.07857261]
267
[0.0926015]
268
[0.07528658]
269
[0.10582182]
270
[0.12135146]
271
[0.12453868]
272
[0.10061276]
273
[0.10002581]
274
[0.08764184]
275
[0.07717983]
276
[0.15609389]
277
[0.09270607]
278
[0.06161699]
279
[0.06657457]
280
[0.13394245]
281
[0.07189377]
282
[0.08645246]
283
[0.09951281]
284
[0.08495141]
285
[0.05522322]
286
[0.09464649]
287
[0.11309977]
288
[0.06786727]
289
[0.04507367]
290
[0.0740654]
291
[0.08182824]
292
[0.07191245]
293
[0.07842424]
294
[0.1177311]
295
[0.17546114]
296
[0.07719359]
297
[0.08726653]
298
[0.09083925]
299
[0.09389547]
300
[0.1080007]
301
[0.10916741]
302
[0.07391313]
303
[0.07438094]
304
[0.09230067]
305
[0.07469229]
306
[0.12579959]
307
[0.08989584]
308
[0.08214275]
309
[0.07057635]
310
[0.08065265]
311
[0.0704553]
312
[0.11842799]
313
[0.07248442]
314
[0.07846373]
315
[0.11387909]
316
[0.10468568]
317
[0.07140688]
318
[0.1164235]
319
[0.10996596]
320
[0.13455855]
321
[0.16529621]
322
[0.09103254]
323
[0.03333687]
324
[0.06616908]
325
[0.08551728]
326
[0.07327026]
327
[0.07812456]
328
[0.08923378]
329
[0.10489092]
330
[0.13835446]
331
[0.08827403]
332
[0.08032377]
333
[0.05524626]
334
[0.06094919]
335
[0.06236503]
336
[0.08155228]
337
[0.06706509]
338
[0.04967777]
339
[0.06087456]
340
[0.03262648]
341
[0.13082717]
342
[0.08303995]
343
[0.08736863]
344
[0.08428069]
345
[0.05510219]
346
[0.09901709]
347
[0.07552723]
348
[0.0732948]
349
[0.10934251]
350
[0.08665106]
351
[0.0786643]
352
[0.07255193]
353
[0.07970243]
354
[0.07499246]
355
[0.05902103]
356
[0.08009208]
357
[0.09489566]
358
[0.07543404]
359
[0.1011936]
360
[0.12907832]
361
[0.07381331]
362
[0.1366998]
363
[0.06949792]
364
[0.05750752]
365
[0.05577279]
366
[0.08032182]
367
[0.08093831]
368
[0.08905738]
369
[0.08012843]
370
[0.05939909]
371
[0.18914296]
372
[0.07194504]
373
[0.08821871]
374
[0.10274145]
375
[0.09453903]
376
[0.0581035]
377
[0.0769852]
378
[0.08223756]
379
[0.09366935]
380
[0.0641208]
381
[0.1200982]
382
[0.12102916]
383
[0.08084023]
384
[0.05947124]
385
[0.10642076]
386
[0.08150836]
387
[0.09773826]
388
[0.08671039]
389
[0.09320989]
390
[0.0830799]
391
[0.16464808]
392
[0.08462297]
393
[0.10135719]
394
[0.16293564]
395
[0.08096268]
396
[0.10556863]
397
[0.12333117]
398
[0.05582281]
399
[0.12511857]
400
[0.06975987]
401
[0.07558235]
402
[0.0891676]
403
[0.04790827]
404
[0.1071989]
405
[0.07278567]
406
[0.06908876]
407
[0.07432149]
408
[0.07267741]
409
[0.07906387]
410
[0.08957044]
411
[0.09827628]
412
[0.08951547]
413
[0.06618409]
414
[0.08480314]
415
[0.06043647]
416
[0.05354851]
417
[0.07420711]
418
[0.07945901]
419
[0.06083132]
420
[0.08287021]
421
[0.12481366]
422
[0.11663255]
423
[0.0565533]
424
[0.14179168]
425
[0.07971944]
426
[0.06643422]
427
[0.12823899]
428
[0.0632531]
429
[0.06417815]
430
[0.06891165]
431
[0.09254948]
432
[0.06474298]
433
[0.07536376]
434
[0.08108154]
435
[0.07310619]
436
[0.12638409]
437
[0.07129571]
438
[0.08171775]
439
[0.09837325]
440
[0.08077188]
441
[0.0881331]
442
[0.07509927]
443
[0.14087036]
444
[0.08558968]
445
[0.08675022]
446
[0.08196925]
447
[0.15836625]
448
[0.05965627]
449
[0.07632883]
450
[0.06373231]
451
[0.10150289]
452
[0.12473248]
453
[0.0777951]
454
[0.15866914]
455
[0.07160725]
456
[0.07827072]
457
[0.09292803]
458
[0.08459884]
459
[0.07058478]
460
[0.07146864]
461
[0.15326713]
462
[0.11242276]
463
[0.06327305]
464
[0.09475874]
465
[0.06447155]
466
[0.06096217]
467
[0.07279133]
468
[0.07539979]
469
[0.07606368]
470
[0.17754431]
471
[0.07201963]
472
[0.06363982]
473
[0.08157729]
474
[0.0542802]
475
[0.07241287]
476
[0.07120219]
477
[0.06992842]
478
[0.07383665]
479
[0.07519525]
480
[0.07921481]
481
[0.07715744]
482
[0.11072655]
483
[0.07011611]
484
[0.07680637]
485
[0.08910265]
486
[0.09784772]
487
[0.08156308]
488
[0.08190324]
489
[0.08890692]
490
[0.05584949]
491
[0.09546109]
492
[0.10191226]
493
[0.07151994]
494
[0.07208594]
495
[0.10042482]
496
[0.07457324]
497
[0.06128428]
498
[0.05787177]
499
[0.10912815]
500
[0.06027203]
501
[0.06273954]
502
[0.07327106]
503
[0.10263028]
504
[0.04886458]
505
[0.12403936]
506
[0.10211672]
507
[0.08019219]
508
[0.08581932]
509
[0.07153478]
510
[0.09039735]
511
[0.09819085]
512
[0.08626581]
513
[0.05111856]
514
[0.08030803]
515
[0.06848126]
516
[0.09967495]
517
[0.08461549]
518
[0.12772853]
519
[0.06574689]
520
[0.08418292]
521
[0.08311129]
522
[0.08099637]
523
[0.05990102]
524
[0.07411654]
525
[0.06874127]
526
[0.15241119]
527
[0.13448119]
528
[0.08589699]
529
[0.08336764]
530
[0.05036575]
531
[0.05908316]
532
[0.08091458]
533
[0.07541297]
534
[0.07193095]
535
[0.0995355]
536
[0.10582328]
537
[0.0980597]
538
[0.1348185]
539
[0.13942009]
540
[0.09427078]
541
[0.06835868]
542
[0.08957279]
543
[0.08989562]
544
[0.06480692]
545
[0.10470226]
546
[0.09927342]
547
[0.06898416]
548
[0.08265722]
549
[0.13662325]
550
[0.06948227]
551
[0.0685836]
552
[0.06759373]
553
[0.1054378]
554
[0.08653169]
555
[0.08895489]
556
[0.12660228]
557
[0.09104784]
558
[0.09921285]
559
[0.08305079]
560
[0.14759817]
561
[0.14262029]
562
[0.08916177]
563
[0.0816523]
564
[0.09773747]
565
[0.07779337]
566
[0.05305895]
567
[0.10198318]
568
[0.09917517]
569
[0.05112985]
570
[0.07585189]
571
[0.10109497]
572
[0.09482335]
573
[0.09363957]
574
[0.12528103]
575
[0.06992469]
576
[0.08363673]
577
[0.08786799]
578
[0.08028526]
579
[0.09665242]
580
[0.10379449]
581
[0.08471902]
582
[0.0912286]
583
[0.09827494]
584
[0.08994419]
585
[0.07696922]
586
[0.08535506]
587
[0.07132391]
588
[0.09105291]
589
[0.06686715]
590
[0.09180147]
591
[0.10322348]
592
[0.09224468]
593
[0.05094754]
594
[0.08450304]
595
[0.08861398]
596
[0.09033796]
597
[0.09343951]
598
[0.09807035]
599
[0.07555543]
600
[0.11758866]
601
[0.06531369]
602
[0.0726889]
603
[0.10360606]
604
[0.07666045]
605
[0.13370118]
606
[0.08306327]
607
[0.07098826]
608
[0.07396035]
609
[0.07809088]
610
[0.08160911]
611
[0.08613528]
612
[0.12194989]
613
[0.06797398]
614
[0.09352409]
615
[0.06597517]
616
[0.1008979]
617
[0.11179375]
618
[0.07519452]
619
[0.07277808]
620
[0.07584136]
621
[0.07945371]
622
[0.06251858]
623
[0.08124678]
624
[0.11175727]
625
[0.08665391]
626
[0.10206306]
627
[0.07038356]
628
[0.07741292]
629
[0.15881182]
630
[0.09432706]
631
[0.08664599]
632
[0.06950466]
633
[0.07471308]
634
[0.08836452]
635
[0.09065628]
636
[0.04068455]
637
[0.05506257]
638
[0.1028244]
639
[0.07748568]
640
[0.06105197]
641
[0.11348989]
642
[0.07908096]
643
[0.11086913]
644
[0.08565134]
645
[0.11414962]
646
[0.05099589]
647
[0.14568661]
648
[0.09520257]
649
[0.10122663]
650
[0.084866]
651
[0.11053048]
652
[0.15191607]
653
[0.10034124]
654
[0.08773096]
655
[0.07352237]
656
[0.04861514]
657
[0.09310803]
658
[0.10323419]
659
[0.10143632]
660
[0.08413302]
661
[0.02854081]
662
[0.10369344]
663
[0.08565101]
664
[0.06692165]
665
[0.06865642]
666
[0.05630652]
667
[0.07423489]
668
[0.0730022]
669
[0.09098473]
670
[0.06828068]
671
[0.18145654]
672
[0.08221526]
673
[0.04697685]
674
[0.08881341]
675
[0.05887348]
676
[0.08972269]
677
[0.08456653]
678
[0.1313854]
679
[0.07137609]
680
[0.09197486]
681
[0.07273116]
682
[0.11177333]
683
[0.09100452]
684
[0.0784259]
685
[0.06789764]
686
[0.17606709]
687
[0.12213166]
688
[0.04696532]
689
[0.13501715]
690
[0.13735629]
691
[0.09504701]
692
[0.07108915]
693
[0.08923428]
694
[0.06790935]
695
[0.0827748]
696
[0.08435165]
697
[0.10136995]
698
[0.05577829]
699
[0.0696269]
700
[0.09910826]
701
[0.07563076]
702
[0.07262517]
703
[0.04699331]
704
[0.04936128]
705
[0.09265811]
706
[0.07230851]
707
[0.1370077]
708
[0.08721926]
709
[0.08122099]
710
[0.06503246]
711
[0.069833]
712
[0.13680915]
713
[0.18039405]
714
[0.06929082]
715
[0.06180176]
716
[0.10554321]
717
[0.07225233]
718
[0.08129047]
719
[0.06105197]
720
[0.0779273]
721
[0.08693882]
722
[0.10730456]
723
[0.06721002]
724
[0.08313309]
725
[0.06925881]
726
[0.09338836]
727
[0.16890733]
728
[0.09251751]
729
[0.04341621]
730
[0.10178868]
731
[0.06829877]
732
[0.08416278]
733
[0.09864766]
734
[0.11076703]
735
[0.06617633]
736
[0.0672189]
737
[0.07828572]
738
[0.06163244]
739
[0.06976797]
740
[0.09789166]
741
[0.14152738]
742
[0.1190378]
743
[0.0762731]
744
[0.06762496]
745
[0.11736763]
746
[0.07508523]
747
[0.06251939]
748
[0.05913917]
749
[0.08875212]
750
[0.08366422]
751
[0.07017746]
752
[0.08828347]
753
[0.08783172]
754
[0.06288888]
755
[0.08162287]
756
[0.09730697]
757
[0.08238426]
758
[0.0644198]
759
[0.06899295]
760
[0.0753572]
761
[0.07321235]
762
[0.15606919]
763
[0.06469937]
764
[0.10581727]
765
[0.09278828]
766
[0.1761865]
767
[0.07750108]
768
[0.06690318]
769
[0.14249139]
770
[0.06740616]
771
[0.07740377]
772
[0.08896215]
773
[0.05835301]
774
[0.10276715]
775
[0.07247832]
776
[0.06852807]
777
[0.12144853]
778
[0.04784519]
779
[0.07597592]
780
[0.07309786]
781
[0.0549247]
782
[0.05488835]
783
[0.15984509]
784
[0.140062]
785
[0.05819348]
786
[0.08757006]
787
[0.10865523]
788
[0.07039811]
789
[0.08632025]
790
[0.05501302]
791
[0.10038061]
792
[0.05415509]
793
[0.09021573]
794
[0.06802664]
795
[0.06176318]
796
[0.07113413]
797
[0.06364771]
798
[0.07918205]
799
[0.0900431]
800
[0.06248471]
801
[0.08623794]
802
[0.05871325]
803
[0.07733201]
804
[0.08716539]
805
[0.10687666]
806
[0.17466795]
807
[0.05585865]
808
[0.0762378]
809
[0.09013121]
810
[0.06092272]
811
[0.07688433]
812
[0.07690173]
813
[0.05274233]
814
[0.0914372]
815
[0.07172543]
816
[0.07973034]
817
[0.09615647]
818
[0.08575174]
819
[0.1159469]
820
[0.08511607]
821
[0.06843354]
822
[0.08065143]
823
[0.0600921]
824
[0.08971382]
825
[0.0880759]
826
[0.11534651]
827
[0.08966666]
828
[0.05578181]
829
[0.10659171]
830
[0.07826632]
831
[0.05975405]
832
[0.07527313]
833
[0.13239932]
834
[0.08182666]
835
[0.06476548]
836
[0.06141715]
837
[0.09023526]
838
[0.08234926]
839
[0.09146669]
840
[0.09118204]
841
[0.06254483]
842
[0.08527689]
843
[0.08279661]
844
[0.06005767]
845
[0.08118974]
846
[0.08495967]
847
[0.06450675]
848
[0.06299149]
849
[0.07968166]
850
[0.04910494]
851
[0.06543189]
852
[0.0937823]
853
[0.05839365]
854
[0.09121381]
855
[0.03351407]
856
[0.0624145]
857
[0.07419865]
858
[0.06840334]
859
[0.13993298]
860
[0.12421464]
861
[0.08074038]
862
[0.07703023]
863
[0.0862843]
864
[0.07405287]
865
[0.09307436]
866
[0.08912216]
867
[0.07488023]
868
[0.0702547]
869
[0.11145298]
870
[0.05060224]
871
[0.09711976]
872
[0.07828807]
873
[0.04136217]
874
[0.06480097]
875
[0.07771128]
876
[0.08306505]
877
[0.11938497]
878
[0.0877036]
879
[0.05371096]
880
[0.08008001]
881
[0.08865889]
882
[0.08729032]
883
[0.13532173]
884
[0.08451673]
885
[0.09019762]
886
[0.12244771]
887
[0.05769641]
888
[0.08009463]
889
[0.13911859]
890
[0.07446343]
891
[0.08161836]
892
[0.06575621]
893
[0.12713645]
894
[0.08902562]
895
[0.07321755]
896
[0.09903229]
897
[0.05552258]
898
[0.11220031]
899
[0.07182559]
900
[0.07414443]
901
[0.07942811]
902
[0.07664869]
903
[0.06054189]
904
[0.07595771]
905
[0.07354215]
906
[0.09292158]
907
[0.07741281]
908
[0.06311721]
909
[0.10766834]
910
[0.08103311]
911
[0.05547272]
912
[0.09621838]
913
[0.12423623]
914
[0.12976443]
915
[0.04618039]
916
[0.0596386]
917
[0.09130312]
918
[0.08536429]
919
[0.06957392]
920
[0.0696539]
921
[0.06216271]
922
[0.07537613]
923
[0.08707044]
924
[0.06738733]
925
[0.06717777]
926
[0.11319939]
927
[0.06394708]
928
[0.07331927]
929
[0.11556584]
930
[0.08401264]
931
[0.08088228]
932
[0.07581762]
933
[0.08100856]
934
[0.06549298]
935
[0.05790618]
936
[0.12067158]
937
[0.06232815]
938
[0.06444403]
939
[0.0809525]
940
[0.08210596]
941
[0.09958622]
942
[0.09838066]
943
[0.08453069]
944
[0.0872036]
945
[0.07272853]
946
[0.07801185]
947
[0.03368761]
948
[0.08400825]
949
[0.05407904]
950
[0.05151566]
951
[0.05664971]
952
[0.07863364]
953
[0.09890126]
954
[0.09190642]
955
[0.0668518]
956
[0.09548199]
957
[0.06237289]
958
[0.08560011]
959
[0.06177451]
960
[0.07222479]
961
[0.10317827]
962
[0.07434731]
963
[0.06374019]
964
[0.05958455]
965
[0.08273081]
966
[0.07564932]
967
[0.08624969]
968
[0.10227401]
969
[0.05959396]
970
[0.09798241]
971
[0.06762207]
972
[0.0524178]
973
[0.13144609]
974
[0.05467411]
975
[0.07049717]
976
[0.06073586]
977
[0.066709]
978
[0.07885519]
979
[0.0864604]
980
[0.09875788]
981
[0.06237243]
982
[0.08948548]
983
[0.09113408]
984
[0.08075836]
985
[0.07265505]
986
[0.08215573]
987
[0.06086968]
988
[0.09076605]
989
[0.11682189]
990
[0.10075987]
991
[0.06702295]
992
[0.068646]
993
[0.07880737]
994
[0.05837583]
995
[0.07068066]
996
[0.05723802]
997
[0.11710938]
998
[0.09886647]
999
[0.13829732]
1000
[0.04177216]
1001
[0.07316375]
1002
[0.07482972]
1003
[0.0783514]
1004
[0.0775757]
1005
[0.05419883]
1006
[0.16945428]
1007
[0.13130392]
1008
[0.11673159]
1009
[0.08594969]
1010
[0.06541029]
1011
[0.12783498]
1012
[0.1415587]
1013
[0.07685533]
1014
[0.0576989]
1015
[0.12491821]
1016
[0.08415204]
1017
[0.04766195]
1018
[0.06544016]
1019
[0.09252293]
1020
[0.06677517]
1021
[0.11255991]
1022
[0.09536784]
1023
[0.07238271]
1024
[0.07146254]
1025
[0.09684818]
1026
[0.08589486]
1027
[0.08012843]
1028
[0.08377768]
1029
[0.0610603]
1030
[0.11069102]
1031
[0.06697685]
1032
[0.10323546]
1033
[0.06568023]
1034
[0.1020195]
1035
[0.09328802]
1036
[0.06829172]
1037
[0.07077844]
1038
[0.0883387]
1039
[0.06402885]
1040
[0.07318248]
1041
[0.07580363]
1042
[0.08132699]
1043
[0.08222783]
1044
[0.07762679]
1045
[0.10699249]
1046
[0.089268]
1047
[0.08855282]
1048
[0.05224745]
1049
[0.0636634]
1050
[0.09357982]
1051
[0.07784161]
1052
[0.07417517]
1053
[0.0903845]
1054
[0.07842339]
1055
[0.06029473]
1056
[0.0866137]
1057
[0.07838692]
1058
[0.0632531]
1059
[0.17999313]
1060
[0.02972217]
1061
[0.12515073]
1062
[0.06783042]
1063
[0.06988912]
1064
[0.06922445]
1065
[0.08140423]
1066
[0.05823624]
1067
[0.13896093]
1068
[0.11472965]
1069
[0.08010421]
1070
[0.10140602]
1071
[0.09691861]
1072
[0.08733533]
1073
[0.07352504]
1074
[0.09003417]
1075
[0.0893794]
1076
[0.08050289]
1077
[0.05714443]
1078
[0.09441531]
1079
[0.07049788]
1080
[0.06824654]
1081
[0.06705231]
1082
[0.15402292]
1083
[0.09677634]
1084
[0.11249888]
1085
[0.06411112]
1086
[0.07959148]
1087
[0.07673788]
1088
[0.07965366]
1089
[0.07751612]
1090
[0.13267678]
1091
[0.08434909]
1092
[0.05309487]
1093
[0.08297797]
1094
[0.05316836]
1095
[0.08306327]
1096
[0.08978366]
1097
[0.07200418]
1098
[0.07497969]
1099
[0.06276362]
1100
[0.10213973]
1101
[0.08769244]
1102
[0.05444858]
1103
[0.06946557]
1104
[0.07218232]
1105
[0.0594757]
1106
[0.03440312]
1107
[0.10178189]
1108
[0.08730666]
1109
[0.08125422]
1110
[0.10165305]
1111
[0.07977473]
1112
[0.07686987]
1113
[0.08085205]
1114
[0.07645768]
1115
[0.08419516]
1116
[0.07703081]
1117
[0.08472816]
1118
[0.06794522]
1119
[0.07493108]
1120
[0.06460521]
1121
[0.10283025]
1122
[0.16489109]
1123
[0.09265871]
1124
[0.09227543]
1125
[0.11227255]
1126
[0.06999363]
1127
[0.10272762]
1128
[0.06692165]
1129
[0.08894885]
1130
[0.07916839]
1131
[0.09160414]
1132
[0.07930772]
1133
[0.08600273]
1134
[0.06312685]
1135
[0.03470158]
1136
[0.06945315]
1137
[0.08379698]
1138
[0.09142602]
1139
[0.07024561]
1140
[0.06283861]
1141
[0.10654199]
1142
[0.06054393]
1143
[0.14769682]
1144
[0.09109512]
1145
[0.1654588]
1146
[0.09817892]
1147
[0.07546262]
1148
[0.06334568]
1149
[0.06581077]
1150
[0.09478461]
1151
[0.07205762]
1152
[0.071357]
1153
[0.05560672]
1154
[0.14093066]
1155
[0.04057069]
1156
[0.13069185]
1157
[0.07722346]
1158
[0.06013448]
1159
[0.05971194]
1160
[0.08933616]
1161
[0.09376514]
1162
[0.0845669]
1163
[0.05985907]
1164
[0.09426782]
1165
[0.13819294]
1166
[0.08417764]
1167
[0.08031096]
1168
[0.05321338]
1169
[0.09792384]
1170
[0.06790576]
1171
[0.07362042]
1172
[0.12725689]
1173
[0.08016611]
1174
[0.06936059]
1175
[0.06542484]
1176
[0.07487733]
1177
[0.10968212]
1178
[0.0604259]
1179
[0.0527167]
1180
[0.08317655]
1181
[0.06689741]
1182
[0.07870225]
1183
[0.09975703]
1184
[0.0813969]
1185
[0.07142429]
1186
[0.06003787]
1187
[0.0856829]
1188
[0.07513835]
1189
[0.10807063]
1190
[0.04054159]
1191
[0.07772599]
1192
[0.06480775]
1193
[0.07408496]
1194
[0.07085178]
1195
[0.0722364]
1196
[0.0850283]
1197
[0.12176972]
1198
[0.08714683]
1199
[0.15349942]
1200
[0.0669878]
1201
[0.10601716]
1202
[0.07877986]
1203
[0.07889051]
1204
[0.06969857]
1205
[0.08071929]
1206
[0.08076328]
1207
[0.08545774]
1208
[0.07575239]
1209
[0.07250058]
1210
[0.12297763]
1211
[0.0802518]
1212
[0.08453518]
1213
[0.09418495]
1214
[0.06881956]
1215
[0.0568624]
1216
[0.11392801]
1217
[0.07737331]
1218
[0.1327939]
1219
[0.07345189]
1220
[0.06261776]
1221
[0.12326435]
1222
[0.1126419]
1223
[0.05414675]
1224
[0.04860678]
1225
[0.06608451]
1226
[0.07606205]
1227
[0.08612374]
1228
[0.0663144]
1229
[0.06645657]
1230
[0.10456578]
1231
[0.05581738]
1232
[0.09107037]
1233
[0.10053084]
1234
[0.08183119]
1235
[0.10810846]
1236
[0.07162409]
1237
[0.08688694]
1238
[0.08461509]
1239
[0.0603993]
1240
[0.08305341]
1241
[0.09149099]
1242
[0.08419567]
1243
[0.07968832]
1244
[0.06356489]
1245
[0.08437582]
1246
[0.07250846]
1247
[0.10152521]
1248
[0.07736281]
1249
[0.03852161]
1250
[0.0673908]
1251
[0.07251495]
1252
[0.18649001]
1253
[0.19406239]
1254
[0.07247347]
1255
[0.13027161]
1256
[0.08863973]
1257
[0.08546748]
1258
[0.07214833]
1259
[0.10922975]
1260
[0.0774688]
1261
[0.07093236]
1262
[0.08725909]
1263
[0.11925871]
1264
[0.07327235]
1265
[0.07771386]
1266
[0.07516243]
1267
[0.07030552]
1268
[0.04737388]
1269
[0.0490033]
1270
[0.08924688]
1271
[0.05952909]
1272
[0.12869799]
1273
[0.08235114]
1274
[0.07450186]
1275
[0.09612234]
1276
[0.04417664]
1277
[0.07611134]
1278
[0.07010592]
1279
[0.07332407]
1280
[0.10323411]
1281
[0.08881338]
1282
[0.07164839]
1283
[0.09982918]
1284
[0.10094097]
1285
[0.06647193]
1286
[0.0485789]
1287
[0.06463161]
1288
[0.06845438]
1289
[0.07976193]
1290
[0.05646699]
1291
[0.00732702]
1292
[0.10109832]
1293
[0.10374059]
1294
[0.03448748]
1295
[0.1011499]
1296
[0.09917734]
1297
[0.09940491]
1298
[0.09942999]
1299
[0.06810748]
1300
[0.11900637]
1301
[0.08615783]
1302
[0.06805806]
1303
[0.06841547]
1304
[0.06946996]
1305
[0.04027256]
1306
[0.06641717]
1307
[0.0736998]
1308
[0.0897514]
1309
[0.0757243]
1310
[0.1078435]
1311
[0.08058718]
1312
[0.15378004]
1313
[0.07347523]
1314
[0.06556785]
1315
[0.09417182]
1316
[0.07756764]
1317
[0.06972683]
1318
[0.13635033]
1319
[0.04687689]
1320
[0.07813135]
1321
[0.09993272]
1322
[0.05994578]
1323
[0.09112419]
1324
[0.0999386]
1325
[0.06089355]
1326
[0.07749701]
1327
[0.0638015]
1328
[0.07327835]
1329
[0.06334569]
1330
[0.06525059]
1331
[0.07439664]
1332
[0.08619569]
1333
[0.12480404]
1334
[0.08769219]
1335
[0.08121502]
1336
[0.12503253]
1337
[0.07491291]
1338
[0.09359662]
1339
[0.08546857]
1340
[0.11097963]
1341
[0.06158625]
1342
[0.07578161]
1343
[0.07226777]
1344
[0.09753626]
1345
[0.06519165]
1346
[0.06041771]
1347
[0.07374366]
1348
[0.06382052]
1349
[0.08806636]
1350
[0.13075224]
1351
[0.05431862]
1352
[0.05521893]
1353
[0.05931705]
1354
[0.14172248]
1355
[0.05298116]
1356
[0.08550528]
1357
[0.07117098]
1358
[0.07056897]
1359
[0.05280974]
1360
[0.0921433]
1361
[0.05403725]
1362
[0.14388653]
1363
[0.05514722]
1364
[0.10292259]
1365
[0.0687668]
1366
[0.07969681]
1367
[0.11703762]
1368
[0.06823199]
1369
[0.06350517]
1370
[0.07474597]
1371
[0.09422494]
1372
[0.06125111]
1373
[0.06209513]
1374
[0.12146802]
1375
[0.09945851]
1376
[0.10329917]
1377
[0.11423767]
1378
[0.11357845]
1379
[0.08374766]
1380
[0.05811713]
1381
[0.15100793]
1382
[0.05875416]
1383
[0.07130907]
1384
[0.06711296]
1385
[0.07343461]
1386
[0.08429769]
1387
[0.06725186]
1388
[0.09267191]
1389
[0.07007316]
1390
[0.07575862]
1391
[0.07184796]
1392
[0.07681881]
1393
[0.05775845]
1394
[0.0887172]
1395
[0.06159745]
1396
[0.07341459]
1397
[0.0656163]
1398
[0.07604215]
1399
[0.05605902]
1400
[0.07642871]
1401
[0.09716426]
1402
[0.10648508]
1403
[0.05917609]
1404
[0.0745308]
1405
[0.18468384]
1406
[0.07957482]
1407
[0.1016154]
1408
[0.08954394]
1409
[0.11698735]
1410
[0.09687667]
1411
[0.09937164]
1412
[0.11799516]
1413
[0.11298919]
1414
[0.07036678]
1415
[0.08507615]
1416
[0.05353173]
1417
[0.14934625]
1418
[0.06694827]
1419
[0.15209497]
1420
[0.06014586]
1421
[0.08855101]
1422
[0.09281676]
1423
[0.10266469]
1424
[0.08402928]
1425
[0.11274417]
1426
[0.0616949]
1427
[0.07004734]
1428
[0.10797019]
1429
[0.10636963]
1430
[0.07231369]
1431
[0.05309174]
1432
[0.09983835]
1433
[0.04637777]
1434
[0.06104064]
1435
[0.06655404]
1436
[0.08213653]
1437
[0.06638615]
1438
[0.07159422]
1439
[0.06706838]
1440
[0.0701864]
1441
[0.05610255]
1442
[0.08864757]
1443
[0.06962384]
1444
[0.08068228]
1445
[0.07205762]
1446
[0.10065842]
1447
[0.1120496]
1448
[0.07897554]
1449
[0.06559105]
1450
[0.08350676]
1451
[0.08306517]
1452
[0.06674137]
1453
[0.06166929]
1454
[0.06932517]
1455
[0.09185976]
1456
[0.16108968]
1457
[0.10158455]
1458
[0.12656261]
1459
[0.09400156]
1460
[0.12057959]
1461
[0.10702584]
1462
[0.06802991]
1463
[0.06987345]
1464
[0.07447629]
1465
[0.10855932]
1466
[0.06158288]
1467
[0.05011926]
1468
[0.0684392]
1469
[0.12662923]
1470
[0.08103925]
1471
[0.11616469]
1472
[0.06486228]
1473
[0.06532286]
1474
[0.10018422]
1475
[0.10997992]
1476
[0.07769746]
1477
[0.09022359]
1478
[0.10152881]
1479
[0.0866206]
1480
[0.05473576]
1481
[0.10603658]
1482
[0.13697303]
1483
[0.04730714]
1484
[0.10346939]
1485
[0.10313971]
1486
[0.06569398]
1487
[0.08893295]
1488
[0.08158161]
1489
[0.05860079]
1490
[0.06675025]
1491
[0.08294578]
1492
[0.0867519]
1493
[0.12342697]
1494
[0.10824359]
1495
[0.09990868]
1496
[0.09767552]
1497
[0.07679405]
1498
[0.17019087]
1499
[0.12403236]
1500
[0.04499557]
1501
[0.06818801]
1502
[0.07970467]
1503
[0.05654852]
1504
[0.10906581]
1505
[0.07671973]
1506
[0.06572924]
1507
[0.03722508]
1508
[0.04831914]
1509
[0.08950465]
1510
[0.09613658]
1511
[0.14012298]
1512
[0.06522044]
1513
[0.06216084]
1514
[0.07982567]
1515
[0.08160083]
1516
[0.07233885]
1517
[0.07323777]
1518
[0.07525096]
1519
[0.07881207]
1520
[0.11304295]
1521
[0.06293897]
1522
[0.0988129]
1523
[0.04980532]
1524
[0.0780516]
1525
[0.06649141]
1526
[0.07676411]
1527
[0.1059776]
1528
[0.09671818]
1529
[0.11045736]
1530
[0.07896108]
1531
[0.13668792]
1532
[0.07084561]
1533
[0.10162249]
1534
[0.09165556]
1535
[0.08492982]
1536
[0.16382227]
1537
[0.06989944]
1538
[0.08170805]
1539
[0.08101462]
1540
[0.07784652]
1541
[0.07623551]
1542
[0.06835535]
1543
[0.15177549]
1544
[0.08163021]
1545
[0.11533933]
1546
[0.07848985]
1547
[0.06332703]
1548
[0.09040037]
1549
[0.05798076]
1550
[0.07255773]
1551
[0.15092251]
1552
[0.08639797]
1553
[0.07376675]
1554
[0.08913929]
1555
[0.07395543]
1556
[0.07078099]
1557
[0.06741254]
1558
[0.07655431]
1559
[0.07098182]
1560
[0.09462758]
1561
[0.10738941]
1562
[0.06910556]
1563
[0.10619617]
1564
[0.08296271]
1565
[0.07412012]
1566
[0.15224793]
1567
[0.07856052]
1568
[0.09323012]
1569
[0.07867278]
1570
[0.0657505]
1571
[0.09656067]
1572
[0.07276843]
1573
[0.09162324]
1574
[0.09053834]
1575
[0.05482245]
1576
[0.11175073]
1577
[0.10108023]
1578
[0.06704381]
1579
[0.09744264]
1580
[0.03242849]
1581
[0.12066057]
1582
[0.09760822]
1583
[0.07554676]
1584
[0.07004852]
1585
[0.07472456]
1586
[0.05689453]
1587
[0.09301142]
1588
[0.08710111]
1589
[0.08582441]
1590
[0.14655883]
1591
[0.05499396]
1592
[0.0905315]
1593
[0.10915392]
1594
[0.10010071]
1595
[0.07572474]
1596
[0.06413235]
1597
[0.06554501]
1598
[0.08864817]
1599
[0.08999125]
1600
[0.05127095]
1601
[0.0882135]
1602
[0.07192071]
1603
[0.06252292]
1604
[0.07255695]
1605
[0.09441981]
1606
[0.109886]
1607
[0.05287565]
1608
[0.06828257]
1609
[0.08690047]
1610
[0.09702881]
1611
[0.07759398]
1612
[0.10120317]
1613
[0.07452989]
1614
[0.07504009]
1615
[0.09480263]
1616
[0.05142489]
1617
[0.11928728]
1618
[0.08607653]
1619
[0.09089037]
1620
[0.08232956]
1621
[0.04450606]
1622
[0.09855199]
1623
[0.08942222]
1624
[0.12849834]
1625
[0.12751861]
1626
[0.13516984]
1627
[0.07886889]
1628
[0.1223714]
1629
[0.11830169]
1630
[0.07238757]
1631
[0.08453069]
1632
[0.05850152]
1633
[0.09909511]
1634
[0.06632943]
1635
[0.06838907]
1636
[0.12337729]
1637
[0.09957422]
1638
[0.10016743]
1639
[0.04448126]
1640
[0.11739436]
1641
[0.07645988]
1642
[0.11013821]
1643
[0.10972993]
1644
[0.13368925]
1645
[0.07544208]
1646
[0.08864941]
1647
[0.09356921]
1648
[0.07544825]
1649
[0.06392592]
1650
[0.05895206]
1651
[0.05185478]
1652
[0.08458805]
1653
[0.081262]
1654
[0.07594008]
1655
[0.10021247]
1656
[0.06800356]
1657
[0.06590702]
1658
[0.07382024]
1659
[0.06767913]
1660
[0.1178633]
1661
[0.09261297]
1662
[0.07458636]
1663
[0.07065413]
1664
[0.12790848]
1665
[0.06947651]
1666
[0.08759462]
1667
[0.07501342]
1668
[0.13021191]
1669
[0.0800999]
1670
[0.11700144]
1671
[0.10720683]
1672
[0.10819969]
1673
[0.13939686]
1674
[0.07704325]
1675
[0.07337736]
1676
[0.04387632]
1677
[0.10747681]
1678
[0.04026567]
1679
[0.09192982]
1680
[0.04906312]
1681
[0.08324429]
1682
[0.11474764]
1683
[0.10956732]
1684
[0.07152127]
1685
[0.06371157]
1686
[0.0603651]
1687
[0.09255704]
1688
[0.10039357]
1689
[0.06566973]
1690
[0.10952013]
1691
[0.13415791]
1692
[0.07553283]
1693
[0.06926018]
1694
[0.07851169]
1695
[0.13983748]
1696
[0.07752349]
1697
[0.0673618]
1698
[0.05951983]
1699
[0.07945761]
1700
[0.06392436]
1701
[0.09761482]
1702
[0.08708529]
1703
[0.06003725]
1704
[0.09744423]
1705
[0.08767965]
1706
[0.0464442]
1707
[0.07056474]
1708
[0.06943126]
1709
[0.05460935]
1710
[0.07205053]
1711
[0.07495793]
1712
[0.09465426]
1713
[0.05818617]
1714
[0.10878854]
1715
[0.14819589]
1716
[0.06519419]
1717
[0.0658295]
1718
[0.07205677]
1719
[0.09302482]
1720
[0.07042992]
1721
[0.05807238]
1722
[0.07023603]
1723
[0.0575325]
1724
[0.08843238]
1725
[0.07401821]
1726
[0.08362505]
1727
[0.08907436]
1728
[0.09452522]
1729
[0.07997264]
1730
[0.11924423]
1731
[0.08086214]
1732
[0.09855719]
1733
[0.07295912]
1734
[0.0769121]
1735
[0.12497944]
1736
[0.10161963]
1737
[0.10877342]
1738
[0.06729711]
1739
[0.11901505]
1740
[0.11580707]
1741
[0.07634218]
1742
[0.10849922]
1743
[0.13669095]
1744
[0.12886439]
1745
[0.07528513]
1746
[0.07094033]
1747
[0.05224745]
1748
[0.07664315]
1749
[0.08383387]
1750
[0.06656065]
1751
[0.11193221]
1752
[0.09415778]
1753
[0.12833395]
1754
[0.09658502]
1755
[0.18698911]
1756
[0.09112208]
1757
[0.09487144]
1758
[0.12786058]
1759
[0.09361993]
1760
[0.10094014]
1761
[0.07915938]
1762
[0.0624705]
1763
[0.0836693]
1764
[0.12596218]
1765
[0.09681449]
1766
[0.06662541]
1767
[0.07732254]
1768
[0.12149722]
1769
[0.0913531]
1770
[0.08234704]
1771
[0.10958048]
1772
[0.05970193]
1773
[0.13228791]
1774
[0.09522633]
1775
[0.07294542]
1776
[0.06219025]
1777
[0.1325884]
1778
[0.04828596]
1779
[0.05382816]
1780
[0.12548049]
1781
[0.12016258]
1782
[0.05518229]
1783
[0.09029556]
1784
[0.08594218]
1785
[0.0542306]
1786
[0.07306793]
1787
[0.0708668]
1788
[0.08692018]
1789
[0.05709797]
1790
[0.0791832]
1791
[0.09787846]
1792
[0.08263898]
1793
[0.07730578]
1794
[0.05899182]
1795
[0.0705902]
1796
[0.07792102]
1797
[0.09041411]
1798
[0.07946027]
1799
[0.08091915]
1800
[0.06418058]
1801
[0.05781798]
1802
[0.10269896]
1803
[0.06452738]
1804
[0.07425068]
1805
[0.09596826]
1806
[0.10336666]
1807
[0.08188807]
1808
[0.07734555]
1809
[0.08456346]
1810
[0.07381515]
1811
[0.10263257]
1812
[0.08559617]
1813
[0.04961665]
1814
[0.09440955]
1815
[0.11228844]
1816
[0.06874328]
1817
[0.05432457]
1818
[0.05320266]
1819
[0.07618896]
1820
[0.0702842]
1821
[0.05793552]
1822
[0.07307423]
1823
[0.06838907]
1824
[0.08071026]
1825
[0.07794303]
1826
[0.10547538]
1827
[0.06566571]
1828
[0.06797545]
1829
[0.06117879]
1830
[0.04093657]
1831
[0.07192312]
1832
[0.0499803]
1833
[0.06000123]
1834
[0.05039154]
1835
[0.09508481]
1836
[0.08713635]
1837
[0.07216954]
1838
[0.12472854]
1839
[0.11796246]
1840
[0.09088023]
1841
[0.06953113]
1842
[0.07696732]
1843
[0.06670904]
1844
[0.07386968]
1845
[0.07541893]
1846
[0.05826397]
1847
[0.06320786]
1848
[0.09053786]
1849
[0.15706863]
1850
[0.04945506]
1851
[0.06742926]
1852
[0.09492022]
1853
[0.07705358]
1854
[0.1309702]
1855
[0.0871638]
1856
[0.08173708]
1857
[0.11195498]
1858
[0.04965355]
1859
[0.05690854]
1860
[0.08150079]
1861
[0.06539842]
1862
[0.06126571]
1863
[0.06703887]
1864
[0.07472846]
1865
[0.12780555]
1866
[0.09704049]
1867
[0.11269541]
1868
[0.08530307]
1869
[0.07586238]
1870
[0.07645988]
1871
[0.04513493]
1872
[0.07060859]
1873
[0.10075857]
1874
[0.0772568]
1875
[0.08134811]
1876
[0.0927595]
1877
[0.10580828]
1878
[0.08990061]
1879
[0.09795918]
1880
[0.05371487]
1881
[0.09822574]
1882
[0.08037514]
1883
[0.07665412]
1884
[0.08388825]
1885
[0.08901311]
1886
[0.07448604]
1887
[0.06928248]
1888
[0.09041174]
1889
[0.09688945]
1890
[0.0707755]
1891
[0.0937999]
1892
[0.0982215]
1893
[0.06184666]
1894
[0.05762268]
1895
[0.05126369]
1896
[0.09720836]
1897
[0.06283643]
1898
[0.07210268]
1899
[0.06159037]
1900
[0.09759086]
1901
[0.06765536]
1902
[0.06528907]
1903
[0.07573768]
1904
[0.09042978]
1905
[0.09471754]
1906
[0.10064335]
1907
[0.08258339]
1908
[0.07339255]
1909
[0.10964581]
1910
[0.06398681]
1911
[0.05280804]
1912
[0.0522949]
1913
[0.109082]
1914
[0.06210762]
1915
[0.13433479]
1916
[0.06755599]
1917
[0.07929884]
1918
[0.11167796]
1919
[0.0954763]
1920
[0.03692898]
1921
[0.057088]
1922
[0.09619828]
1923
[0.08294257]
1924
[0.15906205]
1925
[0.09478708]
1926
[0.1114913]
1927
[0.08049426]
1928
[0.12090783]
1929
[0.06027734]
1930
[0.04931261]
1931
[0.06499292]
1932
[0.06192715]
1933
[0.13734247]
1934
[0.08531919]
1935
[0.09861459]
1936
[0.09734132]
1937
[0.05988988]
1938
[0.08544654]
1939
[0.07212767]
1940
[0.08359604]
1941
[0.09187499]
1942
[0.06382297]
1943
[0.0934527]
1944
[0.07096515]
1945
[0.06411391]
1946
[0.07589346]
1947
[0.05355206]
1948
[0.08461475]
1949
[0.07656816]
1950
[0.06658841]
1951
[0.12248413]
1952
[0.04270922]
1953
[0.07810739]
1954
[0.08884838]
1955
[0.11958618]
1956
[0.08342433]
1957
[0.05762918]
1958
[0.07332879]
1959
[0.08273449]
1960
[0.08115472]
1961
[0.11423033]
1962
[0.11534651]
1963
[0.05587536]
1964
[0.0632531]
1965
[0.09535761]
1966
[0.06493502]
1967
[0.06611272]
1968
[0.07306358]
1969
[0.14311581]
1970
[0.08367168]
1971
[0.10423231]
1972
[0.07631811]
1973
[0.12560559]
1974
[0.07877429]
1975
[0.06387366]
1976
[0.04696727]
1977
[0.08212096]
1978
[0.06912444]
1979
[0.05606803]
1980
[0.09085011]
1981
[0.09186733]
1982
[0.14355498]
1983
[0.07636595]
1984
[0.08599421]
1985
[0.05378865]
1986
[0.17221781]
1987
[0.07247432]
1988
[0.08379698]
1989
[0.09502756]
1990
[0.0778399]
1991
[0.10623762]
1992
[0.08206359]
1993
[0.05568538]
1994
[0.05876023]
1995
[0.05517711]
1996
[0.06835076]
1997
[0.09187061]
1998
[0.03701146]
1999
[0.10088458]
2000
[0.10078262]
2001
[0.04971413]
2002
[0.10147307]
2003
[0.08528524]
2004
[0.10168754]
2005
[0.07449959]
2006
[0.07034914]
2007
[0.07455025]
2008
[0.08097498]
2009
[0.07384973]
2010
[0.06574621]
2011
[0.1033681]
2012
[0.08765775]
2013
[0.06684573]
2014
[0.08284552]
2015
[0.09437661]
2016
[0.09605985]
2017
[0.06213771]
2018
[0.11608022]
2019
[0.07915168]
2020
[0.0856142]
2021
[0.08082148]
2022
[0.0716817]
2023
[0.08109744]
2024
[0.06692165]
2025
[0.09633171]
2026
[0.05865715]
2027
[0.09376515]
2028
[0.08233294]
2029
[0.0589425]
2030
[0.04978852]
2031
[0.09971999]
2032
[0.0999386]
2033
[0.08552706]
2034
[0.11807903]
2035
[0.05450808]
2036
[0.09244597]
2037
[0.07809008]
2038
[0.13624979]
2039
[0.08181056]
2040
[0.06734197]
2041
[0.07683239]
2042
[0.07841372]
2043
[0.07736422]
2044
[0.0778306]
2045
[0.04445042]
2046
[0.08239231]
2047
[0.05170281]
2048
[0.08752663]
2049
[0.08603658]
2050
[0.09883551]
2051
[0.06798318]
2052
[0.07740997]
2053
[0.07449029]
2054
[0.09196407]
2055
[0.08576696]
2056
[0.04688234]
2057
[0.08110709]
2058
[0.06490204]
2059
[0.08926595]
2060
[0.14345715]
2061
[0.09128411]
2062
[0.0887763]
2063
[0.04935502]
2064
[0.07861171]
2065
[0.08126931]
2066
[0.16691608]
2067
[0.06556146]
2068
[0.17822402]
2069
[0.06427549]
2070
[0.0713203]
2071
[0.10449577]
2072
[0.1651917]
2073
[0.08085252]
2074
[0.06108921]
2075
[0.07785208]
2076
[0.0939847]
2077
[0.10775374]
2078
[0.09323648]
2079
[0.1210333]
2080
[0.09621932]
2081
[0.13589247]
2082
[0.07323316]
2083
[0.06746428]
2084
[0.15022056]
2085
[0.07173783]
2086
[0.06611059]
2087
[0.06042406]
2088
[0.1108963]
2089
[0.09568142]
2090
[0.08060308]
2091
[0.06912278]
2092
[0.04853115]
2093
[0.11002159]
2094
[0.06398681]
2095
[0.06472052]
2096
[0.06521552]
2097
[0.09884581]
2098
[0.07482895]
2099
[0.05211368]
2100
[0.0803424]
2101
[0.08137297]
2102
[0.09850401]
2103
[0.07279133]
2104
[0.02720484]
2105
[0.07489299]
2106
[0.06696871]
2107
[0.07828796]
2108
[0.08022771]
2109
[0.0987033]
2110
[0.0588549]
2111
[0.11851596]
2112
[0.12416729]
2113
[0.12244655]
2114
[0.08963753]
2115
[0.05303749]
2116
[0.11039118]
2117
[0.05507056]
2118
[0.08289979]
2119
[0.07632335]
2120
[0.06185463]
2121
[0.09540796]
2122
[0.09658412]
2123
[0.07913164]
2124
[0.05371487]
2125
[0.07891097]
2126
[0.10051396]
2127
[0.07405356]
2128
[0.08272694]
2129
[0.07977319]
2130
[0.08311695]
2131
[0.06514578]
2132
[0.07299236]
2133
[0.08950341]
2134
[0.0754303]
2135
[0.08528755]
2136
[0.07261326]
2137
[0.05578525]
2138
[0.0672182]
2139
[0.13210575]
2140
[0.09356088]
2141
[0.0800938]
2142
[0.08586263]
2143
[0.06133353]
2144
[0.14655115]
2145
[0.04464119]
2146
[0.04156637]
2147
[0.07080208]
2148
[0.11368525]
2149
[0.05779261]
2150
[0.07671002]
2151
[0.04491035]
2152
[0.0852644]
2153
[0.08102446]
2154
[0.07059248]
2155
[0.10595079]
2156
[0.10226868]
2157
[0.14812483]
2158
[0.07812438]
2159
[0.0636342]
2160
[0.07711019]
2161
[0.08676673]
2162
[0.08274378]
2163
[0.0658748]
2164
[0.04690682]
2165
[0.04976968]
2166
[0.0661249]
2167
[0.12488362]
2168
[0.05659465]
2169
[0.06725464]
2170
[0.08198825]
2171
[0.08091452]
2172
[0.08142671]
2173
[0.0714617]
2174
[0.07085959]
2175
[0.09548518]
2176
[0.06119113]
2177
[0.06762589]
2178
[0.07284241]
2179
[0.10487499]
2180
[0.09137546]
2181
[0.08537481]
2182
[0.0923978]
2183
[0.06998967]
2184
[0.07143686]
2185
[0.08356852]
2186
[0.0800624]
2187
[0.05912013]
2188
[0.10125059]
2189
[0.09700877]
2190
[0.11263251]
2191
[0.0551811]
2192
[0.0798715]
2193
[0.11964553]
2194
[0.08428274]
2195
[0.07130906]
2196
[0.05441892]
2197
[0.09467432]
2198
[0.09520304]
2199
[0.09646609]
2200
[0.06802018]
2201
[0.0661072]
2202
[0.08529432]
2203
[0.07797424]
2204
[0.07616793]
2205
[0.10487715]
2206
[0.10145174]
2207
[0.08584503]
2208
[0.05881401]
2209
[0.08438965]
2210
[0.08969457]
2211
[0.0741086]
2212
[0.06677984]
2213
[0.07090459]
2214
[0.09433577]
2215
[0.07501351]
2216
[0.07321069]
2217
[0.07071722]
2218
[0.09068178]
2219
[0.04709145]
2220
[0.1041472]
2221
[0.13229589]
2222
[0.06912887]
2223
[0.08690864]
2224
[0.12133713]
2225
[0.09777155]
2226
[0.08725782]
2227
[0.10445631]
2228
[0.15662449]
2229
[0.06567748]
2230
[0.08128093]
2231
[0.07150749]
2232
[0.12890462]
2233
[0.06418523]
2234
[0.14548947]
2235
[0.05857984]
2236
[0.08761571]
2237
[0.0761104]
2238
[0.10942259]
2239
[0.06536116]
2240
[0.07425039]
2241
[0.09120455]
2242
[0.08648256]
2243
[0.07917394]
2244
[0.06545423]
2245
[0.06638086]
2246
[0.10284465]
2247
[0.07559891]
2248
[0.05040481]
2249
[0.08238259]
2250
[0.06985649]
2251
[0.09348417]
2252
[0.06005243]
2253
[0.07923642]
2254
[0.08395557]
2255
[0.10724164]
2256
[0.08903812]
2257
[0.09691415]
2258
[0.12735519]
2259
[0.07004069]
2260
[0.08889484]
2261
[0.08265258]
2262
[0.05941938]
2263
[0.07744502]
2264
[0.12006168]
2265
[0.06561759]
2266
[0.06089459]
2267
[0.08326695]
2268
[0.08326509]
2269
[0.0773102]
2270
[0.10433305]
2271
[0.068561]
2272
[0.06709678]
2273
[0.06679085]
2274
[0.10443087]
2275
[0.10145521]
2276
[0.06384097]
2277
[0.07063003]
2278
[0.07247784]
2279
[0.06262565]
2280
[0.09227182]
2281
[0.10063046]
2282
[0.06739426]
2283
[0.06623877]
2284
[0.06968235]
2285
[0.06928968]
2286
[0.07920004]
2287
[0.06856478]
2288
[0.10851019]
2289
[0.1016008]
2290
[0.11372927]
2291
[0.08872434]
2292
[0.12684656]
2293
[0.12160993]
2294
[0.09714089]
2295
[0.09570336]
2296
[0.16728968]
2297
[0.08060574]
2298
[0.11343917]
2299
[0.13581019]
2300
[0.07085473]
2301
[0.09739709]
2302
[0.09553634]
2303
[0.09560559]
2304
[0.07399995]
2305
[0.06235852]
2306
[0.08284696]
2307
[0.07763843]
2308
[0.10854348]
2309
[0.07934449]
2310
[0.08550867]
2311
[0.07929462]
2312
[0.08780483]
2313
[0.07505237]
2314
[0.07143704]
2315
[0.06647302]
2316
[0.05787391]
2317
[0.10017063]
2318
[0.08979154]
2319
[0.06206411]
2320
[0.1181449]
2321
[0.10023353]
2322
[0.06908484]
2323
[0.07023174]
2324
[0.11136443]
2325
[0.06201993]
2326
[0.10612207]
2327
[0.06309989]
2328
[0.0903908]
2329
[0.14743503]
2330
[0.05444858]
2331
[0.06843392]
2332
[0.0516543]
2333
[0.08592791]
2334
[0.05616808]
2335
[0.06908185]
2336
[0.08609919]
2337
[0.09760494]
2338
[0.07282767]
2339
[0.07819526]
2340
[0.08247031]
2341
[0.07572617]
2342
[0.04718162]
2343
[0.08151322]
2344
[0.08137749]
2345
[0.08623236]
2346
[0.08815225]
2347
[0.12598322]
2348
[0.09804282]
2349
[0.09157346]
2350
[0.08667921]
2351
[0.06948936]
2352
[0.14617987]
2353
[0.13943733]
2354
[0.11400599]
2355
[0.1058326]
2356
[0.08263452]
2357
[0.08915496]
2358
[0.07716957]
2359
[0.08352258]
2360
[0.12921711]
2361
[0.13063853]
2362
[0.09030609]
2363
[0.09560408]
2364
[0.10350462]
2365
[0.08995546]
2366
[0.07634486]
2367
[0.12587301]
2368
[0.08405416]
2369
[0.10700134]
2370
[0.06881853]
2371
[0.07882798]
2372
[0.09177079]
2373
[0.08380481]
2374
[0.06313731]
2375
[0.09234201]
2376
[0.07228486]
2377
[0.05963285]
2378
[0.07066401]
2379
[0.05790924]
2380
[0.07194244]
2381
[0.0947351]
2382
[0.07552309]
2383
[0.02746315]
2384
[0.11221438]
2385
[0.07633557]
2386
[0.07076894]
2387
[0.08608242]
2388
[0.09650808]
2389
[0.12287585]
2390
[0.08140394]
2391
[0.13888565]
2392
[0.06958094]
2393
[0.07908146]
2394
[0.06410686]
2395
[0.07459012]
2396
[0.12506009]
2397
[0.08656568]
2398
[0.10861535]
2399
[0.07498435]
2400
[0.08332887]
2401
[0.07233275]
2402
[0.10533604]
2403
[0.05822449]
2404
[0.10111764]
2405
[0.11127819]
2406
[0.13053099]
2407
[0.05262771]
2408
[0.07448678]
2409
[0.09713729]
2410
[0.12682291]
2411
[0.07219074]
2412
[0.05195923]
2413
[0.09894841]
2414
[0.14388]
2415
[0.07955165]
2416
[0.11453037]
2417
[0.09292685]
2418
[0.10287344]
2419
[0.09485522]
2420
[0.03806665]
2421
[0.08050623]
2422
[0.04131729]
2423
[0.08733259]
2424
[0.05898581]
2425
[0.05926667]
2426
[0.07393332]
2427
[0.04843772]
2428
[0.05730224]
2429
[0.07152584]
2430
[0.06904203]
2431
[0.13602238]
2432
[0.10086305]
2433
[0.10947294]
2434
[0.07275623]
2435
[0.10369297]
2436
[0.09384154]
2437
[0.06238736]
2438
[0.15611257]
2439
[0.09812925]
2440
[0.1055266]
2441
[0.08810579]
2442
[0.07558387]
2443
[0.06796647]
2444
[0.11366334]
2445
[0.06237021]
2446
[0.06625484]
2447
[0.08706208]
2448
[0.0727146]
2449
[0.08174276]
2450
[0.13146775]
2451
[0.06163092]
2452
[0.12364881]
2453
[0.12857235]
2454
[0.06338288]
2455
[0.06572447]
2456
[0.10387477]
2457
[0.12192367]
2458
[0.08570345]
2459
[0.14135633]
2460
[0.08037976]
2461
[0.05312498]
2462
[0.09239999]
2463
[0.07169873]
2464
[0.06581529]
2465
[0.08299592]
2466
[0.07115452]
2467
[0.07666177]
2468
[0.07442433]
2469
[0.10523865]
2470
[0.0779648]
2471
[0.10225735]
2472
[0.09375906]
2473
[0.06889797]
2474
[0.06796299]
2475
[0.04924509]
2476
[0.0790426]
2477
[0.07014952]
2478
[0.10171635]
2479
[0.07698235]
2480
[0.07356454]
2481
[0.07871265]
2482
[0.06222578]
2483
[0.08101302]
2484
[0.06975871]
2485
[0.07697509]
2486
[0.08462334]
2487
[0.0840753]
2488
[0.13731651]
2489
[0.05498097]
2490
[0.05847486]
2491
[0.06482039]
2492
[0.09616919]
2493
[0.08898869]
2494
[0.09726178]
2495
[0.0586465]
2496
[0.09065933]
2497
[0.06528882]
2498
[0.13753856]
2499
[0.06132554]
2500
[0.06495502]
2501
[0.08453069]
2502
[0.07425491]
2503
[0.07813497]
2504
[0.1006349]
2505
[0.09858122]
2506
[0.08880661]
2507
[0.07536921]
2508
[0.09620379]
2509
[0.0528245]
2510
[0.06492761]
2511
[0.06840032]
2512
[0.06812837]
2513
[0.14082165]
2514
[0.09588735]
2515
[0.07609406]
2516
[0.08161587]
2517
[0.05588222]
2518
[0.08533415]
2519
[0.07629997]
2520
[0.0857735]
2521
[0.12906034]
2522
[0.10236479]
2523
[0.06755084]
2524
[0.0942038]
2525
[0.06006519]
2526
[0.05299525]
2527
[0.04439977]
2528
[0.0908849]
2529
[0.06107733]
2530
[0.10115688]
2531
[0.05619843]
2532
[0.08580808]
2533
[0.06363094]
2534
[0.09871483]
2535
[0.06754471]
2536
[0.12930149]
2537
[0.08002479]
2538
[0.0907628]
2539
[0.06159436]
2540
[0.13222183]
2541
[0.05662647]
2542
[0.04397113]
2543
[0.06088208]
2544
[0.07869301]
2545
[0.06297122]
2546
[0.09062337]
2547
[0.08943148]
2548
[0.10535496]
2549
[0.09176527]
2550
[0.05914209]
2551
[0.07844098]
2552
[0.07576597]
2553
[0.05289579]
2554
[0.08995747]
2555
[0.05194391]
2556
[0.05551936]
2557
[0.09195715]
2558
[0.09341324]
2559
[0.09002477]
2560
[0.10080343]
2561
[0.05066179]
2562
[0.10554759]
2563
[0.09267806]
2564
[0.07953012]
2565
[0.06985649]
2566
[0.08037207]
2567
[0.07896158]
2568
[0.07526684]
2569
[0.07910741]
2570
[0.09976821]
2571
[0.06082475]
2572
[0.06204753]
2573
[0.07644381]
2574
[0.07513443]
2575
[0.08732026]
2576
[0.08263091]
2577
[0.069062]
2578
[0.14030347]
2579
[0.05192515]
2580
[0.0585865]
2581
[0.07775858]
2582
[0.07267477]
2583
[0.1099089]
2584
[0.05197331]
2585
[0.06241909]
2586
[0.11161249]
2587
[0.07104289]
2588
[0.17140519]
2589
[0.09944336]
2590
[0.06664469]
2591
[0.11592273]
2592
[0.06694158]
2593
[0.06148603]
2594
[0.08594247]
2595
[0.05808053]
2596
[0.16766251]
2597
[0.14492841]
2598
[0.08408082]
2599
[0.07032091]
2600
[0.08848203]
2601
[0.07880275]
2602
[0.03694507]
2603
[0.08396137]
2604
[0.07223571]
2605
[0.1186428]
2606
[0.07485031]
2607
[0.06795096]
2608
[0.06592791]
2609
[0.07654532]
2610
[0.07534757]
2611
[0.07666389]
2612
[0.13702137]
2613
[0.05588087]
2614
[0.07636069]
2615
[0.08802268]
2616
[0.09762851]
2617
[0.07918591]
2618
[0.10356472]
2619
[0.10894798]
2620
[0.0576547]
2621
[0.06953197]
2622
[0.07449224]
2623
[0.08030372]
2624
[0.11146256]
2625
[0.07809774]
2626
[0.06595244]
2627
[0.0749027]
2628
[0.0579924]
2629
[0.09553634]
2630
[0.11283784]
2631
[0.10432098]
2632
[0.09865181]
2633
[0.07793602]
2634
[0.09874166]
2635
[0.1794332]
2636
[0.05146887]
2637
[0.08053657]
2638
[0.06850147]
2639
[0.09958]
2640
[0.05775812]
2641
[0.13002757]
2642
[0.06130012]
2643
[0.12122189]
2644
[0.04253171]
2645
[0.07958088]
2646
[0.05235293]
2647
[0.06049856]
2648
[0.09647507]
2649
[0.1018125]
2650
[0.14615198]
2651
[0.07687111]
2652
[0.08099284]
2653
[0.05923525]
2654
[0.06937884]
2655
[0.08785077]
2656
[0.11027755]
2657
[0.068028]
2658
[0.09907549]
2659
[0.10941014]
2660
[0.0695659]
2661
[0.13911672]
2662
[0.0518707]
2663
[0.08416028]
2664
[0.08618556]
2665
[0.08689138]
2666
[0.07227275]
2667
[0.13168235]
2668
[0.08059665]
2669
[0.08933298]
2670
[0.09123948]
2671
[0.0779273]
2672
[0.06462585]
2673
[0.06765536]
2674
[0.05818467]
2675
[0.05770596]
2676
[0.06896355]
2677
[0.09005615]
2678
[0.07346041]
2679
[0.07388004]
2680
[0.08003794]
2681
[0.08116605]
2682
[0.11754638]
2683
[0.08864653]
2684
[0.06768478]
2685
[0.0852644]
2686
[0.05424451]
2687
[0.137344]
2688
[0.06332452]
2689
[0.06723461]
2690
[0.07832568]
2691
[0.1095064]
2692
[0.11985283]
2693
[0.10847249]
2694
[0.07394802]
2695
[0.13423961]
2696
[0.06765028]
2697
[0.0596376]
2698
[0.05875111]
2699
[0.08424632]
2700
[0.07387153]
2701
[0.03837272]
2702
[0.05487367]
2703
[0.09919668]
2704
[0.08019234]
2705
[0.0790931]
2706
[0.10331208]
2707
[0.07652559]
2708
[0.09502877]
2709
[0.07905268]
2710
[0.10434086]
2711
[0.08911176]
2712
[0.07674682]
2713
[0.05213555]
2714
[0.0761135]
2715
[0.08935476]
2716
[0.0920996]
2717
[0.06018401]
2718
[0.07928131]
2719
[0.07618871]
2720
[0.11463161]
2721
[0.08169293]
2722
[0.07176119]
2723
[0.07564006]
2724
[0.07965525]
2725
[0.07497269]
2726
[0.05855697]
2727
[0.15442104]
2728
[0.05117662]
2729
[0.09046764]
2730
[0.08095103]
2731
[0.06191868]
2732
[0.06800226]
2733
[0.0566491]
2734
[0.06525893]
2735
[0.06344074]
2736
[0.12924434]
2737
[0.06911636]
2738
[0.06736412]
2739
[0.13191222]
2740
[0.07606445]
2741
[0.07007477]
2742
[0.12400826]
2743
[0.06200705]
2744
[0.11655237]
2745
[0.08789095]
2746
[0.10464383]
2747
[0.07635458]
2748
[0.08435989]
2749
[0.12207935]
2750
[0.18089075]
2751
[0.18412171]
2752
[0.05727998]
2753
[0.09528381]
2754
[0.08880821]
2755
[0.11731259]
2756
[0.07220212]
2757
[0.0757547]
2758
[0.1092525]
2759
[0.07520494]
2760
[0.10034521]
2761
[0.06336227]
2762
[0.06114921]
2763
[0.07879722]
2764
[0.06831465]
2765
[0.07704325]
2766
[0.12825199]
2767
[0.07171351]
2768
[0.08169747]
2769
[0.08204015]
2770
[0.06737282]
2771
[0.07957369]
2772
[0.08613652]
2773
[0.07949862]
2774
[0.11437962]
2775
[0.06297694]
2776
[0.09797002]
2777
[0.06814402]
2778
[0.12144592]
2779
[0.09678814]
2780
[0.15174647]
2781
[0.07426433]
2782
[0.08874805]
2783
[0.06678223]
2784
[0.05996505]
2785
[0.06395088]
2786
[0.08327255]
2787
[0.0730628]
2788
[0.08141758]
2789
[0.07951711]
2790
[0.10738267]
2791
[0.14898134]
2792
[0.05353107]
2793
[0.07112488]
2794
[0.17321375]
2795
[0.12182861]
2796
[0.05492472]
2797
[0.13851836]
2798
[0.0629454]
2799
[0.0677904]
2800
[0.0949173]
2801
[0.06794354]
2802
[0.07624971]
2803
[0.07166473]
2804
[0.05788442]
2805
[0.03657432]
2806
[0.09476506]
2807
[0.09747633]
2808
[0.05744002]
2809
[0.08207524]
2810
[0.08825797]
2811
[0.07861297]
2812
[0.131679]
2813
[0.09126016]
2814
[0.09475301]
2815
[0.05972167]
2816
[0.09773747]
2817
[0.07703904]
2818
[0.08498576]
2819
[0.07629123]
2820
[0.09275051]
2821
[0.0777852]
2822
[0.079032]
2823
[0.05937306]
2824
[0.08586111]
2825
[0.09064982]
2826
[0.09392927]
2827
[0.06838797]
2828
[0.08629185]
2829
[0.05738342]
2830
[0.07570314]
2831
[0.05940911]
2832
[0.08301305]
2833
[0.10240445]
2834
[0.07564261]
2835
[0.05829424]
2836
[0.11511475]
2837
[0.06588353]
2838
[0.09071958]
2839
[0.06036788]
2840
[0.06504576]
2841
[0.11101719]
2842
[0.05387534]
2843
[0.09577435]
2844
[0.06686462]
2845
[0.0661232]
2846
[0.08923188]
2847
[0.07119784]
2848
[0.06563172]
2849
[0.06746541]
2850
[0.06338765]
2851
[0.09366936]
2852
[0.13231234]
2853
[0.10216219]
2854
[0.08899473]
2855
[0.05004531]
2856
[0.05938691]
2857
[0.12767379]
2858
[0.13508626]
2859
[0.1049998]
2860
[0.07172761]
2861
[0.08061602]
2862
[0.05761502]
2863
[0.07488112]
2864
[0.09415267]
2865
[0.06081294]
2866
[0.05474719]
2867
[0.12732878]
2868
[0.13759692]
2869
[0.08318023]
2870
[0.1212832]
2871
[0.12000187]
2872
[0.07608698]
2873
[0.07268212]
2874
[0.08122207]
2875
[0.08648793]
2876
[0.15614296]
2877
[0.07473297]
2878
[0.0848294]
2879
[0.07598135]
2880
[0.09192247]
2881
[0.12445634]
2882
[0.09318588]
2883
[0.10034219]
2884
[0.18919373]
2885
[0.05566915]
2886
[0.06289819]
2887
[0.0822662]
2888
[0.16770797]
2889
[0.0824169]
2890
[0.08098737]
2891
[0.0599256]
2892
[0.07996582]
2893
[0.07860731]
2894
[0.071074]
2895
[0.08547261]
2896
[0.09631499]
2897
[0.07036678]
2898
[0.07635266]
2899
[0.07541268]
2900
[0.06398681]
2901
[0.07916385]
2902
[0.10406033]
2903
[0.11972739]
2904
[0.12858217]
2905
[0.0466963]
2906
[0.1121913]
2907
[0.14718394]
2908
[0.05957782]
2909
[0.10270351]
2910
[0.0779273]
2911
[0.03467074]
2912
[0.07978295]
2913
[0.07271682]
2914
[0.09755286]
2915
[0.05859988]
2916
[0.07854551]
2917
[0.08123076]
2918
[0.07682973]
2919
[0.15309559]
2920
[0.08525795]
2921
[0.07842054]
2922
[0.07047063]
2923
[0.08632273]
2924
[0.11962297]
2925
[0.09276716]
2926
[0.07894293]
2927
[0.06255627]
2928
[0.06084997]
2929
[0.09642729]
2930
[0.09508886]
2931
[0.0648381]
2932
[0.11370259]
2933
[0.09192038]
2934
[0.05518229]
2935
[0.0933816]
2936
[0.11729285]
2937
[0.07343586]
2938
[0.05394521]
2939
[0.10378195]
2940
[0.10299182]
2941
[0.07187214]
2942
[0.07511309]
2943
[0.08153225]
2944
[0.09128235]
2945
[0.08073565]
2946
[0.08830311]
2947
[0.07687346]
2948
[0.07214299]
2949
[0.09009552]
2950
[0.08362134]
2951
[0.05004964]
2952
[0.08329384]
2953
[0.05062379]
2954
[0.08821301]
2955
[0.08376619]
2956
[0.0923458]
2957
[0.05967151]
2958
[0.08189313]
2959
[0.13836897]
2960
[0.0594777]
2961
[0.07208851]
2962
[0.09291441]
2963
[0.055916]
2964
[0.06756774]
2965
[0.10160524]
2966
[0.06455869]
2967
[0.09162836]
2968
[0.05437591]
2969
[0.07564892]
2970
[0.07047173]
2971
[0.0555004]
2972
[0.05827515]
2973
[0.09683726]
2974
[0.07967355]
2975
[0.08779598]
2976
[0.11813086]
2977
[0.11978497]
2978
[0.07704102]
2979
[0.17047883]
2980
[0.10274956]
2981
[0.05865824]
2982
[0.16846639]
2983
[0.06454422]
2984
[0.08197524]
2985
[0.0746774]
2986
[0.05679636]
2987
[0.0705902]
2988
[0.09035616]
2989
[0.15224294]
2990
[0.1162023]
2991
[0.03903517]
2992
[0.09759376]
2993
[0.07153938]
2994
[0.11036303]
2995
[0.06545423]
2996
[0.08437031]
2997
[0.07715055]
2998
[0.08119298]
2999
[0.0902102]
3000
[0.08850061]
3001
[0.08132687]
3002
[0.05874556]
3003
[0.0584105]
3004
[0.07572617]
3005
[0.1321003]
3006
[0.11806093]
3007
[0.05886026]
3008
[0.07649123]
3009
[0.08551462]
3010
[0.08150272]
3011
[0.0701431]
3012
[0.05924959]
3013
[0.05987111]
3014
[0.10298947]
3015
[0.07997488]
3016
[0.07086063]
3017
[0.12222937]
3018
[0.0583926]
3019
[0.09007317]
3020
[0.09254956]
3021
[0.07328615]
3022
[0.08645023]
3023
[0.0920016]
3024
[0.05517585]
3025
[0.06027914]
3026
[0.07342842]
3027
[0.06418222]
3028
[0.05687536]
3029
[0.06675645]
3030
[0.09101228]
3031
[0.08566434]
3032
[0.08831887]
3033
[0.08398048]
3034
[0.1185031]
3035
[0.07205425]
3036
[0.06732455]
3037
[0.12479921]
3038
[0.08639014]
3039
[0.08327464]
3040
[0.1044486]
3041
[0.09507711]
3042
[0.11544359]
3043
[0.10723148]
3044
[0.06561344]
3045
[0.0681687]
3046
[0.05967504]
3047
[0.08900426]
3048
[0.07968967]
3049
[0.0859894]
3050
[0.06987482]
3051
[0.08599811]
3052
[0.05854665]
3053
[0.11357468]
3054
[0.03096986]
3055
[0.09447055]
3056
[0.06444104]
3057
[0.07980497]
3058
[0.09850227]
3059
[0.09598713]
3060
[0.0867297]
3061
[0.07690412]
3062
[0.06972019]
3063
[0.0959756]
3064
[0.10057252]
3065
[0.05750821]
3066
[0.07719359]
3067
[0.06141343]
3068
[0.09965655]
3069
[0.07455427]
3070
[0.0878873]
3071
[0.05927545]
3072
[0.11971073]
3073
[0.07676631]
3074
[0.07792533]
3075
[0.06632368]
3076
[0.07959593]
3077
[0.12536345]
3078
[0.04395403]
3079
[0.07132391]
3080
[0.11131483]
3081
[0.08665038]
3082
[0.10218124]
3083
[0.074433]
3084
[0.0815605]
3085
[0.0881305]
3086
[0.06786304]
3087
[0.07162333]
3088
[0.09140119]
3089
[0.10661717]
3090
[0.05587141]
3091
[0.06493332]
3092
[0.06860768]
3093
[0.07616946]
3094
[0.0919062]
3095
[0.08917136]
3096
[0.05292498]
3097
[0.09003029]
3098
[0.06642039]
3099
[0.09559672]
3100
[0.13489465]
3101
[0.0412418]
3102
[0.06873257]
3103
[0.07468155]
3104
[0.1074336]
3105
[0.0805374]
3106
[0.09251327]
3107
[0.08087124]
3108
[0.08184843]
3109
[0.08006014]
3110
[0.10451296]
3111
[0.09420898]
3112
[0.07883712]
3113
[0.13133455]
3114
[0.06839624]
3115
[0.0689039]
3116
[0.06071537]
3117
[0.09806585]
3118
[0.07196346]
3119
[0.05108211]
3120
[0.04856926]
3121
[0.06828946]
3122
[0.08966666]
3123
[0.08833559]
3124
[0.06917006]
3125
[0.06336086]
3126
[0.06668395]
3127
[0.09553634]
3128
[0.0924845]
3129
[0.08998416]
3130
[0.07130405]
3131
[0.16765036]
3132
[0.09443388]
3133
[0.07617244]
3134
[0.09013844]
3135
[0.06041268]
3136
[0.05664971]
3137
[0.09187481]
3138
[0.06842424]
3139
[0.07173511]
3140
[0.08635033]
3141
[0.09505643]
3142
[0.07294714]
3143
[0.07882825]
3144
[0.06939748]
3145
[0.06986618]
3146
[0.11244159]
3147
[0.0878655]
3148
[0.09331243]
3149
[0.06844618]
3150
[0.06643896]
3151
[0.06262798]
3152
[0.09006024]
3153
[0.07577939]
3154
[0.06919226]
3155
[0.03814885]
3156
[0.04860763]
3157
[0.09392807]
3158
[0.05381218]
3159
[0.05829736]
3160
[0.09559581]
3161
[0.05664971]
3162
[0.08494469]
3163
[0.07303222]
3164
[0.06525557]
3165
[0.04215133]
3166
[0.11023797]
3167
[0.0713749]
3168
[0.13400079]
3169
[0.09040969]
3170
[0.11593773]
3171
[0.07769607]
3172
[0.05958455]
3173
[0.08561257]
3174
[0.17663302]
3175
[0.0964919]
3176
[0.05744254]
3177
[0.14322748]
3178
[0.09234939]
3179
[0.08610537]
3180
[0.09285554]
3181
[0.0564827]
3182
[0.03973956]
3183
[0.06979015]
3184
[0.08122204]
3185
[0.12420316]
3186
[0.08202854]
3187
[0.08370934]
3188
[0.10970077]
3189
[0.0750868]
3190
[0.07925936]
3191
[0.07109247]
3192
[0.05877839]
3193
[0.0681322]
3194
[0.06077113]
3195
[0.08637814]
3196
[0.11195927]
3197
[0.06621784]
3198
[0.10790762]
3199
[0.10835361]
3200
[0.07580493]
3201
[0.06930188]
3202
[0.09591141]
3203
[0.07863341]
3204
[0.06734524]
3205
[0.07622519]
3206
[0.06260732]
3207
[0.0982138]
3208
[0.10226859]
3209
[0.17197162]
3210
[0.06574527]
3211
[0.09792089]
3212
[0.07391689]
3213
[0.09701164]
3214
[0.06989004]
3215
[0.07992507]
3216
[0.0722989]
3217
[0.08405549]
3218
[0.08883474]
3219
[0.13685343]
3220
[0.0407498]
3221
[0.04003802]
3222
[0.13790496]
3223
[0.09347468]
3224
[0.17210154]
3225
[0.09345962]
3226
[0.14487111]
3227
[0.12083881]
3228
[0.07453365]
3229
[0.08306931]
3230
[0.07338454]
3231
[0.08751637]
3232
[0.08021006]
3233
[0.08929293]
3234
[0.05673797]
3235
[0.06985154]
3236
[0.1184993]
3237
[0.07531196]
3238
[0.08904508]
3239
[0.09450105]
3240
[0.05647256]
3241
[0.10217401]
3242
[0.03797083]
3243
[0.09856145]
3244
[0.05551695]
3245
[0.08424584]
3246
[0.07093438]
3247
[0.08127309]
3248
[0.0995545]
3249
[0.09122856]
3250
[0.11528945]
3251
[0.08180498]
3252
[0.09593111]
3253
[0.04198255]
3254
[0.07037454]
3255
[0.08966666]
3256
[0.10998174]
3257
[0.09209323]
3258
[0.07171447]
3259
[0.07944726]
3260
[0.0670495]
3261
[0.06647033]
3262
[0.08783461]
3263
[0.08887523]
3264
[0.06661936]
3265
[0.08737318]
3266
[0.08377049]
3267
[0.08955652]
3268
[0.07162132]
3269
[0.07727648]
3270
[0.10110441]
3271
[0.10056736]
3272
[0.08026361]
3273
[0.11528801]
3274
[0.1396067]
3275
[0.082851]
3276
[0.11585725]
3277
[0.05441191]
3278
[0.0913108]
3279
[0.12823378]
3280
[0.07795494]
3281
[0.12803398]
3282
[0.04940762]
3283
[0.11136676]
3284
[0.06129137]
3285
[0.06760053]
3286
[0.09883785]
3287
[0.13378119]
3288
[0.08588273]
3289
[0.07239121]
3290
[0.07030381]
3291
[0.03353823]
3292
[0.13338833]
3293
[0.08115663]
3294
[0.07591779]
3295
[0.11724919]
3296
[0.07474005]
3297
[0.10982875]
3298
[0.06743189]
3299
[0.06874301]
3300
[0.11716225]
3301
[0.09332852]
3302
[0.08012843]
3303
[0.04703196]
3304
[0.04110525]
3305
[0.08216403]
3306
[0.04949183]
3307
[0.08827328]
3308
[0.07543826]
3309
[0.06133466]
3310
[0.07708739]
3311
[0.06749524]
3312
[0.08076996]
3313
[0.0920881]
3314
[0.06761002]
3315
[0.10323035]
3316
[0.12029854]
3317
[0.11563007]
3318
[0.10956765]
3319
[0.04491035]
3320
[0.06123972]
3321
[0.07408731]
3322
[0.04817512]
3323
[0.07303784]
3324
[0.05993372]
3325
[0.08022586]
3326
[0.06723341]
3327
[0.0834457]
3328
[0.05380058]
3329
[0.06206928]
3330
[0.09866088]
3331
[0.06568873]
3332
[0.05738342]
3333
[0.11896887]
3334
[0.0672316]
3335
[0.11108227]
3336
[0.13831786]
3337
[0.11126684]
3338
[0.07495877]
3339
[0.09789845]
3340
[0.09192941]
3341
[0.08647082]
3342
[0.10190373]
3343
[0.08587303]
3344
[0.08197671]
3345
[0.1258161]
3346
[0.04358007]
3347
[0.08929153]
3348
[0.08864838]
3349
[0.1614329]
3350
[0.07754652]
3351
[0.0732212]
3352
[0.06508431]
3353
[0.06303524]
3354
[0.0410266]
3355
[0.0682184]
3356
[0.077798]
3357
[0.06980076]
3358
[0.06164168]
3359
[0.08640061]
3360
[0.07616064]
3361
[0.06794312]
3362
[0.07086882]
3363
[0.05330533]
3364
[0.10285374]
3365
[0.1343592]
3366
[0.06836809]
3367
[0.05291068]
3368
[0.08568872]
3369
[0.06517793]
3370
[0.06638889]
3371
[0.11395755]
3372
[0.06618794]
3373
[0.08285013]
3374
[0.07793318]
3375
[0.07372449]
3376
[0.08781219]
3377
[0.07499356]
3378
[0.15075953]
3379
[0.07210153]
3380
[0.09161136]
3381
[0.0576994]
3382
[0.07802176]
3383
[0.11543068]
3384
[0.08957473]
3385
[0.09186779]
3386
[0.08828552]
3387
[0.09888476]
3388
[0.07863664]
3389
[0.0894604]
3390
[0.08595101]
3391
[0.07256302]
3392
[0.10254979]
3393
[0.08021582]
3394
[0.07816829]
3395
[0.06968851]
3396
[0.06742449]
3397
[0.07635411]
3398
[0.1573836]
3399
[0.07208968]
3400
[0.07624883]
3401
[0.08847474]
3402
[0.07668117]
3403
[0.1053758]
3404
[0.05996594]
3405
[0.0792611]
3406
[0.07339307]
3407
[0.12452605]
3408
[0.07907425]
3409
[0.0684353]
3410
[0.08631411]
3411
[0.07935858]
3412
[0.04804358]
3413
[0.06361452]
3414
[0.09180249]
3415
[0.08516703]
3416
[0.09592168]
3417
[0.06079105]
3418
[0.09762122]
3419
[0.0613457]
3420
[0.07381334]
3421
[0.08146544]
3422
[0.15167325]
3423
[0.04735817]
3424
[0.07316046]
3425
[0.10118212]
3426
[0.06952456]
3427
[0.07716971]
3428
[0.08082031]
3429
[0.06943837]
3430
[0.09512541]
3431
[0.07061628]
3432
[0.07887395]
3433
[0.05954194]
3434
[0.09058642]
3435
[0.0957215]
3436
[0.08033743]
3437
[0.07665283]
3438
[0.09748896]
3439
[0.06958145]
3440
[0.08444277]
3441
[0.08953477]
3442
[0.09839095]
3443
[0.06189116]
3444
[0.06318267]
3445
[0.1146128]
3446
[0.05811777]
3447
[0.06937663]
3448
[0.09982519]
3449
[0.07910517]
3450
[0.06571375]
3451
[0.06810395]
3452
[0.06989245]
3453
[0.07826593]
3454
[0.08617547]
3455
[0.10211866]
3456
[0.0573058]
3457
[0.10947683]
3458
[0.10812355]
3459
[0.06603905]
3460
[0.05898933]
3461
[0.10622863]
3462
[0.08755483]
3463
[0.10795017]
3464
[0.07687694]
3465
[0.08294406]
3466
[0.07288176]
3467
[0.08561442]
3468
[0.06176997]
3469
[0.05798619]
3470
[0.12194989]
3471
[0.1077224]
3472
[0.07789028]
3473
[0.07483188]
3474
[0.09316136]
3475
[0.07928297]
3476
[0.09764818]
3477
[0.13241438]
3478
[0.07425875]
3479
[0.09888789]
3480
[0.08473478]
3481
[0.08056816]
3482
[0.11379359]
3483
[0.10944095]
3484
[0.13791345]
3485
[0.09694112]
3486
[0.07727039]
3487
[0.14026502]
3488
[0.06309171]
3489
[0.08134786]
3490
[0.07847696]
3491
[0.04721574]
3492
[0.06966255]
3493
[0.06991735]
3494
[0.06570304]
3495
[0.07412426]
3496
[0.08837326]
3497
[0.08581689]
3498
[0.07581441]
3499
[0.06545423]
3500
[0.05805994]
3501
[0.05708551]
3502
[0.10872853]
3503
[0.06250163]
3504
[0.05081134]
3505
[0.07477499]
3506
[0.06765536]
3507
[0.0738657]
3508
[0.08089967]
3509
[0.07215935]
3510
[0.07817508]
3511
[0.06502268]
3512
[0.0961231]
3513
[0.07677952]
3514
[0.0315438]
3515
[0.09660939]
3516
[0.0747135]
3517
[0.09581109]
3518
[0.07439825]
3519
[0.10067744]
3520
[0.06882711]
3521
[0.11722326]
3522
[0.08461176]
3523
[0.08779592]
3524
[0.09844711]
3525
[0.04990726]
3526
[0.06720073]
3527
[0.0668604]
3528
[0.05446265]
3529
[0.08653287]
3530
[0.10781776]
3531
[0.07394288]
3532
[0.11240039]
3533
[0.08970074]
3534
[0.07859984]
3535
[0.08276773]
3536
[0.0667577]
3537
[0.07902086]
3538
[0.0406111]
3539
[0.07344073]
3540
[0.05537282]
3541
[0.05928304]
3542
[0.08115168]
3543
[0.05733189]
3544
[0.05547284]
3545
[0.07618539]
3546
[0.06105197]
3547
[0.09162779]
3548
[0.06108258]
3549
[0.06344302]
3550
[0.08329822]
3551
[0.08372955]
3552
[0.12374468]
3553
[0.08878287]
3554
[0.0648156]
3555
[0.09994229]
3556
[0.1022325]
3557
[0.07968616]
3558
[0.10201015]
3559
[0.08046407]
3560
[0.16968886]
3561
[0.06063974]
3562
[0.0682595]
3563
[0.06528731]
3564
[0.07215077]
3565
[0.08034486]
3566
[0.10337348]
3567
[0.05791674]
3568
[0.09687945]
3569
[0.06400562]
3570
[0.06967698]
3571
[0.06600718]
3572
[0.08599811]
3573
[0.07432991]
3574
[0.10833554]
3575
[0.08254779]
3576
[0.14695308]
3577
[0.0992749]
3578
[0.1145375]
3579
[0.06316603]
3580
[0.06183397]
3581
[0.10032846]
3582
[0.06392576]
3583
[0.07891807]
3584
[0.09693567]
3585
[0.06987381]
3586
[0.07874348]
3587
[0.12570491]
3588
[0.07164488]
3589
[0.06739356]
3590
[0.07495215]
3591
[0.11680501]
3592
[0.06156638]
3593
[0.07004563]
3594
[0.08636988]
3595
[0.07355079]
3596
[0.07595498]
3597
[0.11909158]
3598
[0.08005439]
3599
[0.08086214]
3600
[0.075434]
3601
[0.13249061]
3602
[0.0749208]
3603
[0.1373578]
3604
[0.07924004]
3605
[0.06521572]
3606
[0.14150796]
3607
[0.10888051]
3608
[0.07492326]
3609
[0.06333741]
3610
[0.14902456]
3611
[0.08244681]
3612
[0.14879033]
3613
[0.0766788]
3614
[0.1001696]
3615
[0.08925909]
3616
[0.08909808]
3617
[0.06993517]
3618
[0.12576392]
3619
[0.08154001]
3620
[0.09067788]
3621
[0.06912278]
3622
[0.0820147]
3623
[0.12750485]
3624
[0.06159055]
3625
[0.15947092]
3626
[0.10543955]
3627
[0.07297848]
3628
[0.0656231]
3629
[0.08695211]
3630
[0.06063269]
3631
[0.07273495]
3632
[0.08079382]
3633
[0.07252363]
3634
[0.08782473]
3635
[0.08348226]
3636
[0.10598052]
3637
[0.06737388]
3638
[0.10465343]
3639
[0.17269713]
3640
[0.09972054]
3641
[0.06295583]
3642
[0.07593367]
3643
[0.0772958]
3644
[0.14046638]
3645
[0.07433625]
3646
[0.09049313]
3647
[0.14181099]
3648
[0.0726729]
3649
[0.05540553]
3650
[0.08563141]
3651
[0.06424179]
3652
[0.09002373]
3653
[0.10035586]
3654
[0.07527215]
3655
[0.08273769]
3656
[0.0569751]
3657
[0.11137422]
3658
[0.15230992]
3659
[0.10088169]
3660
[0.05958455]
3661
[0.0835413]
3662
[0.06662419]
3663
[0.08114293]
3664
[0.1011417]
3665
[0.05520812]
3666
[0.08520399]
3667
[0.05679884]
3668
[0.08473679]
3669
[0.09579002]
3670
[0.11374794]
3671
[0.09489422]
3672
[0.07132532]
3673
[0.04097477]
3674
[0.10306111]
3675
[0.08263605]
3676
[0.09321777]
3677
[0.08170405]
3678
[0.03909893]
3679
[0.09476995]
3680
[0.09892142]
3681
[0.10834632]
3682
[0.05692869]
3683
[0.08720845]
3684
[0.09423925]
3685
[0.07822723]
3686
[0.07901732]
3687
[0.12580979]
3688
[0.03560322]
3689
[0.07945674]
3690
[0.07665912]
3691
[0.08295521]
3692
[0.0849192]
3693
[0.06501781]
3694
[0.10303679]
3695
[0.08677759]
3696
[0.10505917]
3697
[0.06541427]
3698
[0.07196598]
3699
[0.081233]
3700
[0.07534541]
3701
[0.09326951]
3702
[0.08714499]
3703
[0.08090284]
3704
[0.0959278]
3705
[0.13888527]
3706
[0.06083184]
3707
[0.09073672]
3708
[0.10024459]
3709
[0.05923271]
3710
[0.06334273]
3711
[0.10987828]
3712
[0.06866714]
3713
[0.09220889]
3714
[0.05563919]
3715
[0.11828983]
3716
[0.05929665]
3717
[0.14989197]
3718
[0.14997114]
3719
[0.09353372]
3720
[0.10457795]
3721
[0.17828195]
3722
[0.09934104]
3723
[0.06757649]
3724
[0.05836476]
3725
[0.06925363]
3726
[0.08100303]
3727
[0.09385191]
3728
[0.0886959]
3729
[0.09614715]
3730
[0.08350772]
3731
[0.05770245]
3732
[0.06250613]
3733
[0.05542635]
3734
[0.05890819]
3735
[0.06997052]
3736
[0.09254156]
3737
[0.17569894]
3738
[0.09059528]
3739
[0.08507613]
3740
[0.08584408]
3741
[0.09437208]
3742
[0.11025107]
3743
[0.08559177]
3744
[0.0479183]
3745
[0.06592617]
3746
[0.06209958]
3747
[0.06914678]
3748
[0.12984563]
3749
[0.08562659]
3750
[0.08532918]
3751
[0.09145548]
3752
[0.09149626]
3753
[0.08240512]
3754
[0.11473093]
3755
[0.08686857]
3756
[0.05948073]
3757
[0.11015366]
3758
[0.0955672]
3759
[0.15010378]
3760
[0.09591221]
3761
[0.06413051]
3762
[0.06275597]
3763
[0.07096936]
3764
[0.06472052]
3765
[0.08098687]
3766
[0.07204915]
3767
[0.08280941]
3768
[0.07425875]
3769
[0.09335465]
3770
[0.08599811]
3771
[0.0694041]
3772
[0.05938307]
3773
[0.09934905]
3774
[0.04890579]
3775
[0.11823619]
3776
[0.0614187]
3777
[0.05911865]
3778
[0.07777812]
3779
[0.08067428]
3780
[0.09754622]
3781
[0.06922602]
3782
[0.0507358]
3783
[0.05751034]
3784
[0.0891238]
3785
[0.07854939]
3786
[0.08352003]
3787
[0.09542982]
3788
[0.11352223]
3789
[0.08056162]
3790
[0.04240905]
3791
[0.05601307]
3792
[0.12117271]
3793
[0.14797186]
3794
[0.05467447]
3795
[0.08800903]
3796
[0.07445443]
3797
[0.11207905]
3798
[0.04877982]
3799
[0.08645394]
3800
[0.11345465]
3801
[0.08602697]
3802
[0.05881496]
3803
[0.07885479]
3804
[0.08813497]
3805
[0.08012843]
3806
[0.06231185]
3807
[0.07610342]
3808
[0.08047382]
3809
[0.07874072]
3810
[0.07939205]
3811
[0.06742689]
3812
[0.08599811]
3813
[0.08776245]
3814
[0.08925514]
3815
[0.07597983]
3816
[0.09614406]
3817
[0.08802315]
3818
[0.05964815]
3819
[0.10317846]
3820
[0.07713884]
3821
[0.06653408]
3822
[0.06569014]
3823
[0.09722082]
3824
[0.09023745]
3825
[0.08332671]
3826
[0.08387679]
3827
[0.07678377]
3828
[0.09077821]
3829
[0.07651215]
3830
[0.08470803]
3831
[0.14774982]
3832
[0.07985687]
3833
[0.09645591]
3834
[0.08606352]
3835
[0.08031067]
3836
[0.07339756]
3837
[0.07534532]
3838
[0.06524491]
3839
[0.09130534]
3840
[0.07874379]
3841
[0.1080041]
3842
[0.10138915]
3843
[0.07975259]
3844
[0.07352968]
3845
[0.13359926]
3846
[0.11087258]
3847
[0.07177789]
3848
[0.07216789]
3849
[0.09024371]
3850
[0.062136]
3851
[0.05725131]
3852
[0.08190471]
3853
[0.06765049]
3854
[0.06802011]
3855
[0.10405615]
3856
[0.09469503]
3857
[0.06605585]
3858
[0.0635246]
3859
[0.04746932]
3860
[0.08877137]
3861
[0.12251704]
3862
[0.07773085]
3863
[0.09484561]
3864
[0.09208035]
3865
[0.07991269]
3866
[0.0594239]
3867
[0.11384157]
3868
[0.10371048]
3869
[0.08268535]
3870
[0.05958455]
3871
[0.1215329]
3872
[0.14055396]
3873
[0.08722939]
3874
[0.10365005]
3875
[0.09010776]
3876
[0.07422398]
3877
[0.06661657]
3878
[0.05768766]
3879
[0.06016773]
3880
[0.08323617]
3881
[0.0769233]
3882
[0.07312913]
3883
[0.1497994]
3884
[0.08721089]
3885
[0.11233267]
3886
[0.05151374]
3887
[0.1146128]
3888
[0.06598829]
3889
[0.07376505]
3890
[0.03339712]
3891
[0.04270232]
3892
[0.08519933]
3893
[0.07388358]
3894
[0.09393195]
3895
[0.06695359]
3896
[0.07286493]
3897
[0.07323892]
3898
[0.09072324]
3899
[0.07249493]
3900
[0.16997027]
3901
[0.10360715]
3902
[0.08618501]
3903
[0.07099983]
3904
[0.07363024]
3905
[0.08416209]
3906
[0.04321598]
3907
[0.06504902]
3908
[0.05926623]
3909
[0.08941154]
3910
[0.0905344]
3911
[0.09851816]
3912
[0.08592967]
3913
[0.06101821]
3914
[0.09629381]
3915
[0.05119324]
3916
[0.08268332]
3917
[0.06251939]
3918
[0.10525754]
3919
[0.07251035]
3920
[0.12260587]
3921
[0.10103509]
3922
[0.10205372]
3923
[0.0752327]
3924
[0.09020396]
3925
[0.10961199]
3926
[0.08166625]
3927
[0.14483745]
3928
[0.06512701]
3929
[0.08936969]
3930
[0.12954227]
3931
[0.10922729]
3932
[0.09158201]
3933
[0.07539519]
3934
[0.08298455]
3935
[0.08367385]
3936
[0.06881114]
3937
[0.1251547]
3938
[0.05523938]
3939
[0.07172193]
3940
[0.09847215]
3941
[0.06976965]
3942
[0.11595286]
3943
[0.07139274]
3944
[0.081541]
3945
[0.06935131]
3946
[0.10947028]
3947
[0.06010432]
3948
[0.07015839]
3949
[0.1229298]
3950
[0.06645872]
3951
[0.08467685]
3952
[0.10422188]
3953
[0.07334728]
3954
[0.07511129]
3955
[0.06200943]
3956
[0.0659062]
3957
[0.05804396]
3958
[0.10671845]
3959
[0.07110602]
3960
[0.08999862]
3961
[0.07377372]
3962
[0.09886459]
3963
[0.11099495]
3964
[0.08539038]
3965
[0.05811713]
3966
[0.06628814]
3967
[0.0968339]
3968
[0.04010012]
3969
[0.06935484]
3970
[0.07502001]
3971
[0.11224185]
3972
[0.05344707]
3973
[0.0569249]
3974
[0.09053305]
3975
[0.07755006]
3976
[0.11839508]
3977
[0.08009484]
3978
[0.1394269]
3979
[0.14472155]
3980
[0.06672752]
3981
[0.06673266]
3982
[0.08873604]
3983
[0.01457179]
3984
[0.09769522]
3985
[0.05311482]
3986
[0.09860028]
3987
[0.08911607]
3988
[0.0743296]
3989
[0.10046782]
3990
[0.09645266]
3991
[0.07155442]
3992
[0.16105777]
3993
[0.08798889]
3994
[0.1105638]
3995
[0.08021687]
3996
[0.09342497]
3997
[0.0379048]
3998
[0.07842061]
3999
[0.09562175]
4000
[0.09958879]
4001
[0.14430722]
4002
[0.14647823]
4003
[0.10778134]
4004
[0.07982216]
4005
[0.08903841]
4006
[0.05265374]
4007
[0.05099093]
4008
[0.10497928]
4009
[0.10142802]
4010
[0.02073018]
4011
[0.08706068]
4012
[0.1054514]
4013
[0.06767625]
4014
[0.08673182]
4015
[0.06005413]
4016
[0.06145006]
4017
[0.11341625]
4018
[0.06859491]
4019
[0.08310386]
4020
[0.06928785]
4021
[0.14284223]
4022
[0.07379412]
4023
[0.1125509]
4024
[0.0719095]
4025
[0.13864457]
4026
[0.06695591]
4027
[0.08324056]
4028
[0.06990945]
4029
[0.12303499]
4030
[0.09756522]
4031
[0.08063752]
4032
[0.07631725]
4033
[0.08728659]
4034
[0.09815394]
4035
[0.06138515]
4036
[0.05747799]
4037
[0.07669505]
4038
[0.07714581]
4039
[0.07183602]
4040
[0.04716827]
4041
[0.1011598]
4042
[0.04965973]
4043
[0.09213577]
4044
[0.07223046]
4045
[0.08646605]
4046
[0.12040483]
4047
[0.0836323]
4048
[0.07627001]
4049
[0.06781199]
4050
[0.07792421]
4051
[0.10622044]
4052
[0.08803229]
4053
[0.07336774]
4054
[0.09715391]
4055
[0.06935977]
4056
[0.09899322]
4057
[0.09671359]
4058
[0.06094156]
4059
[0.08521766]
4060
[0.08036971]
4061
[0.0756614]
4062
[0.07114396]
4063
[0.08893333]
4064
[0.10208087]
4065
[0.06033154]
4066
[0.08519335]
4067
[0.1080025]
4068
[0.05807153]
4069
[0.07962814]
4070
[0.09480263]
4071
[0.07797459]
4072
[0.08203943]
4073
[0.06569845]
4074
[0.07173202]
4075
[0.04492796]
4076
[0.09339179]
4077
[0.10474707]
4078
[0.1531086]
4079
[0.04102084]
4080
[0.07951457]
4081
[0.07573147]
4082
[0.05088429]
4083
[0.07186356]
4084
[0.11327355]
4085
[0.07163045]
4086
[0.07356439]
4087
[0.06835107]
4088
[0.07496071]
4089
[0.0793002]
4090
[0.06829273]
4091
[0.05176175]
4092
[0.16891108]
4093
[0.07145619]
4094
[0.10038729]
4095
[0.09773075]
4096
[0.07085698]
4097
[0.07201358]
4098
[0.09702651]
4099
[0.12592956]
4100
[0.09891079]
4101
[0.08586372]
4102
[0.09036137]
4103
[0.0728795]
4104
[0.06241652]
4105
[0.09140453]
4106
[0.16296971]
4107
[0.09192242]
4108
[0.08015914]
4109
[0.07290803]
4110
[0.07701745]
4111
[0.07937198]
4112
[0.0612748]
4113
[0.07519283]
4114
[0.15975359]
4115
[0.08693627]
4116
[0.07499246]
4117
[0.08941847]
4118
[0.1118879]
4119
[0.06902317]
4120
[0.07329228]
4121
[0.16213364]
4122
[0.07211665]
4123
[0.0674148]
4124
[0.06318481]
4125
[0.05869771]
4126
[0.07947376]
4127
[0.11957036]
4128
[0.06113097]
4129
[0.04824709]
4130
[0.07457743]
4131
[0.07038559]
4132
[0.08656145]
4133
[0.17569008]
4134
[0.08737529]
4135
[0.08625588]
4136
[0.07507905]
4137
[0.09564956]
4138
[0.10920038]
4139
[0.05193377]
4140
[0.06579038]
4141
[0.1360584]
4142
[0.13580532]
4143
[0.06502403]
4144
[0.07830537]
4145
[0.13444442]
4146
[0.09100026]
4147
[0.12034964]
4148
[0.06395506]
4149
[0.06614712]
4150
[0.11559457]
4151
[0.10229557]
4152
[0.07123157]
4153
[0.10123079]
4154
[0.08699663]
4155
[0.06153157]
4156
[0.06565679]
4157
[0.08853843]
4158
[0.08645055]
4159
[0.0895174]
4160
[0.05488069]
4161
[0.06704559]
4162
[0.08333511]
4163
[0.06525829]
4164
[0.09675062]
4165
[0.14096081]
4166
[0.045985]
4167
[0.04883168]
4168
[0.05371487]
4169
[0.07448712]
4170
[0.06470248]
4171
[0.06282356]
4172
[0.05442626]
4173
[0.0661756]
4174
[0.06513871]
4175
[0.07312298]
4176
[0.08306713]
4177
[0.08708771]
4178
[0.09540595]
4179
[0.14818464]
4180
[0.13753012]
4181
[0.0606857]
4182
[0.0936971]
4183
[0.09040037]
4184
[0.08169242]
4185
[0.07432331]
4186
[0.09629986]
4187
[0.09314423]
4188
[0.0723023]
4189
[0.07855326]
4190
[0.06692165]
4191
[0.13662942]
4192
[0.08126798]
4193
[0.12003519]
4194
[0.09542173]
4195
[0.07104086]
4196
[0.07901674]
4197
[0.10606962]
4198
[0.05136214]
4199
[0.07723729]
4200
[0.09050646]
4201
[0.0799094]
4202
[0.07923697]
4203
[0.07342994]
4204
[0.13581205]
4205
[0.08550415]
4206
[0.07548499]
4207
[0.05078003]
4208
[0.09877841]
4209
[0.07088963]
4210
[0.07611918]
4211
[0.10206791]
4212
[0.1513947]
4213
[0.0982537]
4214
[0.07097847]
4215
[0.0628868]
4216
[0.06598404]
4217
[0.06116404]
4218
[0.06554378]
4219
[0.07360327]
4220
[0.06472039]
4221
[0.06548307]
4222
[0.08489462]
4223
[0.12242583]
4224
[0.06607389]
4225
[0.07734982]
4226
[0.06304473]
4227
[0.05942504]
4228
[0.08034641]
4229
[0.05301759]
4230
[0.07838857]
4231
[0.11974876]
4232
[0.09042703]
4233
[0.0655595]
4234
[0.08538707]
4235
[0.06184601]
4236
[0.15503735]
4237
[0.11560079]
4238
[0.06189226]
4239
[0.07503602]
4240
[0.15484456]
4241
[0.10450816]
4242
[0.05857195]
4243
[0.08440438]
4244
[0.15072918]
4245
[0.08150867]
4246
[0.12971929]
4247
[0.10838346]
4248
[0.07493458]
4249
[0.07132391]
4250
[0.0730156]
4251
[0.08511519]
4252
[0.08401305]
4253
[0.10759473]
4254
[0.09054896]
4255
[0.06256931]
4256
[0.07711362]
4257
[0.08142523]
4258
[0.0970588]
4259
[0.08077803]
4260
[0.06976857]
4261
[0.0632531]
4262
[0.09343833]
4263
[0.09464303]
4264
[0.1360375]
4265
[0.08960924]
4266
[0.07117898]
4267
[0.0855352]
4268
[0.12463362]
4269
[0.06251404]
4270
[0.1088782]
4271
[0.0715654]
4272
[0.06566832]
4273
[0.11974876]
4274
[0.1162939]
4275
[0.06760522]
4276
[0.11526393]
4277
[0.07622154]
4278
[0.08136002]
4279
[0.06400365]
4280
[0.06090411]
4281
[0.08395018]
4282
[0.09607113]
4283
[0.07248835]
4284
[0.05696294]
4285
[0.10934979]
4286
[0.09167137]
4287
[0.07220627]
4288
[0.12048247]
4289
[0.10206348]
4290
[0.08609258]
4291
[0.047858]
4292
[0.07651319]
4293
[0.07856543]
4294
[0.12026711]
4295
[0.08491439]
4296
[0.06379441]
4297
[0.08354867]
4298
[0.0890314]
4299
[0.09550592]
4300
[0.06986654]
4301
[0.0907585]
4302
[0.08495203]
4303
[0.07750815]
4304
[0.09209535]
4305
[0.06519727]
4306
[0.06492351]
4307
[0.08051193]
4308
[0.06741962]
4309
[0.13639333]
4310
[0.10190325]
4311
[0.0810453]
4312
[0.05686491]
4313
[0.08348869]
4314
[0.1280047]
4315
[0.06254699]
4316
[0.10447877]
4317
[0.07854914]
4318
[0.08594067]
4319
[0.07449686]
4320
[0.10104715]
4321
[0.06472052]
4322
[0.07004979]
4323
[0.08142982]
4324
[0.05850147]
4325
[0.10708002]
4326
[0.12516182]
4327
[0.08766731]
4328
[0.08876123]
4329
[0.08006855]
4330
[0.0660077]
4331
[0.09397358]
4332
[0.09544128]
4333
[0.0657331]
4334
[0.05453265]
4335
[0.07829033]
4336
[0.06961601]
4337
[0.06595181]
4338
[0.1565078]
4339
[0.08353454]
4340
[0.08208541]
4341
[0.12078307]
4342
[0.07684029]
4343
[0.07557513]
4344
[0.11430703]
4345
[0.07441926]
4346
[0.08447087]
4347
[0.09041011]
4348
[0.12213364]
4349
[0.0690274]
4350
[0.0720216]
4351
[0.09152161]
4352
[0.10556601]
4353
[0.06336284]
4354
[0.07892305]
4355
[0.11204741]
4356
[0.11118421]
4357
[0.09625317]
4358
[0.0814094]
4359
[0.10421705]
4360
[0.10696992]
4361
[0.09935577]
4362
[0.10891263]
4363
[0.06413411]
4364
[0.05102034]
4365
[0.09969095]
4366
[0.05518229]
4367
[0.09010005]
4368
[0.08269924]
4369
[0.0626675]
4370
[0.08273914]
4371
[0.08493862]
4372
[0.09103054]
4373
[0.10789263]
4374
[0.0979972]
4375
[0.07053877]
4376
[0.0926284]
4377
[0.09350603]
4378
[0.08607681]
4379
[0.10615064]
4380
[0.07513071]
4381
[0.09442513]
4382
[0.07675784]
4383
[0.08519738]
4384
[0.11127371]
4385
[0.07809342]
4386
[0.08555764]
4387
[0.08931575]
4388
[0.06954457]
4389
[0.07483289]
4390
[0.07168737]
4391
[0.11314045]
4392
[0.06272034]
4393
[0.06793558]
4394
[0.06475073]
4395
[0.05751212]
4396
[0.11576483]
4397
[0.07485465]
4398
[0.08379698]
4399
[0.0926015]
4400
[0.06891275]
4401
[0.06078198]
4402
[0.06723744]
4403
[0.09967163]
4404
[0.08642041]
4405
[0.1073287]
4406
[0.07075584]
4407
[0.04641778]
4408
[0.10085427]
4409
[0.09368167]
4410
[0.11959268]
4411
[0.06492689]
4412
[0.10953598]
4413
[0.07279133]
4414
[0.1241961]
4415
[0.0696367]
4416
[0.09116959]
4417
[0.10036536]
4418
[0.07059657]
4419
[0.03405162]
4420
[0.0365026]
4421
[0.08787281]
4422
[0.0798734]
4423
[0.08991166]
4424
[0.04897369]
4425
[0.11669668]
4426
[0.11900276]
4427
[0.08182997]
4428
[0.09554659]
4429
[0.06731737]
4430
[0.13061978]
4431
[0.12678565]
4432
[0.05371487]
4433
[0.08308491]
4434
[0.05740152]
4435
[0.07163792]
4436
[0.11239997]
4437
[0.06544224]
4438
[0.1140995]
4439
[0.06277681]
4440
[0.07512485]
4441
[0.09581123]
4442
[0.08045126]
4443
[0.07891457]
4444
[0.06015651]
4445
[0.09416025]
4446
[0.08130722]
4447
[0.13754244]
4448
[0.08013282]
4449
[0.07768507]
4450
[0.13737584]
4451
[0.11307054]
4452
[0.07462849]
4453
[0.1108113]
4454
[0.1170317]
4455
[0.06639077]
4456
[0.15068521]
4457
[0.09539521]
4458
[0.065132]
4459
[0.07085578]
4460
[0.06648319]
4461
[0.05700708]
4462
[0.09843786]
4463
[0.07541859]
4464
[0.14853235]
4465
[0.09304799]
4466
[0.08094205]
4467
[0.06331974]
4468
[0.09330605]
4469
[0.09496064]
4470
[0.08732527]
4471
[0.0661204]
4472
[0.05215682]
4473
[0.07308101]
4474
[0.07442191]
4475
[0.09356535]
4476
[0.12254793]
4477
[0.1141331]
4478
[0.07204211]
4479
[0.07126762]
4480
[0.12203752]
4481
[0.0703423]
4482
[0.11549883]
4483
[0.09262338]
4484
[0.09070916]
4485
[0.05462838]
4486
[0.07883442]
4487
[0.06902832]
4488
[0.08766097]
4489
[0.07209649]
4490
[0.08249595]
4491
[0.09148279]
4492
[0.11163507]
4493
[0.09601454]
4494
[0.10912657]
4495
[0.10007313]
4496
[0.07824578]
4497
[0.08433205]
4498
[0.13006]
4499
[0.06694315]
4500
[0.05151374]
4501
[0.0747034]
4502
[0.07981475]
4503
[0.11184374]
4504
[0.10442709]
4505
[0.09935431]
4506
[0.12000987]
4507
[0.0693641]
4508
[0.12503074]
4509
[0.09101557]
4510
[0.07418745]
4511
[0.08114485]
4512
[0.06895206]
4513
[0.10984706]
4514
[0.07497811]
4515
[0.07747314]
4516
[0.08159585]
4517
[0.07857047]
4518
[0.09785717]
4519
[0.07834337]
4520
[0.06035648]
4521
[0.10233035]
4522
[0.11502225]
4523
[0.0597183]
4524
[0.0841231]
4525
[0.06674551]
4526
[0.07191962]
4527
[0.07663014]
4528
[0.0999082]
4529
[0.08706994]
4530
[0.07898996]
4531
[0.05939755]
4532
[0.05056231]
4533
[0.06667265]
4534
[0.05744892]
4535
[0.12552941]
4536
[0.05130199]
4537
[0.07464048]
4538
[0.07069392]
4539
[0.04514812]
4540
[0.04880956]
4541
[0.07517696]
4542
[0.07171795]
4543
[0.0741548]
4544
[0.06442789]
4545
[0.11191465]
4546
[0.10700536]
4547
[0.09529707]
4548
[0.06294449]
4549
[0.0878436]
4550
[0.09474381]
4551
[0.06400626]
4552
[0.12706031]
4553
[0.08591656]
4554
[0.07130566]
4555
[0.0974806]
4556
[0.14434095]
4557
[0.07256707]
4558
[0.08421416]
4559
[0.08232976]
4560
[0.07955689]
4561
[0.05438078]
4562
[0.06490018]
4563
[0.07098229]
4564
[0.0497984]
4565
[0.06741492]
4566
[0.06358053]
4567
[0.09937181]
4568
[0.0736601]
4569
[0.06750996]
4570
[0.09499079]
4571
[0.07426997]
4572
[0.0755092]
4573
[0.09394605]
4574
[0.11714478]
4575
[0.07572617]
4576
[0.09973723]
4577
[0.04708034]
4578
[0.08236203]
4579
[0.06887635]
4580
[0.11534651]
4581
[0.08127984]
4582
[0.05811713]
4583
[0.10381031]
4584
[0.03830696]
4585
[0.09950363]
4586
[0.0575347]
4587
[0.08447194]
4588
[0.09378298]
4589
[0.06127887]
4590
[0.06516906]
4591
[0.09451544]
4592
[0.07317802]
4593
[0.0701258]
4594
[0.07349493]
4595
[0.08023044]
4596
[0.08972441]
4597
[0.08380786]
4598
[0.07950825]
4599
[0.11904082]
4600
[0.05208197]
4601
[0.08006018]
4602
[0.07227172]
4603
[0.09327128]
4604
[0.10232797]
4605
[0.06382483]
4606
[0.06370606]
4607
[0.14505281]
4608
[0.06611745]
4609
[0.0752801]
4610
[0.07527663]
4611
[0.06688696]
4612
[0.17258386]
4613
[0.07753589]
4614
[0.10575048]
4615
[0.08198501]
4616
[0.09500489]
4617
[0.07389751]
4618
[0.06471569]
4619
[0.12197574]
4620
[0.04640656]
4621
[0.07415384]
4622
[0.07291874]
4623
[0.1088439]
4624
[0.08885142]
4625
[0.04141962]
4626
[0.07997491]
4627
[0.12976184]
4628
[0.10194801]
4629
[0.06858988]
4630
[0.09260255]
4631
[0.08970249]
4632
[0.08127271]
4633
[0.09409675]
4634
[0.06789818]
4635
[0.07698034]
4636
[0.08875979]
4637
[0.08078475]
4638
[0.10039827]
4639
[0.0992544]
4640
[0.08425877]
4641
[0.09737731]
4642
[0.05628607]
4643
[0.17465105]
4644
[0.08788263]
4645
[0.09333556]
4646
[0.09071103]
4647
[0.07543092]
4648
[0.12468938]
4649
[0.08259809]
4650
[0.09731697]
4651
[0.1717829]
4652
[0.05975466]
4653
[0.10956976]
4654
[0.10360715]
4655
[0.08173313]
4656
[0.08899157]
4657
[0.06446779]
4658
[0.1208504]
4659
[0.07719359]
4660
[0.12606035]
4661
[0.05371487]
4662
[0.05518229]
4663
[0.09060604]
4664
[0.10270516]
4665
[0.08257917]
4666
[0.09169531]
4667
[0.05519951]
4668
[0.1202287]
4669
[0.0830448]
4670
[0.0830558]
4671
[0.10920015]
4672
[0.08325191]
4673
[0.11509938]
4674
[0.10084077]
4675
[0.14513841]
4676
[0.06325332]
4677
[0.06990122]
4678
[0.07903962]
4679
[0.06989731]
4680
[0.10421143]
4681
[0.07487706]
4682
[0.08122576]
4683
[0.06999146]
4684
[0.07279133]
4685
[0.11915385]
4686
[0.07806821]
4687
[0.06120815]
4688
[0.06258102]
4689
[0.11851617]
4690
[0.05563172]
4691
[0.0848856]
4692
[0.02822029]
4693
[0.11194326]
4694
[0.08822631]
4695
[0.07530898]
4696
[0.09767641]
4697
[0.06264848]
4698
[0.0561943]
4699
[0.06481429]
4700
[0.10761389]
4701
[0.18141288]
4702
[0.05611171]
4703
[0.07806817]
4704
[0.09197591]
4705
[0.10360715]
4706
[0.07470738]
4707
[0.10049184]
4708
[0.06457945]
4709
[0.07413446]
4710
[0.0379142]
4711
[0.13658824]
4712
[0.0922642]
4713
[0.07976961]
4714
[0.08199897]
4715
[0.09798014]
4716
[0.09575083]
4717
[0.09344425]
4718
[0.07649822]
4719
[0.12478254]
4720
[0.10740902]
4721
[0.09055488]
4722
[0.08124518]
4723
[0.05995912]
4724
[0.07673392]
4725
[0.06844362]
4726
[0.05453573]
4727
[0.06940294]
4728
[0.06823487]
4729
[0.08349259]
4730
[0.0831712]
4731
[0.06521475]
4732
[0.08349504]
4733
[0.08160706]
4734
[0.07628042]
4735
[0.08597211]
4736
[0.0955271]
4737
[0.16929209]
4738
[0.07639994]
4739
[0.06688021]
4740
[0.0955213]
4741
[0.05587791]
4742
[0.07399733]
4743
[0.14511043]
4744
[0.11979675]
4745
[0.08425686]
4746
[0.07201513]
4747
[0.10098909]
4748
[0.07595427]
4749
[0.06577859]
4750
[0.06959596]
4751
[0.06783795]
4752
[0.10836969]
4753
[0.06501012]
4754
[0.08862177]
4755
[0.09396244]
4756
[0.06397395]
4757
[0.0733917]
4758
[0.09250997]
4759
[0.02845208]
4760
[0.10571306]
4761
[0.09393364]
4762
[0.06995189]
4763
[0.08791836]
4764
[0.0746261]
4765
[0.09695104]
4766
[0.09755285]
4767
[0.15973174]
4768
[0.07932173]
4769
[0.09497358]
4770
[0.04807406]
4771
[0.06909583]
4772
[0.04417664]
4773
[0.11283313]
4774
[0.11729444]
4775
[0.07348395]
4776
[0.07751032]
4777
[0.08690966]
4778
[0.05810854]
4779
[0.07245026]
4780
[0.05918492]
4781
[0.06100802]
4782
[0.11183583]
4783
[0.08531258]
4784
[0.07856124]
4785
[0.13793051]
4786
[0.10766507]
4787
[0.10127857]
4788
[0.07223144]
4789
[0.09010359]
4790
[0.04876049]
4791
[0.07691857]
4792
[0.06210738]
4793
[0.16040177]
4794
[0.08012843]
4795
[0.05510552]
4796
[0.06321483]
4797
[0.08466818]
4798
[0.10323138]
4799
[0.07755344]
4800
[0.06752483]
4801
[0.12211759]
4802
[0.06724948]
4803
[0.07296645]
4804
[0.09208933]
4805
[0.06371996]
4806
[0.08765047]
4807
[0.03942382]
4808
[0.0575205]
4809
[0.08306327]
4810
[0.08494356]
4811
[0.06074802]
4812
[0.06480657]
4813
[0.08899966]
4814
[0.08655967]
4815
[0.06232819]
4816
[0.05765271]
4817
[0.04935683]
4818
[0.08413445]
4819
[0.08085411]
4820
[0.09059188]
4821
[0.08083574]
4822
[0.05958455]
4823
[0.0551567]
4824
[0.07238283]
4825
[0.09568814]
4826
[0.08115069]
4827
[0.06754216]
4828
[0.06853555]
4829
[0.12535328]
4830
[0.05078003]
4831
[0.0632531]
4832
[0.08497808]
4833
[0.03127909]
4834
[0.06831319]
4835
[0.08466743]
4836
[0.09100265]
4837
[0.09777664]
4838
[0.11660373]
4839
[0.09773456]
4840
[0.12597556]
4841
[0.08103196]
4842
[0.05769024]
4843
[0.10165418]
4844
[0.07479321]
4845
[0.07801198]
4846
[0.06484367]
4847
[0.07932486]
4848
[0.07260832]
4849
[0.13610842]
4850
[0.06176141]
4851
[0.07669674]
4852
[0.07476134]
4853
[0.07745726]
4854
[0.07650565]
4855
[0.0717288]
4856
[0.06872744]
4857
[0.05414993]
4858
[0.10686279]
4859
[0.0831336]
4860
[0.10618721]
4861
[0.15584222]
4862
[0.14192276]
4863
[0.09424412]
4864
[0.0791932]
4865
[0.1052528]
4866
[0.11731527]
4867
[0.09967245]
4868
[0.12301146]
4869
[0.11968409]
4870
[0.08172227]
4871
[0.07279133]
4872
[0.0500103]
4873
[0.0892027]
4874
[0.12797694]
4875
[0.06260703]
4876
[0.09834684]
4877
[0.09518464]
4878
[0.09427891]
4879
[0.07753786]
4880
[0.09183296]
4881
[0.08830149]
4882
[0.07267987]
4883
[0.08866758]
4884
[0.09264357]
4885
[0.06765536]
4886
[0.10887142]
4887
[0.08761089]
4888
[0.06281258]
4889
[0.05734924]
4890
[0.0779273]
4891
[0.04388869]
4892
[0.09364067]
4893
[0.08821793]
4894
[0.16087407]
4895
[0.05194208]
4896
[0.07601443]
4897
[0.07420957]
4898
[0.07596465]
4899
[0.08031604]
4900
[0.10790445]
4901
[0.07133949]
4902
[0.06606229]
4903
[0.08504817]
4904
[0.0598452]
4905
[0.10464121]
4906
[0.10690687]
4907
[0.08978924]
4908
[0.07851935]
4909
[0.08313549]
4910
[0.06801412]
4911
[0.10155984]
4912
[0.05385343]
4913
[0.06715223]
4914
[0.06680283]
4915
[0.08079097]
4916
[0.09242496]
4917
[0.12928699]
4918
[0.09216006]
4919
[0.06141822]
4920
[0.06891686]
4921
[0.08037043]
4922
[0.04812314]
4923
[0.16260998]
4924
[0.07619956]
4925
[0.07205791]
4926
[0.07499246]
4927
[0.05951999]
4928
[0.07796208]
4929
[0.08928749]
4930
[0.10203289]
4931
[0.08864823]
4932
[0.08849223]
4933
[0.08456244]
4934
[0.09578974]
4935
[0.06733786]
4936
[0.07496167]
4937
[0.11198273]
4938
[0.06569668]
4939
[0.07365243]
4940
[0.06437687]
4941
[0.05739358]
4942
[0.12228467]
4943
[0.10519065]
4944
[0.0590805]
4945
[0.06516304]
4946
[0.05804697]
4947
[0.09147189]
4948
[0.06928288]
4949
[0.07589522]
4950
[0.09320635]
4951
[0.07572617]
4952
[0.09211797]
4953
[0.12742116]
4954
[0.06969339]
4955
[0.1149264]
4956
[0.07450309]
4957
[0.13946628]
4958
[0.0967661]
4959
[0.06634773]
4960
[0.05151432]
4961
[0.04554513]
4962
[0.07674265]
4963
[0.073429]
4964
[0.05437948]
4965
[0.07740072]
4966
[0.1020306]
4967
[0.09657479]
4968
[0.06780683]
4969
[0.09275676]
4970
[0.08687117]
4971
[0.05757408]
4972
[0.10410999]
4973
[0.06367422]
4974
[0.07482621]
4975
[0.0643229]
4976
[0.09279111]
4977
[0.1182647]
4978
[0.07906725]
4979
[0.06832051]
4980
[0.13018485]
4981
[0.09884143]
4982
[0.08707683]
4983
[0.12294113]
4984
[0.09113408]
4985
[0.07952382]
4986
[0.08347646]
4987
[0.06567941]
4988
[0.13335114]
4989
[0.06983511]
4990
[0.05425835]
4991
[0.08797185]
4992
[0.07523046]
4993
[0.15974983]
4994
[0.08234852]
4995
[0.09628654]
4996
[0.11221606]
4997
[0.09108775]
4998
[0.11882433]
4999
[0.06477649]
[1] 40000    11
[1] 40000    11
