LOADING R
R LOADED
[1] "/home/lvanderl/Rlibs2"                         
[2] "/app/software/R/4.3.1-gfbf-2022b/lib/R/library"
[1] "/home/lvanderl/sieveSims"
[1] "xg 1 3"
[1] 0.04759097
[1] 0.04759097
[1] 0.04759097
13.183673469387756
[0.2924798]
[0.09492312]
[0.28874762]
[0.28561909]
[0.20312798]
[0.21453067]
[0.17281407]
[0.28589225]
[0.26742406]
[0.23616971]
[0.26697451]
[0.10056078]
[0.29314695]
[0.15785833]
[0.26769954]
[0.30138736]
[0.12895088]
[0.23416079]
[0.09615322]
[0.14735157]
[0.11598591]
[0.30176103]
[0.05333726]
[0.23137851]
[0.27838284]
[0.22718944]
[0.07246959]
[0.13013724]
[0.08819523]
[0.16485535]
[0.17173889]
[0.05614503]
[0.17467497]
[0.07932497]
[0.29204733]
[0.17027013]
[0.24181882]
[0.24324144]
[0.17655216]
[0.11070324]
[0.17307942]
[0.26968666]
[0.13436799]
[0.28028366]
[0.2517323]
[0.2916406]
[0.14158004]
[0.09198105]
[0.26570393]
[0.16014454]
[0.13632978]
[0.17624186]
[0.08708275]
[0.2967926]
[0.19798152]
[0.25203396]
[0.24948403]
[0.26451068]
[0.07583343]
[0.30022934]
[0.26374026]
[0.16985149]
[0.09663077]
[0.088863]
[0.16749772]
[0.29687021]
[0.06815886]
[0.06988512]
[0.11083865]
[0.2616631]
[0.06719259]
[0.28658235]
[0.08340927]
[0.22749702]
[0.11458911]
[0.30006944]
[0.29142842]
[0.06025334]
[0.10072821]
[0.30099445]
[0.25684896]
[0.29573138]
[0.28384178]
[0.08000379]
[0.22589244]
[0.23730543]
[0.15495013]
[0.16668429]
[0.29954234]
[0.09785137]
[0.28719133]
[0.16469252]
[0.13919327]
[0.27990416]
[0.22850916]
[0.23944174]
[0.24250402]
[0.18963442]
[0.20857601]
[0.1817531]
[0.13381507]
[0.27024736]
[0.21406776]
[0.25956861]
[0.10715653]
[0.25765675]
[0.27262317]
[0.07350333]
[0.08233659]
[0.06289337]
[0.07360398]
[0.08526009]
[0.13173989]
[0.13149448]
[0.08080133]
[0.28999975]
[0.19315052]
[0.30165655]
[0.22582938]
[0.23255634]
[0.13965767]
[0.18460267]
[0.21124932]
[0.16773724]
[0.26331271]
[0.29151538]
[0.3018083]
[0.05508053]
[0.28051308]
[0.25654214]
[0.07809201]
[0.21082481]
[0.24454973]
[0.20021035]
[0.29152637]
[0.15000096]
[0.22384017]
[0.24799654]
[0.15783055]
[0.29043977]
[0.29823865]
[0.17181562]
[0.23497102]
[0.11628179]
[0.29502602]
[0.13809477]
[0.05039565]
[0.26173354]
[0.19730235]
[0.24270342]
[0.07821345]
[0.0582406]
[0.17744074]
[0.06338179]
[0.22025224]
[0.2572117]
[0.21229846]
[0.2803432]
[0.28945058]
[0.05385166]
[0.27871975]
[0.25582172]
[0.11530742]
[0.29194815]
[0.09645162]
[0.07039879]
[0.25924123]
[0.27363214]
[0.18245149]
[0.28824606]
[0.23833705]
[0.28797367]
[0.1983106]
[0.07339045]
[0.19255973]
[0.27580339]
[0.20450876]
[0.11494741]
[0.2268508]
[0.23396944]
[0.28875438]
[0.244384]
[0.24641602]
[0.19864452]
[0.21810877]
[0.0590922]
[0.10973323]
[0.23390135]
[0.24422946]
[0.10748594]
[0.07338482]
[0.19158356]
[0.27421703]
[0.29095205]
[0.21313413]
[0.18511859]
[0.28873047]
[0.21378011]
[0.07049442]
[0.12194765]
[0.10897707]
[0.20474609]
[0.29354491]
[0.23569565]
[0.07639813]
[0.28905761]
[0.29133805]
[0.15920741]
[0.23650427]
[0.28505902]
[0.063147]
[0.08291246]
[0.2985838]
[0.07032242]
[0.08102139]
[0.15998439]
[0.29759151]
[0.29492278]
[0.11077782]
[0.06839355]
[0.27017305]
[0.12863467]
[0.17079974]
[0.17140713]
[0.16639922]
[0.26713835]
[0.25956634]
[0.15068398]
[0.10364842]
[0.28278394]
[0.23720228]
[0.26878307]
[0.07652501]
[0.24709157]
[0.21135877]
[0.179814]
[0.19543877]
[0.25033116]
[0.17189793]
[0.16908867]
[0.28210247]
[0.1219215]
[0.14099477]
[0.11759038]
[0.24246453]
[0.22988876]
[0.30178997]
[0.16625347]
[0.06190763]
[0.20933013]
[0.10612729]
[0.14056217]
[0.16840807]
[0.18049268]
[0.2295483]
[0.25787945]
[0.19153665]
[0.27032608]
[0.12150869]
[0.21612692]
[0.25456901]
[0.20147962]
[0.16223368]
[0.29885661]
[0.22703929]
[0.25028269]
[0.20077859]
[0.19492956]
[0.16465133]
[0.27652712]
[0.13123366]
[0.27939408]
[0.28226971]
[0.12258224]
[0.09277041]
[0.12619931]
[0.25373233]
[0.16482689]
[0.27143138]
[0.21273636]
[0.27814288]
[0.23921533]
[0.14979489]
[0.17754147]
[0.18481516]
[0.18540687]
[0.253484]
[0.25246863]
[0.24767101]
[0.20228781]
[0.0833953]
[0.30164186]
[0.19474968]
[0.26438152]
[0.13059976]
[0.09448936]
[0.05670661]
[0.29784728]
[0.26412351]
[0.23550813]
[0.22320485]
[0.16296659]
[0.05724016]
[0.26021022]
[0.20930592]
[0.25599293]
[0.0694822]
[0.07830269]
[0.08486029]
[0.22024296]
[0.15058766]
[0.19174209]
[0.25000421]
[0.25287852]
[0.23182796]
[0.2547954]
[0.069286]
[0.08870654]
[0.07446203]
[0.18278913]
[0.24289033]
[0.24767151]
[0.15840262]
[0.29410146]
[0.13137791]
[0.18500917]
[0.21283476]
[0.18193502]
[0.19842023]
[0.11573536]
[0.25945279]
[0.12847791]
[0.27227055]
[0.27677448]
[0.10591824]
[0.29673727]
[0.23463704]
[0.2459883]
[0.15998474]
[0.07730549]
[0.21078009]
[0.164013]
[0.0658386]
[0.17302313]
[0.11323445]
[0.25953676]
[0.12088161]
[0.076598]
[0.18913689]
[0.27363588]
[0.18021799]
[0.2608803]
[0.22346491]
[0.16262855]
[0.12692437]
[0.19332669]
[0.18532537]
[0.06161917]
[0.05551436]
[0.28320144]
[0.29300303]
[0.23324735]
[0.22880573]
[0.27374347]
[0.12917592]
[0.29695967]
[0.19045379]
[0.17581865]
[0.11901297]
[0.20038566]
[0.24717363]
[0.23955027]
[0.24367676]
[0.18514692]
[0.17364606]
[0.27058976]
[0.09858531]
[0.27223466]
[0.2088123]
[0.26995886]
[0.26664922]
[0.25379783]
[0.27584815]
[0.26683564]
[0.14710094]
[0.14692589]
[0.28709152]
[0.20347504]
[0.14871768]
[0.25437928]
[0.06380634]
[0.27844014]
[0.13479151]
[0.22038927]
[0.16472577]
[0.20423799]
[0.19032008]
[0.29290899]
[0.28862425]
[0.08955251]
[0.14221589]
[0.20754598]
[0.09701339]
[0.24828274]
[0.26008267]
[0.06742575]
[0.20784375]
[0.28986341]
[0.28723387]
[0.17183873]
[0.14036095]
[0.27342582]
[0.2311346]
[0.28963294]
[0.13703043]
[0.25517601]
[0.22762323]
[0.19815206]
[0.29225756]
[0.08315691]
[0.26387152]
[0.20729189]
[0.07701709]
[0.05310043]
[0.09475082]
[0.29554553]
[0.18364927]
[0.22244299]
[0.22944363]
[0.1070975]
[0.28004938]
[0.09393853]
[0.12215894]
[0.173493]
[0.24817282]
[0.17594333]
[0.21103405]
[0.30045484]
[0.22920624]
[0.19665108]
[0.20512902]
[0.24825135]
[0.2490749]
[0.13575218]
[0.29605993]
[0.07161081]
[0.27267755]
[0.15277061]
[0.28274759]
[0.2805473]
[0.25351984]
[0.26419869]
[0.29948391]
[0.08196105]
[0.17201105]
[0.29926772]
[0.28478056]
[0.23834995]
[0.23685143]
[0.06730684]
[0.14348634]
[0.15776306]
[0.05246216]
[0.18887744]
[0.18596884]
[0.26146545]
[0.22823522]
[0.27650386]
[0.22717385]
[0.28688613]
[0.27071914]
[0.22224854]
[0.0525515]
[0.22985883]
[0.13794588]
[0.12987903]
[0.28181194]
[0.11819068]
[0.24554786]
[0.21030093]
[0.1501532]
[0.18441707]
[0.10867703]
[0.08441502]
[0.13419196]
[0.20917124]
[0.13012628]
[0.14313755]
[0.189553]
[0.13797971]
[0.08299148]
[0.28095072]
[0.23656519]
[0.18258902]
[0.28220576]
[0.11682613]
[0.23394642]
[0.23946511]
[0.27532219]
[0.27875688]
[0.10456654]
[0.11355441]
[0.26467723]
[0.19858289]
[0.17724967]
[0.21946546]
[0.2603276]
[0.05749115]
[0.18260596]
[0.13695687]
[0.0975869]
[0.29913254]
[0.23784967]
[0.18055361]
[0.05866083]
[0.15054038]
[0.28124839]
[0.27636747]
[0.20625596]
[0.16529398]
[0.14760537]
[0.16891047]
[0.17458829]
[0.27096366]
[0.28812624]
[0.17466414]
[0.18997742]
[0.28901479]
[0.24729262]
[0.19566011]
[0.11342263]
[0.27337284]
[0.24770488]
[0.27939682]
[0.27266765]
[0.27643838]
[0.25700866]
[0.13084446]
[0.23992388]
[0.21209697]
[0.27584145]
[0.13601266]
[0.13882088]
[0.10235083]
[0.19291333]
[0.26301768]
[0.27787746]
[0.25325967]
[0.23875892]
[0.28672257]
[0.14859911]
[0.21450881]
[0.30046849]
[0.22698252]
[0.28643698]
[0.23559752]
[0.21172154]
[0.23748335]
[0.17592402]
[0.28287124]
[0.17257765]
[0.1217603]
[0.16724532]
[0.24165257]
[0.28609502]
[0.26276929]
[0.24888911]
[0.24025319]
[0.18321065]
[0.23290076]
[0.20338143]
[0.2189878]
[0.25078722]
[0.21377021]
[0.21239493]
[0.23371995]
[0.18404529]
[0.276015]
[0.24824951]
[0.29052979]
[0.23390161]
[0.14623384]
[0.16646973]
[0.2476233]
[0.29284722]
[0.16097755]
[0.19778909]
[0.13667023]
[0.1071532]
[0.08502592]
[0.26927868]
[0.23355027]
[0.15172556]
[0.18139342]
[0.06508684]
[0.25013327]
[0.12898554]
[0.28862319]
[0.18952573]
[0.17537897]
[0.18921763]
[0.2851595]
[0.12862374]
[0.13577799]
[0.13647256]
[0.1822954]
[0.13753049]
[0.30142608]
[0.07820262]
[0.11596203]
[0.2241879]
[0.22472259]
[0.20543518]
[0.19925781]
[0.29045484]
[0.08607944]
[0.24667801]
[0.23400872]
[0.19650494]
[0.07069365]
[0.0691303]
[0.2999907]
[0.24539864]
[0.2920074]
[0.16590454]
[0.16128762]
[0.20680224]
[0.28425204]
[0.24725946]
[0.15838338]
[0.24631633]
[0.25864202]
[0.28610081]
[0.27245726]
[0.14342543]
[0.063132]
[0.06380803]
[0.20870863]
[0.28709361]
[0.12032504]
[0.06561445]
[0.25170613]
[0.2734952]
[0.1673183]
[0.1119578]
[0.22292853]
[0.27530157]
[0.29243889]
[0.24230122]
[0.09035757]
[0.05757741]
[0.20929968]
[0.24471916]
[0.20639675]
[0.14487497]
[0.10744561]
[0.25302382]
[0.1751809]
[0.06696261]
[0.15517741]
[0.25808619]
[0.19118284]
[0.17394502]
[0.13769456]
[0.25464183]
[0.21748516]
[0.187767]
[0.0916674]
[0.26791246]
[0.2597125]
[0.22955228]
[0.24041454]
[0.24722274]
[0.23740516]
[0.13461657]
[0.23526907]
[0.18839536]
[0.15999399]
[0.29014035]
[0.19346809]
[0.14484665]
[0.09772756]
[0.28148818]
[0.14294548]
[0.11994302]
[0.16474772]
[0.05398197]
[0.20422861]
[0.05328296]
[0.16169603]
[0.28904101]
[0.11383038]
[0.11689044]
[0.1240511]
[0.2489105]
[0.264269]
[0.07706507]
[0.27511791]
[0.1860213]
[0.23287497]
[0.17567279]
[0.20505008]
[0.1373114]
[0.08770739]
[0.06057166]
[0.28532262]
[0.29919107]
[0.19647045]
[0.22143781]
[0.25932791]
[0.24699721]
[0.25656103]
[0.11521934]
[0.17730568]
[0.07473881]
[0.12514092]
[0.15433454]
[0.27795646]
[0.26276123]
[0.26159125]
[0.2294607]
[0.20093873]
[0.29654195]
[0.11068757]
[0.09394678]
[0.24479997]
[0.23441592]
[0.14842263]
[0.27272488]
[0.24088853]
[0.2573948]
[0.25143856]
[0.27559521]
[0.27273813]
[0.19826652]
[0.2483871]
[0.28993074]
[0.16340433]
[0.29006876]
[0.22221413]
[0.13015127]
[0.20542038]
[0.2905858]
[0.17333791]
[0.2547942]
[0.22800994]
[0.27531582]
[0.18700713]
[0.06461326]
[0.2137179]
[0.08769015]
[0.14723354]
[0.28157924]
[0.2002139]
[0.11545494]
[0.09302422]
[0.2804201]
[0.10714606]
[0.06569484]
[0.25339892]
[0.07182908]
[0.17881162]
[0.2437409]
[0.261058]
[0.26576103]
[0.14458825]
[0.30100799]
[0.06679481]
[0.19329705]
[0.06968173]
[0.15137097]
[0.10482433]
[0.0609791]
[0.27519782]
[0.13416064]
[0.10360858]
[0.27475565]
[0.23803295]
[0.25251982]
[0.12371667]
[0.15883304]
[0.29048703]
[0.09488109]
[0.2887115]
[0.23079134]
[0.05948624]
[0.25120678]
[0.19358301]
[0.11922716]
[0.27642635]
[0.25736921]
[0.26996437]
[0.1926728]
[0.10149572]
[0.08895336]
[0.09670235]
[0.24539505]
[0.18014801]
[0.16882381]
[0.29521932]
[0.29433958]
[0.30015829]
[0.19345622]
[0.19494285]
[0.15589389]
[0.28548696]
[0.11132317]
[0.28977948]
[0.27998737]
[0.25547337]
[0.14160893]
[0.23530481]
[0.07108453]
[0.27817548]
[0.28831958]
[0.18692277]
[0.26417039]
[0.09218759]
[0.20233226]
[0.07538194]
[0.20206831]
[0.0940825]
[0.11762907]
[0.07677462]
[0.12772681]
[0.11658162]
[0.24069124]
[0.13184053]
[0.18311821]
[0.26188892]
[0.07775763]
[0.09366808]
[0.29044372]
[0.29116631]
[0.17971916]
[0.26511936]
[0.22382801]
[0.21232983]
[0.06910135]
[0.22886562]
[0.14587171]
[0.27923069]
[0.19033545]
[0.28143037]
[0.1905157]
[0.29356145]
[0.28111785]
[0.26157886]
[0.18360902]
[0.20546381]
[0.25134774]
[0.16713421]
[0.05227759]
[0.18336943]
[0.14294308]
[0.15518996]
[0.16874925]
[0.0817293]
[0.16167686]
[0.21655549]
[0.09771705]
[0.28303915]
[0.25700258]
[0.17061062]
[0.28715964]
[0.15400667]
[0.21474822]
[0.29965575]
[0.09536778]
[0.2290719]
[0.24720305]
[0.26033315]
[0.19748077]
[0.17714536]
[0.20658501]
[0.1223175]
[0.16737034]
[0.14740739]
[0.0944738]
[0.10988867]
[0.08987044]
[0.0978897]
[0.29031381]
[0.05515274]
[0.14573683]
[0.18954662]
[0.06233832]
[0.13182499]
[0.21505482]
[0.08748439]
[0.2951621]
[0.19805676]
[0.27143695]
[0.26444663]
[0.19309585]
[0.20652844]
[0.09478112]
[0.25566455]
[0.09414685]
[0.10782369]
[0.14391181]
[0.14390004]
[0.20283324]
[0.15961624]
[0.19252277]
[0.17983135]
[0.21009964]
[0.24658524]
[0.09201807]
[0.27039776]
[0.27423544]
[0.220884]
[0.26692332]
[0.20942483]
[0.23005246]
[0.07269186]
[0.22951642]
[0.2654195]
[0.21296683]
[0.22074921]
[0.10312324]
[0.14849487]
[0.26468249]
[0.26408188]
[0.17685972]
[0.21080239]
[0.18360977]
[0.20908886]
[0.08842079]
[0.22082736]
[0.07074873]
[0.1728884]
[0.23387374]
[0.10831603]
[0.16356531]
[0.08718942]
[0.18319038]
[0.10445275]
[0.26135903]
[0.26287098]
[0.17491735]
[0.09638505]
[0.0883454]
[0.2592922]
[0.16224551]
[0.11112663]
[0.15963841]
[0.28623817]
[0.26796708]
[0.29038401]
[0.24823743]
[0.27044281]
[0.17522903]
[0.25005218]
[0.07792035]
[0.20775184]
[0.20197411]
[0.24430496]
[0.13383135]
[0.18054006]
[0.2865839]
[0.16498699]
[0.21036216]
[0.28290346]
[0.1114351]
[0.16644236]
[0.19070493]
[0.18727136]
[0.21302816]
[0.24516035]
[0.27946417]
[0.28804305]
[0.19335502]
[0.271972]
[0.27731617]
[0.12075046]
[0.26946036]
[0.15396327]
[0.18908458]
[0.0824818]
[0.07099452]
[0.2981781]
[0.29739415]
[0.2495133]
[0.27748872]
[0.10541777]
[0.29817487]
[0.27183754]
[0.30009647]
[0.26434393]
[0.28515463]
[0.19460444]
[0.26088955]
[0.05218644]
[0.22019874]
[0.25748077]
[0.06863624]
[0.26113826]
[0.09796101]
[1] 5000   11
[1] 5000   11
[0.24640148]
