LOADING R
R LOADED
[1] "/home/lvanderl/Rlibs2"                         
[2] "/app/software/R/4.3.1-gfbf-2022b/lib/R/library"
[1] "/home/lvanderl/sieveSims"
[1] "xg 2 1"
[1] 0.06352974
[1] 0.06352974
[1] 0.06352974
17.244897959183675
[0.11487598]
[0.1238387]
[0.11392136]
[0.10797278]
[0.14650249]
[0.11353729]
[0.12766039]
[0.12891474]
[0.12906147]
[0.12593397]
[0.12819516]
[0.12832105]
[0.1480629]
[0.11961025]
[0.12528526]
[0.12689905]
[0.12510056]
[0.13238829]
[0.1232158]
[0.13576696]
[0.12501297]
[0.11968388]
[0.14360929]
[0.12794657]
[0.14070724]
[0.13306362]
[0.11451644]
[0.13072918]
[0.13051086]
[0.12485099]
[0.14254613]
[0.12070224]
[0.13215184]
[0.1318628]
[0.13053182]
[0.12447728]
[0.13846698]
[0.12807761]
[0.12954492]
[0.12652706]
[0.13210746]
[0.12972452]
[0.12621531]
[0.12798138]
[0.13034374]
[0.12848885]
[0.13207546]
[0.13149893]
[0.11540825]
[0.13208077]
[0.13072618]
[0.12882615]
[0.1490227]
[0.13298652]
[0.1253305]
[0.1213523]
[0.13050045]
[0.13060678]
[0.12095999]
[0.13397476]
[0.12182866]
[0.12547962]
[0.12081011]
[0.12609978]
[0.12315982]
[0.12822673]
[0.13243382]
[0.12902137]
[0.12439243]
[0.12960451]
[0.12892933]
[0.13256842]
[0.1281173]
[0.12465498]
[0.11800387]
[0.1259871]
[0.12966907]
[0.12719611]
[0.11493277]
[0.12904645]
[0.13089503]
[0.13354276]
[0.12066955]
[0.12613894]
[0.133134]
[0.12625586]
[0.13544681]
[0.12999092]
[0.12112289]
[0.12040874]
[0.11861215]
[0.13556136]
[0.1260437]
[0.12161197]
[0.14629155]
[0.12048957]
[0.12910802]
[0.11883037]
[0.11981256]
[0.11917927]
[0.12952962]
[0.12150709]
[0.12974208]
[0.13263212]
[0.1291239]
[0.12844268]
[0.12609115]
[0.1323643]
[0.11561614]
[0.1324836]
[0.12535507]
[0.1088439]
[0.13243921]
[0.12181759]
[0.13244526]
[0.12287648]
[0.13223347]
[0.12872554]
[0.13224367]
[0.12322347]
[0.1310924]
[0.11650709]
[0.12848771]
[0.12582171]
[0.12123381]
[0.12730175]
[0.12873034]
[0.12776647]
[0.11833798]
[0.12568229]
[0.12129534]
[0.13071609]
[0.13024389]
[0.12727396]
[0.1288484]
[0.13526863]
[0.13085914]
[0.12943871]
[0.1349698]
[0.12829571]
[0.12080718]
[0.13046772]
[0.12038512]
[0.12910836]
[0.12246334]
[0.13346101]
[0.11379915]
[0.12980163]
[0.12862882]
[0.12753364]
[0.11823815]
[0.13175604]
[0.1315371]
[0.14371352]
[0.12474237]
[0.12992562]
[0.13075295]
[0.13189392]
[0.12202529]
[0.12739412]
[0.12863378]
[0.12616034]
[0.11728225]
[0.12656092]
[0.13102531]
[0.1290723]
[0.13215493]
[0.12394737]
[0.12998406]
[0.12852918]
[0.12899122]
[0.14835623]
[0.13237331]
[0.13321454]
[0.14961592]
[0.13052011]
[0.12607541]
[0.12941556]
[0.1172985]
[0.12671719]
[0.13328172]
[0.11561298]
[0.14855673]
[0.13526968]
[0.1299073]
[0.11840513]
[0.12884506]
[0.13068879]
[0.12885169]
[0.12977937]
[0.11891853]
[0.1156791]
[0.13561594]
[0.11796322]
[0.11688218]
[0.1315753]
[0.13288822]
[0.14191547]
[0.11714977]
[0.12797189]
[0.131259]
[0.1306691]
[0.12892142]
[0.12355186]
[0.12509325]
[0.14665718]
[0.13065962]
[0.11247143]
[0.12218744]
[0.12296565]
[0.13068459]
[0.12907944]
[0.10269685]
[0.13532311]
[0.14836392]
[0.12196866]
[0.12386973]
[0.13535207]
[0.12675246]
[0.12418589]
[0.1259495]
[0.12803072]
[0.13299805]
[0.11833618]
[0.1180527]
[0.1321519]
[0.14895778]
[0.1345873]
[0.1157432]
[0.14961673]
[0.12469079]
[0.1253461]
[0.11904663]
[0.13307186]
[0.13320669]
[0.12584975]
[0.13152598]
[0.11717803]
[0.13340988]
[0.13026821]
[0.13486613]
[0.12750824]
[0.12358391]
[0.12742725]
[0.13549189]
[0.1245973]
[0.11933122]
[0.13233499]
[0.13104313]
[0.12416954]
[0.12374184]
[0.12774682]
[0.11982207]
[0.12893064]
[0.12066789]
[0.14872107]
[0.12788349]
[0.12931385]
[0.13169298]
[0.12869895]
[0.11531124]
[0.13023175]
[0.11981341]
[0.10675291]
[0.12935907]
[0.12925028]
[0.1295433]
[0.13536922]
[0.12511636]
[0.12785875]
[0.13069556]
[0.14861147]
[0.12919134]
[0.12264511]
[0.12558006]
[0.11759948]
[0.12455704]
[0.12650391]
[0.12421859]
[0.12890021]
[0.14936197]
[0.12278122]
[0.13256334]
[0.1287312]
[0.13058705]
[0.12774363]
[0.12498659]
[0.12649839]
[0.13199661]
[0.1330858]
[0.12977717]
[0.12322347]
[0.12944293]
[0.14432209]
[0.12751589]
[0.12872848]
[0.12547013]
[0.1353972]
[0.13106648]
[0.1293737]
[0.12871471]
[0.13110545]
[0.12212853]
[0.13322983]
[0.13304918]
[0.13295207]
[0.13127561]
[0.14952286]
[0.13079639]
[0.12814208]
[0.13541411]
[0.11859711]
[0.12999224]
[0.12831531]
[0.14906391]
[0.1244477]
[0.12813227]
[0.12448201]
[0.12820553]
[0.14370883]
[0.12088413]
[0.13127669]
[0.12329965]
[0.13333999]
[0.13272274]
[0.1300903]
[0.13303286]
[0.12911484]
[0.14809898]
[0.12531502]
[0.11734234]
[0.13040804]
[0.12958397]
[0.11811565]
[0.13125057]
[0.12973175]
[0.11852853]
[0.12755263]
[0.12356583]
[0.13044047]
[0.10187198]
[0.12782347]
[0.11767995]
[0.12503609]
[0.12927745]
[0.12517838]
[0.12895557]
[0.11882504]
[0.12974917]
[0.11748399]
[0.12489487]
[0.13030012]
[0.12920093]
[0.12192483]
[0.11738921]
[0.14737115]
[0.12355294]
[0.12577319]
[0.13622863]
[0.12475628]
[0.1282486]
[0.12750493]
[0.12505778]
[0.12431941]
[0.11149397]
[0.11178632]
[0.12951939]
[0.12834148]
[0.11817169]
[0.12151873]
[0.12982505]
[0.13346644]
[0.12494655]
[0.12979274]
[0.12145889]
[0.12692326]
[0.13301657]
[0.12643699]
[0.12790337]
[0.12948165]
[0.12625535]
[0.12186377]
[0.13027858]
[0.13296435]
[0.12987184]
[0.1428988]
[0.14912202]
[0.13117907]
[0.12956201]
[0.12342489]
[0.12871383]
[0.13087617]
[0.13119429]
[0.13144342]
[0.11693726]
[0.11872301]
[0.12998551]
[0.12631985]
[0.12374893]
[0.13054103]
[0.12753148]
[0.12691834]
[0.12994611]
[0.1106268]
[0.12667487]
[0.14760525]
[0.13310055]
[0.12082674]
[0.12287554]
[0.13022087]
[0.11605282]
[0.12459667]
[0.12677375]
[0.12962289]
[0.12623438]
[0.12972939]
[0.12432637]
[0.12374753]
[0.12553093]
[0.13339128]
[0.12611084]
[0.11915282]
[0.12488957]
[0.12490074]
[0.12975295]
[0.13346889]
[0.1283868]
[0.11866301]
[0.11334926]
[0.13528204]
[0.11704069]
[0.13083436]
[0.13328477]
[0.14893055]
[0.12498544]
[0.12901159]
[0.12869711]
[0.12520582]
[0.12474893]
[0.13463717]
[0.12955933]
[0.1308252]
[0.11774037]
[0.1282089]
[0.13287789]
[0.13105522]
[0.12546447]
[0.13070466]
[0.12831379]
[0.12498115]
[0.12470194]
[0.13505162]
[0.11783179]
[0.13191511]
[0.11943617]
[0.12576715]
[0.127567]
[0.13287382]
[0.13827199]
[0.12839129]
[0.12760281]
[0.12076646]
[0.12962792]
[0.13335296]
[0.12360978]
[0.13080923]
[0.13635291]
[0.13214914]
[0.12935615]
[0.12824506]
[0.11616819]
[0.13341209]
[0.12774199]
[0.11779701]
[0.12615584]
[0.12546811]
[0.13552618]
[0.12945495]
[0.12802946]
[0.13021974]
[0.14859142]
[0.13160432]
[0.13554927]
[0.13052914]
[0.12543013]
[0.11828461]
[0.13578154]
[0.12245125]
[0.1260222]
[0.12343074]
[0.14956445]
[0.13009204]
[0.14932951]
[0.11623505]
[0.14883098]
[0.13271088]
[0.12882183]
[0.1360864]
[0.13183316]
[0.12777013]
[1] 2500   11
[1] 2500   11
