LOADING R
R LOADED
[1] "/home/lvanderl/Rlibs2"                         
[2] "/app/software/R/4.3.1-gfbf-2022b/lib/R/library"
[1] "/home/lvanderl/sieveSims"
[1] "gam 3 1"
[1] "histogram binning"
[1] 0.3554717
[1] 0.3554717
[1] "mondrian"
[1] "iso"
[1] 0.3554717
[1] "conditional"
[   10.            11.51395399    13.25711366    15.26417967
    17.57510625    20.23589648    23.29951811    26.82695795
    30.88843596    35.56480306    40.94915062    47.14866363
    54.28675439    62.50551925    71.9685673     82.86427729
    95.40954763   109.8541142    126.48552169   145.63484775
   167.68329368   193.06977289   222.29964825   255.95479227
   294.70517026   339.32217719   390.69399371   449.8432669
   517.94746792   596.36233166   686.648845     790.60432109
   910.29817799  1048.11313415  1206.79264064  1389.49549437
  1599.85871961  1842.06996933  2120.95088792  2442.05309455
  2811.76869797  3237.45754282  3727.59372031  4291.93426013
  4941.71336132  5689.86602902  6551.2855686   7543.12006335
  8685.11373751 10000.        ]
[ 0.08408383  0.07557069  0.07770657  0.0762086   0.07601611  0.07941212
  0.08606039  0.09541795  0.08267682  0.08578244  0.09941219  0.1017505
  0.10103442  0.10658699  0.12050179  0.14495915  0.15669179  0.16170147
  0.1930009   0.1699791   0.28087486  0.22057642  0.34255866  0.30298846
  0.46546735  0.53052165  0.55878422  0.53326871  0.71761499  0.61345687
  0.60429951  0.68818809  1.11998212  1.33913592  1.17919642  1.85415926
  1.89105478  2.0619733   2.19189122  2.89360438  3.65836612  3.78465675
  4.42328238  5.19165389  4.81063926  6.05486674  6.43164391  7.20297418
  8.48347563 11.55914407]
11.513953993264476
0.08685113737513524
0
[0.07716582]
1
[0.15164747]
2
[0.13926885]
3
[0.10023458]
4
[0.1271046]
5
[0.10450783]
6
[0.06303464]
7
[0.16266643]
8
[0.16057473]
9
[0.0617257]
10
[0.11743704]
11
[0.11683141]
12
[0.14769197]
13
[0.13779043]
14
[0.12261461]
15
[0.0740738]
16
[0.07214454]
17
[0.06735865]
18
[0.05004733]
19
[0.09625964]
20
[0.13010832]
21
[0.07592449]
22
[0.11293505]
23
[0.07612656]
24
[0.0578692]
25
[0.09785626]
26
[0.12385292]
27
[0.13412209]
28
[0.12405873]
29
[0.06769796]
30
[0.16607653]
31
[0.08304497]
32
[0.10958118]
33
[0.12813121]
34
[0.16351211]
35
[0.09242466]
36
[0.12777853]
37
[0.1355376]
38
[0.06739984]
39
[0.09648933]
40
[0.08214948]
41
[0.05953181]
42
[0.07579844]
43
[0.08364435]
44
[0.04107063]
45
[0.11144854]
46
[0.07659701]
47
[0.1901652]
48
[0.10445669]
49
[0.06648182]
50
[0.09467034]
51
[0.14737973]
52
[0.10686088]
53
[0.04567114]
54
[0.16760723]
55
[0.16283458]
56
[0.06624576]
57
[0.09673613]
58
[0.05713149]
59
[0.10877166]
60
[0.08149898]
61
[0.12961082]
62
[0.09499655]
63
[0.10877549]
64
[0.09222421]
65
[0.20994648]
66
[0.0749645]
67
[0.15266776]
68
[0.07478739]
69
[0.09087906]
70
[0.18140967]
71
[0.11159082]
72
[0.13806476]
73
[0.1241169]
74
[0.06543208]
75
[0.09683529]
76
[0.13217474]
77
[0.10304979]
78
[0.16793195]
79
[0.10673358]
80
[0.1160408]
81
[0.06449394]
82
[0.06504084]
83
[0.11298115]
84
[0.13556876]
85
[0.10002301]
86
[0.07923241]
87
[0.11072389]
88
[0.07669351]
89
[0.11026353]
90
[0.16514879]
91
[0.1981539]
92
[0.0754762]
93
[0.12242568]
94
[0.14184822]
95
[0.11593152]
96
[0.08507844]
97
[0.14920546]
98
[0.11211144]
99
[0.08194025]
100
[0.23379589]
101
[0.06745073]
102
[0.10061999]
103
[0.19245971]
104
[0.07092653]
105
[0.1287765]
106
[0.22027023]
107
[0.09711133]
108
[0.14041986]
109
[0.07901202]
110
[0.11613702]
111
[0.14535313]
112
[0.11137234]
113
[0.0803132]
114
[0.09344669]
115
[0.1091394]
116
[0.0823922]
117
[0.13256201]
118
[0.14087567]
119
[0.1359979]
120
[0.09896391]
121
[0.15303932]
122
[0.0758316]
123
[0.09948054]
124
[0.15771547]
125
[0.12256286]
126
[0.07585217]
127
[0.08263034]
128
[0.08411385]
129
[0.0849281]
130
[0.08109113]
131
[0.07476404]
132
[0.05922268]
133
[0.06445928]
134
[0.18179235]
135
[0.08968871]
136
[0.07673002]
137
[0.11893113]
138
[0.07061938]
139
[0.08392833]
140
[0.14431253]
141
[0.07550838]
142
[0.15640811]
143
[0.05683912]
144
[0.07072385]
145
[0.19604321]
146
[0.13284946]
147
[0.18983482]
148
[0.12479466]
149
[0.0628253]
150
[0.09576186]
151
[0.06719493]
152
[0.05873509]
153
[0.09326339]
154
[0.087608]
155
[0.20200098]
156
[0.09443957]
157
[0.06668582]
158
[0.15247667]
159
[0.15415067]
160
[0.06584084]
161
[0.08843777]
162
[0.0619902]
163
[0.17861141]
164
[0.23294963]
165
[0.10208727]
166
[0.08604202]
167
[0.20718239]
168
[0.0792533]
169
[0.07776444]
170
[0.06357177]
171
[0.14511837]
172
[0.10505902]
173
[0.09339633]
174
[0.06102843]
175
[0.11953348]
176
[0.05967432]
177
[0.19464257]
178
[0.07964361]
179
[0.1862608]
180
[0.06123755]
181
[0.09179952]
182
[0.13438406]
183
[0.17667018]
184
[0.23866674]
185
[0.08706669]
186
[0.11074917]
187
[0.17010916]
188
[0.22304746]
189
[0.17827118]
190
[0.14003169]
191
[0.21630499]
192
[0.06060154]
193
[0.10705336]
194
[0.07756845]
195
[0.10399007]
196
[0.13676472]
197
[0.09726728]
198
[0.15610921]
199
[0.05607544]
200
[0.08119281]
201
[0.20945654]
202
[0.07996093]
203
[0.07987393]
204
[0.10692841]
205
[0.08126385]
206
[0.09416769]
207
[0.11809641]
208
[0.07459947]
209
[0.18423297]
210
[0.18397129]
211
[0.10459024]
212
[0.23099103]
213
[0.13463001]
214
[0.13066807]
215
[0.09529828]
216
[0.11272986]
217
[0.10803463]
218
[0.11701271]
219
[0.08536609]
220
[0.10759362]
221
[0.10180035]
222
[0.11600783]
223
[0.09946785]
224
[0.21244551]
225
[0.08572854]
226
[0.10374576]
227
[0.22823471]
228
[0.07002787]
229
[0.08093746]
230
[0.05742795]
231
[0.20604211]
232
[0.17006154]
233
[0.06785203]
234
[0.05361855]
235
[0.13399402]
236
[0.10907951]
237
[0.0831639]
238
[0.06885194]
239
[0.10564418]
240
[0.15842969]
241
[0.13030753]
242
[0.10955892]
243
[0.10634079]
244
[0.09741457]
245
[0.06583942]
246
[0.11245297]
247
[0.10486988]
248
[0.23147736]
249
[0.19961464]
250
[0.08854146]
251
[0.12302373]
252
[0.13252844]
253
[0.15503586]
254
[0.11061409]
255
[0.13772438]
256
[0.15167206]
257
[0.13433483]
258
[0.08208205]
259
[0.1381856]
260
[0.12593072]
261
[0.10531698]
262
[0.11182273]
263
[0.08004419]
264
[0.07883936]
265
[0.15495827]
266
[0.0670653]
267
[0.1286355]
268
[0.09513402]
269
[0.11821713]
270
[0.1217875]
271
[0.21447659]
272
[0.09682866]
273
[0.08974607]
274
[0.06423901]
275
[0.1268612]
276
[0.08673319]
277
[0.06860166]
278
[0.04244612]
279
[0.09041581]
280
[0.07330652]
281
[0.21223722]
282
[0.07143477]
283
[0.11656891]
284
[0.09794484]
285
[0.1469626]
286
[0.16018652]
287
[0.10202248]
288
[0.09795092]
289
[0.15837399]
290
[0.17118723]
291
[0.10535702]
292
[0.1480259]
293
[0.10083024]
294
[0.10693001]
295
[0.14036185]
296
[0.07509388]
297
[0.0572326]
298
[0.10464611]
299
[0.09370986]
300
[0.10330559]
301
[0.0837716]
302
[0.11066295]
303
[0.17747688]
304
[0.13830125]
305
[0.09592711]
306
[0.16385362]
307
[0.12423062]
308
[0.06395468]
309
[0.06583741]
310
[0.1592757]
311
[0.08216635]
312
[0.07345183]
313
[0.2164261]
314
[0.18174234]
315
[0.07009628]
316
[0.22788815]
317
[0.14004193]
318
[0.14391065]
319
[0.06902577]
320
[0.17268402]
321
[0.11544642]
322
[0.18426539]
323
[0.04416279]
324
[0.11600348]
325
[0.07282331]
326
[0.05942704]
327
[0.08866195]
328
[0.16186488]
329
[0.06424754]
330
[0.08897858]
331
[0.14120193]
332
[0.08846766]
333
[0.118962]
334
[0.11059928]
335
[0.23253957]
336
[0.120264]
337
[0.09615231]
338
[0.2012743]
339
[0.07734982]
340
[0.09928429]
341
[0.09825224]
342
[0.09623024]
343
[0.10364821]
344
[0.06042003]
345
[0.13710799]
346
[0.08919967]
347
[0.06326054]
348
[0.09973665]
349
[0.08472039]
350
[0.08857008]
351
[0.05956664]
352
[0.23340701]
353
[0.13487209]
354
[0.10243018]
355
[0.20865117]
356
[0.07583912]
357
[0.18409637]
358
[0.07850149]
359
[0.08992746]
360
[0.0779758]
361
[0.20738469]
362
[0.10229201]
363
[0.16217746]
364
[0.14975271]
365
[0.0920937]
366
[0.0653016]
367
[0.07387287]
368
[0.16597207]
369
[0.05548869]
370
[0.08853935]
371
[0.13074431]
372
[0.12928793]
373
[0.06041485]
374
[0.10974675]
375
[0.12998471]
376
[0.05346592]
377
[0.07579395]
378
[0.10973255]
379
[0.13118685]
380
[0.07134864]
381
[0.10062235]
382
[0.08508287]
383
[0.06614403]
384
[0.09291907]
385
[0.08986533]
386
[0.08707692]
387
[0.14093304]
388
[0.13473114]
389
[0.08919087]
390
[0.13024398]
391
[0.13739496]
392
[0.18623758]
393
[0.05997783]
394
[0.12754844]
395
[0.17668477]
396
[0.09265659]
397
[0.21217789]
398
[0.15669002]
399
[0.21653378]
400
[0.10106556]
401
[0.12512862]
402
[0.1061267]
403
[0.11432775]
404
[0.09264375]
405
[0.09964197]
406
[0.12147414]
407
[0.06665901]
408
[0.06289248]
409
[0.07404546]
410
[0.06238567]
411
[0.12128043]
412
[0.13791811]
413
[0.09196245]
414
[0.07158622]
415
[0.10852169]
416
[0.10394384]
417
[0.14098193]
418
[0.12636957]
419
[0.21780829]
420
[0.07996713]
421
[0.1337495]
422
[0.08498109]
423
[0.12062234]
424
[0.0936693]
425
[0.12688145]
426
[0.04884838]
427
[0.09198635]
428
[0.05629287]
429
[0.14384826]
430
[0.13232735]
431
[0.0554461]
432
[0.13341828]
433
[0.10424391]
434
[0.17331379]
435
[0.09665887]
436
[0.12875805]
437
[0.18342283]
438
[0.0963877]
439
[0.1378737]
440
[0.1133628]
441
[0.16455463]
442
[0.1135184]
443
[0.10319249]
444
[0.23431962]
445
[0.08238401]
446
[0.08740946]
447
[0.1431787]
448
[0.07530849]
449
[0.08645411]
450
[0.13066017]
451
[0.15584163]
452
[0.08129674]
453
[0.19434977]
454
[0.08314186]
455
[0.06845896]
456
[0.08075632]
457
[0.08052416]
458
[0.15312565]
459
[0.13531928]
460
[0.09105354]
461
[0.07224516]
462
[0.09917001]
463
[0.08122834]
464
[0.07501858]
465
[0.07546271]
466
[0.11563249]
467
[0.08519646]
468
[0.12053292]
469
[0.1626714]
470
[0.22397537]
471
[0.09386315]
472
[0.10156052]
473
[0.07887757]
474
[0.07961024]
475
[0.06105519]
476
[0.07507743]
477
[0.10007196]
478
[0.07539727]
479
[0.04774314]
480
[0.15584513]
481
[0.19182642]
482
[0.24039941]
483
[0.0833616]
484
[0.17674028]
485
[0.12230794]
486
[0.07103051]
487
[0.11400197]
488
[0.0891055]
489
[0.0961145]
490
[0.11097767]
491
[0.15052399]
492
[0.10523129]
493
[0.16024708]
494
[0.08335346]
495
[0.10613864]
496
[0.0761885]
497
[0.19616288]
498
[0.11097562]
499
[0.17327969]
500
[0.05790296]
501
[0.13958421]
502
[0.11307134]
503
[0.07480152]
504
[0.07165054]
505
[0.09383188]
506
[0.1331765]
507
[0.10799559]
508
[0.06104388]
509
[0.08120981]
510
[0.13746723]
511
[0.0849287]
512
[0.16590141]
513
[0.10288388]
514
[0.09163369]
515
[0.13140818]
516
[0.08252447]
517
[0.09882896]
518
[0.10272414]
519
[0.15329516]
520
[0.13035408]
521
[0.16202113]
522
[0.15499067]
523
[0.15391916]
524
[0.05717546]
525
[0.10351499]
526
[0.0731374]
527
[0.10259961]
528
[0.13623411]
529
[0.06148974]
530
[0.14088147]
531
[0.11085718]
532
[0.1326165]
533
[0.04812425]
534
[0.11968424]
535
[0.08144353]
536
[0.11162511]
537
[0.07482226]
538
[0.07598742]
539
[0.10097739]
540
[0.12625237]
541
[0.10548039]
542
[0.06659045]
543
[0.06323386]
544
[0.08930642]
545
[0.18616873]
546
[0.10959218]
547
[0.09988788]
548
[0.13473419]
549
[0.10216398]
550
[0.11742564]
551
[0.08796882]
552
[0.12520977]
553
[0.09210033]
554
[0.07161893]
555
[0.08607805]
556
[0.10284481]
557
[0.08647274]
558
[0.15755683]
559
[0.11760241]
560
[0.09314375]
561
[0.15171443]
562
[0.14424754]
563
[0.15399679]
564
[0.08974509]
565
[0.1221207]
566
[0.08693444]
567
[0.21281861]
568
[0.21613902]
569
[0.05607268]
570
[0.16465779]
571
[0.16457325]
572
[0.18671204]
573
[0.09628331]
574
[0.06346069]
575
[0.07926898]
576
[0.08830732]
577
[0.08343255]
578
[0.10294028]
579
[0.10870373]
580
[0.07991347]
581
[0.11022462]
582
[0.07367597]
583
[0.09175659]
584
[0.06391489]
585
[0.1810397]
586
[0.11161605]
587
[0.13895352]
588
[0.07929195]
589
[0.153849]
590
[0.07374036]
591
[0.10586887]
592
[0.1844746]
593
[0.14076076]
594
[0.09541121]
595
[0.09252519]
596
[0.14795525]
597
[0.12426471]
598
[0.08676194]
599
[0.14991814]
600
[0.04400501]
601
[0.109378]
602
[0.06550615]
603
[0.20982894]
604
[0.08037954]
605
[0.06986538]
606
[0.13314569]
607
[0.17647771]
608
[0.09703966]
609
[0.09903295]
610
[0.08203469]
611
[0.10054548]
612
[0.15189778]
613
[0.14503953]
614
[0.14960827]
615
[0.08264174]
616
[0.06696211]
617
[0.17958995]
618
[0.10515673]
619
[0.11961937]
620
[0.07538528]
621
[0.11622354]
622
[0.09787257]
623
[0.08045966]
624
[0.14299979]
625
[0.09155648]
626
[0.15013419]
627
[0.10083279]
628
[0.09556966]
629
[0.1940954]
630
[0.07835612]
631
[0.17877837]
632
[0.06707799]
633
[0.12356248]
634
[0.06668272]
635
[0.07752644]
636
[0.09479279]
637
[0.22385871]
638
[0.1379951]
639
[0.08052614]
640
[0.11288749]
641
[0.11775455]
642
[0.15136009]
643
[0.09908585]
644
[0.06883464]
645
[0.09420566]
646
[0.0709901]
647
[0.11093544]
648
[0.09217229]
649
[0.0808598]
650
[0.15003034]
651
[0.10163582]
652
[0.17345392]
653
[0.11741624]
654
[0.09620835]
655
[0.17675721]
656
[0.2384033]
657
[0.08708391]
658
[0.05752834]
659
[0.07804305]
660
[0.06312938]
661
[0.17203919]
662
[0.06523711]
663
[0.07217887]
664
[0.12652706]
665
[0.08570433]
666
[0.09807842]
667
[0.06792359]
668
[0.17964882]
669
[0.09155471]
670
[0.05543131]
671
[0.11790135]
672
[0.10941054]
673
[0.0843825]
674
[0.08783631]
675
[0.07451281]
676
[0.08183651]
677
[0.22544442]
678
[0.19855261]
679
[0.23322142]
680
[0.07700584]
681
[0.05862611]
682
[0.11524534]
683
[0.07546947]
684
[0.15315443]
685
[0.1734331]
686
[0.09592576]
687
[0.08027911]
688
[0.08904782]
689
[0.17415342]
690
[0.16873241]
691
[0.04547476]
692
[0.08384542]
693
[0.13135338]
694
[0.17297184]
695
[0.07128716]
696
[0.06048062]
697
[0.05846606]
698
[0.18637394]
699
[0.12963704]
700
[0.14849824]
701
[0.09455974]
702
[0.10325038]
703
[0.13974976]
704
[0.1162647]
705
[0.10726497]
706
[0.20242048]
707
[0.04971086]
708
[0.07578991]
709
[0.07195611]
710
[0.18181562]
711
[0.06478404]
712
[0.06858739]
713
[0.18435227]
714
[0.09006954]
715
[0.08928359]
716
[0.17645907]
717
[0.15983096]
718
[0.16532566]
719
[0.0964389]
720
[0.09112976]
721
[0.15524183]
722
[0.07328434]
723
[0.15980164]
724
[0.06721819]
725
[0.0684038]
726
[0.1333732]
727
[0.05816444]
728
[0.15641816]
729
[0.08818216]
730
[0.10215279]
731
[0.12773516]
732
[0.06871521]
733
[0.07129068]
734
[0.11667835]
735
[0.2128414]
736
[0.04692426]
737
[0.10285363]
738
[0.08812977]
739
[0.11943284]
740
[0.126382]
741
[0.12526315]
742
[0.09067309]
743
[0.08590076]
744
[0.11249557]
745
[0.05934679]
746
[0.08869522]
747
[0.12354406]
748
[0.09394366]
749
[0.10035745]
750
[0.06458063]
751
[0.06968118]
752
[0.08013444]
753
[0.14363852]
754
[0.14661227]
755
[0.21082894]
756
[0.10529566]
757
[0.07761909]
758
[0.14158364]
759
[0.16474582]
760
[0.1129804]
761
[0.19892603]
762
[0.05654152]
763
[0.07774862]
764
[0.05452954]
765
[0.09837664]
766
[0.12106613]
767
[0.05575367]
768
[0.12474641]
769
[0.21820541]
770
[0.07984848]
771
[0.12387562]
772
[0.08500521]
773
[0.10310136]
774
[0.12362771]
775
[0.09931872]
776
[0.0961811]
777
[0.07939247]
778
[0.07841671]
779
[0.0889127]
780
[0.05912258]
781
[0.0782506]
782
[0.09983204]
783
[0.1696156]
784
[0.07980682]
785
[0.06550922]
786
[0.09153916]
787
[0.06515734]
788
[0.09442751]
789
[0.08637309]
790
[0.07816498]
791
[0.23687633]
792
[0.06310618]
793
[0.13993748]
794
[0.15939044]
795
[0.09005398]
796
[0.09521888]
797
[0.06676362]
798
[0.09490288]
799
[0.07728399]
800
[0.19098952]
801
[0.15968176]
802
[0.05847217]
803
[0.21218389]
804
[0.09797075]
805
[0.06840945]
806
[0.06449333]
807
[0.1189641]
808
[0.16883317]
809
[0.09536458]
810
[0.13986377]
811
[0.16676037]
812
[0.09715274]
813
[0.13275328]
814
[0.12784583]
815
[0.12658059]
816
[0.11601877]
817
[0.11745791]
818
[0.21326057]
819
[0.11371091]
820
[0.10223288]
821
[0.07715646]
822
[0.08208272]
823
[0.0789923]
824
[0.11055083]
825
[0.09498192]
826
[0.1264706]
827
[0.17795642]
828
[0.10652018]
829
[0.07271797]
830
[0.15066006]
831
[0.13798078]
832
[0.09954225]
833
[0.053411]
834
[0.11589162]
835
[0.06183297]
836
[0.04917317]
837
[0.06758963]
838
[0.12855784]
839
[0.1195809]
840
[0.13070271]
841
[0.18385481]
842
[0.12060934]
843
[0.16045656]
844
[0.03922289]
845
[0.08100368]
846
[0.09148468]
847
[0.20833521]
848
[0.08610452]
849
[0.06134457]
850
[0.11505054]
851
[0.18345173]
852
[0.14298953]
853
[0.09926872]
854
[0.09401583]
855
[0.12428582]
856
[0.21972828]
857
[0.08771163]
858
[0.14671819]
859
[0.06617179]
860
[0.18196105]
861
[0.11966344]
862
[0.07818291]
863
[0.08127947]
864
[0.08658993]
865
[0.1932251]
866
[0.06978471]
867
[0.16134133]
868
[0.10326979]
869
[0.13895822]
870
[0.06863783]
871
[0.06946532]
872
[0.06435719]
873
[0.07141601]
874
[0.16544159]
875
[0.12567986]
876
[0.0789437]
877
[0.05915202]
878
[0.12946809]
879
[0.07765373]
880
[0.08618762]
881
[0.08773454]
882
[0.17083999]
883
[0.06888299]
884
[0.1397139]
885
[0.10050827]
886
[0.09481735]
887
[0.08719558]
888
[0.18115197]
889
[0.05929743]
890
[0.08591828]
891
[0.0932668]
892
[0.06492576]
893
[0.09162373]
894
[0.07718536]
895
[0.08863284]
896
[0.08809709]
897
[0.06189409]
898
[0.08328119]
899
[0.07477028]
900
[0.15153561]
901
[0.09250093]
902
[0.05752593]
903
[0.09580748]
904
[0.11032759]
905
[0.11692889]
906
[0.15022465]
907
[0.10553573]
908
[0.05925839]
909
[0.10147437]
910
[0.07453314]
911
[0.21273284]
912
[0.20156383]
913
[0.16964318]
914
[0.07777208]
915
[0.10564173]
916
[0.11389575]
917
[0.07802904]
918
[0.14504918]
919
[0.19054483]
920
[0.18863218]
921
[0.07562539]
922
[0.06477421]
923
[0.11173842]
924
[0.0670952]
925
[0.11647048]
926
[0.10891705]
927
[0.0788052]
928
[0.08038522]
929
[0.15493781]
930
[0.15935174]
931
[0.15034394]
932
[0.08592161]
933
[0.1419195]
934
[0.1327182]
935
[0.10954593]
936
[0.20845255]
937
[0.11305002]
938
[0.12594415]
939
[0.10032325]
940
[0.12711674]
941
[0.10018464]
942
[0.09611664]
943
[0.08041831]
944
[0.09887324]
945
[0.16799403]
946
[0.11241938]
947
[0.10310549]
948
[0.05800796]
949
[0.15209897]
950
[0.12345141]
951
[0.08995091]
952
[0.19587359]
953
[0.0747042]
954
[0.14120233]
955
[0.09391515]
956
[0.15778521]
957
[0.06906334]
958
[0.06201797]
959
[0.12777551]
960
[0.10575376]
961
[0.08676978]
962
[0.22804879]
963
[0.10401486]
964
[0.09786379]
965
[0.14503449]
966
[0.09957091]
967
[0.08745261]
968
[0.19776178]
969
[0.12473749]
970
[0.11425436]
971
[0.15432526]
972
[0.06839416]
973
[0.09214387]
974
[0.15127497]
975
[0.09139058]
976
[0.08326573]
977
[0.09028887]
978
[0.174955]
979
[0.11223438]
980
[0.07534098]
981
[0.05608275]
982
[0.12924799]
983
[0.12947338]
984
[0.12718815]
985
[0.06848427]
986
[0.0833853]
987
[0.11065757]
988
[0.09948981]
989
[0.12206224]
990
[0.20005775]
991
[0.07043831]
992
[0.08559773]
993
[0.11718158]
994
[0.09925098]
995
[0.12993789]
996
[0.06970879]
997
[0.21591878]
998
[0.14657686]
999
[0.23110722]
1000
[0.08275975]
1001
[0.06168809]
1002
[0.13869949]
1003
[0.06149202]
1004
[0.07869294]
1005
[0.09479575]
1006
[0.08099851]
1007
[0.12887946]
1008
[0.1080223]
1009
[0.18648711]
1010
[0.05009227]
1011
[0.20803921]
1012
[0.14040565]
1013
[0.19754801]
1014
[0.16112817]
1015
[0.10715366]
1016
[0.17729324]
1017
[0.10226952]
1018
[0.09005664]
1019
[0.07891088]
1020
[0.15971511]
1021
[0.07071086]
1022
[0.11018904]
1023
[0.08693328]
1024
[0.12785954]
1025
[0.06766948]
1026
[0.13139765]
1027
[0.06808577]
1028
[0.08342466]
1029
[0.1674292]
1030
[0.09647532]
1031
[0.10232644]
1032
[0.18788646]
1033
[0.08434261]
1034
[0.15324061]
1035
[0.14396545]
1036
[0.0874265]
1037
[0.08959839]
1038
[0.09140152]
1039
[0.06696877]
1040
[0.0934435]
1041
[0.1454202]
1042
[0.03294592]
1043
[0.10272309]
1044
[0.0698551]
1045
[0.10134145]
1046
[0.20047672]
1047
[0.11131306]
1048
[0.06578282]
1049
[0.18528439]
1050
[0.05518355]
1051
[0.09946293]
1052
[0.07736293]
1053
[0.11348478]
1054
[0.16888801]
1055
[0.0799504]
1056
[0.07061971]
1057
[0.07011307]
1058
[0.09570969]
1059
[0.12190187]
1060
[0.06391511]
1061
[0.08026448]
1062
[0.04517824]
1063
[0.11600945]
1064
[0.11983593]
1065
[0.12627558]
1066
[0.15332089]
1067
[0.06607693]
1068
[0.09190122]
1069
[0.07322689]
1070
[0.0766584]
1071
[0.08650353]
1072
[0.09011151]
1073
[0.1211515]
1074
[0.10895779]
1075
[0.06276847]
1076
[0.12300137]
1077
[0.1040378]
1078
[0.08932818]
1079
[0.14150221]
1080
[0.07645802]
1081
[0.06500108]
1082
[0.09549854]
1083
[0.09746463]
1084
[0.09529037]
1085
[0.06896316]
1086
[0.108659]
1087
[0.17948849]
1088
[0.11919298]
1089
[0.10946308]
1090
[0.10630464]
1091
[0.07320845]
1092
[0.16518671]
1093
[0.18722943]
1094
[0.09018253]
1095
[0.0518829]
1096
[0.12645065]
1097
[0.05580827]
1098
[0.05934215]
1099
[0.09518175]
1100
[0.06272632]
1101
[0.14313388]
1102
[0.09143864]
1103
[0.21896339]
1104
[0.17244584]
1105
[0.10511469]
1106
[0.06385035]
1107
[0.12845009]
1108
[0.05910773]
1109
[0.0965115]
1110
[0.06404784]
1111
[0.07271314]
1112
[0.06152726]
1113
[0.06404227]
1114
[0.07290504]
1115
[0.1457908]
1116
[0.10378515]
1117
[0.11734038]
1118
[0.07564514]
1119
[0.06867516]
1120
[0.05900917]
1121
[0.12895127]
1122
[0.10522035]
1123
[0.09546803]
1124
[0.12894344]
1125
[0.09815761]
1126
[0.09224359]
1127
[0.17946607]
1128
[0.06450216]
1129
[0.10364394]
1130
[0.07758526]
1131
[0.10844966]
1132
[0.15672165]
1133
[0.08507501]
1134
[0.06804157]
1135
[0.05969006]
1136
[0.10554187]
1137
[0.04758645]
1138
[0.06033278]
1139
[0.05616775]
1140
[0.08034088]
1141
[0.14307907]
1142
[0.06183177]
1143
[0.07773136]
1144
[0.0614695]
1145
[0.07416333]
1146
[0.08499706]
1147
[0.12930245]
1148
[0.07763241]
1149
[0.12622651]
1150
[0.08252756]
1151
[0.06755141]
1152
[0.11856839]
1153
[0.0599556]
1154
[0.16788093]
1155
[0.09083687]
1156
[0.08510438]
1157
[0.08305931]
1158
[0.09339593]
1159
[0.08148692]
1160
[0.06239639]
1161
[0.16332278]
1162
[0.08804496]
1163
[0.12990285]
1164
[0.17479381]
1165
[0.21287763]
1166
[0.08798595]
1167
[0.13731701]
1168
[0.11449062]
1169
[0.14064815]
1170
[0.10908787]
1171
[0.11880414]
1172
[0.12786206]
1173
[0.09432924]
1174
[0.17086823]
1175
[0.08019761]
1176
[0.09370984]
1177
[0.07016771]
1178
[0.06673207]
1179
[0.10363041]
1180
[0.08663696]
1181
[0.03685676]
1182
[0.08557998]
1183
[0.06913566]
1184
[0.10063454]
1185
[0.11627821]
1186
[0.14169247]
1187
[0.10662993]
1188
[0.0828756]
1189
[0.06757759]
1190
[0.16215185]
1191
[0.15117802]
1192
[0.08038887]
1193
[0.07413011]
1194
[0.06506979]
1195
[0.08322818]
1196
[0.06684038]
1197
[0.13119083]
1198
[0.06703736]
1199
[0.09933326]
1200
[0.08346779]
1201
[0.09877124]
1202
[0.10200017]
1203
[0.19316981]
1204
[0.06252937]
1205
[0.05860112]
1206
[0.0481995]
1207
[0.0575942]
1208
[0.09805969]
1209
[0.08168109]
1210
[0.07770629]
1211
[0.06212231]
1212
[0.09976843]
1213
[0.10135988]
1214
[0.11666512]
1215
[0.07454723]
1216
[0.04765545]
1217
[0.09678475]
1218
[0.17893029]
1219
[0.13759259]
1220
[0.08716948]
1221
[0.10535088]
1222
[0.09575846]
1223
[0.13476377]
1224
[0.10069178]
1225
[0.0577676]
1226
[0.08863347]
1227
[0.08429522]
1228
[0.10472277]
1229
[0.10968559]
1230
[0.13222059]
1231
[0.20667043]
1232
[0.1240774]
1233
[0.10048012]
1234
[0.13550008]
1235
[0.04298019]
1236
[0.13136151]
1237
[0.18524013]
1238
[0.16170232]
1239
[0.11828446]
1240
[0.05619601]
1241
[0.13122884]
1242
[0.06592671]
1243
[0.09791164]
1244
[0.12029189]
1245
[0.11173389]
1246
[0.10257088]
1247
[0.11483315]
1248
[0.1435713]
1249
[0.18648347]
1250
[0.13210031]
1251
[0.16559273]
1252
[0.10276506]
1253
[0.23470923]
1254
[0.1068991]
1255
[0.16125948]
1256
[0.05814297]
1257
[0.07810066]
1258
[0.09448265]
1259
[0.16022794]
1260
[0.20535169]
1261
[0.09416245]
1262
[0.05613815]
1263
[0.05916014]
1264
[0.08635508]
1265
[0.08136253]
1266
[0.07714106]
1267
[0.06101737]
1268
[0.07795706]
1269
[0.10240128]
1270
[0.06630858]
1271
[0.12909295]
1272
[0.17510338]
1273
[0.12831431]
1274
[0.13783963]
1275
[0.05637831]
1276
[0.15842392]
1277
[0.19030191]
1278
[0.1104993]
1279
[0.09256992]
1280
[0.0621984]
1281
[0.15920887]
1282
[0.119439]
1283
[0.05808312]
1284
[0.13484282]
1285
[0.12228612]
1286
[0.09006849]
1287
[0.08500561]
1288
[0.10750166]
1289
[0.1189996]
1290
[0.10280782]
1291
[0.07295552]
1292
[0.10668346]
1293
[0.10129214]
1294
[0.15099873]
1295
[0.0759152]
1296
[0.23764467]
1297
[0.10305263]
1298
[0.10559864]
1299
[0.0848221]
1300
[0.05681604]
1301
[0.04370144]
1302
[0.10748048]
1303
[0.06887023]
1304
[0.08396154]
1305
[0.13591495]
1306
[0.08092856]
1307
[0.07438296]
1308
[0.09365209]
1309
[0.09031527]
1310
[0.06622464]
1311
[0.07817357]
1312
[0.16067329]
1313
[0.09358927]
1314
[0.07871623]
1315
[0.09260582]
1316
[0.08382764]
1317
[0.08482757]
1318
[0.08036873]
1319
[0.16351644]
1320
[0.13425755]
1321
[0.17495252]
1322
[0.22090161]
1323
[0.08089186]
1324
[0.14604756]
1325
[0.07853251]
1326
[0.1135959]
1327
[0.05823296]
1328
[0.11379067]
1329
[0.06062967]
1330
[0.12545998]
1331
[0.115843]
1332
[0.14782562]
1333
[0.10205071]
1334
[0.10935878]
1335
[0.11715625]
1336
[0.07995422]
1337
[0.19562153]
1338
[0.08065347]
1339
[0.08130973]
1340
[0.10712307]
1341
[0.11438437]
1342
[0.05136844]
1343
[0.13987562]
1344
[0.04262985]
1345
[0.07371038]
1346
[0.06540193]
1347
[0.05773153]
1348
[0.07216635]
1349
[0.20958686]
1350
[0.14083755]
1351
[0.06747158]
1352
[0.1782117]
1353
[0.10337919]
1354
[0.05920638]
1355
[0.07916693]
1356
[0.08711423]
1357
[0.15168175]
1358
[0.07529421]
1359
[0.08088398]
1360
[0.1047244]
1361
[0.06622147]
1362
[0.10399067]
1363
[0.08428494]
1364
[0.22523465]
1365
[0.07323582]
1366
[0.11477051]
1367
[0.15994698]
1368
[0.10678075]
1369
[0.15487472]
1370
[0.07268122]
1371
[0.16234894]
1372
[0.14075728]
1373
[0.10027316]
1374
[0.15426054]
1375
[0.09026118]
1376
[0.08790829]
1377
[0.21495696]
1378
[0.15717947]
1379
[0.08242726]
1380
[0.08328053]
1381
[0.13393111]
1382
[0.07811415]
1383
[0.19397513]
1384
[0.10346432]
1385
[0.16361619]
1386
[0.06310783]
1387
[0.06563816]
1388
[0.09834193]
1389
[0.09042315]
1390
[0.084385]
1391
[0.1064344]
1392
[0.06097774]
1393
[0.18788362]
1394
[0.13879496]
1395
[0.08006841]
1396
[0.10923704]
1397
[0.17705677]
1398
[0.0650993]
1399
[0.16662567]
1400
[0.17405641]
1401
[0.18114713]
1402
[0.06803827]
1403
[0.16386496]
1404
[0.1012131]
1405
[0.12652202]
1406
[0.08875573]
1407
[0.11756528]
1408
[0.17130734]
1409
[0.14316558]
1410
[0.0795353]
1411
[0.14414653]
1412
[0.09989205]
1413
[0.08717174]
1414
[0.069401]
1415
[0.10264824]
1416
[0.0727814]
1417
[0.06098719]
1418
[0.1239999]
1419
[0.1457964]
1420
[0.07452882]
1421
[0.05631801]
1422
[0.09540146]
1423
[0.12076896]
1424
[0.05781291]
1425
[0.05937724]
1426
[0.10480893]
1427
[0.09082246]
1428
[0.0718196]
1429
[0.07255067]
1430
[0.07749977]
1431
[0.07619009]
1432
[0.07974893]
1433
[0.16244672]
1434
[0.07816494]
1435
[0.11435759]
1436
[0.06512625]
1437
[0.12747052]
1438
[0.13230443]
1439
[0.07081818]
1440
[0.17939564]
1441
[0.08871822]
1442
[0.15594895]
1443
[0.05745457]
1444
[0.06714009]
1445
[0.0779704]
1446
[0.14531521]
1447
[0.12933328]
1448
[0.07546818]
1449
[0.06310099]
1450
[0.09883766]
1451
[0.07276958]
1452
[0.09997136]
1453
[0.05859246]
1454
[0.10849479]
1455
[0.06661348]
1456
[0.0982018]
1457
[0.06096479]
1458
[0.11443205]
1459
[0.05926083]
1460
[0.14317992]
1461
[0.15070531]
1462
[0.2137577]
1463
[0.10038488]
1464
[0.07990939]
1465
[0.17261866]
1466
[0.09175282]
1467
[0.0947321]
1468
[0.17060776]
1469
[0.15656112]
1470
[0.07581607]
1471
[0.07574902]
1472
[0.11975787]
1473
[0.08136453]
1474
[0.07516976]
1475
[0.20074953]
1476
[0.08632689]
1477
[0.09297086]
1478
[0.14562294]
1479
[0.10075119]
1480
[0.08080268]
1481
[0.08696623]
1482
[0.10372693]
1483
[0.1357703]
1484
[0.11844051]
1485
[0.23664761]
1486
[0.12191707]
1487
[0.12269534]
1488
[0.08336773]
1489
[0.20346171]
1490
[0.09805956]
1491
[0.05472333]
1492
[0.09270758]
1493
[0.07448928]
1494
[0.17675031]
1495
[0.1020795]
1496
[0.14595868]
1497
[0.07618052]
1498
[0.18799344]
1499
[0.11873602]
1500
[0.07602765]
1501
[0.06991067]
1502
[0.21619195]
1503
[0.05882492]
1504
[0.11361564]
1505
[0.13102548]
1506
[0.06897791]
1507
[0.05462816]
1508
[0.10435747]
1509
[0.06730938]
1510
[0.11157007]
1511
[0.14495857]
1512
[0.0882093]
1513
[0.07662035]
1514
[0.06770201]
1515
[0.05796368]
1516
[0.1015373]
1517
[0.19023222]
1518
[0.07837969]
1519
[0.10583486]
1520
[0.14845659]
1521
[0.12445992]
1522
[0.19884987]
1523
[0.08451662]
1524
[0.08921314]
1525
[0.13708354]
1526
[0.072494]
1527
[0.13070172]
1528
[0.12728442]
1529
[0.06577378]
1530
[0.15991704]
1531
[0.1719777]
1532
[0.06919001]
1533
[0.09481412]
1534
[0.07785637]
1535
[0.09453102]
1536
[0.09380636]
1537
[0.09355043]
1538
[0.08569799]
1539
[0.05854616]
1540
[0.12666063]
1541
[0.06703724]
1542
[0.14832523]
1543
[0.07191472]
1544
[0.14766476]
1545
[0.07002718]
1546
[0.15849797]
1547
[0.08670807]
1548
[0.20095002]
1549
[0.07751012]
1550
[0.13320013]
1551
[0.08119277]
1552
[0.11964651]
1553
[0.10713634]
1554
[0.07467206]
1555
[0.06504472]
1556
[0.12886825]
1557
[0.11484509]
1558
[0.20747574]
1559
[0.0759198]
1560
[0.09322185]
1561
[0.12003835]
1562
[0.06898587]
1563
[0.06658245]
1564
[0.06161368]
1565
[0.06512033]
1566
[0.22366678]
1567
[0.07937339]
1568
[0.07355392]
1569
[0.14340579]
1570
[0.0648462]
1571
[0.09202185]
1572
[0.0608291]
1573
[0.09537016]
1574
[0.12250273]
1575
[0.10219406]
1576
[0.12986605]
1577
[0.11242813]
1578
[0.1659308]
1579
[0.15280261]
1580
[0.22765784]
1581
[0.08754385]
1582
[0.06774302]
1583
[0.09743468]
1584
[0.09609552]
1585
[0.06658872]
1586
[0.10105993]
1587
[0.08606201]
1588
[0.21423879]
1589
[0.05612926]
1590
[0.08033635]
1591
[0.09099087]
1592
[0.09329325]
1593
[0.07521969]
1594
[0.08944748]
1595
[0.18752441]
1596
[0.08474564]
1597
[0.09477181]
1598
[0.1703412]
1599
[0.09075087]
1600
[0.06308796]
1601
[0.08365401]
1602
[0.09401999]
1603
[0.09837727]
1604
[0.06349029]
1605
[0.09767773]
1606
[0.21035266]
1607
[0.09430284]
1608
[0.0777085]
1609
[0.06350549]
1610
[0.08812351]
1611
[0.12505206]
1612
[0.10154774]
1613
[0.06081453]
1614
[0.16027445]
1615
[0.06078897]
1616
[0.08694729]
1617
[0.04620111]
1618
[0.22791858]
1619
[0.09950349]
1620
[0.13637586]
1621
[0.19228059]
1622
[0.07679542]
1623
[0.09431816]
1624
[0.10540164]
1625
[0.2390928]
1626
[0.07162025]
1627
[0.11016582]
1628
[0.11714034]
1629
[0.10149963]
1630
[0.0881052]
1631
[0.17450754]
1632
[0.08061661]
1633
[0.10439494]
1634
[0.19149563]
1635
[0.07931644]
1636
[0.07510757]
1637
[0.10445707]
1638
[0.09815279]
1639
[0.10495457]
1640
[0.0615504]
1641
[0.07500657]
1642
[0.12924385]
1643
[0.08642758]
1644
[0.11183786]
1645
[0.0905139]
1646
[0.12667816]
1647
[0.08747936]
1648
[0.15674787]
1649
[0.08925416]
1650
[0.08283716]
1651
[0.09191393]
1652
[0.10236042]
1653
[0.08436724]
1654
[0.1084268]
1655
[0.06586779]
1656
[0.08088467]
1657
[0.05889258]
1658
[0.08616446]
1659
[0.11636449]
1660
[0.12591532]
1661
[0.13594257]
1662
[0.10809604]
1663
[0.09650255]
1664
[0.1547776]
1665
[0.16372653]
1666
[0.08826974]
1667
[0.14056134]
1668
[0.12563667]
1669
[0.1080896]
1670
[0.05977423]
1671
[0.09202608]
1672
[0.10626012]
1673
[0.09207808]
1674
[0.14114047]
1675
[0.06499839]
1676
[0.10531389]
1677
[0.14072693]
1678
[0.12021724]
1679
[0.10804444]
1680
[0.11103814]
1681
[0.11799804]
1682
[0.07457663]
1683
[0.12152015]
1684
[0.08413891]
1685
[0.10075893]
1686
[0.10362479]
1687
[0.11686951]
1688
[0.08072342]
1689
[0.08022967]
1690
[0.05777352]
1691
[0.13534945]
1692
[0.06784596]
1693
[0.0798307]
1694
[0.05174204]
1695
[0.15108025]
1696
[0.13845828]
1697
[0.04832739]
1698
[0.13980307]
1699
[0.19239354]
1700
[0.11079126]
1701
[0.1176603]
1702
[0.07591958]
1703
[0.1096002]
1704
[0.07920648]
1705
[0.07462971]
1706
[0.15945943]
1707
[0.20608695]
1708
[0.13277851]
1709
[0.09512996]
1710
[0.11732212]
1711
[0.1096892]
1712
[0.07976913]
1713
[0.18250098]
1714
[0.06145708]
1715
[0.05674311]
1716
[0.06186555]
1717
[0.05370248]
1718
[0.14076495]
1719
[0.09246134]
1720
[0.09629471]
1721
[0.18563619]
1722
[0.16432019]
1723
[0.05774819]
1724
[0.08222343]
1725
[0.09072045]
1726
[0.1266543]
1727
[0.17453001]
1728
[0.13274007]
1729
[0.05792208]
1730
[0.18861729]
1731
[0.12920846]
1732
[0.07337137]
1733
[0.1002179]
1734
[0.13998426]
1735
[0.17424822]
1736
[0.06588152]
1737
[0.08974037]
1738
[0.11145968]
1739
[0.14636119]
1740
[0.11456464]
1741
[0.08764154]
1742
[0.10380402]
1743
[0.15296995]
1744
[0.06951611]
1745
[0.10247296]
1746
[0.08845286]
1747
[0.12539093]
1748
[0.09482414]
1749
[0.13806012]
1750
[0.10006629]
1751
[0.20039247]
1752
[0.19678093]
1753
[0.07338286]
1754
[0.19444142]
1755
[0.11923372]
1756
[0.20180882]
1757
[0.0915255]
1758
[0.19705269]
1759
[0.14810809]
1760
[0.08848555]
1761
[0.11403752]
1762
[0.07591596]
1763
[0.05681938]
1764
[0.0776346]
1765
[0.11599885]
1766
[0.06748487]
1767
[0.08991871]
1768
[0.09158085]
1769
[0.08799551]
1770
[0.12042176]
1771
[0.0848509]
1772
[0.06908442]
1773
[0.07736173]
1774
[0.20069227]
1775
[0.06162586]
1776
[0.05638788]
1777
[0.22790683]
1778
[0.13717691]
1779
[0.11929126]
1780
[0.14073542]
1781
[0.07917319]
1782
[0.07509162]
1783
[0.08261419]
1784
[0.06066417]
1785
[0.19501621]
1786
[0.16390791]
1787
[0.07862923]
1788
[0.08054404]
1789
[0.06650513]
1790
[0.08023071]
1791
[0.08585682]
1792
[0.10071692]
1793
[0.1362999]
1794
[0.05057913]
1795
[0.0927537]
1796
[0.10334079]
1797
[0.08055991]
1798
[0.17607602]
1799
[0.09665341]
1800
[0.07861165]
1801
[0.1023114]
1802
[0.19711995]
1803
[0.07780182]
1804
[0.10408348]
1805
[0.11223649]
1806
[0.07379075]
1807
[0.0895575]
1808
[0.10251097]
1809
[0.07101326]
1810
[0.23704423]
1811
[0.10750405]
1812
[0.12732413]
1813
[0.21834962]
1814
[0.13284674]
1815
[0.12746839]
1816
[0.0610061]
1817
[0.05948217]
1818
[0.05568975]
1819
[0.09493006]
1820
[0.14017959]
1821
[0.10661582]
1822
[0.20513992]
1823
[0.0704131]
1824
[0.11820271]
1825
[0.08287895]
1826
[0.07511984]
1827
[0.12604737]
1828
[0.08842189]
1829
[0.11048068]
1830
[0.04950232]
1831
[0.13688657]
1832
[0.18802119]
1833
[0.10396326]
1834
[0.19463559]
1835
[0.09023999]
1836
[0.06098975]
1837
[0.09725035]
1838
[0.06469542]
1839
[0.06210208]
1840
[0.1296961]
1841
[0.18897161]
1842
[0.07681208]
1843
[0.07740939]
1844
[0.15449243]
1845
[0.14630727]
1846
[0.1129443]
1847
[0.1406554]
1848
[0.08692063]
1849
[0.13522948]
1850
[0.10802234]
1851
[0.09416093]
1852
[0.06551547]
1853
[0.10951016]
1854
[0.19660548]
1855
[0.07641341]
1856
[0.08318065]
1857
[0.18605519]
1858
[0.14936634]
1859
[0.05582146]
1860
[0.048148]
1861
[0.0609225]
1862
[0.07842714]
1863
[0.18149687]
1864
[0.07283604]
1865
[0.09364155]
1866
[0.15905637]
1867
[0.11175477]
1868
[0.06103959]
1869
[0.1097083]
1870
[0.08828116]
1871
[0.05025239]
1872
[0.08153311]
1873
[0.10019899]
1874
[0.18674037]
1875
[0.07611793]
1876
[0.10003019]
1877
[0.11066066]
1878
[0.11276495]
1879
[0.07363523]
1880
[0.06246374]
1881
[0.0942923]
1882
[0.10642985]
1883
[0.23761122]
1884
[0.13091244]
1885
[0.11282726]
1886
[0.11473917]
1887
[0.06091778]
1888
[0.06978794]
1889
[0.09888195]
1890
[0.09751961]
1891
[0.07809798]
1892
[0.12333626]
1893
[0.15705739]
1894
[0.13648027]
1895
[0.14388982]
1896
[0.16501592]
1897
[0.12348294]
1898
[0.08501167]
1899
[0.05839625]
1900
[0.10470966]
1901
[0.14497069]
1902
[0.13043994]
1903
[0.1724929]
1904
[0.1265083]
1905
[0.10647159]
1906
[0.07857023]
1907
[0.09064039]
1908
[0.09426397]
1909
[0.13515428]
1910
[0.12376587]
1911
[0.0833271]
1912
[0.08864645]
1913
[0.11807576]
1914
[0.08891835]
1915
[0.19462626]
1916
[0.08928725]
1917
[0.05180294]
1918
[0.07743204]
1919
[0.10084562]
1920
[0.08699183]
1921
[0.06024018]
1922
[0.07676819]
1923
[0.14169582]
1924
[0.17184798]
1925
[0.06524468]
1926
[0.04847187]
1927
[0.07805889]
1928
[0.15492777]
1929
[0.14864457]
1930
[0.07612975]
1931
[0.06988304]
1932
[0.08390074]
1933
[0.14577286]
1934
[0.09404864]
1935
[0.13387894]
1936
[0.1001676]
1937
[0.1556626]
1938
[0.10000111]
1939
[0.06289669]
1940
[0.08854281]
1941
[0.10160351]
1942
[0.16345538]
1943
[0.13045504]
1944
[0.1758985]
1945
[0.09911772]
1946
[0.06417418]
1947
[0.2354895]
1948
[0.14281077]
1949
[0.1997766]
1950
[0.13520037]
1951
[0.06627819]
1952
[0.08202518]
1953
[0.15655589]
1954
[0.09431772]
1955
[0.0882782]
1956
[0.20993005]
1957
[0.08342786]
1958
[0.14720238]
1959
[0.05217643]
1960
[0.08797577]
1961
[0.08360113]
1962
[0.13108175]
1963
[0.09786643]
1964
[0.1303685]
1965
[0.08905391]
1966
[0.06630598]
1967
[0.09882716]
1968
[0.17166551]
1969
[0.20612889]
1970
[0.18733953]
1971
[0.0777249]
1972
[0.06472993]
1973
[0.0745601]
1974
[0.07518151]
1975
[0.06703122]
1976
[0.18130894]
1977
[0.08895618]
1978
[0.18345975]
1979
[0.11237238]
1980
[0.07438093]
1981
[0.09149509]
1982
[0.12744493]
1983
[0.1023079]
1984
[0.07351436]
1985
[0.10151017]
1986
[0.06061316]
1987
[0.12756555]
1988
[0.1101492]
1989
[0.08579307]
1990
[0.18145555]
1991
[0.1421347]
1992
[0.08130707]
1993
[0.09704478]
1994
[0.06041817]
1995
[0.16475374]
1996
[0.20603133]
1997
[0.11163609]
1998
[0.06344241]
1999
[0.06841088]
2000
[0.07127814]
2001
[0.1085624]
2002
[0.060725]
2003
[0.08155727]
2004
[0.08918706]
2005
[0.20644647]
2006
[0.11851405]
2007
[0.14350776]
2008
[0.05881584]
2009
[0.22351813]
2010
[0.0928633]
2011
[0.09996028]
2012
[0.1763241]
2013
[0.06188175]
2014
[0.08183387]
2015
[0.05917941]
2016
[0.0909049]
2017
[0.14202071]
2018
[0.12471212]
2019
[0.07123724]
2020
[0.08084436]
2021
[0.11384116]
2022
[0.17134403]
2023
[0.08572021]
2024
[0.15027504]
2025
[0.08492206]
2026
[0.12079209]
2027
[0.07693799]
2028
[0.11024996]
2029
[0.08185122]
2030
[0.08871194]
2031
[0.06273893]
2032
[0.12827689]
2033
[0.08458621]
2034
[0.05906069]
2035
[0.06029933]
2036
[0.06092058]
2037
[0.14239575]
2038
[0.10330154]
2039
[0.09638604]
2040
[0.18824933]
2041
[0.12411877]
2042
[0.22631191]
2043
[0.04620948]
2044
[0.1640883]
2045
[0.06790528]
2046
[0.09736768]
2047
[0.10620799]
2048
[0.17890177]
2049
[0.15058955]
2050
[0.14250564]
2051
[0.15819755]
2052
[0.23285457]
2053
[0.15826934]
2054
[0.17363399]
2055
[0.05640758]
2056
[0.1413889]
2057
[0.07082453]
2058
[0.07112736]
2059
[0.06270267]
2060
[0.17819665]
2061
[0.07895826]
2062
[0.11864184]
2063
[0.09874408]
2064
[0.06749449]
2065
[0.06023497]
2066
[0.0732233]
2067
[0.06879364]
2068
[0.07488348]
2069
[0.20601632]
2070
[0.12238237]
2071
[0.08794375]
2072
[0.11854649]
2073
[0.08251764]
2074
[0.10152689]
2075
[0.08761459]
2076
[0.15291835]
2077
[0.14872604]
2078
[0.10003615]
2079
[0.15901429]
2080
[0.13113801]
2081
[0.04774687]
2082
[0.07505287]
2083
[0.09641111]
2084
[0.20966762]
2085
[0.07091392]
2086
[0.07359279]
2087
[0.10612785]
2088
[0.20473287]
2089
[0.0868448]
2090
[0.18060215]
2091
[0.10202595]
2092
[0.07358413]
2093
[0.06389065]
2094
[0.17788009]
2095
[0.22573266]
2096
[0.05526268]
2097
[0.09431897]
2098
[0.06973937]
2099
[0.05576474]
2100
[0.08170092]
2101
[0.18082136]
2102
[0.07523405]
2103
[0.21740742]
2104
[0.15884413]
2105
[0.11111103]
2106
[0.14826498]
2107
[0.20376297]
2108
[0.07848513]
2109
[0.1971205]
2110
[0.09760923]
2111
[0.09647489]
2112
[0.1376247]
2113
[0.10869483]
2114
[0.0659358]
2115
[0.09812273]
2116
[0.11918037]
2117
[0.13201329]
2118
[0.07095576]
2119
[0.09363063]
2120
[0.1715125]
2121
[0.10867589]
2122
[0.06440452]
2123
[0.13585933]
2124
[0.1286692]
2125
[0.07887675]
2126
[0.10194543]
2127
[0.16743563]
2128
[0.07229525]
2129
[0.22954354]
2130
[0.03959403]
2131
[0.07145186]
2132
[0.07050103]
2133
[0.12369645]
2134
[0.08605064]
2135
[0.14097839]
2136
[0.07190174]
2137
[0.08342601]
2138
[0.06079485]
2139
[0.16409383]
2140
[0.18512107]
2141
[0.06767669]
2142
[0.12512405]
2143
[0.0672944]
2144
[0.21247819]
2145
[0.09894394]
2146
[0.08598915]
2147
[0.08835694]
2148
[0.09224942]
2149
[0.10962597]
2150
[0.06505651]
2151
[0.14345624]
2152
[0.10857811]
2153
[0.10805695]
2154
[0.06801584]
2155
[0.16804151]
2156
[0.19902442]
2157
[0.19055469]
2158
[0.13846098]
2159
[0.06399943]
2160
[0.17421447]
2161
[0.13081926]
2162
[0.13033992]
2163
[0.13887414]
2164
[0.07604968]
2165
[0.15238867]
2166
[0.19592903]
2167
[0.10111632]
2168
[0.06290829]
2169
[0.12641768]
2170
[0.07796013]
2171
[0.10452933]
2172
[0.06621625]
2173
[0.05279324]
2174
[0.08856217]
2175
[0.09826249]
2176
[0.11373869]
2177
[0.1176318]
2178
[0.22470708]
2179
[0.05962406]
2180
[0.05351724]
2181
[0.09106384]
2182
[0.07284821]
2183
[0.08243544]
2184
[0.15415632]
2185
[0.10170041]
2186
[0.10504178]
2187
[0.07737494]
2188
[0.19434558]
2189
[0.07740572]
2190
[0.12843714]
2191
[0.19364786]
2192
[0.06164685]
2193
[0.12920346]
2194
[0.07494975]
2195
[0.09351087]
2196
[0.07936006]
2197
[0.0879476]
2198
[0.21338155]
2199
[0.06356099]
2200
[0.10158196]
2201
[0.05706311]
2202
[0.09554605]
2203
[0.08306797]
2204
[0.08758209]
2205
[0.08960709]
2206
[0.12331204]
2207
[0.22374835]
2208
[0.13212568]
2209
[0.2110981]
2210
[0.09114144]
2211
[0.13171667]
2212
[0.16794884]
2213
[0.10212417]
2214
[0.06284943]
2215
[0.11290215]
2216
[0.16882656]
2217
[0.16118841]
2218
[0.16076606]
2219
[0.07053014]
2220
[0.05659761]
2221
[0.1273497]
2222
[0.19019517]
2223
[0.08920957]
2224
[0.09529957]
2225
[0.08733647]
2226
[0.12808414]
2227
[0.14943619]
2228
[0.14584071]
2229
[0.09144577]
2230
[0.08958707]
2231
[0.15933133]
2232
[0.08963415]
2233
[0.10903659]
2234
[0.09065202]
2235
[0.11001242]
2236
[0.14244214]
2237
[0.05762872]
2238
[0.0649475]
2239
[0.10922085]
2240
[0.09360733]
2241
[0.07637405]
2242
[0.07906879]
2243
[0.13094589]
2244
[0.21177721]
2245
[0.06058896]
2246
[0.19484112]
2247
[0.1019776]
2248
[0.09845681]
2249
[0.13509973]
2250
[0.08465846]
2251
[0.09180723]
2252
[0.08328226]
2253
[0.10578288]
2254
[0.1099162]
2255
[0.10633299]
2256
[0.09282631]
2257
[0.15720863]
2258
[0.06461454]
2259
[0.10894151]
2260
[0.17782048]
2261
[0.16491336]
2262
[0.09067099]
2263
[0.07685205]
2264
[0.07435832]
2265
[0.16076407]
2266
[0.16858299]
2267
[0.08549035]
2268
[0.16134968]
2269
[0.05130702]
2270
[0.12895637]
2271
[0.09790403]
2272
[0.16027091]
2273
[0.09255476]
2274
[0.05822586]
2275
[0.10673842]
2276
[0.03678126]
2277
[0.12865339]
2278
[0.08972725]
2279
[0.05026835]
2280
[0.07966454]
2281
[0.14586205]
2282
[0.13773994]
2283
[0.09074398]
2284
[0.17428987]
2285
[0.06624897]
2286
[0.09576405]
2287
[0.12013831]
2288
[0.10174324]
2289
[0.05990714]
2290
[0.16550779]
2291
[0.10179086]
2292
[0.04313364]
2293
[0.09696221]
2294
[0.06945303]
2295
[0.22164464]
2296
[0.11223368]
2297
[0.09123422]
2298
[0.11084169]
2299
[0.15829519]
2300
[0.10373939]
2301
[0.21743098]
2302
[0.16273372]
2303
[0.08046791]
2304
[0.23533092]
2305
[0.22945143]
2306
[0.10113559]
2307
[0.05827289]
2308
[0.07168559]
2309
[0.08755513]
2310
[0.09443762]
2311
[0.15723695]
2312
[0.10496606]
2313
[0.11641908]
2314
[0.06620836]
2315
[0.23035727]
2316
[0.07284099]
2317
[0.05363883]
2318
[0.12938365]
2319
[0.07145222]
2320
[0.10857509]
2321
[0.07526581]
2322
[0.08076161]
2323
[0.11993009]
2324
[0.10595487]
2325
[0.14347027]
2326
[0.11212283]
2327
[0.14463668]
2328
[0.12288673]
2329
[0.10275312]
2330
[0.07930523]
2331
[0.07393878]
2332
[0.06826083]
2333
[0.08678942]
2334
[0.0536502]
2335
[0.08743498]
2336
[0.1998559]
2337
[0.13739777]
2338
[0.1329469]
2339
[0.10455823]
2340
[0.07408985]
2341
[0.09756403]
2342
[0.13923081]
2343
[0.12027877]
2344
[0.19015235]
2345
[0.10718554]
2346
[0.07720331]
2347
[0.07570299]
2348
[0.06777245]
2349
[0.09987636]
2350
[0.03901973]
2351
[0.12599728]
2352
[0.14378768]
2353
[0.11891687]
2354
[0.10569878]
2355
[0.07973078]
2356
[0.14798768]
2357
[0.23023194]
2358
[0.09249293]
2359
[0.21424614]
2360
[0.10088711]
2361
[0.17202189]
2362
[0.07857129]
2363
[0.11271886]
2364
[0.13942916]
2365
[0.10259279]
2366
[0.0670185]
2367
[0.0625938]
2368
[0.13504494]
2369
[0.1070181]
2370
[0.06215503]
2371
[0.07811526]
2372
[0.11529159]
2373
[0.07612858]
2374
[0.11554531]
2375
[0.07373667]
2376
[0.11788007]
2377
[0.08298025]
2378
[0.09168331]
2379
[0.08109759]
2380
[0.18649973]
2381
[0.07110898]
2382
[0.1951683]
2383
[0.11506874]
2384
[0.09993862]
2385
[0.05850476]
2386
[0.10740899]
2387
[0.14596366]
2388
[0.17424233]
2389
[0.0686132]
2390
[0.07534065]
2391
[0.09165711]
2392
[0.12582261]
2393
[0.12179658]
2394
[0.06883715]
2395
[0.13281207]
2396
[0.09574231]
2397
[0.20541726]
2398
[0.18073716]
2399
[0.06780176]
2400
[0.15965111]
2401
[0.11724611]
2402
[0.09737325]
2403
[0.15044716]
2404
[0.11807132]
2405
[0.07621027]
2406
[0.05998648]
2407
[0.10945665]
2408
[0.14167478]
2409
[0.12890442]
2410
[0.0452235]
2411
[0.06009259]
2412
[0.11070712]
2413
[0.14694495]
2414
[0.06724451]
2415
[0.09290262]
2416
[0.11040466]
2417
[0.08468125]
2418
[0.21480706]
2419
[0.10724089]
2420
[0.12782031]
2421
[0.08699905]
2422
[0.16116104]
2423
[0.08193488]
2424
[0.05932722]
2425
[0.08232117]
2426
[0.11625112]
2427
[0.09099832]
2428
[0.11173552]
2429
[0.13405697]
2430
[0.14142585]
2431
[0.11515044]
2432
[0.12525889]
2433
[0.19146876]
2434
[0.12499926]
2435
[0.08333093]
2436
[0.11391011]
2437
[0.08660529]
2438
[0.08136829]
2439
[0.0965057]
2440
[0.08788827]
2441
[0.05447253]
2442
[0.10406365]
2443
[0.12121528]
2444
[0.14040832]
2445
[0.06704446]
2446
[0.08718849]
2447
[0.08943286]
2448
[0.17834113]
2449
[0.11491385]
2450
[0.1193914]
2451
[0.06444685]
2452
[0.12862182]
2453
[0.13576024]
2454
[0.06275442]
2455
[0.15486368]
2456
[0.15313992]
2457
[0.06481512]
2458
[0.08415333]
2459
[0.04355857]
2460
[0.09454035]
2461
[0.11931322]
2462
[0.09533277]
2463
[0.06630079]
2464
[0.06003774]
2465
[0.1374688]
2466
[0.13933976]
2467
[0.08003385]
2468
[0.11654505]
2469
[0.10500336]
2470
[0.21973792]
2471
[0.10784403]
2472
[0.07988579]
2473
[0.11762908]
2474
[0.10686066]
2475
[0.06618189]
2476
[0.07763638]
2477
[0.07840371]
2478
[0.11451688]
2479
[0.09107474]
2480
[0.1200316]
2481
[0.13364244]
2482
[0.13392625]
2483
[0.11649126]
2484
[0.18233786]
2485
[0.2039695]
2486
[0.10656338]
2487
[0.08774916]
2488
[0.07901576]
2489
[0.06708813]
2490
[0.099647]
2491
[0.19854523]
2492
[0.12252837]
2493
[0.05512792]
2494
[0.12274899]
2495
[0.2230491]
2496
[0.08949512]
2497
[0.14282221]
2498
[0.08581538]
2499
[0.12015934]
2500
[0.13667777]
2501
[0.09468069]
2502
[0.13023675]
2503
[0.10719157]
2504
[0.07367106]
2505
[0.05683254]
2506
[0.09452856]
2507
[0.11176568]
2508
[0.06205297]
2509
[0.05693428]
2510
[0.17517068]
2511
[0.130167]
2512
[0.05709566]
2513
[0.09316954]
2514
[0.14908347]
2515
[0.13740417]
2516
[0.13878074]
2517
[0.12752864]
2518
[0.09391236]
2519
[0.17749037]
2520
[0.09933317]
2521
[0.10978081]
2522
[0.18203482]
2523
[0.07940567]
2524
[0.14748442]
2525
[0.0564978]
2526
[0.1095254]
2527
[0.09333375]
2528
[0.14999328]
2529
[0.07340242]
2530
[0.19764382]
2531
[0.0885755]
2532
[0.07576922]
2533
[0.18134748]
2534
[0.0524725]
2535
[0.09038128]
2536
[0.0338372]
2537
[0.14628997]
2538
[0.10202251]
2539
[0.10860726]
2540
[0.11328168]
2541
[0.08009214]
2542
[0.05354145]
2543
[0.07812583]
2544
[0.07273304]
2545
[0.11301923]
2546
[0.10362994]
2547
[0.05861099]
2548
[0.12052293]
2549
[0.12346177]
2550
[0.06140799]
2551
[0.08111285]
2552
[0.11487205]
2553
[0.08310369]
2554
[0.20695593]
2555
[0.21512699]
2556
[0.11491109]
2557
[0.09245091]
2558
[0.19494717]
2559
[0.12818297]
2560
[0.11177974]
2561
[0.07244126]
2562
[0.22777729]
2563
[0.12828173]
2564
[0.2243408]
2565
[0.07357807]
2566
[0.19029428]
2567
[0.0771271]
2568
[0.1167676]
2569
[0.07198957]
2570
[0.10968347]
2571
[0.07287894]
2572
[0.08386399]
2573
[0.10065326]
2574
[0.10154264]
2575
[0.06266563]
2576
[0.12346528]
2577
[0.08233355]
2578
[0.06360097]
2579
[0.12083937]
2580
[0.06505859]
2581
[0.10386264]
2582
[0.06105023]
2583
[0.093169]
2584
[0.10403467]
2585
[0.06144612]
2586
[0.09351212]
2587
[0.13694168]
2588
[0.10261259]
2589
[0.1187463]
2590
[0.12779127]
2591
[0.06502007]
2592
[0.10840577]
2593
[0.0609208]
2594
[0.06780302]
2595
[0.15717604]
2596
[0.06242385]
2597
[0.10418204]
2598
[0.18972857]
2599
[0.17250179]
2600
[0.17600586]
2601
[0.08126047]
2602
[0.09970937]
2603
[0.06612429]
2604
[0.13895781]
2605
[0.1233946]
2606
[0.17466415]
2607
[0.07453599]
2608
[0.09977587]
2609
[0.06309423]
2610
[0.13194387]
2611
[0.16402175]
2612
[0.11852441]
2613
[0.16725301]
2614
[0.15289666]
2615
[0.0982582]
2616
[0.08208223]
2617
[0.06081869]
2618
[0.06386852]
2619
[0.11533742]
2620
[0.18584205]
2621
[0.05262531]
2622
[0.1041535]
2623
[0.07459977]
2624
[0.2112118]
2625
[0.21041165]
2626
[0.17276916]
2627
[0.05536497]
2628
[0.10843831]
2629
[0.14245675]
2630
[0.13913763]
2631
[0.06092767]
2632
[0.03190357]
2633
[0.10803694]
2634
[0.10697605]
2635
[0.18398996]
2636
[0.09683603]
2637
[0.21017209]
2638
[0.05549416]
2639
[0.09511949]
2640
[0.07346969]
2641
[0.07546082]
2642
[0.08721624]
2643
[0.22388858]
2644
[0.06043682]
2645
[0.06006898]
2646
[0.22601066]
2647
[0.1145123]
2648
[0.08629779]
2649
[0.16830963]
2650
[0.06558049]
2651
[0.13025463]
2652
[0.08927715]
2653
[0.20677104]
2654
[0.11203592]
2655
[0.0579272]
2656
[0.1053615]
2657
[0.11400439]
2658
[0.07604696]
2659
[0.20271253]
2660
[0.07674328]
2661
[0.13161403]
2662
[0.0731607]
2663
[0.11279605]
2664
[0.10214874]
2665
[0.11511667]
2666
[0.0850938]
2667
[0.09400846]
2668
[0.2099478]
2669
[0.18684296]
2670
[0.06830618]
2671
[0.13668798]
2672
[0.06378399]
2673
[0.06484428]
2674
[0.06043525]
2675
[0.1458387]
2676
[0.09517354]
2677
[0.09876095]
2678
[0.17770264]
2679
[0.21864631]
2680
[0.06109939]
2681
[0.0914068]
2682
[0.07565671]
2683
[0.07495495]
2684
[0.15303101]
2685
[0.11543056]
2686
[0.08167779]
2687
[0.06208299]
2688
[0.05213116]
2689
[0.09348793]
2690
[0.14624568]
2691
[0.09373385]
2692
[0.16551882]
2693
[0.14015176]
2694
[0.19623004]
2695
[0.10401816]
2696
[0.1093958]
2697
[0.1688267]
2698
[0.11860874]
2699
[0.10513556]
2700
[0.0628867]
2701
[0.08364386]
2702
[0.05359521]
2703
[0.14321059]
2704
[0.08638192]
2705
[0.07872759]
2706
[0.12117477]
2707
[0.11959298]
2708
[0.11761652]
2709
[0.19055144]
2710
[0.06021286]
2711
[0.05821876]
2712
[0.10590221]
2713
[0.06418848]
2714
[0.08675121]
2715
[0.14519358]
2716
[0.09868435]
2717
[0.07761141]
2718
[0.1008243]
2719
[0.09156148]
2720
[0.11155696]
2721
[0.0708898]
2722
[0.07340226]
2723
[0.13581078]
2724
[0.09179639]
2725
[0.15896472]
2726
[0.09492173]
2727
[0.05898586]
2728
[0.14301469]
2729
[0.12949156]
2730
[0.06042258]
2731
[0.10868821]
2732
[0.10949466]
2733
[0.13112698]
2734
[0.06294543]
2735
[0.18955572]
2736
[0.09827418]
2737
[0.08830001]
2738
[0.13032517]
2739
[0.09572579]
2740
[0.12626159]
2741
[0.08766845]
2742
[0.07434721]
2743
[0.09990427]
2744
[0.0616493]
2745
[0.06249023]
2746
[0.13123293]
2747
[0.21431116]
2748
[0.06419692]
2749
[0.19979319]
2750
[0.22286104]
2751
[0.12377136]
2752
[0.06474262]
2753
[0.17895754]
2754
[0.08807699]
2755
[0.09665497]
2756
[0.14107935]
2757
[0.14985606]
2758
[0.1052375]
2759
[0.08850592]
2760
[0.12542416]
2761
[0.08428214]
2762
[0.13970419]
2763
[0.08430884]
2764
[0.07270216]
2765
[0.11152774]
2766
[0.08681662]
2767
[0.06578023]
2768
[0.10031267]
2769
[0.12871134]
2770
[0.11214982]
2771
[0.11606838]
2772
[0.14380333]
2773
[0.09060145]
2774
[0.22252201]
2775
[0.06467913]
2776
[0.08036429]
2777
[0.09373937]
2778
[0.12746417]
2779
[0.06136576]
2780
[0.10393765]
2781
[0.11185356]
2782
[0.08688415]
2783
[0.06954634]
2784
[0.21511725]
2785
[0.1641635]
2786
[0.129721]
2787
[0.05059099]
2788
[0.07124375]
2789
[0.10314794]
2790
[0.07973344]
2791
[0.06607188]
2792
[0.08846826]
2793
[0.06125506]
2794
[0.10751677]
2795
[0.10367933]
2796
[0.07983724]
2797
[0.08722772]
2798
[0.20012936]
2799
[0.13071337]
2800
[0.15367472]
2801
[0.06980295]
2802
[0.11633689]
2803
[0.13527846]
2804
[0.0939649]
2805
[0.09432574]
2806
[0.060627]
2807
[0.05877719]
2808
[0.12433907]
2809
[0.11086714]
2810
[0.09106866]
2811
[0.05624937]
2812
[0.1504739]
2813
[0.08106041]
2814
[0.08100337]
2815
[0.15509791]
2816
[0.14780382]
2817
[0.1484944]
2818
[0.1062062]
2819
[0.20286509]
2820
[0.05694994]
2821
[0.16751962]
2822
[0.1241578]
2823
[0.09868607]
2824
[0.10850099]
2825
[0.18888127]
2826
[0.09273726]
2827
[0.08277058]
2828
[0.1331151]
2829
[0.13590683]
2830
[0.09825312]
2831
[0.09239944]
2832
[0.18176716]
2833
[0.06126296]
2834
[0.13285283]
2835
[0.08087706]
2836
[0.09750098]
2837
[0.1188793]
2838
[0.17288256]
2839
[0.1252356]
2840
[0.20003578]
2841
[0.0917078]
2842
[0.10378451]
2843
[0.08256872]
2844
[0.06809169]
2845
[0.15456564]
2846
[0.07953759]
2847
[0.07663369]
2848
[0.09547337]
2849
[0.08705743]
2850
[0.11770318]
2851
[0.10013611]
2852
[0.04712412]
2853
[0.19885133]
2854
[0.07635506]
2855
[0.07361062]
2856
[0.08843824]
2857
[0.1382439]
2858
[0.0539985]
2859
[0.10712598]
2860
[0.07265257]
2861
[0.07050486]
2862
[0.06857663]
2863
[0.07127849]
2864
[0.13377999]
2865
[0.12623473]
2866
[0.13177446]
2867
[0.08066085]
2868
[0.06220576]
2869
[0.05783642]
2870
[0.1662687]
2871
[0.06902687]
2872
[0.0760666]
2873
[0.07217921]
2874
[0.10999554]
2875
[0.12914386]
2876
[0.068474]
2877
[0.10725402]
2878
[0.07792604]
2879
[0.07604061]
2880
[0.13832562]
2881
[0.08455606]
2882
[0.0577588]
2883
[0.18491854]
2884
[0.17974869]
2885
[0.09583895]
2886
[0.08190611]
2887
[0.18160988]
2888
[0.11945781]
2889
[0.07091304]
2890
[0.18903722]
2891
[0.18086411]
2892
[0.1605576]
2893
[0.1034711]
2894
[0.08968197]
2895
[0.21740167]
2896
[0.15136138]
2897
[0.09209496]
2898
[0.14935541]
2899
[0.13330835]
2900
[0.1528563]
2901
[0.20069423]
2902
[0.14775907]
2903
[0.14215607]
2904
[0.10475535]
2905
[0.06318248]
2906
[0.12737193]
2907
[0.0761735]
2908
[0.10718804]
2909
[0.08040545]
2910
[0.10808567]
2911
[0.12889444]
2912
[0.20761795]
2913
[0.1162033]
2914
[0.10998443]
2915
[0.06568003]
2916
[0.09180266]
2917
[0.09609603]
2918
[0.07785926]
2919
[0.07824368]
2920
[0.21904841]
2921
[0.08118788]
2922
[0.18072668]
2923
[0.07767303]
2924
[0.19742795]
2925
[0.08253765]
2926
[0.11087399]
2927
[0.14186762]
2928
[0.06796114]
2929
[0.12684724]
2930
[0.07621196]
2931
[0.22907473]
2932
[0.17248266]
2933
[0.10512199]
2934
[0.10534622]
2935
[0.14073324]
2936
[0.10670732]
2937
[0.10385194]
2938
[0.07715579]
2939
[0.20815022]
2940
[0.09177062]
2941
[0.08214864]
2942
[0.08607484]
2943
[0.15173247]
2944
[0.15537374]
2945
[0.07692343]
2946
[0.0904046]
2947
[0.15945392]
2948
[0.11654781]
2949
[0.13206667]
2950
[0.0670484]
2951
[0.0637641]
2952
[0.08624986]
2953
[0.13036251]
2954
[0.11456428]
2955
[0.07853649]
2956
[0.0633034]
2957
[0.06033079]
2958
[0.10548422]
2959
[0.07400705]
2960
[0.08518228]
2961
[0.11623103]
2962
[0.1802782]
2963
[0.1375152]
2964
[0.11370309]
2965
[0.07292289]
2966
[0.14036582]
2967
[0.20605715]
2968
[0.18828006]
2969
[0.11500197]
2970
[0.08984225]
2971
[0.07883597]
2972
[0.15444642]
2973
[0.11612422]
2974
[0.06834209]
2975
[0.13836728]
2976
[0.07444118]
2977
[0.09252162]
2978
[0.10520164]
2979
[0.06200022]
2980
[0.19351629]
2981
[0.11580045]
2982
[0.07376096]
2983
[0.07783187]
2984
[0.111302]
2985
[0.11042403]
2986
[0.05297714]
2987
[0.18461899]
2988
[0.11804209]
2989
[0.1196245]
2990
[0.06827191]
2991
[0.10052285]
2992
[0.06148587]
2993
[0.11165188]
2994
[0.07235846]
2995
[0.17380664]
2996
[0.14696674]
2997
[0.21479009]
2998
[0.08826702]
2999
[0.12143796]
3000
[0.14391631]
3001
[0.10766847]
3002
[0.06687182]
3003
[0.07453949]
3004
[0.09019415]
3005
[0.07493674]
3006
[0.17844759]
3007
[0.10913143]
3008
[0.10820645]
3009
[0.19178754]
3010
[0.14298946]
3011
[0.11673513]
3012
[0.07836137]
3013
[0.13672123]
3014
[0.0970227]
3015
[0.21624232]
3016
[0.09025459]
3017
[0.20841537]
3018
[0.07708077]
3019
[0.07294643]
3020
[0.14092406]
3021
[0.11525742]
3022
[0.0591796]
3023
[0.16979198]
3024
[0.0573993]
3025
[0.08277229]
3026
[0.1168292]
3027
[0.12128325]
3028
[0.05609638]
3029
[0.09243242]
3030
[0.15047839]
3031
[0.05939989]
3032
[0.13766375]
3033
[0.1893834]
3034
[0.1122668]
3035
[0.09065742]
3036
[0.14511199]
3037
[0.12163597]
3038
[0.05699243]
3039
[0.11171169]
3040
[0.12997426]
3041
[0.16962745]
3042
[0.07585088]
3043
[0.18970164]
3044
[0.07567741]
3045
[0.09368802]
3046
[0.12651874]
3047
[0.0921604]
3048
[0.18997591]
3049
[0.06207036]
3050
[0.06070316]
3051
[0.08275869]
3052
[0.18928592]
3053
[0.09900477]
3054
[0.072079]
3055
[0.09556544]
3056
[0.07674371]
3057
[0.1325824]
3058
[0.13791287]
3059
[0.09064771]
3060
[0.17045806]
3061
[0.05708052]
3062
[0.23508525]
3063
[0.07622273]
3064
[0.11222291]
3065
[0.08591981]
3066
[0.07391725]
3067
[0.11014743]
3068
[0.13150347]
3069
[0.15843757]
3070
[0.10356011]
3071
[0.11447125]
3072
[0.12679144]
3073
[0.16386259]
3074
[0.07947351]
3075
[0.09270319]
3076
[0.04413416]
3077
[0.18689139]
3078
[0.07659775]
3079
[0.17772427]
3080
[0.07784091]
3081
[0.08450862]
3082
[0.16177132]
3083
[0.16715157]
3084
[0.09062049]
3085
[0.07447262]
3086
[0.14444542]
3087
[0.12078989]
3088
[0.15914777]
3089
[0.0784667]
3090
[0.08817479]
3091
[0.19202837]
3092
[0.06437748]
3093
[0.08133592]
3094
[0.07515819]
3095
[0.09387076]
3096
[0.14726661]
3097
[0.1153842]
3098
[0.09098211]
3099
[0.11197201]
3100
[0.14689671]
3101
[0.06594305]
3102
[0.22703007]
3103
[0.1689921]
3104
[0.10263847]
3105
[0.06411342]
3106
[0.10111878]
3107
[0.07719809]
3108
[0.1660009]
3109
[0.12093405]
3110
[0.12157266]
3111
[0.14489414]
3112
[0.08670124]
3113
[0.14010303]
3114
[0.06247627]
3115
[0.1058507]
3116
[0.21344733]
3117
[0.06097309]
3118
[0.05392348]
3119
[0.08818822]
3120
[0.09409809]
3121
[0.07857006]
3122
[0.13327415]
3123
[0.08221894]
3124
[0.06844207]
3125
[0.07925393]
3126
[0.08991983]
3127
[0.06674723]
3128
[0.18398472]
3129
[0.10935082]
3130
[0.12705375]
3131
[0.15609135]
3132
[0.10416016]
3133
[0.09518886]
3134
[0.11466225]
3135
[0.10931198]
3136
[0.10031161]
3137
[0.13807938]
3138
[0.17767657]
3139
[0.07841387]
3140
[0.16692321]
3141
[0.05484578]
3142
[0.07780252]
3143
[0.22532485]
3144
[0.17260807]
3145
[0.13510962]
3146
[0.0750236]
3147
[0.10295728]
3148
[0.11464192]
3149
[0.08833676]
3150
[0.10837509]
3151
[0.12502086]
3152
[0.08700655]
3153
[0.07502826]
3154
[0.2006349]
3155
[0.05880075]
3156
[0.05548696]
3157
[0.11748192]
3158
[0.18827883]
3159
[0.0653718]
3160
[0.06709801]
3161
[0.13152908]
3162
[0.12437065]
3163
[0.07292218]
3164
[0.17977731]
3165
[0.07928903]
3166
[0.07819584]
3167
[0.05987572]
3168
[0.11386144]
3169
[0.16494373]
3170
[0.10202916]
3171
[0.08801594]
3172
[0.14888238]
3173
[0.06340847]
3174
[0.1399371]
3175
[0.08829798]
3176
[0.07772848]
3177
[0.14614755]
3178
[0.10358225]
3179
[0.08231895]
3180
[0.14279278]
3181
[0.11386225]
3182
[0.08561381]
3183
[0.07694369]
3184
[0.18516599]
3185
[0.15959955]
3186
[0.05292284]
3187
[0.16193243]
3188
[0.10870486]
3189
[0.10007074]
3190
[0.11909084]
3191
[0.12147597]
3192
[0.14338131]
3193
[0.12792482]
3194
[0.0804063]
3195
[0.10033069]
3196
[0.14474142]
3197
[0.16183737]
3198
[0.09666451]
3199
[0.10769243]
3200
[0.0918699]
3201
[0.114783]
3202
[0.10592215]
3203
[0.06262742]
3204
[0.06655805]
3205
[0.11512191]
3206
[0.13865916]
3207
[0.09174321]
3208
[0.12422277]
3209
[0.07095224]
3210
[0.12087579]
3211
[0.07483607]
3212
[0.10402362]
3213
[0.08050473]
3214
[0.06778928]
3215
[0.12408722]
3216
[0.23538631]
3217
[0.04930711]
3218
[0.08837794]
3219
[0.10413543]
3220
[0.06284489]
3221
[0.08847329]
3222
[0.11194533]
3223
[0.14175738]
3224
[0.16579239]
3225
[0.06272675]
3226
[0.08675084]
3227
[0.0828773]
3228
[0.18025391]
3229
[0.11786937]
3230
[0.2080172]
3231
[0.06124282]
3232
[0.08728127]
3233
[0.07705082]
3234
[0.14661265]
3235
[0.10785767]
3236
[0.14198875]
3237
[0.09369849]
3238
[0.06801908]
3239
[0.08465587]
3240
[0.0942134]
3241
[0.10211575]
3242
[0.07623542]
3243
[0.09720685]
3244
[0.13339522]
3245
[0.0651933]
3246
[0.09455821]
3247
[0.15229426]
3248
[0.18744199]
3249
[0.10166922]
3250
[0.13171811]
3251
[0.08393691]
3252
[0.07546919]
3253
[0.15603594]
3254
[0.19274754]
3255
[0.18640518]
3256
[0.07183501]
3257
[0.18895164]
3258
[0.09271905]
3259
[0.19604795]
3260
[0.12240661]
3261
[0.15130553]
3262
[0.09404281]
3263
[0.1071486]
3264
[0.11490028]
3265
[0.1122499]
3266
[0.11263522]
3267
[0.04674121]
3268
[0.22462065]
3269
[0.21585353]
3270
[0.13771372]
3271
[0.06107]
3272
[0.06519455]
3273
[0.22453931]
3274
[0.08242053]
3275
[0.14100819]
3276
[0.09847789]
3277
[0.09399956]
3278
[0.12492391]
3279
[0.09363383]
3280
[0.10466489]
3281
[0.19703817]
3282
[0.08398931]
3283
[0.20228139]
3284
[0.11106698]
3285
[0.18931949]
3286
[0.19264069]
3287
[0.14934334]
3288
[0.07007826]
3289
[0.14219212]
3290
[0.12228545]
3291
[0.06792554]
3292
[0.07551364]
3293
[0.0760235]
3294
[0.09530679]
3295
[0.15300288]
3296
[0.06382789]
3297
[0.14464248]
3298
[0.09463447]
3299
[0.08957985]
3300
[0.19475793]
3301
[0.09486006]
3302
[0.11901902]
3303
[0.19220289]
3304
[0.13237045]
3305
[0.07876462]
3306
[0.06283964]
3307
[0.07666526]
3308
[0.10964956]
3309
[0.09462403]
3310
[0.1069249]
3311
[0.18325235]
3312
[0.19072012]
3313
[0.08112613]
3314
[0.13978527]
3315
[0.10676904]
3316
[0.08572436]
3317
[0.11030985]
3318
[0.13008727]
3319
[0.10373958]
3320
[0.11184168]
3321
[0.07484054]
3322
[0.06731084]
3323
[0.07297818]
3324
[0.0528904]
3325
[0.11399427]
3326
[0.17568385]
3327
[0.05851358]
3328
[0.05835038]
3329
[0.10915029]
3330
[0.11762481]
3331
[0.07298888]
3332
[0.14641989]
3333
[0.08559074]
3334
[0.16638081]
3335
[0.10666067]
3336
[0.07155115]
3337
[0.15783011]
3338
[0.09764397]
3339
[0.08609265]
3340
[0.08437999]
3341
[0.13583992]
3342
[0.09954541]
3343
[0.12761634]
3344
[0.08591152]
3345
[0.11399805]
3346
[0.07704979]
3347
[0.17645125]
3348
[0.08040357]
3349
[0.10099799]
3350
[0.055386]
3351
[0.12028078]
3352
[0.192157]
3353
[0.07650582]
3354
[0.0837394]
3355
[0.17368259]
3356
[0.10878626]
3357
[0.18841824]
3358
[0.16680773]
3359
[0.10591212]
3360
[0.17143197]
3361
[0.1372162]
3362
[0.15427249]
3363
[0.08002648]
3364
[0.07674676]
3365
[0.10091923]
3366
[0.07374436]
3367
[0.09325294]
3368
[0.18726506]
3369
[0.12409557]
3370
[0.07570815]
3371
[0.07563891]
3372
[0.13977374]
3373
[0.10163222]
3374
[0.23682966]
3375
[0.16170536]
3376
[0.19323061]
3377
[0.05056335]
3378
[0.13778577]
3379
[0.23744722]
3380
[0.14790621]
3381
[0.18376268]
3382
[0.06850569]
3383
[0.12181972]
3384
[0.09596833]
3385
[0.10139387]
3386
[0.09053443]
3387
[0.12153917]
3388
[0.08116899]
3389
[0.09400349]
3390
[0.11276257]
3391
[0.18577333]
3392
[0.06354715]
3393
[0.16547058]
3394
[0.08082997]
3395
[0.08990869]
3396
[0.07239352]
3397
[0.08510915]
3398
[0.18201004]
3399
[0.13632827]
3400
[0.05994354]
3401
[0.09582633]
3402
[0.14956379]
3403
[0.04895382]
3404
[0.0450606]
3405
[0.15354804]
3406
[0.07399111]
3407
[0.08123869]
3408
[0.07049502]
3409
[0.09211567]
3410
[0.17664811]
3411
[0.10491121]
3412
[0.16062326]
3413
[0.05847626]
3414
[0.0919872]
3415
[0.13047395]
3416
[0.10606244]
3417
[0.08845343]
3418
[0.06292169]
3419
[0.0740605]
3420
[0.14980167]
3421
[0.07183269]
3422
[0.10937673]
3423
[0.11745899]
3424
[0.07489308]
3425
[0.14164987]
3426
[0.08376852]
3427
[0.09872501]
3428
[0.12541414]
3429
[0.13756653]
3430
[0.08171045]
3431
[0.05474208]
3432
[0.20471577]
3433
[0.12260498]
3434
[0.09005547]
3435
[0.09922106]
3436
[0.20499747]
3437
[0.09846802]
3438
[0.09491624]
3439
[0.0544393]
3440
[0.11662417]
3441
[0.12387336]
3442
[0.10221085]
3443
[0.08833023]
3444
[0.07088334]
3445
[0.07507422]
3446
[0.07431894]
3447
[0.17165271]
3448
[0.08375653]
3449
[0.095014]
3450
[0.16335512]
3451
[0.10853261]
3452
[0.12777648]
3453
[0.11928653]
3454
[0.20606691]
3455
[0.08505688]
3456
[0.08836968]
3457
[0.08858313]
3458
[0.14115523]
3459
[0.15269399]
3460
[0.07104284]
3461
[0.15157614]
3462
[0.10329405]
3463
[0.1055509]
3464
[0.04252385]
3465
[0.14338089]
3466
[0.09070039]
3467
[0.10067495]
3468
[0.09275284]
3469
[0.10417339]
3470
[0.08926431]
3471
[0.10575885]
3472
[0.10326767]
3473
[0.05552469]
3474
[0.21771555]
3475
[0.10742239]
3476
[0.16689154]
3477
[0.05775265]
3478
[0.12826023]
3479
[0.10915335]
3480
[0.06627158]
3481
[0.16518928]
3482
[0.07573241]
3483
[0.07235217]
3484
[0.10942768]
3485
[0.07133594]
3486
[0.13825534]
3487
[0.15498541]
3488
[0.04844601]
3489
[0.14461902]
3490
[0.14278765]
3491
[0.06039786]
3492
[0.12020567]
3493
[0.07995172]
3494
[0.08929835]
3495
[0.0925519]
3496
[0.198065]
3497
[0.08395092]
3498
[0.18988004]
3499
[0.06915977]
3500
[0.07890914]
3501
[0.13035298]
3502
[0.1315566]
3503
[0.09896057]
3504
[0.07042106]
3505
[0.07090786]
3506
[0.13193246]
3507
[0.07433353]
3508
[0.20303868]
3509
[0.09200124]
3510
[0.10964936]
3511
[0.05823323]
3512
[0.08440551]
3513
[0.12788381]
3514
[0.09711277]
3515
[0.20030377]
3516
[0.10196181]
3517
[0.17996462]
3518
[0.14507391]
3519
[0.16861759]
3520
[0.11094205]
3521
[0.0630519]
3522
[0.22875571]
3523
[0.12989562]
3524
[0.08489647]
3525
[0.056026]
3526
[0.06444806]
3527
[0.08627112]
3528
[0.06641299]
3529
[0.15436551]
3530
[0.09851753]
3531
[0.17236339]
3532
[0.10602853]
3533
[0.08702699]
3534
[0.09188099]
3535
[0.06723077]
3536
[0.10862049]
3537
[0.07568467]
3538
[0.08500128]
3539
[0.12668124]
3540
[0.07073638]
3541
[0.07353401]
3542
[0.08435401]
3543
[0.18512561]
3544
[0.19096108]
3545
[0.08891199]
3546
[0.06111796]
3547
[0.09322816]
3548
[0.12240465]
3549
[0.06587115]
3550
[0.1512596]
3551
[0.07475248]
3552
[0.12022366]
3553
[0.06560568]
3554
[0.09116474]
3555
[0.1087735]
3556
[0.07368738]
3557
[0.08229774]
3558
[0.1322059]
3559
[0.10655591]
3560
[0.10838714]
3561
[0.06620999]
3562
[0.10884791]
3563
[0.19712795]
3564
[0.04485654]
3565
[0.1817102]
3566
[0.09258159]
3567
[0.11142604]
3568
[0.12230391]
3569
[0.11944272]
3570
[0.0866391]
3571
[0.09632493]
3572
[0.1244817]
3573
[0.06904589]
3574
[0.12250945]
3575
[0.20422405]
3576
[0.0452137]
3577
[0.10978207]
3578
[0.15401643]
3579
[0.09205697]
3580
[0.08416788]
3581
[0.06541714]
3582
[0.12261436]
3583
[0.07734992]
3584
[0.09529431]
3585
[0.05961489]
3586
[0.17206857]
3587
[0.10519628]
3588
[0.20372097]
3589
[0.0970491]
3590
[0.08500519]
3591
[0.08117466]
3592
[0.19662687]
3593
[0.12979642]
3594
[0.06122615]
3595
[0.10688011]
3596
[0.18536526]
3597
[0.10702003]
3598
[0.10375939]
3599
[0.08763141]
3600
[0.22261824]
3601
[0.08840236]
3602
[0.07843391]
3603
[0.09285121]
3604
[0.07968286]
3605
[0.09725555]
3606
[0.0811113]
3607
[0.07807344]
3608
[0.0893481]
3609
[0.14150894]
3610
[0.11283712]
3611
[0.11147439]
3612
[0.16763505]
3613
[0.12912257]
3614
[0.11761617]
3615
[0.04692804]
3616
[0.14029852]
3617
[0.0667649]
3618
[0.14766915]
3619
[0.10474499]
3620
[0.14031487]
3621
[0.09971867]
3622
[0.22679504]
3623
[0.10631737]
3624
[0.07590577]
3625
[0.08549031]
3626
[0.10952067]
3627
[0.07592776]
3628
[0.057291]
3629
[0.22371437]
3630
[0.08287558]
3631
[0.20118226]
3632
[0.1779703]
3633
[0.18237306]
3634
[0.10830634]
3635
[0.08718594]
3636
[0.05628427]
3637
[0.07012877]
3638
[0.18782083]
3639
[0.16999738]
3640
[0.14105447]
3641
[0.18755457]
3642
[0.19491328]
3643
[0.09906698]
3644
[0.2006704]
3645
[0.05668549]
3646
[0.196354]
3647
[0.12001733]
3648
[0.08246876]
3649
[0.10056715]
3650
[0.04432497]
3651
[0.09877954]
3652
[0.12372196]
3653
[0.08713155]
3654
[0.08625544]
3655
[0.06906808]
3656
[0.07929177]
3657
[0.0795659]
3658
[0.20628595]
3659
[0.13453518]
3660
[0.07712358]
3661
[0.11162296]
3662
[0.13377778]
3663
[0.09462502]
3664
[0.18196676]
3665
[0.14778573]
3666
[0.06381274]
3667
[0.11825035]
3668
[0.09882284]
3669
[0.10164791]
3670
[0.10053792]
3671
[0.12553165]
3672
[0.14526832]
3673
[0.13495871]
3674
[0.15621936]
3675
[0.06871167]
3676
[0.18103153]
3677
[0.0779273]
3678
[0.08298002]
3679
[0.09639366]
3680
[0.11434014]
3681
[0.1133414]
3682
[0.05217173]
3683
[0.1970778]
3684
[0.09438407]
3685
[0.11360643]
3686
[0.18632389]
3687
[0.10734864]
3688
[0.0821211]
3689
[0.09318243]
3690
[0.09531067]
3691
[0.23283334]
3692
[0.15389294]
3693
[0.09707577]
3694
[0.23086537]
3695
[0.12678357]
3696
[0.05603075]
3697
[0.07971793]
3698
[0.14035337]
3699
[0.19138921]
3700
[0.13596174]
3701
[0.13654216]
3702
[0.0893444]
3703
[0.16395258]
3704
[0.09971583]
3705
[0.13613423]
3706
[0.14095624]
3707
[0.08801746]
3708
[0.1316792]
3709
[0.13847216]
3710
[0.06789017]
3711
[0.12226662]
3712
[0.10358828]
3713
[0.09812517]
3714
[0.09444764]
3715
[0.12567307]
3716
[0.0605931]
3717
[0.09891213]
3718
[0.10343813]
3719
[0.06926043]
3720
[0.16074199]
3721
[0.07594148]
3722
[0.07635753]
3723
[0.07085451]
3724
[0.1086074]
3725
[0.09893649]
3726
[0.12867354]
3727
[0.14099451]
3728
[0.12470234]
3729
[0.176283]
3730
[0.11842168]
3731
[0.18742729]
3732
[0.05679021]
3733
[0.07521231]
3734
[0.12876147]
3735
[0.11875141]
3736
[0.089505]
3737
[0.07590315]
3738
[0.10809817]
3739
[0.22639243]
3740
[0.10716404]
3741
[0.08957916]
3742
[0.06351004]
3743
[0.08390669]
3744
[0.13640215]
3745
[0.10874863]
3746
[0.05147117]
3747
[0.09316589]
3748
[0.1114876]
3749
[0.07846007]
3750
[0.1183832]
3751
[0.05415672]
3752
[0.08589691]
3753
[0.10045245]
3754
[0.06156155]
3755
[0.17254747]
3756
[0.15062047]
3757
[0.10603474]
3758
[0.13687887]
3759
[0.0879179]
3760
[0.05893339]
3761
[0.1561491]
3762
[0.08840358]
3763
[0.05012625]
3764
[0.07978592]
3765
[0.0558986]
3766
[0.09803602]
3767
[0.18165824]
3768
[0.11817591]
3769
[0.12376312]
3770
[0.08283086]
3771
[0.13703503]
3772
[0.12401363]
3773
[0.08359136]
3774
[0.13198214]
3775
[0.07211618]
3776
[0.06180724]
3777
[0.20652631]
3778
[0.06021032]
3779
[0.10463674]
3780
[0.05914088]
3781
[0.17648153]
3782
[0.13492746]
3783
[0.07435101]
3784
[0.09267064]
3785
[0.20900674]
3786
[0.11245809]
3787
[0.08439401]
3788
[0.0898797]
3789
[0.06133841]
3790
[0.075006]
3791
[0.08847687]
3792
[0.11467627]
3793
[0.10028251]
3794
[0.09275485]
3795
[0.07701528]
3796
[0.17993357]
3797
[0.10543682]
3798
[0.07227458]
3799
[0.19073645]
3800
[0.16496812]
3801
[0.10973061]
3802
[0.10598872]
3803
[0.0735453]
3804
[0.08409466]
3805
[0.1861912]
3806
[0.08347069]
3807
[0.15230957]
3808
[0.06090744]
3809
[0.07871955]
3810
[0.14749408]
3811
[0.14345841]
3812
[0.19645728]
3813
[0.09352483]
3814
[0.14925423]
3815
[0.07342498]
3816
[0.1214293]
3817
[0.08657864]
3818
[0.07996678]
3819
[0.06020845]
3820
[0.09663806]
3821
[0.10991862]
3822
[0.06615375]
3823
[0.19445165]
3824
[0.17374499]
3825
[0.06460772]
3826
[0.12060922]
3827
[0.09141043]
3828
[0.15414704]
3829
[0.14049642]
3830
[0.06961411]
3831
[0.11498737]
3832
[0.0743994]
3833
[0.14172142]
3834
[0.12622763]
3835
[0.13568008]
3836
[0.06345929]
3837
[0.08394997]
3838
[0.10340776]
3839
[0.10261509]
3840
[0.05579385]
3841
[0.06961715]
3842
[0.06539041]
3843
[0.06275232]
3844
[0.14326475]
3845
[0.11361311]
3846
[0.11607788]
3847
[0.09863829]
3848
[0.09799201]
3849
[0.08628341]
3850
[0.09467314]
3851
[0.16828644]
3852
[0.06024215]
3853
[0.13092224]
3854
[0.11892088]
3855
[0.21639873]
3856
[0.05164037]
3857
[0.10947386]
3858
[0.07104869]
3859
[0.05449966]
3860
[0.15814023]
3861
[0.08496337]
3862
[0.09709637]
3863
[0.08968737]
3864
[0.11979216]
3865
[0.07746125]
3866
[0.20240771]
3867
[0.06063927]
3868
[0.1931846]
3869
[0.06968838]
3870
[0.09525538]
3871
[0.05776384]
3872
[0.09311564]
3873
[0.11225496]
3874
[0.1430926]
3875
[0.18100523]
3876
[0.09064067]
3877
[0.08873116]
3878
[0.10696083]
3879
[0.13360772]
3880
[0.09498868]
3881
[0.08455931]
3882
[0.0590737]
3883
[0.07359038]
3884
[0.17513004]
3885
[0.11324749]
3886
[0.11295092]
3887
[0.15750399]
3888
[0.10198479]
3889
[0.11153917]
3890
[0.08003473]
3891
[0.09666199]
3892
[0.06144944]
3893
[0.12659772]
3894
[0.07613563]
3895
[0.07673032]
3896
[0.07838804]
3897
[0.09153299]
3898
[0.19117536]
3899
[0.10487081]
3900
[0.09118859]
3901
[0.15647188]
3902
[0.07239255]
3903
[0.08244258]
3904
[0.0779332]
3905
[0.09481486]
3906
[0.15582631]
3907
[0.11283924]
3908
[0.05791019]
3909
[0.13759224]
3910
[0.06376418]
3911
[0.05330734]
3912
[0.2206412]
3913
[0.14425938]
3914
[0.13736928]
3915
[0.12697479]
3916
[0.13275138]
3917
[0.21359878]
3918
[0.14512083]
3919
[0.13156297]
3920
[0.05729826]
3921
[0.08697684]
3922
[0.11267764]
3923
[0.10221062]
3924
[0.1145954]
3925
[0.12283558]
3926
[0.10385731]
3927
[0.09416232]
3928
[0.11472206]
3929
[0.08173799]
3930
[0.16960789]
3931
[0.11986348]
3932
[0.13388485]
3933
[0.19801755]
3934
[0.09388878]
3935
[0.16641382]
3936
[0.12006627]
3937
[0.09834772]
3938
[0.10025415]
3939
[0.19322214]
3940
[0.12347929]
3941
[0.17373533]
3942
[0.0754958]
3943
[0.0812945]
3944
[0.15810525]
3945
[0.1183979]
3946
[0.09619587]
3947
[0.23223932]
3948
[0.23227138]
3949
[0.13553501]
3950
[0.09213871]
3951
[0.15085109]
3952
[0.08369067]
3953
[0.13151404]
3954
[0.15761063]
3955
[0.21622458]
3956
[0.15684006]
3957
[0.06179956]
3958
[0.08796864]
3959
[0.09904145]
3960
[0.10368121]
3961
[0.18143496]
3962
[0.08601952]
3963
[0.09249304]
3964
[0.08171419]
3965
[0.07328889]
3966
[0.1499178]
3967
[0.19173765]
3968
[0.08468201]
3969
[0.10711906]
3970
[0.18430727]
3971
[0.11632649]
3972
[0.08869097]
3973
[0.08131785]
3974
[0.1024829]
3975
[0.12556051]
3976
[0.07845511]
3977
[0.11734584]
3978
[0.15644783]
3979
[0.06808302]
3980
[0.10598784]
3981
[0.16122032]
3982
[0.0616769]
3983
[0.09720744]
3984
[0.09461125]
3985
[0.16276945]
3986
[0.09273274]
3987
[0.0744509]
3988
[0.04246023]
3989
[0.07673623]
3990
[0.11973476]
3991
[0.15419115]
3992
[0.0930688]
3993
[0.10007964]
3994
[0.06013771]
3995
[0.10493339]
3996
[0.07550655]
3997
[0.09422192]
3998
[0.11509699]
3999
[0.11476897]
4000
[0.05592118]
4001
[0.07822746]
4002
[0.07972005]
4003
[0.13999675]
4004
[0.1266144]
4005
[0.06395114]
4006
[0.09404504]
4007
[0.09721779]
4008
[0.09717764]
4009
[0.13795063]
4010
[0.14996242]
4011
[0.11116221]
4012
[0.10331223]
4013
[0.21499478]
4014
[0.1256705]
4015
[0.10853703]
4016
[0.11307672]
4017
[0.06862614]
4018
[0.22110234]
4019
[0.07960013]
4020
[0.05342113]
4021
[0.12939855]
4022
[0.06013614]
4023
[0.06390477]
4024
[0.12927456]
4025
[0.11912049]
4026
[0.08995327]
4027
[0.11802414]
4028
[0.13579772]
4029
[0.16330104]
4030
[0.05641464]
4031
[0.15731942]
4032
[0.06667691]
4033
[0.06085494]
4034
[0.1157845]
4035
[0.13240551]
4036
[0.06955442]
4037
[0.14555405]
4038
[0.1194448]
4039
[0.14841016]
4040
[0.16716249]
4041
[0.03275805]
4042
[0.09788798]
4043
[0.04154622]
4044
[0.06717786]
4045
[0.19277619]
4046
[0.1007833]
4047
[0.05350113]
4048
[0.14001465]
4049
[0.07123416]
4050
[0.0742419]
4051
[0.1127168]
4052
[0.12665185]
4053
[0.141597]
4054
[0.06041524]
4055
[0.12980944]
4056
[0.10137164]
4057
[0.0918712]
4058
[0.17831832]
4059
[0.09198817]
4060
[0.19389054]
4061
[0.14370492]
4062
[0.20933877]
4063
[0.20390862]
4064
[0.15084301]
4065
[0.17224666]
4066
[0.11692528]
4067
[0.08689158]
4068
[0.11206272]
4069
[0.08020392]
4070
[0.11419849]
4071
[0.06877166]
4072
[0.15060788]
4073
[0.20770784]
4074
[0.0863978]
4075
[0.07422428]
4076
[0.0950796]
4077
[0.19416321]
4078
[0.11126864]
4079
[0.07955481]
4080
[0.0781119]
4081
[0.18964972]
4082
[0.08266113]
4083
[0.1158414]
4084
[0.1562546]
4085
[0.07710652]
4086
[0.10039234]
4087
[0.09032796]
4088
[0.16329169]
4089
[0.2064791]
4090
[0.07499982]
4091
[0.11765944]
4092
[0.19348898]
4093
[0.11306114]
4094
[0.10874274]
4095
[0.06874058]
4096
[0.15534222]
4097
[0.10550668]
4098
[0.17951937]
4099
[0.07622953]
4100
[0.19386663]
4101
[0.04525415]
4102
[0.08081649]
4103
[0.05577775]
4104
[0.13102101]
4105
[0.0801876]
4106
[0.11472302]
4107
[0.08212276]
4108
[0.08131011]
4109
[0.09990152]
4110
[0.10965198]
4111
[0.07936766]
4112
[0.19321632]
4113
[0.0699444]
4114
[0.07034282]
4115
[0.08624836]
4116
[0.13768927]
4117
[0.11151878]
4118
[0.17046787]
4119
[0.10689619]
4120
[0.08397519]
4121
[0.09093918]
4122
[0.13206963]
4123
[0.10404582]
4124
[0.14133373]
4125
[0.16834301]
4126
[0.13992456]
4127
[0.15269218]
4128
[0.19487825]
4129
[0.16812826]
4130
[0.08686559]
4131
[0.16289228]
4132
[0.06036242]
4133
[0.08590248]
4134
[0.10374118]
4135
[0.05876714]
4136
[0.13389041]
4137
[0.10352118]
4138
[0.07458324]
4139
[0.12709159]
4140
[0.09909775]
4141
[0.12624268]
4142
[0.12141659]
4143
[0.0777384]
4144
[0.10150991]
4145
[0.10898878]
4146
[0.11714275]
4147
[0.054517]
4148
[0.12096149]
4149
[0.14711903]
4150
[0.14375635]
4151
[0.06006474]
4152
[0.0767005]
4153
[0.07200886]
4154
[0.11344118]
4155
[0.0607228]
4156
[0.13673366]
4157
[0.10839299]
4158
[0.06375287]
4159
[0.0760493]
4160
[0.14808472]
4161
[0.07889264]
4162
[0.22064284]
4163
[0.0704658]
4164
[0.0965768]
4165
[0.18785926]
4166
[0.21878409]
4167
[0.10567385]
4168
[0.11110069]
4169
[0.07557095]
4170
[0.07924127]
4171
[0.0839078]
4172
[0.18906036]
4173
[0.0604036]
4174
[0.04856663]
4175
[0.09785613]
4176
[0.05730087]
4177
[0.07286579]
4178
[0.14418579]
4179
[0.08081247]
4180
[0.08010748]
4181
[0.11281252]
4182
[0.17104228]
4183
[0.07537444]
4184
[0.05858322]
4185
[0.11013983]
4186
[0.21793509]
4187
[0.0650755]
4188
[0.08671901]
4189
[0.10603178]
4190
[0.12343313]
4191
[0.14823323]
4192
[0.07111434]
4193
[0.19545529]
4194
[0.06842887]
4195
[0.13474621]
4196
[0.20064243]
4197
[0.13420647]
4198
[0.17697316]
4199
[0.15268434]
4200
[0.09750451]
4201
[0.12605771]
4202
[0.16754908]
4203
[0.08159623]
4204
[0.07116525]
4205
[0.12910853]
4206
[0.1881451]
4207
[0.09944229]
4208
[0.08979576]
4209
[0.15122049]
4210
[0.09360429]
4211
[0.10835436]
4212
[0.0489197]
4213
[0.05924367]
4214
[0.18633764]
4215
[0.08011843]
4216
[0.10852251]
4217
[0.20542672]
4218
[0.1009479]
4219
[0.1351456]
4220
[0.13957345]
4221
[0.09843467]
4222
[0.1315388]
4223
[0.13794367]
4224
[0.09357889]
4225
[0.06698488]
4226
[0.16829984]
4227
[0.12461179]
4228
[0.05981487]
4229
[0.09175611]
4230
[0.09502055]
4231
[0.10338903]
4232
[0.15146271]
4233
[0.12197524]
4234
[0.09477467]
4235
[0.06291586]
4236
[0.08186511]
4237
[0.06395305]
4238
[0.08317414]
4239
[0.10037501]
4240
[0.12465593]
4241
[0.06617521]
4242
[0.08278658]
4243
[0.10820214]
4244
[0.10667893]
4245
[0.15838056]
4246
[0.14591365]
4247
[0.06514901]
4248
[0.11003097]
4249
[0.09319949]
4250
[0.06828659]
4251
[0.06341574]
4252
[0.17088276]
4253
[0.07573141]
4254
[0.10434807]
4255
[0.15691408]
4256
[0.15751708]
4257
[0.1242702]
4258
[0.15848259]
4259
[0.11494857]
4260
[0.08160823]
4261
[0.19281506]
4262
[0.21389783]
4263
[0.18412125]
4264
[0.10819064]
4265
[0.15136883]
4266
[0.13545284]
4267
[0.05832346]
4268
[0.10582627]
4269
[0.06788639]
4270
[0.21408711]
4271
[0.09459776]
4272
[0.17164276]
4273
[0.1697279]
4274
[0.18428684]
4275
[0.19462848]
4276
[0.09806145]
4277
[0.1224397]
4278
[0.1728742]
4279
[0.07834896]
4280
[0.12135538]
4281
[0.07785688]
4282
[0.11143168]
4283
[0.14157286]
4284
[0.11687461]
4285
[0.20169006]
4286
[0.10734219]
4287
[0.12093015]
4288
[0.07463609]
4289
[0.14116725]
4290
[0.19606221]
4291
[0.17412629]
4292
[0.06703091]
4293
[0.10656689]
4294
[0.19031643]
4295
[0.22137185]
4296
[0.07282703]
4297
[0.13682752]
4298
[0.11504631]
4299
[0.14371149]
4300
[0.07090823]
4301
[0.09377846]
4302
[0.08951483]
4303
[0.06421805]
4304
[0.08098097]
4305
[0.17424018]
4306
[0.13501934]
4307
[0.07681483]
4308
[0.10209774]
4309
[0.13782585]
4310
[0.17526991]
4311
[0.06108812]
4312
[0.06091721]
4313
[0.12113963]
4314
[0.03950426]
4315
[0.05856787]
4316
[0.13166295]
4317
[0.08401211]
4318
[0.08003457]
4319
[0.06098839]
4320
[0.09747165]
4321
[0.06965126]
4322
[0.11280915]
4323
[0.06042663]
4324
[0.22246073]
4325
[0.10707641]
4326
[0.08731713]
4327
[0.13283719]
4328
[0.13766236]
4329
[0.11558641]
4330
[0.10282504]
4331
[0.15005667]
4332
[0.09110873]
4333
[0.2144539]
4334
[0.10603384]
4335
[0.18655536]
4336
[0.12892121]
4337
[0.09276711]
4338
[0.05723339]
4339
[0.11597598]
4340
[0.10770171]
4341
[0.07502859]
4342
[0.05494351]
4343
[0.11344686]
4344
[0.0999139]
4345
[0.09417849]
4346
[0.17706441]
4347
[0.06808708]
4348
[0.12714286]
4349
[0.13004972]
4350
[0.10122152]
4351
[0.06512522]
4352
[0.10315666]
4353
[0.15403052]
4354
[0.17685412]
4355
[0.10339449]
4356
[0.09130309]
4357
[0.06579008]
4358
[0.11886777]
4359
[0.080927]
4360
[0.19319527]
4361
[0.16621718]
4362
[0.05703211]
4363
[0.15229416]
4364
[0.08603161]
4365
[0.0744922]
4366
[0.10590956]
4367
[0.06272981]
4368
[0.08843079]
4369
[0.07260987]
4370
[0.05940446]
4371
[0.13281945]
4372
[0.0799128]
4373
[0.1063712]
4374
[0.09042608]
4375
[0.18221967]
4376
[0.09803047]
4377
[0.14589909]
4378
[0.14534636]
4379
[0.04976491]
4380
[0.08223558]
4381
[0.1012944]
4382
[0.11248126]
4383
[0.12688944]
4384
[0.07524866]
4385
[0.12178553]
4386
[0.09770954]
4387
[0.13906842]
4388
[0.06374479]
4389
[0.08295709]
4390
[0.13479756]
4391
[0.04781519]
4392
[0.15260879]
4393
[0.20818691]
4394
[0.08973329]
4395
[0.1196189]
4396
[0.0601651]
4397
[0.16480981]
4398
[0.08308912]
4399
[0.02814413]
4400
[0.06012601]
4401
[0.08877266]
4402
[0.07201981]
4403
[0.08306123]
4404
[0.08198945]
4405
[0.10970069]
4406
[0.19908177]
4407
[0.06539607]
4408
[0.23372588]
4409
[0.19564259]
4410
[0.06272593]
4411
[0.18448818]
4412
[0.20298821]
4413
[0.16726991]
4414
[0.06988719]
4415
[0.09978466]
4416
[0.08002211]
4417
[0.06431555]
4418
[0.09621542]
4419
[0.08701172]
4420
[0.10489175]
4421
[0.07741457]
4422
[0.08193799]
4423
[0.14392228]
4424
[0.14496758]
4425
[0.06768913]
4426
[0.10539842]
4427
[0.16146081]
4428
[0.08082172]
4429
[0.13225198]
4430
[0.05771629]
4431
[0.16177573]
4432
[0.06002849]
4433
[0.08232669]
4434
[0.06081051]
4435
[0.13879384]
4436
[0.1933561]
4437
[0.05597512]
4438
[0.19044189]
4439
[0.07964279]
4440
[0.09993973]
4441
[0.08102108]
4442
[0.18428455]
4443
[0.1321406]
4444
[0.06989314]
4445
[0.06669154]
4446
[0.17360051]
4447
[0.149583]
4448
[0.1865852]
4449
[0.17337924]
4450
[0.10568399]
4451
[0.09315772]
4452
[0.12862133]
4453
[0.15688025]
4454
[0.09435676]
4455
[0.20594425]
4456
[0.13040641]
4457
[0.05091635]
4458
[0.16075825]
4459
[0.16338027]
4460
[0.13588787]
4461
[0.14581296]
4462
[0.21107851]
4463
[0.12565713]
4464
[0.21262174]
4465
[0.09840692]
4466
[0.06100421]
4467
[0.07387385]
4468
[0.11118382]
4469
[0.10655424]
4470
[0.0787787]
4471
[0.12176678]
4472
[0.07036054]
4473
[0.07934564]
4474
[0.07287317]
4475
[0.11951187]
4476
[0.14989696]
4477
[0.06222098]
4478
[0.08085958]
4479
[0.06227833]
4480
[0.19396654]
4481
[0.08450715]
4482
[0.15165161]
4483
[0.0613241]
4484
[0.08645131]
4485
[0.07622404]
4486
[0.09493512]
4487
[0.09087072]
4488
[0.14013351]
4489
[0.05164375]
4490
[0.08219999]
4491
[0.11052263]
4492
[0.12960094]
4493
[0.09707382]
4494
[0.10670799]
4495
[0.05842386]
4496
[0.10173095]
4497
[0.09852147]
4498
[0.08456872]
4499
[0.12146112]
4500
[0.12394049]
4501
[0.07144443]
4502
[0.18503757]
4503
[0.08495272]
4504
[0.06772016]
4505
[0.09945243]
4506
[0.1076066]
4507
[0.12433827]
4508
[0.09695762]
4509
[0.10290561]
4510
[0.1405307]
4511
[0.14670792]
4512
[0.07533367]
4513
[0.09132485]
4514
[0.08341142]
4515
[0.1328184]
4516
[0.09117043]
4517
[0.10096635]
4518
[0.11441293]
4519
[0.12136828]
4520
[0.06679844]
4521
[0.14651833]
4522
[0.05518197]
4523
[0.12546033]
4524
[0.07648589]
4525
[0.07331353]
4526
[0.08782416]
4527
[0.12872857]
4528
[0.11031367]
4529
[0.05182216]
4530
[0.08894453]
4531
[0.04778666]
4532
[0.21685743]
4533
[0.15952043]
4534
[0.10533877]
4535
[0.11361556]
4536
[0.0665359]
4537
[0.14673762]
4538
[0.10207619]
4539
[0.1367363]
4540
[0.08743816]
4541
[0.10809904]
4542
[0.09582149]
4543
[0.07328465]
4544
[0.11526839]
4545
[0.08989982]
4546
[0.1279316]
4547
[0.0950303]
4548
[0.11037362]
4549
[0.12079154]
4550
[0.08586829]
4551
[0.09413211]
4552
[0.10990454]
4553
[0.07277129]
4554
[0.0634465]
4555
[0.09016308]
4556
[0.0853331]
4557
[0.07755942]
4558
[0.22308596]
4559
[0.10143805]
4560
[0.06032353]
4561
[0.0549488]
4562
[0.08615218]
4563
[0.14140735]
4564
[0.06844283]
4565
[0.1148827]
4566
[0.10179076]
4567
[0.13629195]
4568
[0.0673782]
4569
[0.07180561]
4570
[0.07148159]
4571
[0.08377525]
4572
[0.11849952]
4573
[0.10568963]
4574
[0.1388935]
4575
[0.05949453]
4576
[0.09904263]
4577
[0.06196335]
4578
[0.06292329]
4579
[0.13231631]
4580
[0.07611199]
4581
[0.10799603]
4582
[0.1104589]
4583
[0.09063344]
4584
[0.0723765]
4585
[0.06474586]
4586
[0.09269851]
4587
[0.16593724]
4588
[0.07795323]
4589
[0.06769467]
4590
[0.04400982]
4591
[0.0716239]
4592
[0.09479985]
4593
[0.11411584]
4594
[0.10332036]
4595
[0.13288018]
4596
[0.16683958]
4597
[0.07100048]
4598
[0.10000906]
4599
[0.09513257]
4600
[0.06572085]
4601
[0.07843741]
4602
[0.14438649]
4603
[0.09188445]
4604
[0.03735356]
4605
[0.19423773]
4606
[0.14636927]
4607
[0.14551122]
4608
[0.08595464]
4609
[0.2111268]
4610
[0.06698514]
4611
[0.08626029]
4612
[0.08019564]
4613
[0.18253135]
4614
[0.12953735]
4615
[0.19708031]
4616
[0.13224118]
4617
[0.18020027]
4618
[0.09087478]
4619
[0.10376934]
4620
[0.09932317]
4621
[0.10412025]
4622
[0.14679952]
4623
[0.10725518]
4624
[0.08220186]
4625
[0.08673487]
4626
[0.13149199]
4627
[0.08957788]
4628
[0.21088752]
4629
[0.07700661]
4630
[0.08120235]
4631
[0.08445562]
4632
[0.06320839]
4633
[0.08829272]
4634
[0.10393713]
4635
[0.11201924]
4636
[0.16920997]
4637
[0.07471811]
4638
[0.16527732]
4639
[0.14538101]
4640
[0.09325565]
4641
[0.04561946]
4642
[0.054106]
4643
[0.08042264]
4644
[0.11439058]
4645
[0.16065953]
4646
[0.11261342]
4647
[0.07833422]
4648
[0.08213396]
4649
[0.08284949]
4650
[0.05710861]
4651
[0.1631467]
4652
[0.15677908]
4653
[0.21744272]
4654
[0.0572754]
4655
[0.09839518]
4656
[0.11287342]
4657
[0.09880865]
4658
[0.1029451]
4659
[0.03448008]
4660
[0.07750843]
4661
[0.0852434]
4662
[0.14957792]
4663
[0.1773483]
4664
[0.13676599]
4665
[0.09049019]
4666
[0.21293619]
4667
[0.06774285]
4668
[0.08895209]
4669
[0.13550373]
4670
[0.08899898]
4671
[0.0958175]
4672
[0.085384]
4673
[0.09912018]
4674
[0.09457022]
4675
[0.08635072]
4676
[0.08648631]
4677
[0.12630735]
4678
[0.06499117]
4679
[0.09073164]
4680
[0.08243506]
4681
[0.12864486]
4682
[0.1328137]
4683
[0.07900457]
4684
[0.11675485]
4685
[0.22446228]
4686
[0.20739136]
4687
[0.08758305]
4688
[0.12456173]
4689
[0.0655624]
4690
[0.15691896]
4691
[0.08923833]
4692
[0.0789242]
4693
[0.07962393]
4694
[0.15621568]
4695
[0.06744222]
4696
[0.14977706]
4697
[0.08215908]
4698
[0.07853967]
4699
[0.06993496]
4700
[0.13509969]
4701
[0.08145294]
4702
[0.09224223]
4703
[0.13640757]
4704
[0.1627964]
4705
[0.06915977]
4706
[0.0614095]
4707
[0.08841271]
4708
[0.07362963]
4709
[0.07217881]
4710
[0.07814513]
4711
[0.07822518]
4712
[0.11230869]
4713
[0.1470756]
4714
[0.15233485]
4715
[0.21029682]
4716
[0.10398895]
4717
[0.07649481]
4718
[0.14878457]
4719
[0.07473897]
4720
[0.08511841]
4721
[0.21869673]
4722
[0.13856412]
4723
[0.20716954]
4724
[0.09480352]
4725
[0.13163827]
4726
[0.14909651]
4727
[0.05648404]
4728
[0.14170999]
4729
[0.17738252]
4730
[0.11915168]
4731
[0.11647197]
4732
[0.2056301]
4733
[0.08948588]
4734
[0.09456808]
4735
[0.16264478]
4736
[0.09443768]
4737
[0.11770561]
4738
[0.08740902]
4739
[0.18096934]
4740
[0.06268145]
4741
[0.07107749]
4742
[0.13527012]
4743
[0.08994388]
4744
[0.09815154]
4745
[0.08585096]
4746
[0.06267827]
4747
[0.09303747]
4748
[0.09661178]
4749
[0.07226445]
4750
[0.23244729]
4751
[0.12538433]
4752
[0.04681631]
4753
[0.1315718]
4754
[0.11587402]
4755
[0.08854054]
4756
[0.08907121]
4757
[0.07283883]
4758
[0.08625608]
4759
[0.06288839]
4760
[0.19085753]
4761
[0.12876103]
4762
[0.15168627]
4763
[0.06923249]
4764
[0.11919727]
4765
[0.13081633]
4766
[0.12748166]
4767
[0.1439453]
4768
[0.10513208]
4769
[0.13091751]
4770
[0.21342209]
4771
[0.06392539]
4772
[0.10117003]
4773
[0.10023124]
4774
[0.07593661]
4775
[0.09215638]
4776
[0.13386322]
4777
[0.09929654]
4778
[0.12306765]
4779
[0.09742607]
4780
[0.06227764]
4781
[0.08258707]
4782
[0.06390817]
4783
[0.07816126]
4784
[0.06450507]
4785
[0.19285929]
4786
[0.12009137]
4787
[0.13707548]
4788
[0.10464891]
4789
[0.12515634]
4790
[0.09056531]
4791
[0.06828746]
4792
[0.09768226]
4793
[0.22603463]
4794
[0.13195117]
4795
[0.18184413]
4796
[0.08992821]
4797
[0.05706668]
4798
[0.11396097]
4799
[0.11062527]
4800
[0.10952287]
4801
[0.13672413]
4802
[0.15043487]
4803
[0.08264532]
4804
[0.07996258]
4805
[0.10289501]
4806
[0.07252692]
4807
[0.20686794]
4808
[0.05821311]
4809
[0.13779138]
4810
[0.09082406]
4811
[0.11090696]
4812
[0.13089472]
4813
[0.07592984]
4814
[0.05955511]
4815
[0.10645603]
4816
[0.04586998]
4817
[0.05411793]
4818
[0.10462009]
4819
[0.0815087]
4820
[0.10511565]
4821
[0.07765621]
4822
[0.13314292]
4823
[0.11252675]
4824
[0.10805333]
4825
[0.10434868]
4826
[0.13728532]
4827
[0.12188274]
4828
[0.06486668]
4829
[0.16315099]
4830
[0.10052636]
4831
[0.20942818]
4832
[0.22835404]
4833
[0.09014385]
4834
[0.04086967]
4835
[0.09000505]
4836
[0.13017584]
4837
[0.13663416]
4838
[0.15394102]
4839
[0.13446936]
4840
[0.05667912]
4841
[0.09872908]
4842
[0.08596494]
4843
[0.11124625]
4844
[0.18079332]
4845
[0.09401511]
4846
[0.20825761]
4847
[0.07385341]
4848
[0.09888982]
4849
[0.06403978]
4850
[0.06662873]
4851
[0.0926324]
4852
[0.12268505]
4853
[0.05285207]
4854
[0.06013558]
4855
[0.11080437]
4856
[0.09564567]
4857
[0.06086196]
4858
[0.07260372]
4859
[0.14478801]
4860
[0.15491236]
4861
[0.06657882]
4862
[0.12671818]
4863
[0.1632282]
4864
[0.09120446]
4865
[0.05769831]
4866
[0.10076654]
4867
[0.08431527]
4868
[0.09514429]
4869
[0.14703543]
4870
[0.09117327]
4871
[0.10238666]
4872
[0.05941632]
4873
[0.08087219]
4874
[0.11874613]
4875
[0.14549203]
4876
[0.08734067]
4877
[0.05732332]
4878
[0.0976989]
4879
[0.1315818]
4880
[0.19500372]
4881
[0.11964051]
4882
[0.1412924]
4883
[0.08984978]
4884
[0.09072125]
4885
[0.09512737]
4886
[0.06654831]
4887
[0.08565146]
4888
[0.07831772]
4889
[0.06593543]
4890
[0.15440301]
4891
[0.104385]
4892
[0.11540078]
4893
[0.11064202]
4894
[0.07441323]
4895
[0.09335955]
4896
[0.06819169]
4897
[0.13009515]
4898
[0.08841852]
4899
[0.08650638]
4900
[0.15330762]
4901
[0.0845896]
4902
[0.10567851]
4903
[0.10993252]
4904
[0.11952095]
4905
[0.17062171]
4906
[0.05911292]
4907
[0.0906545]
4908
[0.14903569]
4909
[0.06537825]
4910
[0.08007315]
4911
[0.15480668]
4912
[0.09721938]
4913
[0.0890569]
4914
[0.06276888]
4915
[0.07648375]
4916
[0.06468788]
4917
[0.22166031]
4918
[0.08736769]
4919
[0.14841863]
4920
[0.20053737]
4921
[0.21821433]
4922
[0.12160093]
4923
[0.15514333]
4924
[0.1104757]
4925
[0.06255203]
4926
[0.22762515]
4927
[0.0914394]
4928
[0.06266175]
4929
[0.22355622]
4930
[0.08673972]
4931
[0.07554998]
4932
[0.08442816]
4933
[0.0606189]
4934
[0.07951873]
4935
[0.16819176]
4936
[0.07321825]
4937
[0.17633006]
4938
[0.09490418]
4939
[0.14685025]
4940
[0.12053003]
4941
[0.03336794]
4942
[0.17805488]
4943
[0.18061176]
4944
[0.13526479]
4945
[0.11632139]
4946
[0.12692902]
4947
[0.1115265]
4948
[0.16329419]
4949
[0.10670136]
4950
[0.21918394]
4951
[0.19486838]
4952
[0.08370798]
4953
[0.06759686]
4954
[0.09244585]
4955
[0.11102376]
4956
[0.07928982]
4957
[0.09775673]
4958
[0.12870424]
4959
[0.16910479]
4960
[0.14402924]
4961
[0.06445048]
4962
[0.08766832]
4963
[0.16747838]
4964
[0.09286066]
4965
[0.06680342]
4966
[0.07209874]
4967
[0.08301378]
4968
[0.1543381]
4969
[0.15061782]
4970
[0.16478601]
4971
[0.17640922]
4972
[0.05836856]
4973
[0.09252749]
4974
[0.13245112]
4975
[0.11472107]
4976
[0.06647112]
4977
[0.07252727]
4978
[0.0867595]
4979
[0.09635986]
4980
[0.1446911]
4981
[0.10847608]
4982
[0.08644924]
4983
[0.09964561]
4984
[0.21098955]
4985
[0.13453554]
4986
[0.13735475]
4987
[0.09447823]
4988
[0.05551703]
4989
[0.08210186]
4990
[0.0631803]
4991
[0.23211344]
4992
[0.07504093]
4993
[0.09036269]
4994
[0.12017734]
4995
[0.22610313]
4996
[0.14539556]
4997
[0.09301043]
4998
[0.08578659]
4999
[0.12006772]
[1] 40000    11
[1] 40000    11
